  0.00100000000000000   0.00060000000000000
  0.00200000000000000   0.00060000000000000
  0.00300000000000000   0.00060000000000000
  0.00400000000000000   0.00060000000000000
  0.00500000000000000   0.00060000000000000
  0.00600000000000000   0.00060000000000000
  0.00700000000000000   0.00060000000000000
  0.00800000000000000   0.00060000000000000
  0.00900000000000000   0.00060000000000000
  0.01000000000000000   0.00060000000000000
  0.01100000000000000   0.00060000000000000
  0.01200000000000000   0.00060000000000000
  0.01300000000000000   0.00060000000000000
  0.01400000000000000   0.00060000000000000
  0.01500000000000000   0.00060000000000000
  0.01600000000000000   0.00060000000000000
  0.01700000000000000   0.00060000000000000
  0.01800000000000000   0.00060000000000000
  0.01900000000000000   0.00060000000000000
  0.02000000000000000   0.00060000000000000
  0.02100000000000000   0.00060000000000000
  0.02200000000000000   0.00060000000000000
  0.02300000000000000   0.00060000000000000
  0.02400000000000000   0.00060000000000000
  0.02500000000000000   0.00060000000000000
  0.02600000000000000   0.00060000000000000
  0.02700000000000000   0.00060000000000000
  0.02800000000000000   0.00060000000000000
  0.02900000000000000   0.00060000000000000
  0.03000000000000000   0.00060000000000000
  0.03100000000000000   0.00060000000000000
  0.03200000000000000   0.00060000000000000
  0.03300000000000000   0.00060000000000000
  0.03400000000000000   0.00060000000000000
  0.03500000000000000   0.00060000000000000
  0.03600000000000000   0.00060000000000000
  0.03700000000000000   0.00060000000000000
  0.03800000000000000   0.00060000000000000
  0.03900000000000000   0.00060000000000000
  0.04000000000000000   0.00060000000000000
  0.04100000000000000   0.00060000000000000
  0.04200000000000000   0.00060000000000000
  0.04300000000000000   0.00063333333333333
  0.04400000000000000   0.00063333333333333
  0.04500000000000000   0.00066666666666667
  0.04600000000000000   0.00066666666666667
  0.04700000000000000   0.00066666666666667
  0.04800000000000000   0.00066666666666667
  0.04900000000000000   0.00066666666666667
  0.05000000000000000   0.00070000000000000
  0.05100000000000000   0.00070000000000000
  0.05200000000000000   0.00070000000000000
  0.05300000000000000   0.00070000000000000
  0.05400000000000000   0.00073333333333333
  0.05500000000000000   0.00073333333333333
  0.05600000000000000   0.00075000000000000
  0.05700000000000000   0.00076666666666667
  0.05800000000000000   0.00076666666666667
  0.05900000000000000   0.00080000000000000
  0.06000000000000000   0.00080000000000000
  0.06100000000000000   0.00083333333333333
  0.06200000000000000   0.00083333333333333
  0.06300000000000000   0.00083333333333333
  0.06400000000000000   0.00086666666666667
  0.06500000000000000   0.00086666666666667
  0.06600000000000000   0.00090000000000000
  0.06700000000000000   0.00093333333333333
  0.06800000000000000   0.00096666666666667
  0.06900000000000000   0.00100000000000000
  0.07000000000000000   0.00103333333333333
  0.07100000000000000   0.00106666666666667
  0.07200000000000000   0.00110000000000000
  0.07300000000000000   0.00113333333333333
  0.07400000000000000   0.00116666666666667
  0.07500000000000000   0.00120000000000000
  0.07600000000000000   0.00123333333333333
  0.07700000000000000   0.00126666666666667
  0.07800000000000000   0.00131666666666667
  0.07900000000000000   0.00136666666666667
  0.08000000000000000   0.00140000000000000
  0.08100000000000000   0.00143333333333333
  0.08200000000000000   0.00146666666666667
  0.08300000000000000   0.00153333333333333
  0.08400000000000000   0.00156666666666667
  0.08500000000000000   0.00160000000000000
  0.08600000000000000   0.00166666666666667
  0.08700000000000000   0.00170000000000000
  0.08800000000000000   0.00173333333333333
  0.08900000000000000   0.00180000000000000
  0.09000000000000000   0.00183333333333333
  0.09100000000000000   0.00190000000000000
  0.09200000000000000   0.00193333333333333
  0.09300000000000000   0.00200000000000000
  0.09400000000000000   0.00203333333333333
  0.09500000000000000   0.00210000000000000
  0.09600000000000000   0.00216666666666667
  0.09700000000000000   0.00220000000000000
  0.09800000000000000   0.00226666666666667
  0.09900000000000000   0.00233333333333333
  0.10000000000000000   0.00236666666666667
  0.10100000000000000   0.00243333333333333
  0.10200000000000000   0.00250000000000000
  0.10300000000000000   0.00255000000000000
  0.10400000000000000   0.00260000000000000
  0.10500000000000000   0.00266666666666667
  0.10600000000000000   0.00273333333333333
  0.10700000000000000   0.00280000000000000
  0.10800000000000000   0.00286666666666667
  0.10900000000000000   0.00293333333333333
  0.11000000000000000   0.00300000000000000
  0.11100000000000000   0.00305000000000000
  0.11200000000000000   0.00311666666666667
  0.11300000000000000   0.00318333333333333
  0.11400000000000000   0.00326666666666667
  0.11500000000000000   0.00333333333333333
  0.11600000000000000   0.00340000000000000
  0.11700000000000000   0.00346666666666667
  0.11800000000000000   0.00353333333333333
  0.11900000000000000   0.00360000000000000
  0.12000000000000000   0.00368333333333334
  0.12100000000000000   0.00375000000000000
  0.12200000000000000   0.00383333333333334
  0.12300000000000000   0.00390000000000000
  0.12400000000000000   0.00398333333333334
  0.12500000000000000   0.00405000000000000
  0.12600000000000000   0.00413333333333334
  0.12700000000000000   0.00421666666666667
  0.12800000000000000   0.00428333333333334
  0.12900000000000000   0.00436666666666667
  0.13000000000000000   0.00445000000000000
  0.13100000000000000   0.00453333333333334
  0.13200000000000000   0.00461666666666667
  0.13300000000000000   0.00470000000000000
  0.13400000000000000   0.00478333333333334
  0.13500000000000000   0.00486666666666667
  0.13600000000000000   0.00495000000000000
  0.13700000000000000   0.00503333333333334
  0.13800000000000000   0.00511666666666667
  0.13900000000000000   0.00521666666666667
  0.14000000000000000   0.00530000000000000
  0.14100000000000000   0.00538333333333334
  0.14200000000000000   0.00548333333333334
  0.14300000000000000   0.00558333333333334
  0.14400000000000000   0.00565000000000000
  0.14500000000000000   0.00575000000000000
  0.14600000000000000   0.00585000000000000
  0.14700000000000000   0.00595000000000000
  0.14800000000000000   0.00603333333333334
  0.14900000000000000   0.00613333333333334
  0.15000000000000000   0.00621666666666667
  0.15100000000000000   0.00631666666666667
  0.15200000000000000   0.00641666666666667
  0.15300000000000000   0.00651666666666667
  0.15400000000000000   0.00661666666666667
  0.15500000000000000   0.00671666666666667
  0.15600000000000000   0.00681666666666667
  0.15700000000000000   0.00691666666666667
  0.15800000000000000   0.00703333333333334
  0.15900000000000000   0.00713333333333334
  0.16000000000000000   0.00723333333333334
  0.16100000000000000   0.00733333333333334
  0.16200000000000000   0.00743333333333334
  0.16300000000000000   0.00753333333333334
  0.16400000000000000   0.00766666666666667
  0.16500000000000000   0.00776666666666667
  0.16600000000000000   0.00786666666666667
  0.16700000000000000   0.00798333333333334
  0.16800000000000000   0.00810000000000000
  0.16900000000000000   0.00820000000000000
  0.17000000000000000   0.00831666666666667
  0.17100000000000000   0.00843333333333334
  0.17200000000000000   0.00853333333333334
  0.17300000000000000   0.00865000000000000
  0.17400000000000000   0.00876666666666667
  0.17500000000000000   0.00888333333333334
  0.17600000000000000   0.00900000000000000
  0.17700000000000000   0.00911666666666667
  0.17800000000000000   0.00923333333333334
  0.17900000000000000   0.00935000000000000
  0.18000000000000000   0.00946666666666667
  0.18100000000000000   0.00958333333333334
  0.18200000000000000   0.00971666666666667
  0.18300000000000000   0.00983333333333334
  0.18400000000000000   0.00995000000000000
  0.18500000000000000   0.01006666666666667
  0.18600000000000000   0.01020000000000000
  0.18700000000000000   0.01033333333333334
  0.18800000000000000   0.01045000000000000
  0.18900000000000000   0.01056666666666667
  0.19000000000000000   0.01070000000000000
  0.19100000000000000   0.01083333333333334
  0.19200000000000000   0.01095000000000000
  0.19300000000000000   0.01108333333333334
  0.19400000000000000   0.01121666666666667
  0.19500000000000000   0.01135000000000001
  0.19600000000000000   0.01148333333333334
  0.19700000000000000   0.01161666666666667
  0.19800000000000000   0.01173333333333334
  0.19900000000000000   0.01186666666666667
  0.20000000000000000   0.01200000000000001
  0.20100000000000000   0.01213333333333334
  0.20200000000000000   0.01226666666666667
  0.20300000000000000   0.01240000000000001
  0.20400000000000000   0.01253333333333334
  0.20500000000000000   0.01268333333333334
  0.20600000000000000   0.01281666666666667
  0.20700000000000000   0.01295000000000001
  0.20800000000000000   0.01308333333333334
  0.20900000000000000   0.01323333333333334
  0.21000000000000000   0.01336666666666667
  0.21100000000000000   0.01351666666666667
  0.21200000000000000   0.01366666666666667
  0.21300000000000000   0.01380000000000001
  0.21400000000000000   0.01393333333333334
  0.21500000000000000   0.01408333333333334
  0.21600000000000000   0.01421666666666667
  0.21700000000000000   0.01438333333333334
  0.21800000000000000   0.01451666666666667
  0.21900000000000000   0.01466666666666667
  0.22000000000000000   0.01481666666666667
  0.22100000000000000   0.01496666666666667
  0.22200000000000000   0.01510000000000001
  0.22300000000000000   0.01525000000000001
  0.22400000000000000   0.01540000000000001
  0.22500000000000000   0.01555000000000001
  0.22600000000000000   0.01571666666666667
  0.22700000000000000   0.01585000000000001
  0.22800000000000000   0.01600000000000001
  0.22900000000000000   0.01616666666666667
  0.23000000000000000   0.01630000000000001
  0.23100000000000000   0.01646666666666667
  0.23200000000000000   0.01661666666666667
  0.23300000000000000   0.01678333333333334
  0.23400000000000000   0.01691666666666667
  0.23500000000000000   0.01708333333333334
  0.23600000000000000   0.01723333333333334
  0.23700000000000000   0.01740000000000001
  0.23800000000000000   0.01755000000000001
  0.23900000000000000   0.01771666666666667
  0.24000000000000000   0.01788333333333334
  0.24100000000000000   0.01803333333333334
  0.24200000000000000   0.01820000000000001
  0.24300000000000000   0.01835000000000001
  0.24400000000000000   0.01851666666666668
  0.24500000000000000   0.01868333333333334
  0.24600000000000000   0.01883333333333334
  0.24700000000000000   0.01900000000000001
  0.24800000000000000   0.01916666666666668
  0.24900000000000000   0.01931666666666668
  0.25000000000000000   0.01948333333333334
  0.25100000000000000   0.01965000000000001
  0.25200000000000000   0.01981666666666668
  0.25300000000000000   0.01998333333333334
  0.25400000000000000   0.02015000000000001
  0.25500000000000000   0.02031666666666668
  0.25600000000000000   0.02048333333333334
  0.25700000000000000   0.02066666666666668
  0.25800000000000000   0.02081666666666668
  0.25900000000000000   0.02098333333333334
  0.26000000000000000   0.02115000000000001
  0.26100000000000000   0.02133333333333334
  0.26200000000000000   0.02150000000000001
  0.26300000000000000   0.02168333333333334
  0.26400000000000000   0.02185000000000001
  0.26500000000000000   0.02201666666666668
  0.26600000000000000   0.02218333333333334
  0.26700000000000000   0.02235000000000001
  0.26800000000000000   0.02253333333333334
  0.26900000000000000   0.02270000000000001
  0.27000000000000000   0.02288333333333334
  0.27100000000000000   0.02305000000000001
  0.27200000000000000   0.02323333333333334
  0.27300000000000000   0.02340000000000001
  0.27400000000000000   0.02358333333333334
  0.27500000000000000   0.02376666666666668
  0.27600000000000000   0.02393333333333334
  0.27700000000000000   0.02411666666666668
  0.27800000000000000   0.02430000000000001
  0.27900000000000000   0.02446666666666668
  0.28000000000000000   0.02465000000000001
  0.28100000000000000   0.02483333333333334
  0.28200000000000000   0.02501666666666668
  0.28300000000000000   0.02520000000000001
  0.28400000000000000   0.02538333333333334
  0.28500000000000000   0.02556666666666668
  0.28600000000000000   0.02575000000000001
  0.28700000000000000   0.02593333333333335
  0.28800000000000000   0.02610000000000001
  0.28900000000000000   0.02628333333333335
  0.29000000000000000   0.02646666666666668
  0.29100000000000000   0.02665000000000001
  0.29200000000000000   0.02685000000000001
  0.29300000000000000   0.02703333333333335
  0.29400000000000000   0.02721666666666668
  0.29500000000000000   0.02740000000000001
  0.29600000000000000   0.02758333333333335
  0.29700000000000000   0.02776666666666668
  0.29800000000000000   0.02796666666666668
  0.29900000000000000   0.02815000000000001
  0.30000000000000000   0.02833333333333335
