 -0.49825000000000000  -0.08312708469658766
 -0.49800000000000000   0.96990179979447556
 -0.49450000000000000  -0.26990570604553572
 -0.49237500000000000   0.09848079570121766
 -0.48850000000000000   1.40463303970004815
 -0.48650000000000000   0.34739798591230713
 -0.48537500000000000   0.68431063165752859
 -0.48150000000000000   0.11618632487893871
 -0.48050000000000000   1.45526068905929993
 -0.47962500000000000   0.74503930728196516
 -0.47887500000000000   1.18052216087326209
 -0.47575000000000000   0.99930645487297409
 -0.47337500000000000  -0.19268223797059421
 -0.46875000000000000   0.23011643691300755
 -0.46700000000000000   0.66399456137351473
 -0.46550000000000000   0.92421589499801390
 -0.46450000000000000  -0.00282570740068838
 -0.46387500000000000   0.62525384920923852
 -0.46375000000000000   1.26591616578820513
 -0.46300000000000000   0.54368272420494142
 -0.46037500000000000  -0.39306939302106994
 -0.45812500000000000   0.04063305237482564
 -0.45512500000000000   0.94620356755199742
 -0.45337500000000000   1.37463008322007211
 -0.44912500000000000   1.17499931260474801
 -0.44862500000000000   0.88286589144298886
 -0.44787500000000000   0.66143612948873797
 -0.44450000000000000   1.48522133583705562
 -0.43787500000000000   1.21998657298556966
 -0.43775000000000000  -0.24568799799980081
 -0.43700000000000000   1.43565927484161155
 -0.43400000000000000   0.50047775139183942
 -0.43225000000000000   0.28690082364012363
 -0.43162500000000000   0.58403549888332837
 -0.42912500000000000   0.71487499384019369
 -0.42812500000000000   1.06389922765788373
 -0.42700000000000000   0.86618728513450339
 -0.41887500000000000   0.29207987781791050
 -0.40825000000000000   0.11666397965180957
 -0.40600000000000000   0.17748777029488288
 -0.40287500000000000   1.22189445054602084
 -0.40125000000000000   0.37001164441614460
 -0.40100000000000000   0.67720003516220261
 -0.39125000000000000   0.63764044427421028
 -0.38987500000000000  -0.20382789330161893
 -0.38862500000000000   0.11962741640815687
 -0.38700000000000000   0.06824754704257084
 -0.38650000000000000   1.26471372966669595
 -0.38300000000000000  -0.39523038479872319
 -0.37787500000000000   0.77984854641981407
 -0.37512500000000000   0.86186312320055659
 -0.36450000000000000   0.20309224373424930
 -0.35337500000000000  -0.05017642322999414
 -0.34762500000000000  -0.36275431590773860
 -0.34437500000000000   0.91889391195202796
 -0.34000000000000000  -0.01490264547633426
 -0.33925000000000000   0.11397250668900826
 -0.33912500000000000   0.54515033201555462
 -0.33800000000000000  -0.14014437518816581
 -0.33287500000000000   0.12991727184163797
 -0.32987500000000000   0.88476209164982852
 -0.32825000000000000   0.00005921776961991
 -0.32800000000000000   0.00000000727910246
 -0.32787500000000000  -0.00005917382616057
 -0.32775000000000000  -0.00000000078767836
 -0.32762500000000000   0.00000000027060501
 -0.32750000000000000   0.00000000039125065
 -0.32737500000000000  -0.00005917543631657
 -0.32725000000000000  -0.00000000374252296
 -0.32712500000000000   0.00000000198546411
 -0.32700000000000000   0.00000000424861788
 -0.32637500000000000  -0.00005940880840170
 -0.32612500000000000   0.00005924005746144
 -0.32587500000000000  -0.00000000443322646
 -0.32575000000000000   0.00000000378160054
 -0.32562500000000000  -0.00000000006505893
 -0.32550000000000000   0.00000000159936867
 -0.32537500000000000   0.00005915076780327
 -0.32525000000000000   0.00000000068751109
 -0.32512500000000000   0.00000000012617250
 -0.32500000000000000   0.00000000016143121
 -0.32487500000000000   0.00005914615839102
 -0.32475000000000000  -0.00000000051212435
 -0.32462500000000000   0.00000000414374782
 -0.32350000000000000   0.14282862851537585
 -0.32262500000000000  -0.44888517735251746
 -0.32050000000000000  -0.23701104469844035
 -0.31862500000000000   0.06631227933423307
 -0.31712500000000000   0.50677442101637188
 -0.31350000000000000  -0.17870383932831136
 -0.30725000000000000   1.26764744152616565
 -0.30312500000000000  -0.37114150964553018
 -0.29987500000000000   0.48857950745058679
 -0.28987500000000000   0.89069086589137982
 -0.28862500000000000   0.77461871672411312
 -0.28700000000000000  -0.24438632704571564
 -0.28425000000000000   0.24191411141772099
 -0.28300000000000000   0.95101904166253219
 -0.28125000000000000   1.28803397500368726
 -0.28087500000000000   0.19848148024264292
 -0.27225000000000000   0.10787352355392146
 -0.26337500000000000   0.45030042633804110
 -0.26062500000000000   1.19272288430989931
 -0.25712500000000000  -0.46754243953542539
 -0.25700000000000000   0.21667961532195140
 -0.25462500000000000  -0.32655679212900117
 -0.25450000000000000   0.88536205028918298
 -0.25375000000000000   1.03029915231020856
 -0.24912500000000000   0.91323781140261488
 -0.24725000000000000   0.09530960109971349
 -0.24712500000000000   0.28880506320475217
 -0.24237500000000000   0.99194508952922827
 -0.23787500000000000  -0.37252422357178551
 -0.23725000000000000  -0.34542024500510691
 -0.23575000000000000  -0.07094722759779153
 -0.23350000000000000   0.49895823946749424
 -0.22962500000000000   0.78170617935209425
 -0.22950000000000000   0.05318215707420634
 -0.22712500000000000  -0.41338963042520043
 -0.22475000000000000   0.60476355593818556
 -0.22250000000000000   0.30769926798471339
 -0.21612500000000000  -0.28082824411008985
 -0.21150000000000000   1.49080003251461606
 -0.20875000000000000   1.25723263540435446
 -0.20450000000000000   0.77173912231934555
 -0.19800000000000000  -0.07015563428038292
 -0.19650000000000000  -0.28231982737488468
 -0.19637500000000000   1.15215485484515355
 -0.19087500000000000  -0.20256475396327886
 -0.18187500000000000   0.50111644178043742
 -0.18162500000000000   0.11198668748915202
 -0.18112500000000000   0.48099367992512156
 -0.17875000000000000  -0.41224765325184376
 -0.17637500000000000   0.17204680206800262
 -0.17550000000000000   0.18769706038885823
 -0.16950000000000000   0.08128455651368631
 -0.15875000000000000   0.58025275950316292
 -0.15737500000000000   0.69487566243596629
 -0.15037500000000000   1.49135070101947648
 -0.14825000000000000   1.49828234566385904
 -0.14775000000000000   0.22066797742730817
 -0.14375000000000000   1.03520732888283012
 -0.14350000000000000   0.72582571401545175
 -0.14275000000000000   1.38412994331821425
 -0.14225000000000000   1.08313845709022939
 -0.14125000000000000  -0.29929129089762338
 -0.13625000000000000  -0.43294882719234604
 -0.13612500000000000  -0.11739811363110238
 -0.13487500000000000   0.22996849132283844
 -0.13212500000000000   1.32054256758302491
 -0.13025000000000000   0.03156054439254142
 -0.12912500000000000   1.15000484046035035
 -0.12775000000000000   1.06470869630873596
 -0.12700000000000000  -0.07743160841535748
 -0.12600000000000000   0.30260112028397481
 -0.12400000000000000   0.50000803951020488
 -0.12387500000000000   0.50001203535125123
 -0.12375000000000000   0.50001015685929611
 -0.12362500000000000   0.49999918935325416
 -0.12350000000000000   0.50000836854907801
 -0.12337500000000000   0.50001068511469581
 -0.12325000000000000   0.50000879976999409
 -0.12312500000000000   0.50000880659247409
 -0.12300000000000000   0.50000916944686932
 -0.12287500000000000   0.50000992605328520
 -0.12275000000000000   0.50001104822655797
 -0.12262500000000000   0.50000068247909571
 -0.12250000000000000   0.50000015967105527
 -0.12237500000000000   0.49999928042014499
 -0.12225000000000000   0.50001115407295981
 -0.12212500000000000   0.50000989461923595
 -0.12200000000000000   0.50000920510348381
 -0.12187500000000000   0.50000907628703243
 -0.12175000000000000   0.50000955918791457
 -0.12162500000000000   0.50000930042993342
 -0.12150000000000000   0.50000928096930429
 -0.12137500000000000   0.50000046996952133
 -0.12125000000000000   0.50000022951264580
 -0.12112500000000000   0.50001110747671554
 -0.12100000000000000   0.50000010011877034
 -0.12087500000000000   0.50001015525468662
 -0.12075000000000000   0.50001131756466055
 -0.12062500000000000   0.50000016782272406
 -0.12050000000000000   0.50001124409782595
 -0.12037500000000000   0.50000980544659529
 -0.12025000000000000   0.50001116167957389
 -0.12012500000000000   0.50000982220683994
 -0.12000000000000000   0.50001093841118338
 -0.11987500000000000   0.50000991902074939
 -0.11975000000000000   0.50001097188073619
 -0.11962500000000000   0.50001023317852004
 -0.11950000000000000   0.50000999992051214
 -0.11937500000000000   0.50001092572858146
 -0.11925000000000000   0.50001044979486186
 -0.11912500000000000   0.50001012944169399
 -0.11900000000000000   0.49999983447279875
 -0.11887500000000000   0.49999995699482316
 -0.11875000000000000   0.50000012579445360
 -0.11862500000000000   0.50000008549043209
 -0.11850000000000000   0.50000007599957046
 -0.11837500000000000   0.49999999965119053
 -0.11825000000000000   0.49999995737039791
 -0.11812500000000000   0.49999999232968385
 -0.11800000000000000   0.49999998385904868
 -0.11787500000000000   0.50000000489497195
 -0.11775000000000000   0.50001052950804254
 -0.11762500000000000   0.50001055944561158
 -0.11750000000000000   0.50001057794947690
 -0.11737500000000000   0.50001056570355088
 -0.11725000000000000   0.50001063408610831
 -0.11712500000000000   0.50001055711906841
 -0.11700000000000000   0.50001038896522636
 -0.11687500000000000   0.50001026795158947
 -0.11675000000000000   0.50001040195832851
 -0.11662500000000000   0.50001073817441263
 -0.11650000000000000   0.50001079945404306
 -0.11637500000000000   0.50001068449086792
 -0.11625000000000000   0.50001010488205168
 -0.11612500000000000   0.50001044009270990
 -0.11600000000000000   0.50001097859676435
 -0.11587500000000000   0.50001014293687937
 -0.11575000000000000   0.50001035941833873
 -0.11562500000000000   0.50001093818887355
 -0.11550000000000000   0.50001030959030798
 -0.11537500000000000   0.50001027865592086
 -0.11525000000000000   0.50001102144403119
 -0.11512500000000000   0.50000989118993986
 -0.11500000000000000   0.50001083604042363
 -0.11487500000000000   0.50001013611182313
 -0.11475000000000000   0.50001062315703151
 -0.11462500000000000   0.50001118216702353
 -0.11450000000000000   0.50000972239458430
 -0.11437500000000000   0.50001133497986294
 -0.11425000000000000   0.50000963511197782
 -0.11412500000000000   0.50001140355484848
 -0.11400000000000000   0.50000963391548028
 -0.11387500000000000   0.50001100651509089
 -0.11375000000000000   0.50000958917931416
 -0.11362500000000000   0.50001036196229368
 -0.11350000000000000   0.50001135674410422
 -0.11337500000000000   0.50000918633140565
 -0.11325000000000000   0.50001061806591489
 -0.11312500000000000   0.50001084221030664
 -0.11300000000000000   0.50000948648773835
 -0.11287500000000000   0.50001014125761214
 -0.11275000000000000   0.49999967073357444
 -0.11262500000000000   0.50001071773371569
 -0.11250000000000000   0.50000048869084771
 -0.11237500000000000   0.49999962562897970
 -0.11225000000000000   0.50001122369376853
 -0.11212500000000000   0.50001165151753541
 -0.11200000000000000   0.50001159375365329
 -0.11187500000000000   0.50001066157732212
 -0.11175000000000000   0.50001064333288584
 -0.11162500000000000   0.50000996467492712
 -0.11150000000000000   0.50000932331691376
 -0.11137500000000000   0.50000902800946310
 -0.11125000000000000   0.50000064376318799
 -0.11112500000000000   0.50000971557344024
 -0.11100000000000000   0.50000903622104175
 -0.11087500000000000   0.50000023905250949
 -0.11075000000000000   0.50000838020766020
 -0.11062500000000000   0.50000958031183635
 -0.11050000000000000   0.50001177947080325
 -0.11037500000000000   0.50000906401218533
 -0.11025000000000000   0.50000976682617701
 -0.11012500000000000   0.50000931011610230
 -0.10925000000000000   0.50001201242391492
 -0.10912500000000000   0.50001209914728019
 -0.10900000000000000   0.50001205461349304
 -0.10887500000000000   0.50001208685574269
 -0.10875000000000000   0.50001205452670312
 -0.10862500000000000   0.50001207117034293
 -0.10850000000000000   0.50001203491036466
 -0.10837500000000000   0.50001204708562521
 -0.10825000000000000   0.50001202344285223
 -0.10800000000000000   0.50001193128058254
 -0.10375000000000000   0.50000763334665000
 -0.10362500000000000   0.50000324505967593
 -0.10350000000000000   0.49998828988211064
 -0.10337500000000000   0.49999284183075635
 -0.10325000000000000   0.49999375486782143
 -0.10312500000000000   0.50000585321638143
 -0.10300000000000000   0.49999868437865730
 -0.10287500000000000   0.49998854126134626
 -0.10275000000000000   0.49999587202666381
 -0.10262500000000000   0.50000607393133507
 -0.10250000000000000   0.50000498417253788
 -0.10237500000000000   0.50000534338712825
 -0.10225000000000000   0.49999393393779133
 -0.10212500000000000   0.49999514192472891
 -0.10200000000000000   0.50000549756087118
 -0.10187500000000000   0.49999840463533967
 -0.10175000000000000   0.50000752921137884
 -0.10162500000000000   0.50000413612060331
 -0.10150000000000000   0.50000105992996759
 -0.10137500000000000   0.49999172672372470
 -0.10125000000000000   0.50000210405994332
 -0.10112500000000000   0.49999794753611539
 -0.10100000000000000   0.50000722614821618
 -0.10087500000000000   0.50000080809054467
 -0.10075000000000000   0.49999009770988090
 -0.10062500000000000   0.50000215228357027
 -0.10050000000000000   0.50000714839968644
 -0.10037500000000000   0.50000623673390887
 -0.10025000000000000   0.50000637193906389
 -0.10012500000000000   0.50000609749231218
 -0.10000000000000000   0.49998912383517204
 -0.09987500000000000   0.49999789977695704
 -0.09975000000000000   0.49999840338597029
 -0.09962500000000000   0.50000207871202621
 -0.09950000000000000   0.50000614373054092
 -0.09937500000000000   0.49999861358152320
 -0.09925000000000000   0.49999011489263417
 -0.09912500000000000   0.49999817810309418
 -0.09900000000000000   0.49999795995921638
 -0.09887500000000000   0.49999357790305586
 -0.09875000000000000   0.50001059538941456
 -0.09862500000000000   0.50000177824393578
 -0.09850000000000000   0.49999788791747762
 -0.09837500000000000   0.50000939696624460
 -0.09825000000000000   0.50000104929317754
 -0.09812500000000000   0.50000203691789563
 -0.09800000000000000   0.50000967587593459
 -0.09787500000000000   0.49999356537928960
 -0.09775000000000000   0.50000172855471886
 -0.09762500000000000   0.49999908294953961
 -0.09750000000000000   0.50000418969433472
 -0.09737500000000000   0.50000600110936611
 -0.09725000000000000   0.50000106593067468
 -0.09712500000000000   0.49999993689281772
 -0.09700000000000000   0.49999896430589881
 -0.09687500000000000   0.50000173870293165
 -0.09675000000000000   0.49999318637026002
 -0.09662500000000000   0.50000762660871130
 -0.09650000000000000   0.50000328391759554
 -0.09637500000000000   0.50001022078516590
 -0.09625000000000000   0.49999825268859160
 -0.09612500000000000   0.50000812300357058
 -0.09600000000000000   0.50000156381018169
 -0.09587500000000000   0.50000191540032250
 -0.09575000000000000   0.49998991818137654
 -0.09562500000000000   0.50000527988430541
 -0.09550000000000000   0.49999643724503714
 -0.09537500000000000   0.50000401210886821
 -0.09525000000000000   0.49999211211635867
 -0.09512500000000000   0.50000172699048898
 -0.09500000000000000   0.50000171494654590
 -0.09487500000000000   0.50000169254906725
 -0.09475000000000000   0.49999137041845285
 -0.09462500000000000   0.50000858333261407
 -0.09450000000000000   0.50000899239927006
 -0.09437500000000000   0.50000167594639296
 -0.09425000000000000   0.50000946939141862
 -0.09412500000000000   0.49999816563001197
 -0.09400000000000000   0.50000176473325525
 -0.09387500000000000   0.49999400585011775
 -0.09375000000000000   0.50000878637145930
 -0.09362500000000000   0.49999728506014662
 -0.09350000000000000   0.49999103741896049
 -0.09337500000000000   0.49999631403229892
 -0.09325000000000000   0.49999296652547245
 -0.09312500000000000   0.50000725466677875
 -0.09300000000000000   0.49999840176037188
 -0.09287500000000000   0.49999902054526259
 -0.09275000000000000   0.49999815111276509
 -0.09262500000000000   0.50000095802251512
 -0.09250000000000000   0.49999840479818635
 -0.09237500000000000   0.49999665362889414
 -0.09225000000000000   0.50000014055127709
 -0.09212500000000000   0.50000420010361841
 -0.09200000000000000   0.50000389294023540
 -0.09187500000000000   0.50000053860162698
 -0.09175000000000000   0.50000177309347666
 -0.09162500000000000   0.50000573680614234
 -0.09150000000000000   0.50000045673330470
 -0.09137500000000000   0.49999658627855980
 -0.09125000000000000   0.49999833970610948
 -0.09112500000000000   0.49999052752082982
 -0.09100000000000000   0.49999639555370439
 -0.09087500000000000   0.49999831857856895
 -0.09075000000000000   0.49999075541048863
 -0.09062500000000000   0.49999858561686276
 -0.09050000000000000   0.49999991569030898
 -0.09037500000000000   0.49999192253275815
 -0.09025000000000000   0.49999907427111102
 -0.09012500000000000   0.49999826863495218
 -0.09000000000000000   0.49999540925997144
 -0.08987500000000000   0.49999064350081644
 -0.08975000000000000   0.49999848737843848
 -0.08962500000000000   0.49999951142294390
 -0.08950000000000000   0.50000141239797243
 -0.08937500000000000   0.50000928448977814
 -0.08925000000000000   0.49999836572235317
 -0.08912500000000000   0.49999773579022126
 -0.08900000000000000   0.50000116571553196
 -0.08887500000000000   0.50000896101852303
 -0.08875000000000000   0.49999830241434021
 -0.08862500000000000   0.50000831655984342
 -0.08850000000000000   0.50000139232501741
 -0.08837500000000000   0.49999970073285732
 -0.08825000000000000   0.49999846120274291
 -0.08812500000000000   0.49999960682308407
 -0.08800000000000000   0.49999393901533382
 -0.08787500000000000   0.50000029689492475
 -0.08775000000000000   0.49999869959577050
 -0.08762500000000000   0.50000220094823537
 -0.08750000000000000   0.49999673775724583
 -0.08737500000000000   0.49999180428955523
 -0.08725000000000000   0.49999950543103341
 -0.08712500000000000   0.50000579350667295
 -0.08700000000000000   0.49999832981609985
 -0.08687500000000000   0.49999552614780793
 -0.08675000000000000   0.49999955326345660
 -0.08662500000000000   0.49999175304770073
 -0.08650000000000000   0.49999854799863935
 -0.08637500000000000   0.50000055630827053
 -0.08625000000000000   0.49999850018175660
 -0.08612500000000000   0.49999239158368119
 -0.08600000000000000   0.50000055319350460
 -0.08587500000000000   0.49999389806813142
 -0.08575000000000000   0.50000162340818953
 -0.08562500000000000   0.50000248564265508
 -0.08550000000000000   0.49999864391837441
 -0.08537500000000000   0.49999972047928081
 -0.08525000000000000   0.50000722645921951
 -0.08512500000000000   0.50000146394537867
 -0.08500000000000000   0.49999971897856529
 -0.08487500000000000   0.50000151351681943
 -0.08475000000000000   0.50000624953060341
 -0.08462500000000000   0.50000021541564417
 -0.08450000000000000   0.50000819460787449
 -0.08437500000000000   0.49999860523610720
 -0.08425000000000000   0.49999841040500860
 -0.08412500000000000   0.49999759434053128
 -0.08400000000000000   0.49999876697298238
 -0.08387500000000000   0.49999196344688436
 -0.08375000000000000   0.50000043150705501
 -0.08362500000000000   0.49999298333183552
 -0.08350000000000000   0.50000145721188299
 -0.08337500000000000   0.49999869277684232
 -0.08325000000000000   0.50000307975292374
 -0.08312500000000000   0.50000117783475498
 -0.08300000000000000   0.50000789896685250
 -0.08287500000000000   0.49999973739983520
 -0.08275000000000000   0.50000753587016475
 -0.08262500000000000   0.49999865584492344
 -0.08250000000000000   0.49999846473497861
 -0.08237500000000000   0.49999870432052880
 -0.08225000000000000   0.49999861616095221
 -0.08212500000000000   0.50000688042141159
 -0.08200000000000000   0.49999944558090347
 -0.08187500000000000   0.50000060025473048
 -0.08175000000000000   0.50000601637286359
 -0.08162500000000000   0.50000136726700607
 -0.08150000000000000   0.50000157195059832
 -0.08137500000000000   0.49999850043030443
 -0.08125000000000000   0.49999690196124332
 -0.08112500000000000   0.49999340789089951
 -0.08100000000000000   0.49999955430604176
 -0.08087500000000000   0.49999174109749147
 -0.08075000000000000   0.50000077071255947
 -0.08062500000000000   0.50000134638013967
 -0.08050000000000000   0.49999764868443135
 -0.08037500000000000   0.50000148703442913
 -0.08025000000000000   0.49999716588313446
 -0.08012500000000000   0.49999876080858457
 -0.08000000000000000   0.50000058557381362
 -0.07987500000000000   0.49999187708157873
 -0.07975000000000000   0.50000081276753407
 -0.07962500000000000   0.50000503560680805
 -0.07950000000000000   0.49999897633709904
 -0.07937500000000000   0.50000141862778861
 -0.07925000000000000   0.49999516100121425
 -0.07912500000000000   0.49999925960771523
 -0.07900000000000000   0.50000802219617509
 -0.07887500000000000   0.49999496513394554
 -0.07875000000000000   0.49999858799964745
 -0.07862500000000000   0.49999656727099841
 -0.07850000000000000   0.50000072948880937
 -0.07837500000000000   0.50000690419617111
 -0.07825000000000000   0.49999925472538103
 -0.07812500000000000   0.49999956218843862
 -0.07800000000000000   0.49999892674412729
 -0.07787500000000000   0.50000090176990447
 -0.07775000000000000   0.49999867721327740
 -0.07762500000000000   0.49999377770205724
 -0.07750000000000000   0.50000101889252631
 -0.07737500000000000   0.50000104502666791
 -0.07725000000000000   0.49999877592528140
 -0.07712500000000000   0.49999904444472147
 -0.07700000000000000   0.50000751033537738
 -0.07687500000000000   0.50000731510073306
 -0.07675000000000000   0.50000658755878729
 -0.07662500000000000   0.49999277956477614
 -0.07650000000000000   0.49999315262951830
 -0.07637500000000000   0.49999272777046236
 -0.07625000000000000   0.50000691486023309
 -0.07612500000000000   0.50000688870669683
 -0.07600000000000000   0.50000700807302376
 -0.07587500000000000   0.49999888998412850
 -0.07575000000000000   0.49999888434663552
 -0.07562500000000000   0.50000111416779020
 -0.07550000000000000   0.50000108639328860
 -0.07537500000000000   0.50000107319490311
 -0.07525000000000000   0.49999884888500437
 -0.07512500000000000   0.49999889585313628
 -0.07500000000000000   0.49999889653665674
 -0.07487500000000000   0.50000105200950287
 -0.07475000000000000   0.50000121252015349
 -0.07462500000000000   0.50000636699804160
 -0.07450000000000000   0.49999366265590089
 -0.07437500000000000   0.50000627189725445
 -0.07425000000000000   0.49999246855899130
 -0.07412500000000000   0.50000756746766805
 -0.07400000000000000   0.49999909653850434
 -0.07387500000000000   0.50000101615421752
 -0.07375000000000000   0.50000080870540646
 -0.07362500000000000   0.49999267774611724
 -0.07350000000000000   0.50000128972890315
 -0.07337500000000000   0.49999247612627340
 -0.07325000000000000   0.49999642235973530
 -0.07312500000000000   0.50000130233603275
 -0.07300000000000000   0.50000398458317865
 -0.07287500000000000   0.49999306133959201
 -0.07275000000000000   0.49999992856237495
 -0.07262500000000000   0.49999262842565728
 -0.07250000000000000   0.49999415449183324
 -0.07237500000000000   0.50000098559013079
 -0.07225000000000000   0.49999881888764513
 -0.07212500000000000   0.49999671949939693
 -0.07200000000000000   0.50000190037878401
 -0.07187500000000000   0.49999874878115567
 -0.07175000000000000   0.50000259686271558
 -0.07162500000000000   0.50000137097708569
 -0.07150000000000000   0.49999875587127775
 -0.07137500000000000   0.49999874052764812
 -0.07125000000000000   0.50000213068782349
 -0.07112500000000000   0.50000151374480338
 -0.07100000000000000   0.49999878667522192
 -0.07087500000000000   0.49999877556725608
 -0.07075000000000000   0.50000356062346102
 -0.07062500000000000   0.50000341617263671
 -0.07050000000000000   0.49999895368303863
 -0.07037500000000000   0.50000096601092289
 -0.07025000000000000   0.50000588828596046
 -0.07012500000000000   0.50000603401781510
 -0.07000000000000000   0.49999952945685501
 -0.06987500000000000   0.49999961974078150
 -0.06975000000000000   0.50000708478711255
 -0.06962500000000000   0.50000695926087338
 -0.06950000000000000   0.50000063430205165
 -0.06937500000000000   0.50000075872023561
 -0.06925000000000000   0.50000397258311730
 -0.06912500000000000   0.50000317394131973
 -0.06900000000000000   0.50000119298493282
 -0.06887500000000000   0.50000120643170636
 -0.06875000000000000   0.50000127974589115
 -0.06862500000000000   0.50000239334067698
 -0.06850000000000000   0.50000093304014231
 -0.06837500000000000   0.49999911851568717
 -0.06825000000000000   0.50000668644845913
 -0.06812500000000000   0.50000694772629377
 -0.06800000000000000   0.50000677298096220
 -0.06787500000000000   0.50000070505192927
 -0.06775000000000000   0.50000092778678647
 -0.06762500000000000   0.49999711568776085
 -0.06750000000000000   0.49999875793315628
 -0.06737500000000000   0.50000049190484144
 -0.06725000000000000   0.49999889079655835
 -0.06712500000000000   0.49999903242885543
 -0.06700000000000000   0.50000638080817824
 -0.06687500000000000   0.49999331712118376
 -0.06675000000000000   0.50000049347857272
 -0.06662500000000000   0.50000084044947707
 -0.06650000000000000   0.49999691077676643
 -0.06637500000000000   0.49999901926913625
 -0.06625000000000000   0.50000123584454962
 -0.06612500000000000   0.49999897921539170
 -0.06600000000000000   0.49999924338590356
 -0.06587500000000000   0.49999347717363021
 -0.06575000000000000   0.49999344320976049
 -0.06562500000000000   0.49999463190169913
 -0.06550000000000000   0.49999898632476898
 -0.06537500000000000   0.49999887687676128
 -0.06525000000000000   0.50000112503792772
 -0.06512500000000000   0.49999595801848003
 -0.06500000000000000   0.50000520130063222
 -0.06487500000000000   0.50000650167741298
 -0.06475000000000000   0.50000036379281653
 -0.06462500000000000   0.50000084446926076
 -0.06450000000000000   0.50000112190673865
 -0.06437500000000000   0.50000055718082004
 -0.06425000000000000   0.50000343245915772
 -0.06412500000000000   0.49999934371135563
 -0.06400000000000000   0.49999997835735559
 -0.06387500000000000   0.50000063227011052
 -0.06375000000000000   0.49999654533931207
 -0.06362500000000000   0.49999963545129718
 -0.06350000000000000   0.49999844934690472
 -0.06337500000000000   0.49999928115774975
 -0.06325000000000000   0.50000036052424217
 -0.06312500000000000   0.49999961054312389
 -0.06300000000000000   0.50000435296587171
 -0.06287500000000000   0.50000118296764477
 -0.06275000000000000   0.50000092375993508
 -0.06262500000000000   0.50000076496574851
 -0.06250000000000000   0.49999960277479278
 -0.06237500000000000   0.50000039512073069
 -0.06225000000000000   0.49999584537848054
 -0.06212500000000000   0.49999928713573296
 -0.06200000000000000   0.49999843173281585
 -0.06187500000000000   0.49999937344590485
 -0.06175000000000000   0.50000016682901639
 -0.06162500000000000   0.49999937319028857
 -0.06150000000000000   0.50000091463601566
 -0.06137500000000000   0.49999900711762997
 -0.06125000000000000   0.50000333646155691
 -0.06112500000000000   0.50000595343327107
 -0.06100000000000000   0.49999391536080684
 -0.06087500000000000   0.50000091363786665
 -0.06075000000000000   0.49999897419635881
 -0.06062500000000000   0.50000370336889040
 -0.06050000000000000   0.49999448039077112
 -0.06037500000000000   0.49999424097414102
 -0.06025000000000000   0.50000407529437972
 -0.06012500000000000   0.50000003370620376
 -0.06000000000000000   0.50000090813585852
 -0.05987500000000000   0.50000028506641001
 -0.05975000000000000   0.50000567034267873
 -0.05962500000000000   0.50000243434070279
 -0.05950000000000000   0.50000037581014491
 -0.05937500000000000   0.50000447743571677
 -0.05925000000000000   0.49999408550703753
 -0.05912500000000000   0.50000556687054331
 -0.05900000000000000   0.49999903881225631
 -0.05887500000000000   0.50000097820593647
 -0.05875000000000000   0.50000055882635060
 -0.05862500000000000   0.50000591985373980
 -0.05850000000000000   0.50000327087407117
 -0.05837500000000000   0.49999968788369709
 -0.05825000000000000   0.49999727599890209
 -0.05812500000000000   0.49999984145699203
 -0.05800000000000000   0.49999951415353488
 -0.05787500000000000   0.49999904397716701
 -0.05775000000000000   0.49999788693635765
 -0.05762500000000000   0.50000033531783911
 -0.05750000000000000   0.50000545856171792
 -0.05737500000000000   0.49999673728643301
 -0.05725000000000000   0.50000164091532328
 -0.05712500000000000   0.49999550215044360
 -0.05700000000000000   0.49999451897630337
 -0.05687500000000000   0.49999917638181968
 -0.05675000000000000   0.50000094965012427
 -0.05662500000000000   0.50000058838574298
 -0.05650000000000000   0.50000570927216888
 -0.05637500000000000   0.49999931792835809
 -0.05625000000000000   0.50000079282091905
 -0.05612500000000000   0.49999601953069471
 -0.05600000000000000   0.49999451781174549
 -0.05587500000000000   0.49999920893004383
 -0.05575000000000000   0.50000014851939345
 -0.05562500000000000   0.50000051586488887
 -0.05550000000000000   0.50000019454946836
 -0.05537500000000000   0.50000088510637247
 -0.05525000000000000   0.50000179299757316
 -0.05512500000000000   0.50000051086884904
 -0.05500000000000000   0.49999532907095736
 -0.05487500000000000   0.50000158757818386
 -0.05475000000000000   0.50000210201265496
 -0.05462500000000000   0.50000552846622013
 -0.05450000000000000   0.50000060441021033
 -0.05437500000000000   0.50000086576497209
 -0.05425000000000000   0.49999939561768219
 -0.05412500000000000   0.49999989604394861
 -0.05400000000000000   0.49999664269344493
 -0.05387500000000000   0.49999806579386084
 -0.05375000000000000   0.50000490725016213
 -0.05362500000000000   0.49999962159295352
 -0.05350000000000000   0.49999963533516874
 -0.05337500000000000   0.49999661066942892
 -0.05325000000000000   0.49999996192202352
 -0.05312500000000000   0.50000232204763575
 -0.05300000000000000   0.50000162958074290
 -0.05287500000000000   0.49999521214587145
 -0.05275000000000000   0.49999623133465104
 -0.05262500000000000   0.49999913198766261
 -0.05250000000000000   0.50000378298027136
 -0.05237500000000000   0.49999959975121478
 -0.05225000000000000   0.50000082972275115
 -0.05212500000000000   0.49999922334382078
 -0.05200000000000000   0.50000520155635168
 -0.05187500000000000   0.49999714156822999
 -0.05175000000000000   0.49999878910307928
 -0.05162500000000000   0.49999962060634867
 -0.05150000000000000   0.50000352095598615
 -0.05137500000000000   0.50000047420511941
 -0.05125000000000000   0.49999580375358293
 -0.05112500000000000   0.49999609887075660
 -0.05100000000000000   0.49999916415953157
 -0.05087500000000000   0.50000391887907022
 -0.05075000000000000   0.49999498689708083
 -0.05062500000000000   0.50000082660863179
 -0.05050000000000000   0.49999937187056884
 -0.05037500000000000   0.50000498265672538
 -0.05025000000000000   0.49999791593590118
 -0.05012500000000000   0.50000060625993821
 -0.05000000000000000   0.50000016230332485
 -0.04987500000000000   0.49999924997502044
 -0.04975000000000000   0.50000259217831808
 -0.04962500000000000   0.49999505997802127
 -0.04950000000000000   0.50000077366621402
 -0.04937500000000000   0.49999930621689560
 -0.04925000000000000   0.50000469183528222
 -0.04912500000000000   0.49999871102581965
 -0.04900000000000000   0.49999693290520647
 -0.04887500000000000   0.50000018435603083
 -0.04875000000000000   0.50000023518272563
 -0.04862500000000000   0.50000388907148638
 -0.04850000000000000   0.49999542055139965
 -0.04837500000000000   0.50000101907348990
 -0.04825000000000000   0.49999946737915874
 -0.04812500000000000   0.49999954767836636
 -0.04800000000000000   0.50000051489513026
 -0.04787500000000000   0.49999565517899718
 -0.04775000000000000   0.50000398057108620
 -0.04762500000000000   0.49999926634881816
 -0.04750000000000000   0.50000014454027348
 -0.04737500000000000   0.49999750844967275
 -0.04725000000000000   0.49999789035972180
 -0.04712500000000000   0.50000477427829647
 -0.04700000000000000   0.49999925167916728
 -0.04687500000000000   0.50000054860986595
 -0.04675000000000000   0.50000027371205350
 -0.04662500000000000   0.50000014834656957
 -0.04650000000000000   0.50000402323592894
 -0.04637500000000000   0.49999938720718216
 -0.04625000000000000   0.50000070222743052
 -0.04612500000000000   0.49999993656432956
 -0.04600000000000000   0.50000173976694553
 -0.04587500000000000   0.50000352857516887
 -0.04575000000000000   0.49999580585610290
 -0.04562500000000000   0.50000073418418084
 -0.04550000000000000   0.49999973088478530
 -0.04537500000000000   0.49999944690542395
 -0.04525000000000000   0.50000280123678597
 -0.04512500000000000   0.49999557298728327
 -0.04500000000000000   0.50000072671091427
 -0.04487500000000000   0.49999965296342395
 -0.04475000000000000   0.49999950068363997
 -0.04462500000000000   0.50000191954992094
 -0.04450000000000000   0.49999559388556519
 -0.04437500000000000   0.50000084145551471
 -0.04425000000000000   0.49999967762162278
 -0.04412500000000000   0.49999948173468320
 -0.04400000000000000   0.50000067088403170
 -0.04387500000000000   0.49999561167814995
 -0.04375000000000000   0.50000026370092375
 -0.04362500000000000   0.50000397966648645
 -0.04350000000000000   0.49999940777886232
 -0.04337500000000000   0.50000059896895474
 -0.04325000000000000   0.50000018190094350
 -0.04312500000000000   0.49999931046863973
 -0.04300000000000000   0.50000432137804860
 -0.04287500000000000   0.49999809767154933
 -0.04275000000000000   0.49999706268510046
 -0.04262500000000000   0.50000043358799407
 -0.04250000000000000   0.49999934382973794
 -0.04237500000000000   0.50000000718787567
 -0.04225000000000000   0.49999949897782701
 -0.04212500000000000   0.49999593796544288
 -0.04200000000000000   0.50000235806849778
 -0.04187500000000000   0.50000256105272834
 -0.04175000000000000   0.49999960466103066
 -0.04162500000000000   0.50000064301796096
 -0.04150000000000000   0.50000001142432545
 -0.04137500000000000   0.50000019518082894
 -0.04125000000000000   0.50000396353800529
 -0.04112500000000000   0.49999817039937800
 -0.04100000000000000   0.50000034808524428
 -0.04087500000000000   0.50000049355178237
 -0.04075000000000000   0.49999943142363530
 -0.04062500000000000   0.49999978157575666
 -0.04050000000000000   0.50000064500886279
 -0.04037500000000000   0.49999590960194082
 -0.04025000000000000   0.50000062819290582
 -0.04012500000000000   0.50000376074206596
 -0.04000000000000000   0.49999777688444101
 -0.03987500000000000   0.50000031911521111
 -0.03975000000000000   0.50000050790508682
 -0.03962500000000000   0.49999949085898476
 -0.03950000000000000   0.50000296491071989
 -0.03937500000000000   0.50000197319787836
 -0.03925000000000000   0.49999627109245427
 -0.03912500000000000   0.49999934939750683
 -0.03900000000000000   0.50000395924319570
 -0.03887500000000000   0.49999938256761074
 -0.03875000000000000   0.50000006011908933
 -0.03862500000000000   0.50000059908147382
 -0.03850000000000000   0.49999610149698715
 -0.03837500000000000   0.50000082237758476
 -0.03825000000000000   0.50000361782207291
 -0.03812500000000000   0.49999820700543465
 -0.03800000000000000   0.49999691193240122
 -0.03787500000000000   0.50000053920758894
 -0.03775000000000000   0.49999963340224689
 -0.03762500000000000   0.49999953713282973
 -0.03750000000000000   0.50000045877348295
 -0.03737500000000000   0.50000037003946658
 -0.03725000000000000   0.49999733963154677
 -0.03712500000000000   0.50000268472731641
 -0.03700000000000000   0.50000229822067455
 -0.03687500000000000   0.49999681174358903
 -0.03675000000000000   0.50000042998509630
 -0.03662500000000000   0.50000039732593091
 -0.03650000000000000   0.49999952545232572
 -0.03637500000000000   0.49999966243694231
 -0.03625000000000000   0.50000050398044045
 -0.03612500000000000   0.49999737369392205
 -0.03600000000000000   0.49999764324397523
 -0.03587500000000000   0.50000280470475174
 -0.03575000000000000   0.50000214243870874
 -0.03562500000000000   0.49999708161038757
 -0.03550000000000000   0.49999801576913540
 -0.03537500000000000   0.50000043858929055
 -0.03525000000000000   0.49999961744463627
 -0.03512500000000000   0.49999957007390058
 -0.03500000000000000   0.50000038107854742
 -0.03487500000000000   0.50000042848458542
 -0.03475000000000000   0.49999678251596354
 -0.03462500000000000   0.50000124923750403
 -0.03450000000000000   0.50000327959917288
 -0.03437500000000000   0.49999891364055443
 -0.03425000000000000   0.49999669716836704
 -0.03412500000000000   0.50000092051367861
 -0.03400000000000000   0.50000004827574964
 -0.03387500000000000   0.49999947091426368
 -0.03375000000000000   0.49999989419184858
 -0.03362500000000000   0.50000051498795364
 -0.03350000000000000   0.50000016540691414
 -0.03337500000000000   0.49999788728606443
 -0.03325000000000000   0.50000241619186310
 -0.03312500000000000   0.50000248485107528
 -0.03300000000000000   0.49999802701633374
 -0.03287500000000000   0.49999717067805004
 -0.03275000000000000   0.50000142684288905
 -0.03262500000000000   0.50000310182471118
 -0.03250000000000000   0.49999949035597456
 -0.03237500000000000   0.49999986444709226
 -0.03225000000000000   0.50000048319517967
 -0.03212500000000000   0.50000022779152341
 -0.03200000000000000   0.49999957000779930
 -0.03187500000000000   0.49999966313818909
 -0.03175000000000000   0.50000296190442522
 -0.03162500000000000   0.49999920726300491
 -0.03150000000000000   0.49999681205661835
 -0.03137500000000000   0.49999982410009250
 -0.03125000000000000   0.50000309907294011
 -0.03112500000000000   0.50000117704295600
 -0.03100000000000000   0.49999735216647259
 -0.03087500000000000   0.49999786086018913
 -0.03075000000000000   0.50000180219004862
 -0.03062500000000000   0.49999993887304664
 -0.03050000000000000   0.49999952403418466
 -0.03037500000000000   0.49999986198697732
 -0.03025000000000000   0.50000042347535269
 -0.03012500000000000   0.50000031345518632
 -0.03000000000000000   0.49999971405857596
 -0.02987500000000000   0.49999956645841018
 -0.02975000000000000   0.50000008414645223
 -0.02962500000000000   0.50000046205844167
 -0.02950000000000000   0.50000014533298383
 -0.02937500000000000   0.49999775133470406
 -0.02925000000000000   0.50000129355627509
 -0.02912500000000000   0.50000290232103884
 -0.02900000000000000   0.50000028289861173
 -0.02887500000000000   0.49999726162200566
 -0.02875000000000000   0.49999827192687996
 -0.02862500000000000   0.50000174253711728
 -0.02850000000000000   0.50000270379469088
 -0.02837500000000000   0.49999978738672571
 -0.02825000000000000   0.49999975177731300
 -0.02812500000000000   0.50000028914758537
 -0.02800000000000000   0.50000040710165163
 -0.02787500000000000   0.49999996629016870
 -0.02775000000000000   0.49999957934898302
 -0.02762500000000000   0.49999976031466836
 -0.02750000000000000   0.50000027518693946
 -0.02737500000000000   0.50000040389965495
 -0.02725000000000000   0.50000002416853505
 -0.02712500000000000   0.49999960833680974
 -0.02700000000000000   0.49999970549480446
 -0.02687500000000000   0.50000270604054835
 -0.02675000000000000   0.50000055807476544
 -0.02662500000000000   0.49999773901766237
 -0.02650000000000000   0.49999781526574814
 -0.02637500000000000   0.50000047155326004
 -0.02625000000000000   0.50000261843358342
 -0.02612500000000000   0.50000147954995328
 -0.02600000000000000   0.49999856845298481
 -0.02587500000000000   0.49999740427516185
 -0.02575000000000000   0.49999941007915034
 -0.02562500000000000   0.50000207886798654
 -0.02550000000000000   0.50000225905251493
 -0.02537500000000000   0.49999995876065488
 -0.02525000000000000   0.49999764729650362
 -0.02512500000000000   0.49999809006344975
 -0.02500000000000000   0.50000069857193413
 -0.02487500000000000   0.50000250185887445
 -0.02475000000000000   0.50000144316732284
 -0.02462500000000000   0.49999962010478819
 -0.02450000000000000   0.49999986532212858
 -0.02437500000000000   0.50000026388675595
 -0.02425000000000000   0.50000036258363494
 -0.02412500000000000   0.50000007743776689
 -0.02400000000000000   0.49999970781423591
 -0.02387500000000000   0.49999965659223314
 -0.02375000000000000   0.49999996126653711
 -0.02362500000000000   0.50000030485205362
 -0.02350000000000000   0.50000034067731586
 -0.02337500000000000   0.50000005228578343
 -0.02325000000000000   0.49999971144692035
 -0.02312500000000000   0.49999966687645632
 -0.02300000000000000   0.49999994787946909
 -0.02287500000000000   0.50000027961231310
 -0.02275000000000000   0.50000033161142334
 -0.02262500000000000   0.49999809071431617
 -0.02250000000000000   0.49999791186954271
 -0.02237500000000000   0.49999970236272773
 -0.02225000000000000   0.50000173494306284
 -0.02212500000000000   0.50000215168665136
 -0.02200000000000000   0.50000058916437524
 -0.02187500000000000   0.50000017918960574
 -0.02175000000000000   0.49999777900354359
 -0.02162500000000000   0.49999884302403444
 -0.02150000000000000   0.50000088109037613
 -0.02137500000000000   0.50000214514356848
 -0.02125000000000000   0.50000153988184194
 -0.02112500000000000   0.49999965454786668
 -0.02100000000000000   0.49999807932864759
 -0.02087500000000000   0.49999812257169422
 -0.02075000000000000   0.49999970449726293
 -0.02062500000000000   0.50000132308662058
 -0.02050000000000000   0.50000209332023824
 -0.02037500000000000   0.50000117854619924
 -0.02025000000000000   0.49999937293009466
 -0.02012500000000000   0.49999806926945558
 -0.02000000000000000   0.49999827180401112
 -0.01987500000000000   0.49999977597312095
 -0.01975000000000000   0.50000141710604627
 -0.01962500000000000   0.50000199386341197
 -0.01950000000000000   0.50000127960950092
 -0.01937500000000000   0.49999965589279956
 -0.01925000000000000   0.49999829850588355
 -0.01912500000000000   0.49999816200463272
 -0.01900000000000000   0.49999931233170647
 -0.01887500000000000   0.50000090270734262
 -0.01875000000000000   0.50000186475785229
 -0.01862500000000000   0.50000155018269853
 -0.01850000000000000   0.50000044875715352
 -0.01837500000000000   0.49999895873432618
 -0.01825000000000000   0.49999815582073842
 -0.01812500000000000   0.49999855116129529
 -0.01800000000000000   0.49999984409156327
 -0.01787500000000000   0.50000120629180234
 -0.01775000000000000   0.50000181289012761
 -0.01762500000000000   0.50000145475534206
 -0.01750000000000000   0.50000026428799758
 -0.01737500000000000   0.49999894634530085
 -0.01725000000000000   0.49999825584473492
 -0.01712500000000000   0.49999858389572762
 -0.01700000000000000   0.49999970055469774
 -0.01687500000000000   0.50000095656396367
 -0.01675000000000000   0.50000167075007697
 -0.01662500000000000   0.50000156703535034
 -0.01650000000000000   0.50000069283701143
 -0.01637500000000000   0.49999948122127537
 -0.01625000000000000   0.49999855738032019
 -0.01612500000000000   0.49999838830501396
 -0.01600000000000000   0.49999903752329952
 -0.01587500000000000   0.50000014203058633
 -0.01575000000000000   0.50000098630789372
 -0.01562500000000000   0.50000156672051068
 -0.01550000000000000   0.50000138974377596
 -0.01537500000000000   0.50000057069871650
 -0.01525000000000000   0.49999951451530281
 -0.01512500000000000   0.49999869674298490
 -0.01500000000000000   0.49999847511570017
 -0.01487500000000000   0.49999979718412780
 -0.01475000000000000   0.49999977733886803
 -0.01462500000000000   0.50000058239049409
 -0.01450000000000000   0.50000129216797334
 -0.01437500000000000   0.50000145718938049
 -0.01425000000000000   0.50000019391896694
 -0.01412500000000000   0.50000021430683632
 -0.01400000000000000   0.50000015252671644
 -0.01387500000000000   0.50000003307110667
 -0.01375000000000000   0.49999990366592503
 -0.01362500000000000   0.49999983104264790
 -0.01350000000000000   0.49999979290326164
 -0.01337500000000000   0.49999982787455907
 -0.01325000000000000   0.49999992206716541
 -0.01312500000000000   0.50000004147359466
 -0.01300000000000000   0.50000014296090076
 -0.01287500000000000   0.50000019374814464
 -0.01275000000000000   0.50000018138397239
 -0.01262500000000000   0.50000013566553815
 -0.01250000000000000   0.50000003942241809
 -0.01237500000000000   0.49999993342234415
 -0.01225000000000000   0.49999985123077662
 -0.01212500000000000   0.49999981536959259
 -0.01200000000000000   0.49999983277408646
 -0.01187500000000000   0.49999884039463355
 -0.01175000000000000   0.49999882917895873
 -0.01162500000000000   0.49999913556960377
 -0.01150000000000000   0.50000012892354006
 -0.01137500000000000   0.50000016931243915
 -0.01125000000000000   0.50000016611216726
 -0.01112500000000000   0.50000099882112751
 -0.01100000000000000   0.50000112581632702
 -0.01087500000000000   0.50000098108599531
 -0.01075000000000000   0.50000061428185561
 -0.01062500000000000   0.50000012223367132
 -0.01050000000000000   0.49999979064663141
 -0.01037500000000000   0.49999934518178613
 -0.01025000000000000   0.49999905201489823
 -0.01012500000000000   0.49999896402474177
 -0.01000000000000000   0.49999908757932355
 -0.00987500000000000   0.49999938503250824
 -0.00975000000000000   0.49999978795903526
 -0.00962500000000000   0.50000021480386140
 -0.00950000000000000   0.50000044889776779
 -0.00937500000000000   0.50000075340001698
 -0.00925000000000000   0.50000091709309197
 -0.00912500000000000   0.50000092074105365
 -0.00900000000000000   0.50000077412870560
 -0.00887500000000000   0.50000051116878506
 -0.00875000000000000   0.50000013297186749
 -0.00862500000000000   0.50000011669485177
 -0.00850000000000000   0.49999966434516538
 -0.00837500000000000   0.49999940135647421
 -0.00825000000000000   0.49999923140771133
 -0.00812500000000000   0.49999997041440776
 -0.00800000000000000   0.49999993082065176
 -0.00787500000000000   0.49999990178508759
 -0.00775000000000000   0.49999988599311957
 -0.00762500000000000   0.49999988421316410
 -0.00750000000000000   0.49999949902937443
 -0.00737500000000000   0.49999990556757237
 -0.00725000000000000   0.49999993131227424
 -0.00712500000000000   0.49999996283346477
 -0.00700000000000000   0.49999999644658775
 -0.00687500000000000   0.50000002862958287
 -0.00675000000000000   0.49999956010963262
 -0.00662500000000000   0.49999974004608922
 -0.00650000000000000   0.49999993206974811
 -0.00637500000000000   0.50000011878828192
 -0.00625000000000000   0.50000009496160315
 -0.00612500000000000   0.50000033255436765
 -0.00600000000000000   0.50000045159467338
 -0.00587500000000000   0.50000053180618767
 -0.00575000000000000   0.50000057132182772
 -0.00562500000000000   0.50000057154638871
 -0.00550000000000000   0.50000053653528219
 -0.00537500000000000   0.50000051421354639
 -0.00525000000000000   0.50000044595104284
 -0.00512500000000000   0.50000035855434618
 -0.00500000000000000   0.50000025909895613
 -0.00487500000000000   0.50000015434077425
 -0.00475000000000000   0.50000005032953930
 -0.00462500000000000   0.49999995215206267
 -0.00450000000000000   0.50000005603443412
 -0.00437500000000000   0.50000039258341848
 -0.00425000000000000   0.49999979107166186
 -0.00412500000000000   0.49999973409261986
 -0.00400000000000000   0.49999969125880323
 -0.00387500000000000   0.49999966234253676
 -0.00375000000000000   0.50000000358571629
 -0.00362500000000000   0.49999999468326669
 -0.00350000000000000   0.49999998683108757
 -0.00337500000000000   0.50000025896608781
 -0.00325000000000000   0.50000021616357513
 -0.00312500000000000   0.49999969393587202
 -0.00300000000000000   0.49999997340707595
 -0.00287500000000000   0.49999997040639040
 -0.00275000000000000   0.49999996838820072
 -0.00262500000000000   0.49999996725464590
 -0.00250000000000000   0.50000003981012083
 -0.00237500000000000   0.50000001327044437
 -0.00225000000000000   0.49999999056297344
 -0.00212500000000000   0.49999987537671964
 -0.00200000000000000   0.49999997180141403
 -0.00187500000000000   0.49999997320514733
 -0.00175000000000000   0.49999997485798366
 -0.00162500000000000   0.49999995841771665
 -0.00150000000000000   0.49999995295777417
 -0.00137500000000000   0.49999994998340643
 -0.00125000000000000   0.49999994921707566
 -0.00112500000000000   0.50000009241720082
 -0.00100000000000000   0.50000008259765277
 -0.00087500000000000   0.50000007198189549
 -0.00075000000000000   0.50000006075631373
 -0.00062500000000000   0.50000004907493448
 -0.00050000000000000   0.50000003706379120
 -0.00037500000000000   0.50000002482591872
 -0.00025000000000000   0.50000001244678358
 -0.00012500000000000   0.50000000000000000
  0.00000000000000000   0.49999998755321641
  0.00012500000000000   0.49999997517408128
  0.00025000000000000   0.49999996293620880
  0.00037500000000000   0.49999995092506553
  0.00050000000000000   0.49999993924368628
  0.00062500000000000   0.49999992801810452
  0.00075000000000000   0.49999991740234722
  0.00087500000000000   0.49999990758279919
  0.00100000000000000   0.50000005078292434
  0.00112500000000000   0.50000005001659358
  0.00125000000000000   0.50000004704222584
  0.00137500000000000   0.50000004158228336
  0.00150000000000000   0.50000002514201634
  0.00162500000000000   0.50000002679485267
  0.00175000000000000   0.50000002819858597
  0.00187500000000000   0.50000012462328036
  0.00200000000000000   0.50000000943702655
  0.00212500000000000   0.49999998672955565
  0.00225000000000000   0.49999996018987918
  0.00237500000000000   0.50000003274535410
  0.00250000000000000   0.50000003161179928
  0.00262500000000000   0.50000002959360960
  0.00275000000000000   0.50000002659292405
  0.00287500000000000   0.50000030606412799
  0.00300000000000000   0.49999978383642486
  0.00312500000000000   0.49999974103391219
  0.00325000000000000   0.50000001316891243
  0.00337500000000000   0.50000000531673331
  0.00350000000000000   0.49999999641428371
  0.00362500000000000   0.50000033765746323
  0.00375000000000000   0.50000030874119676
  0.00387500000000000   0.50000026590738012
  0.00400000000000000   0.50000020892833815
  0.00412500000000000   0.49999960741658152
  0.00425000000000000   0.49999994396556588
  0.00437500000000000   0.50000004784793734
  0.00450000000000000   0.49999994967046072
  0.00462500000000000   0.49999984565922576
  0.00475000000000000   0.49999974090104387
  0.00487500000000000   0.49999964144565379
  0.00500000000000000   0.49999955404895713
  0.00512500000000000   0.49999948578645360
  0.00525000000000000   0.49999946346471783
  0.00537500000000000   0.49999942845361127
  0.00550000000000000   0.49999942867817228
  0.00562500000000000   0.49999946819381232
  0.00575000000000000   0.49999954840532659
  0.00587500000000000   0.49999966744563232
  0.00600000000000000   0.49999990503839685
  0.00612500000000000   0.49999988121171805
  0.00625000000000000   0.50000006793025188
  0.00637500000000000   0.50000025995391080
  0.00650000000000000   0.50000043989036742
  0.00662500000000000   0.49999997137041713
  0.00675000000000000   0.50000000355341225
  0.00687500000000000   0.50000003716653523
  0.00700000000000000   0.50000006868772576
  0.00712500000000000   0.50000009443242762
  0.00725000000000000   0.50000050097062551
  0.00737500000000000   0.50000011578683589
  0.00750000000000000   0.50000011400688043
  0.00762500000000000   0.50000009821491241
  0.00775000000000000   0.50000006917934824
  0.00787500000000000   0.50000002958559223
  0.00800000000000000   0.50000076859228868
  0.00812500000000000   0.50000059864352574
  0.00825000000000000   0.50000033565483471
  0.00837500000000000   0.49999988330514822
  0.00850000000000000   0.49999986702813251
  0.00862500000000000   0.49999948883121489
  0.00875000000000000   0.49999922587129445
  0.00887500000000000   0.49999907925894638
  0.00900000000000000   0.49999908290690802
  0.00912500000000000   0.49999924659998298
  0.00925000000000000   0.49999955110223219
  0.00937500000000000   0.49999978519613856
  0.00950000000000000   0.50000021204096473
  0.00962500000000000   0.50000061496749172
  0.00975000000000000   0.50000091242067645
  0.00987500000000000   0.50000103597525824
  0.01000000000000000   0.50000094798510171
  0.01012500000000000   0.50000065481821384
  0.01025000000000000   0.50000020935336844
  0.01037500000000000   0.49999987776632861
  0.01050000000000000   0.49999938571814453
  0.01062500000000000   0.49999901891400470
  0.01075000000000000   0.49999887418367297
  0.01087500000000000   0.49999900117887249
  0.01100000000000000   0.49999983388783273
  0.01112500000000000   0.49999983068756085
  0.01125000000000000   0.49999987107645994
  0.01137500000000000   0.50000086443039611
  0.01150000000000000   0.50000117082104133
  0.01162500000000000   0.50000115960536640
  0.01175000000000000   0.50000016722591354
  0.01187500000000000   0.50000018463040741
  0.01200000000000000   0.50000014876922338
  0.01212500000000000   0.50000006657765587
  0.01225000000000000   0.49999996057758191
  0.01237500000000000   0.49999986433446183
  0.01250000000000000   0.49999981861602762
  0.01262500000000000   0.49999980625185536
  0.01275000000000000   0.49999985703909925
  0.01287500000000000   0.49999995852640535
  0.01300000000000000   0.50000007793283456
  0.01312500000000000   0.50000017212544091
  0.01325000000000000   0.50000020709673836
  0.01337500000000000   0.50000016895735211
  0.01350000000000000   0.50000009633407498
  0.01362500000000000   0.49999996692889334
  0.01375000000000000   0.49999984747328357
  0.01387500000000000   0.49999978569316368
  0.01400000000000000   0.49999980608103306
  0.01412500000000000   0.49999854281061949
  0.01425000000000000   0.49999870783202664
  0.01437500000000000   0.49999941760950573
  0.01450000000000000   0.50000022266113198
  0.01462500000000000   0.50000020281587220
  0.01475000000000000   0.50000152488429981
  0.01487500000000000   0.50000130325701508
  0.01500000000000000   0.50000048548469738
  0.01512500000000000   0.49999942930128385
  0.01525000000000000   0.49999861025622403
  0.01537500000000000   0.49999843327948935
  0.01550000000000000   0.49999901369210637
  0.01562500000000000   0.49999985796941355
  0.01575000000000000   0.50000096247670041
  0.01587500000000000   0.50000161169498595
  0.01600000000000000   0.50000144261967985
  0.01612500000000000   0.50000051877872456
  0.01625000000000000   0.49999930716298871
  0.01637500000000000   0.49999843296464950
  0.01650000000000000   0.49999832924992295
  0.01662500000000000   0.49999904343603622
  0.01675000000000000   0.50000029944530229
  0.01687500000000000   0.50000141610427229
  0.01700000000000000   0.50000174415526512
  0.01712500000000000   0.50000105365469927
  0.01725000000000000   0.49999973571200252
  0.01737500000000000   0.49999854524465782
  0.01750000000000000   0.49999818710987238
  0.01762500000000000   0.49999879370819776
  0.01775000000000000   0.50000015590843716
  0.01787500000000000   0.50000144883870417
  0.01800000000000000   0.50000184417926152
  0.01812500000000000   0.50000104126567379
  0.01825000000000000   0.49999955124284681
  0.01837500000000000   0.49999844981730154
  0.01850000000000000   0.49999813524214777
  0.01862500000000000   0.49999909729265745
  0.01875000000000000   0.50000068766829342
  0.01887500000000000   0.50000183799536744
  0.01900000000000000   0.50000170149411659
  0.01912500000000000   0.50000034410720010
  0.01925000000000000   0.49999872039049926
  0.01937500000000000   0.49999800613658798
  0.01950000000000000   0.49999858289395376
  0.01962500000000000   0.50000022402687854
  0.01975000000000000   0.50000172819598891
  0.01987500000000000   0.50000193073054452
  0.02000000000000000   0.50000062706990530
  0.02012500000000000   0.49999882145380046
  0.02025000000000000   0.49999790667976177
  0.02037500000000000   0.49999867691337932
  0.02050000000000000   0.50000029550273676
  0.02062500000000000   0.50000187742830599
  0.02075000000000000   0.50000192067135231
  0.02087500000000000   0.50000034545213293
  0.02100000000000000   0.49999846011815807
  0.02112500000000000   0.49999785485643145
  0.02125000000000000   0.49999911890962365
  0.02137500000000000   0.50000115697596563
  0.02150000000000000   0.50000222099645641
  0.02162500000000000   0.49999982081039425
  0.02175000000000000   0.49999941083562422
  0.02187500000000000   0.49999784831334826
  0.02200000000000000   0.49999826505693685
  0.02212500000000000   0.50000029763727180
  0.02225000000000000   0.50000208813045711
  0.02237500000000000   0.50000190928568360
  0.02250000000000000   0.49999966838857666
  0.02262500000000000   0.49999972038768693
  0.02275000000000000   0.50000005212053098
  0.02287500000000000   0.50000033312354368
  0.02300000000000000   0.50000028855307962
  0.02312500000000000   0.49999994771421649
  0.02325000000000000   0.49999965932268416
  0.02337500000000000   0.49999969514794635
  0.02350000000000000   0.50000003873346276
  0.02362500000000000   0.50000034340776688
  0.02375000000000000   0.50000029218576411
  0.02387500000000000   0.49999992256223302
  0.02400000000000000   0.49999963741636507
  0.02412500000000000   0.49999973611324409
  0.02425000000000000   0.50000013467787149
  0.02437500000000000   0.50000037989521181
  0.02450000000000000   0.49999855683267769
  0.02462500000000000   0.49999749814112550
  0.02475000000000000   0.49999930142806501
  0.02487500000000000   0.50000190993655055
  0.02500000000000000   0.50000235270349628
  0.02512500000000000   0.50000004123934569
  0.02525000000000000   0.49999774094748499
  0.02537500000000000   0.49999792113201336
  0.02550000000000000   0.50000058992084976
  0.02562500000000000   0.50000259572483801
  0.02575000000000000   0.50000143154701501
  0.02587500000000000   0.49999852045004674
  0.02600000000000000   0.49999738156641655
  0.02612500000000000   0.49999952844673975
  0.02625000000000000   0.50000218473425224
  0.02637500000000000   0.50000226098233707
  0.02650000000000000   0.49999944192523411
  0.02662500000000000   0.49999729395945151
  0.02675000000000000   0.50000029450519548
  0.02687500000000000   0.50000039166319024
  0.02700000000000000   0.49999997583146493
  0.02712500000000000   0.49999959610034505
  0.02725000000000000   0.49999972481306061
  0.02737500000000000   0.50000023968533169
  0.02750000000000000   0.50000042065101700
  0.02762500000000000   0.50000003370983131
  0.02775000000000000   0.49999959289834839
  0.02787500000000000   0.49999971085241466
  0.02800000000000000   0.50000024822268699
  0.02812500000000000   0.50000021261327413
  0.02825000000000000   0.49999729620530900
  0.02837500000000000   0.49999825746288221
  0.02850000000000000   0.50000172807312102
  0.02862500000000000   0.50000273837799431
  0.02875000000000000   0.49999971710138695
  0.02887500000000000   0.49999709767896095
  0.02900000000000000   0.49999870644372539
  0.02912500000000000   0.50000224866529579
  0.02925000000000000   0.49999985466701613
  0.02937500000000000   0.49999953794155833
  0.02950000000000000   0.49999991585354783
  0.02962500000000000   0.50000043354158974
  0.02975000000000000   0.50000028594142403
  0.02987500000000000   0.49999968654481369
  0.03000000000000000   0.49999957652464730
  0.03012500000000000   0.50000013801302280
  0.03025000000000000   0.50000047596581535
  0.03037500000000000   0.50000006112695330
  0.03050000000000000   0.49999819780995200
  0.03062500000000000   0.50000213913981008
  0.03075000000000000   0.50000264783352758
  0.03087500000000000   0.49999882295704345
  0.03100000000000000   0.49999690092705982
  0.03112500000000000   0.50000017589990877
  0.03125000000000000   0.50000318794338161
  0.03137500000000000   0.50000079273699548
  0.03150000000000000   0.49999703809557489
  0.03162500000000000   0.50000033686181088
  0.03175000000000000   0.50000042999220064
  0.03187500000000000   0.49999977220847672
  0.03200000000000000   0.49999951680482031
  0.03212500000000000   0.50000013555290762
  0.03225000000000000   0.50000050964402544
  0.03237500000000000   0.49999689817528862
  0.03250000000000000   0.49999857315711087
  0.03262500000000000   0.50000282932194831
  0.03275000000000000   0.50000197298366678
  0.03287500000000000   0.49999751514892458
  0.03300000000000000   0.49999758380813755
  0.03312500000000000   0.50000211271393636
  0.03325000000000000   0.49999983459308619
  0.03337500000000000   0.49999948501204635
  0.03350000000000000   0.50000010580815140
  0.03362500000000000   0.50000052908573633
  0.03375000000000000   0.49999995172425014
  0.03387500000000000   0.49999907948632225
  0.03400000000000000   0.50000330283163283
  0.03412500000000000   0.50000108635944382
  0.03425000000000000   0.49999672040082725
  0.03437500000000000   0.49999875076249468
  0.03450000000000000   0.50000321748403639
  0.03462500000000000   0.49999957151541469
  0.03475000000000000   0.49999961892145260
  0.03487500000000000   0.50000042992609948
  0.03500000000000000   0.50000038255536366
  0.03512500000000000   0.49999956141070952
  0.03525000000000000   0.50000198423086663
  0.03537500000000000   0.50000291838961054
  0.03550000000000000   0.49999785756129108
  0.03562500000000000   0.49999719529524715
  0.03575000000000000   0.50000235675602434
  0.03587500000000000   0.50000262630607699
  0.03600000000000000   0.49999949601955954
  0.03612500000000000   0.50000033756305772
  0.03625000000000000   0.50000047454767435
  0.03637500000000000   0.49999960267406919
  0.03650000000000000   0.49999957001490385
  0.03662500000000000   0.50000318825641095
  0.03675000000000000   0.49999770177932520
  0.03687500000000000   0.49999731527268348
  0.03700000000000000   0.50000266036845138
  0.03712500000000000   0.49999962996053364
  0.03725000000000000   0.49999954122651689
  0.03737500000000000   0.50000046286717016
  0.03750000000000000   0.50000036659775322
  0.03762500000000000   0.49999946079241093
  0.03775000000000000   0.50000308806759848
  0.03787500000000000   0.50000179299456478
  0.03800000000000000   0.49999638217792748
  0.03812500000000000   0.49999917762241512
  0.03825000000000000   0.50000389850301287
  0.03837500000000000   0.49999940091852622
  0.03850000000000000   0.49999993988091041
  0.03862500000000000   0.50000061743238926
  0.03875000000000000   0.49999604075680431
  0.03887500000000000   0.50000065060249301
  0.03900000000000000   0.50000372890754552
  0.03912500000000000   0.49999802680212085
  0.03925000000000000   0.49999703508928055
  0.03937500000000000   0.50000050914101532
  0.03950000000000000   0.49999949209491331
  0.03962500000000000   0.49999968088478892
  0.03975000000000000   0.50000222311556083
  0.03987500000000000   0.49999623925793416
  0.04000000000000000   0.49999937180709382
  0.04012500000000000   0.50000409039805913
  0.04025000000000000   0.49999935499113722
  0.04037500000000000   0.50000021842424310
  0.04050000000000000   0.50000056857636468
  0.04062500000000000   0.49999950644821774
  0.04075000000000000   0.49999965191475561
  0.04087500000000000   0.50000182960062215
  0.04100000000000000   0.49999603646199482
  0.04112500000000000   0.49999980481917294
  0.04125000000000000   0.49999998857567455
  0.04137500000000000   0.49999935698203913
  0.04150000000000000   0.50000039533896917
  0.04162500000000000   0.49999743894727210
  0.04175000000000000   0.49999764193150155
  0.04187500000000000   0.50000406203455642
  0.04200000000000000   0.50000050102217458
  0.04212500000000000   0.49999999281212448
  0.04225000000000000   0.50000065617026200
  0.04237500000000000   0.49999956641200583
  0.04250000000000000   0.50000293731490081
  0.04262500000000000   0.50000190232845053
  0.04275000000000000   0.49999567862195150
  0.04287500000000000   0.50000068953136027
  0.04300000000000000   0.49999981809905664
  0.04312500000000000   0.49999940103104526
  0.04325000000000000   0.50000059222113753
  0.04337500000000000   0.49999602033351428
  0.04350000000000000   0.49999973629907612
  0.04362500000000000   0.50000438832185011
  0.04375000000000000   0.49999932911596825
  0.04387500000000000   0.50000051826531678
  0.04400000000000000   0.50000032237837727
  0.04412500000000000   0.49999915854448396
  0.04425000000000000   0.50000440611443506
  0.04437500000000000   0.49999808045007909
  0.04450000000000000   0.50000049931636030
  0.04462500000000000   0.50000034703657623
  0.04475000000000000   0.49999927328908574
  0.04487500000000000   0.50000442701271643
  0.04500000000000000   0.49999719876321582
  0.04512500000000000   0.50000055309457583
  0.04525000000000000   0.50000026911521491
  0.04537500000000000   0.49999926581581914
  0.04550000000000000   0.50000419414389799
  0.04562500000000000   0.49999647142483110
  0.04575000000000000   0.49999826023305253
  0.04587500000000000   0.50000006343567009
  0.04600000000000000   0.49999929777256950
  0.04612500000000000   0.50000061279281781
  0.04625000000000000   0.49999597676407150
  0.04637500000000000   0.49999985165342958
  0.04650000000000000   0.49999972628794592
  0.04662500000000000   0.49999945139013404
  0.04675000000000000   0.50000074832083275
  0.04687500000000000   0.49999522572170349
  0.04700000000000000   0.50000210964027858
  0.04712500000000000   0.50000249155032792
  0.04725000000000000   0.49999985545972627
  0.04737500000000000   0.50000073365118184
  0.04750000000000000   0.49999601942891315
  0.04762500000000000   0.50000434482100338
  0.04775000000000000   0.49999948510486988
  0.04787500000000000   0.50000045232163358
  0.04800000000000000   0.50000053262084122
  0.04812500000000000   0.49999898092651309
  0.04825000000000000   0.50000457944860003
  0.04837500000000000   0.49999611092851198
  0.04850000000000000   0.49999976481727216
  0.04862500000000000   0.49999981564396907
  0.04875000000000000   0.50000306709479394
  0.04887500000000000   0.50000128897418026
  0.04900000000000000   0.49999530816471845
  0.04912500000000000   0.50000069378310451
  0.04925000000000000   0.49999922633378612
  0.04937500000000000   0.50000494002197883
  0.04950000000000000   0.49999740782168065
  0.04962500000000000   0.50000075002497953
  0.04975000000000000   0.49999983769667474
  0.04987500000000000   0.49999939374006178
  0.05000000000000000   0.50000208406409974
  0.05012500000000000   0.49999501734327465
  0.05025000000000000   0.50000062812943120
  0.05037500000000000   0.49999917339136820
  0.05050000000000000   0.50000501310291933
  0.05062500000000000   0.49999608112093163
  0.05075000000000000   0.50000083584046842
  0.05087500000000000   0.50000390112924205
  0.05100000000000000   0.50000419624641739
  0.05112500000000000   0.49999952579488139
  0.05125000000000000   0.49999647904401771
  0.05137500000000000   0.50000037939365116
  0.05150000000000000   0.50000121089692035
  0.05162500000000000   0.50000285843176909
  0.05175000000000000   0.49999479844364795
  0.05187500000000000   0.50000077665617951
  0.05200000000000000   0.49999917027724880
  0.05212500000000000   0.50000040024878509
  0.05225000000000000   0.49999621701972960
  0.05237500000000000   0.50000086801233739
  0.05250000000000000   0.50000376866535132
  0.05262500000000000   0.50000478785413033
  0.05275000000000000   0.49999837041925769
  0.05287500000000000   0.49999767795236300
  0.05300000000000000   0.50000003807797650
  0.05312500000000000   0.50000338933057111
  0.05325000000000000   0.50000036466482998
  0.05337500000000000   0.50000037840704664
  0.05350000000000000   0.49999509274983913
  0.05362500000000000   0.50000193420613747
  0.05375000000000000   0.50000335730655365
  0.05387500000000000   0.50000010395605150
  0.05400000000000000   0.50000060438231794
  0.05412500000000000   0.49999913423502674
  0.05425000000000000   0.49999939558978977
  0.05437500000000000   0.49999447153378002
  0.05450000000000000   0.49999789798734752
  0.05462500000000000   0.49999841242181841
  0.05475000000000000   0.50000467092904315
  0.05487500000000000   0.49999948913115095
  0.05500000000000000   0.49999820700242438
  0.05512500000000000   0.49999911489362746
  0.05525000000000000   0.49999980545053209
  0.05537500000000000   0.49999948413511151
  0.05550000000000000   0.49999985148060843
  0.05562500000000000   0.50000079106995604
  0.05575000000000000   0.50000548218825481
  0.05587500000000000   0.50000398046930588
  0.05600000000000000   0.49999920717907999
  0.05612500000000000   0.50000068207164229
  0.05625000000000000   0.49999429072783101
  0.05637500000000000   0.49999941161425703
  0.05650000000000000   0.49999905034987573
  0.05662500000000000   0.50000082361818060
  0.05675000000000000   0.50000548102369531
  0.05687500000000000   0.50000449784955555
  0.05700000000000000   0.49999835908468047
  0.05712500000000000   0.50000326271356788
  0.05725000000000000   0.49999454143828167
  0.05737500000000000   0.49999966468216113
  0.05750000000000000   0.50000211306364335
  0.05762500000000000   0.50000095602283293
  0.05775000000000000   0.50000048584646486
  0.05787500000000000   0.50000015854300780
  0.05800000000000000   0.50000272400109840
  0.05812500000000000   0.50000031211630214
  0.05825000000000000   0.49999672912592773
  0.05837500000000000   0.49999408014626016
  0.05850000000000000   0.49999944117364937
  0.05862500000000000   0.49999902179406359
  0.05875000000000000   0.50000096118774355
  0.05887500000000000   0.49999443312945748
  0.05900000000000000   0.50000591449296248
  0.05912500000000000   0.49999552256428524
  0.05925000000000000   0.49999962418985415
  0.05937500000000000   0.49999756565929488
  0.05950000000000000   0.49999432965732098
  0.05962500000000000   0.49999971493358953
  0.05975000000000000   0.49999909186414180
  0.05987500000000000   0.49999996629379796
  0.06000000000000000   0.49999592470562177
  0.06012500000000000   0.50000575902585920
  0.06025000000000000   0.50000551960922998
  0.06037500000000000   0.49999629663111121
  0.06050000000000000   0.50000102580364127
  0.06062500000000000   0.49999908636213353
  0.06075000000000000   0.50000608463919281
  0.06087500000000000   0.49999404656672827
  0.06100000000000000   0.49999666353844403
  0.06112500000000000   0.50000099288236826
  0.06125000000000000   0.49999908536398377
  0.06137500000000000   0.50000062680971114
  0.06150000000000000   0.49999983317098371
  0.06162500000000000   0.50000062655409554
  0.06175000000000000   0.50000156826718728
  0.06187500000000000   0.50000071286426642
  0.06200000000000000   0.50000415462151807
  0.06212500000000000   0.49999960487926938
  0.06225000000000000   0.50000039722520680
  0.06237500000000000   0.49999923503425145
  0.06250000000000000   0.49999907624006454
  0.06262500000000000   0.49999881703235543
  0.06275000000000000   0.49999564703413116
  0.06287500000000000   0.50000038945687562
  0.06300000000000000   0.49999963947575766
  0.06312500000000000   0.50000071884225028
  0.06325000000000000   0.50000155065309669
  0.06337500000000000   0.50000036454870374
  0.06350000000000000   0.50000345466068781
  0.06362500000000000   0.49999936772989029
  0.06375000000000000   0.50000002164264356
  0.06387500000000000   0.50000065628864427
  0.06400000000000000   0.49999656754084204
  0.06412500000000000   0.49999944281917848
  0.06425000000000000   0.49999887809326285
  0.06437500000000000   0.49999915553073947
  0.06450000000000000   0.49999963620718340
  0.06462500000000000   0.49999349832258679
  0.06475000000000000   0.49999479869936873
  0.06487500000000000   0.50000404198151796
  0.06500000000000000   0.49999887496207227
  0.06512500000000000   0.50000112312323874
  0.06525000000000000   0.50000101367523115
  0.06537500000000000   0.50000536809830063
  0.06550000000000000   0.50000655679023963
  0.06562500000000000   0.50000652282636961
  0.06575000000000000   0.50000075661409705
  0.06587500000000000   0.50000102078460846
  0.06600000000000000   0.49999876415545134
  0.06612500000000000   0.50000098073086385
  0.06625000000000000   0.50000308922323417
  0.06637500000000000   0.49999915955052272
  0.06650000000000000   0.49999950652142669
  0.06662500000000000   0.50000668287881682
  0.06675000000000000   0.49999361919182268
  0.06687500000000000   0.50000096757114440
  0.06700000000000000   0.50000110920344169
  0.06712500000000000   0.49999950809515699
  0.06725000000000000   0.50000124206684096
  0.06737500000000000   0.50000288431223905
  0.06750000000000000   0.49999907221321335
  0.06762500000000000   0.49999929494807129
  0.06775000000000000   0.49999322701903718
  0.06787500000000000   0.49999305227370622
  0.06800000000000000   0.49999331355154209
  0.06812500000000000   0.50000088148431229
  0.06825000000000000   0.49999906695985783
  0.06837500000000000   0.49999760665932475
  0.06850000000000000   0.49999872025410900
  0.06862500000000000   0.49999879356829362
  0.06875000000000000   0.49999880701506718
  0.06887500000000000   0.49999682605868123
  0.06900000000000000   0.49999602741688211
  0.06912500000000000   0.49999924127976448
  0.06925000000000000   0.49999936569794799
  0.06937500000000000   0.49999304073912603
  0.06950000000000000   0.49999291521288726
  0.06962500000000000   0.50000038025921816
  0.06975000000000000   0.50000047054314439
  0.06987500000000000   0.49999396598218376
  0.07000000000000000   0.49999411171404206
  0.07012500000000000   0.49999903398907693
  0.07025000000000000   0.50000104631696132
  0.07037500000000000   0.49999658382736192
  0.07050000000000000   0.49999643937654118
  0.07062500000000000   0.50000122443274391
  0.07075000000000000   0.50000121332477807
  0.07087500000000000   0.49999848625519620
  0.07100000000000000   0.49999786931217439
  0.07112500000000000   0.50000125947235190
  0.07125000000000000   0.50000124412872233
  0.07137500000000000   0.49999862902290777
  0.07150000000000000   0.49999740313728816
  0.07162500000000000   0.50000125121884437
  0.07175000000000000   0.49999809962121564
  0.07187500000000000   0.50000328050060691
  0.07200000000000000   0.50000118111235486
  0.07212500000000000   0.49999901440986974
  0.07225000000000000   0.50000584550816607
  0.07237500000000000   0.50000737157434235
  0.07250000000000000   0.50000007143762579
  0.07262500000000000   0.50000693866040812
  0.07275000000000000   0.49999601541682060
  0.07287500000000000   0.49999869766396720
  0.07300000000000000   0.50000357764026563
  0.07312500000000000   0.50000752387372627
  0.07325000000000000   0.49999871027109681
  0.07337500000000000   0.50000732225388065
  0.07350000000000000   0.49999919129459419
  0.07362500000000000   0.49999898384578207
  0.07375000000000000   0.50000090346149472
  0.07387500000000000   0.49999243253233151
  0.07400000000000000   0.50000753144100837
  0.07412500000000000   0.49999372810274529
  0.07425000000000000   0.50000633734409928
  0.07437500000000000   0.49999363300195851
  0.07450000000000000   0.49999878747984651
  0.07462500000000000   0.49999894799049712
  0.07475000000000000   0.50000110346334326
  0.07487500000000000   0.50000110414686371
  0.07500000000000000   0.50000115111499562
  0.07512500000000000   0.49999892680509689
  0.07525000000000000   0.49999891360671138
  0.07537500000000000   0.49999888583220980
  0.07550000000000000   0.50000111565336448
  0.07562500000000000   0.50000111001587150
  0.07575000000000000   0.49999299192697624
  0.07587500000000000   0.49999311129330315
  0.07600000000000000   0.49999308513976690
  0.07612500000000000   0.50000727222953768
  0.07625000000000000   0.50000684737048169
  0.07637500000000000   0.50000722043522383
  0.07650000000000000   0.49999341244121277
  0.07662500000000000   0.49999268489926672
  0.07675000000000000   0.49999248966462257
  0.07687500000000000   0.50000095555527837
  0.07700000000000000   0.50000122407471863
  0.07712500000000000   0.49999895497333221
  0.07725000000000000   0.49999898110747380
  0.07737500000000000   0.50000622229794379
  0.07750000000000000   0.50000132278672237
  0.07762500000000000   0.49999909823009520
  0.07775000000000000   0.50000107325587252
  0.07787500000000000   0.50000043781156079
  0.07800000000000000   0.50000074527462185
  0.07812500000000000   0.49999309580382958
  0.07825000000000000   0.49999927051119076
  0.07837500000000000   0.50000343272899885
  0.07850000000000000   0.50000141200035272
  0.07862500000000000   0.50000503486605192
  0.07875000000000000   0.49999197780382455
  0.07887500000000000   0.50000074039228482
  0.07900000000000000   0.50000483899878742
  0.07912500000000000   0.49999858137221134
  0.07925000000000000   0.50000102366290105
  0.07937500000000000   0.49999496439319332
  0.07950000000000000   0.49999918723246575
  0.07962500000000000   0.50000812291842114
  0.07975000000000000   0.49999941442618565
  0.07987500000000000   0.50000123919141547
  0.08000000000000000   0.50000283411686850
  0.08012500000000000   0.49999851296557086
  0.08025000000000000   0.50000235131556973
  0.08037500000000000   0.49999865361986031
  0.08050000000000000   0.49999922928743895
  0.08062500000000000   0.50000825890250868
  0.08075000000000000   0.50000044569395980
  0.08087500000000000   0.50000659210909938
  0.08100000000000000   0.50000309803875702
  0.08112500000000000   0.50000149956969557
  0.08125000000000000   0.49999842804940727
  0.08137500000000000   0.49999863273299390
  0.08150000000000000   0.49999398362713375
  0.08162500000000000   0.49999939974526940
  0.08175000000000000   0.50000055441909700
  0.08187500000000000   0.49999311957858839
  0.08200000000000000   0.50000138383904808
  0.08212500000000000   0.50000129567947387
  0.08225000000000000   0.50000153526502139
  0.08237500000000000   0.50000134415507650
  0.08250000000000000   0.49999246412983616
  0.08262500000000000   0.50000026260016584
  0.08275000000000000   0.49999210103314868
  0.08287500000000000   0.49999882216524550
  0.08300000000000000   0.49999692024707174
  0.08312500000000000   0.50000130722315571
  0.08325000000000000   0.49999854278811689
  0.08337500000000000   0.50000701666816608
  0.08350000000000000   0.49999956849294525
  0.08362500000000000   0.50000803655311602
  0.08375000000000000   0.50000123302701748
  0.08387500000000000   0.50000240565946951
  0.08400000000000000   0.50000158959499144
  0.08412500000000000   0.50000139476389268
  0.08425000000000000   0.49999180539212446
  0.08437500000000000   0.49999978458435682
  0.08450000000000000   0.49999375046939790
  0.08462500000000000   0.49999848648318050
  0.08475000000000000   0.50000028102143215
  0.08487500000000000   0.49999853605462152
  0.08500000000000000   0.49999277354078097
  0.08512500000000000   0.50000027952071887
  0.08525000000000000   0.50000135608162541
  0.08537500000000000   0.49999751435734393
  0.08550000000000000   0.49999837659181040
  0.08562500000000000   0.50000610193186426
  0.08575000000000000   0.49999944680649429
  0.08587500000000000   0.50000760841631841
  0.08600000000000000   0.50000149981824330
  0.08612500000000000   0.49999944369173491
  0.08625000000000000   0.50000145200136097
  0.08637500000000000   0.50000824695229980
  0.08650000000000000   0.50000044673654190
  0.08662500000000000   0.50000447385218951
  0.08675000000000000   0.50000167018390014
  0.08687500000000000   0.49999420649333151
  0.08700000000000000   0.50000049456896653
  0.08712500000000000   0.50000819571044622
  0.08725000000000000   0.50000326224275045
  0.08737500000000000   0.49999779905176430
  0.08750000000000000   0.50000130040422949
  0.08762500000000000   0.49999970310507607
  0.08775000000000000   0.50000606098466693
  0.08787500000000000   0.50000039317691773
  0.08800000000000000   0.50000153879725695
  0.08812500000000000   0.50000029926714370
  0.08825000000000000   0.49999860767498207
  0.08837500000000000   0.49999168344015895
  0.08850000000000000   0.50000169758565979
  0.08862500000000000   0.49999103898147734
  0.08875000000000000   0.49999883428446764
  0.08887500000000000   0.50000226420978148
  0.08900000000000000   0.50000163427764664
  0.08912500000000000   0.49999071551022205
  0.08925000000000000   0.49999858760202768
  0.08937500000000000   0.50000048857705679
  0.08950000000000000   0.50000151262156106
  0.08962500000000000   0.50000935649918387
  0.08975000000000000   0.50000459074002615
  0.08987500000000000   0.50000173136504783
  0.09000000000000000   0.50000092572888769
  0.09012500000000000   0.50000807746724107
  0.09025000000000000   0.50000008430969164
  0.09037500000000000   0.50000141438313686
  0.09050000000000000   0.50000924458951071
  0.09062500000000000   0.50000168142143122
  0.09075000000000000   0.50000360444629924
  0.09087500000000000   0.50000947247917039
  0.09100000000000000   0.50000166029389040
  0.09112500000000000   0.50000341372143081
  0.09125000000000000   0.49999954326669376
  0.09137500000000000   0.49999426319385781
  0.09150000000000000   0.49999822690652322
  0.09162500000000000   0.49999946139837171
  0.09175000000000000   0.49999610705976014
  0.09187500000000000   0.49999579989637753
  0.09200000000000000   0.49999985944872102
  0.09212500000000000   0.50000334637110709
  0.09225000000000000   0.50000159520181339
  0.09237500000000000   0.49999904197748463
  0.09250000000000000   0.50000184888723489
  0.09262500000000000   0.50000097945473783
  0.09275000000000000   0.50000159823962822
  0.09287500000000000   0.49999274533322215
  0.09300000000000000   0.50000703347452914
  0.09312500000000000   0.50000368596770044
  0.09325000000000000   0.50000896258103870
  0.09337500000000000   0.50000271493985452
  0.09350000000000000   0.49999121362853521
  0.09362500000000000   0.50000599414987649
  0.09375000000000000   0.49999823526674444
  0.09387500000000000   0.50000183436998804
  0.09400000000000000   0.49999053060858125
  0.09412500000000000   0.49999832405360704
  0.09425000000000000   0.49999100760072958
  0.09437500000000000   0.49999141666738574
  0.09450000000000000   0.50000862958154715
  0.09462500000000000   0.49999830745093275
  0.09475000000000000   0.49999828505345410
  0.09487500000000000   0.49999827300951100
  0.09500000000000000   0.50000788788364140
  0.09512500000000000   0.49999598789113324
  0.09525000000000000   0.50000356275496164
  0.09537500000000000   0.49999472011569853
  0.09550000000000000   0.50001008181862420
  0.09562500000000000   0.49999808459967744
  0.09575000000000000   0.49999843618981785
  0.09587500000000000   0.49999187699642501
  0.09600000000000000   0.50000174731140654
  0.09612500000000000   0.49998977921483417
  0.09625000000000000   0.49999671608241235
  0.09637500000000000   0.49999237339128895
  0.09650000000000000   0.50000681362974182
  0.09662500000000000   0.49999826129706799
  0.09675000000000000   0.50000103569410154
  0.09687500000000000   0.50000006310718276
  0.09700000000000000   0.49999893406932549
  0.09712500000000000   0.49999399889062978
  0.09725000000000000   0.49999581030566601
  0.09737500000000000   0.50000091705045943
  0.09750000000000000   0.49999827144528213
  0.09762500000000000   0.50000643462071123
  0.09775000000000000   0.49999032412406493
  0.09787500000000000   0.49999796308210443
  0.09800000000000000   0.49999895070682355
  0.09812500000000000   0.49999060303376063
  0.09825000000000000   0.50000211208251612
  0.09837500000000000   0.49999822175606363
  0.09850000000000000   0.49998940461058528
  0.09862500000000000   0.50000642209694521
  0.09875000000000000   0.50000204004078366
  0.09887500000000000   0.50000182189690578
  0.09900000000000000   0.50000988510736631
  0.09912500000000000   0.50000138641847785
  0.09925000000000000   0.49999385626946275
  0.09937500000000000   0.49999792128797410
  0.09950000000000000   0.50000159661403313
  0.09962500000000000   0.50000210022304288
  0.09975000000000000   0.50001087616482805
  0.09987500000000000   0.49999390250768761
  0.10000000000000000   0.49999362806093614
  0.10012500000000000   0.49999376326609122
  0.10025000000000000   0.49999285160031465
  0.10037500000000000   0.49999784771642974
  0.10050000000000000   0.50000990229011840
  0.10062500000000000   0.49999919190945441
  0.10075000000000000   0.49999277385178140
  0.10087500000000000   0.50000205246388480
  0.10100000000000000   0.49999789594005691
  0.10112500000000000   0.50000827327627335
  0.10125000000000000   0.49999894007003193
  0.10137500000000000   0.49999586387939028
  0.10150000000000000   0.49999247078862341
  0.10162500000000000   0.50000159536465977
  0.10175000000000000   0.49999450243912671
  0.10187500000000000   0.50000485807526974
  0.10200000000000000   0.50000606606220746
  0.10212500000000000   0.49999465661287149
  0.10225000000000000   0.49999501582746241
  0.10237500000000000   0.49999392606866764
  0.10250000000000000   0.50000412797333161
  0.10262500000000000   0.50001145873865379
  0.10275000000000000   0.50000131562134276
  0.10287500000000000   0.49999414678362821
  0.10300000000000000   0.50000624513218557
  0.10312500000000000   0.50000715816924216
  0.10325000000000000   0.50001171011789016
  0.10337500000000000   0.49999675494027409
  0.10350000000000000   0.49999236665329392
  0.10400000000000000   1.04503660966806227
  0.10425000000000000   0.84230622064178254
  0.10700000000000000  -0.45277905528163997
  0.10775000000000000   0.49998806871941745
  0.10800000000000000   0.49998797655714785
  0.10812500000000000   0.49998795291437476
  0.10825000000000000   0.49998796508963534
  0.10837500000000000   0.49998792882965707
  0.10850000000000000   0.49998794547329688
  0.10862500000000000   0.49998791314425731
  0.10875000000000000   0.49998794538650695
  0.10887500000000000   0.49998790085271977
  0.10900000000000000   0.49998798757608506
  0.10987500000000000   0.49999068988389770
  0.11000000000000000   0.49999023317381320
  0.11012500000000000   0.49999093598781487
  0.11025000000000000   0.49998822052919755
  0.11037500000000000   0.49999041968816375
  0.11050000000000000   0.49999161979234077
  0.11062500000000000   0.49999976094749150
  0.11075000000000000   0.49999096377895715
  0.11087500000000000   0.49999028442656052
  0.11100000000000000   0.49999935623681194
  0.11112500000000000   0.49999097199053731
  0.11125000000000000   0.49999067668308658
  0.11137500000000000   0.49999003532507336
  0.11150000000000000   0.49998935666711390
  0.11162500000000000   0.49998933842267741
  0.11175000000000000   0.49998840624634664
  0.11187500000000000   0.49998834848246489
  0.11200000000000000   0.49998877630623148
  0.11212500000000000   0.50000037437102011
  0.11225000000000000   0.49999951130915252
  0.11237500000000000   0.49998928226628410
  0.11250000000000000   0.50000032926642577
  0.11262500000000000   0.49998985874238853
  0.11275000000000000   0.49999051351226202
  0.11287500000000000   0.49998915778969325
  0.11300000000000000   0.49998938193408497
  0.11312500000000000   0.49999081366859444
  0.11325000000000000   0.49998864325589591
  0.11337500000000000   0.49998963803770687
  0.11350000000000000   0.49999041082068580
  0.11362500000000000   0.49998899348490885
  0.11375000000000000   0.49999036608451936
  0.11387500000000000   0.49998859644515156
  0.11400000000000000   0.49999036488802102
  0.11412500000000000   0.49998866502013705
  0.11425000000000000   0.49999027760541567
  0.11437500000000000   0.49998881783297632
  0.11450000000000000   0.49998937684296860
  0.11462500000000000   0.49998986388817679
  0.11475000000000000   0.49998916395957616
  0.11487500000000000   0.49999010881006002
  0.11500000000000000   0.49998897855596884
  0.11512500000000000   0.49998972134407911
  0.11525000000000000   0.49998969040969225
  0.11537500000000000   0.49998906181112649
  0.11550000000000000   0.49998964058166127
  0.11562500000000000   0.49998985706312057
  0.11575000000000000   0.49998902140323565
  0.11587500000000000   0.49998955990729012
  0.11600000000000000   0.49998989511794830
  0.11612500000000000   0.49998931550913207
  0.11625000000000000   0.49998920054595696
  0.11637500000000000   0.49998926182558735
  0.11650000000000000   0.49998959804167149
  0.11662500000000000   0.49998973204841054
  0.11675000000000000   0.49998961103477363
  0.11687500000000000   0.49998944288093160
  0.11700000000000000   0.49998936591389169
  0.11712500000000000   0.49998943429644913
  0.11725000000000000   0.49998942205052310
  0.11737500000000000   0.49998944055438842
  0.11750000000000000   0.49998947049195747
  0.11762500000000000   0.49999999510502805
  0.11775000000000000   0.50000001614095133
  0.11787500000000000   0.50000000767031615
  0.11800000000000000   0.50000004262960209
  0.11812500000000000   0.50000000034880948
  0.11825000000000000   0.49999992400042953
  0.11837500000000000   0.49999991450956791
  0.11850000000000000   0.49999987420554640
  0.11862500000000000   0.50000004300517683
  0.11875000000000000   0.50000016552720125
  0.11887500000000000   0.49998987055830601
  0.11900000000000000   0.49998955020513817
  0.11912500000000000   0.49998907427141855
  0.11925000000000000   0.49999000007948786
  0.11937500000000000   0.49998976682147989
  0.11950000000000000   0.49998902811926387
  0.11962500000000000   0.49999008097925060
  0.11975000000000000   0.49998906158881658
  0.11987500000000000   0.49999017779316003
  0.12000000000000000   0.49998883832042611
  0.12012500000000000   0.49999019455340469
  0.12025000000000000   0.49998875590217410
  0.12037500000000000   0.49999983217727591
  0.12050000000000000   0.49998868243533946
  0.12062500000000000   0.49998984474531078
  0.12075000000000000   0.49999989988122950
  0.12087500000000000   0.49998889252328460
  0.12100000000000000   0.49999977048735414
  0.12112500000000000   0.49999953003047866
  0.12125000000000000   0.49999071903069586
  0.12137500000000000   0.49999069957006607
  0.12150000000000000   0.49999044081208546
  0.12162500000000000   0.49999092371296761
  0.12175000000000000   0.49999079489651636
  0.12187500000000000   0.49999010538076338
  0.12200000000000000   0.49998884592704024
  0.12212500000000000   0.50000071957985501
  0.12225000000000000   0.49999984032894464
  0.12237500000000000   0.49999931752090392
  0.12250000000000000   0.49998895177344091
  0.12262500000000000   0.49999007394671376
  0.12275000000000000   0.49999083055313055
  0.12287500000000000   0.49999119340752598
  0.12300000000000000   0.49999120023000593
  0.12312500000000000   0.49998931488530394
  0.12325000000000000   0.49999163145092119
  0.12337500000000000   0.50000081064674568
  0.12350000000000000   0.49998984314070444
  0.12362500000000000   0.49998796464874898
  0.12375000000000000   0.49999196048979516
  0.12437500000000000   0.05426649980190732
  0.12537500000000000   0.77724756175444789
  0.12625000000000000   0.97366948460801267
  0.12687500000000000  -0.48084845514516918
  0.13300000000000000   0.55214913306260435
  0.13375000000000000   0.00064867207409563
  0.13625000000000000   0.48957416163124060
  0.14212500000000000   0.09920156388901128
  0.14450000000000000   0.00398934697957082
  0.14700000000000000   0.95432903121421689
  0.14862500000000000   0.50656882579772196
  0.14937500000000000   0.70344116979505615
  0.15062500000000000   0.78732713618010032
  0.15100000000000000  -0.34121681340697154
  0.15637500000000000  -0.29060369234330310
  0.15937500000000000   0.67197849287949183
  0.16050000000000000  -0.06528246381988842
  0.16150000000000000   1.32658415526673721
  0.16300000000000000   0.93510803972714140
  0.16312500000000000   0.34153681272407401
  0.16812500000000000   0.15961131564331302
  0.16837500000000000  -0.07934831072217647
  0.17137500000000000   1.28727823756349516
  0.17400000000000000   0.35841211738327163
  0.18175000000000000   0.75616617506712715
  0.18237500000000000   0.81318294038110486
  0.18462500000000000   1.49184012754858662
  0.18537500000000000   0.26524293394855027
  0.18612500000000000  -0.33253662212959964
  0.18700000000000000  -0.36696455120642108
  0.18950000000000000   0.06170711510880994
  0.19237500000000000   0.37737147701564256
  0.19412500000000000  -0.42921460526821622
  0.19700000000000000   0.10152014712109308
  0.20800000000000000   0.00669853938644720
  0.20950000000000000   0.41040476722615220
  0.21662500000000000   0.65898280376456190
  0.21862500000000000  -0.32454760582402744
  0.21875000000000000  -0.15304525357013205
  0.22050000000000000   0.84943793206713761
  0.22100000000000000   0.03410146193143043
  0.22287500000000000  -0.03846688943853259
  0.22525000000000000   0.92811869340326489
  0.22625000000000000   0.03929141182514897
  0.23137500000000000   1.03192221751509290
  0.23425000000000000   0.57017895530098941
  0.24350000000000000  -0.11583216754416475
  0.24987500000000000   0.88556194322077092
  0.25137500000000000  -0.30157574899739731
  0.25450000000000000   0.84083831035740018
  0.25500000000000000   0.83142527989393198
  0.25900000000000000  -0.30456930474345311
  0.26262500000000000   1.35908769320100749
  0.26362500000000000   1.31717509408876969
  0.26387500000000000   1.34474530510810710
  0.26437500000000000  -0.20636690784997153
  0.26775000000000000   0.36529185255418197
  0.27087500000000000   0.23900225680681298
  0.27912500000000000   0.12925586497573361
  0.28037500000000000   1.10559853432150265
  0.28087500000000000   0.77876402861677831
  0.28100000000000000   0.66102188357337537
  0.28625000000000000   1.32380172106862772
  0.28762500000000000  -0.42434761076582949
  0.28900000000000000   0.13644358547749371
  0.29787500000000000   1.47287476250421970
  0.29850000000000000   1.35786464056186973
  0.30937500000000000   1.30975547603530949
  0.30950000000000000   0.30355495075377076
  0.31162500000000000   0.14501210256519232
  0.31187500000000000   0.35231070085655410
  0.31300000000000000   1.35131779898768977
  0.31350000000000000   1.00061712286445305
  0.31400000000000000   0.05034552194311743
  0.31987500000000000   0.54747464592546636
  0.32437500000000000   0.99999999430912478
  0.32450000000000000   1.00000000051212417
  0.32462500000000000   0.99994085384160896
  0.32475000000000000   0.99999999983856882
  0.32487500000000000   0.99999999987382749
  0.32500000000000000   0.99999999931248890
  0.32512500000000000   0.99994084923219661
  0.32525000000000000   0.99999999840063128
  0.32537500000000000   1.00000000006505884
  0.32550000000000000   0.99999999621839941
  0.32562500000000000   1.00000000443322619
  0.32587500000000000   0.99994075994253802
  0.32612500000000000   1.00000000616911333
  0.32675000000000000   0.99999999575138213
  0.32687500000000000   0.99999999801453494
  0.32700000000000000   1.00000000374252297
  0.32712500000000000   1.00005917543631623
  0.32725000000000000   0.99999999960874936
  0.32737500000000000   0.99999999972939499
  0.32750000000000000   1.00000000078767836
  0.32762500000000000   1.00005917382616063
  0.32775000000000000   0.99999999695000762
  0.32800000000000000   0.99994078223037952
  0.32850000000000000  -0.42729623888521828
  0.32975000000000000   0.70810768367634344
  0.33775000000000000  -0.08931224767432612
  0.33850000000000000   0.70016917517977733
  0.34462500000000000   1.14056808738260840
  0.34775000000000000   1.11138563517028011
  0.34912500000000000   0.98167672103168309
  0.35337500000000000   1.31375713727950600
  0.35425000000000000   0.44012073947897916
  0.35900000000000000   0.02778825933658552
  0.36200000000000000   0.45481055331242693
  0.36850000000000000   0.98003708568821292
  0.37312500000000000   0.76342278162367972
  0.37987500000000000   0.91928286759390624
  0.38025000000000000   1.01634956965772696
  0.38325000000000000   0.53031508551075619
  0.38637500000000000   1.25267945663876567
  0.40775000000000000   0.89484566349901439
  0.42250000000000000   0.42985284585900017
  0.42825000000000000   0.04263324219981523
  0.42850000000000000   0.49268071347938720
  0.43037500000000000   0.90548239436065362
  0.43237500000000000   0.41590146047048483
  0.44050000000000000  -0.34369473386526523
  0.44450000000000000   0.58670969986206839
  0.44650000000000000  -0.17454070236376910
  0.44812500000000000   1.20907697146740105
  0.44912500000000000   0.61366104653989442
  0.45025000000000000   0.35148640349749576
  0.45187500000000000  -0.06134025150832317
  0.45200000000000000   0.74636210204363080
  0.45325000000000000  -0.11879477325857849
  0.45912500000000000   0.54262952691909527
  0.46025000000000000  -0.17068699144018895
  0.46037500000000000  -0.05499013486546660
  0.46062500000000000  -0.43516488720652750
  0.46212500000000000   1.47257994504881511
  0.47100000000000000   1.13998129137042560
  0.47400000000000000   0.31726230207679533
  0.47575000000000000  -0.36610904137601878
  0.48150000000000000  -0.44434353968130219
  0.48212500000000000   1.12665114478718899
  0.48225000000000000   0.36409275079406485
  0.48337500000000000  -0.01888598921387086
  0.48362500000000000   0.82906442665967640
  0.48962500000000000   0.36300938802478482
  0.49112500000000000   1.29293763744977638
  0.49487500000000000  -0.07559899754478228
  0.49550000000000000  -0.48407087738541520
  0.49612500000000000   0.38227015312608769
  0.49900000000000000   0.93397587627059321
