 -0.49625000000000000   0.17211976225333914
 -0.49550000000000000   0.25515552765546470
 -0.49087500000000000  -0.07288101637282357
 -0.48987500000000000   0.67295286852739929
 -0.48487500000000000   0.80438341202457717
 -0.48125000000000000  -0.22710519563737532
 -0.47962500000000000  -0.40639515778477545
 -0.47662500000000000   0.24872903539403552
 -0.47412500000000000   0.69414689107562862
 -0.47387500000000000   0.02021704639060858
 -0.47050000000000000   0.15192749406251821
 -0.46575000000000000   0.36196910121472642
 -0.46287500000000000   1.42026241724357005
 -0.46050000000000000   0.68483308088261908
 -0.45750000000000000   1.45851693249378403
 -0.45250000000000000  -0.30230377119107532
 -0.45175000000000000   0.42223699212462529
 -0.45150000000000000   0.31692102778834850
 -0.44862500000000000  -0.36342214935573487
 -0.44612500000000000   1.22210553442057859
 -0.44262500000000000   1.42618187164179259
 -0.44100000000000000  -0.49197011502938557
 -0.43812500000000000   1.39588190740359961
 -0.43650000000000000   0.44279994520444819
 -0.43562500000000000  -0.15629914737464701
 -0.43300000000000000   0.01614318157869663
 -0.43250000000000000   0.65460404807499677
 -0.42587500000000000   0.22414202294979788
 -0.42050000000000000   0.91523641435757108
 -0.41862500000000000   0.44141285660036603
 -0.41700000000000000   0.53308602570009768
 -0.41550000000000000   0.03987234199620455
 -0.41487500000000000   0.50557875662512076
 -0.41037500000000000  -0.45696348843981225
 -0.40912500000000000   1.30493513183772872
 -0.40862500000000000  -0.23759173702237649
 -0.40737500000000000   0.62735750674812184
 -0.40600000000000000   0.06949768605505971
 -0.40575000000000000   1.10159654195291497
 -0.40400000000000000   1.01231214355928252
 -0.40162500000000000  -0.45317852968165936
 -0.39962500000000000   0.36883111337621864
 -0.39650000000000000  -0.28441995907583255
 -0.39637500000000000   0.54564690004099523
 -0.39500000000000000   0.56379910386854099
 -0.39037500000000000   0.02039877777495771
 -0.38912500000000000  -0.15751838926362883
 -0.38700000000000000   0.37616743977305664
 -0.38687500000000000  -0.02870890301417251
 -0.38462500000000000   0.47789301242591567
 -0.37900000000000000   1.26950600170981315
 -0.37862500000000000  -0.23821790132622664
 -0.37775000000000000   0.46743706898920048
 -0.37725000000000000   0.22998933752083744
 -0.37050000000000000  -0.37382752531025192
 -0.36475000000000000   0.89304199820015883
 -0.36462500000000000   1.42107787765574382
 -0.36187500000000000   0.82557983029440777
 -0.36037500000000000   0.57222860225385910
 -0.35825000000000000  -0.05839830791344160
 -0.35562500000000000  -0.35787617469135971
 -0.35512500000000000   0.93375945565587216
 -0.35175000000000000   0.84958790720281791
 -0.35125000000000000  -0.12872518492930557
 -0.34712500000000000  -0.13171773865540714
 -0.34587500000000000   0.34587785551727235
 -0.34425000000000000   0.39939849035546498
 -0.34237500000000000   1.08560762120510463
 -0.33962500000000000   0.84900619626045765
 -0.33012500000000000   1.31282124335298308
 -0.31925000000000000   1.39307130581462828
 -0.31662500000000000   0.44250896209686411
 -0.30575000000000000   0.94889582033518131
 -0.30250000000000000  -0.44247969758795956
 -0.29962500000000000  -0.01077652015740729
 -0.29850000000000000  -0.30784652528398209
 -0.29725000000000000   0.56984249832205729
 -0.29712500000000000  -0.43303928487931201
 -0.29512500000000000   1.19772705172575550
 -0.29487500000000000  -0.15451108687850155
 -0.29212500000000000   0.03867437157707139
 -0.29200000000000000   0.00008735771476995
 -0.29162500000000000   0.17806557517473877
 -0.29137500000000000   0.05688476284642492
 -0.29075000000000000   0.41103535161265697
 -0.28750000000000000   1.29255432099871451
 -0.28612500000000000   0.67869312516668610
 -0.28487500000000000   0.64162253078531648
 -0.28187500000000000  -0.46396835628167405
 -0.28050000000000000  -0.21241035433134667
 -0.27700000000000000   1.28933435805773749
 -0.27687500000000000   0.32918666743344466
 -0.27625000000000000   0.09160778085361990
 -0.27575000000000000   1.35005873434840701
 -0.27450000000000000   1.46998940263394695
 -0.27425000000000000   0.75832023008701820
 -0.26912500000000000  -0.22068429320818376
 -0.26812500000000000   0.78400480814356498
 -0.26362500000000000   0.83957235061351736
 -0.26150000000000000   0.19349795165823503
 -0.25562500000000000   1.07618140365834007
 -0.25400000000000000   0.60717896745999934
 -0.25300000000000000  -0.10572297386875114
 -0.25100000000000000   0.59312065507806632
 -0.24975000000000000   0.32857852059148520
 -0.24750000000000000   0.64149768970654010
 -0.24600000000000000  -0.49498529303151591
 -0.24237500000000000  -0.34016383473927437
 -0.24162500000000000   0.11983427232611898
 -0.23912500000000000  -0.05885669660776553
 -0.23462500000000000   0.07989709523874688
 -0.23237500000000000  -0.39993394393123559
 -0.23225000000000000   0.79142275705385924
 -0.22962500000000000   1.16643844571936457
 -0.22675000000000000   0.67858355395562225
 -0.22487500000000000   1.04659375504599025
 -0.22462500000000000   1.09739287232212715
 -0.22250000000000000  -0.13120101468494344
 -0.22125000000000000   0.69612891394558752
 -0.21400000000000000   0.65690540157399206
 -0.21287500000000000   0.62323346680676938
 -0.21087500000000000  -0.46024795845489803
 -0.21000000000000000   0.54041493528131579
 -0.20962500000000000  -0.06989102881297034
 -0.20887500000000000  -0.25870665214443746
 -0.20375000000000000  -0.22951288315417707
 -0.20337500000000000  -0.06504585924150406
 -0.20175000000000000  -0.03279021093056552
 -0.19850000000000000   0.30798067350171962
 -0.19725000000000000   1.06317769252520972
 -0.19475000000000000   0.64139505573098104
 -0.19175000000000000  -0.20385020412804384
 -0.18825000000000000   0.45456983920441061
 -0.18375000000000000   1.16193168913877604
 -0.18362500000000000   0.72917040778132580
 -0.18325000000000000   0.89873527565253717
 -0.18150000000000000   0.35388059510208243
 -0.17962500000000000   0.27966632388492202
 -0.17837500000000000   0.68838361097781317
 -0.17612500000000000  -0.42444880881770809
 -0.16987500000000000  -0.12679448005519215
 -0.16875000000000000   0.06287488086307260
 -0.16550000000000000  -0.02851628693851304
 -0.16537500000000000   0.86677690771384063
 -0.16512500000000000   0.84281298709935401
 -0.15937500000000000   0.84327673349929440
 -0.15900000000000000   0.35893476545266185
 -0.15787500000000000   0.02039449092061919
 -0.15662500000000000   0.39929471940333076
 -0.15487500000000000   0.41258184175812106
 -0.15262500000000000   0.69956141615348035
 -0.15150000000000000   0.46292861859679247
 -0.14962500000000000   1.09635493844285978
 -0.14950000000000000   1.13127403653618454
 -0.14900000000000000   0.02820332615950330
 -0.14812500000000000   0.31113080804031145
 -0.14537500000000000   1.31686508937869959
 -0.14500000000000000   0.48060449646687500
 -0.14112500000000000   1.37374823020809525
 -0.14012500000000000   0.22292641107418090
 -0.13812500000000000   1.32395674191104031
 -0.13662500000000000   1.32867535728372437
 -0.13575000000000000   0.48542814352742298
 -0.13112500000000000  -0.08117529381286094
 -0.12075000000000000   1.43032106299201585
 -0.11687500000000000   1.27494035494557060
 -0.11675000000000000   0.20252917731625103
 -0.11475000000000000   0.21838924941685264
 -0.11337500000000000   0.49999709205063471
 -0.11187500000000000   1.08539935738864861
 -0.11162500000000000   0.49999648207398464
 -0.11150000000000000   0.50000606374114360
 -0.11100000000000000   0.49999721038600347
 -0.11025000000000000   0.50000705341430273
 -0.11012500000000000   0.49999692327915710
 -0.11000000000000000   0.50000107083059307
 -0.10987500000000000   0.50001061971672264
 -0.10975000000000000   0.49999746413050818
 -0.10962500000000000   0.50000271920521031
 -0.10950000000000000   0.49999685485546092
 -0.10937500000000000   0.49999763534701735
 -0.10925000000000000   0.50000280193580773
 -0.10912500000000000   0.49999756981355595
 -0.10900000000000000   0.50000204096947343
 -0.10887500000000000   0.49999688178764925
 -0.10875000000000000   0.49999799468923043
 -0.10862500000000000   0.50000255304942352
 -0.10850000000000000   0.49999738834876138
 -0.10837500000000000   0.49999729291848828
 -0.10825000000000000   0.49999724119470135
 -0.10812500000000000   0.49999732657505692
 -0.10800000000000000   0.49999745230796826
 -0.10787500000000000   0.49999751822580646
 -0.10775000000000000   0.50000242314440230
 -0.10762500000000000   0.50000237408278727
 -0.10750000000000000   0.50000268278190577
 -0.10737500000000000   0.50000222700637997
 -0.10725000000000000   0.50000238404942167
 -0.10712500000000000   0.50000270828786783
 -0.10700000000000000   0.50000278882543530
 -0.10687500000000000   0.49999723482399877
 -0.10675000000000000   0.49999721300932080
 -0.10662500000000000   0.50000249609909972
 -0.10650000000000000   0.49999713892022879
 -0.10637500000000000   0.50000173911163547
 -0.10625000000000000   0.49999840557211746
 -0.10612500000000000   0.49999751285989266
 -0.10600000000000000   0.50000815309127477
 -0.10587500000000000   0.50000263669515390
 -0.10575000000000000   0.49999703431147844
 -0.10562500000000000   0.49999703184012130
 -0.10550000000000000   0.49999732768697486
 -0.10537500000000000   0.50000289798600598
 -0.10525000000000000   0.50000289152722402
 -0.10512500000000000   0.49999907406310642
 -0.10500000000000000   0.50001180590986365
 -0.10487500000000000   0.49999495352833844
 -0.10450000000000000   0.50000063910683238
 -0.10437500000000000   0.49999342657922735
 -0.10425000000000000   0.49998817656447150
 -0.10412500000000000   0.50000170595952800
 -0.10400000000000000   0.49999735802271684
 -0.10387500000000000   0.50001112530597961
 -0.10375000000000000   0.49998875000291993
 -0.10362500000000000   0.50000558306861427
 -0.10350000000000000   0.50000293604633194
 -0.10337500000000000   0.50000116888113736
 -0.10325000000000000   0.50000291394331167
 -0.10312500000000000   0.50000037756070711
 -0.10300000000000000   0.49999276108126452
 -0.10287500000000000   0.50001157025973681
 -0.10275000000000000   0.49998879117621841
 -0.10262500000000000   0.50000342158939006
 -0.10250000000000000   0.49999622870989019
 -0.10237500000000000   0.49999572843765173
 -0.10225000000000000   0.49999580191145500
 -0.10212500000000000   0.49999539454824843
 -0.10200000000000000   0.50000265626789182
 -0.10187500000000000   0.49999544641193221
 -0.10175000000000000   0.50000269785726498
 -0.10162500000000000   0.50001026018491890
 -0.10150000000000000   0.49998855911159545
 -0.10137500000000000   0.49999782769709258
 -0.10125000000000000   0.50000378967045385
 -0.10112500000000000   0.49999715350700890
 -0.10100000000000000   0.50000222887020393
 -0.10087500000000000   0.50001135106690826
 -0.10075000000000000   0.50000263681754806
 -0.10062500000000000   0.50000020488785727
 -0.10050000000000000   0.49999753717556277
 -0.10037500000000000   0.49998874075155222
 -0.10025000000000000   0.50000253197335755
 -0.10012500000000000   0.50000001821286758
 -0.10000000000000000   0.49999739703811143
 -0.09987500000000000   0.49998892929221078
 -0.09975000000000000   0.49999901831146649
 -0.09962500000000000   0.50000146360548726
 -0.09950000000000000   0.50000279555511353
 -0.09937500000000000   0.49999745711895615
 -0.09925000000000000   0.50000511413865225
 -0.09912500000000000   0.50000507271765692
 -0.09900000000000000   0.49999759268178101
 -0.09887500000000000   0.49999753836505045
 -0.09875000000000000   0.49999750549126130
 -0.09862500000000000   0.49999745306067687
 -0.09850000000000000   0.49999755920376055
 -0.09837500000000000   0.49999364729046329
 -0.09825000000000000   0.50000244178690593
 -0.09812500000000000   0.49999919967312010
 -0.09800000000000000   0.49999809872887532
 -0.09787500000000000   0.50000272971495513
 -0.09775000000000000   0.50000661908515747
 -0.09762500000000000   0.50000168209832164
 -0.09750000000000000   0.49999730990021973
 -0.09737500000000000   0.49998921133248663
 -0.09725000000000000   0.49999922050549853
 -0.09712500000000000   0.49998930252012986
 -0.09700000000000000   0.49999734760023549
 -0.09687500000000000   0.49999995271346375
 -0.09675000000000000   0.50000265224791625
 -0.09662500000000000   0.49998947286067460
 -0.09650000000000000   0.49999677740583065
 -0.09637500000000000   0.49999032147940754
 -0.09625000000000000   0.49999765124619130
 -0.09612500000000000   0.49999738642639364
 -0.09600000000000000   0.49999867370705886
 -0.09587500000000000   0.49999738877441236
 -0.09575000000000000   0.49998941171158505
 -0.09562500000000000   0.50000481705941000
 -0.09550000000000000   0.49999752020479300
 -0.09537500000000000   0.50000992323296100
 -0.09525000000000000   0.50000074904264117
 -0.09512500000000000   0.50000990056750701
 -0.09500000000000000   0.50000754071134533
 -0.09487500000000000   0.50000338985869988
 -0.09475000000000000   0.50001037327575750
 -0.09462500000000000   0.49999615540638382
 -0.09450000000000000   0.50000452147739869
 -0.09437500000000000   0.49998978441709282
 -0.09425000000000000   0.49999704932595749
 -0.09412500000000000   0.49999156220535766
 -0.09400000000000000   0.49999751465057693
 -0.09387500000000000   0.49999872871624436
 -0.09375000000000000   0.49999957534641566
 -0.09362500000000000   0.50000764822826884
 -0.09350000000000000   0.49999044359361894
 -0.09337500000000000   0.49999985434263022
 -0.09325000000000000   0.49999786584308947
 -0.09312500000000000   0.49999884018127605
 -0.09300000000000000   0.50000155215697245
 -0.09287500000000000   0.50000245388823256
 -0.09275000000000000   0.50001014867027597
 -0.09262500000000000   0.50000240269776574
 -0.09250000000000000   0.49999751260950243
 -0.09237500000000000   0.49999106622510030
 -0.09225000000000000   0.49999053751535838
 -0.09212500000000000   0.50000391149288590
 -0.09200000000000000   0.50000398420867320
 -0.09187500000000000   0.50000974530113486
 -0.09175000000000000   0.50000113305094058
 -0.09162500000000000   0.49999752842365780
 -0.09150000000000000   0.49999563530079942
 -0.09137500000000000   0.50000076681380024
 -0.09125000000000000   0.50000816395058447
 -0.09112500000000000   0.49999730974627536
 -0.09100000000000000   0.50000288157448003
 -0.09087500000000000   0.49999057077493878
 -0.09075000000000000   0.49999921454353340
 -0.09062500000000000   0.50000762446344783
 -0.09050000000000000   0.50000090881194074
 -0.09037500000000000   0.50000595649298665
 -0.09025000000000000   0.49999021458078163
 -0.09012500000000000   0.49999861122756297
 -0.09000000000000000   0.50000177304002711
 -0.08987500000000000   0.50000300877450804
 -0.08975000000000000   0.49999844130577979
 -0.08962500000000000   0.49999032988120151
 -0.08950000000000000   0.49999808005031113
 -0.08937500000000000   0.50000182284377046
 -0.08925000000000000   0.50000434014463475
 -0.08912500000000000   0.49999828630186656
 -0.08900000000000000   0.49999039709492311
 -0.08887500000000000   0.50000698006919997
 -0.08875000000000000   0.50000375769210974
 -0.08862500000000000   0.50000216437950652
 -0.08850000000000000   0.49999810357783618
 -0.08837500000000000   0.49999062152412467
 -0.08825000000000000   0.50000842476828565
 -0.08812500000000000   0.50000205420273242
 -0.08800000000000000   0.49999970507321417
 -0.08787500000000000   0.49999604836528495
 -0.08775000000000000   0.50000154352504137
 -0.08762500000000000   0.50000939381334365
 -0.08750000000000000   0.49999248802904809
 -0.08737500000000000   0.49999587131146891
 -0.08725000000000000   0.49999995398904073
 -0.08712500000000000   0.50000227726324381
 -0.08700000000000000   0.50000839727996960
 -0.08687500000000000   0.49999070830575428
 -0.08675000000000000   0.49999863514880580
 -0.08662500000000000   0.50000487118378076
 -0.08650000000000000   0.50000052770930953
 -0.08637500000000000   0.49999772552333290
 -0.08625000000000000   0.49999266720734579
 -0.08612500000000000   0.50000917599181127
 -0.08600000000000000   0.50000103614259955
 -0.08587500000000000   0.49999505491902949
 -0.08575000000000000   0.49999948791998951
 -0.08562500000000000   0.50000224652664066
 -0.08550000000000000   0.50000716423563190
 -0.08537500000000000   0.49999094210214734
 -0.08525000000000000   0.49999890358227427
 -0.08512500000000000   0.50000374119831026
 -0.08500000000000000   0.50000113990523429
 -0.08487500000000000   0.49999780653218270
 -0.08475000000000000   0.49999145712760390
 -0.08462500000000000   0.50000881675621963
 -0.08450000000000000   0.50000153780346292
 -0.08437500000000000   0.49999826433868968
 -0.08425000000000000   0.49999609970832156
 -0.08412500000000000   0.50000151474463771
 -0.08400000000000000   0.50000883808852361
 -0.08387500000000000   0.49999522095467982
 -0.08375000000000000   0.49999785133143453
 -0.08362500000000000   0.49999501616817025
 -0.08350000000000000   0.50000875037658864
 -0.08337500000000000   0.50000145113145891
 -0.08325000000000000   0.49999982127142565
 -0.08312500000000000   0.49999228273980567
 -0.08300000000000000   0.49999132574703158
 -0.08287500000000000   0.50000202545595194
 -0.08275000000000000   0.50000199509944923
 -0.08262500000000000   0.50000839951757869
 -0.08250000000000000   0.50000217687009611
 -0.08237500000000000   0.49999959844817536
 -0.08225000000000000   0.50000070396297676
 -0.08212500000000000   0.49999228300007189
 -0.08200000000000000   0.50000533297892101
 -0.08187500000000000   0.50000212615701742
 -0.08175000000000000   0.50000131922922842
 -0.08162500000000000   0.49999535582508548
 -0.08150000000000000   0.50000382904130405
 -0.08137500000000000   0.49999174266005376
 -0.08125000000000000   0.50000427288494027
 -0.08112500000000000   0.50000086681622813
 -0.08100000000000000   0.50000687495872201
 -0.08087500000000000   0.50000785287510407
 -0.08075000000000000   0.50000533912020172
 -0.08062500000000000   0.50000639151576292
 -0.08050000000000000   0.49999941534897450
 -0.08037500000000000   0.50000065024622749
 -0.08025000000000000   0.50000635083569248
 -0.08012500000000000   0.50000518455213018
 -0.08000000000000000   0.50000548395028697
 -0.07987500000000000   0.50000565678381895
 -0.07975000000000000   0.50000542171295103
 -0.07962500000000000   0.50000590076986368
 -0.07950000000000000   0.50000723667514302
 -0.07937500000000000   0.50000795392414489
 -0.07925000000000000   0.50000629040895531
 -0.07912500000000000   0.50000648352068932
 -0.07900000000000000   0.50000786463055370
 -0.07887500000000000   0.50000587710240796
 -0.07875000000000000   0.50000769957563402
 -0.07862500000000000   0.50000600616776650
 -0.07850000000000000   0.50000767434687498
 -0.07837500000000000   0.50000023494771266
 -0.07825000000000000   0.49999992540083782
 -0.07812500000000000   0.49999978646464612
 -0.07800000000000000   0.50000033031946675
 -0.07787500000000000   0.49999972075350748
 -0.07775000000000000   0.49999992908278748
 -0.07762500000000000   0.50000028770370856
 -0.07750000000000000   0.49999992855333524
 -0.07737500000000000   0.49999975628492540
 -0.07725000000000000   0.50000011160393079
 -0.07712500000000000   0.50000022483946957
 -0.07700000000000000   0.50000002111148875
 -0.07687500000000000   0.49999982736658366
 -0.07675000000000000   0.49999983901634711
 -0.07662500000000000   0.49999998115874907
 -0.07650000000000000   0.50000010263239879
 -0.07637500000000000   0.50000012511929534
 -0.07625000000000000   0.50000009635257165
 -0.07612500000000000   0.50000004478157249
 -0.07600000000000000   0.50000000182388550
 -0.07587500000000000   0.49999997901913363
 -0.07575000000000000   0.49999997404839616
 -0.07562500000000000   0.49999998505413093
 -0.07550000000000000   0.49999999362969799
 -0.07537500000000000   0.50000000437350724
 -0.07525000000000000   0.50000704299803739
 -0.07512500000000000   0.50000706208091025
 -0.07500000000000000   0.50000706292587178
 -0.07487500000000000   0.50000703095754867
 -0.07475000000000000   0.50000695432258711
 -0.07462500000000000   0.50000684321702120
 -0.07450000000000000   0.50000675297219775
 -0.07437500000000000   0.50000677357811298
 -0.07425000000000000   0.50000695504530289
 -0.07412500000000000   0.50000721838010318
 -0.07400000000000000   0.50000735415950606
 -0.07387500000000000   0.50000710921511830
 -0.07375000000000000   0.50000661411177986
 -0.07362500000000000   0.50000654924888482
 -0.07350000000000000   0.50000708546302277
 -0.07337500000000000   0.50000749413482511
 -0.07325000000000000   0.50000688410153063
 -0.07312500000000000   0.50000634242342806
 -0.07300000000000000   0.50000711244840650
 -0.07287500000000000   0.50000754008511874
 -0.07275000000000000   0.50000640385927888
 -0.07262500000000000   0.50000679542299623
 -0.07250000000000000   0.50000765219878478
 -0.07237500000000000   0.50000620032602666
 -0.07225000000000000   0.50000715735226266
 -0.07212500000000000   0.50000739318527970
 -0.07200000000000000   0.50000624213752777
 -0.07187500000000000   0.50000778466933559
 -0.07175000000000000   0.50000587660387814
 -0.07162500000000000   0.50000777325798636
 -0.07150000000000000   0.50000577720661216
 -0.07137500000000000   0.50000786782076235
 -0.07125000000000000   0.50000586514710761
 -0.07112500000000000   0.50000743503604835
 -0.07100000000000000   0.50000718068663501
 -0.07087500000000000   0.49999950773976425
 -0.07075000000000000   0.49999987908999716
 -0.07062500000000000   0.50000064009329234
 -0.07050000000000000   0.50000771430959814
 -0.07037500000000000   0.50000799999385762
 -0.07025000000000000   0.50000754083928657
 -0.07012500000000000   0.50000710714278727
 -0.07000000000000000   0.50000709475128314
 -0.06987500000000000   0.50000743141506202
 -0.06975000000000000   0.50000808490025208
 -0.06962500000000000   0.50000662272736682
 -0.06950000000000000   0.50000596802159451
 -0.06937500000000000   0.50000718026751473
 -0.06925000000000000   0.50000076533791647
 -0.06912500000000000   0.50000611952460760
 -0.06900000000000000   0.50000512515662608
 -0.06887500000000000   0.50000818894131815
 -0.06875000000000000   0.50000750350642788
 -0.06862500000000000   0.50000498802776261
 -0.06850000000000000   0.50000133186389871
 -0.06837500000000000   0.49999262675285505
 -0.06825000000000000   0.50000039310962090
 -0.06812500000000000   0.50000390273145384
 -0.06800000000000000   0.49999569827202505
 -0.06787500000000000   0.49999835713278024
 -0.06775000000000000   0.49999948807138879
 -0.06762500000000000   0.50000477254436545
 -0.06750000000000000   0.49999998879216642
 -0.06737500000000000   0.49999633802456947
 -0.06725000000000000   0.50000113789556096
 -0.06712500000000000   0.50000593705172637
 -0.06700000000000000   0.49999266926999339
 -0.06687500000000000   0.50000751731632226
 -0.06675000000000000   0.49999978757798119
 -0.06662500000000000   0.49999987978110564
 -0.06650000000000000   0.50000700038352764
 -0.06637500000000000   0.49999297980539731
 -0.06625000000000000   0.50000688287817303
 -0.06612500000000000   0.49999384978090435
 -0.06600000000000000   0.50000131299622923
 -0.06587500000000000   0.49999852870520238
 -0.06575000000000000   0.50000001477905438
 -0.06562500000000000   0.49999823042587191
 -0.06550000000000000   0.50000339808413302
 -0.06537500000000000   0.49999501008537479
 -0.06525000000000000   0.49999955239297377
 -0.06512500000000000   0.49999963858803340
 -0.06500000000000000   0.50000102705724176
 -0.06487500000000000   0.50000212715020200
 -0.06475000000000000   0.50000094157369041
 -0.06462500000000000   0.49999626031213386
 -0.06450000000000000   0.50000611355282683
 -0.06437500000000000   0.49999960687731109
 -0.06425000000000000   0.50000119630392696
 -0.06412500000000000   0.49999837663498712
 -0.06400000000000000   0.50000330094843540
 -0.06387500000000000   0.49999387248889110
 -0.06375000000000000   0.50000696382992716
 -0.06362500000000000   0.49999520406591797
 -0.06350000000000000   0.50000118819622832
 -0.06337500000000000   0.49999858290775693
 -0.06325000000000000   0.50000080049740621
 -0.06312500000000000   0.50000051170332822
 -0.06300000000000000   0.50000242228956332
 -0.06287500000000000   0.50000218623841319
 -0.06275000000000000   0.49999414200192249
 -0.06262500000000000   0.50000666753407290
 -0.06250000000000000   0.49999645750416373
 -0.06237500000000000   0.50000158114785643
 -0.06225000000000000   0.49999891756058397
 -0.06212500000000000   0.49999972297000986
 -0.06200000000000000   0.50000136578057207
 -0.06187500000000000   0.49999744443030960
 -0.06175000000000000   0.50000633092573679
 -0.06162500000000000   0.49999376500429143
 -0.06150000000000000   0.50000222931467752
 -0.06137500000000000   0.50000312172536067
 -0.06125000000000000   0.50000025543617525
 -0.06112500000000000   0.50000116732214738
 -0.06100000000000000   0.49999841383074751
 -0.06087500000000000   0.50000114031707016
 -0.06075000000000000   0.49999389212128050
 -0.06062500000000000   0.50000168431574062
 -0.06050000000000000   0.50000307955531508
 -0.06037500000000000   0.49999343082891439
 -0.06025000000000000   0.50000410847143182
 -0.06012500000000000   0.50000059885093538
 -0.06000000000000000   0.50000057821474765
 -0.05987500000000000   0.50000083511385765
 -0.05975000000000000   0.49999845226289225
 -0.05962500000000000   0.50000099930261882
 -0.05950000000000000   0.50000039383963506
 -0.05937500000000000   0.50000103905292936
 -0.05925000000000000   0.50000475416028318
 -0.05912500000000000   0.49999365308013374
 -0.05900000000000000   0.50000205982890584
 -0.05887500000000000   0.50000318224334658
 -0.05875000000000000   0.49999358926555875
 -0.05862500000000000   0.50000256125008408
 -0.05850000000000000   0.49999871959922825
 -0.05837500000000000   0.49999974507540480
 -0.05825000000000000   0.50000135341252915
 -0.05812500000000000   0.49999873115150586
 -0.05800000000000000   0.50000001511758867
 -0.05787500000000000   0.49999809311657364
 -0.05775000000000000   0.49999557431747316
 -0.05762500000000000   0.50000611864379866
 -0.05750000000000000   0.49999881236381408
 -0.05737500000000000   0.49999578325264298
 -0.05725000000000000   0.50000571820494986
 -0.05712500000000000   0.49999885027269731
 -0.05700000000000000   0.50000073964542540
 -0.05687500000000000   0.50000082213884855
 -0.05675000000000000   0.49999855640399858
 -0.05662500000000000   0.50000061128272790
 -0.05650000000000000   0.50000114000844604
 -0.05637500000000000   0.49999860421567679
 -0.05625000000000000   0.50000610799176446
 -0.05612500000000000   0.49999847111169871
 -0.05600000000000000   0.49999584859378463
 -0.05587500000000000   0.50000531285422448
 -0.05575000000000000   0.49999982635856947
 -0.05562500000000000   0.49999430412632679
 -0.05550000000000000   0.50000425059730241
 -0.05537500000000000   0.50000152189058413
 -0.05525000000000000   0.49999398685731256
 -0.05512500000000000   0.50000262736325599
 -0.05500000000000000   0.49999906047115161
 -0.05487500000000000   0.49999933836110777
 -0.05475000000000000   0.50000138108320535
 -0.05462500000000000   0.49999960235572933
 -0.05450000000000000   0.49999873573411908
 -0.05437500000000000   0.50000114931024611
 -0.05425000000000000   0.50000065619117419
 -0.05412500000000000   0.49999861395467650
 -0.05400000000000000   0.50000580119595047
 -0.05387500000000000   0.49999705417002828
 -0.05375000000000000   0.49999580573702827
 -0.05362500000000000   0.50000522396411701
 -0.05350000000000000   0.50000019666352481
 -0.05337500000000000   0.49999425602686066
 -0.05325000000000000   0.50000271320244251
 -0.05312500000000000   0.50000444899714373
 -0.05300000000000000   0.49999515001464418
 -0.05287500000000000   0.49999904982939368
 -0.05275000000000000   0.50000009795351926
 -0.05262500000000000   0.49999834540068186
 -0.05250000000000000   0.50000058418081893
 -0.05237500000000000   0.50000102333289130
 -0.05225000000000000   0.49999895290754768
 -0.05212500000000000   0.49999944702989365
 -0.05200000000000000   0.50000132347464270
 -0.05187500000000000   0.49999997025972913
 -0.05175000000000000   0.49999874243412717
 -0.05162500000000000   0.50000084420038297
 -0.05150000000000000   0.50000104187520725
 -0.05137500000000000   0.49999886772980107
 -0.05125000000000000   0.50000476794496796
 -0.05112500000000000   0.50000118596412025
 -0.05100000000000000   0.49999458357332967
 -0.05087500000000000   0.50000045226091466
 -0.05075000000000000   0.50000511510054514
 -0.05062500000000000   0.49999808844139898
 -0.05050000000000000   0.49999566705506026
 -0.05037500000000000   0.50000412953882323
 -0.05025000000000000   0.50000336753399535
 -0.05012500000000000   0.49999515862201646
 -0.05000000000000000   0.49999890961599091
 -0.04987500000000000   0.50000523931858597
 -0.04975000000000000   0.50000005372884522
 -0.04962500000000000   0.49999475446823084
 -0.04950000000000000   0.50000084977704328
 -0.04937500000000000   0.50000494149142794
 -0.04925000000000000   0.49999717163609786
 -0.04912500000000000   0.50000071346634069
 -0.04900000000000000   0.50000094028155439
 -0.04887500000000000   0.50000320762256891
 -0.04875000000000000   0.49999915746404486
 -0.04862500000000000   0.50000109001569178
 -0.04850000000000000   0.50000478304784969
 -0.04837500000000000   0.49999887891734008
 -0.04825000000000000   0.49999962144499116
 -0.04812500000000000   0.50000121016914612
 -0.04800000000000000   0.50000032820181362
 -0.04787500000000000   0.49999879299787104
 -0.04775000000000000   0.50000005342661273
 -0.04762500000000000   0.50000118924060590
 -0.04750000000000000   0.49999995743286940
 -0.04737500000000000   0.49999881385213282
 -0.04725000000000000   0.50000035931048610
 -0.04712500000000000   0.50000118574127553
 -0.04700000000000000   0.49999970929164780
 -0.04687500000000000   0.49999886973942122
 -0.04675000000000000   0.50000053198101379
 -0.04662500000000000   0.50000114948390614
 -0.04650000000000000   0.49999958430089609
 -0.04637500000000000   0.49999891479202630
 -0.04625000000000000   0.50000474670254204
 -0.04612500000000000   0.49999819652463234
 -0.04600000000000000   0.49999956614609450
 -0.04587500000000000   0.50000109631563549
 -0.04575000000000000   0.50000472111427196
 -0.04562500000000000   0.49999837944423975
 -0.04550000000000000   0.49999964715168894
 -0.04537500000000000   0.50000070634429053
 -0.04525000000000000   0.50000479771993002
 -0.04512500000000000   0.49999895009726767
 -0.04500000000000000   0.49999983095698578
 -0.04487500000000000   0.49999992186961921
 -0.04475000000000000   0.50000483870857903
 -0.04462500000000000   0.49999991714013603
 -0.04450000000000000   0.49999519178979963
 -0.04437500000000000   0.49999888537740665
 -0.04425000000000000   0.50000459999769388
 -0.04412500000000000   0.50000124644273301
 -0.04400000000000000   0.49999544854877560
 -0.04387500000000000   0.49999898393779613
 -0.04375000000000000   0.50000379056228662
 -0.04362500000000000   0.50000277977788548
 -0.04350000000000000   0.49999639399230054
 -0.04337500000000000   0.49999699932859716
 -0.04325000000000000   0.49999912505835498
 -0.04312500000000000   0.50000413435642718
 -0.04300000000000000   0.49999817904499109
 -0.04287500000000000   0.49999568498527418
 -0.04275000000000000   0.49999893440979743
 -0.04262500000000000   0.50000009560411698
 -0.04250000000000000   0.50000064633385759
 -0.04237500000000000   0.49999553899786627
 -0.04225000000000000   0.49999869339939672
 -0.04212500000000000   0.49999942186652994
 -0.04200000000000000   0.50000087054804703
 -0.04187500000000000   0.49999718364502198
 -0.04175000000000000   0.49999629154689370
 -0.04162500000000000   0.50000204866044949
 -0.04150000000000000   0.50000022995965132
 -0.04137500000000000   0.50000103558312016
 -0.04125000000000000   0.50000002940756967
 -0.04112500000000000   0.49999873459792601
 -0.04100000000000000   0.50000401177703830
 -0.04087500000000000   0.50000078283387092
 -0.04075000000000000   0.50000080638559525
 -0.04062500000000000   0.49999943882853651
 -0.04050000000000000   0.49999905674558439
 -0.04037500000000000   0.50000026861211194
 -0.04025000000000000   0.50000100553519028
 -0.04012500000000000   0.50000041161543849
 -0.04000000000000000   0.49999913735107356
 -0.03987500000000000   0.49999930518411524
 -0.03975000000000000   0.50000063398446201
 -0.03962500000000000   0.50000089332689344
 -0.03950000000000000   0.49999969839201870
 -0.03937500000000000   0.49999903681133042
 -0.03925000000000000   0.49999956912013359
 -0.03912500000000000   0.50000080879515026
 -0.03900000000000000   0.50000074315659818
 -0.03887500000000000   0.49999948739181779
 -0.03875000000000000   0.49999957671794728
 -0.03862500000000000   0.49999585228021903
 -0.03850000000000000   0.50000086999341564
 -0.03837500000000000   0.50000063815135465
 -0.03825000000000000   0.49999940596752362
 -0.03812500000000000   0.49999911510901742
 -0.03800000000000000   0.49999589749744993
 -0.03787500000000000   0.49999879083895375
 -0.03775000000000000   0.50000343047822180
 -0.03762500000000000   0.50000292931199718
 -0.03750000000000000   0.49999812663004265
 -0.03737500000000000   0.49999606702992221
 -0.03725000000000000   0.49999981669763325
 -0.03712500000000000   0.50000311209028797
 -0.03700000000000000   0.50000322780005089
 -0.03687500000000000   0.49999872271333285
 -0.03675000000000000   0.49999603170549810
 -0.03662500000000000   0.49999903946778255
 -0.03650000000000000   0.50000333849558694
 -0.03637500000000000   0.50000043568630304
 -0.03625000000000000   0.50000089519938160
 -0.03612500000000000   0.49999623052442345
 -0.03600000000000000   0.49999791886983949
 -0.03587500000000000   0.50000238088001444
 -0.03575000000000000   0.50000362283043076
 -0.03562500000000000   0.49999994394747733
 -0.03550000000000000   0.50000019845769143
 -0.03537500000000000   0.49999944332868204
 -0.03525000000000000   0.49999915778500715
 -0.03512500000000000   0.49999996247288570
 -0.03500000000000000   0.50000081191740521
 -0.03487500000000000   0.50000061255434637
 -0.03475000000000000   0.49999960691731124
 -0.03462500000000000   0.49999913865273554
 -0.03450000000000000   0.49999684779621602
 -0.03437500000000000   0.49999703392017516
 -0.03425000000000000   0.50000084523275655
 -0.03412500000000000   0.50000020516460579
 -0.03400000000000000   0.49999930125882769
 -0.03387500000000000   0.49999927121056501
 -0.03375000000000000   0.49999646389803310
 -0.03362500000000000   0.49999942712833999
 -0.03350000000000000   0.50000210618906724
 -0.03337500000000000   0.50000352336463246
 -0.03325000000000000   0.50000071925809274
 -0.03312500000000000   0.49999712642822334
 -0.03300000000000000   0.49999690575568045
 -0.03287500000000000   0.50000027484898937
 -0.03275000000000000   0.50000330615905498
 -0.03262500000000000   0.50000250726378335
 -0.03250000000000000   0.50000081007394081
 -0.03237500000000000   0.50000033815910657
 -0.03225000000000000   0.49999947065224273
 -0.03212500000000000   0.49999921987343571
 -0.03200000000000000   0.49999981147597515
 -0.03187500000000000   0.50000061793938833
 -0.03175000000000000   0.50000073367547817
 -0.03162500000000000   0.50000006722953644
 -0.03150000000000000   0.49999933029361806
 -0.03137500000000000   0.49999811268888063
 -0.03125000000000000   0.49999674960017439
 -0.03112500000000000   0.49999766903074996
 -0.03100000000000000   0.50000096025225260
 -0.03087500000000000   0.50000326357281968
 -0.03075000000000000   0.50000217888227977
 -0.03062500000000000   0.49999893524046498
 -0.03050000000000000   0.49999676066576350
 -0.03037500000000000   0.49999787490019627
 -0.03025000000000000   0.50000104481963430
 -0.03012500000000000   0.49999989935259659
 -0.03000000000000000   0.50000037906597806
 -0.02987500000000000   0.50000031404076574
 -0.02975000000000000   0.49999744565789672
 -0.02962500000000000   0.49999702366108034
 -0.02950000000000000   0.49999943131444011
 -0.02937500000000000   0.49999953472147293
 -0.02925000000000000   0.50000024518308732
 -0.02912500000000000   0.50000070545190826
 -0.02900000000000000   0.50000053099960477
 -0.02887500000000000   0.50000302673369446
 -0.02875000000000000   0.50000100939239766
 -0.02862500000000000   0.49999922860077124
 -0.02850000000000000   0.49999709322244407
 -0.02837500000000000   0.49999754252751444
 -0.02825000000000000   0.50000010551020985
 -0.02812500000000000   0.50000255071277626
 -0.02800000000000000   0.50000279682551336
 -0.02787500000000000   0.50000066220492762
 -0.02775000000000000   0.49999801854343587
 -0.02762500000000000   0.49999702767010897
 -0.02750000000000000   0.49999938488767736
 -0.02737500000000000   0.49999939102885677
 -0.02725000000000000   0.49999963143519894
 -0.02712500000000000   0.50000024880367607
 -0.02700000000000000   0.50000064670265837
 -0.02687500000000000   0.50000054045418541
 -0.02675000000000000   0.50000000870291194
 -0.02662500000000000   0.49999947657914976
 -0.02650000000000000   0.49999935896673974
 -0.02637500000000000   0.49999971916998927
 -0.02625000000000000   0.49999753989038393
 -0.02612500000000000   0.49999956111104961
 -0.02600000000000000   0.50000186811341261
 -0.02587500000000000   0.50000279854838383
 -0.02575000000000000   0.50000053478010721
 -0.02562500000000000   0.50000061264574828
 -0.02550000000000000   0.50000047053929610
 -0.02537500000000000   0.49999997213559379
 -0.02525000000000000   0.49999950169246950
 -0.02512500000000000   0.49999938685094599
 -0.02500000000000000   0.49999968310076769
 -0.02487500000000000   0.50000020164900672
 -0.02475000000000000   0.50000056786500812
 -0.02462500000000000   0.50000055553574613
 -0.02450000000000000   0.50000018055129778
 -0.02437500000000000   0.49999968477225663
 -0.02425000000000000   0.50000041953003171
 -0.02412500000000000   0.49999840629685875
 -0.02400000000000000   0.49999741096361750
 -0.02387500000000000   0.49999806953091961
 -0.02375000000000000   0.49999941030493349
 -0.02362500000000000   0.49999959017812613
 -0.02350000000000000   0.49999978153073073
 -0.02337500000000000   0.50000024114061515
 -0.02325000000000000   0.50000054187543603
 -0.02312500000000000   0.50000052408204701
 -0.02300000000000000   0.50000020451521865
 -0.02287500000000000   0.49999976463996077
 -0.02275000000000000   0.49999947366116996
 -0.02262500000000000   0.49999948006835454
 -0.02250000000000000   0.49999977294394477
 -0.02237500000000000   0.49999775512747325
 -0.02225000000000000   0.49999900537514825
 -0.02212500000000000   0.50000075776229058
 -0.02200000000000000   0.50000209019194504
 -0.02187500000000000   0.50000229864350269
 -0.02175000000000000   0.50000129519862567
 -0.02162500000000000   0.50000052798099629
 -0.02150000000000000   0.50000033009519945
 -0.02137500000000000   0.49999996331421750
 -0.02125000000000000   0.49999980747071483
 -0.02112500000000000   0.49999953477676623
 -0.02100000000000000   0.49999949201006674
 -0.02087500000000000   0.49999814247037084
 -0.02075000000000000   0.49999775944260774
 -0.02062500000000000   0.49999844384734243
 -0.02050000000000000   0.49999982918871628
 -0.02037500000000000   0.50000126638774476
 -0.02025000000000000   0.50000211564116831
 -0.02012500000000000   0.50000199749575585
 -0.02000000000000000   0.50000099636834579
 -0.01987500000000000   0.49999958781686339
 -0.01975000000000000   0.49999837708079019
 -0.01962500000000000   0.50000000847906656
 -0.01950000000000000   0.49999970702542134
 -0.01937500000000000   0.49999953670256793
 -0.01925000000000000   0.49999955626222335
 -0.01912500000000000   0.49999820016625519
 -0.01900000000000000   0.49999795430109940
 -0.01887500000000000   0.49999852520121997
 -0.01875000000000000   0.49999965305792777
 -0.01862500000000000   0.50000088891440775
 -0.01850000000000000   0.50000177148640709
 -0.01837500000000000   0.50000007151927976
 -0.01825000000000000   0.50000031800666455
 -0.01812500000000000   0.50000044176859918
 -0.01800000000000000   0.50000044632595405
 -0.01787500000000000   0.50000036844917944
 -0.01775000000000000   0.50000016327318195
 -0.01762500000000000   0.49999990360335676
 -0.01750000000000000   0.50000057369776001
 -0.01737500000000000   0.50000029098464836
 -0.01725000000000000   0.49999922808137106
 -0.01712500000000000   0.49999843280383048
 -0.01700000000000000   0.49999815433764771
 -0.01687500000000000   0.49999846771929529
 -0.01675000000000000   0.49999924905765754
 -0.01662500000000000   0.50000023901323084
 -0.01650000000000000   0.50000113709705724
 -0.01637500000000000   0.49999987346963342
 -0.01625000000000000   0.50000009437561044
 -0.01612500000000000   0.50000028186643898
 -0.01600000000000000   0.50000038393624101
 -0.01587500000000000   0.50000037793717292
 -0.01575000000000000   0.50000125403236251
 -0.01562500000000000   0.50000165592822547
 -0.01550000000000000   0.50000160586493755
 -0.01537500000000000   0.50000113512305739
 -0.01525000000000000   0.50000038574052912
 -0.01512500000000000   0.49999955834456636
 -0.01500000000000000   0.50000026314918905
 -0.01487500000000000   0.50000010324223097
 -0.01475000000000000   0.49999992146006734
 -0.01462500000000000   0.49999976356830493
 -0.01450000000000000   0.49999966566258031
 -0.01437500000000000   0.49999981972688664
 -0.01425000000000000   0.49999913419349743
 -0.01412500000000000   0.49999865520455424
 -0.01400000000000000   0.49999848030973620
 -0.01387500000000000   0.49999863561043404
 -0.01375000000000000   0.49999907271320362
 -0.01362500000000000   0.49999966971344684
 -0.01350000000000000   0.49999967563070787
 -0.01337500000000000   0.49999974494665462
 -0.01325000000000000   0.49999986227735605
 -0.01312500000000000   0.49999857403854486
 -0.01300000000000000   0.49999872983789538
 -0.01287500000000000   0.49999911418855547
 -0.01275000000000000   0.49999964561338957
 -0.01262500000000000   0.50000022338288275
 -0.01250000000000000   0.50000074637088500
 -0.01237500000000000   0.50000070428104302
 -0.01225000000000000   0.50000109160638066
 -0.01212500000000000   0.50000007412808418
 -0.01200000000000000   0.50000018046556749
 -0.01187500000000000   0.50000016697290955
 -0.01175000000000000   0.50000024432854957
 -0.01162500000000000   0.50000028274480150
 -0.01150000000000000   0.50000027899506977
 -0.01137500000000000   0.50000105744927606
 -0.01125000000000000   0.50000120478460241
 -0.01112500000000000   0.50000117329736565
 -0.01100000000000000   0.50000118517993166
 -0.01087500000000000   0.50000104137991418
 -0.01075000000000000   0.50000076954703187
 -0.01062500000000000   0.50000041155624713
 -0.01050000000000000   0.50000025972096829
 -0.01037500000000000   0.50000024273424877
 -0.01025000000000000   0.50000019833706043
 -0.01012500000000000   0.50000013300183424
 -0.01000000000000000   0.50000005516663667
 -0.00987500000000000   0.50000106662081544
 -0.00975000000000000   0.50000096231992372
 -0.00962500000000000   0.50000076357381083
 -0.00950000000000000   0.50000049664540414
 -0.00937500000000000   0.50000019221781389
 -0.00925000000000000   0.49999988175572099
 -0.00912500000000000   0.50000020606285641
 -0.00900000000000000   0.50000016747295050
 -0.00887500000000000   0.50000011585412248
 -0.00875000000000000   0.50000005649569316
 -0.00862500000000000   0.49999999494395055
 -0.00850000000000000   0.50000088020262841
 -0.00837500000000000   0.50000075883120440
 -0.00825000000000000   0.50000058588779982
 -0.00812500000000000   0.50000037814293690
 -0.00800000000000000   0.50000015326019750
 -0.00787500000000000   0.49999992832211555
 -0.00775000000000000   0.49999971865535718
 -0.00762500000000000   0.50000015636799872
 -0.00750000000000000   0.50000012365410169
 -0.00737500000000000   0.50000008508174719
 -0.00725000000000000   0.50000004345777466
 -0.00712500000000000   0.50000077163991095
 -0.00700000000000000   0.50000074001788996
 -0.00687500000000000   0.50000067128881267
 -0.00675000000000000   0.50000057234679067
 -0.00662500000000000   0.50000045097659962
 -0.00650000000000000   0.50000031525521799
 -0.00637500000000000   0.50000017304023678
 -0.00625000000000000   0.50000015351581198
 -0.00612500000000000   0.50000014893742810
 -0.00600000000000000   0.50000013866067088
 -0.00587500000000000   0.50000012366570848
 -0.00575000000000000   0.50000057372816979
 -0.00562500000000000   0.50000047945263888
 -0.00550000000000000   0.50000052665999995
 -0.00537500000000000   0.50000055347630701
 -0.00525000000000000   0.50000056110917525
 -0.00512500000000000   0.50000055137486614
 -0.00500000000000000   0.50000052652170438
 -0.00487500000000000   0.50000004204452961
 -0.00475000000000000   0.50000005741266964
 -0.00462500000000000   0.50000007014605123
 -0.00450000000000000   0.50000008018538632
 -0.00437500000000000   0.49999992431166631
 -0.00425000000000000   0.49999979003769868
 -0.00412500000000000   0.49999985133774800
 -0.00400000000000000   0.49999991009921170
 -0.00387500000000000   0.49999996514595915
 -0.00375000000000000   0.50000001559082357
 -0.00362500000000000   0.50000006081580782
 -0.00350000000000000   0.49999991801682619
 -0.00337500000000000   0.49999992387965161
 -0.00325000000000000   0.49999993026657425
 -0.00312500000000000   0.49999993696011598
 -0.00300000000000000   0.49999971276810156
 -0.00287500000000000   0.49999971423980428
 -0.00275000000000000   0.49999978108873684
 -0.00262500000000000   0.49999977675116645
 -0.00250000000000000   0.49999977600944056
 -0.00237500000000000   0.49999977839402947
 -0.00225000000000000   0.49999978344844721
 -0.00212500000000000   0.49999984403342446
 -0.00200000000000000   0.49999984457499418
 -0.00187500000000000   0.50000000949247343
 -0.00175000000000000   0.50000000655353849
 -0.00162500000000000   0.50000000409991191
 -0.00150000000000000   0.50000014104377029
 -0.00137500000000000   0.50000001440721589
 -0.00125000000000000   0.50000001195921942
 -0.00112500000000000   0.50000011068730912
 -0.00100000000000000   0.50000009666115279
 -0.00087500000000000   0.50000008264576145
 -0.00075000000000000   0.49999996391796581
 -0.00062500000000000   0.49999997202535944
 -0.00050000000000000   0.49999997954386116
 -0.00037500000000000   0.49999998661427449
 -0.00025000000000000   0.49999999338299599
 -0.00012500000000000   0.50000000000000000
  0.00000000000000000   0.50000000661700401
  0.00012500000000000   0.50000001338572551
  0.00025000000000000   0.50000002045613884
  0.00037500000000000   0.50000002797464056
  0.00050000000000000   0.50000003608203418
  0.00062500000000000   0.49999991735423856
  0.00075000000000000   0.49999990333884721
  0.00087500000000000   0.49999988931269087
  0.00100000000000000   0.49999998804078058
  0.00112500000000000   0.49999998559278411
  0.00125000000000000   0.49999985895622971
  0.00137500000000000   0.49999999590008808
  0.00150000000000000   0.49999999344646151
  0.00162500000000000   0.49999999050752657
  0.00175000000000000   0.50000015542500581
  0.00187500000000000   0.50000015596657555
  0.00200000000000000   0.50000021655155278
  0.00212500000000000   0.50000022160597053
  0.00225000000000000   0.50000022399055943
  0.00237500000000000   0.50000022324883356
  0.00250000000000000   0.50000021891126317
  0.00262500000000000   0.50000028576019572
  0.00275000000000000   0.50000028723189844
  0.00287500000000000   0.50000006303988402
  0.00300000000000000   0.50000006973342575
  0.00312500000000000   0.50000007612034839
  0.00325000000000000   0.50000008198317381
  0.00337500000000000   0.49999993918419218
  0.00350000000000000   0.49999998440917642
  0.00362500000000000   0.50000003485404087
  0.00375000000000000   0.50000008990078830
  0.00387500000000000   0.50000014866225199
  0.00400000000000000   0.50000020996230132
  0.00412500000000000   0.50000007568833370
  0.00425000000000000   0.49999991981461368
  0.00437500000000000   0.49999992985394877
  0.00450000000000000   0.49999994258733036
  0.00462500000000000   0.49999995795547038
  0.00475000000000000   0.49999947347829563
  0.00487500000000000   0.49999944862513385
  0.00500000000000000   0.49999943889082476
  0.00512500000000000   0.49999944652369300
  0.00525000000000000   0.49999947334000006
  0.00537500000000000   0.49999952054736111
  0.00550000000000000   0.49999942627183021
  0.00562500000000000   0.49999987633429153
  0.00575000000000000   0.49999986133932913
  0.00587500000000000   0.49999985106257190
  0.00600000000000000   0.49999984648418802
  0.00612500000000000   0.49999982695976323
  0.00625000000000000   0.49999968474478200
  0.00637500000000000   0.49999954902340037
  0.00650000000000000   0.49999942765320932
  0.00662500000000000   0.49999932871118731
  0.00675000000000000   0.49999925998211005
  0.00687500000000000   0.49999922836008905
  0.00700000000000000   0.49999995654222534
  0.00712500000000000   0.49999991491825282
  0.00725000000000000   0.49999987634589831
  0.00737500000000000   0.49999984363200128
  0.00750000000000000   0.50000028134464282
  0.00762500000000000   0.50000007167788442
  0.00775000000000000   0.49999984673980246
  0.00787500000000000   0.49999962185706306
  0.00800000000000000   0.49999941411220019
  0.00812500000000000   0.49999924116879558
  0.00825000000000000   0.49999911979737158
  0.00837500000000000   0.50000000505604944
  0.00850000000000000   0.49999994350430686
  0.00862500000000000   0.49999988414587752
  0.00875000000000000   0.49999983252704950
  0.00887500000000000   0.49999979393714359
  0.00900000000000000   0.50000011824427898
  0.00912500000000000   0.49999980778218615
  0.00925000000000000   0.49999950335459588
  0.00937500000000000   0.49999923642618916
  0.00950000000000000   0.49999903768007632
  0.00962500000000000   0.49999893337918456
  0.00975000000000000   0.49999994483336333
  0.00987500000000000   0.49999986699816576
  0.01000000000000000   0.49999980166293957
  0.01012500000000000   0.49999975726575124
  0.01025000000000000   0.49999974027903172
  0.01037500000000000   0.49999958844375283
  0.01050000000000000   0.49999923045296808
  0.01062500000000000   0.49999895862008581
  0.01075000000000000   0.49999881482006834
  0.01087500000000000   0.49999882670263436
  0.01100000000000000   0.49999879521539760
  0.01112500000000000   0.49999894255072389
  0.01125000000000000   0.49999972100493024
  0.01137500000000000   0.49999971725519849
  0.01150000000000000   0.49999975567145042
  0.01162500000000000   0.49999983302709045
  0.01175000000000000   0.49999981953443251
  0.01187500000000000   0.49999992587191581
  0.01200000000000000   0.49999890839361938
  0.01212500000000000   0.49999929571895699
  0.01225000000000000   0.49999925362911492
  0.01237500000000000   0.49999977661711726
  0.01250000000000000   0.50000035438661044
  0.01262500000000000   0.50000088581144446
  0.01275000000000000   0.50000127016210456
  0.01287500000000000   0.50000142596145513
  0.01300000000000000   0.50000013772264394
  0.01312500000000000   0.50000025505334539
  0.01325000000000000   0.50000032436929213
  0.01337500000000000   0.50000033028655316
  0.01350000000000000   0.50000092728679647
  0.01362500000000000   0.50000136438956591
  0.01375000000000000   0.50000151969026380
  0.01387500000000000   0.50000134479544571
  0.01400000000000000   0.50000086580650241
  0.01412500000000000   0.50000018027311331
  0.01425000000000000   0.50000033433741968
  0.01437500000000000   0.50000023643169505
  0.01450000000000000   0.50000007853993266
  0.01462500000000000   0.49999989675776900
  0.01475000000000000   0.49999973685081095
  0.01487500000000000   0.50000044165543360
  0.01500000000000000   0.49999961425947085
  0.01512500000000000   0.49999886487694256
  0.01525000000000000   0.49999839413506245
  0.01537500000000000   0.49999834407177450
  0.01550000000000000   0.49999874596763745
  0.01562500000000000   0.49999962206282706
  0.01575000000000000   0.49999961606375899
  0.01587500000000000   0.49999971813356103
  0.01600000000000000   0.49999990562438956
  0.01612500000000000   0.50000012653036657
  0.01625000000000000   0.49999886290294276
  0.01637500000000000   0.49999976098676928
  0.01650000000000000   0.50000075094234231
  0.01662500000000000   0.50000153228070482
  0.01675000000000000   0.50000184566235229
  0.01687500000000000   0.50000156719616960
  0.01700000000000000   0.50000077191862898
  0.01712500000000000   0.49999970901535168
  0.01725000000000000   0.49999942630223999
  0.01737500000000000   0.50000009639664319
  0.01750000000000000   0.49999983672681806
  0.01762500000000000   0.49999963155082059
  0.01775000000000000   0.49999955367404595
  0.01787500000000000   0.49999955823140083
  0.01800000000000000   0.49999968199333545
  0.01812500000000000   0.49999992848072025
  0.01825000000000000   0.49999822851359287
  0.01837500000000000   0.49999911108559216
  0.01850000000000000   0.50000034694207193
  0.01862500000000000   0.50000147479878019
  0.01875000000000000   0.50000204569890061
  0.01887500000000000   0.50000179983374473
  0.01900000000000000   0.50000044373777664
  0.01912500000000000   0.50000046329743206
  0.01925000000000000   0.50000029297457862
  0.01937500000000000   0.49999999152093347
  0.01950000000000000   0.50000162291920968
  0.01962500000000000   0.50000041218313627
  0.01975000000000000   0.49999900363165437
  0.01987500000000000   0.49999800250424416
  0.02000000000000000   0.49999788435883175
  0.02012500000000000   0.49999873361225520
  0.02025000000000000   0.50000017081128362
  0.02037500000000000   0.50000155615265740
  0.02050000000000000   0.50000224055739220
  0.02062500000000000   0.50000185752962916
  0.02075000000000000   0.50000050798993327
  0.02087500000000000   0.50000046522323378
  0.02100000000000000   0.50000019252928512
  0.02112500000000000   0.50000003668578251
  0.02125000000000000   0.49999966990480059
  0.02137500000000000   0.49999947201900372
  0.02150000000000000   0.49999870480137404
  0.02162500000000000   0.49999770135649729
  0.02175000000000000   0.49999790980805502
  0.02187500000000000   0.49999924223770957
  0.02200000000000000   0.50000099462485189
  0.02212500000000000   0.50000224487252664
  0.02225000000000000   0.50000022705605516
  0.02237500000000000   0.50000051993164547
  0.02250000000000000   0.50000052633883002
  0.02262500000000000   0.50000023536003925
  0.02275000000000000   0.49999979548478138
  0.02287500000000000   0.49999947591795298
  0.02300000000000000   0.49999945812456397
  0.02312500000000000   0.49999975885938490
  0.02325000000000000   0.50000021846926928
  0.02337500000000000   0.50000040982187382
  0.02350000000000000   0.50000058969506651
  0.02362500000000000   0.50000193046908029
  0.02375000000000000   0.50000258903638253
  0.02387500000000000   0.50000159370314150
  0.02400000000000000   0.49999958046996880
  0.02412500000000000   0.50000031522774339
  0.02425000000000000   0.49999981944870209
  0.02437500000000000   0.49999944446425387
  0.02450000000000000   0.49999943213499188
  0.02462500000000000   0.49999979835099341
  0.02475000000000000   0.50000031689923232
  0.02487500000000000   0.50000061314905402
  0.02500000000000000   0.50000049830753055
  0.02512500000000000   0.50000002786440616
  0.02525000000000000   0.49999952946070396
  0.02537500000000000   0.49999938735425171
  0.02550000000000000   0.49999946521989277
  0.02562500000000000   0.49999720145161616
  0.02575000000000000   0.49999813188658764
  0.02587500000000000   0.50000043888895066
  0.02600000000000000   0.50000246010961606
  0.02612500000000000   0.50000028083001081
  0.02625000000000000   0.50000064103326024
  0.02637500000000000   0.50000052342085029
  0.02650000000000000   0.49999999129708809
  0.02662500000000000   0.49999945954581460
  0.02675000000000000   0.49999935329734160
  0.02687500000000000   0.49999975119632383
  0.02700000000000000   0.50000036856480109
  0.02712500000000000   0.50000060897114324
  0.02725000000000000   0.50000061511232270
  0.02737500000000000   0.50000297232989097
  0.02750000000000000   0.50000198145656409
  0.02762500000000000   0.49999933779507258
  0.02775000000000000   0.49999720317448661
  0.02787500000000000   0.49999744928722369
  0.02800000000000000   0.49999989448979088
  0.02812500000000000   0.50000245747248605
  0.02825000000000000   0.50000290677755592
  0.02837500000000000   0.50000077139922853
  0.02850000000000000   0.49999899060760232
  0.02862500000000000   0.49999697326630558
  0.02875000000000000   0.49999946900039521
  0.02887500000000000   0.49999929454809174
  0.02900000000000000   0.49999975481691285
  0.02912500000000000   0.50000046527852715
  0.02925000000000000   0.50000056868555973
  0.02937500000000000   0.50000297633891959
  0.02950000000000000   0.50000255434210335
  0.02962500000000000   0.49999968595923454
  0.02975000000000000   0.49999962093402189
  0.02987500000000000   0.50000010064740343
  0.03000000000000000   0.49999895518036546
  0.03012500000000000   0.50000212509980320
  0.03025000000000000   0.50000323933423637
  0.03037500000000000   0.50000106475953561
  0.03050000000000000   0.49999782111772056
  0.03062500000000000   0.49999673642718025
  0.03075000000000000   0.49999903974774742
  0.03087500000000000   0.50000233096925007
  0.03100000000000000   0.50000325039982562
  0.03112500000000000   0.50000188731111883
  0.03125000000000000   0.50000066970638194
  0.03137500000000000   0.49999993277046348
  0.03150000000000000   0.49999926632452182
  0.03162500000000000   0.49999938206061168
  0.03175000000000000   0.50000018852402490
  0.03187500000000000   0.50000078012656429
  0.03200000000000000   0.50000052934775740
  0.03212500000000000   0.49999966184089330
  0.03225000000000000   0.49999918992605918
  0.03237500000000000   0.49999749273621676
  0.03250000000000000   0.49999669384094525
  0.03262500000000000   0.49999972515101051
  0.03275000000000000   0.50000309424431977
  0.03287500000000000   0.50000287357177685
  0.03300000000000000   0.49999928074190726
  0.03312500000000000   0.49999647663536745
  0.03325000000000000   0.49999789381093304
  0.03337500000000000   0.50000057287165956
  0.03350000000000000   0.50000353610196670
  0.03362500000000000   0.50000072878943488
  0.03375000000000000   0.50000069874117235
  0.03387500000000000   0.49999979483539397
  0.03400000000000000   0.49999915476724345
  0.03412500000000000   0.50000296607982507
  0.03425000000000000   0.50000315220378407
  0.03437500000000000   0.50000086134726447
  0.03450000000000000   0.50000039308268886
  0.03462500000000000   0.49999938744565368
  0.03475000000000000   0.49999918808259467
  0.03487500000000000   0.50000003752711420
  0.03500000000000000   0.50000084221499289
  0.03512500000000000   0.50000055667131781
  0.03525000000000000   0.49999980154230862
  0.03537500000000000   0.50000005605252352
  0.03550000000000000   0.49999637716956935
  0.03562500000000000   0.49999761911998511
  0.03575000000000000   0.50000208113016024
  0.03587500000000000   0.50000376947557665
  0.03600000000000000   0.49999910480061842
  0.03612500000000000   0.49999956431369678
  0.03625000000000000   0.49999666150441357
  0.03637500000000000   0.50000096053221720
  0.03650000000000000   0.50000396829450193
  0.03662500000000000   0.50000127728666761
  0.03675000000000000   0.49999677219994891
  0.03687500000000000   0.49999688790971162
  0.03700000000000000   0.50000018330236727
  0.03712500000000000   0.50000393297007770
  0.03725000000000000   0.50000187336995747
  0.03737500000000000   0.49999707068800315
  0.03750000000000000   0.49999656952177786
  0.03762500000000000   0.50000120916104530
  0.03775000000000000   0.50000410250255005
  0.03787500000000000   0.50000088489098254
  0.03800000000000000   0.50000059403247618
  0.03812500000000000   0.49999936184864521
  0.03825000000000000   0.49999913000658438
  0.03837500000000000   0.50000414771978087
  0.03850000000000000   0.50000042328205196
  0.03862500000000000   0.50000051260818215
  0.03875000000000000   0.49999925684340173
  0.03887500000000000   0.49999919120484965
  0.03900000000000000   0.50000043087986616
  0.03912500000000000   0.50000096318866953
  0.03925000000000000   0.50000030160798127
  0.03937500000000000   0.49999910667310643
  0.03950000000000000   0.49999936601553787
  0.03962500000000000   0.50000069481588481
  0.03975000000000000   0.50000086264892649
  0.03987500000000000   0.49999958838456162
  0.04000000000000000   0.49999899446480972
  0.04012500000000000   0.49999973138788812
  0.04025000000000000   0.50000094325441562
  0.04037500000000000   0.50000056117146342
  0.04050000000000000   0.49999919361440498
  0.04062500000000000   0.49999921716612919
  0.04075000000000000   0.49999598822296212
  0.04087500000000000   0.50000126540207475
  0.04100000000000000   0.49999997059243056
  0.04112500000000000   0.49999896441687984
  0.04125000000000000   0.49999977004034866
  0.04137500000000000   0.49999795133955059
  0.04150000000000000   0.50000370845310698
  0.04162500000000000   0.50000281635497766
  0.04175000000000000   0.49999912945195318
  0.04187500000000000   0.50000057813347008
  0.04200000000000000   0.50000130660060391
  0.04212500000000000   0.50000446100213403
  0.04225000000000000   0.49999935366614264
  0.04237500000000000   0.49999990439588303
  0.04250000000000000   0.50000106559020256
  0.04262500000000000   0.50000431501472530
  0.04275000000000000   0.50000182095500864
  0.04287500000000000   0.49999586564357292
  0.04300000000000000   0.50000087494164495
  0.04312500000000000   0.50000300067140308
  0.04325000000000000   0.50000360600770060
  0.04337500000000000   0.49999722022211482
  0.04350000000000000   0.49999620943771263
  0.04362500000000000   0.50000101606220378
  0.04375000000000000   0.50000455145122440
  0.04387500000000000   0.49999875355726710
  0.04400000000000000   0.49999540000230606
  0.04412500000000000   0.50000111462259337
  0.04425000000000000   0.50000480821020035
  0.04437500000000000   0.50000008285986387
  0.04450000000000000   0.49999516129142096
  0.04462500000000000   0.50000007813038002
  0.04475000000000000   0.50000016904301421
  0.04487500000000000   0.50000104990273163
  0.04500000000000000   0.49999520228006985
  0.04512500000000000   0.49999929365570860
  0.04525000000000000   0.50000035284831127
  0.04537500000000000   0.50000162055575955
  0.04550000000000000   0.49999527888572813
  0.04562500000000000   0.49999890368436346
  0.04575000000000000   0.50000043385390554
  0.04587500000000000   0.50000180347536760
  0.04600000000000000   0.49999525329745852
  0.04612500000000000   0.50000108520797388
  0.04625000000000000   0.50000041569910382
  0.04637500000000000   0.49999885051609381
  0.04650000000000000   0.49999946801898673
  0.04662500000000000   0.50000113026057886
  0.04675000000000000   0.50000029070835222
  0.04687500000000000   0.49999881425872446
  0.04700000000000000   0.49999964068951410
  0.04712500000000000   0.50000118614786717
  0.04725000000000000   0.50000004256713030
  0.04737500000000000   0.49999881075939412
  0.04750000000000000   0.49999994657338771
  0.04762500000000000   0.50000120700212892
  0.04775000000000000   0.49999967179818646
  0.04787500000000000   0.49999878983085390
  0.04800000000000000   0.50000037855500844
  0.04812500000000000   0.50000112108265993
  0.04825000000000000   0.49999521695215059
  0.04837500000000000   0.49999890998430825
  0.04850000000000000   0.50000084253595514
  0.04862500000000000   0.49999679237743128
  0.04875000000000000   0.49999905971844556
  0.04887500000000000   0.49999928653365939
  0.04900000000000000   0.50000282836390131
  0.04912500000000000   0.49999505850857182
  0.04925000000000000   0.49999915022295811
  0.04937500000000000   0.50000524553176886
  0.04950000000000000   0.49999994627115511
  0.04962500000000000   0.49999476068141385
  0.04975000000000000   0.50000109038401034
  0.04987500000000000   0.50000484137798371
  0.05000000000000000   0.49999663246600352
  0.05012500000000000   0.49999587046117604
  0.05025000000000000   0.50000433294493944
  0.05037500000000000   0.50000191155860105
  0.05050000000000000   0.49999488489945511
  0.05062500000000000   0.49999954773908496
  0.05075000000000000   0.50000541642667050
  0.05087500000000000   0.49999881403587857
  0.05100000000000000   0.49999523205503212
  0.05112500000000000   0.50000113227019906
  0.05125000000000000   0.49999895812479260
  0.05137500000000000   0.49999915579961722
  0.05150000000000000   0.50000125756587290
  0.05162500000000000   0.50000002974027081
  0.05175000000000000   0.49999867652535730
  0.05187500000000000   0.50000055297010636
  0.05200000000000000   0.50000104709245235
  0.05212500000000000   0.49999897666710856
  0.05225000000000000   0.49999941581918146
  0.05237500000000000   0.50000165459931766
  0.05250000000000000   0.49999990204648072
  0.05262500000000000   0.50000095017060547
  0.05275000000000000   0.50000484998535491
  0.05287500000000000   0.49999555100285631
  0.05300000000000000   0.49999728679755600
  0.05312500000000000   0.50000574397313932
  0.05325000000000000   0.49999980333647591
  0.05337500000000000   0.49999477603588292
  0.05350000000000000   0.50000419426297243
  0.05362500000000000   0.50000294582997218
  0.05375000000000000   0.49999419880404962
  0.05387500000000000   0.50000138604532349
  0.05400000000000000   0.49999934380882591
  0.05412500000000000   0.49999885068975391
  0.05425000000000000   0.50000126426588091
  0.05437500000000000   0.50000039764427055
  0.05450000000000000   0.49999861891679473
  0.05462500000000000   0.50000066163889217
  0.05475000000000000   0.50000093952884866
  0.05487500000000000   0.49999737263674503
  0.05500000000000000   0.50000601314268744
  0.05512500000000000   0.49999847810941476
  0.05525000000000000   0.49999574940269718
  0.05537500000000000   0.50000569587367284
  0.05550000000000000   0.50000017364142904
  0.05562500000000000   0.49999468714577588
  0.05575000000000000   0.50000415140621608
  0.05587500000000000   0.50000152888830149
  0.05600000000000000   0.49999389200823539
  0.05612500000000000   0.50000139578432321
  0.05625000000000000   0.49999885999155380
  0.05637500000000000   0.49999938871727210
  0.05650000000000000   0.50000144359600140
  0.05662500000000000   0.49999917786115116
  0.05675000000000000   0.49999926035457453
  0.05687500000000000   0.50000114972730052
  0.05700000000000000   0.49999428179504935
  0.05712500000000000   0.50000421674735679
  0.05725000000000000   0.50000118763618349
  0.05737500000000000   0.49999388135620179
  0.05750000000000000   0.50000442568252644
  0.05762500000000000   0.50000190688342823
  0.05775000000000000   0.49999998488241185
  0.05787500000000000   0.50000126884849400
  0.05800000000000000   0.49999864658747101
  0.05812500000000000   0.50000025492459535
  0.05825000000000000   0.50000128040077175
  0.05837500000000000   0.49999743874991661
  0.05850000000000000   0.50000641073444130
  0.05862500000000000   0.49999681775665430
  0.05875000000000000   0.49999794017109281
  0.05887500000000000   0.50000634691986590
  0.05900000000000000   0.49999524583971554
  0.05912500000000000   0.49999896094706814
  0.05925000000000000   0.49999960616036484
  0.05937500000000000   0.49999900069738091
  0.05950000000000000   0.50000154773710776
  0.05962500000000000   0.49999916488614224
  0.05975000000000000   0.49999942178525288
  0.05987500000000000   0.49999940114906488
  0.06000000000000000   0.49999589152856680
  0.06012500000000000   0.50000656917108581
  0.06025000000000000   0.49999692044468497
  0.06037500000000000   0.49999831568425888
  0.06050000000000000   0.50000610787871856
  0.06062500000000000   0.49999885968292956
  0.06075000000000000   0.50000158616925249
  0.06087500000000000   0.49999883267785285
  0.06100000000000000   0.49999974456382471
  0.06112500000000000   0.49999687827463922
  0.06125000000000000   0.49999777068532277
  0.06137500000000000   0.50000623499570917
  0.06150000000000000   0.49999366907426269
  0.06162500000000000   0.50000255556968995
  0.06175000000000000   0.49999863421942790
  0.06187500000000000   0.50000027702998998
  0.06200000000000000   0.50000108243941569
  0.06212500000000000   0.49999841885214333
  0.06225000000000000   0.50000354249583587
  0.06237500000000000   0.49999333246592769
  0.06250000000000000   0.50000585799807746
  0.06262500000000000   0.49999781376158748
  0.06275000000000000   0.49999757771043769
  0.06287500000000000   0.49999948829667128
  0.06300000000000000   0.49999919950259403
  0.06312500000000000   0.50000141709224324
  0.06325000000000000   0.49999881180377010
  0.06337500000000000   0.50000479593408197
  0.06350000000000000   0.49999303617007315
  0.06362500000000000   0.50000612751111004
  0.06375000000000000   0.49999669905156450
  0.06387500000000000   0.50000162336501301
  0.06400000000000000   0.49999880369607368
  0.06412500000000000   0.50000039312268905
  0.06425000000000000   0.49999388644717408
  0.06437500000000000   0.50000373968786378
  0.06450000000000000   0.49999905842630939
  0.06462500000000000   0.49999787284979771
  0.06475000000000000   0.49999897294275846
  0.06487500000000000   0.50000036141196589
  0.06500000000000000   0.50000044760702652
  0.06512500000000000   0.50000498991462530
  0.06525000000000000   0.49999660191586707
  0.06537500000000000   0.50000176957412622
  0.06550000000000000   0.49999998522094388
  0.06562500000000000   0.50000147129479774
  0.06575000000000000   0.49999868700377047
  0.06587500000000000   0.50000615021909640
  0.06600000000000000   0.49999311712182734
  0.06612500000000000   0.50000702019460308
  0.06625000000000000   0.49999299961647255
  0.06637500000000000   0.50000012021889465
  0.06650000000000000   0.50000021242201913
  0.06662500000000000   0.49999248268367776
  0.06675000000000000   0.50000733073000772
  0.06687500000000000   0.49999406294827256
  0.06700000000000000   0.49999886210443885
  0.06712500000000000   0.50000366197543098
  0.06725000000000000   0.50000001120783348
  0.06737500000000000   0.49999522745563614
  0.06750000000000000   0.50000051192861084
  0.06762500000000000   0.50000164286721942
  0.06775000000000000   0.50000430172797378
  0.06787500000000000   0.49999609726854543
  0.06800000000000000   0.49999960689037848
  0.06812500000000000   0.50000737324714488
  0.06825000000000000   0.49999866813610058
  0.06837500000000000   0.49999501197223468
  0.06850000000000000   0.49999249649356479
  0.06862500000000000   0.49999181105868285
  0.06875000000000000   0.49999487484337094
  0.06887500000000000   0.49999388047538927
  0.06900000000000000   0.49999923466208408
  0.06912500000000000   0.49999281973248582
  0.06925000000000000   0.49999403197840679
  0.06937500000000000   0.49999337727263136
  0.06950000000000000   0.49999191509974794
  0.06962500000000000   0.49999256858493887
  0.06975000000000000   0.49999290524871654
  0.06987500000000000   0.49999289285721173
  0.07000000000000000   0.49999245916071363
  0.07012500000000000   0.49999200000614218
  0.07025000000000000   0.49999228569040128
  0.07037500000000000   0.49999935990670767
  0.07050000000000000   0.50000012091000305
  0.07062500000000000   0.50000049226023571
  0.07075000000000000   0.49999281931336553
  0.07087500000000000   0.49999256496395164
  0.07100000000000000   0.49999413485289234
  0.07112500000000000   0.49999213217923770
  0.07125000000000000   0.49999422279338782
  0.07137500000000000   0.49999222674201354
  0.07150000000000000   0.49999412339612182
  0.07162500000000000   0.49999221533066442
  0.07175000000000000   0.49999375786247236
  0.07187500000000000   0.49999260681472001
  0.07200000000000000   0.49999284264773746
  0.07212500000000000   0.49999379967397328
  0.07225000000000000   0.49999234780121525
  0.07237500000000000   0.49999320457700376
  0.07250000000000000   0.49999359614072115
  0.07262500000000000   0.49999245991488113
  0.07275000000000000   0.49999288755159344
  0.07287500000000000   0.49999365757657195
  0.07300000000000000   0.49999311589846937
  0.07312500000000000   0.49999250586517489
  0.07325000000000000   0.49999291453697730
  0.07337500000000000   0.49999345075111519
  0.07350000000000000   0.49999338588822016
  0.07362500000000000   0.49999289078488169
  0.07375000000000000   0.49999264584049394
  0.07387500000000000   0.49999278161989684
  0.07400000000000000   0.49999304495469711
  0.07412500000000000   0.49999322642188701
  0.07425000000000000   0.49999324702780226
  0.07437500000000000   0.49999315678297879
  0.07450000000000000   0.49999304567741288
  0.07462500000000000   0.49999296904245133
  0.07475000000000000   0.49999293707412822
  0.07487500000000000   0.49999293791908976
  0.07500000000000000   0.49999295700196260
  0.07512500000000000   0.49999999562649276
  0.07525000000000000   0.50000000637030201
  0.07537500000000000   0.50000001494586907
  0.07550000000000000   0.50000002595160383
  0.07562500000000000   0.50000002098086637
  0.07575000000000000   0.49999999817611450
  0.07587500000000000   0.49999995521842751
  0.07600000000000000   0.49999990364742835
  0.07612500000000000   0.49999987488070467
  0.07625000000000000   0.49999989736760121
  0.07637500000000000   0.50000001884125093
  0.07650000000000000   0.50000016098365290
  0.07662500000000000   0.50000017263341635
  0.07675000000000000   0.49999997888851125
  0.07687500000000000   0.49999977516053044
  0.07700000000000000   0.49999988839606923
  0.07712500000000000   0.50000024371507461
  0.07725000000000000   0.50000007144666480
  0.07737500000000000   0.49999971229629144
  0.07750000000000000   0.50000007091721254
  0.07762500000000000   0.50000027924649251
  0.07775000000000000   0.49999966968053326
  0.07787500000000000   0.50000021353535380
  0.07800000000000000   0.50000007459916224
  0.07812500000000000   0.49999976505228721
  0.07825000000000000   0.49999232565312510
  0.07837500000000000   0.49999399383223352
  0.07850000000000000   0.49999230042436599
  0.07862500000000000   0.49999412289759205
  0.07875000000000000   0.49999213536944627
  0.07887500000000000   0.49999351647931052
  0.07900000000000000   0.49999370959104458
  0.07912500000000000   0.49999204607585513
  0.07925000000000000   0.49999276332485703
  0.07937500000000000   0.49999409923013634
  0.07950000000000000   0.49999457828704902
  0.07962500000000000   0.49999434321618070
  0.07975000000000000   0.49999451604971292
  0.07987500000000000   0.49999481544786986
  0.08000000000000000   0.49999364916430731
  0.08012500000000000   0.49999934975377247
  0.08025000000000000   0.50000058465102541
  0.08037500000000000   0.49999360848423642
  0.08050000000000000   0.49999466087979888
  0.08062500000000000   0.49999214712489598
  0.08075000000000000   0.49999312504127744
  0.08087500000000000   0.49999913318377129
  0.08100000000000000   0.49999572711506148
  0.08112500000000000   0.50000825733994662
  0.08125000000000000   0.49999617095869633
  0.08137500000000000   0.50000464417491174
  0.08150000000000000   0.49999868077077824
  0.08162500000000000   0.49999787384298214
  0.08175000000000000   0.49999466702108266
  0.08187500000000000   0.50000771699992936
  0.08200000000000000   0.49999929603702557
  0.08212500000000000   0.50000040155182281
  0.08225000000000000   0.49999782312990153
  0.08237500000000000   0.49999160048242250
  0.08250000000000000   0.49999800490055073
  0.08262500000000000   0.49999797454404424
  0.08275000000000000   0.50000867425296842
  0.08287500000000000   0.50000771726019871
  0.08300000000000000   0.50000017872857492
  0.08312500000000000   0.49999854886854112
  0.08325000000000000   0.49999124962341135
  0.08337500000000000   0.50000498383182848
  0.08350000000000000   0.50000214866856546
  0.08362500000000000   0.50000477904531856
  0.08375000000000000   0.49999116191147641
  0.08387500000000000   0.49999848525536259
  0.08400000000000000   0.50000390029168081
  0.08412500000000000   0.50000173566130781
  0.08425000000000000   0.49999846219653763
  0.08437500000000000   0.49999118324378040
  0.08450000000000000   0.50000854287239804
  0.08462500000000000   0.50000219346781736
  0.08475000000000000   0.49999886009476384
  0.08487500000000000   0.49999625880168889
  0.08500000000000000   0.50000109641772638
  0.08512500000000000   0.50000905789785254
  0.08525000000000000   0.49999283576437222
  0.08537500000000000   0.49999775347335931
  0.08550000000000000   0.50000051208001089
  0.08562500000000000   0.50000494508096794
  0.08575000000000000   0.49999896385740093
  0.08587500000000000   0.49999082400818875
  0.08600000000000000   0.50000733279265211
  0.08612500000000000   0.50000227447666712
  0.08625000000000000   0.49999947229068974
  0.08637500000000000   0.49999512881621821
  0.08650000000000000   0.50000136485119499
  0.08662500000000000   0.50000929169424580
  0.08675000000000000   0.49999160272003138
  0.08687500000000000   0.49999772273675616
  0.08700000000000000   0.50000004601095456
  0.08712500000000000   0.50000412868852843
  0.08725000000000000   0.50000751197095208
  0.08737500000000000   0.49999060618665632
  0.08750000000000000   0.49999845647495940
  0.08762500000000000   0.50000395163471549
  0.08775000000000000   0.50000029492678271
  0.08787500000000000   0.49999794579726769
  0.08800000000000000   0.49999157523171253
  0.08812500000000000   0.50000937847587519
  0.08825000000000000   0.50000189642216454
  0.08837500000000000   0.49999783562049209
  0.08850000000000000   0.49999624230788801
  0.08862500000000000   0.49999301993079988
  0.08875000000000000   0.50000960290507702
  0.08887500000000000   0.50000171369813343
  0.08900000000000000   0.49999565985536186
  0.08912500000000000   0.49999817715622389
  0.08925000000000000   0.50000191994968951
  0.08937500000000000   0.50000967011879831
  0.08950000000000000   0.50000155869421981
  0.08962500000000000   0.49999699122548528
  0.08975000000000000   0.49999822695996751
  0.08987500000000000   0.50000138877243705
  0.09000000000000000   0.50000978541921839
  0.09012500000000000   0.49999404350702002
  0.09025000000000000   0.49999909118806253
  0.09037500000000000   0.49999237553655397
  0.09050000000000000   0.50000078545646629
  0.09062500000000000   0.50000942922506313
  0.09075000000000000   0.49999711842552431
  0.09087500000000000   0.50000269025372471
  0.09100000000000000   0.49999183604941489
  0.09112500000000000   0.49999923318619911
  0.09125000000000000   0.50000436469920253
  0.09137500000000000   0.50000247157634217
  0.09150000000000000   0.49999886694906033
  0.09162500000000000   0.49999025469886553
  0.09175000000000000   0.49999601579133070
  0.09187500000000000   0.49999608850711099
  0.09200000000000000   0.50000946248464242
  0.09212500000000000   0.50000893377489956
  0.09225000000000000   0.50000248739049762
  0.09237500000000000   0.49999759730223464
  0.09250000000000000   0.49998985132972399
  0.09262500000000000   0.49999754611176741
  0.09275000000000000   0.49999844784302565
  0.09287500000000000   0.50000115981872467
  0.09300000000000000   0.50000213415691010
  0.09312500000000000   0.50000014565737294
  0.09325000000000000   0.50000955640638100
  0.09337500000000000   0.49999235177172682
  0.09350000000000000   0.50000042465358394
  0.09362500000000000   0.50000127128375550
  0.09375000000000000   0.50000248534942322
  0.09387500000000000   0.50000843779464411
  0.09400000000000000   0.50000295067403910
  0.09412500000000000   0.50001021558290640
  0.09425000000000000   0.49999547852259660
  0.09437500000000000   0.50000384459361211
  0.09450000000000000   0.49998962672424268
  0.09462500000000000   0.49999661014130368
  0.09475000000000000   0.49999245928865338
  0.09487500000000000   0.49999009943249113
  0.09500000000000000   0.49999925095735696
  0.09512500000000000   0.49999007676703876
  0.09525000000000000   0.50000247979520687
  0.09537500000000000   0.49999518294058645
  0.09550000000000000   0.50001058828841493
  0.09562500000000000   0.50000261122558764
  0.09575000000000000   0.50000132629294089
  0.09587500000000000   0.50000261357360652
  0.09600000000000000   0.50000234875380848
  0.09612500000000000   0.50000967852059436
  0.09625000000000000   0.50000322259417055
  0.09637500000000000   0.50001052713932595
  0.09650000000000000   0.49999734775208378
  0.09662500000000000   0.50000004728653613
  0.09675000000000000   0.50000265239976451
  0.09687500000000000   0.50001069747987003
  0.09700000000000000   0.50000077949450137
  0.09712500000000000   0.50001078866751403
  0.09725000000000000   0.50000269009978018
  0.09737500000000000   0.49999831790167817
  0.09750000000000000   0.49999338091484079
  0.09762500000000000   0.49999727028504485
  0.09775000000000000   0.50000190127112290
  0.09787500000000000   0.50000080032687877
  0.09800000000000000   0.49999755821309095
  0.09812500000000000   0.50000635270953654
  0.09825000000000000   0.50000244079623944
  0.09837500000000000   0.50000254693932313
  0.09850000000000000   0.50000249450873870
  0.09862500000000000   0.50000246163494955
  0.09875000000000000   0.50000240731821898
  0.09887500000000000   0.49999492728234326
  0.09900000000000000   0.49999488586134864
  0.09912500000000000   0.50000254288104391
  0.09925000000000000   0.49999720444488678
  0.09937500000000000   0.49999853639451476
  0.09950000000000000   0.50000098168853304
  0.09962500000000000   0.50001107070779130
  0.09975000000000000   0.50000260296188829
  0.09987500000000000   0.49999998178712766
  0.10000000000000000   0.49999746802664210
  0.10012500000000000   0.50001125924844784
  0.10025000000000000   0.50000246282443784
  0.10037500000000000   0.49999979511214174
  0.10050000000000000   0.49999736318245147
  0.10062500000000000   0.49998864893309157
  0.10075000000000000   0.49999777112979540
  0.10087500000000000   0.50000284649299095
  0.10100000000000000   0.49999621032954366
  0.10112500000000000   0.50000217230290768
  0.10125000000000000   0.50001144088840429
  0.10137500000000000   0.49998973981507791
  0.10150000000000000   0.49999730214273415
  0.10162500000000000   0.50000455358807057
  0.10175000000000000   0.49999734373211437
  0.10187500000000000   0.50000460545174399
  0.10200000000000000   0.50000419808854935
  0.10212500000000000   0.50000427156234834
  0.10225000000000000   0.50000377129010976
  0.10237500000000000   0.49999657841061254
  0.10250000000000000   0.50001120882377967
  0.10262500000000000   0.49998842974026251
  0.10275000000000000   0.50000723891873824
  0.10287500000000000   0.49999962243929230
  0.10300000000000000   0.49999708605668825
  0.10312500000000000   0.49999883111886605
  0.10325000000000000   0.49999706395366806
  0.10337500000000000   0.49999441693138585
  0.10350000000000000   0.50001124999708133
  0.10362500000000000   0.49998887469402378
  0.10375000000000000   0.50000264197728089
  0.10387500000000000   0.49999829404047846
  0.10400000000000000   0.50001182343552970
  0.10412500000000000   0.50000657342077819
  0.10425000000000000   0.49999936089316849
  0.10437500000000000   0.50000249771254620
  0.10450000000000000   0.49999691558089082
  0.10462500000000000   0.50001222136491592
  0.10487500000000000   0.49998939962111642
  0.10500000000000000   0.49999710847277599
  0.10512500000000000   0.49999710201399355
  0.10525000000000000   0.50000267231302868
  0.10537500000000000   0.50000296815987851
  0.10550000000000000   0.50000296568852279
  0.10562500000000000   0.49999736330484567
  0.10575000000000000   0.49999184690872498
  0.10587500000000000   0.50000248714010744
  0.10600000000000000   0.50000159442788256
  0.10612500000000000   0.49999826088836429
  0.10625000000000000   0.50000286107977110
  0.10637500000000000   0.49999750390090027
  0.10650000000000000   0.50000278699067915
  0.10662500000000000   0.50000276517600132
  0.10675000000000000   0.49999721117456471
  0.10687500000000000   0.49999729171213215
  0.10700000000000000   0.49999761595057837
  0.10712500000000000   0.49999777299362002
  0.10725000000000000   0.49999731721809423
  0.10737500000000000   0.49999762591721273
  0.10750000000000000   0.49999757685559769
  0.10762500000000000   0.50000248177419356
  0.10775000000000000   0.50000254769203175
  0.10787500000000000   0.50000267342494308
  0.10800000000000000   0.50000275880529865
  0.10812500000000000   0.50000270708151169
  0.10825000000000000   0.50000261165123860
  0.10837500000000000   0.49999744695057649
  0.10850000000000000   0.50000200531076975
  0.10862500000000000   0.50000311821235078
  0.10875000000000000   0.49999795903052619
  0.10887500000000000   0.50000243018644405
  0.10900000000000000   0.49999719806419213
  0.10912500000000000   0.50000236465298274
  0.10925000000000000   0.50000314514453874
  0.10937500000000000   0.49999728079478984
  0.10950000000000000   0.50000253586948935
  0.10962500000000000   0.49998938028327746
  0.10975000000000000   0.49999590443562560
  0.10987500000000000   0.50000343489023295
  0.11000000000000000   0.49999294652681353
  0.11050000000000000   0.49999663390790787
  0.11062500000000000   0.10872228152283452
  0.11075000000000000   0.50000278961399652
  0.11125000000000000   0.49999393625885646
  0.11137500000000000   0.50000351792601537
  0.11312500000000000   0.50000290346222437
  0.11387500000000000  -0.27341627391073890
  0.11525000000000000  -0.30182763831219664
  0.11737500000000000   0.92583156690602405
  0.11912500000000000   0.24244811949807811
  0.12162500000000000   0.85310937203526556
  0.12312500000000000   0.60874627985217318
  0.12412500000000000   0.33648974402477818
  0.12512500000000000   0.59726148037632282
  0.12562500000000000   0.82173748417656792
  0.12687500000000000   0.80282352542627318
  0.12712500000000000   0.50379772610485267
  0.12937500000000000   0.27595076257053804
  0.13075000000000000   0.45221375334211829
  0.13212500000000000  -0.03218774731421774
  0.13237500000000000   0.37120657099478540
  0.13262500000000000   0.02879473145671830
  0.13337500000000000   1.24197047427755639
  0.13450000000000000   0.99462314132089257
  0.13562500000000000   1.34746899531637410
  0.13612500000000000   0.05991108168425842
  0.13787500000000000   0.60381918222253656
  0.14200000000000000   1.33314244791069079
  0.14337500000000000   0.65882042087727891
  0.14362500000000000   1.29020283058119853
  0.14637500000000000   0.72558825929232485
  0.14812500000000000  -0.35017734255206321
  0.15000000000000000   0.79387321287274563
  0.15250000000000000   1.11164672187843396
  0.15825000000000000  -0.43791581805112293
  0.15987500000000000   0.34212302249815188
  0.16912500000000000   0.13889682079878842
  0.17175000000000000   1.30494808885716285
  0.17187500000000000   1.09459492842826885
  0.17562500000000000   0.84109970904303086
  0.17725000000000000  -0.25079133111591364
  0.17875000000000000   1.48613038633117571
  0.18025000000000000   1.41073731589837425
  0.18500000000000000   0.15445387465200521
  0.18612500000000000   0.74571887934127522
  0.18825000000000000  -0.04860658950991355
  0.18925000000000000   0.03778727632358914
  0.19137500000000000  -0.12395162037832646
  0.19400000000000000   0.32076365334172338
  0.19412500000000000  -0.16839388993976820
  0.19525000000000000  -0.02493221389317430
  0.19937500000000000  -0.08767369678497412
  0.20275000000000000   0.88360795563120485
  0.20375000000000000   1.14870250371694965
  0.20412500000000000  -0.01365091504036713
  0.20500000000000000   0.76122824893024864
  0.20537500000000000   0.61457561019268910
  0.20687500000000000   0.61578050346282465
  0.21475000000000000   0.64909588640905025
  0.21512500000000000   0.84990894433075807
  0.21662500000000000   1.41766320800855556
  0.21725000000000000  -0.04096192625079333
  0.21837500000000000   0.51355139378074120
  0.22312500000000000   0.42495494854279198
  0.22500000000000000   0.28495394069676435
  0.22512500000000000  -0.31533704257568131
  0.22812500000000000   0.24171246250964744
  0.23075000000000000  -0.49511180066377232
  0.23125000000000000   0.84280675752760164
  0.23512500000000000   1.26535161059886673
  0.23537500000000000   0.64641071418168882
  0.23550000000000000  -0.07368341228796627
  0.23825000000000000   0.80299473071815682
  0.23887500000000000   0.47453894999966670
  0.24112500000000000  -0.24692701443701548
  0.24225000000000000   0.05138867675973352
  0.24312500000000000   0.67283294133430940
  0.24912500000000000   0.52090762175802689
  0.25337500000000000   1.37351901443157290
  0.25350000000000000   1.33468201148561756
  0.25612500000000000   1.18732963336607622
  0.25775000000000000   0.42715445770602214
  0.26000000000000000   1.33644798364996605
  0.26312500000000000  -0.01890619262841989
  0.26362500000000000   1.19563507113485263
  0.26437500000000000   0.00229976149582720
  0.27025000000000000  -0.11325002758707118
  0.27200000000000000   1.01224265174477455
  0.27862500000000000   0.77389627020080787
  0.28025000000000000   0.21651707445197146
  0.28050000000000000  -0.39163392538003591
  0.28287500000000000  -0.44437762697466284
  0.28787500000000000   0.29085699967223160
  0.29787500000000000   1.40419209556551404
  0.29887500000000000   0.99689372502758713
  0.30275000000000000   1.19147018425086183
  0.30337500000000000   0.04430300199910599
  0.30625000000000000  -0.31490774148113198
  0.30712500000000000   0.28038173452786846
  0.30725000000000000   1.09771760533696418
  0.30887500000000000   0.36715892273668681
  0.31762500000000000   0.30581535818570713
  0.31812500000000000  -0.03026587255297323
  0.31837500000000000  -0.08047427428793677
  0.32012500000000000   1.26738926525565719
  0.32112500000000000  -0.21627589129719683
  0.32450000000000000   0.38160352012666699
  0.32550000000000000   1.39419507097968201
  0.32875000000000000   0.37364629278761946
  0.32975000000000000   1.01357774830733070
  0.33100000000000000  -0.25229176549534941
  0.33887500000000000   0.40571342735074268
  0.33937500000000000   0.48221191941535965
  0.34262500000000000   1.49456678775903111
  0.35650000000000000   0.35678761851596254
  0.35875000000000000   1.11388537972670993
  0.36175000000000000   0.82425783873986568
  0.36487500000000000   0.88661506332370253
  0.37137500000000000   0.53246991892232782
  0.37362500000000000  -0.40127287076574970
  0.37512500000000000   0.94229068143829091
  0.38312500000000000   0.42247391249783967
  0.38512500000000000   1.15574768984183161
  0.38612500000000000   0.27685953538123998
  0.38762500000000000   1.24744610345755203
  0.38837500000000000   0.82620065086207330
  0.38950000000000000  -0.33866938240840802
  0.39112500000000000   0.48712595033072442
  0.39325000000000000  -0.49365692724161935
  0.39762500000000000  -0.10096243643450190
  0.39787500000000000   0.81463779111828896
  0.39850000000000000   1.43533312338040631
  0.40412500000000000   0.54130848854144158
  0.40475000000000000  -0.34177758253253121
  0.40712500000000000   1.05496136868064767
  0.40725000000000000   0.93214627244988400
  0.40775000000000000   1.48607067508502089
  0.40837500000000000   0.84871269223427565
  0.41400000000000000   0.31473187449761213
  0.41662500000000000   0.58947740775044785
  0.41737500000000000   0.96599526510476847
  0.41900000000000000   0.10504275145068373
  0.42000000000000000   0.96513606034887068
  0.42175000000000000   0.15944584138619321
  0.42437500000000000  -0.08969310429476646
  0.42625000000000000  -0.36696419639231717
  0.42650000000000000   0.36678967264905040
  0.42662500000000000   0.99079790635004362
  0.42812500000000000  -0.40523172291712135
  0.43237500000000000   1.44654926624911687
  0.43362500000000000   0.88120278032147345
  0.43675000000000000  -0.15206269884490543
  0.43887500000000000   0.10126625869734710
  0.44000000000000000   1.04048023293087413
  0.44662500000000000  -0.11340931471863114
  0.44875000000000000   1.18887117499732544
  0.45800000000000000   1.08226128674975409
  0.45950000000000000   1.42462846232412047
  0.45962500000000000  -0.05745734572393407
  0.46412500000000000  -0.35846602018379650
  0.46862500000000000   0.00744831332732858
  0.46950000000000000   0.72464901704930262
  0.47275000000000000   0.39272402412969078
  0.47450000000000000   0.70114632828527407
  0.47500000000000000   0.49176711870171028
  0.47900000000000000   1.09841213016144143
  0.47962500000000000   0.90860234461079977
  0.48000000000000000   1.05185502571745252
  0.48150000000000000   0.34546127674880410
  0.48237500000000000   1.37490338892155486
  0.48312500000000000  -0.05215284061382449
  0.48350000000000000   0.96975965284085164
  0.48462500000000000   0.50307457325461007
  0.48537500000000000   0.11748650708753121
  0.48662500000000000   0.50132762282308398
  0.48712500000000000   0.91915621241575076
  0.48725000000000000   0.42241262514055563
  0.48775000000000000  -0.22420868359096453
  0.48787500000000000  -0.31388670601553821
  0.49062500000000000   0.52277945685867566
  0.49087500000000000   0.20907825821106342
  0.49137500000000000   1.25947978152033551
  0.49287500000000000  -0.18776239061337403
  0.49700000000000000   1.34851191685310453
  0.49775000000000000  -0.04449012372906757
  0.49787500000000000   0.33509118005403017
