 -0.01025000000000000   0.49001807505333382
 -0.01012500000000000   0.49014254461001259
 -0.01000000000000000   0.49026757607028974
 -0.00987500000000000   0.49039326653119642
 -0.00975000000000000   0.49051799087357371
 -0.00962500000000000   0.49064264134795117
 -0.00950000000000000   0.49076889496959570
 -0.00937500000000000   0.49089622983705830
 -0.00925000000000000   0.49102199511689614
 -0.00912500000000000   0.49114639084758516
 -0.00900000000000000   0.49127174990400566
 -0.00887500000000000   0.49139793684017120
 -0.00875000000000000   0.49152305634196010
 -0.00862500000000000   0.49164761266629461
 -0.00850000000000000   0.49177411166685956
 -0.00837500000000000   0.49190210719345278
 -0.00825000000000000   0.49202817995227685
 -0.00812500000000000   0.49215277306089176
 -0.00800000000000000   0.49227852302795040
 -0.00787500000000000   0.49240544046218735
 -0.00775000000000000   0.49253093044620358
 -0.00762500000000000   0.49265557080075816
 -0.00750000000000000   0.49278270086341737
 -0.00737500000000000   0.49291159728201489
 -0.00725000000000000   0.49303807709713728
 -0.00712500000000000   0.49316260858676047
 -0.00700000000000000   0.49328915036452729
 -0.00687500000000000   0.49341723645968053
 -0.00675000000000000   0.49354314136349233
 -0.00662500000000000   0.49366805458780612
 -0.00650000000000000   0.49379620814213375
 -0.00637500000000000   0.49392626696247720
 -0.00625000000000000   0.49405336689015439
 -0.00612500000000000   0.49417807292546391
 -0.00600000000000000   0.49430596341764610
 -0.00587500000000000   0.49443569047527555
 -0.00575000000000000   0.49456229706222985
 -0.00562500000000000   0.49468748399701212
 -0.00550000000000000   0.49481776358773647
 -0.00537500000000000   0.49494995270383558
 -0.00525000000000000   0.49507723324705607
 -0.00512500000000000   0.49520277904295944
 -0.00500000000000000   0.49533366487872478
 -0.00487500000000000   0.49546597445758882
 -0.00475000000000000   0.49559295944825545
 -0.00462500000000000   0.49571971657136418
 -0.00450000000000000   0.49585467239987417
 -0.00437500000000000   0.49598988515923372
 -0.00425000000000000   0.49611704306563471
 -0.00412500000000000   0.49624560971479669
 -0.00400000000000000   0.49638353354363952
 -0.00387500000000000   0.49651938729482626
 -0.00375000000000000   0.49664639938181481
 -0.00362500000000000   0.49678055438174121
 -0.00350000000000000   0.49692681552677646
 -0.00337500000000000   0.49706387115037605
 -0.00325000000000000   0.49719267901775615
 -0.00312500000000000   0.49733854901769060
 -0.00300000000000000   0.49749229927834716
 -0.00287500000000000   0.49762641737630170
 -0.00275000000000000   0.49777018211174109
 -0.00262500000000000   0.49794732989081788
 -0.00250000000000000   0.49810129875202497
 -0.00237500000000000   0.49825462339187763
 -0.00225000000000000   0.49848231592964164
 -0.00212500000000000   0.49866609375909533
 -0.00200000000000000   0.49907740884628377
 -0.00187500000000000   0.50011856499950583
 -0.00175000000000000   0.49999594517772962
 -0.00162500000000000   0.49992355262246142
 -0.00150000000000000   0.49990985956215141
 -0.00137500000000000   0.49991991664948020
 -0.00125000000000000   0.49993853181643978
 -0.00112500000000000   0.49995954473390195
 -0.00100000000000000   0.49997628205821894
 -0.00087500000000000   0.49998967521836043
 -0.00075000000000000   0.49999776341390245
 -0.00062500000000000   0.50000243614548331
 -0.00050000000000000   0.50000390840458955
 -0.00037500000000000   0.50000368975723882
 -0.00025000000000000   0.50000208981688859
 -0.00012500000000000   0.50000000000000000
  0.00000000000000000   0.49999791018311141
  0.00012500000000000   0.49999631024276118
  0.00025000000000000   0.49999609159541045
  0.00037500000000000   0.49999756385451670
  0.00050000000000000   0.50000223658609756
  0.00062500000000000   0.50001032478163957
  0.00075000000000000   0.50002371794178106
  0.00087500000000000   0.50004045526609805
  0.00100000000000000   0.50006146818356022
  0.00112500000000000   0.50008008335051980
  0.00125000000000000   0.50009014043784859
  0.00137500000000000   0.50007644737753857
  0.00150000000000000   0.50000405482227036
  0.00162500000000000   0.49988143500049416
  0.00175000000000000   0.50092259115371628
  0.00187500000000000   0.50133390624090469
  0.00200000000000000   0.50151768407035839
  0.00212500000000000   0.50174537660812239
  0.00225000000000000   0.50189870124797505
  0.00237500000000000   0.50205267010918215
  0.00250000000000000   0.50222981788825893
  0.00262500000000000   0.50237358262369832
  0.00275000000000000   0.50250770072165286
  0.00287500000000000   0.50266145098230941
  0.00300000000000000   0.50280732098224388
  0.00312500000000000   0.50293612884962396
  0.00325000000000000   0.50307318447322356
  0.00337500000000000   0.50321944561825881
  0.00350000000000000   0.50335360061818521
  0.00362500000000000   0.50348061270517376
  0.00375000000000000   0.50361646645636049
  0.00387500000000000   0.50375439028520332
  0.00400000000000000   0.50388295693436531
  0.00412500000000000   0.50401011484076630
  0.00425000000000000   0.50414532760012585
  0.00437500000000000   0.50428028342863583
  0.00450000000000000   0.50440704055174456
  0.00462500000000000   0.50453402554241120
  0.00475000000000000   0.50466633512127524
  0.00487500000000000   0.50479722095704057
  0.00500000000000000   0.50492276675294395
  0.00512500000000000   0.50505004729616444
  0.00525000000000000   0.50518223641226355
  0.00537500000000000   0.50531251600298789
  0.00550000000000000   0.50543770293777016
  0.00562500000000000   0.50556430952472447
  0.00575000000000000   0.50569403658235391
  0.00587500000000000   0.50582192707453610
  0.00600000000000000   0.50594663310984563
  0.00612500000000000   0.50607373303752282
  0.00625000000000000   0.50620379185786627
  0.00637500000000000   0.50633194541219390
  0.00650000000000000   0.50645685863650769
  0.00662500000000000   0.50658276354031949
  0.00675000000000000   0.50671084963547272
  0.00687500000000000   0.50683739141323954
  0.00700000000000000   0.50696192290286274
  0.00712500000000000   0.50708840271798513
  0.00725000000000000   0.50721729913658265
  0.00737500000000000   0.50734442919924186
  0.00750000000000000   0.50746906955379643
  0.00762500000000000   0.50759455953781267
  0.00775000000000000   0.50772147697204962
  0.00787500000000000   0.50784722693910826
  0.00800000000000000   0.50797182004772316
  0.00812500000000000   0.50809789280654724
  0.00825000000000000   0.50822588833314046
  0.00837500000000000   0.50835238733370540
  0.00850000000000000   0.50847694365803991
  0.00862500000000000   0.50860206315982882
  0.00875000000000000   0.50872825009599436
  0.00887500000000000   0.50885360915241486
  0.00900000000000000   0.50897800488310388
  0.00912500000000000   0.50910377016294172
  0.00925000000000000   0.50923110503040432
  0.00937500000000000   0.50935735865204885
  0.00950000000000000   0.50948200912642630
  0.00962500000000000   0.50960673346880360
  0.00975000000000000   0.50973242392971028
  0.00987500000000000   0.50985745538998743
  0.01000000000000000   0.50998192494666620
