 -0.01050000000000000   0.49003410029593336
 -0.01037500000000000   0.49015823140405246
 -0.01025000000000000   0.49028546696234044
 -0.01012500000000000   0.49041535739635197
 -0.01000000000000000   0.49054178974212155
 -0.00987500000000000   0.49066627193052797
 -0.00975000000000000   0.49079666081242136
 -0.00962500000000000   0.49092997636256112
 -0.00950000000000000   0.49105760051487366
 -0.00937500000000000   0.49118200547151823
 -0.00925000000000000   0.49131160538974463
 -0.00912500000000000   0.49144289410717716
 -0.00900000000000000   0.49156905811431746
 -0.00887500000000000   0.49169478341967795
 -0.00875000000000000   0.49182791446443569
 -0.00862500000000000   0.49196292074886521
 -0.00850000000000000   0.49209022053450702
 -0.00837500000000000   0.49221569425903879
 -0.00825000000000000   0.49234893658257245
 -0.00812500000000000   0.49248170647266747
 -0.00800000000000000   0.49260722201622520
 -0.00787500000000000   0.49273574706575417
 -0.00775000000000000   0.49287429034182788
 -0.00762500000000000   0.49300960760321152
 -0.00750000000000000   0.49313527501297442
 -0.00737500000000000   0.49326512382254513
 -0.00725000000000000   0.49340412452601725
 -0.00712500000000000   0.49353681120025885
 -0.00700000000000000   0.49366228655139256
 -0.00687500000000000   0.49379879049861223
 -0.00675000000000000   0.49394325612814890
 -0.00662500000000000   0.49407557893466709
 -0.00650000000000000   0.49420310097227158
 -0.00637500000000000   0.49434434808829141
 -0.00625000000000000   0.49448804566762753
 -0.00612500000000000   0.49461724124776097
 -0.00600000000000000   0.49475077145308894
 -0.00587500000000000   0.49490407160337483
 -0.00575000000000000   0.49504831062273939
 -0.00562500000000000   0.49517675543077886
 -0.00550000000000000   0.49532329702868756
 -0.00537500000000000   0.49548122601779444
 -0.00525000000000000   0.49561617330359378
 -0.00512500000000000   0.49575662522813560
 -0.00500000000000000   0.49592979499530257
 -0.00487500000000000   0.49608072344318119
 -0.00475000000000000   0.49621883263596698
 -0.00462500000000000   0.49640112679273419
 -0.00450000000000000   0.49656929280901582
 -0.00437500000000000   0.49671497128876466
 -0.00425000000000000   0.49693256724050085
 -0.00412500000000000   0.49711387338950021
 -0.00400000000000000   0.49730894893715813
 -0.00387500000000000   0.49757912578021007
 -0.00375000000000000   0.49785103320837411
 -0.00362500000000000   0.49830992190798893
 -0.00350000000000000   0.50003392207164991
 -0.00337500000000000   0.50012995335492986
 -0.00325000000000000   0.49995460844929665
 -0.00312500000000000   0.49987554573562130
 -0.00300000000000000   0.49988384995539270
 -0.00287500000000000   0.49993506483897628
 -0.00275000000000000   0.50000394582074381
 -0.00262500000000000   0.50005126541121549
 -0.00250000000000000   0.50008055711555712
 -0.00237500000000000   0.50008890045284135
 -0.00225000000000000   0.50008606682229326
 -0.00212500000000000   0.50007558992160589
 -0.00200000000000000   0.50005963096539052
 -0.00187500000000000   0.50004212365204387
 -0.00175000000000000   0.50002808130561902
 -0.00162500000000000   0.50001407957096423
 -0.00150000000000000   0.50000304114328509
 -0.00137500000000000   0.49999298190195306
 -0.00125000000000000   0.49998792975200562
 -0.00112500000000000   0.49998516876548837
 -0.00100000000000000   0.49998299735293490
 -0.00087500000000000   0.49998368130094646
 -0.00075000000000000   0.49998459348146695
 -0.00062500000000000   0.49998658943818042
 -0.00050000000000000   0.49998976702161246
 -0.00037500000000000   0.49999290333909001
 -0.00025000000000000   0.49999637270614488
 -0.00012500000000000   0.50000000000000000
  0.00000000000000000   0.50000362729385512
  0.00012500000000000   0.50000709666090999
  0.00025000000000000   0.50001023297838754
  0.00037500000000000   0.50001341056181958
  0.00050000000000000   0.50001540651853305
  0.00062500000000000   0.50001631869905354
  0.00075000000000000   0.50001700264706510
  0.00087500000000000   0.50001483123451163
  0.00100000000000000   0.50001207024799438
  0.00112500000000000   0.50000701809804693
  0.00125000000000000   0.49999695885671491
  0.00137500000000000   0.49998592042903577
  0.00150000000000000   0.49997191869438098
  0.00162500000000000   0.49995787634795612
  0.00175000000000000   0.49994036903460948
  0.00187500000000000   0.49992441007839411
  0.00200000000000000   0.49991393317770674
  0.00212500000000000   0.49991109954715866
  0.00225000000000000   0.49991944288444289
  0.00237500000000000   0.49994873458878452
  0.00250000000000000   0.49999605417925620
  0.00262500000000000   0.50006493516102373
  0.00275000000000000   0.50011615004460731
  0.00287500000000000   0.50012445426437869
  0.00300000000000000   0.50004539155070331
  0.00312500000000000   0.49987004664507012
  0.00325000000000000   0.49996607792835019
  0.00337500000000000   0.50169007809201133
  0.00350000000000000   0.50214896679162596
  0.00362500000000000   0.50242087421978995
  0.00375000000000000   0.50269105106284193
  0.00387500000000000   0.50288612661049981
  0.00400000000000000   0.50306743275949917
  0.00412500000000000   0.50328502871123537
  0.00425000000000000   0.50343070719098420
  0.00437500000000000   0.50359887320726584
  0.00450000000000000   0.50378116736403304
  0.00462500000000000   0.50391927655681883
  0.00475000000000000   0.50407020500469747
  0.00487500000000000   0.50424337477186443
  0.00500000000000000   0.50438382669640624
  0.00512500000000000   0.50451877398220558
  0.00525000000000000   0.50467670297131247
  0.00537500000000000   0.50482324456922116
  0.00550000000000000   0.50495168937726063
  0.00562500000000000   0.50509592839662520
  0.00575000000000000   0.50524922854691109
  0.00587500000000000   0.50538275875223905
  0.00600000000000000   0.50551195433237249
  0.00612500000000000   0.50565565191170861
  0.00625000000000000   0.50579689902772843
  0.00637500000000000   0.50592442106533293
  0.00650000000000000   0.50605674387185112
  0.00662500000000000   0.50620120950138779
  0.00675000000000000   0.50633771344860746
  0.00687500000000000   0.50646318879974117
  0.00700000000000000   0.50659587547398277
  0.00712500000000000   0.50673487617745488
  0.00725000000000000   0.50686472498702559
  0.00737500000000000   0.50699039239678850
  0.00750000000000000   0.50712570965817214
  0.00762500000000000   0.50726425293424584
  0.00775000000000000   0.50739277798377482
  0.00787500000000000   0.50751829352733255
  0.00800000000000000   0.50765106341742757
  0.00812500000000000   0.50778430574096123
  0.00825000000000000   0.50790977946549299
  0.00837500000000000   0.50803707925113482
  0.00850000000000000   0.50817208553556433
  0.00862500000000000   0.50830521658032207
  0.00875000000000000   0.50843094188568256
  0.00887500000000000   0.50855710589282286
  0.00900000000000000   0.50868839461025540
  0.00912500000000000   0.50881799452848179
  0.00925000000000000   0.50894239948512636
  0.00937500000000000   0.50907002363743889
  0.00950000000000000   0.50920333918757866
  0.00962500000000000   0.50933372806947204
  0.00975000000000000   0.50945821025787846
  0.00987500000000000   0.50958464260364805
  0.01000000000000000   0.50971453303765958
  0.01012500000000000   0.50984176859594756
  0.01025000000000000   0.50996589970406666
