 -0.01075000000000000   0.49005147724165013
 -0.01062500000000000   0.49017582458378242
 -0.01050000000000000   0.49030748661430984
 -0.01037500000000000   0.49044184690808792
 -0.01025000000000000   0.49056897133277994
 -0.01012500000000000   0.49069512558799920
 -0.01000000000000000   0.49083168938311425
 -0.00987500000000000   0.49097099672576524
 -0.00975000000000000   0.49109832676709302
 -0.00962500000000000   0.49122544541699816
 -0.00950000000000000   0.49136249722486468
 -0.00937500000000000   0.49149783839118175
 -0.00925000000000000   0.49162402853461624
 -0.00912500000000000   0.49175541482477207
 -0.00900000000000000   0.49190045221955400
 -0.00887500000000000   0.49203697759087575
 -0.00875000000000000   0.49216233922595125
 -0.00862500000000000   0.49229723787241415
 -0.00850000000000000   0.49244154180357360
 -0.00837500000000000   0.49257248020722203
 -0.00825000000000000   0.49270116381448700
 -0.00812500000000000   0.49284822772781453
 -0.00800000000000000   0.49299555755585421
 -0.00787500000000000   0.49312414033032949
 -0.00775000000000000   0.49325849406867880
 -0.00762500000000000   0.49341015784274203
 -0.00750000000000000   0.49355054093363838
 -0.00737500000000000   0.49367939952782418
 -0.00725000000000000   0.49382991723739553
 -0.00712500000000000   0.49399054497715363
 -0.00700000000000000   0.49412373557492593
 -0.00687500000000000   0.49426316957127545
 -0.00675000000000000   0.49442981515024005
 -0.00662500000000000   0.49457609470751593
 -0.00650000000000000   0.49471095860373590
 -0.00637500000000000   0.49488669905702921
 -0.00625000000000000   0.49505336707006998
 -0.00612500000000000   0.49518887074641650
 -0.00600000000000000   0.49536878874713443
 -0.00587500000000000   0.49554914323864976
 -0.00575000000000000   0.49569198700632792
 -0.00562500000000000   0.49590482848309809
 -0.00550000000000000   0.49609411844356180
 -0.00537500000000000   0.49626588866246951
 -0.00525000000000000   0.49653024365416141
 -0.00512500000000000   0.49671038877327695
 -0.00500000000000000   0.49705795511292063
 -0.00487500000000000   0.49738179448538790
 -0.00475000000000000   0.49809735501487541
 -0.00462500000000000   0.49989905307966804
 -0.00450000000000000   0.49992882387570687
 -0.00437500000000000   0.50014033574037907
 -0.00425000000000000   0.50012635683925494
 -0.00412500000000000   0.50000562066499043
 -0.00400000000000000   0.49990557794539570
 -0.00387500000000000   0.49987359955890311
 -0.00375000000000000   0.49988883584966968
 -0.00362500000000000   0.49992970991455530
 -0.00350000000000000   0.49999080208177382
 -0.00337500000000000   0.50003890482764622
 -0.00325000000000000   0.50007040089543921
 -0.00312500000000000   0.50008843916643451
 -0.00300000000000000   0.50009213758070403
 -0.00287500000000000   0.50008573529704474
 -0.00275000000000000   0.50007279101008474
 -0.00262500000000000   0.50005632895062136
 -0.00250000000000000   0.50003886567165374
 -0.00237500000000000   0.50001858450284736
 -0.00225000000000000   0.50000416469242495
 -0.00212500000000000   0.49999255305057264
 -0.00200000000000000   0.49998075146615027
 -0.00187500000000000   0.49997495614681883
 -0.00175000000000000   0.49996921402296264
 -0.00162500000000000   0.49996783167322685
 -0.00150000000000000   0.49996643603279959
 -0.00137500000000000   0.49996674084399106
 -0.00125000000000000   0.49996831943270521
 -0.00112500000000000   0.49997129133111634
 -0.00100000000000000   0.49997419396469302
 -0.00087500000000000   0.49997752981075697
 -0.00075000000000000   0.49998112329613195
 -0.00062500000000000   0.49998485135090491
 -0.00050000000000000   0.49998863745183937
 -0.00037500000000000   0.49999241861504777
 -0.00025000000000000   0.49999620909542547
 -0.00012500000000000   0.50000000000000000
  0.00000000000000000   0.50000379090457453
  0.00012500000000000   0.50000758138495223
  0.00025000000000000   0.50001136254816064
  0.00037500000000000   0.50001514864909509
  0.00050000000000000   0.50001887670386805
  0.00062500000000000   0.50002247018924304
  0.00075000000000000   0.50002580603530698
  0.00087500000000000   0.50002870866888366
  0.00100000000000000   0.50003168056729479
  0.00112500000000000   0.50003325915600894
  0.00125000000000000   0.50003356396720041
  0.00137500000000000   0.50003216832677315
  0.00150000000000000   0.50003078597703736
  0.00162500000000000   0.50002504385318117
  0.00175000000000000   0.50001924853384973
  0.00187500000000000   0.50000744694942736
  0.00200000000000000   0.49999583530757505
  0.00212500000000000   0.49998141549715264
  0.00225000000000000   0.49996113432834625
  0.00237500000000000   0.49994367104937864
  0.00250000000000000   0.49992720898991526
  0.00262500000000000   0.49991426470295525
  0.00275000000000000   0.49990786241929597
  0.00287500000000000   0.49991156083356550
  0.00300000000000000   0.49992959910456079
  0.00312500000000000   0.49996109517235379
  0.00325000000000000   0.50000919791822619
  0.00337500000000000   0.50007029008544471
  0.00350000000000000   0.50011116415033032
  0.00362500000000000   0.50012640044109689
  0.00375000000000000   0.50009442205460430
  0.00387500000000000   0.49999437933500955
  0.00400000000000000   0.49987364316074505
  0.00412500000000000   0.49985966425962095
  0.00425000000000000   0.50007117612429319
  0.00437500000000000   0.50010094692033190
  0.00450000000000000   0.50190264498512466
  0.00462500000000000   0.50261820551461220
  0.00475000000000000   0.50294204488707942
  0.00487500000000000   0.50328961122672309
  0.00500000000000000   0.50346975634583860
  0.00512500000000000   0.50373411133753054
  0.00525000000000000   0.50390588155643822
  0.00537500000000000   0.50409517151690194
  0.00550000000000000   0.50430801299367210
  0.00562500000000000   0.50445085676135026
  0.00575000000000000   0.50463121125286559
  0.00587500000000000   0.50481112925358352
  0.00600000000000000   0.50494663292993004
  0.00612500000000000   0.50511330094297083
  0.00625000000000000   0.50528904139626411
  0.00637500000000000   0.50542390529248409
  0.00650000000000000   0.50557018484975997
  0.00662500000000000   0.50573683042872457
  0.00675000000000000   0.50587626442507407
  0.00687500000000000   0.50600945502284638
  0.00700000000000000   0.50617008276260448
  0.00712500000000000   0.50632060047217584
  0.00725000000000000   0.50644945906636164
  0.00737500000000000   0.50658984215725799
  0.00750000000000000   0.50674150593132121
  0.00762500000000000   0.50687585966967052
  0.00775000000000000   0.50700444244414581
  0.00787500000000000   0.50715177227218549
  0.00800000000000000   0.50729883618551303
  0.00812500000000000   0.50742751979277799
  0.00825000000000000   0.50755845819642642
  0.00837500000000000   0.50770276212758587
  0.00850000000000000   0.50783766077404877
  0.00862500000000000   0.50796302240912427
  0.00875000000000000   0.50809954778044602
  0.00887500000000000   0.50824458517522796
  0.00900000000000000   0.50837597146538377
  0.00912500000000000   0.50850216160881827
  0.00925000000000000   0.50863750277513534
  0.00937500000000000   0.50877455458300186
  0.00950000000000000   0.50890167323290700
  0.00962500000000000   0.50902900327423479
  0.00975000000000000   0.50916831061688577
  0.00987500000000000   0.50930487441200081
  0.01000000000000000   0.50943102866722008
  0.01012500000000000   0.50955815309191210
  0.01025000000000000   0.50969251338569019
  0.01037500000000000   0.50982417541621759
  0.01050000000000000   0.50994852275834989
