 -0.01025000000000000   0.49009547628561197
 -0.01012500000000000   0.49022024335533222
 -0.01000000000000000   0.49034678727606611
 -0.00987500000000000   0.49047291605273663
 -0.00975000000000000   0.49059721330032739
 -0.00962500000000000   0.49072315953414410
 -0.00950000000000000   0.49085167936739167
 -0.00937500000000000   0.49097965353347215
 -0.00925000000000000   0.49110434501218877
 -0.00912500000000000   0.49122952090819803
 -0.00900000000000000   0.49135697249090968
 -0.00887500000000000   0.49148361142622680
 -0.00875000000000000   0.49160825378625205
 -0.00862500000000000   0.49173443427157339
 -0.00850000000000000   0.49186439849911978
 -0.00837500000000000   0.49199278465764574
 -0.00825000000000000   0.49211758391232811
 -0.00812500000000000   0.49224327734195215
 -0.00800000000000000   0.49237205442177579
 -0.00787500000000000   0.49249943193905321
 -0.00775000000000000   0.49262420375149700
 -0.00762500000000000   0.49275143718602172
 -0.00750000000000000   0.49288272522092230
 -0.00737500000000000   0.49301203452371986
 -0.00725000000000000   0.49313705937170470
 -0.00712500000000000   0.49326389966329630
 -0.00700000000000000   0.49339463769059349
 -0.00687500000000000   0.49352279568758825
 -0.00675000000000000   0.49364779426810471
 -0.00662500000000000   0.49377683789048633
 -0.00650000000000000   0.49391116603133999
 -0.00637500000000000   0.49404083886842936
 -0.00625000000000000   0.49416600884452025
 -0.00612500000000000   0.49429565494915513
 -0.00600000000000000   0.49442957891917404
 -0.00587500000000000   0.49455824047273046
 -0.00575000000000000   0.49468400557997308
 -0.00562500000000000   0.49481756762640017
 -0.00550000000000000   0.49495550643276394
 -0.00537500000000000   0.49508457615131998
 -0.00525000000000000   0.49521161067465417
 -0.00512500000000000   0.49534791732736208
 -0.00500000000000000   0.49548604093777559
 -0.00487500000000000   0.49561379716632399
 -0.00475000000000000   0.49574465656579017
 -0.00462500000000000   0.49588928712885256
 -0.00450000000000000   0.49602948685088284
 -0.00437500000000000   0.49615729339760373
 -0.00425000000000000   0.49629516201206732
 -0.00412500000000000   0.49644648229937179
 -0.00400000000000000   0.49658319148869944
 -0.00387500000000000   0.49671519028206597
 -0.00375000000000000   0.49687355112970989
 -0.00362500000000000   0.49703098913128877
 -0.00350000000000000   0.49716429235932278
 -0.00337500000000000   0.49732352685459352
 -0.00325000000000000   0.49750500231858029
 -0.00312500000000000   0.49764909875739384
 -0.00300000000000000   0.49783366054058065
 -0.00287500000000000   0.49805617631715354
 -0.00275000000000000   0.49823642715187817
 -0.00262500000000000   0.49858665926841276
 -0.00250000000000000   0.50013059290010369
 -0.00237500000000000   0.49986970366143780
 -0.00225000000000000   0.49992077341053225
 -0.00212500000000000   0.50001964122268718
 -0.00200000000000000   0.50007725057239804
 -0.00187500000000000   0.50009314332209531
 -0.00175000000000000   0.50008753832803380
 -0.00162500000000000   0.50007075236275233
 -0.00150000000000000   0.50005081357853885
 -0.00137500000000000   0.50003109655145617
 -0.00125000000000000   0.50001546279840285
 -0.00112500000000000   0.50000297747284051
 -0.00100000000000000   0.49999505205025175
 -0.00087500000000000   0.49998975787941372
 -0.00075000000000000   0.49998770544780385
 -0.00062500000000000   0.49998801828428149
 -0.00050000000000000   0.49998995510071902
 -0.00037500000000000   0.49999260900253259
 -0.00025000000000000   0.49999625463692176
 -0.00012500000000000   0.50000000000000000
  0.00000000000000000   0.50000374536307824
  0.00012500000000000   0.50000739099746741
  0.00025000000000000   0.50001004489928098
  0.00037500000000000   0.50001198171571851
  0.00050000000000000   0.50001229455219615
  0.00062500000000000   0.50001024212058628
  0.00075000000000000   0.50000494794974825
  0.00087500000000000   0.49999702252715949
  0.00100000000000000   0.49998453720159715
  0.00112500000000000   0.49996890344854383
  0.00125000000000000   0.49994918642146114
  0.00137500000000000   0.49992924763724766
  0.00150000000000000   0.49991246167196620
  0.00162500000000000   0.49990685667790469
  0.00175000000000000   0.49992274942760197
  0.00187500000000000   0.49998035877731283
  0.00200000000000000   0.50007922658946777
  0.00212500000000000   0.50013029633856219
  0.00225000000000000   0.49986940709989624
  0.00237500000000000   0.50141334073158727
  0.00250000000000000   0.50176357284812186
  0.00262500000000000   0.50194382368284648
  0.00275000000000000   0.50216633945941939
  0.00287500000000000   0.50235090124260618
  0.00300000000000000   0.50249499768141973
  0.00312500000000000   0.50267647314540650
  0.00325000000000000   0.50283570764067724
  0.00337500000000000   0.50296901086871125
  0.00350000000000000   0.50312644887029014
  0.00362500000000000   0.50328480971793405
  0.00375000000000000   0.50341680851130058
  0.00387500000000000   0.50355351770062822
  0.00400000000000000   0.50370483798793270
  0.00412500000000000   0.50384270660239629
  0.00425000000000000   0.50397051314911718
  0.00437500000000000   0.50411071287114746
  0.00450000000000000   0.50425534343420985
  0.00462500000000000   0.50438620283367602
  0.00475000000000000   0.50451395906222443
  0.00487500000000000   0.50465208267263794
  0.00500000000000000   0.50478838932534585
  0.00512500000000000   0.50491542384868003
  0.00525000000000000   0.50504449356723608
  0.00537500000000000   0.50518243237359985
  0.00550000000000000   0.50531599442002693
  0.00562500000000000   0.50544175952726956
  0.00575000000000000   0.50557042108082597
  0.00587500000000000   0.50570434505084489
  0.00600000000000000   0.50583399115547977
  0.00612500000000000   0.50595916113157066
  0.00625000000000000   0.50608883396866002
  0.00637500000000000   0.50622316210951369
  0.00650000000000000   0.50635220573189531
  0.00662500000000000   0.50647720431241177
  0.00675000000000000   0.50660536230940653
  0.00687500000000000   0.50673610033670372
  0.00700000000000000   0.50686294062829532
  0.00712500000000000   0.50698796547628016
  0.00725000000000000   0.50711727477907772
  0.00737500000000000   0.50724856281397829
  0.00750000000000000   0.50737579624850302
  0.00762500000000000   0.50750056806094681
  0.00775000000000000   0.50762794557822423
  0.00787500000000000   0.50775672265804787
  0.00800000000000000   0.50788241608767190
  0.00812500000000000   0.50800721534235428
  0.00825000000000000   0.50813560150088024
  0.00837500000000000   0.50826556572842663
  0.00850000000000000   0.50839174621374797
  0.00862500000000000   0.50851638857377322
  0.00875000000000000   0.50864302750909034
  0.00887500000000000   0.50877047909180198
  0.00900000000000000   0.50889565498781125
  0.00912500000000000   0.50902034646652787
  0.00925000000000000   0.50914832063260835
  0.00937500000000000   0.50927684046585592
  0.00950000000000000   0.50940278669967263
  0.00962500000000000   0.50952708394726339
  0.00975000000000000   0.50965321272393391
  0.00987500000000000   0.50977975664466780
  0.01000000000000000   0.50990452371438805
