 -0.03030227352000000   0.59999905026508694
 -0.03030226352000000   0.59999905040746886
 -0.03030225352000000   0.59999905054985070
 -0.03030224352000000   0.59999905069223245
 -0.03030223352000000   0.59999905083461413
 -0.03030222352000000   0.59999905097699572
 -0.03030221352000000   0.59999905111937723
 -0.03030220352000000   0.59999905126175866
 -0.03030219352000000   0.59999905140414001
 -0.03030218352000000   0.59999905154652128
 -0.03030217352000000   0.59999905168890247
 -0.03030216352000000   0.59999905183128358
 -0.03030215352000000   0.59999905197366460
 -0.03030214352000000   0.59999905211604555
 -0.03030213352000000   0.59999905225842641
 -0.03030212352000000   0.59999905240080720
 -0.03030211352000000   0.59999905254318790
 -0.03030210352000000   0.59999905268556852
 -0.03030209352000000   0.59999905282794906
 -0.03030208352000000   0.59999905297032952
 -0.03030207352000000   0.59999905311270990
 -0.03030206352000000   0.59999905325509019
 -0.03030205352000000   0.59999905339747041
 -0.03030204352000000   0.59999905353985054
 -0.03030203352000000   0.59999905368223060
 -0.03030202352000000   0.59999905382461057
 -0.03030201352000000   0.59999905396699046
 -0.03030200352000000   0.59999905410937027
 -0.03030199352000000   0.59999905425175000
 -0.03030198352000000   0.59999905439412965
 -0.03030197352000000   0.59999905453650922
 -0.03030196352000000   0.59999905467888871
 -0.03030195352000000   0.59999905482126811
 -0.03030194352000000   0.59999905496364743
 -0.03030193352000000   0.59999905510602668
 -0.03030192352000000   0.59999905524840584
 -0.03030191352000000   0.59999905539078492
 -0.03030190352000000   0.59999905553316392
 -0.03030189352000000   0.59999905567554284
 -0.03030188352000000   0.59999905581792168
 -0.03030187352000000   0.59999905596030044
 -0.03030186352000000   0.59999905610267911
 -0.03030185352000000   0.59999905624505771
 -0.03030184352000000   0.59999905638743622
 -0.03030183352000000   0.59999905652981466
 -0.03030182352000000   0.59999905667219301
 -0.03030181352000000   0.59999905681457128
 -0.03030180352000000   0.59999905695694947
 -0.03030179352000000   0.59999905709932758
 -0.03030178352000000   0.59999905724170561
 -0.03030177352000000   0.59999905738408355
 -0.03030176352000000   0.59999905752646142
 -0.03030175352000000   0.59999905766883921
 -0.03030174352000000   0.59999905781121691
 -0.03030173352000000   0.59999905795359453
 -0.03030172352000000   0.59999905809597207
 -0.03030171352000000   0.59999905823834953
 -0.03030170352000000   0.59999905838072691
 -0.03030169352000000   0.59999905852310421
 -0.03030168352000000   0.59999905866548143
 -0.03030167352000000   0.59999905880785857
 -0.03030166352000000   0.59999905895023562
 -0.03030165352000000   0.59999905909261260
 -0.03030164352000000   0.59999905923498949
 -0.03030163352000000   0.59999905937736630
 -0.03030162352000000   0.59999905951974304
 -0.03030161352000000   0.59999905966211969
 -0.03030160352000000   0.59999905980449626
 -0.03030159352000000   0.59999905994687274
 -0.03030158352000000   0.59999906008924915
 -0.03030157352000000   0.59999906023162548
 -0.03030156352000000   0.59999906037400172
 -0.03030155352000000   0.59999906051637789
 -0.03030154352000000   0.59999906065875397
 -0.03030153352000000   0.59999906080112998
 -0.03030152352000000   0.59999906094350590
 -0.03030151352000000   0.59999906108588174
 -0.03030150352000000   0.59999906122825750
 -0.03030149352000000   0.59999906137063318
 -0.03030148352000000   0.59999906151300877
 -0.03030147352000000   0.59999906165538429
 -0.03030146352000000   0.59999906179775972
 -0.03030145352000000   0.59999906194013508
 -0.03030144352000000   0.59999906208251035
 -0.03030143352000000   0.59999906222488554
 -0.03030142352000000   0.59999906236726065
 -0.03030141352000000   0.59999906250963569
 -0.03030140352000000   0.59999906265201063
 -0.03030139352000000   0.59999906279438550
 -0.03030138352000000   0.59999906293676029
 -0.03030137352000000   0.59999906307913499
 -0.03030136352000000   0.59999906322150962
 -0.03030135352000000   0.59999906336388416
 -0.03030134352000000   0.59999906350625863
 -0.03030133352000000   0.59999906364863301
 -0.03030132352000000   0.59999906379100731
 -0.03030131352000000   0.59999906393338153
 -0.03030130352000000   0.59999906407575567
 -0.03030129352000000   0.59999906421812973
 -0.03030128352000000   0.59999906436050370
 -0.03030127352000000   0.59999906450287760
 -0.03030126352000000   0.59999906464525141
 -0.03030125352000000   0.59999906478762515
 -0.03030124352000000   0.59999906492999880
 -0.03030123352000000   0.59999906507237237
 -0.03030122352000000   0.59999906521474586
 -0.03030121352000000   0.59999906535711927
 -0.03030120352000000   0.59999906549949260
 -0.03030119352000000   0.59999906564186585
 -0.03030118352000000   0.59999906578423902
 -0.03030117352000000   0.59999906592661210
 -0.03030116352000000   0.59999906606898511
 -0.03030115352000000   0.59999906621135803
 -0.03030114352000000   0.59999906635373087
 -0.03030113352000000   0.59999906649610363
 -0.03030112352000000   0.59999906663847631
 -0.03030111352000000   0.59999906678084891
 -0.03030110352000000   0.59999906692322143
 -0.03030109352000000   0.59999906706559387
 -0.03030108352000000   0.59999906720796623
 -0.03030107352000000   0.59999906735033850
 -0.03030106352000000   0.59999906749271070
 -0.03030105352000000   0.59999906763508281
 -0.03030104352000000   0.59999906777745484
 -0.03030103352000000   0.59999906791982679
 -0.03030102352000000   0.59999906806219866
 -0.03030101352000000   0.59999906820457045
 -0.03030100352000000   0.59999906834694216
 -0.03030099352000000   0.59999906848931379
 -0.03030098352000000   0.59999906863168534
 -0.03030097352000000   0.59999906877405680
 -0.03030096352000000   0.59999906891642818
 -0.03030095352000000   0.59999906905879949
 -0.03030094352000000   0.59999906920117071
 -0.03030093352000000   0.59999906934354185
 -0.03030092352000000   0.59999906948591291
 -0.03030091352000000   0.59999906962828389
 -0.03030090352000000   0.59999906977065479
 -0.03030089352000000   0.59999906991302560
 -0.03030088352000000   0.59999907005539634
 -0.03030087352000000   0.59999907019776700
 -0.03030086352000000   0.59999907034013757
 -0.03030085352000000   0.59999907048250806
 -0.03030084352000000   0.59999907062487848
 -0.03030083352000000   0.59999907076724881
 -0.03030082352000000   0.59999907090961906
 -0.03030081352000000   0.59999907105198923
 -0.03030080352000000   0.59999907119435931
 -0.03030079352000000   0.59999907133672932
 -0.03030078352000000   0.59999907147909925
 -0.03030077352000000   0.59999907162146909
 -0.03030076352000000   0.59999907176383886
 -0.03030075352000000   0.59999907190620854
 -0.03030074352000000   0.59999907204857814
 -0.03030073352000000   0.59999907219094766
 -0.03030072352000000   0.59999907233331710
 -0.03030071352000000   0.59999907247568646
 -0.03030070352000000   0.59999907261805574
 -0.03030069352000000   0.59999907276042493
 -0.03030068352000000   0.59999907290279405
 -0.03030067352000000   0.59999907304516308
 -0.03030066352000000   0.59999907318753204
 -0.03030065352000000   0.59999907332990091
 -0.03030064352000000   0.59999907347226970
 -0.03030063352000000   0.59999907361463841
 -0.03030062352000000   0.59999907375700704
 -0.03030061352000000   0.59999907389937559
 -0.03030060352000000   0.59999907404174406
 -0.03030059352000000   0.59999907418411245
 -0.03030058352000000   0.59999907432648075
 -0.03030057352000000   0.59999907446884898
 -0.03030056352000000   0.59999907461121712
 -0.03030055352000000   0.59999907475358518
 -0.03030054352000000   0.59999907489595316
 -0.03030053352000000   0.59999907503832106
 -0.03030052352000000   0.59999907518068889
 -0.03030051352000000   0.59999907532305662
 -0.03030050352000000   0.59999907546542428
 -0.03030049352000000   0.59999907560779186
 -0.03030048352000000   0.59999907575015935
 -0.03030047352000000   0.59999907589252677
 -0.03030046352000000   0.59999907603489410
 -0.03030045352000000   0.59999907617726135
 -0.03030044352000000   0.59999907631962852
 -0.03030043352000000   0.59999907646199561
 -0.03030042352000000   0.59999907660436262
 -0.03030041352000000   0.59999907674672955
 -0.03030040352000000   0.59999907688909640
 -0.03030039352000000   0.59999907703146317
 -0.03030038352000000   0.59999907717382985
 -0.03030037352000000   0.59999907731619646
 -0.03030036352000000   0.59999907745856298
 -0.03030035352000000   0.59999907760092942
 -0.03030034352000000   0.59999907774329578
 -0.03030033352000000   0.59999907788566206
 -0.03030032352000000   0.59999907802802826
 -0.03030031352000000   0.59999907817039438
 -0.03030030352000000   0.59999907831276042
 -0.03030029352000000   0.59999907845512637
 -0.03030028352000000   0.59999907859749225
 -0.03030027352000000   0.59999907873985804
 -0.03030026352000000   0.59999907888222376
 -0.03030025352000000   0.59999907902458939
 -0.03030024352000000   0.59999907916695494
 -0.03030023352000000   0.59999907930932041
 -0.03030022352000000   0.59999907945168580
 -0.03030021352000000   0.59999907959405111
 -0.03030020352000000   0.59999907973641634
 -0.03030019352000000   0.59999907987878148
 -0.03030018352000000   0.59999908002114655
 -0.03030017352000000   0.59999908016351153
 -0.03030016352000000   0.59999908030587643
 -0.03030015352000000   0.59999908044824126
 -0.03030014352000000   0.59999908059060600
 -0.03030013352000000   0.59999908073297066
 -0.03030012352000000   0.59999908087533524
 -0.03030011352000000   0.59999908101769973
 -0.03030010352000000   0.59999908116006415
 -0.03030009352000000   0.59999908130242849
 -0.03030008352000000   0.59999908144479274
 -0.03030007352000000   0.59999908158715692
 -0.03030006352000000   0.59999908172952101
 -0.03030005352000000   0.59999908187188502
 -0.03030004352000000   0.59999908201424895
 -0.03030003352000000   0.59999908215661280
 -0.03030002352000000   0.59999908229897657
 -0.03030001352000000   0.59999908244134026
 -0.03030000352000000   0.59999908258370387
 -0.03029999352000000   0.59999908272606739
 -0.03029998352000000   0.59999908286843084
 -0.03029997352000000   0.59999908301079420
 -0.03029996352000000   0.59999908315315749
 -0.03029995352000000   0.59999908329552069
 -0.03029994352000000   0.59999908343788381
 -0.03029993352000000   0.59999908358024685
 -0.03029992352000000   0.59999908372260981
 -0.03029991352000000   0.59999908386497269
 -0.03029990352000000   0.59999908400733548
 -0.03029989352000000   0.59999908414969820
 -0.03029988352000000   0.59999908429206083
 -0.03029987352000000   0.59999908443442339
 -0.03029986352000000   0.59999908457678586
 -0.03029985352000000   0.59999908471914825
 -0.03029984352000000   0.59999908486151056
 -0.03029983352000000   0.59999908500387279
 -0.03029982352000000   0.59999908514623494
 -0.03029981352000000   0.59999908528859701
 -0.03029980352000000   0.59999908543095900
 -0.03029979352000000   0.59999908557332090
 -0.03029978352000000   0.59999908571568273
 -0.03029977352000000   0.59999908585804447
 -0.03029976352000000   0.59999908600040613
 -0.03029975352000000   0.59999908614276772
 -0.03029974352000000   0.59999908628512922
 -0.03029973352000000   0.59999908642749064
 -0.03029972352000000   0.59999908656985198
 -0.03029971352000000   0.59999908671221323
 -0.03029970352000000   0.59999908685457441
 -0.03029969352000000   0.59999908699693551
 -0.03029968352000000   0.59999908713929652
 -0.03029967352000000   0.59999908728165745
 -0.03029966352000000   0.59999908742401831
 -0.03029965352000000   0.59999908756637908
 -0.03029964352000000   0.59999908770873977
 -0.03029963352000000   0.59999908785110038
 -0.03029962352000000   0.59999908799346091
 -0.03029961352000000   0.59999908813582136
 -0.03029960352000000   0.59999908827818172
 -0.03029959352000000   0.59999908842054201
 -0.03029958352000000   0.59999908856290221
 -0.03029957352000000   0.59999908870526234
 -0.03029956352000000   0.59999908884762238
 -0.03029955352000000   0.59999908898998234
 -0.03029954352000000   0.59999908913234222
 -0.03029953352000000   0.59999908927470202
 -0.03029952352000000   0.59999908941706174
 -0.03029951352000000   0.59999908955942138
 -0.03029950352000000   0.59999908970178094
 -0.03029949352000000   0.59999908984414041
 -0.03029948352000000   0.59999908998649981
 -0.03029947352000000   0.59999909012885912
 -0.03029946352000000   0.59999909027121835
 -0.03029945352000000   0.59999909041357750
 -0.03029944352000000   0.59999909055593658
 -0.03029943352000000   0.59999909069829557
 -0.03029942352000000   0.59999909084065447
 -0.03029941352000000   0.59999909098301330
 -0.03029940352000000   0.59999909112537205
 -0.03029939352000000   0.59999909126773072
 -0.03029938352000000   0.59999909141008930
 -0.03029937352000000   0.59999909155244780
 -0.03029936352000000   0.59999909169480623
 -0.03029935352000000   0.59999909183716457
 -0.03029934352000000   0.59999909197952283
 -0.03029933352000000   0.59999909212188101
 -0.03029932352000000   0.59999909226423911
 -0.03029931352000000   0.59999909240659712
 -0.03029930352000000   0.59999909254895506
 -0.03029929352000000   0.59999909269131292
 -0.03029928352000000   0.59999909283367069
 -0.03029927352000000   0.59999909297602838
 -0.03029926352000000   0.59999909311838600
 -0.03029925352000000   0.59999909326074353
 -0.03029924352000000   0.59999909340310098
 -0.03029923352000000   0.59999909354545835
 -0.03029922352000000   0.59999909368781564
 -0.03029921352000000   0.59999909383017285
 -0.03029920352000000   0.59999909397252997
 -0.03029919352000000   0.59999909411488702
 -0.03029918352000000   0.59999909425724399
 -0.03029917352000000   0.59999909439960087
 -0.03029916352000000   0.59999909454195767
 -0.03029915352000000   0.59999909468431439
 -0.03029914352000000   0.59999909482667103
 -0.03029913352000000   0.59999909496902759
 -0.03029912352000000   0.59999909511138407
 -0.03029911352000000   0.59999909525374047
 -0.03029910352000000   0.59999909539609679
 -0.03029909352000000   0.59999909553845302
 -0.03029908352000000   0.59999909568080918
 -0.03029907352000000   0.59999909582316525
 -0.03029906352000000   0.59999909596552124
 -0.03029905352000000   0.59999909610787716
 -0.03029904352000000   0.59999909625023299
 -0.03029903352000000   0.59999909639258874
 -0.03029902352000000   0.59999909653494441
 -0.03029901352000000   0.59999909667729999
 -0.03029900352000000   0.59999909681965550
 -0.03029899352000000   0.59999909696201092
 -0.03029898352000000   0.59999909710436627
 -0.03029897352000000   0.59999909724672153
 -0.03029896352000000   0.59999909738907672
 -0.03029895352000000   0.59999909753143182
 -0.03029894352000000   0.59999909767378684
 -0.03029893352000000   0.59999909781614178
 -0.03029892352000000   0.59999909795849664
 -0.03029891352000000   0.59999909810085142
 -0.03029890352000000   0.59999909824320611
 -0.03029889352000000   0.59999909838556073
 -0.03029888352000000   0.59999909852791526
 -0.03029887352000000   0.59999909867026972
 -0.03029886352000000   0.59999909881262409
 -0.03029885352000000   0.59999909895497838
 -0.03029884352000000   0.59999909909733259
 -0.03029883352000000   0.59999909923968672
 -0.03029882352000000   0.59999909938204077
 -0.03029881352000000   0.59999909952439474
 -0.03029880352000000   0.59999909966674863
 -0.03029879352000000   0.59999909980910243
 -0.03029878352000000   0.59999909995145616
 -0.03029877352000000   0.59999910009380980
 -0.03029876352000000   0.59999910023616336
 -0.03029875352000000   0.59999910037851685
 -0.03029874352000000   0.59999910052087025
 -0.03029873352000000   0.59999910066322357
 -0.03029872352000000   0.59999910080557681
 -0.03029871352000000   0.59999910094792996
 -0.03029870352000000   0.59999910109028304
 -0.03029869352000000   0.59999910123263604
 -0.03029868352000000   0.59999910137498895
 -0.03029867352000000   0.59999910151734178
 -0.03029866352000000   0.59999910165969454
 -0.03029865352000000   0.59999910180204721
 -0.03029864352000000   0.59999910194439980
 -0.03029863352000000   0.59999910208675231
 -0.03029862352000000   0.59999910222910474
 -0.03029861352000000   0.59999910237145709
 -0.03029860352000000   0.59999910251380936
 -0.03029859352000000   0.59999910265616154
 -0.03029858352000000   0.59999910279851365
 -0.03029857352000000   0.59999910294086567
 -0.03029856352000000   0.59999910308321761
 -0.03029855352000000   0.59999910322556948
 -0.03029854352000000   0.59999910336792126
 -0.03029853352000000   0.59999910351027296
 -0.03029852352000000   0.59999910365262458
 -0.03029851352000000   0.59999910379497611
 -0.03029850352000000   0.59999910393732757
 -0.03029849352000000   0.59999910407967895
 -0.03029848352000000   0.59999910422203024
 -0.03029847352000000   0.59999910436438145
 -0.03029846352000000   0.59999910450673259
 -0.03029845352000000   0.59999910464908364
 -0.03029844352000000   0.59999910479143461
 -0.03029843352000000   0.59999910493378550
 -0.03029842352000000   0.59999910507613631
 -0.03029841352000000   0.59999910521848704
 -0.03029840352000000   0.59999910536083769
 -0.03029839352000000   0.59999910550318825
 -0.03029838352000000   0.59999910564553874
 -0.03029837352000000   0.59999910578788914
 -0.03029836352000000   0.59999910593023947
 -0.03029835352000000   0.59999910607258971
 -0.03029834352000000   0.59999910621493987
 -0.03029833352000000   0.59999910635728995
 -0.03029832352000000   0.59999910649963995
 -0.03029831352000000   0.59999910664198987
 -0.03029830352000000   0.59999910678433970
 -0.03029829352000000   0.59999910692668946
 -0.03029828352000000   0.59999910706903914
 -0.03029827352000000   0.59999910721138873
 -0.03029826352000000   0.59999910735373824
 -0.03029825352000000   0.59999910749608768
 -0.03029824352000000   0.59999910763843703
 -0.03029823352000000   0.59999910778078630
 -0.03029822352000000   0.59999910792313549
 -0.03029821352000000   0.59999910806548460
 -0.03029820352000000   0.59999910820783362
 -0.03029819352000000   0.59999910835018257
 -0.03029818352000000   0.59999910849253144
 -0.03029817352000000   0.59999910863488022
 -0.03029816352000000   0.59999910877722892
 -0.03029815352000000   0.59999910891957755
 -0.03029814352000000   0.59999910906192609
 -0.03029813352000000   0.59999910920427455
 -0.03029812352000000   0.59999910934662293
 -0.03029811352000000   0.59999910948897123
 -0.03029810352000000   0.59999910963131944
 -0.03029809352000000   0.59999910977366758
 -0.03029808352000000   0.59999910991601564
 -0.03029807352000000   0.59999911005836361
 -0.03029806352000000   0.59999911020071150
 -0.03029805352000000   0.59999911034305931
 -0.03029804352000000   0.59999911048540705
 -0.03029803352000000   0.59999911062775470
 -0.03029802352000000   0.59999911077010227
 -0.03029801352000000   0.59999911091244976
 -0.03029800352000000   0.59999911105479716
 -0.03029799352000000   0.59999911119714449
 -0.03029798352000000   0.59999911133949174
 -0.03029797352000000   0.59999911148183890
 -0.03029796352000000   0.59999911162418599
 -0.03029795352000000   0.59999911176653299
 -0.03029794352000000   0.59999911190887991
 -0.03029793352000000   0.59999911205122675
 -0.03029792352000000   0.59999911219357351
 -0.03029791352000000   0.59999911233592019
 -0.03029790352000000   0.59999911247826679
 -0.03029789352000000   0.59999911262061330
 -0.03029788352000000   0.59999911276295974
 -0.03029787352000000   0.59999911290530609
 -0.03029786352000000   0.59999911304765237
 -0.03029785352000000   0.59999911318999856
 -0.03029784352000000   0.59999911333234467
 -0.03029783352000000   0.59999911347469070
 -0.03029782352000000   0.59999911361703665
 -0.03029781352000000   0.59999911375938252
 -0.03029780352000000   0.59999911390172831
 -0.03029779352000000   0.59999911404407402
 -0.03029778352000000   0.59999911418641964
 -0.03029777352000000   0.59999911432876519
 -0.03029776352000000   0.59999911447111065
 -0.03029775352000000   0.59999911461345604
 -0.03029774352000000   0.59999911475580134
 -0.03029773352000000   0.59999911489814656
 -0.03029772352000000   0.59999911504049170
 -0.03029771352000000   0.59999911518283676
 -0.03029770352000000   0.59999911532518174
 -0.03029769352000000   0.59999911546752663
 -0.03029768352000000   0.59999911560987145
 -0.03029767352000000   0.59999911575221618
 -0.03029766352000000   0.59999911589456084
 -0.03029765352000000   0.59999911603690541
 -0.03029764352000000   0.59999911617924991
 -0.03029763352000000   0.59999911632159432
 -0.03029762352000000   0.59999911646393865
 -0.03029761352000000   0.59999911660628290
 -0.03029760352000000   0.59999911674862706
 -0.03029759352000000   0.59999911689097115
 -0.03029758352000000   0.59999911703331516
 -0.03029757352000000   0.59999911717565908
 -0.03029756352000000   0.59999911731800293
 -0.03029755352000000   0.59999911746034669
 -0.03029754352000000   0.59999911760269037
 -0.03029753352000000   0.59999911774503397
 -0.03029752352000000   0.59999911788737750
 -0.03029751352000000   0.59999911802972093
 -0.03029750352000000   0.59999911817206429
 -0.03029749352000000   0.59999911831440757
 -0.03029748352000000   0.59999911845675077
 -0.03029747352000000   0.59999911859909388
 -0.03029746352000000   0.59999911874143692
 -0.03029745352000000   0.59999911888377987
 -0.03029744352000000   0.59999911902612274
 -0.03029743352000000   0.59999911916846553
 -0.03029742352000000   0.59999911931080825
 -0.03029741352000000   0.59999911945315087
 -0.03029740352000000   0.59999911959549342
 -0.03029739352000000   0.59999911973783589
 -0.03029738352000000   0.59999911988017828
 -0.03029737352000000   0.59999912002252058
 -0.03029736352000000   0.59999912016486281
 -0.03029735352000000   0.59999912030720495
 -0.03029734352000000   0.59999912044954701
 -0.03029733352000000   0.59999912059188900
 -0.03029732352000000   0.59999912073423090
 -0.03029731352000000   0.59999912087657272
 -0.03029730352000000   0.59999912101891446
 -0.03029729352000000   0.59999912116125611
 -0.03029728352000000   0.59999912130359769
 -0.03029727352000000   0.59999912144593919
 -0.03029726352000000   0.59999912158828060
 -0.03029725352000000   0.59999912173062194
 -0.03029724352000000   0.59999912187296319
 -0.03029723352000000   0.59999912201530436
 -0.03029722352000000   0.59999912215764545
 -0.03029721352000000   0.59999912229998646
 -0.03029720352000000   0.59999912244232739
 -0.03029719352000000   0.59999912258466824
 -0.03029718352000000   0.59999912272700901
 -0.03029717352000000   0.59999912286934969
 -0.03029716352000000   0.59999912301169030
 -0.03029715352000000   0.59999912315403082
 -0.03029714352000000   0.59999912329637127
 -0.03029713352000000   0.59999912343871163
 -0.03029712352000000   0.59999912358105191
 -0.03029711352000000   0.59999912372339211
 -0.03029710352000000   0.59999912386573223
 -0.03029709352000000   0.59999912400807227
 -0.03029708352000000   0.59999912415041222
 -0.03029707352000000   0.59999912429275210
 -0.03029706352000000   0.59999912443509190
 -0.03029705352000000   0.59999912457743161
 -0.03029704352000000   0.59999912471977125
 -0.03029703352000000   0.59999912486211080
 -0.03029702352000000   0.59999912500445027
 -0.03029701352000000   0.59999912514678966
 -0.03029700352000000   0.59999912528912897
 -0.03029699352000000   0.59999912543146820
 -0.03029698352000000   0.59999912557380735
 -0.03029697352000000   0.59999912571614641
 -0.03029696352000000   0.59999912585848540
 -0.03029695352000000   0.59999912600082430
 -0.03029694352000000   0.59999912614316313
 -0.03029693352000000   0.59999912628550187
 -0.03029692352000000   0.59999912642784053
 -0.03029691352000000   0.59999912657017911
 -0.03029690352000000   0.59999912671251761
 -0.03029689352000000   0.59999912685485603
 -0.03029688352000000   0.59999912699719437
 -0.03029687352000000   0.59999912713953263
 -0.03029686352000000   0.59999912728187080
 -0.03029685352000000   0.59999912742420890
 -0.03029684352000000   0.59999912756654691
 -0.03029683352000000   0.59999912770888484
 -0.03029682352000000   0.59999912785122270
 -0.03029681352000000   0.59999912799356047
 -0.03029680352000000   0.59999912813589816
 -0.03029679352000000   0.59999912827823577
 -0.03029678352000000   0.59999912842057330
 -0.03029677352000000   0.59999912856291074
 -0.03029676352000000   0.59999912870524811
 -0.03029675352000000   0.59999912884758539
 -0.03029674352000000   0.59999912898992260
 -0.03029673352000000   0.59999912913225972
 -0.03029672352000000   0.59999912927459676
 -0.03029671352000000   0.59999912941693373
 -0.03029670352000000   0.59999912955927061
 -0.03029669352000000   0.59999912970160740
 -0.03029668352000000   0.59999912984394412
 -0.03029667352000000   0.59999912998628076
 -0.03029666352000000   0.59999913012861732
 -0.03029665352000000   0.59999913027095379
 -0.03029664352000000   0.59999913041329019
 -0.03029663352000000   0.59999913055562650
 -0.03029662352000000   0.59999913069796273
 -0.03029661352000000   0.59999913084029888
 -0.03029660352000000   0.59999913098263495
 -0.03029659352000000   0.59999913112497094
 -0.03029658352000000   0.59999913126730685
 -0.03029657352000000   0.59999913140964268
 -0.03029656352000000   0.59999913155197843
 -0.03029655352000000   0.59999913169431409
 -0.03029654352000000   0.59999913183664968
 -0.03029653352000000   0.59999913197898518
 -0.03029652352000000   0.59999913212132061
 -0.03029651352000000   0.59999913226365595
 -0.03029650352000000   0.59999913240599121
 -0.03029649352000000   0.59999913254832639
 -0.03029648352000000   0.59999913269066149
 -0.03029647352000000   0.59999913283299651
 -0.03029646352000000   0.59999913297533144
 -0.03029645352000000   0.59999913311766630
 -0.03029644352000000   0.59999913326000107
 -0.03029643352000000   0.59999913340233577
 -0.03029642352000000   0.59999913354467038
 -0.03029641352000000   0.59999913368700491
 -0.03029640352000000   0.59999913382933937
 -0.03029639352000000   0.59999913397167373
 -0.03029638352000000   0.59999913411400802
 -0.03029637352000000   0.59999913425634223
 -0.03029636352000000   0.59999913439867636
 -0.03029635352000000   0.59999913454101041
 -0.03029634352000000   0.59999913468334437
 -0.03029633352000000   0.59999913482567826
 -0.03029632352000000   0.59999913496801206
 -0.03029631352000000   0.59999913511034578
 -0.03029630352000000   0.59999913525267942
 -0.03029629352000000   0.59999913539501299
 -0.03029628352000000   0.59999913553734646
 -0.03029627352000000   0.59999913567967986
 -0.03029626352000000   0.59999913582201318
 -0.03029625352000000   0.59999913596434642
 -0.03029624352000000   0.59999913610667957
 -0.03029623352000000   0.59999913624901265
 -0.03029622352000000   0.59999913639134564
 -0.03029621352000000   0.59999913653367855
 -0.03029620352000000   0.59999913667601139
 -0.03029619352000000   0.59999913681834414
 -0.03029618352000000   0.59999913696067681
 -0.03029617352000000   0.59999913710300940
 -0.03029616352000000   0.59999913724534191
 -0.03029615352000000   0.59999913738767433
 -0.03029614352000000   0.59999913753000668
 -0.03029613352000000   0.59999913767233894
 -0.03029612352000000   0.59999913781467113
 -0.03029611352000000   0.59999913795700323
 -0.03029610352000000   0.59999913809933525
 -0.03029609352000000   0.59999913824166719
 -0.03029608352000000   0.59999913838399906
 -0.03029607352000000   0.59999913852633083
 -0.03029606352000000   0.59999913866866253
 -0.03029605352000000   0.59999913881099415
 -0.03029604352000000   0.59999913895332569
 -0.03029603352000000   0.59999913909565714
 -0.03029602352000000   0.59999913923798852
 -0.03029601352000000   0.59999913938031981
 -0.03029600352000000   0.59999913952265102
 -0.03029599352000000   0.59999913966498215
 -0.03029598352000000   0.59999913980731321
 -0.03029597352000000   0.59999913994964417
 -0.03029596352000000   0.59999914009197506
 -0.03029595352000000   0.59999914023430587
 -0.03029594352000000   0.59999914037663660
 -0.03029593352000000   0.59999914051896724
 -0.03029592352000000   0.59999914066129781
 -0.03029591352000000   0.59999914080362829
 -0.03029590352000000   0.59999914094595870
 -0.03029589352000000   0.59999914108828902
 -0.03029588352000000   0.59999914123061926
 -0.03029587352000000   0.59999914137294942
 -0.03029586352000000   0.59999914151527950
 -0.03029585352000000   0.59999914165760950
 -0.03029584352000000   0.59999914179993941
 -0.03029583352000000   0.59999914194226925
 -0.03029582352000000   0.59999914208459900
 -0.03029581352000000   0.59999914222692868
 -0.03029580352000000   0.59999914236925827
 -0.03029579352000000   0.59999914251158779
 -0.03029578352000000   0.59999914265391722
 -0.03029577352000000   0.59999914279624657
 -0.03029576352000000   0.59999914293857584
 -0.03029575352000000   0.59999914308090502
 -0.03029574352000000   0.59999914322323413
 -0.03029573352000000   0.59999914336556316
 -0.03029572352000000   0.59999914350789210
 -0.03029571352000000   0.59999914365022097
 -0.03029570352000000   0.59999914379254975
 -0.03029569352000000   0.59999914393487846
 -0.03029568352000000   0.59999914407720708
 -0.03029567352000000   0.59999914421953562
 -0.03029566352000000   0.59999914436186408
 -0.03029565352000000   0.59999914450419246
 -0.03029564352000000   0.59999914464652075
 -0.03029563352000000   0.59999914478884897
 -0.03029562352000000   0.59999914493117711
 -0.03029561352000000   0.59999914507350517
 -0.03029560352000000   0.59999914521583314
 -0.03029559352000000   0.59999914535816103
 -0.03029558352000000   0.59999914550048884
 -0.03029557352000000   0.59999914564281657
 -0.03029556352000000   0.59999914578514422
 -0.03029555352000000   0.59999914592747179
 -0.03029554352000000   0.59999914606979928
 -0.03029553352000000   0.59999914621212669
 -0.03029552352000000   0.59999914635445402
 -0.03029551352000000   0.59999914649678126
 -0.03029550352000000   0.59999914663910842
 -0.03029549352000000   0.59999914678143551
 -0.03029548352000000   0.59999914692376251
 -0.03029547352000000   0.59999914706608943
 -0.03029546352000000   0.59999914720841627
 -0.03029545352000000   0.59999914735074304
 -0.03029544352000000   0.59999914749306971
 -0.03029543352000000   0.59999914763539631
 -0.03029542352000000   0.59999914777772283
 -0.03029541352000000   0.59999914792004926
 -0.03029540352000000   0.59999914806237562
 -0.03029539352000000   0.59999914820470189
 -0.03029538352000000   0.59999914834702808
 -0.03029537352000000   0.59999914848935420
 -0.03029536352000000   0.59999914863168023
 -0.03029535352000000   0.59999914877400618
 -0.03029534352000000   0.59999914891633205
 -0.03029533352000000   0.59999914905865784
 -0.03029532352000000   0.59999914920098354
 -0.03029531352000000   0.59999914934330917
 -0.03029530352000000   0.59999914948563471
 -0.03029529352000000   0.59999914962796018
 -0.03029528352000000   0.59999914977028556
 -0.03029527352000000   0.59999914991261087
 -0.03029526352000000   0.59999915005493609
 -0.03029525352000000   0.59999915019726123
 -0.03029524352000000   0.59999915033958629
 -0.03029523352000000   0.59999915048191127
 -0.03029522352000000   0.59999915062423616
 -0.03029521352000000   0.59999915076656098
 -0.03029520352000000   0.59999915090888572
 -0.03029519352000000   0.59999915105121037
 -0.03029518352000000   0.59999915119353494
 -0.03029517352000000   0.59999915133585944
 -0.03029516352000000   0.59999915147818385
 -0.03029515352000000   0.59999915162050818
 -0.03029514352000000   0.59999915176283243
 -0.03029513352000000   0.59999915190515660
 -0.03029512352000000   0.59999915204748069
 -0.03029511352000000   0.59999915218980469
 -0.03029510352000000   0.59999915233212862
 -0.03029509352000000   0.59999915247445247
 -0.03029508352000000   0.59999915261677623
 -0.03029507352000000   0.59999915275909991
 -0.03029506352000000   0.59999915290142352
 -0.03029505352000000   0.59999915304374704
 -0.03029504352000000   0.59999915318607048
 -0.03029503352000000   0.59999915332839384
 -0.03029502352000000   0.59999915347071712
 -0.03029501352000000   0.59999915361304032
 -0.03029500352000000   0.59999915375536343
 -0.03029499352000000   0.59999915389768647
 -0.03029498352000000   0.59999915404000942
 -0.03029497352000000   0.59999915418233230
 -0.03029496352000000   0.59999915432465509
 -0.03029495352000000   0.59999915446697780
 -0.03029494352000000   0.59999915460930043
 -0.03029493352000000   0.59999915475162298
 -0.03029492352000000   0.59999915489394545
 -0.03029491352000000   0.59999915503626784
 -0.03029490352000000   0.59999915517859015
 -0.03029489352000000   0.59999915532091237
 -0.03029488352000000   0.59999915546323452
 -0.03029487352000000   0.59999915560555658
 -0.03029486352000000   0.59999915574787856
 -0.03029485352000000   0.59999915589020047
 -0.03029484352000000   0.59999915603252229
 -0.03029483352000000   0.59999915617484403
 -0.03029482352000000   0.59999915631716569
 -0.03029481352000000   0.59999915645948727
 -0.03029480352000000   0.59999915660180877
 -0.03029479352000000   0.59999915674413018
 -0.03029478352000000   0.59999915688645152
 -0.03029477352000000   0.59999915702877277
 -0.03029476352000000   0.59999915717109395
 -0.03029475352000000   0.59999915731341504
 -0.03029474352000000   0.59999915745573605
 -0.03029473352000000   0.59999915759805698
 -0.03029472352000000   0.59999915774037783
 -0.03029471352000000   0.59999915788269860
 -0.03029470352000000   0.59999915802501929
 -0.03029469352000000   0.59999915816733990
 -0.03029468352000000   0.59999915830966042
 -0.03029467352000000   0.59999915845198087
 -0.03029466352000000   0.59999915859430123
 -0.03029465352000000   0.59999915873662151
 -0.03029464352000000   0.59999915887894172
 -0.03029463352000000   0.59999915902126184
 -0.03029462352000000   0.59999915916358188
 -0.03029461352000000   0.59999915930590184
 -0.03029460352000000   0.59999915944822172
 -0.03029459352000000   0.59999915959054151
 -0.03029458352000000   0.59999915973286123
 -0.03029457352000000   0.59999915987518087
 -0.03029456352000000   0.59999916001750042
 -0.03029455352000000   0.59999916015981990
 -0.03029454352000000   0.59999916030213929
 -0.03029453352000000   0.59999916044445860
 -0.03029452352000000   0.59999916058677783
 -0.03029451352000000   0.59999916072909698
 -0.03029450352000000   0.59999916087141605
 -0.03029449352000000   0.59999916101373504
 -0.03029448352000000   0.59999916115605395
 -0.03029447352000000   0.59999916129837277
 -0.03029446352000000   0.59999916144069152
 -0.03029445352000000   0.59999916158301018
 -0.03029444352000000   0.59999916172532877
 -0.03029443352000000   0.59999916186764727
 -0.03029442352000000   0.59999916200996569
 -0.03029441352000000   0.59999916215228403
 -0.03029440352000000   0.59999916229460229
 -0.03029439352000000   0.59999916243692047
 -0.03029438352000000   0.59999916257923857
 -0.03029437352000000   0.59999916272155658
 -0.03029436352000000   0.59999916286387452
 -0.03029435352000000   0.59999916300619238
 -0.03029434352000000   0.59999916314851015
 -0.03029433352000000   0.59999916329082784
 -0.03029432352000000   0.59999916343314545
 -0.03029431352000000   0.59999916357546299
 -0.03029430352000000   0.59999916371778044
 -0.03029429352000000   0.59999916386009780
 -0.03029428352000000   0.59999916400241509
 -0.03029427352000000   0.59999916414473230
 -0.03029426352000000   0.59999916428704943
 -0.03029425352000000   0.59999916442936647
 -0.03029424352000000   0.59999916457168344
 -0.03029423352000000   0.59999916471400032
 -0.03029422352000000   0.59999916485631712
 -0.03029421352000000   0.59999916499863385
 -0.03029420352000000   0.59999916514095049
 -0.03029419352000000   0.59999916528326704
 -0.03029418352000000   0.59999916542558352
 -0.03029417352000000   0.59999916556789992
 -0.03029416352000000   0.59999916571021624
 -0.03029415352000000   0.59999916585253247
 -0.03029414352000000   0.59999916599484863
 -0.03029413352000000   0.59999916613716470
 -0.03029412352000000   0.59999916627948070
 -0.03029411352000000   0.59999916642179661
 -0.03029410352000000   0.59999916656411244
 -0.03029409352000000   0.59999916670642819
 -0.03029408352000000   0.59999916684874386
 -0.03029407352000000   0.59999916699105945
 -0.03029406352000000   0.59999916713337495
 -0.03029405352000000   0.59999916727569038
 -0.03029404352000000   0.59999916741800573
 -0.03029403352000000   0.59999916756032099
 -0.03029402352000000   0.59999916770263618
 -0.03029401352000000   0.59999916784495128
 -0.03029400352000000   0.59999916798726630
 -0.03029399352000000   0.59999916812958124
 -0.03029398352000000   0.59999916827189610
 -0.03029397352000000   0.59999916841421088
 -0.03029396352000000   0.59999916855652558
 -0.03029395352000000   0.59999916869884020
 -0.03029394352000000   0.59999916884115473
 -0.03029393352000000   0.59999916898346919
 -0.03029392352000000   0.59999916912578356
 -0.03029391352000000   0.59999916926809786
 -0.03029390352000000   0.59999916941041207
 -0.03029389352000000   0.59999916955272620
 -0.03029388352000000   0.59999916969504025
 -0.03029387352000000   0.59999916983735422
 -0.03029386352000000   0.59999916997966811
 -0.03029385352000000   0.59999917012198192
 -0.03029384352000000   0.59999917026429564
 -0.03029383352000000   0.59999917040660929
 -0.03029382352000000   0.59999917054892285
 -0.03029381352000000   0.59999917069123634
 -0.03029380352000000   0.59999917083354974
 -0.03029379352000000   0.59999917097586306
 -0.03029378352000000   0.59999917111817630
 -0.03029377352000000   0.59999917126048946
 -0.03029376352000000   0.59999917140280254
 -0.03029375352000000   0.59999917154511554
 -0.03029374352000000   0.59999917168742846
 -0.03029373352000000   0.59999917182974129
 -0.03029372352000000   0.59999917197205405
 -0.03029371352000000   0.59999917211436673
 -0.03029370352000000   0.59999917225667932
 -0.03029369352000000   0.59999917239899183
 -0.03029368352000000   0.59999917254130426
 -0.03029367352000000   0.59999917268361661
 -0.03029366352000000   0.59999917282592888
 -0.03029365352000000   0.59999917296824107
 -0.03029364352000000   0.59999917311055318
 -0.03029363352000000   0.59999917325286521
 -0.03029362352000000   0.59999917339517715
 -0.03029361352000000   0.59999917353748902
 -0.03029360352000000   0.59999917367980080
 -0.03029359352000000   0.59999917382211251
 -0.03029358352000000   0.59999917396442413
 -0.03029357352000000   0.59999917410673567
 -0.03029356352000000   0.59999917424904713
 -0.03029355352000000   0.59999917439135851
 -0.03029354352000000   0.59999917453366981
 -0.03029353352000000   0.59999917467598103
 -0.03029352352000000   0.59999917481829216
 -0.03029351352000000   0.59999917496060322
 -0.03029350352000000   0.59999917510291419
 -0.03029349352000000   0.59999917524522509
 -0.03029348352000000   0.59999917538753590
 -0.03029347352000000   0.59999917552984663
 -0.03029346352000000   0.59999917567215728
 -0.03029345352000000   0.59999917581446785
 -0.03029344352000000   0.59999917595677834
 -0.03029343352000000   0.59999917609908875
 -0.03029342352000000   0.59999917624139908
 -0.03029341352000000   0.59999917638370933
 -0.03029340352000000   0.59999917652601949
 -0.03029339352000000   0.59999917666832957
 -0.03029338352000000   0.59999917681063958
 -0.03029337352000000   0.59999917695294950
 -0.03029336352000000   0.59999917709525934
 -0.03029335352000000   0.59999917723756910
 -0.03029334352000000   0.59999917737987878
 -0.03029333352000000   0.59999917752218838
 -0.03029332352000000   0.59999917766449790
 -0.03029331352000000   0.59999917780680734
 -0.03029330352000000   0.59999917794911669
 -0.03029329352000000   0.59999917809142597
 -0.03029328352000000   0.59999917823373516
 -0.03029327352000000   0.59999917837604428
 -0.03029326352000000   0.59999917851835331
 -0.03029325352000000   0.59999917866066226
 -0.03029324352000000   0.59999917880297113
 -0.03029323352000000   0.59999917894527992
 -0.03029322352000000   0.59999917908758863
 -0.03029321352000000   0.59999917922989726
 -0.03029320352000000   0.59999917937220580
 -0.03029319352000000   0.59999917951451427
 -0.03029318352000000   0.59999917965682265
 -0.03029317352000000   0.59999917979913096
 -0.03029316352000000   0.59999917994143918
 -0.03029315352000000   0.59999918008374732
 -0.03029314352000000   0.59999918022605538
 -0.03029313352000000   0.59999918036836336
 -0.03029312352000000   0.59999918051067126
 -0.03029311352000000   0.59999918065297908
 -0.03029310352000000   0.59999918079528682
 -0.03029309352000000   0.59999918093759447
 -0.03029308352000000   0.59999918107990205
 -0.03029307352000000   0.59999918122220955
 -0.03029306352000000   0.59999918136451696
 -0.03029305352000000   0.59999918150682429
 -0.03029304352000000   0.59999918164913154
 -0.03029303352000000   0.59999918179143872
 -0.03029302352000000   0.59999918193374580
 -0.03029301352000000   0.59999918207605281
 -0.03029300352000000   0.59999918221835974
 -0.03029299352000000   0.59999918236066659
 -0.03029298352000000   0.59999918250297336
 -0.03029297352000000   0.59999918264528004
 -0.03029296352000000   0.59999918278758664
 -0.03029295352000000   0.59999918292989317
 -0.03029294352000000   0.59999918307219961
 -0.03029293352000000   0.59999918321450597
 -0.03029292352000000   0.59999918335681225
 -0.03029291352000000   0.59999918349911845
 -0.03029290352000000   0.59999918364142457
 -0.03029289352000000   0.59999918378373061
 -0.03029288352000000   0.59999918392603657
 -0.03029287352000000   0.59999918406834244
 -0.03029286352000000   0.59999918421064824
 -0.03029285352000000   0.59999918435295395
 -0.03029284352000000   0.59999918449525958
 -0.03029283352000000   0.59999918463756514
 -0.03029282352000000   0.59999918477987061
 -0.03029281352000000   0.59999918492217600
 -0.03029280352000000   0.59999918506448131
 -0.03029279352000000   0.59999918520678654
 -0.03029278352000000   0.59999918534909168
 -0.03029277352000000   0.59999918549139675
 -0.03029276352000000   0.59999918563370174
 -0.03029275352000000   0.59999918577600664
 -0.03029274352000000   0.59999918591831146
 -0.03029273352000000   0.59999918606061621
 -0.03029272352000000   0.59999918620292087
 -0.03029271352000000   0.59999918634522545
 -0.03029270352000000   0.59999918648752995
 -0.03029269352000000   0.59999918662983437
 -0.03029268352000000   0.59999918677213871
 -0.03029267352000000   0.59999918691444297
 -0.03029266352000000   0.59999918705674714
 -0.03029265352000000   0.59999918719905124
 -0.03029264352000000   0.59999918734135525
 -0.03029263352000000   0.59999918748365918
 -0.03029262352000000   0.59999918762596304
 -0.03029261352000000   0.59999918776826681
 -0.03029260352000000   0.59999918791057050
 -0.03029259352000000   0.59999918805287411
 -0.03029258352000000   0.59999918819517764
 -0.03029257352000000   0.59999918833748109
 -0.03029256352000000   0.59999918847978445
 -0.03029255352000000   0.59999918862208774
 -0.03029254352000000   0.59999918876439095
 -0.03029253352000000   0.59999918890669407
 -0.03029252352000000   0.59999918904899711
 -0.03029251352000000   0.59999918919130008
 -0.03029250352000000   0.59999918933360296
 -0.03029249352000000   0.59999918947590576
 -0.03029248352000000   0.59999918961820848
 -0.03029247352000000   0.59999918976051112
 -0.03029246352000000   0.59999918990281368
 -0.03029245352000000   0.59999919004511615
 -0.03029244352000000   0.59999919018741855
 -0.03029243352000000   0.59999919032972086
 -0.03029242352000000   0.59999919047202310
 -0.03029241352000000   0.59999919061432525
 -0.03029240352000000   0.59999919075662732
 -0.03029239352000000   0.59999919089892932
 -0.03029238352000000   0.59999919104123123
 -0.03029237352000000   0.59999919118353305
 -0.03029236352000000   0.59999919132583480
 -0.03029235352000000   0.59999919146813647
 -0.03029234352000000   0.59999919161043806
 -0.03029233352000000   0.59999919175273956
 -0.03029232352000000   0.59999919189504099
 -0.03029231352000000   0.59999919203734233
 -0.03029230352000000   0.59999919217964360
 -0.03029229352000000   0.59999919232194478
 -0.03029228352000000   0.59999919246424588
