 -0.04407779952000000   0.59999935902169403
 -0.04407778952000000   0.59999935949493759
 -0.04407777952000000   0.59999935996818104
 -0.04407776952000000   0.59999936044142436
 -0.04407775952000000   0.59999936091466757
 -0.04407774952000000   0.59999936138791067
 -0.04407773952000000   0.59999936186115365
 -0.04407772952000000   0.59999936233439651
 -0.04407771952000000   0.59999936280763925
 -0.04407770952000000   0.59999936328088188
 -0.04407769952000000   0.59999936375412439
 -0.04407768952000000   0.59999936422736678
 -0.04407767952000000   0.59999936470060906
 -0.04407766952000000   0.59999936517385122
 -0.04407765952000000   0.59999936564709327
 -0.04407764952000000   0.59999936612033520
 -0.04407763952000000   0.59999936659357701
 -0.04407762952000000   0.59999936706681870
 -0.04407761952000000   0.59999936754006028
 -0.04407760952000000   0.59999936801330174
 -0.04407759952000000   0.59999936848654309
 -0.04407758952000000   0.59999936895978432
 -0.04407757952000000   0.59999936943302543
 -0.04407756952000000   0.59999936990626643
 -0.04407755952000000   0.59999937037950731
 -0.04407754952000000   0.59999937085274807
 -0.04407753952000000   0.59999937132598871
 -0.04407752952000000   0.59999937179922924
 -0.04407751952000000   0.59999937227246966
 -0.04407750952000000   0.59999937274570995
 -0.04407749952000000   0.59999937321895013
 -0.04407748952000000   0.59999937369219019
 -0.04407747952000000   0.59999937416543014
 -0.04407746952000000   0.59999937463866997
 -0.04407745952000000   0.59999937511190969
 -0.04407744952000000   0.59999937558514928
 -0.04407743952000000   0.59999937605838876
 -0.04407742952000000   0.59999937653162812
 -0.04407741952000000   0.59999937700486737
 -0.04407740952000000   0.59999937747810650
 -0.04407739952000000   0.59999937795134552
 -0.04407738952000000   0.59999937842458441
 -0.04407737952000000   0.59999937889782319
 -0.04407736952000000   0.59999937937106186
 -0.04407735952000000   0.59999937984430041
 -0.04407734952000000   0.59999938031753884
 -0.04407733952000000   0.59999938079077715
 -0.04407732952000000   0.59999938126401535
 -0.04407731952000000   0.59999938173725343
 -0.04407730952000000   0.59999938221049140
 -0.04407729952000000   0.59999938268372925
 -0.04407728952000000   0.59999938315696698
 -0.04407727952000000   0.59999938363020459
 -0.04407726952000000   0.59999938410344209
 -0.04407725952000000   0.59999938457667947
 -0.04407724952000000   0.59999938504991674
 -0.04407723952000000   0.59999938552315389
 -0.04407722952000000   0.59999938599639092
 -0.04407721952000000   0.59999938646962784
 -0.04407720952000000   0.59999938694286463
 -0.04407719952000000   0.59999938741610132
 -0.04407718952000000   0.59999938788933788
 -0.04407717952000000   0.59999938836257433
 -0.04407716952000000   0.59999938883581067
 -0.04407715952000000   0.59999938930904688
 -0.04407714952000000   0.59999938978228298
 -0.04407713952000000   0.59999939025551896
 -0.04407712952000000   0.59999939072875483
 -0.04407711952000000   0.59999939120199058
 -0.04407710952000000   0.59999939167522621
 -0.04407709952000000   0.59999939214846173
 -0.04407708952000000   0.59999939262169713
 -0.04407707952000000   0.59999939309493242
 -0.04407706952000000   0.59999939356816758
 -0.04407705952000000   0.59999939404140263
 -0.04407704952000000   0.59999939451463757
 -0.04407703952000000   0.59999939498787239
 -0.04407702952000000   0.59999939546110709
 -0.04407701952000000   0.59999939593434167
 -0.04407700952000000   0.59999939640757614
 -0.04407699952000000   0.59999939688081049
 -0.04407698952000000   0.59999939735404472
 -0.04407697952000000   0.59999939782727884
 -0.04407696952000000   0.59999939830051284
 -0.04407695952000000   0.59999939877374673
 -0.04407694952000000   0.59999939924698050
 -0.04407693952000000   0.59999939972021415
 -0.04407692952000000   0.59999940019344768
 -0.04407691952000000   0.59999940066668110
 -0.04407690952000000   0.59999940113991440
 -0.04407689952000000   0.59999940161314759
 -0.04407688952000000   0.59999940208638066
 -0.04407687952000000   0.59999940255961361
 -0.04407686952000000   0.59999940303284645
 -0.04407685952000000   0.59999940350607917
 -0.04407684952000000   0.59999940397931177
 -0.04407683952000000   0.59999940445254426
 -0.04407682952000000   0.59999940492577663
 -0.04407681952000000   0.59999940539900888
 -0.04407680952000000   0.59999940587224101
 -0.04407679952000000   0.59999940634547303
 -0.04407678952000000   0.59999940681870494
 -0.04407677952000000   0.59999940729193672
 -0.04407676952000000   0.59999940776516839
 -0.04407675952000000   0.59999940823839995
 -0.04407674952000000   0.59999940871163138
 -0.04407673952000000   0.59999940918486270
 -0.04407672952000000   0.59999940965809391
 -0.04407671952000000   0.59999941013132500
 -0.04407670952000000   0.59999941060455597
 -0.04407669952000000   0.59999941107778682
 -0.04407668952000000   0.59999941155101756
 -0.04407667952000000   0.59999941202424818
 -0.04407666952000000   0.59999941249747868
 -0.04407665952000000   0.59999941297070907
 -0.04407664952000000   0.59999941344393934
 -0.04407663952000000   0.59999941391716950
 -0.04407662952000000   0.59999941439039954
 -0.04407661952000000   0.59999941486362946
 -0.04407660952000000   0.59999941533685926
 -0.04407659952000000   0.59999941581008895
 -0.04407658952000000   0.59999941628331852
 -0.04407657952000000   0.59999941675654798
 -0.04407656952000000   0.59999941722977732
 -0.04407655952000000   0.59999941770300654
 -0.04407654952000000   0.59999941817623565
 -0.04407653952000000   0.59999941864946463
 -0.04407652952000000   0.59999941912269351
 -0.04407651952000000   0.59999941959592226
 -0.04407650952000000   0.59999942006915090
 -0.04407649952000000   0.59999942054237942
 -0.04407648952000000   0.59999942101560783
 -0.04407647952000000   0.59999942148883612
 -0.04407646952000000   0.59999942196206429
 -0.04407645952000000   0.59999942243529235
 -0.04407644952000000   0.59999942290852029
 -0.04407643952000000   0.59999942338174811
 -0.04407642952000000   0.59999942385497582
 -0.04407641952000000   0.59999942432820341
 -0.04407640952000000   0.59999942480143088
 -0.04407639952000000   0.59999942527465824
 -0.04407638952000000   0.59999942574788548
 -0.04407637952000000   0.59999942622111261
 -0.04407636952000000   0.59999942669433961
 -0.04407635952000000   0.59999942716756651
 -0.04407634952000000   0.59999942764079328
 -0.04407633952000000   0.59999942811401994
 -0.04407632952000000   0.59999942858724648
 -0.04407631952000000   0.59999942906047290
 -0.04407630952000000   0.59999942953369921
 -0.04407629952000000   0.59999943000692540
 -0.04407628952000000   0.59999943048015148
 -0.04407627952000000   0.59999943095337744
 -0.04407626952000000   0.59999943142660328
 -0.04407625952000000   0.59999943189982900
 -0.04407624952000000   0.59999943237305461
 -0.04407623952000000   0.59999943284628010
 -0.04407622952000000   0.59999943331950548
 -0.04407621952000000   0.59999943379273074
 -0.04407620952000000   0.59999943426595588
 -0.04407619952000000   0.59999943473918091
 -0.04407618952000000   0.59999943521240581
 -0.04407617952000000   0.59999943568563061
 -0.04407616952000000   0.59999943615885528
 -0.04407615952000000   0.59999943663207984
 -0.04407614952000000   0.59999943710530429
 -0.04407613952000000   0.59999943757852861
 -0.04407612952000000   0.59999943805175282
 -0.04407611952000000   0.59999943852497692
 -0.04407610952000000   0.59999943899820089
 -0.04407609952000000   0.59999943947142475
 -0.04407608952000000   0.59999943994464850
 -0.04407607952000000   0.59999944041787212
 -0.04407606952000000   0.59999944089109563
 -0.04407605952000000   0.59999944136431903
 -0.04407604952000000   0.59999944183754230
 -0.04407603952000000   0.59999944231076546
 -0.04407602952000000   0.59999944278398851
 -0.04407601952000000   0.59999944325721143
 -0.04407600952000000   0.59999944373043425
 -0.04407599952000000   0.59999944420365694
 -0.04407598952000000   0.59999944467687952
 -0.04407597952000000   0.59999944515010198
 -0.04407596952000000   0.59999944562332433
 -0.04407595952000000   0.59999944609654655
 -0.04407594952000000   0.59999944656976867
 -0.04407593952000000   0.59999944704299066
 -0.04407592952000000   0.59999944751621254
 -0.04407591952000000   0.59999944798943430
 -0.04407590952000000   0.59999944846265595
 -0.04407589952000000   0.59999944893587748
 -0.04407588952000000   0.59999944940909889
 -0.04407587952000000   0.59999944988232018
 -0.04407586952000000   0.59999945035554136
 -0.04407585952000000   0.59999945082876242
 -0.04407584952000000   0.59999945130198337
 -0.04407583952000000   0.59999945177520420
 -0.04407582952000000   0.59999945224842491
 -0.04407581952000000   0.59999945272164551
 -0.04407580952000000   0.59999945319486599
 -0.04407579952000000   0.59999945366808635
 -0.04407578952000000   0.59999945414130660
 -0.04407577952000000   0.59999945461452673
 -0.04407576952000000   0.59999945508774674
 -0.04407575952000000   0.59999945556096664
 -0.04407574952000000   0.59999945603418642
 -0.04407573952000000   0.59999945650740608
 -0.04407572952000000   0.59999945698062563
 -0.04407571952000000   0.59999945745384506
 -0.04407570952000000   0.59999945792706437
 -0.04407569952000000   0.59999945840028357
 -0.04407568952000000   0.59999945887350265
 -0.04407567952000000   0.59999945934672162
 -0.04407566952000000   0.59999945981994047
 -0.04407565952000000   0.59999946029315920
 -0.04407564952000000   0.59999946076637781
 -0.04407563952000000   0.59999946123959631
 -0.04407562952000000   0.59999946171281469
 -0.04407561952000000   0.59999946218603296
 -0.04407560952000000   0.59999946265925110
 -0.04407559952000000   0.59999946313246913
 -0.04407558952000000   0.59999946360568705
 -0.04407557952000000   0.59999946407890485
 -0.04407556952000000   0.59999946455212253
 -0.04407555952000000   0.59999946502534010
 -0.04407554952000000   0.59999946549855755
 -0.04407553952000000   0.59999946597177488
 -0.04407552952000000   0.59999946644499209
 -0.04407551952000000   0.59999946691820919
 -0.04407550952000000   0.59999946739142617
 -0.04407549952000000   0.59999946786464304
 -0.04407548952000000   0.59999946833785979
 -0.04407547952000000   0.59999946881107642
 -0.04407546952000000   0.59999946928429294
 -0.04407545952000000   0.59999946975750934
 -0.04407544952000000   0.59999947023072562
 -0.04407543952000000   0.59999947070394179
 -0.04407542952000000   0.59999947117715784
 -0.04407541952000000   0.59999947165037378
 -0.04407540952000000   0.59999947212358959
 -0.04407539952000000   0.59999947259680529
 -0.04407538952000000   0.59999947307002088
 -0.04407537952000000   0.59999947354323634
 -0.04407536952000000   0.59999947401645170
 -0.04407535952000000   0.59999947448966693
 -0.04407534952000000   0.59999947496288205
 -0.04407533952000000   0.59999947543609705
 -0.04407532952000000   0.59999947590931193
 -0.04407531952000000   0.59999947638252670
 -0.04407530952000000   0.59999947685574135
 -0.04407529952000000   0.59999947732895589
 -0.04407528952000000   0.59999947780217030
 -0.04407527952000000   0.59999947827538461
 -0.04407526952000000   0.59999947874859879
 -0.04407525952000000   0.59999947922181286
 -0.04407524952000000   0.59999947969502681
 -0.04407523952000000   0.59999948016824065
 -0.04407522952000000   0.59999948064145437
 -0.04407521952000000   0.59999948111466797
 -0.04407520952000000   0.59999948158788145
 -0.04407519952000000   0.59999948206109482
 -0.04407518952000000   0.59999948253430808
 -0.04407517952000000   0.59999948300752121
 -0.04407516952000000   0.59999948348073423
 -0.04407515952000000   0.59999948395394714
 -0.04407514952000000   0.59999948442715992
 -0.04407513952000000   0.59999948490037259
 -0.04407512952000000   0.59999948537358514
 -0.04407511952000000   0.59999948584679758
 -0.04407510952000000   0.59999948632000990
 -0.04407509952000000   0.59999948679322211
 -0.04407508952000000   0.59999948726643419
 -0.04407507952000000   0.59999948773964616
 -0.04407506952000000   0.59999948821285802
 -0.04407505952000000   0.59999948868606976
 -0.04407504952000000   0.59999948915928137
 -0.04407503952000000   0.59999948963249288
 -0.04407502952000000   0.59999949010570427
 -0.04407501952000000   0.59999949057891554
 -0.04407500952000000   0.59999949105212669
 -0.04407499952000000   0.59999949152533773
 -0.04407498952000000   0.59999949199854865
 -0.04407497952000000   0.59999949247175946
 -0.04407496952000000   0.59999949294497014
 -0.04407495952000000   0.59999949341818071
 -0.04407494952000000   0.59999949389139117
 -0.04407493952000000   0.59999949436460151
 -0.04407492952000000   0.59999949483781173
 -0.04407491952000000   0.59999949531102184
 -0.04407490952000000   0.59999949578423183
 -0.04407489952000000   0.59999949625744170
 -0.04407488952000000   0.59999949673065145
 -0.04407487952000000   0.59999949720386109
 -0.04407486952000000   0.59999949767707062
 -0.04407485952000000   0.59999949815028002
 -0.04407484952000000   0.59999949862348931
 -0.04407483952000000   0.59999949909669848
 -0.04407482952000000   0.59999949956990754
 -0.04407481952000000   0.59999950004311648
 -0.04407480952000000   0.59999950051632530
 -0.04407479952000000   0.59999950098953401
 -0.04407478952000000   0.59999950146274260
 -0.04407477952000000   0.59999950193595107
 -0.04407476952000000   0.59999950240915943
 -0.04407475952000000   0.59999950288236767
 -0.04407474952000000   0.59999950335557579
 -0.04407473952000000   0.59999950382878380
 -0.04407472952000000   0.59999950430199169
 -0.04407471952000000   0.59999950477519947
 -0.04407470952000000   0.59999950524840713
 -0.04407469952000000   0.59999950572161467
 -0.04407468952000000   0.59999950619482209
 -0.04407467952000000   0.59999950666802940
 -0.04407466952000000   0.59999950714123659
 -0.04407465952000000   0.59999950761444366
 -0.04407464952000000   0.59999950808765062
 -0.04407463952000000   0.59999950856085746
 -0.04407462952000000   0.59999950903406419
 -0.04407461952000000   0.59999950950727080
 -0.04407460952000000   0.59999950998047729
 -0.04407459952000000   0.59999951045368367
 -0.04407458952000000   0.59999951092688992
 -0.04407457952000000   0.59999951140009607
 -0.04407456952000000   0.59999951187330209
 -0.04407455952000000   0.59999951234650800
 -0.04407454952000000   0.59999951281971379
 -0.04407453952000000   0.59999951329291947
 -0.04407452952000000   0.59999951376612503
 -0.04407451952000000   0.59999951423933047
 -0.04407450952000000   0.59999951471253580
 -0.04407449952000000   0.59999951518574101
 -0.04407448952000000   0.59999951565894610
 -0.04407447952000000   0.59999951613215108
 -0.04407446952000000   0.59999951660535594
 -0.04407445952000000   0.59999951707856068
 -0.04407444952000000   0.59999951755176531
 -0.04407443952000000   0.59999951802496982
 -0.04407442952000000   0.59999951849817421
 -0.04407441952000000   0.59999951897137849
 -0.04407440952000000   0.59999951944458265
 -0.04407439952000000   0.59999951991778670
 -0.04407438952000000   0.59999952039099062
 -0.04407437952000000   0.59999952086419443
 -0.04407436952000000   0.59999952133739813
 -0.04407435952000000   0.59999952181060171
 -0.04407434952000000   0.59999952228380517
 -0.04407433952000000   0.59999952275700851
 -0.04407432952000000   0.59999952323021174
 -0.04407431952000000   0.59999952370341485
 -0.04407430952000000   0.59999952417661785
 -0.04407429952000000   0.59999952464982073
 -0.04407428952000000   0.59999952512302349
 -0.04407427952000000   0.59999952559622613
 -0.04407426952000000   0.59999952606942866
 -0.04407425952000000   0.59999952654263107
 -0.04407424952000000   0.59999952701583337
 -0.04407423952000000   0.59999952748903555
 -0.04407422952000000   0.59999952796223761
 -0.04407421952000000   0.59999952843543956
 -0.04407420952000000   0.59999952890864139
 -0.04407419952000000   0.59999952938184310
 -0.04407418952000000   0.59999952985504470
 -0.04407417952000000   0.59999953032824618
 -0.04407416952000000   0.59999953080144754
 -0.04407415952000000   0.59999953127464879
 -0.04407414952000000   0.59999953174784992
 -0.04407413952000000   0.59999953222105093
 -0.04407412952000000   0.59999953269425183
 -0.04407411952000000   0.59999953316745261
 -0.04407410952000000   0.59999953364065327
 -0.04407409952000000   0.59999953411385382
 -0.04407408952000000   0.59999953458705425
 -0.04407407952000000   0.59999953506025456
 -0.04407406952000000   0.59999953553345476
 -0.04407405952000000   0.59999953600665484
 -0.04407404952000000   0.59999953647985480
 -0.04407403952000000   0.59999953695305465
 -0.04407402952000000   0.59999953742625438
 -0.04407401952000000   0.59999953789945400
 -0.04407400952000000   0.59999953837265350
 -0.04407399952000000   0.59999953884585288
 -0.04407398952000000   0.59999953931905214
 -0.04407397952000000   0.59999953979225129
 -0.04407396952000000   0.59999954026545032
 -0.04407395952000000   0.59999954073864924
 -0.04407394952000000   0.59999954121184804
 -0.04407393952000000   0.59999954168504672
 -0.04407392952000000   0.59999954215824529
 -0.04407391952000000   0.59999954263144374
 -0.04407390952000000   0.59999954310464207
 -0.04407389952000000   0.59999954357784028
 -0.04407388952000000   0.59999954405103838
 -0.04407387952000000   0.59999954452423637
 -0.04407386952000000   0.59999954499743423
 -0.04407385952000000   0.59999954547063198
 -0.04407384952000000   0.59999954594382962
 -0.04407383952000000   0.59999954641702713
 -0.04407382952000000   0.59999954689022453
 -0.04407381952000000   0.59999954736342182
 -0.04407380952000000   0.59999954783661898
 -0.04407379952000000   0.59999954830981603
 -0.04407378952000000   0.59999954878301297
 -0.04407377952000000   0.59999954925620979
 -0.04407376952000000   0.59999954972940649
 -0.04407375952000000   0.59999955020260307
 -0.04407374952000000   0.59999955067579954
 -0.04407373952000000   0.59999955114899589
 -0.04407372952000000   0.59999955162219212
 -0.04407371952000000   0.59999955209538824
 -0.04407370952000000   0.59999955256858424
 -0.04407369952000000   0.59999955304178013
 -0.04407368952000000   0.59999955351497590
 -0.04407367952000000   0.59999955398817155
 -0.04407366952000000   0.59999955446136708
 -0.04407365952000000   0.59999955493456250
 -0.04407364952000000   0.59999955540775781
 -0.04407363952000000   0.59999955588095299
 -0.04407362952000000   0.59999955635414806
 -0.04407361952000000   0.59999955682734301
 -0.04407360952000000   0.59999955730053785
 -0.04407359952000000   0.59999955777373257
 -0.04407358952000000   0.59999955824692717
 -0.04407357952000000   0.59999955872012165
 -0.04407356952000000   0.59999955919331602
 -0.04407355952000000   0.59999955966651028
 -0.04407354952000000   0.59999956013970441
 -0.04407353952000000   0.59999956061289843
 -0.04407352952000000   0.59999956108609234
 -0.04407351952000000   0.59999956155928612
 -0.04407350952000000   0.59999956203247979
 -0.04407349952000000   0.59999956250567335
 -0.04407348952000000   0.59999956297886678
 -0.04407347952000000   0.59999956345206010
 -0.04407346952000000   0.59999956392525331
 -0.04407345952000000   0.59999956439844640
 -0.04407344952000000   0.59999956487163937
 -0.04407343952000000   0.59999956534483222
 -0.04407342952000000   0.59999956581802496
 -0.04407341952000000   0.59999956629121758
 -0.04407340952000000   0.59999956676441008
 -0.04407339952000000   0.59999956723760247
 -0.04407338952000000   0.59999956771079474
 -0.04407337952000000   0.59999956818398690
 -0.04407336952000000   0.59999956865717894
 -0.04407335952000000   0.59999956913037086
 -0.04407334952000000   0.59999956960356266
 -0.04407333952000000   0.59999957007675435
 -0.04407332952000000   0.59999957054994592
 -0.04407331952000000   0.59999957102313738
 -0.04407330952000000   0.59999957149632872
 -0.04407329952000000   0.59999957196951994
 -0.04407328952000000   0.59999957244271105
 -0.04407327952000000   0.59999957291590204
 -0.04407326952000000   0.59999957338909291
 -0.04407325952000000   0.59999957386228367
 -0.04407324952000000   0.59999957433547431
 -0.04407323952000000   0.59999957480866483
 -0.04407322952000000   0.59999957528185523
 -0.04407321952000000   0.59999957575504553
 -0.04407320952000000   0.59999957622823570
 -0.04407319952000000   0.59999957670142576
 -0.04407318952000000   0.59999957717461570
 -0.04407317952000000   0.59999957764780552
 -0.04407316952000000   0.59999957812099523
 -0.04407315952000000   0.59999957859418482
 -0.04407314952000000   0.59999957906737429
 -0.04407313952000000   0.59999957954056365
 -0.04407312952000000   0.59999958001375289
 -0.04407311952000000   0.59999958048694201
 -0.04407310952000000   0.59999958096013102
 -0.04407309952000000   0.59999958143331991
 -0.04407308952000000   0.59999958190650869
 -0.04407307952000000   0.59999958237969735
 -0.04407306952000000   0.59999958285288589
 -0.04407305952000000   0.59999958332607431
 -0.04407304952000000   0.59999958379926262
 -0.04407303952000000   0.59999958427245081
 -0.04407302952000000   0.59999958474563889
 -0.04407301952000000   0.59999958521882685
 -0.04407300952000000   0.59999958569201469
 -0.04407299952000000   0.59999958616520241
 -0.04407298952000000   0.59999958663839002
 -0.04407297952000000   0.59999958711157752
 -0.04407296952000000   0.59999958758476489
 -0.04407295952000000   0.59999958805795215
 -0.04407294952000000   0.59999958853113930
 -0.04407293952000000   0.59999958900432632
 -0.04407292952000000   0.59999958947751323
 -0.04407291952000000   0.59999958995070002
 -0.04407290952000000   0.59999959042388670
 -0.04407289952000000   0.59999959089707326
 -0.04407288952000000   0.59999959137025970
 -0.04407287952000000   0.59999959184344603
 -0.04407286952000000   0.59999959231663224
 -0.04407285952000000   0.59999959278981833
 -0.04407284952000000   0.59999959326300431
 -0.04407283952000000   0.59999959373619017
 -0.04407282952000000   0.59999959420937592
 -0.04407281952000000   0.59999959468256154
 -0.04407280952000000   0.59999959515574705
 -0.04407279952000000   0.59999959562893245
 -0.04407278952000000   0.59999959610211773
 -0.04407277952000000   0.59999959657530289
 -0.04407276952000000   0.59999959704848793
 -0.04407275952000000   0.59999959752167286
 -0.04407274952000000   0.59999959799485767
 -0.04407273952000000   0.59999959846804237
 -0.04407272952000000   0.59999959894122695
 -0.04407271952000000   0.59999959941441141
 -0.04407270952000000   0.59999959988759575
 -0.04407269952000000   0.59999960036077998
 -0.04407268952000000   0.59999960083396410
 -0.04407267952000000   0.59999960130714809
 -0.04407266952000000   0.59999960178033197
 -0.04407265952000000   0.59999960225351573
 -0.04407264952000000   0.59999960272669938
 -0.04407263952000000   0.59999960319988291
 -0.04407262952000000   0.59999960367306632
 -0.04407261952000000   0.59999960414624962
 -0.04407260952000000   0.59999960461943280
 -0.04407259952000000   0.59999960509261586
 -0.04407258952000000   0.59999960556579881
 -0.04407257952000000   0.59999960603898164
 -0.04407256952000000   0.59999960651216435
 -0.04407255952000000   0.59999960698534695
 -0.04407254952000000   0.59999960745852943
 -0.04407253952000000   0.59999960793171179
 -0.04407252952000000   0.59999960840489404
 -0.04407251952000000   0.59999960887807617
 -0.04407250952000000   0.59999960935125819
 -0.04407249952000000   0.59999960982444008
 -0.04407248952000000   0.59999961029762187
 -0.04407247952000000   0.59999961077080353
 -0.04407246952000000   0.59999961124398508
 -0.04407245952000000   0.59999961171716651
 -0.04407244952000000   0.59999961219034782
 -0.04407243952000000   0.59999961266352902
 -0.04407242952000000   0.59999961313671010
 -0.04407241952000000   0.59999961360989107
 -0.04407240952000000   0.59999961408307192
 -0.04407239952000000   0.59999961455625265
 -0.04407238952000000   0.59999961502943327
 -0.04407237952000000   0.59999961550261376
 -0.04407236952000000   0.59999961597579415
 -0.04407235952000000   0.59999961644897441
 -0.04407234952000000   0.59999961692215456
 -0.04407233952000000   0.59999961739533460
 -0.04407232952000000   0.59999961786851451
 -0.04407231952000000   0.59999961834169431
 -0.04407230952000000   0.59999961881487399
 -0.04407229952000000   0.59999961928805356
 -0.04407228952000000   0.59999961976123301
 -0.04407227952000000   0.59999962023441234
 -0.04407226952000000   0.59999962070759156
 -0.04407225952000000   0.59999962118077066
 -0.04407224952000000   0.59999962165394964
 -0.04407223952000000   0.59999962212712851
 -0.04407222952000000   0.59999962260030726
 -0.04407221952000000   0.59999962307348590
 -0.04407220952000000   0.59999962354666442
 -0.04407219952000000   0.59999962401984282
 -0.04407218952000000   0.59999962449302110
 -0.04407217952000000   0.59999962496619927
 -0.04407216952000000   0.59999962543937732
 -0.04407215952000000   0.59999962591255525
 -0.04407214952000000   0.59999962638573307
 -0.04407213952000000   0.59999962685891077
 -0.04407212952000000   0.59999962733208836
 -0.04407211952000000   0.59999962780526583
 -0.04407210952000000   0.59999962827844318
 -0.04407209952000000   0.59999962875162041
 -0.04407208952000000   0.59999962922479753
 -0.04407207952000000   0.59999962969797454
 -0.04407206952000000   0.59999963017115142
 -0.04407205952000000   0.59999963064432819
 -0.04407204952000000   0.59999963111750484
 -0.04407203952000000   0.59999963159068138
 -0.04407202952000000   0.59999963206385780
 -0.04407201952000000   0.59999963253703410
 -0.04407200952000000   0.59999963301021029
 -0.04407199952000000   0.59999963348338636
 -0.04407198952000000   0.59999963395656231
 -0.04407197952000000   0.59999963442973815
 -0.04407196952000000   0.59999963490291387
 -0.04407195952000000   0.59999963537608947
 -0.04407194952000000   0.59999963584926496
 -0.04407193952000000   0.59999963632244033
 -0.04407192952000000   0.59999963679561559
 -0.04407191952000000   0.59999963726879072
 -0.04407190952000000   0.59999963774196574
 -0.04407189952000000   0.59999963821514065
 -0.04407188952000000   0.59999963868831544
 -0.04407187952000000   0.59999963916149011
 -0.04407186952000000   0.59999963963466466
 -0.04407185952000000   0.59999964010783910
 -0.04407184952000000   0.59999964058101342
 -0.04407183952000000   0.59999964105418763
 -0.04407182952000000   0.59999964152736171
 -0.04407181952000000   0.59999964200053568
 -0.04407180952000000   0.59999964247370954
 -0.04407179952000000   0.59999964294688328
 -0.04407178952000000   0.59999964342005690
 -0.04407177952000000   0.59999964389323041
 -0.04407176952000000   0.59999964436640380
 -0.04407175952000000   0.59999964483957707
 -0.04407174952000000   0.59999964531275023
 -0.04407173952000000   0.59999964578592326
 -0.04407172952000000   0.59999964625909619
 -0.04407171952000000   0.59999964673226899
 -0.04407170952000000   0.59999964720544168
 -0.04407169952000000   0.59999964767861426
 -0.04407168952000000   0.59999964815178671
 -0.04407167952000000   0.59999964862495905
 -0.04407166952000000   0.59999964909813128
 -0.04407165952000000   0.59999964957130338
 -0.04407164952000000   0.59999965004447537
 -0.04407163952000000   0.59999965051764725
 -0.04407162952000000   0.59999965099081900
 -0.04407161952000000   0.59999965146399065
 -0.04407160952000000   0.59999965193716217
 -0.04407159952000000   0.59999965241033358
 -0.04407158952000000   0.59999965288350487
 -0.04407157952000000   0.59999965335667604
 -0.04407156952000000   0.59999965382984710
 -0.04407155952000000   0.59999965430301804
 -0.04407154952000000   0.59999965477618887
 -0.04407153952000000   0.59999965524935958
 -0.04407152952000000   0.59999965572253017
 -0.04407151952000000   0.59999965619570064
 -0.04407150952000000   0.59999965666887100
 -0.04407149952000000   0.59999965714204124
 -0.04407148952000000   0.59999965761521137
 -0.04407147952000000   0.59999965808838138
 -0.04407146952000000   0.59999965856155127
 -0.04407145952000000   0.59999965903472105
 -0.04407144952000000   0.59999965950789071
 -0.04407143952000000   0.59999965998106025
 -0.04407142952000000   0.59999966045422967
 -0.04407141952000000   0.59999966092739898
 -0.04407140952000000   0.59999966140056818
 -0.04407139952000000   0.59999966187373725
 -0.04407138952000000   0.59999966234690621
 -0.04407137952000000   0.59999966282007506
 -0.04407136952000000   0.59999966329324378
 -0.04407135952000000   0.59999966376641239
 -0.04407134952000000   0.59999966423958089
 -0.04407133952000000   0.59999966471274926
 -0.04407132952000000   0.59999966518591753
 -0.04407131952000000   0.59999966565908567
 -0.04407130952000000   0.59999966613225370
 -0.04407129952000000   0.59999966660542161
 -0.04407128952000000   0.59999966707858940
 -0.04407127952000000   0.59999966755175708
 -0.04407126952000000   0.59999966802492464
 -0.04407125952000000   0.59999966849809209
 -0.04407124952000000   0.59999966897125941
 -0.04407123952000000   0.59999966944442663
 -0.04407122952000000   0.59999966991759372
 -0.04407121952000000   0.59999967039076070
 -0.04407120952000000   0.59999967086392756
 -0.04407119952000000   0.59999967133709431
 -0.04407118952000000   0.59999967181026094
 -0.04407117952000000   0.59999967228342745
 -0.04407116952000000   0.59999967275659384
 -0.04407115952000000   0.59999967322976012
 -0.04407114952000000   0.59999967370292628
 -0.04407113952000000   0.59999967417609233
 -0.04407112952000000   0.59999967464925826
 -0.04407111952000000   0.59999967512242407
 -0.04407110952000000   0.59999967559558977
 -0.04407109952000000   0.59999967606875535
 -0.04407108952000000   0.59999967654192081
 -0.04407107952000000   0.59999967701508616
 -0.04407106952000000   0.59999967748825139
 -0.04407105952000000   0.59999967796141651
 -0.04407104952000000   0.59999967843458150
 -0.04407103952000000   0.59999967890774638
 -0.04407102952000000   0.59999967938091115
 -0.04407101952000000   0.59999967985407579
 -0.04407100952000000   0.59999968032724032
 -0.04407099952000000   0.59999968080040474
 -0.04407098952000000   0.59999968127356904
 -0.04407097952000000   0.59999968174673322
 -0.04407096952000000   0.59999968221989728
 -0.04407095952000000   0.59999968269306123
 -0.04407094952000000   0.59999968316622506
 -0.04407093952000000   0.59999968363938878
 -0.04407092952000000   0.59999968411255238
 -0.04407091952000000   0.59999968458571586
 -0.04407090952000000   0.59999968505887922
 -0.04407089952000000   0.59999968553204247
 -0.04407088952000000   0.59999968600520560
 -0.04407087952000000   0.59999968647836862
 -0.04407086952000000   0.59999968695153152
 -0.04407085952000000   0.59999968742469430
 -0.04407084952000000   0.59999968789785697
 -0.04407083952000000   0.59999968837101952
 -0.04407082952000000   0.59999968884418195
 -0.04407081952000000   0.59999968931734427
 -0.04407080952000000   0.59999968979050647
 -0.04407079952000000   0.59999969026366855
 -0.04407078952000000   0.59999969073683052
 -0.04407077952000000   0.59999969120999237
 -0.04407076952000000   0.59999969168315410
 -0.04407075952000000   0.59999969215631572
 -0.04407074952000000   0.59999969262947722
 -0.04407073952000000   0.59999969310263860
 -0.04407072952000000   0.59999969357579987
 -0.04407071952000000   0.59999969404896102
 -0.04407070952000000   0.59999969452212205
 -0.04407069952000000   0.59999969499528297
 -0.04407068952000000   0.59999969546844377
 -0.04407067952000000   0.59999969594160446
 -0.04407066952000000   0.59999969641476503
 -0.04407065952000000   0.59999969688792548
 -0.04407064952000000   0.59999969736108581
 -0.04407063952000000   0.59999969783424603
 -0.04407062952000000   0.59999969830740613
 -0.04407061952000000   0.59999969878056612
 -0.04407060952000000   0.59999969925372598
 -0.04407059952000000   0.59999969972688574
 -0.04407058952000000   0.59999970020004537
 -0.04407057952000000   0.59999970067320489
 -0.04407056952000000   0.59999970114636430
 -0.04407055952000000   0.59999970161952358
 -0.04407054952000000   0.59999970209268275
 -0.04407053952000000   0.59999970256584180
 -0.04407052952000000   0.59999970303900074
 -0.04407051952000000   0.59999970351215956
 -0.04407050952000000   0.59999970398531826
 -0.04407049952000000   0.59999970445847685
 -0.04407048952000000   0.59999970493163532
 -0.04407047952000000   0.59999970540479367
 -0.04407046952000000   0.59999970587795191
 -0.04407045952000000   0.59999970635111003
 -0.04407044952000000   0.59999970682426803
 -0.04407043952000000   0.59999970729742592
 -0.04407042952000000   0.59999970777058369
 -0.04407041952000000   0.59999970824374135
 -0.04407040952000000   0.59999970871689889
 -0.04407039952000000   0.59999970919005631
 -0.04407038952000000   0.59999970966321361
 -0.04407037952000000   0.59999971013637080
 -0.04407036952000000   0.59999971060952787
 -0.04407035952000000   0.59999971108268482
 -0.04407034952000000   0.59999971155584166
 -0.04407033952000000   0.59999971202899839
 -0.04407032952000000   0.59999971250215499
 -0.04407031952000000   0.59999971297531148
 -0.04407030952000000   0.59999971344846785
 -0.04407029952000000   0.59999971392162411
 -0.04407028952000000   0.59999971439478025
 -0.04407027952000000   0.59999971486793627
 -0.04407026952000000   0.59999971534109217
 -0.04407025952000000   0.59999971581424796
 -0.04407024952000000   0.59999971628740364
 -0.04407023952000000   0.59999971676055919
 -0.04407022952000000   0.59999971723371463
 -0.04407021952000000   0.59999971770686996
 -0.04407020952000000   0.59999971818002516
 -0.04407019952000000   0.59999971865318025
 -0.04407018952000000   0.59999971912633523
 -0.04407017952000000   0.59999971959949008
 -0.04407016952000000   0.59999972007264482
 -0.04407015952000000   0.59999972054579945
 -0.04407014952000000   0.59999972101895395
 -0.04407013952000000   0.59999972149210834
 -0.04407012952000000   0.59999972196526262
 -0.04407011952000000   0.59999972243841678
 -0.04407010952000000   0.59999972291157082
 -0.04407009952000000   0.59999972338472474
 -0.04407008952000000   0.59999972385787855
 -0.04407007952000000   0.59999972433103224
 -0.04407006952000000   0.59999972480418582
 -0.04407005952000000   0.59999972527733928
 -0.04407004952000000   0.59999972575049262
 -0.04407003952000000   0.59999972622364584
 -0.04407002952000000   0.59999972669679895
 -0.04407001952000000   0.59999972716995194
 -0.04407000952000000   0.59999972764310482
 -0.04406999952000000   0.59999972811625758
 -0.04406998952000000   0.59999972858941022
 -0.04406997952000000   0.59999972906256275
 -0.04406996952000000   0.59999972953571516
 -0.04406995952000000   0.59999973000886745
 -0.04406994952000000   0.59999973048201963
 -0.04406993952000000   0.59999973095517168
 -0.04406992952000000   0.59999973142832363
 -0.04406991952000000   0.59999973190147546
 -0.04406990952000000   0.59999973237462717
 -0.04406989952000000   0.59999973284777876
 -0.04406988952000000   0.59999973332093024
 -0.04406987952000000   0.59999973379408160
 -0.04406986952000000   0.59999973426723284
 -0.04406985952000000   0.59999973474038397
 -0.04406984952000000   0.59999973521353498
 -0.04406983952000000   0.59999973568668587
 -0.04406982952000000   0.59999973615983665
 -0.04406981952000000   0.59999973663298731
 -0.04406980952000000   0.59999973710613786
 -0.04406979952000000   0.59999973757928828
 -0.04406978952000000   0.59999973805243860
 -0.04406977952000000   0.59999973852558879
 -0.04406976952000000   0.59999973899873887
 -0.04406975952000000   0.59999973947188883
 -0.04406974952000000   0.59999973994503868
 -0.04406973952000000   0.59999974041818840
 -0.04406972952000000   0.59999974089133802
 -0.04406971952000000   0.59999974136448751
 -0.04406970952000000   0.59999974183763689
 -0.04406969952000000   0.59999974231078615
 -0.04406968952000000   0.59999974278393530
 -0.04406967952000000   0.59999974325708433
 -0.04406966952000000   0.59999974373023324
 -0.04406965952000000   0.59999974420338204
 -0.04406964952000000   0.59999974467653072
 -0.04406963952000000   0.59999974514967928
 -0.04406962952000000   0.59999974562282773
 -0.04406961952000000   0.59999974609597606
 -0.04406960952000000   0.59999974656912427
 -0.04406959952000000   0.59999974704227237
 -0.04406958952000000   0.59999974751542035
 -0.04406957952000000   0.59999974798856821
 -0.04406956952000000   0.59999974846171596
 -0.04406955952000000   0.59999974893486359
 -0.04406954952000000   0.59999974940801111
 -0.04406953952000000   0.59999974988115850
 -0.04406952952000000   0.59999975035430578
 -0.04406951952000000   0.59999975082745295
 -0.04406950952000000   0.59999975130060000
 -0.04406949952000000   0.59999975177374693
 -0.04406948952000000   0.59999975224689374
 -0.04406947952000000   0.59999975272004044
 -0.04406946952000000   0.59999975319318702
 -0.04406945952000000   0.59999975366633349
 -0.04406944952000000   0.59999975413947984
 -0.04406943952000000   0.59999975461262607
 -0.04406942952000000   0.59999975508577218
 -0.04406941952000000   0.59999975555891818
 -0.04406940952000000   0.59999975603206407
 -0.04406939952000000   0.59999975650520983
 -0.04406938952000000   0.59999975697835548
 -0.04406937952000000   0.59999975745150102
 -0.04406936952000000   0.59999975792464643
 -0.04406935952000000   0.59999975839779173
 -0.04406934952000000   0.59999975887093691
 -0.04406933952000000   0.59999975934408198
 -0.04406932952000000   0.59999975981722693
 -0.04406931952000000   0.59999976029037177
 -0.04406930952000000   0.59999976076351648
 -0.04406929952000000   0.59999976123666108
 -0.04406928952000000   0.59999976170980557
 -0.04406927952000000   0.59999976218294994
 -0.04406926952000000   0.59999976265609418
 -0.04406925952000000   0.59999976312923832
 -0.04406924952000000   0.59999976360238234
 -0.04406923952000000   0.59999976407552624
 -0.04406922952000000   0.59999976454867002
 -0.04406921952000000   0.59999976502181369
 -0.04406920952000000   0.59999976549495724
 -0.04406919952000000   0.59999976596810068
 -0.04406918952000000   0.59999976644124400
 -0.04406917952000000   0.59999976691438720
 -0.04406916952000000   0.59999976738753028
 -0.04406915952000000   0.59999976786067325
 -0.04406914952000000   0.59999976833381611
 -0.04406913952000000   0.59999976880695884
 -0.04406912952000000   0.59999976928010146
 -0.04406911952000000   0.59999976975324396
 -0.04406910952000000   0.59999977022638635
 -0.04406909952000000   0.59999977069952862
 -0.04406908952000000   0.59999977117267077
 -0.04406907952000000   0.59999977164581281
 -0.04406906952000000   0.59999977211895473
 -0.04406905952000000   0.59999977259209653
 -0.04406904952000000   0.59999977306523822
 -0.04406903952000000   0.59999977353837979
 -0.04406902952000000   0.59999977401152124
 -0.04406901952000000   0.59999977448466258
 -0.04406900952000000   0.59999977495780380
 -0.04406899952000000   0.59999977543094490
 -0.04406898952000000   0.59999977590408589
 -0.04406897952000000   0.59999977637722676
 -0.04406896952000000   0.59999977685036752
 -0.04406895952000000   0.59999977732350815
 -0.04406894952000000   0.59999977779664867
 -0.04406893952000000   0.59999977826978908
 -0.04406892952000000   0.59999977874292937
 -0.04406891952000000   0.59999977921606954
 -0.04406890952000000   0.59999977968920959
 -0.04406889952000000   0.59999978016234953
 -0.04406888952000000   0.59999978063548936
 -0.04406887952000000   0.59999978110862906
 -0.04406886952000000   0.59999978158176865
 -0.04406885952000000   0.59999978205490812
 -0.04406884952000000   0.59999978252804748
 -0.04406883952000000   0.59999978300118672
 -0.04406882952000000   0.59999978347432584
 -0.04406881952000000   0.59999978394746485
 -0.04406880952000000   0.59999978442060373
 -0.04406879952000000   0.59999978489374251
 -0.04406878952000000   0.59999978536688116
 -0.04406877952000000   0.59999978584001971
 -0.04406876952000000   0.59999978631315813
 -0.04406875952000000   0.59999978678629643
 -0.04406874952000000   0.59999978725943462
 -0.04406873952000000   0.59999978773257270
 -0.04406872952000000   0.59999978820571066
 -0.04406871952000000   0.59999978867884850
 -0.04406870952000000   0.59999978915198622
 -0.04406869952000000   0.59999978962512383
 -0.04406868952000000   0.59999979009826132
 -0.04406867952000000   0.59999979057139869
 -0.04406866952000000   0.59999979104453595
 -0.04406865952000000   0.59999979151767309
 -0.04406864952000000   0.59999979199081012
 -0.04406863952000000   0.59999979246394703
 -0.04406862952000000   0.59999979293708382
 -0.04406861952000000   0.59999979341022049
 -0.04406860952000000   0.59999979388335705
 -0.04406859952000000   0.59999979435649349
 -0.04406858952000000   0.59999979482962982
 -0.04406857952000000   0.59999979530276603
 -0.04406856952000000   0.59999979577590212
 -0.04406855952000000   0.59999979624903810
 -0.04406854952000000   0.59999979672217396
 -0.04406853952000000   0.59999979719530970
 -0.04406852952000000   0.59999979766844533
 -0.04406851952000000   0.59999979814158083
 -0.04406850952000000   0.59999979861471623
 -0.04406849952000000   0.59999979908785151
 -0.04406848952000000   0.59999979956098666
 -0.04406847952000000   0.59999980003412171
 -0.04406846952000000   0.59999980050725663
 -0.04406845952000000   0.59999980098039145
 -0.04406844952000000   0.59999980145352614
 -0.04406843952000000   0.59999980192666072
 -0.04406842952000000   0.59999980239979518
 -0.04406841952000000   0.59999980287292952
 -0.04406840952000000   0.59999980334606375
 -0.04406839952000000   0.59999980381919786
 -0.04406838952000000   0.59999980429233186
 -0.04406837952000000   0.59999980476546573
 -0.04406836952000000   0.59999980523859949
 -0.04406835952000000   0.59999980571173314
 -0.04406834952000000   0.59999980618486667
 -0.04406833952000000   0.59999980665800008
 -0.04406832952000000   0.59999980713113337
 -0.04406831952000000   0.59999980760426655
 -0.04406830952000000   0.59999980807739962
 -0.04406829952000000   0.59999980855053256
 -0.04406828952000000   0.59999980902366539
 -0.04406827952000000   0.59999980949679810
 -0.04406826952000000   0.59999980996993070
 -0.04406825952000000   0.59999981044306318
 -0.04406824952000000   0.59999981091619554
 -0.04406823952000000   0.59999981138932779
 -0.04406822952000000   0.59999981186245992
 -0.04406821952000000   0.59999981233559193
 -0.04406820952000000   0.59999981280872383
 -0.04406819952000000   0.59999981328185561
 -0.04406818952000000   0.59999981375498727
 -0.04406817952000000   0.59999981422811882
 -0.04406816952000000   0.59999981470125025
 -0.04406815952000000   0.59999981517438156
 -0.04406814952000000   0.59999981564751276
 -0.04406813952000000   0.59999981612064384
 -0.04406812952000000   0.59999981659377480
 -0.04406811952000000   0.59999981706690565
 -0.04406810952000000   0.59999981754003638
 -0.04406809952000000   0.59999981801316700
 -0.04406808952000000   0.59999981848629750
 -0.04406807952000000   0.59999981895942788
 -0.04406806952000000   0.59999981943255815
 -0.04406805952000000   0.59999981990568829
 -0.04406804952000000   0.59999982037881832
 -0.04406803952000000   0.59999982085194824
 -0.04406802952000000   0.59999982132507804
 -0.04406801952000000   0.59999982179820772
 -0.04406800952000000   0.59999982227133729
 -0.04406799952000000   0.59999982274446674
 -0.04406798952000000   0.59999982321759607
 -0.04406797952000000   0.59999982369072528
 -0.04406796952000000   0.59999982416385438
 -0.04406795952000000   0.59999982463698337
 -0.04406794952000000   0.59999982511011223
 -0.04406793952000000   0.59999982558324098
 -0.04406792952000000   0.59999982605636962
 -0.04406791952000000   0.59999982652949813
 -0.04406790952000000   0.59999982700262653
 -0.04406789952000000   0.59999982747575482
 -0.04406788952000000   0.59999982794888298
 -0.04406787952000000   0.59999982842201104
 -0.04406786952000000   0.59999982889513897
 -0.04406785952000000   0.59999982936826679
 -0.04406784952000000   0.59999982984139449
 -0.04406783952000000   0.59999983031452207
 -0.04406782952000000   0.59999983078764954
 -0.04406781952000000   0.59999983126077689
 -0.04406780952000000   0.59999983173390413
