 -0.04097246171000000   0.59999974111764887
 -0.04097245171000000   0.59999974160805360
 -0.04097244171000000   0.59999974209845820
 -0.04097243171000000   0.59999974258886269
 -0.04097242171000000   0.59999974307926706
 -0.04097241171000000   0.59999974356967131
 -0.04097240171000000   0.59999974406007544
 -0.04097239171000000   0.59999974455047944
 -0.04097238171000000   0.59999974504088333
 -0.04097237171000000   0.59999974553128710
 -0.04097236171000000   0.59999974602169075
 -0.04097235171000000   0.59999974651209427
 -0.04097234171000000   0.59999974700249768
 -0.04097233171000000   0.59999974749290097
 -0.04097232171000000   0.59999974798330413
 -0.04097231171000000   0.59999974847370718
 -0.04097230171000000   0.59999974896411011
 -0.04097229171000000   0.59999974945451291
 -0.04097228171000000   0.59999974994491560
 -0.04097227171000000   0.59999975043531817
 -0.04097226171000000   0.59999975092572061
 -0.04097225171000000   0.59999975141612294
 -0.04097224171000000   0.59999975190652515
 -0.04097223171000000   0.59999975239692723
 -0.04097222171000000   0.59999975288732920
 -0.04097221171000000   0.59999975337773104
 -0.04097220171000000   0.59999975386813277
 -0.04097219171000000   0.59999975435853437
 -0.04097218171000000   0.59999975484893586
 -0.04097217171000000   0.59999975533933723
 -0.04097216171000000   0.59999975582973847
 -0.04097215171000000   0.59999975632013960
 -0.04097214171000000   0.59999975681054060
 -0.04097213171000000   0.59999975730094149
 -0.04097212171000000   0.59999975779134225
 -0.04097211171000000   0.59999975828174290
 -0.04097210171000000   0.59999975877214342
 -0.04097209171000000   0.59999975926254382
 -0.04097208171000000   0.59999975975294411
 -0.04097207171000000   0.59999976024334427
 -0.04097206171000000   0.59999976073374432
 -0.04097205171000000   0.59999976122414424
 -0.04097204171000000   0.59999976171454405
 -0.04097203171000000   0.59999976220494373
 -0.04097202171000000   0.59999976269534329
 -0.04097201171000000   0.59999976318574274
 -0.04097200171000000   0.59999976367614206
 -0.04097199171000000   0.59999976416654126
 -0.04097198171000000   0.59999976465694035
 -0.04097197171000000   0.59999976514733931
 -0.04097196171000000   0.59999976563773815
 -0.04097195171000000   0.59999976612813688
 -0.04097194171000000   0.59999976661853548
 -0.04097193171000000   0.59999976710893396
 -0.04097192171000000   0.59999976759933232
 -0.04097191171000000   0.59999976808973057
 -0.04097190171000000   0.59999976858012869
 -0.04097189171000000   0.59999976907052669
 -0.04097188171000000   0.59999976956092457
 -0.04097187171000000   0.59999977005132234
 -0.04097186171000000   0.59999977054171998
 -0.04097185171000000   0.59999977103211750
 -0.04097184171000000   0.59999977152251490
 -0.04097183171000000   0.59999977201291218
 -0.04097182171000000   0.59999977250330934
 -0.04097181171000000   0.59999977299370639
 -0.04097180171000000   0.59999977348410331
 -0.04097179171000000   0.59999977397450011
 -0.04097178171000000   0.59999977446489679
 -0.04097177171000000   0.59999977495529335
 -0.04097176171000000   0.59999977544568979
 -0.04097175171000000   0.59999977593608611
 -0.04097174171000000   0.59999977642648231
 -0.04097173171000000   0.59999977691687839
 -0.04097172171000000   0.59999977740727436
 -0.04097171171000000   0.59999977789767020
 -0.04097170171000000   0.59999977838806592
 -0.04097169171000000   0.59999977887846152
 -0.04097168171000000   0.59999977936885700
 -0.04097167171000000   0.59999977985925236
 -0.04097166171000000   0.59999978034964760
 -0.04097165171000000   0.59999978084004272
 -0.04097164171000000   0.59999978133043772
 -0.04097163171000000   0.59999978182083259
 -0.04097162171000000   0.59999978231122735
 -0.04097161171000000   0.59999978280162199
 -0.04097160171000000   0.59999978329201651
 -0.04097159171000000   0.59999978378241091
 -0.04097158171000000   0.59999978427280519
 -0.04097157171000000   0.59999978476319935
 -0.04097156171000000   0.59999978525359339
 -0.04097155171000000   0.59999978574398731
 -0.04097154171000000   0.59999978623438111
 -0.04097153171000000   0.59999978672477478
 -0.04097152171000000   0.59999978721516834
 -0.04097151171000000   0.59999978770556178
 -0.04097150171000000   0.59999978819595510
 -0.04097149171000000   0.59999978868634830
 -0.04097148171000000   0.59999978917674138
 -0.04097147171000000   0.59999978966713433
 -0.04097146171000000   0.59999979015752717
 -0.04097145171000000   0.59999979064791989
 -0.04097144171000000   0.59999979113831249
 -0.04097143171000000   0.59999979162870496
 -0.04097142171000000   0.59999979211909732
 -0.04097141171000000   0.59999979260948956
 -0.04097140171000000   0.59999979309988167
 -0.04097139171000000   0.59999979359027367
 -0.04097138171000000   0.59999979408066555
 -0.04097137171000000   0.59999979457105731
 -0.04097136171000000   0.59999979506144894
 -0.04097135171000000   0.59999979555184046
 -0.04097134171000000   0.59999979604223186
 -0.04097133171000000   0.59999979653262313
 -0.04097132171000000   0.59999979702301429
 -0.04097131171000000   0.59999979751340532
 -0.04097130171000000   0.59999979800379624
 -0.04097129171000000   0.59999979849418704
 -0.04097128171000000   0.59999979898457771
 -0.04097127171000000   0.59999979947496827
 -0.04097126171000000   0.59999979996535870
 -0.04097125171000000   0.59999980045574902
 -0.04097124171000000   0.59999980094613921
 -0.04097123171000000   0.59999980143652929
 -0.04097122171000000   0.59999980192691924
 -0.04097121171000000   0.59999980241730908
 -0.04097120171000000   0.59999980290769879
 -0.04097119171000000   0.59999980339808839
 -0.04097118171000000   0.59999980388847786
 -0.04097117171000000   0.59999980437886722
 -0.04097116171000000   0.59999980486925645
 -0.04097115171000000   0.59999980535964557
 -0.04097114171000000   0.59999980585003456
 -0.04097113171000000   0.59999980634042344
 -0.04097112171000000   0.59999980683081219
 -0.04097111171000000   0.59999980732120082
 -0.04097110171000000   0.59999980781158934
 -0.04097109171000000   0.59999980830197773
 -0.04097108171000000   0.59999980879236600
 -0.04097107171000000   0.59999980928275416
 -0.04097106171000000   0.59999980977314219
 -0.04097105171000000   0.59999981026353011
 -0.04097104171000000   0.59999981075391790
 -0.04097103171000000   0.59999981124430557
 -0.04097102171000000   0.59999981173469313
 -0.04097101171000000   0.59999981222508056
 -0.04097100171000000   0.59999981271546787
 -0.04097099171000000   0.59999981320585506
 -0.04097098171000000   0.59999981369624214
 -0.04097097171000000   0.59999981418662909
 -0.04097096171000000   0.59999981467701592
 -0.04097095171000000   0.59999981516740263
 -0.04097094171000000   0.59999981565778922
 -0.04097093171000000   0.59999981614817570
 -0.04097092171000000   0.59999981663856205
 -0.04097091171000000   0.59999981712894828
 -0.04097090171000000   0.59999981761933439
 -0.04097089171000000   0.59999981810972038
 -0.04097088171000000   0.59999981860010626
 -0.04097087171000000   0.59999981909049201
 -0.04097086171000000   0.59999981958087764
 -0.04097085171000000   0.59999982007126315
 -0.04097084171000000   0.59999982056164854
 -0.04097083171000000   0.59999982105203381
 -0.04097082171000000   0.59999982154241896
 -0.04097081171000000   0.59999982203280399
 -0.04097080171000000   0.59999982252318890
 -0.04097079171000000   0.59999982301357370
 -0.04097078171000000   0.59999982350395836
 -0.04097077171000000   0.59999982399434292
 -0.04097076171000000   0.59999982448472735
 -0.04097075171000000   0.59999982497511166
 -0.04097074171000000   0.59999982546549585
 -0.04097073171000000   0.59999982595587992
 -0.04097072171000000   0.59999982644626387
 -0.04097071171000000   0.59999982693664770
 -0.04097070171000000   0.59999982742703140
 -0.04097069171000000   0.59999982791741499
 -0.04097068171000000   0.59999982840779846
 -0.04097067171000000   0.59999982889818181
 -0.04097066171000000   0.59999982938856504
 -0.04097065171000000   0.59999982987894815
 -0.04097064171000000   0.59999983036933114
 -0.04097063171000000   0.59999983085971401
 -0.04097062171000000   0.59999983135009676
 -0.04097061171000000   0.59999983184047939
 -0.04097060171000000   0.59999983233086189
 -0.04097059171000000   0.59999983282124428
 -0.04097058171000000   0.59999983331162655
 -0.04097057171000000   0.59999983380200870
 -0.04097056171000000   0.59999983429239073
 -0.04097055171000000   0.59999983478277264
 -0.04097054171000000   0.59999983527315442
 -0.04097053171000000   0.59999983576353609
 -0.04097052171000000   0.59999983625391764
 -0.04097051171000000   0.59999983674429907
 -0.04097050171000000   0.59999983723468037
 -0.04097049171000000   0.59999983772506156
 -0.04097048171000000   0.59999983821544263
 -0.04097047171000000   0.59999983870582358
 -0.04097046171000000   0.59999983919620440
 -0.04097045171000000   0.59999983968658511
 -0.04097044171000000   0.59999984017696570
 -0.04097043171000000   0.59999984066734616
 -0.04097042171000000   0.59999984115772651
 -0.04097041171000000   0.59999984164810674
 -0.04097040171000000   0.59999984213848684
 -0.04097039171000000   0.59999984262886683
 -0.04097038171000000   0.59999984311924669
 -0.04097037171000000   0.59999984360962644
 -0.04097036171000000   0.59999984410000607
 -0.04097035171000000   0.59999984459038557
 -0.04097034171000000   0.59999984508076496
 -0.04097033171000000   0.59999984557114422
 -0.04097032171000000   0.59999984606152337
 -0.04097031171000000   0.59999984655190239
 -0.04097030171000000   0.59999984704228130
 -0.04097029171000000   0.59999984753266009
 -0.04097028171000000   0.59999984802303875
 -0.04097027171000000   0.59999984851341730
 -0.04097026171000000   0.59999984900379572
 -0.04097025171000000   0.59999984949417402
 -0.04097024171000000   0.59999984998455221
 -0.04097023171000000   0.59999985047493027
 -0.04097022171000000   0.59999985096530822
 -0.04097021171000000   0.59999985145568604
 -0.04097020171000000   0.59999985194606375
 -0.04097019171000000   0.59999985243644133
 -0.04097018171000000   0.59999985292681880
 -0.04097017171000000   0.59999985341719614
 -0.04097016171000000   0.59999985390757336
 -0.04097015171000000   0.59999985439795047
 -0.04097014171000000   0.59999985488832745
 -0.04097013171000000   0.59999985537870431
 -0.04097012171000000   0.59999985586908106
 -0.04097011171000000   0.59999985635945768
 -0.04097010171000000   0.59999985684983418
 -0.04097009171000000   0.59999985734021057
 -0.04097008171000000   0.59999985783058683
 -0.04097007171000000   0.59999985832096297
 -0.04097006171000000   0.59999985881133900
 -0.04097005171000000   0.59999985930171490
 -0.04097004171000000   0.59999985979209068
 -0.04097003171000000   0.59999986028246634
 -0.04097002171000000   0.59999986077284189
 -0.04097001171000000   0.59999986126321731
 -0.04097000171000000   0.59999986175359261
 -0.04096999171000000   0.59999986224396779
 -0.04096998171000000   0.59999986273434285
 -0.04096997171000000   0.59999986322471780
 -0.04096996171000000   0.59999986371509262
 -0.04096995171000000   0.59999986420546732
 -0.04096994171000000   0.59999986469584190
 -0.04096993171000000   0.59999986518621636
 -0.04096992171000000   0.59999986567659070
 -0.04096991171000000   0.59999986616696492
 -0.04096990171000000   0.59999986665733902
 -0.04096989171000000   0.59999986714771301
 -0.04096988171000000   0.59999986763808687
 -0.04096987171000000   0.59999986812846061
 -0.04096986171000000   0.59999986861883423
 -0.04096985171000000   0.59999986910920773
 -0.04096984171000000   0.59999986959958111
 -0.04096983171000000   0.59999987008995437
 -0.04096982171000000   0.59999987058032751
 -0.04096981171000000   0.59999987107070053
 -0.04096980171000000   0.59999987156107343
 -0.04096979171000000   0.59999987205144621
 -0.04096978171000000   0.59999987254181887
 -0.04096977171000000   0.59999987303219141
 -0.04096976171000000   0.59999987352256383
 -0.04096975171000000   0.59999987401293613
 -0.04096974171000000   0.59999987450330831
 -0.04096973171000000   0.59999987499368036
 -0.04096972171000000   0.59999987548405230
 -0.04096971171000000   0.59999987597442412
 -0.04096970171000000   0.59999987646479582
 -0.04096969171000000   0.59999987695516740
 -0.04096968171000000   0.59999987744553886
 -0.04096967171000000   0.59999987793591020
 -0.04096966171000000   0.59999987842628142
 -0.04096965171000000   0.59999987891665251
 -0.04096964171000000   0.59999987940702349
 -0.04096963171000000   0.59999987989739435
 -0.04096962171000000   0.59999988038776509
 -0.04096961171000000   0.59999988087813571
 -0.04096960171000000   0.59999988136850620
 -0.04096959171000000   0.59999988185887658
 -0.04096958171000000   0.59999988234924684
 -0.04096957171000000   0.59999988283961698
 -0.04096956171000000   0.59999988332998699
 -0.04096955171000000   0.59999988382035689
 -0.04096954171000000   0.59999988431072667
 -0.04096953171000000   0.59999988480109633
 -0.04096952171000000   0.59999988529146586
 -0.04096951171000000   0.59999988578183528
 -0.04096950171000000   0.59999988627220458
 -0.04096949171000000   0.59999988676257375
 -0.04096948171000000   0.59999988725294281
 -0.04096947171000000   0.59999988774331175
 -0.04096946171000000   0.59999988823368056
 -0.04096945171000000   0.59999988872404926
 -0.04096944171000000   0.59999988921441783
 -0.04096943171000000   0.59999988970478629
 -0.04096942171000000   0.59999989019515463
 -0.04096941171000000   0.59999989068552284
 -0.04096940171000000   0.59999989117589094
 -0.04096939171000000   0.59999989166625891
 -0.04096938171000000   0.59999989215662677
 -0.04096937171000000   0.59999989264699450
 -0.04096936171000000   0.59999989313736212
 -0.04096935171000000   0.59999989362772961
 -0.04096934171000000   0.59999989411809699
 -0.04096933171000000   0.59999989460846424
 -0.04096932171000000   0.59999989509883138
 -0.04096931171000000   0.59999989558919839
 -0.04096930171000000   0.59999989607956529
 -0.04096929171000000   0.59999989656993206
 -0.04096928171000000   0.59999989706029872
 -0.04096927171000000   0.59999989755066525
 -0.04096926171000000   0.59999989804103167
 -0.04096925171000000   0.59999989853139796
 -0.04096924171000000   0.59999989902176413
 -0.04096923171000000   0.59999989951213019
 -0.04096922171000000   0.59999990000249612
 -0.04096921171000000   0.59999990049286193
 -0.04096920171000000   0.59999990098322763
 -0.04096919171000000   0.59999990147359320
 -0.04096918171000000   0.59999990196395865
 -0.04096917171000000   0.59999990245432399
 -0.04096916171000000   0.59999990294468920
 -0.04096915171000000   0.59999990343505429
 -0.04096914171000000   0.59999990392541927
 -0.04096913171000000   0.59999990441578412
 -0.04096912171000000   0.59999990490614885
 -0.04096911171000000   0.59999990539651347
 -0.04096910171000000   0.59999990588687796
 -0.04096909171000000   0.59999990637724233
 -0.04096908171000000   0.59999990686760658
 -0.04096907171000000   0.59999990735797071
 -0.04096906171000000   0.59999990784833473
 -0.04096905171000000   0.59999990833869862
 -0.04096904171000000   0.59999990882906239
 -0.04096903171000000   0.59999990931942604
 -0.04096902171000000   0.59999990980978957
 -0.04096901171000000   0.59999991030015298
 -0.04096900171000000   0.59999991079051628
 -0.04096899171000000   0.59999991128087945
 -0.04096898171000000   0.59999991177124250
 -0.04096897171000000   0.59999991226160543
 -0.04096896171000000   0.59999991275196824
 -0.04096895171000000   0.59999991324233093
 -0.04096894171000000   0.59999991373269350
 -0.04096893171000000   0.59999991422305595
 -0.04096892171000000   0.59999991471341828
 -0.04096891171000000   0.59999991520378049
 -0.04096890171000000   0.59999991569414258
 -0.04096889171000000   0.59999991618450455
 -0.04096888171000000   0.59999991667486640
 -0.04096887171000000   0.59999991716522813
 -0.04096886171000000   0.59999991765558974
 -0.04096885171000000   0.59999991814595123
 -0.04096884171000000   0.59999991863631260
 -0.04096883171000000   0.59999991912667385
 -0.04096882171000000   0.59999991961703498
 -0.04096881171000000   0.59999992010739599
 -0.04096880171000000   0.59999992059775688
 -0.04096879171000000   0.59999992108811765
 -0.04096878171000000   0.59999992157847830
 -0.04096877171000000   0.59999992206883883
 -0.04096876171000000   0.59999992255919924
 -0.04096875171000000   0.59999992304955953
 -0.04096874171000000   0.59999992353991969
 -0.04096873171000000   0.59999992403027974
 -0.04096872171000000   0.59999992452063967
 -0.04096871171000000   0.59999992501099948
 -0.04096870171000000   0.59999992550135917
 -0.04096869171000000   0.59999992599171873
 -0.04096868171000000   0.59999992648207818
 -0.04096867171000000   0.59999992697243751
 -0.04096866171000000   0.59999992746279672
 -0.04096865171000000   0.59999992795315581
 -0.04096864171000000   0.59999992844351477
 -0.04096863171000000   0.59999992893387362
 -0.04096862171000000   0.59999992942423235
 -0.04096861171000000   0.59999992991459096
 -0.04096860171000000   0.59999993040494944
 -0.04096859171000000   0.59999993089530781
 -0.04096858171000000   0.59999993138566606
 -0.04096857171000000   0.59999993187602418
 -0.04096856171000000   0.59999993236638219
 -0.04096855171000000   0.59999993285674008
 -0.04096854171000000   0.59999993334709784
 -0.04096853171000000   0.59999993383745549
 -0.04096852171000000   0.59999993432781301
 -0.04096851171000000   0.59999993481817042
 -0.04096850171000000   0.59999993530852771
 -0.04096849171000000   0.59999993579888487
 -0.04096848171000000   0.59999993628924192
 -0.04096847171000000   0.59999993677959884
 -0.04096846171000000   0.59999993726995565
 -0.04096845171000000   0.59999993776031234
 -0.04096844171000000   0.59999993825066890
 -0.04096843171000000   0.59999993874102535
 -0.04096842171000000   0.59999993923138167
 -0.04096841171000000   0.59999993972173788
 -0.04096840171000000   0.59999994021209396
 -0.04096839171000000   0.59999994070244993
 -0.04096838171000000   0.59999994119280577
 -0.04096837171000000   0.59999994168316150
 -0.04096836171000000   0.59999994217351710
 -0.04096835171000000   0.59999994266387258
 -0.04096834171000000   0.59999994315422795
 -0.04096833171000000   0.59999994364458319
 -0.04096832171000000   0.59999994413493832
 -0.04096831171000000   0.59999994462529332
 -0.04096830171000000   0.59999994511564820
 -0.04096829171000000   0.59999994560600297
 -0.04096828171000000   0.59999994609635761
 -0.04096827171000000   0.59999994658671214
 -0.04096826171000000   0.59999994707706654
 -0.04096825171000000   0.59999994756742082
 -0.04096824171000000   0.59999994805777499
 -0.04096823171000000   0.59999994854812903
 -0.04096822171000000   0.59999994903848295
 -0.04096821171000000   0.59999994952883675
 -0.04096820171000000   0.59999995001919044
 -0.04096819171000000   0.59999995050954400
 -0.04096818171000000   0.59999995099989744
 -0.04096817171000000   0.59999995149025076
 -0.04096816171000000   0.59999995198060397
 -0.04096815171000000   0.59999995247095705
 -0.04096814171000000   0.59999995296131001
 -0.04096813171000000   0.59999995345166285
 -0.04096812171000000   0.59999995394201558
 -0.04096811171000000   0.59999995443236818
 -0.04096810171000000   0.59999995492272066
 -0.04096809171000000   0.59999995541307302
 -0.04096808171000000   0.59999995590342526
 -0.04096807171000000   0.59999995639377738
 -0.04096806171000000   0.59999995688412938
 -0.04096805171000000   0.59999995737448127
 -0.04096804171000000   0.59999995786483303
 -0.04096803171000000   0.59999995835518467
 -0.04096802171000000   0.59999995884553619
 -0.04096801171000000   0.59999995933588759
 -0.04096800171000000   0.59999995982623887
 -0.04096799171000000   0.59999996031659003
 -0.04096798171000000   0.59999996080694107
 -0.04096797171000000   0.59999996129729199
 -0.04096796171000000   0.59999996178764279
 -0.04096795171000000   0.59999996227799347
 -0.04096794171000000   0.59999996276834403
 -0.04096793171000000   0.59999996325869447
 -0.04096792171000000   0.59999996374904479
 -0.04096791171000000   0.59999996423939499
 -0.04096790171000000   0.59999996472974507
 -0.04096789171000000   0.59999996522009503
 -0.04096788171000000   0.59999996571044487
 -0.04096787171000000   0.59999996620079459
 -0.04096786171000000   0.59999996669114419
 -0.04096785171000000   0.59999996718149367
 -0.04096784171000000   0.59999996767184303
 -0.04096783171000000   0.59999996816219226
 -0.04096782171000000   0.59999996865254138
 -0.04096781171000000   0.59999996914289038
 -0.04096780171000000   0.59999996963323926
 -0.04096779171000000   0.59999997012358802
 -0.04096778171000000   0.59999997061393666
 -0.04096777171000000   0.59999997110428518
 -0.04096776171000000   0.59999997159463357
 -0.04096775171000000   0.59999997208498185
 -0.04096774171000000   0.59999997257533001
 -0.04096773171000000   0.59999997306567805
 -0.04096772171000000   0.59999997355602596
 -0.04096771171000000   0.59999997404637376
 -0.04096770171000000   0.59999997453672144
 -0.04096769171000000   0.59999997502706900
 -0.04096768171000000   0.59999997551741643
 -0.04096767171000000   0.59999997600776375
 -0.04096766171000000   0.59999997649811095
 -0.04096765171000000   0.59999997698845802
 -0.04096764171000000   0.59999997747880498
 -0.04096763171000000   0.59999997796915182
 -0.04096762171000000   0.59999997845949853
 -0.04096761171000000   0.59999997894984513
 -0.04096760171000000   0.59999997944019161
 -0.04096759171000000   0.59999997993053796
 -0.04096758171000000   0.59999998042088420
 -0.04096757171000000   0.59999998091123032
 -0.04096756171000000   0.59999998140157631
 -0.04096755171000000   0.59999998189192219
 -0.04096754171000000   0.59999998238226794
 -0.04096753171000000   0.59999998287261358
 -0.04096752171000000   0.59999998336295909
 -0.04096751171000000   0.59999998385330449
 -0.04096750171000000   0.59999998434364976
 -0.04096749171000000   0.59999998483399492
 -0.04096748171000000   0.59999998532433995
 -0.04096747171000000   0.59999998581468487
 -0.04096746171000000   0.59999998630502966
 -0.04096745171000000   0.59999998679537434
 -0.04096744171000000   0.59999998728571889
 -0.04096743171000000   0.59999998777606333
 -0.04096742171000000   0.59999998826640764
 -0.04096741171000000   0.59999998875675184
 -0.04096740171000000   0.59999998924709591
 -0.04096739171000000   0.59999998973743987
 -0.04096738171000000   0.59999999022778370
 -0.04096737171000000   0.59999999071812741
 -0.04096736171000000   0.59999999120847101
 -0.04096735171000000   0.59999999169881448
 -0.04096734171000000   0.59999999218915783
 -0.04096733171000000   0.59999999267950107
 -0.04096732171000000   0.59999999316984418
 -0.04096731171000000   0.59999999366018717
 -0.04096730171000000   0.59999999415053005
 -0.04096729171000000   0.59999999464087280
 -0.04096728171000000   0.59999999513121543
 -0.04096727171000000   0.59999999562155795
 -0.04096726171000000   0.59999999611190034
 -0.04096725171000000   0.59999999660224261
 -0.04096724171000000   0.59999999709258476
 -0.04096723171000000   0.59999999758292680
 -0.04096722171000000   0.59999999807326871
 -0.04096721171000000   0.59999999856361050
 -0.04096720171000000   0.59999999905395217
 -0.04096719171000000   0.59999999954429372
 -0.04096718171000000   0.60000000003463516
 -0.04096717171000000   0.60000000052497647
 -0.04096716171000000   0.60000000101531766
 -0.04096715171000000   0.60000000150565873
 -0.04096714171000000   0.60000000199599968
 -0.04096713171000000   0.60000000248634051
 -0.04096712171000000   0.60000000297668123
 -0.04096711171000000   0.60000000346702182
 -0.04096710171000000   0.60000000395736229
 -0.04096709171000000   0.60000000444770264
 -0.04096708171000000   0.60000000493804287
 -0.04096707171000000   0.60000000542838298
 -0.04096706171000000   0.60000000591872297
 -0.04096705171000000   0.60000000640906284
 -0.04096704171000000   0.60000000689940259
 -0.04096703171000000   0.60000000738974222
 -0.04096702171000000   0.60000000788008173
 -0.04096701171000000   0.60000000837042112
 -0.04096700171000000   0.60000000886076039
 -0.04096699171000000   0.60000000935109954
 -0.04096698171000000   0.60000000984143857
 -0.04096697171000000   0.60000001033177748
 -0.04096696171000000   0.60000001082211627
 -0.04096695171000000   0.60000001131245494
 -0.04096694171000000   0.60000001180279349
 -0.04096693171000000   0.60000001229313192
 -0.04096692171000000   0.60000001278347023
 -0.04096691171000000   0.60000001327380842
 -0.04096690171000000   0.60000001376414648
 -0.04096689171000000   0.60000001425448443
 -0.04096688171000000   0.60000001474482226
 -0.04096687171000000   0.60000001523515997
 -0.04096686171000000   0.60000001572549756
 -0.04096685171000000   0.60000001621583503
 -0.04096684171000000   0.60000001670617237
 -0.04096683171000000   0.60000001719650960
 -0.04096682171000000   0.60000001768684671
 -0.04096681171000000   0.60000001817718370
 -0.04096680171000000   0.60000001866752057
 -0.04096679171000000   0.60000001915785731
 -0.04096678171000000   0.60000001964819394
 -0.04096677171000000   0.60000002013853045
 -0.04096676171000000   0.60000002062886684
 -0.04096675171000000   0.60000002111920310
 -0.04096674171000000   0.60000002160953925
 -0.04096673171000000   0.60000002209987528
 -0.04096672171000000   0.60000002259021119
 -0.04096671171000000   0.60000002308054697
 -0.04096670171000000   0.60000002357088264
 -0.04096669171000000   0.60000002406121819
 -0.04096668171000000   0.60000002455155361
 -0.04096667171000000   0.60000002504188892
 -0.04096666171000000   0.60000002553222410
 -0.04096665171000000   0.60000002602255917
 -0.04096664171000000   0.60000002651289412
 -0.04096663171000000   0.60000002700322894
 -0.04096662171000000   0.60000002749356365
 -0.04096661171000000   0.60000002798389823
 -0.04096660171000000   0.60000002847423270
 -0.04096659171000000   0.60000002896456704
 -0.04096658171000000   0.60000002945490127
 -0.04096657171000000   0.60000002994523538
 -0.04096656171000000   0.60000003043556936
 -0.04096655171000000   0.60000003092590323
 -0.04096654171000000   0.60000003141623697
 -0.04096653171000000   0.60000003190657060
 -0.04096652171000000   0.60000003239690410
 -0.04096651171000000   0.60000003288723749
 -0.04096650171000000   0.60000003337757075
 -0.04096649171000000   0.60000003386790389
 -0.04096648171000000   0.60000003435823692
 -0.04096647171000000   0.60000003484856982
 -0.04096646171000000   0.60000003533890261
 -0.04096645171000000   0.60000003582923527
 -0.04096644171000000   0.60000003631956781
 -0.04096643171000000   0.60000003680990024
 -0.04096642171000000   0.60000003730023254
 -0.04096641171000000   0.60000003779056473
 -0.04096640171000000   0.60000003828089679
 -0.04096639171000000   0.60000003877122873
 -0.04096638171000000   0.60000003926156056
 -0.04096637171000000   0.60000003975189226
 -0.04096636171000000   0.60000004024222384
 -0.04096635171000000   0.60000004073255530
 -0.04096634171000000   0.60000004122288665
 -0.04096633171000000   0.60000004171321787
 -0.04096632171000000   0.60000004220354897
 -0.04096631171000000   0.60000004269387996
 -0.04096630171000000   0.60000004318421082
 -0.04096629171000000   0.60000004367454156
 -0.04096628171000000   0.60000004416487218
 -0.04096627171000000   0.60000004465520268
 -0.04096626171000000   0.60000004514553307
 -0.04096625171000000   0.60000004563586333
 -0.04096624171000000   0.60000004612619347
 -0.04096623171000000   0.60000004661652349
 -0.04096622171000000   0.60000004710685339
 -0.04096621171000000   0.60000004759718317
 -0.04096620171000000   0.60000004808751284
 -0.04096619171000000   0.60000004857784238
 -0.04096618171000000   0.60000004906817180
 -0.04096617171000000   0.60000004955850110
 -0.04096616171000000   0.60000005004883028
 -0.04096615171000000   0.60000005053915934
 -0.04096614171000000   0.60000005102948828
 -0.04096613171000000   0.60000005151981710
 -0.04096612171000000   0.60000005201014580
 -0.04096611171000000   0.60000005250047438
 -0.04096610171000000   0.60000005299080284
 -0.04096609171000000   0.60000005348113118
 -0.04096608171000000   0.60000005397145940
 -0.04096607171000000   0.60000005446178750
 -0.04096606171000000   0.60000005495211548
 -0.04096605171000000   0.60000005544244334
 -0.04096604171000000   0.60000005593277108
 -0.04096603171000000   0.60000005642309870
 -0.04096602171000000   0.60000005691342620
 -0.04096601171000000   0.60000005740375358
 -0.04096600171000000   0.60000005789408084
 -0.04096599171000000   0.60000005838440798
 -0.04096598171000000   0.60000005887473500
 -0.04096597171000000   0.60000005936506190
 -0.04096596171000000   0.60000005985538868
 -0.04096595171000000   0.60000006034571533
 -0.04096594171000000   0.60000006083604187
 -0.04096593171000000   0.60000006132636829
 -0.04096592171000000   0.60000006181669459
 -0.04096591171000000   0.60000006230702077
 -0.04096590171000000   0.60000006279734683
 -0.04096589171000000   0.60000006328767276
 -0.04096588171000000   0.60000006377799858
 -0.04096587171000000   0.60000006426832428
 -0.04096586171000000   0.60000006475864986
 -0.04096585171000000   0.60000006524897531
 -0.04096584171000000   0.60000006573930065
 -0.04096583171000000   0.60000006622962587
 -0.04096582171000000   0.60000006671995097
 -0.04096581171000000   0.60000006721027594
 -0.04096580171000000   0.60000006770060080
 -0.04096579171000000   0.60000006819092554
 -0.04096578171000000   0.60000006868125015
 -0.04096577171000000   0.60000006917157465
 -0.04096576171000000   0.60000006966189903
 -0.04096575171000000   0.60000007015222328
 -0.04096574171000000   0.60000007064254742
 -0.04096573171000000   0.60000007113287144
 -0.04096572171000000   0.60000007162319533
 -0.04096571171000000   0.60000007211351911
 -0.04096570171000000   0.60000007260384276
 -0.04096569171000000   0.60000007309416630
 -0.04096568171000000   0.60000007358448972
 -0.04096567171000000   0.60000007407481301
 -0.04096566171000000   0.60000007456513619
 -0.04096565171000000   0.60000007505545924
 -0.04096564171000000   0.60000007554578218
 -0.04096563171000000   0.60000007603610499
 -0.04096562171000000   0.60000007652642769
 -0.04096561171000000   0.60000007701675026
 -0.04096560171000000   0.60000007750707272
 -0.04096559171000000   0.60000007799739505
 -0.04096558171000000   0.60000007848771727
 -0.04096557171000000   0.60000007897803936
 -0.04096556171000000   0.60000007946836134
 -0.04096555171000000   0.60000007995868319
 -0.04096554171000000   0.60000008044900493
 -0.04096553171000000   0.60000008093932654
 -0.04096552171000000   0.60000008142964803
 -0.04096551171000000   0.60000008191996941
 -0.04096550171000000   0.60000008241029066
 -0.04096549171000000   0.60000008290061179
 -0.04096548171000000   0.60000008339093281
 -0.04096547171000000   0.60000008388125370
 -0.04096546171000000   0.60000008437157448
 -0.04096545171000000   0.60000008486189513
 -0.04096544171000000   0.60000008535221566
 -0.04096543171000000   0.60000008584253607
 -0.04096542171000000   0.60000008633285637
 -0.04096541171000000   0.60000008682317654
 -0.04096540171000000   0.60000008731349659
 -0.04096539171000000   0.60000008780381653
 -0.04096538171000000   0.60000008829413634
 -0.04096537171000000   0.60000008878445603
 -0.04096536171000000   0.60000008927477560
 -0.04096535171000000   0.60000008976509506
 -0.04096534171000000   0.60000009025541439
 -0.04096533171000000   0.60000009074573360
 -0.04096532171000000   0.60000009123605269
 -0.04096531171000000   0.60000009172637166
 -0.04096530171000000   0.60000009221669051
 -0.04096529171000000   0.60000009270700925
 -0.04096528171000000   0.60000009319732786
 -0.04096527171000000   0.60000009368764635
 -0.04096526171000000   0.60000009417796472
 -0.04096525171000000   0.60000009466828297
 -0.04096524171000000   0.60000009515860110
 -0.04096523171000000   0.60000009564891911
 -0.04096522171000000   0.60000009613923700
 -0.04096521171000000   0.60000009662955477
 -0.04096520171000000   0.60000009711987242
 -0.04096519171000000   0.60000009761018996
 -0.04096518171000000   0.60000009810050737
 -0.04096517171000000   0.60000009859082466
 -0.04096516171000000   0.60000009908114183
 -0.04096515171000000   0.60000009957145888
 -0.04096514171000000   0.60000010006177581
 -0.04096513171000000   0.60000010055209262
 -0.04096512171000000   0.60000010104240931
 -0.04096511171000000   0.60000010153272588
 -0.04096510171000000   0.60000010202304233
 -0.04096509171000000   0.60000010251335865
 -0.04096508171000000   0.60000010300367486
 -0.04096507171000000   0.60000010349399095
 -0.04096506171000000   0.60000010398430692
 -0.04096505171000000   0.60000010447462277
 -0.04096504171000000   0.60000010496493850
 -0.04096503171000000   0.60000010545525411
 -0.04096502171000000   0.60000010594556960
 -0.04096501171000000   0.60000010643588497
 -0.04096500171000000   0.60000010692620021
 -0.04096499171000000   0.60000010741651534
 -0.04096498171000000   0.60000010790683035
 -0.04096497171000000   0.60000010839714524
 -0.04096496171000000   0.60000010888746001
 -0.04096495171000000   0.60000010937777466
 -0.04096494171000000   0.60000010986808918
 -0.04096493171000000   0.60000011035840359
 -0.04096492171000000   0.60000011084871788
 -0.04096491171000000   0.60000011133903205
 -0.04096490171000000   0.60000011182934609
 -0.04096489171000000   0.60000011231966002
 -0.04096488171000000   0.60000011280997383
 -0.04096487171000000   0.60000011330028751
 -0.04096486171000000   0.60000011379060108
 -0.04096485171000000   0.60000011428091453
 -0.04096484171000000   0.60000011477122785
 -0.04096483171000000   0.60000011526154106
 -0.04096482171000000   0.60000011575185415
 -0.04096481171000000   0.60000011624216711
 -0.04096480171000000   0.60000011673247996
 -0.04096479171000000   0.60000011722279269
 -0.04096478171000000   0.60000011771310529
 -0.04096477171000000   0.60000011820341778
 -0.04096476171000000   0.60000011869373014
 -0.04096475171000000   0.60000011918404239
 -0.04096474171000000   0.60000011967435452
 -0.04096473171000000   0.60000012016466652
 -0.04096472171000000   0.60000012065497841
 -0.04096471171000000   0.60000012114529017
 -0.04096470171000000   0.60000012163560182
 -0.04096469171000000   0.60000012212591334
 -0.04096468171000000   0.60000012261622475
 -0.04096467171000000   0.60000012310653603
 -0.04096466171000000   0.60000012359684720
 -0.04096465171000000   0.60000012408715824
 -0.04096464171000000   0.60000012457746917
 -0.04096463171000000   0.60000012506777997
 -0.04096462171000000   0.60000012555809066
 -0.04096461171000000   0.60000012604840122
 -0.04096460171000000   0.60000012653871166
 -0.04096459171000000   0.60000012702902199
 -0.04096458171000000   0.60000012751933219
 -0.04096457171000000   0.60000012800964228
 -0.04096456171000000   0.60000012849995224
 -0.04096455171000000   0.60000012899026208
 -0.04096454171000000   0.60000012948057181
 -0.04096453171000000   0.60000012997088141
 -0.04096452171000000   0.60000013046119089
 -0.04096451171000000   0.60000013095150026
 -0.04096450171000000   0.60000013144180950
 -0.04096449171000000   0.60000013193211862
 -0.04096448171000000   0.60000013242242762
 -0.04096447171000000   0.60000013291273651
 -0.04096446171000000   0.60000013340304527
 -0.04096445171000000   0.60000013389335391
 -0.04096444171000000   0.60000013438366244
 -0.04096443171000000   0.60000013487397084
 -0.04096442171000000   0.60000013536427912
 -0.04096441171000000   0.60000013585458728
 -0.04096440171000000   0.60000013634489532
 -0.04096439171000000   0.60000013683520325
 -0.04096438171000000   0.60000013732551105
 -0.04096437171000000   0.60000013781581873
 -0.04096436171000000   0.60000013830612629
 -0.04096435171000000   0.60000013879643373
 -0.04096434171000000   0.60000013928674105
 -0.04096433171000000   0.60000013977704825
 -0.04096432171000000   0.60000014026735534
 -0.04096431171000000   0.60000014075766230
 -0.04096430171000000   0.60000014124796914
 -0.04096429171000000   0.60000014173827586
 -0.04096428171000000   0.60000014222858246
 -0.04096427171000000   0.60000014271888894
 -0.04096426171000000   0.60000014320919530
 -0.04096425171000000   0.60000014369950154
 -0.04096424171000000   0.60000014418980766
 -0.04096423171000000   0.60000014468011366
 -0.04096422171000000   0.60000014517041954
 -0.04096421171000000   0.60000014566072530
 -0.04096420171000000   0.60000014615103094
 -0.04096419171000000   0.60000014664133646
 -0.04096418171000000   0.60000014713164186
 -0.04096417171000000   0.60000014762194714
 -0.04096416171000000   0.60000014811225230
 -0.04096415171000000   0.60000014860255734
 -0.04096414171000000   0.60000014909286226
 -0.04096413171000000   0.60000014958316706
 -0.04096412171000000   0.60000015007347174
 -0.04096411171000000   0.60000015056377630
 -0.04096410171000000   0.60000015105408073
 -0.04096409171000000   0.60000015154438505
 -0.04096408171000000   0.60000015203468925
 -0.04096407171000000   0.60000015252499333
 -0.04096406171000000   0.60000015301529729
 -0.04096405171000000   0.60000015350560113
 -0.04096404171000000   0.60000015399590484
 -0.04096403171000000   0.60000015448620844
 -0.04096402171000000   0.60000015497651192
 -0.04096401171000000   0.60000015546681528
 -0.04096400171000000   0.60000015595711852
 -0.04096399171000000   0.60000015644742163
 -0.04096398171000000   0.60000015693772463
 -0.04096397171000000   0.60000015742802751
 -0.04096396171000000   0.60000015791833027
 -0.04096395171000000   0.60000015840863290
 -0.04096394171000000   0.60000015889893542
 -0.04096393171000000   0.60000015938923782
 -0.04096392171000000   0.60000015987954009
 -0.04096391171000000   0.60000016036984225
 -0.04096390171000000   0.60000016086014429
 -0.04096389171000000   0.60000016135044620
 -0.04096388171000000   0.60000016184074800
 -0.04096387171000000   0.60000016233104968
 -0.04096386171000000   0.60000016282135123
 -0.04096385171000000   0.60000016331165267
 -0.04096384171000000   0.60000016380195398
 -0.04096383171000000   0.60000016429225518
 -0.04096382171000000   0.60000016478255626
 -0.04096381171000000   0.60000016527285721
 -0.04096380171000000   0.60000016576315805
 -0.04096379171000000   0.60000016625345876
 -0.04096378171000000   0.60000016674375936
 -0.04096377171000000   0.60000016723405983
 -0.04096376171000000   0.60000016772436019
 -0.04096375171000000   0.60000016821466042
 -0.04096374171000000   0.60000016870496054
 -0.04096373171000000   0.60000016919526053
 -0.04096372171000000   0.60000016968556041
 -0.04096371171000000   0.60000017017586016
 -0.04096370171000000   0.60000017066615980
 -0.04096369171000000   0.60000017115645931
 -0.04096368171000000   0.60000017164675871
 -0.04096367171000000   0.60000017213705798
 -0.04096366171000000   0.60000017262735713
 -0.04096365171000000   0.60000017311765617
 -0.04096364171000000   0.60000017360795508
 -0.04096363171000000   0.60000017409825387
 -0.04096362171000000   0.60000017458855255
 -0.04096361171000000   0.60000017507885110
 -0.04096360171000000   0.60000017556914953
 -0.04096359171000000   0.60000017605944785
 -0.04096358171000000   0.60000017654974604
 -0.04096357171000000   0.60000017704004411
 -0.04096356171000000   0.60000017753034207
 -0.04096355171000000   0.60000017802063990
 -0.04096354171000000   0.60000017851093761
 -0.04096353171000000   0.60000017900123521
 -0.04096352171000000   0.60000017949153268
 -0.04096351171000000   0.60000017998183003
 -0.04096350171000000   0.60000018047212726
 -0.04096349171000000   0.60000018096242438
 -0.04096348171000000   0.60000018145272137
 -0.04096347171000000   0.60000018194301824
 -0.04096346171000000   0.60000018243331499
 -0.04096345171000000   0.60000018292361162
 -0.04096344171000000   0.60000018341390813
 -0.04096343171000000   0.60000018390420453
 -0.04096342171000000   0.60000018439450080
 -0.04096341171000000   0.60000018488479695
 -0.04096340171000000   0.60000018537509298
 -0.04096339171000000   0.60000018586538889
 -0.04096338171000000   0.60000018635568468
 -0.04096337171000000   0.60000018684598035
 -0.04096336171000000   0.60000018733627590
 -0.04096335171000000   0.60000018782657133
 -0.04096334171000000   0.60000018831686665
 -0.04096333171000000   0.60000018880716184
 -0.04096332171000000   0.60000018929745691
 -0.04096331171000000   0.60000018978775186
 -0.04096330171000000   0.60000019027804669
 -0.04096329171000000   0.60000019076834140
 -0.04096328171000000   0.60000019125863599
 -0.04096327171000000   0.60000019174893046
 -0.04096326171000000   0.60000019223922481
 -0.04096325171000000   0.60000019272951904
 -0.04096324171000000   0.60000019321981315
 -0.04096323171000000   0.60000019371010713
 -0.04096322171000000   0.60000019420040100
 -0.04096321171000000   0.60000019469069475
 -0.04096320171000000   0.60000019518098838
 -0.04096319171000000   0.60000019567128189
 -0.04096318171000000   0.60000019616157528
 -0.04096317171000000   0.60000019665186855
 -0.04096316171000000   0.60000019714216170
 -0.04096315171000000   0.60000019763245473
 -0.04096314171000000   0.60000019812274763
 -0.04096313171000000   0.60000019861304042
 -0.04096312171000000   0.60000019910333309
 -0.04096311171000000   0.60000019959362564
 -0.04096310171000000   0.60000020008391807
 -0.04096309171000000   0.60000020057421038
 -0.04096308171000000   0.60000020106450256
 -0.04096307171000000   0.60000020155479463
 -0.04096306171000000   0.60000020204508658
 -0.04096305171000000   0.60000020253537841
 -0.04096304171000000   0.60000020302567011
 -0.04096303171000000   0.60000020351596170
 -0.04096302171000000   0.60000020400625317
 -0.04096301171000000   0.60000020449654452
 -0.04096300171000000   0.60000020498683574
 -0.04096299171000000   0.60000020547712685
 -0.04096298171000000   0.60000020596741784
 -0.04096297171000000   0.60000020645770870
 -0.04096296171000000   0.60000020694799945
 -0.04096295171000000   0.60000020743829008
 -0.04096294171000000   0.60000020792858058
 -0.04096293171000000   0.60000020841887097
 -0.04096292171000000   0.60000020890916123
 -0.04096291171000000   0.60000020939945138
 -0.04096290171000000   0.60000020988974141
 -0.04096289171000000   0.60000021038003131
 -0.04096288171000000   0.60000021087032110
 -0.04096287171000000   0.60000021136061076
 -0.04096286171000000   0.60000021185090031
 -0.04096285171000000   0.60000021234118973
 -0.04096284171000000   0.60000021283147904
 -0.04096283171000000   0.60000021332176822
 -0.04096282171000000   0.60000021381205729
 -0.04096281171000000   0.60000021430234623
 -0.04096280171000000   0.60000021479263506
 -0.04096279171000000   0.60000021528292376
 -0.04096278171000000   0.60000021577321235
 -0.04096277171000000   0.60000021626350081
 -0.04096276171000000   0.60000021675378916
 -0.04096275171000000   0.60000021724407738
 -0.04096274171000000   0.60000021773436548
 -0.04096273171000000   0.60000021822465347
 -0.04096272171000000   0.60000021871494133
 -0.04096271171000000   0.60000021920522908
 -0.04096270171000000   0.60000021969551670
 -0.04096269171000000   0.60000022018580420
 -0.04096268171000000   0.60000022067609159
 -0.04096267171000000   0.60000022116637885
 -0.04096266171000000   0.60000022165666599
 -0.04096265171000000   0.60000022214695302
 -0.04096264171000000   0.60000022263723992
 -0.04096263171000000   0.60000022312752670
 -0.04096262171000000   0.60000022361781337
 -0.04096261171000000   0.60000022410809991
 -0.04096260171000000   0.60000022459838633
 -0.04096259171000000   0.60000022508867263
 -0.04096258171000000   0.60000022557895882
 -0.04096257171000000   0.60000022606924488
 -0.04096256171000000   0.60000022655953082
 -0.04096255171000000   0.60000022704981664
 -0.04096254171000000   0.60000022754010235
 -0.04096253171000000   0.60000022803038793
 -0.04096252171000000   0.60000022852067339
 -0.04096251171000000   0.60000022901095873
 -0.04096250171000000   0.60000022950124395
 -0.04096249171000000   0.60000022999152905
 -0.04096248171000000   0.60000023048181404
 -0.04096247171000000   0.60000023097209890
