 -0.04249299597000000   0.59999890970226566
 -0.04249298597000000   0.59999891005925111
 -0.04249297597000000   0.59999891041623645
 -0.04249296597000000   0.59999891077322170
 -0.04249295597000000   0.59999891113020685
 -0.04249294597000000   0.59999891148719190
 -0.04249293597000000   0.59999891184417684
 -0.04249292597000000   0.59999891220116169
 -0.04249291597000000   0.59999891255814644
 -0.04249290597000000   0.59999891291513109
 -0.04249289597000000   0.59999891327211564
 -0.04249288597000000   0.59999891362910010
 -0.04249287597000000   0.59999891398608445
 -0.04249286597000000   0.59999891434306870
 -0.04249285597000000   0.59999891470005285
 -0.04249284597000000   0.59999891505703691
 -0.04249283597000000   0.59999891541402086
 -0.04249282597000000   0.59999891577100472
 -0.04249281597000000   0.59999891612798848
 -0.04249280597000000   0.59999891648497213
 -0.04249279597000000   0.59999891684195569
 -0.04249278597000000   0.59999891719893915
 -0.04249277597000000   0.59999891755592251
 -0.04249276597000000   0.59999891791290577
 -0.04249275597000000   0.59999891826988893
 -0.04249274597000000   0.59999891862687199
 -0.04249273597000000   0.59999891898385496
 -0.04249272597000000   0.59999891934083782
 -0.04249271597000000   0.59999891969782058
 -0.04249270597000000   0.59999892005480325
 -0.04249269597000000   0.59999892041178582
 -0.04249268597000000   0.59999892076876828
 -0.04249267597000000   0.59999892112575065
 -0.04249266597000000   0.59999892148273292
 -0.04249265597000000   0.59999892183971508
 -0.04249264597000000   0.59999892219669715
 -0.04249263597000000   0.59999892255367912
 -0.04249262597000000   0.59999892291066099
 -0.04249261597000000   0.59999892326764277
 -0.04249260597000000   0.59999892362462444
 -0.04249259597000000   0.59999892398160601
 -0.04249258597000000   0.59999892433858749
 -0.04249257597000000   0.59999892469556886
 -0.04249256597000000   0.59999892505255013
 -0.04249255597000000   0.59999892540953131
 -0.04249254597000000   0.59999892576651239
 -0.04249253597000000   0.59999892612349337
 -0.04249252597000000   0.59999892648047424
 -0.04249251597000000   0.59999892683745502
 -0.04249250597000000   0.59999892719443570
 -0.04249249597000000   0.59999892755141628
 -0.04249248597000000   0.59999892790839676
 -0.04249247597000000   0.59999892826537715
 -0.04249246597000000   0.59999892862235743
 -0.04249245597000000   0.59999892897933761
 -0.04249244597000000   0.59999892933631770
 -0.04249243597000000   0.59999892969329768
 -0.04249242597000000   0.59999893005027757
 -0.04249241597000000   0.59999893040725735
 -0.04249240597000000   0.59999893076423704
 -0.04249239597000000   0.59999893112121663
 -0.04249238597000000   0.59999893147819612
 -0.04249237597000000   0.59999893183517551
 -0.04249236597000000   0.59999893219215480
 -0.04249235597000000   0.59999893254913399
 -0.04249234597000000   0.59999893290611308
 -0.04249233597000000   0.59999893326309207
 -0.04249232597000000   0.59999893362007097
 -0.04249231597000000   0.59999893397704976
 -0.04249230597000000   0.59999893433402846
 -0.04249229597000000   0.59999893469100705
 -0.04249228597000000   0.59999893504798555
 -0.04249227597000000   0.59999893540496395
 -0.04249226597000000   0.59999893576194224
 -0.04249225597000000   0.59999893611892044
 -0.04249224597000000   0.59999893647589854
 -0.04249223597000000   0.59999893683287654
 -0.04249222597000000   0.59999893718985444
 -0.04249221597000000   0.59999893754683224
 -0.04249220597000000   0.59999893790380995
 -0.04249219597000000   0.59999893826078755
 -0.04249218597000000   0.59999893861776505
 -0.04249217597000000   0.59999893897474246
 -0.04249216597000000   0.59999893933171976
 -0.04249215597000000   0.59999893968869697
 -0.04249214597000000   0.59999894004567408
 -0.04249213597000000   0.59999894040265109
 -0.04249212597000000   0.59999894075962799
 -0.04249211597000000   0.59999894111660481
 -0.04249210597000000   0.59999894147358152
 -0.04249209597000000   0.59999894183055813
 -0.04249208597000000   0.59999894218753464
 -0.04249207597000000   0.59999894254451105
 -0.04249206597000000   0.59999894290148737
 -0.04249205597000000   0.59999894325846358
 -0.04249204597000000   0.59999894361543970
 -0.04249203597000000   0.59999894397241571
 -0.04249202597000000   0.59999894432939163
 -0.04249201597000000   0.59999894468636744
 -0.04249200597000000   0.59999894504334316
 -0.04249199597000000   0.59999894540031878
 -0.04249198597000000   0.59999894575729430
 -0.04249197597000000   0.59999894611426972
 -0.04249196597000000   0.59999894647124504
 -0.04249195597000000   0.59999894682822026
 -0.04249194597000000   0.59999894718519539
 -0.04249193597000000   0.59999894754217041
 -0.04249192597000000   0.59999894789914533
 -0.04249191597000000   0.59999894825612016
 -0.04249190597000000   0.59999894861309489
 -0.04249189597000000   0.59999894897006951
 -0.04249188597000000   0.59999894932704404
 -0.04249187597000000   0.59999894968401847
 -0.04249186597000000   0.59999895004099280
 -0.04249185597000000   0.59999895039796703
 -0.04249184597000000   0.59999895075494116
 -0.04249183597000000   0.59999895111191519
 -0.04249182597000000   0.59999895146888912
 -0.04249181597000000   0.59999895182586296
 -0.04249180597000000   0.59999895218283669
 -0.04249179597000000   0.59999895253981033
 -0.04249178597000000   0.59999895289678386
 -0.04249177597000000   0.59999895325375730
 -0.04249176597000000   0.59999895361073063
 -0.04249175597000000   0.59999895396770387
 -0.04249174597000000   0.59999895432467701
 -0.04249173597000000   0.59999895468165005
 -0.04249172597000000   0.59999895503862299
 -0.04249171597000000   0.59999895539559583
 -0.04249170597000000   0.59999895575256857
 -0.04249169597000000   0.59999895610954122
 -0.04249168597000000   0.59999895646651376
 -0.04249167597000000   0.59999895682348621
 -0.04249166597000000   0.59999895718045855
 -0.04249165597000000   0.59999895753743080
 -0.04249164597000000   0.59999895789440294
 -0.04249163597000000   0.59999895825137499
 -0.04249162597000000   0.59999895860834694
 -0.04249161597000000   0.59999895896531879
 -0.04249160597000000   0.59999895932229054
 -0.04249159597000000   0.59999895967926219
 -0.04249158597000000   0.59999896003623374
 -0.04249157597000000   0.59999896039320519
 -0.04249156597000000   0.59999896075017655
 -0.04249155597000000   0.59999896110714780
 -0.04249154597000000   0.59999896146411896
 -0.04249153597000000   0.59999896182109001
 -0.04249152597000000   0.59999896217806097
 -0.04249151597000000   0.59999896253503183
 -0.04249150597000000   0.59999896289200258
 -0.04249149597000000   0.59999896324897324
 -0.04249148597000000   0.59999896360594380
 -0.04249147597000000   0.59999896396291426
 -0.04249146597000000   0.59999896431988463
 -0.04249145597000000   0.59999896467685489
 -0.04249144597000000   0.59999896503382505
 -0.04249143597000000   0.59999896539079512
 -0.04249142597000000   0.59999896574776508
 -0.04249141597000000   0.59999896610473495
 -0.04249140597000000   0.59999896646170471
 -0.04249139597000000   0.59999896681867438
 -0.04249138597000000   0.59999896717564395
 -0.04249137597000000   0.59999896753261342
 -0.04249136597000000   0.59999896788958279
 -0.04249135597000000   0.59999896824655206
 -0.04249134597000000   0.59999896860352123
 -0.04249133597000000   0.59999896896049030
 -0.04249132597000000   0.59999896931745927
 -0.04249131597000000   0.59999896967442815
 -0.04249130597000000   0.59999897003139692
 -0.04249129597000000   0.59999897038836560
 -0.04249128597000000   0.59999897074533418
 -0.04249127597000000   0.59999897110230265
 -0.04249126597000000   0.59999897145927103
 -0.04249125597000000   0.59999897181623931
 -0.04249124597000000   0.59999897217320749
 -0.04249123597000000   0.59999897253017557
 -0.04249122597000000   0.59999897288714355
 -0.04249121597000000   0.59999897324411143
 -0.04249120597000000   0.59999897360107922
 -0.04249119597000000   0.59999897395804690
 -0.04249118597000000   0.59999897431501449
 -0.04249117597000000   0.59999897467198197
 -0.04249116597000000   0.59999897502894936
 -0.04249115597000000   0.59999897538591665
 -0.04249114597000000   0.59999897574288383
 -0.04249113597000000   0.59999897609985092
 -0.04249112597000000   0.59999897645681791
 -0.04249111597000000   0.59999897681378480
 -0.04249110597000000   0.59999897717075159
 -0.04249109597000000   0.59999897752771828
 -0.04249108597000000   0.59999897788468488
 -0.04249107597000000   0.59999897824165137
 -0.04249106597000000   0.59999897859861777
 -0.04249105597000000   0.59999897895558406
 -0.04249104597000000   0.59999897931255026
 -0.04249103597000000   0.59999897966951636
 -0.04249102597000000   0.59999898002648236
 -0.04249101597000000   0.59999898038344826
 -0.04249100597000000   0.59999898074041406
 -0.04249099597000000   0.59999898109737976
 -0.04249098597000000   0.59999898145434536
 -0.04249097597000000   0.59999898181131086
 -0.04249096597000000   0.59999898216827626
 -0.04249095597000000   0.59999898252524157
 -0.04249094597000000   0.59999898288220677
 -0.04249093597000000   0.59999898323917188
 -0.04249092597000000   0.59999898359613689
 -0.04249091597000000   0.59999898395310180
 -0.04249090597000000   0.59999898431006661
 -0.04249089597000000   0.59999898466703131
 -0.04249088597000000   0.59999898502399592
 -0.04249087597000000   0.59999898538096043
 -0.04249086597000000   0.59999898573792485
 -0.04249085597000000   0.59999898609488916
 -0.04249084597000000   0.59999898645185337
 -0.04249083597000000   0.59999898680881749
 -0.04249082597000000   0.59999898716578150
 -0.04249081597000000   0.59999898752274542
 -0.04249080597000000   0.59999898787970924
 -0.04249079597000000   0.59999898823667295
 -0.04249078597000000   0.59999898859363657
 -0.04249077597000000   0.59999898895060009
 -0.04249076597000000   0.59999898930756352
 -0.04249075597000000   0.59999898966452684
 -0.04249074597000000   0.59999899002149006
 -0.04249073597000000   0.59999899037845318
 -0.04249072597000000   0.59999899073541621
 -0.04249071597000000   0.59999899109237913
 -0.04249070597000000   0.59999899144934196
 -0.04249069597000000   0.59999899180630468
 -0.04249068597000000   0.59999899216326731
 -0.04249067597000000   0.59999899252022984
 -0.04249066597000000   0.59999899287719227
 -0.04249065597000000   0.59999899323415460
 -0.04249064597000000   0.59999899359111683
 -0.04249063597000000   0.59999899394807896
 -0.04249062597000000   0.59999899430504100
 -0.04249061597000000   0.59999899466200293
 -0.04249060597000000   0.59999899501896476
 -0.04249059597000000   0.59999899537592650
 -0.04249058597000000   0.59999899573288813
 -0.04249057597000000   0.59999899608984967
 -0.04249056597000000   0.59999899644681111
 -0.04249055597000000   0.59999899680377245
 -0.04249054597000000   0.59999899716073369
 -0.04249053597000000   0.59999899751769483
 -0.04249052597000000   0.59999899787465587
 -0.04249051597000000   0.59999899823161682
 -0.04249050597000000   0.59999899858857766
 -0.04249049597000000   0.59999899894553840
 -0.04249048597000000   0.59999899930249905
 -0.04249047597000000   0.59999899965945959
 -0.04249046597000000   0.59999900001642004
 -0.04249045597000000   0.59999900037338039
 -0.04249044597000000   0.59999900073034064
 -0.04249043597000000   0.59999900108730079
 -0.04249042597000000   0.59999900144426084
 -0.04249041597000000   0.59999900180122079
 -0.04249040597000000   0.59999900215818064
 -0.04249039597000000   0.59999900251514040
 -0.04249038597000000   0.59999900287210005
 -0.04249037597000000   0.59999900322905961
 -0.04249036597000000   0.59999900358601906
 -0.04249035597000000   0.59999900394297842
 -0.04249034597000000   0.59999900429993768
 -0.04249033597000000   0.59999900465689684
 -0.04249032597000000   0.59999900501385590
 -0.04249031597000000   0.59999900537081486
 -0.04249030597000000   0.59999900572777372
 -0.04249029597000000   0.59999900608473248
 -0.04249028597000000   0.59999900644169114
 -0.04249027597000000   0.59999900679864970
 -0.04249026597000000   0.59999900715560817
 -0.04249025597000000   0.59999900751256654
 -0.04249024597000000   0.59999900786952480
 -0.04249023597000000   0.59999900822648297
 -0.04249022597000000   0.59999900858344104
 -0.04249021597000000   0.59999900894039901
 -0.04249020597000000   0.59999900929735688
 -0.04249019597000000   0.59999900965431465
 -0.04249018597000000   0.59999901001127232
 -0.04249017597000000   0.59999901036822989
 -0.04249016597000000   0.59999901072518737
 -0.04249015597000000   0.59999901108214475
 -0.04249014597000000   0.59999901143910202
 -0.04249013597000000   0.59999901179605920
 -0.04249012597000000   0.59999901215301628
 -0.04249011597000000   0.59999901250997325
 -0.04249010597000000   0.59999901286693013
 -0.04249009597000000   0.59999901322388691
 -0.04249008597000000   0.59999901358084360
 -0.04249007597000000   0.59999901393780018
 -0.04249006597000000   0.59999901429475666
 -0.04249005597000000   0.59999901465171304
 -0.04249004597000000   0.59999901500866933
 -0.04249003597000000   0.59999901536562552
 -0.04249002597000000   0.59999901572258161
 -0.04249001597000000   0.59999901607953759
 -0.04249000597000000   0.59999901643649348
 -0.04248999597000000   0.59999901679344927
 -0.04248998597000000   0.59999901715040496
 -0.04248997597000000   0.59999901750736055
 -0.04248996597000000   0.59999901786431604
 -0.04248995597000000   0.59999901822127144
 -0.04248994597000000   0.59999901857822673
 -0.04248993597000000   0.59999901893518193
 -0.04248992597000000   0.59999901929213702
 -0.04248991597000000   0.59999901964909202
 -0.04248990597000000   0.59999902000604692
 -0.04248989597000000   0.59999902036300171
 -0.04248988597000000   0.59999902071995641
 -0.04248987597000000   0.59999902107691101
 -0.04248986597000000   0.59999902143386552
 -0.04248985597000000   0.59999902179081992
 -0.04248984597000000   0.59999902214777422
 -0.04248983597000000   0.59999902250472843
 -0.04248982597000000   0.59999902286168253
 -0.04248981597000000   0.59999902321863654
 -0.04248980597000000   0.59999902357559045
 -0.04248979597000000   0.59999902393254426
 -0.04248978597000000   0.59999902428949796
 -0.04248977597000000   0.59999902464645157
 -0.04248976597000000   0.59999902500340509
 -0.04248975597000000   0.59999902536035850
 -0.04248974597000000   0.59999902571731181
 -0.04248973597000000   0.59999902607426502
 -0.04248972597000000   0.59999902643121814
 -0.04248971597000000   0.59999902678817115
 -0.04248970597000000   0.59999902714512407
 -0.04248969597000000   0.59999902750207689
 -0.04248968597000000   0.59999902785902960
 -0.04248967597000000   0.59999902821598222
 -0.04248966597000000   0.59999902857293475
 -0.04248965597000000   0.59999902892988717
 -0.04248964597000000   0.59999902928683949
 -0.04248963597000000   0.59999902964379171
 -0.04248962597000000   0.59999903000074384
 -0.04248961597000000   0.59999903035769586
 -0.04248960597000000   0.59999903071464779
 -0.04248959597000000   0.59999903107159961
 -0.04248958597000000   0.59999903142855134
 -0.04248957597000000   0.59999903178550297
 -0.04248956597000000   0.59999903214245450
 -0.04248955597000000   0.59999903249940593
 -0.04248954597000000   0.59999903285635726
 -0.04248953597000000   0.59999903321330850
 -0.04248952597000000   0.59999903357025963
 -0.04248951597000000   0.59999903392721066
 -0.04248950597000000   0.59999903428416160
 -0.04248949597000000   0.59999903464111244
 -0.04248948597000000   0.59999903499806317
 -0.04248947597000000   0.59999903535501381
 -0.04248946597000000   0.59999903571196435
 -0.04248945597000000   0.59999903606891479
 -0.04248944597000000   0.59999903642586513
 -0.04248943597000000   0.59999903678281538
 -0.04248942597000000   0.59999903713976552
 -0.04248941597000000   0.59999903749671556
 -0.04248940597000000   0.59999903785366551
 -0.04248939597000000   0.59999903821061535
 -0.04248938597000000   0.59999903856756510
 -0.04248937597000000   0.59999903892451475
 -0.04248936597000000   0.59999903928146430
 -0.04248935597000000   0.59999903963841375
 -0.04248934597000000   0.59999903999536310
 -0.04248933597000000   0.59999904035231235
 -0.04248932597000000   0.59999904070926150
 -0.04248931597000000   0.59999904106621056
 -0.04248930597000000   0.59999904142315951
 -0.04248929597000000   0.59999904178010837
 -0.04248928597000000   0.59999904213705712
 -0.04248927597000000   0.59999904249400578
 -0.04248926597000000   0.59999904285095434
 -0.04248925597000000   0.59999904320790280
 -0.04248924597000000   0.59999904356485116
 -0.04248923597000000   0.59999904392179942
 -0.04248922597000000   0.59999904427874758
 -0.04248921597000000   0.59999904463569565
 -0.04248920597000000   0.59999904499264361
 -0.04248919597000000   0.59999904534959148
 -0.04248918597000000   0.59999904570653924
 -0.04248917597000000   0.59999904606348691
 -0.04248916597000000   0.59999904642043448
 -0.04248915597000000   0.59999904677738195
 -0.04248914597000000   0.59999904713432932
 -0.04248913597000000   0.59999904749127659
 -0.04248912597000000   0.59999904784822376
 -0.04248911597000000   0.59999904820517084
 -0.04248910597000000   0.59999904856211781
 -0.04248909597000000   0.59999904891906469
 -0.04248908597000000   0.59999904927601146
 -0.04248907597000000   0.59999904963295814
 -0.04248906597000000   0.59999904998990472
 -0.04248905597000000   0.59999905034685120
 -0.04248904597000000   0.59999905070379757
 -0.04248903597000000   0.59999905106074386
 -0.04248902597000000   0.59999905141769004
 -0.04248901597000000   0.59999905177463612
 -0.04248900597000000   0.59999905213158211
 -0.04248899597000000   0.59999905248852799
 -0.04248898597000000   0.59999905284547378
 -0.04248897597000000   0.59999905320241946
 -0.04248896597000000   0.59999905355936505
 -0.04248895597000000   0.59999905391631054
 -0.04248894597000000   0.59999905427325593
 -0.04248893597000000   0.59999905463020122
 -0.04248892597000000   0.59999905498714641
 -0.04248891597000000   0.59999905534409151
 -0.04248890597000000   0.59999905570103650
 -0.04248889597000000   0.59999905605798140
 -0.04248888597000000   0.59999905641492619
 -0.04248887597000000   0.59999905677187089
 -0.04248886597000000   0.59999905712881549
 -0.04248885597000000   0.59999905748575998
 -0.04248884597000000   0.59999905784270439
 -0.04248883597000000   0.59999905819964869
 -0.04248882597000000   0.59999905855659289
 -0.04248881597000000   0.59999905891353699
 -0.04248880597000000   0.59999905927048099
 -0.04248879597000000   0.59999905962742490
 -0.04248878597000000   0.59999905998436871
 -0.04248877597000000   0.59999906034131241
 -0.04248876597000000   0.59999906069825602
 -0.04248875597000000   0.59999906105519953
 -0.04248874597000000   0.59999906141214294
 -0.04248873597000000   0.59999906176908625
 -0.04248872597000000   0.59999906212602946
 -0.04248871597000000   0.59999906248297258
 -0.04248870597000000   0.59999906283991559
 -0.04248869597000000   0.59999906319685850
 -0.04248868597000000   0.59999906355380132
 -0.04248867597000000   0.59999906391074404
 -0.04248866597000000   0.59999906426768665
 -0.04248865597000000   0.59999906462462917
 -0.04248864597000000   0.59999906498157159
 -0.04248863597000000   0.59999906533851392
 -0.04248862597000000   0.59999906569545614
 -0.04248861597000000   0.59999906605239826
 -0.04248860597000000   0.59999906640934028
 -0.04248859597000000   0.59999906676628221
 -0.04248858597000000   0.59999906712322404
 -0.04248857597000000   0.59999906748016576
 -0.04248856597000000   0.59999906783710739
 -0.04248855597000000   0.59999906819404892
 -0.04248854597000000   0.59999906855099035
 -0.04248853597000000   0.59999906890793168
 -0.04248852597000000   0.59999906926487291
 -0.04248851597000000   0.59999906962181405
 -0.04248850597000000   0.59999906997875508
 -0.04248849597000000   0.59999907033569602
 -0.04248848597000000   0.59999907069263685
 -0.04248847597000000   0.59999907104957759
 -0.04248846597000000   0.59999907140651823
 -0.04248845597000000   0.59999907176345877
 -0.04248844597000000   0.59999907212039921
 -0.04248843597000000   0.59999907247733955
 -0.04248842597000000   0.59999907283427979
 -0.04248841597000000   0.59999907319121994
 -0.04248840597000000   0.59999907354815998
 -0.04248839597000000   0.59999907390509992
 -0.04248838597000000   0.59999907426203977
 -0.04248837597000000   0.59999907461897952
 -0.04248836597000000   0.59999907497591917
 -0.04248835597000000   0.59999907533285872
 -0.04248834597000000   0.59999907568979817
 -0.04248833597000000   0.59999907604673752
 -0.04248832597000000   0.59999907640367677
 -0.04248831597000000   0.59999907676061593
 -0.04248830597000000   0.59999907711755498
 -0.04248829597000000   0.59999907747449394
 -0.04248828597000000   0.59999907783143279
 -0.04248827597000000   0.59999907818837155
 -0.04248826597000000   0.59999907854531021
 -0.04248825597000000   0.59999907890224877
 -0.04248824597000000   0.59999907925918723
 -0.04248823597000000   0.59999907961612559
 -0.04248822597000000   0.59999907997306386
 -0.04248821597000000   0.59999908033000202
 -0.04248820597000000   0.59999908068694009
 -0.04248819597000000   0.59999908104387805
 -0.04248818597000000   0.59999908140081592
 -0.04248817597000000   0.59999908175775369
 -0.04248816597000000   0.59999908211469136
 -0.04248815597000000   0.59999908247162893
 -0.04248814597000000   0.59999908282856640
 -0.04248813597000000   0.59999908318550377
 -0.04248812597000000   0.59999908354244105
 -0.04248811597000000   0.59999908389937822
 -0.04248810597000000   0.59999908425631530
 -0.04248809597000000   0.59999908461325227
 -0.04248808597000000   0.59999908497018915
 -0.04248807597000000   0.59999908532712593
 -0.04248806597000000   0.59999908568406261
 -0.04248805597000000   0.59999908604099919
 -0.04248804597000000   0.59999908639793567
 -0.04248803597000000   0.59999908675487205
 -0.04248802597000000   0.59999908711180834
 -0.04248801597000000   0.59999908746874452
 -0.04248800597000000   0.59999908782568061
 -0.04248799597000000   0.59999908818261660
 -0.04248798597000000   0.59999908853955248
 -0.04248797597000000   0.59999908889648827
 -0.04248796597000000   0.59999908925342397
 -0.04248795597000000   0.59999908961035956
 -0.04248794597000000   0.59999908996729505
 -0.04248793597000000   0.59999909032423044
 -0.04248792597000000   0.59999909068116574
 -0.04248791597000000   0.59999909103810093
 -0.04248790597000000   0.59999909139503603
 -0.04248789597000000   0.59999909175197103
 -0.04248788597000000   0.59999909210890593
 -0.04248787597000000   0.59999909246584073
 -0.04248786597000000   0.59999909282277543
 -0.04248785597000000   0.59999909317971003
 -0.04248784597000000   0.59999909353664453
 -0.04248783597000000   0.59999909389357894
 -0.04248782597000000   0.59999909425051324
 -0.04248781597000000   0.59999909460744745
 -0.04248780597000000   0.59999909496438156
 -0.04248779597000000   0.59999909532131556
 -0.04248778597000000   0.59999909567824947
 -0.04248777597000000   0.59999909603518328
 -0.04248776597000000   0.59999909639211700
 -0.04248775597000000   0.59999909674905061
 -0.04248774597000000   0.59999909710598412
 -0.04248773597000000   0.59999909746291754
 -0.04248772597000000   0.59999909781985086
 -0.04248771597000000   0.59999909817678407
 -0.04248770597000000   0.59999909853371719
 -0.04248769597000000   0.59999909889065021
 -0.04248768597000000   0.59999909924758313
 -0.04248767597000000   0.59999909960451595
 -0.04248766597000000   0.59999909996144867
 -0.04248765597000000   0.59999910031838129
 -0.04248764597000000   0.59999910067531382
 -0.04248763597000000   0.59999910103224625
 -0.04248762597000000   0.59999910138917857
 -0.04248761597000000   0.59999910174611080
 -0.04248760597000000   0.59999910210304293
 -0.04248759597000000   0.59999910245997496
 -0.04248758597000000   0.59999910281690689
 -0.04248757597000000   0.59999910317383872
 -0.04248756597000000   0.59999910353077046
 -0.04248755597000000   0.59999910388770209
 -0.04248754597000000   0.59999910424463362
 -0.04248753597000000   0.59999910460156506
 -0.04248752597000000   0.59999910495849640
 -0.04248751597000000   0.59999910531542764
 -0.04248750597000000   0.59999910567235878
 -0.04248749597000000   0.59999910602928982
 -0.04248748597000000   0.59999910638622076
 -0.04248747597000000   0.59999910674315160
 -0.04248746597000000   0.59999910710008235
 -0.04248745597000000   0.59999910745701299
 -0.04248744597000000   0.59999910781394354
 -0.04248743597000000   0.59999910817087399
 -0.04248742597000000   0.59999910852780433
 -0.04248741597000000   0.59999910888473458
 -0.04248740597000000   0.59999910924166474
 -0.04248739597000000   0.59999910959859479
 -0.04248738597000000   0.59999910995552474
 -0.04248737597000000   0.59999911031245459
 -0.04248736597000000   0.59999911066938435
 -0.04248735597000000   0.59999911102631401
 -0.04248734597000000   0.59999911138324356
 -0.04248733597000000   0.59999911174017302
 -0.04248732597000000   0.59999911209710238
 -0.04248731597000000   0.59999911245403164
 -0.04248730597000000   0.59999911281096080
 -0.04248729597000000   0.59999911316788987
 -0.04248728597000000   0.59999911352481883
 -0.04248727597000000   0.59999911388174770
 -0.04248726597000000   0.59999911423867646
 -0.04248725597000000   0.59999911459560513
 -0.04248724597000000   0.59999911495253370
 -0.04248723597000000   0.59999911530946216
 -0.04248722597000000   0.59999911566639053
 -0.04248721597000000   0.59999911602331881
 -0.04248720597000000   0.59999911638024698
 -0.04248719597000000   0.59999911673717505
 -0.04248718597000000   0.59999911709410303
 -0.04248717597000000   0.59999911745103091
 -0.04248716597000000   0.59999911780795868
 -0.04248715597000000   0.59999911816488636
 -0.04248714597000000   0.59999911852181394
 -0.04248713597000000   0.59999911887874142
 -0.04248712597000000   0.59999911923566880
 -0.04248711597000000   0.59999911959259608
 -0.04248710597000000   0.59999911994952327
 -0.04248709597000000   0.59999912030645035
 -0.04248708597000000   0.59999912066337734
 -0.04248707597000000   0.59999912102030423
 -0.04248706597000000   0.59999912137723101
 -0.04248705597000000   0.59999912173415770
 -0.04248704597000000   0.59999912209108429
 -0.04248703597000000   0.59999912244801079
 -0.04248702597000000   0.59999912280493718
 -0.04248701597000000   0.59999912316186347
 -0.04248700597000000   0.59999912351878967
 -0.04248699597000000   0.59999912387571576
 -0.04248698597000000   0.59999912423264176
 -0.04248697597000000   0.59999912458956766
 -0.04248696597000000   0.59999912494649346
 -0.04248695597000000   0.59999912530341916
 -0.04248694597000000   0.59999912566034476
 -0.04248693597000000   0.59999912601727027
 -0.04248692597000000   0.59999912637419567
 -0.04248691597000000   0.59999912673112097
 -0.04248690597000000   0.59999912708804618
 -0.04248689597000000   0.59999912744497129
 -0.04248688597000000   0.59999912780189629
 -0.04248687597000000   0.59999912815882121
 -0.04248686597000000   0.59999912851574602
 -0.04248685597000000   0.59999912887267073
 -0.04248684597000000   0.59999912922959534
 -0.04248683597000000   0.59999912958651986
 -0.04248682597000000   0.59999912994344427
 -0.04248681597000000   0.59999913030036859
 -0.04248680597000000   0.59999913065729280
 -0.04248679597000000   0.59999913101421692
 -0.04248678597000000   0.59999913137114094
 -0.04248677597000000   0.59999913172806486
 -0.04248676597000000   0.59999913208498869
 -0.04248675597000000   0.59999913244191241
 -0.04248674597000000   0.59999913279883604
 -0.04248673597000000   0.59999913315575956
 -0.04248672597000000   0.59999913351268298
 -0.04248671597000000   0.59999913386960631
 -0.04248670597000000   0.59999913422652954
 -0.04248669597000000   0.59999913458345267
 -0.04248668597000000   0.59999913494037570
 -0.04248667597000000   0.59999913529729864
 -0.04248666597000000   0.59999913565422147
 -0.04248665597000000   0.59999913601114421
 -0.04248664597000000   0.59999913636806684
 -0.04248663597000000   0.59999913672498938
 -0.04248662597000000   0.59999913708191181
 -0.04248661597000000   0.59999913743883415
 -0.04248660597000000   0.59999913779575640
 -0.04248659597000000   0.59999913815267854
 -0.04248658597000000   0.59999913850960058
 -0.04248657597000000   0.59999913886652253
 -0.04248656597000000   0.59999913922344437
 -0.04248655597000000   0.59999913958036612
 -0.04248654597000000   0.59999913993728776
 -0.04248653597000000   0.59999914029420931
 -0.04248652597000000   0.59999914065113076
 -0.04248651597000000   0.59999914100805211
 -0.04248650597000000   0.59999914136497336
 -0.04248649597000000   0.59999914172189452
 -0.04248648597000000   0.59999914207881557
 -0.04248647597000000   0.59999914243573653
 -0.04248646597000000   0.59999914279265738
 -0.04248645597000000   0.59999914314957814
 -0.04248644597000000   0.59999914350649880
 -0.04248643597000000   0.59999914386341936
 -0.04248642597000000   0.59999914422033982
 -0.04248641597000000   0.59999914457726018
 -0.04248640597000000   0.59999914493418045
 -0.04248639597000000   0.59999914529110061
 -0.04248638597000000   0.59999914564802068
 -0.04248637597000000   0.59999914600494064
 -0.04248636597000000   0.59999914636186051
 -0.04248635597000000   0.59999914671878028
 -0.04248634597000000   0.59999914707569995
 -0.04248633597000000   0.59999914743261952
 -0.04248632597000000   0.59999914778953900
 -0.04248631597000000   0.59999914814645837
 -0.04248630597000000   0.59999914850337765
 -0.04248629597000000   0.59999914886029682
 -0.04248628597000000   0.59999914921721590
 -0.04248627597000000   0.59999914957413488
 -0.04248626597000000   0.59999914993105376
 -0.04248625597000000   0.59999915028797254
 -0.04248624597000000   0.59999915064489122
 -0.04248623597000000   0.59999915100180981
 -0.04248622597000000   0.59999915135872829
 -0.04248621597000000   0.59999915171564668
 -0.04248620597000000   0.59999915207256496
 -0.04248619597000000   0.59999915242948315
 -0.04248618597000000   0.59999915278640124
 -0.04248617597000000   0.59999915314331923
 -0.04248616597000000   0.59999915350023712
 -0.04248615597000000   0.59999915385715492
 -0.04248614597000000   0.59999915421407261
 -0.04248613597000000   0.59999915457099021
 -0.04248612597000000   0.59999915492790770
 -0.04248611597000000   0.59999915528482510
 -0.04248610597000000   0.59999915564174240
 -0.04248609597000000   0.59999915599865960
 -0.04248608597000000   0.59999915635557670
 -0.04248607597000000   0.59999915671249370
 -0.04248606597000000   0.59999915706941061
 -0.04248605597000000   0.59999915742632741
 -0.04248604597000000   0.59999915778324412
 -0.04248603597000000   0.59999915814016072
 -0.04248602597000000   0.59999915849707723
 -0.04248601597000000   0.59999915885399364
 -0.04248600597000000   0.59999915921090995
 -0.04248599597000000   0.59999915956782616
 -0.04248598597000000   0.59999915992474228
 -0.04248597597000000   0.59999916028165829
 -0.04248596597000000   0.59999916063857421
 -0.04248595597000000   0.59999916099549002
 -0.04248594597000000   0.59999916135240574
 -0.04248593597000000   0.59999916170932136
 -0.04248592597000000   0.59999916206623688
 -0.04248591597000000   0.59999916242315230
 -0.04248590597000000   0.59999916278006762
 -0.04248589597000000   0.59999916313698285
 -0.04248588597000000   0.59999916349389797
 -0.04248587597000000   0.59999916385081300
 -0.04248586597000000   0.59999916420772793
 -0.04248585597000000   0.59999916456464275
 -0.04248584597000000   0.59999916492155748
 -0.04248583597000000   0.59999916527847211
 -0.04248582597000000   0.59999916563538665
 -0.04248581597000000   0.59999916599230108
 -0.04248580597000000   0.59999916634921542
 -0.04248579597000000   0.59999916670612965
 -0.04248578597000000   0.59999916706304379
 -0.04248577597000000   0.59999916741995782
 -0.04248576597000000   0.59999916777687176
 -0.04248575597000000   0.59999916813378560
 -0.04248574597000000   0.59999916849069935
 -0.04248573597000000   0.59999916884761299
 -0.04248572597000000   0.59999916920452654
 -0.04248571597000000   0.59999916956143998
 -0.04248570597000000   0.59999916991835333
 -0.04248569597000000   0.59999917027526657
 -0.04248568597000000   0.59999917063217972
 -0.04248567597000000   0.59999917098909277
 -0.04248566597000000   0.59999917134600573
 -0.04248565597000000   0.59999917170291858
 -0.04248564597000000   0.59999917205983133
 -0.04248563597000000   0.59999917241674399
 -0.04248562597000000   0.59999917277365654
 -0.04248561597000000   0.59999917313056900
 -0.04248560597000000   0.59999917348748136
 -0.04248559597000000   0.59999917384439362
 -0.04248558597000000   0.59999917420130578
 -0.04248557597000000   0.59999917455821784
 -0.04248556597000000   0.59999917491512981
 -0.04248555597000000   0.59999917527204167
 -0.04248554597000000   0.59999917562895344
 -0.04248553597000000   0.59999917598586510
 -0.04248552597000000   0.59999917634277667
 -0.04248551597000000   0.59999917669968814
 -0.04248550597000000   0.59999917705659951
 -0.04248549597000000   0.59999917741351079
 -0.04248548597000000   0.59999917777042196
 -0.04248547597000000   0.59999917812733304
 -0.04248546597000000   0.59999917848424401
 -0.04248545597000000   0.59999917884115489
 -0.04248544597000000   0.59999917919806566
 -0.04248543597000000   0.59999917955497634
 -0.04248542597000000   0.59999917991188693
 -0.04248541597000000   0.59999918026879741
 -0.04248540597000000   0.59999918062570779
 -0.04248539597000000   0.59999918098261808
 -0.04248538597000000   0.59999918133952826
 -0.04248537597000000   0.59999918169643835
 -0.04248536597000000   0.59999918205334834
 -0.04248535597000000   0.59999918241025823
 -0.04248534597000000   0.59999918276716801
 -0.04248533597000000   0.59999918312407771
 -0.04248532597000000   0.59999918348098730
 -0.04248531597000000   0.59999918383789679
 -0.04248530597000000   0.59999918419480619
 -0.04248529597000000   0.59999918455171549
 -0.04248528597000000   0.59999918490862468
 -0.04248527597000000   0.59999918526553378
 -0.04248526597000000   0.59999918562244279
 -0.04248525597000000   0.59999918597935169
 -0.04248524597000000   0.59999918633626049
 -0.04248523597000000   0.59999918669316919
 -0.04248522597000000   0.59999918705007780
 -0.04248521597000000   0.59999918740698631
 -0.04248520597000000   0.59999918776389471
 -0.04248519597000000   0.59999918812080303
 -0.04248518597000000   0.59999918847771123
 -0.04248517597000000   0.59999918883461935
 -0.04248516597000000   0.59999918919152736
 -0.04248515597000000   0.59999918954843527
 -0.04248514597000000   0.59999918990534309
 -0.04248513597000000   0.59999919026225080
 -0.04248512597000000   0.59999919061915842
 -0.04248511597000000   0.59999919097606594
 -0.04248510597000000   0.59999919133297336
 -0.04248509597000000   0.59999919168988068
 -0.04248508597000000   0.59999919204678791
 -0.04248507597000000   0.59999919240369503
 -0.04248506597000000   0.59999919276060206
 -0.04248505597000000   0.59999919311750898
 -0.04248504597000000   0.59999919347441581
 -0.04248503597000000   0.59999919383132254
 -0.04248502597000000   0.59999919418822917
 -0.04248501597000000   0.59999919454513570
 -0.04248500597000000   0.59999919490204214
 -0.04248499597000000   0.59999919525894847
 -0.04248498597000000   0.59999919561585471
 -0.04248497597000000   0.59999919597276084
 -0.04248496597000000   0.59999919632966688
 -0.04248495597000000   0.59999919668657282
 -0.04248494597000000   0.59999919704347866
 -0.04248493597000000   0.59999919740038440
 -0.04248492597000000   0.59999919775729004
 -0.04248491597000000   0.59999919811419559
 -0.04248490597000000   0.59999919847110103
 -0.04248489597000000   0.59999919882800638
 -0.04248488597000000   0.59999919918491163
 -0.04248487597000000   0.59999919954181678
 -0.04248486597000000   0.59999919989872183
 -0.04248485597000000   0.59999920025562678
 -0.04248484597000000   0.59999920061253163
 -0.04248483597000000   0.59999920096943639
 -0.04248482597000000   0.59999920132634104
 -0.04248481597000000   0.59999920168324560
 -0.04248480597000000   0.59999920204015006
 -0.04248479597000000   0.59999920239705442
 -0.04248478597000000   0.59999920275395868
 -0.04248477597000000   0.59999920311086284
 -0.04248476597000000   0.59999920346776691
 -0.04248475597000000   0.59999920382467087
 -0.04248474597000000   0.59999920418157474
 -0.04248473597000000   0.59999920453847850
 -0.04248472597000000   0.59999920489538217
 -0.04248471597000000   0.59999920525228574
 -0.04248470597000000   0.59999920560918921
 -0.04248469597000000   0.59999920596609259
 -0.04248468597000000   0.59999920632299586
 -0.04248467597000000   0.59999920667989903
 -0.04248466597000000   0.59999920703680211
 -0.04248465597000000   0.59999920739370509
 -0.04248464597000000   0.59999920775060797
 -0.04248463597000000   0.59999920810751074
 -0.04248462597000000   0.59999920846441343
 -0.04248461597000000   0.59999920882131601
 -0.04248460597000000   0.59999920917821849
 -0.04248459597000000   0.59999920953512088
 -0.04248458597000000   0.59999920989202316
 -0.04248457597000000   0.59999921024892535
 -0.04248456597000000   0.59999921060582744
 -0.04248455597000000   0.59999921096272943
 -0.04248454597000000   0.59999921131963132
 -0.04248453597000000   0.59999921167653311
 -0.04248452597000000   0.59999921203343481
 -0.04248451597000000   0.59999921239033640
 -0.04248450597000000   0.59999921274723790
 -0.04248449597000000   0.59999921310413930
 -0.04248448597000000   0.59999921346104060
 -0.04248447597000000   0.59999921381794180
 -0.04248446597000000   0.59999921417484290
 -0.04248445597000000   0.59999921453174390
 -0.04248444597000000   0.59999921488864481
 -0.04248443597000000   0.59999921524554561
 -0.04248442597000000   0.59999921560244632
 -0.04248441597000000   0.59999921595934693
 -0.04248440597000000   0.59999921631624744
 -0.04248439597000000   0.59999921667314785
 -0.04248438597000000   0.59999921703004816
 -0.04248437597000000   0.59999921738694837
 -0.04248436597000000   0.59999921774384849
 -0.04248435597000000   0.59999921810074850
 -0.04248434597000000   0.59999921845764842
 -0.04248433597000000   0.59999921881454824
 -0.04248432597000000   0.59999921917144796
 -0.04248431597000000   0.59999921952834758
 -0.04248430597000000   0.59999921988524711
 -0.04248429597000000   0.59999922024214653
 -0.04248428597000000   0.59999922059904586
 -0.04248427597000000   0.59999922095594508
 -0.04248426597000000   0.59999922131284421
 -0.04248425597000000   0.59999922166974324
 -0.04248424597000000   0.59999922202664217
 -0.04248423597000000   0.59999922238354100
 -0.04248422597000000   0.59999922274043974
 -0.04248421597000000   0.59999922309733837
 -0.04248420597000000   0.59999922345423690
 -0.04248419597000000   0.59999922381113534
 -0.04248418597000000   0.59999922416803368
 -0.04248417597000000   0.59999922452493192
 -0.04248416597000000   0.59999922488183006
 -0.04248415597000000   0.59999922523872810
 -0.04248414597000000   0.59999922559562605
 -0.04248413597000000   0.59999922595252389
 -0.04248412597000000   0.59999922630942164
 -0.04248411597000000   0.59999922666631928
 -0.04248410597000000   0.59999922702321683
 -0.04248409597000000   0.59999922738011428
 -0.04248408597000000   0.59999922773701164
 -0.04248407597000000   0.59999922809390889
 -0.04248406597000000   0.59999922845080604
 -0.04248405597000000   0.59999922880770310
 -0.04248404597000000   0.59999922916460005
 -0.04248403597000000   0.59999922952149691
 -0.04248402597000000   0.59999922987839367
 -0.04248401597000000   0.59999923023529033
 -0.04248400597000000   0.59999923059218689
 -0.04248399597000000   0.59999923094908336
 -0.04248398597000000   0.59999923130597972
 -0.04248397597000000   0.59999923166287599
 -0.04248396597000000   0.59999923201977216
 -0.04248395597000000   0.59999923237666822
 -0.04248394597000000   0.59999923273356419
 -0.04248393597000000   0.59999923309046007
 -0.04248392597000000   0.59999923344735584
 -0.04248391597000000   0.59999923380425151
 -0.04248390597000000   0.59999923416114709
 -0.04248389597000000   0.59999923451804256
 -0.04248388597000000   0.59999923487493794
 -0.04248387597000000   0.59999923523183322
 -0.04248386597000000   0.59999923558872840
 -0.04248385597000000   0.59999923594562348
 -0.04248384597000000   0.59999923630251847
 -0.04248383597000000   0.59999923665941335
 -0.04248382597000000   0.59999923701630814
 -0.04248381597000000   0.59999923737320283
 -0.04248380597000000   0.59999923773009741
 -0.04248379597000000   0.59999923808699190
 -0.04248378597000000   0.59999923844388630
 -0.04248377597000000   0.59999923880078059
 -0.04248376597000000   0.59999923915767478
 -0.04248375597000000   0.59999923951456888
 -0.04248374597000000   0.59999923987146287
 -0.04248373597000000   0.59999924022835677
 -0.04248372597000000   0.59999924058525057
 -0.04248371597000000   0.59999924094214427
 -0.04248370597000000   0.59999924129903788
 -0.04248369597000000   0.59999924165593138
 -0.04248368597000000   0.59999924201282478
 -0.04248367597000000   0.59999924236971809
 -0.04248366597000000   0.59999924272661130
 -0.04248365597000000   0.59999924308350440
 -0.04248364597000000   0.59999924344039741
 -0.04248363597000000   0.59999924379729033
 -0.04248362597000000   0.59999924415418314
 -0.04248361597000000   0.59999924451107585
 -0.04248360597000000   0.59999924486796847
 -0.04248359597000000   0.59999924522486099
 -0.04248358597000000   0.59999924558175340
 -0.04248357597000000   0.59999924593864572
 -0.04248356597000000   0.59999924629553795
 -0.04248355597000000   0.59999924665243007
 -0.04248354597000000   0.59999924700932209
 -0.04248353597000000   0.59999924736621402
 -0.04248352597000000   0.59999924772310584
 -0.04248351597000000   0.59999924807999757
 -0.04248350597000000   0.59999924843688920
 -0.04248349597000000   0.59999924879378073
 -0.04248348597000000   0.59999924915067216
 -0.04248347597000000   0.59999924950756349
 -0.04248346597000000   0.59999924986445473
 -0.04248345597000000   0.59999925022134587
 -0.04248344597000000   0.59999925057823690
 -0.04248343597000000   0.59999925093512784
 -0.04248342597000000   0.59999925129201868
 -0.04248341597000000   0.59999925164890942
 -0.04248340597000000   0.59999925200580006
 -0.04248339597000000   0.59999925236269061
 -0.04248338597000000   0.59999925271958105
 -0.04248337597000000   0.59999925307647140
 -0.04248336597000000   0.59999925343336165
 -0.04248335597000000   0.59999925379025180
 -0.04248334597000000   0.59999925414714185
 -0.04248333597000000   0.59999925450403180
 -0.04248332597000000   0.59999925486092166
 -0.04248331597000000   0.59999925521781141
 -0.04248330597000000   0.59999925557470107
 -0.04248329597000000   0.59999925593159062
 -0.04248328597000000   0.59999925628848008
 -0.04248327597000000   0.59999925664536944
 -0.04248326597000000   0.59999925700225870
 -0.04248325597000000   0.59999925735914787
 -0.04248324597000000   0.59999925771603693
 -0.04248323597000000   0.59999925807292590
 -0.04248322597000000   0.59999925842981477
 -0.04248321597000000   0.59999925878670354
 -0.04248320597000000   0.59999925914359221
 -0.04248319597000000   0.59999925950048078
 -0.04248318597000000   0.59999925985736925
 -0.04248317597000000   0.59999926021425763
 -0.04248316597000000   0.59999926057114590
 -0.04248315597000000   0.59999926092803408
 -0.04248314597000000   0.59999926128492216
 -0.04248313597000000   0.59999926164181014
 -0.04248312597000000   0.59999926199869802
 -0.04248311597000000   0.59999926235558580
 -0.04248310597000000   0.59999926271247349
 -0.04248309597000000   0.59999926306936107
 -0.04248308597000000   0.59999926342624856
 -0.04248307597000000   0.59999926378313595
 -0.04248306597000000   0.59999926414002323
 -0.04248305597000000   0.59999926449691043
 -0.04248304597000000   0.59999926485379752
 -0.04248303597000000   0.59999926521068451
 -0.04248302597000000   0.59999926556757141
 -0.04248301597000000   0.59999926592445820
 -0.04248300597000000   0.59999926628134490
