 -0.04447780609000000   0.59999916257474147
 -0.04447779609000000   0.59999916302130387
 -0.04447778609000000   0.59999916346786615
 -0.04447777609000000   0.59999916391442832
 -0.04447776609000000   0.59999916436099038
 -0.04447775609000000   0.59999916480755233
 -0.04447774609000000   0.59999916525411416
 -0.04447773609000000   0.59999916570067588
 -0.04447772609000000   0.59999916614723748
 -0.04447771609000000   0.59999916659379898
 -0.04447770609000000   0.59999916704036035
 -0.04447769609000000   0.59999916748692162
 -0.04447768609000000   0.59999916793348277
 -0.04447767609000000   0.59999916838004381
 -0.04447766609000000   0.59999916882660474
 -0.04447765609000000   0.59999916927316555
 -0.04447764609000000   0.59999916971972625
 -0.04447763609000000   0.59999917016628684
 -0.04447762609000000   0.59999917061284731
 -0.04447761609000000   0.59999917105940767
 -0.04447760609000000   0.59999917150596792
 -0.04447759609000000   0.59999917195252805
 -0.04447758609000000   0.59999917239908807
 -0.04447757609000000   0.59999917284564798
 -0.04447756609000000   0.59999917329220778
 -0.04447755609000000   0.59999917373876746
 -0.04447754609000000   0.59999917418532703
 -0.04447753609000000   0.59999917463188648
 -0.04447752609000000   0.59999917507844582
 -0.04447751609000000   0.59999917552500505
 -0.04447750609000000   0.59999917597156417
 -0.04447749609000000   0.59999917641812317
 -0.04447748609000000   0.59999917686468206
 -0.04447747609000000   0.59999917731124084
 -0.04447746609000000   0.59999917775779950
 -0.04447745609000000   0.59999917820435805
 -0.04447744609000000   0.59999917865091648
 -0.04447743609000000   0.59999917909747481
 -0.04447742609000000   0.59999917954403302
 -0.04447741609000000   0.59999917999059112
 -0.04447740609000000   0.59999918043714910
 -0.04447739609000000   0.59999918088370697
 -0.04447738609000000   0.59999918133026473
 -0.04447737609000000   0.59999918177682237
 -0.04447736609000000   0.59999918222337990
 -0.04447735609000000   0.59999918266993732
 -0.04447734609000000   0.59999918311649463
 -0.04447733609000000   0.59999918356305182
 -0.04447732609000000   0.59999918400960890
 -0.04447731609000000   0.59999918445616586
 -0.04447730609000000   0.59999918490272271
 -0.04447729609000000   0.59999918534927945
 -0.04447728609000000   0.59999918579583608
 -0.04447727609000000   0.59999918624239259
 -0.04447726609000000   0.59999918668894899
 -0.04447725609000000   0.59999918713550528
 -0.04447724609000000   0.59999918758206145
 -0.04447723609000000   0.59999918802861751
 -0.04447722609000000   0.59999918847517346
 -0.04447721609000000   0.59999918892172929
 -0.04447720609000000   0.59999918936828501
 -0.04447719609000000   0.59999918981484062
 -0.04447718609000000   0.59999919026139611
 -0.04447717609000000   0.59999919070795149
 -0.04447716609000000   0.59999919115450676
 -0.04447715609000000   0.59999919160106191
 -0.04447714609000000   0.59999919204761696
 -0.04447713609000000   0.59999919249417189
 -0.04447712609000000   0.59999919294072670
 -0.04447711609000000   0.59999919338728140
 -0.04447710609000000   0.59999919383383599
 -0.04447709609000000   0.59999919428039047
 -0.04447708609000000   0.59999919472694483
 -0.04447707609000000   0.59999919517349908
 -0.04447706609000000   0.59999919562005322
 -0.04447705609000000   0.59999919606660724
 -0.04447704609000000   0.59999919651316115
 -0.04447703609000000   0.59999919695971494
 -0.04447702609000000   0.59999919740626863
 -0.04447701609000000   0.59999919785282220
 -0.04447700609000000   0.59999919829937566
 -0.04447699609000000   0.59999919874592900
 -0.04447698609000000   0.59999919919248223
 -0.04447697609000000   0.59999919963903535
 -0.04447696609000000   0.59999920008558835
 -0.04447695609000000   0.59999920053214124
 -0.04447694609000000   0.59999920097869402
 -0.04447693609000000   0.59999920142524669
 -0.04447692609000000   0.59999920187179924
 -0.04447691609000000   0.59999920231835168
 -0.04447690609000000   0.59999920276490400
 -0.04447689609000000   0.59999920321145622
 -0.04447688609000000   0.59999920365800831
 -0.04447687609000000   0.59999920410456030
 -0.04447686609000000   0.59999920455111217
 -0.04447685609000000   0.59999920499766393
 -0.04447684609000000   0.59999920544421558
 -0.04447683609000000   0.59999920589076711
 -0.04447682609000000   0.59999920633731853
 -0.04447681609000000   0.59999920678386984
 -0.04447680609000000   0.59999920723042103
 -0.04447679609000000   0.59999920767697212
 -0.04447678609000000   0.59999920812352308
 -0.04447677609000000   0.59999920857007394
 -0.04447676609000000   0.59999920901662468
 -0.04447675609000000   0.59999920946317531
 -0.04447674609000000   0.59999920990972582
 -0.04447673609000000   0.59999921035627622
 -0.04447672609000000   0.59999921080282651
 -0.04447671609000000   0.59999921124937669
 -0.04447670609000000   0.59999921169592675
 -0.04447669609000000   0.59999921214247670
 -0.04447668609000000   0.59999921258902653
 -0.04447667609000000   0.59999921303557626
 -0.04447666609000000   0.59999921348212587
 -0.04447665609000000   0.59999921392867536
 -0.04447664609000000   0.59999921437522475
 -0.04447663609000000   0.59999921482177402
 -0.04447662609000000   0.59999921526832318
 -0.04447661609000000   0.59999921571487222
 -0.04447660609000000   0.59999921616142115
 -0.04447659609000000   0.59999921660796997
 -0.04447658609000000   0.59999921705451867
 -0.04447657609000000   0.59999921750106726
 -0.04447656609000000   0.59999921794761574
 -0.04447655609000000   0.59999921839416411
 -0.04447654609000000   0.59999921884071236
 -0.04447653609000000   0.59999921928726050
 -0.04447652609000000   0.59999921973380852
 -0.04447651609000000   0.59999922018035643
 -0.04447650609000000   0.59999922062690423
 -0.04447649609000000   0.59999922107345192
 -0.04447648609000000   0.59999922151999949
 -0.04447647609000000   0.59999922196654695
 -0.04447646609000000   0.59999922241309430
 -0.04447645609000000   0.59999922285964153
 -0.04447644609000000   0.59999922330618865
 -0.04447643609000000   0.59999922375273566
 -0.04447642609000000   0.59999922419928255
 -0.04447641609000000   0.59999922464582933
 -0.04447640609000000   0.59999922509237600
 -0.04447639609000000   0.59999922553892255
 -0.04447638609000000   0.59999922598546900
 -0.04447637609000000   0.59999922643201532
 -0.04447636609000000   0.59999922687856154
 -0.04447635609000000   0.59999922732510764
 -0.04447634609000000   0.59999922777165363
 -0.04447633609000000   0.59999922821819951
 -0.04447632609000000   0.59999922866474527
 -0.04447631609000000   0.59999922911129091
 -0.04447630609000000   0.59999922955783645
 -0.04447629609000000   0.59999923000438188
 -0.04447628609000000   0.59999923045092718
 -0.04447627609000000   0.59999923089747238
 -0.04447626609000000   0.59999923134401747
 -0.04447625609000000   0.59999923179056243
 -0.04447624609000000   0.59999923223710729
 -0.04447623609000000   0.59999923268365204
 -0.04447622609000000   0.59999923313019667
 -0.04447621609000000   0.59999923357674119
 -0.04447620609000000   0.59999923402328559
 -0.04447619609000000   0.59999923446982988
 -0.04447618609000000   0.59999923491637406
 -0.04447617609000000   0.59999923536291812
 -0.04447616609000000   0.59999923580946207
 -0.04447615609000000   0.59999923625600591
 -0.04447614609000000   0.59999923670254964
 -0.04447613609000000   0.59999923714909325
 -0.04447612609000000   0.59999923759563675
 -0.04447611609000000   0.59999923804218014
 -0.04447610609000000   0.59999923848872341
 -0.04447609609000000   0.59999923893526657
 -0.04447608609000000   0.59999923938180962
 -0.04447607609000000   0.59999923982835255
 -0.04447606609000000   0.59999924027489537
 -0.04447605609000000   0.59999924072143808
 -0.04447604609000000   0.59999924116798067
 -0.04447603609000000   0.59999924161452315
 -0.04447602609000000   0.59999924206106552
 -0.04447601609000000   0.59999924250760778
 -0.04447600609000000   0.59999924295414992
 -0.04447599609000000   0.59999924340069195
 -0.04447598609000000   0.59999924384723386
 -0.04447597609000000   0.59999924429377566
 -0.04447596609000000   0.59999924474031735
 -0.04447595609000000   0.59999924518685893
 -0.04447594609000000   0.59999924563340039
 -0.04447593609000000   0.59999924607994174
 -0.04447592609000000   0.59999924652648298
 -0.04447591609000000   0.59999924697302410
 -0.04447590609000000   0.59999924741956511
 -0.04447589609000000   0.59999924786610601
 -0.04447588609000000   0.59999924831264679
 -0.04447587609000000   0.59999924875918746
 -0.04447586609000000   0.59999924920572802
 -0.04447585609000000   0.59999924965226846
 -0.04447584609000000   0.59999925009880879
 -0.04447583609000000   0.59999925054534901
 -0.04447582609000000   0.59999925099188912
 -0.04447581609000000   0.59999925143842911
 -0.04447580609000000   0.59999925188496899
 -0.04447579609000000   0.59999925233150875
 -0.04447578609000000   0.59999925277804840
 -0.04447577609000000   0.59999925322458794
 -0.04447576609000000   0.59999925367112737
 -0.04447575609000000   0.59999925411766668
 -0.04447574609000000   0.59999925456420588
 -0.04447573609000000   0.59999925501074497
 -0.04447572609000000   0.59999925545728394
 -0.04447571609000000   0.59999925590382280
 -0.04447570609000000   0.59999925635036155
 -0.04447569609000000   0.59999925679690018
 -0.04447568609000000   0.59999925724343870
 -0.04447567609000000   0.59999925768997711
 -0.04447566609000000   0.59999925813651541
 -0.04447565609000000   0.59999925858305359
 -0.04447564609000000   0.59999925902959166
 -0.04447563609000000   0.59999925947612961
 -0.04447562609000000   0.59999925992266745
 -0.04447561609000000   0.59999926036920518
 -0.04447560609000000   0.59999926081574280
 -0.04447559609000000   0.59999926126228030
 -0.04447558609000000   0.59999926170881769
 -0.04447557609000000   0.59999926215535497
 -0.04447556609000000   0.59999926260189213
 -0.04447555609000000   0.59999926304842918
 -0.04447554609000000   0.59999926349496612
 -0.04447553609000000   0.59999926394150294
 -0.04447552609000000   0.59999926438803965
 -0.04447551609000000   0.59999926483457625
 -0.04447550609000000   0.59999926528111273
 -0.04447549609000000   0.59999926572764910
 -0.04447548609000000   0.59999926617418536
 -0.04447547609000000   0.59999926662072150
 -0.04447546609000000   0.59999926706725754
 -0.04447545609000000   0.59999926751379346
 -0.04447544609000000   0.59999926796032926
 -0.04447543609000000   0.59999926840686495
 -0.04447542609000000   0.59999926885340053
 -0.04447541609000000   0.59999926929993600
 -0.04447540609000000   0.59999926974647135
 -0.04447539609000000   0.59999927019300659
 -0.04447538609000000   0.59999927063954172
 -0.04447537609000000   0.59999927108607673
 -0.04447536609000000   0.59999927153261163
 -0.04447535609000000   0.59999927197914642
 -0.04447534609000000   0.59999927242568109
 -0.04447533609000000   0.59999927287221566
 -0.04447532609000000   0.59999927331875010
 -0.04447531609000000   0.59999927376528444
 -0.04447530609000000   0.59999927421181866
 -0.04447529609000000   0.59999927465835277
 -0.04447528609000000   0.59999927510488676
 -0.04447527609000000   0.59999927555142064
 -0.04447526609000000   0.59999927599795441
 -0.04447525609000000   0.59999927644448807
 -0.04447524609000000   0.59999927689102161
 -0.04447523609000000   0.59999927733755504
 -0.04447522609000000   0.59999927778408836
 -0.04447521609000000   0.59999927823062156
 -0.04447520609000000   0.59999927867715465
 -0.04447519609000000   0.59999927912368763
 -0.04447518609000000   0.59999927957022049
 -0.04447517609000000   0.59999928001675324
 -0.04447516609000000   0.59999928046328588
 -0.04447515609000000   0.59999928090981840
 -0.04447514609000000   0.59999928135635082
 -0.04447513609000000   0.59999928180288311
 -0.04447512609000000   0.59999928224941530
 -0.04447511609000000   0.59999928269594737
 -0.04447510609000000   0.59999928314247933
 -0.04447509609000000   0.59999928358901117
 -0.04447508609000000   0.59999928403554291
 -0.04447507609000000   0.59999928448207453
 -0.04447506609000000   0.59999928492860603
 -0.04447505609000000   0.59999928537513743
 -0.04447504609000000   0.59999928582166871
 -0.04447503609000000   0.59999928626819987
 -0.04447502609000000   0.59999928671473093
 -0.04447501609000000   0.59999928716126187
 -0.04447500609000000   0.59999928760779269
 -0.04447499609000000   0.59999928805432341
 -0.04447498609000000   0.59999928850085401
 -0.04447497609000000   0.59999928894738450
 -0.04447496609000000   0.59999928939391487
 -0.04447495609000000   0.59999928984044513
 -0.04447494609000000   0.59999929028697528
 -0.04447493609000000   0.59999929073350532
 -0.04447492609000000   0.59999929118003524
 -0.04447491609000000   0.59999929162656505
 -0.04447490609000000   0.59999929207309474
 -0.04447489609000000   0.59999929251962433
 -0.04447488609000000   0.59999929296615380
 -0.04447487609000000   0.59999929341268315
 -0.04447486609000000   0.59999929385921240
 -0.04447485609000000   0.59999929430574153
 -0.04447484609000000   0.59999929475227055
 -0.04447483609000000   0.59999929519879945
 -0.04447482609000000   0.59999929564532824
 -0.04447481609000000   0.59999929609185692
 -0.04447480609000000   0.59999929653838548
 -0.04447479609000000   0.59999929698491394
 -0.04447478609000000   0.59999929743144228
 -0.04447477609000000   0.59999929787797050
 -0.04447476609000000   0.59999929832449861
 -0.04447475609000000   0.59999929877102661
 -0.04447474609000000   0.59999929921755450
 -0.04447473609000000   0.59999929966408227
 -0.04447472609000000   0.59999930011060993
 -0.04447471609000000   0.59999930055713748
 -0.04447470609000000   0.59999930100366491
 -0.04447469609000000   0.59999930145019223
 -0.04447468609000000   0.59999930189671944
 -0.04447467609000000   0.59999930234324653
 -0.04447466609000000   0.59999930278977351
 -0.04447465609000000   0.59999930323630038
 -0.04447464609000000   0.59999930368282714
 -0.04447463609000000   0.59999930412935378
 -0.04447462609000000   0.59999930457588030
 -0.04447461609000000   0.59999930502240672
 -0.04447460609000000   0.59999930546893302
 -0.04447459609000000   0.59999930591545921
 -0.04447458609000000   0.59999930636198529
 -0.04447457609000000   0.59999930680851125
 -0.04447456609000000   0.59999930725503710
 -0.04447455609000000   0.59999930770156284
 -0.04447454609000000   0.59999930814808846
 -0.04447453609000000   0.59999930859461397
 -0.04447452609000000   0.59999930904113937
 -0.04447451609000000   0.59999930948766465
 -0.04447450609000000   0.59999930993418982
 -0.04447449609000000   0.59999931038071488
 -0.04447448609000000   0.59999931082723983
 -0.04447447609000000   0.59999931127376466
 -0.04447446609000000   0.59999931172028937
 -0.04447445609000000   0.59999931216681398
 -0.04447444609000000   0.59999931261333847
 -0.04447443609000000   0.59999931305986285
 -0.04447442609000000   0.59999931350638712
 -0.04447441609000000   0.59999931395291127
 -0.04447440609000000   0.59999931439943531
 -0.04447439609000000   0.59999931484595924
 -0.04447438609000000   0.59999931529248305
 -0.04447437609000000   0.59999931573900675
 -0.04447436609000000   0.59999931618553034
 -0.04447435609000000   0.59999931663205381
 -0.04447434609000000   0.59999931707857717
 -0.04447433609000000   0.59999931752510042
 -0.04447432609000000   0.59999931797162356
 -0.04447431609000000   0.59999931841814658
 -0.04447430609000000   0.59999931886466949
 -0.04447429609000000   0.59999931931119228
 -0.04447428609000000   0.59999931975771496
 -0.04447427609000000   0.59999932020423753
 -0.04447426609000000   0.59999932065075999
 -0.04447425609000000   0.59999932109728233
 -0.04447424609000000   0.59999932154380456
 -0.04447423609000000   0.59999932199032668
 -0.04447422609000000   0.59999932243684868
 -0.04447421609000000   0.59999932288337057
 -0.04447420609000000   0.59999932332989235
 -0.04447419609000000   0.59999932377641401
 -0.04447418609000000   0.59999932422293557
 -0.04447417609000000   0.59999932466945700
 -0.04447416609000000   0.59999932511597833
 -0.04447415609000000   0.59999932556249954
 -0.04447414609000000   0.59999932600902064
 -0.04447413609000000   0.59999932645554162
 -0.04447412609000000   0.59999932690206249
 -0.04447411609000000   0.59999932734858325
 -0.04447410609000000   0.59999932779510390
 -0.04447409609000000   0.59999932824162443
 -0.04447408609000000   0.59999932868814485
 -0.04447407609000000   0.59999932913466516
 -0.04447406609000000   0.59999932958118535
 -0.04447405609000000   0.59999933002770543
 -0.04447404609000000   0.59999933047422540
 -0.04447403609000000   0.59999933092074525
 -0.04447402609000000   0.59999933136726500
 -0.04447401609000000   0.59999933181378462
 -0.04447400609000000   0.59999933226030414
 -0.04447399609000000   0.59999933270682354
 -0.04447398609000000   0.59999933315334283
 -0.04447397609000000   0.59999933359986200
 -0.04447396609000000   0.59999933404638107
 -0.04447395609000000   0.59999933449290002
 -0.04447394609000000   0.59999933493941885
 -0.04447393609000000   0.59999933538593757
 -0.04447392609000000   0.59999933583245619
 -0.04447391609000000   0.59999933627897468
 -0.04447390609000000   0.59999933672549306
 -0.04447389609000000   0.59999933717201134
 -0.04447388609000000   0.59999933761852949
 -0.04447387609000000   0.59999933806504754
 -0.04447386609000000   0.59999933851156547
 -0.04447385609000000   0.59999933895808329
 -0.04447384609000000   0.59999933940460099
 -0.04447383609000000   0.59999933985111858
 -0.04447382609000000   0.59999934029763606
 -0.04447381609000000   0.59999934074415343
 -0.04447380609000000   0.59999934119067068
 -0.04447379609000000   0.59999934163718782
 -0.04447378609000000   0.59999934208370485
 -0.04447377609000000   0.59999934253022176
 -0.04447376609000000   0.59999934297673856
 -0.04447375609000000   0.59999934342325525
 -0.04447374609000000   0.59999934386977182
 -0.04447373609000000   0.59999934431628828
 -0.04447372609000000   0.59999934476280463
 -0.04447371609000000   0.59999934520932086
 -0.04447370609000000   0.59999934565583698
 -0.04447369609000000   0.59999934610235299
 -0.04447368609000000   0.59999934654886889
 -0.04447367609000000   0.59999934699538467
 -0.04447366609000000   0.59999934744190034
 -0.04447365609000000   0.59999934788841590
 -0.04447364609000000   0.59999934833493134
 -0.04447363609000000   0.59999934878144667
 -0.04447362609000000   0.59999934922796188
 -0.04447361609000000   0.59999934967447699
 -0.04447360609000000   0.59999935012099198
 -0.04447359609000000   0.59999935056750685
 -0.04447358609000000   0.59999935101402162
 -0.04447357609000000   0.59999935146053627
 -0.04447356609000000   0.59999935190705081
 -0.04447355609000000   0.59999935235356523
 -0.04447354609000000   0.59999935280007955
 -0.04447353609000000   0.59999935324659374
 -0.04447352609000000   0.59999935369310783
 -0.04447351609000000   0.59999935413962180
 -0.04447350609000000   0.59999935458613566
 -0.04447349609000000   0.59999935503264941
 -0.04447348609000000   0.59999935547916304
 -0.04447347609000000   0.59999935592567656
 -0.04447346609000000   0.59999935637218997
 -0.04447345609000000   0.59999935681870326
 -0.04447344609000000   0.59999935726521644
 -0.04447343609000000   0.59999935771172951
 -0.04447342609000000   0.59999935815824246
 -0.04447341609000000   0.59999935860475530
 -0.04447340609000000   0.59999935905126803
 -0.04447339609000000   0.59999935949778065
 -0.04447338609000000   0.59999935994429315
 -0.04447337609000000   0.59999936039080554
 -0.04447336609000000   0.59999936083731781
 -0.04447335609000000   0.59999936128382997
 -0.04447334609000000   0.59999936173034202
 -0.04447333609000000   0.59999936217685396
 -0.04447332609000000   0.59999936262336578
 -0.04447331609000000   0.59999936306987749
 -0.04447330609000000   0.59999936351638909
 -0.04447329609000000   0.59999936396290057
 -0.04447328609000000   0.59999936440941195
 -0.04447327609000000   0.59999936485592320
 -0.04447326609000000   0.59999936530243435
 -0.04447325609000000   0.59999936574894538
 -0.04447324609000000   0.59999936619545630
 -0.04447323609000000   0.59999936664196710
 -0.04447322609000000   0.59999936708847779
 -0.04447321609000000   0.59999936753498837
 -0.04447320609000000   0.59999936798149884
 -0.04447319609000000   0.59999936842800919
 -0.04447318609000000   0.59999936887451943
 -0.04447317609000000   0.59999936932102956
 -0.04447316609000000   0.59999936976753957
 -0.04447315609000000   0.59999937021404947
 -0.04447314609000000   0.59999937066055926
 -0.04447313609000000   0.59999937110706894
 -0.04447312609000000   0.59999937155357850
 -0.04447311609000000   0.59999937200008794
 -0.04447310609000000   0.59999937244659728
 -0.04447309609000000   0.59999937289310650
 -0.04447308609000000   0.59999937333961561
 -0.04447307609000000   0.59999937378612461
 -0.04447306609000000   0.59999937423263349
 -0.04447305609000000   0.59999937467914226
 -0.04447304609000000   0.59999937512565091
 -0.04447303609000000   0.59999937557215946
 -0.04447302609000000   0.59999937601866789
 -0.04447301609000000   0.59999937646517620
 -0.04447300609000000   0.59999937691168441
 -0.04447299609000000   0.59999937735819250
 -0.04447298609000000   0.59999937780470048
 -0.04447297609000000   0.59999937825120834
 -0.04447296609000000   0.59999937869771609
 -0.04447295609000000   0.59999937914422373
 -0.04447294609000000   0.59999937959073126
 -0.04447293609000000   0.59999938003723867
 -0.04447292609000000   0.59999938048374597
 -0.04447291609000000   0.59999938093025315
 -0.04447290609000000   0.59999938137676023
 -0.04447289609000000   0.59999938182326719
 -0.04447288609000000   0.59999938226977403
 -0.04447287609000000   0.59999938271628077
 -0.04447286609000000   0.59999938316278739
 -0.04447285609000000   0.59999938360929389
 -0.04447284609000000   0.59999938405580029
 -0.04447283609000000   0.59999938450230657
 -0.04447282609000000   0.59999938494881274
 -0.04447281609000000   0.59999938539531879
 -0.04447280609000000   0.59999938584182473
 -0.04447279609000000   0.59999938628833056
 -0.04447278609000000   0.59999938673483628
 -0.04447277609000000   0.59999938718134188
 -0.04447276609000000   0.59999938762784737
 -0.04447275609000000   0.59999938807435275
 -0.04447274609000000   0.59999938852085801
 -0.04447273609000000   0.59999938896736316
 -0.04447272609000000   0.59999938941386820
 -0.04447271609000000   0.59999938986037312
 -0.04447270609000000   0.59999939030687793
 -0.04447269609000000   0.59999939075338263
 -0.04447268609000000   0.59999939119988722
 -0.04447267609000000   0.59999939164639169
 -0.04447266609000000   0.59999939209289605
 -0.04447265609000000   0.59999939253940029
 -0.04447264609000000   0.59999939298590442
 -0.04447263609000000   0.59999939343240844
 -0.04447262609000000   0.59999939387891235
 -0.04447261609000000   0.59999939432541614
 -0.04447260609000000   0.59999939477191982
 -0.04447259609000000   0.59999939521842339
 -0.04447258609000000   0.59999939566492684
 -0.04447257609000000   0.59999939611143018
 -0.04447256609000000   0.59999939655793341
 -0.04447255609000000   0.59999939700443652
 -0.04447254609000000   0.59999939745093952
 -0.04447253609000000   0.59999939789744241
 -0.04447252609000000   0.59999939834394519
 -0.04447251609000000   0.59999939879044785
 -0.04447250609000000   0.59999939923695040
 -0.04447249609000000   0.59999939968345284
 -0.04447248609000000   0.59999940012995516
 -0.04447247609000000   0.59999940057645737
 -0.04447246609000000   0.59999940102295947
 -0.04447245609000000   0.59999940146946145
 -0.04447244609000000   0.59999940191596332
 -0.04447243609000000   0.59999940236246508
 -0.04447242609000000   0.59999940280896672
 -0.04447241609000000   0.59999940325546825
 -0.04447240609000000   0.59999940370196967
 -0.04447239609000000   0.59999940414847098
 -0.04447238609000000   0.59999940459497217
 -0.04447237609000000   0.59999940504147324
 -0.04447236609000000   0.59999940548797421
 -0.04447235609000000   0.59999940593447506
 -0.04447234609000000   0.59999940638097580
 -0.04447233609000000   0.59999940682747643
 -0.04447232609000000   0.59999940727397694
 -0.04447231609000000   0.59999940772047734
 -0.04447230609000000   0.59999940816697763
 -0.04447229609000000   0.59999940861347781
 -0.04447228609000000   0.59999940905997787
 -0.04447227609000000   0.59999940950647782
 -0.04447226609000000   0.59999940995297765
 -0.04447225609000000   0.59999941039947737
 -0.04447224609000000   0.59999941084597698
 -0.04447223609000000   0.59999941129247647
 -0.04447222609000000   0.59999941173897586
 -0.04447221609000000   0.59999941218547513
 -0.04447220609000000   0.59999941263197428
 -0.04447219609000000   0.59999941307847332
 -0.04447218609000000   0.59999941352497225
 -0.04447217609000000   0.59999941397147107
 -0.04447216609000000   0.59999941441796977
 -0.04447215609000000   0.59999941486446837
 -0.04447214609000000   0.59999941531096684
 -0.04447213609000000   0.59999941575746521
 -0.04447212609000000   0.59999941620396346
 -0.04447211609000000   0.59999941665046160
 -0.04447210609000000   0.59999941709695963
 -0.04447209609000000   0.59999941754345754
 -0.04447208609000000   0.59999941798995534
 -0.04447207609000000   0.59999941843645302
 -0.04447206609000000   0.59999941888295059
 -0.04447205609000000   0.59999941932944806
 -0.04447204609000000   0.59999941977594540
 -0.04447203609000000   0.59999942022244263
 -0.04447202609000000   0.59999942066893976
 -0.04447201609000000   0.59999942111543676
 -0.04447200609000000   0.59999942156193366
 -0.04447199609000000   0.59999942200843044
 -0.04447198609000000   0.59999942245492711
 -0.04447197609000000   0.59999942290142366
 -0.04447196609000000   0.59999942334792011
 -0.04447195609000000   0.59999942379441643
 -0.04447194609000000   0.59999942424091265
 -0.04447193609000000   0.59999942468740875
 -0.04447192609000000   0.59999942513390474
 -0.04447191609000000   0.59999942558040062
 -0.04447190609000000   0.59999942602689638
 -0.04447189609000000   0.59999942647339203
 -0.04447188609000000   0.59999942691988757
 -0.04447187609000000   0.59999942736638300
 -0.04447186609000000   0.59999942781287831
 -0.04447185609000000   0.59999942825937351
 -0.04447184609000000   0.59999942870586859
 -0.04447183609000000   0.59999942915236356
 -0.04447182609000000   0.59999942959885842
 -0.04447181609000000   0.59999943004535317
 -0.04447180609000000   0.59999943049184780
 -0.04447179609000000   0.59999943093834232
 -0.04447178609000000   0.59999943138483673
 -0.04447177609000000   0.59999943183133102
 -0.04447176609000000   0.59999943227782520
 -0.04447175609000000   0.59999943272431927
 -0.04447174609000000   0.59999943317081322
 -0.04447173609000000   0.59999943361730706
 -0.04447172609000000   0.59999943406380079
 -0.04447171609000000   0.59999943451029440
 -0.04447170609000000   0.59999943495678791
 -0.04447169609000000   0.59999943540328130
 -0.04447168609000000   0.59999943584977457
 -0.04447167609000000   0.59999943629626773
 -0.04447166609000000   0.59999943674276079
 -0.04447165609000000   0.59999943718925372
 -0.04447164609000000   0.59999943763574654
 -0.04447163609000000   0.59999943808223925
 -0.04447162609000000   0.59999943852873185
 -0.04447161609000000   0.59999943897522434
 -0.04447160609000000   0.59999943942171671
 -0.04447159609000000   0.59999943986820897
 -0.04447158609000000   0.59999944031470111
 -0.04447157609000000   0.59999944076119314
 -0.04447156609000000   0.59999944120768506
 -0.04447155609000000   0.59999944165417687
 -0.04447154609000000   0.59999944210066856
 -0.04447153609000000   0.59999944254716014
 -0.04447152609000000   0.59999944299365161
 -0.04447151609000000   0.59999944344014296
 -0.04447150609000000   0.59999944388663420
 -0.04447149609000000   0.59999944433312533
 -0.04447148609000000   0.59999944477961634
 -0.04447147609000000   0.59999944522610724
 -0.04447146609000000   0.59999944567259803
 -0.04447145609000000   0.59999944611908871
 -0.04447144609000000   0.59999944656557927
 -0.04447143609000000   0.59999944701206972
 -0.04447142609000000   0.59999944745856005
 -0.04447141609000000   0.59999944790505027
 -0.04447140609000000   0.59999944835154039
 -0.04447139609000000   0.59999944879803038
 -0.04447138609000000   0.59999944924452026
 -0.04447137609000000   0.59999944969101003
 -0.04447136609000000   0.59999945013749969
 -0.04447135609000000   0.59999945058398924
 -0.04447134609000000   0.59999945103047867
 -0.04447133609000000   0.59999945147696798
 -0.04447132609000000   0.59999945192345719
 -0.04447131609000000   0.59999945236994628
 -0.04447130609000000   0.59999945281643526
 -0.04447129609000000   0.59999945326292413
 -0.04447128609000000   0.59999945370941288
 -0.04447127609000000   0.59999945415590152
 -0.04447126609000000   0.59999945460239004
 -0.04447125609000000   0.59999945504887846
 -0.04447124609000000   0.59999945549536676
 -0.04447123609000000   0.59999945594185495
 -0.04447122609000000   0.59999945638834302
 -0.04447121609000000   0.59999945683483098
 -0.04447120609000000   0.59999945728131883
 -0.04447119609000000   0.59999945772780656
 -0.04447118609000000   0.59999945817429419
 -0.04447117609000000   0.59999945862078169
 -0.04447116609000000   0.59999945906726909
 -0.04447115609000000   0.59999945951375637
 -0.04447114609000000   0.59999945996024354
 -0.04447113609000000   0.59999946040673060
 -0.04447112609000000   0.59999946085321754
 -0.04447111609000000   0.59999946129970437
 -0.04447110609000000   0.59999946174619109
 -0.04447109609000000   0.59999946219267769
 -0.04447108609000000   0.59999946263916419
 -0.04447107609000000   0.59999946308565057
 -0.04447106609000000   0.59999946353213683
 -0.04447105609000000   0.59999946397862298
 -0.04447104609000000   0.59999946442510902
 -0.04447103609000000   0.59999946487159495
 -0.04447102609000000   0.59999946531808076
 -0.04447101609000000   0.59999946576456646
 -0.04447100609000000   0.59999946621105204
 -0.04447099609000000   0.59999946665753752
 -0.04447098609000000   0.59999946710402288
 -0.04447097609000000   0.59999946755050813
 -0.04447096609000000   0.59999946799699326
 -0.04447095609000000   0.59999946844347828
 -0.04447094609000000   0.59999946888996319
 -0.04447093609000000   0.59999946933644798
 -0.04447092609000000   0.59999946978293267
 -0.04447091609000000   0.59999947022941724
 -0.04447090609000000   0.59999947067590169
 -0.04447089609000000   0.59999947112238603
 -0.04447088609000000   0.59999947156887027
 -0.04447087609000000   0.59999947201535438
 -0.04447086609000000   0.59999947246183838
 -0.04447085609000000   0.59999947290832227
 -0.04447084609000000   0.59999947335480605
 -0.04447083609000000   0.59999947380128972
 -0.04447082609000000   0.59999947424777327
 -0.04447081609000000   0.59999947469425671
 -0.04447080609000000   0.59999947514074003
 -0.04447079609000000   0.59999947558722324
 -0.04447078609000000   0.59999947603370634
 -0.04447077609000000   0.59999947648018933
 -0.04447076609000000   0.59999947692667220
 -0.04447075609000000   0.59999947737315496
 -0.04447074609000000   0.59999947781963761
 -0.04447073609000000   0.59999947826612014
 -0.04447072609000000   0.59999947871260256
 -0.04447071609000000   0.59999947915908487
 -0.04447070609000000   0.59999947960556707
 -0.04447069609000000   0.59999948005204915
 -0.04447068609000000   0.59999948049853112
 -0.04447067609000000   0.59999948094501297
 -0.04447066609000000   0.59999948139149471
 -0.04447065609000000   0.59999948183797634
 -0.04447064609000000   0.59999948228445786
 -0.04447063609000000   0.59999948273093926
 -0.04447062609000000   0.59999948317742055
 -0.04447061609000000   0.59999948362390173
 -0.04447060609000000   0.59999948407038279
 -0.04447059609000000   0.59999948451686374
 -0.04447058609000000   0.59999948496334458
 -0.04447057609000000   0.59999948540982531
 -0.04447056609000000   0.59999948585630592
 -0.04447055609000000   0.59999948630278642
 -0.04447054609000000   0.59999948674926680
 -0.04447053609000000   0.59999948719574707
 -0.04447052609000000   0.59999948764222723
 -0.04447051609000000   0.59999948808870728
 -0.04447050609000000   0.59999948853518721
 -0.04447049609000000   0.59999948898166703
 -0.04447048609000000   0.59999948942814674
 -0.04447047609000000   0.59999948987462633
 -0.04447046609000000   0.59999949032110582
 -0.04447045609000000   0.59999949076758518
 -0.04447044609000000   0.59999949121406444
 -0.04447043609000000   0.59999949166054358
 -0.04447042609000000   0.59999949210702261
 -0.04447041609000000   0.59999949255350152
 -0.04447040609000000   0.59999949299998033
 -0.04447039609000000   0.59999949344645902
 -0.04447038609000000   0.59999949389293759
 -0.04447037609000000   0.59999949433941606
 -0.04447036609000000   0.59999949478589441
 -0.04447035609000000   0.59999949523237264
 -0.04447034609000000   0.59999949567885077
 -0.04447033609000000   0.59999949612532878
 -0.04447032609000000   0.59999949657180668
 -0.04447031609000000   0.59999949701828446
 -0.04447030609000000   0.59999949746476214
 -0.04447029609000000   0.59999949791123969
 -0.04447028609000000   0.59999949835771714
 -0.04447027609000000   0.59999949880419447
 -0.04447026609000000   0.59999949925067169
 -0.04447025609000000   0.59999949969714880
 -0.04447024609000000   0.59999950014362579
 -0.04447023609000000   0.59999950059010267
 -0.04447022609000000   0.59999950103657944
 -0.04447021609000000   0.59999950148305609
 -0.04447020609000000   0.59999950192953264
 -0.04447019609000000   0.59999950237600907
 -0.04447018609000000   0.59999950282248538
 -0.04447017609000000   0.59999950326896158
 -0.04447016609000000   0.59999950371543767
 -0.04447015609000000   0.59999950416191365
 -0.04447014609000000   0.59999950460838951
 -0.04447013609000000   0.59999950505486526
 -0.04447012609000000   0.59999950550134090
 -0.04447011609000000   0.59999950594781642
 -0.04447010609000000   0.59999950639429183
 -0.04447009609000000   0.59999950684076713
 -0.04447008609000000   0.59999950728724231
 -0.04447007609000000   0.59999950773371739
 -0.04447006609000000   0.59999950818019235
 -0.04447005609000000   0.59999950862666719
 -0.04447004609000000   0.59999950907314192
 -0.04447003609000000   0.59999950951961654
 -0.04447002609000000   0.59999950996609105
 -0.04447001609000000   0.59999951041256544
 -0.04447000609000000   0.59999951085903972
 -0.04446999609000000   0.59999951130551389
 -0.04446998609000000   0.59999951175198794
 -0.04446997609000000   0.59999951219846189
 -0.04446996609000000   0.59999951264493571
 -0.04446995609000000   0.59999951309140943
 -0.04446994609000000   0.59999951353788303
 -0.04446993609000000   0.59999951398435652
 -0.04446992609000000   0.59999951443082990
 -0.04446991609000000   0.59999951487730316
 -0.04446990609000000   0.59999951532377631
 -0.04446989609000000   0.59999951577024935
 -0.04446988609000000   0.59999951621672227
 -0.04446987609000000   0.59999951666319508
 -0.04446986609000000   0.59999951710966778
 -0.04446985609000000   0.59999951755614036
 -0.04446984609000000   0.59999951800261283
 -0.04446983609000000   0.59999951844908519
 -0.04446982609000000   0.59999951889555744
 -0.04446981609000000   0.59999951934202957
 -0.04446980609000000   0.59999951978850159
 -0.04446979609000000   0.59999952023497349
 -0.04446978609000000   0.59999952068144529
 -0.04446977609000000   0.59999952112791697
 -0.04446976609000000   0.59999952157438854
 -0.04446975609000000   0.59999952202085999
 -0.04446974609000000   0.59999952246733133
 -0.04446973609000000   0.59999952291380256
 -0.04446972609000000   0.59999952336027367
 -0.04446971609000000   0.59999952380674467
 -0.04446970609000000   0.59999952425321556
 -0.04446969609000000   0.59999952469968634
 -0.04446968609000000   0.59999952514615700
 -0.04446967609000000   0.59999952559262755
 -0.04446966609000000   0.59999952603909799
 -0.04446965609000000   0.59999952648556831
 -0.04446964609000000   0.59999952693203852
 -0.04446963609000000   0.59999952737850862
 -0.04446962609000000   0.59999952782497860
 -0.04446961609000000   0.59999952827144847
 -0.04446960609000000   0.59999952871791823
 -0.04446959609000000   0.59999952916438788
 -0.04446958609000000   0.59999952961085741
 -0.04446957609000000   0.59999953005732683
 -0.04446956609000000   0.59999953050379613
 -0.04446955609000000   0.59999953095026533
 -0.04446954609000000   0.59999953139673441
 -0.04446953609000000   0.59999953184320337
 -0.04446952609000000   0.59999953228967223
 -0.04446951609000000   0.59999953273614097
 -0.04446950609000000   0.59999953318260959
 -0.04446949609000000   0.59999953362907811
 -0.04446948609000000   0.59999953407554651
 -0.04446947609000000   0.59999953452201480
 -0.04446946609000000   0.59999953496848298
 -0.04446945609000000   0.59999953541495104
 -0.04446944609000000   0.59999953586141899
 -0.04446943609000000   0.59999953630788682
 -0.04446942609000000   0.59999953675435455
 -0.04446941609000000   0.59999953720082216
 -0.04446940609000000   0.59999953764728965
 -0.04446939609000000   0.59999953809375704
 -0.04446938609000000   0.59999953854022431
 -0.04446937609000000   0.59999953898669147
 -0.04446936609000000   0.59999953943315851
 -0.04446935609000000   0.59999953987962545
 -0.04446934609000000   0.59999954032609227
 -0.04446933609000000   0.59999954077255897
 -0.04446932609000000   0.59999954121902557
 -0.04446931609000000   0.59999954166549204
 -0.04446930609000000   0.59999954211195841
 -0.04446929609000000   0.59999954255842466
 -0.04446928609000000   0.59999954300489081
 -0.04446927609000000   0.59999954345135683
 -0.04446926609000000   0.59999954389782275
 -0.04446925609000000   0.59999954434428855
 -0.04446924609000000   0.59999954479075424
 -0.04446923609000000   0.59999954523721981
 -0.04446922609000000   0.59999954568368528
 -0.04446921609000000   0.59999954613015063
 -0.04446920609000000   0.59999954657661586
 -0.04446919609000000   0.59999954702308098
 -0.04446918609000000   0.59999954746954599
 -0.04446917609000000   0.59999954791601089
 -0.04446916609000000   0.59999954836247567
 -0.04446915609000000   0.59999954880894035
 -0.04446914609000000   0.59999954925540490
 -0.04446913609000000   0.59999954970186935
 -0.04446912609000000   0.59999955014833368
 -0.04446911609000000   0.59999955059479790
 -0.04446910609000000   0.59999955104126201
 -0.04446909609000000   0.59999955148772600
 -0.04446908609000000   0.59999955193418988
 -0.04446907609000000   0.59999955238065365
 -0.04446906609000000   0.59999955282711730
 -0.04446905609000000   0.59999955327358084
 -0.04446904609000000   0.59999955372004427
 -0.04446903609000000   0.59999955416650758
 -0.04446902609000000   0.59999955461297078
 -0.04446901609000000   0.59999955505943387
 -0.04446900609000000   0.59999955550589685
 -0.04446899609000000   0.59999955595235971
 -0.04446898609000000   0.59999955639882246
 -0.04446897609000000   0.59999955684528510
 -0.04446896609000000   0.59999955729174762
 -0.04446895609000000   0.59999955773821003
 -0.04446894609000000   0.59999955818467233
 -0.04446893609000000   0.59999955863113451
 -0.04446892609000000   0.59999955907759658
 -0.04446891609000000   0.59999955952405854
 -0.04446890609000000   0.59999955997052039
 -0.04446889609000000   0.59999956041698212
 -0.04446888609000000   0.59999956086344374
 -0.04446887609000000   0.59999956130990525
 -0.04446886609000000   0.59999956175636664
 -0.04446885609000000   0.59999956220282792
 -0.04446884609000000   0.59999956264928908
 -0.04446883609000000   0.59999956309575014
 -0.04446882609000000   0.59999956354221108
 -0.04446881609000000   0.59999956398867191
 -0.04446880609000000   0.59999956443513262
 -0.04446879609000000   0.59999956488159322
 -0.04446878609000000   0.59999956532805371
 -0.04446877609000000   0.59999956577451409
 -0.04446876609000000   0.59999956622097435
 -0.04446875609000000   0.59999956666743450
 -0.04446874609000000   0.59999956711389454
 -0.04446873609000000   0.59999956756035446
 -0.04446872609000000   0.59999956800681427
 -0.04446871609000000   0.59999956845327397
 -0.04446870609000000   0.59999956889973355
 -0.04446869609000000   0.59999956934619302
 -0.04446868609000000   0.59999956979265238
 -0.04446867609000000   0.59999957023911163
 -0.04446866609000000   0.59999957068557076
 -0.04446865609000000   0.59999957113202978
 -0.04446864609000000   0.59999957157848868
 -0.04446863609000000   0.59999957202494748
 -0.04446862609000000   0.59999957247140616
 -0.04446861609000000   0.59999957291786473
 -0.04446860609000000   0.59999957336432318
 -0.04446859609000000   0.59999957381078152
 -0.04446858609000000   0.59999957425723975
 -0.04446857609000000   0.59999957470369786
 -0.04446856609000000   0.59999957515015587
 -0.04446855609000000   0.59999957559661375
 -0.04446854609000000   0.59999957604307153
 -0.04446853609000000   0.59999957648952919
 -0.04446852609000000   0.59999957693598674
 -0.04446851609000000   0.59999957738244418
 -0.04446850609000000   0.59999957782890150
 -0.04446849609000000   0.59999957827535871
 -0.04446848609000000   0.59999957872181581
 -0.04446847609000000   0.59999957916827280
 -0.04446846609000000   0.59999957961472967
 -0.04446845609000000   0.59999958006118643
 -0.04446844609000000   0.59999958050764307
 -0.04446843609000000   0.59999958095409961
 -0.04446842609000000   0.59999958140055602
 -0.04446841609000000   0.59999958184701233
 -0.04446840609000000   0.59999958229346852
 -0.04446839609000000   0.59999958273992460
 -0.04446838609000000   0.59999958318638057
 -0.04446837609000000   0.59999958363283643
 -0.04446836609000000   0.59999958407929217
 -0.04446835609000000   0.59999958452574780
 -0.04446834609000000   0.59999958497220331
 -0.04446833609000000   0.59999958541865871
 -0.04446832609000000   0.59999958586511400
 -0.04446831609000000   0.59999958631156918
 -0.04446830609000000   0.59999958675802424
 -0.04446829609000000   0.59999958720447919
 -0.04446828609000000   0.59999958765093403
 -0.04446827609000000   0.59999958809738875
 -0.04446826609000000   0.59999958854384337
 -0.04446825609000000   0.59999958899029786
 -0.04446824609000000   0.59999958943675225
 -0.04446823609000000   0.59999958988320652
 -0.04446822609000000   0.59999959032966068
 -0.04446821609000000   0.59999959077611473
 -0.04446820609000000   0.59999959122256866
 -0.04446819609000000   0.59999959166902248
 -0.04446818609000000   0.59999959211547618
 -0.04446817609000000   0.59999959256192978
 -0.04446816609000000   0.59999959300838326
 -0.04446815609000000   0.59999959345483663
 -0.04446814609000000   0.59999959390128988
 -0.04446813609000000   0.59999959434774302
 -0.04446812609000000   0.59999959479419605
 -0.04446811609000000   0.59999959524064897
 -0.04446810609000000   0.59999959568710177
 -0.04446809609000000   0.59999959613355446
 -0.04446808609000000   0.59999959658000704
 -0.04446807609000000   0.59999959702645950
 -0.04446806609000000   0.59999959747291185
 -0.04446805609000000   0.59999959791936409
 -0.04446804609000000   0.59999959836581621
 -0.04446803609000000   0.59999959881226822
 -0.04446802609000000   0.59999959925872012
 -0.04446801609000000   0.59999959970517191
 -0.04446800609000000   0.59999960015162358
 -0.04446799609000000   0.59999960059807514
 -0.04446798609000000   0.59999960104452658
 -0.04446797609000000   0.59999960149097792
 -0.04446796609000000   0.59999960193742914
 -0.04446795609000000   0.59999960238388024
 -0.04446794609000000   0.59999960283033124
 -0.04446793609000000   0.59999960327678212
 -0.04446792609000000   0.59999960372323289
 -0.04446791609000000   0.59999960416968354
 -0.04446790609000000   0.59999960461613409
 -0.04446789609000000   0.59999960506258451
 -0.04446788609000000   0.59999960550903483
 -0.04446787609000000   0.59999960595548503
 -0.04446786609000000   0.59999960640193512
 -0.04446785609000000   0.59999960684838510
 -0.04446784609000000   0.59999960729483497
 -0.04446783609000000   0.59999960774128472
 -0.04446782609000000   0.59999960818773435
 -0.04446781609000000   0.59999960863418388
