 -0.04266182486000000   0.59999891665891059
 -0.04266181486000000   0.59999891702098706
 -0.04266180486000000   0.59999891738306342
 -0.04266179486000000   0.59999891774513968
 -0.04266178486000000   0.59999891810721584
 -0.04266177486000000   0.59999891846929191
 -0.04266176486000000   0.59999891883136787
 -0.04266175486000000   0.59999891919344373
 -0.04266174486000000   0.59999891955551949
 -0.04266173486000000   0.59999891991759515
 -0.04266172486000000   0.59999892027967072
 -0.04266171486000000   0.59999892064174618
 -0.04266170486000000   0.59999892100382154
 -0.04266169486000000   0.59999892136589680
 -0.04266168486000000   0.59999892172797196
 -0.04266167486000000   0.59999892209004702
 -0.04266166486000000   0.59999892245212198
 -0.04266165486000000   0.59999892281419685
 -0.04266164486000000   0.59999892317627161
 -0.04266163486000000   0.59999892353834626
 -0.04266162486000000   0.59999892390042082
 -0.04266161486000000   0.59999892426249529
 -0.04266160486000000   0.59999892462456965
 -0.04266159486000000   0.59999892498664390
 -0.04266158486000000   0.59999892534871806
 -0.04266157486000000   0.59999892571079213
 -0.04266156486000000   0.59999892607286609
 -0.04266155486000000   0.59999892643493994
 -0.04266154486000000   0.59999892679701370
 -0.04266153486000000   0.59999892715908736
 -0.04266152486000000   0.59999892752116092
 -0.04266151486000000   0.59999892788323438
 -0.04266150486000000   0.59999892824530774
 -0.04266149486000000   0.59999892860738100
 -0.04266148486000000   0.59999892896945415
 -0.04266147486000000   0.59999892933152721
 -0.04266146486000000   0.59999892969360017
 -0.04266145486000000   0.59999893005567303
 -0.04266144486000000   0.59999893041774579
 -0.04266143486000000   0.59999893077981844
 -0.04266142486000000   0.59999893114189100
 -0.04266141486000000   0.59999893150396346
 -0.04266140486000000   0.59999893186603582
 -0.04266139486000000   0.59999893222810808
 -0.04266138486000000   0.59999893259018023
 -0.04266137486000000   0.59999893295225229
 -0.04266136486000000   0.59999893331432425
 -0.04266135486000000   0.59999893367639611
 -0.04266134486000000   0.59999893403846786
 -0.04266133486000000   0.59999893440053951
 -0.04266132486000000   0.59999893476261107
 -0.04266131486000000   0.59999893512468253
 -0.04266130486000000   0.59999893548675389
 -0.04266129486000000   0.59999893584882514
 -0.04266128486000000   0.59999893621089629
 -0.04266127486000000   0.59999893657296735
 -0.04266126486000000   0.59999893693503831
 -0.04266125486000000   0.59999893729710917
 -0.04266124486000000   0.59999893765917992
 -0.04266123486000000   0.59999893802125058
 -0.04266122486000000   0.59999893838332113
 -0.04266121486000000   0.59999893874539159
 -0.04266120486000000   0.59999893910746194
 -0.04266119486000000   0.59999893946953220
 -0.04266118486000000   0.59999893983160235
 -0.04266117486000000   0.59999894019367241
 -0.04266116486000000   0.59999894055574236
 -0.04266115486000000   0.59999894091781221
 -0.04266114486000000   0.59999894127988197
 -0.04266113486000000   0.59999894164195162
 -0.04266112486000000   0.59999894200402118
 -0.04266111486000000   0.59999894236609063
 -0.04266110486000000   0.59999894272815999
 -0.04266109486000000   0.59999894309022924
 -0.04266108486000000   0.59999894345229839
 -0.04266107486000000   0.59999894381436745
 -0.04266106486000000   0.59999894417643640
 -0.04266105486000000   0.59999894453850525
 -0.04266104486000000   0.59999894490057401
 -0.04266103486000000   0.59999894526264266
 -0.04266102486000000   0.59999894562471121
 -0.04266101486000000   0.59999894598677967
 -0.04266100486000000   0.59999894634884802
 -0.04266099486000000   0.59999894671091627
 -0.04266098486000000   0.59999894707298443
 -0.04266097486000000   0.59999894743505248
 -0.04266096486000000   0.59999894779712043
 -0.04266095486000000   0.59999894815918829
 -0.04266094486000000   0.59999894852125604
 -0.04266093486000000   0.59999894888332369
 -0.04266092486000000   0.59999894924539124
 -0.04266091486000000   0.59999894960745870
 -0.04266090486000000   0.59999894996952605
 -0.04266089486000000   0.59999895033159330
 -0.04266088486000000   0.59999895069366045
 -0.04266087486000000   0.59999895105572750
 -0.04266086486000000   0.59999895141779446
 -0.04266085486000000   0.59999895177986131
 -0.04266084486000000   0.59999895214192806
 -0.04266083486000000   0.59999895250399471
 -0.04266082486000000   0.59999895286606126
 -0.04266081486000000   0.59999895322812771
 -0.04266080486000000   0.59999895359019406
 -0.04266079486000000   0.59999895395226031
 -0.04266078486000000   0.59999895431432646
 -0.04266077486000000   0.59999895467639252
 -0.04266076486000000   0.59999895503845847
 -0.04266075486000000   0.59999895540052432
 -0.04266074486000000   0.59999895576259007
 -0.04266073486000000   0.59999895612465572
 -0.04266072486000000   0.59999895648672127
 -0.04266071486000000   0.59999895684878672
 -0.04266070486000000   0.59999895721085207
 -0.04266069486000000   0.59999895757291732
 -0.04266068486000000   0.59999895793498247
 -0.04266067486000000   0.59999895829704752
 -0.04266066486000000   0.59999895865911247
 -0.04266065486000000   0.59999895902117732
 -0.04266064486000000   0.59999895938324208
 -0.04266063486000000   0.59999895974530672
 -0.04266062486000000   0.59999896010737127
 -0.04266061486000000   0.59999896046943572
 -0.04266060486000000   0.59999896083150007
 -0.04266059486000000   0.59999896119356432
 -0.04266058486000000   0.59999896155562847
 -0.04266057486000000   0.59999896191769252
 -0.04266056486000000   0.59999896227975647
 -0.04266055486000000   0.59999896264182032
 -0.04266054486000000   0.59999896300388407
 -0.04266053486000000   0.59999896336594772
 -0.04266052486000000   0.59999896372801127
 -0.04266051486000000   0.59999896409007472
 -0.04266050486000000   0.59999896445213807
 -0.04266049486000000   0.59999896481420132
 -0.04266048486000000   0.59999896517626447
 -0.04266047486000000   0.59999896553832751
 -0.04266046486000000   0.59999896590039046
 -0.04266045486000000   0.59999896626245331
 -0.04266044486000000   0.59999896662451606
 -0.04266043486000000   0.59999896698657871
 -0.04266042486000000   0.59999896734864126
 -0.04266041486000000   0.59999896771070370
 -0.04266040486000000   0.59999896807276606
 -0.04266039486000000   0.59999896843482830
 -0.04266038486000000   0.59999896879689045
 -0.04266037486000000   0.59999896915895250
 -0.04266036486000000   0.59999896952101445
 -0.04266035486000000   0.59999896988307630
 -0.04266034486000000   0.59999897024513804
 -0.04266033486000000   0.59999897060719969
 -0.04266032486000000   0.59999897096926124
 -0.04266031486000000   0.59999897133132269
 -0.04266030486000000   0.59999897169338404
 -0.04266029486000000   0.59999897205544529
 -0.04266028486000000   0.59999897241750643
 -0.04266027486000000   0.59999897277956748
 -0.04266026486000000   0.59999897314162843
 -0.04266025486000000   0.59999897350368927
 -0.04266024486000000   0.59999897386575002
 -0.04266023486000000   0.59999897422781067
 -0.04266022486000000   0.59999897458987122
 -0.04266021486000000   0.59999897495193166
 -0.04266020486000000   0.59999897531399201
 -0.04266019486000000   0.59999897567605226
 -0.04266018486000000   0.59999897603811241
 -0.04266017486000000   0.59999897640017246
 -0.04266016486000000   0.59999897676223240
 -0.04266015486000000   0.59999897712429225
 -0.04266014486000000   0.59999897748635200
 -0.04266013486000000   0.59999897784841164
 -0.04266012486000000   0.59999897821047119
 -0.04266011486000000   0.59999897857253064
 -0.04266010486000000   0.59999897893458999
 -0.04266009486000000   0.59999897929664923
 -0.04266008486000000   0.59999897965870838
 -0.04266007486000000   0.59999898002076743
 -0.04266006486000000   0.59999898038282637
 -0.04266005486000000   0.59999898074488522
 -0.04266004486000000   0.59999898110694397
 -0.04266003486000000   0.59999898146900262
 -0.04266002486000000   0.59999898183106116
 -0.04266001486000000   0.59999898219311961
 -0.04266000486000000   0.59999898255517795
 -0.04265999486000000   0.59999898291723620
 -0.04265998486000000   0.59999898327929435
 -0.04265997486000000   0.59999898364135239
 -0.04265996486000000   0.59999898400341034
 -0.04265995486000000   0.59999898436546819
 -0.04265994486000000   0.59999898472752594
 -0.04265993486000000   0.59999898508958358
 -0.04265992486000000   0.59999898545164113
 -0.04265991486000000   0.59999898581369858
 -0.04265990486000000   0.59999898617575592
 -0.04265989486000000   0.59999898653781317
 -0.04265988486000000   0.59999898689987031
 -0.04265987486000000   0.59999898726192736
 -0.04265986486000000   0.59999898762398431
 -0.04265985486000000   0.59999898798604115
 -0.04265984486000000   0.59999898834809790
 -0.04265983486000000   0.59999898871015455
 -0.04265982486000000   0.59999898907221109
 -0.04265981486000000   0.59999898943426754
 -0.04265980486000000   0.59999898979632389
 -0.04265979486000000   0.59999899015838013
 -0.04265978486000000   0.59999899052043628
 -0.04265977486000000   0.59999899088249232
 -0.04265976486000000   0.59999899124454827
 -0.04265975486000000   0.59999899160660412
 -0.04265974486000000   0.59999899196865986
 -0.04265973486000000   0.59999899233071551
 -0.04265972486000000   0.59999899269277106
 -0.04265971486000000   0.59999899305482650
 -0.04265970486000000   0.59999899341688185
 -0.04265969486000000   0.59999899377893709
 -0.04265968486000000   0.59999899414099224
 -0.04265967486000000   0.59999899450304729
 -0.04265966486000000   0.59999899486510223
 -0.04265965486000000   0.59999899522715708
 -0.04265964486000000   0.59999899558921182
 -0.04265963486000000   0.59999899595126647
 -0.04265962486000000   0.59999899631332102
 -0.04265961486000000   0.59999899667537546
 -0.04265960486000000   0.59999899703742981
 -0.04265959486000000   0.59999899739948406
 -0.04265958486000000   0.59999899776153820
 -0.04265957486000000   0.59999899812359225
 -0.04265956486000000   0.59999899848564619
 -0.04265955486000000   0.59999899884770004
 -0.04265954486000000   0.59999899920975379
 -0.04265953486000000   0.59999899957180743
 -0.04265952486000000   0.59999899993386098
 -0.04265951486000000   0.59999900029591442
 -0.04265950486000000   0.59999900065796777
 -0.04265949486000000   0.59999900102002102
 -0.04265948486000000   0.59999900138207416
 -0.04265947486000000   0.59999900174412721
 -0.04265946486000000   0.59999900210618016
 -0.04265945486000000   0.59999900246823300
 -0.04265944486000000   0.59999900283028575
 -0.04265943486000000   0.59999900319233839
 -0.04265942486000000   0.59999900355439094
 -0.04265941486000000   0.59999900391644338
 -0.04265940486000000   0.59999900427849573
 -0.04265939486000000   0.59999900464054798
 -0.04265938486000000   0.59999900500260012
 -0.04265937486000000   0.59999900536465217
 -0.04265936486000000   0.59999900572670412
 -0.04265935486000000   0.59999900608875596
 -0.04265934486000000   0.59999900645080771
 -0.04265933486000000   0.59999900681285935
 -0.04265932486000000   0.59999900717491090
 -0.04265931486000000   0.59999900753696235
 -0.04265930486000000   0.59999900789901369
 -0.04265929486000000   0.59999900826106494
 -0.04265928486000000   0.59999900862311609
 -0.04265927486000000   0.59999900898516713
 -0.04265926486000000   0.59999900934721808
 -0.04265925486000000   0.59999900970926893
 -0.04265924486000000   0.59999901007131967
 -0.04265923486000000   0.59999901043337032
 -0.04265922486000000   0.59999901079542087
 -0.04265921486000000   0.59999901115747131
 -0.04265920486000000   0.59999901151952166
 -0.04265919486000000   0.59999901188157191
 -0.04265918486000000   0.59999901224362205
 -0.04265917486000000   0.59999901260567210
 -0.04265916486000000   0.59999901296772204
 -0.04265915486000000   0.59999901332977189
 -0.04265914486000000   0.59999901369182164
 -0.04265913486000000   0.59999901405387129
 -0.04265912486000000   0.59999901441592083
 -0.04265911486000000   0.59999901477797028
 -0.04265910486000000   0.59999901514001963
 -0.04265909486000000   0.59999901550206887
 -0.04265908486000000   0.59999901586411802
 -0.04265907486000000   0.59999901622616707
 -0.04265906486000000   0.59999901658821601
 -0.04265905486000000   0.59999901695026486
 -0.04265904486000000   0.59999901731231361
 -0.04265903486000000   0.59999901767436225
 -0.04265902486000000   0.59999901803641080
 -0.04265901486000000   0.59999901839845925
 -0.04265900486000000   0.59999901876050759
 -0.04265899486000000   0.59999901912255584
 -0.04265898486000000   0.59999901948460399
 -0.04265897486000000   0.59999901984665203
 -0.04265896486000000   0.59999902020869999
 -0.04265895486000000   0.59999902057074783
 -0.04265894486000000   0.59999902093279558
 -0.04265893486000000   0.59999902129484322
 -0.04265892486000000   0.59999902165689077
 -0.04265891486000000   0.59999902201893822
 -0.04265890486000000   0.59999902238098557
 -0.04265889486000000   0.59999902274303282
 -0.04265888486000000   0.59999902310507996
 -0.04265887486000000   0.59999902346712701
 -0.04265886486000000   0.59999902382917396
 -0.04265885486000000   0.59999902419122081
 -0.04265884486000000   0.59999902455326755
 -0.04265883486000000   0.59999902491531420
 -0.04265882486000000   0.59999902527736075
 -0.04265881486000000   0.59999902563940719
 -0.04265880486000000   0.59999902600145355
 -0.04265879486000000   0.59999902636349979
 -0.04265878486000000   0.59999902672554594
 -0.04265877486000000   0.59999902708759199
 -0.04265876486000000   0.59999902744963794
 -0.04265875486000000   0.59999902781168378
 -0.04265874486000000   0.59999902817372953
 -0.04265873486000000   0.59999902853577518
 -0.04265872486000000   0.59999902889782073
 -0.04265871486000000   0.59999902925986618
 -0.04265870486000000   0.59999902962191153
 -0.04265869486000000   0.59999902998395678
 -0.04265868486000000   0.59999903034600192
 -0.04265867486000000   0.59999903070804698
 -0.04265866486000000   0.59999903107009192
 -0.04265865486000000   0.59999903143213677
 -0.04265864486000000   0.59999903179418152
 -0.04265863486000000   0.59999903215622617
 -0.04265862486000000   0.59999903251827072
 -0.04265861486000000   0.59999903288031517
 -0.04265860486000000   0.59999903324235952
 -0.04265859486000000   0.59999903360440376
 -0.04265858486000000   0.59999903396644791
 -0.04265857486000000   0.59999903432849196
 -0.04265856486000000   0.59999903469053591
 -0.04265855486000000   0.59999903505257976
 -0.04265854486000000   0.59999903541462351
 -0.04265853486000000   0.59999903577666716
 -0.04265852486000000   0.59999903613871071
 -0.04265851486000000   0.59999903650075416
 -0.04265850486000000   0.59999903686279751
 -0.04265849486000000   0.59999903722484076
 -0.04265848486000000   0.59999903758688391
 -0.04265847486000000   0.59999903794892696
 -0.04265846486000000   0.59999903831096991
 -0.04265845486000000   0.59999903867301276
 -0.04265844486000000   0.59999903903505551
 -0.04265843486000000   0.59999903939709816
 -0.04265842486000000   0.59999903975914071
 -0.04265841486000000   0.59999904012118316
 -0.04265840486000000   0.59999904048322551
 -0.04265839486000000   0.59999904084526776
 -0.04265838486000000   0.59999904120730991
 -0.04265837486000000   0.59999904156935196
 -0.04265836486000000   0.59999904193139391
 -0.04265835486000000   0.59999904229343576
 -0.04265834486000000   0.59999904265547751
 -0.04265833486000000   0.59999904301751917
 -0.04265832486000000   0.59999904337956072
 -0.04265831486000000   0.59999904374160217
 -0.04265830486000000   0.59999904410364352
 -0.04265829486000000   0.59999904446568477
 -0.04265828486000000   0.59999904482772592
 -0.04265827486000000   0.59999904518976697
 -0.04265826486000000   0.59999904555180792
 -0.04265825486000000   0.59999904591384878
 -0.04265824486000000   0.59999904627588953
 -0.04265823486000000   0.59999904663793018
 -0.04265822486000000   0.59999904699997073
 -0.04265821486000000   0.59999904736201118
 -0.04265820486000000   0.59999904772405153
 -0.04265819486000000   0.59999904808609179
 -0.04265818486000000   0.59999904844813194
 -0.04265817486000000   0.59999904881017199
 -0.04265816486000000   0.59999904917221194
 -0.04265815486000000   0.59999904953425180
 -0.04265814486000000   0.59999904989629155
 -0.04265813486000000   0.59999905025833120
 -0.04265812486000000   0.59999905062037076
 -0.04265811486000000   0.59999905098241021
 -0.04265810486000000   0.59999905134444956
 -0.04265809486000000   0.59999905170648881
 -0.04265808486000000   0.59999905206852797
 -0.04265807486000000   0.59999905243056702
 -0.04265806486000000   0.59999905279260597
 -0.04265805486000000   0.59999905315464483
 -0.04265804486000000   0.59999905351668358
 -0.04265803486000000   0.59999905387872223
 -0.04265802486000000   0.59999905424076079
 -0.04265801486000000   0.59999905460279924
 -0.04265800486000000   0.59999905496483760
 -0.04265799486000000   0.59999905532687585
 -0.04265798486000000   0.59999905568891400
 -0.04265797486000000   0.59999905605095206
 -0.04265796486000000   0.59999905641299001
 -0.04265795486000000   0.59999905677502787
 -0.04265794486000000   0.59999905713706562
 -0.04265793486000000   0.59999905749910328
 -0.04265792486000000   0.59999905786114083
 -0.04265791486000000   0.59999905822317828
 -0.04265790486000000   0.59999905858521564
 -0.04265789486000000   0.59999905894725290
 -0.04265788486000000   0.59999905930929005
 -0.04265787486000000   0.59999905967132711
 -0.04265786486000000   0.59999906003336406
 -0.04265785486000000   0.59999906039540092
 -0.04265784486000000   0.59999906075743767
 -0.04265783486000000   0.59999906111947433
 -0.04265782486000000   0.59999906148151088
 -0.04265781486000000   0.59999906184354734
 -0.04265780486000000   0.59999906220558370
 -0.04265779486000000   0.59999906256761995
 -0.04265778486000000   0.59999906292965611
 -0.04265777486000000   0.59999906329169217
 -0.04265776486000000   0.59999906365372812
 -0.04265775486000000   0.59999906401576398
 -0.04265774486000000   0.59999906437779974
 -0.04265773486000000   0.59999906473983539
 -0.04265772486000000   0.59999906510187095
 -0.04265771486000000   0.59999906546390641
 -0.04265770486000000   0.59999906582594176
 -0.04265769486000000   0.59999906618797702
 -0.04265768486000000   0.59999906655001218
 -0.04265767486000000   0.59999906691204724
 -0.04265766486000000   0.59999906727408219
 -0.04265765486000000   0.59999906763611705
 -0.04265764486000000   0.59999906799815181
 -0.04265763486000000   0.59999906836018647
 -0.04265762486000000   0.59999906872222103
 -0.04265761486000000   0.59999906908425548
 -0.04265760486000000   0.59999906944628984
 -0.04265759486000000   0.59999906980832410
 -0.04265758486000000   0.59999907017035826
 -0.04265757486000000   0.59999907053239232
 -0.04265756486000000   0.59999907089442628
 -0.04265755486000000   0.59999907125646014
 -0.04265754486000000   0.59999907161849390
 -0.04265753486000000   0.59999907198052756
 -0.04265752486000000   0.59999907234256112
 -0.04265751486000000   0.59999907270459458
 -0.04265750486000000   0.59999907306662794
 -0.04265749486000000   0.59999907342866120
 -0.04265748486000000   0.59999907379069436
 -0.04265747486000000   0.59999907415272741
 -0.04265746486000000   0.59999907451476038
 -0.04265745486000000   0.59999907487679324
 -0.04265744486000000   0.59999907523882600
 -0.04265743486000000   0.59999907560085866
 -0.04265742486000000   0.59999907596289122
 -0.04265741486000000   0.59999907632492368
 -0.04265740486000000   0.59999907668695604
 -0.04265739486000000   0.59999907704898830
 -0.04265738486000000   0.59999907741102047
 -0.04265737486000000   0.59999907777305253
 -0.04265736486000000   0.59999907813508449
 -0.04265735486000000   0.59999907849711635
 -0.04265734486000000   0.59999907885914811
 -0.04265733486000000   0.59999907922117978
 -0.04265732486000000   0.59999907958321134
 -0.04265731486000000   0.59999907994524280
 -0.04265730486000000   0.59999908030727416
 -0.04265729486000000   0.59999908066930543
 -0.04265728486000000   0.59999908103133659
 -0.04265727486000000   0.59999908139336765
 -0.04265726486000000   0.59999908175539862
 -0.04265725486000000   0.59999908211742948
 -0.04265724486000000   0.59999908247946024
 -0.04265723486000000   0.59999908284149090
 -0.04265722486000000   0.59999908320352147
 -0.04265721486000000   0.59999908356555193
 -0.04265720486000000   0.59999908392758230
 -0.04265719486000000   0.59999908428961256
 -0.04265718486000000   0.59999908465164273
 -0.04265717486000000   0.59999908501367279
 -0.04265716486000000   0.59999908537570275
 -0.04265715486000000   0.59999908573773262
 -0.04265714486000000   0.59999908609976239
 -0.04265713486000000   0.59999908646179205
 -0.04265712486000000   0.59999908682382162
 -0.04265711486000000   0.59999908718585108
 -0.04265710486000000   0.59999908754788045
 -0.04265709486000000   0.59999908790990971
 -0.04265708486000000   0.59999908827193888
 -0.04265707486000000   0.59999908863396794
 -0.04265706486000000   0.59999908899599691
 -0.04265705486000000   0.59999908935802578
 -0.04265704486000000   0.59999908972005454
 -0.04265703486000000   0.59999909008208321
 -0.04265702486000000   0.59999909044411178
 -0.04265701486000000   0.59999909080614025
 -0.04265700486000000   0.59999909116816861
 -0.04265699486000000   0.59999909153019688
 -0.04265698486000000   0.59999909189222505
 -0.04265697486000000   0.59999909225425312
 -0.04265696486000000   0.59999909261628108
 -0.04265695486000000   0.59999909297830895
 -0.04265694486000000   0.59999909334033672
 -0.04265693486000000   0.59999909370236439
 -0.04265692486000000   0.59999909406439196
 -0.04265691486000000   0.59999909442641943
 -0.04265690486000000   0.59999909478844680
 -0.04265689486000000   0.59999909515047407
 -0.04265688486000000   0.59999909551250124
 -0.04265687486000000   0.59999909587452831
 -0.04265686486000000   0.59999909623655528
 -0.04265685486000000   0.59999909659858215
 -0.04265684486000000   0.59999909696060892
 -0.04265683486000000   0.59999909732263559
 -0.04265682486000000   0.59999909768466215
 -0.04265681486000000   0.59999909804668862
 -0.04265680486000000   0.59999909840871500
 -0.04265679486000000   0.59999909877074127
 -0.04265678486000000   0.59999909913276744
 -0.04265677486000000   0.59999909949479351
 -0.04265676486000000   0.59999909985681948
 -0.04265675486000000   0.59999910021884536
 -0.04265674486000000   0.59999910058087113
 -0.04265673486000000   0.59999910094289680
 -0.04265672486000000   0.59999910130492237
 -0.04265671486000000   0.59999910166694784
 -0.04265670486000000   0.59999910202897322
 -0.04265669486000000   0.59999910239099849
 -0.04265668486000000   0.59999910275302366
 -0.04265667486000000   0.59999910311504874
 -0.04265666486000000   0.59999910347707371
 -0.04265665486000000   0.59999910383909858
 -0.04265664486000000   0.59999910420112336
 -0.04265663486000000   0.59999910456314803
 -0.04265662486000000   0.59999910492517260
 -0.04265661486000000   0.59999910528719708
 -0.04265660486000000   0.59999910564922145
 -0.04265659486000000   0.59999910601124573
 -0.04265658486000000   0.59999910637326990
 -0.04265657486000000   0.59999910673529398
 -0.04265656486000000   0.59999910709731795
 -0.04265655486000000   0.59999910745934183
 -0.04265654486000000   0.59999910782136561
 -0.04265653486000000   0.59999910818338928
 -0.04265652486000000   0.59999910854541286
 -0.04265651486000000   0.59999910890743634
 -0.04265650486000000   0.59999910926945971
 -0.04265649486000000   0.59999910963148299
 -0.04265648486000000   0.59999910999350616
 -0.04265647486000000   0.59999911035552924
 -0.04265646486000000   0.59999911071755222
 -0.04265645486000000   0.59999911107957510
 -0.04265644486000000   0.59999911144159787
 -0.04265643486000000   0.59999911180362055
 -0.04265642486000000   0.59999911216564313
 -0.04265641486000000   0.59999911252766561
 -0.04265640486000000   0.59999911288968799
 -0.04265639486000000   0.59999911325171027
 -0.04265638486000000   0.59999911361373244
 -0.04265637486000000   0.59999911397575453
 -0.04265636486000000   0.59999911433777650
 -0.04265635486000000   0.59999911469979838
 -0.04265634486000000   0.59999911506182016
 -0.04265633486000000   0.59999911542384184
 -0.04265632486000000   0.59999911578586342
 -0.04265631486000000   0.59999911614788490
 -0.04265630486000000   0.59999911650990629
 -0.04265629486000000   0.59999911687192757
 -0.04265628486000000   0.59999911723394875
 -0.04265627486000000   0.59999911759596983
 -0.04265626486000000   0.59999911795799081
 -0.04265625486000000   0.59999911832001169
 -0.04265624486000000   0.59999911868203247
 -0.04265623486000000   0.59999911904405316
 -0.04265622486000000   0.59999911940607374
 -0.04265621486000000   0.59999911976809422
 -0.04265620486000000   0.59999912013011460
 -0.04265619486000000   0.59999912049213489
 -0.04265618486000000   0.59999912085415507
 -0.04265617486000000   0.59999912121617515
 -0.04265616486000000   0.59999912157819514
 -0.04265615486000000   0.59999912194021502
 -0.04265614486000000   0.59999912230223481
 -0.04265613486000000   0.59999912266425449
 -0.04265612486000000   0.59999912302627408
 -0.04265611486000000   0.59999912338829356
 -0.04265610486000000   0.59999912375031294
 -0.04265609486000000   0.59999912411233223
 -0.04265608486000000   0.59999912447435142
 -0.04265607486000000   0.59999912483637050
 -0.04265606486000000   0.59999912519838949
 -0.04265605486000000   0.59999912556040837
 -0.04265604486000000   0.59999912592242716
 -0.04265603486000000   0.59999912628444585
 -0.04265602486000000   0.59999912664646443
 -0.04265601486000000   0.59999912700848292
 -0.04265600486000000   0.59999912737050131
 -0.04265599486000000   0.59999912773251960
 -0.04265598486000000   0.59999912809453778
 -0.04265597486000000   0.59999912845655587
 -0.04265596486000000   0.59999912881857386
 -0.04265595486000000   0.59999912918059175
 -0.04265594486000000   0.59999912954260954
 -0.04265593486000000   0.59999912990462723
 -0.04265592486000000   0.59999913026664482
 -0.04265591486000000   0.59999913062866231
 -0.04265590486000000   0.59999913099067969
 -0.04265589486000000   0.59999913135269699
 -0.04265588486000000   0.59999913171471418
 -0.04265587486000000   0.59999913207673127
 -0.04265586486000000   0.59999913243874825
 -0.04265585486000000   0.59999913280076515
 -0.04265584486000000   0.59999913316278194
 -0.04265583486000000   0.59999913352479863
 -0.04265582486000000   0.59999913388681522
 -0.04265581486000000   0.59999913424883171
 -0.04265580486000000   0.59999913461084811
 -0.04265579486000000   0.59999913497286440
 -0.04265578486000000   0.59999913533488059
 -0.04265577486000000   0.59999913569689668
 -0.04265576486000000   0.59999913605891268
 -0.04265575486000000   0.59999913642092857
 -0.04265574486000000   0.59999913678294436
 -0.04265573486000000   0.59999913714496006
 -0.04265572486000000   0.59999913750697565
 -0.04265571486000000   0.59999913786899115
 -0.04265570486000000   0.59999913823100654
 -0.04265569486000000   0.59999913859302184
 -0.04265568486000000   0.59999913895503703
 -0.04265567486000000   0.59999913931705213
 -0.04265566486000000   0.59999913967906712
 -0.04265565486000000   0.59999914004108202
 -0.04265564486000000   0.59999914040309681
 -0.04265563486000000   0.59999914076511151
 -0.04265562486000000   0.59999914112712611
 -0.04265561486000000   0.59999914148914060
 -0.04265560486000000   0.59999914185115500
 -0.04265559486000000   0.59999914221316930
 -0.04265558486000000   0.59999914257518350
 -0.04265557486000000   0.59999914293719759
 -0.04265556486000000   0.59999914329921159
 -0.04265555486000000   0.59999914366122549
 -0.04265554486000000   0.59999914402323929
 -0.04265553486000000   0.59999914438525299
 -0.04265552486000000   0.59999914474726659
 -0.04265551486000000   0.59999914510928009
 -0.04265550486000000   0.59999914547129349
 -0.04265549486000000   0.59999914583330679
 -0.04265548486000000   0.59999914619531999
 -0.04265547486000000   0.59999914655733309
 -0.04265546486000000   0.59999914691934609
 -0.04265545486000000   0.59999914728135899
 -0.04265544486000000   0.59999914764337179
 -0.04265543486000000   0.59999914800538449
 -0.04265542486000000   0.59999914836739710
 -0.04265541486000000   0.59999914872940960
 -0.04265540486000000   0.59999914909142200
 -0.04265539486000000   0.59999914945343431
 -0.04265538486000000   0.59999914981544651
 -0.04265537486000000   0.59999915017745861
 -0.04265536486000000   0.59999915053947061
 -0.04265535486000000   0.59999915090148252
 -0.04265534486000000   0.59999915126349432
 -0.04265533486000000   0.59999915162550603
 -0.04265532486000000   0.59999915198751763
 -0.04265531486000000   0.59999915234952914
 -0.04265530486000000   0.59999915271154054
 -0.04265529486000000   0.59999915307355185
 -0.04265528486000000   0.59999915343556305
 -0.04265527486000000   0.59999915379757416
 -0.04265526486000000   0.59999915415958517
 -0.04265525486000000   0.59999915452159607
 -0.04265524486000000   0.59999915488360688
 -0.04265523486000000   0.59999915524561759
 -0.04265522486000000   0.59999915560762819
 -0.04265521486000000   0.59999915596963870
 -0.04265520486000000   0.59999915633164911
 -0.04265519486000000   0.59999915669365942
 -0.04265518486000000   0.59999915705566963
 -0.04265517486000000   0.59999915741767974
 -0.04265516486000000   0.59999915777968975
 -0.04265515486000000   0.59999915814169966
 -0.04265514486000000   0.59999915850370946
 -0.04265513486000000   0.59999915886571918
 -0.04265512486000000   0.59999915922772879
 -0.04265511486000000   0.59999915958973830
 -0.04265510486000000   0.59999915995174771
 -0.04265509486000000   0.59999916031375702
 -0.04265508486000000   0.59999916067576623
 -0.04265507486000000   0.59999916103777534
 -0.04265506486000000   0.59999916139978435
 -0.04265505486000000   0.59999916176179327
 -0.04265504486000000   0.59999916212380208
 -0.04265503486000000   0.59999916248581079
 -0.04265502486000000   0.59999916284781941
 -0.04265501486000000   0.59999916320982792
 -0.04265500486000000   0.59999916357183633
 -0.04265499486000000   0.59999916393384465
 -0.04265498486000000   0.59999916429585286
 -0.04265497486000000   0.59999916465786098
 -0.04265496486000000   0.59999916501986899
 -0.04265495486000000   0.59999916538187691
 -0.04265494486000000   0.59999916574388472
 -0.04265493486000000   0.59999916610589244
 -0.04265492486000000   0.59999916646790006
 -0.04265491486000000   0.59999916682990757
 -0.04265490486000000   0.59999916719191499
 -0.04265489486000000   0.59999916755392231
 -0.04265488486000000   0.59999916791592952
 -0.04265487486000000   0.59999916827793664
 -0.04265486486000000   0.59999916863994366
 -0.04265485486000000   0.59999916900195058
 -0.04265484486000000   0.59999916936395740
 -0.04265483486000000   0.59999916972596412
 -0.04265482486000000   0.59999917008797073
 -0.04265481486000000   0.59999917044997725
 -0.04265480486000000   0.59999917081198367
 -0.04265479486000000   0.59999917117399000
 -0.04265478486000000   0.59999917153599622
 -0.04265477486000000   0.59999917189800234
 -0.04265476486000000   0.59999917226000836
 -0.04265475486000000   0.59999917262201428
 -0.04265474486000000   0.59999917298402010
 -0.04265473486000000   0.59999917334602582
 -0.04265472486000000   0.59999917370803145
 -0.04265471486000000   0.59999917407003697
 -0.04265470486000000   0.59999917443204239
 -0.04265469486000000   0.59999917479404772
 -0.04265468486000000   0.59999917515605294
 -0.04265467486000000   0.59999917551805807
 -0.04265466486000000   0.59999917588006309
 -0.04265465486000000   0.59999917624206802
 -0.04265464486000000   0.59999917660407284
 -0.04265463486000000   0.59999917696607757
 -0.04265462486000000   0.59999917732808219
 -0.04265461486000000   0.59999917769008672
 -0.04265460486000000   0.59999917805209114
 -0.04265459486000000   0.59999917841409547
 -0.04265458486000000   0.59999917877609970
 -0.04265457486000000   0.59999917913810383
 -0.04265456486000000   0.59999917950010785
 -0.04265455486000000   0.59999917986211178
 -0.04265454486000000   0.59999918022411561
 -0.04265453486000000   0.59999918058611934
 -0.04265452486000000   0.59999918094812296
 -0.04265451486000000   0.59999918131012649
 -0.04265450486000000   0.59999918167212993
 -0.04265449486000000   0.59999918203413325
 -0.04265448486000000   0.59999918239613649
 -0.04265447486000000   0.59999918275813962
 -0.04265446486000000   0.59999918312014265
 -0.04265445486000000   0.59999918348214558
 -0.04265444486000000   0.59999918384414841
 -0.04265443486000000   0.59999918420615114
 -0.04265442486000000   0.59999918456815378
 -0.04265441486000000   0.59999918493015631
 -0.04265440486000000   0.59999918529215874
 -0.04265439486000000   0.59999918565416107
 -0.04265438486000000   0.59999918601616331
 -0.04265437486000000   0.59999918637816544
 -0.04265436486000000   0.59999918674016748
 -0.04265435486000000   0.59999918710216941
 -0.04265434486000000   0.59999918746417125
 -0.04265433486000000   0.59999918782617298
 -0.04265432486000000   0.59999918818817462
 -0.04265431486000000   0.59999918855017615
 -0.04265430486000000   0.59999918891217759
 -0.04265429486000000   0.59999918927417893
 -0.04265428486000000   0.59999918963618016
 -0.04265427486000000   0.59999918999818130
 -0.04265426486000000   0.59999919036018234
 -0.04265425486000000   0.59999919072218328
 -0.04265424486000000   0.59999919108418412
 -0.04265423486000000   0.59999919144618485
 -0.04265422486000000   0.59999919180818549
 -0.04265421486000000   0.59999919217018603
 -0.04265420486000000   0.59999919253218647
 -0.04265419486000000   0.59999919289418682
 -0.04265418486000000   0.59999919325618705
 -0.04265417486000000   0.59999919361818720
 -0.04265416486000000   0.59999919398018724
 -0.04265415486000000   0.59999919434218718
 -0.04265414486000000   0.59999919470418702
 -0.04265413486000000   0.59999919506618676
 -0.04265412486000000   0.59999919542818640
 -0.04265411486000000   0.59999919579018595
 -0.04265410486000000   0.59999919615218539
 -0.04265409486000000   0.59999919651418474
 -0.04265408486000000   0.59999919687618398
 -0.04265407486000000   0.59999919723818312
 -0.04265406486000000   0.59999919760018217
 -0.04265405486000000   0.59999919796218111
 -0.04265404486000000   0.59999919832417996
 -0.04265403486000000   0.59999919868617871
 -0.04265402486000000   0.59999919904817735
 -0.04265401486000000   0.59999919941017590
 -0.04265400486000000   0.59999919977217434
 -0.04265399486000000   0.59999920013417269
 -0.04265398486000000   0.59999920049617094
 -0.04265397486000000   0.59999920085816909
 -0.04265396486000000   0.59999920122016714
 -0.04265395486000000   0.59999920158216509
 -0.04265394486000000   0.59999920194416294
 -0.04265393486000000   0.59999920230616068
 -0.04265392486000000   0.59999920266815833
 -0.04265391486000000   0.59999920303015589
 -0.04265390486000000   0.59999920339215334
 -0.04265389486000000   0.59999920375415069
 -0.04265388486000000   0.59999920411614794
 -0.04265387486000000   0.59999920447814509
 -0.04265386486000000   0.59999920484014214
 -0.04265385486000000   0.59999920520213910
 -0.04265384486000000   0.59999920556413595
 -0.04265383486000000   0.59999920592613270
 -0.04265382486000000   0.59999920628812935
 -0.04265381486000000   0.59999920665012591
 -0.04265380486000000   0.59999920701212237
 -0.04265379486000000   0.59999920737411872
 -0.04265378486000000   0.59999920773611498
 -0.04265377486000000   0.59999920809811113
 -0.04265376486000000   0.59999920846010719
 -0.04265375486000000   0.59999920882210314
 -0.04265374486000000   0.59999920918409900
 -0.04265373486000000   0.59999920954609476
 -0.04265372486000000   0.59999920990809042
 -0.04265371486000000   0.59999921027008597
 -0.04265370486000000   0.59999921063208143
 -0.04265369486000000   0.59999921099407679
 -0.04265368486000000   0.59999921135607205
 -0.04265367486000000   0.59999921171806721
 -0.04265366486000000   0.59999921208006227
 -0.04265365486000000   0.59999921244205723
 -0.04265364486000000   0.59999921280405209
 -0.04265363486000000   0.59999921316604685
 -0.04265362486000000   0.59999921352804151
 -0.04265361486000000   0.59999921389003607
 -0.04265360486000000   0.59999921425203054
 -0.04265359486000000   0.59999921461402490
 -0.04265358486000000   0.59999921497601916
 -0.04265357486000000   0.59999921533801332
 -0.04265356486000000   0.59999921570000739
 -0.04265355486000000   0.59999921606200135
 -0.04265354486000000   0.59999921642399522
 -0.04265353486000000   0.59999921678598898
 -0.04265352486000000   0.59999921714798265
 -0.04265351486000000   0.59999921750997621
 -0.04265350486000000   0.59999921787196968
 -0.04265349486000000   0.59999921823396304
 -0.04265348486000000   0.59999921859595631
 -0.04265347486000000   0.59999921895794948
 -0.04265346486000000   0.59999921931994254
 -0.04265345486000000   0.59999921968193551
 -0.04265344486000000   0.59999922004392838
 -0.04265343486000000   0.59999922040592115
 -0.04265342486000000   0.59999922076791382
 -0.04265341486000000   0.59999922112990639
 -0.04265340486000000   0.59999922149189886
 -0.04265339486000000   0.59999922185389123
 -0.04265338486000000   0.59999922221588350
 -0.04265337486000000   0.59999922257787567
 -0.04265336486000000   0.59999922293986774
 -0.04265335486000000   0.59999922330185972
 -0.04265334486000000   0.59999922366385159
 -0.04265333486000000   0.59999922402584336
 -0.04265332486000000   0.59999922438783504
 -0.04265331486000000   0.59999922474982661
 -0.04265330486000000   0.59999922511181808
 -0.04265329486000000   0.59999922547380946
 -0.04265328486000000   0.59999922583580073
 -0.04265327486000000   0.59999922619779191
 -0.04265326486000000   0.59999922655978298
 -0.04265325486000000   0.59999922692177396
 -0.04265324486000000   0.59999922728376483
 -0.04265323486000000   0.59999922764575561
 -0.04265322486000000   0.59999922800774629
 -0.04265321486000000   0.59999922836973687
 -0.04265320486000000   0.59999922873172735
 -0.04265319486000000   0.59999922909371773
 -0.04265318486000000   0.59999922945570801
 -0.04265317486000000   0.59999922981769818
 -0.04265316486000000   0.59999923017968826
 -0.04265315486000000   0.59999923054167825
 -0.04265314486000000   0.59999923090366812
 -0.04265313486000000   0.59999923126565791
 -0.04265312486000000   0.59999923162764759
 -0.04265311486000000   0.59999923198963717
 -0.04265310486000000   0.59999923235162665
 -0.04265309486000000   0.59999923271361604
 -0.04265308486000000   0.59999923307560532
 -0.04265307486000000   0.59999923343759450
 -0.04265306486000000   0.59999923379958359
 -0.04265305486000000   0.59999923416157257
 -0.04265304486000000   0.59999923452356146
 -0.04265303486000000   0.59999923488555024
 -0.04265302486000000   0.59999923524753893
 -0.04265301486000000   0.59999923560952752
 -0.04265300486000000   0.59999923597151600
 -0.04265299486000000   0.59999923633350439
 -0.04265298486000000   0.59999923669549267
 -0.04265297486000000   0.59999923705748087
 -0.04265296486000000   0.59999923741946895
 -0.04265295486000000   0.59999923778145694
 -0.04265294486000000   0.59999923814344483
 -0.04265293486000000   0.59999923850543262
 -0.04265292486000000   0.59999923886742031
 -0.04265291486000000   0.59999923922940790
 -0.04265290486000000   0.59999923959139539
 -0.04265289486000000   0.59999923995338278
 -0.04265288486000000   0.59999924031537008
 -0.04265287486000000   0.59999924067735727
 -0.04265286486000000   0.59999924103934436
 -0.04265285486000000   0.59999924140133136
 -0.04265284486000000   0.59999924176331825
 -0.04265283486000000   0.59999924212530504
 -0.04265282486000000   0.59999924248729174
 -0.04265281486000000   0.59999924284927833
 -0.04265280486000000   0.59999924321126483
 -0.04265279486000000   0.59999924357325122
 -0.04265278486000000   0.59999924393523752
 -0.04265277486000000   0.59999924429722372
 -0.04265276486000000   0.59999924465920981
 -0.04265275486000000   0.59999924502119581
 -0.04265274486000000   0.59999924538318171
 -0.04265273486000000   0.59999924574516751
 -0.04265272486000000   0.59999924610715321
 -0.04265271486000000   0.59999924646913881
 -0.04265270486000000   0.59999924683112431
 -0.04265269486000000   0.59999924719310971
 -0.04265268486000000   0.59999924755509501
 -0.04265267486000000   0.59999924791708021
 -0.04265266486000000   0.59999924827906531
 -0.04265265486000000   0.59999924864105031
 -0.04265264486000000   0.59999924900303521
 -0.04265263486000000   0.59999924936502002
 -0.04265262486000000   0.59999924972700472
 -0.04265261486000000   0.59999925008898933
 -0.04265260486000000   0.59999925045097383
 -0.04265259486000000   0.59999925081295824
 -0.04265258486000000   0.59999925117494254
 -0.04265257486000000   0.59999925153692675
 -0.04265256486000000   0.59999925189891085
 -0.04265255486000000   0.59999925226089486
 -0.04265254486000000   0.59999925262287877
 -0.04265253486000000   0.59999925298486257
 -0.04265252486000000   0.59999925334684628
 -0.04265251486000000   0.59999925370882989
 -0.04265250486000000   0.59999925407081340
 -0.04265249486000000   0.59999925443279681
 -0.04265248486000000   0.59999925479478012
 -0.04265247486000000   0.59999925515676333
 -0.04265246486000000   0.59999925551874644
 -0.04265245486000000   0.59999925588072945
 -0.04265244486000000   0.59999925624271236
 -0.04265243486000000   0.59999925660469518
 -0.04265242486000000   0.59999925696667789
 -0.04265241486000000   0.59999925732866050
 -0.04265240486000000   0.59999925769064302
 -0.04265239486000000   0.59999925805262543
 -0.04265238486000000   0.59999925841460774
 -0.04265237486000000   0.59999925877658996
 -0.04265236486000000   0.59999925913857208
 -0.04265235486000000   0.59999925950055409
 -0.04265234486000000   0.59999925986253601
 -0.04265233486000000   0.59999926022451783
 -0.04265232486000000   0.59999926058649954
 -0.04265231486000000   0.59999926094848116
 -0.04265230486000000   0.59999926131046268
 -0.04265229486000000   0.59999926167244410
 -0.04265228486000000   0.59999926203442542
 -0.04265227486000000   0.59999926239640664
 -0.04265226486000000   0.59999926275838776
 -0.04265225486000000   0.59999926312036878
 -0.04265224486000000   0.59999926348234970
 -0.04265223486000000   0.59999926384433052
 -0.04265222486000000   0.59999926420631124
 -0.04265221486000000   0.59999926456829187
 -0.04265220486000000   0.59999926493027239
 -0.04265219486000000   0.59999926529225281
 -0.04265218486000000   0.59999926565423313
 -0.04265217486000000   0.59999926601621336
 -0.04265216486000000   0.59999926637819349
 -0.04265215486000000   0.59999926674017351
 -0.04265214486000000   0.59999926710215344
 -0.04265213486000000   0.59999926746413326
 -0.04265212486000000   0.59999926782611299
 -0.04265211486000000   0.59999926818809262
 -0.04265210486000000   0.59999926855007215
 -0.04265209486000000   0.59999926891205158
 -0.04265208486000000   0.59999926927403091
 -0.04265207486000000   0.59999926963601013
 -0.04265206486000000   0.59999926999798926
 -0.04265205486000000   0.59999927035996830
 -0.04265204486000000   0.59999927072194723
 -0.04265203486000000   0.59999927108392606
 -0.04265202486000000   0.59999927144590479
 -0.04265201486000000   0.59999927180788342
 -0.04265200486000000   0.59999927216986195
 -0.04265199486000000   0.59999927253184039
 -0.04265198486000000   0.59999927289381872
 -0.04265197486000000   0.59999927325579696
 -0.04265196486000000   0.59999927361777509
 -0.04265195486000000   0.59999927397975313
 -0.04265194486000000   0.59999927434173106
 -0.04265193486000000   0.59999927470370890
 -0.04265192486000000   0.59999927506568664
 -0.04265191486000000   0.59999927542766427
 -0.04265190486000000   0.59999927578964181
 -0.04265189486000000   0.59999927615161925
 -0.04265188486000000   0.59999927651359659
 -0.04265187486000000   0.59999927687557383
 -0.04265186486000000   0.59999927723755097
 -0.04265185486000000   0.59999927759952801
 -0.04265184486000000   0.59999927796150495
 -0.04265183486000000   0.59999927832348179
