 -0.04360507686000000   0.59999897599396939
 -0.04360506686000000   0.59999897638816283
 -0.04360505686000000   0.59999897678235615
 -0.04360504686000000   0.59999897717654937
 -0.04360503686000000   0.59999897757074248
 -0.04360502686000000   0.59999897796493549
 -0.04360501686000000   0.59999897835912839
 -0.04360500686000000   0.59999897875332119
 -0.04360499686000000   0.59999897914751388
 -0.04360498686000000   0.59999897954170647
 -0.04360497686000000   0.59999897993589895
 -0.04360496686000000   0.59999898033009133
 -0.04360495686000000   0.59999898072428359
 -0.04360494686000000   0.59999898111847576
 -0.04360493686000000   0.59999898151266782
 -0.04360492686000000   0.59999898190685977
 -0.04360491686000000   0.59999898230105162
 -0.04360490686000000   0.59999898269524336
 -0.04360489686000000   0.59999898308943500
 -0.04360488686000000   0.59999898348362653
 -0.04360487686000000   0.59999898387781796
 -0.04360486686000000   0.59999898427200927
 -0.04360485686000000   0.59999898466620049
 -0.04360484686000000   0.59999898506039160
 -0.04360483686000000   0.59999898545458260
 -0.04360482686000000   0.59999898584877350
 -0.04360481686000000   0.59999898624296430
 -0.04360480686000000   0.59999898663715498
 -0.04360479686000000   0.59999898703134556
 -0.04360478686000000   0.59999898742553604
 -0.04360477686000000   0.59999898781972641
 -0.04360476686000000   0.59999898821391668
 -0.04360475686000000   0.59999898860810684
 -0.04360474686000000   0.59999898900229689
 -0.04360473686000000   0.59999898939648684
 -0.04360472686000000   0.59999898979067668
 -0.04360471686000000   0.59999899018486642
 -0.04360470686000000   0.59999899057905606
 -0.04360469686000000   0.59999899097324558
 -0.04360468686000000   0.59999899136743500
 -0.04360467686000000   0.59999899176162432
 -0.04360466686000000   0.59999899215581353
 -0.04360465686000000   0.59999899255000264
 -0.04360464686000000   0.59999899294419164
 -0.04360463686000000   0.59999899333838053
 -0.04360462686000000   0.59999899373256932
 -0.04360461686000000   0.59999899412675800
 -0.04360460686000000   0.59999899452094658
 -0.04360459686000000   0.59999899491513505
 -0.04360458686000000   0.59999899530932342
 -0.04360457686000000   0.59999899570351168
 -0.04360456686000000   0.59999899609769984
 -0.04360455686000000   0.59999899649188789
 -0.04360454686000000   0.59999899688607583
 -0.04360453686000000   0.59999899728026367
 -0.04360452686000000   0.59999899767445141
 -0.04360451686000000   0.59999899806863904
 -0.04360450686000000   0.59999899846282656
 -0.04360449686000000   0.59999899885701398
 -0.04360448686000000   0.59999899925120129
 -0.04360447686000000   0.59999899964538850
 -0.04360446686000000   0.59999900003957560
 -0.04360445686000000   0.59999900043376259
 -0.04360444686000000   0.59999900082794948
 -0.04360443686000000   0.59999900122213627
 -0.04360442686000000   0.59999900161632295
 -0.04360441686000000   0.59999900201050952
 -0.04360440686000000   0.59999900240469599
 -0.04360439686000000   0.59999900279888236
 -0.04360438686000000   0.59999900319306861
 -0.04360437686000000   0.59999900358725477
 -0.04360436686000000   0.59999900398144081
 -0.04360435686000000   0.59999900437562675
 -0.04360434686000000   0.59999900476981259
 -0.04360433686000000   0.59999900516399832
 -0.04360432686000000   0.59999900555818394
 -0.04360431686000000   0.59999900595236946
 -0.04360430686000000   0.59999900634655488
 -0.04360429686000000   0.59999900674074019
 -0.04360428686000000   0.59999900713492539
 -0.04360427686000000   0.59999900752911049
 -0.04360426686000000   0.59999900792329548
 -0.04360425686000000   0.59999900831748037
 -0.04360424686000000   0.59999900871166515
 -0.04360423686000000   0.59999900910584983
 -0.04360422686000000   0.59999900950003439
 -0.04360421686000000   0.59999900989421886
 -0.04360420686000000   0.59999901028840322
 -0.04360419686000000   0.59999901068258747
 -0.04360418686000000   0.59999901107677162
 -0.04360417686000000   0.59999901147095567
 -0.04360416686000000   0.59999901186513960
 -0.04360415686000000   0.59999901225932344
 -0.04360414686000000   0.59999901265350716
 -0.04360413686000000   0.59999901304769078
 -0.04360412686000000   0.59999901344187430
 -0.04360411686000000   0.59999901383605771
 -0.04360410686000000   0.59999901423024102
 -0.04360409686000000   0.59999901462442422
 -0.04360408686000000   0.59999901501860731
 -0.04360407686000000   0.59999901541279030
 -0.04360406686000000   0.59999901580697318
 -0.04360405686000000   0.59999901620115596
 -0.04360404686000000   0.59999901659533863
 -0.04360403686000000   0.59999901698952120
 -0.04360402686000000   0.59999901738370366
 -0.04360401686000000   0.59999901777788602
 -0.04360400686000000   0.59999901817206827
 -0.04360399686000000   0.59999901856625041
 -0.04360398686000000   0.59999901896043245
 -0.04360397686000000   0.59999901935461439
 -0.04360396686000000   0.59999901974879622
 -0.04360395686000000   0.59999902014297794
 -0.04360394686000000   0.59999902053715956
 -0.04360393686000000   0.59999902093134107
 -0.04360392686000000   0.59999902132552248
 -0.04360391686000000   0.59999902171970378
 -0.04360390686000000   0.59999902211388498
 -0.04360389686000000   0.59999902250806607
 -0.04360388686000000   0.59999902290224705
 -0.04360387686000000   0.59999902329642793
 -0.04360386686000000   0.59999902369060871
 -0.04360385686000000   0.59999902408478938
 -0.04360384686000000   0.59999902447896994
 -0.04360383686000000   0.59999902487315040
 -0.04360382686000000   0.59999902526733075
 -0.04360381686000000   0.59999902566151100
 -0.04360380686000000   0.59999902605569114
 -0.04360379686000000   0.59999902644987118
 -0.04360378686000000   0.59999902684405111
 -0.04360377686000000   0.59999902723823093
 -0.04360376686000000   0.59999902763241065
 -0.04360375686000000   0.59999902802659027
 -0.04360374686000000   0.59999902842076978
 -0.04360373686000000   0.59999902881494918
 -0.04360372686000000   0.59999902920912848
 -0.04360371686000000   0.59999902960330768
 -0.04360370686000000   0.59999902999748676
 -0.04360369686000000   0.59999903039166575
 -0.04360368686000000   0.59999903078584462
 -0.04360367686000000   0.59999903118002339
 -0.04360366686000000   0.59999903157420206
 -0.04360365686000000   0.59999903196838062
 -0.04360364686000000   0.59999903236255908
 -0.04360363686000000   0.59999903275673742
 -0.04360362686000000   0.59999903315091567
 -0.04360361686000000   0.59999903354509381
 -0.04360360686000000   0.59999903393927184
 -0.04360359686000000   0.59999903433344977
 -0.04360358686000000   0.59999903472762759
 -0.04360357686000000   0.59999903512180531
 -0.04360356686000000   0.59999903551598292
 -0.04360355686000000   0.59999903591016043
 -0.04360354686000000   0.59999903630433783
 -0.04360353686000000   0.59999903669851512
 -0.04360352686000000   0.59999903709269231
 -0.04360351686000000   0.59999903748686940
 -0.04360350686000000   0.59999903788104638
 -0.04360349686000000   0.59999903827522325
 -0.04360348686000000   0.59999903866940002
 -0.04360347686000000   0.59999903906357669
 -0.04360346686000000   0.59999903945775324
 -0.04360345686000000   0.59999903985192970
 -0.04360344686000000   0.59999904024610604
 -0.04360343686000000   0.59999904064028228
 -0.04360342686000000   0.59999904103445842
 -0.04360341686000000   0.59999904142863445
 -0.04360340686000000   0.59999904182281038
 -0.04360339686000000   0.59999904221698620
 -0.04360338686000000   0.59999904261116191
 -0.04360337686000000   0.59999904300533752
 -0.04360336686000000   0.59999904339951302
 -0.04360335686000000   0.59999904379368842
 -0.04360334686000000   0.59999904418786371
 -0.04360333686000000   0.59999904458203890
 -0.04360332686000000   0.59999904497621398
 -0.04360331686000000   0.59999904537038896
 -0.04360330686000000   0.59999904576456383
 -0.04360329686000000   0.59999904615873860
 -0.04360328686000000   0.59999904655291326
 -0.04360327686000000   0.59999904694708781
 -0.04360326686000000   0.59999904734126226
 -0.04360325686000000   0.59999904773543661
 -0.04360324686000000   0.59999904812961084
 -0.04360323686000000   0.59999904852378498
 -0.04360322686000000   0.59999904891795901
 -0.04360321686000000   0.59999904931213293
 -0.04360320686000000   0.59999904970630675
 -0.04360319686000000   0.59999905010048046
 -0.04360318686000000   0.59999905049465406
 -0.04360317686000000   0.59999905088882756
 -0.04360316686000000   0.59999905128300096
 -0.04360315686000000   0.59999905167717425
 -0.04360314686000000   0.59999905207134743
 -0.04360313686000000   0.59999905246552052
 -0.04360312686000000   0.59999905285969349
 -0.04360311686000000   0.59999905325386636
 -0.04360310686000000   0.59999905364803912
 -0.04360309686000000   0.59999905404221178
 -0.04360308686000000   0.59999905443638433
 -0.04360307686000000   0.59999905483055678
 -0.04360306686000000   0.59999905522472912
 -0.04360305686000000   0.59999905561890136
 -0.04360304686000000   0.59999905601307349
 -0.04360303686000000   0.59999905640724551
 -0.04360302686000000   0.59999905680141743
 -0.04360301686000000   0.59999905719558925
 -0.04360300686000000   0.59999905758976096
 -0.04360299686000000   0.59999905798393256
 -0.04360298686000000   0.59999905837810406
 -0.04360297686000000   0.59999905877227545
 -0.04360296686000000   0.59999905916644674
 -0.04360295686000000   0.59999905956061792
 -0.04360294686000000   0.59999905995478900
 -0.04360293686000000   0.59999906034895997
 -0.04360292686000000   0.59999906074313084
 -0.04360291686000000   0.59999906113730160
 -0.04360290686000000   0.59999906153147225
 -0.04360289686000000   0.59999906192564280
 -0.04360288686000000   0.59999906231981325
 -0.04360287686000000   0.59999906271398359
 -0.04360286686000000   0.59999906310815382
 -0.04360285686000000   0.59999906350232395
 -0.04360284686000000   0.59999906389649397
 -0.04360283686000000   0.59999906429066389
 -0.04360282686000000   0.59999906468483370
 -0.04360281686000000   0.59999906507900341
 -0.04360280686000000   0.59999906547317301
 -0.04360279686000000   0.59999906586734251
 -0.04360278686000000   0.59999906626151190
 -0.04360277686000000   0.59999906665568118
 -0.04360276686000000   0.59999906704985036
 -0.04360275686000000   0.59999906744401944
 -0.04360274686000000   0.59999906783818841
 -0.04360273686000000   0.59999906823235727
 -0.04360272686000000   0.59999906862652603
 -0.04360271686000000   0.59999906902069468
 -0.04360270686000000   0.59999906941486323
 -0.04360269686000000   0.59999906980903168
 -0.04360268686000000   0.59999907020320001
 -0.04360267686000000   0.59999907059736824
 -0.04360266686000000   0.59999907099153637
 -0.04360265686000000   0.59999907138570439
 -0.04360264686000000   0.59999907177987231
 -0.04360263686000000   0.59999907217404012
 -0.04360262686000000   0.59999907256820782
 -0.04360261686000000   0.59999907296237542
 -0.04360260686000000   0.59999907335654292
 -0.04360259686000000   0.59999907375071030
 -0.04360258686000000   0.59999907414487759
 -0.04360257686000000   0.59999907453904477
 -0.04360256686000000   0.59999907493321184
 -0.04360255686000000   0.59999907532737881
 -0.04360254686000000   0.59999907572154567
 -0.04360253686000000   0.59999907611571242
 -0.04360252686000000   0.59999907650987907
 -0.04360251686000000   0.59999907690404562
 -0.04360250686000000   0.59999907729821206
 -0.04360249686000000   0.59999907769237839
 -0.04360248686000000   0.59999907808654463
 -0.04360247686000000   0.59999907848071075
 -0.04360246686000000   0.59999907887487677
 -0.04360245686000000   0.59999907926904268
 -0.04360244686000000   0.59999907966320849
 -0.04360243686000000   0.59999908005737420
 -0.04360242686000000   0.59999908045153979
 -0.04360241686000000   0.59999908084570528
 -0.04360240686000000   0.59999908123987067
 -0.04360239686000000   0.59999908163403595
 -0.04360238686000000   0.59999908202820113
 -0.04360237686000000   0.59999908242236620
 -0.04360236686000000   0.59999908281653117
 -0.04360235686000000   0.59999908321069603
 -0.04360234686000000   0.59999908360486078
 -0.04360233686000000   0.59999908399902543
 -0.04360232686000000   0.59999908439318997
 -0.04360231686000000   0.59999908478735441
 -0.04360230686000000   0.59999908518151874
 -0.04360229686000000   0.59999908557568297
 -0.04360228686000000   0.59999908596984710
 -0.04360227686000000   0.59999908636401111
 -0.04360226686000000   0.59999908675817502
 -0.04360225686000000   0.59999908715233883
 -0.04360224686000000   0.59999908754650253
 -0.04360223686000000   0.59999908794066613
 -0.04360222686000000   0.59999908833482962
 -0.04360221686000000   0.59999908872899300
 -0.04360220686000000   0.59999908912315628
 -0.04360219686000000   0.59999908951731946
 -0.04360218686000000   0.59999908991148253
 -0.04360217686000000   0.59999909030564549
 -0.04360216686000000   0.59999909069980835
 -0.04360215686000000   0.59999909109397110
 -0.04360214686000000   0.59999909148813375
 -0.04360213686000000   0.59999909188229629
 -0.04360212686000000   0.59999909227645873
 -0.04360211686000000   0.59999909267062106
 -0.04360210686000000   0.59999909306478329
 -0.04360209686000000   0.59999909345894541
 -0.04360208686000000   0.59999909385310742
 -0.04360207686000000   0.59999909424726933
 -0.04360206686000000   0.59999909464143114
 -0.04360205686000000   0.59999909503559284
 -0.04360204686000000   0.59999909542975443
 -0.04360203686000000   0.59999909582391592
 -0.04360202686000000   0.59999909621807730
 -0.04360201686000000   0.59999909661223858
 -0.04360200686000000   0.59999909700639976
 -0.04360199686000000   0.59999909740056082
 -0.04360198686000000   0.59999909779472179
 -0.04360197686000000   0.59999909818888264
 -0.04360196686000000   0.59999909858304339
 -0.04360195686000000   0.59999909897720404
 -0.04360194686000000   0.59999909937136458
 -0.04360193686000000   0.59999909976552502
 -0.04360192686000000   0.59999910015968535
 -0.04360191686000000   0.59999910055384557
 -0.04360190686000000   0.59999910094800569
 -0.04360189686000000   0.59999910134216571
 -0.04360188686000000   0.59999910173632561
 -0.04360187686000000   0.59999910213048542
 -0.04360186686000000   0.59999910252464511
 -0.04360185686000000   0.59999910291880471
 -0.04360184686000000   0.59999910331296419
 -0.04360183686000000   0.59999910370712358
 -0.04360182686000000   0.59999910410128286
 -0.04360181686000000   0.59999910449544203
 -0.04360180686000000   0.59999910488960109
 -0.04360179686000000   0.59999910528376005
 -0.04360178686000000   0.59999910567791891
 -0.04360177686000000   0.59999910607207766
 -0.04360176686000000   0.59999910646623630
 -0.04360175686000000   0.59999910686039484
 -0.04360174686000000   0.59999910725455328
 -0.04360173686000000   0.59999910764871161
 -0.04360172686000000   0.59999910804286983
 -0.04360171686000000   0.59999910843702795
 -0.04360170686000000   0.59999910883118596
 -0.04360169686000000   0.59999910922534387
 -0.04360168686000000   0.59999910961950167
 -0.04360167686000000   0.59999911001365937
 -0.04360166686000000   0.59999911040781696
 -0.04360165686000000   0.59999911080197445
 -0.04360164686000000   0.59999911119613183
 -0.04360163686000000   0.59999911159028910
 -0.04360162686000000   0.59999911198444627
 -0.04360161686000000   0.59999911237860334
 -0.04360160686000000   0.59999911277276030
 -0.04360159686000000   0.59999911316691715
 -0.04360158686000000   0.59999911356107390
 -0.04360157686000000   0.59999911395523055
 -0.04360156686000000   0.59999911434938708
 -0.04360155686000000   0.59999911474354352
 -0.04360154686000000   0.59999911513769985
 -0.04360153686000000   0.59999911553185607
 -0.04360152686000000   0.59999911592601219
 -0.04360151686000000   0.59999911632016820
 -0.04360150686000000   0.59999911671432410
 -0.04360149686000000   0.59999911710847990
 -0.04360148686000000   0.59999911750263560
 -0.04360147686000000   0.59999911789679119
 -0.04360146686000000   0.59999911829094668
 -0.04360145686000000   0.59999911868510206
 -0.04360144686000000   0.59999911907925733
 -0.04360143686000000   0.59999911947341250
 -0.04360142686000000   0.59999911986756756
 -0.04360141686000000   0.59999912026172253
 -0.04360140686000000   0.59999912065587738
 -0.04360139686000000   0.59999912105003213
 -0.04360138686000000   0.59999912144418677
 -0.04360137686000000   0.59999912183834131
 -0.04360136686000000   0.59999912223249574
 -0.04360135686000000   0.59999912262665006
 -0.04360134686000000   0.59999912302080429
 -0.04360133686000000   0.59999912341495840
 -0.04360132686000000   0.59999912380911241
 -0.04360131686000000   0.59999912420326632
 -0.04360130686000000   0.59999912459742012
 -0.04360129686000000   0.59999912499157382
 -0.04360128686000000   0.59999912538572740
 -0.04360127686000000   0.59999912577988089
 -0.04360126686000000   0.59999912617403427
 -0.04360125686000000   0.59999912656818754
 -0.04360124686000000   0.59999912696234071
 -0.04360123686000000   0.59999912735649377
 -0.04360122686000000   0.59999912775064673
 -0.04360121686000000   0.59999912814479958
 -0.04360120686000000   0.59999912853895233
 -0.04360119686000000   0.59999912893310497
 -0.04360118686000000   0.59999912932725751
 -0.04360117686000000   0.59999912972140994
 -0.04360116686000000   0.59999913011556227
 -0.04360115686000000   0.59999913050971449
 -0.04360114686000000   0.59999913090386660
 -0.04360113686000000   0.59999913129801861
 -0.04360112686000000   0.59999913169217052
 -0.04360111686000000   0.59999913208632232
 -0.04360110686000000   0.59999913248047402
 -0.04360109686000000   0.59999913287462560
 -0.04360108686000000   0.59999913326877709
 -0.04360107686000000   0.59999913366292847
 -0.04360106686000000   0.59999913405707974
 -0.04360105686000000   0.59999913445123091
 -0.04360104686000000   0.59999913484538197
 -0.04360103686000000   0.59999913523953293
 -0.04360102686000000   0.59999913563368378
 -0.04360101686000000   0.59999913602783453
 -0.04360100686000000   0.59999913642198517
 -0.04360099686000000   0.59999913681613570
 -0.04360098686000000   0.59999913721028613
 -0.04360097686000000   0.59999913760443646
 -0.04360096686000000   0.59999913799858668
 -0.04360095686000000   0.59999913839273680
 -0.04360094686000000   0.59999913878688680
 -0.04360093686000000   0.59999913918103671
 -0.04360092686000000   0.59999913957518651
 -0.04360091686000000   0.59999913996933620
 -0.04360090686000000   0.59999914036348579
 -0.04360089686000000   0.59999914075763527
 -0.04360088686000000   0.59999914115178465
 -0.04360087686000000   0.59999914154593393
 -0.04360086686000000   0.59999914194008309
 -0.04360085686000000   0.59999914233423215
 -0.04360084686000000   0.59999914272838111
 -0.04360083686000000   0.59999914312252996
 -0.04360082686000000   0.59999914351667871
 -0.04360081686000000   0.59999914391082735
 -0.04360080686000000   0.59999914430497589
 -0.04360079686000000   0.59999914469912432
 -0.04360078686000000   0.59999914509327264
 -0.04360077686000000   0.59999914548742086
 -0.04360076686000000   0.59999914588156898
 -0.04360075686000000   0.59999914627571699
 -0.04360074686000000   0.59999914666986489
 -0.04360073686000000   0.59999914706401269
 -0.04360072686000000   0.59999914745816038
 -0.04360071686000000   0.59999914785230797
 -0.04360070686000000   0.59999914824645546
 -0.04360069686000000   0.59999914864060283
 -0.04360068686000000   0.59999914903475010
 -0.04360067686000000   0.59999914942889727
 -0.04360066686000000   0.59999914982304433
 -0.04360065686000000   0.59999915021719129
 -0.04360064686000000   0.59999915061133814
 -0.04360063686000000   0.59999915100548489
 -0.04360062686000000   0.59999915139963153
 -0.04360061686000000   0.59999915179377806
 -0.04360060686000000   0.59999915218792449
 -0.04360059686000000   0.59999915258207082
 -0.04360058686000000   0.59999915297621704
 -0.04360057686000000   0.59999915337036315
 -0.04360056686000000   0.59999915376450916
 -0.04360055686000000   0.59999915415865507
 -0.04360054686000000   0.59999915455280087
 -0.04360053686000000   0.59999915494694656
 -0.04360052686000000   0.59999915534109215
 -0.04360051686000000   0.59999915573523763
 -0.04360050686000000   0.59999915612938301
 -0.04360049686000000   0.59999915652352828
 -0.04360048686000000   0.59999915691767345
 -0.04360047686000000   0.59999915731181851
 -0.04360046686000000   0.59999915770596347
 -0.04360045686000000   0.59999915810010832
 -0.04360044686000000   0.59999915849425306
 -0.04360043686000000   0.59999915888839770
 -0.04360042686000000   0.59999915928254224
 -0.04360041686000000   0.59999915967668667
 -0.04360040686000000   0.59999916007083099
 -0.04360039686000000   0.59999916046497522
 -0.04360038686000000   0.59999916085911933
 -0.04360037686000000   0.59999916125326334
 -0.04360036686000000   0.59999916164740724
 -0.04360035686000000   0.59999916204155104
 -0.04360034686000000   0.59999916243569474
 -0.04360033686000000   0.59999916282983832
 -0.04360032686000000   0.59999916322398181
 -0.04360031686000000   0.59999916361812518
 -0.04360030686000000   0.59999916401226846
 -0.04360029686000000   0.59999916440641162
 -0.04360028686000000   0.59999916480055469
 -0.04360027686000000   0.59999916519469764
 -0.04360026686000000   0.59999916558884050
 -0.04360025686000000   0.59999916598298324
 -0.04360024686000000   0.59999916637712588
 -0.04360023686000000   0.59999916677126842
 -0.04360022686000000   0.59999916716541085
 -0.04360021686000000   0.59999916755955317
 -0.04360020686000000   0.59999916795369539
 -0.04360019686000000   0.59999916834783751
 -0.04360018686000000   0.59999916874197952
 -0.04360017686000000   0.59999916913612142
 -0.04360016686000000   0.59999916953026322
 -0.04360015686000000   0.59999916992440491
 -0.04360014686000000   0.59999917031854650
 -0.04360013686000000   0.59999917071268798
 -0.04360012686000000   0.59999917110682936
 -0.04360011686000000   0.59999917150097063
 -0.04360010686000000   0.59999917189511180
 -0.04360009686000000   0.59999917228925287
 -0.04360008686000000   0.59999917268339382
 -0.04360007686000000   0.59999917307753468
 -0.04360006686000000   0.59999917347167542
 -0.04360005686000000   0.59999917386581606
 -0.04360004686000000   0.59999917425995660
 -0.04360003686000000   0.59999917465409703
 -0.04360002686000000   0.59999917504823736
 -0.04360001686000000   0.59999917544237758
 -0.04360000686000000   0.59999917583651769
 -0.04359999686000000   0.59999917623065770
 -0.04359998686000000   0.59999917662479760
 -0.04359997686000000   0.59999917701893740
 -0.04359996686000000   0.59999917741307710
 -0.04359995686000000   0.59999917780721669
 -0.04359994686000000   0.59999917820135617
 -0.04359993686000000   0.59999917859549555
 -0.04359992686000000   0.59999917898963482
 -0.04359991686000000   0.59999917938377399
 -0.04359990686000000   0.59999917977791305
 -0.04359989686000000   0.59999918017205201
 -0.04359988686000000   0.59999918056619086
 -0.04359987686000000   0.59999918096032961
 -0.04359986686000000   0.59999918135446825
 -0.04359985686000000   0.59999918174860679
 -0.04359984686000000   0.59999918214274522
 -0.04359983686000000   0.59999918253688354
 -0.04359982686000000   0.59999918293102177
 -0.04359981686000000   0.59999918332515988
 -0.04359980686000000   0.59999918371929789
 -0.04359979686000000   0.59999918411343580
 -0.04359978686000000   0.59999918450757360
 -0.04359977686000000   0.59999918490171129
 -0.04359976686000000   0.59999918529584888
 -0.04359975686000000   0.59999918568998636
 -0.04359974686000000   0.59999918608412375
 -0.04359973686000000   0.59999918647826102
 -0.04359972686000000   0.59999918687239819
 -0.04359971686000000   0.59999918726653525
 -0.04359970686000000   0.59999918766067221
 -0.04359969686000000   0.59999918805480906
 -0.04359968686000000   0.59999918844894581
 -0.04359967686000000   0.59999918884308245
 -0.04359966686000000   0.59999918923721899
 -0.04359965686000000   0.59999918963135542
 -0.04359964686000000   0.59999919002549175
 -0.04359963686000000   0.59999919041962797
 -0.04359962686000000   0.59999919081376409
 -0.04359961686000000   0.59999919120790010
 -0.04359960686000000   0.59999919160203600
 -0.04359959686000000   0.59999919199617180
 -0.04359958686000000   0.59999919239030750
 -0.04359957686000000   0.59999919278444309
 -0.04359956686000000   0.59999919317857857
 -0.04359955686000000   0.59999919357271395
 -0.04359954686000000   0.59999919396684923
 -0.04359953686000000   0.59999919436098440
 -0.04359952686000000   0.59999919475511946
 -0.04359951686000000   0.59999919514925442
 -0.04359950686000000   0.59999919554338927
 -0.04359949686000000   0.59999919593752402
 -0.04359948686000000   0.59999919633165867
 -0.04359947686000000   0.59999919672579320
 -0.04359946686000000   0.59999919711992764
 -0.04359945686000000   0.59999919751406197
 -0.04359944686000000   0.59999919790819619
 -0.04359943686000000   0.59999919830233031
 -0.04359942686000000   0.59999919869646432
 -0.04359941686000000   0.59999919909059822
 -0.04359940686000000   0.59999919948473203
 -0.04359939686000000   0.59999919987886572
 -0.04359938686000000   0.59999920027299931
 -0.04359937686000000   0.59999920066713280
 -0.04359936686000000   0.59999920106126618
 -0.04359935686000000   0.59999920145539946
 -0.04359934686000000   0.59999920184953263
 -0.04359933686000000   0.59999920224366569
 -0.04359932686000000   0.59999920263779865
 -0.04359931686000000   0.59999920303193151
 -0.04359930686000000   0.59999920342606426
 -0.04359929686000000   0.59999920382019690
 -0.04359928686000000   0.59999920421432944
 -0.04359927686000000   0.59999920460846187
 -0.04359926686000000   0.59999920500259420
 -0.04359925686000000   0.59999920539672643
 -0.04359924686000000   0.59999920579085854
 -0.04359923686000000   0.59999920618499056
 -0.04359922686000000   0.59999920657912246
 -0.04359921686000000   0.59999920697325427
 -0.04359920686000000   0.59999920736738596
 -0.04359919686000000   0.59999920776151756
 -0.04359918686000000   0.59999920815564904
 -0.04359917686000000   0.59999920854978043
 -0.04359916686000000   0.59999920894391170
 -0.04359915686000000   0.59999920933804288
 -0.04359914686000000   0.59999920973217394
 -0.04359913686000000   0.59999921012630490
 -0.04359912686000000   0.59999921052043576
 -0.04359911686000000   0.59999921091456651
 -0.04359910686000000   0.59999921130869716
 -0.04359909686000000   0.59999921170282770
 -0.04359908686000000   0.59999921209695813
 -0.04359907686000000   0.59999921249108846
 -0.04359906686000000   0.59999921288521868
 -0.04359905686000000   0.59999921327934881
 -0.04359904686000000   0.59999921367347882
 -0.04359903686000000   0.59999921406760873
 -0.04359902686000000   0.59999921446173854
 -0.04359901686000000   0.59999921485586823
 -0.04359900686000000   0.59999921524999783
 -0.04359899686000000   0.59999921564412731
 -0.04359898686000000   0.59999921603825670
 -0.04359897686000000   0.59999921643238598
 -0.04359896686000000   0.59999921682651515
 -0.04359895686000000   0.59999921722064421
 -0.04359894686000000   0.59999921761477318
 -0.04359893686000000   0.59999921800890203
 -0.04359892686000000   0.59999921840303079
 -0.04359891686000000   0.59999921879715943
 -0.04359890686000000   0.59999921919128798
 -0.04359889686000000   0.59999921958541641
 -0.04359888686000000   0.59999921997954474
 -0.04359887686000000   0.59999922037367297
 -0.04359886686000000   0.59999922076780109
 -0.04359885686000000   0.59999922116192911
 -0.04359884686000000   0.59999922155605702
 -0.04359883686000000   0.59999922195018482
 -0.04359882686000000   0.59999922234431252
 -0.04359881686000000   0.59999922273844012
 -0.04359880686000000   0.59999922313256761
 -0.04359879686000000   0.59999922352669500
 -0.04359878686000000   0.59999922392082227
 -0.04359877686000000   0.59999922431494945
 -0.04359876686000000   0.59999922470907652
 -0.04359875686000000   0.59999922510320348
 -0.04359874686000000   0.59999922549733034
 -0.04359873686000000   0.59999922589145709
 -0.04359872686000000   0.59999922628558374
 -0.04359871686000000   0.59999922667971029
 -0.04359870686000000   0.59999922707383672
 -0.04359869686000000   0.59999922746796306
 -0.04359868686000000   0.59999922786208929
 -0.04359867686000000   0.59999922825621541
 -0.04359866686000000   0.59999922865034142
 -0.04359865686000000   0.59999922904446734
 -0.04359864686000000   0.59999922943859315
 -0.04359863686000000   0.59999922983271885
 -0.04359862686000000   0.59999923022684444
 -0.04359861686000000   0.59999923062096994
 -0.04359860686000000   0.59999923101509532
 -0.04359859686000000   0.59999923140922060
 -0.04359858686000000   0.59999923180334578
 -0.04359857686000000   0.59999923219747085
 -0.04359856686000000   0.59999923259159581
 -0.04359855686000000   0.59999923298572068
 -0.04359854686000000   0.59999923337984543
 -0.04359853686000000   0.59999923377397008
 -0.04359852686000000   0.59999923416809463
 -0.04359851686000000   0.59999923456221907
 -0.04359850686000000   0.59999923495634340
 -0.04359849686000000   0.59999923535046763
 -0.04359848686000000   0.59999923574459176
 -0.04359847686000000   0.59999923613871578
 -0.04359846686000000   0.59999923653283969
 -0.04359845686000000   0.59999923692696350
 -0.04359844686000000   0.59999923732108720
 -0.04359843686000000   0.59999923771521080
 -0.04359842686000000   0.59999923810933430
 -0.04359841686000000   0.59999923850345768
 -0.04359840686000000   0.59999923889758097
 -0.04359839686000000   0.59999923929170415
 -0.04359838686000000   0.59999923968582722
 -0.04359837686000000   0.59999924007995019
 -0.04359836686000000   0.59999924047407305
 -0.04359835686000000   0.59999924086819581
 -0.04359834686000000   0.59999924126231846
 -0.04359833686000000   0.59999924165644101
 -0.04359832686000000   0.59999924205056345
 -0.04359831686000000   0.59999924244468578
 -0.04359830686000000   0.59999924283880802
 -0.04359829686000000   0.59999924323293014
 -0.04359828686000000   0.59999924362705216
 -0.04359827686000000   0.59999924402117408
 -0.04359826686000000   0.59999924441529589
 -0.04359825686000000   0.59999924480941759
 -0.04359824686000000   0.59999924520353920
 -0.04359823686000000   0.59999924559766069
 -0.04359822686000000   0.59999924599178208
 -0.04359821686000000   0.59999924638590337
 -0.04359820686000000   0.59999924678002455
 -0.04359819686000000   0.59999924717414562
 -0.04359818686000000   0.59999924756826659
 -0.04359817686000000   0.59999924796238746
 -0.04359816686000000   0.59999924835650822
 -0.04359815686000000   0.59999924875062887
 -0.04359814686000000   0.59999924914474942
 -0.04359813686000000   0.59999924953886986
 -0.04359812686000000   0.59999924993299021
 -0.04359811686000000   0.59999925032711044
 -0.04359810686000000   0.59999925072123057
 -0.04359809686000000   0.59999925111535059
 -0.04359808686000000   0.59999925150947051
 -0.04359807686000000   0.59999925190359032
 -0.04359806686000000   0.59999925229771003
 -0.04359805686000000   0.59999925269182963
 -0.04359804686000000   0.59999925308594913
 -0.04359803686000000   0.59999925348006853
 -0.04359802686000000   0.59999925387418781
 -0.04359801686000000   0.59999925426830699
 -0.04359800686000000   0.59999925466242607
 -0.04359799686000000   0.59999925505654504
 -0.04359798686000000   0.59999925545066391
 -0.04359797686000000   0.59999925584478267
 -0.04359796686000000   0.59999925623890133
 -0.04359795686000000   0.59999925663301988
 -0.04359794686000000   0.59999925702713833
 -0.04359793686000000   0.59999925742125667
 -0.04359792686000000   0.59999925781537490
 -0.04359791686000000   0.59999925820949304
 -0.04359790686000000   0.59999925860361106
 -0.04359789686000000   0.59999925899772898
 -0.04359788686000000   0.59999925939184680
 -0.04359787686000000   0.59999925978596451
 -0.04359786686000000   0.59999926018008211
 -0.04359785686000000   0.59999926057419961
 -0.04359784686000000   0.59999926096831701
 -0.04359783686000000   0.59999926136243430
 -0.04359782686000000   0.59999926175655148
 -0.04359781686000000   0.59999926215066856
 -0.04359780686000000   0.59999926254478554
 -0.04359779686000000   0.59999926293890241
 -0.04359778686000000   0.59999926333301917
 -0.04359777686000000   0.59999926372713583
 -0.04359776686000000   0.59999926412125238
 -0.04359775686000000   0.59999926451536883
 -0.04359774686000000   0.59999926490948518
 -0.04359773686000000   0.59999926530360141
 -0.04359772686000000   0.59999926569771755
 -0.04359771686000000   0.59999926609183358
 -0.04359770686000000   0.59999926648594950
 -0.04359769686000000   0.59999926688006532
 -0.04359768686000000   0.59999926727418103
 -0.04359767686000000   0.59999926766829664
 -0.04359766686000000   0.59999926806241214
 -0.04359765686000000   0.59999926845652754
 -0.04359764686000000   0.59999926885064283
 -0.04359763686000000   0.59999926924475802
 -0.04359762686000000   0.59999926963887310
 -0.04359761686000000   0.59999927003298808
 -0.04359760686000000   0.59999927042710295
 -0.04359759686000000   0.59999927082121772
 -0.04359758686000000   0.59999927121533238
 -0.04359757686000000   0.59999927160944694
 -0.04359756686000000   0.59999927200356139
 -0.04359755686000000   0.59999927239767574
 -0.04359754686000000   0.59999927279178998
 -0.04359753686000000   0.59999927318590411
 -0.04359752686000000   0.59999927358001814
 -0.04359751686000000   0.59999927397413207
 -0.04359750686000000   0.59999927436824589
 -0.04359749686000000   0.59999927476235961
 -0.04359748686000000   0.59999927515647322
 -0.04359747686000000   0.59999927555058672
 -0.04359746686000000   0.59999927594470012
 -0.04359745686000000   0.59999927633881342
 -0.04359744686000000   0.59999927673292661
 -0.04359743686000000   0.59999927712703969
 -0.04359742686000000   0.59999927752115267
 -0.04359741686000000   0.59999927791526555
 -0.04359740686000000   0.59999927830937832
 -0.04359739686000000   0.59999927870349099
 -0.04359738686000000   0.59999927909760355
 -0.04359737686000000   0.59999927949171600
 -0.04359736686000000   0.59999927988582835
 -0.04359735686000000   0.59999928027994059
 -0.04359734686000000   0.59999928067405273
 -0.04359733686000000   0.59999928106816476
 -0.04359732686000000   0.59999928146227670
 -0.04359731686000000   0.59999928185638852
 -0.04359730686000000   0.59999928225050024
 -0.04359729686000000   0.59999928264461185
 -0.04359728686000000   0.59999928303872336
 -0.04359727686000000   0.59999928343283476
 -0.04359726686000000   0.59999928382694606
 -0.04359725686000000   0.59999928422105725
 -0.04359724686000000   0.59999928461516834
 -0.04359723686000000   0.59999928500927933
 -0.04359722686000000   0.59999928540339020
 -0.04359721686000000   0.59999928579750098
 -0.04359720686000000   0.59999928619161164
 -0.04359719686000000   0.59999928658572221
 -0.04359718686000000   0.59999928697983266
 -0.04359717686000000   0.59999928737394301
 -0.04359716686000000   0.59999928776805326
 -0.04359715686000000   0.59999928816216341
 -0.04359714686000000   0.59999928855627344
 -0.04359713686000000   0.59999928895038338
 -0.04359712686000000   0.59999928934449320
 -0.04359711686000000   0.59999928973860292
 -0.04359710686000000   0.59999929013271254
 -0.04359709686000000   0.59999929052682205
 -0.04359708686000000   0.59999929092093146
 -0.04359707686000000   0.59999929131504076
 -0.04359706686000000   0.59999929170914996
 -0.04359705686000000   0.59999929210325905
 -0.04359704686000000   0.59999929249736803
 -0.04359703686000000   0.59999929289147691
 -0.04359702686000000   0.59999929328558569
 -0.04359701686000000   0.59999929367969436
 -0.04359700686000000   0.59999929407380293
 -0.04359699686000000   0.59999929446791139
 -0.04359698686000000   0.59999929486201975
 -0.04359697686000000   0.59999929525612799
 -0.04359696686000000   0.59999929565023614
 -0.04359695686000000   0.59999929604434418
 -0.04359694686000000   0.59999929643845212
 -0.04359693686000000   0.59999929683255995
 -0.04359692686000000   0.59999929722666767
 -0.04359691686000000   0.59999929762077529
 -0.04359690686000000   0.59999929801488280
 -0.04359689686000000   0.59999929840899022
 -0.04359688686000000   0.59999929880309752
 -0.04359687686000000   0.59999929919720472
 -0.04359686686000000   0.59999929959131182
 -0.04359685686000000   0.59999929998541880
 -0.04359684686000000   0.59999930037952569
 -0.04359683686000000   0.59999930077363247
 -0.04359682686000000   0.59999930116773914
 -0.04359681686000000   0.59999930156184571
 -0.04359680686000000   0.59999930195595217
 -0.04359679686000000   0.59999930235005854
 -0.04359678686000000   0.59999930274416479
 -0.04359677686000000   0.59999930313827094
 -0.04359676686000000   0.59999930353237698
 -0.04359675686000000   0.59999930392648292
 -0.04359674686000000   0.59999930432058875
 -0.04359673686000000   0.59999930471469449
 -0.04359672686000000   0.59999930510880010
 -0.04359671686000000   0.59999930550290563
 -0.04359670686000000   0.59999930589701104
 -0.04359669686000000   0.59999930629111635
 -0.04359668686000000   0.59999930668522155
 -0.04359667686000000   0.59999930707932665
 -0.04359666686000000   0.59999930747343164
 -0.04359665686000000   0.59999930786753653
 -0.04359664686000000   0.59999930826164131
 -0.04359663686000000   0.59999930865574599
 -0.04359662686000000   0.59999930904985056
 -0.04359661686000000   0.59999930944395503
 -0.04359660686000000   0.59999930983805939
 -0.04359659686000000   0.59999931023216365
 -0.04359658686000000   0.59999931062626780
 -0.04359657686000000   0.59999931102037185
 -0.04359656686000000   0.59999931141447579
 -0.04359655686000000   0.59999931180857963
 -0.04359654686000000   0.59999931220268336
 -0.04359653686000000   0.59999931259678699
 -0.04359652686000000   0.59999931299089051
 -0.04359651686000000   0.59999931338499393
 -0.04359650686000000   0.59999931377909724
 -0.04359649686000000   0.59999931417320045
 -0.04359648686000000   0.59999931456730355
 -0.04359647686000000   0.59999931496140655
 -0.04359646686000000   0.59999931535550944
 -0.04359645686000000   0.59999931574961223
 -0.04359644686000000   0.59999931614371491
 -0.04359643686000000   0.59999931653781748
 -0.04359642686000000   0.59999931693191995
 -0.04359641686000000   0.59999931732602232
 -0.04359640686000000   0.59999931772012458
 -0.04359639686000000   0.59999931811422674
 -0.04359638686000000   0.59999931850832879
 -0.04359637686000000   0.59999931890243074
 -0.04359636686000000   0.59999931929653258
 -0.04359635686000000   0.59999931969063432
 -0.04359634686000000   0.59999932008473594
 -0.04359633686000000   0.59999932047883747
 -0.04359632686000000   0.59999932087293889
 -0.04359631686000000   0.59999932126704021
 -0.04359630686000000   0.59999932166114142
 -0.04359629686000000   0.59999932205524252
 -0.04359628686000000   0.59999932244934352
 -0.04359627686000000   0.59999932284344442
 -0.04359626686000000   0.59999932323754521
 -0.04359625686000000   0.59999932363164590
 -0.04359624686000000   0.59999932402574648
 -0.04359623686000000   0.59999932441984695
 -0.04359622686000000   0.59999932481394732
 -0.04359621686000000   0.59999932520804759
 -0.04359620686000000   0.59999932560214775
 -0.04359619686000000   0.59999932599624780
 -0.04359618686000000   0.59999932639034775
 -0.04359617686000000   0.59999932678444760
 -0.04359616686000000   0.59999932717854734
 -0.04359615686000000   0.59999932757264697
 -0.04359614686000000   0.59999932796674650
 -0.04359613686000000   0.59999932836084593
 -0.04359612686000000   0.59999932875494525
 -0.04359611686000000   0.59999932914904446
 -0.04359610686000000   0.59999932954314357
 -0.04359609686000000   0.59999932993724258
 -0.04359608686000000   0.59999933033134148
 -0.04359607686000000   0.59999933072544027
 -0.04359606686000000   0.59999933111953896
 -0.04359605686000000   0.59999933151363755
 -0.04359604686000000   0.59999933190773603
 -0.04359603686000000   0.59999933230183440
 -0.04359602686000000   0.59999933269593267
 -0.04359601686000000   0.59999933309003083
 -0.04359600686000000   0.59999933348412890
 -0.04359599686000000   0.59999933387822685
 -0.04359598686000000   0.59999933427232470
 -0.04359597686000000   0.59999933466642244
 -0.04359596686000000   0.59999933506052008
 -0.04359595686000000   0.59999933545461762
 -0.04359594686000000   0.59999933584871505
 -0.04359593686000000   0.59999933624281237
 -0.04359592686000000   0.59999933663690959
 -0.04359591686000000   0.59999933703100671
 -0.04359590686000000   0.59999933742510371
 -0.04359589686000000   0.59999933781920061
 -0.04359588686000000   0.59999933821329742
 -0.04359587686000000   0.59999933860739411
 -0.04359586686000000   0.59999933900149070
 -0.04359585686000000   0.59999933939558718
 -0.04359584686000000   0.59999933978968356
 -0.04359583686000000   0.59999934018377983
 -0.04359582686000000   0.59999934057787600
 -0.04359581686000000   0.59999934097197207
 -0.04359580686000000   0.59999934136606803
 -0.04359579686000000   0.59999934176016388
 -0.04359578686000000   0.59999934215425963
 -0.04359577686000000   0.59999934254835527
 -0.04359576686000000   0.59999934294245081
 -0.04359575686000000   0.59999934333654624
 -0.04359574686000000   0.59999934373064157
 -0.04359573686000000   0.59999934412473679
 -0.04359572686000000   0.59999934451883191
 -0.04359571686000000   0.59999934491292693
 -0.04359570686000000   0.59999934530702184
 -0.04359569686000000   0.59999934570111664
 -0.04359568686000000   0.59999934609521134
 -0.04359567686000000   0.59999934648930593
 -0.04359566686000000   0.59999934688340042
 -0.04359565686000000   0.59999934727749481
 -0.04359564686000000   0.59999934767158908
 -0.04359563686000000   0.59999934806568326
 -0.04359562686000000   0.59999934845977732
 -0.04359561686000000   0.59999934885387129
 -0.04359560686000000   0.59999934924796514
 -0.04359559686000000   0.59999934964205890
 -0.04359558686000000   0.59999935003615255
 -0.04359557686000000   0.59999935043024609
 -0.04359556686000000   0.59999935082433953
 -0.04359555686000000   0.59999935121843286
 -0.04359554686000000   0.59999935161252609
 -0.04359553686000000   0.59999935200661921
 -0.04359552686000000   0.59999935240071223
 -0.04359551686000000   0.59999935279480514
 -0.04359550686000000   0.59999935318889795
 -0.04359549686000000   0.59999935358299065
 -0.04359548686000000   0.59999935397708325
 -0.04359547686000000   0.59999935437117574
 -0.04359546686000000   0.59999935476526813
 -0.04359545686000000   0.59999935515936042
 -0.04359544686000000   0.59999935555345259
 -0.04359543686000000   0.59999935594754467
 -0.04359542686000000   0.59999935634163664
 -0.04359541686000000   0.59999935673572850
 -0.04359540686000000   0.59999935712982026
 -0.04359539686000000   0.59999935752391191
 -0.04359538686000000   0.59999935791800346
 -0.04359537686000000   0.59999935831209490
 -0.04359536686000000   0.59999935870618624
 -0.04359535686000000   0.59999935910027747
 -0.04359534686000000   0.59999935949436860
 -0.04359533686000000   0.59999935988845962
 -0.04359532686000000   0.59999936028255054
 -0.04359531686000000   0.59999936067664135
 -0.04359530686000000   0.59999936107073206
 -0.04359529686000000   0.59999936146482266
 -0.04359528686000000   0.59999936185891316
 -0.04359527686000000   0.59999936225300355
 -0.04359526686000000   0.59999936264709384
 -0.04359525686000000   0.59999936304118402
 -0.04359524686000000   0.59999936343527410
 -0.04359523686000000   0.59999936382936407
 -0.04359522686000000   0.59999936422345394
 -0.04359521686000000   0.59999936461754370
 -0.04359520686000000   0.59999936501163336
 -0.04359519686000000   0.59999936540572292
 -0.04359518686000000   0.59999936579981237
 -0.04359517686000000   0.59999936619390171
 -0.04359516686000000   0.59999936658799095
 -0.04359515686000000   0.59999936698208008
 -0.04359514686000000   0.59999936737616911
 -0.04359513686000000   0.59999936777025803
 -0.04359512686000000   0.59999936816434685
 -0.04359511686000000   0.59999936855843556
 -0.04359510686000000   0.59999936895252417
 -0.04359509686000000   0.59999936934661267
 -0.04359508686000000   0.59999936974070107
