 -0.04370867578000000   0.59999943260116910
 -0.04370866578000000   0.59999943308062093
 -0.04370865578000000   0.59999943356007264
 -0.04370864578000000   0.59999943403952423
 -0.04370863578000000   0.59999943451897571
 -0.04370862578000000   0.59999943499842707
 -0.04370861578000000   0.59999943547787831
 -0.04370860578000000   0.59999943595732944
 -0.04370859578000000   0.59999943643678044
 -0.04370858578000000   0.59999943691623133
 -0.04370857578000000   0.59999943739568211
 -0.04370856578000000   0.59999943787513276
 -0.04370855578000000   0.59999943835458330
 -0.04370854578000000   0.59999943883403372
 -0.04370853578000000   0.59999943931348402
 -0.04370852578000000   0.59999943979293420
 -0.04370851578000000   0.59999944027238427
 -0.04370850578000000   0.59999944075183422
 -0.04370849578000000   0.59999944123128405
 -0.04370848578000000   0.59999944171073377
 -0.04370847578000000   0.59999944219018337
 -0.04370846578000000   0.59999944266963285
 -0.04370845578000000   0.59999944314908221
 -0.04370844578000000   0.59999944362853146
 -0.04370843578000000   0.59999944410798058
 -0.04370842578000000   0.59999944458742959
 -0.04370841578000000   0.59999944506687849
 -0.04370840578000000   0.59999944554632726
 -0.04370839578000000   0.59999944602577592
 -0.04370838578000000   0.59999944650522446
 -0.04370837578000000   0.59999944698467289
 -0.04370836578000000   0.59999944746412119
 -0.04370835578000000   0.59999944794356938
 -0.04370834578000000   0.59999944842301745
 -0.04370833578000000   0.59999944890246541
 -0.04370832578000000   0.59999944938191324
 -0.04370831578000000   0.59999944986136096
 -0.04370830578000000   0.59999945034080856
 -0.04370829578000000   0.59999945082025605
 -0.04370828578000000   0.59999945129970342
 -0.04370827578000000   0.59999945177915066
 -0.04370826578000000   0.59999945225859780
 -0.04370825578000000   0.59999945273804481
 -0.04370824578000000   0.59999945321749171
 -0.04370823578000000   0.59999945369693849
 -0.04370822578000000   0.59999945417638515
 -0.04370821578000000   0.59999945465583169
 -0.04370820578000000   0.59999945513527812
 -0.04370819578000000   0.59999945561472443
 -0.04370818578000000   0.59999945609417062
 -0.04370817578000000   0.59999945657361670
 -0.04370816578000000   0.59999945705306266
 -0.04370815578000000   0.59999945753250849
 -0.04370814578000000   0.59999945801195422
 -0.04370813578000000   0.59999945849139982
 -0.04370812578000000   0.59999945897084531
 -0.04370811578000000   0.59999945945029068
 -0.04370810578000000   0.59999945992973593
 -0.04370809578000000   0.59999946040918107
 -0.04370808578000000   0.59999946088862609
 -0.04370807578000000   0.59999946136807099
 -0.04370806578000000   0.59999946184751577
 -0.04370805578000000   0.59999946232696044
 -0.04370804578000000   0.59999946280640499
 -0.04370803578000000   0.59999946328584942
 -0.04370802578000000   0.59999946376529373
 -0.04370801578000000   0.59999946424473793
 -0.04370800578000000   0.59999946472418200
 -0.04370799578000000   0.59999946520362597
 -0.04370798578000000   0.59999946568306981
 -0.04370797578000000   0.59999946616251354
 -0.04370796578000000   0.59999946664195715
 -0.04370795578000000   0.59999946712140064
 -0.04370794578000000   0.59999946760084401
 -0.04370793578000000   0.59999946808028727
 -0.04370792578000000   0.59999946855973041
 -0.04370791578000000   0.59999946903917343
 -0.04370790578000000   0.59999946951861633
 -0.04370789578000000   0.59999946999805912
 -0.04370788578000000   0.59999947047750179
 -0.04370787578000000   0.59999947095694434
 -0.04370786578000000   0.59999947143638678
 -0.04370785578000000   0.59999947191582909
 -0.04370784578000000   0.59999947239527130
 -0.04370783578000000   0.59999947287471338
 -0.04370782578000000   0.59999947335415534
 -0.04370781578000000   0.59999947383359719
 -0.04370780578000000   0.59999947431303892
 -0.04370779578000000   0.59999947479248053
 -0.04370778578000000   0.59999947527192203
 -0.04370777578000000   0.59999947575136340
 -0.04370776578000000   0.59999947623080467
 -0.04370775578000000   0.59999947671024581
 -0.04370774578000000   0.59999947718968683
 -0.04370773578000000   0.59999947766912774
 -0.04370772578000000   0.59999947814856853
 -0.04370771578000000   0.59999947862800921
 -0.04370770578000000   0.59999947910744976
 -0.04370769578000000   0.59999947958689020
 -0.04370768578000000   0.59999948006633052
 -0.04370767578000000   0.59999948054577072
 -0.04370766578000000   0.59999948102521081
 -0.04370765578000000   0.59999948150465078
 -0.04370764578000000   0.59999948198409063
 -0.04370763578000000   0.59999948246353036
 -0.04370762578000000   0.59999948294296998
 -0.04370761578000000   0.59999948342240948
 -0.04370760578000000   0.59999948390184886
 -0.04370759578000000   0.59999948438128813
 -0.04370758578000000   0.59999948486072727
 -0.04370757578000000   0.59999948534016630
 -0.04370756578000000   0.59999948581960521
 -0.04370755578000000   0.59999948629904401
 -0.04370754578000000   0.59999948677848269
 -0.04370753578000000   0.59999948725792125
 -0.04370752578000000   0.59999948773735969
 -0.04370751578000000   0.59999948821679801
 -0.04370750578000000   0.59999948869623622
 -0.04370749578000000   0.59999948917567431
 -0.04370748578000000   0.59999948965511228
 -0.04370747578000000   0.59999949013455014
 -0.04370746578000000   0.59999949061398788
 -0.04370745578000000   0.59999949109342550
 -0.04370744578000000   0.59999949157286300
 -0.04370743578000000   0.59999949205230038
 -0.04370742578000000   0.59999949253173765
 -0.04370741578000000   0.59999949301117480
 -0.04370740578000000   0.59999949349061183
 -0.04370739578000000   0.59999949397004875
 -0.04370738578000000   0.59999949444948555
 -0.04370737578000000   0.59999949492892223
 -0.04370736578000000   0.59999949540835879
 -0.04370735578000000   0.59999949588779524
 -0.04370734578000000   0.59999949636723157
 -0.04370733578000000   0.59999949684666778
 -0.04370732578000000   0.59999949732610387
 -0.04370731578000000   0.59999949780553985
 -0.04370730578000000   0.59999949828497571
 -0.04370729578000000   0.59999949876441145
 -0.04370728578000000   0.59999949924384707
 -0.04370727578000000   0.59999949972328258
 -0.04370726578000000   0.59999950020271797
 -0.04370725578000000   0.59999950068215324
 -0.04370724578000000   0.59999950116158839
 -0.04370723578000000   0.59999950164102343
 -0.04370722578000000   0.59999950212045835
 -0.04370721578000000   0.59999950259989315
 -0.04370720578000000   0.59999950307932784
 -0.04370719578000000   0.59999950355876240
 -0.04370718578000000   0.59999950403819685
 -0.04370717578000000   0.59999950451763118
 -0.04370716578000000   0.59999950499706540
 -0.04370715578000000   0.59999950547649950
 -0.04370714578000000   0.59999950595593348
 -0.04370713578000000   0.59999950643536734
 -0.04370712578000000   0.59999950691480108
 -0.04370711578000000   0.59999950739423471
 -0.04370710578000000   0.59999950787366822
 -0.04370709578000000   0.59999950835310161
 -0.04370708578000000   0.59999950883253489
 -0.04370707578000000   0.59999950931196805
 -0.04370706578000000   0.59999950979140109
 -0.04370705578000000   0.59999951027083401
 -0.04370704578000000   0.59999951075026682
 -0.04370703578000000   0.59999951122969951
 -0.04370702578000000   0.59999951170913208
 -0.04370701578000000   0.59999951218856453
 -0.04370700578000000   0.59999951266799687
 -0.04370699578000000   0.59999951314742908
 -0.04370698578000000   0.59999951362686119
 -0.04370697578000000   0.59999951410629317
 -0.04370696578000000   0.59999951458572503
 -0.04370695578000000   0.59999951506515678
 -0.04370694578000000   0.59999951554458841
 -0.04370693578000000   0.59999951602401993
 -0.04370692578000000   0.59999951650345132
 -0.04370691578000000   0.59999951698288260
 -0.04370690578000000   0.59999951746231377
 -0.04370689578000000   0.59999951794174481
 -0.04370688578000000   0.59999951842117574
 -0.04370687578000000   0.59999951890060655
 -0.04370686578000000   0.59999951938003724
 -0.04370685578000000   0.59999951985946781
 -0.04370684578000000   0.59999952033889827
 -0.04370683578000000   0.59999952081832861
 -0.04370682578000000   0.59999952129775883
 -0.04370681578000000   0.59999952177718894
 -0.04370680578000000   0.59999952225661892
 -0.04370679578000000   0.59999952273604880
 -0.04370678578000000   0.59999952321547855
 -0.04370677578000000   0.59999952369490818
 -0.04370676578000000   0.59999952417433770
 -0.04370675578000000   0.59999952465376710
 -0.04370674578000000   0.59999952513319638
 -0.04370673578000000   0.59999952561262555
 -0.04370672578000000   0.59999952609205460
 -0.04370671578000000   0.59999952657148353
 -0.04370670578000000   0.59999952705091234
 -0.04370669578000000   0.59999952753034104
 -0.04370668578000000   0.59999952800976961
 -0.04370667578000000   0.59999952848919808
 -0.04370666578000000   0.59999952896862642
 -0.04370665578000000   0.59999952944805464
 -0.04370664578000000   0.59999952992748275
 -0.04370663578000000   0.59999953040691074
 -0.04370662578000000   0.59999953088633862
 -0.04370661578000000   0.59999953136576637
 -0.04370660578000000   0.59999953184519401
 -0.04370659578000000   0.59999953232462153
 -0.04370658578000000   0.59999953280404894
 -0.04370657578000000   0.59999953328347623
 -0.04370656578000000   0.59999953376290339
 -0.04370655578000000   0.59999953424233045
 -0.04370654578000000   0.59999953472175738
 -0.04370653578000000   0.59999953520118420
 -0.04370652578000000   0.59999953568061090
 -0.04370651578000000   0.59999953616003748
 -0.04370650578000000   0.59999953663946394
 -0.04370649578000000   0.59999953711889029
 -0.04370648578000000   0.59999953759831652
 -0.04370647578000000   0.59999953807774263
 -0.04370646578000000   0.59999953855716863
 -0.04370645578000000   0.59999953903659451
 -0.04370644578000000   0.59999953951602027
 -0.04370643578000000   0.59999953999544591
 -0.04370642578000000   0.59999954047487143
 -0.04370641578000000   0.59999954095429684
 -0.04370640578000000   0.59999954143372213
 -0.04370639578000000   0.59999954191314731
 -0.04370638578000000   0.59999954239257236
 -0.04370637578000000   0.59999954287199730
 -0.04370636578000000   0.59999954335142212
 -0.04370635578000000   0.59999954383084682
 -0.04370634578000000   0.59999954431027141
 -0.04370633578000000   0.59999954478969588
 -0.04370632578000000   0.59999954526912023
 -0.04370631578000000   0.59999954574854446
 -0.04370630578000000   0.59999954622796858
 -0.04370629578000000   0.59999954670739258
 -0.04370628578000000   0.59999954718681646
 -0.04370627578000000   0.59999954766624022
 -0.04370626578000000   0.59999954814566387
 -0.04370625578000000   0.59999954862508740
 -0.04370624578000000   0.59999954910451081
 -0.04370623578000000   0.59999954958393410
 -0.04370622578000000   0.59999955006335728
 -0.04370621578000000   0.59999955054278034
 -0.04370620578000000   0.59999955102220328
 -0.04370619578000000   0.59999955150162610
 -0.04370618578000000   0.59999955198104881
 -0.04370617578000000   0.59999955246047140
 -0.04370616578000000   0.59999955293989387
 -0.04370615578000000   0.59999955341931623
 -0.04370614578000000   0.59999955389873846
 -0.04370613578000000   0.59999955437816058
 -0.04370612578000000   0.59999955485758259
 -0.04370611578000000   0.59999955533700447
 -0.04370610578000000   0.59999955581642624
 -0.04370609578000000   0.59999955629584789
 -0.04370608578000000   0.59999955677526942
 -0.04370607578000000   0.59999955725469084
 -0.04370606578000000   0.59999955773411213
 -0.04370605578000000   0.59999955821353331
 -0.04370604578000000   0.59999955869295438
 -0.04370603578000000   0.59999955917237532
 -0.04370602578000000   0.59999955965179615
 -0.04370601578000000   0.59999956013121686
 -0.04370600578000000   0.59999956061063746
 -0.04370599578000000   0.59999956109005793
 -0.04370598578000000   0.59999956156947829
 -0.04370597578000000   0.59999956204889853
 -0.04370596578000000   0.59999956252831865
 -0.04370595578000000   0.59999956300773866
 -0.04370594578000000   0.59999956348715855
 -0.04370593578000000   0.59999956396657832
 -0.04370592578000000   0.59999956444599798
 -0.04370591578000000   0.59999956492541751
 -0.04370590578000000   0.59999956540483693
 -0.04370589578000000   0.59999956588425623
 -0.04370588578000000   0.59999956636367542
 -0.04370587578000000   0.59999956684309448
 -0.04370586578000000   0.59999956732251343
 -0.04370585578000000   0.59999956780193227
 -0.04370584578000000   0.59999956828135098
 -0.04370583578000000   0.59999956876076958
 -0.04370582578000000   0.59999956924018806
 -0.04370581578000000   0.59999956971960642
 -0.04370580578000000   0.59999957019902466
 -0.04370579578000000   0.59999957067844279
 -0.04370578578000000   0.59999957115786080
 -0.04370577578000000   0.59999957163727869
 -0.04370576578000000   0.59999957211669647
 -0.04370575578000000   0.59999957259611412
 -0.04370574578000000   0.59999957307553166
 -0.04370573578000000   0.59999957355494909
 -0.04370572578000000   0.59999957403436639
 -0.04370571578000000   0.59999957451378358
 -0.04370570578000000   0.59999957499320065
 -0.04370569578000000   0.59999957547261760
 -0.04370568578000000   0.59999957595203444
 -0.04370567578000000   0.59999957643145116
 -0.04370566578000000   0.59999957691086776
 -0.04370565578000000   0.59999957739028424
 -0.04370564578000000   0.59999957786970061
 -0.04370563578000000   0.59999957834911686
 -0.04370562578000000   0.59999957882853299
 -0.04370561578000000   0.59999957930794900
 -0.04370560578000000   0.59999957978736490
 -0.04370559578000000   0.59999958026678068
 -0.04370558578000000   0.59999958074619634
 -0.04370557578000000   0.59999958122561188
 -0.04370556578000000   0.59999958170502731
 -0.04370555578000000   0.59999958218444262
 -0.04370554578000000   0.59999958266385781
 -0.04370553578000000   0.59999958314327288
 -0.04370552578000000   0.59999958362268784
 -0.04370551578000000   0.59999958410210268
 -0.04370550578000000   0.59999958458151740
 -0.04370549578000000   0.59999958506093201
 -0.04370548578000000   0.59999958554034650
 -0.04370547578000000   0.59999958601976086
 -0.04370546578000000   0.59999958649917512
 -0.04370545578000000   0.59999958697858925
 -0.04370544578000000   0.59999958745800327
 -0.04370543578000000   0.59999958793741717
 -0.04370542578000000   0.59999958841683095
 -0.04370541578000000   0.59999958889624462
 -0.04370540578000000   0.59999958937565817
 -0.04370539578000000   0.59999958985507160
 -0.04370538578000000   0.59999959033448491
 -0.04370537578000000   0.59999959081389810
 -0.04370536578000000   0.59999959129331118
 -0.04370535578000000   0.59999959177272414
 -0.04370534578000000   0.59999959225213699
 -0.04370533578000000   0.59999959273154971
 -0.04370532578000000   0.59999959321096232
 -0.04370531578000000   0.59999959369037481
 -0.04370530578000000   0.59999959416978718
 -0.04370529578000000   0.59999959464919944
 -0.04370528578000000   0.59999959512861158
 -0.04370527578000000   0.59999959560802360
 -0.04370526578000000   0.59999959608743550
 -0.04370525578000000   0.59999959656684729
 -0.04370524578000000   0.59999959704625896
 -0.04370523578000000   0.59999959752567051
 -0.04370522578000000   0.59999959800508195
 -0.04370521578000000   0.59999959848449326
 -0.04370520578000000   0.59999959896390446
 -0.04370519578000000   0.59999959944331554
 -0.04370518578000000   0.59999959992272651
 -0.04370517578000000   0.59999960040213735
 -0.04370516578000000   0.59999960088154808
 -0.04370515578000000   0.59999960136095870
 -0.04370514578000000   0.59999960184036919
 -0.04370513578000000   0.59999960231977957
 -0.04370512578000000   0.59999960279918983
 -0.04370511578000000   0.59999960327859997
 -0.04370510578000000   0.59999960375801000
 -0.04370509578000000   0.59999960423741990
 -0.04370508578000000   0.59999960471682969
 -0.04370507578000000   0.59999960519623937
 -0.04370506578000000   0.59999960567564892
 -0.04370505578000000   0.59999960615505836
 -0.04370504578000000   0.59999960663446768
 -0.04370503578000000   0.59999960711387688
 -0.04370502578000000   0.59999960759328597
 -0.04370501578000000   0.59999960807269494
 -0.04370500578000000   0.59999960855210379
 -0.04370499578000000   0.59999960903151252
 -0.04370498578000000   0.59999960951092114
 -0.04370497578000000   0.59999960999032963
 -0.04370496578000000   0.59999961046973802
 -0.04370495578000000   0.59999961094914628
 -0.04370494578000000   0.59999961142855443
 -0.04370493578000000   0.59999961190796245
 -0.04370492578000000   0.59999961238737037
 -0.04370491578000000   0.59999961286677816
 -0.04370490578000000   0.59999961334618584
 -0.04370489578000000   0.59999961382559340
 -0.04370488578000000   0.59999961430500084
 -0.04370487578000000   0.59999961478440816
 -0.04370486578000000   0.59999961526381537
 -0.04370485578000000   0.59999961574322246
 -0.04370484578000000   0.59999961622262943
 -0.04370483578000000   0.59999961670203628
 -0.04370482578000000   0.59999961718144302
 -0.04370481578000000   0.59999961766084964
 -0.04370480578000000   0.59999961814025614
 -0.04370479578000000   0.59999961861966253
 -0.04370478578000000   0.59999961909906880
 -0.04370477578000000   0.59999961957847495
 -0.04370476578000000   0.59999962005788098
 -0.04370475578000000   0.59999962053728689
 -0.04370474578000000   0.59999962101669269
 -0.04370473578000000   0.59999962149609837
 -0.04370472578000000   0.59999962197550393
 -0.04370471578000000   0.59999962245490938
 -0.04370470578000000   0.59999962293431471
 -0.04370469578000000   0.59999962341371992
 -0.04370468578000000   0.59999962389312501
 -0.04370467578000000   0.59999962437252999
 -0.04370466578000000   0.59999962485193484
 -0.04370465578000000   0.59999962533133958
 -0.04370464578000000   0.59999962581074421
 -0.04370463578000000   0.59999962629014871
 -0.04370462578000000   0.59999962676955310
 -0.04370461578000000   0.59999962724895738
 -0.04370460578000000   0.59999962772836153
 -0.04370459578000000   0.59999962820776557
 -0.04370458578000000   0.59999962868716948
 -0.04370457578000000   0.59999962916657329
 -0.04370456578000000   0.59999962964597697
 -0.04370455578000000   0.59999963012538054
 -0.04370454578000000   0.59999963060478399
 -0.04370453578000000   0.59999963108418732
 -0.04370452578000000   0.59999963156359053
 -0.04370451578000000   0.59999963204299363
 -0.04370450578000000   0.59999963252239661
 -0.04370449578000000   0.59999963300179947
 -0.04370448578000000   0.59999963348120221
 -0.04370447578000000   0.59999963396060484
 -0.04370446578000000   0.59999963444000735
 -0.04370445578000000   0.59999963491940974
 -0.04370444578000000   0.59999963539881202
 -0.04370443578000000   0.59999963587821418
 -0.04370442578000000   0.59999963635761622
 -0.04370441578000000   0.59999963683701814
 -0.04370440578000000   0.59999963731641994
 -0.04370439578000000   0.59999963779582163
 -0.04370438578000000   0.59999963827522320
 -0.04370437578000000   0.59999963875462466
 -0.04370436578000000   0.59999963923402599
 -0.04370435578000000   0.59999963971342721
 -0.04370434578000000   0.59999964019282831
 -0.04370433578000000   0.59999964067222929
 -0.04370432578000000   0.59999964115163016
 -0.04370431578000000   0.59999964163103091
 -0.04370430578000000   0.59999964211043154
 -0.04370429578000000   0.59999964258983205
 -0.04370428578000000   0.59999964306923245
 -0.04370427578000000   0.59999964354863273
 -0.04370426578000000   0.59999964402803289
 -0.04370425578000000   0.59999964450743293
 -0.04370424578000000   0.59999964498683286
 -0.04370423578000000   0.59999964546623267
 -0.04370422578000000   0.59999964594563236
 -0.04370421578000000   0.59999964642503193
 -0.04370420578000000   0.59999964690443139
 -0.04370419578000000   0.59999964738383073
 -0.04370418578000000   0.59999964786322995
 -0.04370417578000000   0.59999964834262906
 -0.04370416578000000   0.59999964882202804
 -0.04370415578000000   0.59999964930142691
 -0.04370414578000000   0.59999964978082567
 -0.04370413578000000   0.59999965026022430
 -0.04370412578000000   0.59999965073962282
 -0.04370411578000000   0.59999965121902122
 -0.04370410578000000   0.59999965169841950
 -0.04370409578000000   0.59999965217781766
 -0.04370408578000000   0.59999965265721571
 -0.04370407578000000   0.59999965313661364
 -0.04370406578000000   0.59999965361601145
 -0.04370405578000000   0.59999965409540915
 -0.04370404578000000   0.59999965457480673
 -0.04370403578000000   0.59999965505420419
 -0.04370402578000000   0.59999965553360153
 -0.04370401578000000   0.59999965601299876
 -0.04370400578000000   0.59999965649239587
 -0.04370399578000000   0.59999965697179286
 -0.04370398578000000   0.59999965745118973
 -0.04370397578000000   0.59999965793058649
 -0.04370396578000000   0.59999965840998313
 -0.04370395578000000   0.59999965888937965
 -0.04370394578000000   0.59999965936877605
 -0.04370393578000000   0.59999965984817234
 -0.04370392578000000   0.59999966032756851
 -0.04370391578000000   0.59999966080696456
 -0.04370390578000000   0.59999966128636049
 -0.04370389578000000   0.59999966176575631
 -0.04370388578000000   0.59999966224515201
 -0.04370387578000000   0.59999966272454759
 -0.04370386578000000   0.59999966320394305
 -0.04370385578000000   0.59999966368333840
 -0.04370384578000000   0.59999966416273363
 -0.04370383578000000   0.59999966464212874
 -0.04370382578000000   0.59999966512152374
 -0.04370381578000000   0.59999966560091861
 -0.04370380578000000   0.59999966608031337
 -0.04370379578000000   0.59999966655970802
 -0.04370378578000000   0.59999966703910254
 -0.04370377578000000   0.59999966751849695
 -0.04370376578000000   0.59999966799789124
 -0.04370375578000000   0.59999966847728541
 -0.04370374578000000   0.59999966895667947
 -0.04370373578000000   0.59999966943607340
 -0.04370372578000000   0.59999966991546722
 -0.04370371578000000   0.59999967039486093
 -0.04370370578000000   0.59999967087425451
 -0.04370369578000000   0.59999967135364798
 -0.04370368578000000   0.59999967183304133
 -0.04370367578000000   0.59999967231243456
 -0.04370366578000000   0.59999967279182768
 -0.04370365578000000   0.59999967327122068
 -0.04370364578000000   0.59999967375061356
 -0.04370363578000000   0.59999967423000632
 -0.04370362578000000   0.59999967470939897
 -0.04370361578000000   0.59999967518879150
 -0.04370360578000000   0.59999967566818391
 -0.04370359578000000   0.59999967614757620
 -0.04370358578000000   0.59999967662696838
 -0.04370357578000000   0.59999967710636044
 -0.04370356578000000   0.59999967758575238
 -0.04370355578000000   0.59999967806514421
 -0.04370354578000000   0.59999967854453591
 -0.04370353578000000   0.59999967902392750
 -0.04370352578000000   0.59999967950331897
 -0.04370351578000000   0.59999967998271033
 -0.04370350578000000   0.59999968046210156
 -0.04370349578000000   0.59999968094149268
 -0.04370348578000000   0.59999968142088369
 -0.04370347578000000   0.59999968190027457
 -0.04370346578000000   0.59999968237966534
 -0.04370345578000000   0.59999968285905599
 -0.04370344578000000   0.59999968333844652
 -0.04370343578000000   0.59999968381783694
 -0.04370342578000000   0.59999968429722723
 -0.04370341578000000   0.59999968477661741
 -0.04370340578000000   0.59999968525600748
 -0.04370339578000000   0.59999968573539742
 -0.04370338578000000   0.59999968621478725
 -0.04370337578000000   0.59999968669417696
 -0.04370336578000000   0.59999968717356655
 -0.04370335578000000   0.59999968765295603
 -0.04370334578000000   0.59999968813234539
 -0.04370333578000000   0.59999968861173463
 -0.04370332578000000   0.59999968909112375
 -0.04370331578000000   0.59999968957051276
 -0.04370330578000000   0.59999969004990165
 -0.04370329578000000   0.59999969052929042
 -0.04370328578000000   0.59999969100867907
 -0.04370327578000000   0.59999969148806761
 -0.04370326578000000   0.59999969196745603
 -0.04370325578000000   0.59999969244684433
 -0.04370324578000000   0.59999969292623251
 -0.04370323578000000   0.59999969340562058
 -0.04370322578000000   0.59999969388500853
 -0.04370321578000000   0.59999969436439636
 -0.04370320578000000   0.59999969484378407
 -0.04370319578000000   0.59999969532317167
 -0.04370318578000000   0.59999969580255915
 -0.04370317578000000   0.59999969628194651
 -0.04370316578000000   0.59999969676133376
 -0.04370315578000000   0.59999969724072089
 -0.04370314578000000   0.59999969772010790
 -0.04370313578000000   0.59999969819949479
 -0.04370312578000000   0.59999969867888156
 -0.04370311578000000   0.59999969915826822
 -0.04370310578000000   0.59999969963765476
 -0.04370309578000000   0.59999970011704118
 -0.04370308578000000   0.59999970059642749
 -0.04370307578000000   0.59999970107581368
 -0.04370306578000000   0.59999970155519975
 -0.04370305578000000   0.59999970203458570
 -0.04370304578000000   0.59999970251397154
 -0.04370303578000000   0.59999970299335725
 -0.04370302578000000   0.59999970347274285
 -0.04370301578000000   0.59999970395212834
 -0.04370300578000000   0.59999970443151370
 -0.04370299578000000   0.59999970491089895
 -0.04370298578000000   0.59999970539028408
 -0.04370297578000000   0.59999970586966910
 -0.04370296578000000   0.59999970634905399
 -0.04370295578000000   0.59999970682843877
 -0.04370294578000000   0.59999970730782343
 -0.04370293578000000   0.59999970778720798
 -0.04370292578000000   0.59999970826659240
 -0.04370291578000000   0.59999970874597671
 -0.04370290578000000   0.59999970922536091
 -0.04370289578000000   0.59999970970474498
 -0.04370288578000000   0.59999971018412893
 -0.04370287578000000   0.59999971066351277
 -0.04370286578000000   0.59999971114289650
 -0.04370285578000000   0.59999971162228010
 -0.04370284578000000   0.59999971210166359
 -0.04370283578000000   0.59999971258104696
 -0.04370282578000000   0.59999971306043021
 -0.04370281578000000   0.59999971353981334
 -0.04370280578000000   0.59999971401919636
 -0.04370279578000000   0.59999971449857926
 -0.04370278578000000   0.59999971497796205
 -0.04370277578000000   0.59999971545734471
 -0.04370276578000000   0.59999971593672726
 -0.04370275578000000   0.59999971641610969
 -0.04370274578000000   0.59999971689549200
 -0.04370273578000000   0.59999971737487420
 -0.04370272578000000   0.59999971785425628
 -0.04370271578000000   0.59999971833363824
 -0.04370270578000000   0.59999971881302008
 -0.04370269578000000   0.59999971929240180
 -0.04370268578000000   0.59999971977178341
 -0.04370267578000000   0.59999972025116490
 -0.04370266578000000   0.59999972073054628
 -0.04370265578000000   0.59999972120992753
 -0.04370264578000000   0.59999972168930867
 -0.04370263578000000   0.59999972216868969
 -0.04370262578000000   0.59999972264807060
 -0.04370261578000000   0.59999972312745138
 -0.04370260578000000   0.59999972360683205
 -0.04370259578000000   0.59999972408621260
 -0.04370258578000000   0.59999972456559304
 -0.04370257578000000   0.59999972504497335
 -0.04370256578000000   0.59999972552435355
 -0.04370255578000000   0.59999972600373364
 -0.04370254578000000   0.59999972648311360
 -0.04370253578000000   0.59999972696249345
 -0.04370252578000000   0.59999972744187318
 -0.04370251578000000   0.59999972792125279
 -0.04370250578000000   0.59999972840063228
 -0.04370249578000000   0.59999972888001166
 -0.04370248578000000   0.59999972935939092
 -0.04370247578000000   0.59999972983877006
 -0.04370246578000000   0.59999973031814909
 -0.04370245578000000   0.59999973079752800
 -0.04370244578000000   0.59999973127690679
 -0.04370243578000000   0.59999973175628546
 -0.04370242578000000   0.59999973223566401
 -0.04370241578000000   0.59999973271504245
 -0.04370240578000000   0.59999973319442077
 -0.04370239578000000   0.59999973367379898
 -0.04370238578000000   0.59999973415317706
 -0.04370237578000000   0.59999973463255503
 -0.04370236578000000   0.59999973511193288
 -0.04370235578000000   0.59999973559131061
 -0.04370234578000000   0.59999973607068823
 -0.04370233578000000   0.59999973655006573
 -0.04370232578000000   0.59999973702944311
 -0.04370231578000000   0.59999973750882037
 -0.04370230578000000   0.59999973798819752
 -0.04370229578000000   0.59999973846757455
 -0.04370228578000000   0.59999973894695146
 -0.04370227578000000   0.59999973942632825
 -0.04370226578000000   0.59999973990570493
 -0.04370225578000000   0.59999974038508149
 -0.04370224578000000   0.59999974086445793
 -0.04370223578000000   0.59999974134383425
 -0.04370222578000000   0.59999974182321046
 -0.04370221578000000   0.59999974230258655
 -0.04370220578000000   0.59999974278196252
 -0.04370219578000000   0.59999974326133838
 -0.04370218578000000   0.59999974374071412
 -0.04370217578000000   0.59999974422008974
 -0.04370216578000000   0.59999974469946524
 -0.04370215578000000   0.59999974517884062
 -0.04370214578000000   0.59999974565821589
 -0.04370213578000000   0.59999974613759104
 -0.04370212578000000   0.59999974661696607
 -0.04370211578000000   0.59999974709634099
 -0.04370210578000000   0.59999974757571579
 -0.04370209578000000   0.59999974805509047
 -0.04370208578000000   0.59999974853446503
 -0.04370207578000000   0.59999974901383948
 -0.04370206578000000   0.59999974949321380
 -0.04370205578000000   0.59999974997258801
 -0.04370204578000000   0.59999975045196211
 -0.04370203578000000   0.59999975093133608
 -0.04370202578000000   0.59999975141070994
 -0.04370201578000000   0.59999975189008368
 -0.04370200578000000   0.59999975236945731
 -0.04370199578000000   0.59999975284883081
 -0.04370198578000000   0.59999975332820420
 -0.04370197578000000   0.59999975380757747
 -0.04370196578000000   0.59999975428695063
 -0.04370195578000000   0.59999975476632366
 -0.04370194578000000   0.59999975524569658
 -0.04370193578000000   0.59999975572506938
 -0.04370192578000000   0.59999975620444207
 -0.04370191578000000   0.59999975668381464
 -0.04370190578000000   0.59999975716318708
 -0.04370189578000000   0.59999975764255942
 -0.04370188578000000   0.59999975812193163
 -0.04370187578000000   0.59999975860130373
 -0.04370186578000000   0.59999975908067571
 -0.04370185578000000   0.59999975956004757
 -0.04370184578000000   0.59999976003941931
 -0.04370183578000000   0.59999976051879094
 -0.04370182578000000   0.59999976099816245
 -0.04370181578000000   0.59999976147753384
 -0.04370180578000000   0.59999976195690512
 -0.04370179578000000   0.59999976243627628
 -0.04370178578000000   0.59999976291564732
 -0.04370177578000000   0.59999976339501824
 -0.04370176578000000   0.59999976387438905
 -0.04370175578000000   0.59999976435375973
 -0.04370174578000000   0.59999976483313031
 -0.04370173578000000   0.59999976531250076
 -0.04370172578000000   0.59999976579187109
 -0.04370171578000000   0.59999976627124131
 -0.04370170578000000   0.59999976675061141
 -0.04370169578000000   0.59999976722998140
 -0.04370168578000000   0.59999976770935126
 -0.04370167578000000   0.59999976818872101
 -0.04370166578000000   0.59999976866809064
 -0.04370165578000000   0.59999976914746016
 -0.04370164578000000   0.59999976962682955
 -0.04370163578000000   0.59999977010619883
 -0.04370162578000000   0.59999977058556799
 -0.04370161578000000   0.59999977106493704
 -0.04370160578000000   0.59999977154430596
 -0.04370159578000000   0.59999977202367477
 -0.04370158578000000   0.59999977250304347
 -0.04370157578000000   0.59999977298241204
 -0.04370156578000000   0.59999977346178050
 -0.04370155578000000   0.59999977394114884
 -0.04370154578000000   0.59999977442051706
 -0.04370153578000000   0.59999977489988516
 -0.04370152578000000   0.59999977537925315
 -0.04370151578000000   0.59999977585862102
 -0.04370150578000000   0.59999977633798877
 -0.04370149578000000   0.59999977681735641
 -0.04370148578000000   0.59999977729672393
 -0.04370147578000000   0.59999977777609133
 -0.04370146578000000   0.59999977825545861
 -0.04370145578000000   0.59999977873482577
 -0.04370144578000000   0.59999977921419282
 -0.04370143578000000   0.59999977969355975
 -0.04370142578000000   0.59999978017292657
 -0.04370141578000000   0.59999978065229326
 -0.04370140578000000   0.59999978113165984
 -0.04370139578000000   0.59999978161102630
 -0.04370138578000000   0.59999978209039264
 -0.04370137578000000   0.59999978256975887
 -0.04370136578000000   0.59999978304912498
 -0.04370135578000000   0.59999978352849097
 -0.04370134578000000   0.59999978400785684
 -0.04370133578000000   0.59999978448722260
 -0.04370132578000000   0.59999978496658824
 -0.04370131578000000   0.59999978544595376
 -0.04370130578000000   0.59999978592531917
 -0.04370129578000000   0.59999978640468445
 -0.04370128578000000   0.59999978688404962
 -0.04370127578000000   0.59999978736341467
 -0.04370126578000000   0.59999978784277961
 -0.04370125578000000   0.59999978832214442
 -0.04370124578000000   0.59999978880150912
 -0.04370123578000000   0.59999978928087371
 -0.04370122578000000   0.59999978976023817
 -0.04370121578000000   0.59999979023960252
 -0.04370120578000000   0.59999979071896675
 -0.04370119578000000   0.59999979119833086
 -0.04370118578000000   0.59999979167769485
 -0.04370117578000000   0.59999979215705873
 -0.04370116578000000   0.59999979263642249
 -0.04370115578000000   0.59999979311578613
 -0.04370114578000000   0.59999979359514966
 -0.04370113578000000   0.59999979407451307
 -0.04370112578000000   0.59999979455387636
 -0.04370111578000000   0.59999979503323953
 -0.04370110578000000   0.59999979551260259
 -0.04370109578000000   0.59999979599196553
 -0.04370108578000000   0.59999979647132835
 -0.04370107578000000   0.59999979695069105
 -0.04370106578000000   0.59999979743005364
 -0.04370105578000000   0.59999979790941610
 -0.04370104578000000   0.59999979838877845
 -0.04370103578000000   0.59999979886814069
 -0.04370102578000000   0.59999979934750280
 -0.04370101578000000   0.59999979982686480
 -0.04370100578000000   0.59999980030622668
 -0.04370099578000000   0.59999980078558845
 -0.04370098578000000   0.59999980126495010
 -0.04370097578000000   0.59999980174431162
 -0.04370096578000000   0.59999980222367304
 -0.04370095578000000   0.59999980270303433
 -0.04370094578000000   0.59999980318239551
 -0.04370093578000000   0.59999980366175657
 -0.04370092578000000   0.59999980414111751
 -0.04370091578000000   0.59999980462047833
 -0.04370090578000000   0.59999980509983904
 -0.04370089578000000   0.59999980557919963
 -0.04370088578000000   0.59999980605856010
 -0.04370087578000000   0.59999980653792046
 -0.04370086578000000   0.59999980701728070
 -0.04370085578000000   0.59999980749664082
 -0.04370084578000000   0.59999980797600082
 -0.04370083578000000   0.59999980845536070
 -0.04370082578000000   0.59999980893472047
 -0.04370081578000000   0.59999980941408012
 -0.04370080578000000   0.59999980989343965
 -0.04370079578000000   0.59999981037279907
 -0.04370078578000000   0.59999981085215837
 -0.04370077578000000   0.59999981133151755
 -0.04370076578000000   0.59999981181087661
 -0.04370075578000000   0.59999981229023556
 -0.04370074578000000   0.59999981276959439
 -0.04370073578000000   0.59999981324895310
 -0.04370072578000000   0.59999981372831169
 -0.04370071578000000   0.59999981420767017
 -0.04370070578000000   0.59999981468702853
 -0.04370069578000000   0.59999981516638677
 -0.04370068578000000   0.59999981564574489
 -0.04370067578000000   0.59999981612510290
 -0.04370066578000000   0.59999981660446079
 -0.04370065578000000   0.59999981708381856
 -0.04370064578000000   0.59999981756317621
 -0.04370063578000000   0.59999981804253375
 -0.04370062578000000   0.59999981852189117
 -0.04370061578000000   0.59999981900124847
 -0.04370060578000000   0.59999981948060565
 -0.04370059578000000   0.59999981995996272
 -0.04370058578000000   0.59999982043931967
 -0.04370057578000000   0.59999982091867651
 -0.04370056578000000   0.59999982139803322
 -0.04370055578000000   0.59999982187738982
 -0.04370054578000000   0.59999982235674630
 -0.04370053578000000   0.59999982283610266
 -0.04370052578000000   0.59999982331545890
 -0.04370051578000000   0.59999982379481503
 -0.04370050578000000   0.59999982427417104
 -0.04370049578000000   0.59999982475352694
 -0.04370048578000000   0.59999982523288271
 -0.04370047578000000   0.59999982571223837
 -0.04370046578000000   0.59999982619159391
 -0.04370045578000000   0.59999982667094933
 -0.04370044578000000   0.59999982715030464
 -0.04370043578000000   0.59999982762965983
 -0.04370042578000000   0.59999982810901490
 -0.04370041578000000   0.59999982858836985
 -0.04370040578000000   0.59999982906772469
 -0.04370039578000000   0.59999982954707941
 -0.04370038578000000   0.59999983002643401
 -0.04370037578000000   0.59999983050578849
 -0.04370036578000000   0.59999983098514286
 -0.04370035578000000   0.59999983146449711
 -0.04370034578000000   0.59999983194385124
 -0.04370033578000000   0.59999983242320525
 -0.04370032578000000   0.59999983290255915
 -0.04370031578000000   0.59999983338191293
 -0.04370030578000000   0.59999983386126659
 -0.04370029578000000   0.59999983434062014
 -0.04370028578000000   0.59999983481997356
 -0.04370027578000000   0.59999983529932687
 -0.04370026578000000   0.59999983577868006
 -0.04370025578000000   0.59999983625803314
 -0.04370024578000000   0.59999983673738610
 -0.04370023578000000   0.59999983721673894
 -0.04370022578000000   0.59999983769609166
 -0.04370021578000000   0.59999983817544426
 -0.04370020578000000   0.59999983865479675
 -0.04370019578000000   0.59999983913414912
 -0.04370018578000000   0.59999983961350137
 -0.04370017578000000   0.59999984009285351
 -0.04370016578000000   0.59999984057220553
 -0.04370015578000000   0.59999984105155743
 -0.04370014578000000   0.59999984153090921
 -0.04370013578000000   0.59999984201026088
 -0.04370012578000000   0.59999984248961243
 -0.04370011578000000   0.59999984296896386
 -0.04370010578000000   0.59999984344831517
 -0.04370009578000000   0.59999984392766637
 -0.04370008578000000   0.59999984440701744
 -0.04370007578000000   0.59999984488636841
 -0.04370006578000000   0.59999984536571925
 -0.04370005578000000   0.59999984584506998
 -0.04370004578000000   0.59999984632442058
 -0.04370003578000000   0.59999984680377108
 -0.04370002578000000   0.59999984728312145
 -0.04370001578000000   0.59999984776247171
 -0.04370000578000000   0.59999984824182185
 -0.04369999578000000   0.59999984872117187
 -0.04369998578000000   0.59999984920052177
 -0.04369997578000000   0.59999984967987156
 -0.04369996578000000   0.59999985015922123
 -0.04369995578000000   0.59999985063857078
 -0.04369994578000000   0.59999985111792022
 -0.04369993578000000   0.59999985159726953
 -0.04369992578000000   0.59999985207661873
 -0.04369991578000000   0.59999985255596782
 -0.04369990578000000   0.59999985303531678
 -0.04369989578000000   0.59999985351466563
 -0.04369988578000000   0.59999985399401436
 -0.04369987578000000   0.59999985447336297
 -0.04369986578000000   0.59999985495271147
 -0.04369985578000000   0.59999985543205985
 -0.04369984578000000   0.59999985591140810
 -0.04369983578000000   0.59999985639075625
 -0.04369982578000000   0.59999985687010427
 -0.04369981578000000   0.59999985734945218
 -0.04369980578000000   0.59999985782879997
 -0.04369979578000000   0.59999985830814765
 -0.04369978578000000   0.59999985878749520
 -0.04369977578000000   0.59999985926684264
 -0.04369976578000000   0.59999985974618996
 -0.04369975578000000   0.59999986022553717
 -0.04369974578000000   0.59999986070488425
 -0.04369973578000000   0.59999986118423122
 -0.04369972578000000   0.59999986166357807
 -0.04369971578000000   0.59999986214292481
 -0.04369970578000000   0.59999986262227142
 -0.04369969578000000   0.59999986310161792
 -0.04369968578000000   0.59999986358096431
 -0.04369967578000000   0.59999986406031057
 -0.04369966578000000   0.59999986453965672
 -0.04369965578000000   0.59999986501900275
 -0.04369964578000000   0.59999986549834866
 -0.04369963578000000   0.59999986597769445
 -0.04369962578000000   0.59999986645704013
 -0.04369961578000000   0.59999986693638569
 -0.04369960578000000   0.59999986741573113
 -0.04369959578000000   0.59999986789507646
 -0.04369958578000000   0.59999986837442167
 -0.04369957578000000   0.59999986885376676
 -0.04369956578000000   0.59999986933311173
 -0.04369955578000000   0.59999986981245658
 -0.04369954578000000   0.59999987029180132
 -0.04369953578000000   0.59999987077114594
 -0.04369952578000000   0.59999987125049044
 -0.04369951578000000   0.59999987172983483
 -0.04369950578000000   0.59999987220917910
 -0.04369949578000000   0.59999987268852325
 -0.04369948578000000   0.59999987316786728
 -0.04369947578000000   0.59999987364721120
 -0.04369946578000000   0.59999987412655500
 -0.04369945578000000   0.59999987460589868
 -0.04369944578000000   0.59999987508524224
 -0.04369943578000000   0.59999987556458569
 -0.04369942578000000   0.59999987604392902
 -0.04369941578000000   0.59999987652327223
 -0.04369940578000000   0.59999987700261532
 -0.04369939578000000   0.59999987748195830
 -0.04369938578000000   0.59999987796130116
 -0.04369937578000000   0.59999987844064390
 -0.04369936578000000   0.59999987891998653
 -0.04369935578000000   0.59999987939932903
 -0.04369934578000000   0.59999987987867142
 -0.04369933578000000   0.59999988035801369
 -0.04369932578000000   0.59999988083735585
 -0.04369931578000000   0.59999988131669789
 -0.04369930578000000   0.59999988179603981
 -0.04369929578000000   0.59999988227538161
 -0.04369928578000000   0.59999988275472329
 -0.04369927578000000   0.59999988323406486
 -0.04369926578000000   0.59999988371340631
 -0.04369925578000000   0.59999988419274764
 -0.04369924578000000   0.59999988467208886
 -0.04369923578000000   0.59999988515142996
 -0.04369922578000000   0.59999988563077094
 -0.04369921578000000   0.59999988611011180
 -0.04369920578000000   0.59999988658945255
 -0.04369919578000000   0.59999988706879317
 -0.04369918578000000   0.59999988754813368
 -0.04369917578000000   0.59999988802747408
 -0.04369916578000000   0.59999988850681435
 -0.04369915578000000   0.59999988898615451
 -0.04369914578000000   0.59999988946549455
 -0.04369913578000000   0.59999988994483448
 -0.04369912578000000   0.59999989042417428
 -0.04369911578000000   0.59999989090351397
 -0.04369910578000000   0.59999989138285354
 -0.04369909578000000   0.59999989186219300
 -0.04369908578000000   0.59999989234153233
 -0.04369907578000000   0.59999989282087155
 -0.04369906578000000   0.59999989330021066
 -0.04369905578000000   0.59999989377954964
 -0.04369904578000000   0.59999989425888851
 -0.04369903578000000   0.59999989473822726
 -0.04369902578000000   0.59999989521756589
 -0.04369901578000000   0.59999989569690440
 -0.04369900578000000   0.59999989617624280
 -0.04369899578000000   0.59999989665558108
 -0.04369898578000000   0.59999989713491924
 -0.04369897578000000   0.59999989761425729
 -0.04369896578000000   0.59999989809359522
 -0.04369895578000000   0.59999989857293302
 -0.04369894578000000   0.59999989905227072
 -0.04369893578000000   0.59999989953160829
 -0.04369892578000000   0.59999990001094575
 -0.04369891578000000   0.59999990049028309
 -0.04369890578000000   0.59999990096962032
 -0.04369889578000000   0.59999990144895742
 -0.04369888578000000   0.59999990192829441
 -0.04369887578000000   0.59999990240763128
 -0.04369886578000000   0.59999990288696803
 -0.04369885578000000   0.59999990336630467
 -0.04369884578000000   0.59999990384564119
 -0.04369883578000000   0.59999990432497759
 -0.04369882578000000   0.59999990480431387
 -0.04369881578000000   0.59999990528365004
 -0.04369880578000000   0.59999990576298609
 -0.04369879578000000   0.59999990624232202
 -0.04369878578000000   0.59999990672165783
 -0.04369877578000000   0.59999990720099353
 -0.04369876578000000   0.59999990768032911
 -0.04369875578000000   0.59999990815966457
 -0.04369874578000000   0.59999990863899991
 -0.04369873578000000   0.59999990911833514
 -0.04369872578000000   0.59999990959767025
 -0.04369871578000000   0.59999991007700524
 -0.04369870578000000   0.59999991055634012
 -0.04369869578000000   0.59999991103567487
 -0.04369868578000000   0.59999991151500952
