 -0.04442575431000000   0.59999924436522674
 -0.04442574431000000   0.59999924482506968
 -0.04442573431000000   0.59999924528491250
 -0.04442572431000000   0.59999924574475520
 -0.04442571431000000   0.59999924620459780
 -0.04442570431000000   0.59999924666444027
 -0.04442569431000000   0.59999924712428263
 -0.04442568431000000   0.59999924758412488
 -0.04442567431000000   0.59999924804396701
 -0.04442566431000000   0.59999924850380903
 -0.04442565431000000   0.59999924896365093
 -0.04442564431000000   0.59999924942349272
 -0.04442563431000000   0.59999924988333439
 -0.04442562431000000   0.59999925034317594
 -0.04442561431000000   0.59999925080301739
 -0.04442560431000000   0.59999925126285871
 -0.04442559431000000   0.59999925172269993
 -0.04442558431000000   0.59999925218254102
 -0.04442557431000000   0.59999925264238201
 -0.04442556431000000   0.59999925310222287
 -0.04442555431000000   0.59999925356206363
 -0.04442554431000000   0.59999925402190427
 -0.04442553431000000   0.59999925448174479
 -0.04442552431000000   0.59999925494158520
 -0.04442551431000000   0.59999925540142549
 -0.04442550431000000   0.59999925586126567
 -0.04442549431000000   0.59999925632110573
 -0.04442548431000000   0.59999925678094568
 -0.04442547431000000   0.59999925724078551
 -0.04442546431000000   0.59999925770062523
 -0.04442545431000000   0.59999925816046484
 -0.04442544431000000   0.59999925862030433
 -0.04442543431000000   0.59999925908014370
 -0.04442542431000000   0.59999925953998296
 -0.04442541431000000   0.59999925999982211
 -0.04442540431000000   0.59999926045966113
 -0.04442539431000000   0.59999926091950005
 -0.04442538431000000   0.59999926137933885
 -0.04442537431000000   0.59999926183917754
 -0.04442536431000000   0.59999926229901611
 -0.04442535431000000   0.59999926275885456
 -0.04442534431000000   0.59999926321869290
 -0.04442533431000000   0.59999926367853113
 -0.04442532431000000   0.59999926413836924
 -0.04442531431000000   0.59999926459820724
 -0.04442530431000000   0.59999926505804512
 -0.04442529431000000   0.59999926551788288
 -0.04442528431000000   0.59999926597772053
 -0.04442527431000000   0.59999926643755807
 -0.04442526431000000   0.59999926689739549
 -0.04442525431000000   0.59999926735723280
 -0.04442524431000000   0.59999926781706999
 -0.04442523431000000   0.59999926827690707
 -0.04442522431000000   0.59999926873674403
 -0.04442521431000000   0.59999926919658088
 -0.04442520431000000   0.59999926965641761
 -0.04442519431000000   0.59999927011625423
 -0.04442518431000000   0.59999927057609073
 -0.04442517431000000   0.59999927103592712
 -0.04442516431000000   0.59999927149576339
 -0.04442515431000000   0.59999927195559955
 -0.04442514431000000   0.59999927241543559
 -0.04442513431000000   0.59999927287527152
 -0.04442512431000000   0.59999927333510734
 -0.04442511431000000   0.59999927379494304
 -0.04442510431000000   0.59999927425477862
 -0.04442509431000000   0.59999927471461409
 -0.04442508431000000   0.59999927517444944
 -0.04442507431000000   0.59999927563428468
 -0.04442506431000000   0.59999927609411980
 -0.04442505431000000   0.59999927655395481
 -0.04442504431000000   0.59999927701378971
 -0.04442503431000000   0.59999927747362449
 -0.04442502431000000   0.59999927793345915
 -0.04442501431000000   0.59999927839329371
 -0.04442500431000000   0.59999927885312814
 -0.04442499431000000   0.59999927931296246
 -0.04442498431000000   0.59999927977279667
 -0.04442497431000000   0.59999928023263076
 -0.04442496431000000   0.59999928069246473
 -0.04442495431000000   0.59999928115229859
 -0.04442494431000000   0.59999928161213234
 -0.04442493431000000   0.59999928207196597
 -0.04442492431000000   0.59999928253179949
 -0.04442491431000000   0.59999928299163289
 -0.04442490431000000   0.59999928345146617
 -0.04442489431000000   0.59999928391129935
 -0.04442488431000000   0.59999928437113240
 -0.04442487431000000   0.59999928483096534
 -0.04442486431000000   0.59999928529079817
 -0.04442485431000000   0.59999928575063088
 -0.04442484431000000   0.59999928621046348
 -0.04442483431000000   0.59999928667029596
 -0.04442482431000000   0.59999928713012833
 -0.04442481431000000   0.59999928758996058
 -0.04442480431000000   0.59999928804979272
 -0.04442479431000000   0.59999928850962474
 -0.04442478431000000   0.59999928896945665
 -0.04442477431000000   0.59999928942928845
 -0.04442476431000000   0.59999928988912012
 -0.04442475431000000   0.59999929034895169
 -0.04442474431000000   0.59999929080878314
 -0.04442473431000000   0.59999929126861447
 -0.04442472431000000   0.59999929172844569
 -0.04442471431000000   0.59999929218827679
 -0.04442470431000000   0.59999929264810778
 -0.04442469431000000   0.59999929310793866
 -0.04442468431000000   0.59999929356776941
 -0.04442467431000000   0.59999929402760006
 -0.04442466431000000   0.59999929448743059
 -0.04442465431000000   0.59999929494726100
 -0.04442464431000000   0.59999929540709130
 -0.04442463431000000   0.59999929586692149
 -0.04442462431000000   0.59999929632675156
 -0.04442461431000000   0.59999929678658152
 -0.04442460431000000   0.59999929724641136
 -0.04442459431000000   0.59999929770624108
 -0.04442458431000000   0.59999929816607069
 -0.04442457431000000   0.59999929862590019
 -0.04442456431000000   0.59999929908572957
 -0.04442455431000000   0.59999929954555884
 -0.04442454431000000   0.59999930000538799
 -0.04442453431000000   0.59999930046521702
 -0.04442452431000000   0.59999930092504595
 -0.04442451431000000   0.59999930138487475
 -0.04442450431000000   0.59999930184470345
 -0.04442449431000000   0.59999930230453202
 -0.04442448431000000   0.59999930276436049
 -0.04442447431000000   0.59999930322418883
 -0.04442446431000000   0.59999930368401706
 -0.04442445431000000   0.59999930414384518
 -0.04442444431000000   0.59999930460367319
 -0.04442443431000000   0.59999930506350107
 -0.04442442431000000   0.59999930552332885
 -0.04442441431000000   0.59999930598315650
 -0.04442440431000000   0.59999930644298405
 -0.04442439431000000   0.59999930690281148
 -0.04442438431000000   0.59999930736263879
 -0.04442437431000000   0.59999930782246599
 -0.04442436431000000   0.59999930828229307
 -0.04442435431000000   0.59999930874212004
 -0.04442434431000000   0.59999930920194689
 -0.04442433431000000   0.59999930966177364
 -0.04442432431000000   0.59999931012160026
 -0.04442431431000000   0.59999931058142677
 -0.04442430431000000   0.59999931104125316
 -0.04442429431000000   0.59999931150107944
 -0.04442428431000000   0.59999931196090561
 -0.04442427431000000   0.59999931242073166
 -0.04442426431000000   0.59999931288055759
 -0.04442425431000000   0.59999931334038342
 -0.04442424431000000   0.59999931380020912
 -0.04442423431000000   0.59999931426003471
 -0.04442422431000000   0.59999931471986019
 -0.04442421431000000   0.59999931517968555
 -0.04442420431000000   0.59999931563951079
 -0.04442419431000000   0.59999931609933593
 -0.04442418431000000   0.59999931655916094
 -0.04442417431000000   0.59999931701898584
 -0.04442416431000000   0.59999931747881063
 -0.04442415431000000   0.59999931793863530
 -0.04442414431000000   0.59999931839845986
 -0.04442413431000000   0.59999931885828430
 -0.04442412431000000   0.59999931931810863
 -0.04442411431000000   0.59999931977793284
 -0.04442410431000000   0.59999932023775694
 -0.04442409431000000   0.59999932069758092
 -0.04442408431000000   0.59999932115740479
 -0.04442407431000000   0.59999932161722854
 -0.04442406431000000   0.59999932207705218
 -0.04442405431000000   0.59999932253687570
 -0.04442404431000000   0.59999932299669911
 -0.04442403431000000   0.59999932345652241
 -0.04442402431000000   0.59999932391634558
 -0.04442401431000000   0.59999932437616865
 -0.04442400431000000   0.59999932483599160
 -0.04442399431000000   0.59999932529581443
 -0.04442398431000000   0.59999932575563715
 -0.04442397431000000   0.59999932621545975
 -0.04442396431000000   0.59999932667528224
 -0.04442395431000000   0.59999932713510462
 -0.04442394431000000   0.59999932759492688
 -0.04442393431000000   0.59999932805474902
 -0.04442392431000000   0.59999932851457105
 -0.04442391431000000   0.59999932897439297
 -0.04442390431000000   0.59999932943421477
 -0.04442389431000000   0.59999932989403646
 -0.04442388431000000   0.59999933035385803
 -0.04442387431000000   0.59999933081367948
 -0.04442386431000000   0.59999933127350082
 -0.04442385431000000   0.59999933173332205
 -0.04442384431000000   0.59999933219314316
 -0.04442383431000000   0.59999933265296416
 -0.04442382431000000   0.59999933311278504
 -0.04442381431000000   0.59999933357260580
 -0.04442380431000000   0.59999933403242645
 -0.04442379431000000   0.59999933449224699
 -0.04442378431000000   0.59999933495206741
 -0.04442377431000000   0.59999933541188772
 -0.04442376431000000   0.59999933587170791
 -0.04442375431000000   0.59999933633152799
 -0.04442374431000000   0.59999933679134795
 -0.04442373431000000   0.59999933725116780
 -0.04442372431000000   0.59999933771098754
 -0.04442371431000000   0.59999933817080715
 -0.04442370431000000   0.59999933863062666
 -0.04442369431000000   0.59999933909044604
 -0.04442368431000000   0.59999933955026532
 -0.04442367431000000   0.59999934001008448
 -0.04442366431000000   0.59999934046990352
 -0.04442365431000000   0.59999934092972245
 -0.04442364431000000   0.59999934138954127
 -0.04442363431000000   0.59999934184935996
 -0.04442362431000000   0.59999934230917855
 -0.04442361431000000   0.59999934276899702
 -0.04442360431000000   0.59999934322881537
 -0.04442359431000000   0.59999934368863361
 -0.04442358431000000   0.59999934414845174
 -0.04442357431000000   0.59999934460826975
 -0.04442356431000000   0.59999934506808764
 -0.04442355431000000   0.59999934552790542
 -0.04442354431000000   0.59999934598772309
 -0.04442353431000000   0.59999934644754064
 -0.04442352431000000   0.59999934690735807
 -0.04442351431000000   0.59999934736717540
 -0.04442350431000000   0.59999934782699260
 -0.04442349431000000   0.59999934828680969
 -0.04442348431000000   0.59999934874662667
 -0.04442347431000000   0.59999934920644353
 -0.04442346431000000   0.59999934966626028
 -0.04442345431000000   0.59999935012607691
 -0.04442344431000000   0.59999935058589343
 -0.04442343431000000   0.59999935104570983
 -0.04442342431000000   0.59999935150552612
 -0.04442341431000000   0.59999935196534229
 -0.04442340431000000   0.59999935242515835
 -0.04442339431000000   0.59999935288497429
 -0.04442338431000000   0.59999935334479012
 -0.04442337431000000   0.59999935380460583
 -0.04442336431000000   0.59999935426442143
 -0.04442335431000000   0.59999935472423691
 -0.04442334431000000   0.59999935518405228
 -0.04442333431000000   0.59999935564386753
 -0.04442332431000000   0.59999935610368267
 -0.04442331431000000   0.59999935656349770
 -0.04442330431000000   0.59999935702331261
 -0.04442329431000000   0.59999935748312740
 -0.04442328431000000   0.59999935794294208
 -0.04442327431000000   0.59999935840275664
 -0.04442326431000000   0.59999935886257109
 -0.04442325431000000   0.59999935932238543
 -0.04442324431000000   0.59999935978219965
 -0.04442323431000000   0.59999936024201376
 -0.04442322431000000   0.59999936070182774
 -0.04442321431000000   0.59999936116164162
 -0.04442320431000000   0.59999936162145538
 -0.04442319431000000   0.59999936208126903
 -0.04442318431000000   0.59999936254108256
 -0.04442317431000000   0.59999936300089597
 -0.04442316431000000   0.59999936346070927
 -0.04442315431000000   0.59999936392052246
 -0.04442314431000000   0.59999936438033553
 -0.04442313431000000   0.59999936484014849
 -0.04442312431000000   0.59999936529996133
 -0.04442311431000000   0.59999936575977406
 -0.04442310431000000   0.59999936621958667
 -0.04442309431000000   0.59999936667939917
 -0.04442308431000000   0.59999936713921155
 -0.04442307431000000   0.59999936759902382
 -0.04442306431000000   0.59999936805883597
 -0.04442305431000000   0.59999936851864801
 -0.04442304431000000   0.59999936897845993
 -0.04442303431000000   0.59999936943827174
 -0.04442302431000000   0.59999936989808343
 -0.04442301431000000   0.59999937035789501
 -0.04442300431000000   0.59999937081770647
 -0.04442299431000000   0.59999937127751782
 -0.04442298431000000   0.59999937173732905
 -0.04442297431000000   0.59999937219714018
 -0.04442296431000000   0.59999937265695118
 -0.04442295431000000   0.59999937311676207
 -0.04442294431000000   0.59999937357657284
 -0.04442293431000000   0.59999937403638350
 -0.04442292431000000   0.59999937449619405
 -0.04442291431000000   0.59999937495600448
 -0.04442290431000000   0.59999937541581479
 -0.04442289431000000   0.59999937587562499
 -0.04442288431000000   0.59999937633543508
 -0.04442287431000000   0.59999937679524505
 -0.04442286431000000   0.59999937725505490
 -0.04442285431000000   0.59999937771486464
 -0.04442284431000000   0.59999937817467427
 -0.04442283431000000   0.59999937863448378
 -0.04442282431000000   0.59999937909429318
 -0.04442281431000000   0.59999937955410246
 -0.04442280431000000   0.59999938001391163
 -0.04442279431000000   0.59999938047372068
 -0.04442278431000000   0.59999938093352961
 -0.04442277431000000   0.59999938139333844
 -0.04442276431000000   0.59999938185314714
 -0.04442275431000000   0.59999938231295574
 -0.04442274431000000   0.59999938277276421
 -0.04442273431000000   0.59999938323257258
 -0.04442272431000000   0.59999938369238083
 -0.04442271431000000   0.59999938415218896
 -0.04442270431000000   0.59999938461199698
 -0.04442269431000000   0.59999938507180488
 -0.04442268431000000   0.59999938553161267
 -0.04442267431000000   0.59999938599142034
 -0.04442266431000000   0.59999938645122790
 -0.04442265431000000   0.59999938691103534
 -0.04442264431000000   0.59999938737084267
 -0.04442263431000000   0.59999938783064989
 -0.04442262431000000   0.59999938829045699
 -0.04442261431000000   0.59999938875026397
 -0.04442260431000000   0.59999938921007084
 -0.04442259431000000   0.59999938966987760
 -0.04442258431000000   0.59999939012968424
 -0.04442257431000000   0.59999939058949076
 -0.04442256431000000   0.59999939104929717
 -0.04442255431000000   0.59999939150910346
 -0.04442254431000000   0.59999939196890965
 -0.04442253431000000   0.59999939242871571
 -0.04442252431000000   0.59999939288852166
 -0.04442251431000000   0.59999939334832750
 -0.04442250431000000   0.59999939380813322
 -0.04442249431000000   0.59999939426793883
 -0.04442248431000000   0.59999939472774432
 -0.04442247431000000   0.59999939518754970
 -0.04442246431000000   0.59999939564735496
 -0.04442245431000000   0.59999939610716010
 -0.04442244431000000   0.59999939656696514
 -0.04442243431000000   0.59999939702677005
 -0.04442242431000000   0.59999939748657485
 -0.04442241431000000   0.59999939794637954
 -0.04442240431000000   0.59999939840618411
 -0.04442239431000000   0.59999939886598857
 -0.04442238431000000   0.59999939932579292
 -0.04442237431000000   0.59999939978559714
 -0.04442236431000000   0.59999940024540126
 -0.04442235431000000   0.59999940070520526
 -0.04442234431000000   0.59999940116500914
 -0.04442233431000000   0.59999940162481291
 -0.04442232431000000   0.59999940208461656
 -0.04442231431000000   0.59999940254442010
 -0.04442230431000000   0.59999940300422352
 -0.04442229431000000   0.59999940346402683
 -0.04442228431000000   0.59999940392383003
 -0.04442227431000000   0.59999940438363311
 -0.04442226431000000   0.59999940484343608
 -0.04442225431000000   0.59999940530323892
 -0.04442224431000000   0.59999940576304166
 -0.04442223431000000   0.59999940622284428
 -0.04442222431000000   0.59999940668264679
 -0.04442221431000000   0.59999940714244918
 -0.04442220431000000   0.59999940760225145
 -0.04442219431000000   0.59999940806205361
 -0.04442218431000000   0.59999940852185566
 -0.04442217431000000   0.59999940898165759
 -0.04442216431000000   0.59999940944145941
 -0.04442215431000000   0.59999940990126111
 -0.04442214431000000   0.59999941036106270
 -0.04442213431000000   0.59999941082086417
 -0.04442212431000000   0.59999941128066552
 -0.04442211431000000   0.59999941174046677
 -0.04442210431000000   0.59999941220026789
 -0.04442209431000000   0.59999941266006891
 -0.04442208431000000   0.59999941311986980
 -0.04442207431000000   0.59999941357967059
 -0.04442206431000000   0.59999941403947126
 -0.04442205431000000   0.59999941449927181
 -0.04442204431000000   0.59999941495907225
 -0.04442203431000000   0.59999941541887257
 -0.04442202431000000   0.59999941587867278
 -0.04442201431000000   0.59999941633847287
 -0.04442200431000000   0.59999941679827285
 -0.04442199431000000   0.59999941725807272
 -0.04442198431000000   0.59999941771787247
 -0.04442197431000000   0.59999941817767210
 -0.04442196431000000   0.59999941863747162
 -0.04442195431000000   0.59999941909727102
 -0.04442194431000000   0.59999941955707031
 -0.04442193431000000   0.59999942001686949
 -0.04442192431000000   0.59999942047666855
 -0.04442191431000000   0.59999942093646749
 -0.04442190431000000   0.59999942139626632
 -0.04442189431000000   0.59999942185606504
 -0.04442188431000000   0.59999942231586364
 -0.04442187431000000   0.59999942277566213
 -0.04442186431000000   0.59999942323546050
 -0.04442185431000000   0.59999942369525876
 -0.04442184431000000   0.59999942415505690
 -0.04442183431000000   0.59999942461485492
 -0.04442182431000000   0.59999942507465283
 -0.04442181431000000   0.59999942553445063
 -0.04442180431000000   0.59999942599424831
 -0.04442179431000000   0.59999942645404588
 -0.04442178431000000   0.59999942691384333
 -0.04442177431000000   0.59999942737364067
 -0.04442176431000000   0.59999942783343789
 -0.04442175431000000   0.59999942829323500
 -0.04442174431000000   0.59999942875303199
 -0.04442173431000000   0.59999942921282887
 -0.04442172431000000   0.59999942967262564
 -0.04442171431000000   0.59999943013242228
 -0.04442170431000000   0.59999943059221882
 -0.04442169431000000   0.59999943105201524
 -0.04442168431000000   0.59999943151181154
 -0.04442167431000000   0.59999943197160773
 -0.04442166431000000   0.59999943243140381
 -0.04442165431000000   0.59999943289119977
 -0.04442164431000000   0.59999943335099561
 -0.04442163431000000   0.59999943381079134
 -0.04442162431000000   0.59999943427058695
 -0.04442161431000000   0.59999943473038245
 -0.04442160431000000   0.59999943519017784
 -0.04442159431000000   0.59999943564997311
 -0.04442158431000000   0.59999943610976827
 -0.04442157431000000   0.59999943656956331
 -0.04442156431000000   0.59999943702935823
 -0.04442155431000000   0.59999943748915304
 -0.04442154431000000   0.59999943794894774
 -0.04442153431000000   0.59999943840874232
 -0.04442152431000000   0.59999943886853679
 -0.04442151431000000   0.59999943932833114
 -0.04442150431000000   0.59999943978812538
 -0.04442149431000000   0.59999944024791950
 -0.04442148431000000   0.59999944070771351
 -0.04442147431000000   0.59999944116750740
 -0.04442146431000000   0.59999944162730118
 -0.04442145431000000   0.59999944208709484
 -0.04442144431000000   0.59999944254688839
 -0.04442143431000000   0.59999944300668182
 -0.04442142431000000   0.59999944346647514
 -0.04442141431000000   0.59999944392626834
 -0.04442140431000000   0.59999944438606143
 -0.04442139431000000   0.59999944484585440
 -0.04442138431000000   0.59999944530564726
 -0.04442137431000000   0.59999944576544001
 -0.04442136431000000   0.59999944622523264
 -0.04442135431000000   0.59999944668502515
 -0.04442134431000000   0.59999944714481755
 -0.04442133431000000   0.59999944760460984
 -0.04442132431000000   0.59999944806440201
 -0.04442131431000000   0.59999944852419406
 -0.04442130431000000   0.59999944898398600
 -0.04442129431000000   0.59999944944377783
 -0.04442128431000000   0.59999944990356954
 -0.04442127431000000   0.59999945036336113
 -0.04442126431000000   0.59999945082315261
 -0.04442125431000000   0.59999945128294398
 -0.04442124431000000   0.59999945174273523
 -0.04442123431000000   0.59999945220252637
 -0.04442122431000000   0.59999945266231739
 -0.04442121431000000   0.59999945312210829
 -0.04442120431000000   0.59999945358189909
 -0.04442119431000000   0.59999945404168976
 -0.04442118431000000   0.59999945450148033
 -0.04442117431000000   0.59999945496127077
 -0.04442116431000000   0.59999945542106111
 -0.04442115431000000   0.59999945588085132
 -0.04442114431000000   0.59999945634064143
 -0.04442113431000000   0.59999945680043141
 -0.04442112431000000   0.59999945726022129
 -0.04442111431000000   0.59999945772001105
 -0.04442110431000000   0.59999945817980069
 -0.04442109431000000   0.59999945863959022
 -0.04442108431000000   0.59999945909937963
 -0.04442107431000000   0.59999945955916893
 -0.04442106431000000   0.59999946001895812
 -0.04442105431000000   0.59999946047874718
 -0.04442104431000000   0.59999946093853614
 -0.04442103431000000   0.59999946139832498
 -0.04442102431000000   0.59999946185811371
 -0.04442101431000000   0.59999946231790232
 -0.04442100431000000   0.59999946277769081
 -0.04442099431000000   0.59999946323747919
 -0.04442098431000000   0.59999946369726746
 -0.04442097431000000   0.59999946415705561
 -0.04442096431000000   0.59999946461684364
 -0.04442095431000000   0.59999946507663156
 -0.04442094431000000   0.59999946553641937
 -0.04442093431000000   0.59999946599620706
 -0.04442092431000000   0.59999946645599464
 -0.04442091431000000   0.59999946691578210
 -0.04442090431000000   0.59999946737556945
 -0.04442089431000000   0.59999946783535668
 -0.04442088431000000   0.59999946829514379
 -0.04442087431000000   0.59999946875493080
 -0.04442086431000000   0.59999946921471769
 -0.04442085431000000   0.59999946967450446
 -0.04442084431000000   0.59999947013429112
 -0.04442083431000000   0.59999947059407766
 -0.04442082431000000   0.59999947105386408
 -0.04442081431000000   0.59999947151365040
 -0.04442080431000000   0.59999947197343660
 -0.04442079431000000   0.59999947243322268
 -0.04442078431000000   0.59999947289300865
 -0.04442077431000000   0.59999947335279451
 -0.04442076431000000   0.59999947381258024
 -0.04442075431000000   0.59999947427236587
 -0.04442074431000000   0.59999947473215138
 -0.04442073431000000   0.59999947519193677
 -0.04442072431000000   0.59999947565172205
 -0.04442071431000000   0.59999947611150722
 -0.04442070431000000   0.59999947657129227
 -0.04442069431000000   0.59999947703107720
 -0.04442068431000000   0.59999947749086202
 -0.04442067431000000   0.59999947795064673
 -0.04442066431000000   0.59999947841043132
 -0.04442065431000000   0.59999947887021580
 -0.04442064431000000   0.59999947933000016
 -0.04442063431000000   0.59999947978978440
 -0.04442062431000000   0.59999948024956853
 -0.04442061431000000   0.59999948070935255
 -0.04442060431000000   0.59999948116913645
 -0.04442059431000000   0.59999948162892024
 -0.04442058431000000   0.59999948208870391
 -0.04442057431000000   0.59999948254848747
 -0.04442056431000000   0.59999948300827091
 -0.04442055431000000   0.59999948346805424
 -0.04442054431000000   0.59999948392783745
 -0.04442053431000000   0.59999948438762055
 -0.04442052431000000   0.59999948484740353
 -0.04442051431000000   0.59999948530718640
 -0.04442050431000000   0.59999948576696916
 -0.04442049431000000   0.59999948622675180
 -0.04442048431000000   0.59999948668653432
 -0.04442047431000000   0.59999948714631673
 -0.04442046431000000   0.59999948760609902
 -0.04442045431000000   0.59999948806588120
 -0.04442044431000000   0.59999948852566327
 -0.04442043431000000   0.59999948898544522
 -0.04442042431000000   0.59999948944522705
 -0.04442041431000000   0.59999948990500877
 -0.04442040431000000   0.59999949036479038
 -0.04442039431000000   0.59999949082457187
 -0.04442038431000000   0.59999949128435324
 -0.04442037431000000   0.59999949174413450
 -0.04442036431000000   0.59999949220391565
 -0.04442035431000000   0.59999949266369668
 -0.04442034431000000   0.59999949312347760
 -0.04442033431000000   0.59999949358325840
 -0.04442032431000000   0.59999949404303909
 -0.04442031431000000   0.59999949450281966
 -0.04442030431000000   0.59999949496260011
 -0.04442029431000000   0.59999949542238046
 -0.04442028431000000   0.59999949588216068
 -0.04442027431000000   0.59999949634194080
 -0.04442026431000000   0.59999949680172079
 -0.04442025431000000   0.59999949726150068
 -0.04442024431000000   0.59999949772128044
 -0.04442023431000000   0.59999949818106010
 -0.04442022431000000   0.59999949864083964
 -0.04442021431000000   0.59999949910061906
 -0.04442020431000000   0.59999949956039837
 -0.04442019431000000   0.59999950002017756
 -0.04442018431000000   0.59999950047995664
 -0.04442017431000000   0.59999950093973561
 -0.04442016431000000   0.59999950139951446
 -0.04442015431000000   0.59999950185929319
 -0.04442014431000000   0.59999950231907181
 -0.04442013431000000   0.59999950277885031
 -0.04442012431000000   0.59999950323862870
 -0.04442011431000000   0.59999950369840698
 -0.04442010431000000   0.59999950415818514
 -0.04442009431000000   0.59999950461796318
 -0.04442008431000000   0.59999950507774112
 -0.04442007431000000   0.59999950553751893
 -0.04442006431000000   0.59999950599729663
 -0.04442005431000000   0.59999950645707422
 -0.04442004431000000   0.59999950691685169
 -0.04442003431000000   0.59999950737662905
 -0.04442002431000000   0.59999950783640629
 -0.04442001431000000   0.59999950829618342
 -0.04442000431000000   0.59999950875596043
 -0.04441999431000000   0.59999950921573733
 -0.04441998431000000   0.59999950967551411
 -0.04441997431000000   0.59999951013529078
 -0.04441996431000000   0.59999951059506733
 -0.04441995431000000   0.59999951105484377
 -0.04441994431000000   0.59999951151462009
 -0.04441993431000000   0.59999951197439630
 -0.04441992431000000   0.59999951243417239
 -0.04441991431000000   0.59999951289394837
 -0.04441990431000000   0.59999951335372424
 -0.04441989431000000   0.59999951381349998
 -0.04441988431000000   0.59999951427327562
 -0.04441987431000000   0.59999951473305114
 -0.04441986431000000   0.59999951519282654
 -0.04441985431000000   0.59999951565260183
 -0.04441984431000000   0.59999951611237701
 -0.04441983431000000   0.59999951657215207
 -0.04441982431000000   0.59999951703192701
 -0.04441981431000000   0.59999951749170184
 -0.04441980431000000   0.59999951795147656
 -0.04441979431000000   0.59999951841125116
 -0.04441978431000000   0.59999951887102565
 -0.04441977431000000   0.59999951933080002
 -0.04441976431000000   0.59999951979057427
 -0.04441975431000000   0.59999952025034841
 -0.04441974431000000   0.59999952071012244
 -0.04441973431000000   0.59999952116989635
 -0.04441972431000000   0.59999952162967015
 -0.04441971431000000   0.59999952208944383
 -0.04441970431000000   0.59999952254921740
 -0.04441969431000000   0.59999952300899085
 -0.04441968431000000   0.59999952346876419
 -0.04441967431000000   0.59999952392853741
 -0.04441966431000000   0.59999952438831052
 -0.04441965431000000   0.59999952484808352
 -0.04441964431000000   0.59999952530785639
 -0.04441963431000000   0.59999952576762916
 -0.04441962431000000   0.59999952622740181
 -0.04441961431000000   0.59999952668717434
 -0.04441960431000000   0.59999952714694676
 -0.04441959431000000   0.59999952760671906
 -0.04441958431000000   0.59999952806649125
 -0.04441957431000000   0.59999952852626333
 -0.04441956431000000   0.59999952898603529
 -0.04441955431000000   0.59999952944580713
 -0.04441954431000000   0.59999952990557886
 -0.04441953431000000   0.59999953036535048
 -0.04441952431000000   0.59999953082512198
 -0.04441951431000000   0.59999953128489336
 -0.04441950431000000   0.59999953174466464
 -0.04441949431000000   0.59999953220443579
 -0.04441948431000000   0.59999953266420683
 -0.04441947431000000   0.59999953312397776
 -0.04441946431000000   0.59999953358374857
 -0.04441945431000000   0.59999953404351927
 -0.04441944431000000   0.59999953450328985
 -0.04441943431000000   0.59999953496306032
 -0.04441942431000000   0.59999953542283067
 -0.04441941431000000   0.59999953588260091
 -0.04441940431000000   0.59999953634237103
 -0.04441939431000000   0.59999953680214104
 -0.04441938431000000   0.59999953726191093
 -0.04441937431000000   0.59999953772168071
 -0.04441936431000000   0.59999953818145037
 -0.04441935431000000   0.59999953864121992
 -0.04441934431000000   0.59999953910098935
 -0.04441933431000000   0.59999953956075867
 -0.04441932431000000   0.59999954002052788
 -0.04441931431000000   0.59999954048029697
 -0.04441930431000000   0.59999954094006594
 -0.04441929431000000   0.59999954139983480
 -0.04441928431000000   0.59999954185960355
 -0.04441927431000000   0.59999954231937218
 -0.04441926431000000   0.59999954277914069
 -0.04441925431000000   0.59999954323890909
 -0.04441924431000000   0.59999954369867738
 -0.04441923431000000   0.59999954415844555
 -0.04441922431000000   0.59999954461821360
 -0.04441921431000000   0.59999954507798155
 -0.04441920431000000   0.59999954553774937
 -0.04441919431000000   0.59999954599751708
 -0.04441918431000000   0.59999954645728468
 -0.04441917431000000   0.59999954691705216
 -0.04441916431000000   0.59999954737681953
 -0.04441915431000000   0.59999954783658678
 -0.04441914431000000   0.59999954829635392
 -0.04441913431000000   0.59999954875612094
 -0.04441912431000000   0.59999954921588785
 -0.04441911431000000   0.59999954967565464
 -0.04441910431000000   0.59999955013542132
 -0.04441909431000000   0.59999955059518789
 -0.04441908431000000   0.59999955105495433
 -0.04441907431000000   0.59999955151472067
 -0.04441906431000000   0.59999955197448689
 -0.04441905431000000   0.59999955243425299
 -0.04441904431000000   0.59999955289401898
 -0.04441903431000000   0.59999955335378485
 -0.04441902431000000   0.59999955381355061
 -0.04441901431000000   0.59999955427331626
 -0.04441900431000000   0.59999955473308179
 -0.04441899431000000   0.59999955519284720
 -0.04441898431000000   0.59999955565261250
 -0.04441897431000000   0.59999955611237769
 -0.04441896431000000   0.59999955657214276
 -0.04441895431000000   0.59999955703190772
 -0.04441894431000000   0.59999955749167256
 -0.04441893431000000   0.59999955795143728
 -0.04441892431000000   0.59999955841120189
 -0.04441891431000000   0.59999955887096639
 -0.04441890431000000   0.59999955933073077
 -0.04441889431000000   0.59999955979049504
 -0.04441888431000000   0.59999956025025919
 -0.04441887431000000   0.59999956071002323
 -0.04441886431000000   0.59999956116978715
 -0.04441885431000000   0.59999956162955096
 -0.04441884431000000   0.59999956208931465
 -0.04441883431000000   0.59999956254907823
 -0.04441882431000000   0.59999956300884170
 -0.04441881431000000   0.59999956346860504
 -0.04441880431000000   0.59999956392836828
 -0.04441879431000000   0.59999956438813140
 -0.04441878431000000   0.59999956484789440
 -0.04441877431000000   0.59999956530765729
 -0.04441876431000000   0.59999956576742006
 -0.04441875431000000   0.59999956622718272
 -0.04441874431000000   0.59999956668694527
 -0.04441873431000000   0.59999956714670770
 -0.04441872431000000   0.59999956760647001
 -0.04441871431000000   0.59999956806623221
 -0.04441870431000000   0.59999956852599430
 -0.04441869431000000   0.59999956898575627
 -0.04441868431000000   0.59999956944551813
 -0.04441867431000000   0.59999956990527987
 -0.04441866431000000   0.59999957036504149
 -0.04441865431000000   0.59999957082480300
 -0.04441864431000000   0.59999957128456440
 -0.04441863431000000   0.59999957174432568
 -0.04441862431000000   0.59999957220408685
 -0.04441861431000000   0.59999957266384790
 -0.04441860431000000   0.59999957312360884
 -0.04441859431000000   0.59999957358336966
 -0.04441858431000000   0.59999957404313037
 -0.04441857431000000   0.59999957450289096
 -0.04441856431000000   0.59999957496265144
 -0.04441855431000000   0.59999957542241180
 -0.04441854431000000   0.59999957588217205
 -0.04441853431000000   0.59999957634193219
 -0.04441852431000000   0.59999957680169220
 -0.04441851431000000   0.59999957726145211
 -0.04441850431000000   0.59999957772121190
 -0.04441849431000000   0.59999957818097157
 -0.04441848431000000   0.59999957864073113
 -0.04441847431000000   0.59999957910049058
 -0.04441846431000000   0.59999957956024990
 -0.04441845431000000   0.59999958002000912
 -0.04441844431000000   0.59999958047976822
 -0.04441843431000000   0.59999958093952721
 -0.04441842431000000   0.59999958139928608
 -0.04441841431000000   0.59999958185904483
 -0.04441840431000000   0.59999958231880347
 -0.04441839431000000   0.59999958277856200
 -0.04441838431000000   0.59999958323832041
 -0.04441837431000000   0.59999958369807871
 -0.04441836431000000   0.59999958415783689
 -0.04441835431000000   0.59999958461759496
 -0.04441834431000000   0.59999958507735291
 -0.04441833431000000   0.59999958553711074
 -0.04441832431000000   0.59999958599686847
 -0.04441831431000000   0.59999958645662608
 -0.04441830431000000   0.59999958691638357
 -0.04441829431000000   0.59999958737614095
 -0.04441828431000000   0.59999958783589821
 -0.04441827431000000   0.59999958829565536
 -0.04441826431000000   0.59999958875541239
 -0.04441825431000000   0.59999958921516931
 -0.04441824431000000   0.59999958967492612
 -0.04441823431000000   0.59999959013468280
 -0.04441822431000000   0.59999959059443938
 -0.04441821431000000   0.59999959105419584
 -0.04441820431000000   0.59999959151395219
 -0.04441819431000000   0.59999959197370841
 -0.04441818431000000   0.59999959243346453
 -0.04441817431000000   0.59999959289322053
 -0.04441816431000000   0.59999959335297641
 -0.04441815431000000   0.59999959381273219
 -0.04441814431000000   0.59999959427248784
 -0.04441813431000000   0.59999959473224338
 -0.04441812431000000   0.59999959519199881
 -0.04441811431000000   0.59999959565175412
 -0.04441810431000000   0.59999959611150932
 -0.04441809431000000   0.59999959657126440
 -0.04441808431000000   0.59999959703101937
 -0.04441807431000000   0.59999959749077422
 -0.04441806431000000   0.59999959795052896
 -0.04441805431000000   0.59999959841028358
 -0.04441804431000000   0.59999959887003809
 -0.04441803431000000   0.59999959932979248
 -0.04441802431000000   0.59999959978954676
 -0.04441801431000000   0.59999960024930092
 -0.04441800431000000   0.59999960070905497
 -0.04441799431000000   0.59999960116880890
 -0.04441798431000000   0.59999960162856272
 -0.04441797431000000   0.59999960208831643
 -0.04441796431000000   0.59999960254807002
 -0.04441795431000000   0.59999960300782349
 -0.04441794431000000   0.59999960346757685
 -0.04441793431000000   0.59999960392733009
 -0.04441792431000000   0.59999960438708322
 -0.04441791431000000   0.59999960484683624
 -0.04441790431000000   0.59999960530658914
 -0.04441789431000000   0.59999960576634193
 -0.04441788431000000   0.59999960622609460
 -0.04441787431000000   0.59999960668584715
 -0.04441786431000000   0.59999960714559959
 -0.04441785431000000   0.59999960760535192
 -0.04441784431000000   0.59999960806510413
 -0.04441783431000000   0.59999960852485623
 -0.04441782431000000   0.59999960898460821
 -0.04441781431000000   0.59999960944436008
 -0.04441780431000000   0.59999960990411183
 -0.04441779431000000   0.59999961036386347
 -0.04441778431000000   0.59999961082361499
 -0.04441777431000000   0.59999961128336640
 -0.04441776431000000   0.59999961174311769
 -0.04441775431000000   0.59999961220286887
 -0.04441774431000000   0.59999961266261994
 -0.04441773431000000   0.59999961312237088
 -0.04441772431000000   0.59999961358212172
 -0.04441771431000000   0.59999961404187244
 -0.04441770431000000   0.59999961450162304
 -0.04441769431000000   0.59999961496137353
 -0.04441768431000000   0.59999961542112391
 -0.04441767431000000   0.59999961588087417
 -0.04441766431000000   0.59999961634062431
 -0.04441765431000000   0.59999961680037434
 -0.04441764431000000   0.59999961726012426
 -0.04441763431000000   0.59999961771987406
 -0.04441762431000000   0.59999961817962374
 -0.04441761431000000   0.59999961863937331
 -0.04441760431000000   0.59999961909912277
 -0.04441759431000000   0.59999961955887211
 -0.04441758431000000   0.59999962001862134
 -0.04441757431000000   0.59999962047837045
 -0.04441756431000000   0.59999962093811945
 -0.04441755431000000   0.59999962139786833
 -0.04441754431000000   0.59999962185761710
 -0.04441753431000000   0.59999962231736575
 -0.04441752431000000   0.59999962277711429
 -0.04441751431000000   0.59999962323686271
 -0.04441750431000000   0.59999962369661102
 -0.04441749431000000   0.59999962415635921
 -0.04441748431000000   0.59999962461610729
 -0.04441747431000000   0.59999962507585525
 -0.04441746431000000   0.59999962553560310
 -0.04441745431000000   0.59999962599535084
 -0.04441744431000000   0.59999962645509846
 -0.04441743431000000   0.59999962691484596
 -0.04441742431000000   0.59999962737459335
 -0.04441741431000000   0.59999962783434063
 -0.04441740431000000   0.59999962829408779
 -0.04441739431000000   0.59999962875383483
 -0.04441738431000000   0.59999962921358176
 -0.04441737431000000   0.59999962967332858
 -0.04441736431000000   0.59999963013307528
 -0.04441735431000000   0.59999963059282186
 -0.04441734431000000   0.59999963105256834
 -0.04441733431000000   0.59999963151231469
 -0.04441732431000000   0.59999963197206093
 -0.04441731431000000   0.59999963243180706
 -0.04441730431000000   0.59999963289155307
 -0.04441729431000000   0.59999963335129897
 -0.04441728431000000   0.59999963381104475
 -0.04441727431000000   0.59999963427079042
 -0.04441726431000000   0.59999963473053597
 -0.04441725431000000   0.59999963519028141
 -0.04441724431000000   0.59999963565002674
 -0.04441723431000000   0.59999963610977194
 -0.04441722431000000   0.59999963656951704
 -0.04441721431000000   0.59999963702926202
 -0.04441720431000000   0.59999963748900688
 -0.04441719431000000   0.59999963794875163
 -0.04441718431000000   0.59999963840849626
 -0.04441717431000000   0.59999963886824078
 -0.04441716431000000   0.59999963932798519
 -0.04441715431000000   0.59999963978772948
 -0.04441714431000000   0.59999964024747365
 -0.04441713431000000   0.59999964070721771
 -0.04441712431000000   0.59999964116696166
 -0.04441711431000000   0.59999964162670549
 -0.04441710431000000   0.59999964208644921
 -0.04441709431000000   0.59999964254619281
 -0.04441708431000000   0.59999964300593629
 -0.04441707431000000   0.59999964346567967
 -0.04441706431000000   0.59999964392542292
 -0.04441705431000000   0.59999964438516607
 -0.04441704431000000   0.59999964484490909
 -0.04441703431000000   0.59999964530465200
 -0.04441702431000000   0.59999964576439480
 -0.04441701431000000   0.59999964622413748
 -0.04441700431000000   0.59999964668388005
 -0.04441699431000000   0.59999964714362250
 -0.04441698431000000   0.59999964760336484
 -0.04441697431000000   0.59999964806310707
 -0.04441696431000000   0.59999964852284918
 -0.04441695431000000   0.59999964898259117
 -0.04441694431000000   0.59999964944233305
 -0.04441693431000000   0.59999964990207481
 -0.04441692431000000   0.59999965036181646
 -0.04441691431000000   0.59999965082155800
 -0.04441690431000000   0.59999965128129942
 -0.04441689431000000   0.59999965174104072
 -0.04441688431000000   0.59999965220078191
 -0.04441687431000000   0.59999965266052299
 -0.04441686431000000   0.59999965312026395
 -0.04441685431000000   0.59999965358000480
 -0.04441684431000000   0.59999965403974553
 -0.04441683431000000   0.59999965449948614
 -0.04441682431000000   0.59999965495922665
 -0.04441681431000000   0.59999965541896703
 -0.04441680431000000   0.59999965587870730
 -0.04441679431000000   0.59999965633844746
 -0.04441678431000000   0.59999965679818750
 -0.04441677431000000   0.59999965725792743
 -0.04441676431000000   0.59999965771766724
 -0.04441675431000000   0.59999965817740694
 -0.04441674431000000   0.59999965863714652
 -0.04441673431000000   0.59999965909688599
 -0.04441672431000000   0.59999965955662535
 -0.04441671431000000   0.59999966001636459
 -0.04441670431000000   0.59999966047610371
 -0.04441669431000000   0.59999966093584272
 -0.04441668431000000   0.59999966139558161
 -0.04441667431000000   0.59999966185532039
 -0.04441666431000000   0.59999966231505906
 -0.04441665431000000   0.59999966277479761
 -0.04441664431000000   0.59999966323453604
 -0.04441663431000000   0.59999966369427436
 -0.04441662431000000   0.59999966415401257
 -0.04441661431000000   0.59999966461375066
 -0.04441660431000000   0.59999966507348864
 -0.04441659431000000   0.59999966553322650
 -0.04441658431000000   0.59999966599296424
 -0.04441657431000000   0.59999966645270187
 -0.04441656431000000   0.59999966691243939
 -0.04441655431000000   0.59999966737217679
 -0.04441654431000000   0.59999966783191408
 -0.04441653431000000   0.59999966829165125
 -0.04441652431000000   0.59999966875138831
 -0.04441651431000000   0.59999966921112525
 -0.04441650431000000   0.59999966967086208
 -0.04441649431000000   0.59999967013059879
 -0.04441648431000000   0.59999967059033539
 -0.04441647431000000   0.59999967105007188
 -0.04441646431000000   0.59999967150980825
 -0.04441645431000000   0.59999967196954450
 -0.04441644431000000   0.59999967242928064
 -0.04441643431000000   0.59999967288901666
 -0.04441642431000000   0.59999967334875257
 -0.04441641431000000   0.59999967380848837
 -0.04441640431000000   0.59999967426822405
 -0.04441639431000000   0.59999967472795961
 -0.04441638431000000   0.59999967518769506
 -0.04441637431000000   0.59999967564743040
 -0.04441636431000000   0.59999967610716562
 -0.04441635431000000   0.59999967656690073
 -0.04441634431000000   0.59999967702663572
 -0.04441633431000000   0.59999967748637059
 -0.04441632431000000   0.59999967794610536
 -0.04441631431000000   0.59999967840584000
 -0.04441630431000000   0.59999967886557453
 -0.04441629431000000   0.59999967932530895
 -0.04441628431000000   0.59999967978504325
 -0.04441627431000000   0.59999968024477744
 -0.04441626431000000   0.59999968070451151
 -0.04441625431000000   0.59999968116424547
 -0.04441624431000000   0.59999968162397931
 -0.04441623431000000   0.59999968208371304
 -0.04441622431000000   0.59999968254344666
 -0.04441621431000000   0.59999968300318016
 -0.04441620431000000   0.59999968346291354
 -0.04441619431000000   0.59999968392264681
 -0.04441618431000000   0.59999968438237996
 -0.04441617431000000   0.59999968484211300
 -0.04441616431000000   0.59999968530184593
 -0.04441615431000000   0.59999968576157874
 -0.04441614431000000   0.59999968622131143
 -0.04441613431000000   0.59999968668104401
 -0.04441612431000000   0.59999968714077648
 -0.04441611431000000   0.59999968760050883
 -0.04441610431000000   0.59999968806024107
 -0.04441609431000000   0.59999968851997319
 -0.04441608431000000   0.59999968897970520
 -0.04441607431000000   0.59999968943943709
 -0.04441606431000000   0.59999968989916887
 -0.04441605431000000   0.59999969035890053
 -0.04441604431000000   0.59999969081863207
 -0.04441603431000000   0.59999969127836351
 -0.04441602431000000   0.59999969173809482
 -0.04441601431000000   0.59999969219782603
 -0.04441600431000000   0.59999969265755712
 -0.04441599431000000   0.59999969311728809
 -0.04441598431000000   0.59999969357701895
 -0.04441597431000000   0.59999969403674969
 -0.04441596431000000   0.59999969449648032
 -0.04441595431000000   0.59999969495621083
 -0.04441594431000000   0.59999969541594123
 -0.04441593431000000   0.59999969587567152
 -0.04441592431000000   0.59999969633540169
 -0.04441591431000000   0.59999969679513174
 -0.04441590431000000   0.59999969725486168
 -0.04441589431000000   0.59999969771459151
 -0.04441588431000000   0.59999969817432122
 -0.04441587431000000   0.59999969863405081
 -0.04441586431000000   0.59999969909378030
 -0.04441585431000000   0.59999969955350966
 -0.04441584431000000   0.59999970001323892
 -0.04441583431000000   0.59999970047296805
 -0.04441582431000000   0.59999970093269707
 -0.04441581431000000   0.59999970139242598
 -0.04441580431000000   0.59999970185215477
 -0.04441579431000000   0.59999970231188345
 -0.04441578431000000   0.59999970277161201
 -0.04441577431000000   0.59999970323134046
 -0.04441576431000000   0.59999970369106879
