 -0.04413791083000000   0.59999934444076281
 -0.04413790083000000   0.59999934491257464
 -0.04413789083000000   0.59999934538438636
 -0.04413788083000000   0.59999934585619797
 -0.04413787083000000   0.59999934632800946
 -0.04413786083000000   0.59999934679982083
 -0.04413785083000000   0.59999934727163208
 -0.04413784083000000   0.59999934774344322
 -0.04413783083000000   0.59999934821525424
 -0.04413782083000000   0.59999934868706514
 -0.04413781083000000   0.59999934915887593
 -0.04413780083000000   0.59999934963068661
 -0.04413779083000000   0.59999935010249716
 -0.04413778083000000   0.59999935057430760
 -0.04413777083000000   0.59999935104611792
 -0.04413776083000000   0.59999935151792813
 -0.04413775083000000   0.59999935198973822
 -0.04413774083000000   0.59999935246154819
 -0.04413773083000000   0.59999935293335805
 -0.04413772083000000   0.59999935340516779
 -0.04413771083000000   0.59999935387697742
 -0.04413770083000000   0.59999935434878693
 -0.04413769083000000   0.59999935482059632
 -0.04413768083000000   0.59999935529240559
 -0.04413767083000000   0.59999935576421475
 -0.04413766083000000   0.59999935623602380
 -0.04413765083000000   0.59999935670783272
 -0.04413764083000000   0.59999935717964153
 -0.04413763083000000   0.59999935765145023
 -0.04413762083000000   0.59999935812325880
 -0.04413761083000000   0.59999935859506726
 -0.04413760083000000   0.59999935906687561
 -0.04413759083000000   0.59999935953868384
 -0.04413758083000000   0.59999936001049195
 -0.04413757083000000   0.59999936048229994
 -0.04413756083000000   0.59999936095410782
 -0.04413755083000000   0.59999936142591559
 -0.04413754083000000   0.59999936189772323
 -0.04413753083000000   0.59999936236953076
 -0.04413752083000000   0.59999936284133818
 -0.04413751083000000   0.59999936331314547
 -0.04413750083000000   0.59999936378495265
 -0.04413749083000000   0.59999936425675972
 -0.04413748083000000   0.59999936472856667
 -0.04413747083000000   0.59999936520037350
 -0.04413746083000000   0.59999936567218021
 -0.04413745083000000   0.59999936614398681
 -0.04413744083000000   0.59999936661579329
 -0.04413743083000000   0.59999936708759966
 -0.04413742083000000   0.59999936755940591
 -0.04413741083000000   0.59999936803121204
 -0.04413740083000000   0.59999936850301806
 -0.04413739083000000   0.59999936897482396
 -0.04413738083000000   0.59999936944662975
 -0.04413737083000000   0.59999936991843541
 -0.04413736083000000   0.59999937039024096
 -0.04413735083000000   0.59999937086204640
 -0.04413734083000000   0.59999937133385172
 -0.04413733083000000   0.59999937180565692
 -0.04413732083000000   0.59999937227746201
 -0.04413731083000000   0.59999937274926697
 -0.04413730083000000   0.59999937322107183
 -0.04413729083000000   0.59999937369287657
 -0.04413728083000000   0.59999937416468119
 -0.04413727083000000   0.59999937463648569
 -0.04413726083000000   0.59999937510829008
 -0.04413725083000000   0.59999937558009435
 -0.04413724083000000   0.59999937605189850
 -0.04413723083000000   0.59999937652370254
 -0.04413722083000000   0.59999937699550646
 -0.04413721083000000   0.59999937746731027
 -0.04413720083000000   0.59999937793911396
 -0.04413719083000000   0.59999937841091753
 -0.04413718083000000   0.59999937888272099
 -0.04413717083000000   0.59999937935452433
 -0.04413716083000000   0.59999937982632755
 -0.04413715083000000   0.59999938029813066
 -0.04413714083000000   0.59999938076993365
 -0.04413713083000000   0.59999938124173653
 -0.04413712083000000   0.59999938171353928
 -0.04413711083000000   0.59999938218534193
 -0.04413710083000000   0.59999938265714445
 -0.04413709083000000   0.59999938312894686
 -0.04413708083000000   0.59999938360074915
 -0.04413707083000000   0.59999938407255133
 -0.04413706083000000   0.59999938454435339
 -0.04413705083000000   0.59999938501615533
 -0.04413704083000000   0.59999938548795716
 -0.04413703083000000   0.59999938595975887
 -0.04413702083000000   0.59999938643156046
 -0.04413701083000000   0.59999938690336194
 -0.04413700083000000   0.59999938737516331
 -0.04413699083000000   0.59999938784696455
 -0.04413698083000000   0.59999938831876568
 -0.04413697083000000   0.59999938879056669
 -0.04413696083000000   0.59999938926236759
 -0.04413695083000000   0.59999938973416837
 -0.04413694083000000   0.59999939020596903
 -0.04413693083000000   0.59999939067776958
 -0.04413692083000000   0.59999939114957001
 -0.04413691083000000   0.59999939162137032
 -0.04413690083000000   0.59999939209317052
 -0.04413689083000000   0.59999939256497060
 -0.04413688083000000   0.59999939303677056
 -0.04413687083000000   0.59999939350857042
 -0.04413686083000000   0.59999939398037015
 -0.04413685083000000   0.59999939445216976
 -0.04413684083000000   0.59999939492396926
 -0.04413683083000000   0.59999939539576865
 -0.04413682083000000   0.59999939586756791
 -0.04413681083000000   0.59999939633936706
 -0.04413680083000000   0.59999939681116610
 -0.04413679083000000   0.59999939728296501
 -0.04413678083000000   0.59999939775476382
 -0.04413677083000000   0.59999939822656250
 -0.04413676083000000   0.59999939869836107
 -0.04413675083000000   0.59999939917015952
 -0.04413674083000000   0.59999939964195786
 -0.04413673083000000   0.59999940011375608
 -0.04413672083000000   0.59999940058555418
 -0.04413671083000000   0.59999940105735217
 -0.04413670083000000   0.59999940152915004
 -0.04413669083000000   0.59999940200094779
 -0.04413668083000000   0.59999940247274543
 -0.04413667083000000   0.59999940294454295
 -0.04413666083000000   0.59999940341634035
 -0.04413665083000000   0.59999940388813764
 -0.04413664083000000   0.59999940435993481
 -0.04413663083000000   0.59999940483173187
 -0.04413662083000000   0.59999940530352881
 -0.04413661083000000   0.59999940577532563
 -0.04413660083000000   0.59999940624712234
 -0.04413659083000000   0.59999940671891893
 -0.04413658083000000   0.59999940719071540
 -0.04413657083000000   0.59999940766251176
 -0.04413656083000000   0.59999940813430800
 -0.04413655083000000   0.59999940860610412
 -0.04413654083000000   0.59999940907790013
 -0.04413653083000000   0.59999940954969603
 -0.04413652083000000   0.59999941002149180
 -0.04413651083000000   0.59999941049328746
 -0.04413650083000000   0.59999941096508300
 -0.04413649083000000   0.59999941143687843
 -0.04413648083000000   0.59999941190867374
 -0.04413647083000000   0.59999941238046893
 -0.04413646083000000   0.59999941285226401
 -0.04413645083000000   0.59999941332405897
 -0.04413644083000000   0.59999941379585381
 -0.04413643083000000   0.59999941426764854
 -0.04413642083000000   0.59999941473944315
 -0.04413641083000000   0.59999941521123765
 -0.04413640083000000   0.59999941568303203
 -0.04413639083000000   0.59999941615482629
 -0.04413638083000000   0.59999941662662044
 -0.04413637083000000   0.59999941709841446
 -0.04413636083000000   0.59999941757020838
 -0.04413635083000000   0.59999941804200217
 -0.04413634083000000   0.59999941851379585
 -0.04413633083000000   0.59999941898558942
 -0.04413632083000000   0.59999941945738287
 -0.04413631083000000   0.59999941992917620
 -0.04413630083000000   0.59999942040096941
 -0.04413629083000000   0.59999942087276251
 -0.04413628083000000   0.59999942134455550
 -0.04413627083000000   0.59999942181634836
 -0.04413626083000000   0.59999942228814111
 -0.04413625083000000   0.59999942275993374
 -0.04413624083000000   0.59999942323172626
 -0.04413623083000000   0.59999942370351866
 -0.04413622083000000   0.59999942417531094
 -0.04413621083000000   0.59999942464710311
 -0.04413620083000000   0.59999942511889516
 -0.04413619083000000   0.59999942559068710
 -0.04413618083000000   0.59999942606247892
 -0.04413617083000000   0.59999942653427062
 -0.04413616083000000   0.59999942700606221
 -0.04413615083000000   0.59999942747785367
 -0.04413614083000000   0.59999942794964503
 -0.04413613083000000   0.59999942842143626
 -0.04413612083000000   0.59999942889322738
 -0.04413611083000000   0.59999942936501839
 -0.04413610083000000   0.59999942983680928
 -0.04413609083000000   0.59999943030860005
 -0.04413608083000000   0.59999943078039070
 -0.04413607083000000   0.59999943125218124
 -0.04413606083000000   0.59999943172397166
 -0.04413605083000000   0.59999943219576197
 -0.04413604083000000   0.59999943266755216
 -0.04413603083000000   0.59999943313934223
 -0.04413602083000000   0.59999943361113219
 -0.04413601083000000   0.59999943408292203
 -0.04413600083000000   0.59999943455471175
 -0.04413599083000000   0.59999943502650136
 -0.04413598083000000   0.59999943549829085
 -0.04413597083000000   0.59999943597008022
 -0.04413596083000000   0.59999943644186948
 -0.04413595083000000   0.59999943691365862
 -0.04413594083000000   0.59999943738544765
 -0.04413593083000000   0.59999943785723656
 -0.04413592083000000   0.59999943832902535
 -0.04413591083000000   0.59999943880081403
 -0.04413590083000000   0.59999943927260259
 -0.04413589083000000   0.59999943974439103
 -0.04413588083000000   0.59999944021617936
 -0.04413587083000000   0.59999944068796757
 -0.04413586083000000   0.59999944115975566
 -0.04413585083000000   0.59999944163154364
 -0.04413584083000000   0.59999944210333150
 -0.04413583083000000   0.59999944257511925
 -0.04413582083000000   0.59999944304690688
 -0.04413581083000000   0.59999944351869439
 -0.04413580083000000   0.59999944399048178
 -0.04413579083000000   0.59999944446226906
 -0.04413578083000000   0.59999944493405623
 -0.04413577083000000   0.59999944540584327
 -0.04413576083000000   0.59999944587763021
 -0.04413575083000000   0.59999944634941702
 -0.04413574083000000   0.59999944682120372
 -0.04413573083000000   0.59999944729299030
 -0.04413572083000000   0.59999944776477676
 -0.04413571083000000   0.59999944823656311
 -0.04413570083000000   0.59999944870834935
 -0.04413569083000000   0.59999944918013546
 -0.04413568083000000   0.59999944965192146
 -0.04413567083000000   0.59999945012370734
 -0.04413566083000000   0.59999945059549311
 -0.04413565083000000   0.59999945106727876
 -0.04413564083000000   0.59999945153906429
 -0.04413563083000000   0.59999945201084971
 -0.04413562083000000   0.59999945248263501
 -0.04413561083000000   0.59999945295442020
 -0.04413560083000000   0.59999945342620527
 -0.04413559083000000   0.59999945389799022
 -0.04413558083000000   0.59999945436977506
 -0.04413557083000000   0.59999945484155977
 -0.04413556083000000   0.59999945531334438
 -0.04413555083000000   0.59999945578512886
 -0.04413554083000000   0.59999945625691323
 -0.04413553083000000   0.59999945672869749
 -0.04413552083000000   0.59999945720048163
 -0.04413551083000000   0.59999945767226565
 -0.04413550083000000   0.59999945814404955
 -0.04413549083000000   0.59999945861583334
 -0.04413548083000000   0.59999945908761701
 -0.04413547083000000   0.59999945955940057
 -0.04413546083000000   0.59999946003118401
 -0.04413545083000000   0.59999946050296733
 -0.04413544083000000   0.59999946097475054
 -0.04413543083000000   0.59999946144653363
 -0.04413542083000000   0.59999946191831660
 -0.04413541083000000   0.59999946239009946
 -0.04413540083000000   0.59999946286188220
 -0.04413539083000000   0.59999946333366482
 -0.04413538083000000   0.59999946380544733
 -0.04413537083000000   0.59999946427722972
 -0.04413536083000000   0.59999946474901200
 -0.04413535083000000   0.59999946522079416
 -0.04413534083000000   0.59999946569257620
 -0.04413533083000000   0.59999946616435813
 -0.04413532083000000   0.59999946663613994
 -0.04413531083000000   0.59999946710792163
 -0.04413530083000000   0.59999946757970321
 -0.04413529083000000   0.59999946805148467
 -0.04413528083000000   0.59999946852326601
 -0.04413527083000000   0.59999946899504724
 -0.04413526083000000   0.59999946946682835
 -0.04413525083000000   0.59999946993860935
 -0.04413524083000000   0.59999947041039023
 -0.04413523083000000   0.59999947088217099
 -0.04413522083000000   0.59999947135395164
 -0.04413521083000000   0.59999947182573217
 -0.04413520083000000   0.59999947229751258
 -0.04413519083000000   0.59999947276929288
 -0.04413518083000000   0.59999947324107306
 -0.04413517083000000   0.59999947371285312
 -0.04413516083000000   0.59999947418463307
 -0.04413515083000000   0.59999947465641290
 -0.04413514083000000   0.59999947512819262
 -0.04413513083000000   0.59999947559997222
 -0.04413512083000000   0.59999947607175170
 -0.04413511083000000   0.59999947654353107
 -0.04413510083000000   0.59999947701531032
 -0.04413509083000000   0.59999947748708945
 -0.04413508083000000   0.59999947795886847
 -0.04413507083000000   0.59999947843064737
 -0.04413506083000000   0.59999947890242615
 -0.04413505083000000   0.59999947937420482
 -0.04413504083000000   0.59999947984598337
 -0.04413503083000000   0.59999948031776181
 -0.04413502083000000   0.59999948078954012
 -0.04413501083000000   0.59999948126131833
 -0.04413500083000000   0.59999948173309641
 -0.04413499083000000   0.59999948220487438
 -0.04413498083000000   0.59999948267665224
 -0.04413497083000000   0.59999948314842997
 -0.04413496083000000   0.59999948362020759
 -0.04413495083000000   0.59999948409198510
 -0.04413494083000000   0.59999948456376248
 -0.04413493083000000   0.59999948503553976
 -0.04413492083000000   0.59999948550731691
 -0.04413491083000000   0.59999948597909395
 -0.04413490083000000   0.59999948645087087
 -0.04413489083000000   0.59999948692264768
 -0.04413488083000000   0.59999948739442437
 -0.04413487083000000   0.59999948786620094
 -0.04413486083000000   0.59999948833797740
 -0.04413485083000000   0.59999948880975374
 -0.04413484083000000   0.59999948928152996
 -0.04413483083000000   0.59999948975330607
 -0.04413482083000000   0.59999949022508206
 -0.04413481083000000   0.59999949069685794
 -0.04413480083000000   0.59999949116863369
 -0.04413479083000000   0.59999949164040934
 -0.04413478083000000   0.59999949211218486
 -0.04413477083000000   0.59999949258396027
 -0.04413476083000000   0.59999949305573556
 -0.04413475083000000   0.59999949352751074
 -0.04413474083000000   0.59999949399928580
 -0.04413473083000000   0.59999949447106075
 -0.04413472083000000   0.59999949494283557
 -0.04413471083000000   0.59999949541461028
 -0.04413470083000000   0.59999949588638488
 -0.04413469083000000   0.59999949635815936
 -0.04413468083000000   0.59999949682993372
 -0.04413467083000000   0.59999949730170796
 -0.04413466083000000   0.59999949777348209
 -0.04413465083000000   0.59999949824525611
 -0.04413464083000000   0.59999949871703000
 -0.04413463083000000   0.59999949918880378
 -0.04413462083000000   0.59999949966057745
 -0.04413461083000000   0.59999950013235099
 -0.04413460083000000   0.59999950060412443
 -0.04413459083000000   0.59999950107589774
 -0.04413458083000000   0.59999950154767094
 -0.04413457083000000   0.59999950201944402
 -0.04413456083000000   0.59999950249121699
 -0.04413455083000000   0.59999950296298984
 -0.04413454083000000   0.59999950343476257
 -0.04413453083000000   0.59999950390653519
 -0.04413452083000000   0.59999950437830768
 -0.04413451083000000   0.59999950485008007
 -0.04413450083000000   0.59999950532185234
 -0.04413449083000000   0.59999950579362449
 -0.04413448083000000   0.59999950626539652
 -0.04413447083000000   0.59999950673716844
 -0.04413446083000000   0.59999950720894024
 -0.04413445083000000   0.59999950768071193
 -0.04413444083000000   0.59999950815248349
 -0.04413443083000000   0.59999950862425495
 -0.04413442083000000   0.59999950909602628
 -0.04413441083000000   0.59999950956779750
 -0.04413440083000000   0.59999951003956861
 -0.04413439083000000   0.59999951051133959
 -0.04413438083000000   0.59999951098311047
 -0.04413437083000000   0.59999951145488122
 -0.04413436083000000   0.59999951192665186
 -0.04413435083000000   0.59999951239842238
 -0.04413434083000000   0.59999951287019278
 -0.04413433083000000   0.59999951334196307
 -0.04413432083000000   0.59999951381373325
 -0.04413431083000000   0.59999951428550330
 -0.04413430083000000   0.59999951475727324
 -0.04413429083000000   0.59999951522904307
 -0.04413428083000000   0.59999951570081277
 -0.04413427083000000   0.59999951617258236
 -0.04413426083000000   0.59999951664435184
 -0.04413425083000000   0.59999951711612120
 -0.04413424083000000   0.59999951758789044
 -0.04413423083000000   0.59999951805965956
 -0.04413422083000000   0.59999951853142857
 -0.04413421083000000   0.59999951900319746
 -0.04413420083000000   0.59999951947496624
 -0.04413419083000000   0.59999951994673490
 -0.04413418083000000   0.59999952041850344
 -0.04413417083000000   0.59999952089027187
 -0.04413416083000000   0.59999952136204018
 -0.04413415083000000   0.59999952183380838
 -0.04413414083000000   0.59999952230557645
 -0.04413413083000000   0.59999952277734441
 -0.04413412083000000   0.59999952324911226
 -0.04413411083000000   0.59999952372087999
 -0.04413410083000000   0.59999952419264760
 -0.04413409083000000   0.59999952466441510
 -0.04413408083000000   0.59999952513618247
 -0.04413407083000000   0.59999952560794974
 -0.04413406083000000   0.59999952607971689
 -0.04413405083000000   0.59999952655148392
 -0.04413404083000000   0.59999952702325083
 -0.04413403083000000   0.59999952749501763
 -0.04413402083000000   0.59999952796678431
 -0.04413401083000000   0.59999952843855088
 -0.04413400083000000   0.59999952891031732
 -0.04413399083000000   0.59999952938208366
 -0.04413398083000000   0.59999952985384987
 -0.04413397083000000   0.59999953032561597
 -0.04413396083000000   0.59999953079738195
 -0.04413395083000000   0.59999953126914782
 -0.04413394083000000   0.59999953174091357
 -0.04413393083000000   0.59999953221267920
 -0.04413392083000000   0.59999953268444472
 -0.04413391083000000   0.59999953315621012
 -0.04413390083000000   0.59999953362797541
 -0.04413389083000000   0.59999953409974058
 -0.04413388083000000   0.59999953457150563
 -0.04413387083000000   0.59999953504327057
 -0.04413386083000000   0.59999953551503539
 -0.04413385083000000   0.59999953598680009
 -0.04413384083000000   0.59999953645856467
 -0.04413383083000000   0.59999953693032914
 -0.04413382083000000   0.59999953740209350
 -0.04413381083000000   0.59999953787385774
 -0.04413380083000000   0.59999953834562186
 -0.04413379083000000   0.59999953881738586
 -0.04413378083000000   0.59999953928914975
 -0.04413377083000000   0.59999953976091352
 -0.04413376083000000   0.59999954023267718
 -0.04413375083000000   0.59999954070444072
 -0.04413374083000000   0.59999954117620414
 -0.04413373083000000   0.59999954164796745
 -0.04413372083000000   0.59999954211973064
 -0.04413371083000000   0.59999954259149371
 -0.04413370083000000   0.59999954306325667
 -0.04413369083000000   0.59999954353501951
 -0.04413368083000000   0.59999954400678224
 -0.04413367083000000   0.59999954447854484
 -0.04413366083000000   0.59999954495030733
 -0.04413365083000000   0.59999954542206971
 -0.04413364083000000   0.59999954589383197
 -0.04413363083000000   0.59999954636559411
 -0.04413362083000000   0.59999954683735614
 -0.04413361083000000   0.59999954730911805
 -0.04413360083000000   0.59999954778087984
 -0.04413359083000000   0.59999954825264152
 -0.04413358083000000   0.59999954872440308
 -0.04413357083000000   0.59999954919616452
 -0.04413356083000000   0.59999954966792586
 -0.04413355083000000   0.59999955013968707
 -0.04413354083000000   0.59999955061144816
 -0.04413353083000000   0.59999955108320914
 -0.04413352083000000   0.59999955155497000
 -0.04413351083000000   0.59999955202673075
 -0.04413350083000000   0.59999955249849138
 -0.04413349083000000   0.59999955297025189
 -0.04413348083000000   0.59999955344201229
 -0.04413347083000000   0.59999955391377257
 -0.04413346083000000   0.59999955438553274
 -0.04413345083000000   0.59999955485729279
 -0.04413344083000000   0.59999955532905272
 -0.04413343083000000   0.59999955580081253
 -0.04413342083000000   0.59999955627257223
 -0.04413341083000000   0.59999955674433181
 -0.04413340083000000   0.59999955721609128
 -0.04413339083000000   0.59999955768785063
 -0.04413338083000000   0.59999955815960986
 -0.04413337083000000   0.59999955863136898
 -0.04413336083000000   0.59999955910312798
 -0.04413335083000000   0.59999955957488687
 -0.04413334083000000   0.59999956004664563
 -0.04413333083000000   0.59999956051840429
 -0.04413332083000000   0.59999956099016282
 -0.04413331083000000   0.59999956146192124
 -0.04413330083000000   0.59999956193367954
 -0.04413329083000000   0.59999956240543773
 -0.04413328083000000   0.59999956287719580
 -0.04413327083000000   0.59999956334895375
 -0.04413326083000000   0.59999956382071159
 -0.04413325083000000   0.59999956429246931
 -0.04413324083000000   0.59999956476422692
 -0.04413323083000000   0.59999956523598440
 -0.04413322083000000   0.59999956570774177
 -0.04413321083000000   0.59999956617949903
 -0.04413320083000000   0.59999956665125617
 -0.04413319083000000   0.59999956712301319
 -0.04413318083000000   0.59999956759477010
 -0.04413317083000000   0.59999956806652689
 -0.04413316083000000   0.59999956853828356
 -0.04413315083000000   0.59999956901004012
 -0.04413314083000000   0.59999956948179656
 -0.04413313083000000   0.59999956995355288
 -0.04413312083000000   0.59999957042530909
 -0.04413311083000000   0.59999957089706518
 -0.04413310083000000   0.59999957136882116
 -0.04413309083000000   0.59999957184057702
 -0.04413308083000000   0.59999957231233276
 -0.04413307083000000   0.59999957278408839
 -0.04413306083000000   0.59999957325584390
 -0.04413305083000000   0.59999957372759929
 -0.04413304083000000   0.59999957419935457
 -0.04413303083000000   0.59999957467110973
 -0.04413302083000000   0.59999957514286477
 -0.04413301083000000   0.59999957561461970
 -0.04413300083000000   0.59999957608637451
 -0.04413299083000000   0.59999957655812921
 -0.04413298083000000   0.59999957702988378
 -0.04413297083000000   0.59999957750163825
 -0.04413296083000000   0.59999957797339259
 -0.04413295083000000   0.59999957844514682
 -0.04413294083000000   0.59999957891690094
 -0.04413293083000000   0.59999957938865493
 -0.04413292083000000   0.59999957986040881
 -0.04413291083000000   0.59999958033216258
 -0.04413290083000000   0.59999958080391622
 -0.04413289083000000   0.59999958127566976
 -0.04413288083000000   0.59999958174742317
 -0.04413287083000000   0.59999958221917647
 -0.04413286083000000   0.59999958269092965
 -0.04413285083000000   0.59999958316268272
 -0.04413284083000000   0.59999958363443567
 -0.04413283083000000   0.59999958410618850
 -0.04413282083000000   0.59999958457794122
 -0.04413281083000000   0.59999958504969382
 -0.04413280083000000   0.59999958552144630
 -0.04413279083000000   0.59999958599319867
 -0.04413278083000000   0.59999958646495092
 -0.04413277083000000   0.59999958693670306
 -0.04413276083000000   0.59999958740845508
 -0.04413275083000000   0.59999958788020698
 -0.04413274083000000   0.59999958835195876
 -0.04413273083000000   0.59999958882371044
 -0.04413272083000000   0.59999958929546199
 -0.04413271083000000   0.59999958976721342
 -0.04413270083000000   0.59999959023896474
 -0.04413269083000000   0.59999959071071595
 -0.04413268083000000   0.59999959118246704
 -0.04413267083000000   0.59999959165421801
 -0.04413266083000000   0.59999959212596886
 -0.04413265083000000   0.59999959259771960
 -0.04413264083000000   0.59999959306947022
 -0.04413263083000000   0.59999959354122073
 -0.04413262083000000   0.59999959401297112
 -0.04413261083000000   0.59999959448472139
 -0.04413260083000000   0.59999959495647155
 -0.04413259083000000   0.59999959542822159
 -0.04413258083000000   0.59999959589997151
 -0.04413257083000000   0.59999959637172132
 -0.04413256083000000   0.59999959684347101
 -0.04413255083000000   0.59999959731522059
 -0.04413254083000000   0.59999959778697005
 -0.04413253083000000   0.59999959825871939
 -0.04413252083000000   0.59999959873046861
 -0.04413251083000000   0.59999959920221772
 -0.04413250083000000   0.59999959967396672
 -0.04413249083000000   0.59999960014571559
 -0.04413248083000000   0.59999960061746435
 -0.04413247083000000   0.59999960108921300
 -0.04413246083000000   0.59999960156096152
 -0.04413245083000000   0.59999960203270994
 -0.04413244083000000   0.59999960250445823
 -0.04413243083000000   0.59999960297620641
 -0.04413242083000000   0.59999960344795447
 -0.04413241083000000   0.59999960391970242
 -0.04413240083000000   0.59999960439145025
 -0.04413239083000000   0.59999960486319796
 -0.04413238083000000   0.59999960533494556
 -0.04413237083000000   0.59999960580669304
 -0.04413236083000000   0.59999960627844040
 -0.04413235083000000   0.59999960675018765
 -0.04413234083000000   0.59999960722193478
 -0.04413233083000000   0.59999960769368179
 -0.04413232083000000   0.59999960816542869
 -0.04413231083000000   0.59999960863717548
 -0.04413230083000000   0.59999960910892214
 -0.04413229083000000   0.59999960958066869
 -0.04413228083000000   0.59999961005241512
 -0.04413227083000000   0.59999961052416144
 -0.04413226083000000   0.59999961099590764
 -0.04413225083000000   0.59999961146765373
 -0.04413224083000000   0.59999961193939969
 -0.04413223083000000   0.59999961241114554
 -0.04413222083000000   0.59999961288289128
 -0.04413221083000000   0.59999961335463690
 -0.04413220083000000   0.59999961382638240
 -0.04413219083000000   0.59999961429812778
 -0.04413218083000000   0.59999961476987305
 -0.04413217083000000   0.59999961524161821
 -0.04413216083000000   0.59999961571336324
 -0.04413215083000000   0.59999961618510816
 -0.04413214083000000   0.59999961665685297
 -0.04413213083000000   0.59999961712859765
 -0.04413212083000000   0.59999961760034223
 -0.04413211083000000   0.59999961807208668
 -0.04413210083000000   0.59999961854383102
 -0.04413209083000000   0.59999961901557524
 -0.04413208083000000   0.59999961948731935
 -0.04413207083000000   0.59999961995906334
 -0.04413206083000000   0.59999962043080721
 -0.04413205083000000   0.59999962090255097
 -0.04413204083000000   0.59999962137429461
 -0.04413203083000000   0.59999962184603813
 -0.04413202083000000   0.59999962231778154
 -0.04413201083000000   0.59999962278952483
 -0.04413200083000000   0.59999962326126800
 -0.04413199083000000   0.59999962373301106
 -0.04413198083000000   0.59999962420475400
 -0.04413197083000000   0.59999962467649683
 -0.04413196083000000   0.59999962514823954
 -0.04413195083000000   0.59999962561998213
 -0.04413194083000000   0.59999962609172461
 -0.04413193083000000   0.59999962656346697
 -0.04413192083000000   0.59999962703520921
 -0.04413191083000000   0.59999962750695134
 -0.04413190083000000   0.59999962797869335
 -0.04413189083000000   0.59999962845043524
 -0.04413188083000000   0.59999962892217702
 -0.04413187083000000   0.59999962939391868
 -0.04413186083000000   0.59999962986566023
 -0.04413185083000000   0.59999963033740166
 -0.04413184083000000   0.59999963080914297
 -0.04413183083000000   0.59999963128088417
 -0.04413182083000000   0.59999963175262525
 -0.04413181083000000   0.59999963222436621
 -0.04413180083000000   0.59999963269610706
 -0.04413179083000000   0.59999963316784779
 -0.04413178083000000   0.59999963363958841
 -0.04413177083000000   0.59999963411132890
 -0.04413176083000000   0.59999963458306929
 -0.04413175083000000   0.59999963505480955
 -0.04413174083000000   0.59999963552654970
 -0.04413173083000000   0.59999963599828974
 -0.04413172083000000   0.59999963647002965
 -0.04413171083000000   0.59999963694176945
 -0.04413170083000000   0.59999963741350913
 -0.04413169083000000   0.59999963788524870
 -0.04413168083000000   0.59999963835698815
 -0.04413167083000000   0.59999963882872749
 -0.04413166083000000   0.59999963930046671
 -0.04413165083000000   0.59999963977220581
 -0.04413164083000000   0.59999964024394479
 -0.04413163083000000   0.59999964071568366
 -0.04413162083000000   0.59999964118742241
 -0.04413161083000000   0.59999964165916105
 -0.04413160083000000   0.59999964213089957
 -0.04413159083000000   0.59999964260263798
 -0.04413158083000000   0.59999964307437626
 -0.04413157083000000   0.59999964354611444
 -0.04413156083000000   0.59999964401785249
 -0.04413155083000000   0.59999964448959043
 -0.04413154083000000   0.59999964496132825
 -0.04413153083000000   0.59999964543306595
 -0.04413152083000000   0.59999964590480354
 -0.04413151083000000   0.59999964637654102
 -0.04413150083000000   0.59999964684827837
 -0.04413149083000000   0.59999964732001561
 -0.04413148083000000   0.59999964779175274
 -0.04413147083000000   0.59999964826348975
 -0.04413146083000000   0.59999964873522664
 -0.04413145083000000   0.59999964920696341
 -0.04413144083000000   0.59999964967870007
 -0.04413143083000000   0.59999965015043661
 -0.04413142083000000   0.59999965062217304
 -0.04413141083000000   0.59999965109390935
 -0.04413140083000000   0.59999965156564554
 -0.04413139083000000   0.59999965203738161
 -0.04413138083000000   0.59999965250911757
 -0.04413137083000000   0.59999965298085342
 -0.04413136083000000   0.59999965345258914
 -0.04413135083000000   0.59999965392432475
 -0.04413134083000000   0.59999965439606025
 -0.04413133083000000   0.59999965486779563
 -0.04413132083000000   0.59999965533953089
 -0.04413131083000000   0.59999965581126604
 -0.04413130083000000   0.59999965628300106
 -0.04413129083000000   0.59999965675473598
 -0.04413128083000000   0.59999965722647078
 -0.04413127083000000   0.59999965769820545
 -0.04413126083000000   0.59999965816994002
 -0.04413125083000000   0.59999965864167447
 -0.04413124083000000   0.59999965911340880
 -0.04413123083000000   0.59999965958514301
 -0.04413122083000000   0.59999966005687711
 -0.04413121083000000   0.59999966052861109
 -0.04413120083000000   0.59999966100034496
 -0.04413119083000000   0.59999966147207871
 -0.04413118083000000   0.59999966194381234
 -0.04413117083000000   0.59999966241554585
 -0.04413116083000000   0.59999966288727926
 -0.04413115083000000   0.59999966335901254
 -0.04413114083000000   0.59999966383074571
 -0.04413113083000000   0.59999966430247876
 -0.04413112083000000   0.59999966477421169
 -0.04413111083000000   0.59999966524594451
 -0.04413110083000000   0.59999966571767721
 -0.04413109083000000   0.59999966618940980
 -0.04413108083000000   0.59999966666114227
 -0.04413107083000000   0.59999966713287462
 -0.04413106083000000   0.59999966760460686
 -0.04413105083000000   0.59999966807633898
 -0.04413104083000000   0.59999966854807098
 -0.04413103083000000   0.59999966901980287
 -0.04413102083000000   0.59999966949153464
 -0.04413101083000000   0.59999966996326629
 -0.04413100083000000   0.59999967043499783
 -0.04413099083000000   0.59999967090672925
 -0.04413098083000000   0.59999967137846056
 -0.04413097083000000   0.59999967185019175
 -0.04413096083000000   0.59999967232192282
 -0.04413095083000000   0.59999967279365378
 -0.04413094083000000   0.59999967326538462
 -0.04413093083000000   0.59999967373711534
 -0.04413092083000000   0.59999967420884595
 -0.04413091083000000   0.59999967468057644
 -0.04413090083000000   0.59999967515230681
 -0.04413089083000000   0.59999967562403707
 -0.04413088083000000   0.59999967609576721
 -0.04413087083000000   0.59999967656749724
 -0.04413086083000000   0.59999967703922715
 -0.04413085083000000   0.59999967751095694
 -0.04413084083000000   0.59999967798268662
 -0.04413083083000000   0.59999967845441618
 -0.04413082083000000   0.59999967892614562
 -0.04413081083000000   0.59999967939787495
 -0.04413080083000000   0.59999967986960416
 -0.04413079083000000   0.59999968034133325
 -0.04413078083000000   0.59999968081306223
 -0.04413077083000000   0.59999968128479109
 -0.04413076083000000   0.59999968175651984
 -0.04413075083000000   0.59999968222824847
 -0.04413074083000000   0.59999968269997698
 -0.04413073083000000   0.59999968317170538
 -0.04413072083000000   0.59999968364343366
 -0.04413071083000000   0.59999968411516182
 -0.04413070083000000   0.59999968458688987
 -0.04413069083000000   0.59999968505861780
 -0.04413068083000000   0.59999968553034561
 -0.04413067083000000   0.59999968600207331
 -0.04413066083000000   0.59999968647380089
 -0.04413065083000000   0.59999968694552836
 -0.04413064083000000   0.59999968741725571
 -0.04413063083000000   0.59999968788898294
 -0.04413062083000000   0.59999968836071006
 -0.04413061083000000   0.59999968883243706
 -0.04413060083000000   0.59999968930416394
 -0.04413059083000000   0.59999968977589071
 -0.04413058083000000   0.59999969024761736
 -0.04413057083000000   0.59999969071934390
 -0.04413056083000000   0.59999969119107031
 -0.04413055083000000   0.59999969166279662
 -0.04413054083000000   0.59999969213452280
 -0.04413053083000000   0.59999969260624887
 -0.04413052083000000   0.59999969307797482
 -0.04413051083000000   0.59999969354970066
 -0.04413050083000000   0.59999969402142638
 -0.04413049083000000   0.59999969449315198
 -0.04413048083000000   0.59999969496487747
 -0.04413047083000000   0.59999969543660284
 -0.04413046083000000   0.59999969590832810
 -0.04413045083000000   0.59999969638005323
 -0.04413044083000000   0.59999969685177826
 -0.04413043083000000   0.59999969732350316
 -0.04413042083000000   0.59999969779522795
 -0.04413041083000000   0.59999969826695262
 -0.04413040083000000   0.59999969873867718
 -0.04413039083000000   0.59999969921040162
 -0.04413038083000000   0.59999969968212594
 -0.04413037083000000   0.59999970015385015
 -0.04413036083000000   0.59999970062557424
 -0.04413035083000000   0.59999970109729822
 -0.04413034083000000   0.59999970156902208
 -0.04413033083000000   0.59999970204074582
 -0.04413032083000000   0.59999970251246944
 -0.04413031083000000   0.59999970298419295
 -0.04413030083000000   0.59999970345591634
 -0.04413029083000000   0.59999970392763962
 -0.04413028083000000   0.59999970439936278
 -0.04413027083000000   0.59999970487108583
 -0.04413026083000000   0.59999970534280875
 -0.04413025083000000   0.59999970581453156
 -0.04413024083000000   0.59999970628625426
 -0.04413023083000000   0.59999970675797684
 -0.04413022083000000   0.59999970722969930
 -0.04413021083000000   0.59999970770142164
 -0.04413020083000000   0.59999970817314387
 -0.04413019083000000   0.59999970864486599
 -0.04413018083000000   0.59999970911658798
 -0.04413017083000000   0.59999970958830986
 -0.04413016083000000   0.59999971006003163
 -0.04413015083000000   0.59999971053175328
 -0.04413014083000000   0.59999971100347481
 -0.04413013083000000   0.59999971147519622
 -0.04413012083000000   0.59999971194691752
 -0.04413011083000000   0.59999971241863870
 -0.04413010083000000   0.59999971289035977
 -0.04413009083000000   0.59999971336208071
 -0.04413008083000000   0.59999971383380155
 -0.04413007083000000   0.59999971430552227
 -0.04413006083000000   0.59999971477724286
 -0.04413005083000000   0.59999971524896335
 -0.04413004083000000   0.59999971572068372
 -0.04413003083000000   0.59999971619240397
 -0.04413002083000000   0.59999971666412410
 -0.04413001083000000   0.59999971713584412
 -0.04413000083000000   0.59999971760756402
 -0.04412999083000000   0.59999971807928381
 -0.04412998083000000   0.59999971855100348
 -0.04412997083000000   0.59999971902272303
 -0.04412996083000000   0.59999971949444247
 -0.04412995083000000   0.59999971996616179
 -0.04412994083000000   0.59999972043788099
 -0.04412993083000000   0.59999972090960008
 -0.04412992083000000   0.59999972138131905
 -0.04412991083000000   0.59999972185303790
 -0.04412990083000000   0.59999972232475664
 -0.04412989083000000   0.59999972279647526
 -0.04412988083000000   0.59999972326819377
 -0.04412987083000000   0.59999972373991216
 -0.04412986083000000   0.59999972421163043
 -0.04412985083000000   0.59999972468334859
 -0.04412984083000000   0.59999972515506663
 -0.04412983083000000   0.59999972562678455
 -0.04412982083000000   0.59999972609850236
 -0.04412981083000000   0.59999972657022005
 -0.04412980083000000   0.59999972704193763
 -0.04412979083000000   0.59999972751365509
 -0.04412978083000000   0.59999972798537243
 -0.04412977083000000   0.59999972845708965
 -0.04412976083000000   0.59999972892880676
 -0.04412975083000000   0.59999972940052376
 -0.04412974083000000   0.59999972987224063
 -0.04412973083000000   0.59999973034395739
 -0.04412972083000000   0.59999973081567404
 -0.04412971083000000   0.59999973128739056
 -0.04412970083000000   0.59999973175910698
 -0.04412969083000000   0.59999973223082327
 -0.04412968083000000   0.59999973270253945
 -0.04412967083000000   0.59999973317425551
 -0.04412966083000000   0.59999973364597146
 -0.04412965083000000   0.59999973411768729
 -0.04412964083000000   0.59999973458940300
 -0.04412963083000000   0.59999973506111860
 -0.04412962083000000   0.59999973553283408
 -0.04412961083000000   0.59999973600454944
 -0.04412960083000000   0.59999973647626469
 -0.04412959083000000   0.59999973694797982
 -0.04412958083000000   0.59999973741969484
 -0.04412957083000000   0.59999973789140973
 -0.04412956083000000   0.59999973836312451
 -0.04412955083000000   0.59999973883483918
 -0.04412954083000000   0.59999973930655373
 -0.04412953083000000   0.59999973977826816
 -0.04412952083000000   0.59999974024998248
 -0.04412951083000000   0.59999974072169668
 -0.04412950083000000   0.59999974119341076
 -0.04412949083000000   0.59999974166512473
 -0.04412948083000000   0.59999974213683858
 -0.04412947083000000   0.59999974260855232
 -0.04412946083000000   0.59999974308026594
 -0.04412945083000000   0.59999974355197944
 -0.04412944083000000   0.59999974402369283
 -0.04412943083000000   0.59999974449540609
 -0.04412942083000000   0.59999974496711925
 -0.04412941083000000   0.59999974543883228
 -0.04412940083000000   0.59999974591054521
 -0.04412939083000000   0.59999974638225801
 -0.04412938083000000   0.59999974685397070
 -0.04412937083000000   0.59999974732568327
 -0.04412936083000000   0.59999974779739572
 -0.04412935083000000   0.59999974826910806
 -0.04412934083000000   0.59999974874082028
 -0.04412933083000000   0.59999974921253239
 -0.04412932083000000   0.59999974968424438
 -0.04412931083000000   0.59999975015595625
 -0.04412930083000000   0.59999975062766801
 -0.04412929083000000   0.59999975109937965
 -0.04412928083000000   0.59999975157109118
 -0.04412927083000000   0.59999975204280258
 -0.04412926083000000   0.59999975251451387
 -0.04412925083000000   0.59999975298622505
 -0.04412924083000000   0.59999975345793611
 -0.04412923083000000   0.59999975392964705
 -0.04412922083000000   0.59999975440135788
 -0.04412921083000000   0.59999975487306859
 -0.04412920083000000   0.59999975534477918
 -0.04412919083000000   0.59999975581648966
 -0.04412918083000000   0.59999975628820002
 -0.04412917083000000   0.59999975675991026
 -0.04412916083000000   0.59999975723162039
 -0.04412915083000000   0.59999975770333040
 -0.04412914083000000   0.59999975817504030
 -0.04412913083000000   0.59999975864675007
 -0.04412912083000000   0.59999975911845974
 -0.04412911083000000   0.59999975959016928
 -0.04412910083000000   0.59999976006187871
 -0.04412909083000000   0.59999976053358803
 -0.04412908083000000   0.59999976100529722
 -0.04412907083000000   0.59999976147700630
 -0.04412906083000000   0.59999976194871527
 -0.04412905083000000   0.59999976242042411
 -0.04412904083000000   0.59999976289213285
 -0.04412903083000000   0.59999976336384146
 -0.04412902083000000   0.59999976383554996
 -0.04412901083000000   0.59999976430725834
 -0.04412900083000000   0.59999976477896661
 -0.04412899083000000   0.59999976525067476
 -0.04412898083000000   0.59999976572238279
 -0.04412897083000000   0.59999976619409071
 -0.04412896083000000   0.59999976666579851
 -0.04412895083000000   0.59999976713750619
 -0.04412894083000000   0.59999976760921376
 -0.04412893083000000   0.59999976808092121
 -0.04412892083000000   0.59999976855262855
 -0.04412891083000000   0.59999976902433577
 -0.04412890083000000   0.59999976949604287
 -0.04412889083000000   0.59999976996774986
 -0.04412888083000000   0.59999977043945673
 -0.04412887083000000   0.59999977091116348
 -0.04412886083000000   0.59999977138287012
 -0.04412885083000000   0.59999977185457664
 -0.04412884083000000   0.59999977232628304
 -0.04412883083000000   0.59999977279798933
 -0.04412882083000000   0.59999977326969550
 -0.04412881083000000   0.59999977374140156
 -0.04412880083000000   0.59999977421310750
 -0.04412879083000000   0.59999977468481332
 -0.04412878083000000   0.59999977515651902
 -0.04412877083000000   0.59999977562822462
 -0.04412876083000000   0.59999977609993009
 -0.04412875083000000   0.59999977657163545
 -0.04412874083000000   0.59999977704334069
 -0.04412873083000000   0.59999977751504581
 -0.04412872083000000   0.59999977798675082
 -0.04412871083000000   0.59999977845845571
 -0.04412870083000000   0.59999977893016049
 -0.04412869083000000   0.59999977940186514
 -0.04412868083000000   0.59999977987356969
 -0.04412867083000000   0.59999978034527411
 -0.04412866083000000   0.59999978081697842
 -0.04412865083000000   0.59999978128868262
 -0.04412864083000000   0.59999978176038669
 -0.04412863083000000   0.59999978223209066
 -0.04412862083000000   0.59999978270379450
 -0.04412861083000000   0.59999978317549823
 -0.04412860083000000   0.59999978364720184
 -0.04412859083000000   0.59999978411890534
 -0.04412858083000000   0.59999978459060872
 -0.04412857083000000   0.59999978506231198
 -0.04412856083000000   0.59999978553401512
 -0.04412855083000000   0.59999978600571815
 -0.04412854083000000   0.59999978647742107
 -0.04412853083000000   0.59999978694912387
 -0.04412852083000000   0.59999978742082655
 -0.04412851083000000   0.59999978789252911
 -0.04412850083000000   0.59999978836423156
 -0.04412849083000000   0.59999978883593389
 -0.04412848083000000   0.59999978930763611
 -0.04412847083000000   0.59999978977933821
 -0.04412846083000000   0.59999979025104019
 -0.04412845083000000   0.59999979072274206
 -0.04412844083000000   0.59999979119444381
 -0.04412843083000000   0.59999979166614544
 -0.04412842083000000   0.59999979213784696
 -0.04412841083000000   0.59999979260954836
 -0.04412840083000000   0.59999979308124964
 -0.04412839083000000   0.59999979355295081
 -0.04412838083000000   0.59999979402465186
 -0.04412837083000000   0.59999979449635280
 -0.04412836083000000   0.59999979496805362
 -0.04412835083000000   0.59999979543975432
 -0.04412834083000000   0.59999979591145491
 -0.04412833083000000   0.59999979638315538
 -0.04412832083000000   0.59999979685485573
 -0.04412831083000000   0.59999979732655597
 -0.04412830083000000   0.59999979779825609
 -0.04412829083000000   0.59999979826995609
 -0.04412828083000000   0.59999979874165598
 -0.04412827083000000   0.59999979921335575
 -0.04412826083000000   0.59999979968505541
 -0.04412825083000000   0.59999980015675495
 -0.04412824083000000   0.59999980062845437
 -0.04412823083000000   0.59999980110015368
 -0.04412822083000000   0.59999980157185287
 -0.04412821083000000   0.59999980204355194
 -0.04412820083000000   0.59999980251525090
 -0.04412819083000000   0.59999980298694974
 -0.04412818083000000   0.59999980345864847
 -0.04412817083000000   0.59999980393034708
 -0.04412816083000000   0.59999980440204557
 -0.04412815083000000   0.59999980487374394
 -0.04412814083000000   0.59999980534544220
 -0.04412813083000000   0.59999980581714035
 -0.04412812083000000   0.59999980628883837
 -0.04412811083000000   0.59999980676053628
 -0.04412810083000000   0.59999980723223408
 -0.04412809083000000   0.59999980770393175
 -0.04412808083000000   0.59999980817562932
 -0.04412807083000000   0.59999980864732676
 -0.04412806083000000   0.59999980911902409
 -0.04412805083000000   0.59999980959072130
 -0.04412804083000000   0.59999981006241840
 -0.04412803083000000   0.59999981053411538
 -0.04412802083000000   0.59999981100581224
 -0.04412801083000000   0.59999981147750899
 -0.04412800083000000   0.59999981194920562
 -0.04412799083000000   0.59999981242090213
 -0.04412798083000000   0.59999981289259853
 -0.04412797083000000   0.59999981336429481
 -0.04412796083000000   0.59999981383599098
 -0.04412795083000000   0.59999981430768702
 -0.04412794083000000   0.59999981477938296
 -0.04412793083000000   0.59999981525107877
 -0.04412792083000000   0.59999981572277447
