 -0.04337569074000000   0.59999895729259183
 -0.04337568074000000   0.59999895767822738
 -0.04337567074000000   0.59999895806386282
 -0.04337566074000000   0.59999895844949817
 -0.04337565074000000   0.59999895883513341
 -0.04337564074000000   0.59999895922076855
 -0.04337563074000000   0.59999895960640358
 -0.04337562074000000   0.59999895999203851
 -0.04337561074000000   0.59999896037767333
 -0.04337560074000000   0.59999896076330805
 -0.04337559074000000   0.59999896114894266
 -0.04337558074000000   0.59999896153457717
 -0.04337557074000000   0.59999896192021158
 -0.04337556074000000   0.59999896230584589
 -0.04337555074000000   0.59999896269148009
 -0.04337554074000000   0.59999896307711418
 -0.04337553074000000   0.59999896346274817
 -0.04337552074000000   0.59999896384838206
 -0.04337551074000000   0.59999896423401584
 -0.04337550074000000   0.59999896461964952
 -0.04337549074000000   0.59999896500528310
 -0.04337548074000000   0.59999896539091656
 -0.04337547074000000   0.59999896577654993
 -0.04337546074000000   0.59999896616218319
 -0.04337545074000000   0.59999896654781635
 -0.04337544074000000   0.59999896693344941
 -0.04337543074000000   0.59999896731908236
 -0.04337542074000000   0.59999896770471520
 -0.04337541074000000   0.59999896809034795
 -0.04337540074000000   0.59999896847598058
 -0.04337539074000000   0.59999896886161312
 -0.04337538074000000   0.59999896924724555
 -0.04337537074000000   0.59999896963287787
 -0.04337536074000000   0.59999897001851009
 -0.04337535074000000   0.59999897040414221
 -0.04337534074000000   0.59999897078977423
 -0.04337533074000000   0.59999897117540613
 -0.04337532074000000   0.59999897156103794
 -0.04337531074000000   0.59999897194666964
 -0.04337530074000000   0.59999897233230124
 -0.04337529074000000   0.59999897271793273
 -0.04337528074000000   0.59999897310356412
 -0.04337527074000000   0.59999897348919540
 -0.04337526074000000   0.59999897387482659
 -0.04337525074000000   0.59999897426045766
 -0.04337524074000000   0.59999897464608864
 -0.04337523074000000   0.59999897503171950
 -0.04337522074000000   0.59999897541735027
 -0.04337521074000000   0.59999897580298093
 -0.04337520074000000   0.59999897618861149
 -0.04337519074000000   0.59999897657424193
 -0.04337518074000000   0.59999897695987229
 -0.04337517074000000   0.59999897734550253
 -0.04337516074000000   0.59999897773113267
 -0.04337515074000000   0.59999897811676270
 -0.04337514074000000   0.59999897850239264
 -0.04337513074000000   0.59999897888802246
 -0.04337512074000000   0.59999897927365219
 -0.04337511074000000   0.59999897965928181
 -0.04337510074000000   0.59999898004491133
 -0.04337509074000000   0.59999898043054073
 -0.04337508074000000   0.59999898081617004
 -0.04337507074000000   0.59999898120179924
 -0.04337506074000000   0.59999898158742835
 -0.04337505074000000   0.59999898197305734
 -0.04337504074000000   0.59999898235868623
 -0.04337503074000000   0.59999898274431502
 -0.04337502074000000   0.59999898312994370
 -0.04337501074000000   0.59999898351557228
 -0.04337500074000000   0.59999898390120076
 -0.04337499074000000   0.59999898428682913
 -0.04337498074000000   0.59999898467245739
 -0.04337497074000000   0.59999898505808556
 -0.04337496074000000   0.59999898544371362
 -0.04337495074000000   0.59999898582934157
 -0.04337494074000000   0.59999898621496942
 -0.04337493074000000   0.59999898660059717
 -0.04337492074000000   0.59999898698622481
 -0.04337491074000000   0.59999898737185235
 -0.04337490074000000   0.59999898775747978
 -0.04337489074000000   0.59999898814310711
 -0.04337488074000000   0.59999898852873434
 -0.04337487074000000   0.59999898891436146
 -0.04337486074000000   0.59999898929998848
 -0.04337485074000000   0.59999898968561539
 -0.04337484074000000   0.59999899007124220
 -0.04337483074000000   0.59999899045686891
 -0.04337482074000000   0.59999899084249551
 -0.04337481074000000   0.59999899122812201
 -0.04337480074000000   0.59999899161374840
 -0.04337479074000000   0.59999899199937469
 -0.04337478074000000   0.59999899238500088
 -0.04337477074000000   0.59999899277062696
 -0.04337476074000000   0.59999899315625294
 -0.04337475074000000   0.59999899354187881
 -0.04337474074000000   0.59999899392750458
 -0.04337473074000000   0.59999899431313025
 -0.04337472074000000   0.59999899469875581
 -0.04337471074000000   0.59999899508438126
 -0.04337470074000000   0.59999899547000662
 -0.04337469074000000   0.59999899585563187
 -0.04337468074000000   0.59999899624125701
 -0.04337467074000000   0.59999899662688205
 -0.04337466074000000   0.59999899701250699
 -0.04337465074000000   0.59999899739813182
 -0.04337464074000000   0.59999899778375655
 -0.04337463074000000   0.59999899816938118
 -0.04337462074000000   0.59999899855500570
 -0.04337461074000000   0.59999899894063012
 -0.04337460074000000   0.59999899932625443
 -0.04337459074000000   0.59999899971187864
 -0.04337458074000000   0.59999900009750274
 -0.04337457074000000   0.59999900048312674
 -0.04337456074000000   0.59999900086875064
 -0.04337455074000000   0.59999900125437443
 -0.04337454074000000   0.59999900163999812
 -0.04337453074000000   0.59999900202562171
 -0.04337452074000000   0.59999900241124519
 -0.04337451074000000   0.59999900279686857
 -0.04337450074000000   0.59999900318249184
 -0.04337449074000000   0.59999900356811500
 -0.04337448074000000   0.59999900395373807
 -0.04337447074000000   0.59999900433936103
 -0.04337446074000000   0.59999900472498389
 -0.04337445074000000   0.59999900511060664
 -0.04337444074000000   0.59999900549622929
 -0.04337443074000000   0.59999900588185183
 -0.04337442074000000   0.59999900626747427
 -0.04337441074000000   0.59999900665309661
 -0.04337440074000000   0.59999900703871884
 -0.04337439074000000   0.59999900742434097
 -0.04337438074000000   0.59999900780996299
 -0.04337437074000000   0.59999900819558491
 -0.04337436074000000   0.59999900858120673
 -0.04337435074000000   0.59999900896682844
 -0.04337434074000000   0.59999900935245005
 -0.04337433074000000   0.59999900973807155
 -0.04337432074000000   0.59999901012369296
 -0.04337431074000000   0.59999901050931425
 -0.04337430074000000   0.59999901089493544
 -0.04337429074000000   0.59999901128055653
 -0.04337428074000000   0.59999901166617751
 -0.04337427074000000   0.59999901205179839
 -0.04337426074000000   0.59999901243741917
 -0.04337425074000000   0.59999901282303984
 -0.04337424074000000   0.59999901320866041
 -0.04337423074000000   0.59999901359428087
 -0.04337422074000000   0.59999901397990123
 -0.04337421074000000   0.59999901436552149
 -0.04337420074000000   0.59999901475114164
 -0.04337419074000000   0.59999901513676169
 -0.04337418074000000   0.59999901552238163
 -0.04337417074000000   0.59999901590800147
 -0.04337416074000000   0.59999901629362121
 -0.04337415074000000   0.59999901667924084
 -0.04337414074000000   0.59999901706486037
 -0.04337413074000000   0.59999901745047979
 -0.04337412074000000   0.59999901783609911
 -0.04337411074000000   0.59999901822171833
 -0.04337410074000000   0.59999901860733744
 -0.04337409074000000   0.59999901899295644
 -0.04337408074000000   0.59999901937857535
 -0.04337407074000000   0.59999901976419415
 -0.04337406074000000   0.59999902014981284
 -0.04337405074000000   0.59999902053543144
 -0.04337404074000000   0.59999902092104992
 -0.04337403074000000   0.59999902130666831
 -0.04337402074000000   0.59999902169228659
 -0.04337401074000000   0.59999902207790476
 -0.04337400074000000   0.59999902246352283
 -0.04337399074000000   0.59999902284914080
 -0.04337398074000000   0.59999902323475866
 -0.04337397074000000   0.59999902362037642
 -0.04337396074000000   0.59999902400599408
 -0.04337395074000000   0.59999902439161163
 -0.04337394074000000   0.59999902477722908
 -0.04337393074000000   0.59999902516284642
 -0.04337392074000000   0.59999902554846366
 -0.04337391074000000   0.59999902593408080
 -0.04337390074000000   0.59999902631969783
 -0.04337389074000000   0.59999902670531476
 -0.04337388074000000   0.59999902709093158
 -0.04337387074000000   0.59999902747654830
 -0.04337386074000000   0.59999902786216491
 -0.04337385074000000   0.59999902824778142
 -0.04337384074000000   0.59999902863339783
 -0.04337383074000000   0.59999902901901414
 -0.04337382074000000   0.59999902940463034
 -0.04337381074000000   0.59999902979024643
 -0.04337380074000000   0.59999903017586242
 -0.04337379074000000   0.59999903056147831
 -0.04337378074000000   0.59999903094709409
 -0.04337377074000000   0.59999903133270977
 -0.04337376074000000   0.59999903171832535
 -0.04337375074000000   0.59999903210394082
 -0.04337374074000000   0.59999903248955619
 -0.04337373074000000   0.59999903287517145
 -0.04337372074000000   0.59999903326078661
 -0.04337371074000000   0.59999903364640167
 -0.04337370074000000   0.59999903403201662
 -0.04337369074000000   0.59999903441763147
 -0.04337368074000000   0.59999903480324621
 -0.04337367074000000   0.59999903518886085
 -0.04337366074000000   0.59999903557447538
 -0.04337365074000000   0.59999903596008982
 -0.04337364074000000   0.59999903634570414
 -0.04337363074000000   0.59999903673131837
 -0.04337362074000000   0.59999903711693249
 -0.04337361074000000   0.59999903750254650
 -0.04337360074000000   0.59999903788816041
 -0.04337359074000000   0.59999903827377422
 -0.04337358074000000   0.59999903865938793
 -0.04337357074000000   0.59999903904500153
 -0.04337356074000000   0.59999903943061502
 -0.04337355074000000   0.59999903981622841
 -0.04337354074000000   0.59999904020184170
 -0.04337353074000000   0.59999904058745488
 -0.04337352074000000   0.59999904097306797
 -0.04337351074000000   0.59999904135868094
 -0.04337350074000000   0.59999904174429381
 -0.04337349074000000   0.59999904212990658
 -0.04337348074000000   0.59999904251551924
 -0.04337347074000000   0.59999904290113180
 -0.04337346074000000   0.59999904328674426
 -0.04337345074000000   0.59999904367235661
 -0.04337344074000000   0.59999904405796886
 -0.04337343074000000   0.59999904444358100
 -0.04337342074000000   0.59999904482919304
 -0.04337341074000000   0.59999904521480498
 -0.04337340074000000   0.59999904560041681
 -0.04337339074000000   0.59999904598602854
 -0.04337338074000000   0.59999904637164016
 -0.04337337074000000   0.59999904675725169
 -0.04337336074000000   0.59999904714286310
 -0.04337335074000000   0.59999904752847442
 -0.04337334074000000   0.59999904791408562
 -0.04337333074000000   0.59999904829969672
 -0.04337332074000000   0.59999904868530773
 -0.04337331074000000   0.59999904907091862
 -0.04337330074000000   0.59999904945652942
 -0.04337329074000000   0.59999904984214010
 -0.04337328074000000   0.59999905022775069
 -0.04337327074000000   0.59999905061336117
 -0.04337326074000000   0.59999905099897154
 -0.04337325074000000   0.59999905138458182
 -0.04337324074000000   0.59999905177019199
 -0.04337323074000000   0.59999905215580205
 -0.04337322074000000   0.59999905254141201
 -0.04337321074000000   0.59999905292702187
 -0.04337320074000000   0.59999905331263162
 -0.04337319074000000   0.59999905369824127
 -0.04337318074000000   0.59999905408385081
 -0.04337317074000000   0.59999905446946026
 -0.04337316074000000   0.59999905485506959
 -0.04337315074000000   0.59999905524067882
 -0.04337314074000000   0.59999905562628795
 -0.04337313074000000   0.59999905601189698
 -0.04337312074000000   0.59999905639750590
 -0.04337311074000000   0.59999905678311472
 -0.04337310074000000   0.59999905716872343
 -0.04337309074000000   0.59999905755433204
 -0.04337308074000000   0.59999905793994054
 -0.04337307074000000   0.59999905832554895
 -0.04337306074000000   0.59999905871115724
 -0.04337305074000000   0.59999905909676543
 -0.04337304074000000   0.59999905948237353
 -0.04337303074000000   0.59999905986798151
 -0.04337302074000000   0.59999906025358939
 -0.04337301074000000   0.59999906063919717
 -0.04337300074000000   0.59999906102480484
 -0.04337299074000000   0.59999906141041241
 -0.04337298074000000   0.59999906179601988
 -0.04337297074000000   0.59999906218162724
 -0.04337296074000000   0.59999906256723450
 -0.04337295074000000   0.59999906295284165
 -0.04337294074000000   0.59999906333844870
 -0.04337293074000000   0.59999906372405565
 -0.04337292074000000   0.59999906410966249
 -0.04337291074000000   0.59999906449526923
 -0.04337290074000000   0.59999906488087586
 -0.04337289074000000   0.59999906526648239
 -0.04337288074000000   0.59999906565208882
 -0.04337287074000000   0.59999906603769514
 -0.04337286074000000   0.59999906642330136
 -0.04337285074000000   0.59999906680890747
 -0.04337284074000000   0.59999906719451348
 -0.04337283074000000   0.59999906758011939
 -0.04337282074000000   0.59999906796572519
 -0.04337281074000000   0.59999906835133089
 -0.04337280074000000   0.59999906873693649
 -0.04337279074000000   0.59999906912254198
 -0.04337278074000000   0.59999906950814736
 -0.04337277074000000   0.59999906989375264
 -0.04337276074000000   0.59999907027935782
 -0.04337275074000000   0.59999907066496290
 -0.04337274074000000   0.59999907105056787
 -0.04337273074000000   0.59999907143617274
 -0.04337272074000000   0.59999907182177750
 -0.04337271074000000   0.59999907220738216
 -0.04337270074000000   0.59999907259298672
 -0.04337269074000000   0.59999907297859117
 -0.04337268074000000   0.59999907336419551
 -0.04337267074000000   0.59999907374979976
 -0.04337266074000000   0.59999907413540390
 -0.04337265074000000   0.59999907452100793
 -0.04337264074000000   0.59999907490661186
 -0.04337263074000000   0.59999907529221569
 -0.04337262074000000   0.59999907567781941
 -0.04337261074000000   0.59999907606342303
 -0.04337260074000000   0.59999907644902655
 -0.04337259074000000   0.59999907683462996
 -0.04337258074000000   0.59999907722023327
 -0.04337257074000000   0.59999907760583647
 -0.04337256074000000   0.59999907799143957
 -0.04337255074000000   0.59999907837704257
 -0.04337254074000000   0.59999907876264546
 -0.04337253074000000   0.59999907914824825
 -0.04337252074000000   0.59999907953385094
 -0.04337251074000000   0.59999907991945352
 -0.04337250074000000   0.59999908030505599
 -0.04337249074000000   0.59999908069065837
 -0.04337248074000000   0.59999908107626063
 -0.04337247074000000   0.59999908146186280
 -0.04337246074000000   0.59999908184746486
 -0.04337245074000000   0.59999908223306682
 -0.04337244074000000   0.59999908261866867
 -0.04337243074000000   0.59999908300427042
 -0.04337242074000000   0.59999908338987206
 -0.04337241074000000   0.59999908377547360
 -0.04337240074000000   0.59999908416107504
 -0.04337239074000000   0.59999908454667638
 -0.04337238074000000   0.59999908493227761
 -0.04337237074000000   0.59999908531787873
 -0.04337236074000000   0.59999908570347975
 -0.04337235074000000   0.59999908608908067
 -0.04337234074000000   0.59999908647468149
 -0.04337233074000000   0.59999908686028220
 -0.04337232074000000   0.59999908724588280
 -0.04337231074000000   0.59999908763148331
 -0.04337230074000000   0.59999908801708370
 -0.04337229074000000   0.59999908840268400
 -0.04337228074000000   0.59999908878828419
 -0.04337227074000000   0.59999908917388427
 -0.04337226074000000   0.59999908955948426
 -0.04337225074000000   0.59999908994508414
 -0.04337224074000000   0.59999909033068391
 -0.04337223074000000   0.59999909071628358
 -0.04337222074000000   0.59999909110188315
 -0.04337221074000000   0.59999909148748261
 -0.04337220074000000   0.59999909187308197
 -0.04337219074000000   0.59999909225868123
 -0.04337218074000000   0.59999909264428038
 -0.04337217074000000   0.59999909302987943
 -0.04337216074000000   0.59999909341547837
 -0.04337215074000000   0.59999909380107721
 -0.04337214074000000   0.59999909418667594
 -0.04337213074000000   0.59999909457227458
 -0.04337212074000000   0.59999909495787310
 -0.04337211074000000   0.59999909534347153
 -0.04337210074000000   0.59999909572906985
 -0.04337209074000000   0.59999909611466806
 -0.04337208074000000   0.59999909650026617
 -0.04337207074000000   0.59999909688586418
 -0.04337206074000000   0.59999909727146209
 -0.04337205074000000   0.59999909765705989
 -0.04337204074000000   0.59999909804265759
 -0.04337203074000000   0.59999909842825518
 -0.04337202074000000   0.59999909881385267
 -0.04337201074000000   0.59999909919945005
 -0.04337200074000000   0.59999909958504733
 -0.04337199074000000   0.59999909997064451
 -0.04337198074000000   0.59999910035624158
 -0.04337197074000000   0.59999910074183855
 -0.04337196074000000   0.59999910112743542
 -0.04337195074000000   0.59999910151303218
 -0.04337194074000000   0.59999910189862884
 -0.04337193074000000   0.59999910228422539
 -0.04337192074000000   0.59999910266982184
 -0.04337191074000000   0.59999910305541819
 -0.04337190074000000   0.59999910344101443
 -0.04337189074000000   0.59999910382661057
 -0.04337188074000000   0.59999910421220660
 -0.04337187074000000   0.59999910459780253
 -0.04337186074000000   0.59999910498339836
 -0.04337185074000000   0.59999910536899408
 -0.04337184074000000   0.59999910575458970
 -0.04337183074000000   0.59999910614018522
 -0.04337182074000000   0.59999910652578063
 -0.04337181074000000   0.59999910691137593
 -0.04337180074000000   0.59999910729697114
 -0.04337179074000000   0.59999910768256624
 -0.04337178074000000   0.59999910806816123
 -0.04337177074000000   0.59999910845375613
 -0.04337176074000000   0.59999910883935091
 -0.04337175074000000   0.59999910922494559
 -0.04337174074000000   0.59999910961054017
 -0.04337173074000000   0.59999910999613465
 -0.04337172074000000   0.59999911038172903
 -0.04337171074000000   0.59999911076732329
 -0.04337170074000000   0.59999911115291746
 -0.04337169074000000   0.59999911153851152
 -0.04337168074000000   0.59999911192410547
 -0.04337167074000000   0.59999911230969933
 -0.04337166074000000   0.59999911269529308
 -0.04337165074000000   0.59999911308088672
 -0.04337164074000000   0.59999911346648026
 -0.04337163074000000   0.59999911385207370
 -0.04337162074000000   0.59999911423766703
 -0.04337161074000000   0.59999911462326026
 -0.04337160074000000   0.59999911500885339
 -0.04337159074000000   0.59999911539444641
 -0.04337158074000000   0.59999911578003933
 -0.04337157074000000   0.59999911616563214
 -0.04337156074000000   0.59999911655122485
 -0.04337155074000000   0.59999911693681746
 -0.04337154074000000   0.59999911732240996
 -0.04337153074000000   0.59999911770800236
 -0.04337152074000000   0.59999911809359465
 -0.04337151074000000   0.59999911847918684
 -0.04337150074000000   0.59999911886477893
 -0.04337149074000000   0.59999911925037091
 -0.04337148074000000   0.59999911963596279
 -0.04337147074000000   0.59999912002155457
 -0.04337146074000000   0.59999912040714624
 -0.04337145074000000   0.59999912079273781
 -0.04337144074000000   0.59999912117832927
 -0.04337143074000000   0.59999912156392063
 -0.04337142074000000   0.59999912194951188
 -0.04337141074000000   0.59999912233510304
 -0.04337140074000000   0.59999912272069409
 -0.04337139074000000   0.59999912310628503
 -0.04337138074000000   0.59999912349187587
 -0.04337137074000000   0.59999912387746661
 -0.04337136074000000   0.59999912426305724
 -0.04337135074000000   0.59999912464864777
 -0.04337134074000000   0.59999912503423819
 -0.04337133074000000   0.59999912541982852
 -0.04337132074000000   0.59999912580541873
 -0.04337131074000000   0.59999912619100885
 -0.04337130074000000   0.59999912657659886
 -0.04337129074000000   0.59999912696218876
 -0.04337128074000000   0.59999912734777857
 -0.04337127074000000   0.59999912773336826
 -0.04337126074000000   0.59999912811895786
 -0.04337125074000000   0.59999912850454735
 -0.04337124074000000   0.59999912889013673
 -0.04337123074000000   0.59999912927572602
 -0.04337122074000000   0.59999912966131520
 -0.04337121074000000   0.59999913004690427
 -0.04337120074000000   0.59999913043249324
 -0.04337119074000000   0.59999913081808211
 -0.04337118074000000   0.59999913120367087
 -0.04337117074000000   0.59999913158925953
 -0.04337116074000000   0.59999913197484809
 -0.04337115074000000   0.59999913236043654
 -0.04337114074000000   0.59999913274602489
 -0.04337113074000000   0.59999913313161313
 -0.04337112074000000   0.59999913351720127
 -0.04337111074000000   0.59999913390278931
 -0.04337110074000000   0.59999913428837724
 -0.04337109074000000   0.59999913467396507
 -0.04337108074000000   0.59999913505955279
 -0.04337107074000000   0.59999913544514042
 -0.04337106074000000   0.59999913583072793
 -0.04337105074000000   0.59999913621631535
 -0.04337104074000000   0.59999913660190265
 -0.04337103074000000   0.59999913698748986
 -0.04337102074000000   0.59999913737307696
 -0.04337101074000000   0.59999913775866396
 -0.04337100074000000   0.59999913814425085
 -0.04337099074000000   0.59999913852983765
 -0.04337098074000000   0.59999913891542433
 -0.04337097074000000   0.59999913930101091
 -0.04337096074000000   0.59999913968659739
 -0.04337095074000000   0.59999914007218377
 -0.04337094074000000   0.59999914045777004
 -0.04337093074000000   0.59999914084335621
 -0.04337092074000000   0.59999914122894227
 -0.04337091074000000   0.59999914161452823
 -0.04337090074000000   0.59999914200011408
 -0.04337089074000000   0.59999914238569984
 -0.04337088074000000   0.59999914277128548
 -0.04337087074000000   0.59999914315687103
 -0.04337086074000000   0.59999914354245647
 -0.04337085074000000   0.59999914392804181
 -0.04337084074000000   0.59999914431362704
 -0.04337083074000000   0.59999914469921217
 -0.04337082074000000   0.59999914508479719
 -0.04337081074000000   0.59999914547038211
 -0.04337080074000000   0.59999914585596693
 -0.04337079074000000   0.59999914624155165
 -0.04337078074000000   0.59999914662713625
 -0.04337077074000000   0.59999914701272076
 -0.04337076074000000   0.59999914739830516
 -0.04337075074000000   0.59999914778388946
 -0.04337074074000000   0.59999914816947366
 -0.04337073074000000   0.59999914855505775
 -0.04337072074000000   0.59999914894064173
 -0.04337071074000000   0.59999914932622561
 -0.04337070074000000   0.59999914971180939
 -0.04337069074000000   0.59999915009739307
 -0.04337068074000000   0.59999915048297664
 -0.04337067074000000   0.59999915086856011
 -0.04337066074000000   0.59999915125414347
 -0.04337065074000000   0.59999915163972673
 -0.04337064074000000   0.59999915202530989
 -0.04337063074000000   0.59999915241089294
 -0.04337062074000000   0.59999915279647589
 -0.04337061074000000   0.59999915318205873
 -0.04337060074000000   0.59999915356764148
 -0.04337059074000000   0.59999915395322411
 -0.04337058074000000   0.59999915433880665
 -0.04337057074000000   0.59999915472438907
 -0.04337056074000000   0.59999915510997140
 -0.04337055074000000   0.59999915549555362
 -0.04337054074000000   0.59999915588113574
 -0.04337053074000000   0.59999915626671775
 -0.04337052074000000   0.59999915665229966
 -0.04337051074000000   0.59999915703788147
 -0.04337050074000000   0.59999915742346317
 -0.04337049074000000   0.59999915780904477
 -0.04337048074000000   0.59999915819462627
 -0.04337047074000000   0.59999915858020766
 -0.04337046074000000   0.59999915896578895
 -0.04337045074000000   0.59999915935137013
 -0.04337044074000000   0.59999915973695121
 -0.04337043074000000   0.59999916012253218
 -0.04337042074000000   0.59999916050811306
 -0.04337041074000000   0.59999916089369383
 -0.04337040074000000   0.59999916127927449
 -0.04337039074000000   0.59999916166485505
 -0.04337038074000000   0.59999916205043551
 -0.04337037074000000   0.59999916243601586
 -0.04337036074000000   0.59999916282159611
 -0.04337035074000000   0.59999916320717625
 -0.04337034074000000   0.59999916359275630
 -0.04337033074000000   0.59999916397833624
 -0.04337032074000000   0.59999916436391607
 -0.04337031074000000   0.59999916474949580
 -0.04337030074000000   0.59999916513507543
 -0.04337029074000000   0.59999916552065495
 -0.04337028074000000   0.59999916590623437
 -0.04337027074000000   0.59999916629181368
 -0.04337026074000000   0.59999916667739289
 -0.04337025074000000   0.59999916706297200
 -0.04337024074000000   0.59999916744855100
 -0.04337023074000000   0.59999916783412990
 -0.04337022074000000   0.59999916821970870
 -0.04337021074000000   0.59999916860528739
 -0.04337020074000000   0.59999916899086598
 -0.04337019074000000   0.59999916937644447
 -0.04337018074000000   0.59999916976202285
 -0.04337017074000000   0.59999917014760113
 -0.04337016074000000   0.59999917053317930
 -0.04337015074000000   0.59999917091875736
 -0.04337014074000000   0.59999917130433533
 -0.04337013074000000   0.59999917168991319
 -0.04337012074000000   0.59999917207549095
 -0.04337011074000000   0.59999917246106861
 -0.04337010074000000   0.59999917284664616
 -0.04337009074000000   0.59999917323222360
 -0.04337008074000000   0.59999917361780095
 -0.04337007074000000   0.59999917400337818
 -0.04337006074000000   0.59999917438895532
 -0.04337005074000000   0.59999917477453235
 -0.04337004074000000   0.59999917516010928
 -0.04337003074000000   0.59999917554568610
 -0.04337002074000000   0.59999917593126282
 -0.04337001074000000   0.59999917631683944
 -0.04337000074000000   0.59999917670241595
 -0.04336999074000000   0.59999917708799236
 -0.04336998074000000   0.59999917747356867
 -0.04336997074000000   0.59999917785914487
 -0.04336996074000000   0.59999917824472097
 -0.04336995074000000   0.59999917863029696
 -0.04336994074000000   0.59999917901587285
 -0.04336993074000000   0.59999917940144864
 -0.04336992074000000   0.59999917978702432
 -0.04336991074000000   0.59999918017259989
 -0.04336990074000000   0.59999918055817537
 -0.04336989074000000   0.59999918094375074
 -0.04336988074000000   0.59999918132932601
 -0.04336987074000000   0.59999918171490117
 -0.04336986074000000   0.59999918210047623
 -0.04336985074000000   0.59999918248605119
 -0.04336984074000000   0.59999918287162604
 -0.04336983074000000   0.59999918325720079
 -0.04336982074000000   0.59999918364277543
 -0.04336981074000000   0.59999918402834998
 -0.04336980074000000   0.59999918441392441
 -0.04336979074000000   0.59999918479949874
 -0.04336978074000000   0.59999918518507297
 -0.04336977074000000   0.59999918557064710
 -0.04336976074000000   0.59999918595622112
 -0.04336975074000000   0.59999918634179504
 -0.04336974074000000   0.59999918672736885
 -0.04336973074000000   0.59999918711294256
 -0.04336972074000000   0.59999918749851617
 -0.04336971074000000   0.59999918788408967
 -0.04336970074000000   0.59999918826966308
 -0.04336969074000000   0.59999918865523637
 -0.04336968074000000   0.59999918904080956
 -0.04336967074000000   0.59999918942638265
 -0.04336966074000000   0.59999918981195563
 -0.04336965074000000   0.59999919019752851
 -0.04336964074000000   0.59999919058310129
 -0.04336963074000000   0.59999919096867396
 -0.04336962074000000   0.59999919135424653
 -0.04336961074000000   0.59999919173981900
 -0.04336960074000000   0.59999919212539136
 -0.04336959074000000   0.59999919251096362
 -0.04336958074000000   0.59999919289653577
 -0.04336957074000000   0.59999919328210782
 -0.04336956074000000   0.59999919366767977
 -0.04336955074000000   0.59999919405325161
 -0.04336954074000000   0.59999919443882335
 -0.04336953074000000   0.59999919482439498
 -0.04336952074000000   0.59999919520996651
 -0.04336951074000000   0.59999919559553794
 -0.04336950074000000   0.59999919598110927
 -0.04336949074000000   0.59999919636668049
 -0.04336948074000000   0.59999919675225160
 -0.04336947074000000   0.59999919713782262
 -0.04336946074000000   0.59999919752339352
 -0.04336945074000000   0.59999919790896433
 -0.04336944074000000   0.59999919829453503
 -0.04336943074000000   0.59999919868010563
 -0.04336942074000000   0.59999919906567612
 -0.04336941074000000   0.59999919945124651
 -0.04336940074000000   0.59999919983681680
 -0.04336939074000000   0.59999920022238698
 -0.04336938074000000   0.59999920060795706
 -0.04336937074000000   0.59999920099352703
 -0.04336936074000000   0.59999920137909691
 -0.04336935074000000   0.59999920176466667
 -0.04336934074000000   0.59999920215023634
 -0.04336933074000000   0.59999920253580590
 -0.04336932074000000   0.59999920292137535
 -0.04336931074000000   0.59999920330694471
 -0.04336930074000000   0.59999920369251395
 -0.04336929074000000   0.59999920407808310
 -0.04336928074000000   0.59999920446365214
 -0.04336927074000000   0.59999920484922108
 -0.04336926074000000   0.59999920523478991
 -0.04336925074000000   0.59999920562035864
 -0.04336924074000000   0.59999920600592727
 -0.04336923074000000   0.59999920639149579
 -0.04336922074000000   0.59999920677706421
 -0.04336921074000000   0.59999920716263252
 -0.04336920074000000   0.59999920754820074
 -0.04336919074000000   0.59999920793376884
 -0.04336918074000000   0.59999920831933685
 -0.04336917074000000   0.59999920870490475
 -0.04336916074000000   0.59999920909047255
 -0.04336915074000000   0.59999920947604024
 -0.04336914074000000   0.59999920986160783
 -0.04336913074000000   0.59999921024717531
 -0.04336912074000000   0.59999921063274269
 -0.04336911074000000   0.59999921101830997
 -0.04336910074000000   0.59999921140387714
 -0.04336909074000000   0.59999921178944421
 -0.04336908074000000   0.59999921217501118
 -0.04336907074000000   0.59999921256057804
 -0.04336906074000000   0.59999921294614480
 -0.04336905074000000   0.59999921333171146
 -0.04336904074000000   0.59999921371727801
 -0.04336903074000000   0.59999921410284446
 -0.04336902074000000   0.59999921448841080
 -0.04336901074000000   0.59999921487397704
 -0.04336900074000000   0.59999921525954318
 -0.04336899074000000   0.59999921564510921
 -0.04336898074000000   0.59999921603067514
 -0.04336897074000000   0.59999921641624097
 -0.04336896074000000   0.59999921680180669
 -0.04336895074000000   0.59999921718737231
 -0.04336894074000000   0.59999921757293782
 -0.04336893074000000   0.59999921795850323
 -0.04336892074000000   0.59999921834406854
 -0.04336891074000000   0.59999921872963374
 -0.04336890074000000   0.59999921911519884
 -0.04336889074000000   0.59999921950076383
 -0.04336888074000000   0.59999921988632873
 -0.04336887074000000   0.59999922027189351
 -0.04336886074000000   0.59999922065745820
 -0.04336885074000000   0.59999922104302278
 -0.04336884074000000   0.59999922142858726
 -0.04336883074000000   0.59999922181415163
 -0.04336882074000000   0.59999922219971590
 -0.04336881074000000   0.59999922258528007
 -0.04336880074000000   0.59999922297084413
 -0.04336879074000000   0.59999922335640808
 -0.04336878074000000   0.59999922374197194
 -0.04336877074000000   0.59999922412753569
 -0.04336876074000000   0.59999922451309934
 -0.04336875074000000   0.59999922489866288
 -0.04336874074000000   0.59999922528422632
 -0.04336873074000000   0.59999922566978966
 -0.04336872074000000   0.59999922605535289
 -0.04336871074000000   0.59999922644091602
 -0.04336870074000000   0.59999922682647904
 -0.04336869074000000   0.59999922721204196
 -0.04336868074000000   0.59999922759760478
 -0.04336867074000000   0.59999922798316750
 -0.04336866074000000   0.59999922836873010
 -0.04336865074000000   0.59999922875429261
 -0.04336864074000000   0.59999922913985501
 -0.04336863074000000   0.59999922952541731
 -0.04336862074000000   0.59999922991097951
 -0.04336861074000000   0.59999923029654160
 -0.04336860074000000   0.59999923068210359
 -0.04336859074000000   0.59999923106766547
 -0.04336858074000000   0.59999923145322725
 -0.04336857074000000   0.59999923183878893
 -0.04336856074000000   0.59999923222435050
 -0.04336855074000000   0.59999923260991197
 -0.04336854074000000   0.59999923299547334
 -0.04336853074000000   0.59999923338103460
 -0.04336852074000000   0.59999923376659575
 -0.04336851074000000   0.59999923415215681
 -0.04336850074000000   0.59999923453771776
 -0.04336849074000000   0.59999923492327861
 -0.04336848074000000   0.59999923530883935
 -0.04336847074000000   0.59999923569439999
 -0.04336846074000000   0.59999923607996053
 -0.04336845074000000   0.59999923646552096
 -0.04336844074000000   0.59999923685108128
 -0.04336843074000000   0.59999923723664151
 -0.04336842074000000   0.59999923762220163
 -0.04336841074000000   0.59999923800776165
 -0.04336840074000000   0.59999923839332156
 -0.04336839074000000   0.59999923877888137
 -0.04336838074000000   0.59999923916444108
 -0.04336837074000000   0.59999923955000068
 -0.04336836074000000   0.59999923993556018
 -0.04336835074000000   0.59999924032111958
 -0.04336834074000000   0.59999924070667887
 -0.04336833074000000   0.59999924109223805
 -0.04336832074000000   0.59999924147779714
 -0.04336831074000000   0.59999924186335612
 -0.04336830074000000   0.59999924224891500
 -0.04336829074000000   0.59999924263447377
 -0.04336828074000000   0.59999924302003244
 -0.04336827074000000   0.59999924340559100
 -0.04336826074000000   0.59999924379114947
 -0.04336825074000000   0.59999924417670782
 -0.04336824074000000   0.59999924456226608
 -0.04336823074000000   0.59999924494782423
 -0.04336822074000000   0.59999924533338227
 -0.04336821074000000   0.59999924571894022
 -0.04336820074000000   0.59999924610449806
 -0.04336819074000000   0.59999924649005579
 -0.04336818074000000   0.59999924687561343
 -0.04336817074000000   0.59999924726117096
 -0.04336816074000000   0.59999924764672838
 -0.04336815074000000   0.59999924803228570
 -0.04336814074000000   0.59999924841784292
 -0.04336813074000000   0.59999924880340003
 -0.04336812074000000   0.59999924918895704
 -0.04336811074000000   0.59999924957451395
 -0.04336810074000000   0.59999924996007075
 -0.04336809074000000   0.59999925034562745
 -0.04336808074000000   0.59999925073118405
 -0.04336807074000000   0.59999925111674054
 -0.04336806074000000   0.59999925150229693
 -0.04336805074000000   0.59999925188785321
 -0.04336804074000000   0.59999925227340939
 -0.04336803074000000   0.59999925265896547
 -0.04336802074000000   0.59999925304452144
 -0.04336801074000000   0.59999925343007731
 -0.04336800074000000   0.59999925381563308
 -0.04336799074000000   0.59999925420118874
 -0.04336798074000000   0.59999925458674430
 -0.04336797074000000   0.59999925497229975
 -0.04336796074000000   0.59999925535785511
 -0.04336795074000000   0.59999925574341035
 -0.04336794074000000   0.59999925612896550
 -0.04336793074000000   0.59999925651452054
 -0.04336792074000000   0.59999925690007547
 -0.04336791074000000   0.59999925728563031
 -0.04336790074000000   0.59999925767118504
 -0.04336789074000000   0.59999925805673966
 -0.04336788074000000   0.59999925844229418
 -0.04336787074000000   0.59999925882784860
 -0.04336786074000000   0.59999925921340292
 -0.04336785074000000   0.59999925959895713
 -0.04336784074000000   0.59999925998451124
 -0.04336783074000000   0.59999926037006524
 -0.04336782074000000   0.59999926075561914
 -0.04336781074000000   0.59999926114117293
 -0.04336780074000000   0.59999926152672663
 -0.04336779074000000   0.59999926191228021
 -0.04336778074000000   0.59999926229783370
 -0.04336777074000000   0.59999926268338708
 -0.04336776074000000   0.59999926306894036
 -0.04336775074000000   0.59999926345449353
 -0.04336774074000000   0.59999926384004661
 -0.04336773074000000   0.59999926422559957
 -0.04336772074000000   0.59999926461115244
 -0.04336771074000000   0.59999926499670519
 -0.04336770074000000   0.59999926538225785
 -0.04336769074000000   0.59999926576781040
 -0.04336768074000000   0.59999926615336285
 -0.04336767074000000   0.59999926653891520
 -0.04336766074000000   0.59999926692446744
 -0.04336765074000000   0.59999926731001958
 -0.04336764074000000   0.59999926769557161
 -0.04336763074000000   0.59999926808112354
 -0.04336762074000000   0.59999926846667537
 -0.04336761074000000   0.59999926885222709
 -0.04336760074000000   0.59999926923777871
 -0.04336759074000000   0.59999926962333023
 -0.04336758074000000   0.59999927000888164
 -0.04336757074000000   0.59999927039443295
 -0.04336756074000000   0.59999927077998415
 -0.04336755074000000   0.59999927116553525
 -0.04336754074000000   0.59999927155108625
 -0.04336753074000000   0.59999927193663714
 -0.04336752074000000   0.59999927232218793
 -0.04336751074000000   0.59999927270773862
 -0.04336750074000000   0.59999927309328920
 -0.04336749074000000   0.59999927347883968
 -0.04336748074000000   0.59999927386439006
 -0.04336747074000000   0.59999927424994033
 -0.04336746074000000   0.59999927463549050
 -0.04336745074000000   0.59999927502104056
 -0.04336744074000000   0.59999927540659052
 -0.04336743074000000   0.59999927579214038
 -0.04336742074000000   0.59999927617769013
 -0.04336741074000000   0.59999927656323978
 -0.04336740074000000   0.59999927694878933
 -0.04336739074000000   0.59999927733433877
 -0.04336738074000000   0.59999927771988811
 -0.04336737074000000   0.59999927810543735
 -0.04336736074000000   0.59999927849098648
 -0.04336735074000000   0.59999927887653550
 -0.04336734074000000   0.59999927926208443
 -0.04336733074000000   0.59999927964763325
 -0.04336732074000000   0.59999928003318197
 -0.04336731074000000   0.59999928041873058
 -0.04336730074000000   0.59999928080427909
 -0.04336729074000000   0.59999928118982750
 -0.04336728074000000   0.59999928157537580
 -0.04336727074000000   0.59999928196092400
 -0.04336726074000000   0.59999928234647210
 -0.04336725074000000   0.59999928273202009
 -0.04336724074000000   0.59999928311756797
 -0.04336723074000000   0.59999928350311576
 -0.04336722074000000   0.59999928388866344
 -0.04336721074000000   0.59999928427421102
 -0.04336720074000000   0.59999928465975849
 -0.04336719074000000   0.59999928504530586
 -0.04336718074000000   0.59999928543085313
 -0.04336717074000000   0.59999928581640029
 -0.04336716074000000   0.59999928620194735
 -0.04336715074000000   0.59999928658749430
 -0.04336714074000000   0.59999928697304116
 -0.04336713074000000   0.59999928735858790
 -0.04336712074000000   0.59999928774413455
 -0.04336711074000000   0.59999928812968109
 -0.04336710074000000   0.59999928851522753
 -0.04336709074000000   0.59999928890077386
 -0.04336708074000000   0.59999928928632009
 -0.04336707074000000   0.59999928967186622
 -0.04336706074000000   0.59999929005741224
 -0.04336705074000000   0.59999929044295816
 -0.04336704074000000   0.59999929082850397
 -0.04336703074000000   0.59999929121404969
 -0.04336702074000000   0.59999929159959529
 -0.04336701074000000   0.59999929198514080
 -0.04336700074000000   0.59999929237068620
 -0.04336699074000000   0.59999929275623150
 -0.04336698074000000   0.59999929314177669
 -0.04336697074000000   0.59999929352732178
 -0.04336696074000000   0.59999929391286677
 -0.04336695074000000   0.59999929429841165
 -0.04336694074000000   0.59999929468395643
 -0.04336693074000000   0.59999929506950110
 -0.04336692074000000   0.59999929545504568
 -0.04336691074000000   0.59999929584059015
 -0.04336690074000000   0.59999929622613451
 -0.04336689074000000   0.59999929661167877
 -0.04336688074000000   0.59999929699722293
 -0.04336687074000000   0.59999929738276698
 -0.04336686074000000   0.59999929776831093
 -0.04336685074000000   0.59999929815385478
 -0.04336684074000000   0.59999929853939852
 -0.04336683074000000   0.59999929892494216
 -0.04336682074000000   0.59999929931048570
 -0.04336681074000000   0.59999929969602913
 -0.04336680074000000   0.59999930008157246
 -0.04336679074000000   0.59999930046711568
 -0.04336678074000000   0.59999930085265881
 -0.04336677074000000   0.59999930123820182
 -0.04336676074000000   0.59999930162374474
 -0.04336675074000000   0.59999930200928755
 -0.04336674074000000   0.59999930239483026
 -0.04336673074000000   0.59999930278037286
 -0.04336672074000000   0.59999930316591536
 -0.04336671074000000   0.59999930355145775
 -0.04336670074000000   0.59999930393700005
 -0.04336669074000000   0.59999930432254223
 -0.04336668074000000   0.59999930470808432
 -0.04336667074000000   0.59999930509362630
 -0.04336666074000000   0.59999930547916818
 -0.04336665074000000   0.59999930586470995
 -0.04336664074000000   0.59999930625025163
 -0.04336663074000000   0.59999930663579319
 -0.04336662074000000   0.59999930702133466
 -0.04336661074000000   0.59999930740687602
 -0.04336660074000000   0.59999930779241727
 -0.04336659074000000   0.59999930817795843
 -0.04336658074000000   0.59999930856349947
 -0.04336657074000000   0.59999930894904042
 -0.04336656074000000   0.59999930933458126
 -0.04336655074000000   0.59999930972012200
 -0.04336654074000000   0.59999931010566264
 -0.04336653074000000   0.59999931049120317
 -0.04336652074000000   0.59999931087674360
 -0.04336651074000000   0.59999931126228392
 -0.04336650074000000   0.59999931164782414
 -0.04336649074000000   0.59999931203336426
 -0.04336648074000000   0.59999931241890427
 -0.04336647074000000   0.59999931280444418
 -0.04336646074000000   0.59999931318998399
 -0.04336645074000000   0.59999931357552369
 -0.04336644074000000   0.59999931396106328
 -0.04336643074000000   0.59999931434660278
 -0.04336642074000000   0.59999931473214217
 -0.04336641074000000   0.59999931511768146
 -0.04336640074000000   0.59999931550322065
 -0.04336639074000000   0.59999931588875973
 -0.04336638074000000   0.59999931627429871
 -0.04336637074000000   0.59999931665983758
 -0.04336636074000000   0.59999931704537635
 -0.04336635074000000   0.59999931743091502
 -0.04336634074000000   0.59999931781645358
 -0.04336633074000000   0.59999931820199204
 -0.04336632074000000   0.59999931858753040
 -0.04336631074000000   0.59999931897306865
 -0.04336630074000000   0.59999931935860679
 -0.04336629074000000   0.59999931974414484
 -0.04336628074000000   0.59999932012968278
 -0.04336627074000000   0.59999932051522062
 -0.04336626074000000   0.59999932090075836
 -0.04336625074000000   0.59999932128629599
 -0.04336624074000000   0.59999932167183351
 -0.04336623074000000   0.59999932205737094
 -0.04336622074000000   0.59999932244290825
 -0.04336621074000000   0.59999932282844547
 -0.04336620074000000   0.59999932321398259
 -0.04336619074000000   0.59999932359951959
 -0.04336618074000000   0.59999932398505650
 -0.04336617074000000   0.59999932437059330
 -0.04336616074000000   0.59999932475613000
 -0.04336615074000000   0.59999932514166660
 -0.04336614074000000   0.59999932552720309
 -0.04336613074000000   0.59999932591273947
 -0.04336612074000000   0.59999932629827576
 -0.04336611074000000   0.59999932668381194
 -0.04336610074000000   0.59999932706934802
 -0.04336609074000000   0.59999932745488399
 -0.04336608074000000   0.59999932784041986
 -0.04336607074000000   0.59999932822595563
 -0.04336606074000000   0.59999932861149129
 -0.04336605074000000   0.59999932899702685
 -0.04336604074000000   0.59999932938256230
 -0.04336603074000000   0.59999932976809766
 -0.04336602074000000   0.59999933015363291
 -0.04336601074000000   0.59999933053916805
 -0.04336600074000000   0.59999933092470309
 -0.04336599074000000   0.59999933131023803
 -0.04336598074000000   0.59999933169577286
 -0.04336597074000000   0.59999933208130759
 -0.04336596074000000   0.59999933246684222
 -0.04336595074000000   0.59999933285237674
 -0.04336594074000000   0.59999933323791116
 -0.04336593074000000   0.59999933362344548
 -0.04336592074000000   0.59999933400897969
 -0.04336591074000000   0.59999933439451380
 -0.04336590074000000   0.59999933478004781
 -0.04336589074000000   0.59999933516558171
 -0.04336588074000000   0.59999933555111551
 -0.04336587074000000   0.59999933593664920
 -0.04336586074000000   0.59999933632218280
 -0.04336585074000000   0.59999933670771628
 -0.04336584074000000   0.59999933709324967
 -0.04336583074000000   0.59999933747878295
 -0.04336582074000000   0.59999933786431613
 -0.04336581074000000   0.59999933824984920
 -0.04336580074000000   0.59999933863538217
 -0.04336579074000000   0.59999933902091504
 -0.04336578074000000   0.59999933940644780
 -0.04336577074000000   0.59999933979198046
 -0.04336576074000000   0.59999934017751301
 -0.04336575074000000   0.59999934056304547
 -0.04336574074000000   0.59999934094857782
 -0.04336573074000000   0.59999934133411006
 -0.04336572074000000   0.59999934171964220
 -0.04336571074000000   0.59999934210517424
 -0.04336570074000000   0.59999934249070618
