 -0.04444729785000000   0.59999923043142019
 -0.04444728785000000   0.59999923088925551
 -0.04444727785000000   0.59999923134709072
 -0.04444726785000000   0.59999923180492581
 -0.04444725785000000   0.59999923226276079
 -0.04444724785000000   0.59999923272059565
 -0.04444723785000000   0.59999923317843040
 -0.04444722785000000   0.59999923363626504
 -0.04444721785000000   0.59999923409409956
 -0.04444720785000000   0.59999923455193396
 -0.04444719785000000   0.59999923500976825
 -0.04444718785000000   0.59999923546760243
 -0.04444717785000000   0.59999923592543649
 -0.04444716785000000   0.59999923638327043
 -0.04444715785000000   0.59999923684110427
 -0.04444714785000000   0.59999923729893798
 -0.04444713785000000   0.59999923775677159
 -0.04444712785000000   0.59999923821460508
 -0.04444711785000000   0.59999923867243845
 -0.04444710785000000   0.59999923913027171
 -0.04444709785000000   0.59999923958810485
 -0.04444708785000000   0.59999924004593788
 -0.04444707785000000   0.59999924050377079
 -0.04444706785000000   0.59999924096160360
 -0.04444705785000000   0.59999924141943628
 -0.04444704785000000   0.59999924187726885
 -0.04444703785000000   0.59999924233510131
 -0.04444702785000000   0.59999924279293365
 -0.04444701785000000   0.59999924325076588
 -0.04444700785000000   0.59999924370859799
 -0.04444699785000000   0.59999924416642999
 -0.04444698785000000   0.59999924462426187
 -0.04444697785000000   0.59999924508209364
 -0.04444696785000000   0.59999924553992530
 -0.04444695785000000   0.59999924599775684
 -0.04444694785000000   0.59999924645558826
 -0.04444693785000000   0.59999924691341957
 -0.04444692785000000   0.59999924737125076
 -0.04444691785000000   0.59999924782908185
 -0.04444690785000000   0.59999924828691281
 -0.04444689785000000   0.59999924874474366
 -0.04444688785000000   0.59999924920257440
 -0.04444687785000000   0.59999924966040503
 -0.04444686785000000   0.59999925011823553
 -0.04444685785000000   0.59999925057606593
 -0.04444684785000000   0.59999925103389621
 -0.04444683785000000   0.59999925149172637
 -0.04444682785000000   0.59999925194955642
 -0.04444681785000000   0.59999925240738635
 -0.04444680785000000   0.59999925286521617
 -0.04444679785000000   0.59999925332304588
 -0.04444678785000000   0.59999925378087547
 -0.04444677785000000   0.59999925423870495
 -0.04444676785000000   0.59999925469653431
 -0.04444675785000000   0.59999925515436356
 -0.04444674785000000   0.59999925561219269
 -0.04444673785000000   0.59999925607002171
 -0.04444672785000000   0.59999925652785061
 -0.04444671785000000   0.59999925698567940
 -0.04444670785000000   0.59999925744350807
 -0.04444669785000000   0.59999925790133663
 -0.04444668785000000   0.59999925835916508
 -0.04444667785000000   0.59999925881699341
 -0.04444666785000000   0.59999925927482162
 -0.04444665785000000   0.59999925973264972
 -0.04444664785000000   0.59999926019047771
 -0.04444663785000000   0.59999926064830558
 -0.04444662785000000   0.59999926110613334
 -0.04444661785000000   0.59999926156396098
 -0.04444660785000000   0.59999926202178851
 -0.04444659785000000   0.59999926247961592
 -0.04444658785000000   0.59999926293744323
 -0.04444657785000000   0.59999926339527041
 -0.04444656785000000   0.59999926385309748
 -0.04444655785000000   0.59999926431092443
 -0.04444654785000000   0.59999926476875127
 -0.04444653785000000   0.59999926522657800
 -0.04444652785000000   0.59999926568440461
 -0.04444651785000000   0.59999926614223111
 -0.04444650785000000   0.59999926660005749
 -0.04444649785000000   0.59999926705788375
 -0.04444648785000000   0.59999926751570991
 -0.04444647785000000   0.59999926797353595
 -0.04444646785000000   0.59999926843136187
 -0.04444645785000000   0.59999926888918768
 -0.04444644785000000   0.59999926934701337
 -0.04444643785000000   0.59999926980483895
 -0.04444642785000000   0.59999927026266442
 -0.04444641785000000   0.59999927072048977
 -0.04444640785000000   0.59999927117831500
 -0.04444639785000000   0.59999927163614012
 -0.04444638785000000   0.59999927209396513
 -0.04444637785000000   0.59999927255179002
 -0.04444636785000000   0.59999927300961480
 -0.04444635785000000   0.59999927346743946
 -0.04444634785000000   0.59999927392526401
 -0.04444633785000000   0.59999927438308844
 -0.04444632785000000   0.59999927484091276
 -0.04444631785000000   0.59999927529873697
 -0.04444630785000000   0.59999927575656106
 -0.04444629785000000   0.59999927621438503
 -0.04444628785000000   0.59999927667220889
 -0.04444627785000000   0.59999927713003264
 -0.04444626785000000   0.59999927758785627
 -0.04444625785000000   0.59999927804567979
 -0.04444624785000000   0.59999927850350319
 -0.04444623785000000   0.59999927896132648
 -0.04444622785000000   0.59999927941914965
 -0.04444621785000000   0.59999927987697271
 -0.04444620785000000   0.59999928033479565
 -0.04444619785000000   0.59999928079261848
 -0.04444618785000000   0.59999928125044119
 -0.04444617785000000   0.59999928170826379
 -0.04444616785000000   0.59999928216608628
 -0.04444615785000000   0.59999928262390865
 -0.04444614785000000   0.59999928308173091
 -0.04444613785000000   0.59999928353955305
 -0.04444612785000000   0.59999928399737507
 -0.04444611785000000   0.59999928445519698
 -0.04444610785000000   0.59999928491301878
 -0.04444609785000000   0.59999928537084047
 -0.04444608785000000   0.59999928582866203
 -0.04444607785000000   0.59999928628648349
 -0.04444606785000000   0.59999928674430483
 -0.04444605785000000   0.59999928720212605
 -0.04444604785000000   0.59999928765994716
 -0.04444603785000000   0.59999928811776816
 -0.04444602785000000   0.59999928857558904
 -0.04444601785000000   0.59999928903340980
 -0.04444600785000000   0.59999928949123045
 -0.04444599785000000   0.59999928994905099
 -0.04444598785000000   0.59999929040687141
 -0.04444597785000000   0.59999929086469172
 -0.04444596785000000   0.59999929132251191
 -0.04444595785000000   0.59999929178033199
 -0.04444594785000000   0.59999929223815195
 -0.04444593785000000   0.59999929269597180
 -0.04444592785000000   0.59999929315379154
 -0.04444591785000000   0.59999929361161116
 -0.04444590785000000   0.59999929406943066
 -0.04444589785000000   0.59999929452725006
 -0.04444588785000000   0.59999929498506933
 -0.04444587785000000   0.59999929544288849
 -0.04444586785000000   0.59999929590070754
 -0.04444585785000000   0.59999929635852647
 -0.04444584785000000   0.59999929681634529
 -0.04444583785000000   0.59999929727416399
 -0.04444582785000000   0.59999929773198258
 -0.04444581785000000   0.59999929818980105
 -0.04444580785000000   0.59999929864761941
 -0.04444579785000000   0.59999929910543766
 -0.04444578785000000   0.59999929956325579
 -0.04444577785000000   0.59999930002107380
 -0.04444576785000000   0.59999930047889170
 -0.04444575785000000   0.59999930093670949
 -0.04444574785000000   0.59999930139452716
 -0.04444573785000000   0.59999930185234472
 -0.04444572785000000   0.59999930231016216
 -0.04444571785000000   0.59999930276797949
 -0.04444570785000000   0.59999930322579670
 -0.04444569785000000   0.59999930368361380
 -0.04444568785000000   0.59999930414143079
 -0.04444567785000000   0.59999930459924766
 -0.04444566785000000   0.59999930505706441
 -0.04444565785000000   0.59999930551488105
 -0.04444564785000000   0.59999930597269757
 -0.04444563785000000   0.59999930643051399
 -0.04444562785000000   0.59999930688833028
 -0.04444561785000000   0.59999930734614646
 -0.04444560785000000   0.59999930780396253
 -0.04444559785000000   0.59999930826177848
 -0.04444558785000000   0.59999930871959432
 -0.04444557785000000   0.59999930917741005
 -0.04444556785000000   0.59999930963522565
 -0.04444555785000000   0.59999931009304115
 -0.04444554785000000   0.59999931055085653
 -0.04444553785000000   0.59999931100867179
 -0.04444552785000000   0.59999931146648694
 -0.04444551785000000   0.59999931192430198
 -0.04444550785000000   0.59999931238211690
 -0.04444549785000000   0.59999931283993170
 -0.04444548785000000   0.59999931329774640
 -0.04444547785000000   0.59999931375556097
 -0.04444546785000000   0.59999931421337544
 -0.04444545785000000   0.59999931467118978
 -0.04444544785000000   0.59999931512900402
 -0.04444543785000000   0.59999931558681814
 -0.04444542785000000   0.59999931604463214
 -0.04444541785000000   0.59999931650244603
 -0.04444540785000000   0.59999931696025981
 -0.04444539785000000   0.59999931741807347
 -0.04444538785000000   0.59999931787588701
 -0.04444537785000000   0.59999931833370044
 -0.04444536785000000   0.59999931879151376
 -0.04444535785000000   0.59999931924932696
 -0.04444534785000000   0.59999931970714005
 -0.04444533785000000   0.59999932016495302
 -0.04444532785000000   0.59999932062276588
 -0.04444531785000000   0.59999932108057863
 -0.04444530785000000   0.59999932153839125
 -0.04444529785000000   0.59999932199620377
 -0.04444528785000000   0.59999932245401617
 -0.04444527785000000   0.59999932291182845
 -0.04444526785000000   0.59999932336964062
 -0.04444525785000000   0.59999932382745268
 -0.04444524785000000   0.59999932428526462
 -0.04444523785000000   0.59999932474307645
 -0.04444522785000000   0.59999932520088816
 -0.04444521785000000   0.59999932565869976
 -0.04444520785000000   0.59999932611651124
 -0.04444519785000000   0.59999932657432261
 -0.04444518785000000   0.59999932703213386
 -0.04444517785000000   0.59999932748994500
 -0.04444516785000000   0.59999932794775603
 -0.04444515785000000   0.59999932840556694
 -0.04444514785000000   0.59999932886337773
 -0.04444513785000000   0.59999932932118841
 -0.04444512785000000   0.59999932977899898
 -0.04444511785000000   0.59999933023680943
 -0.04444510785000000   0.59999933069461977
 -0.04444509785000000   0.59999933115242999
 -0.04444508785000000   0.59999933161024010
 -0.04444507785000000   0.59999933206805009
 -0.04444506785000000   0.59999933252585997
 -0.04444505785000000   0.59999933298366973
 -0.04444504785000000   0.59999933344147938
 -0.04444503785000000   0.59999933389928892
 -0.04444502785000000   0.59999933435709834
 -0.04444501785000000   0.59999933481490764
 -0.04444500785000000   0.59999933527271683
 -0.04444499785000000   0.59999933573052591
 -0.04444498785000000   0.59999933618833487
 -0.04444497785000000   0.59999933664614372
 -0.04444496785000000   0.59999933710395245
 -0.04444495785000000   0.59999933756176107
 -0.04444494785000000   0.59999933801956957
 -0.04444493785000000   0.59999933847737796
 -0.04444492785000000   0.59999933893518624
 -0.04444491785000000   0.59999933939299440
 -0.04444490785000000   0.59999933985080244
 -0.04444489785000000   0.59999934030861037
 -0.04444488785000000   0.59999934076641819
 -0.04444487785000000   0.59999934122422589
 -0.04444486785000000   0.59999934168203348
 -0.04444485785000000   0.59999934213984095
 -0.04444484785000000   0.59999934259764830
 -0.04444483785000000   0.59999934305545555
 -0.04444482785000000   0.59999934351326268
 -0.04444481785000000   0.59999934397106969
 -0.04444480785000000   0.59999934442887659
 -0.04444479785000000   0.59999934488668337
 -0.04444478785000000   0.59999934534449004
 -0.04444477785000000   0.59999934580229660
 -0.04444476785000000   0.59999934626010304
 -0.04444475785000000   0.59999934671790936
 -0.04444474785000000   0.59999934717571558
 -0.04444473785000000   0.59999934763352167
 -0.04444472785000000   0.59999934809132766
 -0.04444471785000000   0.59999934854913352
 -0.04444470785000000   0.59999934900693928
 -0.04444469785000000   0.59999934946474492
 -0.04444468785000000   0.59999934992255044
 -0.04444467785000000   0.59999935038035585
 -0.04444466785000000   0.59999935083816114
 -0.04444465785000000   0.59999935129596632
 -0.04444464785000000   0.59999935175377139
 -0.04444463785000000   0.59999935221157634
 -0.04444462785000000   0.59999935266938118
 -0.04444461785000000   0.59999935312718590
 -0.04444460785000000   0.59999935358499050
 -0.04444459785000000   0.59999935404279500
 -0.04444458785000000   0.59999935450059937
 -0.04444457785000000   0.59999935495840364
 -0.04444456785000000   0.59999935541620779
 -0.04444455785000000   0.59999935587401182
 -0.04444454785000000   0.59999935633181574
 -0.04444453785000000   0.59999935678961955
 -0.04444452785000000   0.59999935724742324
 -0.04444451785000000   0.59999935770522681
 -0.04444450785000000   0.59999935816303027
 -0.04444449785000000   0.59999935862083362
 -0.04444448785000000   0.59999935907863685
 -0.04444447785000000   0.59999935953643997
 -0.04444446785000000   0.59999935999424297
 -0.04444445785000000   0.59999936045204586
 -0.04444444785000000   0.59999936090984863
 -0.04444443785000000   0.59999936136765129
 -0.04444442785000000   0.59999936182545384
 -0.04444441785000000   0.59999936228325627
 -0.04444440785000000   0.59999936274105858
 -0.04444439785000000   0.59999936319886078
 -0.04444438785000000   0.59999936365666287
 -0.04444437785000000   0.59999936411446484
 -0.04444436785000000   0.59999936457226670
 -0.04444435785000000   0.59999936503006844
 -0.04444434785000000   0.59999936548787007
 -0.04444433785000000   0.59999936594567158
 -0.04444432785000000   0.59999936640347298
 -0.04444431785000000   0.59999936686127426
 -0.04444430785000000   0.59999936731907543
 -0.04444429785000000   0.59999936777687649
 -0.04444428785000000   0.59999936823467743
 -0.04444427785000000   0.59999936869247825
 -0.04444426785000000   0.59999936915027896
 -0.04444425785000000   0.59999936960807956
 -0.04444424785000000   0.59999937006588004
 -0.04444423785000000   0.59999937052368041
 -0.04444422785000000   0.59999937098148066
 -0.04444421785000000   0.59999937143928080
 -0.04444420785000000   0.59999937189708082
 -0.04444419785000000   0.59999937235488073
 -0.04444418785000000   0.59999937281268052
 -0.04444417785000000   0.59999937327048020
 -0.04444416785000000   0.59999937372827977
 -0.04444415785000000   0.59999937418607922
 -0.04444414785000000   0.59999937464387856
 -0.04444413785000000   0.59999937510167778
 -0.04444412785000000   0.59999937555947688
 -0.04444411785000000   0.59999937601727588
 -0.04444410785000000   0.59999937647507475
 -0.04444409785000000   0.59999937693287352
 -0.04444408785000000   0.59999937739067216
 -0.04444407785000000   0.59999937784847070
 -0.04444406785000000   0.59999937830626912
 -0.04444405785000000   0.59999937876406742
 -0.04444404785000000   0.59999937922186561
 -0.04444403785000000   0.59999937967966369
 -0.04444402785000000   0.59999938013746165
 -0.04444401785000000   0.59999938059525949
 -0.04444400785000000   0.59999938105305723
 -0.04444399785000000   0.59999938151085484
 -0.04444398785000000   0.59999938196865234
 -0.04444397785000000   0.59999938242644973
 -0.04444396785000000   0.59999938288424701
 -0.04444395785000000   0.59999938334204417
 -0.04444394785000000   0.59999938379984121
 -0.04444393785000000   0.59999938425763814
 -0.04444392785000000   0.59999938471543495
 -0.04444391785000000   0.59999938517323165
 -0.04444390785000000   0.59999938563102824
 -0.04444389785000000   0.59999938608882471
 -0.04444388785000000   0.59999938654662107
 -0.04444387785000000   0.59999938700441731
 -0.04444386785000000   0.59999938746221344
 -0.04444385785000000   0.59999938792000945
 -0.04444384785000000   0.59999938837780535
 -0.04444383785000000   0.59999938883560113
 -0.04444382785000000   0.59999938929339680
 -0.04444381785000000   0.59999938975119235
 -0.04444380785000000   0.59999939020898779
 -0.04444379785000000   0.59999939066678312
 -0.04444378785000000   0.59999939112457833
 -0.04444377785000000   0.59999939158237342
 -0.04444376785000000   0.59999939204016840
 -0.04444375785000000   0.59999939249796327
 -0.04444374785000000   0.59999939295575802
 -0.04444373785000000   0.59999939341355266
 -0.04444372785000000   0.59999939387134718
 -0.04444371785000000   0.59999939432914159
 -0.04444370785000000   0.59999939478693589
 -0.04444369785000000   0.59999939524473007
 -0.04444368785000000   0.59999939570252413
 -0.04444367785000000   0.59999939616031808
 -0.04444366785000000   0.59999939661811192
 -0.04444365785000000   0.59999939707590564
 -0.04444364785000000   0.59999939753369925
 -0.04444363785000000   0.59999939799149274
 -0.04444362785000000   0.59999939844928611
 -0.04444361785000000   0.59999939890707938
 -0.04444360785000000   0.59999939936487252
 -0.04444359785000000   0.59999939982266556
 -0.04444358785000000   0.59999940028045848
 -0.04444357785000000   0.59999940073825128
 -0.04444356785000000   0.59999940119604397
 -0.04444355785000000   0.59999940165383654
 -0.04444354785000000   0.59999940211162901
 -0.04444353785000000   0.59999940256942135
 -0.04444352785000000   0.59999940302721358
 -0.04444351785000000   0.59999940348500570
 -0.04444350785000000   0.59999940394279770
 -0.04444349785000000   0.59999940440058959
 -0.04444348785000000   0.59999940485838136
 -0.04444347785000000   0.59999940531617302
 -0.04444346785000000   0.59999940577396456
 -0.04444345785000000   0.59999940623175599
 -0.04444344785000000   0.59999940668954731
 -0.04444343785000000   0.59999940714733851
 -0.04444342785000000   0.59999940760512959
 -0.04444341785000000   0.59999940806292056
 -0.04444340785000000   0.59999940852071142
 -0.04444339785000000   0.59999940897850216
 -0.04444338785000000   0.59999940943629279
 -0.04444337785000000   0.59999940989408330
 -0.04444336785000000   0.59999941035187370
 -0.04444335785000000   0.59999941080966398
 -0.04444334785000000   0.59999941126745415
 -0.04444333785000000   0.59999941172524421
 -0.04444332785000000   0.59999941218303415
 -0.04444331785000000   0.59999941264082397
 -0.04444330785000000   0.59999941309861368
 -0.04444329785000000   0.59999941355640328
 -0.04444328785000000   0.59999941401419276
 -0.04444327785000000   0.59999941447198213
 -0.04444326785000000   0.59999941492977138
 -0.04444325785000000   0.59999941538756052
 -0.04444324785000000   0.59999941584534954
 -0.04444323785000000   0.59999941630313845
 -0.04444322785000000   0.59999941676092724
 -0.04444321785000000   0.59999941721871592
 -0.04444320785000000   0.59999941767650449
 -0.04444319785000000   0.59999941813429294
 -0.04444318785000000   0.59999941859208127
 -0.04444317785000000   0.59999941904986949
 -0.04444316785000000   0.59999941950765760
 -0.04444315785000000   0.59999941996544559
 -0.04444314785000000   0.59999942042323347
 -0.04444313785000000   0.59999942088102123
 -0.04444312785000000   0.59999942133880888
 -0.04444311785000000   0.59999942179659641
 -0.04444310785000000   0.59999942225438383
 -0.04444309785000000   0.59999942271217113
 -0.04444308785000000   0.59999942316995832
 -0.04444307785000000   0.59999942362774540
 -0.04444306785000000   0.59999942408553236
 -0.04444305785000000   0.59999942454331920
 -0.04444304785000000   0.59999942500110594
 -0.04444303785000000   0.59999942545889255
 -0.04444302785000000   0.59999942591667906
 -0.04444301785000000   0.59999942637446544
 -0.04444300785000000   0.59999942683225171
 -0.04444299785000000   0.59999942729003787
 -0.04444298785000000   0.59999942774782392
 -0.04444297785000000   0.59999942820560985
 -0.04444296785000000   0.59999942866339566
 -0.04444295785000000   0.59999942912118136
 -0.04444294785000000   0.59999942957896695
 -0.04444293785000000   0.59999943003675242
 -0.04444292785000000   0.59999943049453777
 -0.04444291785000000   0.59999943095232302
 -0.04444290785000000   0.59999943141010814
 -0.04444289785000000   0.59999943186789316
 -0.04444288785000000   0.59999943232567805
 -0.04444287785000000   0.59999943278346284
 -0.04444286785000000   0.59999943324124751
 -0.04444285785000000   0.59999943369903206
 -0.04444284785000000   0.59999943415681650
 -0.04444283785000000   0.59999943461460082
 -0.04444282785000000   0.59999943507238504
 -0.04444281785000000   0.59999943553016913
 -0.04444280785000000   0.59999943598795311
 -0.04444279785000000   0.59999943644573698
 -0.04444278785000000   0.59999943690352073
 -0.04444277785000000   0.59999943736130437
 -0.04444276785000000   0.59999943781908789
 -0.04444275785000000   0.59999943827687130
 -0.04444274785000000   0.59999943873465460
 -0.04444273785000000   0.59999943919243777
 -0.04444272785000000   0.59999943965022084
 -0.04444271785000000   0.59999944010800379
 -0.04444270785000000   0.59999944056578663
 -0.04444269785000000   0.59999944102356935
 -0.04444268785000000   0.59999944148135195
 -0.04444267785000000   0.59999944193913445
 -0.04444266785000000   0.59999944239691682
 -0.04444265785000000   0.59999944285469908
 -0.04444264785000000   0.59999944331248123
 -0.04444263785000000   0.59999944377026327
 -0.04444262785000000   0.59999944422804518
 -0.04444261785000000   0.59999944468582699
 -0.04444260785000000   0.59999944514360868
 -0.04444259785000000   0.59999944560139026
 -0.04444258785000000   0.59999944605917172
 -0.04444257785000000   0.59999944651695306
 -0.04444256785000000   0.59999944697473429
 -0.04444255785000000   0.59999944743251541
 -0.04444254785000000   0.59999944789029641
 -0.04444253785000000   0.59999944834807730
 -0.04444252785000000   0.59999944880585807
 -0.04444251785000000   0.59999944926363873
 -0.04444250785000000   0.59999944972141928
 -0.04444249785000000   0.59999945017919971
 -0.04444248785000000   0.59999945063698002
 -0.04444247785000000   0.59999945109476022
 -0.04444246785000000   0.59999945155254031
 -0.04444245785000000   0.59999945201032028
 -0.04444244785000000   0.59999945246810013
 -0.04444243785000000   0.59999945292587988
 -0.04444242785000000   0.59999945338365950
 -0.04444241785000000   0.59999945384143902
 -0.04444240785000000   0.59999945429921841
 -0.04444239785000000   0.59999945475699770
 -0.04444238785000000   0.59999945521477687
 -0.04444237785000000   0.59999945567255592
 -0.04444236785000000   0.59999945613033486
 -0.04444235785000000   0.59999945658811369
 -0.04444234785000000   0.59999945704589240
 -0.04444233785000000   0.59999945750367099
 -0.04444232785000000   0.59999945796144947
 -0.04444231785000000   0.59999945841922784
 -0.04444230785000000   0.59999945887700610
 -0.04444229785000000   0.59999945933478423
 -0.04444228785000000   0.59999945979256226
 -0.04444227785000000   0.59999946025034017
 -0.04444226785000000   0.59999946070811796
 -0.04444225785000000   0.59999946116589564
 -0.04444224785000000   0.59999946162367320
 -0.04444223785000000   0.59999946208145066
 -0.04444222785000000   0.59999946253922799
 -0.04444221785000000   0.59999946299700521
 -0.04444220785000000   0.59999946345478232
 -0.04444219785000000   0.59999946391255931
 -0.04444218785000000   0.59999946437033619
 -0.04444217785000000   0.59999946482811295
 -0.04444216785000000   0.59999946528588960
 -0.04444215785000000   0.59999946574366613
 -0.04444214785000000   0.59999946620144255
 -0.04444213785000000   0.59999946665921886
 -0.04444212785000000   0.59999946711699505
 -0.04444211785000000   0.59999946757477113
 -0.04444210785000000   0.59999946803254709
 -0.04444209785000000   0.59999946849032293
 -0.04444208785000000   0.59999946894809866
 -0.04444207785000000   0.59999946940587428
 -0.04444206785000000   0.59999946986364978
 -0.04444205785000000   0.59999947032142517
 -0.04444204785000000   0.59999947077920045
 -0.04444203785000000   0.59999947123697561
 -0.04444202785000000   0.59999947169475065
 -0.04444201785000000   0.59999947215252558
 -0.04444200785000000   0.59999947261030040
 -0.04444199785000000   0.59999947306807510
 -0.04444198785000000   0.59999947352584968
 -0.04444197785000000   0.59999947398362415
 -0.04444196785000000   0.59999947444139851
 -0.04444195785000000   0.59999947489917275
 -0.04444194785000000   0.59999947535694688
 -0.04444193785000000   0.59999947581472090
 -0.04444192785000000   0.59999947627249479
 -0.04444191785000000   0.59999947673026858
 -0.04444190785000000   0.59999947718804225
 -0.04444189785000000   0.59999947764581580
 -0.04444188785000000   0.59999947810358924
 -0.04444187785000000   0.59999947856136257
 -0.04444186785000000   0.59999947901913578
 -0.04444185785000000   0.59999947947690888
 -0.04444184785000000   0.59999947993468186
 -0.04444183785000000   0.59999948039245473
 -0.04444182785000000   0.59999948085022748
 -0.04444181785000000   0.59999948130800012
 -0.04444180785000000   0.59999948176577264
 -0.04444179785000000   0.59999948222354505
 -0.04444178785000000   0.59999948268131735
 -0.04444177785000000   0.59999948313908953
 -0.04444176785000000   0.59999948359686159
 -0.04444175785000000   0.59999948405463354
 -0.04444174785000000   0.59999948451240538
 -0.04444173785000000   0.59999948497017710
 -0.04444172785000000   0.59999948542794871
 -0.04444171785000000   0.59999948588572020
 -0.04444170785000000   0.59999948634349158
 -0.04444169785000000   0.59999948680126284
 -0.04444168785000000   0.59999948725903399
 -0.04444167785000000   0.59999948771680503
 -0.04444166785000000   0.59999948817457595
 -0.04444165785000000   0.59999948863234675
 -0.04444164785000000   0.59999948909011744
 -0.04444163785000000   0.59999948954788802
 -0.04444162785000000   0.59999949000565848
 -0.04444161785000000   0.59999949046342883
 -0.04444160785000000   0.59999949092119906
 -0.04444159785000000   0.59999949137896918
 -0.04444158785000000   0.59999949183673918
 -0.04444157785000000   0.59999949229450907
 -0.04444156785000000   0.59999949275227885
 -0.04444155785000000   0.59999949321004851
 -0.04444154785000000   0.59999949366781805
 -0.04444153785000000   0.59999949412558748
 -0.04444152785000000   0.59999949458335680
 -0.04444151785000000   0.59999949504112600
 -0.04444150785000000   0.59999949549889509
 -0.04444149785000000   0.59999949595666406
 -0.04444148785000000   0.59999949641443291
 -0.04444147785000000   0.59999949687220166
 -0.04444146785000000   0.59999949732997029
 -0.04444145785000000   0.59999949778773880
 -0.04444144785000000   0.59999949824550720
 -0.04444143785000000   0.59999949870327548
 -0.04444142785000000   0.59999949916104365
 -0.04444141785000000   0.59999949961881171
 -0.04444140785000000   0.59999950007657965
 -0.04444139785000000   0.59999950053434748
 -0.04444138785000000   0.59999950099211519
 -0.04444137785000000   0.59999950144988279
 -0.04444136785000000   0.59999950190765027
 -0.04444135785000000   0.59999950236541764
 -0.04444134785000000   0.59999950282318489
 -0.04444133785000000   0.59999950328095203
 -0.04444132785000000   0.59999950373871906
 -0.04444131785000000   0.59999950419648597
 -0.04444130785000000   0.59999950465425276
 -0.04444129785000000   0.59999950511201944
 -0.04444128785000000   0.59999950556978601
 -0.04444127785000000   0.59999950602755246
 -0.04444126785000000   0.59999950648531880
 -0.04444125785000000   0.59999950694308502
 -0.04444124785000000   0.59999950740085113
 -0.04444123785000000   0.59999950785861712
 -0.04444122785000000   0.59999950831638300
 -0.04444121785000000   0.59999950877414877
 -0.04444120785000000   0.59999950923191442
 -0.04444119785000000   0.59999950968967995
 -0.04444118785000000   0.59999951014744537
 -0.04444117785000000   0.59999951060521068
 -0.04444116785000000   0.59999951106297587
 -0.04444115785000000   0.59999951152074095
 -0.04444114785000000   0.59999951197850591
 -0.04444113785000000   0.59999951243627076
 -0.04444112785000000   0.59999951289403549
 -0.04444111785000000   0.59999951335180011
 -0.04444110785000000   0.59999951380956462
 -0.04444109785000000   0.59999951426732901
 -0.04444108785000000   0.59999951472509328
 -0.04444107785000000   0.59999951518285744
 -0.04444106785000000   0.59999951564062149
 -0.04444105785000000   0.59999951609838542
 -0.04444104785000000   0.59999951655614923
 -0.04444103785000000   0.59999951701391294
 -0.04444102785000000   0.59999951747167652
 -0.04444101785000000   0.59999951792944000
 -0.04444100785000000   0.59999951838720336
 -0.04444099785000000   0.59999951884496660
 -0.04444098785000000   0.59999951930272973
 -0.04444097785000000   0.59999951976049274
 -0.04444096785000000   0.59999952021825564
 -0.04444095785000000   0.59999952067601843
 -0.04444094785000000   0.59999952113378110
 -0.04444093785000000   0.59999952159154366
 -0.04444092785000000   0.59999952204930610
 -0.04444091785000000   0.59999952250706843
 -0.04444090785000000   0.59999952296483064
 -0.04444089785000000   0.59999952342259274
 -0.04444088785000000   0.59999952388035472
 -0.04444087785000000   0.59999952433811659
 -0.04444086785000000   0.59999952479587835
 -0.04444085785000000   0.59999952525363999
 -0.04444084785000000   0.59999952571140151
 -0.04444083785000000   0.59999952616916292
 -0.04444082785000000   0.59999952662692422
 -0.04444081785000000   0.59999952708468540
 -0.04444080785000000   0.59999952754244647
 -0.04444079785000000   0.59999952800020742
 -0.04444078785000000   0.59999952845796826
 -0.04444077785000000   0.59999952891572898
 -0.04444076785000000   0.59999952937348959
 -0.04444075785000000   0.59999952983125009
 -0.04444074785000000   0.59999953028901047
 -0.04444073785000000   0.59999953074677073
 -0.04444072785000000   0.59999953120453088
 -0.04444071785000000   0.59999953166229092
 -0.04444070785000000   0.59999953212005084
 -0.04444069785000000   0.59999953257781065
 -0.04444068785000000   0.59999953303557034
 -0.04444067785000000   0.59999953349332992
 -0.04444066785000000   0.59999953395108938
 -0.04444065785000000   0.59999953440884873
 -0.04444064785000000   0.59999953486660797
 -0.04444063785000000   0.59999953532436709
 -0.04444062785000000   0.59999953578212609
 -0.04444061785000000   0.59999953623988498
 -0.04444060785000000   0.59999953669764376
 -0.04444059785000000   0.59999953715540242
 -0.04444058785000000   0.59999953761316097
 -0.04444057785000000   0.59999953807091940
 -0.04444056785000000   0.59999953852867772
 -0.04444055785000000   0.59999953898643592
 -0.04444054785000000   0.59999953944419401
 -0.04444053785000000   0.59999953990195198
 -0.04444052785000000   0.59999954035970984
 -0.04444051785000000   0.59999954081746759
 -0.04444050785000000   0.59999954127522522
 -0.04444049785000000   0.59999954173298273
 -0.04444048785000000   0.59999954219074014
 -0.04444047785000000   0.59999954264849742
 -0.04444046785000000   0.59999954310625460
 -0.04444045785000000   0.59999954356401165
 -0.04444044785000000   0.59999954402176860
 -0.04444043785000000   0.59999954447952543
 -0.04444042785000000   0.59999954493728214
 -0.04444041785000000   0.59999954539503874
 -0.04444040785000000   0.59999954585279522
 -0.04444039785000000   0.59999954631055160
 -0.04444038785000000   0.59999954676830785
 -0.04444037785000000   0.59999954722606399
 -0.04444036785000000   0.59999954768382002
 -0.04444035785000000   0.59999954814157593
 -0.04444034785000000   0.59999954859933173
 -0.04444033785000000   0.59999954905708741
 -0.04444032785000000   0.59999954951484298
 -0.04444031785000000   0.59999954997259843
 -0.04444030785000000   0.59999955043035377
 -0.04444029785000000   0.59999955088810900
 -0.04444028785000000   0.59999955134586411
 -0.04444027785000000   0.59999955180361910
 -0.04444026785000000   0.59999955226137399
 -0.04444025785000000   0.59999955271912875
 -0.04444024785000000   0.59999955317688340
 -0.04444023785000000   0.59999955363463794
 -0.04444022785000000   0.59999955409239236
 -0.04444021785000000   0.59999955455014667
 -0.04444020785000000   0.59999955500790087
 -0.04444019785000000   0.59999955546565495
 -0.04444018785000000   0.59999955592340891
 -0.04444017785000000   0.59999955638116276
 -0.04444016785000000   0.59999955683891650
 -0.04444015785000000   0.59999955729667012
 -0.04444014785000000   0.59999955775442362
 -0.04444013785000000   0.59999955821217702
 -0.04444012785000000   0.59999955866993029
 -0.04444011785000000   0.59999955912768346
 -0.04444010785000000   0.59999955958543651
 -0.04444009785000000   0.59999956004318944
 -0.04444008785000000   0.59999956050094226
 -0.04444007785000000   0.59999956095869496
 -0.04444006785000000   0.59999956141644755
 -0.04444005785000000   0.59999956187420003
 -0.04444004785000000   0.59999956233195239
 -0.04444003785000000   0.59999956278970464
 -0.04444002785000000   0.59999956324745677
 -0.04444001785000000   0.59999956370520878
 -0.04444000785000000   0.59999956416296069
 -0.04443999785000000   0.59999956462071248
 -0.04443998785000000   0.59999956507846415
 -0.04443997785000000   0.59999956553621571
 -0.04443996785000000   0.59999956599396715
 -0.04443995785000000   0.59999956645171848
 -0.04443994785000000   0.59999956690946970
 -0.04443993785000000   0.59999956736722080
 -0.04443992785000000   0.59999956782497179
 -0.04443991785000000   0.59999956828272266
 -0.04443990785000000   0.59999956874047341
 -0.04443989785000000   0.59999956919822406
 -0.04443988785000000   0.59999956965597459
 -0.04443987785000000   0.59999957011372500
 -0.04443986785000000   0.59999957057147530
 -0.04443985785000000   0.59999957102922548
 -0.04443984785000000   0.59999957148697555
 -0.04443983785000000   0.59999957194472551
 -0.04443982785000000   0.59999957240247535
 -0.04443981785000000   0.59999957286022507
 -0.04443980785000000   0.59999957331797469
 -0.04443979785000000   0.59999957377572418
 -0.04443978785000000   0.59999957423347357
 -0.04443977785000000   0.59999957469122283
 -0.04443976785000000   0.59999957514897199
 -0.04443975785000000   0.59999957560672103
 -0.04443974785000000   0.59999957606446995
 -0.04443973785000000   0.59999957652221876
 -0.04443972785000000   0.59999957697996746
 -0.04443971785000000   0.59999957743771604
 -0.04443970785000000   0.59999957789546450
 -0.04443969785000000   0.59999957835321285
 -0.04443968785000000   0.59999957881096109
 -0.04443967785000000   0.59999957926870921
 -0.04443966785000000   0.59999957972645722
 -0.04443965785000000   0.59999958018420511
 -0.04443964785000000   0.59999958064195290
 -0.04443963785000000   0.59999958109970056
 -0.04443962785000000   0.59999958155744811
 -0.04443961785000000   0.59999958201519554
 -0.04443960785000000   0.59999958247294286
 -0.04443959785000000   0.59999958293069007
 -0.04443958785000000   0.59999958338843716
 -0.04443957785000000   0.59999958384618414
 -0.04443956785000000   0.59999958430393100
 -0.04443955785000000   0.59999958476167775
 -0.04443954785000000   0.59999958521942438
 -0.04443953785000000   0.59999958567717090
 -0.04443952785000000   0.59999958613491731
 -0.04443951785000000   0.59999958659266360
 -0.04443950785000000   0.59999958705040977
 -0.04443949785000000   0.59999958750815583
 -0.04443948785000000   0.59999958796590178
 -0.04443947785000000   0.59999958842364761
 -0.04443946785000000   0.59999958888139333
 -0.04443945785000000   0.59999958933913893
 -0.04443944785000000   0.59999958979688442
 -0.04443943785000000   0.59999959025462979
 -0.04443942785000000   0.59999959071237505
 -0.04443941785000000   0.59999959117012019
 -0.04443940785000000   0.59999959162786522
 -0.04443939785000000   0.59999959208561014
 -0.04443938785000000   0.59999959254335494
 -0.04443937785000000   0.59999959300109962
 -0.04443936785000000   0.59999959345884420
 -0.04443935785000000   0.59999959391658865
 -0.04443934785000000   0.59999959437433299
 -0.04443933785000000   0.59999959483207722
 -0.04443932785000000   0.59999959528982134
 -0.04443931785000000   0.59999959574756533
 -0.04443930785000000   0.59999959620530922
 -0.04443929785000000   0.59999959666305299
 -0.04443928785000000   0.59999959712079664
 -0.04443927785000000   0.59999959757854018
 -0.04443926785000000   0.59999959803628361
 -0.04443925785000000   0.59999959849402692
 -0.04443924785000000   0.59999959895177012
 -0.04443923785000000   0.59999959940951320
 -0.04443922785000000   0.59999959986725617
 -0.04443921785000000   0.59999960032499902
 -0.04443920785000000   0.59999960078274176
 -0.04443919785000000   0.59999960124048439
 -0.04443918785000000   0.59999960169822689
 -0.04443917785000000   0.59999960215596929
 -0.04443916785000000   0.59999960261371157
 -0.04443915785000000   0.59999960307145374
 -0.04443914785000000   0.59999960352919579
 -0.04443913785000000   0.59999960398693772
 -0.04443912785000000   0.59999960444467955
 -0.04443911785000000   0.59999960490242125
 -0.04443910785000000   0.59999960536016285
 -0.04443909785000000   0.59999960581790433
 -0.04443908785000000   0.59999960627564569
 -0.04443907785000000   0.59999960673338694
 -0.04443906785000000   0.59999960719112808
 -0.04443905785000000   0.59999960764886910
 -0.04443904785000000   0.59999960810661000
 -0.04443903785000000   0.59999960856435079
 -0.04443902785000000   0.59999960902209147
 -0.04443901785000000   0.59999960947983203
 -0.04443900785000000   0.59999960993757248
 -0.04443899785000000   0.59999961039531281
 -0.04443898785000000   0.59999961085305303
 -0.04443897785000000   0.59999961131079314
 -0.04443896785000000   0.59999961176853313
 -0.04443895785000000   0.59999961222627300
 -0.04443894785000000   0.59999961268401276
 -0.04443893785000000   0.59999961314175241
 -0.04443892785000000   0.59999961359949194
 -0.04443891785000000   0.59999961405723136
 -0.04443890785000000   0.59999961451497066
 -0.04443889785000000   0.59999961497270985
 -0.04443888785000000   0.59999961543044892
 -0.04443887785000000   0.59999961588818788
 -0.04443886785000000   0.59999961634592672
 -0.04443885785000000   0.59999961680366545
 -0.04443884785000000   0.59999961726140407
 -0.04443883785000000   0.59999961771914257
 -0.04443882785000000   0.59999961817688095
 -0.04443881785000000   0.59999961863461923
 -0.04443880785000000   0.59999961909235738
 -0.04443879785000000   0.59999961955009542
 -0.04443878785000000   0.59999962000783335
 -0.04443877785000000   0.59999962046557117
 -0.04443876785000000   0.59999962092330886
 -0.04443875785000000   0.59999962138104645
 -0.04443874785000000   0.59999962183878392
 -0.04443873785000000   0.59999962229652128
 -0.04443872785000000   0.59999962275425851
 -0.04443871785000000   0.59999962321199564
 -0.04443870785000000   0.59999962366973265
 -0.04443869785000000   0.59999962412746955
 -0.04443868785000000   0.59999962458520633
 -0.04443867785000000   0.59999962504294300
 -0.04443866785000000   0.59999962550067955
 -0.04443865785000000   0.59999962595841599
 -0.04443864785000000   0.59999962641615232
 -0.04443863785000000   0.59999962687388853
 -0.04443862785000000   0.59999962733162462
 -0.04443861785000000   0.59999962778936060
 -0.04443860785000000   0.59999962824709647
 -0.04443859785000000   0.59999962870483222
 -0.04443858785000000   0.59999962916256786
 -0.04443857785000000   0.59999962962030338
 -0.04443856785000000   0.59999963007803879
 -0.04443855785000000   0.59999963053577408
 -0.04443854785000000   0.59999963099350926
 -0.04443853785000000   0.59999963145124432
 -0.04443852785000000   0.59999963190897927
 -0.04443851785000000   0.59999963236671411
 -0.04443850785000000   0.59999963282444883
 -0.04443849785000000   0.59999963328218343
 -0.04443848785000000   0.59999963373991793
 -0.04443847785000000   0.59999963419765230
 -0.04443846785000000   0.59999963465538657
 -0.04443845785000000   0.59999963511312071
 -0.04443844785000000   0.59999963557085475
 -0.04443843785000000   0.59999963602858867
 -0.04443842785000000   0.59999963648632247
 -0.04443841785000000   0.59999963694405616
 -0.04443840785000000   0.59999963740178974
 -0.04443839785000000   0.59999963785952320
 -0.04443838785000000   0.59999963831725654
 -0.04443837785000000   0.59999963877498977
 -0.04443836785000000   0.59999963923272289
 -0.04443835785000000   0.59999963969045589
 -0.04443834785000000   0.59999964014818878
 -0.04443833785000000   0.59999964060592156
 -0.04443832785000000   0.59999964106365421
 -0.04443831785000000   0.59999964152138676
 -0.04443830785000000   0.59999964197911919
 -0.04443829785000000   0.59999964243685150
 -0.04443828785000000   0.59999964289458370
 -0.04443827785000000   0.59999964335231579
 -0.04443826785000000   0.59999964381004776
 -0.04443825785000000   0.59999964426777962
 -0.04443824785000000   0.59999964472551136
 -0.04443823785000000   0.59999964518324299
 -0.04443822785000000   0.59999964564097450
 -0.04443821785000000   0.59999964609870590
 -0.04443820785000000   0.59999964655643719
 -0.04443819785000000   0.59999964701416836
 -0.04443818785000000   0.59999964747189941
 -0.04443817785000000   0.59999964792963036
 -0.04443816785000000   0.59999964838736118
 -0.04443815785000000   0.59999964884509189
 -0.04443814785000000   0.59999964930282249
 -0.04443813785000000   0.59999964976055297
 -0.04443812785000000   0.59999965021828334
 -0.04443811785000000   0.59999965067601359
 -0.04443810785000000   0.59999965113374373
 -0.04443809785000000   0.59999965159147376
 -0.04443808785000000   0.59999965204920367
 -0.04443807785000000   0.59999965250693346
 -0.04443806785000000   0.59999965296466314
 -0.04443805785000000   0.59999965342239271
 -0.04443804785000000   0.59999965388012216
 -0.04443803785000000   0.59999965433785150
 -0.04443802785000000   0.59999965479558072
 -0.04443801785000000   0.59999965525330983
 -0.04443800785000000   0.59999965571103883
 -0.04443799785000000   0.59999965616876770
 -0.04443798785000000   0.59999965662649647
 -0.04443797785000000   0.59999965708422512
 -0.04443796785000000   0.59999965754195365
 -0.04443795785000000   0.59999965799968208
 -0.04443794785000000   0.59999965845741038
 -0.04443793785000000   0.59999965891513857
 -0.04443792785000000   0.59999965937286665
 -0.04443791785000000   0.59999965983059461
 -0.04443790785000000   0.59999966028832246
 -0.04443789785000000   0.59999966074605020
 -0.04443788785000000   0.59999966120377782
 -0.04443787785000000   0.59999966166150532
 -0.04443786785000000   0.59999966211923271
 -0.04443785785000000   0.59999966257695999
 -0.04443784785000000   0.59999966303468715
 -0.04443783785000000   0.59999966349241420
 -0.04443782785000000   0.59999966395014113
 -0.04443781785000000   0.59999966440786795
 -0.04443780785000000   0.59999966486559465
 -0.04443779785000000   0.59999966532332124
 -0.04443778785000000   0.59999966578104771
 -0.04443777785000000   0.59999966623877407
 -0.04443776785000000   0.59999966669650032
 -0.04443775785000000   0.59999966715422645
 -0.04443774785000000   0.59999966761195246
 -0.04443773785000000   0.59999966806967836
 -0.04443772785000000   0.59999966852740415
 -0.04443771785000000   0.59999966898512982
 -0.04443770785000000   0.59999966944285538
 -0.04443769785000000   0.59999966990058082
 -0.04443768785000000   0.59999967035830615
 -0.04443767785000000   0.59999967081603136
 -0.04443766785000000   0.59999967127375646
 -0.04443765785000000   0.59999967173148145
 -0.04443764785000000   0.59999967218920632
 -0.04443763785000000   0.59999967264693108
 -0.04443762785000000   0.59999967310465572
 -0.04443761785000000   0.59999967356238025
 -0.04443760785000000   0.59999967402010466
 -0.04443759785000000   0.59999967447782895
 -0.04443758785000000   0.59999967493555314
 -0.04443757785000000   0.59999967539327721
 -0.04443756785000000   0.59999967585100116
 -0.04443755785000000   0.59999967630872500
 -0.04443754785000000   0.59999967676644873
 -0.04443753785000000   0.59999967722417234
 -0.04443752785000000   0.59999967768189583
 -0.04443751785000000   0.59999967813961922
 -0.04443750785000000   0.59999967859734248
 -0.04443749785000000   0.59999967905506564
 -0.04443748785000000   0.59999967951278867
 -0.04443747785000000   0.59999967997051160
 -0.04443746785000000   0.59999968042823441
 -0.04443745785000000   0.59999968088595710
 -0.04443744785000000   0.59999968134367968
 -0.04443743785000000   0.59999968180140215
 -0.04443742785000000   0.59999968225912450
 -0.04443741785000000   0.59999968271684673
 -0.04443740785000000   0.59999968317456885
 -0.04443739785000000   0.59999968363229086
 -0.04443738785000000   0.59999968409001275
 -0.04443737785000000   0.59999968454773453
 -0.04443736785000000   0.59999968500545620
 -0.04443735785000000   0.59999968546317775
 -0.04443734785000000   0.59999968592089918
 -0.04443733785000000   0.59999968637862050
 -0.04443732785000000   0.59999968683634171
 -0.04443731785000000   0.59999968729406280
 -0.04443730785000000   0.59999968775178377
