 -0.04394375710000000   0.59999938833589221
 -0.04394374710000000   0.59999938881180535
 -0.04394373710000000   0.59999938928771838
 -0.04394372710000000   0.59999938976363130
 -0.04394371710000000   0.59999939023954409
 -0.04394370710000000   0.59999939071545677
 -0.04394369710000000   0.59999939119136933
 -0.04394368710000000   0.59999939166728178
 -0.04394367710000000   0.59999939214319410
 -0.04394366710000000   0.59999939261910631
 -0.04394365710000000   0.59999939309501841
 -0.04394364710000000   0.59999939357093038
 -0.04394363710000000   0.59999939404684224
 -0.04394362710000000   0.59999939452275399
 -0.04394361710000000   0.59999939499866561
 -0.04394360710000000   0.59999939547457712
 -0.04394359710000000   0.59999939595048851
 -0.04394358710000000   0.59999939642639979
 -0.04394357710000000   0.59999939690231095
 -0.04394356710000000   0.59999939737822199
 -0.04394355710000000   0.59999939785413291
 -0.04394354710000000   0.59999939833004372
 -0.04394353710000000   0.59999939880595441
 -0.04394352710000000   0.59999939928186498
 -0.04394351710000000   0.59999939975777544
 -0.04394350710000000   0.59999940023368578
 -0.04394349710000000   0.59999940070959601
 -0.04394348710000000   0.59999940118550611
 -0.04394347710000000   0.59999940166141610
 -0.04394346710000000   0.59999940213732597
 -0.04394345710000000   0.59999940261323573
 -0.04394344710000000   0.59999940308914536
 -0.04394343710000000   0.59999940356505489
 -0.04394342710000000   0.59999940404096429
 -0.04394341710000000   0.59999940451687358
 -0.04394340710000000   0.59999940499278275
 -0.04394339710000000   0.59999940546869180
 -0.04394338710000000   0.59999940594460074
 -0.04394337710000000   0.59999940642050956
 -0.04394336710000000   0.59999940689641826
 -0.04394335710000000   0.59999940737232685
 -0.04394334710000000   0.59999940784823532
 -0.04394333710000000   0.59999940832414367
 -0.04394332710000000   0.59999940880005190
 -0.04394331710000000   0.59999940927596002
 -0.04394330710000000   0.59999940975186802
 -0.04394329710000000   0.59999941022777591
 -0.04394328710000000   0.59999941070368368
 -0.04394327710000000   0.59999941117959132
 -0.04394326710000000   0.59999941165549886
 -0.04394325710000000   0.59999941213140628
 -0.04394324710000000   0.59999941260731358
 -0.04394323710000000   0.59999941308322076
 -0.04394322710000000   0.59999941355912782
 -0.04394321710000000   0.59999941403503477
 -0.04394320710000000   0.59999941451094160
 -0.04394319710000000   0.59999941498684832
 -0.04394318710000000   0.59999941546275492
 -0.04394317710000000   0.59999941593866140
 -0.04394316710000000   0.59999941641456776
 -0.04394315710000000   0.59999941689047401
 -0.04394314710000000   0.59999941736638014
 -0.04394313710000000   0.59999941784228615
 -0.04394312710000000   0.59999941831819205
 -0.04394311710000000   0.59999941879409783
 -0.04394310710000000   0.59999941927000349
 -0.04394309710000000   0.59999941974590904
 -0.04394308710000000   0.59999942022181447
 -0.04394307710000000   0.59999942069771978
 -0.04394306710000000   0.59999942117362497
 -0.04394305710000000   0.59999942164953005
 -0.04394304710000000   0.59999942212543501
 -0.04394303710000000   0.59999942260133986
 -0.04394302710000000   0.59999942307724459
 -0.04394301710000000   0.59999942355314920
 -0.04394300710000000   0.59999942402905369
 -0.04394299710000000   0.59999942450495807
 -0.04394298710000000   0.59999942498086233
 -0.04394297710000000   0.59999942545676647
 -0.04394296710000000   0.59999942593267049
 -0.04394295710000000   0.59999942640857440
 -0.04394294710000000   0.59999942688447819
 -0.04394293710000000   0.59999942736038187
 -0.04394292710000000   0.59999942783628543
 -0.04394291710000000   0.59999942831218887
 -0.04394290710000000   0.59999942878809219
 -0.04394289710000000   0.59999942926399540
 -0.04394288710000000   0.59999942973989849
 -0.04394287710000000   0.59999943021580146
 -0.04394286710000000   0.59999943069170432
 -0.04394285710000000   0.59999943116760706
 -0.04394284710000000   0.59999943164350968
 -0.04394283710000000   0.59999943211941219
 -0.04394282710000000   0.59999943259531458
 -0.04394281710000000   0.59999943307121685
 -0.04394280710000000   0.59999943354711900
 -0.04394279710000000   0.59999943402302104
 -0.04394278710000000   0.59999943449892296
 -0.04394277710000000   0.59999943497482477
 -0.04394276710000000   0.59999943545072645
 -0.04394275710000000   0.59999943592662802
 -0.04394274710000000   0.59999943640252948
 -0.04394273710000000   0.59999943687843081
 -0.04394272710000000   0.59999943735433203
 -0.04394271710000000   0.59999943783023314
 -0.04394270710000000   0.59999943830613412
 -0.04394269710000000   0.59999943878203499
 -0.04394268710000000   0.59999943925793574
 -0.04394267710000000   0.59999943973383638
 -0.04394266710000000   0.59999944020973690
 -0.04394265710000000   0.59999944068563730
 -0.04394264710000000   0.59999944116153758
 -0.04394263710000000   0.59999944163743775
 -0.04394262710000000   0.59999944211333780
 -0.04394261710000000   0.59999944258923773
 -0.04394260710000000   0.59999944306513755
 -0.04394259710000000   0.59999944354103725
 -0.04394258710000000   0.59999944401693683
 -0.04394257710000000   0.59999944449283630
 -0.04394256710000000   0.59999944496873564
 -0.04394255710000000   0.59999944544463487
 -0.04394254710000000   0.59999944592053399
 -0.04394253710000000   0.59999944639643299
 -0.04394252710000000   0.59999944687233187
 -0.04394251710000000   0.59999944734823063
 -0.04394250710000000   0.59999944782412928
 -0.04394249710000000   0.59999944830002781
 -0.04394248710000000   0.59999944877592622
 -0.04394247710000000   0.59999944925182452
 -0.04394246710000000   0.59999944972772270
 -0.04394245710000000   0.59999945020362076
 -0.04394244710000000   0.59999945067951871
 -0.04394243710000000   0.59999945115541654
 -0.04394242710000000   0.59999945163131425
 -0.04394241710000000   0.59999945210721184
 -0.04394240710000000   0.59999945258310932
 -0.04394239710000000   0.59999945305900668
 -0.04394238710000000   0.59999945353490392
 -0.04394237710000000   0.59999945401080105
 -0.04394236710000000   0.59999945448669806
 -0.04394235710000000   0.59999945496259495
 -0.04394234710000000   0.59999945543849173
 -0.04394233710000000   0.59999945591438839
 -0.04394232710000000   0.59999945639028493
 -0.04394231710000000   0.59999945686618136
 -0.04394230710000000   0.59999945734207767
 -0.04394229710000000   0.59999945781797386
 -0.04394228710000000   0.59999945829386993
 -0.04394227710000000   0.59999945876976589
 -0.04394226710000000   0.59999945924566173
 -0.04394225710000000   0.59999945972155746
 -0.04394224710000000   0.59999946019745306
 -0.04394223710000000   0.59999946067334855
 -0.04394222710000000   0.59999946114924393
 -0.04394221710000000   0.59999946162513918
 -0.04394220710000000   0.59999946210103432
 -0.04394219710000000   0.59999946257692934
 -0.04394218710000000   0.59999946305282425
 -0.04394217710000000   0.59999946352871904
 -0.04394216710000000   0.59999946400461371
 -0.04394215710000000   0.59999946448050827
 -0.04394214710000000   0.59999946495640270
 -0.04394213710000000   0.59999946543229702
 -0.04394212710000000   0.59999946590819123
 -0.04394211710000000   0.59999946638408532
 -0.04394210710000000   0.59999946685997929
 -0.04394209710000000   0.59999946733587314
 -0.04394208710000000   0.59999946781176687
 -0.04394207710000000   0.59999946828766049
 -0.04394206710000000   0.59999946876355400
 -0.04394205710000000   0.59999946923944738
 -0.04394204710000000   0.59999946971534065
 -0.04394203710000000   0.59999947019123380
 -0.04394202710000000   0.59999947066712684
 -0.04394201710000000   0.59999947114301976
 -0.04394200710000000   0.59999947161891256
 -0.04394199710000000   0.59999947209480524
 -0.04394198710000000   0.59999947257069780
 -0.04394197710000000   0.59999947304659026
 -0.04394196710000000   0.59999947352248259
 -0.04394195710000000   0.59999947399837481
 -0.04394194710000000   0.59999947447426690
 -0.04394193710000000   0.59999947495015889
 -0.04394192710000000   0.59999947542605075
 -0.04394191710000000   0.59999947590194250
 -0.04394190710000000   0.59999947637783413
 -0.04394189710000000   0.59999947685372565
 -0.04394188710000000   0.59999947732961704
 -0.04394187710000000   0.59999947780550833
 -0.04394186710000000   0.59999947828139949
 -0.04394185710000000   0.59999947875729054
 -0.04394184710000000   0.59999947923318147
 -0.04394183710000000   0.59999947970907228
 -0.04394182710000000   0.59999948018496297
 -0.04394181710000000   0.59999948066085355
 -0.04394180710000000   0.59999948113674402
 -0.04394179710000000   0.59999948161263436
 -0.04394178710000000   0.59999948208852459
 -0.04394177710000000   0.59999948256441470
 -0.04394176710000000   0.59999948304030470
 -0.04394175710000000   0.59999948351619457
 -0.04394174710000000   0.59999948399208434
 -0.04394173710000000   0.59999948446797398
 -0.04394172710000000   0.59999948494386351
 -0.04394171710000000   0.59999948541975292
 -0.04394170710000000   0.59999948589564221
 -0.04394169710000000   0.59999948637153139
 -0.04394168710000000   0.59999948684742045
 -0.04394167710000000   0.59999948732330939
 -0.04394166710000000   0.59999948779919821
 -0.04394165710000000   0.59999948827508692
 -0.04394164710000000   0.59999948875097551
 -0.04394163710000000   0.59999948922686399
 -0.04394162710000000   0.59999948970275234
 -0.04394161710000000   0.59999949017864059
 -0.04394160710000000   0.59999949065452871
 -0.04394159710000000   0.59999949113041672
 -0.04394158710000000   0.59999949160630461
 -0.04394157710000000   0.59999949208219238
 -0.04394156710000000   0.59999949255808004
 -0.04394155710000000   0.59999949303396757
 -0.04394154710000000   0.59999949350985500
 -0.04394153710000000   0.59999949398574230
 -0.04394152710000000   0.59999949446162949
 -0.04394151710000000   0.59999949493751656
 -0.04394150710000000   0.59999949541340352
 -0.04394149710000000   0.59999949588929035
 -0.04394148710000000   0.59999949636517707
 -0.04394147710000000   0.59999949684106368
 -0.04394146710000000   0.59999949731695017
 -0.04394145710000000   0.59999949779283654
 -0.04394144710000000   0.59999949826872279
 -0.04394143710000000   0.59999949874460892
 -0.04394142710000000   0.59999949922049494
 -0.04394141710000000   0.59999949969638085
 -0.04394140710000000   0.59999950017226663
 -0.04394139710000000   0.59999950064815230
 -0.04394138710000000   0.59999950112403785
 -0.04394137710000000   0.59999950159992329
 -0.04394136710000000   0.59999950207580860
 -0.04394135710000000   0.59999950255169381
 -0.04394134710000000   0.59999950302757889
 -0.04394133710000000   0.59999950350346386
 -0.04394132710000000   0.59999950397934871
 -0.04394131710000000   0.59999950445523344
 -0.04394130710000000   0.59999950493111806
 -0.04394129710000000   0.59999950540700255
 -0.04394128710000000   0.59999950588288694
 -0.04394127710000000   0.59999950635877120
 -0.04394126710000000   0.59999950683465535
 -0.04394125710000000   0.59999950731053938
 -0.04394124710000000   0.59999950778642330
 -0.04394123710000000   0.59999950826230709
 -0.04394122710000000   0.59999950873819077
 -0.04394121710000000   0.59999950921407434
 -0.04394120710000000   0.59999950968995778
 -0.04394119710000000   0.59999951016584112
 -0.04394118710000000   0.59999951064172433
 -0.04394117710000000   0.59999951111760742
 -0.04394116710000000   0.59999951159349040
 -0.04394115710000000   0.59999951206937327
 -0.04394114710000000   0.59999951254525601
 -0.04394113710000000   0.59999951302113864
 -0.04394112710000000   0.59999951349702115
 -0.04394111710000000   0.59999951397290355
 -0.04394110710000000   0.59999951444878582
 -0.04394109710000000   0.59999951492466798
 -0.04394108710000000   0.59999951540055003
 -0.04394107710000000   0.59999951587643195
 -0.04394106710000000   0.59999951635231377
 -0.04394105710000000   0.59999951682819546
 -0.04394104710000000   0.59999951730407703
 -0.04394103710000000   0.59999951777995849
 -0.04394102710000000   0.59999951825583983
 -0.04394101710000000   0.59999951873172106
 -0.04394100710000000   0.59999951920760217
 -0.04394099710000000   0.59999951968348316
 -0.04394098710000000   0.59999952015936403
 -0.04394097710000000   0.59999952063524479
 -0.04394096710000000   0.59999952111112543
 -0.04394095710000000   0.59999952158700595
 -0.04394094710000000   0.59999952206288636
 -0.04394093710000000   0.59999952253876665
 -0.04394092710000000   0.59999952301464683
 -0.04394091710000000   0.59999952349052688
 -0.04394090710000000   0.59999952396640682
 -0.04394089710000000   0.59999952444228664
 -0.04394088710000000   0.59999952491816635
 -0.04394087710000000   0.59999952539404594
 -0.04394086710000000   0.59999952586992541
 -0.04394085710000000   0.59999952634580476
 -0.04394084710000000   0.59999952682168400
 -0.04394083710000000   0.59999952729756312
 -0.04394082710000000   0.59999952777344212
 -0.04394081710000000   0.59999952824932101
 -0.04394080710000000   0.59999952872519978
 -0.04394079710000000   0.59999952920107844
 -0.04394078710000000   0.59999952967695697
 -0.04394077710000000   0.59999953015283539
 -0.04394076710000000   0.59999953062871369
 -0.04394075710000000   0.59999953110459188
 -0.04394074710000000   0.59999953158046995
 -0.04394073710000000   0.59999953205634790
 -0.04394072710000000   0.59999953253222573
 -0.04394071710000000   0.59999953300810345
 -0.04394070710000000   0.59999953348398105
 -0.04394069710000000   0.59999953395985853
 -0.04394068710000000   0.59999953443573590
 -0.04394067710000000   0.59999953491161315
 -0.04394066710000000   0.59999953538749029
 -0.04394065710000000   0.59999953586336730
 -0.04394064710000000   0.59999953633924420
 -0.04394063710000000   0.59999953681512098
 -0.04394062710000000   0.59999953729099765
 -0.04394061710000000   0.59999953776687419
 -0.04394060710000000   0.59999953824275063
 -0.04394059710000000   0.59999953871862694
 -0.04394058710000000   0.59999953919450314
 -0.04394057710000000   0.59999953967037922
 -0.04394056710000000   0.59999954014625518
 -0.04394055710000000   0.59999954062213103
 -0.04394054710000000   0.59999954109800676
 -0.04394053710000000   0.59999954157388237
 -0.04394052710000000   0.59999954204975787
 -0.04394051710000000   0.59999954252563325
 -0.04394050710000000   0.59999954300150851
 -0.04394049710000000   0.59999954347738366
 -0.04394048710000000   0.59999954395325868
 -0.04394047710000000   0.59999954442913360
 -0.04394046710000000   0.59999954490500839
 -0.04394045710000000   0.59999954538088307
 -0.04394044710000000   0.59999954585675763
 -0.04394043710000000   0.59999954633263207
 -0.04394042710000000   0.59999954680850640
 -0.04394041710000000   0.59999954728438061
 -0.04394040710000000   0.59999954776025470
 -0.04394039710000000   0.59999954823612868
 -0.04394038710000000   0.59999954871200254
 -0.04394037710000000   0.59999954918787628
 -0.04394036710000000   0.59999954966374991
 -0.04394035710000000   0.59999955013962341
 -0.04394034710000000   0.59999955061549680
 -0.04394033710000000   0.59999955109137008
 -0.04394032710000000   0.59999955156724324
 -0.04394031710000000   0.59999955204311628
 -0.04394030710000000   0.59999955251898920
 -0.04394029710000000   0.59999955299486201
 -0.04394028710000000   0.59999955347073470
 -0.04394027710000000   0.59999955394660727
 -0.04394026710000000   0.59999955442247973
 -0.04394025710000000   0.59999955489835207
 -0.04394024710000000   0.59999955537422429
 -0.04394023710000000   0.59999955585009639
 -0.04394022710000000   0.59999955632596838
 -0.04394021710000000   0.59999955680184025
 -0.04394020710000000   0.59999955727771201
 -0.04394019710000000   0.59999955775358365
 -0.04394018710000000   0.59999955822945517
 -0.04394017710000000   0.59999955870532657
 -0.04394016710000000   0.59999955918119786
 -0.04394015710000000   0.59999955965706903
 -0.04394014710000000   0.59999956013294008
 -0.04394013710000000   0.59999956060881102
 -0.04394012710000000   0.59999956108468184
 -0.04394011710000000   0.59999956156055254
 -0.04394010710000000   0.59999956203642312
 -0.04394009710000000   0.59999956251229359
 -0.04394008710000000   0.59999956298816394
 -0.04394007710000000   0.59999956346403418
 -0.04394006710000000   0.59999956393990429
 -0.04394005710000000   0.59999956441577430
 -0.04394004710000000   0.59999956489164418
 -0.04394003710000000   0.59999956536751395
 -0.04394002710000000   0.59999956584338360
 -0.04394001710000000   0.59999956631925313
 -0.04394000710000000   0.59999956679512255
 -0.04393999710000000   0.59999956727099185
 -0.04393998710000000   0.59999956774686103
 -0.04393997710000000   0.59999956822273009
 -0.04393996710000000   0.59999956869859904
 -0.04393995710000000   0.59999956917446787
 -0.04393994710000000   0.59999956965033659
 -0.04393993710000000   0.59999957012620519
 -0.04393992710000000   0.59999957060207367
 -0.04393991710000000   0.59999957107794203
 -0.04393990710000000   0.59999957155381028
 -0.04393989710000000   0.59999957202967841
 -0.04393988710000000   0.59999957250554642
 -0.04393987710000000   0.59999957298141432
 -0.04393986710000000   0.59999957345728210
 -0.04393985710000000   0.59999957393314976
 -0.04393984710000000   0.59999957440901730
 -0.04393983710000000   0.59999957488488473
 -0.04393982710000000   0.59999957536075204
 -0.04393981710000000   0.59999957583661924
 -0.04393980710000000   0.59999957631248632
 -0.04393979710000000   0.59999957678835328
 -0.04393978710000000   0.59999957726422012
 -0.04393977710000000   0.59999957774008685
 -0.04393976710000000   0.59999957821595346
 -0.04393975710000000   0.59999957869181995
 -0.04393974710000000   0.59999957916768633
 -0.04393973710000000   0.59999957964355258
 -0.04393972710000000   0.59999958011941873
 -0.04393971710000000   0.59999958059528475
 -0.04393970710000000   0.59999958107115066
 -0.04393969710000000   0.59999958154701645
 -0.04393968710000000   0.59999958202288213
 -0.04393967710000000   0.59999958249874769
 -0.04393966710000000   0.59999958297461313
 -0.04393965710000000   0.59999958345047845
 -0.04393964710000000   0.59999958392634366
 -0.04393963710000000   0.59999958440220875
 -0.04393962710000000   0.59999958487807372
 -0.04393961710000000   0.59999958535393858
 -0.04393960710000000   0.59999958582980332
 -0.04393959710000000   0.59999958630566794
 -0.04393958710000000   0.59999958678153244
 -0.04393957710000000   0.59999958725739683
 -0.04393956710000000   0.59999958773326110
 -0.04393955710000000   0.59999958820912526
 -0.04393954710000000   0.59999958868498930
 -0.04393953710000000   0.59999958916085322
 -0.04393952710000000   0.59999958963671702
 -0.04393951710000000   0.59999959011258071
 -0.04393950710000000   0.59999959058844428
 -0.04393949710000000   0.59999959106430773
 -0.04393948710000000   0.59999959154017107
 -0.04393947710000000   0.59999959201603429
 -0.04393946710000000   0.59999959249189739
 -0.04393945710000000   0.59999959296776037
 -0.04393944710000000   0.59999959344362324
 -0.04393943710000000   0.59999959391948599
 -0.04393942710000000   0.59999959439534863
 -0.04393941710000000   0.59999959487121115
 -0.04393940710000000   0.59999959534707355
 -0.04393939710000000   0.59999959582293583
 -0.04393938710000000   0.59999959629879800
 -0.04393937710000000   0.59999959677466005
 -0.04393936710000000   0.59999959725052198
 -0.04393935710000000   0.59999959772638380
 -0.04393934710000000   0.59999959820224550
 -0.04393933710000000   0.59999959867810708
 -0.04393932710000000   0.59999959915396854
 -0.04393931710000000   0.59999959962982989
 -0.04393930710000000   0.59999960010569113
 -0.04393929710000000   0.59999960058155224
 -0.04393928710000000   0.59999960105741324
 -0.04393927710000000   0.59999960153327412
 -0.04393926710000000   0.59999960200913488
 -0.04393925710000000   0.59999960248499553
 -0.04393924710000000   0.59999960296085606
 -0.04393923710000000   0.59999960343671647
 -0.04393922710000000   0.59999960391257677
 -0.04393921710000000   0.59999960438843695
 -0.04393920710000000   0.59999960486429701
 -0.04393919710000000   0.59999960534015696
 -0.04393918710000000   0.59999960581601679
 -0.04393917710000000   0.59999960629187650
 -0.04393916710000000   0.59999960676773609
 -0.04393915710000000   0.59999960724359557
 -0.04393914710000000   0.59999960771945493
 -0.04393913710000000   0.59999960819531417
 -0.04393912710000000   0.59999960867117330
 -0.04393911710000000   0.59999960914703231
 -0.04393910710000000   0.59999960962289121
 -0.04393909710000000   0.59999961009874998
 -0.04393908710000000   0.59999961057460864
 -0.04393907710000000   0.59999961105046718
 -0.04393906710000000   0.59999961152632561
 -0.04393905710000000   0.59999961200218392
 -0.04393904710000000   0.59999961247804211
 -0.04393903710000000   0.59999961295390018
 -0.04393902710000000   0.59999961342975814
 -0.04393901710000000   0.59999961390561598
 -0.04393900710000000   0.59999961438147371
 -0.04393899710000000   0.59999961485733131
 -0.04393898710000000   0.59999961533318880
 -0.04393897710000000   0.59999961580904618
 -0.04393896710000000   0.59999961628490343
 -0.04393895710000000   0.59999961676076057
 -0.04393894710000000   0.59999961723661760
 -0.04393893710000000   0.59999961771247450
 -0.04393892710000000   0.59999961818833129
 -0.04393891710000000   0.59999961866418796
 -0.04393890710000000   0.59999961914004452
 -0.04393889710000000   0.59999961961590096
 -0.04393888710000000   0.59999962009175727
 -0.04393887710000000   0.59999962056761348
 -0.04393886710000000   0.59999962104346957
 -0.04393885710000000   0.59999962151932554
 -0.04393884710000000   0.59999962199518139
 -0.04393883710000000   0.59999962247103713
 -0.04393882710000000   0.59999962294689275
 -0.04393881710000000   0.59999962342274825
 -0.04393880710000000   0.59999962389860363
 -0.04393879710000000   0.59999962437445890
 -0.04393878710000000   0.59999962485031405
 -0.04393877710000000   0.59999962532616909
 -0.04393876710000000   0.59999962580202401
 -0.04393875710000000   0.59999962627787881
 -0.04393874710000000   0.59999962675373349
 -0.04393873710000000   0.59999962722958806
 -0.04393872710000000   0.59999962770544251
 -0.04393871710000000   0.59999962818129684
 -0.04393870710000000   0.59999962865715106
 -0.04393869710000000   0.59999962913300516
 -0.04393868710000000   0.59999962960885914
 -0.04393867710000000   0.59999963008471301
 -0.04393866710000000   0.59999963056056676
 -0.04393865710000000   0.59999963103642039
 -0.04393864710000000   0.59999963151227390
 -0.04393863710000000   0.59999963198812730
 -0.04393862710000000   0.59999963246398058
 -0.04393861710000000   0.59999963293983375
 -0.04393860710000000   0.59999963341568679
 -0.04393859710000000   0.59999963389153972
 -0.04393858710000000   0.59999963436739254
 -0.04393857710000000   0.59999963484324523
 -0.04393856710000000   0.59999963531909781
 -0.04393855710000000   0.59999963579495028
 -0.04393854710000000   0.59999963627080262
 -0.04393853710000000   0.59999963674665485
 -0.04393852710000000   0.59999963722250696
 -0.04393851710000000   0.59999963769835896
 -0.04393850710000000   0.59999963817421084
 -0.04393849710000000   0.59999963865006260
 -0.04393848710000000   0.59999963912591424
 -0.04393847710000000   0.59999963960176577
 -0.04393846710000000   0.59999964007761718
 -0.04393845710000000   0.59999964055346847
 -0.04393844710000000   0.59999964102931965
 -0.04393843710000000   0.59999964150517071
 -0.04393842710000000   0.59999964198102165
 -0.04393841710000000   0.59999964245687248
 -0.04393840710000000   0.59999964293272319
 -0.04393839710000000   0.59999964340857378
 -0.04393838710000000   0.59999964388442425
 -0.04393837710000000   0.59999964436027461
 -0.04393836710000000   0.59999964483612485
 -0.04393835710000000   0.59999964531197498
 -0.04393834710000000   0.59999964578782498
 -0.04393833710000000   0.59999964626367487
 -0.04393832710000000   0.59999964673952465
 -0.04393831710000000   0.59999964721537430
 -0.04393830710000000   0.59999964769122384
 -0.04393829710000000   0.59999964816707327
 -0.04393828710000000   0.59999964864292257
 -0.04393827710000000   0.59999964911877176
 -0.04393826710000000   0.59999964959462083
 -0.04393825710000000   0.59999965007046979
 -0.04393824710000000   0.59999965054631863
 -0.04393823710000000   0.59999965102216735
 -0.04393822710000000   0.59999965149801595
 -0.04393821710000000   0.59999965197386444
 -0.04393820710000000   0.59999965244971281
 -0.04393819710000000   0.59999965292556106
 -0.04393818710000000   0.59999965340140920
 -0.04393817710000000   0.59999965387725722
 -0.04393816710000000   0.59999965435310512
 -0.04393815710000000   0.59999965482895291
 -0.04393814710000000   0.59999965530480058
 -0.04393813710000000   0.59999965578064813
 -0.04393812710000000   0.59999965625649556
 -0.04393811710000000   0.59999965673234288
 -0.04393810710000000   0.59999965720819008
 -0.04393809710000000   0.59999965768403717
 -0.04393808710000000   0.59999965815988413
 -0.04393807710000000   0.59999965863573099
 -0.04393806710000000   0.59999965911157772
 -0.04393805710000000   0.59999965958742434
 -0.04393804710000000   0.59999966006327084
 -0.04393803710000000   0.59999966053911722
 -0.04393802710000000   0.59999966101496348
 -0.04393801710000000   0.59999966149080963
 -0.04393800710000000   0.59999966196665567
 -0.04393799710000000   0.59999966244250158
 -0.04393798710000000   0.59999966291834738
 -0.04393797710000000   0.59999966339419306
 -0.04393796710000000   0.59999966387003862
 -0.04393795710000000   0.59999966434588407
 -0.04393794710000000   0.59999966482172940
 -0.04393793710000000   0.59999966529757462
 -0.04393792710000000   0.59999966577341971
 -0.04393791710000000   0.59999966624926469
 -0.04393790710000000   0.59999966672510956
 -0.04393789710000000   0.59999966720095430
 -0.04393788710000000   0.59999966767679893
 -0.04393787710000000   0.59999966815264344
 -0.04393786710000000   0.59999966862848784
 -0.04393785710000000   0.59999966910433212
 -0.04393784710000000   0.59999966958017628
 -0.04393783710000000   0.59999967005602032
 -0.04393782710000000   0.59999967053186425
 -0.04393781710000000   0.59999967100770806
 -0.04393780710000000   0.59999967148355176
 -0.04393779710000000   0.59999967195939533
 -0.04393778710000000   0.59999967243523879
 -0.04393777710000000   0.59999967291108213
 -0.04393776710000000   0.59999967338692536
 -0.04393775710000000   0.59999967386276847
 -0.04393774710000000   0.59999967433861146
 -0.04393773710000000   0.59999967481445434
 -0.04393772710000000   0.59999967529029710
 -0.04393771710000000   0.59999967576613974
 -0.04393770710000000   0.59999967624198226
 -0.04393769710000000   0.59999967671782467
 -0.04393768710000000   0.59999967719366696
 -0.04393767710000000   0.59999967766950913
 -0.04393766710000000   0.59999967814535119
 -0.04393765710000000   0.59999967862119313
 -0.04393764710000000   0.59999967909703495
 -0.04393763710000000   0.59999967957287666
 -0.04393762710000000   0.59999968004871825
 -0.04393761710000000   0.59999968052455972
 -0.04393760710000000   0.59999968100040108
 -0.04393759710000000   0.59999968147624231
 -0.04393758710000000   0.59999968195208344
 -0.04393757710000000   0.59999968242792444
 -0.04393756710000000   0.59999968290376533
 -0.04393755710000000   0.59999968337960610
 -0.04393754710000000   0.59999968385544675
 -0.04393753710000000   0.59999968433128729
 -0.04393752710000000   0.59999968480712771
 -0.04393751710000000   0.59999968528296801
 -0.04393750710000000   0.59999968575880820
 -0.04393749710000000   0.59999968623464827
 -0.04393748710000000   0.59999968671048822
 -0.04393747710000000   0.59999968718632806
 -0.04393746710000000   0.59999968766216778
 -0.04393745710000000   0.59999968813800738
 -0.04393744710000000   0.59999968861384686
 -0.04393743710000000   0.59999968908968623
 -0.04393742710000000   0.59999968956552548
 -0.04393741710000000   0.59999969004136462
 -0.04393740710000000   0.59999969051720363
 -0.04393739710000000   0.59999969099304253
 -0.04393738710000000   0.59999969146888131
 -0.04393737710000000   0.59999969194471998
 -0.04393736710000000   0.59999969242055853
 -0.04393735710000000   0.59999969289639696
 -0.04393734710000000   0.59999969337223528
 -0.04393733710000000   0.59999969384807348
 -0.04393732710000000   0.59999969432391156
 -0.04393731710000000   0.59999969479974952
 -0.04393730710000000   0.59999969527558737
 -0.04393729710000000   0.59999969575142510
 -0.04393728710000000   0.59999969622726272
 -0.04393727710000000   0.59999969670310021
 -0.04393726710000000   0.59999969717893759
 -0.04393725710000000   0.59999969765477486
 -0.04393724710000000   0.59999969813061200
 -0.04393723710000000   0.59999969860644903
 -0.04393722710000000   0.59999969908228595
 -0.04393721710000000   0.59999969955812274
 -0.04393720710000000   0.59999970003395942
 -0.04393719710000000   0.59999970050979598
 -0.04393718710000000   0.59999970098563243
 -0.04393717710000000   0.59999970146146875
 -0.04393716710000000   0.59999970193730496
 -0.04393715710000000   0.59999970241314106
 -0.04393714710000000   0.59999970288897704
 -0.04393713710000000   0.59999970336481290
 -0.04393712710000000   0.59999970384064864
 -0.04393711710000000   0.59999970431648427
 -0.04393710710000000   0.59999970479231978
 -0.04393709710000000   0.59999970526815517
 -0.04393708710000000   0.59999970574399044
 -0.04393707710000000   0.59999970621982560
 -0.04393706710000000   0.59999970669566064
 -0.04393705710000000   0.59999970717149557
 -0.04393704710000000   0.59999970764733038
 -0.04393703710000000   0.59999970812316507
 -0.04393702710000000   0.59999970859899964
 -0.04393701710000000   0.59999970907483410
 -0.04393700710000000   0.59999970955066844
 -0.04393699710000000   0.59999971002650266
 -0.04393698710000000   0.59999971050233677
 -0.04393697710000000   0.59999971097817076
 -0.04393696710000000   0.59999971145400463
 -0.04393695710000000   0.59999971192983839
 -0.04393694710000000   0.59999971240567203
 -0.04393693710000000   0.59999971288150555
 -0.04393692710000000   0.59999971335733895
 -0.04393691710000000   0.59999971383317224
 -0.04393690710000000   0.59999971430900541
 -0.04393689710000000   0.59999971478483847
 -0.04393688710000000   0.59999971526067140
 -0.04393687710000000   0.59999971573650423
 -0.04393686710000000   0.59999971621233693
 -0.04393685710000000   0.59999971668816952
 -0.04393684710000000   0.59999971716400199
 -0.04393683710000000   0.59999971763983434
 -0.04393682710000000   0.59999971811566657
 -0.04393681710000000   0.59999971859149869
 -0.04393680710000000   0.59999971906733069
 -0.04393679710000000   0.59999971954316258
 -0.04393678710000000   0.59999972001899435
 -0.04393677710000000   0.59999972049482600
 -0.04393676710000000   0.59999972097065753
 -0.04393675710000000   0.59999972144648895
 -0.04393674710000000   0.59999972192232025
 -0.04393673710000000   0.59999972239815144
 -0.04393672710000000   0.59999972287398250
 -0.04393671710000000   0.59999972334981345
 -0.04393670710000000   0.59999972382564429
 -0.04393669710000000   0.59999972430147500
 -0.04393668710000000   0.59999972477730560
 -0.04393667710000000   0.59999972525313608
 -0.04393666710000000   0.59999972572896645
 -0.04393665710000000   0.59999972620479670
 -0.04393664710000000   0.59999972668062683
 -0.04393663710000000   0.59999972715645684
 -0.04393662710000000   0.59999972763228674
 -0.04393661710000000   0.59999972810811652
 -0.04393660710000000   0.59999972858394618
 -0.04393659710000000   0.59999972905977573
 -0.04393658710000000   0.59999972953560516
 -0.04393657710000000   0.59999973001143447
 -0.04393656710000000   0.59999973048726367
 -0.04393655710000000   0.59999973096309275
 -0.04393654710000000   0.59999973143892171
 -0.04393653710000000   0.59999973191475056
 -0.04393652710000000   0.59999973239057928
 -0.04393651710000000   0.59999973286640790
 -0.04393650710000000   0.59999973334223639
 -0.04393649710000000   0.59999973381806477
 -0.04393648710000000   0.59999973429389303
 -0.04393647710000000   0.59999973476972117
 -0.04393646710000000   0.59999973524554920
 -0.04393645710000000   0.59999973572137711
 -0.04393644710000000   0.59999973619720490
 -0.04393643710000000   0.59999973667303258
 -0.04393642710000000   0.59999973714886014
 -0.04393641710000000   0.59999973762468758
 -0.04393640710000000   0.59999973810051490
 -0.04393639710000000   0.59999973857634211
 -0.04393638710000000   0.59999973905216920
 -0.04393637710000000   0.59999973952799618
 -0.04393636710000000   0.59999974000382304
 -0.04393635710000000   0.59999974047964978
 -0.04393634710000000   0.59999974095547640
 -0.04393633710000000   0.59999974143130291
 -0.04393632710000000   0.59999974190712930
 -0.04393631710000000   0.59999974238295557
 -0.04393630710000000   0.59999974285878173
 -0.04393629710000000   0.59999974333460777
 -0.04393628710000000   0.59999974381043369
 -0.04393627710000000   0.59999974428625949
 -0.04393626710000000   0.59999974476208518
 -0.04393625710000000   0.59999974523791076
 -0.04393624710000000   0.59999974571373621
 -0.04393623710000000   0.59999974618956155
 -0.04393622710000000   0.59999974666538677
 -0.04393621710000000   0.59999974714121187
 -0.04393620710000000   0.59999974761703686
 -0.04393619710000000   0.59999974809286173
 -0.04393618710000000   0.59999974856868648
 -0.04393617710000000   0.59999974904451112
 -0.04393616710000000   0.59999974952033564
 -0.04393615710000000   0.59999974999616004
 -0.04393614710000000   0.59999975047198433
 -0.04393613710000000   0.59999975094780850
 -0.04393612710000000   0.59999975142363255
 -0.04393611710000000   0.59999975189945648
 -0.04393610710000000   0.59999975237528030
 -0.04393609710000000   0.59999975285110400
 -0.04393608710000000   0.59999975332692759
 -0.04393607710000000   0.59999975380275105
 -0.04393606710000000   0.59999975427857440
 -0.04393605710000000   0.59999975475439764
 -0.04393604710000000   0.59999975523022075
 -0.04393603710000000   0.59999975570604375
 -0.04393602710000000   0.59999975618186663
 -0.04393601710000000   0.59999975665768940
 -0.04393600710000000   0.59999975713351205
 -0.04393599710000000   0.59999975760933458
 -0.04393598710000000   0.59999975808515700
 -0.04393597710000000   0.59999975856097929
 -0.04393596710000000   0.59999975903680147
 -0.04393595710000000   0.59999975951262354
 -0.04393594710000000   0.59999975998844549
 -0.04393593710000000   0.59999976046426732
 -0.04393592710000000   0.59999976094008903
 -0.04393591710000000   0.59999976141591063
 -0.04393590710000000   0.59999976189173211
 -0.04393589710000000   0.59999976236755347
 -0.04393588710000000   0.59999976284337472
 -0.04393587710000000   0.59999976331919584
 -0.04393586710000000   0.59999976379501686
 -0.04393585710000000   0.59999976427083775
 -0.04393584710000000   0.59999976474665853
 -0.04393583710000000   0.59999976522247919
 -0.04393582710000000   0.59999976569829973
 -0.04393581710000000   0.59999976617412016
 -0.04393580710000000   0.59999976664994047
 -0.04393579710000000   0.59999976712576066
 -0.04393578710000000   0.59999976760158074
 -0.04393577710000000   0.59999976807740070
 -0.04393576710000000   0.59999976855322054
 -0.04393575710000000   0.59999976902904027
 -0.04393574710000000   0.59999976950485988
 -0.04393573710000000   0.59999976998067937
 -0.04393572710000000   0.59999977045649875
 -0.04393571710000000   0.59999977093231801
 -0.04393570710000000   0.59999977140813715
 -0.04393569710000000   0.59999977188395617
 -0.04393568710000000   0.59999977235977508
 -0.04393567710000000   0.59999977283559387
 -0.04393566710000000   0.59999977331141254
 -0.04393565710000000   0.59999977378723110
 -0.04393564710000000   0.59999977426304954
 -0.04393563710000000   0.59999977473886786
 -0.04393562710000000   0.59999977521468607
 -0.04393561710000000   0.59999977569050416
 -0.04393560710000000   0.59999977616632213
 -0.04393559710000000   0.59999977664213999
 -0.04393558710000000   0.59999977711795772
 -0.04393557710000000   0.59999977759377534
 -0.04393556710000000   0.59999977806959285
 -0.04393555710000000   0.59999977854541024
 -0.04393554710000000   0.59999977902122751
 -0.04393553710000000   0.59999977949704466
 -0.04393552710000000   0.59999977997286170
 -0.04393551710000000   0.59999978044867862
 -0.04393550710000000   0.59999978092449542
 -0.04393549710000000   0.59999978140031211
 -0.04393548710000000   0.59999978187612868
 -0.04393547710000000   0.59999978235194513
 -0.04393546710000000   0.59999978282776146
 -0.04393545710000000   0.59999978330357768
 -0.04393544710000000   0.59999978377939378
 -0.04393543710000000   0.59999978425520977
 -0.04393542710000000   0.59999978473102564
 -0.04393541710000000   0.59999978520684139
 -0.04393540710000000   0.59999978568265702
 -0.04393539710000000   0.59999978615847254
 -0.04393538710000000   0.59999978663428794
 -0.04393537710000000   0.59999978711010322
 -0.04393536710000000   0.59999978758591839
 -0.04393535710000000   0.59999978806173344
 -0.04393534710000000   0.59999978853754837
 -0.04393533710000000   0.59999978901336319
 -0.04393532710000000   0.59999978948917788
 -0.04393531710000000   0.59999978996499246
 -0.04393530710000000   0.59999979044080693
 -0.04393529710000000   0.59999979091662128
 -0.04393528710000000   0.59999979139243551
 -0.04393527710000000   0.59999979186824962
 -0.04393526710000000   0.59999979234406362
 -0.04393525710000000   0.59999979281987750
 -0.04393524710000000   0.59999979329569126
 -0.04393523710000000   0.59999979377150491
 -0.04393522710000000   0.59999979424731844
 -0.04393521710000000   0.59999979472313185
 -0.04393520710000000   0.59999979519894515
 -0.04393519710000000   0.59999979567475832
 -0.04393518710000000   0.59999979615057139
 -0.04393517710000000   0.59999979662638433
 -0.04393516710000000   0.59999979710219716
 -0.04393515710000000   0.59999979757800987
 -0.04393514710000000   0.59999979805382247
 -0.04393513710000000   0.59999979852963494
 -0.04393512710000000   0.59999979900544730
 -0.04393511710000000   0.59999979948125955
 -0.04393510710000000   0.59999979995707167
 -0.04393509710000000   0.59999980043288368
 -0.04393508710000000   0.59999980090869558
 -0.04393507710000000   0.59999980138450735
 -0.04393506710000000   0.59999980186031901
 -0.04393505710000000   0.59999980233613055
 -0.04393504710000000   0.59999980281194198
 -0.04393503710000000   0.59999980328775328
 -0.04393502710000000   0.59999980376356448
 -0.04393501710000000   0.59999980423937555
 -0.04393500710000000   0.59999980471518651
 -0.04393499710000000   0.59999980519099735
 -0.04393498710000000   0.59999980566680807
 -0.04393497710000000   0.59999980614261868
 -0.04393496710000000   0.59999980661842917
 -0.04393495710000000   0.59999980709423954
 -0.04393494710000000   0.59999980757004980
 -0.04393493710000000   0.59999980804585993
 -0.04393492710000000   0.59999980852166996
 -0.04393491710000000   0.59999980899747986
 -0.04393490710000000   0.59999980947328965
 -0.04393489710000000   0.59999980994909932
 -0.04393488710000000   0.59999981042490888
 -0.04393487710000000   0.59999981090071831
 -0.04393486710000000   0.59999981137652763
 -0.04393485710000000   0.59999981185233684
 -0.04393484710000000   0.59999981232814593
 -0.04393483710000000   0.59999981280395489
 -0.04393482710000000   0.59999981327976375
 -0.04393481710000000   0.59999981375557248
 -0.04393480710000000   0.59999981423138110
 -0.04393479710000000   0.59999981470718960
 -0.04393478710000000   0.59999981518299799
 -0.04393477710000000   0.59999981565880626
 -0.04393476710000000   0.59999981613461441
 -0.04393475710000000   0.59999981661042244
 -0.04393474710000000   0.59999981708623036
 -0.04393473710000000   0.59999981756203816
 -0.04393472710000000   0.59999981803784585
 -0.04393471710000000   0.59999981851365341
 -0.04393470710000000   0.59999981898946086
 -0.04393469710000000   0.59999981946526820
 -0.04393468710000000   0.59999981994107541
 -0.04393467710000000   0.59999982041688251
 -0.04393466710000000   0.59999982089268949
 -0.04393465710000000   0.59999982136849636
 -0.04393464710000000   0.59999982184430311
 -0.04393463710000000   0.59999982232010974
 -0.04393462710000000   0.59999982279591625
 -0.04393461710000000   0.59999982327172265
 -0.04393460710000000   0.59999982374752893
 -0.04393459710000000   0.59999982422333510
 -0.04393458710000000   0.59999982469914114
 -0.04393457710000000   0.59999982517494707
 -0.04393456710000000   0.59999982565075289
 -0.04393455710000000   0.59999982612655858
 -0.04393454710000000   0.59999982660236416
 -0.04393453710000000   0.59999982707816962
 -0.04393452710000000   0.59999982755397497
 -0.04393451710000000   0.59999982802978020
 -0.04393450710000000   0.59999982850558531
 -0.04393449710000000   0.59999982898139030
 -0.04393448710000000   0.59999982945719518
 -0.04393447710000000   0.59999982993299994
 -0.04393446710000000   0.59999983040880459
 -0.04393445710000000   0.59999983088460912
 -0.04393444710000000   0.59999983136041353
 -0.04393443710000000   0.59999983183621782
 -0.04393442710000000   0.59999983231202200
 -0.04393441710000000   0.59999983278782605
 -0.04393440710000000   0.59999983326363000
 -0.04393439710000000   0.59999983373943382
 -0.04393438710000000   0.59999983421523753
 -0.04393437710000000   0.59999983469104112
 -0.04393436710000000   0.59999983516684460
 -0.04393435710000000   0.59999983564264796
 -0.04393434710000000   0.59999983611845120
 -0.04393433710000000   0.59999983659425432
 -0.04393432710000000   0.59999983707005733
 -0.04393431710000000   0.59999983754586022
 -0.04393430710000000   0.59999983802166299
 -0.04393429710000000   0.59999983849746565
 -0.04393428710000000   0.59999983897326819
 -0.04393427710000000   0.59999983944907061
 -0.04393426710000000   0.59999983992487292
 -0.04393425710000000   0.59999984040067511
 -0.04393424710000000   0.59999984087647718
 -0.04393423710000000   0.59999984135227913
 -0.04393422710000000   0.59999984182808097
 -0.04393421710000000   0.59999984230388269
 -0.04393420710000000   0.59999984277968430
 -0.04393419710000000   0.59999984325548578
 -0.04393418710000000   0.59999984373128716
 -0.04393417710000000   0.59999984420708841
 -0.04393416710000000   0.59999984468288955
 -0.04393415710000000   0.59999984515869057
 -0.04393414710000000   0.59999984563449147
 -0.04393413710000000   0.59999984611029225
 -0.04393412710000000   0.59999984658609292
 -0.04393411710000000   0.59999984706189347
 -0.04393410710000000   0.59999984753769391
 -0.04393409710000000   0.59999984801349423
 -0.04393408710000000   0.59999984848929443
 -0.04393407710000000   0.59999984896509452
 -0.04393406710000000   0.59999984944089448
 -0.04393405710000000   0.59999984991669433
 -0.04393404710000000   0.59999985039249407
 -0.04393403710000000   0.59999985086829368
 -0.04393402710000000   0.59999985134409318
 -0.04393401710000000   0.59999985181989257
 -0.04393400710000000   0.59999985229569183
 -0.04393399710000000   0.59999985277149098
 -0.04393398710000000   0.59999985324729001
 -0.04393397710000000   0.59999985372308893
 -0.04393396710000000   0.59999985419888773
 -0.04393395710000000   0.59999985467468641
 -0.04393394710000000   0.59999985515048497
 -0.04393393710000000   0.59999985562628342
 -0.04393392710000000   0.59999985610208175
 -0.04393391710000000   0.59999985657787997
 -0.04393390710000000   0.59999985705367806
 -0.04393389710000000   0.59999985752947604
 -0.04393388710000000   0.59999985800527391
 -0.04393387710000000   0.59999985848107165
 -0.04393386710000000   0.59999985895686928
 -0.04393385710000000   0.59999985943266679
 -0.04393384710000000   0.59999985990846419
 -0.04393383710000000   0.59999986038426147
 -0.04393382710000000   0.59999986086005863
 -0.04393381710000000   0.59999986133585568
 -0.04393380710000000   0.59999986181165260
 -0.04393379710000000   0.59999986228744941
 -0.04393378710000000   0.59999986276324611
 -0.04393377710000000   0.59999986323904268
 -0.04393376710000000   0.59999986371483914
