 -0.31547617942000000   0.57142892669651981
 -0.31447617942000000   0.57142884813095346
 -0.31347617942000000   0.57142910225669459
 -0.31247617942000000   0.57142882694241835
 -0.31147617942000000   0.57142883452141089
 -0.31047617942000000   0.57142884268474543
 -0.30947617942000000   0.57142882917542478
 -0.30847617942000000   0.57142891188474824
 -0.30747617942000000   0.57142882487714341
 -0.30647617942000000   0.57142889119613694
 -0.30047617942000000   0.57894781841961996
 -0.29947617942000000   0.57971010944715891
 -0.29847617942000000   0.58064466784883404
 -0.29747617942000000   0.58289166113204387
 -0.29647617942000000   0.58333307865427085
 -0.29547617942000000   0.58333300142812285
 -0.29447617942000000   0.58333323567706016
 -0.29347617942000000   0.58333299369875391
 -0.29247617942000000   0.58312173857596486
 -0.29147617942000000   0.58549290693306669
 -0.29047617942000000   0.58620719766854598
 -0.28947617942000000   0.58714700583610113
 -0.28847617942000000   0.58823476983414869
 -0.28747617942000000   0.58823483290523478
 -0.28647617942000000   0.58900662835938457
 -0.28547617942000000   0.58980669014353036
 -0.28447617942000000   0.59090931092195329
 -0.28347617942000000   0.59112872731200543
 -0.28247617942000000   0.59210486042427651
 -0.28147617942000000   0.59290385469790633
 -0.28047617942000000   0.59388691825598467
 -0.27947617942000000   0.59854600003916216
 -0.27847617942000000   0.59999935186351694
 -0.27747617942000000   0.60000066099172990
 -0.27647617942000000   0.60000058529846140
 -0.27547617942000000   0.60000040324406165
 -0.27447617942000000   0.59999976695347394
 -0.27347617942000000   0.60000033215088017
 -0.27247617942000000   0.60000011974261019
 -0.27147617942000000   0.60000032316502327
 -0.27047617942000000   0.60000009882391197
 -0.26947617942000000   0.60000019560926946
 -0.26847617942000000   0.59999982832480765
 -0.26747617942000000   0.59999983304297682
 -0.26647617942000000   0.59999982667988973
 -0.26547617942000000   0.60000007996373113
 -0.26447617942000000   0.59999990512945921
 -0.26347617942000000   0.60000014607004091
 -0.26247617942000000   0.59999994967142156
 -0.26147617942000000   0.60000008841508169
 -0.26047617942000000   0.60000001056754365
 -0.25947617942000000   0.60000004391248337
 -0.25847617942000000   0.60000002738531635
 -0.25747617942000000   0.60000005101917541
 -0.25647617942000000   0.59999998642293934
 -0.25547617942000000   0.59999999325446780
 -0.25447617942000000   0.59999994635293049
 -0.25347617942000000   0.59999994430311405
 -0.25247617942000000   0.60000008103809077
 -0.25147617942000000   0.59999987169301824
 -0.25047617942000000   0.59999983654765809
 -0.24947617942000000   0.60000020821777669
 -0.24847617942000000   0.60000015719796459
 -0.24747617942000000   0.60000003122248913
 -0.24647617942000000   0.59999993119848552
 -0.24547617942000000   0.60000037274186132
 -0.24447617942000000   0.60000002400044407
 -0.24347617942000000   0.60000014689374243
 -0.24247617942000000   0.60000010895178000
 -0.24147617942000000   0.60000047810605494
 -0.24047617942000000   0.59999962600163500
 -0.23947617942000000   0.59999979828230056
 -0.23847617942000000   0.59999949141529038
 -0.23747617942000000   0.59999979522899512
 -0.23647617942000000   0.59999995605167989
 -0.23547617942000000   0.59999989940946220
 -0.23447617942000000   0.60379130922471203
 -0.23347617942000000   0.60511674877767386
 -0.23247617942000000   0.60584293383316165
 -0.23147617942000000   0.60641701281101099
 -0.23047617942000000   0.60691503905421322
 -0.22947617942000000   0.60736472936046303
 -0.22847617942000000   0.60778307832069705
 -0.22747617942000000   0.60817729078278423
 -0.22647617942000000   0.60855240725952050
 -0.22547617942000000   0.60890768459990922
 -0.22447617942000000   0.60925309413076215
 -0.22347617942000000   0.60958762268747064
 -0.22247617942000000   0.60991128877973727
 -0.22147617942000000   0.61022677699578317
 -0.22047617942000000   0.61053376392542588
 -0.21947617942000000   0.61083572821271567
 -0.21847617942000000   0.61111108053640364
 -0.21747617942000000   0.61140822059108200
 -0.21647617942000000   0.61169058964789738
 -0.21547617942000000   0.61196679201140000
 -0.21447617942000000   0.61223748213597998
 -0.21347617942000000   0.61250270309888010
 -0.21247617942000000   0.61276352943030997
 -0.21147617942000000   0.61302025004156340
 -0.21047617942000000   0.61327239228753898
 -0.20947617942000000   0.61352059924269270
 -0.20847617942000000   0.61376461420793026
 -0.20747617942000000   0.61400516758388511
 -0.20647617942000000   0.61424226936647228
 -0.20547617942000000   0.61447635424009267
 -0.20447617942000000   0.61470762865398037
 -0.20347617942000000   0.61493765572164036
 -0.20247617942000000   0.61517502843213730
 -0.20147617942000000   0.61538443357085310
 -0.20047617942000000   0.61554178441184699
 -0.19947617942000000   0.61577833444593141
 -0.19847617942000000   0.61599266437689226
 -0.19747617942000000   0.61620156439108068
 -0.19647617942000000   0.61640651078353093
 -0.19547617942000000   0.61660780805069669
 -0.19447617942000000   0.61680581992176463
 -0.19347617942000000   0.61700081906741163
 -0.19247617942000000   0.61719281074074502
 -0.19147617942000000   0.61738224426805694
 -0.19047617942000000   0.61756894749617863
 -0.18947617942000000   0.61775258254358603
 -0.18847617942000000   0.61793358983198209
 -0.18747617942000000   0.61811222938111381
 -0.18647617942000000   0.61828831252437292
 -0.18547617942000000   0.61846140254737610
 -0.18447617942000000   0.61863206814488992
 -0.18347617942000000   0.61880032953334371
 -0.18247617942000000   0.61896614170214596
 -0.18147617942000000   0.61912921889869148
 -0.18047617942000000   0.61929002777239209
 -0.17947617942000000   0.61944857581136876
 -0.17847617942000000   0.61960427017664458
 -0.17747617942000000   0.61975829369082362
 -0.17647617942000000   0.61990945506896839
 -0.17547617942000000   0.62005855043247676
 -0.17447617942000000   0.62020493621114482
 -0.17347617942000000   0.62034949166958329
 -0.17247617942000000   0.62049167263110618
 -0.17147617942000000   0.62063156741404289
 -0.17047617942000000   0.62076928415741724
 -0.16947617942000000   0.62090453293337094
 -0.16847617942000000   0.62103816481157903
 -0.16747617942000000   0.62116912737621679
 -0.16647617942000000   0.62129826253235417
 -0.16547617942000000   0.62142482101085054
 -0.16447617942000000   0.62154965291053083
 -0.16347617942000000   0.62167226449695784
 -0.16247617942000000   0.62179275027944584
 -0.16147617942000000   0.62191126704576352
 -0.16047617942000000   0.62202778364728115
 -0.15947617942000000   0.62214201613330486
 -0.15847617942000000   0.62225414207407343
