 -0.36092079595000000   0.55801541700868266
 -0.35992079595000000   0.55853450582869915
 -0.35892079595000000   0.55905140764418293
 -0.35792079595000000   0.55956574912965452
 -0.35692079595000000   0.56007801907831640
 -0.35592079595000000   0.56058778578911441
 -0.35492079595000000   0.56109504087256082
 -0.35392079595000000   0.56160046414076807
 -0.35292079595000000   0.56210336142750003
 -0.35192079595000000   0.56260412721044118
 -0.35092079595000000   0.56310282688991450
 -0.34992079595000000   0.56359943632819024
 -0.34892079595000000   0.56409355534905983
 -0.34792079595000000   0.56458572435833246
 -0.34692079595000000   0.56507579402142930
 -0.34592079595000000   0.56556376809596337
 -0.34492079595000000   0.56604986290317690
 -0.34392079595000000   0.56653351549077464
 -0.34292079595000000   0.56701531924527902
 -0.34192079595000000   0.56749508043847477
 -0.34092079595000000   0.56797292288595421
 -0.33992079595000000   0.56844889494862981
 -0.33892079595000000   0.56892258478435121
 -0.33792079595000000   0.56939440389249504
 -0.33692079595000000   0.56986448654502144
 -0.33592079595000000   0.57033298088514911
 -0.33492079595000000   0.57080052856509671
 -0.33392079595000000   0.57127651784281009
 -0.33292079595000000   0.57171410617990178
 -0.33192079595000000   0.57217954135122500
 -0.33092079595000000   0.57263885946442774
 -0.32992079595000000   0.57309547359497286
 -0.32892079595000000   0.57355023565307104
 -0.32792079595000000   0.57400276293563041
 -0.32692079595000000   0.57445347788434422
 -0.32592079595000000   0.57490236767298655
 -0.32492079595000000   0.57534944287907589
 -0.32392079595000000   0.57579435511545238
 -0.32292079595000000   0.57623782148719629
 -0.32192079595000000   0.57667919118704177
 -0.32092079595000000   0.57711879016047598
 -0.31992079595000000   0.57755645343170187
 -0.31892079595000000   0.57799232640134188
 -0.31792079595000000   0.57842651555652491
 -0.31692079595000000   0.57885894331500695
 -0.31592079595000000   0.57928944646610321
 -0.31492079595000000   0.57971823549634436
 -0.31392079595000000   0.58014500116411705
 -0.31292079595000000   0.58057031918412192
 -0.31192079595000000   0.58099363468622251
 -0.31092079595000000   0.58141530393731113
 -0.30992079595000000   0.58183520969790910
 -0.30892079595000000   0.58225338012569443
 -0.30792079595000000   0.58266994318180385
 -0.30692079595000000   0.58308444700116445
 -0.30592079595000000   0.58349758162727433
 -0.30492079595000000   0.58390880693999026
 -0.30392079595000000   0.58431829692489811
 -0.30292079595000000   0.58472593001207780
 -0.30192079595000000   0.58513197660030118
 -0.30092079595000000   0.58553635227949097
 -0.29992079595000000   0.58593907225731172
 -0.29892079595000000   0.58633996208392252
 -0.29792079595000000   0.58673923416396992
 -0.29692079595000000   0.58713670514023051
 -0.29592079595000000   0.58753247453142662
 -0.29492079595000000   0.58792671487837446
 -0.29392079595000000   0.58831927335520306
 -0.29292079595000000   0.58871004632285347
 -0.29192079595000000   0.58909921531824873
 -0.29092079595000000   0.58948663634051938
 -0.28992079595000000   0.58987237865657244
 -0.28892079595000000   0.59025661755667661
 -0.28792079595000000   0.59063918281929137
 -0.28692079595000000   0.59101999433792641
 -0.28592079595000000   0.59139924459175457
 -0.28492079595000000   0.59177678551326222
 -0.28392079595000000   0.59215261991521090
 -0.28292079595000000   0.59252703322493094
 -0.28192079595000000   0.59289974011065006
 -0.28092079595000000   0.59327079736109078
 -0.27992079595000000   0.59364028153086611
 -0.27892079595000000   0.59400822244356412
 -0.27792079595000000   0.59437432839771066
 -0.27692079595000000   0.59473923217989894
 -0.27592079595000000   0.59510229464443927
 -0.27492079595000000   0.59546385905364363
 -0.27392079595000000   0.59582398103564944
 -0.27292079595000000   0.59618268008056118
 -0.27192079595000000   0.59653999312298808
 -0.27092079595000000   0.59689577636799630
 -0.26992079595000000   0.59725041855242118
 -0.26892079595000000   0.59760375454751701
 -0.26792079595000000   0.59795653187288485
 -0.26692079595000000   0.59830884579657890
 -0.26592079595000000   0.59866167596535708
 -0.26492079595000000   0.59901804587398761
 -0.26392079595000000   0.59938766466190904
 -0.26292079595000000   0.60000053034321873
 -0.26192079595000000   0.60000003898428993
 -0.26092079595000000   0.60000002680925973
 -0.25992079595000000   0.60060640825947451
 -0.25892079595000000   0.60096828287595308
 -0.25792079595000000   0.60131321111297936
 -0.25692079595000000   0.60165186069700058
 -0.25592079595000000   0.60198675347926307
 -0.25492079595000000   0.60231868121680630
 -0.25392079595000000   0.60264826462156484
 -0.25292079595000000   0.60297570379999024
 -0.25192079595000000   0.60330122314004142
 -0.25092079595000000   0.60362497232572328
 -0.24992079595000000   0.60394709681247715
 -0.24892079595000000   0.60426739085965485
 -0.24792079595000000   0.60458589604688899
 -0.24692079595000000   0.60490279472307700
 -0.24592079595000000   0.60521826563023203
 -0.24492079595000000   0.60553182597015950
 -0.24392079595000000   0.60584388438162692
 -0.24292079595000000   0.60615438261620557
 -0.24192079595000000   0.60646327384222675
 -0.24092079595000000   0.60677066746035254
 -0.23992079595000000   0.60707646421052914
 -0.23892079595000000   0.60738058809953394
 -0.23792079595000000   0.60768308444752161
 -0.23692079595000000   0.60798412810835903
 -0.23592079595000000   0.60828358779126458
 -0.23492079595000000   0.60858153845463717
 -0.23392079595000000   0.60887802270205766
 -0.23292079595000000   0.60917268348103853
 -0.23192079595000000   0.60946602510827146
 -0.23092079595000000   0.60975780642770123
 -0.22992079595000000   0.61004797811919725
 -0.22892079595000000   0.61033658219821463
 -0.22792079595000000   0.61062354660846059
 -0.22692079595000000   0.61090924037023693
 -0.22592079595000000   0.61119312867592212
 -0.22492079595000000   0.61147570515530444
 -0.22392079595000000   0.61175670951412969
 -0.22292079595000000   0.61203610918866499
 -0.22192079595000000   0.61231392259653110
 -0.22092079595000000   0.61259039007764079
 -0.21992079595000000   0.61286520577294604
 -0.21892079595000000   0.61313864146124898
 -0.21792079595000000   0.61341042060419783
 -0.21692079595000000   0.61368069875877004
 -0.21592079595000000   0.61394953454367604
 -0.21492079595000000   0.61421682042269738
 -0.21392079595000000   0.61448246555554012
 -0.21292079595000000   0.61474682821990962
 -0.21192079595000000   0.61500955024392254
 -0.21092079595000000   0.61527072989688966
 -0.20992079595000000   0.61553047666658301
 -0.20892079595000000   0.61578873904862732
 -0.20792079595000000   0.61604536305187320
 -0.20692079595000000   0.61630061337405480
 -0.20592079595000000   0.61655427574262067
 -0.20492079595000000   0.61680657966877859
 -0.20392079595000000   0.61705732826412300
 -0.20292079595000000   0.61730651870784641
 -0.20192079595000000   0.61755414509512409
 -0.20092079595000000   0.61780045985533657
 -0.19992079595000000   0.61804516213068740
 -0.19892079595000000   0.61828850770001032
 -0.19792079595000000   0.61853022442279738
 -0.19692079595000000   0.61877048275388713
 -0.19592079595000000   0.61900930005259922
 -0.19492079595000000   0.61924660725248146
 -0.19392079595000000   0.61948234665305157
 -0.19292079595000000   0.61971678303306406
 -0.19192079595000000   0.61994963960695141
 -0.19092079595000000   0.62018097174044423
 -0.18992079595000000   0.62041087974376791
 -0.18892079595000000   0.62063934248358473
 -0.18792079595000000   0.62086626931986438
 -0.18692079595000000   0.62109171367752447
 -0.18592079595000000   0.62131573483017211
 -0.18492079595000000   0.62153832774571170
 -0.18392079595000000   0.62175937985814145
 -0.18292079595000000   0.62197898217288831
 -0.18192079595000000   0.62219710511070271
 -0.18092079595000000   0.62241365252363009
 -0.17992079595000000   0.62262894744030206
 -0.17892079595000000   0.62284260304881755
 -0.17792079595000000   0.62305486782320243
 -0.17692079595000000   0.62326571550803300
 -0.17592079595000000   0.62347504701236657
 -0.17492079595000000   0.62368290352612397
 -0.17392079595000000   0.62388944410504261
 -0.17292079595000000   0.62409432216160470
 -0.17192079595000000   0.62429796439836836
 -0.17092079595000000   0.62449999829209558
 -0.16992079595000000   0.62470061252711664
 -0.16892079595000000   0.62489989386947314
 -0.16792079595000000   0.62509733476762382
 -0.16692079595000000   0.62529360688803976
 -0.16592079595000000   0.62548855528017617
 -0.16492079595000000   0.62568185307941185
 -0.16392079595000000   0.62587376897803862
 -0.16292079595000000   0.62606427476940311
 -0.16192079595000000   0.62625330698794401
