 -0.26567458693000000   0.60000035128618323
 -0.26467458693000000   0.59999994528949179
 -0.26367458693000000   0.59999970053669060
 -0.26267458693000000   0.60000035069777966
 -0.26167458693000000   0.60000010002047366
 -0.26067458693000000   0.59999999482568672
 -0.25967458693000000   0.60000016438214104
 -0.25867458693000000   0.59999989056095614
 -0.25767458693000000   0.59999979530153665
 -0.25667458693000000   0.60000000820587917
 -0.25567458693000000   0.59999994186281759
 -0.25467458693000000   0.60000013364832206
 -0.25367458693000000   0.59999996132251412
 -0.25267458693000000   0.60000004591031520
 -0.25167458693000000   0.59999986085807653
 -0.25067458693000000   0.59999987145198946
 -0.24967458693000000   0.59999989056582272
 -0.24867458693000000   0.60000000887092445
 -0.24767458693000000   0.59999995660892871
 -0.24667458693000000   0.60000000229101587
 -0.24567458693000000   0.59999999228181105
 -0.24467458693000000   0.59999996860711998
 -0.24367458693000000   0.59999998017611402
 -0.24267458693000000   0.59999998372497439
 -0.24167458693000000   0.60000000974131354
 -0.24067458693000000   0.59999999860823269
 -0.23967458693000000   0.60000003973164599
 -0.23867458693000000   0.59999993641686496
 -0.23767458693000000   0.59999996253515160
 -0.23667458693000000   0.59999987837275711
 -0.23567458693000000   0.60000010357581392
 -0.23467458693000000   0.60000011924748915
 -0.23367458693000000   0.60000002507184216
 -0.23267458693000000   0.59999998228786688
 -0.23167458693000000   0.59999990151634447
 -0.23067458693000000   0.60000018245769222
 -0.22967458693000000   0.59999995299069771
 -0.22867458693000000   0.60000020045887898
 -0.22767458693000000   0.60000023165539859
 -0.22667458693000000   0.60000010458365601
 -0.22567458693000000   0.59999980798064187
 -0.22467458693000000   0.59999974365606194
 -0.22367458693000000   0.59999971533036763
 -0.22267458693000000   0.59999969891759360
 -0.22167458693000000   0.59999968939634798
 -0.22067458693000000   0.59999966920479406
 -0.21967458693000000   0.59999999881692076
 -0.21867458693000000   0.59999970978958831
 -0.21767458693000000   0.59999966236613037
 -0.21667458693000000   0.60000037047195815
 -0.21567458693000000   0.60000042096881944
 -0.20267458693000000   0.60502028677332626
 -0.20167458693000000   0.60619520142867770
 -0.20067458693000000   0.60685424820908062
 -0.19967458693000000   0.60736778244076778
 -0.19867458693000000   0.60779419514069720
 -0.19767458693000000   0.60817146627548499
 -0.19667458693000000   0.60851090054037045
 -0.19567458693000000   0.60883366874283943
 -0.19467458693000000   0.60912376244159900
 -0.19367458693000000   0.60939931616577824
 -0.19267458693000000   0.60966006927883756
 -0.19167458693000000   0.60990839151861826
 -0.19067458693000000   0.61014517824739458
 -0.18967458693000000   0.61037268720520510
 -0.18867458693000000   0.61059053847481470
 -0.18767458693000000   0.61079959026901524
 -0.18667458693000000   0.61099491773621188
 -0.18567458693000000   0.61121807085529851
 -0.18467458693000000   0.61139987330356854
 -0.18367458693000000   0.61158215981777645
 -0.18267458693000000   0.61176030337333746
 -0.18167458693000000   0.61193336711510221
 -0.18067458693000000   0.61210185324815539
 -0.17967458693000000   0.61226586132281602
 -0.17867458693000000   0.61242465419421331
 -0.17767458693000000   0.61257983782944193
 -0.17667458693000000   0.61273062536366778
 -0.17567458693000000   0.61287773689284270
 -0.17467458693000000   0.61302032031065785
 -0.17367458693000000   0.61315945944284792
 -0.17267458693000000   0.61329497926967892
 -0.17167458693000000   0.61342731479782307
 -0.17067458693000000   0.61355541002823310
 -0.16967458693000000   0.61368095690296267
 -0.16867458693000000   0.61380268331701195
 -0.16767458693000000   0.61392163539115931
 -0.16667458693000000   0.61403746025621725
 -0.16567458693000000   0.61414974898931041
 -0.16467458693000000   0.61425939266911102
 -0.16367458693000000   0.61436606590222109
 -0.16267458693000000   0.61446948653128686
 -0.16167458693000000   0.61457010298814786
 -0.16067458693000000   0.61466803477606965
 -0.15967458693000000   0.61476249711373698
 -0.15867458693000000   0.61485422468870637
 -0.15767458693000000   0.61494283089572166
 -0.15667458693000000   0.61502826802717694
 -0.15567458693000000   0.61510923770327796
 -0.15467458693000000   0.61518505997625718
 -0.15367458693000000   0.61525410561497920
 -0.15267458693000000   0.61532529467723521
 -0.15167458693000000   0.61549423084718617
 -0.15067458693000000   0.61555486700041931
 -0.14967458693000000   0.61561823293235109
 -0.14867458693000000   0.61568196749738986
 -0.14767458693000000   0.61574523734534912
 -0.14667458693000000   0.61580740481042935
 -0.14567458693000000   0.61586797572309492
 -0.14467458693000000   0.61592657640981544
 -0.14367458693000000   0.61598322738387799
