 -0.36093601309000000   0.53623186621518640
 -0.35993601309000000   0.53846144143746638
 -0.35893601309000000   0.54095481194061688
 -0.35793601309000000   0.54308940593642697
 -0.35693601309000000   0.54545402529654386
 -0.35593601309000000   0.54545396404757313
 -0.35493601309000000   0.54692354554461370
 -0.35393601309000000   0.54851396658034734
 -0.35293601309000000   0.55000008205205911
 -0.35193601309000000   0.55104994044244120
 -0.35093601309000000   0.55224928903581639
 -0.34993601309000000   0.55349237255720077
 -0.34893601309000000   0.55555537609477283
 -0.34793601309000000   0.55555507384883502
 -0.34693601309000000   0.55555502536933470
 -0.34593601309000000   0.55555530093193749
 -0.34493601309000000   0.55729465953545988
 -0.34393601309000000   0.55837962470972575
 -0.34293601309000000   0.55931400593273081
 -0.34193601309000000   0.56019232157371320
 -0.34093601309000000   0.56104373499142246
 -0.33993601309000000   0.56187886269922123
 -0.33893601309000000   0.56250019140103240
 -0.33793601309000000   0.56343722503115907
 -0.33693601309000000   0.56421909782537922
 -0.33593601309000000   0.56498860454640870
 -0.33493601309000000   0.56574448129878772
 -0.33393601309000000   0.56650289168139274
 -0.33293601309000000   0.56726441037461586
 -0.33193601309000000   0.56804708445209423
 -0.33093601309000000   0.56889279866869478
 -0.32993601309000000   0.57028844355433488
 -0.32893601309000000   0.57142906826333863
 -0.32793601309000000   0.57142890567104622
 -0.32693601309000000   0.57142884372129855
 -0.32593601309000000   0.57142896698777057
 -0.32493601309000000   0.57142891769616712
 -0.32393601309000000   0.57142876941990957
 -0.32293601309000000   0.57142877759303177
 -0.32193601309000000   0.57291834536602626
 -0.32093601309000000   0.57396571769579072
 -0.31993601309000000   0.57470584215469980
 -0.31893601309000000   0.57537696111965040
 -0.31793601309000000   0.57601337609699084
 -0.31693601309000000   0.57662941238479364
 -0.31593601309000000   0.57722965116580231
 -0.31493601309000000   0.57781837863701969
 -0.31393601309000000   0.57839713168508695
 -0.31293601309000000   0.57894767723969828
 -0.31193601309000000   0.57952814891567622
 -0.31093601309000000   0.58008359531248958
 -0.30993601309000000   0.58063338207629230
 -0.30893601309000000   0.58117815407007584
 -0.30793601309000000   0.58171783693543070
 -0.30693601309000000   0.58225446125731913
 -0.30593601309000000   0.58279922235359228
 -0.30493601309000000   0.58333322254162258
 -0.30393601309000000   0.58375983931070414
 -0.30293601309000000   0.58429730344818588
 -0.30193601309000000   0.58481207531404200
 -0.30093601309000000   0.58531978823304835
 -0.29993601309000000   0.58582205953589759
 -0.29893601309000000   0.58632020001261588
 -0.29793601309000000   0.58681403647372024
 -0.29693601309000000   0.58730475775677095
 -0.29593601309000000   0.58779271581807404
 -0.29493601309000000   0.58823518055322239
 -0.29393601309000000   0.58875520021837250
 -0.29293601309000000   0.58923408499129388
 -0.29193601309000000   0.58971058464495382
 -0.29093601309000000   0.59018422859366968
 -0.28993601309000000   0.59065690466706527
 -0.28893601309000000   0.59112728616256104
 -0.28793601309000000   0.59159703658342129
 -0.28693601309000000   0.59206603104683561
 -0.28593601309000000   0.59253555413067756
 -0.28493601309000000   0.59300657893097146
 -0.28393601309000000   0.59347987549304727
 -0.28293601309000000   0.59395763499194335
 -0.28193601309000000   0.59444175305546047
 -0.28093601309000000   0.59493731398427473
 -0.27993601309000000   0.59544999523650488
 -0.27893601309000000   0.59599313934111099
 -0.27793601309000000   0.59659784438902901
 -0.27693601309000000   0.59737434443073058
 -0.27593601309000000   0.59999933885434031
 -0.27493601309000000   0.59999951410235727
 -0.27393601309000000   0.60000050479462864
 -0.27293601309000000   0.59999982322993292
 -0.27193601309000000   0.59999970868940519
 -0.27093601309000000   0.59999996357843584
 -0.26993601309000000   0.60000018628136285
 -0.26893601309000000   0.60000014967635377
 -0.26793601309000000   0.60000016305988984
 -0.26693601309000000   0.60000009080953652
 -0.26593601309000000   0.60000005235408151
 -0.26493601309000000   0.60000003863811758
 -0.26393601309000000   0.59999995604323423
 -0.26293601309000000   0.60000010967868110
 -0.26193601309000000   0.60000016846075925
 -0.26093601309000000   0.60000006644550203
 -0.25993601309000000   0.59999975221401755
 -0.25893601309000000   0.60000029795325056
 -0.25793601309000000   0.59999980154635846
 -0.25693601309000000   0.60000031413645806
 -0.25593601309000000   0.60000076194278082
 -0.25493601309000000   0.60205876678308667
 -0.25393601309000000   0.60296894385668964
 -0.25293601309000000   0.60353757967314594
 -0.25193601309000000   0.60401905321411198
 -0.25093601309000000   0.60445784159118395
 -0.24993601309000000   0.60487000603550524
 -0.24893601309000000   0.60526384696182506
 -0.24793601309000000   0.60564446538040246
 -0.24693601309000000   0.60601437209962530
 -0.24593601309000000   0.60637568021659326
 -0.24493601309000000   0.60672954244020823
 -0.24393601309000000   0.60707700345584594
 -0.24293601309000000   0.60741859208751567
 -0.24193601309000000   0.60775470793473736
 -0.24093601309000000   0.60808686431832804
 -0.23993601309000000   0.60841388481319667
 -0.23893601309000000   0.60873766222259084
 -0.23793601309000000   0.60905720151251654
 -0.23693601309000000   0.60937276503385685
 -0.23593601309000000   0.60968525535005501
 -0.23493601309000000   0.60999431547301293
 -0.23393601309000000   0.61030046157044376
 -0.23293601309000000   0.61060313404437552
 -0.23193601309000000   0.61090300609479957
 -0.23093601309000000   0.61120000449043566
 -0.22993601309000000   0.61149392833277802
 -0.22893601309000000   0.61178539329424433
 -0.22793601309000000   0.61207383691204323
 -0.22693601309000000   0.61235999044848245
 -0.22593601309000000   0.61264306176728654
 -0.22493601309000000   0.61292377114019213
 -0.22393601309000000   0.61320206760222071
 -0.22293601309000000   0.61347803255235055
 -0.22193601309000000   0.61375103530427220
 -0.22093601309000000   0.61402180345648254
 -0.21993601309000000   0.61429025267413529
 -0.21893601309000000   0.61455642241613407
 -0.21793601309000000   0.61482006587914338
 -0.21693601309000000   0.61508165486753536
 -0.21593601309000000   0.61534715230047595
 -0.21493601309000000   0.61559519238107360
 -0.21393601309000000   0.61585033490652183
 -0.21293601309000000   0.61610254465448560
 -0.21193601309000000   0.61635254459538038
 -0.21093601309000000   0.61660042883151193
 -0.20993601309000000   0.61684604609749426
 -0.20893601309000000   0.61708935995468331
 -0.20793601309000000   0.61733048142063551
 -0.20693601309000000   0.61756953781705197
 -0.20593601309000000   0.61780649113208771
 -0.20493601309000000   0.61804108685565205
 -0.20393601309000000   0.61827356706204430
 -0.20293601309000000   0.61850410603673494
 -0.20193601309000000   0.61873261627484994
 -0.20093601309000000   0.61895915592087878
 -0.19993601309000000   0.61918323778940794
 -0.19893601309000000   0.61940559331506520
 -0.19793601309000000   0.61962590113076713
 -0.19693601309000000   0.61984388205932328
 -0.19593601309000000   0.62006023749759380
 -0.19493601309000000   0.62027423125342589
 -0.19393601309000000   0.62048666087536952
 -0.19293601309000000   0.62069685974275792
 -0.19193601309000000   0.62090484265432025
 -0.19093601309000000   0.62111117565605649
 -0.18993601309000000   0.62131545815441660
 -0.18893601309000000   0.62151798287632760
 -0.18793601309000000   0.62171839822734021
 -0.18693601309000000   0.62191689268906723
 -0.18593601309000000   0.62211325459677436
 -0.18493601309000000   0.62230823186169664
 -0.18393601309000000   0.62250094654871353
 -0.18293601309000000   0.62269190140696422
 -0.18193601309000000   0.62288111463717193
 -0.18093601309000000   0.62306859712761953
 -0.17993601309000000   0.62325394933487466
 -0.17893601309000000   0.62343813178057417
 -0.17793601309000000   0.62362028004402837
 -0.17693601309000000   0.62380098340515388
 -0.17593601309000000   0.62398037332816139
 -0.17493601309000000   0.62415887126295421
 -0.17393601309000000   0.62433700279670731
 -0.17293601309000000   0.62451664877346822
 -0.17193601309000000   0.62470594121987324
 -0.17093601309000000   0.62499967918664753
 -0.16993601309000000   0.62500004140881529
 -0.16893601309000000   0.62500013535478428
 -0.16793601309000000   0.62526700153127964
 -0.16693601309000000   0.62544995315077535
 -0.16593601309000000   0.62561771330452969
