 -0.30875073535000000   0.57142915554977453
 -0.30775073535000000   0.57142886916003960
 -0.30675073535000000   0.57142927704859141
 -0.30575073535000000   0.57142886670184119
 -0.30475073535000000   0.57142883168994210
 -0.30375073535000000   0.57142891196099330
 -0.30275073535000000   0.57142925671638267
 -0.29175073535000000   0.58333290930083887
 -0.29075073535000000   0.58333319642553835
 -0.28975073535000000   0.58333297095703445
 -0.28875073535000000   0.58333301753236832
 -0.28475073535000000   0.58823479375976718
 -0.28375073535000000   0.58823484332435914
 -0.28075073535000000   0.59090943819790447
 -0.27675073535000000   0.59533998920342107
 -0.27575073535000000   0.59999950037723102
 -0.27475073535000000   0.59999957029046460
 -0.27375073535000000   0.60000038539153899
 -0.27275073535000000   0.60000009848461386
 -0.27175073535000000   0.59999975663963692
 -0.27075073535000000   0.60000001541084697
 -0.26975073535000000   0.59999971903715851
 -0.26875073535000000   0.60000036312955892
 -0.26775073535000000   0.59999970607172673
 -0.26675073535000000   0.60000023665604881
 -0.26575073535000000   0.59999978837911333
 -0.26475073535000000   0.59999978507951497
 -0.26375073535000000   0.60000013489153504
 -0.26275073535000000   0.60000003462964436
 -0.26175073535000000   0.60000017874076129
 -0.26075073535000000   0.59999992960820427
 -0.25975073535000000   0.60000013748818141
 -0.25875073535000000   0.60000005211477507
 -0.25775073535000000   0.60000008189404591
 -0.25675073535000000   0.59999995159573824
 -0.25575073535000000   0.60000002858041508
 -0.25475073535000000   0.60000002029937086
 -0.25375073535000000   0.60000001199951218
 -0.25275073535000000   0.60000003039334638
 -0.25175073535000000   0.59999999842782712
 -0.25075073535000000   0.60000003744003198
 -0.24975073535000000   0.60000009332267765
 -0.24875073535000000   0.60000010498009516
 -0.24775073535000000   0.59999994555462040
 -0.24675073535000000   0.59999993697371790
 -0.24575073535000000   0.60000014201805910
 -0.24475073535000000   0.59999999622194647
 -0.24375073535000000   0.60000016275084183
 -0.24275073535000000   0.59999986883042173
 -0.24175073535000000   0.59999994996489379
 -0.24075073535000000   0.59999979617389558
 -0.23975073535000000   0.60000028929886641
 -0.23875073535000000   0.60000033639175574
 -0.23775073535000000   0.59999988461171732
 -0.23675073535000000   0.59999967807946935
 -0.23575073535000000   0.60000027673484220
 -0.23475073535000000   0.59999963466528430
 -0.23375073535000000   0.59999966236953203
 -0.23275073535000000   0.59999960212133492
 -0.23175073535000000   0.59999969213439105
 -0.23075073535000000   0.59999978049420926
 -0.22975073535000000   0.60000015332524225
 -0.22875073535000000   0.59968038022034938
 -0.22775073535000000   0.59999955030125560
 -0.22575073535000000   0.59786083238056760
 -0.22375073535000000   0.60495286341163752
 -0.22275073535000000   0.60596122252162255
 -0.22175073535000000   0.60662345865407616
 -0.22075073535000000   0.60714285922490695
 -0.21975073535000000   0.60763319370718332
 -0.21875073535000000   0.60805951938763127
 -0.21775073535000000   0.60845421300562298
 -0.21675073535000000   0.60881351272504148
 -0.21575073535000000   0.60916735861488927
 -0.21475073535000000   0.60950027645815117
 -0.21375073535000000   0.60981954296548787
 -0.21275073535000000   0.61012688719424165
 -0.21175073535000000   0.61042348181787540
 -0.21075073535000000   0.61071238693082690
 -0.20975073535000000   0.61100297916969181
 -0.20875073535000000   0.61124445703196344
 -0.20775073535000000   0.61151773236915426
 -0.20675073535000000   0.61177670430846087
 -0.20575073535000000   0.61202849628020447
 -0.20475073535000000   0.61227395695949019
 -0.20375073535000000   0.61251426493578747
 -0.20275073535000000   0.61274970007363814
 -0.20175073535000000   0.61297981732611786
 -0.20075073535000000   0.61320514923928510
 -0.19975073535000000   0.61342669465210239
 -0.19875073535000000   0.61364308218372806
 -0.19775073535000000   0.61385606591669158
 -0.19675073535000000   0.61406460282047678
 -0.19575073535000000   0.61426996962902514
 -0.19475073535000000   0.61447173570946985
 -0.19375073535000000   0.61467042986799774
 -0.19275073535000000   0.61486717053049137
 -0.19175073535000000   0.61506385517201023
 -0.19075073535000000   0.61538405121464882
 -0.18975073535000000   0.61538443538806168
 -0.18875073535000000   0.61555897875880560
 -0.18775073535000000   0.61575454446801333
 -0.18675073535000000   0.61593350390071414
 -0.18575073535000000   0.61610704708044675
 -0.18475073535000000   0.61627600674251026
 -0.18375073535000000   0.61644148160573038
 -0.18275073535000000   0.61660363078849065
 -0.18175073535000000   0.61676303767417785
 -0.18075073535000000   0.61691960418066500
 -0.17975073535000000   0.61707295516425962
 -0.17875073535000000   0.61722368808653176
 -0.17775073535000000   0.61737193866002595
 -0.17675073535000000   0.61751744148914087
 -0.17575073535000000   0.61765988892263147
 -0.17475073535000000   0.61779997313529238
 -0.17375073535000000   0.61793771581898234
 -0.17275073535000000   0.61807239722769426
 -0.17175073535000000   0.61820473773377875
 -0.17075073535000000   0.61833479536087674
 -0.16975073535000000   0.61846247183306471
 -0.16875073535000000   0.61858777849500171
 -0.16775073535000000   0.61871032293507899
 -0.16675073535000000   0.61883072295448823
 -0.16575073535000000   0.61894883265484984
 -0.16475073535000000   0.61906398754962953
 -0.16375073535000000   0.61917799771882769
 -0.16275073535000000   0.61928905381533546
 -0.16175073535000000   0.61939807151432656
 -0.16075073535000000   0.61950439761779318
 -0.15975073535000000   0.61960906703528575
 -0.15875073535000000   0.61971135120640651
 -0.15775073535000000   0.61981143958112083
 -0.15675073535000000   0.61990928949317289
 -0.15575073535000000   0.62000495679155899
 -0.15475073535000000   0.62009888790612645
 -0.15375073535000000   0.62019042497573032
