 -0.36438584983000000   0.55370230362475293
 -0.36338584983000000   0.55434033938891751
 -0.36238584983000000   0.55498093131572396
 -0.36138584983000000   0.55555529195486775
 -0.36038584983000000   0.55617335296536981
 -0.35938584983000000   0.55679537179333245
 -0.35838584983000000   0.55740458412741701
 -0.35738584983000000   0.55800731900596367
 -0.35638584983000000   0.55860367962353082
 -0.35538584983000000   0.55919512908853377
 -0.35438584983000000   0.55978199811311726
 -0.35338584983000000   0.56036386032759724
 -0.35238584983000000   0.56094154608070072
 -0.35138584983000000   0.56151452275989189
 -0.35038584983000000   0.56208366108273190
 -0.34938584983000000   0.56264890231508512
 -0.34838584983000000   0.56320976497370678
 -0.34738584983000000   0.56376687397972671
 -0.34638584983000000   0.56432026324546607
 -0.34538584983000000   0.56487000412877944
 -0.34438584983000000   0.56541598964892501
 -0.34338584983000000   0.56595904723038527
 -0.34238584983000000   0.56649851075454138
 -0.34138584983000000   0.56703433108262271
 -0.34038584983000000   0.56756802663725925
 -0.33938584983000000   0.56809858905137382
 -0.33838584983000000   0.56862648063852493
 -0.33738584983000000   0.56915300001813668
 -0.33638584983000000   0.56967964343626376
 -0.33538584983000000   0.57021002309976640
 -0.33438584983000000   0.57076527744573048
 -0.33338584983000000   0.57142893505943667
 -0.33238584983000000   0.57142858201960908
 -0.33138584983000000   0.57209948826861837
 -0.33038584983000000   0.57264160698026045
 -0.32938584983000000   0.57315380415344232
 -0.32838584983000000   0.57365662208158677
 -0.32738584983000000   0.57415313698506065
 -0.32638584983000000   0.57464558403217451
 -0.32538584983000000   0.57513423363096063
 -0.32438584983000000   0.57561995707822538
 -0.32338584983000000   0.57610226295848956
 -0.32238584983000000   0.57658176165255627
 -0.32138584983000000   0.57705859852553163
 -0.32038584983000000   0.57753226267207731
 -0.31938584983000000   0.57800336432618214
 -0.31838584983000000   0.57847205349036333
 -0.31738584983000000   0.57893824477842984
 -0.31638584983000000   0.57940143965966902
 -0.31538584983000000   0.57986226970901040
 -0.31438584983000000   0.58032073288968806
 -0.31338584983000000   0.58077675739242349
 -0.31238584983000000   0.58123016707478417
 -0.31138584983000000   0.58168119341482735
 -0.31038584983000000   0.58212994672092132
 -0.30938584983000000   0.58257626903581072
 -0.30838584983000000   0.58302036255849555
 -0.30738584983000000   0.58346114753750195
 -0.30638584983000000   0.58390092965899543
 -0.30538584983000000   0.58433818703317167
 -0.30438584983000000   0.58477268110204048
 -0.30338584983000000   0.58520522794357875
 -0.30238584983000000   0.58563553704095931
 -0.30138584983000000   0.58606355254168447
 -0.30038584983000000   0.58648966015715903
 -0.29938584983000000   0.58691316923467943
 -0.29838584983000000   0.58733469248722915
 -0.29738584983000000   0.58775409095393038
 -0.29638584983000000   0.58817154002818810
 -0.29538584983000000   0.58858679999217924
 -0.29438584983000000   0.58899994811895584
 -0.29338584983000000   0.58941093133091345
 -0.29238584983000000   0.58981999835624225
 -0.29138584983000000   0.59022705318397141
 -0.29038584983000000   0.59063195433608511
 -0.28938584983000000   0.59103493021409264
 -0.28838584983000000   0.59143622181169527
 -0.28738584983000000   0.59183533846429944
 -0.28638584983000000   0.59223274747395354
 -0.28538584983000000   0.59262857702445894
 -0.28438584983000000   0.59302220013243720
 -0.28338584983000000   0.59341421443515147
 -0.28238584983000000   0.59380475850165581
 -0.28138584983000000   0.59419374317684161
 -0.28038584983000000   0.59458148738226567
 -0.27938584983000000   0.59496798219286613
 -0.27838584983000000   0.59535301534018104
 -0.27738584983000000   0.59573776804513899
 -0.27638584983000000   0.59612172961453423
 -0.27538584983000000   0.59650601059572760
 -0.27438584983000000   0.59689145936417304
 -0.27338584983000000   0.59727943930277468
 -0.27238584983000000   0.59767226013628663
 -0.27138584983000000   0.59807577988224974
 -0.27038584983000000   0.59850395294501323
 -0.26938584983000000   0.59902538274168539
 -0.26838584983000000   0.60000055983120018
 -0.26738584983000000   0.60000039766290187
 -0.26638584983000000   0.60000020733798775
 -0.26538584983000000   0.60000005059594400
 -0.26438584983000000   0.59999989386848998
 -0.26338584983000000   0.59999992138649135
 -0.26238584983000000   0.60000044260814181
 -0.26138584983000000   0.60094200600815101
 -0.26038584983000000   0.60145120734536073
 -0.25938584983000000   0.60185932001464407
 -0.25838584983000000   0.60223830927225835
 -0.25738584983000000   0.60260238756708289
 -0.25638584983000000   0.60295802916269355
 -0.25538584983000000   0.60330698841394141
 -0.25438584983000000   0.60365091772303284
 -0.25338584983000000   0.60399092342590935
 -0.25238584983000000   0.60432765066141334
 -0.25138584983000000   0.60466096765939382
 -0.25038584983000000   0.60499163096022356
 -0.24938584983000000   0.60531977496784937
 -0.24838584983000000   0.60564530128398096
 -0.24738584983000000   0.60596871367180030
 -0.24638584983000000   0.60628965639613465
 -0.24538584983000000   0.60660856967327059
 -0.24438584983000000   0.60692510745791251
 -0.24338584983000000   0.60723983095260647
 -0.24238584983000000   0.60755231729919190
 -0.24138584983000000   0.60786288835134059
 -0.24038584983000000   0.60817159906707226
 -0.23938584983000000   0.60847846055492690
 -0.23838584983000000   0.60878299115619089
 -0.23738584983000000   0.60908597357745973
 -0.23638584983000000   0.60938706352597194
 -0.23538584983000000   0.60968607850644190
 -0.23438584983000000   0.60998316901869962
 -0.23338584983000000   0.61027880477300551
 -0.23238584983000000   0.61057218464888693
 -0.23138584983000000   0.61086386866538060
 -0.23038584983000000   0.61115378975995672
 -0.22938584983000000   0.61144198110299174
 -0.22838584983000000   0.61172846906443411
 -0.22738584983000000   0.61201279886537227
 -0.22638584983000000   0.61229559067953114
 -0.22538584983000000   0.61257667045965247
 -0.22438584983000000   0.61285578971258217
 -0.22338584983000000   0.61313313158121530
 -0.22238584983000000   0.61340899544580495
 -0.22138584983000000   0.61368274256887070
 -0.22038584983000000   0.61395495340422171
 -0.21938584983000000   0.61422543019448098
 -0.21838584983000000   0.61449405612781166
 -0.21738584983000000   0.61476114582315563
 -0.21638584983000000   0.61502648632975873
 -0.21538584983000000   0.61528995918315391
 -0.21438584983000000   0.61555168201292634
 -0.21338584983000000   0.61581178416349712
 -0.21238584983000000   0.61607024716058073
 -0.21138584983000000   0.61632699227922926
 -0.21038584983000000   0.61658181969263930
 -0.20938584983000000   0.61683507870726661
 -0.20838584983000000   0.61708683816621737
 -0.20738584983000000   0.61733672899647264
 -0.20638584983000000   0.61758476654511456
 -0.20538584983000000   0.61783135917917571
 -0.20438584983000000   0.61807629023527997
 -0.20338584983000000   0.61831949360585351
 -0.20238584983000000   0.61856093772821782
 -0.20138584983000000   0.61880078684766338
 -0.20038584983000000   0.61903903958619388
 -0.19938584983000000   0.61927546237029829
 -0.19838584983000000   0.61951035659689137
 -0.19738584983000000   0.61974344489335251
 -0.19638584983000000   0.61997505629560101
 -0.19538584983000000   0.62020494611613123
 -0.19438584983000000   0.62043317633725324
 -0.19338584983000000   0.62065993496196678
 -0.19238584983000000   0.62088480358969454
 -0.19138584983000000   0.62110831074301329
 -0.19038584983000000   0.62132998027710350
 -0.18938584983000000   0.62155005691174256
 -0.18838584983000000   0.62176858189008858
 -0.18738584983000000   0.62198528671691850
 -0.18638584983000000   0.62220054725008899
 -0.18538584983000000   0.62241404747356884
 -0.18438584983000000   0.62262615977435194
 -0.18338584983000000   0.62283659532211627
 -0.18238584983000000   0.62304523068995299
 -0.18138584983000000   0.62325240627571698
 -0.18038584983000000   0.62345812961434010
 -0.17938584983000000   0.62366200177587875
 -0.17838584983000000   0.62386435090448078
 -0.17738584983000000   0.62406526604240434
 -0.17638584983000000   0.62426455260956307
 -0.17538584983000000   0.62446236475842791
 -0.17438584983000000   0.62465902093834600
 -0.17338584983000000   0.62485556254987889
 -0.17238584983000000   0.62500031429596400
 -0.17138584983000000   0.62523334969303501
 -0.17038584983000000   0.62542404023080395
 -0.16938584983000000   0.62561250533429986
 -0.16838584983000000   0.62579934683531032
 -0.16738584983000000   0.62598424867759879
 -0.16638584983000000   0.62616785795861135
 -0.16538584983000000   0.62634964365685658
