 -0.36235754863000000   0.55681102797232030
 -0.36135754863000000   0.55735830123904742
 -0.36035754863000000   0.55790201539621596
 -0.35935754863000000   0.55844283216005027
 -0.35835754863000000   0.55898078664007928
 -0.35735754863000000   0.55951560713303558
 -0.35635754863000000   0.56004796939834011
 -0.35535754863000000   0.56057714459373171
 -0.35435754863000000   0.56110348066664958
 -0.35335754863000000   0.56162747056712332
 -0.35235754863000000   0.56214860273135742
 -0.35135754863000000   0.56266694784284825
 -0.35035754863000000   0.56318266172149553
 -0.34935754863000000   0.56369588054884224
 -0.34835754863000000   0.56420665799103685
 -0.34735754863000000   0.56471468527002075
 -0.34635754863000000   0.56522059475888477
 -0.34535754863000000   0.56572372588948739
 -0.34435754863000000   0.56622452902892541
 -0.34335754863000000   0.56672310662552065
 -0.34235754863000000   0.56721941920814451
 -0.34135754863000000   0.56771304063516103
 -0.34035754863000000   0.56820451038448134
 -0.33935754863000000   0.56869390302165515
 -0.33835754863000000   0.56918130310636103
 -0.33735754863000000   0.56966665118726636
 -0.33635754863000000   0.57015054653421138
 -0.33535754863000000   0.57063418782020044
 -0.33435754863000000   0.57112998635334921
 -0.33335754863000000   0.57142826909540783
 -0.33235754863000000   0.57203621325251326
 -0.33135754863000000   0.57251329918439154
 -0.33035754863000000   0.57298453870657845
 -0.32935754863000000   0.57345258501403074
 -0.32835754863000000   0.57391822285854548
 -0.32735754863000000   0.57438113502889630
 -0.32635754863000000   0.57484191633290301
 -0.32535754863000000   0.57530062003349704
 -0.32435754863000000   0.57575718041349543
 -0.32335754863000000   0.57621148259042726
 -0.32235754863000000   0.57666368953005871
 -0.32135754863000000   0.57711395361598392
 -0.32035754863000000   0.57756228201331670
 -0.31935754863000000   0.57800865988770867
 -0.31835754863000000   0.57845266490436774
 -0.31735754863000000   0.57889479387645846
 -0.31635754863000000   0.57933498094481349
 -0.31535754863000000   0.57977321978414073
 -0.31435754863000000   0.58020966576180320
 -0.31335754863000000   0.58064376313669768
 -0.31235754863000000   0.58107627216234436
 -0.31135754863000000   0.58150668066049409
 -0.31035754863000000   0.58193503749604406
 -0.30935754863000000   0.58236171407865199
 -0.30835754863000000   0.58278637693444530
 -0.30735754863000000   0.58320925435329286
 -0.30635754863000000   0.58363003237615091
 -0.30535754863000000   0.58404909898042063
 -0.30435754863000000   0.58446606268191061
 -0.30335754863000000   0.58488130427751628
 -0.30235754863000000   0.58529456589369307
 -0.30135754863000000   0.58570617213029900
 -0.30035754863000000   0.58611580811613532
 -0.29935754863000000   0.58652357546666967
 -0.29835754863000000   0.58692976252801277
 -0.29735754863000000   0.58733374333950201
 -0.29635754863000000   0.58773624885872702
 -0.29535754863000000   0.58813682354272789
 -0.29435754863000000   0.58853541559642922
 -0.29335754863000000   0.58893239955130696
 -0.29235754863000000   0.58932770893259533
 -0.29135754863000000   0.58972098722734229
 -0.29035754863000000   0.59011249261874891
 -0.28935754863000000   0.59050235541944244
 -0.28835754863000000   0.59089050024372235
 -0.28735754863000000   0.59127685274941235
 -0.28635754863000000   0.59166138541587919
 -0.28535754863000000   0.59204415511593613
 -0.28435754863000000   0.59242537739421190
 -0.28335754863000000   0.59280476492468946
 -0.28235754863000000   0.59318257252089657
 -0.28135754863000000   0.59355885910986241
 -0.28035754863000000   0.59393309365892692
 -0.27935754863000000   0.59430595214806631
 -0.27835754863000000   0.59467731390105575
 -0.27735754863000000   0.59504692179399266
 -0.27635754863000000   0.59541494024676513
 -0.27535754863000000   0.59578173194501368
 -0.27435754863000000   0.59614711968324238
 -0.27335754863000000   0.59651111894939896
 -0.27235754863000000   0.59687398564387319
 -0.27135754863000000   0.59723624491809653
 -0.27035754863000000   0.59759805685486944
 -0.26935754863000000   0.59796004161862772
 -0.26835754863000000   0.59832357032400188
 -0.26735754863000000   0.59869219215681843
 -0.26635754863000000   0.59907519651588508
 -0.26535754863000000   0.59954713836939541
 -0.26435754863000000   0.59999986100791542
 -0.26335754863000000   0.60000004378798438
 -0.26235754863000000   0.60000032505517268
 -0.26135754863000000   0.60044575122512927
 -0.26035754863000000   0.60091063099425820
 -0.25935754863000000   0.60128186235423250
 -0.25835754863000000   0.60163532870658377
 -0.25735754863000000   0.60198047717180098
 -0.25635754863000000   0.60232054533645940
 -0.25535754863000000   0.60265706855538756
 -0.25435754863000000   0.60299044353304423
 -0.25335754863000000   0.60332130093846363
 -0.25235754863000000   0.60364998201595825
 -0.25135754863000000   0.60397652225258659
 -0.25035754863000000   0.60430093973967851
 -0.24935754863000000   0.60462341651991400
 -0.24835754863000000   0.60494411421929703
 -0.24735754863000000   0.60526298559569621
 -0.24635754863000000   0.60558018124733403
 -0.24535754863000000   0.60589544094344071
 -0.24435754863000000   0.60620914385932608
 -0.24335754863000000   0.60652091635020349
 -0.24235754863000000   0.60683107021990382
 -0.24135754863000000   0.60713960395605308
 -0.24035754863000000   0.60744637761443705
 -0.23935754863000000   0.60775141510730589
 -0.23835754863000000   0.60805481273818219
 -0.23735754863000000   0.60835674278639391
 -0.23635754863000000   0.60865689667505491
 -0.23535754863000000   0.60895529056027083
 -0.23435754863000000   0.60925211793730403
 -0.23335754863000000   0.60954748600415245
 -0.23235754863000000   0.60984097402878714
 -0.23135754863000000   0.61013286659728968
 -0.23035754863000000   0.61042320746828288
 -0.22935754863000000   0.61071198176778493
 -0.22835754863000000   0.61099921306777341
 -0.22735754863000000   0.61128458185182338
 -0.22635754863000000   0.61156864415844091
 -0.22535754863000000   0.61185085531391726
 -0.22435754863000000   0.61213152879322055
 -0.22335754863000000   0.61241066748609509
 -0.22235754863000000   0.61268824382893292
 -0.22135754863000000   0.61296398266727864
 -0.22035754863000000   0.61323848227528118
 -0.21935754863000000   0.61351111508480049
 -0.21835754863000000   0.61378223213696826
 -0.21735754863000000   0.61405180209394649
 -0.21635754863000000   0.61431987855818166
 -0.21535754863000000   0.61458628772442393
 -0.21435754863000000   0.61485108179700747
 -0.21335754863000000   0.61511429077264054
 -0.21235754863000000   0.61537606686372800
 -0.21135754863000000   0.61563623383497419
 -0.21035754863000000   0.61589468945687006
 -0.20935754863000000   0.61615172723208193
 -0.20835754863000000   0.61640727972690412
 -0.20735754863000000   0.61666107236368981
 -0.20635754863000000   0.61691332895732789
 -0.20535754863000000   0.61716410385131797
 -0.20435754863000000   0.61741331366186409
 -0.20335754863000000   0.61766103954505344
 -0.20235754863000000   0.61790723618880395
 -0.20135754863000000   0.61815170168999529
 -0.20035754863000000   0.61839469696813984
 -0.19935754863000000   0.61863626390121314
 -0.19835754863000000   0.61887618835623579
 -0.19735754863000000   0.61911451258899544
 -0.19635754863000000   0.61935140998829439
 -0.19535754863000000   0.61958681175419368
 -0.19435754863000000   0.61982054460948455
 -0.19335754863000000   0.62005274931456399
 -0.19235754863000000   0.62028345396992978
 -0.19135754863000000   0.62051266922608715
 -0.19035754863000000   0.62074042751917562
 -0.18935754863000000   0.62096659609167183
 -0.18835754863000000   0.62119116379961267
 -0.18735754863000000   0.62141421677800368
 -0.18635754863000000   0.62163585891956584
 -0.18535754863000000   0.62185593245734810
 -0.18435754863000000   0.62207442097937517
 -0.18335754863000000   0.62229150276996571
 -0.18235754863000000   0.62250709218602288
 -0.18135754863000000   0.62272104107404977
 -0.18035754863000000   0.62293348081895187
 -0.17935754863000000   0.62314448114154491
 -0.17835754863000000   0.62335397006094328
 -0.17735754863000000   0.62356199260972787
 -0.17635754863000000   0.62376857596840365
 -0.17535754863000000   0.62397344174990990
 -0.17435754863000000   0.62417705411223055
 -0.17335754863000000   0.62437906666544204
 -0.17235754863000000   0.62457957845001377
 -0.17135754863000000   0.62477872211607885
 -0.17035754863000000   0.62497903473167638
 -0.16935754863000000   0.62517151874563780
 -0.16835754863000000   0.62536627453991743
 -0.16735754863000000   0.62555937024178214
 -0.16635754863000000   0.62575089567261117
 -0.16535754863000000   0.62594096675018916
 -0.16435754863000000   0.62612962069298942
 -0.16335754863000000   0.62631672757392927
