 -0.36535248870000000   0.54888793198898968
 -0.36435248870000000   0.54972303906084830
 -0.36335248870000000   0.55053891401932756
 -0.36235248870000000   0.55133849511089335
 -0.36135248870000000   0.55212304444840238
 -0.36035248870000000   0.55289592473159689
 -0.35935248870000000   0.55366221615290893
 -0.35835248870000000   0.55443661204757267
 -0.35735248870000000   0.55555550393380125
 -0.35635248870000000   0.55555515983492225
 -0.35535248870000000   0.55638004015072333
 -0.35435248870000000   0.55713288864369557
 -0.35335248870000000   0.55783814431880520
 -0.35235248870000000   0.55852429778374433
 -0.35135248870000000   0.55919953323273598
 -0.35035248870000000   0.55986392511351598
 -0.34935248870000000   0.56052025849343850
 -0.34835248870000000   0.56116869397344391
 -0.34735248870000000   0.56180937447595243
 -0.34635248870000000   0.56244733203991182
 -0.34535248870000000   0.56306963841120765
 -0.34435248870000000   0.56369064930239964
 -0.34335248870000000   0.56430566664706584
 -0.34235248870000000   0.56491538498864896
 -0.34135248870000000   0.56552026332929209
 -0.34035248870000000   0.56612018504395591
 -0.33935248870000000   0.56671564772940801
 -0.33835248870000000   0.56730852165023982
 -0.33735248870000000   0.56789851731473826
 -0.33635248870000000   0.56848804309057319
 -0.33535248870000000   0.56908074316706293
 -0.33435248870000000   0.56968725364473389
 -0.33335248870000000   0.57035045307994486
 -0.33235248870000000   0.57142851633407128
 -0.33135248870000000   0.57142875595909410
 -0.33035248870000000   0.57142864745572897
 -0.32935248870000000   0.57142843074830042
 -0.32835248870000000   0.57257728676548991
 -0.32735248870000000   0.57320050654760078
 -0.32635248870000000   0.57376959824287871
 -0.32535248870000000   0.57431879162674854
 -0.32435248870000000   0.57485630041064464
 -0.32335248870000000   0.57538590128888107
 -0.32235248870000000   0.57590956618244978
 -0.32135248870000000   0.57642780031266465
 -0.32035248870000000   0.57694089112523853
 -0.31935248870000000   0.57744994198548048
 -0.31835248870000000   0.57795449530486505
 -0.31735248870000000   0.57845559383473270
 -0.31635248870000000   0.57895219730458574
 -0.31535248870000000   0.57944695044491147
 -0.31435248870000000   0.57993720283015217
 -0.31335248870000000   0.58042369015902234
 -0.31235248870000000   0.58090772414082078
 -0.31135248870000000   0.58138815943252132
 -0.31035248870000000   0.58186506242608238
 -0.30935248870000000   0.58233970150140284
 -0.30835248870000000   0.58281147181890082
 -0.30735248870000000   0.58333335067275480
 -0.30635248870000000   0.58374040601676671
 -0.30535248870000000   0.58420357689664582
 -0.30435248870000000   0.58466336437696148
 -0.30335248870000000   0.58512030545959877
 -0.30235248870000000   0.58557392888718922
 -0.30135248870000000   0.58602513313835245
 -0.30035248870000000   0.58647358517441465
 -0.29935248870000000   0.58691974862935696
 -0.29835248870000000   0.58736280251866894
 -0.29735248870000000   0.58780344720911958
 -0.29635248870000000   0.58823977579192338
 -0.29535248870000000   0.58867788703312035
 -0.29435248870000000   0.58911112075058103
 -0.29335248870000000   0.58954218997749536
 -0.29235248870000000   0.58997111235902970
 -0.29135248870000000   0.59039799566389810
 -0.29035248870000000   0.59082228766411117
 -0.28935248870000000   0.59124467083670974
 -0.28835248870000000   0.59166531884246406
 -0.28735248870000000   0.59208407053184105
 -0.28635248870000000   0.59250139868444651
 -0.28535248870000000   0.59291718619252332
 -0.28435248870000000   0.59333130335378635
 -0.28335248870000000   0.59374436607684159
 -0.28235248870000000   0.59415723489192725
 -0.28135248870000000   0.59456942174532055
 -0.28035248870000000   0.59498171894572677
 -0.27935248870000000   0.59539515555372907
 -0.27835248870000000   0.59581117127562452
 -0.27735248870000000   0.59623112183429759
 -0.27635248870000000   0.59665832713864234
 -0.27535248870000000   0.59709806775016037
 -0.27435248870000000   0.59756234554453636
 -0.27335248870000000   0.59808690435951128
 -0.27235248870000000   0.59903787667844027
 -0.27135248870000000   0.59999949911790605
 -0.27035248870000000   0.60000048648433622
 -0.26935248870000000   0.59999974587247545
 -0.26835248870000000   0.60000013685000380
 -0.26735248870000000   0.60000012459149665
 -0.26635248870000000   0.60000005383263124
 -0.26535248870000000   0.59999997081518813
 -0.26435248870000000   0.60000005478518825
 -0.26335248870000000   0.59999974840066042
 -0.26235248870000000   0.59999977460718609
 -0.26135248870000000   0.59999950094991779
 -0.26035248870000000   0.60000091347473216
 -0.25935248870000000   0.60180465353510382
 -0.25835248870000000   0.60230373894764808
 -0.25735248870000000   0.60273308419801003
 -0.25635248870000000   0.60313207677299065
 -0.25535248870000000   0.60351317834949873
 -0.25435248870000000   0.60388268266245458
 -0.25335248870000000   0.60424331110125061
 -0.25235248870000000   0.60459756851714005
 -0.25135248870000000   0.60494575116771455
 -0.25035248870000000   0.60528931306053003
 -0.24935248870000000   0.60562870235494017
 -0.24835248870000000   0.60596395475985591
 -0.24735248870000000   0.60629629646370618
 -0.24635248870000000   0.60662502495623228
 -0.24535248870000000   0.60695100448292501
 -0.24435248870000000   0.60727386432077133
 -0.24335248870000000   0.60759416094043294
 -0.24235248870000000   0.60791192841838183
 -0.24135248870000000   0.60822727770065905
 -0.24035248870000000   0.60853984370037000
 -0.23935248870000000   0.60885008729476525
 -0.23835248870000000   0.60915813864209968
 -0.23735248870000000   0.60946342023932727
 -0.23635248870000000   0.60976705308461792
 -0.23535248870000000   0.61006820724859420
 -0.23435248870000000   0.61036712917690866
 -0.23335248870000000   0.61066358896123543
 -0.23235248870000000   0.61095850009533572
 -0.23135248870000000   0.61125087355654431
 -0.23035248870000000   0.61154128042933920
 -0.22935248870000000   0.61182968671974365
 -0.22835248870000000   0.61211595921808376
 -0.22735248870000000   0.61240021218461054
 -0.22635248870000000   0.61268230730736574
 -0.22535248870000000   0.61296250990440023
 -0.22435248870000000   0.61324080564535281
 -0.22335248870000000   0.61351718319933248
 -0.22235248870000000   0.61379126120667802
 -0.22135248870000000   0.61406343056188148
 -0.22035248870000000   0.61433378023176215
 -0.21935248870000000   0.61460227317735587
 -0.21835248870000000   0.61486888652125058
 -0.21735248870000000   0.61513326365446484
 -0.21635248870000000   0.61539436194164060
 -0.21535248870000000   0.61565678028328547
 -0.21435248870000000   0.61591551532309248
 -0.21335248870000000   0.61617236005428182
 -0.21235248870000000   0.61642767499294408
 -0.21135248870000000   0.61668072132220929
 -0.21035248870000000   0.61693198348914441
 -0.20935248870000000   0.61718148829673467
 -0.20835248870000000   0.61742922446371450
 -0.20735248870000000   0.61767480412919202
 -0.20635248870000000   0.61791891466140684
 -0.20535248870000000   0.61816092702333798
 -0.20435248870000000   0.61840118235515551
 -0.20335248870000000   0.61863970894764322
 -0.20235248870000000   0.61887636738410189
 -0.20135248870000000   0.61911109569270604
 -0.20035248870000000   0.61934400444326646
 -0.19935248870000000   0.61957531802094123
 -0.19835248870000000   0.61980469745118609
 -0.19735248870000000   0.62003235189700932
 -0.19635248870000000   0.62025842879262919
 -0.19535248870000000   0.62048231940380215
 -0.19435248870000000   0.62070459943905094
 -0.19335248870000000   0.62092522185040062
 -0.19235248870000000   0.62114392506549795
 -0.19135248870000000   0.62136107110974391
 -0.19035248870000000   0.62157644648948700
 -0.18935248870000000   0.62178994341034865
 -0.18835248870000000   0.62200169697228593
 -0.18735248870000000   0.62221175562118173
 -0.18635248870000000   0.62242017970279084
 -0.18535248870000000   0.62262688363974487
 -0.18435248870000000   0.62283168126181069
 -0.18335248870000000   0.62303482072019854
 -0.18235248870000000   0.62323653131401306
 -0.18135248870000000   0.62343632692296212
 -0.18035248870000000   0.62363437440026401
 -0.17935248870000000   0.62383105532192600
 -0.17835248870000000   0.62402605662788627
 -0.17735248870000000   0.62421959495660199
 -0.17635248870000000   0.62441180116623429
 -0.17535248870000000   0.62460336331168985
 -0.17435248870000000   0.62479790067696762
 -0.17335248870000000   0.62499989174457830
 -0.17235248870000000   0.62513487863412876
 -0.17135248870000000   0.62532979364493865
 -0.17035248870000000   0.62551362659214693
 -0.16935248870000000   0.62569437270619459
 -0.16835248870000000   0.62587291026168923
 -0.16735248870000000   0.62604961366543688
 -0.16635248870000000   0.62622431013499490
