 -0.35950232270000000   0.49996992893700679
 -0.34950232270000000   0.54354685661486714
 -0.34850232270000000   0.54520254287484641
 -0.34750232270000000   0.54538811085456094
 -0.34650232270000000   0.54538638255842361
 -0.34550232270000000   0.54835930485392618
 -0.34450232270000000   0.54999420847501748
 -0.34350232270000000   0.55259239133114603
 -0.34250232270000000   0.55546651159978554
 -0.34150232270000000   0.55549090262404140
 -0.34050232270000000   0.55549725865836879
 -0.33950232270000000   0.55551148858469897
 -0.33850232270000000   0.55548911569787128
 -0.33750232270000000   0.55774538617347417
 -0.33650232270000000   0.55931023664704644
 -0.33550232270000000   0.56044038133041239
 -0.33450232270000000   0.56163420509701247
 -0.33350232270000000   0.56245016741683312
 -0.33250232270000000   0.56342552981970684
 -0.33150232270000000   0.56446040124412343
 -0.33050232270000000   0.56538192458850587
 -0.32950232270000000   0.56642255135966175
 -0.32850232270000000   0.56747431288372074
 -0.32750232270000000   0.56888434593677445
 -0.32650232270000000   0.57143156270573435
 -0.32550232270000000   0.57142190580293730
 -0.32450232270000000   0.57142183742351473
 -0.32350232270000000   0.57139949053354075
 -0.32250232270000000   0.57138570994390793
 -0.32150232270000000   0.57138164965137491
 -0.32050232270000000   0.57139311664637210
 -0.31950232270000000   0.57136590608327877
 -0.31850232270000000   0.57136695006581988
 -0.31750232270000000   0.57139818422211140
 -0.31650232270000000   0.57133942584623988
 -0.31550232270000000   0.57460201831885129
 -0.31450232270000000   0.57550154641876135
 -0.31350232270000000   0.57630160882267209
 -0.31250232270000000   0.57704426779941498
 -0.31150232270000000   0.57777118722829909
 -0.31050232270000000   0.57837714362088036
 -0.30950232270000000   0.57896908196163632
 -0.30850232270000000   0.57971763779068530
 -0.30750232270000000   0.58029719301263436
 -0.30650232270000000   0.58093734119172981
 -0.30550232270000000   0.58150574826642833
 -0.30450232270000000   0.58214959453970175
 -0.30350232270000000   0.58286569993756600
 -0.30250232270000000   0.58330832492293035
 -0.30150232270000000   0.58330391443483218
 -0.30050232270000000   0.58426234470837641
 -0.29950232270000000   0.58489626893046169
 -0.29850232270000000   0.58539300917169376
 -0.29750232270000000   0.58599720884150183
 -0.29650232270000000   0.58649590472259468
 -0.29550232270000000   0.58706966455270134
 -0.29450232270000000   0.58759464918370988
 -0.29350232270000000   0.58822523955543069
 -0.29250232270000000   0.58862794596299283
 -0.29150232270000000   0.58917359397061678
 -0.29050232270000000   0.58972710212618297
 -0.28950232270000000   0.59021876627882313
 -0.28850232270000000   0.59077648674078179
 -0.28750232270000000   0.59125968034023198
 -0.28650232270000000   0.59181658602407060
 -0.28550232270000000   0.59230649854856512
 -0.28450232270000000   0.59288261324813995
 -0.28350232270000000   0.59336501905115716
 -0.28250232270000000   0.59396144588705158
 -0.28150232270000000   0.59452466671920532
 -0.28050232270000000   0.59517536951872506
 -0.27950232270000000   0.59594198973031965
 -0.27850232270000000   0.59702781931501908
 -0.27750232270000000   0.59999100081278217
 -0.27650232270000000   0.59996775395101530
 -0.27550232270000000   0.59998133692610166
 -0.27450232270000000   0.60005000431125468
 -0.27350232270000000   0.59997905840599165
 -0.27250232270000000   0.60003520158541238
 -0.27150232270000000   0.59997806789838799
 -0.27050232270000000   0.60000120214602463
 -0.26950232270000000   0.60002447649118126
 -0.26850232270000000   0.60000845010708878
 -0.26750232270000000   0.59999767053562412
 -0.26650232270000000   0.59999722328083528
 -0.26550232270000000   0.60000065120299480
 -0.26450232270000000   0.60000450929779157
 -0.26350232270000000   0.60000837168741761
 -0.26250232270000000   0.60001180723693397
 -0.26150232270000000   0.60001150412725298
 -0.26050232270000000   0.60000167062750460
 -0.25950232270000000   0.59998526788316688
 -0.25850232270000000   0.60000209896460574
 -0.25750232270000000   0.60003303428589219
 -0.25650232270000000   0.59999030284880735
 -0.25550232270000000   0.59998232766908796
 -0.25450232270000000   0.60003533862036784
 -0.25350232270000000   0.59999107492660108
 -0.25250232270000000   0.59995441757640627
 -0.25150232270000000   0.59994926021793615
 -0.25050232270000000   0.60003743489030816
 -0.24950232270000000   0.60306007947920101
 -0.24850232270000000   0.60390915669996331
 -0.24750232270000000   0.60445244313515339
 -0.24650232270000000   0.60498547219096297
 -0.24550232270000000   0.60541195253016126
 -0.24450232270000000   0.60586583538607985
 -0.24350232270000000   0.60624064900066528
 -0.24250232270000000   0.60667121948156899
 -0.24150232270000000   0.60702187650386105
 -0.24050232270000000   0.60736431319645962
 -0.23950232270000000   0.60776531614481293
 -0.23850232270000000   0.60809139687539347
 -0.23750232270000000   0.60840930908460403
 -0.23650232270000000   0.60878759809445924
 -0.23550232270000000   0.60909350478036041
 -0.23450232270000000   0.60939462925063088
 -0.23350232270000000   0.60975795567367064
 -0.23250232270000000   0.61004901354576781
 -0.23150232270000000   0.61033608048950421
 -0.23050232270000000   0.61068375311108882
 -0.22950232270000000   0.61096981429135869
 -0.22850232270000000   0.61124657673987654
 -0.22750232270000000   0.61156273121640417
 -0.22650232270000000   0.61185867500991851
 -0.22550232270000000   0.61213014275903581
 -0.22450232270000000   0.61240102948933108
 -0.22350232270000000   0.61272155848942769
 -0.22250232270000000   0.61298057439097895
 -0.22150232270000000   0.61324749293820378
 -0.22050232270000000   0.61350575589096217
 -0.21950232270000000   0.61381442630529196
 -0.21850232270000000   0.61406074956518501
 -0.21750232270000000   0.61430524304253449
 -0.21650232270000000   0.61458597009135003
 -0.21550232270000000   0.61485672297789378
 -0.21450232270000000   0.61509667994978554
 -0.21350232270000000   0.61535692571472219
 -0.21250232270000000   0.61558737209414383
 -0.21150232270000000   0.61585963698122327
 -0.21050232270000000   0.61608709804408498
 -0.20950232270000000   0.61631230807362421
 -0.20850232270000000   0.61656917675003094
 -0.20750232270000000   0.61682400787833984
 -0.20650232270000000   0.61704191970206435
 -0.20550232270000000   0.61725901625518827
 -0.20450232270000000   0.61749710553363771
 -0.20350232270000000   0.61775039522475553
 -0.20250232270000000   0.61795858998172113
 -0.20150232270000000   0.61817771937833553
 -0.20050232270000000   0.61838181548058479
 -0.19950232270000000   0.61862616266490467
 -0.19850232270000000   0.61885030452970761
 -0.19750232270000000   0.61904939691461589
 -0.19650232270000000   0.61924990300925881
 -0.19550232270000000   0.61945482661288832
 -0.19450232270000000   0.61969482647292812
 -0.19350232270000000   0.61988909822952687
 -0.19250232270000000   0.62008408220080461
 -0.19150232270000000   0.62027057459881747
 -0.19050232270000000   0.62047636989779823
 -0.18950232270000000   0.62069846409195204
 -0.18850232270000000   0.62087955734874116
 -0.18750232270000000   0.62106623356304389
 -0.18650232270000000   0.62125186135981526
 -0.18550232270000000   0.62142830677687369
 -0.18450232270000000   0.62163894491878615
 -0.18350232270000000   0.62183091979926494
 -0.18250232270000000   0.62199945477738915
 -0.18150232270000000   0.62217586666202009
 -0.18050232270000000   0.62234091735626444
 -0.17950232270000000   0.62252527357908891
 -0.17850232270000000   0.62272285894289370
 -0.17750232270000000   0.62288611258832875
 -0.17650232270000000   0.62304938990799207
 -0.17550232270000000   0.62321222332867177
 -0.17450232270000000   0.62336908800343935
 -0.17350232270000000   0.62355262942090485
 -0.17250232270000000   0.62373011395311446
 -0.17150232270000000   0.62388144288007181
 -0.17050232270000000   0.62403931260797263
 -0.16950232270000000   0.62419455750242578
 -0.16850232270000000   0.62434670940610620
 -0.16750232270000000   0.62453637274187998
 -0.16650232270000000   0.62473201536817688
 -0.16550232270000000   0.62497632953824160
 -0.16450232270000000   0.62499319132254074
