 -0.35220890812000000   0.56140333627002281
 -0.35120890812000000   0.56186392550833816
 -0.35020890812000000   0.56231367546592393
 -0.34920890812000000   0.56277085212363095
 -0.34820890812000000   0.56321913739640103
 -0.34720890812000000   0.56367153528889825
 -0.34620890812000000   0.56411950248931498
 -0.34520890812000000   0.56456634819081426
 -0.34420890812000000   0.56501452085899865
 -0.34320890812000000   0.56545608342774852
 -0.34220890812000000   0.56590382380676075
 -0.34120890812000000   0.56634142548328503
 -0.34020890812000000   0.56678683685628254
 -0.33920890812000000   0.56722244830078152
 -0.33820890812000000   0.56766316293720477
 -0.33720890812000000   0.56809784154168663
 -0.33620890812000000   0.56853569598057469
 -0.33520890812000000   0.56896597997662797
 -0.33420890812000000   0.56940325182462345
 -0.33320890812000000   0.56983024553389797
 -0.33220890812000000   0.57026389531724253
 -0.33120890812000000   0.57069032106368190
 -0.33020890812000000   0.57111776444315468
 -0.32920890812000000   0.57154534576749285
 -0.32820890812000000   0.57196661040201289
 -0.32720890812000000   0.57239427645296965
 -0.32620890812000000   0.57281194681282861
 -0.32520890812000000   0.57323593462056564
 -0.32420890812000000   0.57365341384373541
 -0.32320890812000000   0.57407068432486681
 -0.32220890812000000   0.57448973010790717
 -0.32120890812000000   0.57490103702130617
 -0.32020890812000000   0.57531932850831002
 -0.31920890812000000   0.57572834630139532
 -0.31820890812000000   0.57614114288809499
 -0.31720890812000000   0.57655145811871193
 -0.31620890812000000   0.57695715938519604
 -0.31520890812000000   0.57736846233461899
 -0.31420890812000000   0.57777026057278084
 -0.31320890812000000   0.57817748389486531
 -0.31220890812000000   0.57857995560454924
 -0.31120890812000000   0.57897974181873926
 -0.31020890812000000   0.57938394001252403
 -0.30920890812000000   0.57977901546145696
 -0.30820890812000000   0.58017979919372128
 -0.30720890812000000   0.58057536006859256
 -0.30620890812000000   0.58096853364556072
 -0.30520890812000000   0.58136602228283030
 -0.30420890812000000   0.58175453061757488
 -0.30320890812000000   0.58214819852531171
 -0.30220890812000000   0.58253770402018586
 -0.30120890812000000   0.58292359228416776
 -0.30020890812000000   0.58331466985173740
 -0.29920890812000000   0.58369691145744819
 -0.29820890812000000   0.58408266763562784
 -0.29720890812000000   0.58446694689493277
 -0.29620890812000000   0.58484525710823838
 -0.29520890812000000   0.58522955224756717
 -0.29420890812000000   0.58560635438748819
 -0.29320890812000000   0.58598332475437649
 -0.29220890812000000   0.58636280312678650
 -0.29120890812000000   0.58673411497970448
 -0.29020890812000000   0.58711018246765718
 -0.28920890812000000   0.58748285195300314
 -0.28820890812000000   0.58785091213571869
 -0.28720890812000000   0.58822446673017375
 -0.28620890812000000   0.58859059088385003
 -0.28520890812000000   0.58895676958786125
 -0.28420890812000000   0.58932570869253645
 -0.28320890812000000   0.58968660560299551
 -0.28220890812000000   0.59005110958539816
 -0.28120890812000000   0.59041422485573543
 -0.28020890812000000   0.59077117349435432
 -0.27920890812000000   0.59113329289255646
 -0.27820890812000000   0.59149047433924934
 -0.27720890812000000   0.59184431100458409
 -0.27620890812000000   0.59220302737546869
 -0.27520890812000000   0.59255476426447813
 -0.27420890812000000   0.59290584226863107
 -0.27320890812000000   0.59325700043044992
 -0.27220890812000000   0.59360785811864898
 -0.27120890812000000   0.59395811262878333
 -0.27020890812000000   0.59430179755789560
 -0.26920890812000000   0.59464959861016568
 -0.26820890812000000   0.59499494187466554
 -0.26720890812000000   0.59533481282055037
 -0.26620890812000000   0.59567918407709155
 -0.26520890812000000   0.59601985402965509
 -0.26420890812000000   0.59635597494861366
 -0.26320890812000000   0.59669663184575642
 -0.26220890812000000   0.59703290400413197
 -0.26120890812000000   0.59736522528936454
 -0.26020890812000000   0.59770197693206791
 -0.25920890812000000   0.59803411704045214
 -0.25820890812000000   0.59836253399231647
 -0.25720890812000000   0.59869524605446952
 -0.25620890812000000   0.59902350502839644
 -0.25520890812000000   0.59934791112848375
 -0.25420890812000000   0.59967647882263648
 -0.25320890812000000   0.60000102932197376
 -0.25220890812000000   0.60032128005664277
 -0.25120890812000000   0.60064549712131624
 -0.25020890812000000   0.60096669485886481
 -0.24920890812000000   0.60128292316519166
 -0.24820890812000000   0.60160251934008614
 -0.24720890812000000   0.60192047766753746
 -0.24620890812000000   0.60223274561695172
 -0.24520890812000000   0.60254746061738628
 -0.24420890812000000   0.60286224811962671
 -0.24320890812000000   0.60317083950125993
 -0.24220890812000000   0.60348043165388812
 -0.24120890812000000   0.60379186279455401
 -0.24020890812000000   0.60409721648215410
 -0.23920890812000000   0.60440163326502290
 -0.23820890812000000   0.60470915666006587
 -0.23720890812000000   0.60501179665377569
 -0.23620890812000000   0.60531131707054977
 -0.23520890812000000   0.60561406366070400
 -0.23420890812000000   0.60591436739890857
 -0.23320890812000000   0.60620965499215208
 -0.23220890812000000   0.60650680399402556
 -0.23120890812000000   0.60680456515498729
 -0.23020890812000000   0.60709659808306898
 -0.22920890812000000   0.60738794359375969
 -0.22820890812000000   0.60768201312961925
 -0.22720890812000000   0.60797181560196691
 -0.22620890812000000   0.60825806815247872
 -0.22520890812000000   0.60854677669917499
 -0.22420890812000000   0.60883468748244528
 -0.22320890812000000   0.60911726382208210
 -0.22220890812000000   0.60939975923151026
 -0.22120890812000000   0.60968449171352632
 -0.22020890812000000   0.60996496017826168
 -0.21920890812000000   0.61024207340231811
 -0.21820890812000000   0.61052127728426373
 -0.21720890812000000   0.61080009917423687
 -0.21620890812000000   0.61107379890206352
 -0.21520890812000000   0.61134657623724900
 -0.21420890812000000   0.61162169186056922
 -0.21320890812000000   0.61189383094961599
 -0.21220890812000000   0.61216177097501208
 -0.21120890812000000   0.61243052177149280
 -0.21020890812000000   0.61270052881305910
 -0.20920890812000000   0.61296620532240090
 -0.20820890812000000   0.61322901740266610
 -0.20720890812000000   0.61349349704251737
 -0.20620890812000000   0.61375784148092139
 -0.20520890812000000   0.61401754364218974
 -0.20420890812000000   0.61427545169923708
 -0.20320890812000000   0.61453524249866057
 -0.20220890812000000   0.61479385037573349
 -0.20120890812000000   0.61504797003176643
 -0.20020890812000000   0.61530092976478727
 -0.19920890812000000   0.61555568399850011
 -0.19820890812000000   0.61580872929200376
 -0.19720890812000000   0.61605751117359915
 -0.19620890812000000   0.61630535224243428
 -0.19520890812000000   0.61655483386088966
 -0.19420890812000000   0.61680256141703944
 -0.19320890812000000   0.61704616758600663
 -0.19220890812000000   0.61728869825851104
 -0.19120890812000000   0.61753271567697938
 -0.19020890812000000   0.61777534871433284
 -0.18920890812000000   0.61801394087318378
 -0.18820890812000000   0.61825102474468052
 -0.18720890812000000   0.61848935424373198
 -0.18620890812000000   0.61872701847530335
 -0.18520890812000000   0.61896082028772164
 -0.18420890812000000   0.61919244911420904
 -0.18320890812000000   0.61942482528822778
 -0.18220890812000000   0.61965743270593755
 -0.18120890812000000   0.61988673454015372
 -0.18020890812000000   0.62011309873000334
 -0.17920890812000000   0.62033933230910319
 -0.17820890812000000   0.62056645896309639
 -0.17720890812000000   0.62079148324467775
 -0.17620890812000000   0.62101301060257468
 -0.17520890812000000   0.62123320543140334
 -0.17420890812000000   0.62145417935457857
 -0.17320890812000000   0.62167471724331381
 -0.17220890812000000   0.62188982889180567
 -0.17120890812000000   0.62210716898625631
 -0.17020890812000000   0.62232356783807909
 -0.16920890812000000   0.62253666863767477
 -0.16820890812000000   0.62274747347831714
 -0.16720890812000000   0.62295814492145979
 -0.16620890812000000   0.62316931672615994
 -0.16520890812000000   0.62337863956799466
 -0.16420890812000000   0.62358478145563291
 -0.16320890812000000   0.62378919312299504
 -0.16220890812000000   0.62399371106060576
 -0.16120890812000000   0.62419836426484137
 -0.16020890812000000   0.62440083770966828
 -0.15920890812000000   0.62460034472359068
 -0.15820890812000000   0.62479832664784920
 -0.15720890812000000   0.62499636728973872
 -0.15620890812000000   0.62519439009426846
 -0.15520890812000000   0.62539031047528375
 -0.15420890812000000   0.62558338462089907
 -0.15320890812000000   0.62577484238800734
