 -0.35725238293000000   0.55991801084863211
 -0.35625238293000000   0.56038603996732218
 -0.35525238293000000   0.56086656684041770
 -0.35425238293000000   0.56135832511260906
 -0.35325238293000000   0.56182132329789723
 -0.35225238293000000   0.56230874071346279
 -0.35125238293000000   0.56276975161711099
 -0.35025238293000000   0.56325181791828007
 -0.34925238293000000   0.56371743465589621
 -0.34825238293000000   0.56418227467593486
 -0.34725238293000000   0.56464836408585350
 -0.34625238293000000   0.56511474492199068
 -0.34525238293000000   0.56557268727050846
 -0.34425238293000000   0.56604104101807501
 -0.34325238293000000   0.56649144034853503
 -0.34225238293000000   0.56696114013410327
 -0.34125238293000000   0.56740553095530653
 -0.34025238293000000   0.56787446991508287
 -0.33925238293000000   0.56831514268628729
 -0.33825238293000000   0.56877980157147502
 -0.33725238293000000   0.56921961485893944
 -0.33625238293000000   0.56967598135472132
 -0.33525238293000000   0.57011811694537035
 -0.33425238293000000   0.57056353047863331
 -0.33325238293000000   0.57101057207548609
 -0.33225238293000000   0.57144462028007609
 -0.33125238293000000   0.57189651045913089
 -0.33025238293000000   0.57232400317438494
 -0.32925238293000000   0.57277541523730203
 -0.32825238293000000   0.57320890955641985
 -0.32725238293000000   0.57363868049592271
 -0.32625238293000000   0.57407037019639784
 -0.32525238293000000   0.57450693872677195
 -0.32425238293000000   0.57492745390982828
 -0.32325238293000000   0.57536862374910950
 -0.32225238293000000   0.57578369593263876
 -0.32125238293000000   0.57622027189614204
 -0.32025238293000000   0.57663678332650527
 -0.31925238293000000   0.57706005020982090
 -0.31825238293000000   0.57748419014012992
 -0.31725238293000000   0.57789458372510267
 -0.31625238293000000   0.57832484726994208
 -0.31525238293000000   0.57872972456340987
 -0.31425238293000000   0.57915403081603703
 -0.31325238293000000   0.57955967289648881
 -0.31225238293000000   0.57997857169404587
 -0.31125238293000000   0.58037809103786052
 -0.31025238293000000   0.58079948846568487
 -0.30925238293000000   0.58119757299369062
 -0.30825238293000000   0.58160612567624915
 -0.30725238293000000   0.58201264813773920
 -0.30625238293000000   0.58240648994377082
 -0.30525238293000000   0.58282017410994256
 -0.30425238293000000   0.58320975587386638
 -0.30325238293000000   0.58361310137255630
 -0.30225238293000000   0.58401021534171196
 -0.30125238293000000   0.58439742306238079
 -0.30025238293000000   0.58480325277225390
 -0.29925238293000000   0.58518557750694448
 -0.29825238293000000   0.58558086733885109
 -0.29725238293000000   0.58597152144467178
 -0.29625238293000000   0.58635064658951590
 -0.29525238293000000   0.58674906388801685
 -0.29425238293000000   0.58712520783506605
 -0.29325238293000000   0.58750972427287431
 -0.29225238293000000   0.58789665025379609
 -0.29125238293000000   0.58826713190808871
 -0.29025238293000000   0.58865672553773586
 -0.28925238293000000   0.58902890813392433
 -0.28825238293000000   0.58940056996246714
 -0.28725238293000000   0.58977465621961313
 -0.28625238293000000   0.59015468196091225
 -0.28525238293000000   0.59052580390314940
 -0.28425238293000000   0.59088787121863680
 -0.28325238293000000   0.59126792778112064
 -0.28225238293000000   0.59162800082320558
 -0.28125238293000000   0.59199139594482687
 -0.28025238293000000   0.59236437427472155
 -0.27925238293000000   0.59271762340614868
 -0.27825238293000000   0.59308344390530547
 -0.27725238293000000   0.59344596313970771
 -0.27625238293000000   0.59379529007628180
 -0.27525238293000000   0.59416154021357870
 -0.27425238293000000   0.59451422299601826
 -0.27325238293000000   0.59486139422789397
 -0.27225238293000000   0.59522481461350574
 -0.27125238293000000   0.59556969225745558
 -0.27025238293000000   0.59591561071336326
 -0.26925238293000000   0.59627375846991555
 -0.26825238293000000   0.59661258693657057
 -0.26725238293000000   0.59695728618262184
 -0.26625238293000000   0.59730915396628498
 -0.26525238293000000   0.59764309481551820
 -0.26425238293000000   0.59798605463578993
 -0.26325238293000000   0.59833177953962438
 -0.26225238293000000   0.59866169338142006
 -0.26125238293000000   0.59900260340712657
 -0.26025238293000000   0.59934374172173433
 -0.25925238293000000   0.59968276051142060
 -0.25825238293000000   0.60000266040369039
 -0.25725238293000000   0.60031374749513127
 -0.25625238293000000   0.60065709831803909
 -0.25525238293000000   0.60098693376128333
 -0.25425238293000000   0.60130634896922346
 -0.25325238293000000   0.60163889237641834
 -0.25225238293000000   0.60196383037601768
 -0.25125238293000000   0.60227829828569849
 -0.25025238293000000   0.60260488268015006
 -0.24925238293000000   0.60292687122835799
 -0.24825238293000000   0.60323689528889948
 -0.24725238293000000   0.60355699862945371
 -0.24625238293000000   0.60387683492698304
 -0.24525238293000000   0.60418276998679831
 -0.24425238293000000   0.60449569094201548
 -0.24325238293000000   0.60481361774652782
 -0.24225238293000000   0.60511612562665919
 -0.24125238293000000   0.60542151498737810
 -0.24025238293000000   0.60573676425394186
 -0.23925238293000000   0.60603699582663582
 -0.23825238293000000   0.60633524934194257
 -0.23725238293000000   0.60664566671768168
 -0.23625238293000000   0.60694524737015832
 -0.23525238293000000   0.60723758321314743
 -0.23425238293000000   0.60754012430984135
 -0.23325238293000000   0.60784045481405168
 -0.23225238293000000   0.60812855716174957
 -0.23125238293000000   0.60842135443579878
 -0.23025238293000000   0.60872145353042962
 -0.22925238293000000   0.60900760909163800
 -0.22825238293000000   0.60929172436477373
 -0.22725238293000000   0.60958673756308641
 -0.22625238293000000   0.60987400771522813
 -0.22525238293000000   0.61015237757030697
 -0.22425238293000000   0.61043708012571011
 -0.22325238293000000   0.61072617492145758
 -0.22225238293000000   0.61100215228377821
 -0.22125238293000000   0.61127681554539672
 -0.22025238293000000   0.61156148740724591
 -0.21925238293000000   0.61183936617014186
 -0.21825238293000000   0.61210823708601985
 -0.21725238293000000   0.61238149141189055
 -0.21625238293000000   0.61265553522873522
 -0.21525238293000000   0.61292347916917507
 -0.21425238293000000   0.61320027140294553
 -0.21325238293000000   0.61346804032493738
 -0.21225238293000000   0.61372875175318743
 -0.21125238293000000   0.61399430276733581
 -0.21025238293000000   0.61426510188189264
 -0.20925238293000000   0.61452464803906709
 -0.20825238293000000   0.61478030679577453
 -0.20725238293000000   0.61504272678280432
 -0.20625238293000000   0.61530644274941112
 -0.20525238293000000   0.61555922293415373
 -0.20425238293000000   0.61581000038837686
 -0.20325238293000000   0.61606811676368740
 -0.20225238293000000   0.61632503945518078
 -0.20125238293000000   0.61657188743728064
 -0.20025238293000000   0.61681754745205067
 -0.19925238293000000   0.61707036886833696
 -0.19825238293000000   0.61732128117617636
 -0.19725238293000000   0.61756266970107846
 -0.19625238293000000   0.61780281823229900
 -0.19525238293000000   0.61804955446179040
 -0.19425238293000000   0.61829525585776518
 -0.19325238293000000   0.61853158227619425
 -0.19225238293000000   0.61876591999484526
 -0.19125238293000000   0.61900577770776371
 -0.19025238293000000   0.61924679557914804
 -0.18925238293000000   0.61947861995986660
 -0.18825238293000000   0.61970713199115696
 -0.18725238293000000   0.61993932474842240
 -0.18625238293000000   0.62017546038366756
 -0.18525238293000000   0.62040368439526280
 -0.18425238293000000   0.62062671285748989
 -0.18325238293000000   0.62085092677890720
 -0.18225238293000000   0.62108070293799770
 -0.18125238293000000   0.62130636338511131
 -0.18025238293000000   0.62152468887615102
 -0.17925238293000000   0.62174160395965402
 -0.17825238293000000   0.62196751000136180
 -0.17725238293000000   0.62218139537213693
 -0.17625238293000000   0.62239479460455822
 -0.17525238293000000   0.62261276646335563
 -0.17425238293000000   0.62283077539630858
 -0.17325238293000000   0.62304125008338514
 -0.17225238293000000   0.62324822604441053
 -0.17125238293000000   0.62345629522221631
 -0.17025238293000000   0.62366876394147691
 -0.16925238293000000   0.62387819133072637
 -0.16825238293000000   0.62408090060238191
 -0.16725238293000000   0.62428132105789090
 -0.16625238293000000   0.62448349293289245
 -0.16525238293000000   0.62468925679771090
 -0.16425238293000000   0.62489098115437290
 -0.16325238293000000   0.62508672765655437
 -0.16225238293000000   0.62528053308966696
 -0.16125238293000000   0.62547590739109403
 -0.16025238293000000   0.62567449753104362
 -0.15925238293000000   0.62586952365941073
 -0.15825238293000000   0.62605879293943154
