 -0.23358453246000000   0.59494310758254852
 -0.23158453246000000   0.59999076463137147
 -0.23058453246000000   0.59908720434874122
 -0.22958453246000000   0.59996123363880078
 -0.22858453246000000   0.59997500522854350
 -0.22758453246000000   0.59999377380605081
 -0.22658453246000000   0.60001343718711131
 -0.22558453246000000   0.59996273052871643
 -0.22458453246000000   0.59998826269401624
 -0.22358453246000000   0.60000868492673713
 -0.22258453246000000   0.59996919340155429
 -0.22158453246000000   0.59999451060355942
 -0.22058453246000000   0.60000284211096723
 -0.21958453246000000   0.59997358189346838
 -0.21858453246000000   0.59997101552586566
 -0.21758453246000000   0.59998729334229427
 -0.21658453246000000   0.60000138018251571
 -0.21558453246000000   0.60000106353414133
 -0.21458453246000000   0.59999050782438446
 -0.21358453246000000   0.59997771963888518
 -0.21258453246000000   0.59997373852066151
 -0.21158453246000000   0.59997689216419148
 -0.21058453246000000   0.59998322503466721
 -0.20958453246000000   0.59998947642673770
 -0.20858453246000000   0.59998592828443186
 -0.20758453246000000   0.59998140120164657
 -0.20658453246000000   0.59997905758740027
 -0.20558453246000000   0.59997852503617530
 -0.20458453246000000   0.59997914939946240
 -0.20358453246000000   0.59998034251800738
 -0.20258453246000000   0.59998167681987379
 -0.20158453246000000   0.59998288870538388
 -0.20058453246000000   0.59998673667342778
 -0.19958453246000000   0.59998681676653185
 -0.19858453246000000   0.59998662202977215
 -0.19758453246000000   0.59998625233953247
 -0.19658453246000000   0.59998598598060857
 -0.19558453246000000   0.59998534666475580
 -0.19458453246000000   0.59998471824483614
 -0.19358453246000000   0.59998408886948759
 -0.19258453246000000   0.59998345617122970
 -0.19158453246000000   0.59998283466658159
 -0.19058453246000000   0.59998226160932579
 -0.18958453246000000   0.59998180097167401
 -0.18858453246000000   0.59998154457510545
 -0.18758453246000000   0.59998160872215904
 -0.18658453246000000   0.59998212345937186
 -0.18558453246000000   0.59998321002373469
 -0.18458453246000000   0.59998494337741939
 -0.18358453246000000   0.59998729538155615
 -0.18258453246000000   0.59999004520108396
 -0.18158453246000000   0.59999268826032234
 -0.18058453246000000   0.59999449471972678
 -0.17958453246000000   0.59999476994769600
 -0.17858453246000000   0.59999312765160697
 -0.17758453246000000   0.59998972010335953
 -0.17658453246000000   0.59998512691035626
 -0.17558453246000000   0.59998020926032432
 -0.17458453246000000   0.59997591646144733
 -0.17358453246000000   0.59997323649761549
 -0.17258453246000000   0.59997317418493820
 -0.17158453246000000   0.59997661723404636
 -0.17058453246000000   0.59998361092419679
 -0.16958453246000000   0.59997972220852804
 -0.16858453246000000   0.59998919303078156
 -0.16758453246000000   0.59999896150784840
 -0.16658453246000000   0.60000235307293457
 -0.16558453246000000   0.59999785565130582
 -0.16458453246000000   0.59998861322480327
 -0.16358453246000000   0.59997861048259683
 -0.16258453246000000   0.59997087540635193
 -0.16158453246000000   0.59996775866698252
 -0.16058453246000000   0.59997150666367915
 -0.15958453246000000   0.59998276858177460
 -0.15858453246000000   0.59999888906964510
 -0.15758453246000000   0.60000692894241720
 -0.15658453246000000   0.60000202244587720
 -0.15558453246000000   0.59999005086271383
 -0.15458453246000000   0.59997754453185559
 -0.15358453246000000   0.59996801544356005
 -0.15258453246000000   0.59999312587350817
 -0.15158453246000000   0.60001143144761379
 -0.15058453246000000   0.60000235038866354
 -0.14958453246000000   0.59998681320757920
 -0.14858453246000000   0.59997243468319489
 -0.14758453246000000   0.59997142191142630
 -0.14658453246000000   0.59996173198048725
 -0.14558453246000000   0.59996462990342267
 -0.14458453246000000   0.59998585160811215
 -0.14358453246000000   0.60001268547333104
 -0.14258453246000000   0.60000683380129665
 -0.14158453246000000   0.59997255427418965
 -0.14058453246000000   0.59996004625115074
 -0.13958453246000000   0.59998064330007055
 -0.13858453246000000   0.59999475477984418
 -0.13758453246000000   0.59995815514606250
 -0.13658453246000000   0.59995792429423238
 -0.13558453246000000   0.59995808786260591
 -0.13458453246000000   0.59995729451202120
 -0.13358453246000000   0.59995683215431037
 -0.13258453246000000   0.59996279429600022
 -0.13158453246000000   0.59996299672283762
 -0.13058453246000000   0.59996307734192315
 -0.12958453246000000   0.59996262695571742
 -0.12858453246000000   0.59996203718250825
 -0.12758453246000000   0.59996408658249553
 -0.12658453246000000   0.59996589478698740
 -0.12558453246000000   0.59996484548689321
 -0.12458453246000000   0.59995755053133608
 -0.12258453246000000   0.59931652191672972
 -0.11958453246000000   0.59995751585790848
 -0.11558453246000000   0.59681675269192762
 -0.10758453246000000   0.59994955173812190
 -0.10658453246000000   0.59997161939336223
 -0.09958453246000000   0.60000223374819878
