 -0.28204643783000000   0.59273084925386515
 -0.27604643783000000   0.58988749521085818
 -0.27304643783000000   0.59777805555167157
 -0.27204643783000000   0.59997284237690927
 -0.27104643783000000   0.60000548659215699
 -0.27004643783000000   0.59289495433194661
 -0.26904643783000000   0.60003162266431106
 -0.26804643783000000   0.59996270465791217
 -0.26704643783000000   0.59997274620445783
 -0.26604643783000000   0.59999279144995421
 -0.26504643783000000   0.60001840729433208
 -0.26404643783000000   0.60000039419967588
 -0.26304643783000000   0.59999557165812167
 -0.26204643783000000   0.60001179907599602
 -0.26104643783000000   0.59997674662280172
 -0.26004643783000000   0.60001975820193130
 -0.25904643783000000   0.59998596423034771
 -0.25804643783000000   0.59998455638877223
 -0.25704643783000000   0.59999534839801098
 -0.25604643783000000   0.60001461437595934
 -0.25504643783000000   0.60000816221507910
 -0.25404643783000000   0.59999318823526317
 -0.25304643783000000   0.59998815584140236
 -0.25204643783000000   0.59999126673899882
 -0.25104643783000000   0.60000351998095990
 -0.25004643783000000   0.60000462742265765
 -0.24904643783000000   0.60000351490382726
 -0.24804643783000000   0.60000178574255652
 -0.24704643783000000   0.60000019777864741
 -0.24604643783000000   0.59999883675970686
 -0.24504643783000000   0.59999750150694233
 -0.24404643783000000   0.59999795550387072
 -0.24304643783000000   0.59999644859930975
 -0.24204643783000000   0.59999410856071077
 -0.24104643783000000   0.59999166099638482
 -0.24004643783000000   0.59999083641126829
 -0.23904643783000000   0.59999400379883017
 -0.23804643783000000   0.60000239846982734
 -0.23704643783000000   0.60000199576117695
 -0.23604643783000000   0.60001332597477538
 -0.23504643783000000   0.60001087596071905
 -0.23404643783000000   0.59999284290557247
 -0.23304643783000000   0.59998057284295636
 -0.23204643783000000   0.59999785872571470
 -0.23104643783000000   0.60000991401377946
 -0.23004643783000000   0.60001519410565338
 -0.22904643783000000   0.59997937757491854
 -0.22804643783000000   0.59997650455771105
 -0.22704643783000000   0.60002323731314904
 -0.22604643783000000   0.60000368190886088
 -0.22504643783000000   0.59997131648425910
 -0.22404643783000000   0.60003060204576195
 -0.22304643783000000   0.60001345485436055
 -0.22204643783000000   0.59996817708650083
 -0.22104643783000000   0.60003812741969782
 -0.22004643783000000   0.59996929721644198
 -0.21904643783000000   0.59998125637197190
 -0.21804643783000000   0.59999971442938809
 -0.21704643783000000   0.60001228378652454
 -0.21604643783000000   0.59996308802901023
 -0.21504643783000000   0.59995265383103575
 -0.21404643783000000   0.59995408639348181
 -0.21004643783000000   0.59994577268862813
 -0.20904643783000000   0.59900727177848063
 -0.20704643783000000   0.60588471165735574
 -0.20604643783000000   0.60662944256560796
 -0.20504643783000000   0.60718831633212844
 -0.20404643783000000   0.60770257212115962
 -0.20304643783000000   0.60807132478355703
 -0.20204643783000000   0.60841151971404883
 -0.20104643783000000   0.60880995065650389
 -0.20004643783000000   0.60909490681423013
 -0.19904643783000000   0.60937094432680624
 -0.19804643783000000   0.60969976192121778
 -0.19704643783000000   0.60994709776232640
 -0.19604643783000000   0.61019830653778032
 -0.19504643783000000   0.61042340443999479
 -0.19404643783000000   0.61070586246325420
 -0.19304643783000000   0.61093487314840825
 -0.19204643783000000   0.61114479579228307
 -0.19104643783000000   0.61133768211663189
 -0.19004643783000000   0.61152656280639931
 -0.18904643783000000   0.61178140109104561
 -0.18804643783000000   0.61195553639085059
 -0.18704643783000000   0.61214049211120020
 -0.18604643783000000   0.61232532264360679
 -0.18504643783000000   0.61248267349600273
 -0.18404643783000000   0.61269200426022519
 -0.18304643783000000   0.61287175789216908
 -0.18204643783000000   0.61301274840781847
 -0.18104643783000000   0.61318184925856258
 -0.18004643783000000   0.61332612264003356
 -0.17904643783000000   0.61346933805991338
 -0.17804643783000000   0.61365667463284687
 -0.17704643783000000   0.61381586807970030
 -0.17604643783000000   0.61395060106226436
 -0.17504643783000000   0.61406949114753670
 -0.17404643783000000   0.61421555756975495
 -0.17304643783000000   0.61433956324285256
 -0.17204643783000000   0.61445709710156220
 -0.17104643783000000   0.61458867771479547
 -0.17004643783000000   0.61474977101509732
 -0.16904643783000000   0.61486459128821201
 -0.16804643783000000   0.61496490885617332
 -0.16704643783000000   0.61507406405596047
 -0.16604643783000000   0.61518817604834205
 -0.16504643783000000   0.61527117922512242
 -0.16404643783000000   0.61543850249204891
 -0.16304643783000000   0.61555008896534872
 -0.16204643783000000   0.61566357703336228
 -0.16104643783000000   0.61575321050670628
 -0.16004643783000000   0.61583722088323011
 -0.15904643783000000   0.61591830667474838
 -0.15804643783000000   0.61601770848948961
 -0.15704643783000000   0.61611528693150063
 -0.15604643783000000   0.61619290614174517
 -0.15504643783000000   0.61626647397408391
 -0.15404643783000000   0.61634266764449976
 -0.15304643783000000   0.61642390699863390
 -0.15204643783000000   0.61652312572141725
 -0.15104643783000000   0.61661392700237036
 -0.15004643783000000   0.61668672665074163
 -0.14904643783000000   0.61675550861762331
 -0.14804643783000000   0.61681860801117477
 -0.14704643783000000   0.61687817480824332
 -0.14604643783000000   0.61693226004591062
