 -0.35946637454000000   0.55891712200904474
 -0.35846637454000000   0.55939868141123272
 -0.35746637454000000   0.55991556396225157
 -0.35646637454000000   0.56039291442379731
 -0.35546637454000000   0.56090613953598873
 -0.35446637454000000   0.56137966298476607
 -0.35346637454000000   0.56188909607939404
 -0.35246637454000000   0.56235745224417367
 -0.35146637454000000   0.56286243001358332
 -0.35046637454000000   0.56332930804468453
 -0.34946637454000000   0.56383097497981931
 -0.34846637454000000   0.56430083836342402
 -0.34746637454000000   0.56478943657297655
 -0.34646637454000000   0.56525823300059852
 -0.34546637454000000   0.56574013519517827
 -0.34446637454000000   0.56620842502506700
 -0.34346637454000000   0.56668261196801228
 -0.34246637454000000   0.56715150138895081
 -0.34146637454000000   0.56761713239008363
 -0.34046637454000000   0.56808764078740952
 -0.33946637454000000   0.56854441593883890
 -0.33846637454000000   0.56901709581266220
 -0.33746637454000000   0.56946557871948614
 -0.33646637454000000   0.56994003256138765
 -0.33546637454000000   0.57039592734335011
 -0.33446637454000000   0.57085607818052458
 -0.33346637454000000   0.57130354359235990
 -0.33246637454000000   0.57175438612746480
 -0.33146637454000000   0.57220244695036323
 -0.33046637454000000   0.57264835580657759
 -0.32946637454000000   0.57310173981525381
 -0.32846637454000000   0.57353574218038823
 -0.32746637454000000   0.57399447057046649
 -0.32646637454000000   0.57442054882568946
 -0.32546637454000000   0.57487925234406132
 -0.32446637454000000   0.57530241650735001
 -0.32346637454000000   0.57575251223130244
 -0.32246637454000000   0.57617857161475132
 -0.32146637454000000   0.57661324345374819
 -0.32046637454000000   0.57704791908207231
 -0.31946637454000000   0.57746763042601770
 -0.31846637454000000   0.57791106899393531
 -0.31746637454000000   0.57832233397245964
 -0.31646637454000000   0.57876471615223753
 -0.31546637454000000   0.57917544908672571
 -0.31446637454000000   0.57960342948714679
 -0.31346637454000000   0.58002824359890897
 -0.31246637454000000   0.58043155263280824
 -0.31146637454000000   0.58086464056337274
 -0.31046637454000000   0.58126894223460310
 -0.30946637454000000   0.58168447237180321
 -0.30846637454000000   0.58210017625829452
 -0.30746637454000000   0.58249863675158525
 -0.30646637454000000   0.58292435877477843
 -0.30546637454000000   0.58331726659416092
 -0.30446637454000000   0.58373286785504047
 -0.30346637454000000   0.58413290620403533
 -0.30246637454000000   0.58452755126127402
 -0.30146637454000000   0.58494211964371871
 -0.30046637454000000   0.58532686005337943
 -0.29946637454000000   0.58573747472514772
 -0.29846637454000000   0.58612682541148654
 -0.29746637454000000   0.58651538632075297
 -0.29646637454000000   0.58692059306507644
 -0.29546637454000000   0.58729774224276663
 -0.29446637454000000   0.58769997548167761
 -0.29346637454000000   0.58808225565828487
 -0.29246637454000000   0.58846157112621832
 -0.29146637454000000   0.58886033835707297
 -0.29046637454000000   0.58923012149124123
 -0.28946637454000000   0.58962064960868801
 -0.28846637454000000   0.58999953550650017
 -0.28746637454000000   0.59036763973712193
 -0.28646637454000000   0.59076060413652749
 -0.28546637454000000   0.59112462419655388
 -0.28446637454000000   0.59150577324776496
 -0.28346637454000000   0.59186561606522908
 -0.28246637454000000   0.59225069597076664
 -0.28146637454000000   0.59261289127293000
 -0.28046637454000000   0.59297384055913179
 -0.27946637454000000   0.59335405391388584
 -0.27846637454000000   0.59370661533094931
 -0.27746637454000000   0.59407254123218366
 -0.27646637454000000   0.59443990730693756
 -0.27546637454000000   0.59480089771180042
 -0.27446637454000000   0.59515335258724903
 -0.27346637454000000   0.59550240245463471
 -0.27246637454000000   0.59587257885158000
 -0.27146637454000000   0.59621625176000745
 -0.27046637454000000   0.59656646971873927
 -0.26946637454000000   0.59692870452623529
 -0.26846637454000000   0.59726669050905498
 -0.26746637454000000   0.59761840224908116
 -0.26646637454000000   0.59797146041389301
 -0.26546637454000000   0.59830593558264573
 -0.26446637454000000   0.59865964560320443
 -0.26346637454000000   0.59900612190700208
 -0.26246637454000000   0.59934279384573813
 -0.26146637454000000   0.59972771461382121
 -0.26046637454000000   0.60000337213856960
 -0.25946637454000000   0.60027117213534647
 -0.25846637454000000   0.60064717589729305
 -0.25746637454000000   0.60098735658127816
 -0.25646637454000000   0.60131150866156016
 -0.25546637454000000   0.60165419836104834
 -0.25446637454000000   0.60198236137934164
 -0.25346637454000000   0.60229937533354027
 -0.25246637454000000   0.60263530746462509
 -0.25146637454000000   0.60295859192791295
 -0.25046637454000000   0.60327054687204418
 -0.24946637454000000   0.60360005906020413
 -0.24846637454000000   0.60392033298891677
 -0.24746637454000000   0.60422751784437487
 -0.24646637454000000   0.60454971114408553
 -0.24546637454000000   0.60486833430447510
 -0.24446637454000000   0.60517103092292130
 -0.24346637454000000   0.60548477738121871
 -0.24246637454000000   0.60579098996310639
 -0.24146637454000000   0.60610337809179798
 -0.24046637454000000   0.60641676163855458
 -0.23946637454000000   0.60671248815001445
 -0.23846637454000000   0.60701493989426922
 -0.23746637454000000   0.60732802080478559
 -0.23646637454000000   0.60762106058295415
 -0.23546637454000000   0.60791422427475004
 -0.23446637454000000   0.60821261926337689
 -0.23346637454000000   0.60851376341149474
 -0.23246637454000000   0.60881471286339525
 -0.23146637454000000   0.60909918439430413
 -0.23046637454000000   0.60938806390021240
 -0.22946637454000000   0.60968967322757261
 -0.22846637454000000   0.60997315429264494
 -0.22746637454000000   0.61025268640274541
 -0.22646637454000000   0.61053932923624709
 -0.22546637454000000   0.61083477695862249
 -0.22446637454000000   0.61111313530731466
 -0.22346637454000000   0.61138664466767667
 -0.22246637454000000   0.61167294415589228
 -0.22146637454000000   0.61195613163923858
 -0.22046637454000000   0.61222511803940530
 -0.21946637454000000   0.61249700292395203
 -0.21846637454000000   0.61278159217181999
 -0.21746637454000000   0.61305152472627584
 -0.21646637454000000   0.61331471877406334
 -0.21546637454000000   0.61358683705535915
 -0.21446637454000000   0.61386311634106387
 -0.21346637454000000   0.61412367108134063
 -0.21246637454000000   0.61438247240883028
 -0.21146637454000000   0.61465331427248303
 -0.21046637454000000   0.61491943360584746
 -0.20946637454000000   0.61517313811761332
 -0.20846637454000000   0.61542812705528462
 -0.20746637454000000   0.61569503247528276
 -0.20646637454000000   0.61595218835938508
 -0.20546637454000000   0.61620001970192064
 -0.20446637454000000   0.61645085106909601
 -0.20346637454000000   0.61671219710079288
 -0.20246637454000000   0.61696206597209788
 -0.20146637454000000   0.61720431457458759
 -0.20046637454000000   0.61745003907601436
 -0.19946637454000000   0.61770531564137477
 -0.19846637454000000   0.61794927721981194
 -0.19746637454000000   0.61818601474902265
 -0.19646637454000000   0.61842556860146077
 -0.19546637454000000   0.61867458449075403
 -0.19446637454000000   0.61891384988731271
 -0.19346637454000000   0.61914516556428336
 -0.19246637454000000   0.61937777239817011
 -0.19146637454000000   0.61961984687887707
 -0.19046637454000000   0.61985563908824393
 -0.18946637454000000   0.62008183225482653
 -0.18846637454000000   0.62030736205399450
 -0.18746637454000000   0.62054093835034072
 -0.18646637454000000   0.62077410211245443
 -0.18546637454000000   0.62099318565477313
 -0.18446637454000000   0.62122436853096126
 -0.18346637454000000   0.62144433883930558
 -0.18246637454000000   0.62166052386061902
 -0.18146637454000000   0.62187946472391785
 -0.18046637454000000   0.62210569503557539
 -0.17946637454000000   0.62232450680214292
 -0.17846637454000000   0.62253556534372287
 -0.17746637454000000   0.62274563511053686
 -0.17646637454000000   0.62296147210077098
 -0.17546637454000000   0.62317975703482435
 -0.17446637454000000   0.62338820277859252
 -0.17346637454000000   0.62359211037905195
 -0.17246637454000000   0.62379645264910055
 -0.17146637454000000   0.62400727953339412
 -0.17046637454000000   0.62421667086221145
 -0.16946637454000000   0.62441692093855947
 -0.16846637454000000   0.62461403490871531
 -0.16746637454000000   0.62481212997004278
 -0.16646637454000000   0.62501618202293272
 -0.16546637454000000   0.62521774857559219
 -0.16446637454000000   0.62541095092191462
 -0.16346637454000000   0.62560129138981259
 -0.16246637454000000   0.62579219908076142
 -0.16146637454000000   0.62598843981748073
 -0.16046637454000000   0.62618342473995105
