 -0.32946011409000000   0.55548441676221015
 -0.32846011409000000   0.55547816337163295
 -0.32746011409000000   0.55407326343387408
 -0.32446011409000000   0.56244054750814488
 -0.32346011409000000   0.55590725278135556
 -0.32246011409000000   0.56522811353888489
 -0.32146011409000000   0.56957155365575494
 -0.32046011409000000   0.56991796994556047
 -0.31946011409000000   0.57141073426335671
 -0.31846011409000000   0.57135176305927563
 -0.31746011409000000   0.57136271377110446
 -0.31646011409000000   0.57136330309846155
 -0.31546011409000000   0.57137283739552603
 -0.31446011409000000   0.57137314314320107
 -0.31346011409000000   0.57137509091936580
 -0.31246011409000000   0.57137485791941570
 -0.31146011409000000   0.57139124185253254
 -0.31046011409000000   0.57139791447257695
 -0.30946011409000000   0.57134581231537226
 -0.30846011409000000   0.57141118615730716
 -0.30746011409000000   0.57311816953026835
 -0.30646011409000000   0.57483744328564222
 -0.30546011409000000   0.57694986667526357
 -0.30446011409000000   0.57783338481819152
 -0.30346011409000000   0.57897048613320516
 -0.30246011409000000   0.57887183452744544
 -0.30146011409000000   0.58031320248788703
 -0.30046011409000000   0.58119398592954951
 -0.29946011409000000   0.58217274052936384
 -0.29846011409000000   0.58331809854670759
 -0.29746011409000000   0.58330124234755719
 -0.29646011409000000   0.58330657220078322
 -0.29546011409000000   0.58330848384317146
 -0.29446011409000000   0.58483282945759194
 -0.29346011409000000   0.58556333669750580
 -0.29246011409000000   0.58621668185992956
 -0.29146011409000000   0.58699559399767877
 -0.29046011409000000   0.58777945906277355
 -0.28946011409000000   0.58823288323433955
 -0.28846011409000000   0.58881115388229212
 -0.28746011409000000   0.58946501022860699
 -0.28646011409000000   0.59016960604310422
 -0.28546011409000000   0.59093982400834396
 -0.28446011409000000   0.59143668235723989
 -0.28346011409000000   0.59218858019320642
 -0.28246011409000000   0.59294197908464338
 -0.28146011409000000   0.59377724523312971
 -0.28046011409000000   0.59474201761971656
 -0.27946011409000000   0.59692096899729756
 -0.27846011409000000   0.60007004667918341
 -0.27746011409000000   0.60002684844882751
 -0.27646011409000000   0.60005778454211363
 -0.27546011409000000   0.60004716996540741
 -0.27446011409000000   0.59996930398330231
 -0.27346011409000000   0.60000772806652056
 -0.27246011409000000   0.60000644313476593
 -0.27146011409000000   0.60000932713901485
 -0.27046011409000000   0.59998190787212702
 -0.26946011409000000   0.60001896163091874
 -0.26846011409000000   0.60001789526065552
 -0.26746011409000000   0.59998881204576327
 -0.26646011409000000   0.59998948417723336
 -0.26546011409000000   0.60000358105122494
 -0.26446011409000000   0.60001399019742665
 -0.26346011409000000   0.60001008810451481
 -0.26246011409000000   0.60000607189139937
 -0.26146011409000000   0.60000398314881332
 -0.26046011409000000   0.60000319668985987
 -0.25946011409000000   0.60000241985394967
 -0.25846011409000000   0.60000042173160610
 -0.25746011409000000   0.59999667635657442
 -0.25646011409000000   0.59999284226880576
 -0.25546011409000000   0.59999414847185184
 -0.25446011409000000   0.59999697755261054
 -0.25346011409000000   0.60001618746463444
 -0.25246011409000000   0.60002159020747999
 -0.25146011409000000   0.59998236465377650
 -0.25046011409000000   0.60001168480975733
 -0.24946011409000000   0.60001121862637450
 -0.24846011409000000   0.59997353205357175
 -0.24746011409000000   0.60004055462011752
 -0.24646011409000000   0.59996835553475035
 -0.24546011409000000   0.60004643721231777
 -0.24446011409000000   0.59997436459370274
 -0.24346011409000000   0.59997079978707550
 -0.24246011409000000   0.60000727862432075
 -0.24146011409000000   0.60001066173946076
 -0.24046011409000000   0.60002451249880778
 -0.23946011409000000   0.60008074661397431
 -0.23846011409000000   0.60441411810519204
 -0.23746011409000000   0.60522180596613212
 -0.23646011409000000   0.60585857959521287
 -0.23546011409000000   0.60634467893576012
 -0.23446011409000000   0.60686154011920595
 -0.23346011409000000   0.60725696076394583
 -0.23246011409000000   0.60769410979873777
 -0.23146011409000000   0.60805278718304633
 -0.23046011409000000   0.60839618710302412
 -0.22946011409000000   0.60880226121329048
 -0.22846011409000000   0.60911758187556414
 -0.22746011409000000   0.60943291299780076
 -0.22646011409000000   0.60980495180651457
 -0.22546011409000000   0.61009868576225407
 -0.22446011409000000   0.61038933347658290
 -0.22346011409000000   0.61074547335192047
 -0.22246011409000000   0.61102811279288639
 -0.22146011409000000   0.61129179313544164
 -0.22046011409000000   0.61160366766993429
 -0.21946011409000000   0.61190446640269133
 -0.21846011409000000   0.61215891123736980
 -0.21746011409000000   0.61241127199195590
 -0.21646011409000000   0.61272903372329012
 -0.21546011409000000   0.61297334511715253
 -0.21446011409000000   0.61322450112117508
 -0.21346011409000000   0.61347267587224826
 -0.21246011409000000   0.61376820820346669
 -0.21146011409000000   0.61399708385106528
 -0.21046011409000000   0.61423704790983222
 -0.20946011409000000   0.61446651618719443
 -0.20846011409000000   0.61475281266147023
 -0.20746011409000000   0.61497200327168358
 -0.20646011409000000   0.61521046177455183
 -0.20546011409000000   0.61535725314405267
 -0.20446011409000000   0.61565487827632689
 -0.20346011409000000   0.61587121826447648
 -0.20246011409000000   0.61608985958944313
 -0.20146011409000000   0.61629335900592650
 -0.20046011409000000   0.61651327106067073
 -0.19946011409000000   0.61676097919256707
 -0.19846011409000000   0.61695109091298626
 -0.19746011409000000   0.61715536669135281
 -0.19646011409000000   0.61734045172583507
 -0.19546011409000000   0.61757207439105055
 -0.19446011409000000   0.61778080227352215
 -0.19346011409000000   0.61795937935728009
 -0.19246011409000000   0.61814929702488331
 -0.19146011409000000   0.61832376102958518
 -0.19046011409000000   0.61851972988711908
 -0.18946011409000000   0.61874024086266183
 -0.18846011409000000   0.61891044796116723
 -0.18746011409000000   0.61908467041115653
 -0.18646011409000000   0.61925351489543201
 -0.18546011409000000   0.61942067078687616
 -0.18446011409000000   0.61962850643677731
 -0.18346011409000000   0.61980235682315125
 -0.18246011409000000   0.61995555994561094
 -0.18146011409000000   0.62012307145653551
 -0.18046011409000000   0.62027242232232153
 -0.17946011409000000   0.62043495476992769
 -0.17846011409000000   0.62062754136633165
 -0.17746011409000000   0.62078258628121840
 -0.17646011409000000   0.62092400106790060
 -0.17546011409000000   0.62107901787747073
 -0.17446011409000000   0.62121774827456220
 -0.17346011409000000   0.62136361259195000
 -0.17246011409000000   0.62151213502614894
 -0.17146011409000000   0.62168609687782094
 -0.17046011409000000   0.62182896233012466
 -0.16946011409000000   0.62195592241516070
 -0.16846011409000000   0.62209423913684576
 -0.16746011409000000   0.62222807347810033
 -0.16646011409000000   0.62235034142979800
 -0.16546011409000000   0.62248453473350917
 -0.16446011409000000   0.62264070927260487
 -0.16346011409000000   0.62277249533979590
 -0.16246011409000000   0.62288828562160310
 -0.16146011409000000   0.62300737561287238
 -0.16046011409000000   0.62313346057264529
