 -0.35890031035000000   0.55919350795372570
 -0.35790031035000000   0.55969746244379424
 -0.35690031035000000   0.56018089717526704
 -0.35590031035000000   0.56068100383302035
 -0.35490031035000000   0.56116101183260775
 -0.35390031035000000   0.56165656973053502
 -0.35290031035000000   0.56213393374716149
 -0.35190031035000000   0.56262418082231528
 -0.35090031035000000   0.56309972481065344
 -0.34990031035000000   0.56358382519111503
 -0.34890031035000000   0.56405546130632370
 -0.34790031035000000   0.56453714070165988
 -0.34690031035000000   0.56500373563107709
 -0.34590031035000000   0.56548567274981380
 -0.34490031035000000   0.56594522457622130
 -0.34390031035000000   0.56641388084740043
 -0.34290031035000000   0.56689883733665775
 -0.34190031035000000   0.56734838483161016
 -0.34090031035000000   0.56782848804348012
 -0.33990031035000000   0.56829032162394056
 -0.33890031035000000   0.56873479124789595
 -0.33790031035000000   0.56920966177071463
 -0.33690031035000000   0.56966231614584044
 -0.33590031035000000   0.57011226176268962
 -0.33490031035000000   0.57056555365350693
 -0.33390031035000000   0.57102102471232692
 -0.33290031035000000   0.57145717950444444
 -0.33190031035000000   0.57192122041773178
 -0.33090031035000000   0.57235742259042227
 -0.32990031035000000   0.57281571698863845
 -0.32890031035000000   0.57324961170478901
 -0.32790031035000000   0.57369523351749669
 -0.32690031035000000   0.57413495638349031
 -0.32590031035000000   0.57456681385348456
 -0.32490031035000000   0.57501406332252300
 -0.32390031035000000   0.57543574774106358
 -0.32290031035000000   0.57588609098100686
 -0.32190031035000000   0.57630341432460099
 -0.32090031035000000   0.57674702011788274
 -0.31990031035000000   0.57716662984425263
 -0.31890031035000000   0.57759500223915333
 -0.31790031035000000   0.57802341288447603
 -0.31690031035000000   0.57844853612061814
 -0.31590031035000000   0.57885832946667432
 -0.31490031035000000   0.57929531509852684
 -0.31390031035000000   0.57970041458503241
 -0.31290031035000000   0.58012852381371398
 -0.31190031035000000   0.58053876767990334
 -0.31090031035000000   0.58096088454203137
 -0.30990031035000000   0.58135972653017378
 -0.30890031035000000   0.58178141753269345
 -0.30790031035000000   0.58218555569008610
 -0.30690031035000000   0.58258816141727027
 -0.30590031035000000   0.58300519419396722
 -0.30490031035000000   0.58339630812242329
 -0.30390031035000000   0.58381407363824219
 -0.30290031035000000   0.58420619731807518
 -0.30190031035000000   0.58460545140329097
 -0.30090031035000000   0.58501060693886161
 -0.29990031035000000   0.58539483329245743
 -0.29890031035000000   0.58580532028057169
 -0.29790031035000000   0.58618878781691432
 -0.29690031035000000   0.58658116334599645
 -0.29590031035000000   0.58697802938872107
 -0.29490031035000000   0.58735463912689297
 -0.29390031035000000   0.58775665334563740
 -0.29290031035000000   0.58813363570986586
 -0.29190031035000000   0.58851558562867790
 -0.29090031035000000   0.58890767144056549
 -0.28990031035000000   0.58927624059176772
 -0.28890031035000000   0.58966762471033873
 -0.28790031035000000   0.59003931325547295
 -0.28690031035000000   0.59041193752560351
 -0.28590031035000000   0.59079823844354546
 -0.28490031035000000   0.59115945906742983
 -0.28390031035000000   0.59153927540808846
 -0.28290031035000000   0.59190978972284935
 -0.28190031035000000   0.59226829292654406
 -0.28090031035000000   0.59264996895124523
 -0.27990031035000000   0.59300525661538668
 -0.27890031035000000   0.59336708049347069
 -0.27790031035000000   0.59373813453937214
 -0.27690031035000000   0.59409946531165633
 -0.27590031035000000   0.59444894472428719
 -0.27490031035000000   0.59482071497287613
 -0.27390031035000000   0.59517084514140929
 -0.27290031035000000   0.59551989555405844
 -0.27190031035000000   0.59588689621096074
 -0.27090031035000000   0.59622925706563084
 -0.26990031035000000   0.59657910859369643
 -0.26890031035000000   0.59693812416711053
 -0.26790031035000000   0.59727517496820943
 -0.26690031035000000   0.59762570838736608
 -0.26590031035000000   0.59797612141164801
 -0.26490031035000000   0.59830947368690965
 -0.26390031035000000   0.59866057686164676
 -0.26290031035000000   0.59900450176679052
 -0.26190031035000000   0.59933807403998042
 -0.26090031035000000   0.59970885386889730
 -0.25990031035000000   0.60000318622243836
 -0.25890031035000000   0.60028883368590099
 -0.25790031035000000   0.60065251804946712
 -0.25690031035000000   0.60098878803772209
 -0.25590031035000000   0.60131124667479966
 -0.25490031035000000   0.60165097341569211
 -0.25390031035000000   0.60197797015512391
 -0.25290031035000000   0.60229420346765727
 -0.25190031035000000   0.60262759301286523
 -0.25090031035000000   0.60295033953707551
 -0.24990031035000000   0.60326170268559981
 -0.24890031035000000   0.60358873504597688
 -0.24790031035000000   0.60390876932587599
 -0.24690031035000000   0.60421599637204915
 -0.24590031035000000   0.60453414390673427
 -0.24490031035000000   0.60485424252330675
 -0.24390031035000000   0.60515685724372796
 -0.24290031035000000   0.60546653230836379
 -0.24190031035000000   0.60578529300712224
 -0.24090031035000000   0.60608477612681883
 -0.23990031035000000   0.60638596621697372
 -0.23890031035000000   0.60670170973728397
 -0.23790031035000000   0.60699977143329630
 -0.23690031035000000   0.60729356034649227
 -0.23590031035000000   0.60760267010119797
 -0.23490031035000000   0.60790166907662237
 -0.23390031035000000   0.60818992811623212
 -0.23290031035000000   0.60848842225617640
 -0.23190031035000000   0.60878975834451351
 -0.23090031035000000   0.60907452744362513
 -0.22990031035000000   0.60936171005215499
 -0.22890031035000000   0.60966195863470228
 -0.22790031035000000   0.60994654451448574
 -0.22690031035000000   0.61022553819109122
 -0.22590031035000000   0.61051671483575138
 -0.22490031035000000   0.61080507612127331
 -0.22390031035000000   0.61107963508304530
 -0.22290031035000000   0.61135765217454278
 -0.22190031035000000   0.61164712308886189
 -0.22090031035000000   0.61192173649274299
 -0.21990031035000000   0.61219079909139532
 -0.21890031035000000   0.61247010239462779
 -0.21790031035000000   0.61274986086359906
 -0.21690031035000000   0.61301527963058739
 -0.21590031035000000   0.61328104216703888
 -0.21490031035000000   0.61355249544848787
 -0.21390031035000000   0.61382897283420512
 -0.21290031035000000   0.61409068709381260
 -0.21190031035000000   0.61434898392632987
 -0.21090031035000000   0.61461722834691102
 -0.20990031035000000   0.61488474229448265
 -0.20890031035000000   0.61513914693271820
 -0.20790031035000000   0.61539313321867280
 -0.20690031035000000   0.61565794776509511
 -0.20590031035000000   0.61591690927863314
 -0.20490031035000000   0.61616520706778485
 -0.20390031035000000   0.61641470977598663
 -0.20290031035000000   0.61667449071579073
 -0.20190031035000000   0.61692624045373240
 -0.20090031035000000   0.61716888774537488
 -0.19990031035000000   0.61741322305527551
 -0.19890031035000000   0.61766160863675977
 -0.19790031035000000   0.61790414585154682
 -0.19690031035000000   0.61815545699162908
 -0.19590031035000000   0.61839746584569457
 -0.19490031035000000   0.61863183219710385
 -0.19390031035000000   0.61886776553596497
 -0.19290031035000000   0.61911249641338593
 -0.19190031035000000   0.61935055032275132
 -0.19090031035000000   0.61957973506073413
 -0.18990031035000000   0.61980872362005589
 -0.18890031035000000   0.62004569535377836
 -0.18790031035000000   0.62028070938155768
 -0.18690031035000000   0.62050534844041505
 -0.18590031035000000   0.62072773585336391
 -0.18490031035000000   0.62095539187661100
 -0.18390031035000000   0.62118701703210940
 -0.18290031035000000   0.62140857956530585
 -0.18190031035000000   0.62162516921398797
 -0.18090031035000000   0.62184316711410383
 -0.17990031035000000   0.62206826601971909
 -0.17890031035000000   0.62228877752560776
 -0.17790031035000000   0.62250073854167324
 -0.17690031035000000   0.62271090332409664
 -0.17590031035000000   0.62292529397843275
 -0.17490031035000000   0.62314376930052693
 -0.17390031035000000   0.62335386915574824
 -0.17290031035000000   0.62355838492265787
 -0.17190031035000000   0.62376253788971623
 -0.17090031035000000   0.62397204113315352
 -0.16990031035000000   0.62418232840534303
 -0.16890031035000000   0.62438399197055939
 -0.16790031035000000   0.62458165013847397
 -0.16690031035000000   0.62477948329834486
 -0.16590031035000000   0.62498250697616805
 -0.16490031035000000   0.62518507264536011
 -0.16390031035000000   0.62537959988396776
 -0.16290031035000000   0.62557052003524968
 -0.16190031035000000   0.62576135740759877
 -0.16090031035000000   0.62595667027841635
 -0.15990031035000000   0.62615243957043199
