 -0.36199939961000000   0.49891980916848224
 -0.35299939961000000   0.53841612497217054
 -0.35199939961000000   0.54253691313661331
 -0.35099939961000000   0.54541021287866660
 -0.34999939961000000   0.54543216937539977
 -0.34899939961000000   0.54543723044447990
 -0.34799939961000000   0.54835971239903682
 -0.34699939961000000   0.55001005281242305
 -0.34599939961000000   0.55175440390407892
 -0.34499939961000000   0.55391072187399159
 -0.34399939961000000   0.55551762547341809
 -0.34299939961000000   0.55549424890941903
 -0.34199939961000000   0.55550602526497622
 -0.34099939961000000   0.55548440615945305
 -0.33999939961000000   0.55553300564845857
 -0.33899939961000000   0.55852104857697802
 -0.33799939961000000   0.55979920651001870
 -0.33699939961000000   0.56082911841496192
 -0.33599939961000000   0.56186778881194214
 -0.33499939961000000   0.56245006308660772
 -0.33399939961000000   0.56351292252633500
 -0.33299939961000000   0.56443896677734791
 -0.33199939961000000   0.56533002013582176
 -0.33099939961000000   0.56628626680194266
 -0.32999939961000000   0.56721155008243941
 -0.32899939961000000   0.56821778789810846
 -0.32799939961000000   0.57136275099260242
 -0.32699939961000000   0.57138078961787570
 -0.32599939961000000   0.57142678036142841
 -0.32499939961000000   0.57140886496108342
 -0.32399939961000000   0.57141233459328964
 -0.32299939961000000   0.57138525353919220
 -0.32199939961000000   0.57137584018555829
 -0.32099939961000000   0.57140489833416807
 -0.31999939961000000   0.57139805391089394
 -0.31899939961000000   0.57137810074799274
 -0.31799939961000000   0.57309528436828506
 -0.31699939961000000   0.57449418588107244
 -0.31599939961000000   0.57534024997931514
 -0.31499939961000000   0.57611775051062799
 -0.31399939961000000   0.57685299599523827
 -0.31299939961000000   0.57743957805165597
 -0.31199939961000000   0.57812500870355307
 -0.31099939961000000   0.57879931346042079
 -0.30999939961000000   0.57933186946860789
 -0.30899939961000000   0.57997833210275665
 -0.30799939961000000   0.58054538191724943
 -0.30699939961000000   0.58115623175639269
 -0.30599939961000000   0.58177723827399205
 -0.30499939961000000   0.58231889006741622
 -0.30399939961000000   0.58303774163714139
 -0.30299939961000000   0.58332146875441639
 -0.30199939961000000   0.58386496352772560
 -0.30099939961000000   0.58440397305905445
 -0.29999939961000000   0.58500169594628829
 -0.29899939961000000   0.58551432180016365
 -0.29799939961000000   0.58607429388531788
 -0.29699939961000000   0.58658713453011331
 -0.29599939961000000   0.58712319388585560
 -0.29499939961000000   0.58765427602944751
 -0.29399939961000000   0.58823920695407467
 -0.29299939961000000   0.58867915766409756
 -0.29199939961000000   0.58917461592217367
 -0.29099939961000000   0.58970822211728724
 -0.28999939961000000   0.59018825554012388
 -0.28899939961000000   0.59072420215451834
 -0.28799939961000000   0.59119750746510350
 -0.28699939961000000   0.59173070082998841
 -0.28599939961000000   0.59221021796091701
 -0.28499939961000000   0.59275265806623313
 -0.28399939961000000   0.59324111959669379
 -0.28299939961000000   0.59380046738776310
 -0.28199939961000000   0.59431160217381816
 -0.28099939961000000   0.59491957819105345
 -0.27999939961000000   0.59548389663841485
 -0.27899939961000000   0.59621574524292153
 -0.27799939961000000   0.59727102891654366
 -0.27699939961000000   0.59998585055375334
 -0.27599939961000000   0.60000790499163583
 -0.27499939961000000   0.59997422865582069
 -0.27399939961000000   0.59999186570407875
 -0.27299939961000000   0.60001558191471219
 -0.27199939961000000   0.60001625474829903
 -0.27099939961000000   0.59998098312147236
 -0.26999939961000000   0.60001429789011770
 -0.26899939961000000   0.60002194786348451
 -0.26799939961000000   0.60001112145193316
 -0.26699939961000000   0.60000364813085546
 -0.26599939961000000   0.60000266867884565
 -0.26499939961000000   0.60000469050885481
 -0.26399939961000000   0.60000670526855351
 -0.26299939961000000   0.60000577861881949
 -0.26199939961000000   0.59999873384184098
 -0.26099939961000000   0.59998825532658614
 -0.25999939961000000   0.59999274973816158
 -0.25899939961000000   0.60002537559046998
 -0.25799939961000000   0.60001713962472914
 -0.25699939961000000   0.59997015912586352
 -0.25599939961000000   0.60004290858222760
 -0.25499939961000000   0.59995964349028309
 -0.25399939961000000   0.60002226292979990
 -0.25299939961000000   0.60003980120656539
 -0.25199939961000000   0.60007551793122089
 -0.25099939961000000   0.60298266957198861
 -0.24999939961000000   0.60375761602311523
 -0.24899939961000000   0.60428442091084549
 -0.24799939961000000   0.60481481221574074
 -0.24699939961000000   0.60522344648577023
 -0.24599939961000000   0.60567201705917294
 -0.24499939961000000   0.60604924673438538
 -0.24399939961000000   0.60641224957063314
 -0.24299939961000000   0.60682262188447557
 -0.24199939961000000   0.60716283122499494
 -0.24099939961000000   0.60752183355896680
 -0.23999939961000000   0.60789193616031027
 -0.23899939961000000   0.60820413266546856
 -0.23799939961000000   0.60852468894772693
 -0.23699939961000000   0.60889080629347984
 -0.23599939961000000   0.60919128071299663
 -0.23499939961000000   0.60950049881858247
 -0.23399939961000000   0.60984870748067749
 -0.23299939961000000   0.61013742619368344
 -0.23199939961000000   0.61042780108529866
 -0.23099939961000000   0.61077447428262672
 -0.22999939961000000   0.61105325597515812
 -0.22899939961000000   0.61132686893503388
 -0.22799939961000000   0.61166156184178829
 -0.22699939961000000   0.61193573018666034
 -0.22599939961000000   0.61220416738933607
 -0.22499939961000000   0.61248858830099093
 -0.22399939961000000   0.61280344467920421
 -0.22299939961000000   0.61306027268076027
 -0.22199939961000000   0.61331525712175501
 -0.22099939961000000   0.61360678468754353
 -0.21999939961000000   0.61389375531101595
 -0.21899939961000000   0.61414257153578710
 -0.21799939961000000   0.61438844125969103
 -0.21699939961000000   0.61468841446627960
 -0.21599939961000000   0.61494290162962730
 -0.21499939961000000   0.61518607928946761
 -0.21399939961000000   0.61539654952630150
 -0.21299939961000000   0.61570277305867074
 -0.21199939961000000   0.61594468613512513
 -0.21099939961000000   0.61617999271076992
 -0.20999939961000000   0.61640827249850261
 -0.20899939961000000   0.61668637297670716
 -0.20799939961000000   0.61691524699059574
 -0.20699939961000000   0.61714192289415476
 -0.20599939961000000   0.61736063619219676
 -0.20499939961000000   0.61762643796816285
 -0.20399939961000000   0.61785893280404867
 -0.20299939961000000   0.61807022610182810
 -0.20199939961000000   0.61828331980829614
 -0.20099939961000000   0.61850454012366199
 -0.19999939961000000   0.61875686078752148
 -0.19899939961000000   0.61896115276492602
 -0.19799939961000000   0.61917011586301761
 -0.19699939961000000   0.61936973277180418
 -0.19599939961000000   0.61960888002743495
 -0.19499939961000000   0.61982374341560642
 -0.19399939961000000   0.62001815636724462
 -0.19299939961000000   0.62021375299695852
 -0.19199939961000000   0.62041193473497566
 -0.19099939961000000   0.62064428014972362
 -0.18999939961000000   0.62083680847065095
 -0.18899939961000000   0.62102749907470669
 -0.18799939961000000   0.62121736036096726
 -0.18699939961000000   0.62139738710234042
 -0.18599939961000000   0.62160736663893046
 -0.18499939961000000   0.62181055048611224
 -0.18399939961000000   0.62198457667454667
 -0.18299939961000000   0.62216543071431178
 -0.18199939961000000   0.62233608540756381
 -0.18099939961000000   0.62252566251219195
 -0.17999939961000000   0.62272799646338678
 -0.17899939961000000   0.62289613320180599
 -0.17799939961000000   0.62306549549838937
 -0.17699939961000000   0.62323155831764673
 -0.17599939961000000   0.62339680656576735
 -0.17499939961000000   0.62359044028465455
 -0.17399939961000000   0.62376602257034577
 -0.17299939961000000   0.62392294273551597
 -0.17199939961000000   0.62408700869747141
 -0.17099939961000000   0.62424340320384024
 -0.16999939961000000   0.62441256559959998
 -0.16899939961000000   0.62460897963340554
 -0.16799939961000000   0.62487973761748395
 -0.16699939961000000   0.62498309925564377
 -0.16599939961000000   0.62500269109285250
 -0.16499939961000000   0.62501834832422680
