 -0.36123152561000000   0.55780393056070322
 -0.36023152561000000   0.55830372384675537
 -0.35923152561000000   0.55884722341044750
 -0.35823152561000000   0.55934800036877497
 -0.35723152561000000   0.55988516553770164
 -0.35623152561000000   0.56037552332165541
 -0.35523152561000000   0.56090981170358084
 -0.35423152561000000   0.56139461737476493
 -0.35323152561000000   0.56192455434255959
 -0.35223152561000000   0.56240573406759908
 -0.35123152561000000   0.56293046168799371
 -0.35023152561000000   0.56340872079989288
 -0.34923152561000000   0.56392796680349329
 -0.34823152561000000   0.56440324936225272
 -0.34723152561000000   0.56491723709937250
 -0.34623152561000000   0.56538908829047561
 -0.34523152561000000   0.56587924516512098
 -0.34423152561000000   0.56638968859410469
 -0.34323152561000000   0.56685231871888664
 -0.34223152561000000   0.56733912362838660
 -0.34123152561000000   0.56784202263885085
 -0.34023152561000000   0.56830182829403778
 -0.33923152561000000   0.56879738076659744
 -0.33823152561000000   0.56925440355957358
 -0.33723152561000000   0.56974517478479124
 -0.33623152561000000   0.57020107651085618
 -0.33523152561000000   0.57068455001417477
 -0.33423152561000000   0.57114705206987394
 -0.33323152561000000   0.57158620293117451
 -0.33223152561000000   0.57206123784603402
 -0.33123152561000000   0.57251221204581506
 -0.33023152561000000   0.57299269759952009
 -0.32923152561000000   0.57342993436380376
 -0.32823152561000000   0.57390839156736636
 -0.32723152561000000   0.57434134154491720
 -0.32623152561000000   0.57481409619299969
 -0.32523152561000000   0.57524615660743604
 -0.32423152561000000   0.57570779277514102
 -0.32323152561000000   0.57615352792632360
 -0.32223152561000000   0.57658554795661444
 -0.32123152561000000   0.57703411051116646
 -0.32023152561000000   0.57746024303190576
 -0.31923152561000000   0.57791751513721971
 -0.31823152561000000   0.57833469903982290
 -0.31723152561000000   0.57878842700159987
 -0.31623152561000000   0.57921162574178536
 -0.31523152561000000   0.57964149611681772
 -0.31423152561000000   0.58007641512845455
 -0.31323152561000000   0.58048952465017148
 -0.31223152561000000   0.58093501850504705
 -0.31123152561000000   0.58133998992210239
 -0.31023152561000000   0.58178213729926066
 -0.30923152561000000   0.58218823442057814
 -0.30823152561000000   0.58261083633283105
 -0.30723152561000000   0.58302902689210751
 -0.30623152561000000   0.58343114859234374
 -0.30523152561000000   0.58384337179215831
 -0.30423152561000000   0.58427673389448958
 -0.30323152561000000   0.58467041114122757
 -0.30223152561000000   0.58508570648501435
 -0.30123152561000000   0.58549140039657199
 -0.30023152561000000   0.58588327227237073
 -0.29923152561000000   0.58629153673447364
 -0.29823152561000000   0.58669848258795813
 -0.29723152561000000   0.58709910955062957
 -0.29623152561000000   0.58748305846013066
 -0.29523152561000000   0.58789958293223080
 -0.29423152561000000   0.58827755067400254
 -0.29323152561000000   0.58867890832739755
 -0.29223152561000000   0.58906883717904515
 -0.29123152561000000   0.58944504272155317
 -0.29023152561000000   0.58985273492009890
 -0.28923152561000000   0.59022299796115274
 -0.28823152561000000   0.59061327140859291
 -0.28723152561000000   0.59099811626489097
 -0.28623152561000000   0.59136453050804234
 -0.28523152561000000   0.59176387332867775
 -0.28423152561000000   0.59212834301227635
 -0.28323152561000000   0.59250551748545762
 -0.28223152561000000   0.59288611782541211
 -0.28123152561000000   0.59324347521248089
 -0.28023152561000000   0.59363210542269761
 -0.27923152561000000   0.59399301455345025
 -0.27823152561000000   0.59436932185888535
 -0.27723152561000000   0.59472039614185149
 -0.27623152561000000   0.59509221255233810
 -0.27523152561000000   0.59545827312805481
 -0.27423152561000000   0.59580548380174116
 -0.27323152561000000   0.59617479118460708
 -0.27223152561000000   0.59652498968178518
 -0.27123152561000000   0.59690019052532728
 -0.27023152561000000   0.59724264920177756
 -0.26923152561000000   0.59759769078656218
 -0.26823152561000000   0.59796266752743479
 -0.26723152561000000   0.59830306255816094
 -0.26623152561000000   0.59866900699277672
 -0.26523152561000000   0.59902903240933626
 -0.26423152561000000   0.59939294015569069
 -0.26323152561000000   0.60002843462840133
 -0.26223152561000000   0.60000393507228151
 -0.26123152561000000   0.59997986664585058
 -0.26023152561000000   0.60059098013820693
 -0.25923152561000000   0.60096481817980673
 -0.25823152561000000   0.60130044840531983
 -0.25723152561000000   0.60165650524345603
 -0.25623152561000000   0.60199017301821772
 -0.25523152561000000   0.60231111949222874
 -0.25423152561000000   0.60265760569604692
 -0.25323152561000000   0.60298274560247814
 -0.25223152561000000   0.60329731687010047
 -0.25123152561000000   0.60363632407154448
 -0.25023152561000000   0.60395713420317243
 -0.24923152561000000   0.60426635959543568
 -0.24823152561000000   0.60459812449819527
 -0.24723152561000000   0.60491621299727881
 -0.24623152561000000   0.60522037896271581
 -0.24523152561000000   0.60554345793943454
 -0.24423152561000000   0.60586079787878009
 -0.24323152561000000   0.60616022047512871
 -0.24223152561000000   0.60647295993691415
 -0.24123152561000000   0.60679094340778940
 -0.24023152561000000   0.60708616650591379
 -0.23923152561000000   0.60738795457758623
 -0.23823152561000000   0.60770577023274788
 -0.23723152561000000   0.60799835121376372
 -0.23623152561000000   0.60829033618224973
 -0.23523152561000000   0.60860373977217913
 -0.23423152561000000   0.60888550300834486
 -0.23323152561000000   0.60918740687417573
 -0.23223152561000000   0.60947497905743042
 -0.23123152561000000   0.60978213086243490
 -0.23023152561000000   0.61006762096939394
 -0.22923152561000000   0.61034680805819219
 -0.22823152561000000   0.61064322846271028
 -0.22723152561000000   0.61093400422446042
 -0.22623152561000000   0.61120836472150974
 -0.22523152561000000   0.61148866096007297
 -0.22423152561000000   0.61178378053978981
 -0.22323152561000000   0.61205706376704310
 -0.22223152561000000   0.61232633486209289
 -0.22123152561000000   0.61261202936328320
 -0.22023152561000000   0.61289197385293827
 -0.21923152561000000   0.61315628160854348
 -0.21823152561000000   0.61342424689223241
 -0.21723152561000000   0.61370830827834228
 -0.21623152561000000   0.61396771192949226
 -0.21523152561000000   0.61424566263765497
 -0.21423152561000000   0.61450417913049518
 -0.21323152561000000   0.61476086882343670
 -0.21223152561000000   0.61503277370237706
 -0.21123152561000000   0.61529901678501301
 -0.21023152561000000   0.61554885306356340
 -0.20923152561000000   0.61581811725672138
 -0.20823152561000000   0.61606875451015658
 -0.20723152561000000   0.61631615436411197
 -0.20623152561000000   0.61657507658068186
 -0.20523152561000000   0.61683600735233700
 -0.20423152561000000   0.61708002044560084
 -0.20323152561000000   0.61732199011412543
 -0.20223152561000000   0.61757578635778853
 -0.20123152561000000   0.61782978577940499
 -0.20023152561000000   0.61806797107393026
 -0.19923152561000000   0.61830417702153796
 -0.19823152561000000   0.61855104944509746
 -0.19723152561000000   0.61879968319145834
 -0.19623152561000000   0.61903265170488346
 -0.19523152561000000   0.61926287446725568
 -0.19423152561000000   0.61950116833979552
 -0.19323152561000000   0.61974536841105144
 -0.19223152561000000   0.61997410269103781
 -0.19123152561000000   0.62019844657610940
 -0.19023152561000000   0.62042698686264659
 -0.18923152561000000   0.62066588888388033
 -0.18823152561000000   0.62089228020422566
 -0.18723152561000000   0.62111104644737603
 -0.18623152561000000   0.62133022329662922
 -0.18523152561000000   0.62156014167082331
 -0.18423152561000000   0.62178646065440675
 -0.18323152561000000   0.62200054594278643
 -0.18223152561000000   0.62221243455083014
 -0.18123152561000000   0.62242946637167151
 -0.18023152561000000   0.62265409265645757
 -0.17923152561000000   0.62286685843701743
 -0.17823152561000000   0.62307306948941429
 -0.17723152561000000   0.62327890315842925
 -0.17623152561000000   0.62349297581088267
 -0.17523152561000000   0.62370793550122074
 -0.17423152561000000   0.62391079064544092
 -0.17323152561000000   0.62411000140434117
 -0.17223152561000000   0.62430991378842468
 -0.17123152561000000   0.62451834167991351
 -0.17023152561000000   0.62472410047293220
 -0.16923152561000000   0.62491936939256851
 -0.16823152561000000   0.62511117174842658
 -0.16723152561000000   0.62530437289812548
 -0.16623152561000000   0.62550450601781306
 -0.16523152561000000   0.62569289653345762
 -0.16423152561000000   0.62588512485275406
 -0.16323152561000000   0.62608325342816137
 -0.16223152561000000   0.62627330705242942
