 -0.31193189721000000   0.57138118899253119
 -0.31093189721000000   0.57137136771316273
 -0.30993189721000000   0.57136908557832842
 -0.30893189721000000   0.57140564946460936
 -0.30793189721000000   0.57140247102583085
 -0.30693189721000000   0.57136763953846846
 -0.30593189721000000   0.57135904750628361
 -0.30493189721000000   0.57136236873989595
 -0.30393189721000000   0.57113781238625707
 -0.29693189721000000   0.57906216549819948
 -0.29593189721000000   0.57897024172005075
 -0.29493189721000000   0.58243223528411372
 -0.29393189721000000   0.58234044286199368
 -0.29293189721000000   0.58331364605887197
 -0.29193189721000000   0.58332330095264367
 -0.29093189721000000   0.58329619113217067
 -0.28993189721000000   0.58329906126071883
 -0.28893189721000000   0.58066060222835018
 -0.28793189721000000   0.58456554883087638
 -0.28693189721000000   0.58652904069080373
 -0.28593189721000000   0.58824973098121570
 -0.28493189721000000   0.58823537276673335
 -0.28393189721000000   0.58822968874351921
 -0.28293189721000000   0.58978072999223792
 -0.28193189721000000   0.59094080268259570
 -0.28093189721000000   0.59101883558253309
 -0.27993189721000000   0.59255248720428331
 -0.27893189721000000   0.59345821279342265
 -0.27793189721000000   0.59857298273869075
 -0.27693189721000000   0.60006226153636239
 -0.27593189721000000   0.59996994476153557
 -0.27493189721000000   0.60005503838089267
 -0.27393189721000000   0.60004443178967743
 -0.27293189721000000   0.60002982172382159
 -0.27193189721000000   0.59996573739070518
 -0.27093189721000000   0.60002234176736208
 -0.26993189721000000   0.59999177089944997
 -0.26893189721000000   0.60001578622739631
 -0.26793189721000000   0.59999848092939895
 -0.26693189721000000   0.59998694171150424
 -0.26593189721000000   0.60001866387612506
 -0.26493189721000000   0.60001108623598306
 -0.26393189721000000   0.59998418433077088
 -0.26293189721000000   0.59999355104272444
 -0.26193189721000000   0.60001103646613011
 -0.26093189721000000   0.60001184649886246
 -0.25993189721000000   0.60001151253009344
 -0.25893189721000000   0.60000620248242976
 -0.25793189721000000   0.60000198627221702
 -0.25693189721000000   0.60000034589693568
 -0.25593189721000000   0.60000205235397409
 -0.25493189721000000   0.60000148396109679
 -0.25393189721000000   0.60000092285433140
 -0.25293189721000000   0.59999960210765882
 -0.25193189721000000   0.59999708661180275
 -0.25093189721000000   0.59999391230463541
 -0.24993189721000000   0.59999239205487848
 -0.24893189721000000   0.59999640376985882
 -0.24793189721000000   0.60000781698203636
 -0.24693189721000000   0.60001774383557234
 -0.24593189721000000   0.60000946986309091
 -0.24493189721000000   0.59998697246178157
 -0.24393189721000000   0.59998547731461592
 -0.24293189721000000   0.60002002960238210
 -0.24193189721000000   0.60001474778627929
 -0.24093189721000000   0.59997477403054722
 -0.23993189721000000   0.60001608642940356
 -0.23893189721000000   0.60000872566051396
 -0.23793189721000000   0.59997125008998926
 -0.23693189721000000   0.60003815297452498
 -0.23593189721000000   0.59996825155077689
 -0.23493189721000000   0.60004582617361335
 -0.23393189721000000   0.59995978766084230
 -0.23293189721000000   0.60001320278808348
 -0.23193189721000000   0.60005589243804779
 -0.23093189721000000   0.59995402410045741
 -0.22993189721000000   0.59997289299588432
 -0.22893189721000000   0.59996585738840469
 -0.22793189721000000   0.59975063069594308
 -0.22693189721000000   0.59998505974435262
 -0.22593189721000000   0.60521788378781582
 -0.22493189721000000   0.60611150114894717
 -0.22393189721000000   0.60675264954397521
 -0.22293189721000000   0.60723107946838722
 -0.22193189721000000   0.60771626238329916
 -0.22093189721000000   0.60809879141467346
 -0.21993189721000000   0.60847461512889823
 -0.21893189721000000   0.60885868076028968
 -0.21793189721000000   0.60920098942315401
 -0.21693189721000000   0.60955110316614910
 -0.21593189721000000   0.60986301062162876
 -0.21493189721000000   0.61016994802150385
 -0.21393189721000000   0.61044667117505150
 -0.21293189721000000   0.61078978920235854
 -0.21193189721000000   0.61111833486440462
 -0.21093189721000000   0.61129192586325356
 -0.20993189721000000   0.61158012034913120
 -0.20893189721000000   0.61186561726111460
 -0.20793189721000000   0.61210067371402906
 -0.20693189721000000   0.61233092603692836
 -0.20593189721000000   0.61260093246634029
 -0.20493189721000000   0.61286137614651150
 -0.20393189721000000   0.61307555950850385
 -0.20293189721000000   0.61328591361986784
 -0.20193189721000000   0.61352729032416788
 -0.20093189721000000   0.61377976338374608
 -0.19993189721000000   0.61397614527997173
 -0.19893189721000000   0.61419186614680597
 -0.19793189721000000   0.61437980488223590
 -0.19693189721000000   0.61462564400584963
 -0.19593189721000000   0.61483708552352098
 -0.19493189721000000   0.61502463347472562
 -0.19393189721000000   0.61524537603832278
 -0.19293189721000000   0.61536252644043383
 -0.19193189721000000   0.61554782312977105
 -0.19093189721000000   0.61577306522082345
 -0.18993189721000000   0.61594120900891007
 -0.18893189721000000   0.61612629206516906
 -0.18793189721000000   0.61628999482138643
 -0.18693189721000000   0.61645803251067990
 -0.18593189721000000   0.61667277370186974
 -0.18493189721000000   0.61683687005760120
 -0.18393189721000000   0.61698505503449821
 -0.18293189721000000   0.61715203231498227
 -0.18193189721000000   0.61729263896892092
 -0.18093189721000000   0.61745001712248437
 -0.17993189721000000   0.61764308575549257
 -0.17893189721000000   0.61779036757731308
 -0.17793189721000000   0.61792171170277116
 -0.17693189721000000   0.61807338567109707
 -0.17593189721000000   0.61821759904582197
 -0.17493189721000000   0.61834161148361725
 -0.17393189721000000   0.61847720589896554
 -0.17293189721000000   0.61864667181611009
 -0.17193189721000000   0.61878602214794892
 -0.17093189721000000   0.61890439348630525
 -0.16993189721000000   0.61902794635538129
 -0.16893189721000000   0.61916038581154383
 -0.16793189721000000   0.61927209134871187
 -0.16693189721000000   0.61938588935717882
 -0.16593189721000000   0.61951661115010957
 -0.16493189721000000   0.61966091924427103
 -0.16393189721000000   0.61977376793490172
 -0.16293189721000000   0.61987480614801901
 -0.16193189721000000   0.61998033838540509
 -0.16093189721000000   0.62009607040329755
 -0.15993189721000000   0.62019837500360818
 -0.15893189721000000   0.62030243546428981
 -0.15793189721000000   0.62039400411940983
 -0.15693189721000000   0.62048987583627061
 -0.15593189721000000   0.62060208816280871
 -0.15493189721000000   0.62071858394611989
