 -0.28408348271000000   0.59034564502023633
 -0.28108348271000000   0.59698137758378354
 -0.27908348271000000   0.59433961302040009
 -0.27208348271000000   0.59914003601321639
 -0.27008348271000000   0.59775548200831449
 -0.26908348271000000   0.60003889130052068
 -0.26808348271000000   0.60002269228755055
 -0.26708348271000000   0.60004204115365784
 -0.26608348271000000   0.60000612779623398
 -0.26508348271000000   0.60000827118665451
 -0.26408348271000000   0.60000838794182283
 -0.26308348271000000   0.59999618190514675
 -0.26208348271000000   0.60000506332647954
 -0.26108348271000000   0.59998049221337161
 -0.26008348271000000   0.60000775981385916
 -0.25908348271000000   0.59997653395240873
 -0.25808348271000000   0.59998605192121755
 -0.25708348271000000   0.60001610243943760
 -0.25608348271000000   0.60000766766296766
 -0.25508348271000000   0.59998635139524053
 -0.25408348271000000   0.59998673966538474
 -0.25308348271000000   0.59999871083584553
 -0.25208348271000000   0.60000738393520510
 -0.25108348271000000   0.60000795825857272
 -0.25008348271000000   0.60000405006700270
 -0.24908348271000000   0.59999460999793593
 -0.24808348271000000   0.59999455073951798
 -0.24708348271000000   0.59999563712453894
 -0.24608348271000000   0.59999707417783896
 -0.24508348271000000   0.59999855624155110
 -0.24408348271000000   0.60000003674776710
 -0.24308348271000000   0.60000065021462795
 -0.24208348271000000   0.60000240641950908
 -0.24108348271000000   0.60000440334735040
 -0.24008348271000000   0.60000557324568978
 -0.23908348271000000   0.60000419283344233
 -0.23808348271000000   0.59999903388102729
 -0.23708348271000000   0.59999135962433892
 -0.23608348271000000   0.59998605736825655
 -0.23508348271000000   0.59998967201925413
 -0.23408348271000000   0.59999004234434160
 -0.23308348271000000   0.60000873860445043
 -0.23208348271000000   0.60001711729438577
 -0.23108348271000000   0.59999716426353031
 -0.23008348271000000   0.59997801547130592
 -0.22908348271000000   0.60000199296966887
 -0.22808348271000000   0.60001579600188280
 -0.22708348271000000   0.60001392258134008
 -0.22608348271000000   0.59997705148037779
 -0.22508348271000000   0.59998059048585106
 -0.22408348271000000   0.60003116124517853
 -0.22308348271000000   0.59998293022008170
 -0.22208348271000000   0.59998672254326203
 -0.22108348271000000   0.60002171042960039
 -0.22008348271000000   0.59997553070362583
 -0.21908348271000000   0.60000088235043414
 -0.21808348271000000   0.60001996080425076
 -0.21708348271000000   0.59995894186645998
 -0.21608348271000000   0.59999971091101093
 -0.21508348271000000   0.59836757421607512
 -0.21408348271000000   0.59990436159980796
 -0.21308348271000000   0.59995193297234448
 -0.21208348271000000   0.59995218179034714
 -0.21108348271000000   0.60003742159656415
 -0.21008348271000000   0.59979628777113128
 -0.20908348271000000   0.59994959516357727
 -0.20808348271000000   0.59996378015423676
 -0.20708348271000000   0.59448820838395241
 -0.20508348271000000   0.60581466588155292
 -0.20408348271000000   0.60656017226924740
 -0.20308348271000000   0.60716388334510347
 -0.20208348271000000   0.60765103063358042
 -0.20108348271000000   0.60804529527414569
 -0.20008348271000000   0.60838087306898009
 -0.19908348271000000   0.60877398237995346
 -0.19808348271000000   0.60905168078677371
 -0.19708348271000000   0.60932138060965140
 -0.19608348271000000   0.60965021885801309
 -0.19508348271000000   0.60987687681941990
 -0.19408348271000000   0.61013715769102968
 -0.19308348271000000   0.61035084045110541
 -0.19208348271000000   0.61063384027610895
 -0.19108348271000000   0.61083453288107370
 -0.19008348271000000   0.61103024082756247
 -0.18908348271000000   0.61126284514437452
 -0.18808348271000000   0.61143446107142882
 -0.18708348271000000   0.61165598776638743
 -0.18608348271000000   0.61186171353879594
 -0.18508348271000000   0.61202459074263552
 -0.18408348271000000   0.61220348446881013
 -0.18308348271000000   0.61236466332646214
 -0.18208348271000000   0.61252185471407206
 -0.18108348271000000   0.61273522872138489
 -0.18008348271000000   0.61289362398782385
 -0.17908348271000000   0.61302450959371379
 -0.17808348271000000   0.61318602608685091
 -0.17708348271000000   0.61332211756898771
 -0.17608348271000000   0.61345947607500247
 -0.17508348271000000   0.61364474190028801
 -0.17408348271000000   0.61378188097783769
 -0.17308348271000000   0.61391077059791482
 -0.17208348271000000   0.61402074795669343
 -0.17108348271000000   0.61415223012479404
 -0.17008348271000000   0.61428425571948559
 -0.16908348271000000   0.61438482505143518
 -0.16808348271000000   0.61449588711187245
 -0.16708348271000000   0.61462991544970087
 -0.16608348271000000   0.61476872034719506
 -0.16508348271000000   0.61486170422470317
 -0.16408348271000000   0.61495263010644934
 -0.16308348271000000   0.61506397014043849
 -0.16208348271000000   0.61516673077710867
 -0.16108348271000000   0.61523839447322183
 -0.16008348271000000   0.61530582965473182
 -0.15908348271000000   0.61550121766466466
 -0.15808348271000000   0.61560358954742753
 -0.15708348271000000   0.61568935675943500
 -0.15608348271000000   0.61576549707733473
 -0.15508348271000000   0.61583747085500913
 -0.15408348271000000   0.61590633619833131
 -0.15308348271000000   0.61599123111619136
 -0.15208348271000000   0.61607681217830382
 -0.15108348271000000   0.61615320724880474
 -0.15008348271000000   0.61621369563698600
 -0.14908348271000000   0.61627698105005727
 -0.14808348271000000   0.61634606430984421
 -0.14708348271000000   0.61640699086760160
 -0.14608348271000000   0.61646656583600052
 -0.14508348271000000   0.61653707048962713
