 -0.36496077417000000   0.48974022618857542
 -0.36196077417000000   0.53335068153775802
 -0.36096077417000000   0.53841903303546822
 -0.35996077417000000   0.53842199860128438
 -0.35896077417000000   0.54168461246341938
 -0.35796077417000000   0.54348995213712919
 -0.35696077417000000   0.54543922065080909
 -0.35596077417000000   0.54539970149772401
 -0.35496077417000000   0.54731356728070919
 -0.35396077417000000   0.54883690900480094
 -0.35296077417000000   0.54999608049629514
 -0.35196077417000000   0.55126414801102467
 -0.35096077417000000   0.55241206924090710
 -0.34996077417000000   0.55369830023342727
 -0.34896077417000000   0.55551220039656390
 -0.34796077417000000   0.55551000147425267
 -0.34696077417000000   0.55549660293806996
 -0.34596077417000000   0.55550932172049241
 -0.34496077417000000   0.55742844572182801
 -0.34396077417000000   0.55846479951095326
 -0.34296077417000000   0.55941430783646553
 -0.34196077417000000   0.56029798375696598
 -0.34096077417000000   0.56113803677790504
 -0.33996077417000000   0.56198512074923438
 -0.33896077417000000   0.56271290728244538
 -0.33796077417000000   0.56347621902204922
 -0.33696077417000000   0.56428669584549434
 -0.33596077417000000   0.56506537743392844
 -0.33496077417000000   0.56585497373489305
 -0.33396077417000000   0.56653696981149561
 -0.33296077417000000   0.56732206923625539
 -0.33196077417000000   0.56810365939310295
 -0.33096077417000000   0.56895303202249484
 -0.32996077417000000   0.57133230936893339
 -0.32896077417000000   0.57140550815836683
 -0.32796077417000000   0.57139142589259801
 -0.32696077417000000   0.57140947806895339
 -0.32596077417000000   0.57139232220394240
 -0.32496077417000000   0.57138226471841971
 -0.32396077417000000   0.57141762971740306
 -0.32296077417000000   0.57141983605562708
 -0.32196077417000000   0.57308600319279271
 -0.32096077417000000   0.57404271247379664
 -0.31996077417000000   0.57478900809195007
 -0.31896077417000000   0.57538542281691213
 -0.31796077417000000   0.57605566300902823
 -0.31696077417000000   0.57666472989208778
 -0.31596077417000000   0.57725843863464552
 -0.31496077417000000   0.57787414413407095
 -0.31396077417000000   0.57839257066835468
 -0.31296077417000000   0.57899678029799151
 -0.31196077417000000   0.57952632673297229
 -0.31096077417000000   0.58010808549517732
 -0.30996077417000000   0.58067974733742931
 -0.30896077417000000   0.58119645205622312
 -0.30796077417000000   0.58175661616016554
 -0.30696077417000000   0.58226688465647368
 -0.30596077417000000   0.58284631709611764
 -0.30496077417000000   0.58331097124749478
 -0.30396077417000000   0.58380731703081044
 -0.30296077417000000   0.58429552455225578
 -0.30196077417000000   0.58485556013423140
 -0.30096077417000000   0.58531545885555948
 -0.29996077417000000   0.58585987690329460
 -0.29896077417000000   0.58630519779746461
 -0.29796077417000000   0.58685238329410957
 -0.29696077417000000   0.58729921727521598
 -0.29596077417000000   0.58782654396601945
 -0.29496077417000000   0.58825367244022655
 -0.29396077417000000   0.58878749903356692
 -0.29296077417000000   0.58922947798922753
 -0.29196077417000000   0.58973652801767722
 -0.29096077417000000   0.59018484178688403
 -0.28996077417000000   0.59066016258564269
 -0.28896077417000000   0.59112928855934287
 -0.28796077417000000   0.59157867145622433
 -0.28696077417000000   0.59206708923309530
 -0.28596077417000000   0.59251218624972621
 -0.28496077417000000   0.59300577948266765
 -0.28396077417000000   0.59344606178343668
 -0.28296077417000000   0.59397093949783160
 -0.28196077417000000   0.59440388190145893
 -0.28096077417000000   0.59494779777821598
 -0.27996077417000000   0.59540748512520842
 -0.27896077417000000   0.59597408160364587
 -0.27796077417000000   0.59655062938657001
 -0.27696077417000000   0.59729816442609724
 -0.27596077417000000   0.60007605725423300
 -0.27496077417000000   0.59996869440000380
 -0.27396077417000000   0.59995688344750947
 -0.27296077417000000   0.60003946698188478
 -0.27196077417000000   0.59997207403552498
 -0.27096077417000000   0.60002381321249643
 -0.26996077417000000   0.60001694243326425
 -0.26896077417000000   0.59999606630407803
 -0.26796077417000000   0.59999460848844865
 -0.26696077417000000   0.59999990879667968
 -0.26596077417000000   0.60000502429491333
 -0.26496077417000000   0.60001014841911900
 -0.26396077417000000   0.60001546728013254
 -0.26296077417000000   0.60001768288037960
 -0.26196077417000000   0.60000084096619234
 -0.26096077417000000   0.59997829656633716
 -0.25996077417000000   0.60002149124645811
 -0.25896077417000000   0.60000979643552726
 -0.25796077417000000   0.60000883863667895
 -0.25696077417000000   0.59995142215359444
 -0.25596077417000000   0.60001729190029203
 -0.25496077417000000   0.60218005566808028
 -0.25396077417000000   0.60300998444362651
 -0.25296077417000000   0.60354116795465289
 -0.25196077417000000   0.60404655280774102
 -0.25096077417000000   0.60445524741967200
 -0.24996077417000000   0.60490065325747210
 -0.24896077417000000   0.60526180962554534
 -0.24796077417000000   0.60567399449324310
 -0.24696077417000000   0.60602650760753151
 -0.24596077417000000   0.60636460220382652
 -0.24496077417000000   0.60675830363940652
 -0.24396077417000000   0.60708007527605978
 -0.24296077417000000   0.60740638326869833
 -0.24196077417000000   0.60778107917831027
 -0.24096077417000000   0.60808760566846386
 -0.23996077417000000   0.60840051725734367
 -0.23896077417000000   0.60875971573941763
 -0.23796077417000000   0.60906566227183043
 -0.23696077417000000   0.60935820993593823
 -0.23596077417000000   0.60970501803387273
 -0.23496077417000000   0.61000329060590886
 -0.23396077417000000   0.61028902742676313
 -0.23296077417000000   0.61061433067903557
 -0.23196077417000000   0.61091532956124232
 -0.23096077417000000   0.61119549774792854
 -0.22996077417000000   0.61148835973179298
 -0.22896077417000000   0.61180863575983348
 -0.22796077417000000   0.61207740387703704
 -0.22696077417000000   0.61234381337024848
 -0.22596077417000000   0.61266218758823778
 -0.22496077417000000   0.61293287258987609
 -0.22396077417000000   0.61319610879126839
 -0.22296077417000000   0.61347171629994961
 -0.22196077417000000   0.61377214876996605
 -0.22096077417000000   0.61402454282205395
 -0.21996077417000000   0.61427918373171404
 -0.21896077417000000   0.61455909132368069
 -0.21796077417000000   0.61483871464665723
 -0.21696077417000000   0.61508379789703682
 -0.21596077417000000   0.61533570473653141
 -0.21496077417000000   0.61559750073863819
 -0.21396077417000000   0.61586971151729142
 -0.21296077417000000   0.61610601927534422
 -0.21196077417000000   0.61633979334834615
 -0.21096077417000000   0.61661146359447996
 -0.20996077417000000   0.61686783566527071
 -0.20896077417000000   0.61709541353616896
 -0.20796077417000000   0.61732320350387984
 -0.20696077417000000   0.61756616665503759
 -0.20596077417000000   0.61782852199490953
 -0.20496077417000000   0.61804829978307312
 -0.20396077417000000   0.61826956366256592
 -0.20296077417000000   0.61849732997771561
 -0.20196077417000000   0.61875528111571396
 -0.20096077417000000   0.61896906016240723
 -0.19996077417000000   0.61918460154600782
 -0.19896077417000000   0.61939547552343697
 -0.19796077417000000   0.61964441659812235
 -0.19696077417000000   0.61986063714935256
 -0.19596077417000000   0.62006619866905154
 -0.19496077417000000   0.62026757646732157
 -0.19396077417000000   0.62047825569896266
 -0.19296077417000000   0.62071634553711222
 -0.19196077417000000   0.62092279397323728
 -0.19096077417000000   0.62111880181353053
 -0.18996077417000000   0.62131216199551501
 -0.18896077417000000   0.62151563632447107
 -0.18796077417000000   0.62174185232047257
 -0.18696077417000000   0.62193219234916055
 -0.18596077417000000   0.62212142018102046
 -0.18496077417000000   0.62230504704712448
 -0.18396077417000000   0.62250164468431850
 -0.18296077417000000   0.62271633432118644
 -0.18196077417000000   0.62289791019555909
 -0.18096077417000000   0.62307830541979123
 -0.17996077417000000   0.62325443881576981
 -0.17896077417000000   0.62343689197152334
 -0.17796077417000000   0.62364294041950063
 -0.17696077417000000   0.62382261096151289
 -0.17596077417000000   0.62399238753413142
 -0.17496077417000000   0.62416600580739234
 -0.17396077417000000   0.62433457390529114
 -0.17296077417000000   0.62451795972950434
 -0.17196077417000000   0.62472781844211187
 -0.17096077417000000   0.62503052817199018
 -0.16996077417000000   0.62500313845587649
 -0.16896077417000000   0.62497361723486470
 -0.16796077417000000   0.62528219708111794
 -0.16696077417000000   0.62545159451524506
 -0.16596077417000000   0.62563707898315035
