 -0.29445078119000000   0.59825008583584385
 -0.28145078119000000   0.59870874323916556
 -0.27245078119000000   0.59410721248361239
 -0.26945078119000000   0.59893252543297630
 -0.26645078119000000   0.59854790080187873
 -0.26445078119000000   0.59998562108299000
 -0.26345078119000000   0.60003963269066813
 -0.26245078119000000   0.60003416270904865
 -0.26145078119000000   0.60001877450859338
 -0.26045078119000000   0.60000656771750237
 -0.25945078119000000   0.60001574821925527
 -0.25845078119000000   0.59997634599685603
 -0.25745078119000000   0.60002575414802568
 -0.25645078119000000   0.59999842347675922
 -0.25545078119000000   0.59997886716771580
 -0.25445078119000000   0.60001717919377865
 -0.25345078119000000   0.59999958816463277
 -0.25245078119000000   0.59999319753236755
 -0.25145078119000000   0.59998324605241260
 -0.25045078119000000   0.60000180046639308
 -0.24945078119000000   0.59998769982136098
 -0.24845078119000000   0.59998506400614641
 -0.24745078119000000   0.59999187882365974
 -0.24645078119000000   0.59999966677048654
 -0.24545078119000000   0.60000367880775493
 -0.24445078119000000   0.60000380588527137
 -0.24345078119000000   0.60000199646963728
 -0.24245078119000000   0.59999621987174136
 -0.24145078119000000   0.59999587094682177
 -0.24045078119000000   0.59999624789278196
 -0.23945078119000000   0.59999693741707851
 -0.23845078119000000   0.59999761675845224
 -0.23745078119000000   0.59999952271132388
 -0.23645078119000000   0.60000058776003893
 -0.23545078119000000   0.60000099867779109
 -0.23445078119000000   0.60000008586868053
 -0.23345078119000000   0.59999728961921933
 -0.23245078119000000   0.59999278566061835
 -0.23145078119000000   0.59998814562115470
 -0.23045078119000000   0.59998628053661535
 -0.22945078119000000   0.59999046616612346
 -0.22845078119000000   0.60000168440779020
 -0.22745078119000000   0.60001226348967365
 -0.22645078119000000   0.60000898812034742
 -0.22545078119000000   0.59999226664973083
 -0.22445078119000000   0.59997931583575898
 -0.22345078119000000   0.59998775388603932
 -0.22245078119000000   0.60001569831728960
 -0.22145078119000000   0.60001280082629824
 -0.22045078119000000   0.60000121580517804
 -0.21945078119000000   0.59997356248021576
 -0.21845078119000000   0.59999958920848362
 -0.21745078119000000   0.60002140457211991
 -0.21645078119000000   0.59997004442880613
 -0.21545078119000000   0.60001110775255980
 -0.21445078119000000   0.60002066675046183
 -0.21345078119000000   0.60001824640847363
 -0.21245078119000000   0.60001538980481393
 -0.21145078119000000   0.60003386545570616
 -0.21045078119000000   0.59997524578018514
 -0.20945078119000000   0.60000864003628731
 -0.20845078119000000   0.59997699672795641
 -0.20745078119000000   0.59996161125127596
 -0.20645078119000000   0.59996983713861869
 -0.20345078119000000   0.59996138702903377
 -0.20045078119000000   0.59989170877221402
 -0.19345078119000000   0.60520669006700411
 -0.19245078119000000   0.60627451921957366
 -0.19145078119000000   0.60687737754945530
 -0.19045078119000000   0.60731736886344971
 -0.18945078119000000   0.60774788582538317
 -0.18845078119000000   0.60805468351654617
 -0.18745078119000000   0.60833509873264779
 -0.18645078119000000   0.60863587325424086
 -0.18545078119000000   0.60892466808290474
 -0.18445078119000000   0.60917171033361705
 -0.18345078119000000   0.60936976194006649
 -0.18245078119000000   0.60964292811277060
 -0.18145078119000000   0.60982833730877293
 -0.18045078119000000   0.61002171794563193
 -0.17945078119000000   0.61020955307873800
 -0.17845078119000000   0.61037001618330012
 -0.17745078119000000   0.61059014239472470
 -0.17645078119000000   0.61075573183094324
 -0.17545078119000000   0.61088489816295369
 -0.17445078119000000   0.61103352894886856
 -0.17345078119000000   0.61123429156605256
 -0.17245078119000000   0.61135846847345966
 -0.17145078119000000   0.61150633182727385
 -0.17045078119000000   0.61167814607976628
 -0.16945078119000000   0.61180261311274609
 -0.16845078119000000   0.61190559978124691
 -0.16745078119000000   0.61204133341231576
 -0.16645078119000000   0.61216732721855034
 -0.16545078119000000   0.61226373186428018
 -0.16445078119000000   0.61237627941736162
 -0.16345078119000000   0.61248432879418484
 -0.16245078119000000   0.61263214202577542
 -0.16145078119000000   0.61273521127415170
 -0.16045078119000000   0.61282999417502616
 -0.15945078119000000   0.61292070907487061
 -0.15845078119000000   0.61299994253768566
 -0.15745078119000000   0.61310221177338545
 -0.15645078119000000   0.61320191953517804
 -0.15545078119000000   0.61327838745590383
 -0.15445078119000000   0.61334907971121705
 -0.15345078119000000   0.61342392234126158
 -0.15245078119000000   0.61349886655043301
 -0.15145078119000000   0.61357581176595524
 -0.15045078119000000   0.61367148300771781
 -0.14945078119000000   0.61375963330866790
 -0.14845078119000000   0.61382376855643008
 -0.14745078119000000   0.61388230961339858
 -0.14645078119000000   0.61393996070597774
 -0.14545078119000000   0.61398809777083213
 -0.14445078119000000   0.61404035797602987
 -0.14345078119000000   0.61410300826722883
 -0.14245078119000000   0.61416464211799035
 -0.14145078119000000   0.61422397794026592
 -0.14045078119000000   0.61427502035511771
 -0.13945078119000000   0.61431476345967133
