 -0.36016202197000000   0.48914525442153069
 -0.35416202197000000   0.53753699793693454
 -0.35316202197000000   0.53650934747234466
 -0.35216202197000000   0.54352173568358951
 -0.35116202197000000   0.54538809254985550
 -0.35016202197000000   0.54543382436646093
 -0.34916202197000000   0.54755921754786120
 -0.34816202197000000   0.55001881094268366
 -0.34716202197000000   0.55111474480006263
 -0.34616202197000000   0.55277617124033656
 -0.34516202197000000   0.55547059328855842
 -0.34416202197000000   0.55551365872980191
 -0.34316202197000000   0.55550103531737281
 -0.34216202197000000   0.55548667680448986
 -0.34116202197000000   0.55553022512495836
 -0.34016202197000000   0.55797431024655956
 -0.33916202197000000   0.55919032555860238
 -0.33816202197000000   0.56023871280903972
 -0.33716202197000000   0.56125266362377016
 -0.33616202197000000   0.56246779509044202
 -0.33516202197000000   0.56297286054692918
 -0.33416202197000000   0.56395945890790529
 -0.33316202197000000   0.56486031981360239
 -0.33216202197000000   0.56565207984602149
 -0.33116202197000000   0.56652027262309931
 -0.33016202197000000   0.56743749221580222
 -0.32916202197000000   0.56843041625936589
 -0.32816202197000000   0.57142970114512623
 -0.32716202197000000   0.57138654713964535
 -0.32616202197000000   0.57139720315017399
 -0.32516202197000000   0.57140816452480284
 -0.32416202197000000   0.57140438145621483
 -0.32316202197000000   0.57138944985849579
 -0.32216202197000000   0.57139389440147386
 -0.32116202197000000   0.57138430655188317
 -0.32016202197000000   0.57137677382980634
 -0.31916202197000000   0.57139656022121601
 -0.31816202197000000   0.57388492429131940
 -0.31716202197000000   0.57485129720375766
 -0.31616202197000000   0.57559144841501993
 -0.31516202197000000   0.57629369766386622
 -0.31416202197000000   0.57697604385414976
 -0.31316202197000000   0.57762896219593512
 -0.31216202197000000   0.57825421377548337
 -0.31116202197000000   0.57897258972802044
 -0.31016202197000000   0.57943647213985622
 -0.30916202197000000   0.58007011508885700
 -0.30816202197000000   0.58064731896027366
 -0.30716202197000000   0.58123669269357592
 -0.30616202197000000   0.58184870660984283
 -0.30516202197000000   0.58237037041153323
 -0.30416202197000000   0.58327858102983701
 -0.30316202197000000   0.58331621753424075
 -0.30216202197000000   0.58393413862715342
 -0.30116202197000000   0.58446431954633526
 -0.30016202197000000   0.58504357700636768
 -0.29916202197000000   0.58555868403359365
 -0.29816202197000000   0.58610737784453871
 -0.29716202197000000   0.58662806402799949
 -0.29616202197000000   0.58714511051418617
 -0.29516202197000000   0.58767807611597780
 -0.29416202197000000   0.58824474224158024
 -0.29316202197000000   0.58869119220264641
 -0.29216202197000000   0.58917811713015364
 -0.29116202197000000   0.58970575377749461
 -0.29016202197000000   0.59018084495901862
 -0.28916202197000000   0.59070979780377429
 -0.28816202197000000   0.59118150219880527
 -0.28716202197000000   0.59170070278106853
 -0.28616202197000000   0.59218150219253288
 -0.28516202197000000   0.59271212119846485
 -0.28416202197000000   0.59319366937900554
 -0.28316202197000000   0.59374213290895281
 -0.28216202197000000   0.59424287742609233
 -0.28116202197000000   0.59482365583065717
 -0.28016202197000000   0.59535864325775247
 -0.27916202197000000   0.59606271458346092
 -0.27816202197000000   0.59691651766681408
 -0.27716202197000000   0.59999699377597891
 -0.27616202197000000   0.60005886903093131
 -0.27516202197000000   0.60004328598086754
 -0.27416202197000000   0.60002584590278854
 -0.27316202197000000   0.59998101347901769
 -0.27216202197000000   0.60000845630471564
 -0.27116202197000000   0.60002792392336456
 -0.27016202197000000   0.59998549322877773
 -0.26916202197000000   0.59999176895093299
 -0.26816202197000000   0.60000635604900569
 -0.26716202197000000   0.60001090064821198
 -0.26616202197000000   0.60000874012025391
 -0.26516202197000000   0.60000474286021835
 -0.26416202197000000   0.60000077196436718
 -0.26316202197000000   0.59999859402715030
 -0.26216202197000000   0.60000276676718370
 -0.26116202197000000   0.60001699706402918
 -0.26016202197000000   0.60002520177527232
 -0.25916202197000000   0.59999529115261319
 -0.25816202197000000   0.59998034109771890
 -0.25716202197000000   0.60003906235263491
 -0.25616202197000000   0.59997104264588915
 -0.25516202197000000   0.60005429972912220
 -0.25416202197000000   0.60001521371588574
 -0.25316202197000000   0.60006409177361883
 -0.25216202197000000   0.60009197910326104
 -0.25116202197000000   0.60323738426907680
 -0.25016202197000000   0.60391599879571352
 -0.24916202197000000   0.60439343922457518
 -0.24816202197000000   0.60489170856278711
 -0.24716202197000000   0.60528345860209719
 -0.24616202197000000   0.60574013071812977
 -0.24516202197000000   0.60610305820650010
 -0.24416202197000000   0.60647276145244202
 -0.24316202197000000   0.60686189549149400
 -0.24216202197000000   0.60720181749786966
 -0.24116202197000000   0.60757753891172718
 -0.24016202197000000   0.60792815013949797
 -0.23916202197000000   0.60824081346067718
 -0.23816202197000000   0.60856731261644405
 -0.23716202197000000   0.60891888433269625
 -0.23616202197000000   0.60922137324139411
 -0.23516202197000000   0.60953938279639176
 -0.23416202197000000   0.60987410995429038
 -0.23316202197000000   0.61016509518986313
 -0.23216202197000000   0.61045776333366817
 -0.23116202197000000   0.61080189828624156
 -0.23016202197000000   0.61107938231212477
 -0.22916202197000000   0.61135416382593483
 -0.22816202197000000   0.61168912121125289
 -0.22716202197000000   0.61196121006782871
 -0.22616202197000000   0.61222741586167990
 -0.22516202197000000   0.61252041418157461
 -0.22416202197000000   0.61282741824267920
 -0.22316202197000000   0.61308526119839914
 -0.22216202197000000   0.61334164791500431
 -0.22116202197000000   0.61363997486298816
 -0.22016202197000000   0.61391715643260057
 -0.21916202197000000   0.61416840683601118
 -0.21816202197000000   0.61441625217845497
 -0.21716202197000000   0.61471729529855804
 -0.21616202197000000   0.61496755549142549
 -0.21516202197000000   0.61521293518368381
 -0.21416202197000000   0.61543846765368675
 -0.21316202197000000   0.61573503417250296
 -0.21216202197000000   0.61597226067192123
 -0.21116202197000000   0.61620868222007346
 -0.21016202197000000   0.61644095364763521
 -0.20916202197000000   0.61671972280584354
 -0.20816202197000000   0.61694527899335336
 -0.20716202197000000   0.61717295758562601
 -0.20616202197000000   0.61739561176735715
 -0.20516202197000000   0.61766380447753234
 -0.20416202197000000   0.61789160110267738
 -0.20316202197000000   0.61810527323340924
 -0.20216202197000000   0.61831684601334836
 -0.20116202197000000   0.61854881648787686
 -0.20016202197000000   0.61879491393190387
 -0.19916202197000000   0.61899880465449043
 -0.19816202197000000   0.61920767730799196
 -0.19716202197000000   0.61941187779344846
 -0.19616202197000000   0.61965665041803639
 -0.19516202197000000   0.61986297251374777
 -0.19416202197000000   0.62006132974971391
 -0.19316202197000000   0.62025496096017533
 -0.19216202197000000   0.62046392576012252
 -0.19116202197000000   0.62069291383632908
 -0.19016202197000000   0.62088102519113862
 -0.18916202197000000   0.62107540380606153
 -0.18816202197000000   0.62126403579059759
 -0.18716202197000000   0.62144922030733851
 -0.18616202197000000   0.62166873050578054
 -0.18516202197000000   0.62186129633087581
 -0.18416202197000000   0.62203764319444453
 -0.18316202197000000   0.62221830424314074
 -0.18216202197000000   0.62239174180200617
 -0.18116202197000000   0.62259484976304168
 -0.18016202197000000   0.62278633339566205
 -0.17916202197000000   0.62295302449879613
 -0.17816202197000000   0.62312613820142975
 -0.17716202197000000   0.62329006054859645
 -0.17616202197000000   0.62346644568187683
 -0.17516202197000000   0.62366270323976233
 -0.17416202197000000   0.62382946515828300
 -0.17316202197000000   0.62398913387095444
 -0.17216202197000000   0.62415469520446846
 -0.17116202197000000   0.62431313821563678
 -0.17016202197000000   0.62449583083085431
 -0.16916202197000000   0.62470230146333311
 -0.16816202197000000   0.62500870829547579
 -0.16716202197000000   0.62499428993109980
 -0.16616202197000000   0.62501167916966380
 -0.16516202197000000   0.62499099097540546
