 -0.25575801293000000   0.59283933671989843
 -0.24575801293000000   0.59933087490348013
 -0.24475801293000000   0.60002965896654885
 -0.24375801293000000   0.60001430971155489
 -0.24275801293000000   0.59998751017004655
 -0.24175801293000000   0.59997505057876148
 -0.24075801293000000   0.60001723801913740
 -0.23975801293000000   0.59997284786734251
 -0.23875801293000000   0.59997149626257783
 -0.23775801293000000   0.59998125972533578
 -0.23675801293000000   0.60001126435409396
 -0.23575801293000000   0.59999984629593309
 -0.23475801293000000   0.59997229265602323
 -0.23375801293000000   0.59998213820470020
 -0.23275801293000000   0.60000058699982186
 -0.23175801293000000   0.60000700784297184
 -0.23075801293000000   0.59999607788000126
 -0.22975801293000000   0.59998360188199929
 -0.22875801293000000   0.59997885706127915
 -0.22775801293000000   0.59998072605003118
 -0.22675801293000000   0.59998582693076279
 -0.22575801293000000   0.59999125927604161
 -0.22475801293000000   0.59999513143955583
 -0.22375801293000000   0.59999690123663861
 -0.22275801293000000   0.59999689689896240
 -0.22175801293000000   0.59999586865040470
 -0.22075801293000000   0.59999449683281313
 -0.21975801293000000   0.59999320671190469
 -0.21875801293000000   0.59999217787118303
 -0.21775801293000000   0.59999142602631321
 -0.21675801293000000   0.59999088376972591
 -0.21575801293000000   0.59999049625036212
 -0.21475801293000000   0.59999091314554165
 -0.21375801293000000   0.59999122147829852
 -0.21275801293000000   0.59999131726802626
 -0.21175801293000000   0.59999109257807144
 -0.21075801293000000   0.59999412597079481
 -0.20975801293000000   0.59999408443763267
 -0.20875801293000000   0.59999339151356111
 -0.20775801293000000   0.59999190410496590
 -0.20675801293000000   0.59998961709550400
 -0.20575801293000000   0.59998673809387008
 -0.20475801293000000   0.59998376053749438
 -0.20375801293000000   0.59998142027627711
 -0.20275801293000000   0.59998055320282580
 -0.20175801293000000   0.59998212861450827
 -0.20075801293000000   0.59998660110155214
 -0.19975801293000000   0.59999395822888595
 -0.19875801293000000   0.60000202149266759
 -0.19775801293000000   0.59999807945673678
 -0.19675801293000000   0.60000585298243748
 -0.19575801293000000   0.60000611998372305
 -0.19475801293000000   0.59999799300947324
 -0.19375801293000000   0.59998605559575011
 -0.19275801293000000   0.59997597765435530
 -0.19175801293000000   0.59997307690973443
 -0.19075801293000000   0.59998116264946772
 -0.18975801293000000   0.59999962403050379
 -0.18875801293000000   0.60001344885703244
 -0.18775801293000000   0.60000482000384037
 -0.18675801293000000   0.59998454075621608
 -0.18575801293000000   0.59996984662108009
 -0.18475801293000000   0.59997409730090003
 -0.18375801293000000   0.59997799633724319
 -0.18275801293000000   0.60001615832234331
 -0.18175801293000000   0.60000134225600880
 -0.18075801293000000   0.59996494381573094
 -0.17975801293000000   0.60001579560534623
 -0.17875801293000000   0.60000173031400320
 -0.17775801293000000   0.60000828807606575
 -0.17675801293000000   0.60000343009940483
 -0.17575801293000000   0.60000535334729661
 -0.17475801293000000   0.60000686062188850
 -0.17375801293000000   0.60000692832892749
 -0.17275801293000000   0.60000669180206500
 -0.17175801293000000   0.60000746843834845
 -0.17075801293000000   0.60000963709579840
 -0.16975801293000000   0.60000732720976674
 -0.16875801293000000   0.60000108517112981
 -0.16775801293000000   0.60001224291852358
 -0.16675801293000000   0.60002058898113945
 -0.16575801293000000   0.60001222697455675
 -0.16375801293000000   0.60002131517320251
 -0.16175801293000000   0.59855430304711715
 -0.15075801293000000   0.59769051128492120
 -0.14375801293000000   0.59986463096812177
 -0.13575801293000000   0.60002239689204330
 -0.13075801293000000   0.60373594954101020
 -0.12975801293000000   0.60454367422019911
 -0.12875801293000000   0.60495702274297673
 -0.12775801293000000   0.60514328887702328
 -0.12675801293000000   0.60533558897917808
 -0.12575801293000000   0.60549972836905299
 -0.12475801293000000   0.60559110966707315
 -0.12375801293000000   0.60568229216876746
 -0.12275801293000000   0.60577677938150066
 -0.12175801293000000   0.60589736417481849
 -0.12075801293000000   0.60596485080593269
 -0.11975801293000000   0.60600704314030015
 -0.11875801293000000   0.60605927237496590
 -0.11775801293000000   0.60610977076806350
 -0.11675801293000000   0.60613471072338979
 -0.11575801293000000   0.60615737741136780
