 -0.36273242856000000   0.55639353094908450
 -0.36173242856000000   0.55697303298346770
 -0.36073242856000000   0.55750300016854869
 -0.35973242856000000   0.55807543418226966
 -0.35873242856000000   0.55860746910143083
 -0.35773242856000000   0.55916231657070050
 -0.35673242856000000   0.55971217084352170
 -0.35573242856000000   0.56023752824189015
 -0.35473242856000000   0.56079322724725548
 -0.35373242856000000   0.56129635830707856
 -0.35273242856000000   0.56185265562731214
 -0.35173242856000000   0.56235433050712707
 -0.35073242856000000   0.56290191162970571
 -0.34973242856000000   0.56339212194019245
 -0.34873242856000000   0.56393574548628300
 -0.34773242856000000   0.56442201606470227
 -0.34673242856000000   0.56495888194137800
 -0.34573242856000000   0.56544503614551306
 -0.34473242856000000   0.56597305972089066
 -0.34373242856000000   0.56645843538069614
 -0.34273242856000000   0.56698730102347905
 -0.34173242856000000   0.56745966905400994
 -0.34073242856000000   0.56798299939458010
 -0.33973242856000000   0.56845229841710422
 -0.33873242856000000   0.56897027504320259
 -0.33773242856000000   0.56943656398227745
 -0.33673242856000000   0.56995039994376481
 -0.33573242856000000   0.57041512108236300
 -0.33473242856000000   0.57093385038154228
 -0.33373242856000000   0.57142340274952678
 -0.33273242856000000   0.57184304168700195
 -0.33173242856000000   0.57231826387300401
 -0.33073242856000000   0.57281592852676006
 -0.32973242856000000   0.57327151935902375
 -0.32873242856000000   0.57375763567913847
 -0.32773242856000000   0.57421177185974872
 -0.32673242856000000   0.57468627700824950
 -0.32573242856000000   0.57514234852480462
 -0.32473242856000000   0.57560329040062977
 -0.32373242856000000   0.57606416583332920
 -0.32273242856000000   0.57651087587875449
 -0.32173242856000000   0.57697814353174829
 -0.32073242856000000   0.57741231189874413
 -0.31973242856000000   0.57789042907292029
 -0.31873242856000000   0.57831566990945701
 -0.31773242856000000   0.57878351335740077
 -0.31673242856000000   0.57921036571730557
 -0.31573242856000000   0.57966182391649101
 -0.31473242856000000   0.58009856427385336
 -0.31373242856000000   0.58052191453487662
 -0.31273242856000000   0.58097796894948249
 -0.31173242856000000   0.58138991412041754
 -0.31073242856000000   0.58184903059982279
 -0.30973242856000000   0.58225754141692180
 -0.30873242856000000   0.58270334433787133
 -0.30773242856000000   0.58311775737369417
 -0.30673242856000000   0.58353132785696999
 -0.30573242856000000   0.58397416805840444
 -0.30473242856000000   0.58437286630206407
 -0.30373242856000000   0.58481682599109575
 -0.30273242856000000   0.58521482623954907
 -0.30173242856000000   0.58563768988387021
 -0.30073242856000000   0.58604836306544570
 -0.29973242856000000   0.58646375747489898
 -0.29873242856000000   0.58685278495375381
 -0.29773242856000000   0.58728586354774446
 -0.29673242856000000   0.58767974445477821
 -0.29573242856000000   0.58808378590742301
 -0.29473242856000000   0.58846925498549528
 -0.29373242856000000   0.58889350160591636
 -0.29273242856000000   0.58927165021071957
 -0.29173242856000000   0.58967552116406196
 -0.29073242856000000   0.59007281402671209
 -0.28973242856000000   0.59044821816566700
 -0.28873242856000000   0.59086396045620653
 -0.28773242856000000   0.59123483772403052
 -0.28673242856000000   0.59162781775605437
 -0.28573242856000000   0.59201623434948393
 -0.28473242856000000   0.59238276029584893
 -0.28373242856000000   0.59278929916617523
 -0.28273242856000000   0.59315323873724784
 -0.28173242856000000   0.59353495037131953
 -0.28073242856000000   0.59391689723771715
 -0.27973242856000000   0.59427457660675655
 -0.27873242856000000   0.59465742907530284
 -0.27773242856000000   0.59502492627576994
 -0.27673242856000000   0.59541091155132607
 -0.27573242856000000   0.59576222938576930
 -0.27473242856000000   0.59614474767605153
 -0.27373242856000000   0.59650807834850168
 -0.27273242856000000   0.59685856701601675
 -0.27173242856000000   0.59724681553892263
 -0.27073242856000000   0.59759490388619605
 -0.26973242856000000   0.59797378660560116
 -0.26873242856000000   0.59832565370547749
 -0.26773242856000000   0.59871880633711885
 -0.26673242856000000   0.59911060929706230
 -0.26573242856000000   0.59998053108908641
 -0.26473242856000000   0.60003355434022517
 -0.26373242856000000   0.60000440924626824
 -0.26273242856000000   0.59997533594212349
 -0.26173242856000000   0.60003789123091847
 -0.26073242856000000   0.60088677633698505
 -0.25973242856000000   0.60125557542304793
 -0.25873242856000000   0.60163079330290889
 -0.25773242856000000   0.60197799703028489
 -0.25673242856000000   0.60230576414608682
 -0.25573242856000000   0.60266471011129351
 -0.25473242856000000   0.60299449975577775
 -0.25373242856000000   0.60331364004933088
 -0.25273242856000000   0.60366426362262774
 -0.25173242856000000   0.60398511225474140
 -0.25073242856000000   0.60429816089785225
 -0.24973242856000000   0.60464193972674420
 -0.24873242856000000   0.60495718902469726
 -0.24773242856000000   0.60526426869983710
 -0.24673242856000000   0.60559341013330163
 -0.24573242856000000   0.60589893638257293
 -0.24473242856000000   0.60623346246395184
 -0.24373242856000000   0.60653881490078927
 -0.24273242856000000   0.60683753029156419
 -0.24173242856000000   0.60716408121412743
 -0.24073242856000000   0.60746901587029669
 -0.23973242856000000   0.60776199918657138
 -0.23873242856000000   0.60807852249010788
 -0.23773242856000000   0.60836742041376473
 -0.23673242856000000   0.60868374095979249
 -0.23573242856000000   0.60898243563578966
 -0.23473242856000000   0.60926748587459842
 -0.23373242856000000   0.60956899635876801
 -0.23273242856000000   0.60987459454033189
 -0.23173242856000000   0.61015602228790451
 -0.23073242856000000   0.61043829392461092
 -0.22973242856000000   0.61074546411005454
 -0.22873242856000000   0.61102832989287248
 -0.22773242856000000   0.61130275497831741
 -0.22673242856000000   0.61159441910902460
 -0.22573242856000000   0.61188621767770979
 -0.22473242856000000   0.61215621753444494
 -0.22373242856000000   0.61242920834693892
 -0.22273242856000000   0.61272439608411567
 -0.22173242856000000   0.61299555246769521
 -0.22073242856000000   0.61325938224662443
 -0.21973242856000000   0.61353739663097156
 -0.21873242856000000   0.61382011379817589
 -0.21773242856000000   0.61408011008702288
 -0.21673242856000000   0.61433971811237278
 -0.21573242856000000   0.61462028412231903
 -0.21473242856000000   0.61488683764859320
 -0.21373242856000000   0.61514016053609371
 -0.21273242856000000   0.61539773314844179
 -0.21173242856000000   0.61567387845456705
 -0.21073242856000000   0.61592839402762770
 -0.20973242856000000   0.61617580828117181
 -0.20873242856000000   0.61643135057145721
 -0.20773242856000000   0.61669963222633800
 -0.20673242856000000   0.61694564932507227
 -0.20573242856000000   0.61718725168477487
 -0.20473242856000000   0.61743886336821522
 -0.20373242856000000   0.61768300951611102
 -0.20273242856000000   0.61793449651313401
 -0.20173242856000000   0.61818971306578344
 -0.20073242856000000   0.61842525550840316
 -0.19973242856000000   0.61865819467969817
 -0.19873242856000000   0.61891093685597503
 -0.19773242856000000   0.61914080426644326
 -0.19673242856000000   0.61937156572923285
 -0.19573242856000000   0.61961847181648512
 -0.19473242856000000   0.61985568996134534
 -0.19373242856000000   0.62007990705724347
 -0.19273242856000000   0.62030319845945888
 -0.19173242856000000   0.62053907004370536
 -0.19073242856000000   0.62077546873720969
 -0.18973242856000000   0.62099497538181462
 -0.18873242856000000   0.62121185344096671
 -0.18773242856000000   0.62143428368529782
 -0.18673242856000000   0.62166811954992355
 -0.18573242856000000   0.62188619306417284
 -0.18473242856000000   0.62209729372974965
 -0.18373242856000000   0.62230817323873521
 -0.18273242856000000   0.62253114318086426
 -0.18173242856000000   0.62275230033498340
 -0.18073242856000000   0.62295875426645272
 -0.17973242856000000   0.62316272477646323
 -0.17873242856000000   0.62336927919401321
 -0.17773242856000000   0.62358771011794334
 -0.17673242856000000   0.62379630660759045
 -0.17573242856000000   0.62399471125289658
 -0.17473242856000000   0.62419158999067257
 -0.17373242856000000   0.62439290945730858
 -0.17273242856000000   0.62460375149542506
 -0.17173242856000000   0.62480322906641615
 -0.17073242856000000   0.62499415527147546
 -0.16973242856000000   0.62518319625416360
 -0.16873242856000000   0.62537713451360023
 -0.16773242856000000   0.62557978594892564
 -0.16673242856000000   0.62577240392199631
 -0.16573242856000000   0.62595657517106565
 -0.16473242856000000   0.62613927178363612
 -0.16373242856000000   0.62632353013082994
