 -0.35182712323000000   0.53841466692952398
 -0.35082712323000000   0.54140522298613033
 -0.34982712323000000   0.54539616423530410
 -0.34882712323000000   0.54539196306072302
 -0.34782712323000000   0.54544222923914822
 -0.34682712323000000   0.54901652469095094
 -0.34582712323000000   0.55049471561436304
 -0.34482712323000000   0.55259700627087868
 -0.34382712323000000   0.55549751436429827
 -0.34282712323000000   0.55548862393900244
 -0.34182712323000000   0.55549796472940444
 -0.34082712323000000   0.55548916907829294
 -0.33982712323000000   0.55549005028242513
 -0.33882712323000000   0.55766735123819410
 -0.33782712323000000   0.55915035549897343
 -0.33682712323000000   0.56027040693178904
 -0.33582712323000000   0.56134560464101223
 -0.33482712323000000   0.56244307117449305
 -0.33382712323000000   0.56313892319132912
 -0.33282712323000000   0.56413721383167383
 -0.33182712323000000   0.56520474227844541
 -0.33082712323000000   0.56600757862066016
 -0.32982712323000000   0.56695649297297626
 -0.32882712323000000   0.56798822157548666
 -0.32782712323000000   0.56946098110278631
 -0.32682712323000000   0.57139467212399023
 -0.32582712323000000   0.57139955365862204
 -0.32482712323000000   0.57141152862020152
 -0.32382712323000000   0.57140175609763603
 -0.32282712323000000   0.57138515561247778
 -0.32182712323000000   0.57138771739591320
 -0.32082712323000000   0.57139031692855316
 -0.31982712323000000   0.57140852070970736
 -0.31882712323000000   0.57141975944872522
 -0.31782712323000000   0.57134637991827848
 -0.31682712323000000   0.57415880054399155
 -0.31582712323000000   0.57512502800765003
 -0.31482712323000000   0.57594244844125842
 -0.31382712323000000   0.57664862421777460
 -0.31282712323000000   0.57730178842553613
 -0.31182712323000000   0.57800011218431258
 -0.31082712323000000   0.57862990244958681
 -0.30982712323000000   0.57923978591504204
 -0.30882712323000000   0.57989736625541537
 -0.30782712323000000   0.58043767436266118
 -0.30682712323000000   0.58107460797051546
 -0.30582712323000000   0.58169068817934512
 -0.30482712323000000   0.58226350363568934
 -0.30382712323000000   0.58296244696128634
 -0.30282712323000000   0.58332176344992959
 -0.30182712323000000   0.58373857143379660
 -0.30082712323000000   0.58434896202952639
 -0.29982712323000000   0.58496322190052432
 -0.29882712323000000   0.58546665205224650
 -0.29782712323000000   0.58604370906016371
 -0.29682712323000000   0.58655035268936094
 -0.29582712323000000   0.58710270204830020
 -0.29482712323000000   0.58763091458198023
 -0.29382712323000000   0.58823770929916152
 -0.29282712323000000   0.58864353025406825
 -0.29182712323000000   0.58917274906395163
 -0.29082712323000000   0.58971304384460949
 -0.28982712323000000   0.59019710909134688
 -0.28882712323000000   0.59074080527621251
 -0.28782712323000000   0.59121679956298095
 -0.28682712323000000   0.59176070566995787
 -0.28582712323000000   0.59224469335476133
 -0.28482712323000000   0.59279509452845259
 -0.28382712323000000   0.59328525409674383
 -0.28282712323000000   0.59386433113783595
 -0.28182712323000000   0.59437400074276222
 -0.28082712323000000   0.59499192850146092
 -0.27982712323000000   0.59562588068839459
 -0.27882712323000000   0.59640108644044639
 -0.27782712323000000   0.60008131274490103
 -0.27682712323000000   0.60006247455350377
 -0.27582712323000000   0.59997170255354324
 -0.27482712323000000   0.60003369815963262
 -0.27382712323000000   0.60000808522345772
 -0.27282712323000000   0.60000707496263777
 -0.27182712323000000   0.59999156206336164
 -0.27082712323000000   0.60003063855949534
 -0.26982712323000000   0.60000686819342930
 -0.26882712323000000   0.59998982664311787
 -0.26782712323000000   0.59999347191210648
 -0.26682712323000000   0.60000064004549966
 -0.26582712323000000   0.60000406099021336
 -0.26482712323000000   0.60000463508474929
 -0.26382712323000000   0.60000520411242777
 -0.26282712323000000   0.60000858348434438
 -0.26182712323000000   0.60001572599597117
 -0.26082712323000000   0.60001983283782522
 -0.25982712323000000   0.60000520279240205
 -0.25882712323000000   0.59998032853653047
 -0.25782712323000000   0.60000573322302004
 -0.25682712323000000   0.60003297347117801
 -0.25582712323000000   0.59996724058031832
 -0.25482712323000000   0.60005038241033922
 -0.25382712323000000   0.59997201759061834
 -0.25282712323000000   0.59994917091144184
 -0.25182712323000000   0.60006070950548488
 -0.25082712323000000   0.60253583921054764
 -0.24982712323000000   0.60352343036572140
 -0.24882712323000000   0.60416571030098069
 -0.24782712323000000   0.60470876993490823
 -0.24682712323000000   0.60514347071749941
 -0.24582712323000000   0.60559590195428217
 -0.24482712323000000   0.60599200729758074
 -0.24382712323000000   0.60635470303354711
 -0.24282712323000000   0.60677770962593167
 -0.24182712323000000   0.60711489444616673
 -0.24082712323000000   0.60745347746990505
 -0.23982712323000000   0.60784852679890757
 -0.23882712323000000   0.60816406953510533
 -0.23782712323000000   0.60848374075276574
 -0.23682712323000000   0.60885831133855509
 -0.23582712323000000   0.60915714486639595
 -0.23482712323000000   0.60946217517601151
 -0.23382712323000000   0.60981984656752824
 -0.23282712323000000   0.61010671601656086
 -0.23182712323000000   0.61039761745490768
 -0.23082712323000000   0.61074416309628709
 -0.22982712323000000   0.61102544742988485
 -0.22882712323000000   0.61129812325705323
 -0.22782712323000000   0.61163033462675354
 -0.22682712323000000   0.61190844630124245
 -0.22582712323000000   0.61217955070464505
 -0.22482712323000000   0.61245599662188411
 -0.22382712323000000   0.61277637245542048
 -0.22282712323000000   0.61303337296625103
 -0.22182712323000000   0.61329696494846480
 -0.22082712323000000   0.61357087777402110
 -0.21982712323000000   0.61386780387350950
 -0.21882712323000000   0.61411465033632302
 -0.21782712323000000   0.61435916355696643
 -0.21682712323000000   0.61465553352699815
 -0.21582712323000000   0.61490798779031107
 -0.21482712323000000   0.61515624941230736
 -0.21382712323000000   0.61537219038462060
 -0.21282712323000000   0.61566550077373993
 -0.21182712323000000   0.61591577184736882
 -0.21082712323000000   0.61614844839341089
 -0.20982712323000000   0.61637438251266799
 -0.20882712323000000   0.61664851799793124
 -0.20782712323000000   0.61688399831459974
 -0.20682712323000000   0.61710787244525513
 -0.20582712323000000   0.61732454017494021
 -0.20482712323000000   0.61758384357087815
 -0.20382712323000000   0.61781743948520140
 -0.20282712323000000   0.61803283156647820
 -0.20182712323000000   0.61824790747043146
 -0.20082712323000000   0.61846003988881615
 -0.19982712323000000   0.61871456196863488
 -0.19882712323000000   0.61892234048772517
 -0.19782712323000000   0.61912896518702842
 -0.19682712323000000   0.61932680422113383
 -0.19582712323000000   0.61955508183505920
 -0.19482712323000000   0.61978084954488385
 -0.19382712323000000   0.61997249942284641
 -0.19282712323000000   0.62017024579855281
 -0.19182712323000000   0.62036051157173530
 -0.19082712323000000   0.62058910669946113
 -0.18982712323000000   0.62079040305770510
 -0.18882712323000000   0.62097386351094171
 -0.18782712323000000   0.62116635361646929
 -0.18682712323000000   0.62134521250495508
 -0.18582712323000000   0.62154131171198248
 -0.18482712323000000   0.62175487125045072
 -0.18382712323000000   0.62193048905072989
 -0.18282712323000000   0.62210807983767397
 -0.18182712323000000   0.62227985121796953
 -0.18082712323000000   0.62245664009973752
 -0.17982712323000000   0.62266206006759158
 -0.17882712323000000   0.62283783276032620
 -0.17782712323000000   0.62300112046284106
 -0.17682712323000000   0.62317027889082667
 -0.17582712323000000   0.62332961747820220
 -0.17482712323000000   0.62350879517671077
 -0.17382712323000000   0.62369758710902900
 -0.17282712323000000   0.62385557327431692
 -0.17182712323000000   0.62401382485035368
 -0.17082712323000000   0.62417505473194741
 -0.16982712323000000   0.62432947526562854
 -0.16882712323000000   0.62451537206437347
 -0.16782712323000000   0.62471621589080672
 -0.16682712323000000   0.62498758742189763
 -0.16582712323000000   0.62499285618336736
 -0.16482712323000000   0.62501060161390431
