 -0.36393696232000000   0.55467252670819533
 -0.36293696232000000   0.55530037685182823
 -0.36193696232000000   0.55587025896308954
 -0.36093696232000000   0.55643686072928475
 -0.35993696232000000   0.55706013254159179
 -0.35893696232000000   0.55762773061208342
 -0.35793696232000000   0.55822176822714249
 -0.35693696232000000   0.55882184502302328
 -0.35593696232000000   0.55935545515943304
 -0.35493696232000000   0.55996080688714510
 -0.35393696232000000   0.56048445721646724
 -0.35293696232000000   0.56106988795879489
 -0.35193696232000000   0.56161664523158042
 -0.35093696232000000   0.56217722615411875
 -0.34993696232000000   0.56274679523410483
 -0.34893696232000000   0.56327339098656068
 -0.34793696232000000   0.56383639915908121
 -0.34693696232000000   0.56434826669573053
 -0.34593696232000000   0.56491176706179301
 -0.34493696232000000   0.56540798048664461
 -0.34393696232000000   0.56596557552236312
 -0.34293696232000000   0.56646547459644537
 -0.34193696232000000   0.56701071880951946
 -0.34093696232000000   0.56750969077580621
 -0.33993696232000000   0.56805460916321120
 -0.33893696232000000   0.56854828163195537
 -0.33793696232000000   0.56908124050525365
 -0.33693696232000000   0.56958387783237560
 -0.33593696232000000   0.57010593632473937
 -0.33493696232000000   0.57063349807050472
 -0.33393696232000000   0.57143136287419030
 -0.33293696232000000   0.57142961208182978
 -0.33193696232000000   0.57201990457657621
 -0.33093696232000000   0.57251200267750868
 -0.32993696232000000   0.57303658771519449
 -0.32893696232000000   0.57350574244353148
 -0.32793696232000000   0.57401551172561527
 -0.32693696232000000   0.57447729955238250
 -0.32593696232000000   0.57498039060348238
 -0.32493696232000000   0.57543517536951087
 -0.32393696232000000   0.57593439513730515
 -0.32293696232000000   0.57638851937503419
 -0.32193696232000000   0.57688727854992623
 -0.32093696232000000   0.57732505586205376
 -0.31993696232000000   0.57781794110627234
 -0.31893696232000000   0.57825840421244002
 -0.31793696232000000   0.57873583343964485
 -0.31693696232000000   0.57917863511981362
 -0.31593696232000000   0.57964011802092130
 -0.31493696232000000   0.58008919579136526
 -0.31393696232000000   0.58053244425437046
 -0.31293696232000000   0.58099121785945315
 -0.31193696232000000   0.58141715924319797
 -0.31093696232000000   0.58189234123991197
 -0.30993696232000000   0.58230717960208573
 -0.30893696232000000   0.58276853545331166
 -0.30793696232000000   0.58319408312406393
 -0.30693696232000000   0.58362521426519417
 -0.30593696232000000   0.58406617837994894
 -0.30493696232000000   0.58447728225137124
 -0.30393696232000000   0.58493274962274146
 -0.30293696232000000   0.58533368957952893
 -0.30193696232000000   0.58578781240698573
 -0.30093696232000000   0.58619200042682245
 -0.29993696232000000   0.58660955781385879
 -0.29893696232000000   0.58703613572492223
 -0.29793696232000000   0.58743170687871928
 -0.29693696232000000   0.58787480775577754
 -0.29593696232000000   0.58826978179432925
 -0.29493696232000000   0.58868106713304527
 -0.29393696232000000   0.58909499872414332
 -0.29293696232000000   0.58948078943005959
 -0.29193696232000000   0.58991470568448783
 -0.29093696232000000   0.59029421295790116
 -0.28993696232000000   0.59071000303819894
 -0.28893696232000000   0.59110159110033807
 -0.28793696232000000   0.59148291890822859
 -0.28693696232000000   0.59190483122962476
 -0.28593696232000000   0.59227581835026294
 -0.28493696232000000   0.59268010210771907
 -0.28393696232000000   0.59306540946273296
 -0.28293696232000000   0.59343601562694172
 -0.28193696232000000   0.59384953771107125
 -0.28093696232000000   0.59421274490233761
 -0.27993696232000000   0.59461016323707482
 -0.27893696232000000   0.59498583155652361
 -0.27793696232000000   0.59535020970594328
 -0.27693696232000000   0.59574744657097755
 -0.27593696232000000   0.59612374063234176
 -0.27493696232000000   0.59648322288109059
 -0.27393696232000000   0.59688921930381823
 -0.27293696232000000   0.59724886138091288
 -0.27193696232000000   0.59763068773615634
 -0.27093696232000000   0.59802596998338798
 -0.26993696232000000   0.59840454400275663
 -0.26893696232000000   0.59887132557222108
 -0.26793696232000000   0.59997051536220047
 -0.26693696232000000   0.59998385532053279
 -0.26593696232000000   0.60002281803734003
 -0.26493696232000000   0.60000478388747445
 -0.26393696232000000   0.59998680071934872
 -0.26293696232000000   0.60002492622542870
 -0.26193696232000000   0.60000323688658009
 -0.26093696232000000   0.60111039521174745
 -0.25993696232000000   0.60153018959439519
 -0.25893696232000000   0.60192006333184668
 -0.25793696232000000   0.60226503828368892
 -0.25693696232000000   0.60264141232371190
 -0.25593696232000000   0.60298190252278548
 -0.25493696232000000   0.60330809124353440
 -0.25393696232000000   0.60367106442437936
 -0.25293696232000000   0.60399698655083782
 -0.25193696232000000   0.60431492391758698
 -0.25093696232000000   0.60466954817077404
 -0.24993696232000000   0.60498625408959831
 -0.24893696232000000   0.60530447940739930
 -0.24793696232000000   0.60562833925991321
 -0.24693696232000000   0.60596456726501699
 -0.24593696232000000   0.60626769032552961
 -0.24493696232000000   0.60658257332881203
 -0.24393696232000000   0.60691578964569587
 -0.24293696232000000   0.60721353123769719
 -0.24193696232000000   0.60751817817389627
 -0.24093696232000000   0.60784921410401705
 -0.23993696232000000   0.60814295254349358
 -0.23893696232000000   0.60843743299338614
 -0.23793696232000000   0.60876404344885292
 -0.23693696232000000   0.60905645659966003
 -0.23593696232000000   0.60934265025819773
 -0.23493696232000000   0.60965861140081202
 -0.23393696232000000   0.60995439718837205
 -0.23293696232000000   0.61023526482524024
 -0.23193696232000000   0.61053227807593255
 -0.23093696232000000   0.61083708863445474
 -0.22993696232000000   0.61111314826122626
 -0.22893696232000000   0.61139232464020584
 -0.22793696232000000   0.61169970158623385
 -0.22693696232000000   0.61197556400794031
 -0.22593696232000000   0.61224520636650062
 -0.22493696232000000   0.61253676482373056
 -0.22393696232000000   0.61282339404659333
 -0.22293696232000000   0.61309094059171525
 -0.22193696232000000   0.61335563157290251
 -0.22093696232000000   0.61364716363473439
 -0.21993696232000000   0.61391906669459493
 -0.21893696232000000   0.61417767051580698
 -0.21793696232000000   0.61444303278260321
 -0.21693696232000000   0.61472922496582868
 -0.21593696232000000   0.61498614481055569
 -0.21493696232000000   0.61523851204704901
 -0.21393696232000000   0.61550656929929339
 -0.21293696232000000   0.61577969176077183
 -0.21193696232000000   0.61602788052114781
 -0.21093696232000000   0.61627456624638349
 -0.20993696232000000   0.61654196879436570
 -0.20893696232000000   0.61680256631193395
 -0.20793696232000000   0.61704417350286542
 -0.20693696232000000   0.61728540233296551
 -0.20593696232000000   0.61754818060159174
 -0.20493696232000000   0.61779965432987183
 -0.20393696232000000   0.61804068015872747
 -0.20293696232000000   0.61827475577444159
 -0.20193696232000000   0.61851456412976513
 -0.20093696232000000   0.61877217665898187
 -0.19993696232000000   0.61900625175622763
 -0.19893696232000000   0.61923431653321200
 -0.19793696232000000   0.61946556446826438
 -0.19693696232000000   0.61971602546716666
 -0.19593696232000000   0.61994686250769562
 -0.19493696232000000   0.62016885992736291
 -0.19393696232000000   0.62039095356999801
 -0.19293696232000000   0.62063145770775986
 -0.19193696232000000   0.62086234792801619
 -0.19093696232000000   0.62107830234980072
 -0.18993696232000000   0.62129280672275045
 -0.18893696232000000   0.62151829865186216
 -0.18793696232000000   0.62175082344177890
 -0.18693696232000000   0.62196292699887086
 -0.18593696232000000   0.62217165215318374
 -0.18493696232000000   0.62238155810058372
 -0.18393696232000000   0.62259924415758580
 -0.18293696232000000   0.62282396060019419
 -0.18193696232000000   0.62302953332252475
 -0.18093696232000000   0.62323088549429112
 -0.17993696232000000   0.62343149704636783
 -0.17893696232000000   0.62364566812240439
 -0.17793696232000000   0.62385811715478853
 -0.17693696232000000   0.62405426984769788
 -0.17593696232000000   0.62424839943900342
 -0.17493696232000000   0.62444259751941768
 -0.17393696232000000   0.62465041019559148
 -0.17293696232000000   0.62485410135392987
 -0.17193696232000000   0.62503656378560056
 -0.17093696232000000   0.62522611080044788
 -0.16993696232000000   0.62541295507665644
 -0.16893696232000000   0.62561081397621751
 -0.16793696232000000   0.62580761047781461
 -0.16693696232000000   0.62598967380281525
 -0.16593696232000000   0.62616922301669751
 -0.16493696232000000   0.62634705888596473
