 -0.25435953243000000   0.59984577924159244
 -0.25335953243000000   0.60000220197122092
 -0.25235953243000000   0.60000074773613772
 -0.25135953243000000   0.59996721269466789
 -0.25035953243000000   0.60001457405199474
 -0.24935953243000000   0.59999953148096352
 -0.24835953243000000   0.59997467191924417
 -0.24735953243000000   0.60001233424213141
 -0.24635953243000000   0.60001646377329202
 -0.24535953243000000   0.59998639175788063
 -0.24435953243000000   0.59997824681627419
 -0.24335953243000000   0.59999628887717405
 -0.24235953243000000   0.60001018990638191
 -0.24135953243000000   0.60000256524103182
 -0.24035953243000000   0.60000204630501105
 -0.23935953243000000   0.59999067395472464
 -0.23835953243000000   0.59998540318507232
 -0.23735953243000000   0.59999998239948760
 -0.23635953243000000   0.60000190241208081
 -0.23535953243000000   0.59999589662828419
 -0.23435953243000000   0.59999332636387437
 -0.23335953243000000   0.59999213259223118
 -0.23235953243000000   0.59999197128960213
 -0.23135953243000000   0.59999211260878916
 -0.23035953243000000   0.59999316700529593
 -0.22935953243000000   0.59999413133352971
 -0.22835953243000000   0.59999509438270719
 -0.22735953243000000   0.59999614182275905
 -0.22635953243000000   0.59999729050359163
 -0.22535953243000000   0.59999841864899529
 -0.22435953243000000   0.59999920916034405
 -0.22335953243000000   0.59999917407576740
 -0.22235953243000000   0.59999783030354230
 -0.22135953243000000   0.59999478395350710
 -0.22035953243000000   0.59998969088607553
 -0.21935953243000000   0.59998537756886587
 -0.21835953243000000   0.59998310652942354
 -0.21735953243000000   0.59998519404764557
 -0.21635953243000000   0.59999254228109368
 -0.21535953243000000   0.60000415584971752
 -0.21435953243000000   0.60001042348242378
 -0.21335953243000000   0.60001128555622171
 -0.21235953243000000   0.60000643690495096
 -0.21135953243000000   0.59999050951282427
 -0.21035953243000000   0.59997724370794320
 -0.20935953243000000   0.59997958400004846
 -0.20835953243000000   0.60000164143673770
 -0.20735953243000000   0.60001819922382141
 -0.20635953243000000   0.60000015820875361
 -0.20535953243000000   0.59997484525651147
 -0.20435953243000000   0.59997712636637916
 -0.20335953243000000   0.60000962402125507
 -0.20235953243000000   0.60000850806365310
 -0.20135953243000000   0.59997115056750638
 -0.20035953243000000   0.59997215619402840
 -0.19935953243000000   0.60002735032670337
 -0.19835953243000000   0.59997470675470836
 -0.19735953243000000   0.60000899433209101
 -0.19635953243000000   0.59999158035596701
 -0.19535953243000000   0.60001279022299617
 -0.19435953243000000   0.60001751281491960
 -0.19335953243000000   0.60001661816281239
 -0.19235953243000000   0.60001515160481786
 -0.19135953243000000   0.60001458577159759
 -0.19035953243000000   0.60001968806509688
 -0.18935953243000000   0.60000917340642383
 -0.18835953243000000   0.60003688010410092
 -0.17035953243000000   0.60483606585811798
 -0.16935953243000000   0.60581429816616640
 -0.16835953243000000   0.60632628509070953
 -0.16735953243000000   0.60670696620043155
 -0.16635953243000000   0.60698427492572956
 -0.16535953243000000   0.60729422743300876
 -0.16435953243000000   0.60749354724994112
 -0.16335953243000000   0.60775743132541841
 -0.16235953243000000   0.60793591873823791
 -0.16135953243000000   0.60808649894425178
 -0.16035953243000000   0.60827174553321024
 -0.15935953243000000   0.60839417114873111
 -0.15835953243000000   0.60852698530310511
 -0.15735953243000000   0.60876009567047159
 -0.15635953243000000   0.60885152420029750
 -0.15535953243000000   0.60895883712775432
 -0.15435953243000000   0.60905627470998101
 -0.15335953243000000   0.60918081593878417
 -0.15235953243000000   0.60930031345967399
 -0.15135953243000000   0.60937432239361488
 -0.15035953243000000   0.60946595963899538
 -0.14935953243000000   0.60954147961858877
 -0.14835953243000000   0.60965037953122965
 -0.14735953243000000   0.60976180948523509
 -0.14635953243000000   0.60982987021833115
 -0.14535953243000000   0.60989822946863132
 -0.14435953243000000   0.60995997003233976
 -0.14335953243000000   0.61001716375366295
 -0.14235953243000000   0.61007854817787749
 -0.14135953243000000   0.61013244815521391
 -0.14035953243000000   0.61018088323664034
 -0.13935953243000000   0.61024397658091548
 -0.13835953243000000   0.61031488964157912
 -0.13735953243000000   0.61034480909215751
 -0.13635953243000000   0.61038236305995839
 -0.13535953243000000   0.61042643379334480
 -0.13435953243000000   0.61047846344772714
 -0.13335953243000000   0.61052955723239712
 -0.13235953243000000   0.61057645071350663
 -0.13135953243000000   0.61061592776922589
 -0.13035953243000000   0.61064619899001451
 -0.12935953243000000   0.61065026390811932
