 -0.36410956409000000   0.55433428511184256
 -0.36310956409000000   0.55497378547493026
 -0.36210956409000000   0.55553323724441731
 -0.36110956409000000   0.55613981421525038
 -0.36010956409000000   0.55677057549435931
 -0.35910956409000000   0.55733946472629261
 -0.35810956409000000   0.55795155155099550
 -0.35710956409000000   0.55849648499083151
 -0.35610956409000000   0.55910092197597266
 -0.35510956409000000   0.55969191484735975
 -0.35410956409000000   0.56024978560697660
 -0.35310956409000000   0.56084018355209630
 -0.35210956409000000   0.56136923747881293
 -0.35110956409000000   0.56195480770205049
 -0.35010956409000000   0.56247843730827785
 -0.34910956409000000   0.56305313735420651
 -0.34810956409000000   0.56358246167371444
 -0.34710956409000000   0.56414822168076733
 -0.34610956409000000   0.56469402435948949
 -0.34510956409000000   0.56522711619915616
 -0.34410956409000000   0.56578510248541592
 -0.34310956409000000   0.56628717197286818
 -0.34210956409000000   0.56684503188218479
 -0.34110956409000000   0.56734702052786293
 -0.34010956409000000   0.56789787412873246
 -0.33910956409000000   0.56838436587374498
 -0.33810956409000000   0.56893315104171855
 -0.33710956409000000   0.56941573879080508
 -0.33610956409000000   0.56996260406329841
 -0.33510956409000000   0.57045957311593262
 -0.33410956409000000   0.57106746869888139
 -0.33310956409000000   0.57140926584775950
 -0.33210956409000000   0.57182575943258700
 -0.33110956409000000   0.57237172554920029
 -0.33010956409000000   0.57291053634864585
 -0.32910956409000000   0.57337597819666871
 -0.32810956409000000   0.57390045477097254
 -0.32710956409000000   0.57435649009915840
 -0.32610956409000000   0.57487297592175631
 -0.32510956409000000   0.57532297753120679
 -0.32410956409000000   0.57583370958634353
 -0.32310956409000000   0.57627860811219921
 -0.32210956409000000   0.57678183917803465
 -0.32110956409000000   0.57723294942712528
 -0.32010956409000000   0.57771733800073242
 -0.31910956409000000   0.57816789825163973
 -0.31810956409000000   0.57863200639398694
 -0.31710956409000000   0.57909511667674234
 -0.31610956409000000   0.57954211566296036
 -0.31510956409000000   0.58001166921418147
 -0.31410956409000000   0.58044476230667460
 -0.31310956409000000   0.58092743008759463
 -0.31210956409000000   0.58134804706705346
 -0.31110956409000000   0.58182407775441123
 -0.31010956409000000   0.58224422704183566
 -0.30910956409000000   0.58270478832778371
 -0.30810956409000000   0.58313038363767066
 -0.30710956409000000   0.58355634321068427
 -0.30610956409000000   0.58401174162920001
 -0.30510956409000000   0.58442014314372377
 -0.30410956409000000   0.58488293616362906
 -0.30310956409000000   0.58528563471744078
 -0.30210956409000000   0.58573009331972898
 -0.30110956409000000   0.58614715378410218
 -0.30010956409000000   0.58655842428032547
 -0.29910956409000000   0.58699607964596499
 -0.29810956409000000   0.58739051864173118
 -0.29710956409000000   0.58783814649399543
 -0.29610956409000000   0.58822833698218633
 -0.29510956409000000   0.58864102890219371
 -0.29410956409000000   0.58906403579063529
 -0.29310956409000000   0.58944934518614380
 -0.29210956409000000   0.58988672329038259
 -0.29110956409000000   0.59026845482059913
 -0.29010956409000000   0.59068129980521699
 -0.28910956409000000   0.59107893677624265
 -0.28810956409000000   0.59145859620047492
 -0.28710956409000000   0.59188551615073581
 -0.28610956409000000   0.59225826701272726
 -0.28510956409000000   0.59266117069241084
 -0.28410956409000000   0.59305102453425883
 -0.28310956409000000   0.59342175805320545
 -0.28210956409000000   0.59383864210346426
 -0.28110956409000000   0.59420330948352129
 -0.28010956409000000   0.59459788814847357
 -0.27910956409000000   0.59497988029556063
 -0.27810956409000000   0.59534447890212087
 -0.27710956409000000   0.59574495922795610
 -0.27610956409000000   0.59612355814013102
 -0.27510956409000000   0.59648494509600698
 -0.27410956409000000   0.59689444836923476
 -0.27310956409000000   0.59725644932807620
 -0.27210956409000000   0.59764434198363180
 -0.27110956409000000   0.59804306723242965
 -0.27010956409000000   0.59843195434660163
 -0.26910956409000000   0.59891968156854550
 -0.26810956409000000   0.60003300778269475
 -0.26710956409000000   0.60003327972921834
 -0.26610956409000000   0.60001764747308657
 -0.26510956409000000   0.60000484078894678
 -0.26410956409000000   0.59999213886116319
 -0.26310956409000000   0.59997605366483439
 -0.26210956409000000   0.59998971913532885
 -0.26110956409000000   0.60107006755385702
 -0.26010956409000000   0.60149908836360865
 -0.25910956409000000   0.60190319564593269
 -0.25810956409000000   0.60225312387410876
 -0.25710956409000000   0.60263248765956281
 -0.25610956409000000   0.60297607987369455
 -0.25510956409000000   0.60330355237895557
 -0.25410956409000000   0.60366960312550670
 -0.25310956409000000   0.60399641421732689
 -0.25210956409000000   0.60431528488048992
 -0.25110956409000000   0.60467189341284509
 -0.25010956409000000   0.60499844472864625
 -0.24910956409000000   0.60530830216873750
 -0.24810956409000000   0.60563372676465787
 -0.24710956409000000   0.60597038673719185
 -0.24610956409000000   0.60627246745870436
 -0.24510956409000000   0.60659397770550450
 -0.24410956409000000   0.60692220272588807
 -0.24310956409000000   0.60722025102654470
 -0.24210956409000000   0.60753091089716357
 -0.24110956409000000   0.60785840290386151
 -0.24010956409000000   0.60815113372031876
 -0.23910956409000000   0.60845020930252127
 -0.23810956409000000   0.60877623157613125
 -0.23710956409000000   0.60906788210854156
 -0.23610956409000000   0.60935443342271876
 -0.23510956409000000   0.60967267703764065
 -0.23410956409000000   0.60996694788873107
 -0.23310956409000000   0.61024788625266067
 -0.23210956409000000   0.61054739933642291
 -0.23110956409000000   0.61085085051664864
 -0.23010956409000000   0.61112680978551824
 -0.22910956409000000   0.61140712951856979
 -0.22810956409000000   0.61171524465330567
 -0.22710956409000000   0.61198995468712009
 -0.22610956409000000   0.61225962548473264
 -0.22510956409000000   0.61255378314202622
 -0.22410956409000000   0.61283839346184030
 -0.22310956409000000   0.61310311994729785
 -0.22210956409000000   0.61337107578440980
 -0.22110956409000000   0.61366443707117399
 -0.22010956409000000   0.61393435036017330
 -0.21910956409000000   0.61419284687903776
 -0.21810956409000000   0.61445984911101205
 -0.21710956409000000   0.61474579251969798
 -0.21610956409000000   0.61500158577933788
 -0.21510956409000000   0.61525377404370455
 -0.21410956409000000   0.61552411332286734
 -0.21310956409000000   0.61579557247050474
 -0.21210956409000000   0.61604321750324311
 -0.21110956409000000   0.61628992821664999
 -0.21010956409000000   0.61655934619797018
 -0.20910956409000000   0.61681789282087609
 -0.20810956409000000   0.61705916606598580
 -0.20710956409000000   0.61730056542626296
 -0.20610956409000000   0.61755243080564796
 -0.20510956409000000   0.61781693098225567
 -0.20410956409000000   0.61805514828204135
 -0.20310956409000000   0.61828888733612218
 -0.20210956409000000   0.61852982871028107
 -0.20110956409000000   0.61878733772155684
 -0.20010956409000000   0.61901997118986220
 -0.19910956409000000   0.61924768851063241
 -0.19810956409000000   0.61947960436891836
 -0.19710956409000000   0.61973046667815912
 -0.19610956409000000   0.61995966625400546
 -0.19510956409000000   0.62018132001806762
 -0.19410956409000000   0.62040344676858805
 -0.19310956409000000   0.62064495365535302
 -0.19210956409000000   0.62087421516698636
 -0.19110956409000000   0.62108964906267660
 -0.19010956409000000   0.62130370748640667
 -0.18910956409000000   0.62153012394672045
 -0.18810956409000000   0.62176185187720413
 -0.18710956409000000   0.62197291309648263
 -0.18610956409000000   0.62218117617878158
 -0.18510956409000000   0.62239105597746899
 -0.18410956409000000   0.62261781567502871
 -0.18310956409000000   0.62283168088547352
 -0.18210956409000000   0.62303366998543853
 -0.18110956409000000   0.62323848912472268
 -0.18010956409000000   0.62343869416560195
 -0.17910956409000000   0.62365326308394627
 -0.17810956409000000   0.62386484762266711
 -0.17710956409000000   0.62406018337792371
 -0.17610956409000000   0.62425379818512476
 -0.17510956409000000   0.62444756855329628
 -0.17410956409000000   0.62465560516473713
 -0.17310956409000000   0.62485874632186006
 -0.17210956409000000   0.62503878799111941
 -0.17110956409000000   0.62522867970118378
 -0.17010956409000000   0.62541500902379255
 -0.16910956409000000   0.62561271536848925
 -0.16810956409000000   0.62580907218650991
 -0.16710956409000000   0.62599037757490578
 -0.16610956409000000   0.62616933923042932
 -0.16510956409000000   0.62634645594206679
