 -0.32737368210000000   0.56936663178804801
 -0.32437368210000000   0.56844618574429442
 -0.32037368210000000   0.56584246682392731
 -0.31637368210000000   0.57139877727432120
 -0.31537368210000000   0.57136168036561098
 -0.31437368210000000   0.57137858105953732
 -0.31337368210000000   0.57140355846444320
 -0.31237368210000000   0.57140115137967819
 -0.31137368210000000   0.57137021553073895
 -0.31037368210000000   0.57137628636484611
 -0.30937368210000000   0.57135996814428768
 -0.30837368210000000   0.57138334669007482
 -0.30737368210000000   0.57137762874051827
 -0.30637368210000000   0.57135177450787060
 -0.30537368210000000   0.57063371456340444
 -0.30437368210000000   0.57120120519666677
 -0.30337368210000000   0.57019192549178819
 -0.30237368210000000   0.57214786901592577
 -0.30137368210000000   0.57782138801712068
 -0.30037368210000000   0.57896528766395914
 -0.29937368210000000   0.57974914945382078
 -0.29837368210000000   0.58066345142396338
 -0.29737368210000000   0.58226618257173274
 -0.29637368210000000   0.58332164633382497
 -0.29537368210000000   0.58332439398034243
 -0.29437368210000000   0.58331884445040422
 -0.29337368210000000   0.58330016547508004
 -0.29237368210000000   0.58326803638815258
 -0.29137368210000000   0.58544679678935213
 -0.29037368210000000   0.58620839851340744
 -0.28937368210000000   0.58715565177270997
 -0.28837368210000000   0.58822283692028422
 -0.28737368210000000   0.58822944850214920
 -0.28637368210000000   0.58902564746542753
 -0.28537368210000000   0.58987881615670911
 -0.28437368210000000   0.59092339114092169
 -0.28337368210000000   0.59118639349967804
 -0.28237368210000000   0.59215050303859022
 -0.28137368210000000   0.59296120464056250
 -0.28037368210000000   0.59400512324287520
 -0.27937368210000000   0.59578681830598597
 -0.27837368210000000   0.60007449361304133
 -0.27737368210000000   0.60006630106772817
 -0.27637368210000000   0.59997776873025514
 -0.27537368210000000   0.59996471969485661
 -0.27437368210000000   0.60000786211817662
 -0.27337368210000000   0.60003032000741590
 -0.27237368210000000   0.59996711121857523
 -0.27137368210000000   0.60003819244750433
 -0.27037368210000000   0.59997452542778748
 -0.26937368210000000   0.60001631734360796
 -0.26837368210000000   0.60001499966619766
 -0.26737368210000000   0.59998106039622282
 -0.26637368210000000   0.59999940767066961
 -0.26537368210000000   0.60001884933456389
 -0.26437368210000000   0.60001297990827825
 -0.26337368210000000   0.59999345774458787
 -0.26237368210000000   0.59999317813789054
 -0.26137368210000000   0.59999694523764439
 -0.26037368210000000   0.60000025188438362
 -0.25937368210000000   0.60000192652760203
 -0.25837368210000000   0.60000253673570443
 -0.25737368210000000   0.60000158627020006
 -0.25637368210000000   0.60000168420998148
 -0.25537368210000000   0.60000399897928196
 -0.25437368210000000   0.60000903377495603
 -0.25337368210000000   0.60001423687476878
 -0.25237368210000000   0.60001252914128363
 -0.25137368210000000   0.59999880208612214
 -0.25037368210000000   0.59998460950597366
 -0.24937368210000000   0.59999535168845117
 -0.24837368210000000   0.60001568435287785
 -0.24737368210000000   0.60002155467034787
 -0.24637368210000000   0.59997765932289073
 -0.24537368210000000   0.60000928220592302
 -0.24437368210000000   0.60001865619468662
 -0.24337368210000000   0.59997381052333658
 -0.24237368210000000   0.60004354040326306
 -0.24137368210000000   0.59996335872391717
 -0.24037368210000000   0.60002913722516305
 -0.23937368210000000   0.60001060830819075
 -0.23837368210000000   0.60002045811451028
 -0.23737368210000000   0.60006395295960752
 -0.23637368210000000   0.59994393790836680
 -0.23537368210000000   0.59998665876405133
 -0.23437368210000000   0.60330337475849303
 -0.23337368210000000   0.60501486884491887
 -0.23237368210000000   0.60580735657999193
 -0.23137368210000000   0.60634061505900550
 -0.23037368210000000   0.60690219863494102
 -0.22937368210000000   0.60729867197244797
 -0.22837368210000000   0.60777059744688237
 -0.22737368210000000   0.60813985075412988
 -0.22637368210000000   0.60851343383880458
 -0.22537368210000000   0.60888683637966470
 -0.22437368210000000   0.60921228633686687
 -0.22337368210000000   0.60957683988699355
 -0.22237368210000000   0.60988529487790602
 -0.22137368210000000   0.61019385943224189
 -0.22037368210000000   0.61048248822495003
 -0.21937368210000000   0.61083442131717002
 -0.21837368210000000   0.61111294653503486
 -0.21737368210000000   0.61135686294924387
 -0.21637368210000000   0.61168942527380006
 -0.21537368210000000   0.61194348548221975
 -0.21437368210000000   0.61221063480482009
 -0.21337368210000000   0.61245283433891733
 -0.21237368210000000   0.61276303263037805
 -0.21137368210000000   0.61299633011032992
 -0.21037368210000000   0.61323669261564283
 -0.20937368210000000   0.61347669802036220
 -0.20837368210000000   0.61376268267197644
 -0.20737368210000000   0.61398067734667732
 -0.20637368210000000   0.61421420435421501
 -0.20537368210000000   0.61442622490698612
 -0.20437368210000000   0.61470435726092617
 -0.20337368210000000   0.61491450297155300
 -0.20237368210000000   0.61514302505399498
 -0.20137368210000000   0.61536067137379515
 -0.20037368210000000   0.61548525496996761
 -0.19937368210000000   0.61576967377186438
 -0.19837368210000000   0.61596439360888437
 -0.19737368210000000   0.61617277392230136
 -0.19637368210000000   0.61635626868582965
 -0.19537368210000000   0.61658134402396103
 -0.19437368210000000   0.61679668073544329
 -0.19337368210000000   0.61697094029840584
 -0.19237368210000000   0.61716226212184037
 -0.19137368210000000   0.61733121688196758
 -0.19037368210000000   0.61753954010095259
 -0.18937368210000000   0.61774168607818860
 -0.18837368210000000   0.61790285601561031
 -0.18737368210000000   0.61808106454916868
 -0.18637368210000000   0.61823952100969369
 -0.18537368210000000   0.61841183648208766
 -0.18437368210000000   0.61860273938745433
 -0.18337368210000000   0.61878628705487963
 -0.18237368210000000   0.61893440402250896
 -0.18137368210000000   0.61909521224043806
 -0.18037368210000000   0.61924709506074779
 -0.17937368210000000   0.61939323554072185
 -0.17837368210000000   0.61957282011140929
 -0.17737368210000000   0.61974095931435217
 -0.17637368210000000   0.61987788774879933
 -0.17537368210000000   0.62002092296976445
 -0.17437368210000000   0.62016706484469473
 -0.17337368210000000   0.62029554711946669
 -0.17237368210000000   0.62043800683485160
 -0.17137368210000000   0.62060796763594745
 -0.17037368210000000   0.62074566806374853
 -0.16937368210000000   0.62086628824610737
 -0.16837368210000000   0.62099742176850664
 -0.16737368210000000   0.62112921822674246
 -0.16637368210000000   0.62125533541652428
 -0.16537368210000000   0.62136865616569796
 -0.16437368210000000   0.62149121815081418
 -0.16337368210000000   0.62163780321263515
 -0.16237368210000000   0.62176673365289278
 -0.16137368210000000   0.62187652602897165
 -0.16037368210000000   0.62198110345274973
 -0.15937368210000000   0.62209817613232821
 -0.15837368210000000   0.62221029790371068
