 -0.35588088419000000   0.56039722855370749
 -0.35488088419000000   0.56087772856668643
 -0.35388088419000000   0.56133939540254885
 -0.35288088419000000   0.56181908845692996
 -0.35188088419000000   0.56227980659571835
 -0.35088088419000000   0.56275105840226789
 -0.34988088419000000   0.56321198913279344
 -0.34888088419000000   0.56367609324975048
 -0.34788088419000000   0.56413818768623085
 -0.34688088419000000   0.56459478396148974
 -0.34588088419000000   0.56505847591174620
 -0.34488088419000000   0.56550807950921376
 -0.34388088419000000   0.56597276714826428
 -0.34288088419000000   0.56642531956112114
 -0.34188088419000000   0.56686964971295357
 -0.34088088419000000   0.56733075439891207
 -0.33988088419000000   0.56776991610127503
 -0.33888088419000000   0.56822898909048529
 -0.33788088419000000   0.56866607680479053
 -0.33688088419000000   0.56911862125376601
 -0.33588088419000000   0.56955707952798372
 -0.33488088419000000   0.56999976013395463
 -0.33388088419000000   0.57043571591614116
 -0.33288088419000000   0.57088482658840160
 -0.33188088419000000   0.57131477782797465
 -0.33088088419000000   0.57175487805718026
 -0.32988088419000000   0.57218814367309973
 -0.32888088419000000   0.57261760789572906
 -0.32788088419000000   0.57305587187294541
 -0.32688088419000000   0.57347702112223814
 -0.32588088419000000   0.57391647057486721
 -0.32488088419000000   0.57433444879139616
 -0.32388088419000000   0.57476718727911604
 -0.32288088419000000   0.57518775627992483
 -0.32188088419000000   0.57560864266091617
 -0.32088088419000000   0.57603540821909554
 -0.31988088419000000   0.57644670113291374
 -0.31888088419000000   0.57687564761529336
 -0.31788088419000000   0.57728390069257587
 -0.31688088419000000   0.57770489347430928
 -0.31588088419000000   0.57811727688567982
 -0.31488088419000000   0.57852545301859742
 -0.31388088419000000   0.57894464520896388
 -0.31288088419000000   0.57934504672961793
 -0.31188088419000000   0.57976238564859862
 -0.31088088419000000   0.58016357001400442
 -0.30988088419000000   0.58056834428889031
 -0.30888088419000000   0.58097707534392513
 -0.30788088419000000   0.58137106233600369
 -0.30688088419000000   0.58178196965889856
 -0.30588088419000000   0.58217455605634666
 -0.30488088419000000   0.58257393161002980
 -0.30388088419000000   0.58297397730472945
 -0.30288088419000000   0.58336126273915004
 -0.30188088419000000   0.58376484587525395
 -0.30088088419000000   0.58415033575746928
 -0.29988088419000000   0.58454577693594217
 -0.29888088419000000   0.58492748241793626
 -0.29788088419000000   0.58532511936356502
 -0.29688088419000000   0.58570534114890810
 -0.29588088419000000   0.58609031716773911
 -0.29488088419000000   0.58647930614057252
 -0.29388088419000000   0.58685321169315041
 -0.29288088419000000   0.58724216216133230
 -0.29188088419000000   0.58761811946749997
 -0.29088088419000000   0.58799208776036830
 -0.28988088419000000   0.58837710970680985
 -0.28888088419000000   0.58874430389379602
 -0.28788088419000000   0.58912151321787013
 -0.28688088419000000   0.58949593044949953
 -0.28588088419000000   0.58985931549585559
 -0.28488088419000000   0.59023738385238203
 -0.28388088419000000   0.59060118837891349
 -0.28288088419000000   0.59096422322822177
 -0.28188088419000000   0.59133763949327453
 -0.28088088419000000   0.59169739359738840
 -0.27988088419000000   0.59206151548651063
 -0.27888088419000000   0.59241510954904025
 -0.27788088419000000   0.59278255578670531
 -0.27688088419000000   0.59313772833708887
 -0.27588088419000000   0.59348944806220581
 -0.27488088419000000   0.59385339818117306
 -0.27388088419000000   0.59420143246749625
 -0.27288088419000000   0.59455209068945116
 -0.27188088419000000   0.59491034248700830
 -0.27088088419000000   0.59525283474403218
 -0.26988088419000000   0.59560232811891612
 -0.26888088419000000   0.59595404633886794
 -0.26788088419000000   0.59629200866645691
 -0.26688088419000000   0.59663965476086820
 -0.26588088419000000   0.59698499200520369
 -0.26488088419000000   0.59731894069257594
 -0.26388088419000000   0.59766391422813765
 -0.26288088419000000   0.59800348544430041
 -0.26188088419000000   0.59833362092330534
 -0.26088088419000000   0.59867529356872536
 -0.25988088419000000   0.59900993938759908
 -0.25888088419000000   0.59933656478206806
 -0.25788088419000000   0.59967632668698353
 -0.25688088419000000   0.60000221227487624
 -0.25588088419000000   0.60032028662714855
 -0.25488088419000000   0.60065539007028017
 -0.25388088419000000   0.60098210684660761
 -0.25288088419000000   0.60130015620127486
 -0.25188088419000000   0.60162838011892871
 -0.25088088419000000   0.60195140290855780
 -0.24988088419000000   0.60226497758127083
 -0.24888088419000000   0.60258758675545503
 -0.24788088419000000   0.60290784775781451
 -0.24688088419000000   0.60321724156288075
 -0.24588088419000000   0.60353369230075218
 -0.24488088419000000   0.60385158792954570
 -0.24388088419000000   0.60415722075109224
 -0.24288088419000000   0.60446700752171813
 -0.24188088419000000   0.60478238037944964
 -0.24088088419000000   0.60508499702026681
 -0.23988088419000000   0.60538801854733705
 -0.23888088419000000   0.60569979778784359
 -0.23788088419000000   0.60600051538307949
 -0.23688088419000000   0.60629733301741498
 -0.23588088419000000   0.60660346966047177
 -0.23488088419000000   0.60690353658152165
 -0.23388088419000000   0.60720001134870904
 -0.23288088419000000   0.60749755792899683
 -0.23188088419000000   0.60778665234761915
 -0.23088088419000000   0.60808162823730538
 -0.22988088419000000   0.60837905289879551
 -0.22888088419000000   0.60866511516406035
 -0.22788088419000000   0.60895152236695371
 -0.22688088419000000   0.60924593313017875
 -0.22588088419000000   0.60953150700953244
 -0.22488088419000000   0.60981138194795760
 -0.22388088419000000   0.61009797612780428
 -0.22288088419000000   0.61038462945475352
 -0.22188088419000000   0.61066095924728186
 -0.22088088419000000   0.61093801464667551
 -0.21988088419000000   0.61122238185135889
 -0.21888088419000000   0.61149873887212269
 -0.21788088419000000   0.61176908890876326
 -0.21688088419000000   0.61204466709772215
 -0.21588088419000000   0.61232252841810450
 -0.21488088419000000   0.61259034077860115
 -0.21388088419000000   0.61285643978608871
 -0.21288088419000000   0.61313222462880201
 -0.21188088419000000   0.61339656139218091
 -0.21088088419000000   0.61365813318219348
 -0.20988088419000000   0.61392594614628262
 -0.20888088419000000   0.61419262310675218
 -0.20788088419000000   0.61445032433326434
 -0.20688088419000000   0.61470750920552114
 -0.20588088419000000   0.61497108125590096
 -0.20488088419000000   0.61523065866534512
 -0.20388088419000000   0.61548252963248105
 -0.20288088419000000   0.61573511836182862
 -0.20188088419000000   0.61599356851968833
 -0.20088088419000000   0.61624677850911072
 -0.19988088419000000   0.61649317669692981
 -0.19888088419000000   0.61674067221761101
 -0.19788088419000000   0.61699355885043451
 -0.19688088419000000   0.61724116097336083
 -0.19588088419000000   0.61748225000613530
 -0.19488088419000000   0.61772410507074483
 -0.19388088419000000   0.61797113856531624
 -0.19288088419000000   0.61821382035700376
 -0.19188088419000000   0.61844976870301797
 -0.19088088419000000   0.61868556836037582
 -0.18988088419000000   0.61892629354868332
 -0.18888088419000000   0.61916462030625103
 -0.18788088419000000   0.61939576483821338
 -0.18688088419000000   0.61963071149467451
 -0.18588088419000000   0.61986248766212173
 -0.18488088419000000   0.62008891784507880
 -0.18388088419000000   0.62031574391093854
 -0.18288088419000000   0.62054690464671753
 -0.18188088419000000   0.62077540197823380
 -0.18088088419000000   0.62099728664341201
 -0.17988088419000000   0.62121741775626472
 -0.17888088419000000   0.62144069280799443
 -0.17788088419000000   0.62166545812827323
 -0.17688088419000000   0.62188401629569247
 -0.17588088419000000   0.62209845115001274
 -0.17488088419000000   0.62231339357373918
 -0.17388088419000000   0.62253194597414747
 -0.17288088419000000   0.62274824842215099
 -0.17188088419000000   0.62295847032987740
 -0.17088088419000000   0.62316641273419512
 -0.16988088419000000   0.62337610341029607
 -0.16888088419000000   0.62358834950388237
 -0.16788088419000000   0.62379643467114618
 -0.16688088419000000   0.62399942645838751
 -0.16588088419000000   0.62420102433703946
 -0.16488088419000000   0.62440472864338346
 -0.16388088419000000   0.62461002873264682
 -0.16288088419000000   0.62481076395385461
 -0.16188088419000000   0.62500701271295310
 -0.16088088419000000   0.62520205790907397
 -0.15988088419000000   0.62539896894687071
 -0.15888088419000000   0.62559729061333906
 -0.15788088419000000   0.62579146972086395
 -0.15688088419000000   0.62598124591237758
