 -0.26443376327000000   0.60005022094614240
 -0.26343376327000000   0.59982958720049908
 -0.26243376327000000   0.60003698761263887
 -0.26143376327000000   0.60003891594764674
 -0.26043376327000000   0.59996059937537883
 -0.25943376327000000   0.60001450994749176
 -0.25843376327000000   0.59999925204127882
 -0.25743376327000000   0.59997796442063260
 -0.25643376327000000   0.60002640500381576
 -0.25543376327000000   0.59998134490308244
 -0.25443376327000000   0.59999097156032829
 -0.25343376327000000   0.60002040017466384
 -0.25243376327000000   0.59997783106643090
 -0.25143376327000000   0.59999185015344477
 -0.25043376327000000   0.60000561613993538
 -0.24943376327000000   0.60001243292432696
 -0.24843376327000000   0.59998971080018971
 -0.24743376327000000   0.59998235616388224
 -0.24643376327000000   0.59999111490312642
 -0.24543376327000000   0.60000036499751324
 -0.24443376327000000   0.59999115916271353
 -0.24343376327000000   0.59998782059562884
 -0.24243376327000000   0.59998879277749581
 -0.24143376327000000   0.59999143274151934
 -0.24043376327000000   0.59999394427395030
 -0.23943376327000000   0.59999904192177703
 -0.23843376327000000   0.59999833422603601
 -0.23743376327000000   0.59999726145141746
 -0.23643376327000000   0.59999608581243859
 -0.23543376327000000   0.59999492795047363
 -0.23443376327000000   0.59999389212351748
 -0.23343376327000000   0.59999317362653873
 -0.23243376327000000   0.59999312275328146
 -0.23143376327000000   0.59999422228086831
 -0.23043376327000000   0.59999691292796147
 -0.22943376327000000   0.59999266408713467
 -0.22843376327000000   0.59999756784747375
 -0.22743376327000000   0.60000418201164216
 -0.22643376327000000   0.60000839195485472
 -0.22543376327000000   0.60000565603363197
 -0.22443376327000000   0.59999562399983820
 -0.22343376327000000   0.59998431812684764
 -0.22243376327000000   0.59998120955064730
 -0.22143376327000000   0.59999286860900096
 -0.22043376327000000   0.60001335297268444
 -0.21943376327000000   0.60001239616768355
 -0.21843376327000000   0.59998904224779484
 -0.21743376327000000   0.59997505026902156
 -0.21643376327000000   0.59999463167964523
 -0.21543376327000000   0.60002268564810232
 -0.21443376327000000   0.59999460621098251
 -0.21343376327000000   0.59997700771925758
 -0.21243376327000000   0.59998499175432822
 -0.21143376327000000   0.60002536844834585
 -0.21043376327000000   0.60002735054117128
 -0.20943376327000000   0.60001137433287326
 -0.20843376327000000   0.60002116649273036
 -0.20743376327000000   0.60001873853344115
 -0.20643376327000000   0.60001786619753059
 -0.20543376327000000   0.60001487904895174
 -0.20443376327000000   0.60003621800952865
 -0.20343376327000000   0.60003008555137570
 -0.20243376327000000   0.59997611374640934
 -0.20143376327000000   0.59999804746268669
 -0.20043376327000000   0.59855877575508855
 -0.19943376327000000   0.60002201196857515
 -0.19443376327000000   0.59822528877863204
 -0.19343376327000000   0.60008573251584389
 -0.19243376327000000   0.59995152872578450
 -0.18643376327000000   0.60560037463843643
 -0.18543376327000000   0.60636843242386386
 -0.18443376327000000   0.60694159582263411
 -0.18343376327000000   0.60732051896744050
 -0.18243376327000000   0.60769668625711014
 -0.18143376327000000   0.60797730697298358
 -0.18043376327000000   0.60826882041655652
 -0.17943376327000000   0.60847689601234081
 -0.17843376327000000   0.60880249317657439
 -0.17743376327000000   0.60897772707584654
 -0.17643376327000000   0.60918543137264070
 -0.17543376327000000   0.60935852653088958
 -0.17443376327000000   0.60954083468237163
 -0.17343376327000000   0.60976799545509826
 -0.17243376327000000   0.60992009564757219
 -0.17143376327000000   0.61007016256978522
 -0.17043376327000000   0.61023897125966490
 -0.16943376327000000   0.61036052347486342
 -0.16843376327000000   0.61049492548965455
 -0.16743376327000000   0.61067384736920487
 -0.16643376327000000   0.61080699926622610
 -0.16543376327000000   0.61092044472216189
 -0.16443376327000000   0.61100543429065141
 -0.16343376327000000   0.61121644235040172
 -0.16243376327000000   0.61129618608107805
 -0.16143376327000000   0.61139282283145728
 -0.16043376327000000   0.61149138817477623
 -0.15943376327000000   0.61159891202494569
 -0.15843376327000000   0.61173631325246314
 -0.15743376327000000   0.61182693736247113
 -0.15643376327000000   0.61191465691108709
 -0.15543376327000000   0.61198418190402529
 -0.15443376327000000   0.61207096951713249
 -0.15343376327000000   0.61216440639824275
 -0.15243376327000000   0.61225490438516706
 -0.15143376327000000   0.61231814452380443
 -0.15043376327000000   0.61238341824292667
 -0.14943376327000000   0.61245003159136954
 -0.14843376327000000   0.61251337070952669
 -0.14743376327000000   0.61259605782944990
 -0.14643376327000000   0.61265325311135545
 -0.14543376327000000   0.61270656343145954
 -0.14443376327000000   0.61277018104229243
 -0.14343376327000000   0.61284500997281319
 -0.14243376327000000   0.61291563566359166
 -0.14143376327000000   0.61297072859554437
 -0.14043376327000000   0.61301341718464353
 -0.13943376327000000   0.61305455090688217
 -0.13843376327000000   0.61309662217898644
 -0.13743376327000000   0.61313331076167081
 -0.13643376327000000   0.61316470932712993
