 -0.36388469446000000   0.49701952114023503
 -0.36188469446000000   0.53293815164371437
 -0.35988469446000000   0.53842311589129868
 -0.35888469446000000   0.53791850702046489
 -0.35788469446000000   0.54212169825227729
 -0.35688469446000000   0.54544534933893221
 -0.35588469446000000   0.54539807749118789
 -0.35488469446000000   0.54541693710958668
 -0.35388469446000000   0.54799854760535614
 -0.35288469446000000   0.54938563137168721
 -0.35188469446000000   0.55057550309124841
 -0.35088469446000000   0.55188816823039308
 -0.34988469446000000   0.55309724363362824
 -0.34888469446000000   0.55548384141618714
 -0.34788469446000000   0.55550242626356989
 -0.34688469446000000   0.55550680455161428
 -0.34588469446000000   0.55549386294195553
 -0.34488469446000000   0.55683041478947564
 -0.34388469446000000   0.55809149614675011
 -0.34288469446000000   0.55906799310859659
 -0.34188469446000000   0.56001217336466670
 -0.34088469446000000   0.56087771426800583
 -0.33988469446000000   0.56169236096304801
 -0.33888469446000000   0.56245605995926014
 -0.33788469446000000   0.56327209011219613
 -0.33688469446000000   0.56405955549605371
 -0.33588469446000000   0.56487915890445806
 -0.33488469446000000   0.56557922653302789
 -0.33388469446000000   0.56635380575563396
 -0.33288469446000000   0.56714228825436875
 -0.33188469446000000   0.56795601535552162
 -0.33088469446000000   0.56882319779283762
 -0.32988469446000000   0.57002558127392801
 -0.32888469446000000   0.57142191954028814
 -0.32788469446000000   0.57142669014408422
 -0.32688469446000000   0.57140045628767584
 -0.32588469446000000   0.57139027481327804
 -0.32488469446000000   0.57140038623833827
 -0.32388469446000000   0.57137075991454671
 -0.32288469446000000   0.57138521442526122
 -0.32188469446000000   0.57137330045187993
 -0.32088469446000000   0.57384461881749477
 -0.31988469446000000   0.57457403199872145
 -0.31888469446000000   0.57526980147273943
 -0.31788469446000000   0.57594230691766124
 -0.31688469446000000   0.57652130437152303
 -0.31588469446000000   0.57715922390899541
 -0.31488469446000000   0.57778841512453307
 -0.31388469446000000   0.57831593247943167
 -0.31288469446000000   0.57895880664941078
 -0.31188469446000000   0.57944186646785643
 -0.31088469446000000   0.58003722585535060
 -0.30988469446000000   0.58059021239131757
 -0.30888469446000000   0.58113536605394939
 -0.30788469446000000   0.58167768406163202
 -0.30688469446000000   0.58221675591722935
 -0.30588469446000000   0.58279646967901966
 -0.30488469446000000   0.58331449934497431
 -0.30388469446000000   0.58374493493502683
 -0.30288469446000000   0.58425864598859775
 -0.30188469446000000   0.58481496946008363
 -0.30088469446000000   0.58528625054648116
 -0.29988469446000000   0.58583138614437438
 -0.29888469446000000   0.58628132542285356
 -0.29788469446000000   0.58682774806539623
 -0.29688469446000000   0.58728099156278638
 -0.29588469446000000   0.58780682603406512
 -0.29488469446000000   0.58823710505390087
 -0.29388469446000000   0.58877422818746819
 -0.29288469446000000   0.58922090965566592
 -0.29188469446000000   0.58972933053777382
 -0.29088469446000000   0.59018137188615320
 -0.28988469446000000   0.59065938650003945
 -0.28888469446000000   0.59113168670122396
 -0.28788469446000000   0.59158559769873380
 -0.28688469446000000   0.59207601381238612
 -0.28588469446000000   0.59252197995408609
 -0.28488469446000000   0.59302265706945822
 -0.28388469446000000   0.59346842127002916
 -0.28288469446000000   0.59399188722574528
 -0.28188469446000000   0.59443766019034787
 -0.28088469446000000   0.59497833054423217
 -0.27988469446000000   0.59546420179974195
 -0.27888469446000000   0.59604604447207796
 -0.27788469446000000   0.59668957796311466
 -0.27688469446000000   0.59749744701726588
 -0.27588469446000000   0.59996252933388348
 -0.27488469446000000   0.60005970926819216
 -0.27388469446000000   0.60003599312339083
 -0.27288469446000000   0.59997050331593490
 -0.27188469446000000   0.60002171365766406
 -0.27088469446000000   0.60001418199482938
 -0.26988469446000000   0.59998535320638532
 -0.26888469446000000   0.59999336758615860
 -0.26788469446000000   0.60000428518744736
 -0.26688469446000000   0.60000691470869946
 -0.26588469446000000   0.60000499960847518
 -0.26488469446000000   0.60000308257023458
 -0.26388469446000000   0.60000237688824262
 -0.26288469446000000   0.60001246271025457
 -0.26188469446000000   0.60002605651496261
 -0.26088469446000000   0.60000794715542957
 -0.25988469446000000   0.59997369468112573
 -0.25888469446000000   0.60003978630889912
 -0.25788469446000000   0.59996498049849108
 -0.25688469446000000   0.60004861746087469
 -0.25588469446000000   0.60003179744231928
 -0.25488469446000000   0.60165176831978688
 -0.25388469446000000   0.60291025536237629
 -0.25288469446000000   0.60346759852592683
 -0.25188469446000000   0.60398022828454103
 -0.25088469446000000   0.60440611719796196
 -0.24988469446000000   0.60486304464559337
 -0.24888469446000000   0.60523278286670983
 -0.24788469446000000   0.60564012123669398
 -0.24688469446000000   0.60600036245032472
 -0.24588469446000000   0.60633772738583227
 -0.24488469446000000   0.60673404626037676
 -0.24388469446000000   0.60706009067341282
 -0.24288469446000000   0.60738562071029655
 -0.24188469446000000   0.60776397521284715
 -0.24088469446000000   0.60807084921929974
 -0.23988469446000000   0.60838359825906984
 -0.23888469446000000   0.60874634969624977
 -0.23788469446000000   0.60905023673011353
 -0.23688469446000000   0.60934558052546128
 -0.23588469446000000   0.60969052501436601
 -0.23488469446000000   0.60999142744017436
 -0.23388469446000000   0.61027839140683401
 -0.23288469446000000   0.61060017984559437
 -0.23188469446000000   0.61090529763770810
 -0.23088469446000000   0.61118551296407017
 -0.22988469446000000   0.61147540858531380
 -0.22888469446000000   0.61179620899445181
 -0.22788469446000000   0.61206752767061766
 -0.22688469446000000   0.61233350519761425
 -0.22588469446000000   0.61265092574437059
 -0.22488469446000000   0.61292324951110246
 -0.22388469446000000   0.61318677946862186
 -0.22288469446000000   0.61345935363358356
 -0.22188469446000000   0.61376235619024169
 -0.22088469446000000   0.61401442189685092
 -0.21988469446000000   0.61426934570731084
 -0.21888469446000000   0.61454575207261021
 -0.21788469446000000   0.61482861607238258
 -0.21688469446000000   0.61507290810126152
 -0.21588469446000000   0.61532515153475390
 -0.21488469446000000   0.61558269917559258
 -0.21388469446000000   0.61585834365616805
 -0.21288469446000000   0.61609389156820288
 -0.21188469446000000   0.61632727532119020
 -0.21088469446000000   0.61659570370046490
 -0.20988469446000000   0.61685028305000445
 -0.20888469446000000   0.61708182263422375
 -0.20788469446000000   0.61730993202782721
 -0.20688469446000000   0.61754872721917169
 -0.20588469446000000   0.61781350353478076
 -0.20488469446000000   0.61803299953298289
 -0.20388469446000000   0.61825458092670490
 -0.20288469446000000   0.61847853871213227
 -0.20188469446000000   0.61873762566721995
 -0.20088469446000000   0.61895214331823871
 -0.19988469446000000   0.61916717783962329
 -0.19888469446000000   0.61937597186583088
 -0.19788469446000000   0.61962247340736410
 -0.19688469446000000   0.61984210676330893
 -0.19588469446000000   0.62004595912997847
 -0.19488469446000000   0.62024742722598165
 -0.19388469446000000   0.62046302587570749
 -0.19288469446000000   0.62069107666646493
 -0.19188469446000000   0.62090124804373154
 -0.19088469446000000   0.62109533804226624
 -0.18988469446000000   0.62128928862563687
 -0.18888469446000000   0.62148753514065390
 -0.18788469446000000   0.62171456197238528
 -0.18688469446000000   0.62190743570123898
 -0.18588469446000000   0.62209455502246945
 -0.18488469446000000   0.62227860907959218
 -0.18388469446000000   0.62246936989076244
 -0.18288469446000000   0.62268524639943913
 -0.18188469446000000   0.62286976335751447
 -0.18088469446000000   0.62304757900753857
 -0.17988469446000000   0.62322481895181245
 -0.17888469446000000   0.62340184442832759
 -0.17788469446000000   0.62360617711250036
 -0.17688469446000000   0.62379010127902731
 -0.17588469446000000   0.62395833886173579
 -0.17488469446000000   0.62413132326293719
 -0.17388469446000000   0.62429893116104038
 -0.17288469446000000   0.62448589805142862
 -0.17188469446000000   0.62468592723062134
 -0.17088469446000000   0.62504043354019295
 -0.16988469446000000   0.62500439996621544
 -0.16888469446000000   0.62499047691226474
 -0.16788469446000000   0.62521843123544950
 -0.16688469446000000   0.62540458675361887
 -0.16588469446000000   0.62558097187055316
