 -0.30431013632000000   0.57140052743866279
 -0.30331013632000000   0.57140203416173956
 -0.30231013632000000   0.57140670974254577
 -0.30131013632000000   0.57140568754259950
 -0.30031013632000000   0.57137214118564329
 -0.29931013632000000   0.57138580572428007
 -0.28931013632000000   0.58329714427137647
 -0.28831013632000000   0.58329612916534994
 -0.28731013632000000   0.58331889169252062
 -0.28631013632000000   0.58329542820009793
 -0.28331013632000000   0.58461021632881757
 -0.28231013632000000   0.58823709133135399
 -0.28131013632000000   0.58728957166562117
 -0.27931013632000000   0.59094174264880659
 -0.27731013632000000   0.59386845822745993
 -0.27631013632000000   0.59715617914021204
 -0.27531013632000000   0.60006795912469063
 -0.27431013632000000   0.59994851541768311
 -0.27331013632000000   0.59997807654638304
 -0.27231013632000000   0.59996554900652251
 -0.27131013632000000   0.60000701871781073
 -0.27031013632000000   0.60001956902819469
 -0.26931013632000000   0.60002481187877503
 -0.26831013632000000   0.59996830323799663
 -0.26731013632000000   0.60002248480183183
 -0.26631013632000000   0.59997262442339387
 -0.26531013632000000   0.60001437047323651
 -0.26431013632000000   0.60000668385251906
 -0.26331013632000000   0.59997959795832656
 -0.26231013632000000   0.59999640207738267
 -0.26131013632000000   0.60001978301552099
 -0.26031013632000000   0.60000359996577628
 -0.25931013632000000   0.59998753599313999
 -0.25831013632000000   0.59999017590394041
 -0.25731013632000000   0.59999997173175266
 -0.25631013632000000   0.60000642687753509
 -0.25531013632000000   0.60000746724152941
 -0.25431013632000000   0.60000563012812222
 -0.25331013632000000   0.60000336930506088
 -0.25231013632000000   0.60000164572985868
 -0.25131013632000000   0.60000038956640596
 -0.25031013632000000   0.59999915488193099
 -0.24931013632000000   0.59999752424619574
 -0.24831013632000000   0.59999603692209137
 -0.24731013632000000   0.59999669548816134
 -0.24631013632000000   0.60000033743757293
 -0.24531013632000000   0.60000704662011982
 -0.24431013632000000   0.60000938106543369
 -0.24331013632000000   0.59999921162563889
 -0.24231013632000000   0.59998685309267386
 -0.24131013632000000   0.59998684996466614
 -0.24031013632000000   0.60000767005044045
 -0.23931013632000000   0.60002170578826957
 -0.23831013632000000   0.59999705593440479
 -0.23731013632000000   0.59997725819042496
 -0.23631013632000000   0.60001182791256919
 -0.23531013632000000   0.60002165673276974
 -0.23431013632000000   0.59997678756027436
 -0.23331013632000000   0.60002556743163651
 -0.23231013632000000   0.60000079962632604
 -0.23131013632000000   0.59996720921741703
 -0.23031013632000000   0.60004097063968752
 -0.22931013632000000   0.59996280691807232
 -0.22831013632000000   0.59996847806313655
 -0.22731013632000000   0.59996826612565481
 -0.22631013632000000   0.60005053299022457
 -0.22531013632000000   0.59998631499916049
 -0.22431013632000000   0.59997509587251347
 -0.22331013632000000   0.59993745040901971
 -0.22231013632000000   0.59994890275667431
 -0.22131013632000000   0.60006811371649552
 -0.22031013632000000   0.59996602134866205
 -0.21931013632000000   0.59994691090081200
 -0.21831013632000000   0.60541240915049643
 -0.21731013632000000   0.60631998346959234
 -0.21631013632000000   0.60694841856788833
 -0.21531013632000000   0.60742704817804828
 -0.21431013632000000   0.60790155654481623
 -0.21331013632000000   0.60827295038823995
 -0.21231013632000000   0.60872299291457724
 -0.21131013632000000   0.60902153454272147
 -0.21031013632000000   0.60933371976150864
 -0.20931013632000000   0.60969756290642534
 -0.20831013632000000   0.60998940386700073
 -0.20731013632000000   0.61026867709492317
 -0.20631013632000000   0.61051853586799878
 -0.20531013632000000   0.61084496171078227
 -0.20431013632000000   0.61111771846244929
 -0.20331013632000000   0.61131918460687847
 -0.20231013632000000   0.61154985716065597
 -0.20131013632000000   0.61184155132878263
 -0.20031013632000000   0.61205301885876852
 -0.19931013632000000   0.61227627860394808
 -0.19831013632000000   0.61247973572395129
 -0.19731013632000000   0.61274963019450530
 -0.19631013632000000   0.61293830694520340
 -0.19531013632000000   0.61314884573843794
 -0.19431013632000000   0.61332938456596863
 -0.19331013632000000   0.61355299071698143
 -0.19231013632000000   0.61376981871690006
 -0.19131013632000000   0.61394316637913568
 -0.19031013632000000   0.61412856153428303
 -0.18931013632000000   0.61429640809177557
 -0.18831013632000000   0.61447072510631513
 -0.18731013632000000   0.61469619295254047
 -0.18631013632000000   0.61486033536912382
 -0.18531013632000000   0.61501986495937239
 -0.18431013632000000   0.61519681948783259
 -0.18331013632000000   0.61537041339268279
 -0.18231013632000000   0.61535744870917839
 -0.18131013632000000   0.61566570206501819
 -0.18031013632000000   0.61582161281696571
 -0.17931013632000000   0.61595455413585164
 -0.17831013632000000   0.61610620682494438
 -0.17731013632000000   0.61624848902866631
 -0.17631013632000000   0.61637553976922336
 -0.17531013632000000   0.61652332058178273
 -0.17431013632000000   0.61669424751920136
 -0.17331013632000000   0.61682220025426970
 -0.17231013632000000   0.61693481122400404
 -0.17131013632000000   0.61706867368158978
 -0.17031013632000000   0.61719529804531462
 -0.16931013632000000   0.61731252787715426
 -0.16831013632000000   0.61742191578696380
 -0.16731013632000000   0.61754202455318415
 -0.16631013632000000   0.61769045207974698
 -0.16531013632000000   0.61780646822069457
 -0.16431013632000000   0.61790820123101968
 -0.16331013632000000   0.61800399844991247
 -0.16231013632000000   0.61811729622335523
 -0.16131013632000000   0.61822542683207188
 -0.16031013632000000   0.61831336546465461
 -0.15931013632000000   0.61840578317665492
 -0.15831013632000000   0.61850415753150224
 -0.15731013632000000   0.61863333876599579
 -0.15631013632000000   0.61872477496522190
 -0.15531013632000000   0.61880849432242237
 -0.15431013632000000   0.61888455528684409
 -0.15331013632000000   0.61897066011802323
 -0.15231013632000000   0.61906265692268667
 -0.15131013632000000   0.61914779555869974
