 -0.36474591987000000   0.47574963898931092
 -0.35974591987000000   0.53334960199275417
 -0.35874591987000000   0.53841356802058424
 -0.35774591987000000   0.53842028071717143
 -0.35674591987000000   0.54161448120191416
 -0.35574591987000000   0.54542160993647653
 -0.35474591987000000   0.54539646580565507
 -0.35374591987000000   0.54540589280449318
 -0.35274591987000000   0.54804388464557724
 -0.35174591987000000   0.54950792643512721
 -0.35074591987000000   0.55087913635333098
 -0.34974591987000000   0.55210161480136103
 -0.34874591987000000   0.55344158683154278
 -0.34774591987000000   0.55548599159477693
 -0.34674591987000000   0.55549945507824309
 -0.34574591987000000   0.55551207651235154
 -0.34474591987000000   0.55548362368405766
 -0.34374591987000000   0.55720064733682182
 -0.34274591987000000   0.55838541229683587
 -0.34174591987000000   0.55935644741279489
 -0.34074591987000000   0.56030655375394493
 -0.33974591987000000   0.56119732262490307
 -0.33874591987000000   0.56207024111264021
 -0.33774591987000000   0.56284412147956903
 -0.33674591987000000   0.56365003358733736
 -0.33574591987000000   0.56442555184402795
 -0.33474591987000000   0.56521019643085200
 -0.33374591987000000   0.56604552416288917
 -0.33274591987000000   0.56686817371758175
 -0.33174591987000000   0.56760909190872767
 -0.33074591987000000   0.56845162286844380
 -0.32974591987000000   0.56956241359225355
 -0.32874591987000000   0.57143374596167003
 -0.32774591987000000   0.57139871879811114
 -0.32674591987000000   0.57141971255410522
 -0.32574591987000000   0.57138819394384221
 -0.32474591987000000   0.57138986098911954
 -0.32374591987000000   0.57137470779485711
 -0.32274591987000000   0.57138486092026865
 -0.32174591987000000   0.57142803588219702
 -0.32074591987000000   0.57333674850578489
 -0.31974591987000000   0.57429076140280479
 -0.31874591987000000   0.57503686775158671
 -0.31774591987000000   0.57574518775414365
 -0.31674591987000000   0.57634031611991009
 -0.31574591987000000   0.57699277262078831
 -0.31474591987000000   0.57757838520185649
 -0.31374591987000000   0.57818334120131072
 -0.31274591987000000   0.57880532513188327
 -0.31174591987000000   0.57932861559064939
 -0.31074591987000000   0.57993187845897067
 -0.30974591987000000   0.58044302476402243
 -0.30874591987000000   0.58103471917153858
 -0.30774591987000000   0.58156703591232747
 -0.30674591987000000   0.58212908122979703
 -0.30574591987000000   0.58270182198007985
 -0.30474591987000000   0.58331753137897462
 -0.30374591987000000   0.58359266396632863
 -0.30274591987000000   0.58419097632136281
 -0.30174591987000000   0.58473855725834634
 -0.30074591987000000   0.58523484290426296
 -0.29974591987000000   0.58577945358950902
 -0.29874591987000000   0.58625136663947724
 -0.29774591987000000   0.58678679492932726
 -0.29674591987000000   0.58725031537562871
 -0.29574591987000000   0.58777389678779979
 -0.29474591987000000   0.58823138030336078
 -0.29374591987000000   0.58875307986306694
 -0.29274591987000000   0.58921009364973745
 -0.29174591987000000   0.58971917680441077
 -0.29074591987000000   0.59017396276651399
 -0.28974591987000000   0.59066122706986238
 -0.28874591987000000   0.59113795190567319
 -0.28774591987000000   0.59160121065860343
 -0.28674591987000000   0.59209332817341630
 -0.28574591987000000   0.59254967087706203
 -0.28474591987000000   0.59305449490861542
 -0.28374591987000000   0.59350996792841491
 -0.28274591987000000   0.59403097056991194
 -0.28174591987000000   0.59450170243188133
 -0.28074591987000000   0.59504283747684821
 -0.27974591987000000   0.59555765355383226
 -0.27874591987000000   0.59615535573290587
 -0.27774591987000000   0.59687618719323828
 -0.27674591987000000   0.59832119461509094
 -0.27574591987000000   0.59995889626974716
 -0.27474591987000000   0.59999226203435646
 -0.27374591987000000   0.59996537381025272
 -0.27274591987000000   0.60004057445583074
 -0.27174591987000000   0.59998242175821013
 -0.27074591987000000   0.59999347215593920
 -0.26974591987000000   0.60002223834881157
 -0.26874591987000000   0.60001834367300001
 -0.26774591987000000   0.60000820396372665
 -0.26674591987000000   0.60000444079600753
 -0.26574591987000000   0.60000495459686949
 -0.26474591987000000   0.60000700210845852
 -0.26374591987000000   0.60000499901460989
 -0.26274591987000000   0.59999521496880342
 -0.26174591987000000   0.59998541188887903
 -0.26074591987000000   0.60000490583485191
 -0.25974591987000000   0.60003544102589334
 -0.25874591987000000   0.59997555311971104
 -0.25774591987000000   0.60002446110143334
 -0.25674591987000000   0.59995915062732013
 -0.25574591987000000   0.59996753732299025
 -0.25474591987000000   0.60007992677939428
 -0.25374591987000000   0.60262536950784846
 -0.25274591987000000   0.60332352177758904
 -0.25174591987000000   0.60389153439204384
 -0.25074591987000000   0.60430901826157268
 -0.24974591987000000   0.60478660215813785
 -0.24874591987000000   0.60516954080185741
 -0.24774591987000000   0.60556452996139369
 -0.24674591987000000   0.60594817039870633
 -0.24574591987000000   0.60628845751501646
 -0.24474591987000000   0.60669118825637672
 -0.24374591987000000   0.60702493975655676
 -0.24274591987000000   0.60734827261228757
 -0.24174591987000000   0.60773075747119904
 -0.24074591987000000   0.60804060733957175
 -0.23974591987000000   0.60835367267534699
 -0.23874591987000000   0.60871736428448100
 -0.23774591987000000   0.60902495990010747
 -0.23674591987000000   0.60931859977265511
 -0.23574591987000000   0.60966972701865530
 -0.23474591987000000   0.60996982735955307
 -0.23374591987000000   0.61025887637168649
 -0.23274591987000000   0.61057311732761457
 -0.23174591987000000   0.61088690039056000
 -0.23074591987000000   0.61116646569896790
 -0.22974591987000000   0.61145174346427450
 -0.22874591987000000   0.61177788463067092
 -0.22774591987000000   0.61204893250748205
 -0.22674591987000000   0.61231452499443829
 -0.22574591987000000   0.61262905291751728
 -0.22474591987000000   0.61290543879354201
 -0.22374591987000000   0.61316907840357385
 -0.22274591987000000   0.61343661043494474
 -0.22174591987000000   0.61374360600351454
 -0.22074591987000000   0.61399541937012650
 -0.21974591987000000   0.61424496844379622
 -0.21874591987000000   0.61452082299845539
 -0.21774591987000000   0.61480941891924532
 -0.21674591987000000   0.61505580975554170
 -0.21574591987000000   0.61530357324763008
 -0.21474591987000000   0.61555546904480614
 -0.21374591987000000   0.61583680472697248
 -0.21274591987000000   0.61607137589596493
 -0.21174591987000000   0.61630459354521942
 -0.21074591987000000   0.61656602629303534
 -0.20974591987000000   0.61682713524212168
 -0.20874591987000000   0.61705372579610585
 -0.20774591987000000   0.61728565628610008
 -0.20674591987000000   0.61751756423075344
 -0.20574591987000000   0.61778544533685716
 -0.20474591987000000   0.61800523744308086
 -0.20374591987000000   0.61822707269826719
 -0.20274591987000000   0.61844540260669540
 -0.20174591987000000   0.61870457065398549
 -0.20074591987000000   0.61892196192258056
 -0.19974591987000000   0.61913518605135200
 -0.19874591987000000   0.61934163430472573
 -0.19774591987000000   0.61958134665466764
 -0.19674591987000000   0.61980834139495202
 -0.19574591987000000   0.62000944092530110
 -0.19474591987000000   0.62021186144214478
 -0.19374591987000000   0.62041838271357150
 -0.19274591987000000   0.62064391820941576
 -0.19174591987000000   0.62086204853149920
 -0.19074591987000000   0.62105344383781400
 -0.18974591987000000   0.62124857950776227
 -0.18874591987000000   0.62143947658422252
 -0.18774591987000000   0.62166361697105952
 -0.18674591987000000   0.62186333052059297
 -0.18574591987000000   0.62204657751571799
 -0.18474591987000000   0.62223227951275543
 -0.18374591987000000   0.62241460762814948
 -0.18274591987000000   0.62262733993070832
 -0.18174591987000000   0.62281939877483299
 -0.18074591987000000   0.62299343831682897
 -0.17974591987000000   0.62317198934401990
 -0.17874591987000000   0.62334315720604472
 -0.17774591987000000   0.62353776353888500
 -0.17674591987000000   0.62373167715723942
 -0.17574591987000000   0.62389855719184328
 -0.17474591987000000   0.62407024249716773
 -0.17374591987000000   0.62423566998837959
 -0.17274591987000000   0.62441196194845476
 -0.17174591987000000   0.62461332835271789
 -0.17074591987000000   0.62483484191788844
 -0.16974591987000000   0.62500572066971909
 -0.16874591987000000   0.62500390549103982
 -0.16774591987000000   0.62496518578770944
 -0.16674591987000000   0.62531506225028371
 -0.16574591987000000   0.62548879217415389
