 -0.25765133054000000   0.59818751914906129
 -0.25565133054000000   0.59994840043605942
 -0.25465133054000000   0.59996776499178758
 -0.25365133054000000   0.60002734138532985
 -0.25265133054000000   0.59998222371316489
 -0.25165133054000000   0.59998577684902027
 -0.25065133054000000   0.60002235993803957
 -0.24965133054000000   0.59997362520051311
 -0.24865133054000000   0.59999574981372565
 -0.24765133054000000   0.60001336095344404
 -0.24665133054000000   0.60000156462770788
 -0.24565133054000000   0.59997752597153860
 -0.24465133054000000   0.59998747226574274
 -0.24365133054000000   0.60000666402845924
 -0.24265133054000000   0.60000812439968015
 -0.24165133054000000   0.59999440537166464
 -0.24065133054000000   0.59999574383144925
 -0.23965133054000000   0.59998775598043034
 -0.23865133054000000   0.59998550575039111
 -0.23765133054000000   0.60000126604960618
 -0.23665133054000000   0.59999822403136587
 -0.23565133054000000   0.59999530157885043
 -0.23465133054000000   0.59999359470640379
 -0.23365133054000000   0.59999300081905765
 -0.23265133054000000   0.59999228893724438
 -0.23165133054000000   0.59999340652369362
 -0.23065133054000000   0.59999448380279309
 -0.22965133054000000   0.59999555969605022
 -0.22865133054000000   0.59999667011877665
 -0.22765133054000000   0.59999777089517065
 -0.22665133054000000   0.59999866835352892
 -0.22565133054000000   0.59999899083209749
 -0.22465133054000000   0.59999826835618647
 -0.22365133054000000   0.59999609447237317
 -0.22265133054000000   0.59999211676507867
 -0.22165133054000000   0.59998744795033030
 -0.22065133054000000   0.59998442625031029
 -0.21965133054000000   0.59998432550917217
 -0.21865133054000000   0.59998932996962622
 -0.21765133054000000   0.59999958880054036
 -0.21665133054000000   0.60000912895836777
 -0.21565133054000000   0.60000919236167576
 -0.21465133054000000   0.60001052212002002
 -0.21365133054000000   0.59999740416608818
 -0.21265133054000000   0.59998107167861146
 -0.21165133054000000   0.59997667869875112
 -0.21065133054000000   0.59999253246874605
 -0.20965133054000000   0.60001692639800103
 -0.20865133054000000   0.60000853003117478
 -0.20765133054000000   0.59998041033269619
 -0.20665133054000000   0.59997318827028103
 -0.20565133054000000   0.60000268567809930
 -0.20465133054000000   0.60001804544158665
 -0.20365133054000000   0.59997686557169657
 -0.20265133054000000   0.59996663213104726
 -0.20165133054000000   0.60002473124335068
 -0.20065133054000000   0.60003661943063307
 -0.19965133054000000   0.60001636939187620
 -0.19865133054000000   0.60002062178724654
 -0.19765133054000000   0.60001341081836666
 -0.19665133054000000   0.60001582173233328
 -0.19565133054000000   0.60001680728998611
 -0.19465133054000000   0.60001651853659835
 -0.19365133054000000   0.60001887550661056
 -0.19265133054000000   0.60001462388900064
 -0.19165133054000000   0.60001062243898619
 -0.18865133054000000   0.59948027791795441
 -0.17365133054000000   0.60442463425696453
 -0.17265133054000000   0.60579170749542513
 -0.17165133054000000   0.60634026909472548
 -0.17065133054000000   0.60677082647912538
 -0.16965133054000000   0.60703766364995022
 -0.16865133054000000   0.60735143601278766
 -0.16765133054000000   0.60757139601381595
 -0.16665133054000000   0.60784497908814996
 -0.16565133054000000   0.60802207886264424
 -0.16465133054000000   0.60822385106075785
 -0.16365133054000000   0.60837915347748294
 -0.16265133054000000   0.60852938662227370
 -0.16165133054000000   0.60877553976341666
 -0.16065133054000000   0.60889790840937537
 -0.15965133054000000   0.60900106670223714
 -0.15865133054000000   0.60914468627009257
 -0.15765133054000000   0.60928142877442439
 -0.15665133054000000   0.60937502777479430
 -0.15565133054000000   0.60948370569851909
 -0.15465133054000000   0.60958254172633046
 -0.15365133054000000   0.60973163798589362
 -0.15265133054000000   0.60982599685607632
 -0.15165133054000000   0.60991482565036673
 -0.15065133054000000   0.60998356070520233
 -0.14965133054000000   0.61006545046342402
 -0.14865133054000000   0.61015799487162848
 -0.14765133054000000   0.61023967909143771
 -0.14665133054000000   0.61032436828024051
 -0.14565133054000000   0.61037834338803954
 -0.14465133054000000   0.61043719994393474
 -0.14365133054000000   0.61049843354333680
 -0.14265133054000000   0.61054941417954043
 -0.14165133054000000   0.61061350270030758
 -0.14065133054000000   0.61068945364115965
 -0.13965133054000000   0.61075944867231977
 -0.13865133054000000   0.61081152620126482
 -0.13765133054000000   0.61085033591708239
 -0.13665133054000000   0.61088789864002604
 -0.13565133054000000   0.61090561130524668
 -0.13465133054000000   0.61095158933741280
 -0.13365133054000000   0.61099494206884135
 -0.13265133054000000   0.61103330553317624
 -0.13165133054000000   0.61106938766678337
 -0.13065133054000000   0.61107789273166876
