 -0.35042453752000000   0.56178342021537045
 -0.34942453752000000   0.56223262628931331
 -0.34842453752000000   0.56268250091940521
 -0.34742453752000000   0.56312812229730560
 -0.34642453752000000   0.56357611315068304
 -0.34542453752000000   0.56401880156848361
 -0.34442453752000000   0.56446406264250682
 -0.34342453752000000   0.56490468814806163
 -0.34242453752000000   0.56534632272710211
 -0.34142453752000000   0.56578561546584987
 -0.34042453752000000   0.56622317578002328
 -0.33942453752000000   0.56666128816654529
 -0.33842453752000000   0.56709510197880764
 -0.33742453752000000   0.56753134260069329
 -0.33642453752000000   0.56796241895991425
 -0.33542453752000000   0.56839552214058469
 -0.33442453752000000   0.56882504525763554
 -0.33342453752000000   0.56925400877000881
 -0.33242453752000000   0.56968258209530816
 -0.33142453752000000   0.57010746289170007
 -0.33042453752000000   0.57053448829180775
 -0.32942453752000000   0.57095644551024007
 -0.32842453752000000   0.57138036388145203
 -0.32742453752000000   0.57180088673837257
 -0.32642453752000000   0.57222047772919636
 -0.32542453752000000   0.57264019746042485
 -0.32442453752000000   0.57305575681793862
 -0.32342453752000000   0.57347363313816727
 -0.32242453752000000   0.57388677694499128
 -0.32142453752000000   0.57430088689611304
 -0.32042453752000000   0.57471315612951509
 -0.31942453752000000   0.57512274698336624
 -0.31842453752000000   0.57553396559421719
 -0.31742453752000000   0.57594033068492577
 -0.31642453752000000   0.57634846117231524
 -0.31542453752000000   0.57675363161780022
 -0.31442453752000000   0.57715714370200509
 -0.31342453752000000   0.57756161568783277
 -0.31242453752000000   0.57796145461307322
 -0.31142453752000000   0.57836322924222699
 -0.31042453752000000   0.57876169991890363
 -0.30942453752000000   0.57915882151291966
 -0.30842453752000000   0.57955671883080926
 -0.30742453752000000   0.57995007815327263
 -0.30642453752000000   0.58034524586110953
 -0.30542453752000000   0.58073737325998914
 -0.30442453752000000   0.58112777472688110
 -0.30342453752000000   0.58151928706632531
 -0.30242453752000000   0.58190622423270149
 -0.30142453752000000   0.58229450695159374
 -0.30042453752000000   0.58268064458257429
 -0.29942453752000000   0.58306409349611525
 -0.29842453752000000   0.58344921763519373
 -0.29742453752000000   0.58382999247794087
 -0.29642453752000000   0.58421100099901041
 -0.29542453752000000   0.58459143391361662
 -0.29442453752000000   0.58496799075730178
 -0.29342453752000000   0.58534631177873494
 -0.29242453752000000   0.58572145255454833
 -0.29142453752000000   0.58609488349990832
 -0.29042453752000000   0.58646947623224388
 -0.28942453752000000   0.58683974486068914
 -0.28842453752000000   0.58721046978581639
 -0.28742453752000000   0.58758042677812176
 -0.28642453752000000   0.58794661520738568
 -0.28542453752000000   0.58831436561215690
 -0.28442453752000000   0.58867938710104601
 -0.28342453752000000   0.58904213815290353
 -0.28242453752000000   0.58940631438685178
 -0.28142453752000000   0.58976659881916352
 -0.28042453752000000   0.59012621242015396
 -0.27942453752000000   0.59048627466858344
 -0.27842453752000000   0.59084221018369043
 -0.27742453752000000   0.59119867444449939
 -0.27642453752000000   0.59155433153012913
 -0.27542453752000000   0.59190627160434598
 -0.27442453752000000   0.59225939662444824
 -0.27342453752000000   0.59261059366159710
 -0.27242453752000000   0.59295876644288211
 -0.27142453752000000   0.59330832162665696
 -0.27042453752000000   0.59365514326979662
 -0.26942453752000000   0.59399964752451679
 -0.26842453752000000   0.59434544709160921
 -0.26742453752000000   0.59468802754135378
 -0.26642453752000000   0.59502886546619210
 -0.26542453752000000   0.59537079647520503
 -0.26442453752000000   0.59570926736390465
 -0.26342453752000000   0.59604638332678576
 -0.26242453752000000   0.59638439694033692
 -0.26142453752000000   0.59671886905718173
 -0.26042453752000000   0.59705218012013402
 -0.25942453752000000   0.59738626798293500
 -0.25842453752000000   0.59771683345546533
 -0.25742453752000000   0.59804624917068024
 -0.25642453752000000   0.59837641734145347
 -0.25542453752000000   0.59870316073399921
 -0.25442453752000000   0.59902859621628145
 -0.25342453752000000   0.59935484070563459
 -0.25242453752000000   0.59967785122307812
 -0.25142453752000000   0.59999923862543371
 -0.25042453752000000   0.60032152194944980
 -0.24942453752000000   0.60064089823035170
 -0.24842453752000000   0.60095820772151027
 -0.24742453752000000   0.60127644548226110
 -0.24642453752000000   0.60159228909346058
 -0.24542453752000000   0.60190554651904171
 -0.24442453752000000   0.60221959795563792
 -0.24342453752000000   0.60253198529356706
 -0.24242453752000000   0.60284130044155522
 -0.24142453752000000   0.60315099696284023
 -0.24042453752000000   0.60345992254395066
 -0.23942453752000000   0.60376549969242737
 -0.23842453752000000   0.60407070922575690
 -0.23742453752000000   0.60437601652765758
 -0.23642453752000000   0.60467813030906925
 -0.23542453752000000   0.60497885423973847
 -0.23442453752000000   0.60528020154397099
 -0.23342453752000000   0.60557910592764006
 -0.23242453752000000   0.60587556364661305
 -0.23142453752000000   0.60617250651594550
 -0.23042453752000000   0.60646825933061764
 -0.22942453752000000   0.60676089571139391
 -0.22842453752000000   0.60705312254455399
 -0.22742453752000000   0.60734539438860400
 -0.22642453752000000   0.60763474964990995
 -0.22542453752000000   0.60792235124680584
 -0.22442453752000000   0.60821044744866592
 -0.22342453752000000   0.60849684107641264
 -0.22242453752000000   0.60878038538106185
 -0.22142453752000000   0.60906368561275072
 -0.22042453752000000   0.60934680603182620
 -0.21942453752000000   0.60962708541220137
 -0.21842453752000000   0.60990562888198066
 -0.21742453752000000   0.61018452973283759
 -0.21642453752000000   0.61046196760004802
 -0.21542453752000000   0.61073655537689521
 -0.21442453752000000   0.61101050230006307
 -0.21342453752000000   0.61128450655365898
 -0.21242453752000000   0.61155611167435842
 -0.21142453752000000   0.61182546647969351
 -0.21042453752000000   0.61209480662499368
 -0.20942453752000000   0.61236350949509207
 -0.20842453752000000   0.61262946073814370
 -0.20742453752000000   0.61289382984474714
 -0.20642453752000000   0.61315836084103465
 -0.20542453752000000   0.61342161138170158
 -0.20442453752000000   0.61368213587163687
 -0.20342453752000000   0.61394156744090924
 -0.20242453752000000   0.61420108851318810
 -0.20142453752000000   0.61445891662639340
 -0.20042453752000000   0.61471417138315167
 -0.19942453752000000   0.61496860075028565
 -0.19842453752000000   0.61522298670565830
 -0.19742453752000000   0.61547549688765973
 -0.19642453752000000   0.61572556371220662
 -0.19542453752000000   0.61597488536238835
 -0.19442453752000000   0.61622407407714013
 -0.19342453752000000   0.61647138467789514
 -0.19242453752000000   0.61671630625443185
 -0.19142453752000000   0.61696041280308627
 -0.19042453752000000   0.61720436189917240
 -0.18942453752000000   0.61744658098031896
 -0.18842453752000000   0.61768640236024645
 -0.18742453752000000   0.61792520614239263
 -0.18642453752000000   0.61816385049926739
 -0.18542453752000000   0.61840105766231541
 -0.18442453752000000   0.61863585904719321
 -0.18342453752000000   0.61886931850272859
 -0.18242453752000000   0.61910254753266901
 -0.18142453752000000   0.61933475626075946
 -0.18042453752000000   0.61956466354072616
 -0.17942453752000000   0.61979282405230365
 -0.17842453752000000   0.62002050495941508
 -0.17742453752000000   0.62024760258095122
 -0.17642453752000000   0.62047274831014948
 -0.17542453752000000   0.62069578055370425
 -0.17442453752000000   0.62091785087700693
 -0.17342453752000000   0.62113957017078983
 -0.17242453752000000   0.62135997041947438
 -0.17142453752000000   0.62157815614832519
 -0.17042453752000000   0.62179475265795016
 -0.16942453752000000   0.62201079227193111
 -0.16842453752000000   0.62222617562237832
 -0.16742453752000000   0.62243975798979237
 -0.16642453752000000   0.62265126596381514
 -0.16542453752000000   0.62286158298210295
 -0.16442453752000000   0.62307142277744026
 -0.16342453752000000   0.62328027668400557
 -0.16242453752000000   0.62348716111660298
 -0.16142453752000000   0.62369216607999920
 -0.16042453752000000   0.62389616747243903
 -0.15942453752000000   0.62409963846009147
 -0.15842453752000000   0.62430194954924826
 -0.15742453752000000   0.62450228858976964
 -0.15642453752000000   0.62470085366631685
 -0.15542453752000000   0.62489843711232357
 -0.15442453752000000   0.62509542663548011
 -0.15342453752000000   0.62529125090827083
 -0.15242453752000000   0.62548517289459201
 -0.15142453752000000   0.62567732206526603
