 -0.23577571931000000   0.59470598100955705
 -0.23277571931000000   0.59585344074541679
 -0.22677571931000000   0.59576442261849475
 -0.22577571931000000   0.59578605876371355
 -0.22477571931000000   0.59576294990735403
 -0.22377571931000000   0.59576156924762082
 -0.22277571931000000   0.59576208801769707
 -0.22177571931000000   0.59576286668706977
 -0.22077571931000000   0.59576270330290162
 -0.21977571931000000   0.59576138973042730
 -0.21877571931000000   0.59585448502983945
 -0.21177571931000000   0.59568384139868865
 -0.20177571931000000   0.59632331937391397
 -0.15977571931000000   0.59537616998649022
 -0.15877571931000000   0.60002307843710402
 -0.15777571931000000   0.60002368870408484
 -0.15677571931000000   0.60002460489412884
 -0.15577571931000000   0.60002407671305343
 -0.15477571931000000   0.60002404333829950
 -0.15377571931000000   0.60002405878563671
 -0.15277571931000000   0.60002375229457813
 -0.15177571931000000   0.60002346944003300
 -0.15077571931000000   0.60002477982838843
 -0.14977571931000000   0.60002452848691016
 -0.14877571931000000   0.60002421456222502
 -0.14777571931000000   0.60002395722891956
 -0.14677571931000000   0.60002448539034888
 -0.10777571931000000   0.59479314293319061
