 -0.25366802585000000   0.60004069727872172
 -0.24966802585000000   0.60004603226731668
 -0.24666802585000000   0.59999848997157137
 -0.24566802585000000   0.60001488652721200
 -0.24466802585000000   0.59997202193123167
 -0.24366802585000000   0.59998981207803872
 -0.24266802585000000   0.60002080296808127
 -0.24166802585000000   0.59999057410481910
 -0.24066802585000000   0.59996972028020536
 -0.23966802585000000   0.60000143501358426
 -0.23866802585000000   0.60001409728750310
 -0.23766802585000000   0.59997778964079605
 -0.23666802585000000   0.59998036131405288
 -0.23566802585000000   0.60000357082250350
 -0.23466802585000000   0.60000827742650971
 -0.23366802585000000   0.59998975855469573
 -0.23266802585000000   0.59997806142518529
 -0.23166802585000000   0.59997897450949627
 -0.23066802585000000   0.59998712841500365
 -0.22966802585000000   0.59999592734213495
 -0.22866802585000000   0.60000086802486960
 -0.22766802585000000   0.60000075054758385
 -0.22666802585000000   0.59999749499200738
 -0.22566802585000000   0.59999353127323588
 -0.22466802585000000   0.59999047682522706
 -0.22366802585000000   0.59998870658350426
 -0.22266802585000000   0.59998800988674421
 -0.22166802585000000   0.59998805442829579
 -0.22066802585000000   0.59998854326104112
 -0.21966802585000000   0.59998926415662401
 -0.21866802585000000   0.59999033289204679
 -0.21766802585000000   0.59999098956840122
 -0.21666802585000000   0.59999164330838078
 -0.21566802585000000   0.59999237531637914
 -0.21466802585000000   0.59999324231305234
 -0.21366802585000000   0.59999146202698992
 -0.21266802585000000   0.59999241902607358
 -0.21166802585000000   0.59999385174755731
 -0.21066802585000000   0.59999566244990582
 -0.20966802585000000   0.59999753574909324
 -0.20866802585000000   0.59999892173321512
 -0.20766802585000000   0.59999912835918163
 -0.20666802585000000   0.59999751723860967
 -0.20566802585000000   0.59999395779987345
 -0.20466802585000000   0.59998894395859325
 -0.20366802585000000   0.59998357604721426
 -0.20266802585000000   0.59997965380300189
 -0.20166802585000000   0.59997873721686896
 -0.20066802585000000   0.59998256002431312
 -0.19966802585000000   0.59997912814416820
 -0.19866802585000000   0.59998648032632825
 -0.19766802585000000   0.59999932506995888
 -0.19666802585000000   0.60000900124625396
 -0.19566802585000000   0.60000694792804194
 -0.19466802585000000   0.59999416708201957
 -0.19366802585000000   0.59997940356969230
 -0.19266802585000000   0.59997193475374364
 -0.19166802585000000   0.59997791689601862
 -0.19066802585000000   0.59999778337100590
 -0.18966802585000000   0.60001563278538778
 -0.18866802585000000   0.60000346269293702
 -0.18766802585000000   0.59997916032761382
 -0.18666802585000000   0.59996716088794459
 -0.18566802585000000   0.59996841749569168
 -0.18466802585000000   0.60000150423850566
 -0.18366802585000000   0.60001349625742660
 -0.18266802585000000   0.59997042031829815
 -0.18166802585000000   0.59996269646347680
 -0.18066802585000000   0.60000649444937098
 -0.17966802585000000   0.60000628910029839
 -0.17866802585000000   0.60001119831086743
 -0.17766802585000000   0.60001022080140037
 -0.17666802585000000   0.60000848619537800
 -0.17566802585000000   0.60000837389463303
 -0.17466802585000000   0.60000859560651316
 -0.17366802585000000   0.60000772808782094
 -0.17266802585000000   0.60000532217637186
 -0.17166802585000000   0.60000626098110662
 -0.17066802585000000   0.60001153821974172
 -0.16966802585000000   0.60000697135431305
 -0.16866802585000000   0.59997845260610675
 -0.15366802585000000   0.59854416674501509
 -0.13766802585000000   0.60344495453798540
 -0.13666802585000000   0.60469490418782587
 -0.13566802585000000   0.60513642460981948
 -0.13466802585000000   0.60540817131981401
 -0.13366802585000000   0.60560463599772495
 -0.13266802585000000   0.60575633323226703
 -0.13166802585000000   0.60595766714222372
 -0.13066802585000000   0.60607396888713914
 -0.12966802585000000   0.60614350472014570
 -0.12866802585000000   0.60624579265318160
 -0.12766802585000000   0.60633692130630461
 -0.12666802585000000   0.60643699450697704
 -0.12566802585000000   0.60648751747537145
 -0.12466802585000000   0.60653248017167773
 -0.12366802585000000   0.60659284215698384
 -0.12266802585000000   0.60664288310763473
 -0.12166802585000000   0.60667501396869258
 -0.12066802585000000   0.60670544891267187
 -0.11966802585000000   0.60674433477974898
 -0.11866802585000000   0.60678940430732736
 -0.11766802585000000   0.60682716440983408
