 -0.36026358163000000   0.55843842151864982
 -0.35926358163000000   0.55896859953008845
 -0.35826358163000000   0.55945437100410272
 -0.35726358163000000   0.55998001010910046
 -0.35626358163000000   0.56046271068871761
 -0.35526358163000000   0.56098324121530419
 -0.35426358163000000   0.56146321181203958
 -0.35326358163000000   0.56197855248403606
 -0.35226358163000000   0.56245560105880392
 -0.35126358163000000   0.56296605743386778
 -0.35026358163000000   0.56343972260177280
 -0.34926358163000000   0.56394584255025488
 -0.34826358163000000   0.56441807671272187
 -0.34726358163000000   0.56492326232364240
 -0.34626358163000000   0.56538650920794661
 -0.34526358163000000   0.56588722023606077
 -0.34426358163000000   0.56634747257516167
 -0.34326358163000000   0.56684309485546797
 -0.34226358163000000   0.56730105342087254
 -0.34126358163000000   0.56779055672212624
 -0.34026358163000000   0.56824726977671327
 -0.33926358163000000   0.56872919881261107
 -0.33826358163000000   0.56918609351083100
 -0.33726358163000000   0.56965881734892507
 -0.33626358163000000   0.57011767709635379
 -0.33526358163000000   0.57058009204671276
 -0.33426358163000000   0.57104418004786360
 -0.33326358163000000   0.57147009008535264
 -0.33226358163000000   0.57194043101907870
 -0.33126358163000000   0.57241584830150673
 -0.33026358163000000   0.57287089185008287
 -0.32926358163000000   0.57330634429914287
 -0.32826358163000000   0.57376790010271292
 -0.32726358163000000   0.57420649431362175
 -0.32626358163000000   0.57465342449199295
 -0.32526358163000000   0.57509929373632613
 -0.32426358163000000   0.57553163164818384
 -0.32326358163000000   0.57598574638134698
 -0.32226358163000000   0.57640783160164646
 -0.32126358163000000   0.57686481253290808
 -0.32026358163000000   0.57728266434229509
 -0.31926358163000000   0.57773179894680439
 -0.31826358163000000   0.57815229910477014
 -0.31726358163000000   0.57858421284522456
 -0.31626358163000000   0.57901476626753502
 -0.31526358163000000   0.57942970353177954
 -0.31426358163000000   0.57987104302050085
 -0.31326358163000000   0.58027712243958942
 -0.31226358163000000   0.58071678531871775
 -0.31126358163000000   0.58112331180974420
 -0.31026358163000000   0.58154698249012213
 -0.30926358163000000   0.58195125653286326
 -0.30826358163000000   0.58238338774218604
 -0.30726358163000000   0.58277982386767107
 -0.30626358163000000   0.58320618966247615
 -0.30526358163000000   0.58360664518946204
 -0.30426358163000000   0.58401103441643220
 -0.30326358163000000   0.58442693542090130
 -0.30226358163000000   0.58483520779409850
 -0.30126358163000000   0.58522475707722591
 -0.30026358163000000   0.58562921546623387
 -0.29926358163000000   0.58603224184816258
 -0.29826358163000000   0.58641680274160678
 -0.29726358163000000   0.58683175560741740
 -0.29626358163000000   0.58721237526882987
 -0.29526358163000000   0.58761030180916457
 -0.29426358163000000   0.58800405495357320
 -0.29326358163000000   0.58838072275269907
 -0.29226358163000000   0.58878717202934510
 -0.29126358163000000   0.58916064688610999
 -0.29026358163000000   0.58954733187536899
 -0.28926358163000000   0.58993665140636915
 -0.28826358163000000   0.59030420153345158
 -0.28726358163000000   0.59070107767200207
 -0.28626358163000000   0.59106991431396864
 -0.28526358163000000   0.59144160003410447
 -0.28426358163000000   0.59183011679438241
 -0.28326358163000000   0.59218940840189175
 -0.28226358163000000   0.59257100888245936
 -0.28126358163000000   0.59292916345730894
 -0.28026358163000000   0.59331525198593993
 -0.27926358163000000   0.59367041094207773
 -0.27826358163000000   0.59403532822085471
 -0.27726358163000000   0.59440938186620353
 -0.27626358163000000   0.59475823545183352
 -0.27526358163000000   0.59512945066547153
 -0.27426358163000000   0.59548822607169646
 -0.27326358163000000   0.59583422300242517
 -0.27226358163000000   0.59620680450185943
 -0.27126358163000000   0.59655388169011593
 -0.27026358163000000   0.59689990988028097
 -0.26926358163000000   0.59726800349891247
 -0.26826358163000000   0.59760739605071222
 -0.26726358163000000   0.59796591985780508
 -0.26626358163000000   0.59830249407934681
 -0.26526358163000000   0.59866088036624688
 -0.26426358163000000   0.59901191574739338
 -0.26326358163000000   0.59935551615930685
 -0.26226358163000000   0.59984340727010987
 -0.26126358163000000   0.60000363465653160
 -0.26026358163000000   0.60015764377337012
 -0.25926358163000000   0.60063285892271280
 -0.25826358163000000   0.60098177785003872
 -0.25726358163000000   0.60130948906048429
 -0.25626358163000000   0.60165714950750140
 -0.25526358163000000   0.60198746002937425
 -0.25426358163000000   0.60230585005440373
 -0.25326358163000000   0.60264582908584464
 -0.25226358163000000   0.60296998984086712
 -0.25126358163000000   0.60328295504735198
 -0.25026358163000000   0.60361639985348554
 -0.24926358163000000   0.60393690751107332
 -0.24826358163000000   0.60424487921020767
 -0.24726358163000000   0.60457099247074355
 -0.24626358163000000   0.60488955816497722
 -0.24526358163000000   0.60519278871062160
 -0.24426358163000000   0.60551023849506628
 -0.24326358163000000   0.60582824728337009
 -0.24226358163000000   0.60612714636025499
 -0.24126358163000000   0.60643488183828334
 -0.24026358163000000   0.60675260429996940
 -0.23926358163000000   0.60704812424424730
 -0.23826358163000000   0.60736026700701593
 -0.23726358163000000   0.60765268988577549
 -0.23626358163000000   0.60794800839393955
 -0.23526358163000000   0.60826014114828126
 -0.23426358163000000   0.60855149154958489
 -0.23326358163000000   0.60883841053813847
 -0.23226358163000000   0.60914290038345763
 -0.23126358163000000   0.60943684342237068
 -0.23026358163000000   0.60971823067297830
 -0.22926358163000000   0.61000935263861378
 -0.22826358163000000   0.61030756040041054
 -0.22726358163000000   0.61058601099291513
 -0.22626358163000000   0.61086465822115451
 -0.22526358163000000   0.61116008261745952
 -0.22426358163000000   0.61144066256757707
 -0.22326358163000000   0.61171212212361504
 -0.22226358163000000   0.61199369813036022
 -0.22126358163000000   0.61228057493670812
 -0.22026358163000000   0.61254466532470375
 -0.21926358163000000   0.61283065695286181
 -0.21826358163000000   0.61309825450212412
 -0.21726358163000000   0.61336180234318278
 -0.21626358163000000   0.61363818054580151
 -0.21526358163000000   0.61391278969285413
 -0.21426358163000000   0.61417205828304730
 -0.21326358163000000   0.61443218618433763
 -0.21226358163000000   0.61470665301296335
 -0.21126358163000000   0.61496985429150600
 -0.21026358163000000   0.61522291783419226
 -0.20926358163000000   0.61548019828148692
 -0.20826358163000000   0.61574929296328685
 -0.20726358163000000   0.61600344792679465
 -0.20626358163000000   0.61625090061008657
 -0.20526358163000000   0.61650457368138005
 -0.20426358163000000   0.61676700822308480
 -0.20326358163000000   0.61701402898525152
 -0.20226358163000000   0.61725596129706473
 -0.20126358163000000   0.61750460037601741
 -0.20026358163000000   0.61776058032278078
 -0.19926358163000000   0.61800171376363765
 -0.19826358163000000   0.61823804813897895
 -0.19726358163000000   0.61848017983506132
 -0.19626358163000000   0.61873024471652066
 -0.19526358163000000   0.61896653732254240
 -0.19426358163000000   0.61919723820061750
 -0.19326358163000000   0.61943168066710993
 -0.19226358163000000   0.61967571642630790
 -0.19126358163000000   0.61990845877963070
 -0.19026358163000000   0.62013366932335055
 -0.18926358163000000   0.62035997601197468
 -0.18826358163000000   0.62059639849854924
 -0.18726358163000000   0.62082714509220268
 -0.18626358163000000   0.62104738518952124
 -0.18526358163000000   0.62126625225998026
 -0.18426358163000000   0.62149233961514309
 -0.18326358163000000   0.62172140735211666
 -0.18226358163000000   0.62193834041607794
 -0.18126358163000000   0.62215106710270322
 -0.18026358163000000   0.62236584169902719
 -0.17926358163000000   0.62258918048287408
 -0.17826358163000000   0.62280598784927788
 -0.17726358163000000   0.62301376453997130
 -0.17626358163000000   0.62321997075755932
 -0.17526358163000000   0.62343646610772229
 -0.17426358163000000   0.62363959560111541
 -0.17326358163000000   0.62384462468826704
 -0.17226358163000000   0.62405718454431977
 -0.17126358163000000   0.62426441771296401
 -0.17026358163000000   0.62446284659504304
 -0.16926358163000000   0.62465921550357756
 -0.16826358163000000   0.62485808081076524
 -0.16726358163000000   0.62506323620021283
 -0.16626358163000000   0.62526271194095134
 -0.16526358163000000   0.62545418756966176
 -0.16426358163000000   0.62564369880594525
 -0.16326358163000000   0.62583498261240754
 -0.16226358163000000   0.62603239108160621
 -0.16126358163000000   0.62622556062455719
