 -0.36362412179000000   0.49906510140967456
 -0.35862412179000000   0.53335161891119688
 -0.35762412179000000   0.53839537365686858
 -0.35662412179000000   0.53804293985325085
 -0.35562412179000000   0.54231438769562174
 -0.35462412179000000   0.54539837170118672
 -0.35362412179000000   0.54539373836349775
 -0.35262412179000000   0.54540913083651608
 -0.35162412179000000   0.54836821140013765
 -0.35062412179000000   0.55001281290263254
 -0.34962412179000000   0.55129102256345375
 -0.34862412179000000   0.55259649831868151
 -0.34762412179000000   0.55545883863088516
 -0.34662412179000000   0.55549230639126628
 -0.34562412179000000   0.55550476862803589
 -0.34462412179000000   0.55550467098062974
 -0.34362412179000000   0.55554482358728161
 -0.34262412179000000   0.55781967957088540
 -0.34162412179000000   0.55891239544668676
 -0.34062412179000000   0.55990452292814665
 -0.33962412179000000   0.56081473178189063
 -0.33862412179000000   0.56170129487632295
 -0.33762412179000000   0.56245671739127845
 -0.33662412179000000   0.56330022322402095
 -0.33562412179000000   0.56414759050935432
 -0.33462412179000000   0.56497518881250600
 -0.33362412179000000   0.56579840959878249
 -0.33262412179000000   0.56654693512793496
 -0.33162412179000000   0.56737618645284127
 -0.33062412179000000   0.56826389623176903
 -0.32962412179000000   0.56931743538334283
 -0.32862412179000000   0.57143639413396334
 -0.32762412179000000   0.57138891355531635
 -0.32662412179000000   0.57139694583124111
 -0.32562412179000000   0.57138874991857767
 -0.32462412179000000   0.57138752020328495
 -0.32362412179000000   0.57140190244864016
 -0.32262412179000000   0.57136546538899724
 -0.32162412179000000   0.57136339495984603
 -0.32062412179000000   0.57144334861334014
 -0.31962412179000000   0.57402560040414757
 -0.31862412179000000   0.57485566357847951
 -0.31762412179000000   0.57550402549416775
 -0.31662412179000000   0.57619246727760012
 -0.31562412179000000   0.57686597239171393
 -0.31462412179000000   0.57741535430445728
 -0.31362412179000000   0.57805935054370193
 -0.31262412179000000   0.57865657258782284
 -0.31162412179000000   0.57922940466530978
 -0.31062412179000000   0.57984688938526905
 -0.30962412179000000   0.58035001235970100
 -0.30862412179000000   0.58096369181927336
 -0.30762412179000000   0.58146995037134551
 -0.30662412179000000   0.58205873562389120
 -0.30562412179000000   0.58261035896195633
 -0.30462412179000000   0.58331864248380908
 -0.30362412179000000   0.58333171617387144
 -0.30262412179000000   0.58413242732764781
 -0.30162412179000000   0.58466655698145172
 -0.30062412179000000   0.58519011515618949
 -0.29962412179000000   0.58573469460633671
 -0.29862412179000000   0.58621657172250970
 -0.29762412179000000   0.58675293581915432
 -0.29662412179000000   0.58722152515454145
 -0.29562412179000000   0.58774685739551462
 -0.29462412179000000   0.58823355233452389
 -0.29362412179000000   0.58873716580618439
 -0.29262412179000000   0.58920019709810287
 -0.29162412179000000   0.58971288049587716
 -0.29062412179000000   0.59017260791968394
 -0.28962412179000000   0.59066575121355273
 -0.28862412179000000   0.59114504679079391
 -0.28762412179000000   0.59161799755068522
 -0.28662412179000000   0.59210929229457385
 -0.28562412179000000   0.59257767679800821
 -0.28462412179000000   0.59308164688705131
 -0.28362412179000000   0.59354604139263462
 -0.28262412179000000   0.59407325992807213
 -0.28162412179000000   0.59455506814451509
 -0.28062412179000000   0.59511411129425987
 -0.27962412179000000   0.59568928716590729
 -0.27862412179000000   0.59627895878480494
 -0.27762412179000000   0.59705377534170882
 -0.27662412179000000   0.59994729963406460
 -0.27562412179000000   0.59999580010315291
 -0.27462412179000000   0.60001719299252804
 -0.27362412179000000   0.60003466014020601
 -0.27262412179000000   0.59997531772860639
 -0.27162412179000000   0.60000963311852190
 -0.27062412179000000   0.60002825290542425
 -0.26962412179000000   0.59999992052237545
 -0.26862412179000000   0.59999091348093082
 -0.26762412179000000   0.59999621501029849
 -0.26662412179000000   0.60000317240829061
 -0.26562412179000000   0.60000489179450232
 -0.26462412179000000   0.60000660803800419
 -0.26362412179000000   0.60001167736625622
 -0.26262412179000000   0.60001935226602405
 -0.26162412179000000   0.60001670427863410
 -0.26062412179000000   0.59998940354235251
 -0.25962412179000000   0.59998478088855812
 -0.25862412179000000   0.60004072119754880
 -0.25762412179000000   0.59997574210226776
 -0.25662412179000000   0.60005175155935404
 -0.25562412179000000   0.59999561574380379
 -0.25462412179000000   0.60007264281240520
 -0.25362412179000000   0.60220040708079606
 -0.25262412179000000   0.60316936274746262
 -0.25162412179000000   0.60377254699150051
 -0.25062412179000000   0.60424669430455868
 -0.24962412179000000   0.60471556124405719
 -0.24862412179000000   0.60510805413807921
 -0.24762412179000000   0.60549581687532053
 -0.24662412179000000   0.60590426923990311
 -0.24562412179000000   0.60624960840641762
 -0.24462412179000000   0.60665338041602785
 -0.24362412179000000   0.60699312337202369
 -0.24262412179000000   0.60731491156300669
 -0.24162412179000000   0.60770033252032354
 -0.24062412179000000   0.60801486005493749
 -0.23962412179000000   0.60833014053567802
 -0.23862412179000000   0.60869028397589688
 -0.23762412179000000   0.60900210462935254
 -0.23662412179000000   0.60929785337731327
 -0.23562412179000000   0.60964589166730472
 -0.23462412179000000   0.60995115574345812
 -0.23362412179000000   0.61024132183775540
 -0.23262412179000000   0.61054853114725824
 -0.23162412179000000   0.61087052002618327
 -0.23062412179000000   0.61114867922440304
 -0.22962412179000000   0.61143114799794182
 -0.22862412179000000   0.61176082471457636
 -0.22762412179000000   0.61202899350401737
 -0.22662412179000000   0.61229783323460225
 -0.22562412179000000   0.61260840611894455
 -0.22462412179000000   0.61288964678921598
 -0.22362412179000000   0.61315277181292832
 -0.22262412179000000   0.61341665482924775
 -0.22162412179000000   0.61372626742633612
 -0.22062412179000000   0.61397819179806195
 -0.21962412179000000   0.61422778858327271
 -0.21862412179000000   0.61449867710880211
 -0.21762412179000000   0.61479150661735125
 -0.21662412179000000   0.61503758345926606
 -0.21562412179000000   0.61528471883143655
 -0.21462412179000000   0.61553135760425401
 -0.21362412179000000   0.61581708385902579
 -0.21262412179000000   0.61605117994786934
 -0.21162412179000000   0.61628485340076716
 -0.21062412179000000   0.61653940582285651
 -0.20962412179000000   0.61680612944044568
 -0.20862412179000000   0.61703147906479429
 -0.20762412179000000   0.61725635942235867
 -0.20662412179000000   0.61749099366511068
 -0.20562412179000000   0.61775997239313325
 -0.20462412179000000   0.61798114437951643
 -0.20362412179000000   0.61820246858056211
 -0.20262412179000000   0.61841734517984865
 -0.20162412179000000   0.61867433332261422
 -0.20062412179000000   0.61889598440469625
 -0.19962412179000000   0.61910689710213640
 -0.19862412179000000   0.61931254257066086
 -0.19762412179000000   0.61954445871380398
 -0.19662412179000000   0.61977828098346113
 -0.19562412179000000   0.61997778742505128
 -0.19462412179000000   0.62018116927696828
 -0.19362412179000000   0.62038149264494423
 -0.19262412179000000   0.62061816937211788
 -0.19162412179000000   0.62082727378882147
 -0.19062412179000000   0.62101763445229468
 -0.18962412179000000   0.62121290083465313
 -0.18862412179000000   0.62140006975381374
 -0.18762412179000000   0.62161736256045622
 -0.18662412179000000   0.62182459741861987
 -0.18562412179000000   0.62200573416630044
 -0.18462412179000000   0.62219201884234925
 -0.18362412179000000   0.62237025010733510
 -0.18262412179000000   0.62257493429107070
 -0.18162412179000000   0.62277517968069730
 -0.18062412179000000   0.62294791742883151
 -0.17962412179000000   0.62312571574797385
 -0.17862412179000000   0.62329536258776938
 -0.17762412179000000   0.62347912264795002
 -0.17662412179000000   0.62367956029232897
 -0.17562412179000000   0.62384947995913592
 -0.17462412179000000   0.62401642636114230
 -0.17362412179000000   0.62418500597486336
 -0.17262412179000000   0.62435005367867212
 -0.17162412179000000   0.62454943090581245
 -0.17062412179000000   0.62474637394545807
 -0.16962412179000000   0.62501342302112886
 -0.16862412179000000   0.62500272174427425
 -0.16762412179000000   0.62499750903453982
 -0.16662412179000000   0.62523033952419832
 -0.16562412179000000   0.62541289094226767
