 -0.31727043196000000   0.57140805747247459
 -0.31627043196000000   0.57139921665226768
 -0.31527043196000000   0.57138178308306260
 -0.31427043196000000   0.57140031787877670
 -0.31327043196000000   0.57139810145619894
 -0.31227043196000000   0.57140600561177506
 -0.31127043196000000   0.57136909615979177
 -0.31027043196000000   0.57136838342948563
 -0.30927043196000000   0.57136887270437937
 -0.30827043196000000   0.57138294782747600
 -0.30727043196000000   0.57138026392982110
 -0.30627043196000000   0.57136522631096096
 -0.30527043196000000   0.57134697000788293
 -0.30427043196000000   0.56952632313397423
 -0.30227043196000000   0.57090005895368137
 -0.30127043196000000   0.57782341947244682
 -0.30027043196000000   0.57896542777348733
 -0.29927043196000000   0.57956064268501422
 -0.29827043196000000   0.58063535492045883
 -0.29727043196000000   0.58226707887398834
 -0.29627043196000000   0.58333052710013119
 -0.29527043196000000   0.58332151684746628
 -0.29427043196000000   0.58332183095948146
 -0.29327043196000000   0.58328971986606247
 -0.29227043196000000   0.58330228359931186
 -0.29127043196000000   0.58544023996833555
 -0.29027043196000000   0.58620970240770160
 -0.28927043196000000   0.58716819487605345
 -0.28827043196000000   0.58823228526131221
 -0.28727043196000000   0.58823242703655181
 -0.28627043196000000   0.58903990539332413
 -0.28527043196000000   0.58990265188044727
 -0.28427043196000000   0.59091624923064995
 -0.28327043196000000   0.59124066201190597
 -0.28227043196000000   0.59219955386390442
 -0.28127043196000000   0.59303290659371224
 -0.28027043196000000   0.59411977217486194
 -0.27927043196000000   0.59614846377124199
 -0.27827043196000000   0.60000887109724415
 -0.27727043196000000   0.60003524567023440
 -0.27627043196000000   0.59995194458693689
 -0.27527043196000000   0.59995737093055729
 -0.27427043196000000   0.59997063568784893
 -0.27327043196000000   0.60004568989052674
 -0.27227043196000000   0.59997250641377181
 -0.27127043196000000   0.60003073187130957
 -0.27027043196000000   0.59997516139426635
 -0.26927043196000000   0.60003002721362846
 -0.26827043196000000   0.59999556452023687
 -0.26727043196000000   0.59998401557486619
 -0.26627043196000000   0.60001324014784516
 -0.26527043196000000   0.60001887181470320
 -0.26427043196000000   0.60000317128669225
 -0.26327043196000000   0.59999080192344526
 -0.26227043196000000   0.59999587783486231
 -0.26127043196000000   0.60000106751732086
 -0.26027043196000000   0.60000345414525270
 -0.25927043196000000   0.60000352060930681
 -0.25827043196000000   0.60000250494809455
 -0.25727043196000000   0.60000041304762479
 -0.25627043196000000   0.59999889497738669
 -0.25527043196000000   0.59999912224673164
 -0.25427043196000000   0.60000285592977608
 -0.25327043196000000   0.60001047540361525
 -0.25227043196000000   0.60001655595925083
 -0.25127043196000000   0.60001026020890284
 -0.25027043196000000   0.59999096250628337
 -0.24927043196000000   0.59998427651410161
 -0.24827043196000000   0.59999773170762975
 -0.24727043196000000   0.60002902752090570
 -0.24627043196000000   0.59999251716269467
 -0.24527043196000000   0.59998445411379193
 -0.24427043196000000   0.60003588102085247
 -0.24327043196000000   0.59996864006446389
 -0.24227043196000000   0.60002902148879405
 -0.24127043196000000   0.59996889422302015
 -0.24027043196000000   0.60004994581607401
 -0.23927043196000000   0.59996551496076896
 -0.23827043196000000   0.60005819155480257
 -0.23727043196000000   0.60006282614725403
 -0.23627043196000000   0.60005144738062874
 -0.23527043196000000   0.60003567440280805
 -0.23427043196000000   0.59964042753684868
 -0.23327043196000000   0.60490089922515544
 -0.23227043196000000   0.60572356863903481
 -0.23127043196000000   0.60630818369732279
 -0.23027043196000000   0.60685110785066117
 -0.22927043196000000   0.60727246589822975
 -0.22827043196000000   0.60773357336230700
 -0.22727043196000000   0.60810198771833347
 -0.22627043196000000   0.60846447671431331
 -0.22527043196000000   0.60886503725178174
 -0.22427043196000000   0.60919008728451898
 -0.22327043196000000   0.60953413091896763
 -0.22227043196000000   0.60986016148559495
 -0.22127043196000000   0.61017042947225119
 -0.22027043196000000   0.61045615689858324
 -0.21927043196000000   0.61080743345574841
 -0.21827043196000000   0.61111486820080339
 -0.21727043196000000   0.61133124727030990
 -0.21627043196000000   0.61165976082850592
 -0.21527043196000000   0.61192087751744089
 -0.21427043196000000   0.61218477709603511
 -0.21327043196000000   0.61242774915945450
 -0.21227043196000000   0.61273796278472765
 -0.21127043196000000   0.61297085248421442
 -0.21027043196000000   0.61321593156036942
 -0.20927043196000000   0.61344673635740718
 -0.20827043196000000   0.61373717825108069
 -0.20727043196000000   0.61395452703795135
 -0.20627043196000000   0.61418927027912875
 -0.20527043196000000   0.61439989730680698
 -0.20427043196000000   0.61467591130717924
 -0.20327043196000000   0.61489182568429722
 -0.20227043196000000   0.61511541231109814
 -0.20127043196000000   0.61536270517949613
 -0.20027043196000000   0.61533587415672695
 -0.19927043196000000   0.61574135079921279
 -0.19827043196000000   0.61593563019652672
 -0.19727043196000000   0.61614140377463213
 -0.19627043196000000   0.61632849010933903
 -0.19527043196000000   0.61654212164307043
 -0.19427043196000000   0.61676817835697541
 -0.19327043196000000   0.61694186747612435
 -0.19227043196000000   0.61713295967994978
 -0.19127043196000000   0.61730185442970230
 -0.19027043196000000   0.61749881147345170
 -0.18927043196000000   0.61771133806197395
 -0.18827043196000000   0.61787404976917095
 -0.18727043196000000   0.61804857012231064
 -0.18627043196000000   0.61821075859895911
 -0.18527043196000000   0.61837546521062769
 -0.18427043196000000   0.61855939382122131
 -0.18327043196000000   0.61875358556945845
 -0.18227043196000000   0.61890459222211854
 -0.18127043196000000   0.61905976345437021
 -0.18027043196000000   0.61921688164928049
 -0.17927043196000000   0.61935882972394118
 -0.17827043196000000   0.61952674744332726
 -0.17727043196000000   0.61970544976612788
 -0.17627043196000000   0.61984610952449823
 -0.17527043196000000   0.61998269641943608
 -0.17427043196000000   0.62013141850214710
 -0.17327043196000000   0.62026019340099209
 -0.17227043196000000   0.62039596777980867
 -0.17127043196000000   0.62056157062052841
 -0.17027043196000000   0.62070809708305694
 -0.16927043196000000   0.62083110154333757
 -0.16827043196000000   0.62095546888382654
 -0.16727043196000000   0.62108958997520149
 -0.16627043196000000   0.62121708269677328
 -0.16527043196000000   0.62132981484360450
 -0.16427043196000000   0.62144711164552264
 -0.16327043196000000   0.62158447397534898
 -0.16227043196000000   0.62172355765619888
 -0.16127043196000000   0.62183645449548331
 -0.16027043196000000   0.62193936554993253
 -0.15927043196000000   0.62205089080489833
 -0.15827043196000000   0.62216657624536912
