 -0.36285813700000000   0.48107382387168099
 -0.36185813700000000   0.47413606473251456
 -0.36085813700000000   0.53335053260211102
 -0.35985813700000000   0.53842955094751445
 -0.35885813700000000   0.53841521192548217
 -0.35785813700000000   0.54162815091132275
 -0.35685813700000000   0.54404500129121759
 -0.35585813700000000   0.54539840511272885
 -0.35485813700000000   0.54538830329565185
 -0.35385813700000000   0.54767791981031340
 -0.35285813700000000   0.54915121227619721
 -0.35185813700000000   0.55036788793058368
 -0.35085813700000000   0.55177620585017067
 -0.34985813700000000   0.55294020771002021
 -0.34885813700000000   0.55549901640722294
 -0.34785813700000000   0.55550536519482831
 -0.34685813700000000   0.55550580601661200
 -0.34585813700000000   0.55550327277032881
 -0.34485813700000000   0.55555180911506412
 -0.34385813700000000   0.55798145435196134
 -0.34285813700000000   0.55895868766917543
 -0.34185813700000000   0.55991375373993786
 -0.34085813700000000   0.56078328496816134
 -0.33985813700000000   0.56155207164471792
 -0.33885813700000000   0.56245735716182579
 -0.33785813700000000   0.56318354675187472
 -0.33685813700000000   0.56399205975959815
 -0.33585813700000000   0.56480933321903121
 -0.33485813700000000   0.56549523484411153
 -0.33385813700000000   0.56630308236369804
 -0.33285813700000000   0.56708285197925948
 -0.33185813700000000   0.56791322294906966
 -0.33085813700000000   0.56875299648749322
 -0.32985813700000000   0.56993351922767477
 -0.32885813700000000   0.57142559656813795
 -0.32785813700000000   0.57142556046230536
 -0.32685813700000000   0.57140232639740594
 -0.32585813700000000   0.57139066079681632
 -0.32485813700000000   0.57139266181917494
 -0.32385813700000000   0.57138989022078591
 -0.32285813700000000   0.57140051913268128
 -0.32185813700000000   0.57137721815904768
 -0.32085813700000000   0.57378744499811775
 -0.31985813700000000   0.57451135543351201
 -0.31885813700000000   0.57523317598171982
 -0.31785813700000000   0.57590769977746426
 -0.31685813700000000   0.57647933062296962
 -0.31585813700000000   0.57712552153054655
 -0.31485813700000000   0.57775296869177901
 -0.31385813700000000   0.57829100791027897
 -0.31285813700000000   0.57891527710772380
 -0.31185813700000000   0.57941748165863373
 -0.31085813700000000   0.58001432566545693
 -0.30985813700000000   0.58055782552629151
 -0.30885813700000000   0.58111562485863507
 -0.30785813700000000   0.58165005735589572
 -0.30685813700000000   0.58219926227029880
 -0.30585813700000000   0.58277928407205430
 -0.30485813700000000   0.58331543155121618
 -0.30385813700000000   0.58371883198058735
 -0.30285813700000000   0.58424464961780491
 -0.30185813700000000   0.58480077665517796
 -0.30085813700000000   0.58527633345471482
 -0.29985813700000000   0.58582143704922610
 -0.29885813700000000   0.58627360083070319
 -0.29785813700000000   0.58681971630177407
 -0.29685813700000000   0.58727490305277639
 -0.29585813700000000   0.58780025668345411
 -0.29485813700000000   0.58823448833629750
 -0.29385813700000000   0.58876989738715563
 -0.29285813700000000   0.58921816416538574
 -0.29185813700000000   0.58972710981558564
 -0.29085813700000000   0.59018040235149741
 -0.28985813700000000   0.59065943260940584
 -0.28885813700000000   0.59113271076015367
 -0.28785813700000000   0.59158829154927499
 -0.28685813700000000   0.59207923766810578
 -0.28585813700000000   0.59252691339953561
 -0.28485813700000000   0.59302871116029712
 -0.28385813700000000   0.59347639184151416
 -0.28285813700000000   0.59399904482391114
 -0.28185813700000000   0.59445018956585174
 -0.28085813700000000   0.59498882465120002
 -0.27985813700000000   0.59548188376515032
 -0.27885813700000000   0.59607207716401452
 -0.27785813700000000   0.59671711873974225
 -0.27685813700000000   0.59757442870765350
 -0.27585813700000000   0.60005574597050194
 -0.27485813700000000   0.60002601421525613
 -0.27385813700000000   0.60005228357348369
 -0.27285813700000000   0.59996621611937476
 -0.27185813700000000   0.60003537763255512
 -0.27085813700000000   0.59999775658482414
 -0.26985813700000000   0.59998452257436509
 -0.26885813700000000   0.60000099906631854
 -0.26785813700000000   0.60000997801299440
 -0.26685813700000000   0.60000916295083643
 -0.26585813700000000   0.60000499099273783
 -0.26485813700000000   0.60000083799504210
 -0.26385813700000000   0.59999744681469502
 -0.26285813700000000   0.60000365434411763
 -0.26185813700000000   0.60002252674023548
 -0.26085813700000000   0.60002235537528111
 -0.25985813700000000   0.59997605883971481
 -0.25885813700000000   0.60002105978314686
 -0.25785813700000000   0.59998749277724671
 -0.25685813700000000   0.60005881591846336
 -0.25585813700000000   0.60006921926577219
 -0.25485813700000000   0.60006773064282192
 -0.25385813700000000   0.60284838081354477
 -0.25285813700000000   0.60343187544199310
 -0.25185813700000000   0.60396071586479574
 -0.25085813700000000   0.60438661183461110
 -0.24985813700000000   0.60485078873777190
 -0.24885813700000000   0.60522180489245223
 -0.24785813700000000   0.60562712979269467
 -0.24685813700000000   0.60599076992019989
 -0.24585813700000000   0.60632821721152281
 -0.24485813700000000   0.60672565397746491
 -0.24385813700000000   0.60705328807063583
 -0.24285813700000000   0.60737847581562511
 -0.24185813700000000   0.60775780968040181
 -0.24085813700000000   0.60806500620966897
 -0.23985813700000000   0.60837773525109360
 -0.23885813700000000   0.60874089740674616
 -0.23785813700000000   0.60904547682659939
 -0.23685813700000000   0.60933834449531010
 -0.23585813700000000   0.60968531079934031
 -0.23485813700000000   0.60998728104411309
 -0.23385813700000000   0.61027467581556430
 -0.23285813700000000   0.61059511465873517
 -0.23185813700000000   0.61090178814012118
 -0.23085813700000000   0.61118195618313055
 -0.22985813700000000   0.61147087525326366
 -0.22885813700000000   0.61179279359396378
 -0.22785813700000000   0.61206402690560397
 -0.22685813700000000   0.61232988570136075
 -0.22585813700000000   0.61264687421159533
 -0.22485813700000000   0.61291986217414279
 -0.22385813700000000   0.61318346182359494
 -0.22285813700000000   0.61345501275203467
 -0.22185813700000000   0.61375885503646532
 -0.22085813700000000   0.61401083812685007
 -0.21985813700000000   0.61426077225392679
 -0.21885813700000000   0.61454102957512574
 -0.21785813700000000   0.61482502170307245
 -0.21685813700000000   0.61507228652433249
 -0.21585813700000000   0.61532119831092257
 -0.21485813700000000   0.61557749740272507
 -0.21385813700000000   0.61585430275047731
 -0.21285813700000000   0.61608962240249641
 -0.21185813700000000   0.61632291807699589
 -0.21085813700000000   0.61659010780426858
 -0.20985813700000000   0.61684590801173467
 -0.20885813700000000   0.61707706040926102
 -0.20785813700000000   0.61730530099414656
 -0.20685813700000000   0.61754269388378622
 -0.20585813700000000   0.61780820378121659
 -0.20485813700000000   0.61802766935840477
 -0.20385813700000000   0.61824934484769004
 -0.20285813700000000   0.61847208796571182
 -0.20185813700000000   0.61873139443918221
 -0.20085813700000000   0.61894630307218172
 -0.19985813700000000   0.61916107799333210
 -0.19885813700000000   0.61936928747672395
 -0.19785813700000000   0.61961471113842393
 -0.19685813700000000   0.61983565966907217
 -0.19585813700000000   0.62003893294801119
 -0.19485813700000000   0.62024052161532274
 -0.19385813700000000   0.62045425806890286
 -0.19285813700000000   0.62068215525890415
 -0.19185813700000000   0.62089375730326284
 -0.19085813700000000   0.62108723142439735
 -0.18985813700000000   0.62128143358434404
 -0.18885813700000000   0.62147803517899302
 -0.18785813700000000   0.62170494548794848
 -0.18685813700000000   0.62189893482559632
 -0.18585813700000000   0.62208526552166677
 -0.18485813700000000   0.62226960346362073
 -0.18385813700000000   0.62245849805990627
 -0.18285813700000000   0.62267430030385845
 -0.18185813700000000   0.62286008847251916
 -0.18085813700000000   0.62303700803295541
 -0.17985813700000000   0.62321467141043568
 -0.17885813700000000   0.62339010494152559
 -0.17785813700000000   0.62359324011910480
 -0.17685813700000000   0.62377880638545052
 -0.17585813700000000   0.62394672765204433
 -0.17485813700000000   0.62411937739871230
 -0.17385813700000000   0.62428668152685196
 -0.17285813700000000   0.62447073376254647
 -0.17185813700000000   0.62467001580767077
 -0.17085813700000000   0.62504202191654466
 -0.16985813700000000   0.62500454143852980
 -0.16885813700000000   0.62499499886817509
 -0.16785813700000000   0.62519425429864665
 -0.16685813700000000   0.62538881617964858
 -0.16585813700000000   0.62556235951236821
