 -0.34909456991000000   0.53566821701206536
 -0.34609456991000000   0.54539419635661120
 -0.34509456991000000   0.54539465718630883
 -0.34409456991000000   0.54214107194403529
 -0.34309456991000000   0.54999372141920425
 -0.34209456991000000   0.55224468708128606
 -0.34109456991000000   0.55553200117408234
 -0.34009456991000000   0.55549945952293955
 -0.33909456991000000   0.55549576874434668
 -0.33809456991000000   0.55550531377834266
 -0.33709456991000000   0.55552485305833819
 -0.33609456991000000   0.55546097681929789
 -0.33509456991000000   0.55931683871867170
 -0.33409456991000000   0.56056772907607335
 -0.33309456991000000   0.56201371107975134
 -0.33209456991000000   0.56245594846869336
 -0.33109456991000000   0.56378362833047118
 -0.33009456991000000   0.56490839675194779
 -0.32909456991000000   0.56587169769441446
 -0.32809456991000000   0.56695521172351830
 -0.32709456991000000   0.56819117499388550
 -0.32609456991000000   0.57141135740527443
 -0.32509456991000000   0.57138243330832249
 -0.32409456991000000   0.57139719389848060
 -0.32309456991000000   0.57137412922900713
 -0.32209456991000000   0.57138876523568198
 -0.32109456991000000   0.57140685223090218
 -0.32009456991000000   0.57140327281870456
 -0.31909456991000000   0.57138823024600189
 -0.31809456991000000   0.57136055251001859
 -0.31709456991000000   0.57135549667137639
 -0.31609456991000000   0.57136392960558997
 -0.31509456991000000   0.57318340417034363
 -0.31409456991000000   0.57497362688179583
 -0.31309456991000000   0.57592370118806607
 -0.31209456991000000   0.57673432296566991
 -0.31109456991000000   0.57739313104657613
 -0.31009456991000000   0.57814363959414161
 -0.30909456991000000   0.57894353029528444
 -0.30809456991000000   0.57942100609845644
 -0.30709456991000000   0.58011671306225210
 -0.30609456991000000   0.58079126477550289
 -0.30509456991000000   0.58135422758520270
 -0.30409456991000000   0.58202814189831088
 -0.30309456991000000   0.58274720363943994
 -0.30209456991000000   0.58330034922550897
 -0.30109456991000000   0.58331159172324473
 -0.30009456991000000   0.58413683406230603
 -0.29909456991000000   0.58480053698531204
 -0.29809456991000000   0.58532408307997567
 -0.29709456991000000   0.58594273367119086
 -0.29609456991000000   0.58644348871499347
 -0.29509456991000000   0.58703917095462965
 -0.29409456991000000   0.58756435587614837
 -0.29309456991000000   0.58821657863795896
 -0.29209456991000000   0.58864733866582377
 -0.29109456991000000   0.58918147379136454
 -0.29009456991000000   0.58975156001938943
 -0.28909456991000000   0.59025254807650290
 -0.28809456991000000   0.59083174563337509
 -0.28709456991000000   0.59130215539418100
 -0.28609456991000000   0.59189747285925398
 -0.28509456991000000   0.59237914737451620
 -0.28409456991000000   0.59297672733200200
 -0.28309456991000000   0.59350787173848190
 -0.28209456991000000   0.59412397114284751
 -0.28109456991000000   0.59479398188404573
 -0.28009456991000000   0.59546311378272125
 -0.27909456991000000   0.59640065171117919
 -0.27809456991000000   0.60000445400545518
 -0.27709456991000000   0.59994934442923361
 -0.27609456991000000   0.59995672398520953
 -0.27509456991000000   0.59996123567438061
 -0.27409456991000000   0.60004397583457449
 -0.27309456991000000   0.59997203305783655
 -0.27209456991000000   0.60003563332250009
 -0.27109456991000000   0.59998458735104473
 -0.27009456991000000   0.59999151312623712
 -0.26909456991000000   0.60001788968490535
 -0.26809456991000000   0.60001874602466456
 -0.26709456991000000   0.60000900444171590
 -0.26609456991000000   0.60000325429483197
 -0.26509456991000000   0.60000264548071468
 -0.26409456991000000   0.60000437903945601
 -0.26309456991000000   0.60000610536668940
 -0.26209456991000000   0.60000553681095511
 -0.26109456991000000   0.60000014527444763
 -0.26009456991000000   0.59999093039119540
 -0.25909456991000000   0.59998972359663983
 -0.25809456991000000   0.60001267415346144
 -0.25709456991000000   0.60002306400756473
 -0.25609456991000000   0.59997761469883600
 -0.25509456991000000   0.60001238130149591
 -0.25409456991000000   0.60002783115194494
 -0.25309456991000000   0.59998220673250563
 -0.25209456991000000   0.59998506645634400
 -0.25109456991000000   0.60004445479106511
 -0.25009456991000000   0.60000858993816979
 -0.24909456991000000   0.59993826959845814
 -0.24809456991000000   0.60334672330205416
 -0.24709456991000000   0.60414991325835412
 -0.24609456991000000   0.60475874188557304
 -0.24509456991000000   0.60522467357496301
 -0.24409456991000000   0.60570734443398112
 -0.24309456991000000   0.60610624804994013
 -0.24209456991000000   0.60650682984412141
 -0.24109456991000000   0.60690341678714822
 -0.24009456991000000   0.60726859221134781
 -0.23909456991000000   0.60764305324786759
 -0.23809456991000000   0.60799350791959158
 -0.23709456991000000   0.60831180218770065
 -0.23609456991000000   0.60869627429809528
 -0.23509456991000000   0.60900925509737982
 -0.23409456991000000   0.60930979818870472
 -0.23309456991000000   0.60967397027264949
 -0.23209456991000000   0.60997318236345033
 -0.23109456991000000   0.61025997720118480
 -0.23009456991000000   0.61060493049895037
 -0.22909456991000000   0.61090110837104245
 -0.22809456991000000   0.61118215052810156
 -0.22709456991000000   0.61146860682117985
 -0.22609456991000000   0.61179596175234873
 -0.22509456991000000   0.61206069051981420
 -0.22409456991000000   0.61232501513571205
 -0.22309456991000000   0.61264986705903245
 -0.22209456991000000   0.61292446816384542
 -0.22109456991000000   0.61317838292476783
 -0.22009456991000000   0.61343003730844104
 -0.21909456991000000   0.61374050615115333
 -0.21809456991000000   0.61399002015888017
 -0.21709456991000000   0.61424023260260110
 -0.21609456991000000   0.61449314275619564
 -0.21509456991000000   0.61478673596472309
 -0.21409456991000000   0.61502266619792268
 -0.21309456991000000   0.61526441699349114
 -0.21209456991000000   0.61548665295259772
 -0.21109456991000000   0.61578092318569333
 -0.21009456991000000   0.61600757088944480
 -0.20909456991000000   0.61623804472130484
 -0.20809456991000000   0.61646763595523106
 -0.20709456991000000   0.61674096187578152
 -0.20609456991000000   0.61695718894959733
 -0.20509456991000000   0.61717942845223619
 -0.20409456991000000   0.61739406301682200
 -0.20309456991000000   0.61765745241329831
 -0.20209456991000000   0.61786990166569218
 -0.20109456991000000   0.61808213845046156
 -0.20009456991000000   0.61829047830972339
 -0.19909456991000000   0.61850534647782155
 -0.19809456991000000   0.61875252444940517
 -0.19709456991000000   0.61894957372863121
 -0.19609456991000000   0.61915265681175062
 -0.19509456991000000   0.61934385255352240
 -0.19409456991000000   0.61957000301622806
 -0.19309456991000000   0.61978694836680789
 -0.19209456991000000   0.61997200282057144
 -0.19109456991000000   0.62016471605841757
 -0.19009456991000000   0.62034719810747640
 -0.18909456991000000   0.62056736240610532
 -0.18809456991000000   0.62076701003033346
 -0.18709456991000000   0.62094249436666631
 -0.18609456991000000   0.62112569354158776
 -0.18509456991000000   0.62130383140523032
 -0.18409456991000000   0.62148304380425838
 -0.18309456991000000   0.62169433546636254
 -0.18209456991000000   0.62187177624760971
 -0.18109456991000000   0.62203746537309039
 -0.18009456991000000   0.62220896382043515
 -0.17909456991000000   0.62236974341880631
 -0.17809456991000000   0.62255556360153825
 -0.17709456991000000   0.62274407176894146
 -0.17609456991000000   0.62290071010249439
 -0.17509456991000000   0.62306118024845718
 -0.17409456991000000   0.62321892879436685
 -0.17309456991000000   0.62337143592089304
 -0.17209456991000000   0.62355021789072378
 -0.17109456991000000   0.62372382830013460
 -0.17009456991000000   0.62387087167771559
 -0.16909456991000000   0.62402303312400977
 -0.16809456991000000   0.62417650674220608
 -0.16709456991000000   0.62432264879714371
 -0.16609456991000000   0.62449611126420287
 -0.16509456991000000   0.62470051351361155
 -0.16409456991000000   0.62497555149174573
