 -0.35192050180000000   0.56147288344838226
 -0.35092050180000000   0.56192328187536714
 -0.34992050180000000   0.56238090145083600
 -0.34892050180000000   0.56282915180635357
 -0.34792050180000000   0.56328276173004369
 -0.34692050180000000   0.56373007510777944
 -0.34592050180000000   0.56417859285156061
 -0.34492050180000000   0.56462580710401491
 -0.34392050180000000   0.56506900329827524
 -0.34292050180000000   0.56551603611542655
 -0.34192050180000000   0.56595475771754478
 -0.34092050180000000   0.56640027725270598
 -0.33992050180000000   0.56683620373131797
 -0.33892050180000000   0.56727802976503182
 -0.33792050180000000   0.56771309364606195
 -0.33692050180000000   0.56814941160588522
 -0.33592050180000000   0.56858490746353580
 -0.33492050180000000   0.56901550213462695
 -0.33392050180000000   0.56945100178187390
 -0.33292050180000000   0.56987746960068560
 -0.33192050180000000   0.57031053624971124
 -0.33092050180000000   0.57073544114443754
 -0.32992050180000000   0.57116320098834957
 -0.32892050180000000   0.57158868301648021
 -0.32792050180000000   0.57201024042661281
 -0.32692050180000000   0.57243621467008441
 -0.32592050180000000   0.57285340420147366
 -0.32492050180000000   0.57327686447550553
 -0.32392050180000000   0.57369288755028716
 -0.32292050180000000   0.57411043482543922
 -0.32192050180000000   0.57452758063354726
 -0.32092050180000000   0.57493894513769776
 -0.31992050180000000   0.57535601343663887
 -0.31892050180000000   0.57576421230734882
 -0.31792050180000000   0.57617691093280070
 -0.31692050180000000   0.57658558972034627
 -0.31592050180000000   0.57699148341540879
 -0.31492050180000000   0.57740129993817421
 -0.31392050180000000   0.57780263842275595
 -0.31292050180000000   0.57820945289870724
 -0.31192050180000000   0.57861057252268599
 -0.31092050180000000   0.57901051445148166
 -0.30992050180000000   0.57941322904979590
 -0.30892050180000000   0.57980797403723952
 -0.30792050180000000   0.58020823952753031
 -0.30692050180000000   0.58060260306063572
 -0.30592050180000000   0.58099587287631742
 -0.30492050180000000   0.58139198798388271
 -0.30392050180000000   0.58178014519187943
 -0.30292050180000000   0.58217336543267860
 -0.30192050180000000   0.58256170202860124
 -0.30092050180000000   0.58294763308912686
 -0.29992050180000000   0.58333751885096052
 -0.29892050180000000   0.58371928064619815
 -0.29792050180000000   0.58410477076626209
 -0.29692050180000000   0.58448784764576206
 -0.29592050180000000   0.58486610617190083
 -0.29492050180000000   0.58524950418428249
 -0.29392050180000000   0.58562560835507550
 -0.29292050180000000   0.58600249157607486
 -0.29192050180000000   0.58638080002451062
 -0.29092050180000000   0.58675186510893342
 -0.28992050180000000   0.58712695185694189
 -0.28892050180000000   0.58749689041550665
 -0.28792050180000000   0.58787080837443081
 -0.28692050180000000   0.58823714340396121
 -0.28592050180000000   0.58860541610547783
 -0.28492050180000000   0.58897396932728925
 -0.28392050180000000   0.58933585577397615
 -0.28292050180000000   0.58970210532560020
 -0.28192050180000000   0.59006467667442017
 -0.28092050180000000   0.59042325514480299
 -0.27992050180000000   0.59078643544235116
 -0.27892050180000000   0.59114335217124453
 -0.27792050180000000   0.59149922671355890
 -0.27692050180000000   0.59185830829993177
 -0.27592050180000000   0.59221023440644386
 -0.27492050180000000   0.59256350816102079
 -0.27392050180000000   0.59291787715334193
 -0.27292050180000000   0.59326541507226584
 -0.27192050180000000   0.59361586075583652
 -0.27092050180000000   0.59396533983236608
 -0.26992050180000000   0.59430889004251714
 -0.26892050180000000   0.59465615436225459
 -0.26792050180000000   0.59500084558833992
 -0.26692050180000000   0.59534060460742904
 -0.26592050180000000   0.59568435739302236
 -0.26492050180000000   0.59602448365575049
 -0.26392050180000000   0.59636049250921150
 -0.26292050180000000   0.59670048991149223
 -0.26192050180000000   0.59703629978449799
 -0.26092050180000000   0.59736850215138293
 -0.25992050180000000   0.59770458334137397
 -0.25892050180000000   0.59803631432542637
 -0.25792050180000000   0.59836460896354266
 -0.25692050180000000   0.59869665924795912
 -0.25592050180000000   0.59902453529637628
 -0.25492050180000000   0.59934882228511064
 -0.25392050180000000   0.59967674101348516
 -0.25292050180000000   0.60000093627433173
 -0.25192050180000000   0.60032110780037529
 -0.25092050180000000   0.60064471623480535
 -0.24992050180000000   0.60096551159932472
 -0.24892050180000000   0.60128165634091537
 -0.24792050180000000   0.60160071499418004
 -0.24692050180000000   0.60191822820449273
 -0.24592050180000000   0.60223043272400883
 -0.24492050180000000   0.60254469590089009
 -0.24392050180000000   0.60285897465513051
 -0.24292050180000000   0.60316750982863090
 -0.24192050180000000   0.60347676034883639
 -0.24092050180000000   0.60378761739052460
 -0.23992050180000000   0.60409289392634308
 -0.23892050180000000   0.60439709311421305
 -0.23792050180000000   0.60470401067244867
 -0.23692050180000000   0.60500650349079411
 -0.23592050180000000   0.60530592208950380
 -0.23492050180000000   0.60560810876313998
 -0.23392050180000000   0.60590813182493232
 -0.23292050180000000   0.60620339859046993
 -0.23192050180000000   0.60650012979292532
 -0.23092050180000000   0.60679744068050138
 -0.22992050180000000   0.60708946767579300
 -0.22892050180000000   0.60738059233390211
 -0.22792050180000000   0.60767410681704038
 -0.22692050180000000   0.60796380746191668
 -0.22592050180000000   0.60825001150506628
 -0.22492050180000000   0.60853823827520132
 -0.22392050180000000   0.60882583079082157
 -0.22292050180000000   0.60910843988687335
 -0.22192050180000000   0.60939068157020363
 -0.22092050180000000   0.60967490500831996
 -0.21992050180000000   0.60995532609522328
 -0.21892050180000000   0.61023240875564781
 -0.21792050180000000   0.61051116576430160
 -0.21692050180000000   0.61078967693436612
 -0.21592050180000000   0.61106343519207453
 -0.21492050180000000   0.61133603787808522
 -0.21392050180000000   0.61161065922183192
 -0.21292050180000000   0.61188270363279761
 -0.21192050180000000   0.61215068833082835
 -0.21092050180000000   0.61241912404392728
 -0.20992050180000000   0.61268872134448139
 -0.20892050180000000   0.61295443284404215
 -0.20792050180000000   0.61321723076156816
 -0.20692050180000000   0.61348130986153047
 -0.20592050180000000   0.61374537003033430
 -0.20492050180000000   0.61400516214723629
 -0.20392050180000000   0.61426299657997533
 -0.20292050180000000   0.61452235987602534
 -0.20192050180000000   0.61478078666899078
 -0.20092050180000000   0.61503501481079798
 -0.19992050180000000   0.61528786360073352
 -0.19892050180000000   0.61554219747350126
 -0.19792050180000000   0.61579512328256262
 -0.19692050180000000   0.61604402228122742
 -0.19592050180000000   0.61629174606020913
 -0.19492050180000000   0.61654082600188858
 -0.19392050180000000   0.61678845440641269
 -0.19292050180000000   0.61703218780260281
 -0.19192050180000000   0.61727462654088381
 -0.19092050180000000   0.61751826551787151
 -0.18992050180000000   0.61776078077433163
 -0.18892050180000000   0.61799951091686695
 -0.18792050180000000   0.61823852444686409
 -0.18692050180000000   0.61847606085748328
 -0.18592050180000000   0.61871034557809960
 -0.18492050180000000   0.61894418021638378
 -0.18392050180000000   0.61917894896832395
 -0.18292050180000000   0.61941182543497009
 -0.18192050180000000   0.61964121266862606
 -0.18092050180000000   0.61986930503672903
 -0.17992050180000000   0.62009820153646284
 -0.17892050180000000   0.62032638458314979
 -0.17792050180000000   0.62055122437119975
 -0.17692050180000000   0.62077379588882086
 -0.17592050180000000   0.62099648754830342
 -0.17492050180000000   0.62121952925692066
 -0.17392050180000000   0.62144015885625662
 -0.17292050180000000   0.62165772109331202
 -0.17192050180000000   0.62187422851039502
 -0.17092050180000000   0.62209129887909715
 -0.16992050180000000   0.62230759475205999
 -0.16892050180000000   0.62252085218539615
 -0.16792050180000000   0.62273176128456410
 -0.16692050180000000   0.62294230893264321
 -0.16592050180000000   0.62315323851246834
 -0.16492050180000000   0.62336256995238586
 -0.16392050180000000   0.62356888758191712
 -0.16292050180000000   0.62377337100897533
 -0.16192050180000000   0.62397774004823146
 -0.16092050180000000   0.62418219679064523
 -0.15992050180000000   0.62438473123921684
 -0.15892050180000000   0.62458441753131337
 -0.15792050180000000   0.62478246756426771
 -0.15692050180000000   0.62498037368917528
 -0.15592050180000000   0.62517822693139762
 -0.15492050180000000   0.62537421485717305
 -0.15392050180000000   0.62556747302197812
 -0.15292050180000000   0.62575902385851694
