 -0.35527426121000000   0.56059442021974628
 -0.35427426121000000   0.56106347473480482
 -0.35327426121000000   0.56153218743363439
 -0.35227426121000000   0.56199460560417329
 -0.35127426121000000   0.56246410610834361
 -0.35027426121000000   0.56292027049001168
 -0.34927426121000000   0.56339009678253049
 -0.34827426121000000   0.56384107571205322
 -0.34727426121000000   0.56430976122764709
 -0.34627426121000000   0.56475722924446449
 -0.34527426121000000   0.56522234783524679
 -0.34427426121000000   0.56566842507297556
 -0.34327426121000000   0.56612717623585811
 -0.34227426121000000   0.56657415634100006
 -0.34127426121000000   0.56702449995388889
 -0.34027426121000000   0.56747416787154982
 -0.33927426121000000   0.56791595930950031
 -0.33827426121000000   0.56836832707118479
 -0.33727426121000000   0.56880352515515854
 -0.33627426121000000   0.56925580096495412
 -0.33527426121000000   0.56968771557827336
 -0.33427426121000000   0.57013497781636749
 -0.33327426121000000   0.57056746503278744
 -0.33227426121000000   0.57100547795978720
 -0.33127426121000000   0.57144171919252978
 -0.33027426121000000   0.57186996577986868
 -0.32927426121000000   0.57231002066029193
 -0.32827426121000000   0.57273185456261794
 -0.32727426121000000   0.57317048980355802
 -0.32627426121000000   0.57359102238085374
 -0.32527426121000000   0.57402117084233126
 -0.32427426121000000   0.57444115668760898
 -0.32327426121000000   0.57487198346128696
 -0.32227426121000000   0.57528535597987053
 -0.32127426121000000   0.57571499563776866
 -0.32027426121000000   0.57612759854291085
 -0.31927426121000000   0.57654746483787592
 -0.31827426121000000   0.57696516718165910
 -0.31727426121000000   0.57737387700400422
 -0.31627426121000000   0.57779610329563559
 -0.31527426121000000   0.57819970615960030
 -0.31427426121000000   0.57861664746952352
 -0.31327426121000000   0.57902297967693544
 -0.31227426121000000   0.57942756836024453
 -0.31127426121000000   0.57984055011344183
 -0.31027426121000000   0.58023707507109277
 -0.30927426121000000   0.58064846059851158
 -0.30827426121000000   0.58104586362572404
 -0.30727426121000000   0.58144500589750468
 -0.30627426121000000   0.58184961549301717
 -0.30527426121000000   0.58223933159390989
 -0.30427426121000000   0.58264372803654348
 -0.30327426121000000   0.58303395407320086
 -0.30227426121000000   0.58342581519382076
 -0.30127426121000000   0.58382367725430242
 -0.30027426121000000   0.58420634399319584
 -0.29927426121000000   0.58460275111247924
 -0.29827426121000000   0.58498735307911245
 -0.29727426121000000   0.58537028001561437
 -0.29627426121000000   0.58576263117404772
 -0.29527426121000000   0.58613849824426320
 -0.29427426121000000   0.58652521145181178
 -0.29327426121000000   0.58690612606583818
 -0.29227426121000000   0.58727936406634567
 -0.29127426121000000   0.58766568529610245
 -0.29027426121000000   0.58803633473448008
 -0.28927426121000000   0.58841104496523697
 -0.28827426121000000   0.58878995564106978
 -0.28727426121000000   0.58915470293043610
 -0.28627426121000000   0.58953120409406179
 -0.28527426121000000   0.58989993318004477
 -0.28427426121000000   0.59026474890939682
 -0.28327426121000000   0.59063146546405479
 -0.28227426121000000   0.59100169989786131
 -0.28127426121000000   0.59135824453372915
 -0.28027426121000000   0.59172561448999180
 -0.27927426121000000   0.59208691267208776
 -0.27827426121000000   0.59244036878885488
 -0.27727426121000000   0.59280611923504495
 -0.27627426121000000   0.59315941256674129
 -0.27527426121000000   0.59351114420085661
 -0.27427426121000000   0.59387269140634993
 -0.27327426121000000   0.59421959539591074
 -0.27227426121000000   0.59457005597843809
 -0.27127426121000000   0.59492580355276640
 -0.27027426121000000   0.59526761485822196
 -0.26927426121000000   0.59561649928947919
 -0.26827426121000000   0.59596599386063181
 -0.26727426121000000   0.59630350186876440
 -0.26627426121000000   0.59665011150825152
 -0.26527426121000000   0.59699362585795576
 -0.26427426121000000   0.59732720772852081
 -0.26327426121000000   0.59767081041672598
 -0.26227426121000000   0.59800891830738687
 -0.26127426121000000   0.59833868309828250
 -0.26027426121000000   0.59867873548230947
 -0.25927426121000000   0.59901213231014354
 -0.25827426121000000   0.59933820298739152
 -0.25727426121000000   0.59967538095944713
 -0.25627426121000000   0.60000201482348932
 -0.25527426121000000   0.60032138665267240
 -0.25427426121000000   0.60065398910763583
 -0.25327426121000000   0.60097962487498236
 -0.25227426121000000   0.60129724287618367
 -0.25127426121000000   0.60162380990092762
 -0.25027426121000000   0.60194599608904774
 -0.24927426121000000   0.60225926724514589
 -0.24827426121000000   0.60257840845732990
 -0.24727426121000000   0.60289439870141247
 -0.24627426121000000   0.60321535103383251
 -0.24527426121000000   0.60352430088462103
 -0.24427426121000000   0.60383421337642841
 -0.24327426121000000   0.60415160297579427
 -0.24227426121000000   0.60445800125079977
 -0.24127426121000000   0.60476197164226522
 -0.24027426121000000   0.60507463275898848
 -0.23927426121000000   0.60537941459778230
 -0.23827426121000000   0.60567808102610113
 -0.23727426121000000   0.60598435068439240
 -0.23627426121000000   0.60628824418457770
 -0.23527426121000000   0.60658270075976972
 -0.23427426121000000   0.60688130071883941
 -0.23327426121000000   0.60718383927919631
 -0.23227426121000000   0.60747563621270996
 -0.23127426121000000   0.60776670029069348
 -0.23027426121000000   0.60806535704457291
 -0.22927426121000000   0.60835641593549054
 -0.22827426121000000   0.60864155724837899
 -0.22727426121000000   0.60893282765691341
 -0.22627426121000000   0.60922412731365377
 -0.22527426121000000   0.60950571391607459
 -0.22427426121000000   0.60978826063997439
 -0.22327426121000000   0.61007723363279979
 -0.22227426121000000   0.61035813527278225
 -0.22127426121000000   0.61063397112364709
 -0.22027426121000000   0.61091541023804077
 -0.21927426121000000   0.61119722438328661
 -0.21827426121000000   0.61146974660959176
 -0.21727426121000000   0.61174200003404273
 -0.21627426121000000   0.61202067779019907
 -0.21527426121000000   0.61229364038699131
 -0.21427426121000000   0.61255998476446152
 -0.21327426121000000   0.61282945135113133
 -0.21227426121000000   0.61310280643410377
 -0.21127426121000000   0.61336779343413850
 -0.21027426121000000   0.61362910257240067
 -0.20927426121000000   0.61389535258202216
 -0.20827426121000000   0.61416205697759615
 -0.20727426121000000   0.61442030493237528
 -0.20627426121000000   0.61467696026296732
 -0.20527426121000000   0.61493904697822322
 -0.20427426121000000   0.61519904844266414
 -0.20327426121000000   0.61545136316103730
 -0.20227426121000000   0.61570325648382068
 -0.20127426121000000   0.61596038044927804
 -0.20027426121000000   0.61621419515032934
 -0.19927426121000000   0.61646099698636035
 -0.19827426121000000   0.61670776219652868
 -0.19727426121000000   0.61695941899241939
 -0.19627426121000000   0.61720767615529371
 -0.19527426121000000   0.61744819617312379
 -0.19427426121000000   0.61769617632765628
 -0.19327426121000000   0.61793716772054476
 -0.19227426121000000   0.61817436713928191
 -0.19127426121000000   0.61841405759254902
 -0.19027426121000000   0.61865662593504657
 -0.18927426121000000   0.61889312882315799
 -0.18827426121000000   0.61912500707101716
 -0.18727426121000000   0.61935807377082779
 -0.18627426121000000   0.61959485184094526
 -0.18527426121000000   0.61982743437565756
 -0.18427426121000000   0.62005432831125046
 -0.18327426121000000   0.62028070205330219
 -0.18227426121000000   0.62051074288433683
 -0.18127426121000000   0.62073967624830839
 -0.18027426121000000   0.62096230364757134
 -0.17927426121000000   0.62118244745831921
 -0.17827426121000000   0.62140473637856826
 -0.17727426121000000   0.62162916890206713
 -0.17627426121000000   0.62184861192142636
 -0.17527426121000000   0.62206346695595000
 -0.17427426121000000   0.62227802071588699
 -0.17327426121000000   0.62249561967003603
 -0.17227426121000000   0.62271232534891230
 -0.17127426121000000   0.62292335240120059
 -0.17027426121000000   0.62313150812027052
 -0.16927426121000000   0.62334056685169511
 -0.16827426121000000   0.62355218937136216
 -0.16727426121000000   0.62376099121726330
 -0.16627426121000000   0.62396466634910136
 -0.16527426121000000   0.62416638209427277
 -0.16427426121000000   0.62436941378647525
 -0.16327426121000000   0.62457433338396895
 -0.16227426121000000   0.62477585730242193
 -0.16127426121000000   0.62497275013762385
 -0.16027426121000000   0.62516793090639367
 -0.15927426121000000   0.62536426167109983
 -0.15827426121000000   0.62556224464272111
 -0.15727426121000000   0.62575717327004546
 -0.15627426121000000   0.62594763402385306
