 -0.33713852261000000   0.55247562929731560
 -0.33413852261000000   0.55548827153551610
 -0.33313852261000000   0.55548971590565549
 -0.33213852261000000   0.55548101755104495
 -0.33113852261000000   0.55546482421013438
 -0.32913852261000000   0.56000563096840659
 -0.32813852261000000   0.56245109767883788
 -0.32713852261000000   0.56244011558997028
 -0.32613852261000000   0.56409381654079818
 -0.32513852261000000   0.56520495219768852
 -0.32413852261000000   0.56797348290678689
 -0.32313852261000000   0.57138045863230394
 -0.32213852261000000   0.57141480722019168
 -0.32113852261000000   0.57136696718899726
 -0.32013852261000000   0.57138512993498623
 -0.31913852261000000   0.57139979578371092
 -0.31813852261000000   0.57140890174512735
 -0.31713852261000000   0.57140509212811060
 -0.31613852261000000   0.57137058912591088
 -0.31513852261000000   0.57138750097750133
 -0.31413852261000000   0.57136164683324179
 -0.31313852261000000   0.57135320034232957
 -0.31213852261000000   0.57142326919396756
 -0.31113852261000000   0.57141275104181376
 -0.31013852261000000   0.57005182215730834
 -0.30913852261000000   0.57580587621891521
 -0.30813852261000000   0.57694917681949465
 -0.30713852261000000   0.57776122701467874
 -0.30613852261000000   0.57863091660902946
 -0.30513852261000000   0.57897331247213487
 -0.30413852261000000   0.58002816588486656
 -0.30313852261000000   0.58080681306129503
 -0.30213852261000000   0.58147639338509681
 -0.30113852261000000   0.58230409694681168
 -0.30013852261000000   0.58330980449332460
 -0.29913852261000000   0.58332161974593704
 -0.29813852261000000   0.58333270964539957
 -0.29713852261000000   0.58426322520560198
 -0.29613852261000000   0.58504780953302032
 -0.29513852261000000   0.58573255186738418
 -0.29413852261000000   0.58630842424816318
 -0.29313852261000000   0.58697191108124944
 -0.29213852261000000   0.58756713693810755
 -0.29113852261000000   0.58823196341412408
 -0.29013852261000000   0.58869877758560700
 -0.28913852261000000   0.58929191403658768
 -0.28813852261000000   0.58994149417477821
 -0.28713852261000000   0.59048605585448594
 -0.28613852261000000   0.59108016536082783
 -0.28513852261000000   0.59174642282430491
 -0.28413852261000000   0.59232851961679034
 -0.28313852261000000   0.59299484585973018
 -0.28213852261000000   0.59373654270700319
 -0.28113852261000000   0.59443824065940453
 -0.28013852261000000   0.59537355892442512
 -0.27913852261000000   0.60007659821214219
 -0.27813852261000000   0.60002634113936310
 -0.27713852261000000   0.59997339465469359
 -0.27613852261000000   0.59997288764093727
 -0.27513852261000000   0.59996087228027234
 -0.27413852261000000   0.60003452441292799
 -0.27313852261000000   0.59997423587331228
 -0.27213852261000000   0.60003583401147370
 -0.27113852261000000   0.59997754650730009
 -0.27013852261000000   0.60000561327501892
 -0.26913852261000000   0.60002549076136169
 -0.26813852261000000   0.60000201028769506
 -0.26713852261000000   0.59999353407237302
 -0.26613852261000000   0.59999176202347181
 -0.26513852261000000   0.59999739675425021
 -0.26413852261000000   0.60000202735494482
 -0.26313852261000000   0.60000374542434166
 -0.26213852261000000   0.60000373931130001
 -0.26113852261000000   0.60000372840546360
 -0.26013852261000000   0.60000540305001713
 -0.25913852261000000   0.60000994552054829
 -0.25813852261000000   0.60001568803972557
 -0.25713852261000000   0.60000838488170575
 -0.25613852261000000   0.59999158443167760
 -0.25513852261000000   0.59998492988704964
 -0.25413852261000000   0.60001358646273202
 -0.25313852261000000   0.60002719155277786
 -0.25213852261000000   0.59997750096240333
 -0.25113852261000000   0.60001291447102184
 -0.25013852261000000   0.59999238315727958
 -0.24913852261000000   0.60001663267040698
 -0.24813852261000000   0.59997013527695969
 -0.24713852261000000   0.60005045492432783
 -0.24613852261000000   0.60005117479799361
 -0.24513852261000000   0.60006633447310113
 -0.24413852261000000   0.60005572855177156
 -0.24313852261000000   0.60338187581733367
 -0.24213852261000000   0.60445361402197911
 -0.24113852261000000   0.60515212902194682
 -0.24013852261000000   0.60571594824442929
 -0.23913852261000000   0.60617147573817268
 -0.23813852261000000   0.60659790326426863
 -0.23713852261000000   0.60704313382884155
 -0.23613852261000000   0.60740964262931071
 -0.23513852261000000   0.60783861474061992
 -0.23413852261000000   0.60817350414320020
 -0.23313852261000000   0.60851592909063503
 -0.23213852261000000   0.60888802116347425
 -0.23113852261000000   0.60920410692951841
 -0.23013852261000000   0.60955168221848423
 -0.22913852261000000   0.60987879332711643
 -0.22813852261000000   0.61017651576907122
 -0.22713852261000000   0.61047854582800824
 -0.22613852261000000   0.61081505150184678
 -0.22513852261000000   0.61110089531228592
 -0.22413852261000000   0.61136531859023675
 -0.22313852261000000   0.61169343529909069
 -0.22213852261000000   0.61197376404397322
 -0.22113852261000000   0.61224304948650927
 -0.22013852261000000   0.61250640023774537
 -0.21913852261000000   0.61282276397421374
 -0.21813852261000000   0.61307020994088844
 -0.21713852261000000   0.61331453170427202
 -0.21613852261000000   0.61361503819863536
 -0.21513852261000000   0.61387948758276946
 -0.21413852261000000   0.61411565837623269
 -0.21313852261000000   0.61434825450659552
 -0.21213852261000000   0.61463476236384301
 -0.21113852261000000   0.61488146150165581
 -0.21013852261000000   0.61511738133927689
 -0.20913852261000000   0.61537034415401370
 -0.20813852261000000   0.61558071210139521
 -0.20713852261000000   0.61582741485354393
 -0.20613852261000000   0.61604952529383674
 -0.20513852261000000   0.61626682733292590
 -0.20413852261000000   0.61649017173984033
 -0.20313852261000000   0.61675168255155040
 -0.20213852261000000   0.61695395152963689
 -0.20113852261000000   0.61716696042098563
 -0.20013852261000000   0.61736519691965305
 -0.19913852261000000   0.61761511153904888
 -0.19813852261000000   0.61782355639950704
 -0.19713852261000000   0.61801851162174352
 -0.19613852261000000   0.61821085388352391
 -0.19513852261000000   0.61840708738059600
 -0.19413852261000000   0.61863863015272590
 -0.19313852261000000   0.61884301871565814
 -0.19213852261000000   0.61902298663019325
 -0.19113852261000000   0.61921087302030908
 -0.19013852261000000   0.61938731653408216
 -0.18913852261000000   0.61960579498648235
 -0.18813852261000000   0.61979891717777225
 -0.18713852261000000   0.61996707660127993
 -0.18613852261000000   0.62014660108276305
 -0.18513852261000000   0.62031027628760483
 -0.18413852261000000   0.62050127238679848
 -0.18313852261000000   0.62069934891184943
 -0.18213852261000000   0.62085873090287038
 -0.18113852261000000   0.62102458004951164
 -0.18013852261000000   0.62118453697782548
 -0.17913852261000000   0.62134147825604472
 -0.17813852261000000   0.62151003990385111
 -0.17713852261000000   0.62170207264843097
 -0.17613852261000000   0.62185939132758699
 -0.17513852261000000   0.62200442564876642
 -0.17413852261000000   0.62216051143137389
 -0.17313852261000000   0.62230210761623381
 -0.17213852261000000   0.62245045172700646
 -0.17113852261000000   0.62262645116957526
 -0.17013852261000000   0.62277996637264986
 -0.16913852261000000   0.62291352224707565
 -0.16813852261000000   0.62305499764215294
 -0.16713852261000000   0.62319491069124531
 -0.16613852261000000   0.62332373213967744
 -0.16513852261000000   0.62346538514327459
 -0.16413852261000000   0.62362679832776382
 -0.16313852261000000   0.62376343820229932
 -0.16213852261000000   0.62388636360861276
