 -0.30901957701000000   0.57137621823768971
 -0.30801957701000000   0.57135645820791345
 -0.30701957701000000   0.57136825846282060
 -0.30601957701000000   0.57136321630892779
 -0.30501957701000000   0.57136903296344384
 -0.30401957701000000   0.57136247354788046
 -0.30301957701000000   0.57138164774409769
 -0.29401957701000000   0.58284295780953078
 -0.29201957701000000   0.58331493869139584
 -0.29101957701000000   0.58329900223641312
 -0.29001957701000000   0.58329538484572381
 -0.28901957701000000   0.58330809798677074
 -0.28801957701000000   0.58241725818540903
 -0.28701957701000000   0.57791945711557884
 -0.28601957701000000   0.58697633098147368
 -0.28501957701000000   0.58822316869371786
 -0.28401957701000000   0.58823519037947311
 -0.28301957701000000   0.58823346603996176
 -0.28201957701000000   0.59012611666569677
 -0.28101957701000000   0.59094097372646567
 -0.28001957701000000   0.59218532412219752
 -0.27901957701000000   0.59479637849211065
 -0.27801957701000000   0.59310623049196048
 -0.27701957701000000   0.59991438069003597
 -0.27601957701000000   0.60004299411662780
 -0.27501957701000000   0.60004951694685412
 -0.27401957701000000   0.60004963994603478
 -0.27301957701000000   0.59999385595116046
 -0.27201957701000000   0.59996640620916221
 -0.27101957701000000   0.60003428885139873
 -0.27001957701000000   0.59998754735346065
 -0.26901957701000000   0.60000992542918839
 -0.26801957701000000   0.59998968715297510
 -0.26701957701000000   0.60002383652160271
 -0.26601957701000000   0.59998398632227574
 -0.26501957701000000   0.59999405485476523
 -0.26401957701000000   0.60002237438294634
 -0.26301957701000000   0.60000168336843588
 -0.26201957701000000   0.59998581760394982
 -0.26101957701000000   0.59999367796143955
 -0.26001957701000000   0.59999692418890157
 -0.25901957701000000   0.60000555234982486
 -0.25801957701000000   0.60000834179603190
 -0.25701957701000000   0.60000710054349199
 -0.25601957701000000   0.60000476113911333
 -0.25501957701000000   0.60000275628975557
 -0.25401957701000000   0.60000120726734156
 -0.25301957701000000   0.59999931550957350
 -0.25201957701000000   0.59999764831053742
 -0.25101957701000000   0.59999686008512673
 -0.25001957701000000   0.59999826866684008
 -0.24901957701000000   0.60000323978097148
 -0.24801957701000000   0.60001077552632079
 -0.24701957701000000   0.60001441733443620
 -0.24601957701000000   0.60000605180390805
 -0.24501957701000000   0.59998917339197028
 -0.24401957701000000   0.59998475399729188
 -0.24301957701000000   0.60000894999931688
 -0.24201957701000000   0.60002346300227736
 -0.24101957701000000   0.59998934747291429
 -0.24001957701000000   0.59998233979296298
 -0.23901957701000000   0.60003123092402795
 -0.23801957701000000   0.59998904055480299
 -0.23701957701000000   0.59999077784540048
 -0.23601957701000000   0.60002090196675057
 -0.23501957701000000   0.59997990608745832
 -0.23401957701000000   0.60004265009519319
 -0.23301957701000000   0.59996110652971148
 -0.23201957701000000   0.60004151129532222
 -0.23101957701000000   0.60005287261756047
 -0.23001957701000000   0.59995742543260111
 -0.22901957701000000   0.59995162041365173
 -0.22801957701000000   0.60001393739556333
 -0.22701957701000000   0.59994434219578403
 -0.22601957701000000   0.59997292969365019
 -0.22501957701000000   0.59501046075192579
 -0.22401957701000000   0.60527275677534796
 -0.22301957701000000   0.60614577999994388
 -0.22201957701000000   0.60679697121831940
 -0.22101957701000000   0.60727613125347606
 -0.22001957701000000   0.60776971953460100
 -0.21901957701000000   0.60816453480641307
 -0.21801957701000000   0.60856815542096077
 -0.21701957701000000   0.60890746100318716
 -0.21601957701000000   0.60923312353703575
 -0.21501957701000000   0.60961233236091306
 -0.21401957701000000   0.60990063231513444
 -0.21301957701000000   0.61020290220704577
 -0.21201957701000000   0.61047704532598379
 -0.21101957701000000   0.61081515842477075
 -0.21001957701000000   0.61112028081922703
 -0.20901957701000000   0.61130494763892394
 -0.20801957701000000   0.61159718634132401
 -0.20701957701000000   0.61187028021265169
 -0.20601957701000000   0.61210404040101144
 -0.20501957701000000   0.61232703003993768
 -0.20401957701000000   0.61258627279672875
 -0.20301957701000000   0.61284752709106256
 -0.20201957701000000   0.61305557945126436
 -0.20101957701000000   0.61326399492049936
 -0.20001957701000000   0.61348393387352843
 -0.19901957701000000   0.61374267526843549
 -0.19801957701000000   0.61393154821290530
 -0.19701957701000000   0.61414279993059700
 -0.19601957701000000   0.61432676161066366
 -0.19501957701000000   0.61454134689942271
 -0.19401957701000000   0.61477278547752663
 -0.19301957701000000   0.61494764313746581
 -0.19201957701000000   0.61515282317787116
 -0.19101957701000000   0.61536178262558173
 -0.19001957701000000   0.61535093086446215
 -0.18901957701000000   0.61567600585210263
 -0.18801957701000000   0.61584757603707289
 -0.18701957701000000   0.61601879203234561
 -0.18601957701000000   0.61619412164882842
 -0.18501957701000000   0.61634246596390465
 -0.18401957701000000   0.61651439281733973
 -0.18301957701000000   0.61671363494678689
 -0.18201957701000000   0.61686252484985686
 -0.18101957701000000   0.61700724714491074
 -0.18001957701000000   0.61716529348497467
 -0.17901957701000000   0.61729737634531245
 -0.17801957701000000   0.61744531332092724
 -0.17701957701000000   0.61762920149537910
 -0.17601957701000000   0.61777037471403392
 -0.17501957701000000   0.61789283008031557
 -0.17401957701000000   0.61803398154761927
 -0.17301957701000000   0.61817222430939255
 -0.17201957701000000   0.61829360383499698
 -0.17101957701000000   0.61841420116578870
 -0.17001957701000000   0.61855479226877020
 -0.16901957701000000   0.61870813369794895
 -0.16801957701000000   0.61882670453544035
 -0.16701957701000000   0.61893235084127017
 -0.16601957701000000   0.61905128838575890
 -0.16501957701000000   0.61917321467715458
 -0.16401957701000000   0.61927435611433094
 -0.16301957701000000   0.61937818692302413
 -0.16201957701000000   0.61949328142932777
 -0.16101957701000000   0.61962771184068712
 -0.16001957701000000   0.61973578563896597
 -0.15901957701000000   0.61983103345327713
 -0.15801957701000000   0.61993144692995069
 -0.15701957701000000   0.62001820888059057
 -0.15601957701000000   0.62011806107677985
 -0.15501957701000000   0.62021913147724876
 -0.15401957701000000   0.62030524645512737
