 -0.29885257272000000   0.57127856636982378
 -0.26785257272000000   0.59990415234181949
 -0.26585257272000000   0.59995201103826901
 -0.26485257272000000   0.59999442123425352
 -0.26385257272000000   0.60004244466403934
 -0.26285257272000000   0.59999368955693616
 -0.26185257272000000   0.60003061454372412
 -0.26085257272000000   0.59999744644260124
 -0.25985257272000000   0.59997652898500999
 -0.25885257272000000   0.59997183285908464
 -0.25785257272000000   0.60002563045030665
 -0.25685257272000000   0.59997920264000811
 -0.25585257272000000   0.59997635002391346
 -0.25485257272000000   0.60000114511448198
 -0.25385257272000000   0.60001625217612269
 -0.25285257272000000   0.59998114435867922
 -0.25185257272000000   0.59999865605142824
 -0.25085257272000000   0.60001188472471935
 -0.24985257272000000   0.60000625827691385
 -0.24885257272000000   0.59999445907212915
 -0.24785257272000000   0.59998884768201244
 -0.24685257272000000   0.59998926446206469
 -0.24585257272000000   0.59999230804217664
 -0.24485257272000000   0.59999533896275612
 -0.24385257272000000   0.60000077605374646
 -0.24285257272000000   0.59999991862318884
 -0.24185257272000000   0.59999866929157275
 -0.24085257272000000   0.59999733677066275
 -0.23985257272000000   0.59999602572138999
 -0.23885257272000000   0.59999531244816965
 -0.23785257272000000   0.59999383712036695
 -0.23685257272000000   0.59999222145283069
 -0.23585257272000000   0.59999111752112489
 -0.23485257272000000   0.59999165279884794
 -0.23385257272000000   0.59999508039504245
 -0.23285257272000000   0.60000172895350048
 -0.23185257272000000   0.60000861240321797
 -0.23085257272000000   0.60000944046632443
 -0.22985257272000000   0.60000061278903117
 -0.22885257272000000   0.59998725924629565
 -0.22785257272000000   0.59998158239878113
 -0.22685257272000000   0.59999347586526570
 -0.22585257272000000   0.60001581605866183
 -0.22485257272000000   0.60001131977265847
 -0.22385257272000000   0.60000293724474663
 -0.22285257272000000   0.59997671617467476
 -0.22185257272000000   0.59999042667975435
 -0.22085257272000000   0.60002511966780541
 -0.21985257272000000   0.59998308861234039
 -0.21885257272000000   0.60000896186909855
 -0.21785257272000000   0.60001597256752432
 -0.21685257272000000   0.60001673825101945
 -0.21585257272000000   0.60001974095448100
 -0.21485257272000000   0.60002923122096702
 -0.21385257272000000   0.59998111810130289
 -0.21285257272000000   0.60001476839061817
 -0.21185257272000000   0.59996898047969963
 -0.21085257272000000   0.60001403381989152
 -0.20985257272000000   0.59996194652024802
 -0.20885257272000000   0.59997041983396606
 -0.20685257272000000   0.59996743345175252
 -0.20385257272000000   0.59989026101185191
 -0.20085257272000000   0.59809918398938955
 -0.19885257272000000   0.59994652440664403
 -0.19685257272000000   0.60438128185391201
 -0.19585257272000000   0.60599058054296124
 -0.19485257272000000   0.60673767192516517
 -0.19385257272000000   0.60722200816893447
 -0.19285257272000000   0.60764930085489143
 -0.19185257272000000   0.60799201627219295
 -0.19085257272000000   0.60831247133008511
 -0.18985257272000000   0.60864870252087122
 -0.18885257272000000   0.60891074704734191
 -0.18785257272000000   0.60918341746936321
 -0.18685257272000000   0.60939180366950586
 -0.18585257272000000   0.60967727336701948
 -0.18485257272000000   0.60986727375037588
 -0.18385257272000000   0.61008422264765138
 -0.18285257272000000   0.61026544065122230
 -0.18185257272000000   0.61045876378367229
 -0.18085257272000000   0.61069028708165088
 -0.17985257272000000   0.61084531067504303
 -0.17885257272000000   0.61100517883804691
 -0.17785257272000000   0.61120365350413103
 -0.17685257272000000   0.61135161392039966
 -0.17585257272000000   0.61151840204435353
 -0.17485257272000000   0.61169877864178017
 -0.17385257272000000   0.61183362988934712
 -0.17285257272000000   0.61196332436901698
 -0.17185257272000000   0.61211322623854492
 -0.17085257272000000   0.61222558816317718
 -0.16985257272000000   0.61234851667411149
 -0.16885257272000000   0.61249810907433049
 -0.16785257272000000   0.61264475782307314
 -0.16685257272000000   0.61275963678482221
 -0.16585257272000000   0.61286410870033630
 -0.16485257272000000   0.61296493929341664
 -0.16385257272000000   0.61308539547488404
 -0.16285257272000000   0.61319380458577109
 -0.16185257272000000   0.61327851158424752
 -0.16085257272000000   0.61337220695385081
 -0.15985257272000000   0.61347759568161230
 -0.15885257272000000   0.61360529095152257
 -0.15785257272000000   0.61369604255927535
 -0.15685257272000000   0.61377880839112859
 -0.15585257272000000   0.61386312249501021
 -0.15485257272000000   0.61392997243572707
 -0.15385257272000000   0.61401030734856399
 -0.15285257272000000   0.61409831362190355
 -0.15185257272000000   0.61417511259682767
 -0.15085257272000000   0.61425657809376377
 -0.14985257272000000   0.61431805022028602
 -0.14885257272000000   0.61437537866460095
 -0.14785257272000000   0.61443725919687479
 -0.14685257272000000   0.61449364531120220
 -0.14585257272000000   0.61455804058826626
 -0.14485257272000000   0.61463398213898864
 -0.14385257272000000   0.61470688743295395
 -0.14285257272000000   0.61476496796927867
 -0.14185257272000000   0.61481100096025598
 -0.14085257272000000   0.61485593747680266
