 -0.25129798878000000   0.59979888157027655
 -0.24329798878000000   0.59995204650671236
 -0.24229798878000000   0.60001076413944578
 -0.24129798878000000   0.60002573506751039
 -0.24029798878000000   0.60001906685135137
 -0.23929798878000000   0.59999705588822066
 -0.23829798878000000   0.59999954043150426
 -0.23729798878000000   0.60002208179935485
 -0.23629798878000000   0.59997784392484526
 -0.23529798878000000   0.59996648599938000
 -0.23429798878000000   0.59997120211433052
 -0.23329798878000000   0.59997388733672631
 -0.23229798878000000   0.60000064611610814
 -0.23129798878000000   0.60000982655569091
 -0.23029798878000000   0.59998348379467796
 -0.22929798878000000   0.59997153513008139
 -0.22829798878000000   0.59997253571042180
 -0.22729798878000000   0.59998169090981545
 -0.22629798878000000   0.59999568424791539
 -0.22529798878000000   0.60000336114556021
 -0.22429798878000000   0.59999964965002911
 -0.22329798878000000   0.59998985100860329
 -0.22229798878000000   0.59998249460739513
 -0.22129798878000000   0.59997949264699359
 -0.22029798878000000   0.59997996884511117
 -0.21929798878000000   0.59998237913702926
 -0.21829798878000000   0.59998539415192459
 -0.21729798878000000   0.59998810806206929
 -0.21629798878000000   0.59999006655762098
 -0.21529798878000000   0.59999117641386671
 -0.21429798878000000   0.59999155656354180
 -0.21329798878000000   0.59999141048981018
 -0.21229798878000000   0.59999093690984759
 -0.21129798878000000   0.59999028721451308
 -0.21029798878000000   0.59998955888427713
 -0.20929798878000000   0.59998880787164650
 -0.20829798878000000   0.59998806729292195
 -0.20729798878000000   0.59998843179496042
 -0.20629798878000000   0.59998847785468895
 -0.20529798878000000   0.59998877360615112
 -0.20429798878000000   0.59998939557655126
 -0.20329798878000000   0.59999331482385973
 -0.20229798878000000   0.59999417524302249
 -0.20129798878000000   0.59999466669214048
 -0.20029798878000000   0.59999450962431282
 -0.19929798878000000   0.59999345437486452
 -0.19829798878000000   0.59998158026248099
 -0.19729798878000000   0.59998264183747867
 -0.19629798878000000   0.59998517220026296
 -0.19529798878000000   0.59998927158186763
 -0.19429798878000000   0.59999452717564675
 -0.19329798878000000   0.59998899244216224
 -0.19229798878000000   0.59999562680501394
 -0.19129798878000000   0.60000134954039709
 -0.19029798878000000   0.60000307292019720
 -0.18929798878000000   0.59999971035938457
 -0.18829798878000000   0.59999213476926289
 -0.18729798878000000   0.59998315536512443
 -0.18629798878000000   0.59997581095747816
 -0.18529798878000000   0.59997288778706668
 -0.18429798878000000   0.59997711677412143
 -0.18329798878000000   0.59998874376902463
 -0.18229798878000000   0.60000464949612747
 -0.18129798878000000   0.60000956262280766
 -0.18029798878000000   0.60001051435812827
 -0.17929798878000000   0.60000027319689648
 -0.17829798878000000   0.59998085464902691
 -0.17729798878000000   0.59996744348427938
 -0.17629798878000000   0.59999604581877459
 -0.17529798878000000   0.60000668845156257
 -0.17429798878000000   0.59999853946980574
 -0.17329798878000000   0.59999812475134728
 -0.17229798878000000   0.60000017445317866
 -0.17129798878000000   0.60000105112353211
 -0.17029798878000000   0.60000115560472244
 -0.16929798878000000   0.60000159404083493
 -0.16829798878000000   0.60000335358742399
 -0.16729798878000000   0.60000415593140595
 -0.16629798878000000   0.59999647606531996
 -0.16529798878000000   0.60000789589254399
 -0.16429798878000000   0.59997483576598835
 -0.16329798878000000   0.60001899365428434
 -0.16229798878000000   0.60000734359227295
 -0.16129798878000000   0.59998271312083857
 -0.16029798878000000   0.59996126948697139
 -0.15929798878000000   0.59997411246135013
 -0.15829798878000000   0.59998872917583867
 -0.15729798878000000   0.60001743107454146
 -0.15629798878000000   0.59995578724612814
 -0.15229798878000000   0.60002210956669492
 -0.15129798878000000   0.60000410725761845
 -0.14029798878000000   0.59983965855149337
 -0.13129798878000000   0.59822269900076348
