 -0.36153046953000000   0.55754734663870992
 -0.36053046953000000   0.55808585908524816
 -0.35953046953000000   0.55861500527503704
 -0.35853046953000000   0.55913515859093704
 -0.35753046953000000   0.55966929763926043
 -0.35653046953000000   0.56017715593823050
 -0.35553046953000000   0.56069785418830820
 -0.35453046953000000   0.56120660160530402
 -0.35353046953000000   0.56172948035882692
 -0.35253046953000000   0.56222601107329063
 -0.35153046953000000   0.56274328406592653
 -0.35053046953000000   0.56323860871142306
 -0.34953046953000000   0.56375381856887706
 -0.34853046953000000   0.56423682189863019
 -0.34753046953000000   0.56475515437361280
 -0.34653046953000000   0.56522922153030019
 -0.34553046953000000   0.56574399133677831
 -0.34453046953000000   0.56623294764131871
 -0.34353046953000000   0.56671162396236901
 -0.34253046953000000   0.56719667606130669
 -0.34153046953000000   0.56768285793497078
 -0.34053046953000000   0.56816417571031674
 -0.33953046953000000   0.56864464995484880
 -0.33853046953000000   0.56912371813410586
 -0.33753046953000000   0.56959745258679507
 -0.33653046953000000   0.57007562542705124
 -0.33553046953000000   0.57054353510962585
 -0.33453046953000000   0.57102606816167869
 -0.33353046953000000   0.57142459135040177
 -0.33253046953000000   0.57195139948855826
 -0.33153046953000000   0.57239727720632665
 -0.33053046953000000   0.57288342562330886
 -0.32953046953000000   0.57332386513402655
 -0.32853046953000000   0.57380112041748512
 -0.32753046953000000   0.57424164495267103
 -0.32653046953000000   0.57470694385184125
 -0.32553046953000000   0.57515097808347079
 -0.32453046953000000   0.57560153380215038
 -0.32353046953000000   0.57605248736749077
 -0.32253046953000000   0.57648829280212321
 -0.32153046953000000   0.57693230507244588
 -0.32053046953000000   0.57737202823277118
 -0.31953046953000000   0.57783658571173644
 -0.31853046953000000   0.57826094118936290
 -0.31753046953000000   0.57870142137720485
 -0.31653046953000000   0.57913707096067581
 -0.31553046953000000   0.57955932446686567
 -0.31453046953000000   0.58000685158965131
 -0.31353046953000000   0.58041755603542650
 -0.31253046953000000   0.58086856776805320
 -0.31153046953000000   0.58127598471262655
 -0.31053046953000000   0.58171446540649251
 -0.30953046953000000   0.58212805387691359
 -0.30853046953000000   0.58254403919203888
 -0.30753046953000000   0.58297292451331220
 -0.30653046953000000   0.58337274282424649
 -0.30553046953000000   0.58381054901463997
 -0.30453046953000000   0.58422318871991949
 -0.30353046953000000   0.58462126797673919
 -0.30253046953000000   0.58503139629172604
 -0.30153046953000000   0.58544577759283132
 -0.30053046953000000   0.58585802842674361
 -0.29953046953000000   0.58624907498267172
 -0.29853046953000000   0.58665176976967444
 -0.29753046953000000   0.58706001610359186
 -0.29653046953000000   0.58744300925990481
 -0.29553046953000000   0.58786258868915814
 -0.29453046953000000   0.58824286978735728
 -0.29353046953000000   0.58864120519555050
 -0.29253046953000000   0.58903722706147265
 -0.29153046953000000   0.58941266679545757
 -0.29053046953000000   0.58982325409698445
 -0.28953046953000000   0.59019548774152447
 -0.28853046953000000   0.59058357917200834
 -0.28753046953000000   0.59097353665196942
 -0.28653046953000000   0.59133991270204807
 -0.28553046953000000   0.59174084487132302
 -0.28453046953000000   0.59210751720651594
 -0.28353046953000000   0.59248037543383997
 -0.28253046953000000   0.59286955293339022
 -0.28153046953000000   0.59322589997214968
 -0.28053046953000000   0.59361525702966209
 -0.27953046953000000   0.59397852206553522
 -0.27853046953000000   0.59435619186303037
 -0.27753046953000000   0.59470817128137116
 -0.27653046953000000   0.59507993305126486
 -0.27553046953000000   0.59543359573334890
 -0.27453046953000000   0.59581481991391375
 -0.27353046953000000   0.59616759807857749
 -0.27253046953000000   0.59651819308630760
 -0.27153046953000000   0.59689577541104905
 -0.27053046953000000   0.59723923479402324
 -0.26953046953000000   0.59759541251490682
 -0.26853046953000000   0.59796269017299147
 -0.26753046953000000   0.59830467354245047
 -0.26653046953000000   0.59867430054209615
 -0.26553046953000000   0.59903821697606867
 -0.26453046953000000   0.59941647446331657
 -0.26353046953000000   0.59998467940165681
 -0.26253046953000000   0.60000403359974972
 -0.26153046953000000   0.60002352240518050
 -0.26053046953000000   0.60056506046753188
 -0.25953046953000000   0.60095577333130556
 -0.25853046953000000   0.60129544278891665
 -0.25753046953000000   0.60165453793963782
 -0.25653046953000000   0.60198994516311030
 -0.25553046953000000   0.60231183567453440
 -0.25453046953000000   0.60266039164311627
 -0.25353046953000000   0.60298564741357616
 -0.25253046953000000   0.60330126562888962
 -0.25153046953000000   0.60364231521016409
 -0.25053046953000000   0.60396328017538010
 -0.24953046953000000   0.60427297905227391
 -0.24853046953000000   0.60460669812703807
 -0.24753046953000000   0.60492459218642249
 -0.24653046953000000   0.60522911671447671
 -0.24553046953000000   0.60555421422379589
 -0.24453046953000000   0.60587115763585795
 -0.24353046953000000   0.60617082876454030
 -0.24253046953000000   0.60648546472501212
 -0.24153046953000000   0.60680320442534198
 -0.24053046953000000   0.60709846299791174
 -0.23953046953000000   0.60740172610628059
 -0.23853046953000000   0.60771997621361708
 -0.23753046953000000   0.60801215511084779
 -0.23653046953000000   0.60830777250061955
 -0.23553046953000000   0.60860945018268433
 -0.23453046953000000   0.60891767527668345
 -0.23353046953000000   0.60920287274586105
 -0.23253046953000000   0.60949158632469752
 -0.23153046953000000   0.60979975850617500
 -0.23053046953000000   0.61008428179307652
 -0.22953046953000000   0.61036379517796774
 -0.22853046953000000   0.61066242356538104
 -0.22753046953000000   0.61095186524037116
 -0.22653046953000000   0.61122614515603763
 -0.22553046953000000   0.61150807446340187
 -0.22453046953000000   0.61180337643449086
 -0.22353046953000000   0.61207575899856387
 -0.22253046953000000   0.61234539479910801
 -0.22153046953000000   0.61263321688797150
 -0.22053046953000000   0.61291164606969054
 -0.21953046953000000   0.61317575924701028
 -0.21853046953000000   0.61344506124255089
 -0.21753046953000000   0.61372976374744857
 -0.21653046953000000   0.61399383069365133
 -0.21553046953000000   0.61425234274983661
 -0.21453046953000000   0.61452325188947710
 -0.21353046953000000   0.61479721724294142
 -0.21253046953000000   0.61505548988951634
 -0.21153046953000000   0.61532011412878103
 -0.21053046953000000   0.61557131470798410
 -0.20953046953000000   0.61582491537095279
 -0.20853046953000000   0.61609456490101438
 -0.20753046953000000   0.61633725195737003
 -0.20653046953000000   0.61659814441121750
 -0.20553046953000000   0.61685785324642185
 -0.20453046953000000   0.61710115347016918
 -0.20353046953000000   0.61734329318977406
 -0.20253046953000000   0.61759894052263765
 -0.20153046953000000   0.61785161038581323
 -0.20053046953000000   0.61808909801924967
 -0.19953046953000000   0.61832539786255376
 -0.19853046953000000   0.61857401961375574
 -0.19753046953000000   0.61882148607545859
 -0.19653046953000000   0.61905362122943364
 -0.19553046953000000   0.61928376495355774
 -0.19453046953000000   0.61952362424680516
 -0.19353046953000000   0.61976716532953281
 -0.19253046953000000   0.61999477196398542
 -0.19153046953000000   0.62021887511721395
 -0.19053046953000000   0.62044849183909453
 -0.18953046953000000   0.62068765787169777
 -0.18853046953000000   0.62091256990032184
 -0.18753046953000000   0.62113096984429789
 -0.18653046953000000   0.62135045640378923
 -0.18553046953000000   0.62158153022349045
 -0.18453046953000000   0.62180649781876405
 -0.18353046953000000   0.62201985911303284
 -0.18253046953000000   0.62223149661167496
 -0.18153046953000000   0.62244951295737154
 -0.18053046953000000   0.62267405601901295
 -0.17953046953000000   0.62288548589169425
 -0.17853046953000000   0.62309127644964808
 -0.17753046953000000   0.62329709239599228
 -0.17653046953000000   0.62351215001097250
 -0.17553046953000000   0.62372623997229082
 -0.17453046953000000   0.62392809815860811
 -0.17353046953000000   0.62412691195478472
 -0.17253046953000000   0.62432695614936985
 -0.17153046953000000   0.62453609620834741
 -0.17053046953000000   0.62474081711974957
 -0.16953046953000000   0.62493535497761954
 -0.16853046953000000   0.62512658326612858
 -0.16753046953000000   0.62531982209289988
 -0.16653046953000000   0.62552123502682919
 -0.16553046953000000   0.62571864913191225
 -0.16453046953000000   0.62590605809858649
 -0.16353046953000000   0.62609806222432964
 -0.16253046953000000   0.62628701617974306
