 -0.23939375131000000   0.59611375806963635
 -0.23039375131000000   0.59600893252744908
 -0.22639375131000000   0.59560471044604362
 -0.20239375131000000   0.59996672311085069
 -0.20139375131000000   0.59999193092889244
 -0.20039375131000000   0.59999473361179804
 -0.19939375131000000   0.59997768319136520
 -0.19839375131000000   0.59997498996594077
 -0.19739375131000000   0.59997410915019928
 -0.19639375131000000   0.59999205805944883
 -0.19539375131000000   0.59997369359591437
 -0.19439375131000000   0.59997445006953757
 -0.19339375131000000   0.59998536814840883
 -0.19239375131000000   0.59998887952585468
 -0.19139375131000000   0.59998000796991565
 -0.19039375131000000   0.59997467390898016
 -0.18939375131000000   0.59997475568104784
 -0.18839375131000000   0.59997604373210275
 -0.18739375131000000   0.59997884518511272
 -0.18639375131000000   0.59998159283279690
 -0.18539375131000000   0.59998345587921053
 -0.18439375131000000   0.59998421508476559
 -0.18339375131000000   0.59998411510089178
 -0.18239375131000000   0.59998356448852642
 -0.18139375131000000   0.59998289485882265
 -0.18039375131000000   0.59998247779064773
 -0.17939375131000000   0.59998197116384285
 -0.17839375131000000   0.59998146634542124
 -0.17739375131000000   0.59998097688460043
 -0.17639375131000000   0.59998049627530162
 -0.17539375131000000   0.59998008423991480
 -0.17439375131000000   0.59997977945010363
 -0.17339375131000000   0.59997960799883951
 -0.17239375131000000   0.59997964370331029
 -0.17139375131000000   0.59997997324172398
 -0.17039375131000000   0.59998067725103778
 -0.16939375131000000   0.59998179006296079
 -0.16839375131000000   0.59998323388982132
 -0.16739375131000000   0.59998474338061156
 -0.16639375131000000   0.59998584405205775
 -0.16539375131000000   0.59998598346647548
 -0.16439375131000000   0.59998481764406527
 -0.16339375131000000   0.59998244856691466
 -0.16239375131000000   0.59997939320902746
 -0.16139375131000000   0.59997634750158416
 -0.16039375131000000   0.59997404474342857
 -0.15939375131000000   0.59997337532050915
 -0.15839375131000000   0.59997545220587120
 -0.15739375131000000   0.59998665073225913
 -0.15639375131000000   0.59998967992720191
 -0.15539375131000000   0.59998699639649426
 -0.15439375131000000   0.59998095494087463
 -0.15339375131000000   0.59997502680085717
 -0.15239375131000000   0.59997114274078025
 -0.15139375131000000   0.59997155781278789
 -0.15039375131000000   0.59997306044436581
 -0.14939375131000000   0.59998351591719862
 -0.14839375131000000   0.59999226246411944
 -0.14739375131000000   0.59998686495430561
 -0.14639375131000000   0.59997694714636344
 -0.14539375131000000   0.59997017611863041
 -0.14439375131000000   0.59996988181086562
 -0.14339375131000000   0.59998388173530097
 -0.14239375131000000   0.59999341045811834
 -0.14139375131000000   0.59998102207925014
 -0.14039375131000000   0.59997048160054192
 -0.13939375131000000   0.59996774600759441
 -0.13839375131000000   0.59998538404861798
 -0.13739375131000000   0.59999115592555971
 -0.13639375131000000   0.59997475859204439
 -0.13539375131000000   0.59996687058858775
 -0.13439375131000000   0.59998096159034833
 -0.13339375131000000   0.59998652967939640
 -0.13239375131000000   0.59997080715675475
 -0.13139375131000000   0.59996839396509176
 -0.13039375131000000   0.59999385358296102
 -0.12939375131000000   0.59997181625997129
 -0.12839375131000000   0.59996579650212975
 -0.12739375131000000   0.59999412569964307
 -0.12639375131000000   0.59996685246718102
 -0.12539375131000000   0.59999416935045739
 -0.12439375131000000   0.59996999143208332
 -0.12339375131000000   0.59999678836442442
 -0.12239375131000000   0.59999136292709743
 -0.09539375131000000   0.58343991551852603
 -0.07839375131000000   0.59632811014747932
