 -0.36160337541000000   0.55748227497166163
 -0.36060337541000000   0.55802933748526780
 -0.35960337541000000   0.55854984431643276
 -0.35860337541000000   0.55908100108780302
 -0.35760337541000000   0.55960877200450023
 -0.35660337541000000   0.56012548647449304
 -0.35560337541000000   0.56063869302204983
 -0.35460337541000000   0.56115736301547488
 -0.35360337541000000   0.56167410200454094
 -0.35260337541000000   0.56217956997978412
 -0.35160337541000000   0.56268992502163775
 -0.35060337541000000   0.56319401836400859
 -0.34960337541000000   0.56370404964885927
 -0.34860337541000000   0.56419746596573647
 -0.34760337541000000   0.56471083526170957
 -0.34660337541000000   0.56518971027609095
 -0.34560337541000000   0.56570217170630959
 -0.34460337541000000   0.56618959453375122
 -0.34360337541000000   0.56666739171105487
 -0.34260337541000000   0.56715964302646139
 -0.34160337541000000   0.56764075638064860
 -0.34060337541000000   0.56812892134957904
 -0.33960337541000000   0.56860464114553352
 -0.33860337541000000   0.56909020205933567
 -0.33760337541000000   0.56955960751068094
 -0.33660337541000000   0.57004412794446180
 -0.33560337541000000   0.57050798395375912
 -0.33460337541000000   0.57099505912272632
 -0.33360337541000000   0.57141778903838321
 -0.33260337541000000   0.57192164976177257
 -0.33160337541000000   0.57236900956175397
 -0.33060337541000000   0.57285457458604901
 -0.32960337541000000   0.57329737529670037
 -0.32860337541000000   0.57377247265186327
 -0.32760337541000000   0.57421628886446229
 -0.32660337541000000   0.57467856631590480
 -0.32560337541000000   0.57512675522940963
 -0.32460337541000000   0.57557426106630501
 -0.32360337541000000   0.57602963551667346
 -0.32260337541000000   0.57646339431400333
 -0.32160337541000000   0.57690817759978623
 -0.32060337541000000   0.57736961738145433
 -0.31960337541000000   0.57781569797805632
 -0.31860337541000000   0.57824103995871389
 -0.31760337541000000   0.57867905143674049
 -0.31660337541000000   0.57911830209175196
 -0.31560337541000000   0.57953904534815614
 -0.31460337541000000   0.57998936785577894
 -0.31360337541000000   0.58039992180033621
 -0.31260337541000000   0.58085146812942479
 -0.31160337541000000   0.58125993363918584
 -0.31060337541000000   0.58169690537448510
 -0.30960337541000000   0.58211286099819245
 -0.30860337541000000   0.58252728729999272
 -0.30760337541000000   0.58295885092801636
 -0.30660337541000000   0.58335836989095074
 -0.30560337541000000   0.58379699777979280
 -0.30460337541000000   0.58419317216099478
 -0.30360337541000000   0.58460887872109048
 -0.30260337541000000   0.58501767275645729
 -0.30160337541000000   0.58543433571643613
 -0.30060337541000000   0.58584616045391468
 -0.29960337541000000   0.58623838640682999
 -0.29860337541000000   0.58663999089403557
 -0.29760337541000000   0.58705021594093144
 -0.29660337541000000   0.58743309268770645
 -0.29560337541000000   0.58785317410657283
 -0.29460337541000000   0.58823416347461023
 -0.29360337541000000   0.58863166706443776
 -0.29260337541000000   0.58902930941118920
 -0.29160337541000000   0.58940463657144979
 -0.29060337541000000   0.58981578576361350
 -0.28960337541000000   0.59018859479907915
 -0.28860337541000000   0.59057610177418715
 -0.28760337541000000   0.59096739150877187
 -0.28660337541000000   0.59133380335402730
 -0.28560337541000000   0.59173502963597212
 -0.28460337541000000   0.59210231404670484
 -0.28360337541000000   0.59247485376739186
 -0.28260337541000000   0.59286506052976938
 -0.28160337541000000   0.59322154432335942
 -0.28060337541000000   0.59361102880392614
 -0.27960337541000000   0.59397492154056333
 -0.27860337541000000   0.59433340487344488
 -0.27760337541000000   0.59470514888706592
 -0.27660337541000000   0.59508149473943503
 -0.27560337541000000   0.59543106753931122
 -0.27460337541000000   0.59581266750549925
 -0.27360337541000000   0.59616585366754215
 -0.27260337541000000   0.59651655793535769
 -0.27160337541000000   0.59689474106899595
 -0.27060337541000000   0.59723846123711116
 -0.26960337541000000   0.59759494475755968
 -0.26860337541000000   0.59796280727980297
 -0.26760337541000000   0.59830521690139986
 -0.26660337541000000   0.59867585137327846
 -0.26560337541000000   0.59904086058672088
 -0.26460337541000000   0.59942369552957650
 -0.26360337541000000   0.59997679094141106
 -0.26260337541000000   0.60000405764547695
 -0.26160337541000000   0.60003138888765063
 -0.26060337541000000   0.60055728709051639
 -0.25960337541000000   0.60095318592196335
 -0.25860337541000000   0.60129400750129354
 -0.25760337541000000   0.60165389287273682
 -0.25660337541000000   0.60198977370941207
 -0.25560337541000000   0.60231191547035016
 -0.25460337541000000   0.60266100027454461
 -0.25360337541000000   0.60298643723121614
 -0.25260337541000000   0.60330222567201809
 -0.25160337541000000   0.60364375188766858
 -0.25060337541000000   0.60396476272501711
 -0.24960337541000000   0.60427458475540090
 -0.24860337541000000   0.60460879568112720
 -0.24760337541000000   0.60492664211615063
 -0.24660337541000000   0.60523125970476038
 -0.24560337541000000   0.60555687022194313
 -0.24460337541000000   0.60587370527339028
 -0.24360337541000000   0.60617344293065827
 -0.24260337541000000   0.60648857002717919
 -0.24160337541000000   0.60680622475332576
 -0.24060337541000000   0.60710150236414416
 -0.23960337541000000   0.60740515434964480
 -0.23860337541000000   0.60772348118390763
 -0.23760337541000000   0.60802219804523261
 -0.23660337541000000   0.60831127551781838
 -0.23560337541000000   0.60861346381893660
 -0.23460337541000000   0.60892155990246075
 -0.23360337541000000   0.60920670471201540
 -0.23260337541000000   0.60949572791543691
 -0.23160337541000000   0.60980411557697501
 -0.23060337541000000   0.61008840984905827
 -0.22960337541000000   0.61036801769566118
 -0.22860337541000000   0.61066719313597583
 -0.22760337541000000   0.61095628141093401
 -0.22660337541000000   0.61123055077689370
 -0.22560337541000000   0.61151292089917284
 -0.22460337541000000   0.61180821276510725
 -0.22360337541000000   0.61208039013493333
 -0.22260337541000000   0.61235013450035504
 -0.22160337541000000   0.61263847566387695
 -0.22060337541000000   0.61291650516272693
 -0.21960337541000000   0.61318058141288699
 -0.21860337541000000   0.61345025231609826
 -0.21760337541000000   0.61373505623196697
 -0.21660337541000000   0.61399881578781069
 -0.21560337541000000   0.61425734377017733
 -0.21460337541000000   0.61452878998672119
 -0.21360337541000000   0.61480247335116654
 -0.21260337541000000   0.61505733285085622
 -0.21160337541000000   0.61532531374370572
 -0.21060337541000000   0.61557644430908852
 -0.20960337541000000   0.61583028797518153
 -0.20860337541000000   0.61610021069761065
 -0.20760337541000000   0.61635443298754742
 -0.20660337541000000   0.61660386500044103
 -0.20560337541000000   0.61686322157902313
 -0.20460337541000000   0.61710636616423164
 -0.20360337541000000   0.61734856509279630
 -0.20260337541000000   0.61760467028274880
 -0.20160337541000000   0.61785696688968126
 -0.20060337541000000   0.61809430165921168
 -0.19960337541000000   0.61833063961671207
 -0.19860337541000000   0.61857969830062558
 -0.19760337541000000   0.61882682822143732
 -0.19660337541000000   0.61905877743862987
 -0.19560337541000000   0.61928890985518882
 -0.19460337541000000   0.61952917371624826
 -0.19360337541000000   0.61977249693249507
 -0.19260337541000000   0.61999984333033464
 -0.19160337541000000   0.62022388844491559
 -0.19060337541000000   0.62045379857107238
 -0.18960337541000000   0.62069297947870567
 -0.18860337541000000   0.62091753134978455
 -0.18760337541000000   0.62113584472847225
 -0.18660337541000000   0.62135542772220981
 -0.18560337541000000   0.62158676857919103
 -0.18460337541000000   0.62181137608727832
 -0.18360337541000000   0.62202457279319972
 -0.18260337541000000   0.62223615043131031
 -0.18160337541000000   0.62245442661823044
 -0.18060337541000000   0.62267890666061040
 -0.17960337541000000   0.62289001186158128
 -0.17860337541000000   0.62309570122711818
 -0.17760337541000000   0.62330152277164220
 -0.17660337541000000   0.62351682015410431
 -0.17560337541000000   0.62373066404733992
 -0.17460337541000000   0.62393228687486439
 -0.17360337541000000   0.62413100067288297
 -0.17260337541000000   0.62433108784587573
 -0.17160337541000000   0.62454039062130229
 -0.17060337541000000   0.62474483718219880
 -0.16960337541000000   0.62493920083622280
 -0.16860337541000000   0.62513028253640448
 -0.16760337541000000   0.62532353809589959
 -0.16660337541000000   0.62552507511167023
 -0.16560337541000000   0.62572224116174815
 -0.16460337541000000   0.62590944524170106
 -0.16360337541000000   0.62610158843618058
 -0.16260337541000000   0.62629026766661619
