 -0.36419183774000000   0.55415833409894050
 -0.36319183774000000   0.55480496447998533
 -0.36219183774000000   0.55557037544557827
 -0.36119183774000000   0.55597732100085729
 -0.36019183774000000   0.55657930469235641
 -0.35919183774000000   0.55719070683739130
 -0.35819183774000000   0.55780711711626250
 -0.35719183774000000   0.55836382092680378
 -0.35619183774000000   0.55897076361092997
 -0.35519183774000000   0.55952599531917826
 -0.35419183774000000   0.56012064826981157
 -0.35319183774000000   0.56069032611856008
 -0.35219183774000000   0.56125743897531871
 -0.35119183774000000   0.56184572228465251
 -0.35019183774000000   0.56236522084116303
 -0.34919183774000000   0.56294741945695381
 -0.34819183774000000   0.56347348843057525
 -0.34719183774000000   0.56404755670660753
 -0.34619183774000000   0.56456906394684317
 -0.34519183774000000   0.56512848169199760
 -0.34419183774000000   0.56567334570721116
 -0.34319183774000000   0.56619982972922837
 -0.34219183774000000   0.56675507932539030
 -0.34119183774000000   0.56725326400615474
 -0.34019183774000000   0.56780693345175443
 -0.33919183774000000   0.56830801820414491
 -0.33819183774000000   0.56885654979667116
 -0.33719183774000000   0.56934379427493307
 -0.33619183774000000   0.56989220842537411
 -0.33519183774000000   0.57038186200112854
 -0.33419183774000000   0.57097144840817475
 -0.33319183774000000   0.57141233925932765
 -0.33219183774000000   0.57135929248042585
 -0.33119183774000000   0.57230267389881311
 -0.33019183774000000   0.57284371464393844
 -0.32919183774000000   0.57331450981739923
 -0.32819183774000000   0.57383946887919547
 -0.32719183774000000   0.57429971507802902
 -0.32619183774000000   0.57481684020879540
 -0.32519183774000000   0.57526996236617824
 -0.32419183774000000   0.57578075989772409
 -0.32319183774000000   0.57623714177449969
 -0.32219183774000000   0.57672334810128473
 -0.32119183774000000   0.57718497340047403
 -0.32019183774000000   0.57766132012264954
 -0.31919183774000000   0.57812270534351462
 -0.31819183774000000   0.57857862837877480
 -0.31719183774000000   0.57905308178389375
 -0.31619183774000000   0.57949428495966023
 -0.31519183774000000   0.57997329265892019
 -0.31419183774000000   0.58040319438186953
 -0.31319183774000000   0.58089106218674211
 -0.31219183774000000   0.58131398754324660
 -0.31119183774000000   0.58178759563905114
 -0.31019183774000000   0.58221216001911574
 -0.30919183774000000   0.58266776762208653
 -0.30819183774000000   0.58310005678649639
 -0.30719183774000000   0.58352290208418188
 -0.30619183774000000   0.58398471103182687
 -0.30519183774000000   0.58439261411686509
 -0.30419183774000000   0.58485735009096035
 -0.30319183774000000   0.58526168574768550
 -0.30219183774000000   0.58570182600560578
 -0.30119183774000000   0.58612462306860280
 -0.30019183774000000   0.58653330839402664
 -0.29919183774000000   0.58697619219745863
 -0.29819183774000000   0.58737047346382428
 -0.29719183774000000   0.58781938633314796
 -0.29619183774000000   0.58821111445978303
 -0.29519183774000000   0.58863835953733988
 -0.29419183774000000   0.58904868953046390
 -0.29319183774000000   0.58943398755674222
 -0.29219183774000000   0.58987252220124304
 -0.29119183774000000   0.59025558152656255
 -0.29019183774000000   0.59066676606722948
 -0.28919183774000000   0.59106769871718659
 -0.28819183774000000   0.59144746496366988
 -0.28719183774000000   0.59187586235516013
 -0.28619183774000000   0.59224959789327600
 -0.28519183774000000   0.59265174288287062
 -0.28419183774000000   0.59304399218667290
 -0.28319183774000000   0.59341486827509710
 -0.28219183774000000   0.59383336677734439
 -0.28119183774000000   0.59419880722709477
 -0.28019183774000000   0.59459358476634466
 -0.27919183774000000   0.59497717552725566
 -0.27819183774000000   0.59534233301893742
 -0.27719183774000000   0.59574411544671978
 -0.27619183774000000   0.59612385750367558
 -0.27519183774000000   0.59648629033219668
 -0.27419183774000000   0.59689761907587598
 -0.27319183774000000   0.59726091316903865
 -0.27219183774000000   0.59765232197749495
 -0.27119183774000000   0.59805267575434817
 -0.27019183774000000   0.59844867008234706
 -0.26919183774000000   0.59894109009439688
 -0.26819183774000000   0.59995762811395163
 -0.26719183774000000   0.60004200823133444
 -0.26619183774000000   0.60000792423703261
 -0.26519183774000000   0.60000486792507240
 -0.26419183774000000   0.60000186226390207
 -0.26319183774000000   0.59996805180108475
 -0.26219183774000000   0.60005699706120429
 -0.26119183774000000   0.60104912784586483
 -0.26019183774000000   0.60148295789081993
 -0.25919183774000000   0.60189408543856303
 -0.25819183774000000   0.60224658975237527
 -0.25719183774000000   0.60262732975328385
 -0.25619183774000000   0.60297263378577621
 -0.25519183774000000   0.60330079820692035
 -0.25419183774000000   0.60366815671030761
 -0.25319183774000000   0.60399577663157388
 -0.25219183774000000   0.60431511791510666
 -0.25119183774000000   0.60467273859049588
 -0.25019183774000000   0.60499971499091777
 -0.24919183774000000   0.60530995041082516
 -0.24819183774000000   0.60563614996269280
 -0.24719183774000000   0.60597123778879513
 -0.24619183774000000   0.60627535810630750
 -0.24519183774000000   0.60659783534321608
 -0.24419183774000000   0.60692593997780384
 -0.24319183774000000   0.60722419432012084
 -0.24219183774000000   0.60753573600047476
 -0.24119183774000000   0.60786314714213101
 -0.24019183774000000   0.60815594190522240
 -0.23919183774000000   0.60845568636263295
 -0.23819183774000000   0.60878240796880124
 -0.23719183774000000   0.60907340608193664
 -0.23619183774000000   0.60936016354505303
 -0.23519183774000000   0.60967948778636041
 -0.23419183774000000   0.60997304004299123
 -0.23319183774000000   0.61025400611943118
 -0.23219183774000000   0.61055480691545737
 -0.23119183774000000   0.61085750480357328
 -0.23019183774000000   0.61113345098281521
 -0.22919183774000000   0.61141439321583635
 -0.22819183774000000   0.61172276655714898
 -0.22719183774000000   0.61199695893266855
 -0.22619183774000000   0.61226666207670199
 -0.22519183774000000   0.61256209012937465
 -0.22419183774000000   0.61284566556103100
 -0.22319183774000000   0.61311036914787676
 -0.22219183774000000   0.61338066747039044
 -0.22119183774000000   0.61367281143558449
 -0.22019183774000000   0.61394177582240659
 -0.21919183774000000   0.61420020957051065
 -0.21819183774000000   0.61446810008409223
 -0.21719183774000000   0.61475378646635690
 -0.21619183774000000   0.61500908258734528
 -0.21519183774000000   0.61526118854855025
 -0.21419183774000000   0.61553267498227450
 -0.21319183774000000   0.61580322104955200
 -0.21219183774000000   0.61605064251051086
 -0.21119183774000000   0.61629739448159098
 -0.21019183774000000   0.61656776085173499
 -0.20919183774000000   0.61682526463878469
 -0.20819183774000000   0.61706639733003622
 -0.20719183774000000   0.61731195632862982
 -0.20619183774000000   0.61756021869519297
 -0.20519183774000000   0.61782451629566773
 -0.20419183774000000   0.61806210193729381
 -0.20319183774000000   0.61829565999522989
 -0.20219183774000000   0.61853720478835439
 -0.20119183774000000   0.61879455969977586
 -0.20019183774000000   0.61902652672011959
 -0.19919183774000000   0.61925405809849487
 -0.19819183774000000   0.61948633691700126
 -0.19719183774000000   0.61973731161913714
 -0.19619183774000000   0.61996573311788317
 -0.19519183774000000   0.62018721238485221
 -0.19419183774000000   0.62040937083722156
 -0.19319183774000000   0.62065131987738407
 -0.19219183774000000   0.62087977393031766
 -0.19119183774000000   0.62109496491161808
 -0.19019183774000000   0.62130879835430798
 -0.18919183774000000   0.62153565811387749
 -0.18819183774000000   0.62176695206758615
 -0.18719183774000000   0.62197752345443525
 -0.18619183774000000   0.62218554634962909
 -0.18519183774000000   0.62239540768051017
 -0.18419183774000000   0.62262235295216893
 -0.18319183774000000   0.62283558533024957
 -0.18219183774000000   0.62303729003761776
 -0.18119183774000000   0.62323757003926379
 -0.18019183774000000   0.62344185884829097
 -0.17919183774000000   0.62365658890134194
 -0.17819183774000000   0.62386775226501416
 -0.17719183774000000   0.62406269265493460
 -0.17619183774000000   0.62425604577688838
 -0.17519183774000000   0.62444958236221483
 -0.17419183774000000   0.62465769933097677
 -0.17319183774000000   0.62486060965198677
 -0.17219183774000000   0.62503936799402767
 -0.17119183774000000   0.62522944981980361
 -0.17019183774000000   0.62541550982418405
 -0.16919183774000000   0.62561309513126326
 -0.16819183774000000   0.62580926378956726
 -0.16719183774000000   0.62599020218973225
 -0.16619183774000000   0.62616886385182541
 -0.16519183774000000   0.62634561035146325
