 -0.36489605477000000   0.55206160426605047
 -0.36389605477000000   0.55277514841457372
 -0.36289605477000000   0.55341835076490363
 -0.36189605477000000   0.55412414094015760
 -0.36089605477000000   0.55483754633086617
 -0.35989605477000000   0.55553705975933732
 -0.35889605477000000   0.55600986423174071
 -0.35789605477000000   0.55671315282310608
 -0.35689605477000000   0.55733473991746672
 -0.35589605477000000   0.55798406712451942
 -0.35489605477000000   0.55859314294877801
 -0.35389605477000000   0.55922163762924170
 -0.35289605477000000   0.55986328775264571
 -0.35189605477000000   0.56041930878646765
 -0.35089605477000000   0.56104639984760305
 -0.34989605477000000   0.56163882606748863
 -0.34889605477000000   0.56223534783624099
 -0.34789605477000000   0.56284870872055160
 -0.34689605477000000   0.56338427516863575
 -0.34589605477000000   0.56398781498001725
 -0.34489605477000000   0.56454594543385739
 -0.34389605477000000   0.56512657225753234
 -0.34289605477000000   0.56569494846859132
 -0.34189605477000000   0.56624964981162268
 -0.34089605477000000   0.56683478517342751
 -0.33989605477000000   0.56734441201221970
 -0.33889605477000000   0.56793974619734427
 -0.33789605477000000   0.56844451433517188
 -0.33689605477000000   0.56902225278544851
 -0.33589605477000000   0.56954672463283658
 -0.33489605477000000   0.57012366721880382
 -0.33389605477000000   0.57075685053502194
 -0.33289605477000000   0.57138290329509018
 -0.33189605477000000   0.57141914969586479
 -0.33089605477000000   0.57183716775597928
 -0.32989605477000000   0.57251712723172204
 -0.32889605477000000   0.57308753383009227
 -0.32789605477000000   0.57360634548872060
 -0.32689605477000000   0.57412574531264794
 -0.32589605477000000   0.57464559694343731
 -0.32489605477000000   0.57513699841559182
 -0.32389605477000000   0.57562628149144905
 -0.32289605477000000   0.57613554254443122
 -0.32189605477000000   0.57662723384424479
 -0.32089605477000000   0.57711753473516976
 -0.31989605477000000   0.57759673092277077
 -0.31889605477000000   0.57808602925086074
 -0.31789605477000000   0.57855897961739260
 -0.31689605477000000   0.57904292082791555
 -0.31589605477000000   0.57949517727487935
 -0.31489605477000000   0.57999541695250634
 -0.31389605477000000   0.58043431527402976
 -0.31289605477000000   0.58093185458513317
 -0.31189605477000000   0.58136755849715326
 -0.31089605477000000   0.58186371737895763
 -0.30989605477000000   0.58229008989601543
 -0.30889605477000000   0.58277659601510622
 -0.30789605477000000   0.58320416790105507
 -0.30689605477000000   0.58365865073268962
 -0.30589605477000000   0.58410684334717256
 -0.30489605477000000   0.58453871781424235
 -0.30389605477000000   0.58499833267431217
 -0.30289605477000000   0.58541589453450354
 -0.30189605477000000   0.58588991556926595
 -0.30089605477000000   0.58629704388759412
 -0.29989605477000000   0.58675439048889675
 -0.29889605477000000   0.58716723157163316
 -0.29789605477000000   0.58759540159164871
 -0.29689605477000000   0.58803062931686980
 -0.29589605477000000   0.58842847119727289
 -0.29489605477000000   0.58888560158840102
 -0.29389605477000000   0.58927714687265207
 -0.29289605477000000   0.58972131724982193
 -0.29189605477000000   0.59012472329523527
 -0.29089605477000000   0.59051531109627911
 -0.28989605477000000   0.59095993421296589
 -0.28889605477000000   0.59134209957589848
 -0.28789605477000000   0.59177532428447724
 -0.28689605477000000   0.59216442597124348
 -0.28589605477000000   0.59255893098792914
 -0.28489605477000000   0.59298154821129873
 -0.28389605477000000   0.59335575913648168
 -0.28289605477000000   0.59378579266669403
 -0.28189605477000000   0.59416332691210833
 -0.28089605477000000   0.59455662210144649
 -0.27989605477000000   0.59496397378818313
 -0.27889605477000000   0.59533527729032029
 -0.27789605477000000   0.59576460854739863
 -0.27689605477000000   0.59613572149082899
 -0.27589605477000000   0.59654334179049647
 -0.27489605477000000   0.59695726598633499
 -0.27389605477000000   0.59733923173944623
 -0.27289605477000000   0.59777978014086037
 -0.27189605477000000   0.59820556544522825
 -0.27089605477000000   0.59876093536143108
 -0.26989605477000000   0.60005153992576883
 -0.26889605477000000   0.60002952046474662
 -0.26789605477000000   0.60001730382534130
 -0.26689605477000000   0.59999791123079850
 -0.26589605477000000   0.60000507587589870
 -0.26489605477000000   0.60001223615967357
 -0.26389605477000000   0.59999334690777798
 -0.26289605477000000   0.59997882633602728
 -0.26189605477000000   0.59997380961539097
 -0.26089605477000000   0.60119670746775383
 -0.25989605477000000   0.60172762293274408
 -0.25889605477000000   0.60213524268320682
 -0.25789605477000000   0.60253079092595456
 -0.25689605477000000   0.60290790689609296
 -0.25589605477000000   0.60324937378026298
 -0.25489605477000000   0.60363195400276496
 -0.25389605477000000   0.60397095148408763
 -0.25289605477000000   0.60429712417105075
 -0.25189605477000000   0.60464840990303098
 -0.25089605477000000   0.60499778593223328
 -0.24989605477000000   0.60531318653474203
 -0.24889605477000000   0.60565252370826156
 -0.24789605477000000   0.60598550203713871
 -0.24689605477000000   0.60629268593877867
 -0.24589605477000000   0.60663189266125841
 -0.24489605477000000   0.60695489672729237
 -0.24389605477000000   0.60725579743818711
 -0.24289605477000000   0.60757701440208080
 -0.24189605477000000   0.60790289180678125
 -0.24089605477000000   0.60819741544953970
 -0.23989605477000000   0.60850491369377228
 -0.23889605477000000   0.60883218896675032
 -0.23789605477000000   0.60912056090272070
 -0.23689605477000000   0.60941441340031248
 -0.23589605477000000   0.60974156854180278
 -0.23489605477000000   0.61002626360268934
 -0.23389605477000000   0.61030882891608647
 -0.23289605477000000   0.61062411847863825
 -0.23189605477000000   0.61091790824997608
 -0.23089605477000000   0.61119435070447991
 -0.22989605477000000   0.61148375984184312
 -0.22889605477000000   0.61179088114423249
 -0.22789605477000000   0.61206177314015970
 -0.22689605477000000   0.61233286222686167
 -0.22589605477000000   0.61263888056112495
 -0.22489605477000000   0.61291262039188692
 -0.22389605477000000   0.61317694231035565
 -0.22289605477000000   0.61345646412966952
 -0.22189605477000000   0.61374824703516658
 -0.22089605477000000   0.61401456683811752
 -0.21989605477000000   0.61427234333442483
 -0.21889605477000000   0.61453795666648449
 -0.21789605477000000   0.61482709995843633
 -0.21689605477000000   0.61508108929330039
 -0.21589605477000000   0.61533185275222825
 -0.21489605477000000   0.61560338255009092
 -0.21389605477000000   0.61587503510296300
 -0.21289605477000000   0.61612077798120883
 -0.21189605477000000   0.61636560164556448
 -0.21089605477000000   0.61663771284642827
 -0.20989605477000000   0.61689392515590264
 -0.20889605477000000   0.61713342119385097
 -0.20789605477000000   0.61737293166247961
 -0.20689605477000000   0.61764006726736320
 -0.20589605477000000   0.61788599795013165
 -0.20489605477000000   0.61811925037056837
 -0.20389605477000000   0.61835248492153509
 -0.20289605477000000   0.61861193759550437
 -0.20189605477000000   0.61885528371320930
 -0.20089605477000000   0.61908212718835267
 -0.19989605477000000   0.61930722880839388
 -0.19889605477000000   0.61954366154725605
 -0.19789605477000000   0.61979315396975584
 -0.19689605477000000   0.62001509718729456
 -0.19589605477000000   0.62023440499092125
 -0.19489605477000000   0.62045699005161599
 -0.19389605477000000   0.62070134745081168
 -0.19289605477000000   0.62092234719388112
 -0.19189605477000000   0.62113523232589505
 -0.19089605477000000   0.62134650444380535
 -0.18989605477000000   0.62157657333298780
 -0.18889605477000000   0.62180309636031353
 -0.18789605477000000   0.62200937881957880
 -0.18689605477000000   0.62221457351639825
 -0.18589605477000000   0.62242336458104370
 -0.18489605477000000   0.62265089064102651
 -0.18389605477000000   0.62285865756044574
 -0.18289605477000000   0.62305738666525790
 -0.18189605477000000   0.62325432683262459
 -0.18089605477000000   0.62346089010167467
 -0.17989605477000000   0.62367837192063294
 -0.17889605477000000   0.62387433812489057
 -0.17789605477000000   0.62406604224129826
 -0.17689605477000000   0.62425554165383396
 -0.17589605477000000   0.62445594715753728
 -0.17489605477000000   0.62466508943584735
 -0.17389605477000000   0.62486018978604105
 -0.17289605477000000   0.62502487866252263
 -0.17189605477000000   0.62521482215608231
 -0.17089605477000000   0.62539816373016336
 -0.16989605477000000   0.62559201385470115
 -0.16889605477000000   0.62578802494661009
 -0.16789605477000000   0.62596581829664394
 -0.16689605477000000   0.62614094078405285
 -0.16589605477000000   0.62631369136856917
