 -0.25784283778000000   0.59945632516999019
 -0.24684283778000000   0.59996476595485480
 -0.23984283778000000   0.59997468145778056
 -0.23884283778000000   0.59996015855481272
 -0.23784283778000000   0.60002196335059703
 -0.23684283778000000   0.60002140515331962
 -0.23584283778000000   0.59996264538591162
 -0.23484283778000000   0.60000878938332108
 -0.23384283778000000   0.60001592480962977
 -0.23284283778000000   0.59997417240086931
 -0.23184283778000000   0.59996736071139216
 -0.23084283778000000   0.59999288198707955
 -0.22984283778000000   0.59997007697306823
 -0.22884283778000000   0.59997501497125713
 -0.22784283778000000   0.59999431658925527
 -0.22684283778000000   0.60000678779143552
 -0.22584283778000000   0.59999590556558360
 -0.22484283778000000   0.59997960527624495
 -0.22384283778000000   0.59998020472769994
 -0.22284283778000000   0.59997527349086736
 -0.22184283778000000   0.59997821750499320
 -0.22084283778000000   0.59998500136226878
 -0.21984283778000000   0.59999186986048292
 -0.21884283778000000   0.59999631444798199
 -0.21784283778000000   0.59999742060296859
 -0.21684283778000000   0.59999590221681520
 -0.21584283778000000   0.59999316126277746
 -0.21484283778000000   0.59999043838172406
 -0.21384283778000000   0.59998836650867860
 -0.21284283778000000   0.59998707715853079
 -0.21184283778000000   0.59998646560289410
 -0.21084283778000000   0.59998635934514035
 -0.20984283778000000   0.59998659341562770
 -0.20884283778000000   0.59998703656251272
 -0.20784283778000000   0.59998759351127277
 -0.20684283778000000   0.59998814072754285
 -0.20584283778000000   0.59998809081396879
 -0.20484283778000000   0.59998795831036345
 -0.20384283778000000   0.59998767201692054
 -0.20284283778000000   0.59998717402415217
 -0.20184283778000000   0.59998444073414454
 -0.20084283778000000   0.59998371022447913
 -0.19984283778000000   0.59998317146019704
 -0.19884283778000000   0.59998299571500292
 -0.19784283778000000   0.59998338543683754
 -0.19684283778000000   0.59998454298152732
 -0.19584283778000000   0.59998662189692304
 -0.19484283778000000   0.59998964416385891
 -0.19384283778000000   0.59999333301409783
 -0.19284283778000000   0.59999691306684386
 -0.19184283778000000   0.59999918869741129
 -0.19084283778000000   0.59999913631319056
 -0.18984283778000000   0.59998078784345357
 -0.18884283778000000   0.59997721733466603
 -0.18784283778000000   0.59997594589421973
 -0.18684283778000000   0.59997819057436244
 -0.18584283778000000   0.59998425134188265
 -0.18484283778000000   0.59999381383276501
 -0.18384283778000000   0.60000302414843736
 -0.18284283778000000   0.60000522234058399
 -0.18184283778000000   0.59999945111129406
 -0.18084283778000000   0.59998840106957665
 -0.17984283778000000   0.59997698169830353
 -0.17884283778000000   0.59997816890664081
 -0.17784283778000000   0.59997026106328712
 -0.17684283778000000   0.59997520690840080
 -0.17584283778000000   0.60000540246035193
 -0.17484283778000000   0.59999384671763829
 -0.17384283778000000   0.59999816876979362
 -0.17284283778000000   0.59999999270685880
 -0.17184283778000000   0.59999955297374944
 -0.17084283778000000   0.59999852159616788
 -0.16984283778000000   0.59999771675726021
 -0.16884283778000000   0.59999898245079683
 -0.16784283778000000   0.60000339970269641
 -0.16684283778000000   0.59999154497324941
 -0.16584283778000000   0.59997845913889430
 -0.16484283778000000   0.60001414926982099
 -0.16384283778000000   0.60001568376264093
 -0.16284283778000000   0.60001014460863610
 -0.16184283778000000   0.59998723525949143
 -0.16084283778000000   0.59996947598249461
 -0.15984283778000000   0.59996194266299110
 -0.15884283778000000   0.59997584422185883
 -0.15784283778000000   0.60000510203474327
 -0.15684283778000000   0.60002099458705932
 -0.15584283778000000   0.59997694438043496
 -0.15484283778000000   0.59997870531291029
 -0.15384283778000000   0.59997580681886813
 -0.15284283778000000   0.59996160713893472
 -0.15184283778000000   0.59996092521135426
 -0.15084283778000000   0.59996907713603742
 -0.14484283778000000   0.59988410156675751
 -0.13484283778000000   0.59987474579987094
 -0.13084283778000000   0.59950006280419547
 -0.12884283778000000   0.60001937099406804
 -0.12584283778000000   0.59918570512016119
 -0.11984283778000000   0.59875398970130083
 -0.10684283778000000   0.59986263070769300
