 -0.34693154379000000   0.54481570709572784
 -0.34493154379000000   0.54538720016977027
 -0.34293154379000000   0.54783172583348679
 -0.34193154379000000   0.55317568783960354
 -0.34093154379000000   0.55626885907190946
 -0.33993154379000000   0.55550691690434306
 -0.33893154379000000   0.55549876672847146
 -0.33793154379000000   0.55549193201363185
 -0.33693154379000000   0.55550311226825221
 -0.33593154379000000   0.55547145282070504
 -0.33493154379000000   0.55887400211574358
 -0.33393154379000000   0.56001969414028915
 -0.33293154379000000   0.56146123002771969
 -0.33193154379000000   0.56244582944353115
 -0.33093154379000000   0.56336535507351550
 -0.32993154379000000   0.56451596503809631
 -0.32893154379000000   0.56552156207153029
 -0.32793154379000000   0.56664404460253709
 -0.32693154379000000   0.56802245567842640
 -0.32593154379000000   0.57139125246282204
 -0.32493154379000000   0.57140105082506825
 -0.32393154379000000   0.57138048697375229
 -0.32293154379000000   0.57139893571603785
 -0.32193154379000000   0.57137322025678252
 -0.32093154379000000   0.57140638409215668
 -0.31993154379000000   0.57140851093652431
 -0.31893154379000000   0.57141140458406479
 -0.31793154379000000   0.57140840606611999
 -0.31693154379000000   0.57139232387434585
 -0.31593154379000000   0.57137333765555178
 -0.31493154379000000   0.57133433441904138
 -0.31393154379000000   0.57472185088338655
 -0.31293154379000000   0.57575748795458166
 -0.31193154379000000   0.57652405135089599
 -0.31093154379000000   0.57728724121044736
 -0.30993154379000000   0.57803763608635309
 -0.30893154379000000   0.57881338499178408
 -0.30793154379000000   0.57934888899882316
 -0.30693154379000000   0.58004274084869044
 -0.30593154379000000   0.58071521219238889
 -0.30493154379000000   0.58130896189557401
 -0.30393154379000000   0.58197495337946470
 -0.30293154379000000   0.58269258684122064
 -0.30193154379000000   0.58329727166736113
 -0.30093154379000000   0.58333072555779083
 -0.29993154379000000   0.58407522557357776
 -0.29893154379000000   0.58475669654296439
 -0.29793154379000000   0.58530128046682134
 -0.29693154379000000   0.58592510169471095
 -0.29593154379000000   0.58642744461558893
 -0.29493154379000000   0.58702935501796484
 -0.29393154379000000   0.58755595235453695
 -0.29293154379000000   0.58822271472449160
 -0.29193154379000000   0.58864602435263625
 -0.29093154379000000   0.58918651884165893
 -0.28993154379000000   0.58975805998709004
 -0.28893154379000000   0.59026680390732479
 -0.28793154379000000   0.59085635615215348
 -0.28693154379000000   0.59132216799050364
 -0.28593154379000000   0.59193033280354894
 -0.28493154379000000   0.59242030189597549
 -0.28393154379000000   0.59301682572818651
 -0.28293154379000000   0.59359029041117044
 -0.28193154379000000   0.59420234353163083
 -0.28093154379000000   0.59489658897165847
 -0.27993154379000000   0.59560802500731256
 -0.27893154379000000   0.59675152747352376
 -0.27793154379000000   0.60002179020210757
 -0.27693154379000000   0.60006399126944638
 -0.27593154379000000   0.60005855084627492
 -0.27493154379000000   0.60002773102119579
 -0.27393154379000000   0.59996782119049186
 -0.27293154379000000   0.60004036172945474
 -0.27193154379000000   0.59998133240163605
 -0.27093154379000000   0.60000923255535716
 -0.26993154379000000   0.60002596684752362
 -0.26893154379000000   0.60000209867871219
 -0.26793154379000000   0.59999083392035918
 -0.26693154379000000   0.59999462109458704
 -0.26593154379000000   0.59999825785250475
 -0.26493154379000000   0.60000208947314951
 -0.26393154379000000   0.60000432701630344
 -0.26293154379000000   0.60000656564455091
 -0.26193154379000000   0.60001039261993847
 -0.26093154379000000   0.60001515069984903
 -0.25993154379000000   0.60001482304796903
 -0.25893154379000000   0.60000076370438301
 -0.25793154379000000   0.59998301198905327
 -0.25693154379000000   0.60000066987532881
 -0.25593154379000000   0.60002999113765104
 -0.25493154379000000   0.59997363592944041
 -0.25393154379000000   0.60002881359139032
 -0.25293154379000000   0.59999379858079495
 -0.25193154379000000   0.60004540411073518
 -0.25093154379000000   0.59997470324117422
 -0.24993154379000000   0.59998391424246584
 -0.24893154379000000   0.59995628516353224
 -0.24793154379000000   0.60307388586270722
 -0.24693154379000000   0.60401814314543919
 -0.24593154379000000   0.60465734801281863
 -0.24493154379000000   0.60514197538079468
 -0.24393154379000000   0.60563946966856511
 -0.24293154379000000   0.60604151730913019
 -0.24193154379000000   0.60643267314524135
 -0.24093154379000000   0.60685530489911492
 -0.23993154379000000   0.60722038783852496
 -0.23893154379000000   0.60757948708093798
 -0.23793154379000000   0.60795437616480004
 -0.23693154379000000   0.60827819851107843
 -0.23593154379000000   0.60865578211108305
 -0.23493154379000000   0.60897375044065247
 -0.23393154379000000   0.60927958192733966
 -0.23293154379000000   0.60963554650267658
 -0.23193154379000000   0.60994095543549200
 -0.23093154379000000   0.61023244084747911
 -0.22993154379000000   0.61056644390925489
 -0.22893154379000000   0.61087542171766990
 -0.22793154379000000   0.61115202185274806
 -0.22693154379000000   0.61143379364312936
 -0.22593154379000000   0.61176792061458825
 -0.22493154379000000   0.61203246695558533
 -0.22393154379000000   0.61229514812187502
 -0.22293154379000000   0.61261917832174775
 -0.22193154379000000   0.61289750474149195
 -0.22093154379000000   0.61315002930231476
 -0.21993154379000000   0.61340036169698656
 -0.21893154379000000   0.61370801140336805
 -0.21793154379000000   0.61396218953068737
 -0.21693154379000000   0.61421299329178551
 -0.21593154379000000   0.61445852602570145
 -0.21493154379000000   0.61475630744187146
 -0.21393154379000000   0.61499205962582952
 -0.21293154379000000   0.61523539174195251
 -0.21193154379000000   0.61545397701626243
 -0.21093154379000000   0.61574670091440632
 -0.20993154379000000   0.61597561206355894
 -0.20893154379000000   0.61620740478478896
 -0.20793154379000000   0.61643042440087666
 -0.20693154379000000   0.61670512989378201
 -0.20593154379000000   0.61692390888510223
 -0.20493154379000000   0.61714567301803809
 -0.20393154379000000   0.61735631984520243
 -0.20293154379000000   0.61761615506595414
 -0.20193154379000000   0.61783601918458805
 -0.20093154379000000   0.61804430378679727
 -0.19993154379000000   0.61825533389166579
 -0.19893154379000000   0.61846066590658666
 -0.19793154379000000   0.61871008127918259
 -0.19693154379000000   0.61891154818429469
 -0.19593154379000000   0.61911123902911762
 -0.19493154379000000   0.61930249960306233
 -0.19393154379000000   0.61951563674903961
 -0.19293154379000000   0.61974345342722716
 -0.19193154379000000   0.61992792105404116
 -0.19093154379000000   0.62012051621154488
 -0.18993154379000000   0.62030058281426386
 -0.18893154379000000   0.62050825693938434
 -0.18793154379000000   0.62071973215829750
 -0.18693154379000000   0.62089405471446860
 -0.18593154379000000   0.62107671657954015
 -0.18493154379000000   0.62125676033166919
 -0.18393154379000000   0.62142754636394285
 -0.18293154379000000   0.62163220890472312
 -0.18193154379000000   0.62182019766830123
 -0.18093154379000000   0.62198280817244867
 -0.17993154379000000   0.62215446537237039
 -0.17893154379000000   0.62231424792637599
 -0.17793154379000000   0.62248621649555521
 -0.17693154379000000   0.62268202137588197
 -0.17593154379000000   0.62284518056731687
 -0.17493154379000000   0.62299891466424993
 -0.17393154379000000   0.62315984193000667
 -0.17293154379000000   0.62330906244457319
 -0.17193154379000000   0.62347235346222150
 -0.17093154379000000   0.62365490609604469
 -0.16993154379000000   0.62380896472268161
 -0.16893154379000000   0.62395379811323038
 -0.16793154379000000   0.62410709837914082
 -0.16693154379000000   0.62425183619177200
 -0.16593154379000000   0.62440986406619704
 -0.16493154379000000   0.62459744150320287
 -0.16393154379000000   0.62504872402577774
