 -0.25815399261000000   0.59740027891951156
 -0.25814599261000000   0.59740292278794493
 -0.25813799261000000   0.59740556655054241
 -0.25812999261000000   0.59740821020717401
 -0.25812199261000000   0.59741085375771648
 -0.25811399261000000   0.59741349720205332
 -0.25810599261000000   0.59741614054007486
 -0.25809799261000000   0.59741878377167824
 -0.25808999261000000   0.59742142689676746
 -0.25808199261000000   0.59742406991525336
 -0.25807399261000000   0.59742671282705370
 -0.25806599261000000   0.59742935563209312
 -0.25805799261000000   0.59743199833030319
 -0.25804999261000000   0.59743464092162241
 -0.25804199261000000   0.59743728340599622
 -0.25803399261000000   0.59743992578337701
 -0.25802599261000000   0.59744256805372413
 -0.25801799261000000   0.59744521021700390
 -0.25800999261000000   0.59744785227318960
 -0.25800199261000000   0.59745049422226146
 -0.25799399261000000   0.59745313606420671
 -0.25798599261000000   0.59745577779901953
 -0.25797799261000000   0.59745841942670104
 -0.25796999261000000   0.59746106094725934
 -0.25796199261000000   0.59746370236070946
 -0.25795399261000000   0.59746634366707336
 -0.25794599261000000   0.59746898486637993
 -0.25793799261000000   0.59747162595866496
 -0.25792999261000000   0.59747426694397113
 -0.25792199261000000   0.59747690782234799
 -0.25791399261000000   0.59747954859385195
 -0.25790599261000000   0.59748218925854624
 -0.25789799261000000   0.59748482981650091
 -0.25788999261000000   0.59748747026779277
 -0.25788199261000000   0.59749011061250540
 -0.25787399261000000   0.59749275085072910
 -0.25786599261000000   0.59749539098256086
 -0.25785799261000000   0.59749803100810433
 -0.25784999261000000   0.59750067092746979
 -0.25784199261000000   0.59750331074077412
 -0.25783399261000000   0.59750595044814072
 -0.25782599261000000   0.59750859004969954
 -0.25781799261000000   0.59751122954558698
 -0.25780999261000000   0.59751386893594586
 -0.25780199261000000   0.59751650822092540
 -0.25779399261000000   0.59751914740068115
 -0.25778599261000000   0.59752178647537494
 -0.25777799261000000   0.59752442544517486
 -0.25776999261000000   0.59752706431025516
 -0.25776199261000000   0.59752970307079624
 -0.25775399261000000   0.59753234172698459
 -0.25774599261000000   0.59753498027901270
 -0.25773799261000000   0.59753761872707903
 -0.25772999261000000   0.59754025707138797
 -0.25772199261000000   0.59754289531214973
 -0.25771399261000000   0.59754553344958032
 -0.25770599261000000   0.59754817148390148
 -0.25769799261000000   0.59755080941534057
 -0.25768999261000000   0.59755344724413058
 -0.25768199261000000   0.59755608497051001
 -0.25767399261000000   0.59755872259472279
 -0.25766599261000000   0.59756136011701827
 -0.25765799261000000   0.59756399753765109
 -0.25764999261000000   0.59756663485688113
 -0.25764199261000000   0.59756927207497344
 -0.25763399261000000   0.59757190919219814
 -0.25762599261000000   0.59757454620883040
 -0.25761799261000000   0.59757718312515028
 -0.25760999261000000   0.59757981994144273
 -0.25760199261000000   0.59758245665799744
 -0.25759399261000000   0.59758509327510883
 -0.25758599261000000   0.59758772979307590
 -0.25757799261000000   0.59759036621220218
 -0.25756999261000000   0.59759300253279566
 -0.25756199261000000   0.59759563875516868
 -0.25755399261000000   0.59759827487963782
 -0.25754599261000000   0.59760091090652388
 -0.25753799261000000   0.59760354683615174
 -0.25752999261000000   0.59760618266885026
 -0.25752199261000000   0.59760881840495224
 -0.25751399261000000   0.59761145404479429
 -0.25750599261000000   0.59761408958871674
 -0.25749799261000000   0.59761672503706356
 -0.25748999261000000   0.59761936039018226
 -0.25748199261000000   0.59762199564842380
 -0.25747399261000000   0.59762463081214247
 -0.25746599261000000   0.59762726588169583
 -0.25745799261000000   0.59762990085744459
 -0.25744999261000000   0.59763253573975251
 -0.25744199261000000   0.59763517052898632
 -0.25743399261000000   0.59763780522551560
 -0.25742599261000000   0.59764043982971269
 -0.25741799261000000   0.59764307434195258
 -0.25740999261000000   0.59764570876261284
 -0.25740199261000000   0.59764834309207346
 -0.25739399261000000   0.59765097733071682
 -0.25738599261000000   0.59765361147892752
 -0.25737799261000000   0.59765624553709232
 -0.25736999261000000   0.59765887950560003
 -0.25736199261000000   0.59766151338484137
 -0.25735399261000000   0.59766414717520893
 -0.25734599261000000   0.59766678087709699
 -0.25733799261000000   0.59766941449090149
 -0.25732999261000000   0.59767204801701986
 -0.25732199261000000   0.59767468145585095
 -0.25731399261000000   0.59767731480779493
 -0.25730599261000000   0.59767994807325314
 -0.25729799261000000   0.59768258125262803
 -0.25728999261000000   0.59768521434632303
 -0.25728199261000000   0.59768784735474244
 -0.25727399261000000   0.59769048027829135
 -0.25726599261000000   0.59769311311737549
 -0.25725799261000000   0.59769574587240115
 -0.25724999261000000   0.59769837854377507
 -0.25724199261000000   0.59770101113190432
 -0.25723399261000000   0.59770364363719623
 -0.25722599261000000   0.59770627606005821
 -0.25721799261000000   0.59770890840089771
 -0.25720999261000000   0.59771154066012209
 -0.25720199261000000   0.59771417283813850
 -0.25719399261000000   0.59771680493535378
 -0.25718599261000000   0.59771943695217435
 -0.25717799261000000   0.59772206888900613
 -0.25716999261000000   0.59772470074625439
 -0.25716199261000000   0.59772733252432366
 -0.25715399261000000   0.59772996422361763
 -0.25714599261000000   0.59773259584453905
 -0.25713799261000000   0.59773522738748959
 -0.25712999261000000   0.59773785885286977
 -0.25712199261000000   0.59774049024107884
 -0.25711399261000000   0.59774312155251467
 -0.25710599261000000   0.59774575278757366
 -0.25709799261000000   0.59774838394665060
 -0.25708999261000000   0.59775101503013863
 -0.25708199261000000   0.59775364603842905
 -0.25707399261000000   0.59775627697191130
 -0.25706599261000000   0.59775890783097281
 -0.25705799261000000   0.59776153861599889
 -0.25704999261000000   0.59776416932737268
 -0.25704199261000000   0.59776679996547497
 -0.25703399261000000   0.59776943053068418
 -0.25702599261000000   0.59777206102337622
 -0.25701799261000000   0.59777469144392436
 -0.25700999261000000   0.59777732179269921
 -0.25700199261000000   0.59777995207006855
 -0.25699399261000000   0.59778258227639725
 -0.25698599261000000   0.59778521241204720
 -0.25697799261000000   0.59778784247737720
 -0.25696999261000000   0.59779047247274285
 -0.25696199261000000   0.59779310239849645
 -0.25695399261000000   0.59779573225498695
 -0.25694599261000000   0.59779836204255982
 -0.25693799261000000   0.59780099176155695
 -0.25692999261000000   0.59780362141231659
 -0.25692199261000000   0.59780625099517325
 -0.25691399261000000   0.59780888051045760
 -0.25690599261000000   0.59781150995849639
 -0.25689799261000000   0.59781413933961234
 -0.25688999261000000   0.59781676865412409
 -0.25688199261000000   0.59781939790234612
 -0.25687399261000000   0.59782202708458860
 -0.25686599261000000   0.59782465620115737
 -0.25685799261000000   0.59782728525235385
 -0.25684999261000000   0.59782991423847492
 -0.25684199261000000   0.59783254315981289
 -0.25683399261000000   0.59783517201665538
 -0.25682599261000000   0.59783780080928528
 -0.25681799261000000   0.59784042953798063
 -0.25680999261000000   0.59784305820301458
 -0.25680199261000000   0.59784568680465530
 -0.25679399261000000   0.59784831534316592
 -0.25678599261000000   0.59785094381880443
 -0.25677799261000000   0.59785357223182364
 -0.25676999261000000   0.59785620058247111
 -0.25676199261000000   0.59785882887098905
 -0.25675399261000000   0.59786145709761429
 -0.25674599261000000   0.59786408526257819
 -0.25673799261000000   0.59786671336610660
 -0.25672999261000000   0.59786934140841979
 -0.25672199261000000   0.59787196938973235
 -0.25671399261000000   0.59787459731025319
 -0.25670599261000000   0.59787722517018546
 -0.25669799261000000   0.59787985296972649
 -0.25668999261000000   0.59788248070906771
 -0.25668199261000000   0.59788510838839465
 -0.25667399261000000   0.59788773600788684
 -0.25666599261000000   0.59789036356771781
 -0.25665799261000000   0.59789299106805497
 -0.25664999261000000   0.59789561850905963
 -0.25664199261000000   0.59789824589088693
 -0.25663399261000000   0.59790087321368577
 -0.25662599261000000   0.59790350047759882
 -0.25661799261000000   0.59790612768276243
 -0.25660999261000000   0.59790875482930662
 -0.25660199261000000   0.59791138191735504
 -0.25659399261000000   0.59791400894702492
 -0.25658599261000000   0.59791663591842705
 -0.25657799261000000   0.59791926283166573
 -0.25656999261000000   0.59792188968683876
 -0.25656199261000000   0.59792451648403741
 -0.25655399261000000   0.59792714322334638
 -0.25654599261000000   0.59792976990484377
 -0.25653799261000000   0.59793239652860108
 -0.25652999261000000   0.59793502309468317
 -0.25652199261000000   0.59793764960314824
 -0.25651399261000000   0.59794027605404781
 -0.25650599261000000   0.59794290244742673
 -0.25649799261000000   0.59794552878332313
 -0.25648999261000000   0.59794815506176843
 -0.25648199261000000   0.59795078128278730
 -0.25647399261000000   0.59795340744639769
 -0.25646599261000000   0.59795603355261081
 -0.25645799261000000   0.59795865960143110
 -0.25644999261000000   0.59796128559285626
 -0.25644199261000000   0.59796391152687722
 -0.25643399261000000   0.59796653740347815
 -0.25642599261000000   0.59796916322263650
 -0.25641799261000000   0.59797178898432291
 -0.25640999261000000   0.59797441468850133
 -0.25640199261000000   0.59797704033512893
 -0.25639399261000000   0.59797966592415618
 -0.25638599261000000   0.59798229145552681
 -0.25637799261000000   0.59798491692917786
 -0.25636999261000000   0.59798754234503966
 -0.25636199261000000   0.59799016770303590
 -0.25635399261000000   0.59799279300308359
 -0.25634599261000000   0.59799541824509310
 -0.25633799261000000   0.59799804342896821
 -0.25632999261000000   0.59800066855460611
 -0.25632199261000000   0.59800329362189740
 -0.25631399261000000   0.59800591863072619
 -0.25630599261000000   0.59800854358097006
 -0.25629799261000000   0.59801116847250012
 -0.25628999261000000   0.59801379330518104
 -0.25628199261000000   0.59801641807887110
 -0.25627399261000000   0.59801904279342221
 -0.25626599261000000   0.59802166744867994
 -0.25625799261000000   0.59802429204448360
 -0.25624999261000000   0.59802691658066624
 -0.25624199261000000   0.59802954105705471
 -0.25623399261000000   0.59803216547346972
 -0.25622599261000000   0.59803478982972587
 -0.25621799261000000   0.59803741412563170
 -0.25620999261000000   0.59804003836098975
 -0.25620199261000000   0.59804266253559663
 -0.25619399261000000   0.59804528664924303
 -0.25618599261000000   0.59804791070171382
 -0.25617799261000000   0.59805053469278807
 -0.25616999261000000   0.59805315862223917
 -0.25616199261000000   0.59805578248983481
 -0.25615399261000000   0.59805840629533711
 -0.25614599261000000   0.59806103003850267
 -0.25613799261000000   0.59806365371908260
 -0.25612999261000000   0.59806627733682265
 -0.25612199261000000   0.59806890089146323
 -0.25611399261000000   0.59807152438273949
 -0.25610599261000000   0.59807414781038143
 -0.25609799261000000   0.59807677117411391
 -0.25608999261000000   0.59807939447365679
 -0.25608199261000000   0.59808201770872498
 -0.25607399261000000   0.59808464087902850
 -0.25606599261000000   0.59808726398427260
 -0.25605799261000000   0.59808988702415780
 -0.25604999261000000   0.59809250999838002
 -0.25604199261000000   0.59809513290663062
 -0.25603399261000000   0.59809775574859653
 -0.25602599261000000   0.59810037852396027
 -0.25601799261000000   0.59810300123240014
 -0.25600999261000000   0.59810562387359020
 -0.25600199261000000   0.59810824644720045
 -0.25599399261000000   0.59811086895289686
 -0.25598599261000000   0.59811349139034151
 -0.25597799261000000   0.59811611375919266
 -0.25596999261000000   0.59811873605910483
 -0.25596199261000000   0.59812135828972894
 -0.25595399261000000   0.59812398045071239
 -0.25594599261000000   0.59812660254169913
 -0.25593799261000000   0.59812922456232981
 -0.25592999261000000   0.59813184651224183
 -0.25592199261000000   0.59813446839106951
 -0.25591399261000000   0.59813709019844411
 -0.25590599261000000   0.59813971193399399
 -0.25589799261000000   0.59814233359734471
 -0.25588999261000000   0.59814495518811913
 -0.25588199261000000   0.59814757670593748
 -0.25587399261000000   0.59815019815041753
 -0.25586599261000000   0.59815281952117468
 -0.25585799261000000   0.59815544081782202
 -0.25584999261000000   0.59815806203997050
 -0.25584199261000000   0.59816068318722901
 -0.25583399261000000   0.59816330425920451
 -0.25582599261000000   0.59816592525550212
 -0.25581799261000000   0.59816854617572522
 -0.25580999261000000   0.59817116701947562
 -0.25580199261000000   0.59817378778635362
 -0.25579399261000000   0.59817640847595812
 -0.25578599261000000   0.59817902908788679
 -0.25577799261000000   0.59818164962173611
 -0.25576999261000000   0.59818427007710154
 -0.25576199261000000   0.59818689045357762
 -0.25575399261000000   0.59818951075075806
 -0.25574599261000000   0.59819213096823590
 -0.25573799261000000   0.59819475110560357
 -0.25572999261000000   0.59819737116245307
 -0.25572199261000000   0.59819999113837602
 -0.25571399261000000   0.59820261103296382
 -0.25570599261000000   0.59820523084580777
 -0.25569799261000000   0.59820785057649914
 -0.25568999261000000   0.59821047022462932
 -0.25568199261000000   0.59821308978978993
 -0.25567399261000000   0.59821570927157296
 -0.25566599261000000   0.59821832866957081
 -0.25565799261000000   0.59822094798337649
 -0.25564999261000000   0.59822356721258370
 -0.25564199261000000   0.59822618635678693
 -0.25563399261000000   0.59822880541558158
 -0.25562599261000000   0.59823142438856411
 -0.25561799261000000   0.59823404327533210
 -0.25560999261000000   0.59823666207548441
 -0.25560199261000000   0.59823928078862126
 -0.25559399261000000   0.59824189941434435
 -0.25558599261000000   0.59824451795225699
 -0.25557799261000000   0.59824713640196418
 -0.25556999261000000   0.59824975476307275
 -0.25556199261000000   0.59825237303519145
 -0.25555399261000000   0.59825499121793109
 -0.25554599261000000   0.59825760931090459
 -0.25553799261000000   0.59826022731372716
 -0.25552999261000000   0.59826284522601635
 -0.25552199261000000   0.59826546304739218
 -0.25551399261000000   0.59826808077747725
 -0.25550599261000000   0.59827069841589684
 -0.25549799261000000   0.59827331596227902
 -0.25548999261000000   0.59827593341625474
 -0.25548199261000000   0.59827855077745793
 -0.25547399261000000   0.59828116804552561
 -0.25546599261000000   0.59828378522009803
 -0.25545799261000000   0.59828640230081867
 -0.25544999261000000   0.59828901928733445
 -0.25544199261000000   0.59829163617929574
 -0.25543399261000000   0.59829425297635653
 -0.25542599261000000   0.59829686967817444
 -0.25541799261000000   0.59829948628441090
 -0.25540999261000000   0.59830210279473119
 -0.25540199261000000   0.59830471920880454
 -0.25539399261000000   0.59830733552630423
 -0.25538599261000000   0.59830995174690767
 -0.25537799261000000   0.59831256787029652
 -0.25536999261000000   0.59831518389615670
 -0.25536199261000000   0.59831779982417856
 -0.25535399261000000   0.59832041565405691
 -0.25534599261000000   0.59832303138549114
 -0.25533799261000000   0.59832564701818526
 -0.25532999261000000   0.59832826255184801
 -0.25532199261000000   0.59833087798619292
 -0.25531399261000000   0.59833349332093840
 -0.25530599261000000   0.59833610855580781
 -0.25529799261000000   0.59833872369052954
 -0.25528999261000000   0.59834133872483706
 -0.25528199261000000   0.59834395365846902
 -0.25527399261000000   0.59834656849116930
 -0.25526599261000000   0.59834918322268708
 -0.25525799261000000   0.59835179785277690
 -0.25524999261000000   0.59835441238119876
 -0.25524199261000000   0.59835702680771813
 -0.25523399261000000   0.59835964113210603
 -0.25522599261000000   0.59836225535413913
 -0.25521799261000000   0.59836486947359973
 -0.25520999261000000   0.59836748349027588
 -0.25520199261000000   0.59837009740396142
 -0.25519399261000000   0.59837271121445600
 -0.25518599261000000   0.59837532492156519
 -0.25517799261000000   0.59837793852510045
 -0.25516999261000000   0.59838055202487927
 -0.25516199261000000   0.59838316542072513
 -0.25515399261000000   0.59838577871246760
 -0.25514599261000000   0.59838839189994235
 -0.25513799261000000   0.59839100498299122
 -0.25512999261000000   0.59839361796146224
 -0.25512199261000000   0.59839623083520964
 -0.25511399261000000   0.59839884360409394
 -0.25510599261000000   0.59840145626798196
 -0.25509799261000000   0.59840406882674684
 -0.25508999261000000   0.59840668128026805
 -0.25508199261000000   0.59840929362843149
 -0.25507399261000000   0.59841190587112944
 -0.25506599261000000   0.59841451800826062
 -0.25505799261000000   0.59841713003973021
 -0.25504999261000000   0.59841974196544987
 -0.25504199261000000   0.59842235378533773
 -0.25503399261000000   0.59842496549931847
 -0.25502599261000000   0.59842757710732327
 -0.25501799261000000   0.59843018860928985
 -0.25500999261000000   0.59843280000516249
 -0.25500199261000000   0.59843541129489202
 -0.25499399261000000   0.59843802247843585
 -0.25498599261000000   0.59844063355575795
 -0.25497799261000000   0.59844324452682887
 -0.25496999261000000   0.59844585539162574
 -0.25496199261000000   0.59844846615013228
 -0.25495399261000000   0.59845107680233877
 -0.25494599261000000   0.59845368734824208
 -0.25493799261000000   0.59845629778784562
 -0.25492999261000000   0.59845890812115940
 -0.25492199261000000   0.59846151834819997
 -0.25491399261000000   0.59846412846899041
 -0.25490599261000000   0.59846673848356034
 -0.25489799261000000   0.59846934839194590
 -0.25488999261000000   0.59847195819418974
 -0.25488199261000000   0.59847456789034097
 -0.25487399261000000   0.59847717748045518
 -0.25486599261000000   0.59847978696459441
 -0.25485799261000000   0.59848239634282711
 -0.25484999261000000   0.59848500561522812
 -0.25484199261000000   0.59848761478187869
 -0.25483399261000000   0.59849022384286636
 -0.25482599261000000   0.59849283279828503
 -0.25481799261000000   0.59849544164823485
 -0.25480999261000000   0.59849805039282225
 -0.25480199261000000   0.59850065903215986
 -0.25479399261000000   0.59850326756636649
 -0.25478599261000000   0.59850587599556711
 -0.25477799261000000   0.59850848431989277
 -0.25476999261000000   0.59851109253948061
 -0.25476199261000000   0.59851370065447379
 -0.25475399261000000   0.59851630866502143
 -0.25474599261000000   0.59851891657127860
 -0.25473799261000000   0.59852152437340627
 -0.25472999261000000   0.59852413207157121
 -0.25472199261000000   0.59852673966594603
 -0.25471399261000000   0.59852934715670904
 -0.25470599261000000   0.59853195454404427
 -0.25469799261000000   0.59853456182814135
 -0.25468999261000000   0.59853716900919552
 -0.25468199261000000   0.59853977608740752
 -0.25467399261000000   0.59854238306298356
 -0.25466599261000000   0.59854498993613528
 -0.25465799261000000   0.59854759670707962
 -0.25464999261000000   0.59855020337603883
 -0.25464199261000000   0.59855280994324038
 -0.25463399261000000   0.59855541640891690
 -0.25462599261000000   0.59855802277330608
 -0.25461799261000000   0.59856062903665068
 -0.25460999261000000   0.59856323519919837
 -0.25460199261000000   0.59856584126120173
 -0.25459399261000000   0.59856844722291815
 -0.25458599261000000   0.59857105308460978
 -0.25457799261000000   0.59857365884654341
 -0.25456999261000000   0.59857626450899045
 -0.25456199261000000   0.59857887007222683
 -0.25455399261000000   0.59858147553653292
 -0.25454599261000000   0.59858408090219346
 -0.25453799261000000   0.59858668616949750
 -0.25452999261000000   0.59858929133873829
 -0.25452199261000000   0.59859189641021320
 -0.25451399261000000   0.59859450138422367
 -0.25450599261000000   0.59859710626107512
 -0.25449799261000000   0.59859971104107683
 -0.25448999261000000   0.59860231572454191
 -0.25448199261000000   0.59860492031178717
 -0.25447399261000000   0.59860752480313308
 -0.25446599261000000   0.59861012919890362
 -0.25445799261000000   0.59861273349942627
 -0.25444999261000000   0.59861533770503187
 -0.25444199261000000   0.59861794181605453
 -0.25443399261000000   0.59862054583283159
 -0.25442599261000000   0.59862314975570346
 -0.25441799261000000   0.59862575358501359
 -0.25440999261000000   0.59862835732110835
 -0.25440199261000000   0.59863096096433693
 -0.25439399261000000   0.59863356451505128
 -0.25438599261000000   0.59863616797360599
 -0.25437799261000000   0.59863877134035819
 -0.25436999261000000   0.59864137461566748
 -0.25436199261000000   0.59864397779989583
 -0.25435399261000000   0.59864658089340747
 -0.25434599261000000   0.59864918389656880
 -0.25433799261000000   0.59865178680974831
 -0.25432999261000000   0.59865438963331646
 -0.25432199261000000   0.59865699236764560
 -0.25431399261000000   0.59865959501310986
 -0.25430599261000000   0.59866219757008505
 -0.25429799261000000   0.59866480003894859
 -0.25428999261000000   0.59866740242007938
 -0.25428199261000000   0.59867000471385770
 -0.25427399261000000   0.59867260692066515
 -0.25426599261000000   0.59867520904088450
 -0.25425799261000000   0.59867781107489962
 -0.25424999261000000   0.59868041302309538
 -0.25424199261000000   0.59868301488585754
 -0.25423399261000000   0.59868561666357266
 -0.25422599261000000   0.59868821835662798
 -0.25421799261000000   0.59869081996541135
 -0.25420999261000000   0.59869342149031110
 -0.25420199261000000   0.59869602293171595
 -0.25419399261000000   0.59869862429001492
 -0.25418599261000000   0.59870122556559723
 -0.25417799261000000   0.59870382675885216
 -0.25416999261000000   0.59870642787016900
 -0.25416199261000000   0.59870902889993693
 -0.25415399261000000   0.59871162984854492
 -0.25414599261000000   0.59871423071638161
 -0.25413799261000000   0.59871683150383524
 -0.25412999261000000   0.59871943221129353
 -0.25412199261000000   0.59872203283914360
 -0.25411399261000000   0.59872463338777184
 -0.25410599261000000   0.59872723385756384
 -0.25409799261000000   0.59872983424890427
 -0.25408999261000000   0.59873243456217679
 -0.25408199261000000   0.59873503479776394
 -0.25407399261000000   0.59873763495604708
 -0.25406599261000000   0.59874023503740622
 -0.25405799261000000   0.59874283504221999
 -0.25404999261000000   0.59874543497086552
 -0.25404199261000000   0.59874803482371832
 -0.25403399261000000   0.59875063460115222
 -0.25402599261000000   0.59875323430353924
 -0.25401799261000000   0.59875583393124951
 -0.25400999261000000   0.59875843348465120
 -0.25400199261000000   0.59876103296411036
 -0.25399399261000000   0.59876363236999088
 -0.25398599261000000   0.59876623170265439
 -0.25397799261000000   0.59876883096246015
 -0.25396999261000000   0.59877143014976495
 -0.25396199261000000   0.59877402926492304
 -0.25395399261000000   0.59877662830828604
 -0.25394599261000000   0.59877922728020282
 -0.25393799261000000   0.59878182618101943
 -0.25392999261000000   0.59878442501107902
 -0.25392199261000000   0.59878702377072173
 -0.25391399261000000   0.59878962246028461
 -0.25390599261000000   0.59879222108010154
 -0.25389799261000000   0.59879481963050311
 -0.25388999261000000   0.59879741811181660
 -0.25388199261000000   0.59880001652436581
 -0.25387399261000000   0.59880261486847107
 -0.25386599261000000   0.59880521314444906
 -0.25385799261000000   0.59880781135261280
 -0.25384999261000000   0.59881040949327153
 -0.25384199261000000   0.59881300756673065
 -0.25383399261000000   0.59881560557329162
 -0.25382599261000000   0.59881820351325192
 -0.25381799261000000   0.59882080138690489
 -0.25380999261000000   0.59882339919453977
 -0.25380199261000000   0.59882599693644152
 -0.25379399261000000   0.59882859461289079
 -0.25378599261000000   0.59883119222416386
 -0.25377799261000000   0.59883378977053253
 -0.25376999261000000   0.59883638725226408
 -0.25376199261000000   0.59883898466962118
 -0.25375399261000000   0.59884158202286183
 -0.25374599261000000   0.59884417931223928
 -0.25373799261000000   0.59884677653800200
 -0.25372999261000000   0.59884937370039354
 -0.25372199261000000   0.59885197079965256
 -0.25371399261000000   0.59885456783601267
 -0.25370599261000000   0.59885716480970245
 -0.25369799261000000   0.59885976172094534
 -0.25368999261000000   0.59886235856995959
 -0.25368199261000000   0.59886495535695821
 -0.25367399261000000   0.59886755208214890
 -0.25366599261000000   0.59887014874573402
 -0.25365799261000000   0.59887274534791050
 -0.25364999261000000   0.59887534188886980
 -0.25364199261000000   0.59887793836879788
 -0.25363399261000000   0.59888053478787512
 -0.25362599261000000   0.59888313114627629
 -0.25361799261000000   0.59888572744417048
 -0.25360999261000000   0.59888832368172107
 -0.25360199261000000   0.59889091985908571
 -0.25359399261000000   0.59889351597641622
 -0.25358599261000000   0.59889611203385858
 -0.25357799261000000   0.59889870803155291
 -0.25356999261000000   0.59890130396963339
 -0.25356199261000000   0.59890389984822824
 -0.25355399261000000   0.59890649566745970
 -0.25354599261000000   0.59890909142744398
 -0.25353799261000000   0.59891168712829120
 -0.25352999261000000   0.59891428277010543
 -0.25352199261000000   0.59891687835298458
 -0.25351399261000000   0.59891947387702044
 -0.25350599261000000   0.59892206934229861
 -0.25349799261000000   0.59892466474889847
 -0.25348999261000000   0.59892726009689321
 -0.25348199261000000   0.59892985538634975
 -0.25347399261000000   0.59893245061732875
 -0.25346599261000000   0.59893504578988459
 -0.25345799261000000   0.59893764090406533
 -0.25344999261000000   0.59894023595991273
 -0.25344199261000000   0.59894283095746223
 -0.25343399261000000   0.59894542589674290
 -0.25342599261000000   0.59894802077777748
 -0.25341799261000000   0.59895061560058234
 -0.25340999261000000   0.59895321036516748
 -0.25340199261000000   0.59895580507153655
 -0.25339399261000000   0.59895839971968680
 -0.25338599261000000   0.59896099430960912
 -0.25337799261000000   0.59896358884128801
 -0.25336999261000000   0.59896618331470161
 -0.25336199261000000   0.59896877772982169
 -0.25335399261000000   0.59897137208661363
 -0.25334599261000000   0.59897396638503649
 -0.25333799261000000   0.59897656062504294
 -0.25332999261000000   0.59897915480657935
 -0.25332199261000000   0.59898174892958574
 -0.25331399261000000   0.59898434299399582
 -0.25330599261000000   0.59898693699973701
 -0.25329799261000000   0.59898953094673045
 -0.25328999261000000   0.59899212483489101
 -0.25328199261000000   0.59899471866412733
 -0.25327399261000000   0.59899731243434183
 -0.25326599261000000   0.59899990614543073
 -0.25325799261000000   0.59900249979728411
 -0.25324999261000000   0.59900509338978588
 -0.25324199261000000   0.59900768692281386
 -0.25323399261000000   0.59901028039623978
 -0.25322599261000000   0.59901287380992933
 -0.25321799261000000   0.59901546716374219
 -0.25320999261000000   0.59901806045753208
 -0.25320199261000000   0.59902065369114674
 -0.25319399261000000   0.59902324686442807
 -0.25318599261000000   0.59902583997721206
 -0.25317799261000000   0.59902843302932893
 -0.25316999261000000   0.59903102602060310
 -0.25316199261000000   0.59903361895085328
 -0.25315399261000000   0.59903621181989252
 -0.25314599261000000   0.59903880462752822
 -0.25313799261000000   0.59904139737356222
 -0.25312999261000000   0.59904399005779083
 -0.25312199261000000   0.59904658268000489
 -0.25311399261000000   0.59904917523998984
 -0.25310599261000000   0.59905176773752576
 -0.25309799261000000   0.59905436017238742
 -0.25308999261000000   0.59905695254434438
 -0.25308199261000000   0.59905954485316100
 -0.25307399261000000   0.59906213709859654
 -0.25306599261000000   0.59906472928040522
 -0.25305799261000000   0.59906732139833626
 -0.25304999261000000   0.59906991345213399
 -0.25304199261000000   0.59907250544153788
 -0.25303399261000000   0.59907509736628263
 -0.25302599261000000   0.59907768922609825
 -0.25301799261000000   0.59908028102071010
 -0.25300999261000000   0.59908287274983900
 -0.25300199261000000   0.59908546441320129
 -0.25299399261000000   0.59908805601050891
 -0.25298599261000000   0.59909064754146946
 -0.25297799261000000   0.59909323900578633
 -0.25296999261000000   0.59909583040315872
 -0.25296199261000000   0.59909842173328176
 -0.25295399261000000   0.59910101299584658
 -0.25294599261000000   0.59910360419054038
 -0.25293799261000000   0.59910619531704658
 -0.25292999261000000   0.59910878637504481
 -0.25292199261000000   0.59911137736421106
 -0.25291399261000000   0.59911396828421778
 -0.25290599261000000   0.59911655913473392
 -0.25289799261000000   0.59911914991542505
 -0.25288999261000000   0.59912174062595345
 -0.25288199261000000   0.59912433126597821
 -0.25287399261000000   0.59912692183515531
 -0.25286599261000000   0.59912951233313771
 -0.25285799261000000   0.59913210275957547
 -0.25284999261000000   0.59913469311411582
 -0.25284199261000000   0.59913728339640327
 -0.25283399261000000   0.59913987360607971
 -0.25282599261000000   0.59914246374278450
 -0.25281799261000000   0.59914505380615459
 -0.25280999261000000   0.59914764379582458
 -0.25280199261000000   0.59915023371142686
 -0.25279399261000000   0.59915282355259170
 -0.25278599261000000   0.59915541331894735
 -0.25277799261000000   0.59915800301012012
 -0.25276999261000000   0.59916059262573454
 -0.25276199261000000   0.59916318216541340
 -0.25275399261000000   0.59916577162877789
 -0.25274599261000000   0.59916836101544771
 -0.25273799261000000   0.59917095032504115
 -0.25272999261000000   0.59917353955717521
 -0.25272199261000000   0.59917612871146571
 -0.25271399261000000   0.59917871778752739
 -0.25270599261000000   0.59918130678497399
 -0.25269799261000000   0.59918389570341843
 -0.25268999261000000   0.59918648454247284
 -0.25268199261000000   0.59918907330174870
 -0.25267399261000000   0.59919166198085696
 -0.25266599261000000   0.59919425057940810
 -0.25265799261000000   0.59919683909701231
 -0.25264999261000000   0.59919942753327954
 -0.25264199261000000   0.59920201588781961
 -0.25263399261000000   0.59920460416024235
 -0.25262599261000000   0.59920719235015770
 -0.25261799261000000   0.59920978045717578
 -0.25260999261000000   0.59921236848090705
 -0.25260199261000000   0.59921495642096239
 -0.25259399261000000   0.59921754427695318
 -0.25258599261000000   0.59922013204849149
 -0.25257799261000000   0.59922271973519008
 -0.25256999261000000   0.59922530733666260
 -0.25256199261000000   0.59922789485252363
 -0.25255399261000000   0.59923048228238884
 -0.25254599261000000   0.59923306962587503
 -0.25253799261000000   0.59923565688260031
 -0.25252999261000000   0.59923824405218415
 -0.25252199261000000   0.59924083113424750
 -0.25251399261000000   0.59924341812841291
 -0.25250599261000000   0.59924600503430459
 -0.25249799261000000   0.59924859185154857
 -0.25248999261000000   0.59925117857977277
 -0.25248199261000000   0.59925376521860709
 -0.25247399261000000   0.59925635176768353
 -0.25246599261000000   0.59925893822663632
 -0.25245799261000000   0.59926152459510193
 -0.25244999261000000   0.59926411087271927
 -0.25244199261000000   0.59926669705912971
 -0.25243399261000000   0.59926928315397725
 -0.25242599261000000   0.59927186915690853
 -0.25241799261000000   0.59927445506757301
 -0.25240999261000000   0.59927704088562300
 -0.25240199261000000   0.59927962661071381
 -0.25239399261000000   0.59928221224250378
 -0.25238599261000000   0.59928479778065444
 -0.25237799261000000   0.59928738322483053
 -0.25236999261000000   0.59928996857470017
 -0.25236199261000000   0.59929255382993486
 -0.25235399261000000   0.59929513899020965
 -0.25234599261000000   0.59929772405520318
 -0.25233799261000000   0.59930030902459777
 -0.25232999261000000   0.59930289389807951
 -0.25232199261000000   0.59930547867533835
 -0.25231399261000000   0.59930806335606818
 -0.25230599261000000   0.59931064793996691
 -0.25229799261000000   0.59931323242673653
 -0.25228999261000000   0.59931581681608323
 -0.25228199261000000   0.59931840110771743
 -0.25227399261000000   0.59932098530135391
 -0.25226599261000000   0.59932356939671183
 -0.25225799261000000   0.59932615339351484
 -0.25224999261000000   0.59932873729149114
 -0.25224199261000000   0.59933132109037353
 -0.25223399261000000   0.59933390478989955
 -0.25222599261000000   0.59933648838981145
 -0.25221799261000000   0.59933907188985632
 -0.25220999261000000   0.59934165528978617
 -0.25220199261000000   0.59934423858935792
 -0.25219399261000000   0.59934682178833354
 -0.25218599261000000   0.59934940488648005
 -0.25217799261000000   0.59935198788356965
 -0.25216999261000000   0.59935457077937968
 -0.25216199261000000   0.59935715357369278
 -0.25215399261000000   0.59935973626629686
 -0.25214599261000000   0.59936231885698522
 -0.25213799261000000   0.59936490134555655
 -0.25212999261000000   0.59936748373181501
 -0.25212199261000000   0.59937006601557027
 -0.25211399261000000   0.59937264819663755
 -0.25210599261000000   0.59937523027483768
 -0.25209799261000000   0.59937781224999713
 -0.25208999261000000   0.59938039412194807
 -0.25208199261000000   0.59938297589052839
 -0.25207399261000000   0.59938555755558175
 -0.25206599261000000   0.59938813911695760
 -0.25205799261000000   0.59939072057451127
 -0.25204999261000000   0.59939330192810391
 -0.25204199261000000   0.59939588317760263
 -0.25203399261000000   0.59939846432288045
 -0.25202599261000000   0.59940104536381635
 -0.25201799261000000   0.59940362630029533
 -0.25200999261000000   0.59940620713220839
 -0.25200199261000000   0.59940878785945257
 -0.25199399261000000   0.59941136848193100
 -0.25198599261000000   0.59941394899955288
 -0.25197799261000000   0.59941652941223351
 -0.25196999261000000   0.59941910971989433
 -0.25196199261000000   0.59942168992246290
 -0.25195399261000000   0.59942427001987295
 -0.25194599261000000   0.59942685001206437
 -0.25193799261000000   0.59942942989898322
 -0.25192999261000000   0.59943200968058175
 -0.25192199261000000   0.59943458935681840
 -0.25191399261000000   0.59943716892765780
 -0.25190599261000000   0.59943974839307080
 -0.25189799261000000   0.59944232775303442
 -0.25188999261000000   0.59944490700753193
 -0.25188199261000000   0.59944748615655276
 -0.25187399261000000   0.59945006520009257
 -0.25186599261000000   0.59945264413815320
 -0.25185799261000000   0.59945522297074268
 -0.25184999261000000   0.59945780169787523
 -0.25184199261000000   0.59946038031957123
 -0.25183399261000000   0.59946295883585724
 -0.25182599261000000   0.59946553724676595
 -0.25181799261000000   0.59946811555233621
 -0.25180999261000000   0.59947069375261295
 -0.25180199261000000   0.59947327184764725
 -0.25179399261000000   0.59947584983749624
 -0.25178599261000000   0.59947842772222312
 -0.25177799261000000   0.59948100550189713
 -0.25176999261000000   0.59948358317659354
 -0.25176199261000000   0.59948616074639359
 -0.25175399261000000   0.59948873821138451
 -0.25174599261000000   0.59949131557165945
 -0.25173799261000000   0.59949389282731748
 -0.25172999261000000   0.59949646997846353
 -0.25172199261000000   0.59949904702520839
 -0.25171399261000000   0.59950162396766865
 -0.25170599261000000   0.59950420080596668
 -0.25169799261000000   0.59950677754023059
 -0.25168999261000000   0.59950935417059418
 -0.25168199261000000   0.59951193069719692
 -0.25167399261000000   0.59951450712018388
 -0.25166599261000000   0.59951708343970573
 -0.25165799261000000   0.59951965965591866
 -0.25164999261000000   0.59952223576898433
 -0.25164199261000000   0.59952481177906988
 -0.25163399261000000   0.59952738768634779
 -0.25162599261000000   0.59952996349099592
 -0.25161799261000000   0.59953253919319742
 -0.25160999261000000   0.59953511479314065
 -0.25160199261000000   0.59953769029101920
 -0.25159399261000000   0.59954026568703176
 -0.25158599261000000   0.59954284098138209
 -0.25157799261000000   0.59954541617427901
 -0.25156999261000000   0.59954799126593627
 -0.25156199261000000   0.59955056625657253
 -0.25155399261000000   0.59955314114641130
 -0.25154599261000000   0.59955571593568085
 -0.25153799261000000   0.59955829062461419
 -0.25152999261000000   0.59956086521344899
 -0.25152199261000000   0.59956343970242748
 -0.25151399261000000   0.59956601409179644
 -0.25150599261000000   0.59956858838180710
 -0.25149799261000000   0.59957116257271508
 -0.25148999261000000   0.59957373666478032
 -0.25148199261000000   0.59957631065826701
 -0.25147399261000000   0.59957888455344351
 -0.25146599261000000   0.59958145835058232
 -0.25145799261000000   0.59958403204995993
 -0.25144999261000000   0.59958660565185682
 -0.25144199261000000   0.59958917915655736
 -0.25143399261000000   0.59959175256434971
 -0.25142599261000000   0.59959432587552579
 -0.25141799261000000   0.59959689909038116
 -0.25140999261000000   0.59959947220921496
 -0.25140199261000000   0.59960204523232984
 -0.25139399261000000   0.59960461816003186
 -0.25138599261000000   0.59960719099263044
 -0.25137799261000000   0.59960976373043825
 -0.25136999261000000   0.59961233637377113
 -0.25136199261000000   0.59961490892294803
 -0.25135399261000000   0.59961748137829090
 -0.25134599261000000   0.59962005374012463
 -0.25133799261000000   0.59962262600877695
 -0.25132999261000000   0.59962519818457835
 -0.25132199261000000   0.59962777026786200
 -0.25131399261000000   0.59963034225896363
 -0.25130599261000000   0.59963291415822152
 -0.25129799261000000   0.59963548596597632
 -0.25128999261000000   0.59963805768257103
 -0.25128199261000000   0.59964062930835087
 -0.25127399261000000   0.59964320084366323
 -0.25126599261000000   0.59964577228885755
 -0.25125799261000000   0.59964834364428523
 -0.25124999261000000   0.59965091491029957
 -0.25124199261000000   0.59965348608725563
 -0.25123399261000000   0.59965605717551021
 -0.25122599261000000   0.59965862817542169
 -0.25121799261000000   0.59966119908734996
 -0.25120999261000000   0.59966376991165635
 -0.25120199261000000   0.59966634064870352
 -0.25119399261000000   0.59966891129885537
 -0.25118599261000000   0.59967148186247695
 -0.25117799261000000   0.59967405233993435
 -0.25116999261000000   0.59967662273159464
 -0.25116199261000000   0.59967919303782574
 -0.25115399261000000   0.59968176325899637
 -0.25114599261000000   0.59968433339547591
 -0.25113799261000000   0.59968690344763433
 -0.25112999261000000   0.59968947341584211
 -0.25112199261000000   0.59969204330047012
 -0.25111399261000000   0.59969461310188953
 -0.25110599261000000   0.59969718282047174
 -0.25109799261000000   0.59969975245658826
 -0.25108999261000000   0.59970232201061062
 -0.25108199261000000   0.59970489148291029
 -0.25107399261000000   0.59970746087385858
 -0.25106599261000000   0.59971003018382654
 -0.25105799261000000   0.59971259941318486
 -0.25104999261000000   0.59971516856230380
 -0.25104199261000000   0.59971773763155309
 -0.25103399261000000   0.59972030662130182
 -0.25102599261000000   0.59972287553191835
 -0.25101799261000000   0.59972544436377025
 -0.25100999261000000   0.59972801311722415
 -0.25100199261000000   0.59973058179264571
 -0.25099399261000000   0.59973315039039947
 -0.25098599261000000   0.59973571891084880
 -0.25097799261000000   0.59973828735435581
 -0.25096999261000000   0.59974085572128121
 -0.25096199261000000   0.59974342401198427
 -0.25095399261000000   0.59974599222682272
 -0.25094599261000000   0.59974856036615263
 -0.25093799261000000   0.59975112843032835
 -0.25092999261000000   0.59975369641970243
 -0.25092199261000000   0.59975626433462549
 -0.25091399261000000   0.59975883217544615
 -0.25090599261000000   0.59976139994251098
 -0.25089799261000000   0.59976396763616435
 -0.25088999261000000   0.59976653525674838
 -0.25088199261000000   0.59976910280460285
 -0.25087399261000000   0.59977167028006510
 -0.25086599261000000   0.59977423768346997
 -0.25085799261000000   0.59977680501514969
 -0.25084999261000000   0.59977937227543380
 -0.25084199261000000   0.59978193946464909
 -0.25083399261000000   0.59978450658311948
 -0.25082599261000000   0.59978707363116598
 -0.25081799261000000   0.59978964060910657
 -0.25080999261000000   0.59979220751725613
 -0.25080199261000000   0.59979477435592638
 -0.25079399261000000   0.59979734112542578
 -0.25078599261000000   0.59979990782605947
 -0.25077799261000000   0.59980247445812914
 -0.25076999261000000   0.59980504102193305
 -0.25076199261000000   0.59980760751776586
 -0.25075399261000000   0.59981017394591859
 -0.25074599261000000   0.59981274030667858
 -0.25073799261000000   0.59981530660032934
 -0.25072999261000000   0.59981787282715055
 -0.25072199261000000   0.59982043898741796
 -0.25071399261000000   0.59982300508140331
 -0.25070599261000000   0.59982557110937427
 -0.25069799261000000   0.59982813707159437
 -0.25068999261000000   0.59983070296832295
 -0.25068199261000000   0.59983326879981505
 -0.25067399261000000   0.59983583456632139
 -0.25066599261000000   0.59983840026808826
 -0.25065799261000000   0.59984096590535753
 -0.25064999261000000   0.59984353147836648
 -0.25064199261000000   0.59984609698734785
 -0.25063399261000000   0.59984866243252969
 -0.25062599261000000   0.59985122781413536
 -0.25061799261000000   0.59985379313238344
 -0.25060999261000000   0.59985635838748768
 -0.25060199261000000   0.59985892357965696
 -0.25059399261000000   0.59986148870909521
 -0.25058599261000000   0.59986405377600137
 -0.25057799261000000   0.59986661878056936
 -0.25056999261000000   0.59986918372298797
 -0.25056199261000000   0.59987174860344086
 -0.25055399261000000   0.59987431342210651
 -0.25054599261000000   0.59987687817915815
 -0.25053799261000000   0.59987944287476372
 -0.25052999261000000   0.59988200750908585
 -0.25052199261000000   0.59988457208228176
 -0.25051399261000000   0.59988713659450328
 -0.25050599261000000   0.59988970104589679
 -0.25049799261000000   0.59989226543660316
 -0.25048999261000000   0.59989482976675773
 -0.25048199261000000   0.59989739403649028
 -0.25047399261000000   0.59989995824592496
 -0.25046599261000000   0.59990252239518031
 -0.25045799261000000   0.59990508648436917
 -0.25044999261000000   0.59990765051359872
 -0.25044199261000000   0.59991021448297036
 -0.25043399261000000   0.59991277839257976
 -0.25042599261000000   0.59991534224251679
 -0.25041799261000000   0.59991790603286553
 -0.25040999261000000   0.59992046976370420
 -0.25040199261000000   0.59992303343510518
 -0.25039399261000000   0.59992559704713495
 -0.25038599261000000   0.59992816059985412
 -0.25037799261000000   0.59993072409331736
 -0.25036999261000000   0.59993328752757344
 -0.25036199261000000   0.59993585090266516
 -0.25035399261000000   0.59993841421862936
 -0.25034599261000000   0.59994097747549693
 -0.25033799261000000   0.59994354067329276
 -0.25032999261000000   0.59994610381203575
 -0.25032199261000000   0.59994866689173883
 -0.25031399261000000   0.59995122991240890
 -0.25030599261000000   0.59995379287404687
 -0.25029799261000000   0.59995635577664763
 -0.25028999261000000   0.59995891862020009
 -0.25028199261000000   0.59996148140468712
 -0.25027399261000000   0.59996404413008561
 -0.25026599261000000   0.59996660679636643
 -0.25025799261000000   0.59996916940349448
 -0.25024999261000000   0.59997173195142864
 -0.25024199261000000   0.59997429444012184
 -0.25023399261000000   0.59997685686952102
 -0.25022599261000000   0.59997941923956719
 -0.25021799261000000   0.59998198155019539
 -0.25020999261000000   0.59998454380133474
 -0.25020199261000000   0.59998710599290846
 -0.25019399261000000   0.59998966812483387
 -0.25018599261000000   0.59999223019702242
 -0.25017799261000000   0.59999479220937970
 -0.25016999261000000   0.59999735416180547
 -0.25016199261000000   0.59999991605419371
 -0.25015399261000000   0.60000247788643260
 -0.25014599261000000   0.60000503965840457
 -0.25013799261000000   0.60000760136998634
 -0.25012999261000000   0.60001016302104895
 -0.25012199261000000   0.60001272461145776
 -0.25011399261000000   0.60001528614107251
 -0.25010599261000000   0.60001784760974737
 -0.25009799261000000   0.60002040901733094
 -0.25008999261000000   0.60002297036366633
 -0.25008199261000000   0.60002553164859115
 -0.25007399261000000   0.60002809287193761
 -0.25006599261000000   0.60003065403353250
 -0.25005799261000000   0.60003321513319728
 -0.25004999261000000   0.60003577617074814
 -0.25004199261000000   0.60003833714599599
 -0.25003399261000000   0.60004089805874653
 -0.25002599261000000   0.60004345890880035
 -0.25001799261000000   0.60004601969595291
 -0.25000999261000000   0.60004858041999462
 -0.25000199261000000   0.60005114108071094
 -0.24999399261000000   0.60005370167788235
 -0.24998599261000000   0.60005626221128448
 -0.24997799261000000   0.60005882268068813
 -0.24996999261000000   0.60006138308585935
 -0.24996199261000000   0.60006394342655948
 -0.24995399261000000   0.60006650370254525
 -0.24994599261000000   0.60006906391356879
 -0.24993799261000000   0.60007162405937775
 -0.24992999261000000   0.60007418413971534
 -0.24992199261000000   0.60007674415432038
 -0.24991399261000000   0.60007930410292740
 -0.24990599261000000   0.60008186398526672
 -0.24989799261000000   0.60008442380106447
 -0.24988999261000000   0.60008698355004270
 -0.24988199261000000   0.60008954323191946
 -0.24987399261000000   0.60009210284640887
 -0.24986599261000000   0.60009466239322115
 -0.24985799261000000   0.60009722187206277
 -0.24984999261000000   0.60009978128263649
 -0.24984199261000000   0.60010234062464143
 -0.24983399261000000   0.60010489989777317
 -0.24982599261000000   0.60010745910172383
 -0.24981799261000000   0.60011001823618214
 -0.24980999261000000   0.60011257730083354
 -0.24980199261000000   0.60011513629536023
 -0.24979399261000000   0.60011769521944131
 -0.24978599261000000   0.60012025407275283
 -0.24977799261000000   0.60012281285496786
 -0.24976999261000000   0.60012537156575663
 -0.24976199261000000   0.60012793020478656
 -0.24975399261000000   0.60013048877172241
 -0.24974599261000000   0.60013304726622631
 -0.24973799261000000   0.60013560568795790
 -0.24972999261000000   0.60013816403657439
 -0.24972199261000000   0.60014072231173065
 -0.24971399261000000   0.60014328051307934
 -0.24970599261000000   0.60014583864027098
 -0.24969799261000000   0.60014839669295402
 -0.24968999261000000   0.60015095467077497
 -0.24968199261000000   0.60015351257337848
 -0.24967399261000000   0.60015607040040746
 -0.24966599261000000   0.60015862815150312
 -0.24965799261000000   0.60016118582630513
 -0.24964999261000000   0.60016374342445167
 -0.24964199261000000   0.60016630094557955
 -0.24963399261000000   0.60016885838932433
 -0.24962599261000000   0.60017141575532035
 -0.24961799261000000   0.60017397304320091
 -0.24960999261000000   0.60017653025259830
 -0.24960199261000000   0.60017908738314394
 -0.24959399261000000   0.60018164443446848
 -0.24958599261000000   0.60018420140620187
 -0.24957799261000000   0.60018675829797349
 -0.24956999261000000   0.60018931510941223
 -0.24956199261000000   0.60019187184014660
 -0.24955399261000000   0.60019442848980483
 -0.24954599261000000   0.60019698505801496
 -0.24953799261000000   0.60019954154440496
 -0.24952999261000000   0.60020209794860280
 -0.24952199261000000   0.60020465427023659
 -0.24951399261000000   0.60020721050893464
 -0.24950599261000000   0.60020976666432559
 -0.24949799261000000   0.60021232273603847
 -0.24948999261000000   0.60021487872370288
 -0.24948199261000000   0.60021743462694898
 -0.24947399261000000   0.60021999044540768
 -0.24946599261000000   0.60022254617871069
 -0.24945799261000000   0.60022510182649064
 -0.24944999261000000   0.60022765738838118
 -0.24944199261000000   0.60023021286401705
 -0.24943399261000000   0.60023276825303420
 -0.24942599261000000   0.60023532355506991
 -0.24941799260999999   0.60023787876976284
 -0.24940999260999999   0.60024043389675314
 -0.24940199260999999   0.60024298893568257
 -0.24939399260999999   0.60024554388619459
 -0.24938599260999999   0.60024809874793441
 -0.24937799260999999   0.60025065352054916
 -0.24936999260999999   0.60025320820368791
 -0.24936199260999999   0.60025576279700181
 -0.24935399260999999   0.60025831730014417
 -0.24934599260999999   0.60026087171277054
 -0.24933799260999999   0.60026342603453883
 -0.24932999260999999   0.60026598026510937
 -0.24932199260999999   0.60026853440414500
 -0.24931399260999999   0.60027108845131120
 -0.24930599260999999   0.60027364240627612
 -0.24929799260999999   0.60027619626871072
 -0.24928999260999999   0.60027875003828881
 -0.24928199260999999   0.60028130371468718
 -0.24927399260999999   0.60028385729758566
 -0.24926599260999999   0.60028641078666718
 -0.24925799260999999   0.60028896418161792
 -0.24924999260999999   0.60029151748212733
 -0.24924199260999999   0.60029407068788823
 -0.24923399260999999   0.60029662379859690
 -0.24922599260999999   0.60029917681395315
 -0.24921799260999999   0.60030172973366041
 -0.24920999260999999   0.60030428255742578
 -0.24920199260999999   0.60030683528496013
 -0.24919399260999999   0.60030938791597817
 -0.24918599260999999   0.60031194045019851
 -0.24917799260999999   0.60031449288734375
 -0.24916999260999999   0.60031704522714056
 -0.24916199260999999   0.60031959746931969
 -0.24915399260999999   0.60032214961361613
 -0.24914599260999999   0.60032470165976911
 -0.24913799260999999   0.60032725360752217
 -0.24912999260999999   0.60032980545662327
 -0.24912199260999999   0.60033235720682482
 -0.24911399260999999   0.60033490885788373
 -0.24910599260999999   0.60033746040956151
 -0.24909799260999999   0.60034001186162429
 -0.24908999260999999   0.60034256321384291
 -0.24908199260999999   0.60034511446599297
 -0.24907399260999999   0.60034766561785486
 -0.24906599260999999   0.60035021666921386
 -0.24905799260999999   0.60035276761986014
 -0.24904999260999999   0.60035531846958887
 -0.24904199260999999   0.60035786921820022
 -0.24903399260999999   0.60036041986549943
 -0.24902599260999999   0.60036297041129687
 -0.24901799260999999   0.60036552085540806
 -0.24900999260999999   0.60036807119765372
 -0.24900199260999999   0.60037062143785984
 -0.24899399260999999   0.60037317157585769
 -0.24898599260999999   0.60037572161148387
 -0.24897799260999999   0.60037827154458036
 -0.24896999260999999   0.60038082137499453
 -0.24896199260999999   0.60038337110257922
 -0.24895399260999999   0.60038592072719272
 -0.24894599260999999   0.60038847024869884
 -0.24893799260999999   0.60039101966696694
 -0.24892999260999999   0.60039356898187194
 -0.24892199260999999   0.60039611819329436
 -0.24891399260999999   0.60039866730112035
 -0.24890599260999999   0.60040121630524171
 -0.24889799260999999   0.60040376520555591
 -0.24888999260999999   0.60040631400196611
 -0.24888199260999999   0.60040886269438120
 -0.24887399260999999   0.60041141128271580
 -0.24886599260999999   0.60041395976689028
 -0.24885799260999999   0.60041650814683078
 -0.24884999260999999   0.60041905642246922
 -0.24884199260999999   0.60042160459374331
 -0.24883399260999999   0.60042415266059659
 -0.24882599260999999   0.60042670062297838
 -0.24881799260999999   0.60042924848084386
 -0.24880999260999999   0.60043179623415401
 -0.24880199260999999   0.60043434388287567
 -0.24879399260999999   0.60043689142698149
 -0.24878599260999999   0.60043943886645000
 -0.24877799260999999   0.60044198620126554
 -0.24876999260999999   0.60044453343141830
 -0.24876199260999999   0.60044708055690432
 -0.24875399260999999   0.60044962757772544
 -0.24874599260999999   0.60045217449388936
 -0.24873799260999999   0.60045472130540960
 -0.24872999260999999   0.60045726801230547
 -0.24872199260999999   0.60045981461460210
 -0.24871399260999999   0.60046236111233040
 -0.24870599260999999   0.60046490750552706
 -0.24869799260999999   0.60046745379423455
 -0.24868999260999999   0.60046999997850106
 -0.24868199260999999   0.60047254605838053
 -0.24867399260999999   0.60047509203393259
 -0.24866599260999999   0.60047763790522257
 -0.24865799260999999   0.60048018367232149
 -0.24864999260999999   0.60048272933530598
 -0.24864199260999999   0.60048527489425831
 -0.24863399260999999   0.60048782034926634
 -0.24862599260999999   0.60049036570042350
 -0.24861799260999999   0.60049291094782876
 -0.24860999260999999   0.60049545609158659
 -0.24860199260999999   0.60049800113180695
 -0.24859399260999999   0.60050054606860524
 -0.24858599260999999   0.60050309090210227
 -0.24857799260999999   0.60050563563242421
 -0.24856999260999999   0.60050818025970259
 -0.24856199260999999   0.60051072478407423
 -0.24855399260999999   0.60051326920568122
 -0.24854599260999999   0.60051581352467086
 -0.24853799260999999   0.60051835774119563
 -0.24852999260999999   0.60052090185541316
 -0.24852199260999999   0.60052344586748615
 -0.24851399260999999   0.60052598977758236
 -0.24850599260999999   0.60052853358587455
 -0.24849799260999999   0.60053107729254042
 -0.24848999260999999   0.60053362089776259
 -0.24848199260999999   0.60053616440172852
 -0.24847399260999999   0.60053870780463048
 -0.24846599260999999   0.60054125110666548
 -0.24845799260999999   0.60054379430803523
 -0.24844999260999999   0.60054633740894608
 -0.24844199260999999   0.60054888040960897
 -0.24843399260999999   0.60055142331023937
 -0.24842599260999999   0.60055396611105721
 -0.24841799260999999   0.60055650881228684
 -0.24840999260999999   0.60055905141415697
 -0.24840199260999999   0.60056159391690059
 -0.24839399260999999   0.60056413632075492
 -0.24838599260999999   0.60056667862596135
 -0.24837799260999999   0.60056922083276539
 -0.24836999260999999   0.60057176294141656
 -0.24836199260999999   0.60057430495216838
 -0.24835399260999999   0.60057684686527826
 -0.24834599260999999   0.60057938868100746
 -0.24833799260999999   0.60058193039962102
 -0.24832999260999999   0.60058447202138766
 -0.24832199260999999   0.60058701354657975
 -0.24831399260999999   0.60058955497547323
 -0.24830599260999999   0.60059209630834752
 -0.24829799260999999   0.60059463754548547
 -0.24828999260999999   0.60059717868717326
 -0.24828199260999999   0.60059971973370036
 -0.24827399260999999   0.60060226068535944
 -0.24826599260999999   0.60060480154244628
 -0.24825799260999999   0.60060734230525973
 -0.24824999260999999   0.60060988297410160
 -0.24824199260999999   0.60061242354927660
 -0.24823399260999999   0.60061496403109226
 -0.24822599260999999   0.60061750441985884
 -0.24821799260999999   0.60062004471588928
 -0.24820999260999999   0.60062258491949908
 -0.24820199260999999   0.60062512503100627
 -0.24819399260999999   0.60062766505073129
 -0.24818599260999999   0.60063020497899691
 -0.24817799260999999   0.60063274481612818
 -0.24816999260999999   0.60063528456245231
 -0.24816199260999999   0.60063782421829864
 -0.24815399260999999   0.60064036378399849
 -0.24814599260999999   0.60064290325988512
 -0.24813799260999999   0.60064544264629364
 -0.24812999260999999   0.60064798194356093
 -0.24812199260999999   0.60065052115202555
 -0.24811399260999999   0.60065306027202765
 -0.24810599260999999   0.60065559930390888
 -0.24809799260999999   0.60065813824801233
 -0.24808999260999999   0.60066067710468244
 -0.24808199260999999   0.60066321587426487
 -0.24807399260999999   0.60066575455710649
 -0.24806599260999999   0.60066829315355522
 -0.24805799260999999   0.60067083166395999
 -0.24804999260999999   0.60067337008867064
 -0.24804199260999999   0.60067590842803783
 -0.24803399260999999   0.60067844668241296
 -0.24802599260999999   0.60068098485214808
 -0.24801799260999999   0.60068352293759580
 -0.24800999260999999   0.60068606093910919
 -0.24800199260999999   0.60068859885704174
 -0.24799399260999999   0.60069113669174721
 -0.24798599260999999   0.60069367444357960
 -0.24797799260999999   0.60069621211289301
 -0.24796999260999999   0.60069874970004160
 -0.24796199260999999   0.60070128720537948
 -0.24795399260999999   0.60070382462926061
 -0.24794599260999999   0.60070636197203873
 -0.24793799260999999   0.60070889923406729
 -0.24792999260999999   0.60071143641569933
 -0.24792199260999999   0.60071397351728739
 -0.24791399260999999   0.60071651053918347
 -0.24790599260999999   0.60071904748173890
 -0.24789799260999999   0.60072158434530426
 -0.24788999260999999   0.60072412113022930
 -0.24788199260999999   0.60072665783686287
 -0.24787399260999999   0.60072919446555282
 -0.24786599260999999   0.60073173101664588
 -0.24785799260999999   0.60073426749048766
 -0.24784999260999999   0.60073680388742246
 -0.24784199260999999   0.60073934020779328
 -0.24783399260999999   0.60074187645194167
 -0.24782599260999999   0.60074441262020768
 -0.24781799260999999   0.60074694871292976
 -0.24780999260999999   0.60074948473044470
 -0.24780199260999999   0.60075202067308752
 -0.24779399260999999   0.60075455654119138
 -0.24778599260999999   0.60075709233508755
 -0.24777799260999999   0.60075962805510528
 -0.24776999260999999   0.60076216370157172
 -0.24776199260999999   0.60076469927481186
 -0.24775399260999999   0.60076723477514847
 -0.24774599260999999   0.60076977020290195
 -0.24773799260999999   0.60077230555839032
 -0.24772999260999999   0.60077484084192912
 -0.24772199260999999   0.60077737605383131
 -0.24771399260999999   0.60077991119440722
 -0.24770599260999999   0.60078244626396447
 -0.24769799260999999   0.60078498126280787
 -0.24768999260999999   0.60078751619123939
 -0.24768199260999999   0.60079005104955802
 -0.24767399260999999   0.60079258583805977
 -0.24766599260999999   0.60079512055703754
 -0.24765799260999999   0.60079765520678108
 -0.24764999260999999   0.60080018978757688
 -0.24764199260999999   0.60080272429970816
 -0.24763399260999999   0.60080525874345473
 -0.24762599260999999   0.60080779311909299
 -0.24761799260999999   0.60081032742689579
 -0.24760999260999999   0.60081286166713243
 -0.24760199260999999   0.60081539584006853
 -0.24759399260999999   0.60081792994596601
 -0.24758599260999999   0.60082046398508300
 -0.24757799260999999   0.60082299795767381
 -0.24756999260999999   0.60082553186398880
 -0.24756199260999999   0.60082806570427439
 -0.24755399260999999   0.60083059947877295
 -0.24754599260999999   0.60083313318772276
 -0.24753799260999999   0.60083566683135793
 -0.24752999260999999   0.60083820040990838
 -0.24752199260999999   0.60084073392359973
 -0.24751399260999999   0.60084326737265331
 -0.24750599260999999   0.60084580075728601
 -0.24749799260999999   0.60084833407771034
 -0.24748999260999999   0.60085086733413426
 -0.24748199260999999   0.60085340052676122
 -0.24747399260999999   0.60085593365579006
 -0.24746599260999999   0.60085846672141496
 -0.24745799260999999   0.60086099972382542
 -0.24744999260999999   0.60086353266320617
 -0.24744199260999999   0.60086606553973717
 -0.24743399260999999   0.60086859835359352
 -0.24742599260999999   0.60087113110494544
 -0.24741799260999999   0.60087366379395822
 -0.24740999260999999   0.60087619642079218
 -0.24740199260999999   0.60087872898560262
 -0.24739399260999999   0.60088126148853978
 -0.24738599260999999   0.60088379392974883
 -0.24737799260999999   0.60088632630936978
 -0.24736999260999999   0.60088885862753748
 -0.24736199260999999   0.60089139088438160
 -0.24735399260999999   0.60089392308002654
 -0.24734599260999999   0.60089645521459145
 -0.24733799260999999   0.60089898728819017
 -0.24732999260999999   0.60090151930093120
 -0.24732199260999999   0.60090405125291771
 -0.24731399260999999   0.60090658314424744
 -0.24730599260999999   0.60090911497501275
 -0.24729799260999999   0.60091164674530054
 -0.24728999260999999   0.60091417845519225
 -0.24728199260999999   0.60091671010476384
 -0.24727399260999999   0.60091924169408576
 -0.24726599260999999   0.60092177322322294
 -0.24725799260999999   0.60092430469223475
 -0.24724999260999999   0.60092683610117503
 -0.24724199260999999   0.60092936745009200
 -0.24723399260999999   0.60093189873902833
 -0.24722599260999999   0.60093442996802106
 -0.24721799260999999   0.60093696113710164
 -0.24720999260999999   0.60093949224629587
 -0.24720199260999999   0.60094202329562394
 -0.24719399260999999   0.60094455428510039
 -0.24718599260999999   0.60094708521473412
 -0.24717799260999999   0.60094961608452837
 -0.24716999260999999   0.60095214689448075
 -0.24716199260999999   0.60095467764458321
 -0.24715399260999999   0.60095720833482203
 -0.24714599260999999   0.60095973896517786
 -0.24713799260999999   0.60096226953562571
 -0.24712999260999999   0.60096480004613491
 -0.24712199260999999   0.60096733049666920
 -0.24711399260999999   0.60096986088718666
 -0.24710599260999999   0.60097239121763976
 -0.24709799260999999   0.60097492148797536
 -0.24708999260999999   0.60097745169813472
 -0.24708199260999999   0.60097998184805353
 -0.24707399260999999   0.60098251193766188
 -0.24706599260999999   0.60098504196688435
 -0.24705799260999999   0.60098757193563993
 -0.24704999260999999   0.60099010184384215
 -0.24704199260999999   0.60099263169139901
 -0.24703399260999999   0.60099516147821304
 -0.24702599260999999   0.60099769120418133
 -0.24701799260999999   0.60100022086919553
 -0.24700999260999999   0.60100275047314191
 -0.24700199260999999   0.60100528001590135
 -0.24699399260999999   0.60100780949734939
 -0.24698599260999999   0.60101033891735628
 -0.24697799260999999   0.60101286827578697
 -0.24696999260999999   0.60101539757250117
 -0.24696199260999999   0.60101792680735337
 -0.24695399260999999   0.60102045598019290
 -0.24694599260999999   0.60102298509086394
 -0.24693799260999999   0.60102551413920558
 -0.24692999260999999   0.60102804312505185
 -0.24692199260999999   0.60103057204823177
 -0.24691399260999999   0.60103310090856936
 -0.24690599260999999   0.60103562970588375
 -0.24689799260999999   0.60103815843998915
 -0.24688999260999999   0.60104068711069496
 -0.24688199260999999   0.60104321571780578
 -0.24687399260999999   0.60104574426112148
 -0.24686599260999999   0.60104827274043723
 -0.24685799260999999   0.60105080115554357
 -0.24684999260999999   0.60105332950622647
 -0.24684199260999999   0.60105585779226736
 -0.24683399260999999   0.60105838601344320
 -0.24682599260999999   0.60106091416952653
 -0.24681799260999999   0.60106344226028556
 -0.24680999260999999   0.60106597028548417
 -0.24680199260999999   0.60106849824488204
 -0.24679399260999999   0.60107102613823464
 -0.24678599260999999   0.60107355396529336
 -0.24677799260999999   0.60107608172580553
 -0.24676999260999999   0.60107860941951450
 -0.24676199260999999   0.60108113704615971
 -0.24675399260999999   0.60108366460547674
 -0.24674599260999999   0.60108619209719741
 -0.24673799260999999   0.60108871952104981
 -0.24672999260999999   0.60109124687675841
 -0.24672199260999999   0.60109377416404411
 -0.24671399260999999   0.60109630138262431
 -0.24670599260999999   0.60109882853221299
 -0.24669799260999999   0.60110135561252079
 -0.24668999260999999   0.60110388262325506
 -0.24668199260999999   0.60110640956411997
 -0.24667399260999999   0.60110893643481658
 -0.24666599260999999   0.60111146323504290
 -0.24665799260999999   0.60111398996449398
 -0.24664999260999999   0.60111651662286198
 -0.24664199260999999   0.60111904320983628
 -0.24663399260999999   0.60112156972510352
 -0.24662599260999999   0.60112409616834772
 -0.24661799260999999   0.60112662253925033
 -0.24660999260999999   0.60112914883749035
 -0.24660199260999999   0.60113167506274436
 -0.24659399260999999   0.60113420121468666
 -0.24658599260999999   0.60113672729298934
 -0.24657799260999999   0.60113925329732233
 -0.24656999260999999   0.60114177922735356
 -0.24656199260999999   0.60114430508274895
 -0.24655399260999999   0.60114683086317259
 -0.24654599260999999   0.60114935656828677
 -0.24653799260999999   0.60115188219775210
 -0.24652999260999999   0.60115440775122757
 -0.24652199260999999   0.60115693322837067
 -0.24651399260999999   0.60115945862883747
 -0.24650599260999999   0.60116198395228267
 -0.24649799260999999   0.60116450919835978
 -0.24648999260999999   0.60116703436672111
 -0.24648199260999999   0.60116955945701795
 -0.24647399260999999   0.60117208446890059
 -0.24646599260999999   0.60117460940201846
 -0.24645799260999999   0.60117713425602019
 -0.24644999260999999   0.60117965903055374
 -0.24644199260999999   0.60118218372526644
 -0.24643399260999999   0.60118470833980515
 -0.24642599260999999   0.60118723287381627
 -0.24641799260999999   0.60118975732694591
 -0.24640999260999999   0.60119228169883995
 -0.24640199260999999   0.60119480598914410
 -0.24639399260999999   0.60119733019750408
 -0.24638599260999999   0.60119985432356562
 -0.24637799260999999   0.60120237836697459
 -0.24636999260999999   0.60120490232737712
 -0.24636199260999999   0.60120742620441965
 -0.24635399260999999   0.60120994999774904
 -0.24634599260999999   0.60121247370701268
 -0.24633799260999999   0.60121499733185854
 -0.24632999260999999   0.60121752087193531
 -0.24632199260999999   0.60122004432689244
 -0.24631399260999999   0.60122256769638030
 -0.24630599260999999   0.60122509098005019
 -0.24629799260999999   0.60122761417755450
 -0.24628999260999999   0.60123013728854676
 -0.24628199260999999   0.60123266031268176
 -0.24627399260999999   0.60123518324961559
 -0.24626599260999999   0.60123770609900579
 -0.24625799260999999   0.60124022886051141
 -0.24624999260999999   0.60124275153379309
 -0.24624199260999999   0.60124527411851316
 -0.24623399260999999   0.60124779661433574
 -0.24622599260999999   0.60125031902092678
 -0.24621799260999999   0.60125284133795421
 -0.24620999260999999   0.60125536356508799
 -0.24620199260999999   0.60125788570200018
 -0.24619399260999999   0.60126040774836507
 -0.24618599260999999   0.60126292970385923
 -0.24617799260999999   0.60126545156816159
 -0.24616999260999999   0.60126797334095356
 -0.24616199260999999   0.60127049502191905
 -0.24615399260999999   0.60127301661074462
 -0.24614599260999999   0.60127553810711951
 -0.24613799260999999   0.60127805951073575
 -0.24612999260999999   0.60128058082128822
 -0.24612199260999999   0.60128310203847473
 -0.24611399260999999   0.60128562316199611
 -0.24610599260999999   0.60128814419155625
 -0.24609799260999999   0.60129066512686225
 -0.24608999260999999   0.60129318596762441
 -0.24608199260999999   0.60129570671355634
 -0.24607399260999999   0.60129822736437505
 -0.24606599260999999   0.60130074791980100
 -0.24605799260999999   0.60130326837955817
 -0.24604999260999999   0.60130578874337413
 -0.24604199260999999   0.60130830901098011
 -0.24603399260999999   0.60131082918211109
 -0.24602599260999999   0.60131334925650582
 -0.24601799260999999   0.60131586923390693
 -0.24600999260999999   0.60131838911406096
 -0.24600199260999999   0.60132090889671845
 -0.24599399260999999   0.60132342858163399
 -0.24598599260999999   0.60132594816856627
 -0.24597799260999999   0.60132846765727815
 -0.24596999260999999   0.60133098704753674
 -0.24596199260999999   0.60133350633911341
 -0.24595399260999999   0.60133602553178388
 -0.24594599260999999   0.60133854462532828
 -0.24593799260999999   0.60134106361953117
 -0.24592999260999999   0.60134358251418162
 -0.24592199260999999   0.60134610130907326
 -0.24591399260999999   0.60134862000400431
 -0.24590599260999999   0.60135113859877766
 -0.24589799260999999   0.60135365709320088
 -0.24588999260999999   0.60135617548708630
 -0.24588199260999999   0.60135869378025103
 -0.24587399260999999   0.60136121197251701
 -0.24586599260999999   0.60136373006371107
 -0.24585799260999999   0.60136624805366493
 -0.24584999260999999   0.60136876594221529
 -0.24584199260999999   0.60137128372920384
 -0.24583399260999999   0.60137380141447728
 -0.24582599260999999   0.60137631899788739
 -0.24581799260999999   0.60137883647929104
 -0.24580999260999999   0.60138135385855024
 -0.24580199260999999   0.60138387113553216
 -0.24579399260999999   0.60138638831010915
 -0.24578599260999999   0.60138890538215880
 -0.24577799260999999   0.60139142235156393
 -0.24576999260999999   0.60139393921821264
 -0.24576199260999999   0.60139645598199832
 -0.24575399260999999   0.60139897264281968
 -0.24574599260999999   0.60140148920058079
 -0.24573799260999999   0.60140400565519106
 -0.24572999260999999   0.60140652200656528
 -0.24572199260999999   0.60140903825462364
 -0.24571399260999999   0.60141155439929174
 -0.24570599260999999   0.60141407044050063
 -0.24569799260999999   0.60141658637818675
 -0.24568999260999999   0.60141910221229203
 -0.24568199260999999   0.60142161794276385
 -0.24567399260999999   0.60142413356955505
 -0.24566599260999999   0.60142664909262397
 -0.24565799260999999   0.60142916451193440
 -0.24564999260999999   0.60143167982745565
 -0.24564199260999999   0.60143419503916248
 -0.24563399260999999   0.60143671014703518
 -0.24562599260999999   0.60143922515105951
 -0.24561799260999999   0.60144174005122672
 -0.24560999260999999   0.60144425484753356
 -0.24560199260999999   0.60144676953998225
 -0.24559399260999999   0.60144928412858051
 -0.24558599260999999   0.60145179861334149
 -0.24557799260999999   0.60145431299428385
 -0.24556999260999999   0.60145682727143167
 -0.24556199260999999   0.60145934144481449
 -0.24555399260999999   0.60146185551446729
 -0.24554599260999999   0.60146436948043044
 -0.24553799260999999   0.60146688334274973
 -0.24552999260999999   0.60146939710147634
 -0.24552199260999999   0.60147191075666681
 -0.24551399260999999   0.60147442430838303
 -0.24550599260999999   0.60147693775669223
 -0.24549799260999999   0.60147945110166694
 -0.24548999260999999   0.60148196434338498
 -0.24548199260999999   0.60148447748192943
 -0.24547399260999999   0.60148699051738861
 -0.24546599260999999   0.60148950344985603
 -0.24545799260999999   0.60149201627943043
 -0.24544999260999999   0.60149452900621565
 -0.24544199260999999   0.60149704163032069
 -0.24543399260999999   0.60149955415185963
 -0.24542599260999999   0.60150206657095160
 -0.24541799260999999   0.60150457888772077
 -0.24540999260999999   0.60150709110229630
 -0.24540199260999999   0.60150960321481229
 -0.24539399260999999   0.60151211522540777
 -0.24538599260999999   0.60151462713422665
 -0.24537799260999999   0.60151713894141767
 -0.24536999260999999   0.60151965064713438
 -0.24536199260999999   0.60152216225153507
 -0.24535399260999999   0.60152467375478275
 -0.24534599260999999   0.60152718515704510
 -0.24533799260999999   0.60152969645849444
 -0.24532999260999999   0.60153220765930765
 -0.24532199260999999   0.60153471875966613
 -0.24531399260999999   0.60153722975975579
 -0.24530599260999999   0.60153974065976697
 -0.24529799260999999   0.60154225145989436
 -0.24528999260999999   0.60154476216033702
 -0.24528199260999999   0.60154727276129828
 -0.24527399260999999   0.60154978326298568
 -0.24526599260999999   0.60155229366561095
 -0.24525799260999999   0.60155480396938994
 -0.24524999260999999   0.60155731417454254
 -0.24524199260999999   0.60155982428129266
 -0.24523399260999999   0.60156233428986817
 -0.24522599260999999   0.60156484420050079
 -0.24521799260999999   0.60156735401342611
 -0.24520999260999999   0.60156986372888346
 -0.24520199260999999   0.60157237334711588
 -0.24519399260999999   0.60157488286837008
 -0.24518599260999999   0.60157739229289633
 -0.24517799260999999   0.60157990162094842
 -0.24516999260999999   0.60158241085278360
 -0.24516199260999999   0.60158491998866251
 -0.24515399260999999   0.60158742902884912
 -0.24514599260999999   0.60158993797361064
 -0.24513799260999999   0.60159244682321748
 -0.24512999260999999   0.60159495557794319
 -0.24512199260999999   0.60159746423806435
 -0.24511399260999999   0.60159997280386053
 -0.24510599260999999   0.60160248127561422
 -0.24509799260999999   0.60160498965361077
 -0.24508999260999999   0.60160749793813827
 -0.24508199260999999   0.60161000612948755
 -0.24507399260999999   0.60161251422795204
 -0.24506599260999999   0.60161502223382774
 -0.24505799260999999   0.60161753014741315
 -0.24504999260999999   0.60162003796900915
 -0.24504199260999999   0.60162254569891898
 -0.24503399260999999   0.60162505333744814
 -0.24502599260999999   0.60162756088490432
 -0.24501799260999999   0.60163006834159730
 -0.24500999260999999   0.60163257570783892
 -0.24500199260999999   0.60163508298394297
 -0.24499399260999999   0.60163759017022512
 -0.24498599260999999   0.60164009726700286
 -0.24497799260999999   0.60164260427459539
 -0.24496999260999999   0.60164511119332357
 -0.24496199260999999   0.60164761802350983
 -0.24495399260999999   0.60165012476547810
 -0.24494599260999999   0.60165263141955371
 -0.24493799260999999   0.60165513798606334
 -0.24492999260999999   0.60165764446533492
 -0.24492199260999999   0.60166015085769756
 -0.24491399260999999   0.60166265716348146
 -0.24490599260999999   0.60166516338301786
 -0.24489799260999999   0.60166766951663891
 -0.24488999260999999   0.60167017556467763
 -0.24488199260999999   0.60167268152746782
 -0.24487399260999999   0.60167518740534397
 -0.24486599260999999   0.60167769319864118
 -0.24485799260999999   0.60168019890769510
 -0.24484999260999999   0.60168270453284182
 -0.24484199260999999   0.60168521007441782
 -0.24483399260999999   0.60168771553275984
 -0.24482599260999999   0.60169022090820488
 -0.24481799260999999   0.60169272620109002
 -0.24480999260999999   0.60169523141175242
 -0.24480199260999999   0.60169773654052919
 -0.24479399260999999   0.60170024158775734
 -0.24478599260999999   0.60170274655377369
 -0.24477799260999999   0.60170525143891476
 -0.24476999260999999   0.60170775624351675
 -0.24476199260999999   0.60171026096791538
 -0.24475399260999999   0.60171276561244591
 -0.24474599260999999   0.60171527017744294
 -0.24473799260999999   0.60171777466324045
 -0.24472999260999999   0.60172027907017162
 -0.24472199260999999   0.60172278339856881
 -0.24471399260999999   0.60172528764876347
 -0.24470599260999999   0.60172779182108605
 -0.24469799260999999   0.60173029591586591
 -0.24468999260999999   0.60173279993343127
 -0.24468199260999999   0.60173530387410911
 -0.24467399260999999   0.60173780773822511
 -0.24466599260999999   0.60174031152610355
 -0.24465799260999999   0.60174281523806725
 -0.24464999260999999   0.60174531887443747
 -0.24464199260999999   0.60174782243553387
 -0.24463399260999999   0.60175032592167439
 -0.24462599260999999   0.60175282933317521
 -0.24461799260999999   0.60175533267035067
 -0.24460999260999999   0.60175783593351315
 -0.24460199260999999   0.60176033912297307
 -0.24459399260999999   0.60176284223903873
 -0.24458599260999999   0.60176534528201633
 -0.24457799260999999   0.60176784825220980
 -0.24456999260999999   0.60177035114992081
 -0.24456199260999999   0.60177285397544864
 -0.24455399260999999   0.60177535672909014
 -0.24454599260999999   0.60177785941113965
 -0.24453799260999999   0.60178036202188890
 -0.24452999260999999   0.60178286456162701
 -0.24452199260999999   0.60178536703064034
 -0.24451399260999999   0.60178786942921248
 -0.24450599260999999   0.60179037175762415
 -0.24449799260999999   0.60179287401615314
 -0.24448999260999999   0.60179537620507425
 -0.24448199260999999   0.60179787832465922
 -0.24447399260999999   0.60180038037517664
 -0.24446599260999999   0.60180288235689195
 -0.24445799260999999   0.60180538427006728
 -0.24444999260999999   0.60180788611496148
 -0.24444199260999999   0.60181038789183000
 -0.24443399260999999   0.60181288960092484
 -0.24442599260999999   0.60181539124249451
 -0.24441799260999999   0.60181789281678392
 -0.24440999260999999   0.60182039432403439
 -0.24440199260999999   0.60182289576448353
 -0.24439399260999999   0.60182539713836520
 -0.24438599260999999   0.60182789844590949
 -0.24437799260999999   0.60183039968734259
 -0.24436999260999999   0.60183290086288681
 -0.24436199260999999   0.60183540197276047
 -0.24435399260999999   0.60183790301717788
 -0.24434599260999999   0.60184040399634928
 -0.24433799260999999   0.60184290491048076
 -0.24432999260999999   0.60184540575977426
 -0.24432199260999999   0.60184790654442748
 -0.24431399260999999   0.60185040726463384
 -0.24430599260999999   0.60185290792058244
 -0.24429799260999999   0.60185540851245802
 -0.24428999260999999   0.60185790904044089
 -0.24428199260999999   0.60186040950470689
 -0.24427399260999999   0.60186290990542737
 -0.24426599260999999   0.60186541024276914
 -0.24425799260999999   0.60186791051689439
 -0.24424999260999999   0.60187041072796070
 -0.24424199260999999   0.60187291087612099
 -0.24423399260999999   0.60187541096152344
 -0.24422599260999999   0.60187791098431150
 -0.24421799260999999   0.60188041094462385
 -0.24420999260999999   0.60188291084259434
 -0.24420199260999999   0.60188541067835195
 -0.24419399260999999   0.60188791045202081
 -0.24418599260999999   0.60189041016372012
 -0.24417799260999999   0.60189290981356411
 -0.24416999260999999   0.60189540940166208
 -0.24416199260999999   0.60189790892811828
 -0.24415399260999999   0.60190040839303196
 -0.24414599260999999   0.60190290779649729
 -0.24413799260999999   0.60190540713860338
 -0.24412999260999999   0.60190790641943422
 -0.24412199260999999   0.60191040563906868
 -0.24411399260999999   0.60191290479758047
 -0.24410599260999999   0.60191540389503816
 -0.24409799260999999   0.60191790293150509
 -0.24408999260999999   0.60192040190703944
 -0.24408199260999999   0.60192290082169415
 -0.24407399260999999   0.60192539967551693
 -0.24406599260999999   0.60192789846855023
 -0.24405799260999999   0.60193039720083127
 -0.24404999260999999   0.60193289587239197
 -0.24404199260999999   0.60193539448325899
 -0.24403399260999999   0.60193789303345370
 -0.24402599260999999   0.60194039152299216
 -0.24401799260999999   0.60194288995188515
 -0.24400999260999999   0.60194538832013814
 -0.24400199260999999   0.60194788662775128
 -0.24399399260999999   0.60195038487471943
 -0.24398599260999999   0.60195288306103213
 -0.24397799260999999   0.60195538118667362
 -0.24396999260999999   0.60195787925162283
 -0.24396199260999999   0.60196037725585338
 -0.24395399260999999   0.60196287519933360
 -0.24394599260999999   0.60196537308202653
 -0.24393799260999999   0.60196787090388993
 -0.24392999260999999   0.60197036866487628
 -0.24392199260999999   0.60197286636493281
 -0.24391399260999999   0.60197536400400146
 -0.24390599260999999   0.60197786158201899
 -0.24389799260999999   0.60198035909891688
 -0.24388999260999999   0.60198285655462143
 -0.24388199260999999   0.60198535394905374
 -0.24387399260999999   0.60198785128212974
 -0.24386599260999999   0.60199034855376020
 -0.24385799260999999   0.60199284576385077
 -0.24384999260999999   0.60199534291230196
 -0.24384199260999999   0.60199783999900923
 -0.24383399260999999   0.60200033702386295
 -0.24382599260999999   0.60200283398674846
 -0.24381799260999999   0.60200533088754610
 -0.24380999260999999   0.60200782772613121
 -0.24380199260999999   0.60201032450237421
 -0.24379399260999999   0.60201282121614057
 -0.24378599260999999   0.60201531786729089
 -0.24377799260999999   0.60201781445568091
 -0.24376999260999999   0.60202031098116157
 -0.24376199260999999   0.60202280744357900
 -0.24375399260999999   0.60202530384277462
 -0.24374599260999999   0.60202780017858511
 -0.24373799260999999   0.60203029645084252
 -0.24372999260999999   0.60203279265937426
 -0.24372199260999999   0.60203528880400315
 -0.24371399260999999   0.60203778488454750
 -0.24370599260999999   0.60204028090082110
 -0.24369799260999999   0.60204277685263331
 -0.24368999260999999   0.60204527273978909
 -0.24368199260999999   0.60204776856208905
 -0.24367399260999999   0.60205026431932951
 -0.24366599260999999   0.60205276001130251
 -0.24365799260999999   0.60205525563779593
 -0.24364999260999999   0.60205775119859348
 -0.24364199260999999   0.60206024669347478
 -0.24363399260999999   0.60206274212221544
 -0.24362599260999999   0.60206523748458707
 -0.24361799260999999   0.60206773278035736
 -0.24360999260999999   0.60207022800929013
 -0.24360199260999999   0.60207272317114542
 -0.24359399260999999   0.60207521826567950
 -0.24358599260999999   0.60207771329264498
 -0.24357799260999999   0.60208020825179084
 -0.24356999260999999   0.60208270314286250
 -0.24356199260999999   0.60208519796560190
 -0.24355399260999999   0.60208769271974754
 -0.24354599260999999   0.60209018740503456
 -0.24353799260999999   0.60209268202119483
 -0.24352999260999999   0.60209517656795696
 -0.24352199260999999   0.60209767104504643
 -0.24351399260999999   0.60210016545218562
 -0.24350599260999999   0.60210265978909391
 -0.24349799260999999   0.60210515405548771
 -0.24348999260999999   0.60210764825108057
 -0.24348199260999999   0.60211014237558324
 -0.24347399260999999   0.60211263642870375
 -0.24346599260999999   0.60211513041014747
 -0.24345799260999999   0.60211762431961719
 -0.24344999260999999   0.60212011815681320
 -0.24344199260999999   0.60212261192143338
 -0.24343399260999999   0.60212510561317324
 -0.24342599260999999   0.60212759923172603
 -0.24341799260999999   0.60213009277678282
 -0.24340999260999999   0.60213258624803255
 -0.24340199260999999   0.60213507964516213
 -0.24339399260999999   0.60213757296785652
 -0.24338599260999999   0.60214006621579881
 -0.24337799260999999   0.60214255938867029
 -0.24336999260999999   0.60214505248615055
 -0.24336199260999999   0.60214754550791754
 -0.24335399260999999   0.60215003845364767
 -0.24334599260999999   0.60215253132301589
 -0.24333799260999999   0.60215502411569577
 -0.24332999260999999   0.60215751683135958
 -0.24332199260999999   0.60216000946967837
 -0.24331399260999999   0.60216250203032208
 -0.24330599260999999   0.60216499451295958
 -0.24329799260999999   0.60216748691725881
 -0.24328999260999999   0.60216997924288682
 -0.24328199260999999   0.60217247148950987
 -0.24327399260999999   0.60217496365679351
 -0.24326599260999999   0.60217745574440269
 -0.24325799260999999   0.60217994775200182
 -0.24324999260999999   0.60218243967925486
 -0.24324199260999999   0.60218493152582540
 -0.24323399260999999   0.60218742329137678
 -0.24322599260999999   0.60218991497557212
 -0.24321799260999999   0.60219240657807448
 -0.24320999260999999   0.60219489809854685
 -0.24320199260999999   0.60219738953665234
 -0.24319399260999999   0.60219988089205418
 -0.24318599260999999   0.60220237216441585
 -0.24317799260999999   0.60220486335340117
 -0.24316999260999999   0.60220735445867437
 -0.24316199260999999   0.60220984547990015
 -0.24315399260999999   0.60221233641674384
 -0.24314599260999999   0.60221482726887140
 -0.24313799260999999   0.60221731803594957
 -0.24312999260999999   0.60221980871764591
 -0.24312199260999999   0.60222229931362892
 -0.24311399260999999   0.60222478982356808
 -0.24310599260999999   0.60222728024713400
 -0.24309799260999999   0.60222977058399844
 -0.24308999260999999   0.60223226083383442
 -0.24308199260999999   0.60223475099631630
 -0.24307399260999999   0.60223724107111988
 -0.24306599260999999   0.60223973105792244
 -0.24305799260999999   0.60224222095640287
 -0.24304999260999999   0.60224471076624171
 -0.24304199260999999   0.60224720048712125
 -0.24303399260999999   0.60224969011872563
 -0.24302599260999999   0.60225217966074087
 -0.24301799260999999   0.60225466911285500
 -0.24300999260999999   0.60225715847475809
 -0.24300199260999999   0.60225964774614239
 -0.24299399260999999   0.60226213692670232
 -0.24298599260999999   0.60226462601613466
 -0.24297799260999999   0.60226711501413850
 -0.24296999260999999   0.60226960392041541
 -0.24296199260999999   0.60227209273466950
 -0.24295399260999999   0.60227458145660743
 -0.24294599260999999   0.60227707008593857
 -0.24293799260999999   0.60227955862237500
 -0.24292999260999999   0.60228204706563165
 -0.24292199260999999   0.60228453541542630
 -0.24291399260999999   0.60228702367147969
 -0.24290599260999999   0.60228951183351560
 -0.24289799260999999   0.60229199990126089
 -0.24288999260999999   0.60229448787444556
 -0.24288199260999999   0.60229697575280286
 -0.24287399260999999   0.60229946353606933
 -0.24286599260999999   0.60230195122398484
 -0.24285799260999999   0.60230443881629271
 -0.24284999260999999   0.60230692631273970
 -0.24284199260999999   0.60230941371307616
 -0.24283399260999999   0.60231190101705601
 -0.24282599260999999   0.60231438822443684
 -0.24281799260999999   0.60231687533497996
 -0.24280999260999999   0.60231936234845047
 -0.24280199260999999   0.60232184926461730
 -0.24279399260999999   0.60232433608325327
 -0.24278599260999999   0.60232682280413514
 -0.24277799260999999   0.60232930942704367
 -0.24276999260999999   0.60233179595176370
 -0.24276199260999999   0.60233428237808414
 -0.24275399260999999   0.60233676870579805
 -0.24274599260999999   0.60233925493470272
 -0.24273799260999999   0.60234174106459968
 -0.24272999260999999   0.60234422709529474
 -0.24272199260999999   0.60234671302659806
 -0.24271399260999999   0.60234919885832421
 -0.24270599260999999   0.60235168459029216
 -0.24269799260999999   0.60235417022232537
 -0.24268999260999999   0.60235665575425179
 -0.24268199260999999   0.60235914118590395
 -0.24267399260999999   0.60236162651711895
 -0.24266599260999999   0.60236411174773853
 -0.24265799260999999   0.60236659687760908
 -0.24264999260999999   0.60236908190658172
 -0.24264199260999999   0.60237156683451225
 -0.24263399260999999   0.60237405166126128
 -0.24262599260999999   0.60237653638669420
 -0.24261799260999999   0.60237902101068121
 -0.24260999260999999   0.60238150553309738
 -0.24260199260999999   0.60238398995382267
 -0.24259399260999999   0.60238647427274190
 -0.24258599260999999   0.60238895848974488
 -0.24257799260999999   0.60239144260472634
 -0.24256999260999999   0.60239392661758599
 -0.24256199260999999   0.60239641052822853
 -0.24255399260999999   0.60239889433656370
 -0.24254599260999999   0.60240137804250626
 -0.24253799260999999   0.60240386164597600
 -0.24252999260999999   0.60240634514689783
 -0.24252199260999999   0.60240882854520168
 -0.24251399260999999   0.60241131184082263
 -0.24250599260999999   0.60241379503370082
 -0.24249799260999999   0.60241627812378154
 -0.24248999260999999   0.60241876111101519
 -0.24248199260999999   0.60242124399535730
 -0.24247399260999999   0.60242372677676855
 -0.24246599260999999   0.60242620945521477
 -0.24245799260999999   0.60242869203066692
 -0.24244999260999999   0.60243117450310113
 -0.24244199260999999   0.60243365687249867
 -0.24243399260999999   0.60243613913884599
 -0.24242599260999999   0.60243862130213465
 -0.24241799260999999   0.60244110336236141
 -0.24240999260999999   0.60244358531952812
 -0.24240199260999999   0.60244606717364184
 -0.24239399260999999   0.60244854892471470
 -0.24238599260999999   0.60245103057276399
 -0.24237799260999999   0.60245351211781213
 -0.24236999260999999   0.60245599355988663
 -0.24236199260999999   0.60245847489902010
 -0.24235399260999999   0.60246095613525025
 -0.24234599260999999   0.60246343726861984
 -0.24233799260999999   0.60246591829917672
 -0.24232999260999999   0.60246839922697375
 -0.24232199260999999   0.60247088005206884
 -0.24231399260999999   0.60247336077452488
 -0.24230599260999999   0.60247584139440977
 -0.24229799260999999   0.60247832191179636
 -0.24228999260999999   0.60248080232676246
 -0.24228199260999999   0.60248328263939079
 -0.24227399260999999   0.60248576284976896
 -0.24226599260999999   0.60248824295798947
 -0.24225799260999999   0.60249072296414965
 -0.24224999260999999   0.60249320286835165
 -0.24224199260999999   0.60249568267070240
 -0.24223399260999999   0.60249816237131362
 -0.24222599260999999   0.60250064197030172
 -0.24221799260999999   0.60250312146778782
 -0.24220999260999999   0.60250560086389771
 -0.24220199260999999   0.60250808015876180
 -0.24219399260999999   0.60251055935251508
 -0.24218599260999999   0.60251303844529713
 -0.24217799260999999   0.60251551743725201
 -0.24216999260999999   0.60251799632852829
 -0.24216199260999999   0.60252047511927897
