 -0.26950765922000000   0.59726755260393872
 -0.26949965922000000   0.59727036676552488
 -0.26949165922000000   0.59727317700294838
 -0.26948365922000000   0.59727598328810893
 -0.26947565922000000   0.59727878559990923
 -0.26946765922000000   0.59728158392475957
 -0.26945965922000000   0.59728437825703050
 -0.26945165922000000   0.59728716859945038
 -0.26944365922000000   0.59728995496344401
 -0.26943565922000000   0.59729273736940948
 -0.26942765922000000   0.59729551584693097
 -0.26941965922000000   0.59729829043492538
 -0.26941165922000000   0.59730106118172203
 -0.26940365922000000   0.59730382814507380
 -0.26939565922000000   0.59730659139210040
 -0.26938765922000000   0.59730935099916335
 -0.26937965922000000   0.59731210705167354
 -0.26937165922000000   0.59731485964383318
 -0.26936365922000000   0.59731760887831324
 -0.26935565922000000   0.59732035486586878
 -0.26934765922000000   0.59732309772489507
 -0.26933965922000000   0.59732583758092727
 -0.26933165922000000   0.59732857456608702
 -0.26932365922000000   0.59733130881847998
 -0.26931565922000000   0.59733404048154822
 -0.26930765922000000   0.59733676970338157
 -0.26929965922000000   0.59733949663599345
 -0.26929165922000000   0.59734222143456473
 -0.26928365922000000   0.59734494425666189
 -0.26927565922000000   0.59734766526143412
 -0.26926765922000000   0.59735038460879466
 -0.26925965922000000   0.59735310245859257
 -0.26925165922000000   0.59735581896977937
 -0.26924365922000000   0.59735853429957734
 -0.26923565922000000   0.59736124860265500
 -0.26922765922000000   0.59736396203031424
 -0.26921965922000000   0.59736667472969648
 -0.26921165922000000   0.59736938684301239
 -0.26920365922000000   0.59737209850680063
 -0.26919565922000000   0.59737480985122174
 -0.26918765922000000   0.59737752099939137
 -0.26917965922000000   0.59738023206675871
 -0.26917165922000000   0.59738294316053423
 -0.26916365922000000   0.59738565437917172
 -0.26915565922000000   0.59738836581190858
 -0.26914765922000000   0.59739107753836778
 -0.26913965922000000   0.59739378962822604
 -0.26913165922000000   0.59739650214094979
 -0.26912365922000000   0.59739921512560301
 -0.26911565922000000   0.59740192862072735
 -0.26910765922000000   0.59740464265429796
 -0.26909965922000000   0.59740735724375418
 -0.26909165922000000   0.59741007239610701
 -0.26908365922000000   0.59741278810812212
 -0.26907565922000000   0.59741550436657844
 -0.26906765922000000   0.59741822114860008
 -0.26905965922000000   0.59742093842206053
 -0.26905165922000000   0.59742365614605550
 -0.26904365922000000   0.59742637427144183
 -0.26903565922000000   0.59742909274143817
 -0.26902765922000000   0.59743181149228324
 -0.26901965922000000   0.59743453045394646
 -0.26901165922000000   0.59743724955088554
 -0.26900365922000000   0.59743996870284502
 -0.26899565922000000   0.59744268782568933
 -0.26898765922000000   0.59744540683226363
 -0.26897965922000000   0.59744812563327537
 -0.26897165922000000   0.59745084413818931
 -0.26896365922000000   0.59745356225612841
 -0.26895565922000000   0.59745627989677328
 -0.26894765922000000   0.59745899697125244
 -0.26893965922000000   0.59746171339301610
 -0.26893165922000000   0.59746442907868576
 -0.26892365922000000   0.59746714394887312
 -0.26891565922000000   0.59746985792896037
 -0.26890765922000000   0.59747257094983697
 -0.26889965922000000   0.59747528294858487
 -0.26889165922000000   0.59747799386910812
 -0.26888365922000000   0.59748070366270099
 -0.26887565922000000   0.59748341228854992
 -0.26886765922000000   0.59748611971416587
 -0.26885965922000000   0.59748882591574305
 -0.26885165922000000   0.59749153087844193
 -0.26884365922000000   0.59749423459659394
 -0.26883565922000000   0.59749693707382666
 -0.26882765922000000   0.59749963832310918
 -0.26881965922000000   0.59750233836671687
 -0.26881165922000000   0.59750503723611635
 -0.26880365922000000   0.59750773497177274
 -0.26879565922000000   0.59751043162287952
 -0.26878765922000000   0.59751312724701479
 -0.26877965922000000   0.59751582190972646
 -0.26877165922000000   0.59751851568404945
 -0.26876365922000000   0.59752120864996008
 -0.26875565922000000   0.59752390089377059
 -0.26874765922000000   0.59752659250747067
 -0.26873965922000000   0.59752928358801928
 -0.26873165922000000   0.59753197423659424
 -0.26872365922000000   0.59753466455780400
 -0.26871565922000000   0.59753735465886933
 -0.26870765922000000   0.59754004464878025
 -0.26869965922000000   0.59754273463743538
 -0.26869165922000000   0.59754542473477057
 -0.26868365922000000   0.59754811504988336
 -0.26867565922000000   0.59755080569016085
 -0.26866765922000000   0.59755349676041723
 -0.26865965922000000   0.59755618836204841
 -0.26865165922000000   0.59755888059221082
 -0.26864365922000000   0.59756157354303038
 -0.26863565922000000   0.59756426730084931
 -0.26862765922000000   0.59756696194551615
 -0.26861965922000000   0.59756965754972593
 -0.26861165922000000   0.59757235417841594
 -0.26860365922000000   0.59757505188822261
 -0.26859565922000000   0.59757775072700503
 -0.26858765922000000   0.59758045073343874
 -0.26857965922000000   0.59758315193668531
 -0.26857165922000000   0.59758585435614022
 -0.26856365922000000   0.59758855800126246
 -0.26855565922000000   0.59759126287148838
 -0.26854765922000000   0.59759396895623136
 -0.26853965922000000   0.59759667623496817
 -0.26853165922000000   0.59759938467741301
 -0.26852365922000000   0.59760209424377776
 -0.26851565922000000   0.59760480488511839
 -0.26850765922000000   0.59760751654376466
 -0.26849965922000000   0.59761022915383123
 -0.26849165922000000   0.59761294264180584
 -0.26848365922000000   0.59761565692721131
 -0.26847565922000000   0.59761837192333569
 -0.26846765922000000   0.59762108753802569
 -0.26845965922000000   0.59762380367453648
 -0.26845165922000000   0.59762652023243184
 -0.26844365922000000   0.59762923710852691
 -0.26843565922000000   0.59763195419786594
 -0.26842765922000000   0.59763467139472729
 -0.26841965922000000   0.59763738859364660
 -0.26841165922000000   0.59764010569045056
 -0.26840365922000000   0.59764282258329174
 -0.26839565922000000   0.59764553917367608
 -0.26838765922000000   0.59764825536747471
 -0.26837965922000000   0.59765097107591085
 -0.26837165922000000   0.59765368621651429
 -0.26836365922000000   0.59765640071403499
 -0.26835565922000000   0.59765911450130818
 -0.26834765922000000   0.59766182752006411
 -0.26833965922000000   0.59766453972167576
 -0.26833165922000000   0.59766725106783784
 -0.26832365922000000   0.59766996153117284
 -0.26831565922000000   0.59767267109575778
 -0.26830765922000000   0.59767537975756914
 -0.26829965922000000   0.59767808752484111
 -0.26829165922000000   0.59768079441833550
 -0.26828365922000000   0.59768350047152089
 -0.26827565922000000   0.59768620573065970
 -0.26826765922000000   0.59768891025480297
 -0.26825965922000000   0.59769161411569279
 -0.26825165922000000   0.59769431739757284
 -0.26824365922000000   0.59769702019690970
 -0.26823565922000000   0.59769972262202566
 -0.26822765922000000   0.59770242479264669
 -0.26821965922000000   0.59770512683936836
 -0.26821165922000000   0.59770782890304385
 -0.26820365922000000   0.59771053113409817
 -0.26819565922000000   0.59771323369177316
 -0.26818765922000000   0.59771593674330877
 -0.26817965922000000   0.59771864046306595
 -0.26817165922000000   0.59772134503159702
 -0.26816365922000000   0.59772405063466982
 -0.26815565922000000   0.59772675746225192
 -0.26814765922000000   0.59772946570746193
 -0.26813965922000000   0.59773217556549414
 -0.26813165922000000   0.59773488723252458
 -0.26812365922000000   0.59773760090460467
 -0.26811565922000000   0.59774031677655078
 -0.26810765922000000   0.59774303504083621
 -0.26809965922000000   0.59774575588649391
 -0.26809165922000000   0.59774847949803660
 -0.26808365922000000   0.59775120605440273
 -0.26807565922000000   0.59775393572793456
 -0.26806765922000000   0.59775666868339680
 -0.26805965922000000   0.59775940507704201
 -0.26805165922000000   0.59776214505573046
 -0.26804365922000000   0.59776488875611059
 -0.26803565922000000   0.59776763630386722
 -0.26802765922000000   0.59777038781304273
 -0.26801965922000000   0.59777314338543813
 -0.26801165922000000   0.59777590311009771
 -0.26800365922000000   0.59777866706288402
 -0.26799565922000000   0.59778143530614539
 -0.26798765922000000   0.59778420788848087
 -0.26797965922000000   0.59778698484460546
 -0.26797165922000000   0.59778976619531711
 -0.26796365922000000   0.59779255194756749
 -0.26795565922000000   0.59779534209463713
 -0.26794765922000000   0.59779813661641443
 -0.26793965922000000   0.59780093547977762
 -0.26793165922000000   0.59780373863907777
 -0.26792365922000000   0.59780654603671967
 -0.26791565922000000   0.59780935760383675
 -0.26790765922000000   0.59781217326105583
 -0.26789965922000000   0.59781499291934527
 -0.26789165922000000   0.59781781648094092
 -0.26788365922000000   0.59782064384034174
 -0.26787565922000000   0.59782347488536793
 -0.26786765922000000   0.59782630949827230
 -0.26785965922000000   0.59782914755689571
 -0.26785165922000000   0.59783198893585700
 -0.26784365922000000   0.59783483350776679
 -0.26783565922000000   0.59783768114445498
 -0.26782765922000000   0.59784053171820063
 -0.26781965922000000   0.59784338510295427
 -0.26781165922000000   0.59784624117554040
 -0.26780365922000000   0.59784909981683077
 -0.26779565922000000   0.59785196091287688
 -0.26778765922000000   0.59785482435599192
 -0.26777965922000000   0.59785769004577264
 -0.26777165922000000   0.59786055789005072
 -0.26776365922000000   0.59786342780576676
 -0.26775565922000000   0.59786629971975736
 -0.26774765922000000   0.59786917356944882
 -0.26773965922000000   0.59787204930345099
 -0.26773165922000000   0.59787492688204581
 -0.26772365922000000   0.59787780627756559
 -0.26771565922000000   0.59788068747465802
 -0.26770765922000000   0.59788357047043447
 -0.26769965922000000   0.59788645527450020
 -0.26769165922000000   0.59788934190886582
 -0.26768365922000000   0.59789223040773990
 -0.26767565922000000   0.59789512081720365
 -0.26766765922000000   0.59789801319477020
 -0.26765965922000000   0.59790090760883109
 -0.26765165922000000   0.59790380413799325
 -0.26764365922000000   0.59790670287031188
 -0.26763565922000000   0.59790960390242383
 -0.26762765922000000   0.59791250733858787
 -0.26761965922000000   0.59791541328963841
 -0.26761165922000000   0.59791832187186023
 -0.26760365922000000   0.59792123320579203
 -0.26759565922000000   0.59792414741496745
 -0.26758765922000000   0.59792706462460257
 -0.26757965922000000   0.59792998496023961
 -0.26757165922000000   0.59793290854635622
 -0.26756365922000000   0.59793583550495148
 -0.26755565922000000   0.59793876595411876
 -0.26754765922000000   0.59794170000661608
 -0.26753965922000000   0.59794463776844611
 -0.26753165922000000   0.59794757933745588
 -0.26752365922000000   0.59795052480196853
 -0.26751565922000000   0.59795347423945795
 -0.26750765922000000   0.59795642771527813
 -0.26749965922000000   0.59795938528145795
 -0.26749165922000000   0.59796234697557272
 -0.26748365922000000   0.59796531281970344
 -0.26747565922000000   0.59796828281949339
 -0.26746765922000000   0.59797125696331283
 -0.26745965922000000   0.59797423522154006
 -0.26745165922000000   0.59797721754596832
 -0.26744365922000000   0.59798020386934525
 -0.26743565922000000   0.59798319410505253
 -0.26742765922000000   0.59798618814693115
 -0.26741965922000000   0.59798918586925666
 -0.26741165922000000   0.59799218712686807
 -0.26740365922000000   0.59799519175545271
 -0.26739565922000000   0.59799819957198709
 -0.26738765922000000   0.59800121037533357
 -0.26737965922000000   0.59800422394699033
 -0.26737165922000000   0.59800724005199080
 -0.26736365922000000   0.59801025843994737
 -0.26735565922000000   0.59801327884623244
 -0.26734765922000000   0.59801630099328832
 -0.26733965922000000   0.59801932459205660
 -0.26733165922000000   0.59802234934351522
 -0.26732365922000000   0.59802537494031140
 -0.26731565922000000   0.59802840106847669
 -0.26730765922000000   0.59803142740920921
 -0.26729965922000000   0.59803445364070867
 -0.26729165922000000   0.59803747944004700
 -0.26728365922000000   0.59804050448505888
 -0.26727565922000000   0.59804352845623495
 -0.26726765922000000   0.59804655103860139
 -0.26725965922000000   0.59804957192356819
 -0.26725165922000000   0.59805259081073065
 -0.26724365922000000   0.59805560740960768
 -0.26723565922000000   0.59805862144130162
 -0.26722765922000000   0.59806163264006564
 -0.26721965922000000   0.59806464075476471
 -0.26721165922000000   0.59806764555021896
 -0.26720365922000000   0.59807064680841717
 -0.26719565922000000   0.59807364432959208
 -0.26718765922000000   0.59807663793314878
 -0.26717965922000000   0.59807962745843930
 -0.26717165922000000   0.59808261276537911
 -0.26716365922000000   0.59808559373490110
 -0.26715565922000000   0.59808857026924521
 -0.26714765922000000   0.59809154229208351
 -0.26713965922000000   0.59809450974848073
 -0.26713165922000000   0.59809747260469347
 -0.26712365922000000   0.59810043084781047
 -0.26711565922000000   0.59810338448523965
 -0.26710765922000000   0.59810633354404721
 -0.26709965922000000   0.59810927807015534
 -0.26709165922000000   0.59811221812740777
 -0.26708365922000000   0.59811515379650987
 -0.26707565922000000   0.59811808517385452
 -0.26706765922000000   0.59812101237024249
 -0.26705965922000000   0.59812393550950895
 -0.26705165922000000   0.59812685472706636
 -0.26704365922000000   0.59812977016837616
 -0.26703565922000000   0.59813268198736037
 -0.26702765922000000   0.59813559034476557
 -0.26701965922000000   0.59813849540649155
 -0.26701165922000000   0.59814139734189684
 -0.26700365922000000   0.59814429632209384
 -0.26699565922000000   0.59814719251824584
 -0.26698765922000000   0.59815008609987873
 -0.26697965922000000   0.59815297723321917
 -0.26697165922000000   0.59815586607957190
 -0.26696365922000000   0.59815875279374822
 -0.26695565922000000   0.59816163752255716
 -0.26694765922000000   0.59816452040337048
 -0.26693965922000000   0.59816740156277344
 -0.26693165922000000   0.59817028111531083
 -0.26692365922000000   0.59817315916233922
 -0.26691565922000000   0.59817603579099414
 -0.26690765922000000   0.59817891107328164
 -0.26689965922000000   0.59818178506530167
 -0.26689165922000000   0.59818465780661068
 -0.26688365922000000   0.59818752931973003
 -0.26687565922000000   0.59819039960980442
 -0.26686765922000000   0.59819326866441580
 -0.26685965922000000   0.59819613645355468
 -0.26685165922000000   0.59819900292975092
 -0.26684365922000000   0.59820186802836438
 -0.26683565922000000   0.59820473166803464
 -0.26682765922000000   0.59820759375128695
 -0.26681965922000000   0.59821045416529150
 -0.26681165922000000   0.59821331278276948
 -0.26680365922000000   0.59821616946304079
 -0.26679565922000000   0.59821902405320439
 -0.26678765922000000   0.59822187638944199
 -0.26677965922000000   0.59822472629843490
 -0.26677165922000000   0.59822757359888202
 -0.26676365922000000   0.59823041810310559
 -0.26675565922000000   0.59823325961873153
 -0.26674765922000000   0.59823609795042929
 -0.26673965922000000   0.59823893290169568
 -0.26673165922000000   0.59824176427666750
 -0.26672365922000000   0.59824459188194600
 -0.26671565922000000   0.59824741552841727
 -0.26670765922000000   0.59825023503305249
 -0.26669965922000000   0.59825305022067169
 -0.26669165922000000   0.59825586092565526
 -0.26668365922000000   0.59825866699358884
 -0.26667565922000000   0.59826146828282653
 -0.26666765922000000   0.59826426466595932
 -0.26665965922000000   0.59826705603117650
 -0.26665165922000000   0.59826984228350842
 -0.26664365922000000   0.59827262334594055
 -0.26663565922000000   0.59827539916039054
 -0.26662765922000000   0.59827816968853997
 -0.26661965922000000   0.59828093491251540
 -0.26661165922000000   0.59828369483541399
 -0.26660365922000000   0.59828644948166969
 -0.26659565922000000   0.59828919889725913
 -0.26658765922000000   0.59829194314974532
 -0.26657965922000000   0.59829468232816087
 -0.26657165922000000   0.59829741654273212
 -0.26656365922000000   0.59830014592444653
 -0.26655565922000000   0.59830287062446879
 -0.26654765922000000   0.59830559081340916
 -0.26653965922000000   0.59830830668045063
 -0.26653165922000000   0.59831101843234178
 -0.26652365922000000   0.59831372629226238
 -0.26651565922000000   0.59831643049856979
 -0.26650765922000000   0.59831913130343519
 -0.26649965922000000   0.59832182897137864
 -0.26649165922000000   0.59832452377771247
 -0.26648365922000000   0.59832721600690307
 -0.26647565922000000   0.59832990595086221
 -0.26646765922000000   0.59833259390717709
 -0.26645965922000000   0.59833528017729188
 -0.26645165922000000   0.59833796506465075
 -0.26644365922000000   0.59834064887281447
 -0.26643565922000000   0.59834333190356212
 -0.26642765922000000   0.59834601445498978
 -0.26641965922000000   0.59834869681961849
 -0.26641165922000000   0.59835137928252314
 -0.26640365922000000   0.59835406211949526
 -0.26639565922000000   0.59835674559525153
 -0.26638765922000000   0.59835942996170060
 -0.26637965922000000   0.59836211545628119
 -0.26637165922000000   0.59836480230038231
 -0.26636365922000000   0.59836749069785979
 -0.26635565922000000   0.59837018083365955
 -0.26634765922000000   0.59837287287255982
 -0.26633965922000000   0.59837556695804417
 -0.26633165922000000   0.59837826321131494
 -0.26632365922000000   0.59838096173045855
 -0.26631565922000000   0.59838366258977105
 -0.26630765922000000   0.59838636583925303
 -0.26629965922000000   0.59838907150428124
 -0.26629165922000000   0.59839177958546310
 -0.26628365922000000   0.59839449005867935
 -0.26627565922000000   0.59839720287531820
 -0.26626765922000000   0.59839991796270319
 -0.26625965922000000   0.59840263522471502
 -0.26625165922000000   0.59840535454260598
 -0.26624365922000000   0.59840807577600360
 -0.26623565922000000   0.59841079876409848
 -0.26622765922000000   0.59841352332700929
 -0.26621965922000000   0.59841624926731559
 -0.26621165922000000   0.59841897637174806
 -0.26620365922000000   0.59842170441302298
 -0.26619565922000000   0.59842443315180691
 -0.26618765922000000   0.59842716233879511
 -0.26617965922000000   0.59842989171688648
 -0.26617165922000000   0.59843262102343650
 -0.26616365922000000   0.59843534999256773
 -0.26615565922000000   0.59843807835751800
 -0.26614765922000000   0.59844080585300475
 -0.26613965922000000   0.59844353221758396
 -0.26613165922000000   0.59844625719598294
 -0.26612365922000000   0.59844898054138452
 -0.26611565922000000   0.59845170201764331
 -0.26610765922000000   0.59845442140141260
 -0.26609965922000000   0.59845713848416452
 -0.26609165922000000   0.59845985307408393
 -0.26608365922000000   0.59846256499782091
 -0.26607565922000000   0.59846527410208664
 -0.26606765922000000   0.59846798025507920
 -0.26605965922000000   0.59847068334772811
 -0.26605165922000000   0.59847338329474835
 -0.26604365922000000   0.59847608003549584
 -0.26603565922000000   0.59847877353461875
 -0.26602765922000000   0.59848146378250112
 -0.26601965922000000   0.59848415079549626
 -0.26601165922000000   0.59848683461595064
 -0.26600365922000000   0.59848951531201849
 -0.26599565922000000   0.59849219297727170
 -0.26598765922000000   0.59849486773010827
 -0.26597965922000000   0.59849753971296641
 -0.26597165922000000   0.59850020909135079
 -0.26596365922000000   0.59850287605267955
 -0.26595565922000000   0.59850554080496167
 -0.26594765922000000   0.59850820357531468
 -0.26593965922000000   0.59851086460833409
 -0.26593165922000000   0.59851352416432605
 -0.26592365922000000   0.59851618251741608
 -0.26591565922000000   0.59851883995354679
 -0.26590765922000000   0.59852149676837740
 -0.26589965922000000   0.59852415326510038
 -0.26589165922000000   0.59852680975218803
 -0.26588365922000000   0.59852946654108490
 -0.26587565922000000   0.59853212394386053
 -0.26586765922000000   0.59853478227083766
 -0.26585965922000000   0.59853744182821244
 -0.26585165922000000   0.59854010291568169
 -0.26584365922000000   0.59854276582409406
 -0.26583565922000000   0.59854543083314097
 -0.26582765922000000   0.59854809820910467
 -0.26581965922000000   0.59855076820267938
 -0.26581165922000000   0.59855344104688328
 -0.26580365922000000   0.59855611695507707
 -0.26579565922000000   0.59855879611910708
 -0.26578765922000000   0.59856147870758841
 -0.26577965922000000   0.59856416486434497
 -0.26577165922000000   0.59856685470702175
 -0.26576365922000000   0.59856954832588441
 -0.26575565922000000   0.59857224578282059
 -0.26574765922000000   0.59857494711055574
 -0.26573965922000000   0.59857765231209529
 -0.26573165922000000   0.59858036136040390
 -0.26572365922000000   0.59858307419833026
 -0.26571565922000000   0.59858579073878395
 -0.26570765922000000   0.59858851086516941
 -0.26569965922000000   0.59859123443207934
 -0.26569165922000000   0.59859396126624694
 -0.26568365922000000   0.59859669116775489
 -0.26567565922000000   0.59859942391149540
 -0.26566765922000000   0.59860215924887278
 -0.26565965922000000   0.59860489690973832
 -0.26565165922000000   0.59860763660454290
 -0.26564365922000000   0.59861037802669153
 -0.26563565922000000   0.59861312085508064
 -0.26562765922000000   0.59861586475679657
 -0.26561965922000000   0.59861860938995242
 -0.26561165922000000   0.59862135440663698
 -0.26560365922000000   0.59862409945594994
 -0.26559565922000000   0.59862684418709450
 -0.26558765922000000   0.59862958825249904
 -0.26557965922000000   0.59863233131093804
 -0.26557165922000000   0.59863507303062349
 -0.26556365922000000   0.59863781309223720
 -0.26555565922000000   0.59864055119187644
 -0.26554765922000000   0.59864328704388508
 -0.26553965922000000   0.59864602038354545
 -0.26553165922000000   0.59864875096960614
 -0.26552365922000000   0.59865147858662469
 -0.26551565922000000   0.59865420304710498
 -0.26550765922000000   0.59865692419341228
 -0.26549965922000000   0.59865964189945183
 -0.26549165922000000   0.59866235607209784
 -0.26548365922000000   0.59867417627873648
 -0.26547565922000000   0.59867715851616272
 -0.26546765922000000   0.59868013389453864
 -0.26545965922000000   0.59868310236098302
 -0.26545165922000000   0.59868606390455243
 -0.26544365922000000   0.59868901855574098
 -0.26543565922000000   0.59869196638566531
 -0.26542765922000000   0.59869490750494632
 -0.26541965922000000   0.59869784206230168
 -0.26541165922000000   0.59870077024286384
 -0.26540365922000000   0.59870369226624030
 -0.26539565922000000   0.59870660838433382
 -0.26538765922000000   0.59870951887894076
 -0.26537965922000000   0.59871242405914761
 -0.26537165922000000   0.59871532425854459
 -0.26536365922000000   0.59871821983227689
 -0.26535565922000000   0.59872111115395465
 -0.26534765922000000   0.59872399861244098
 -0.26533965922000000   0.59872688260854050
 -0.26533165922000000   0.59872976355160798
 -0.26532365922000000   0.59873264185609925
 -0.26531565922000000   0.59873551793808493
 -0.26530765922000000   0.59873839221174901
 -0.26529965922000000   0.59874126508589315
 -0.26529165922000000   0.59874413696046928
 -0.26528365922000000   0.59874700822316190
 -0.26527565922000000   0.59874987924604302
 -0.26526765922000000   0.59875275038232172
 -0.26525965922000000   0.59875562196321144
 -0.26525165922000000   0.59875849429493817
 -0.26524365922000000   0.59876136765591205
 -0.26523565922000000   0.59876424229408624
 -0.26522765922000000   0.59876711842452520
 -0.26521965922000000   0.59876999622720610
 -0.26521165922000000   0.59877287584507402
 -0.26520365922000000   0.59877575738237386
 -0.26519565922000000   0.59877864090327775
 -0.26518765922000000   0.59878152643082770
 -0.26517965922000000   0.59878441394621042
 -0.26517165922000000   0.59878730338837887
 -0.26516365922000000   0.59879019465403350
 -0.26515565922000000   0.59879308759797271
 -0.26514765922000000   0.59879598203381899
 -0.26513965922000000   0.59879887773512387
 -0.26513165922000000   0.59880177443685055
 -0.26512365922000000   0.59880467183722981
 -0.26511565922000000   0.59880756959997947
 -0.26510765922000000   0.59881046735687471
 -0.26509965922000000   0.59881336471065066
 -0.26509165922000000   0.59881626123821565
 -0.26508365922000000   0.59881915649414847
 -0.26507565922000000   0.59882205001444945
 -0.26506765922000000   0.59882494132051139
 -0.26505965922000000   0.59882782992327332
 -0.26505165922000000   0.59883071532751670
 -0.26504365922000000   0.59883359703626286
 -0.26503565922000000   0.59883647455522757
 -0.26502765922000000   0.59883934739728780
 -0.26501965922000000   0.59884221508691720
 -0.26501165922000000   0.59884507716454453
 -0.26500365922000000   0.59884793319079338
 -0.26499565922000000   0.59885078275056029
 -0.26498765922000000   0.59885362545689380
 -0.26497965922000000   0.59885646095463701
 -0.26497165922000000   0.59885928892380127
 -0.26496365922000000   0.59886210908264254
 -0.26495565922000000   0.59886492119041393
 -0.26494765922000000   0.59886772504977482
 -0.26493965922000000   0.59887052050883882
 -0.26493165922000000   0.59887330746284877
 -0.26492365922000000   0.59887608585547007
 -0.26491565922000000   0.59887885567969826
 -0.26490765922000000   0.59888161697838019
 -0.26489965922000000   0.59888436984435197
 -0.26489165922000000   0.59888711442019948
 -0.26488365922000000   0.59888985089765074
 -0.26487565922000000   0.59889257951661127
 -0.26486765922000000   0.59889530056385602
 -0.26485965922000000   0.59889801437139281
 -0.26485165922000000   0.59890072131451377
 -0.26484365922000000   0.59890342180955236
 -0.26483565922000000   0.59890611631136372
 -0.26482765922000000   0.59890880531054745
 -0.26481965922000000   0.59891148933043090
 -0.26481165922000000   0.59891416892383277
 -0.26480365922000000   0.59891684466962526
 -0.26479565922000000   0.59891951716911338
 -0.26478765922000000   0.59892218704225101
 -0.26477965922000000   0.59892485492371122
 -0.26477165922000000   0.59892752145883028
 -0.26476365922000000   0.59893018729944371
 -0.26475565922000000   0.59893285309963343
 -0.26474765922000000   0.59893551951140535
 -0.26473965922000000   0.59893818718031787
 -0.26473165922000000   0.59894085674108123
 -0.26472365922000000   0.59894352881315090
 -0.26471565922000000   0.59894620399633666
 -0.26470765922000000   0.59894888286645284
 -0.26469965922000000   0.59895156597103541
 -0.26469165922000000   0.59895425382515325
 -0.26468365922000000   0.59895694690734300
 -0.26467565922000000   0.59895964565569898
 -0.26466765922000000   0.59896235046414988
 -0.26465965922000000   0.59896506167895706
 -0.26465165922000000   0.59896777959546942
 -0.26464365922000000   0.59897050445517124
 -0.26463565922000000   0.59897323644306009
 -0.26462765922000000   0.59897597568539119
 -0.26461965922000000   0.59897872224782511
 -0.26461165922000000   0.59898147613401402
 -0.26460365922000000   0.59898423728465913
 -0.26459565922000000   0.59898700557707110
 -0.26458765922000000   0.59898978082525902
 -0.26457965922000000   0.59899256278057222
 -0.26457165922000000   0.59899535113291055
 -0.26456365922000000   0.59899814551251640
 -0.26455565922000000   0.59900094549235181
 -0.26454765922000000   0.59900375059105839
 -0.26453965922000000   0.59900656027648961
 -0.26453165922000000   0.59900937396979626
 -0.26452365922000000   0.59901219105003827
 -0.26451565922000000   0.59901501085928665
 -0.26450765922000000   0.59901783270817224
 -0.26449965922000000   0.59902065588182996
 -0.26449165922000000   0.59902347964617933
 -0.26448365922000000   0.59902630325447784
 -0.26447565922000000   0.59902912595407648
 -0.26446765922000000   0.59903194699330467
 -0.26445965922000000   0.59903476562840853
 -0.26445165922000000   0.59903758113046483
 -0.26444365922000000   0.59904039279219485
 -0.26443565922000000   0.59904319993460199
 -0.26442765922000000   0.59904600191336215
 -0.26441965922000000   0.59904879812489850
 -0.26441165922000000   0.59905158801207914
 -0.26440365922000000   0.59905437106948140
 -0.26439565922000000   0.59905714684817422
 -0.26438765922000000   0.59905991495997835
 -0.26437965922000000   0.59906267508116997
 -0.26437165922000000   0.59906542695560435
 -0.26436365922000000   0.59906817039724153
 -0.26435565922000000   0.59907090529206497
 -0.26434765922000000   0.59907363159939129
 -0.26433965922000000   0.59907634935257501
 -0.26433165922000000   0.59907905865911881
 -0.26432365922000000   0.59908175970020459
 -0.26431565922000000   0.59908445272966481
 -0.26430765922000000   0.59908713807241712
 -0.26429965922000000   0.59908981612238709
 -0.26429165922000000   0.59909248733994731
 -0.26428365922000000   0.59909515224889990
 -0.26427565922000000   0.59909781143303171
 -0.26426765922000000   0.59910046553227039
 -0.26425965922000000   0.59910311523846880
 -0.26425165922000000   0.59910576129084547
 -0.26424365922000000   0.59910840447110528
 -0.26423565922000000   0.59911104559826680
 -0.26422765922000000   0.59911368552321735
 -0.26421965922000000   0.59911632512302011
 -0.26421165922000000   0.59911896529499258
 -0.26420365922000000   0.59912160695057884
 -0.26419565922000000   0.59912425100903541
 -0.26418765922000000   0.59912689839095224
 -0.26417965922000000   0.59912955001163122
 -0.26417165922000000   0.59913220677434518
 -0.26416365922000000   0.59913486956350462
 -0.26415565922000000   0.59913753923775981
 -0.26414765922000000   0.59914021662307130
 -0.26413965922000000   0.59914290250578520
 -0.26413165922000000   0.59914559762575398
 -0.26412365922000000   0.59914830266954919
 -0.26411565922000000   0.59915101826381743
 -0.26410765922000000   0.59915374496883653
 -0.26409965922000000   0.59915648327233455
 -0.26409165922000000   0.59915923358363925
 -0.26408365922000000   0.59916199622823102
 -0.26407565922000000   0.59916477144277566
 -0.26406765922000000   0.59916755937071715
 -0.26405965922000000   0.59917036005851228
 -0.26405165922000000   0.59917317345258877
 -0.26404365922000000   0.59917599939710812
 -0.26403565922000000   0.59917883763260949
 -0.26402765922000000   0.59918168779560628
 -0.26401965922000000   0.59918454941919824
 -0.26401165922000000   0.59918742193475173
 -0.26400365922000000   0.59919030467468738
 -0.26399565922000000   0.59919319687640005
 -0.26398765922000000   0.59919609768731759
 -0.26397965922000000   0.59919900617108778
 -0.26397165922000000   0.59920192131486079
 -0.26396365922000000   0.59920484203761642
 -0.26395565922000000   0.59920776719946202
 -0.26394765922000000   0.59921069561180945
 -0.26393965922000000   0.59921362604831871
 -0.26393165922000000   0.59921655725648092
 -0.26392365922000000   0.59921948796969770
 -0.26391565922000000   0.59922241691970374
 -0.26390765922000000   0.59922534284917171
 -0.26389965922000000   0.59922826452433458
 -0.26389165922000000   0.59923118074746126
 -0.26388365922000000   0.59923409036902469
 -0.26387565922000000   0.59923699229941051
 -0.26386765922000000   0.59923988552002429
 -0.26385965922000000   0.59924276909367101
 -0.26385165922000000   0.59924564217409579
 -0.26384365922000000   0.59924850401459385
 -0.26383565922000000   0.59925135397561697
 -0.26382765922000000   0.59925419153132347
 -0.26381965922000000   0.59925701627503829
 -0.26381165922000000   0.59925982792360830
 -0.26380365922000000   0.59926262632065572
 -0.26379565922000000   0.59926541143874733
 -0.26378765922000000   0.59926818338051142
 -0.26377965922000000   0.59927094237874431
 -0.26377165922000000   0.59927368879555776
 -0.26376365922000000   0.59927642312062397
 -0.26375565922000000   0.59927914596857847
 -0.26374765922000000   0.59928185807564267
 -0.26373965922000000   0.59928456029552628
 -0.26373165922000000   0.59928725359466766
 -0.26372365922000000   0.59928993904686530
 -0.26371565922000000   0.59929261782734788
 -0.26370765922000000   0.59929529120632349
 -0.26369965922000000   0.59929796054204203
 -0.26369165922000000   0.59930062727339511
 -0.26368365922000000   0.59930329291207169
 -0.26367565922000000   0.59930595903427914
 -0.26366765922000000   0.59930862727203176
 -0.26365965922000000   0.59931129930400333
 -0.26365165922000000   0.59931397684593360
 -0.26364365922000000   0.59931666164057601
 -0.26363565922000000   0.59931935544716958
 -0.26362765922000000   0.59932206003041915
 -0.26361965922000000   0.59932477714896773
 -0.26361165922000000   0.59932750854334986
 -0.26360365922000000   0.59933025592342072
 -0.26359565922000000   0.59933302095526503
 -0.26358765922000000   0.59933580524760169
 -0.26357965922000000   0.59933861033771597
 -0.26357165922000000   0.59934143767697048
 -0.26356365922000000   0.59934428861596488
 -0.26355565922000000   0.59934716438944384
 -0.26354765922000000   0.59935006610107550
 -0.26353965922000000   0.59935299470825649
 -0.26353165922000000   0.59935595100712690
 -0.26352365922000000   0.59935893561801428
 -0.26351565922000000   0.59936194897155340
 -0.26350765922000000   0.59936499129575940
 -0.26349965922000000   0.59936806260435665
 -0.26349165922000000   0.59937116268668512
 -0.26348365922000000   0.59937429109951865
 -0.26347565922000000   0.59937744716113190
 -0.26346765922000000   0.59938062994794534
 -0.26345965922000000   0.59938383829405586
 -0.26345165922000000   0.59938707079392718
 -0.26344365922000000   0.59939032580846488
 -0.26343565922000000   0.59939360147463920
 -0.26342765922000000   0.59939689571874326
 -0.26341965922000000   0.59940020627328902
 -0.26341165922000000   0.59940353069744884
 -0.26340365922000000   0.59940686640085328
 -0.26339565922000000   0.59941021067045724
 -0.26338765922000000   0.59941356070009327
 -0.26337965922000000   0.59941691362224648
 -0.26337165922000000   0.59942026654151490
 -0.26336365922000000   0.59942361656916660
 -0.26335565922000000   0.59942696085817131
 -0.26334765922000000   0.59943029663807527
 -0.26333965922000000   0.59943362124909879
 -0.26333165922000000   0.59943693217487305
 -0.26332365922000000   0.59944022707328385
 -0.26331565922000000   0.59944350380496422
 -0.26330765922000000   0.59944676045906080
 -0.26329965922000000   0.59944999537599074
 -0.26329165922000000   0.59945320716700317
 -0.26328365922000000   0.59945639473045471
 -0.26327565922000000   0.59945955726479756
 -0.26326765922000000   0.59946269427836208
 -0.26325965922000000   0.59946580559608523
 -0.26325165922000000   0.59946889136339382
 -0.26324365922000000   0.59947195204749458
 -0.26323565922000000   0.59947498843635120
 -0.26322765922000000   0.59947800163564188
 -0.26321965922000000   0.59948099306399212
 -0.26321165922000000   0.59948396444676518
 -0.26320365922000000   0.59948691780866894
 -0.26319565922000000   0.59948985546540668
 -0.26318765922000000   0.59949278001455836
 -0.26317965922000000   0.59949569432583132
 -0.26317165922000000   0.59949860153076800
 -0.26316365922000000   0.59950150501193924
 -0.26315565922000000   0.59950440839159236
 -0.26314765922000000   0.59950731551965664
 -0.26313965922000000   0.59951023046094309
 -0.26313165922000000   0.59951315748130303
 -0.26312365922000000   0.59951610103243912
 -0.26311565922000000   0.59951906573498676
 -0.26310765922000000   0.59952205635940910
 -0.26309965922000000   0.59952507780417366
 -0.26309165922000000   0.59952813507060698
 -0.26308365922000000   0.59953123323375671
 -0.26307565922000000   0.59953437740853575
 -0.26306765922000000   0.59953757271038213
 -0.26305965922000000   0.59954082420965429
 -0.26305165922000000   0.59954413687899866
 -0.26304365922000000   0.59954751553299189
 -0.26303565922000000   0.59955096475948394
 -0.26302765922000000   0.59955448884226718
 -0.26301965922000000   0.59955809167498609
 -0.26301165922000000   0.59956177666659757
 -0.26300365922000000   0.59956554663920118
 -0.26299565922000000   0.59956940371968854
 -0.26298765922000000   0.59957334922740549
 -0.26297965922000000   0.59957738356085482
 -0.26297165922000000   0.59958150608735527
 -0.26296365922000000   0.59958571504044794
 -0.26295565922000000   0.59959000743062253
 -0.26294765922000000   0.59959437897551537
 -0.26293965922000000   0.59959882405599271
 -0.26293165922000000   0.59960333570436097
 -0.26292365922000000   0.59960790563024264
 -0.26291565922000000   0.59961252428836843
 -0.26290765922000000   0.59961718099067307
 -0.26289965922000000   0.59962186406272453
 -0.26289165922000000   0.59962656104184437
 -0.26288365922000000   0.59963125891152330
 -0.26287565922000000   0.59963594436420252
 -0.26286765922000000   0.59964060408246683
 -0.26285965922000000   0.59964522502744160
 -0.26285165922000000   0.59964979472287017
 -0.26284365922000000   0.59965430152403342
 -0.26283565922000000   0.59965873486228236
 -0.26282765922000000   0.59966308545831821
 -0.26281965922000000   0.59966734550021469
 -0.26281165922000000   0.59967150878524894
 -0.26280365922000000   0.59967557082763380
 -0.26279565922000000   0.59967952893701594
 -0.26278765922000000   0.59968338227500907
 -0.26277965922000000   0.59968713189904952
 -0.26277165922000000   0.59969078080457870
 -0.26276365922000000   0.59969433397814325
 -0.26275565922000000   0.59969779847571875
 -0.26274765922000000   0.59970118354275824
 -0.26273965922000000   0.59970450079558866
 -0.26273165922000000   0.59970776448844191
 -0.26272365922000000   0.59971099189744710
 -0.26271565922000000   0.59971420386355972
 -0.26270765922000000   0.59971742555250445
 -0.26269965922000000   0.59972068751423501
 -0.26269165922000000   0.59972402716171629
 -0.26268365922000000   0.59972749084634065
 -0.26267565922000000   0.59973113679694566
 -0.26266765922000000   0.59973503933073792
 -0.26265965922000000   0.59973929496923933
 -0.26265165922000000   0.59974403145099707
 -0.26264365922000000   0.59974942119885268
 -0.26263565922000000   0.59975570165642797
 -0.26262765922000000   0.59976320604941692
 -0.26261965922000000   0.59977240901651471
 -0.26261165922000000   0.59978398948033454
 -0.26260365922000000   0.59979889776337452
 -0.26259565922000000   0.59981835360808593
 -0.26258765922000000   0.59984353694471496
 -0.26257965922000000   0.59987454725111109
 -0.26257165922000000   0.59990887140783723
 -0.26256365922000000   0.59994171419819163
 -0.26255565922000000   0.59996924322878502
 -0.26254765922000000   0.59999053718376053
 -0.26253965922000000   0.60000651532020610
 -0.26253165922000000   0.60001849220832421
 -0.26252365922000000   0.60002757311843414
 -0.26251565922000000   0.60003456108331398
 -0.26250765922000000   0.60004001497263235
 -0.26249965922000000   0.60004432210684077
 -0.26249165922000000   0.60004775402304476
 -0.26248365922000000   0.60005050446499205
 -0.26247565922000000   0.60005271438531048
 -0.26246765922000000   0.60005448834183305
 -0.26245965922000000   0.60005590535087483
 -0.26245165922000000   0.60005702617805819
 -0.26244365922000000   0.60005789831879383
 -0.26243565922000000   0.60005855945936345
 -0.26242765922000000   0.60005903992271455
 -0.26241965922000000   0.60005936442457821
 -0.26241165922000000   0.60005955335344651
 -0.26240365922000000   0.60005962371667054
 -0.26239565922000000   0.60005958984894862
 -0.26238765922000000   0.60005946394934314
 -0.26237965922000000   0.60005925649292914
 -0.26237165922000000   0.60005897654965367
 -0.26236365922000000   0.60005863203373107
 -0.26235565922000000   0.60005822990047815
 -0.26234765922000000   0.60005777630298314
 -0.26233965922000000   0.60005727671779326
 -0.26233165922000000   0.60005673604649854
 -0.26232365922000000   0.60005615869841107
 -0.26231565922000000   0.60005554865830624
 -0.26230765922000000   0.60005490954227710
 -0.26229965922000000   0.60005424464406897
 -0.26229165922000000   0.60005355697374338
 -0.26228365922000000   0.60005284929012713
 -0.26227565922000000   0.60005212412819902
 -0.26226765922000000   0.60005138382233398
 -0.26225965922000000   0.60005063052614092
 -0.26225165922000000   0.60004986622948830
 -0.26224365922000000   0.60004909277319916
 -0.26223565922000000   0.60004831186180599
 -0.26222765922000000   0.60004752507468641
 -0.26221965922000000   0.60004673387584130
 -0.26221165922000000   0.60004593962253154
 -0.26220365922000000   0.60004514357295160
 -0.26219565922000000   0.60004434689308729
 -0.26218765922000000   0.60004355066288030
 -0.26217965922000000   0.60004275588180100
 -0.26217165922000000   0.60004196347391438
 -0.26216365922000000   0.60004117429250965
 -0.26215565922000000   0.60004038912435278
 -0.26214765922000000   0.60003960869361091
 -0.26213965922000000   0.60003883366549050
 -0.26213165922000000   0.60003806464962330
 -0.26212365922000000   0.60003730220322971
 -0.26211565922000000   0.60003654683408353
 -0.26210765922000000   0.60003579900329898
 -0.26209965922000000   0.60003505912795712
 -0.26209165922000000   0.60003432758358650
 -0.26208365922000000   0.60003360470651013
 -0.26207565922000000   0.60003289079606981
 -0.26206765922000000   0.60003218611673633
 -0.26205965922000000   0.60003149090011378
 -0.26205165922000000   0.60003080534684414
 -0.26204365922000000   0.60003012962841860
 -0.26203565922000000   0.60002946388890001
 -0.26202765922000000   0.60002880824656178
 -0.26201965922000000   0.60002816279544652
 -0.26201165922000000   0.60002752760684865
 -0.26200365922000000   0.60002690273072411
 -0.26199565922000000   0.60002628819703010
 -0.26198765922000000   0.60002568401699800
 -0.26197965922000000   0.60002509018434212
 -0.26197165922000000   0.60002450667640641
 -0.26196365922000000   0.60002393345525233
 -0.26195565922000000   0.60002337046868942
 -0.26194765922000000   0.60002281765125136
 -0.26193965922000000   0.60002227492511938
 -0.26193165922000000   0.60002174220099538
 -0.26192365922000000   0.60002121937892650
 -0.26191565922000000   0.60002070634908349
 -0.26190765922000000   0.60002020299249438
 -0.26189965922000000   0.60001970918173586
 -0.26189165922000000   0.60001922478158374
 -0.26188365922000000   0.60001874964962459
 -0.26187565922000000   0.60001828363683014
 -0.26186765922000000   0.60001782658809616
 -0.26185965922000000   0.60001737834274768
 -0.26185165922000000   0.60001693873501170
 -0.26184365922000000   0.60001650759445946
 -0.26183565922000000   0.60001608474641939
 -0.26182765922000000   0.60001567001236234
 -0.26181965922000000   0.60001526321026047
 -0.26181165922000000   0.60001486415492127
 -0.26180365922000000   0.60001447265829767
 -0.26179565922000000   0.60001408852977595
 -0.26178765922000000   0.60001371157644229
 -0.26177965922000000   0.60001334160332927
 -0.26177165922000000   0.60001297841364348
 -0.26176365922000000   0.60001262180897507
 -0.26175565922000000   0.60001227158949058
 -0.26174765922000000   0.60001192755410980
 -0.26173965922000000   0.60001158950066754
 -0.26173165922000000   0.60001125722606144
 -0.26172365922000000   0.60001093052638647
 -0.26171565922000000   0.60001060919705689
 -0.26170765922000000   0.60001029303291671
 -0.26169965922000000   0.60000998182833894
 -0.26169165922000000   0.60000967537731487
 -0.26168365922000000   0.60000937347353345
 -0.26167565922000000   0.60000907591045195
 -0.26166765922000000   0.60000878248135812
 -0.26165965922000000   0.60000849297942457
 -0.26165165922000000   0.60000820719775589
 -0.26164365922000000   0.60000792492942905
 -0.26163565922000000   0.60000764596752755
 -0.26162765922000000   0.60000737010516977
 -0.26161965922000000   0.60000709713553203
 -0.26161165922000000   0.60000682685186662
 -0.26160365922000000   0.60000655904751554
 -0.26159565922000000   0.60000629351591996
 -0.26158765922000000   0.60000603005062600
 -0.26157965922000000   0.60000576844528719
 -0.26157165922000000   0.60000550849366387
 -0.26156365922000000   0.60000524998961981
 -0.26155565922000000   0.60000499272711664
 -0.26154765922000000   0.60000473650020611
 -0.26153965922000000   0.60000448110302060
 -0.26153165922000000   0.60000422632976223
 -0.26152365922000000   0.60000397197469074
 -0.26151565922000000   0.60000371783211066
 -0.26150765922000000   0.60000346369635765
 -0.26149965922000000   0.60000320936178474
 -0.26149165922000000   0.60000295462274842
 -0.26148365922000000   0.60000269927359510
 -0.26147565922000000   0.60000244310864790
 -0.26146765922000000   0.60000218592219452
 -0.26145965922000000   0.60000192750847600
 -0.26145165922000000   0.60000166766167692
 -0.26144365922000000   0.60000140617591736
 -0.26143565922000000   0.60000114284524681
 -0.26142765922000000   0.60000087746364024
 -0.26141965922000000   0.60000060982499704
 -0.26141165922000000   0.60000033972314277
 -0.26140365922000000   0.60000006695183408
 -0.26139565922000000   0.59999979130476755
 -0.26138765922000000   0.59999951257559228
 -0.26137965922000000   0.59999923055792707
 -0.26137165922000000   0.59999894504538226
 -0.26136365922000000   0.59999865583158686
 -0.26135565922000000   0.59999836271022137
 -0.26134765922000000   0.59999806547505659
 -0.26133965922000000   0.59999776391999918
 -0.26133165922000000   0.59999745783914423
 -0.26132365922000000   0.59999714702683550
 -0.26131565922000000   0.59999683127773385
 -0.26130765922000000   0.59999651038689449
 -0.26129965922000000   0.59999618414985360
 -0.26129165922000000   0.59999585236272498
 -0.26128365922000000   0.59999551482230748
 -0.26127565922000000   0.59999517132620386
 -0.26126765922000000   0.59999482167295186
 -0.26125965922000000   0.59999446566216823
 -0.26125165922000000   0.59999410309470660
 -0.26124365922000000   0.59999373377283003
 -0.26123565922000000   0.59999335750039917
 -0.26122765922000000   0.59999297408307692
 -0.26121965922000000   0.59999258332855067
 -0.26121165922000000   0.59999218504677311
 -0.26120365922000000   0.59999177905022277
 -0.26119565922000000   0.59999136515418520
 -0.26118765922000000   0.59999094317705635
 -0.26117965922000000   0.59999051294066900
 -0.26117165922000000   0.59999007427064382
 -0.26116365922000000   0.59998962699676613
 -0.26115565922000000   0.59998917095338998
 -0.26114765922000000   0.59998870597987086
 -0.26113965922000000   0.59998823192102847
 -0.26113165922000000   0.59998774862764123
 -0.26112365922000000   0.59998725595697395
 -0.26111565922000000   0.59998675377334054
 -0.26110765922000000   0.59998624194870301
 -0.26109965922000000   0.59998572036330910
 -0.26109165922000000   0.59998518890636970
 -0.26108365922000000   0.59998464747677836
 -0.26107565922000000   0.59998409598387460
 -0.26106765922000000   0.59998353434825292
 -0.26105965922000000   0.59998296250261956
 -0.26105165922000000   0.59998238039269914
 -0.26104365922000000   0.59998178797819318
 -0.26103565922000000   0.59998118523379268
 -0.26102765922000000   0.59998057215024728
 -0.26101965922000000   0.59997994873549295
 -0.26101165922000000   0.59997931501584106
 -0.26100365922000000   0.59997867103723117
 -0.26099565922000000   0.59997801686655042
 -0.26098765922000000   0.59997735259302231
 -0.26097965922000000   0.59997667832966820
 -0.26097165922000000   0.59997599421484460
 -0.26096365922000000   0.59997530041386035
 -0.26095565922000000   0.59997459712067743
 -0.26094765922000000   0.59997388455970022
 -0.26093965922000000   0.59997316298765821
 -0.26093165922000000   0.59997243269558812
 -0.26092365922000000   0.59997169401092184
 -0.26091565922000000   0.59997094729968836
 -0.26090765922000000   0.59997019296883813
 -0.26089965922000000   0.59996943146870054
 -0.26089165922000000   0.59996866329558673
 -0.26088365922000000   0.59996788899455200
 -0.26087565922000000   0.59996710916233474
 -0.26086765922000000   0.59996632445049218
 -0.26085965922000000   0.59996553556875631
 -0.26085165922000000   0.59996474328863858
 -0.26084365922000000   0.59996394844731677
 -0.26083565922000000   0.59996315195184407
 -0.26082765922000000   0.59996235478372806
 -0.26081965922000000   0.59996155800393650
 -0.26081165922000000   0.59996076275839818
 -0.26080365922000000   0.59995997028408032
 -0.26079565922000000   0.59995918191574037
 -0.26078765922000000   0.59995839909346973
 -0.26077965922000000   0.59995762337117138
 -0.26077165921999999   0.59995685642614187
 -0.26076365921999999   0.59995610006996494
 -0.26075565921999999   0.59995535626096812
 -0.26074765921999999   0.59995462711854777
 -0.26073965921999999   0.59995391493973755
 -0.26073165921999999   0.59995322221847895
 -0.26072365921999999   0.59995255166816076
 -0.26071565921999999   0.59995190624812902
 -0.26070765921999999   0.59995128919504217
 -0.26069965921999999   0.59995070406016646
 -0.26069165921999999   0.59995015475399207
 -0.26068365921999999   0.59994964559992166
 -0.26067565921999999   0.59994918139926824
 -0.26066765921999999   0.59994876751044237
 -0.26065965921999999   0.59994840994606305
 -0.26065165921999999   0.59994811549287875
 -0.26064365921999999   0.59994789186094627
 -0.26063565921999999   0.59994774787065847
 -0.26062765921999999   0.59994769368918223
 -0.26061965921999999   0.59994774113203293
 -0.26061165921999999   0.59994790405141996
 -0.26060365921999999   0.59994819884148801
 -0.26059565921999999   0.59994864510293891
 -0.26058765921999999   0.59994926652776702
 -0.26057965921999999   0.59995009209217347
 -0.26057165921999999   0.59995115768727949
 -0.26056365921999999   0.59995250838139132
 -0.26055565921999999   0.59995420160799721
 -0.26054765921999999   0.59995631173301607
 -0.26053965921999999   0.59995893671006349
 -0.26053165921999999   0.59996220794230470
 -0.26052365921999999   0.59996630511851372
 -0.26051565921999999   0.59997147876790027
 -0.26050765921999999   0.59997808453090897
 -0.26049965921999999   0.59998663385228867
 -0.26049165921999999   0.59999786204906844
 -0.26048365921999999   0.60001279197784410
 -0.26047565921999999   0.60003268806540882
 -0.26046765921999999   0.60005859412826435
 -0.26045965921999999   0.60009005664668685
 -0.26045165921999999   0.60012379805816599
 -0.26044365921999999   0.60015499987084227
 -0.26043565921999999   0.60018065328957813
 -0.26042765921999999   0.60020050619898739
 -0.26041965921999999   0.60021564962589651
 -0.26041165921999999   0.60022732719920867
 -0.26040365921999999   0.60023653133251535
 -0.26039565921999999   0.60024397396265333
 -0.26038765921999999   0.60025015130105615
 -0.26037965921999999   0.60025540972936700
 -0.26037165921999999   0.60025999443466973
 -0.26036365921999999   0.60026408225601164
 -0.26035565921999999   0.60026780333092515
 -0.26034765921999999   0.60027125536043741
 -0.26033965921999999   0.60027451310558157
 -0.26033165921999999   0.60027763479959987
 -0.26032365921999999   0.60028066654382285
 -0.26031565921999999   0.60028364536559315
 -0.26030765921999999   0.60028660137338570
 -0.26029965921999999   0.60028955929211646
 -0.26029165921999999   0.60029253956557088
 -0.26028365921999999   0.60029555915152339
 -0.26027565921999999   0.60029863209543287
 -0.26026765921999999   0.60030176994263897
 -0.26025965921999999   0.60030498203183930
 -0.26025165921999999   0.60030827570122914
 -0.26024365921999999   0.60031165643107178
 -0.26023565921999999   0.60031512794136589
 -0.26022765921999999   0.60031869225982245
 -0.26021965921999999   0.60032234977296436
 -0.26021165921999999   0.60032609927138497
 -0.26020365921999999   0.60032993799872264
 -0.26019565921999999   0.60033386171249395
 -0.26018765921999999   0.60033786476340712
 -0.26017965921999999   0.60034194019804909
 -0.26017165921999999   0.60034607988787360
 -0.26016365921999999   0.60035027468525392
 -0.26015565921999999   0.60035451460509975
 -0.26014765921999999   0.60035878902833812
 -0.26013965921999999   0.60036308692159202
 -0.26013165921999999   0.60036739706585176
 -0.26012365921999999   0.60037170828597305
 -0.26011565921999999   0.60037600967253715
 -0.26010765921999999   0.60038029078800406
 -0.26009965921999999   0.60038454185010660
 -0.26009165921999999   0.60038875388694680
 -0.26008365921999999   0.60039291886008330
 -0.26007565921999999   0.60039702975384604
 -0.26006765921999999   0.60040108063098581
 -0.26005965921999999   0.60040506665641462
 -0.26005165921999999   0.60040898409209960
 -0.26004365921999999   0.60041283026709247
 -0.26003565921999999   0.60041660352719761
 -0.26002765921999999   0.60042030316893953
 -0.26001965921999999   0.60042392936234953
 -0.26001165921999999   0.60042748306672067
 -0.26000365921999999   0.60043096594296208
 -0.25999565921999999   0.60043438026558468
 -0.25998765921999999   0.60043772883672893
 -0.25997965921999999   0.60044101490404871
 -0.25997165921999999   0.60044424208372095
 -0.25996365921999999   0.60044741428937669
 -0.25995565921999999   0.60045053566735610
 -0.25994765921999999   0.60045361053837375
 -0.25993965921999999   0.60045664334544018
 -0.25993165921999999   0.60045963860770840
 -0.25992365921999999   0.60046260087979728
 -0.25991565921999999   0.60046553471606829
 -0.25990765921999999   0.60046844463929737
 -0.25989965921999999   0.60047133511317639
 -0.25989165921999999   0.60047421051809178
 -0.25988365921999999   0.60047707512965835
 -0.25987565921999999   0.60047993309952663
 -0.25986765921999999   0.60048278843802940
 -0.25985965921999999   0.60048564499828648
 -0.25985165921999999   0.60048850646144088
 -0.25984365921999999   0.60049137632275663
 -0.25983565921999999   0.60049425787836584
 -0.25982765921999999   0.60049715421250842
 -0.25981965921999999   0.60050006818516558
 -0.25981165921999999   0.60050300242004227
 -0.25980365921999999   0.60050595929290950
 -0.25979565921999999   0.60050894092036748
 -0.25978765921999999   0.60051194914914290
 -0.25977965921999999   0.60051498554607817
 -0.25977165921999999   0.60051805138901389
 -0.25976365921999999   0.60052114765880140
 -0.25975565921999999   0.60052427503271334
 -0.25974765921999999   0.60052743387954008
 -0.25973965921999999   0.60053062425667124
 -0.25973165921999999   0.60053384590946246
 -0.25972365921999999   0.60053709827317299
 -0.25971565921999999   0.60054038047773469
 -0.25970765921999999   0.60054369135557071
 -0.25969965921999999   0.60054702945263058
 -0.25969165921999999   0.60055039304273787
 -0.25968365921999999   0.60055378014527149
 -0.25967565921999999   0.60055718854611282
 -0.25966765921999999   0.60056061582169936
 -0.25965965921999999   0.60056405936593150
 -0.25965165921999999   0.60056751641958862
 -0.25964365921999999   0.60057098410182535
 -0.25963565921999999   0.60057445944324759
 -0.25962765921999999   0.60057793942000961
 -0.25961965921999999   0.60058142098833444
 -0.25961165921999999   0.60058490111884222
 -0.25960365921999999   0.60058837683007198
 -0.25959565921999999   0.60059184522060932
 -0.25958765921999999   0.60059530349927386
 -0.25957965921999999   0.60059874901288483
 -0.25957165921999999   0.60060217927119650
 -0.25956365921999999   0.60060559196868391
 -0.25955565921999999   0.60060898500294917
 -0.25954765921999999   0.60061235648961461
 -0.25953965921999999   0.60061570477365858
 -0.25953165921999999   0.60061902843723663
 -0.25952365921999999   0.60062232630410603
 -0.25951565921999999   0.60062559744083811
 -0.25950765921999999   0.60062884115505487
 -0.25949965921999999   0.60063205699096699
 -0.25949165921999999   0.60063524472251634
 -0.25948365921999999   0.60063840434444176
 -0.25947565921999999   0.60064153606159021
 -0.25946765921999999   0.60064464027678860
 -0.25945965921999999   0.60064771757757854
 -0.25945165921999999   0.60065076872209647
 -0.25944365921999999   0.60065379462435496
 -0.25943565921999999   0.60065679633915667
 -0.25942765921999999   0.60065977504683998
 -0.25941965921999999   0.60066273203802833
 -0.25941165921999999   0.60066566869852668
 -0.25940365921999999   0.60066858649447980
 -0.25939565921999999   0.60067148695788464
 -0.25938765921999999   0.60067437167252509
 -0.25937965921999999   0.60067724226037870
 -0.25937165921999999   0.60068010036852871
 -0.25936365921999999   0.60068294765660068
 -0.25935565921999999   0.60068578578473272
 -0.25934765921999999   0.60068861640208014
 -0.25933965921999999   0.60069144113585085
 -0.25933165921999999   0.60069426158086286
 -0.25932365921999999   0.60069707928961677
 -0.25931565921999999   0.60069989576287503
 -0.25930765921999999   0.60070271244074244
 -0.25929965921999999   0.60070553069424779
 -0.25929165921999999   0.60070835181742805
 -0.25928365921999999   0.60071117701992563
 -0.25927565921999999   0.60071400742011215
 -0.25926765921999999   0.60071684403876017
 -0.25925965921999999   0.60071968779328949
 -0.25925165921999999   0.60072253949262122
 -0.25924365921999999   0.60072539983267682
 -0.25923565921999999   0.60072826939256447
 -0.25922765921999999   0.60073114863149833
 -0.25921965921999999   0.60073403788649672
 -0.25921165921999999   0.60073693737090755
 -0.25920365921999999   0.60073984717380495
 -0.25919565921999999   0.60074276726030082
 -0.25918765921999999   0.60074569747280545
 -0.25917965921999999   0.60074863753326812
 -0.25917165921999999   0.60075158704641527
 -0.25916365921999999   0.60075454550399490
 -0.25915565921999999   0.60075751229002126
 -0.25914765921999999   0.60076048668700049
 -0.25913965921999999   0.60076346788310136
 -0.25913165921999999   0.60076645498022009
 -0.25912365921999999   0.60076944700287149
 -0.25911565921999999   0.60077244290782234
 -0.25910765921999999   0.60077544159436952
 -0.25909965921999999   0.60077844191514973
 -0.25909165921999999   0.60078144268735871
 -0.25908365921999999   0.60078444270424585
 -0.25907565921999999   0.60078744074674597
 -0.25906765921999999   0.60079043559510571
 -0.25905965921999999   0.60079342604036074
 -0.25905165921999999   0.60079641089552504
 -0.25904365921999999   0.60079938900635716
 -0.25903565921999999   0.60080235926157897
 -0.25902765921999999   0.60080532060243296
 -0.25901965921999999   0.60080827203147794
 -0.25901165921999999   0.60081121262053886
 -0.25900365921999999   0.60081414151774233
 -0.25899565921999999   0.60081705795358734
 -0.25898765921999999   0.60081996124601775
 -0.25897965921999999   0.60082285080448030
 -0.25897165921999999   0.60082572613296874
 -0.25896365921999999   0.60082858683206873
 -0.25895565921999999   0.60083143260003281
 -0.25894765921999999   0.60083426323292648
 -0.25893965921999999   0.60083707862389580
 -0.25893165921999999   0.60083987876161583
 -0.25892365921999999   0.60084266372798498
 -0.25891565921999999   0.60084543369513385
 -0.25890765921999999   0.60084818892182105
 -0.25889965921999999   0.60085092974928737
 -0.25889165921999999   0.60085365659664052
 -0.25888365921999999   0.60085636995583963
 -0.25887565921999999   0.60085907038634678
 -0.25886765921999999   0.60086175850950744
 -0.25885965921999999   0.60086443500271973
 -0.25885165921999999   0.60086710059344527
 -0.25884365921999999   0.60086975605311178
 -0.25883565921999999   0.60087240219095031
 -0.25882765921999999   0.60087503984780813
 -0.25881965921999999   0.60087766988997097
 -0.25881165921999999   0.60088029320302596
 -0.25880365921999999   0.60088291068579243
 -0.25879565921999999   0.60088552324434406
 -0.25878765921999999   0.60088813178614382
 -0.25877965921999999   0.60089073721431014
 -0.25877165921999999   0.60089334042203173
 -0.25876365921999999   0.60089594228714644
 -0.25875565921999999   0.60089854366689992
 -0.25874765921999999   0.60090114539289822
 -0.25873965921999999   0.60090374826626932
 -0.25873165921999999   0.60090635305304915
 -0.25872365921999999   0.60090896047980737
 -0.25871565921999999   0.60091157122952981
 -0.25870765921999999   0.60091418593777519
 -0.25869965921999999   0.60091680518912448
 -0.25869165921999999   0.60091942951394246
 -0.25868365921999999   0.60092205938547137
 -0.25867565921999999   0.60092469521727754
 -0.25866765921999999   0.60092733736107195
 -0.25865965921999999   0.60092998610492504
 -0.25865165921999999   0.60093264167189649
 -0.25864365921999999   0.60093530421909856
 -0.25863565921999999   0.60093797383721015
 -0.25862765921999999   0.60094065055045722
 -0.25861965921999999   0.60094333431707138
 -0.25861165921999999   0.60094602503023489
 -0.25860365921999999   0.60094872251951775
 -0.25859565921999999   0.60095142655280582
 -0.25858765921999999   0.60095413683871548
 -0.25857965921999999   0.60095685302948400
 -0.25857165921999999   0.60095957472431940
 -0.25856365921999999   0.60096230147318726
 -0.25855565921999999   0.60096503278100689
 -0.25854765921999999   0.60096776811222142
 -0.25853965921999999   0.60097050689570380
 -0.25853165921999999   0.60097324852995226
 -0.25852365921999999   0.60097599238852677
 -0.25851565921999999   0.60097873782567268
 -0.25850765921999999   0.60098148418207484
 -0.25849965921999999   0.60098423079068420
 -0.25849165921999999   0.60098697698255555
 -0.25848365921999999   0.60098972209263810
 -0.25847565921999999   0.60099246546545783
 -0.25846765921999999   0.60099520646063553
 -0.25845965921999999   0.60099794445818425
 -0.25845165921999999   0.60100067886353716
 -0.25844365921999999   0.60100340911225740
 -0.25843565921999999   0.60100613467438959
 -0.25842765921999999   0.60100885505841710
 -0.25841965921999999   0.60101156981479461
 -0.25841165921999999   0.60101427853903404
 -0.25840365921999999   0.60101698087432504
 -0.25839565921999999   0.60101967651368045
 -0.25838765921999999   0.60102236520160126
 -0.25837965921999999   0.60102504673526315
 -0.25837165921999999   0.60102772096522957
 -0.25836365921999999   0.60103038779570422
 -0.25835565921999999   0.60103304718433793
 -0.25834765921999999   0.60103569914160908
 -0.25833965921999999   0.60103834372980115
 -0.25833165921999999   0.60104098106160164
 -0.25832365921999999   0.60104361129835005
 -0.25831565921999999   0.60104623464796318
 -0.25830765921999999   0.60104885136256736
 -0.25829965921999999   0.60105146173586742
 -0.25829165921999999   0.60105406610028187
 -0.25828365921999999   0.60105666482387422
 -0.25827565921999999   0.60105925830710911
 -0.25826765921999999   0.60106184697946114
 -0.25825965921999999   0.60106443129590355
 -0.25825165921999999   0.60106701173330229
 -0.25824365921999999   0.60106958878674040
 -0.25823565921999999   0.60107216296579606
 -0.25822765921999999   0.60107473479079680
 -0.25821965921999999   0.60107730478907030
 -0.25821165921999999   0.60107987349121324
 -0.25820365921999999   0.60108244142739602
 -0.25819565921999999   0.60108500912372350
 -0.25818765921999999   0.60108757709866734
 -0.25817965921999999   0.60109014585958974
 -0.25817165921999999   0.60109271589937320
 -0.25816365921999999   0.60109528769317416
 -0.25815565921999999   0.60109786169531587
 -0.25814765921999999   0.60110043833633693
 -0.25813965921999999   0.60110301802021082
 -0.25813165921999999   0.60110560112175244
 -0.25812365921999999   0.60110818798422646
 -0.25811565921999999   0.60111077891717261
 -0.25810765921999999   0.60111337419446282
 -0.25809965921999999   0.60111597405260349
 -0.25809165921999999   0.60111857868929700
 -0.25808365921999999   0.60112118826227406
 -0.25807565921999999   0.60112380288840867
 -0.25806765921999999   0.60112642264312566
 -0.25805965921999999   0.60112904756010834
 -0.25805165921999999   0.60113167763131355
 -0.25804365921999999   0.60113431280729802
 -0.25803565921999999   0.60113695299785794
 -0.25802765921999999   0.60113959807298127
 -0.25801965921999999   0.60114224786410948
 -0.25801165921999999   0.60114490216570221
 -0.25800365921999999   0.60114756073709569
 -0.25799565921999999   0.60115022330464253
 -0.25798765921999999   0.60115288956411724
 -0.25797965921999999   0.60115555918336883
 -0.25797165921999999   0.60115823180519937
 -0.25796365921999999   0.60116090705044352
 -0.25795565921999999   0.60116358452122310
 -0.25794765921999999   0.60116626380434672
 -0.25793965921999999   0.60116894447482465
 -0.25793165921999999   0.60117162609946525
 -0.25792365921999999   0.60117430824052110
 -0.25791565921999999   0.60117699045934945
 -0.25790765921999999   0.60117967232005365
 -0.25789965921999999   0.60118235339307217
 -0.25789165921999999   0.60118503325868142
 -0.25788365921999999   0.60118771151038200
 -0.25787565921999999   0.60119038775813774
 -0.25786765921999999   0.60119306163144072
 -0.25785965921999999   0.60119573278217657
 -0.25785165921999999   0.60119840088726772
 -0.25784365921999999   0.60120106565107571
 -0.25783565921999999   0.60120372680754562
 -0.25782765921999999   0.60120638412208003
 -0.25781965921999999   0.60120903739313240
 -0.25781165921999999   0.60121168645351359
 -0.25780365921999999   0.60121433117140776
 -0.25779565921999999   0.60121697145109740
 -0.25778765921999999   0.60121960723339987
 -0.25777965921999999   0.60122223849582021
 -0.25777165921999999   0.60122486525242799
 -0.25776365921999999   0.60122748755346726
 -0.25775565921999999   0.60123010548471116
 -0.25774765921999999   0.60123271916657400
 -0.25773965921999999   0.60123532875299516
 -0.25773165921999999   0.60123793443010960
 -0.25772365921999999   0.60124053641472155
 -0.25771565921999999   0.60124313495259769
 -0.25770765921999999   0.60124573031659654
 -0.25769965921999999   0.60124832280465154
 -0.25769165921999999   0.60125091273762477
 -0.25768365921999999   0.60125350045704814
 -0.25767565921999999   0.60125608632276924
 -0.25766765921999999   0.60125867071051767
 -0.25765965921999999   0.60126125400940847
 -0.25765165921999999   0.60126383661939832
 -0.25764365921999999   0.60126641894870935
 -0.25763565921999999   0.60126900141123585
 -0.25762765921999999   0.60127158442394795
 -0.25761965921999999   0.60127416840430687
 -0.25761165921999999   0.60127675376770438
 -0.25760365921999999   0.60127934092494121
 -0.25759565921999999   0.60128193027975593
 -0.25758765921999999   0.60128452222641818
 -0.25757965921999999   0.60128711714739822
 -0.25757165921999999   0.60128971541112495
 -0.25756365921999999   0.60129231736984443
 -0.25755565921999999   0.60129492335759117
 -0.25754765921999999   0.60129753368828247
 -0.25753965921999999   0.60130014865394810
 -0.25753165921999999   0.60130276852310550
 -0.25752365921999999   0.60130539353929068
 -0.25751565921999999   0.60130802391975522
 -0.25750765921999999   0.60131065985433812
 -0.25749965921999999   0.60131330150452109
 -0.25749165921999999   0.60131594900267496
 -0.25748365921999999   0.60131860245150435
 -0.25747565921999999   0.60132126192369523
 -0.25746765921999999   0.60132392746177110
 -0.25745965921999999   0.60132659907815971
 -0.25745165921999999   0.60132927675547272
 -0.25744365921999999   0.60133196044699792
 -0.25743565921999999   0.60133465007740247
 -0.25742765921999999   0.60133734554364397
 -0.25741965921999999   0.60134004671608335
 -0.25741165921999999   0.60134275343979393
 -0.25740365921999999   0.60134546553605584
 -0.25739565921999999   0.60134818280402650
 -0.25738765921999999   0.60135090502257375
 -0.25737965921999999   0.60135363195225734
 -0.25737165921999999   0.60135636333744306
 -0.25736365921999999   0.60135909890853193
 -0.25735565921999999   0.60136183838428563
 -0.25734765921999999   0.60136458147422873
 -0.25733965921999999   0.60136732788110660
 -0.25733165921999999   0.60137007730337811
 -0.25732365921999999   0.60137282943772114
 -0.25731565921999999   0.60137558398152952
 -0.25730765921999999   0.60137834063537928
 -0.25729965921999999   0.60138109910544347
 -0.25729165921999999   0.60138385910583474
 -0.25728365921999999   0.60138662036085633
 -0.25727565921999999   0.60138938260714242
 -0.25726765921999999   0.60139214559567155
 -0.25725965921999999   0.60139490909363649
 -0.25725165921999999   0.60139767288615737
 -0.25724365921999999   0.60140043677782506
 -0.25723565921999999   0.60140320059406516
 -0.25722765921999999   0.60140596418231334
 -0.25721965921999999   0.60140872741299588
 -0.25721165921999999   0.60141149018031074
 -0.25720365921999999   0.60141425240280593
 -0.25719565921999999   0.60141701402375464
 -0.25718765921999999   0.60141977501132762
 -0.25717965921999999   0.60142253535856529
 -0.25717165921999999   0.60142529508315336
 -0.25716365921999999   0.60142805422700750
 -0.25715565921999999   0.60143081285567357
 -0.25714765921999999   0.60143357105755098
 -0.25713965921999999   0.60143632894294826
 -0.25713165921999999   0.60143908664298036
 -0.25712365921999999   0.60144184430831808
 -0.25711565921999999   0.60144460210780055
 -0.25710765921999999   0.60144736022692280
 -0.25709965921999999   0.60145011886620981
 -0.25709165921999999   0.60145287823949000
 -0.25708365921999999   0.60145563857208036
 -0.25707565921999999   0.60145840009889597
 -0.25706765921999999   0.60146116306249746
 -0.25705965921999999   0.60146392771108856
 -0.25705165921999999   0.60146669429647735
 -0.25704365921999999   0.60146946307201417
 -0.25703565921999999   0.60147223429051877
 -0.25702765921999999   0.60147500820221057
 -0.25701965921999999   0.60147778505265359
 -0.25701165921999999   0.60148056508073010
 -0.25700365921999999   0.60148334851665479
 -0.25699565921999999   0.60148613558004197
 -0.25698765921999999   0.60148892647803882
 -0.25697965921999999   0.60149172140353564
 -0.25697165921999999   0.60149452053346558
 -0.25696365921999999   0.60149732402720539
 -0.25695565921999999   0.60150013202508778
 -0.25694765921999999   0.60150294464703615
 -0.25693965921999999   0.60150576199133230
 -0.25693165921999999   0.60150858413352574
 -0.25692365921999999   0.60151141112549427
 -0.25691565921999999   0.60151424299466303
 -0.25690765921999999   0.60151707974339007
 -0.25689965921999999   0.60151992134852336
 -0.25689165921999999   0.60152276776113573
 -0.25688365921999999   0.60152561890644000
 -0.25687565921999999   0.60152847468388844
 -0.25686765921999999   0.60153133496745632
 -0.25685965921999999   0.60153419960611031
 -0.25685165921999999   0.60153706842445933
 -0.25684365921999999   0.60153994122358489
 -0.25683565921999999   0.60154281778204569
 -0.25682765921999999   0.60154569785704999
 -0.25681965921999999   0.60154858118578775
 -0.25681165921999999   0.60155146748691250
 -0.25680365921999999   0.60155435646216249
 -0.25679565921999999   0.60155724779810734
 -0.25678765921999999   0.60156014116800724
 -0.25677965921999999   0.60156303623376921
 -0.25677165921999999   0.60156593264798440
 -0.25676365921999999   0.60156883005602908
 -0.25675565921999999   0.60157172809821243
 -0.25674765921999999   0.60157462641195188
 -0.25673965921999999   0.60157752463395908
 -0.25673165921999999   0.60158042240241638
 -0.25672365921999999   0.60158331935912703
 -0.25671565921999999   0.60158621515162035
 -0.25670765921999999   0.60158910943519482
 -0.25669965921999999   0.60159200187488254
 -0.25669165921999999   0.60159489214731982
 -0.25668365921999999   0.60159777994250865
 -0.25667565921999999   0.60160066496545695
 -0.25666765921999999   0.60160354693768518
 -0.25665965921999999   0.60160642559858883
 -0.25665165921999999   0.60160930070664904
 -0.25664365921999999   0.60161217204048313
 -0.25663565921999999   0.60161503939973008
 -0.25662765921999999   0.60161790260576750
 -0.25661965921999999   0.60162076150225717
 -0.25661165921999999   0.60162361595551864
 -0.25660365921999999   0.60162646585473235
 -0.25659565921999999   0.60162931111197380
 -0.25658765921999999   0.60163215166208276
 -0.25657965921999999   0.60163498746237229
 -0.25657165921999999   0.60163781849218376
 -0.25656365921999999   0.60164064475229469
 -0.25655565921999999   0.60164346626418726
 -0.25654765921999999   0.60164628306918652
 -0.25653965921999999   0.60164909522747736
 -0.25653165921999999   0.60165190281701042
 -0.25652365921999999   0.60165470593230725
 -0.25651565921999999   0.60165750468317529
 -0.25650765921999999   0.60166029919334403
 -0.25649965921999999   0.60166308959903323
 -0.25649165921999999   0.60166587604746460
 -0.25648365921999999   0.60166865869532825
 -0.25647565921999999   0.60167143770721493
 -0.25646765921999999   0.60167421325402566
 -0.25645965921999999   0.60167698551136921
 -0.25645165921999999   0.60167975465795870
 -0.25644365921999999   0.60168252087401759
 -0.25643565921999999   0.60168528433970551
 -0.25642765921999999   0.60168804523357394
 -0.25641965921999999   0.60169080373106144
 -0.25641165921999999   0.60169356000303748
 -0.25640365921999999   0.60169631421440456
 -0.25639565921999999   0.60169906652276605
 -0.25638765921999999   0.60170181707716897
 -0.25637965921999999   0.60170456601692857
 -0.25637165921999999   0.60170731347054216
 -0.25636365921999999   0.60171005955469877
 -0.25635565921999999   0.60171280437339069
 -0.25634765921999999   0.60171554801713199
 -0.25633965921999999   0.60171829056228952
 -0.25633165921999999   0.60172103207052972
 -0.25632365921999999   0.60172377258838499
 -0.25631565921999999   0.60172651214694239
 -0.25630765921999999   0.60172925076165619
 -0.25629965921999999   0.60173198843228548
 -0.25629165921999999   0.60173472514295689
 -0.25628365921999999   0.60173746086235185
 -0.25627565921999999   0.60174019554401642
 -0.25626765921999999   0.60174292912679171
 -0.25625965921999999   0.60174566153536073
 -0.25625165921999999   0.60174839268090798
 -0.25624365921999999   0.60175112246188606
 -0.25623565921999999   0.60175385076488330
 -0.25622765921999999   0.60175657746558555
 -0.25621965921999999   0.60175930242982406
 -0.25621165921999999   0.60176202551470158
 -0.25620365921999999   0.60176474656978669
 -0.25619565921999999   0.60176746543836718
 -0.25618765921999999   0.60177018195875235
 -0.25617965921999999   0.60177289596561312
 -0.25617165921999999   0.60177560729134921
 -0.25616365921999999   0.60177831576747254
 -0.25615565921999999   0.60178102122599515
 -0.25614765921999999   0.60178372350081072
 -0.25613965921999999   0.60178642242905860
 -0.25613165921999999   0.60178911785245946
 -0.25612365921999999   0.60179180961861228
 -0.25611565921999999   0.60179449758224221
 -0.25610765921999999   0.60179718160639043
 -0.25609965921999999   0.60179986156353671
 -0.25609165921999999   0.60180253733664685
 -0.25608365921999999   0.60180520882013747
 -0.25607565921999999   0.60180787592075139
 -0.25606765921999999   0.60181053855833866
 -0.25605965921999999   0.60181319666653768
 -0.25605165921999999   0.60181585019335300
 -0.25604365921999999   0.60181849910162676
 -0.25603565921999999   0.60182114336940181
 -0.25602765921999999   0.60182378299017544
 -0.25601965921999999   0.60182641797304321
 -0.25601165921999999   0.60182904834273403
 -0.25600365921999999   0.60183167413953744
 -0.25599565921999999   0.60183429541912572
 -0.25598765921999999   0.60183691225227300
 -0.25597965921999999   0.60183952472447623
 -0.25597165921999999   0.60184213293548053
 -0.25596365921999999   0.60184473699871509
 -0.25595565921999999   0.60184733704064382
 -0.25594765921999999   0.60184993320003680
 -0.25593965921999999   0.60185252562716848
 -0.25593165921999999   0.60185511448294868
 -0.25592365921999999   0.60185769993799291
 -0.25591565921999999   0.60186028217163917
 -0.25590765921999999   0.60186286137091761
 -0.25589965921999999   0.60186543772948018
 -0.25589165921999999   0.60186801144649769
 -0.25588365921999999   0.60187058272553082
 -0.25587565921999999   0.60187315177338276
 -0.25586765921999999   0.60187571879894034
 -0.25585965921999999   0.60187828401201055
 -0.25585165921999999   0.60188084762216000
 -0.25584365921999999   0.60188340983756361
 -0.25583565921999999   0.60188597086386958
 -0.25582765921999999   0.60188853090308741
 -0.25581965921999999   0.60189109015250522
 -0.25581165921999999   0.60189364880364297
 -0.25580365921999999   0.60189620704124730
 -0.25579565921999999   0.60189876504233415
 -0.25578765921999999   0.60190132297528490
 -0.25577965921999999   0.60190388099900103
 -0.25577165921999999   0.60190643926212260
 -0.25576365921999999   0.60190899790231542
 -0.25575565921999999   0.60191155704563093
 -0.25574765921999999   0.60191411680594301
 -0.25573965921999999   0.60191667728446545
 -0.25573165921999999   0.60191923856935278
 -0.25572365921999999   0.60192180073538759
 -0.25571565921999999   0.60192436384375606
 -0.25570765921999999   0.60192692794191357
 -0.25569965921999999   0.60192949306354129
 -0.25569165921999999   0.60193205922859422
 -0.25568365921999999   0.60193462644344054
 -0.25567565921999999   0.60193719470109133
 -0.25566765921999999   0.60193976398151914
 -0.25565965921999999   0.60194233425206364
 -0.25565165921999999   0.60194490546792116
 -0.25564365921999999   0.60194747757271486
 -0.25563565921999999   0.60195005049914146
 -0.25562765921999999   0.60195262416969000
 -0.25561965921999999   0.60195519849742680
 -0.25561165921999999   0.60195777338684159
 -0.25560365921999999   0.60196034873474788
 -0.25559565921999999   0.60196292443123077
 -0.25558765921999999   0.60196550036063547
 -0.25557965921999999   0.60196807640258820
 -0.25557165921999999   0.60197065243304267
 -0.25556365921999999   0.60197322832534273
 -0.25555565921999999   0.60197580395129451
 -0.25554765921999999   0.60197837918223856
 -0.25553965921999999   0.60198095389011450
 -0.25553165921999999   0.60198352794850992
 -0.25552365921999999   0.60198610123368553
 -0.25551565921999999   0.60198867362556862
 -0.25550765921999999   0.60199124500870856
 -0.25549965921999999   0.60199381527318554
 -0.25549165921999999   0.60199638431546791
 -0.25548365921999999   0.60199895203921100
 -0.25547565921999999   0.60200151835599236
 -0.25546765921999999   0.60200408318597828
 -0.25545965921999999   0.60200664645851783
 -0.25545165921999999   0.60200920811266039
 -0.25544365921999999   0.60201176809759403
 -0.25543565921999999   0.60201432637300229
 -0.25542765921999999   0.60201688290933802
 -0.25541965921999999   0.60201943768801328
 -0.25541165921999999   0.60202199070150506
 -0.25540365921999999   0.60202454195337720
 -0.25539565921999999   0.60202709145821973
 -0.25538765921999999   0.60202963924150692
 -0.25537965921999999   0.60203218533937678
 -0.25537165921999999   0.60203472979833396
 -0.25536365921999999   0.60203727267487992
 -0.25535565921999999   0.60203981403507372
 -0.25534765921999999   0.60204235395402734
 -0.25533965921999999   0.60204489251534036
 -0.25533165921999999   0.60204742981047823
 -0.25532365921999999   0.60204996593809962
 -0.25531565921999999   0.60205250100333791
 -0.25530765921999999   0.60205503511704208
 -0.25529965921999999   0.60205756839498325
 -0.25529165921999999   0.60206010095703178
 -0.25528365921999999   0.60206263292631205
 -0.25527565921999999   0.60206516442833920
 -0.25526765921999999   0.60206769559014561
 -0.25525965921999999   0.60207022653940166
 -0.25525165921999999   0.60207275740353760
 -0.25524365921999999   0.60207528830887208
 -0.25523565921999999   0.60207781937975323
 -0.25522765921999999   0.60208035073771804
 -0.25521965921999999   0.60208288250067573
 -0.25521165921999999   0.60208541478212011
 -0.25520365921999999   0.60208794769037685
 -0.25519565921999999   0.60209048132789021
 -0.25518765921999999   0.60209301579055393
 -0.25517965921999999   0.60209555116709123
 -0.25517165921999999   0.60209808753848783
 -0.25516365921999999   0.60210062497748178
 -0.25515565921999999   0.60210316354811416
 -0.25514765921999999   0.60210570330534325
 -0.25513965921999999   0.60210824429472526
 -0.25513165921999999   0.60211078655216387
 -0.25512365921999999   0.60211333010373053
 -0.25511565921999999   0.60211587496555699
 -0.25510765921999999   0.60211842114380074
 -0.25509965921999999   0.60212096863468412
 -0.25509165921999999   0.60212351742460695
 -0.25508365921999999   0.60212606749033168
 -0.25507565921999999   0.60212861879924042
 -0.25506765921999999   0.60213117130966198
 -0.25505965921999999   0.60213372497126647
 -0.25505165921999999   0.60213627972552471
 -0.25504365921999999   0.60213883550623001
 -0.25503565921999999   0.60214139224007714
 -0.25502765921999999   0.60214394984729528
 -0.25501965921999999   0.60214650824233030
 -0.25501165921999999   0.60214906733457067
 -0.25500365921999999   0.60215162702911197
 -0.25499565921999999   0.60215418722755442
 -0.25498765921999999   0.60215674782882716
 -0.25497965921999999   0.60215930873003290
 -0.25497165921999999   0.60216186982730705
 -0.25496365921999999   0.60216443101668433
 -0.25495565921999999   0.60216699219496695
 -0.25494765921999999   0.60216955326058691
 -0.25493965921999999   0.60217211411445700
 -0.25493165921999999   0.60217467466080361
 -0.25492365921999999   0.60217723480797532
 -0.25491565921999999   0.60217979446922140
 -0.25490765921999999   0.60218235356343485
 -0.25489965921999999   0.60218491201585435
 -0.25489165921999999   0.60218746975872071
 -0.25488365921999999   0.60219002673188292
 -0.25487565921999999   0.60219258288335012
 -0.25486765921999999   0.60219513816978588
 -0.25485965921999999   0.60219769255694163
 -0.25485165921999999   0.60220024602002680
 -0.25484365921999999   0.60220279854401377
 -0.25483565921999999   0.60220535012387595
 -0.25482765921999999   0.60220790076475787
 -0.25481965921999999   0.60221045048207728
 -0.25481165921999999   0.60221299930155891
 -0.25480365921999999   0.60221554725920030
 -0.25479565921999999   0.60221809440117110
 -0.25478765921999999   0.60222064078364666
 -0.25477965921999999   0.60222318647257848
 -0.25477165921999999   0.60222573154340297
 -0.25476365921999999   0.60222827608069145
 -0.25475565921999999   0.60223082017774445
 -0.25474765921999999   0.60223336393613322
 -0.25473965921999999   0.60223590746519217
 -0.25473165921999999   0.60223845088146567
 -0.25472365921999999   0.60224099430811358
 -0.25471565921999999   0.60224353787427919
 -0.25470765921999999   0.60224608171442434
 -0.25469965921999999   0.60224862596763556
 -0.25469165921999999   0.60225117077690628
 -0.25468365921999999   0.60225371628839937
 -0.25467565921999999   0.60225626265069503
 -0.25466765921999999   0.60225881001402810
 -0.25465965921999999   0.60226135852952031
 -0.25465165921999999   0.60226390834841139
 -0.25464365921999999   0.60226645962129414
 -0.25463565921999999   0.60226901249735823
 -0.25462765921999999   0.60227156712364649
 -0.25461965921999999   0.60227412364432916
 -0.25461165921999999   0.60227668219999954
 -0.25460365921999999   0.60227924292699575
 -0.25459565921999999   0.60228180595675265
 -0.25458765921999999   0.60228437141518734
 -0.25457965921999999   0.60228693942212247
 -0.25457165921999999   0.60228951009075046
 -0.25456365921999999   0.60229208352714214
 -0.25455565921999999   0.60229465982980252
 -0.25454765921999999   0.60229723908927643
 -0.25453965921999999   0.60229982138780678
 -0.25453165921999999   0.60230240679904717
 -0.25452365921999999   0.60230499538783062
 -0.25451565921999999   0.60230758720999615
 -0.25450765921999999   0.60231018231227399
 -0.25449965921999999   0.60231278073223018
 -0.25449165921999999   0.60231538249827073
 -0.25448365921999999   0.60231798762970529
 -0.25447565921999999   0.60232059613687020
 -0.25446765921999999   0.60232320802130899
 -0.25445965921999999   0.60232582327600988
 -0.25445165921999999   0.60232844188569819
 -0.25444365921999999   0.60233106382718124
 -0.25443565921999999   0.60233368906974363
 -0.25442765921999999   0.60233631757558936
 -0.25441965921999999   0.60233894930032801
 -0.25441165921999999   0.60234158419350087
 -0.25440365921999999   0.60234422219914336
 -0.25439565921999999   0.60234686325637893
 -0.25438765921999999   0.60234950730004093
 -0.25437965921999999   0.60235215426131630
 -0.25437165921999999   0.60235480406840734
 -0.25436365921999999   0.60235745664720572
 -0.25435565921999999   0.60236011192197410
 -0.25434765921999999   0.60236276981602964
 -0.25433965921999999   0.60236543025242450
 -0.25433165921999999   0.60236809315461783
 -0.25432365921999999   0.60237075844713464
 -0.25431565921999999   0.60237342605620574
 -0.25430765921999999   0.60237609591038469
 -0.25429965921999999   0.60237876794113671
 -0.25429165921999999   0.60238144208339539
 -0.25428365921999999   0.60238411827608238
 -0.25427565921999999   0.60238679646258752
 -0.25426765921999999   0.60238947659120482
 -0.25425965921999999   0.60239215861552159
 -0.25425165921999999   0.60239484249475791
 -0.25424365921999999   0.60239752819405440
 -0.25423565921999999   0.60240021568470579
 -0.25422765921999999   0.60240290494433929
 -0.25421965921999999   0.60240559595703632
 -0.25421165921999999   0.60240828871339727
 -0.25420365921999999   0.60241098321054866
 -0.25419565921999999   0.60241367945209298
 -0.25418765921999999   0.60241637744800237
 -0.25417965921999999   0.60241907721445585
 -0.25417165921999999   0.60242177877362280
 -0.25416365921999999   0.60242448215339348
 -0.25415565921999999   0.60242718738705926
 -0.25414765921999999   0.60242989451294424
 -0.25413965921999999   0.60243260357399209
 -0.25413165921999999   0.60243531461730970
 -0.25412365921999999   0.60243802769367205
 -0.25411565921999999   0.60244074285699151
 -0.25410765921999999   0.60244346016375451
 -0.25409965921999999   0.60244617967243087
 -0.25409165921999999   0.60244890144285883
 -0.25408365921999999   0.60245162553561003
 -0.25407565921999999   0.60245435201133966
 -0.25406765921999999   0.60245708093012537
 -0.25405965921999999   0.60245981235079944
 -0.25405165921999999   0.60246254633027977
 -0.25404365921999999   0.60246528292290291
 -0.25403565921999999   0.60246802217976488
 -0.25402765921999999   0.60247076414807366
 -0.25401965921999999   0.60247350887051803
 -0.25401165921999999   0.60247625638465748
 -0.25400365921999999   0.60247900672233677
 -0.25399565921999999   0.60248175990913033
 -0.25398765921999999   0.60248451596381972
 -0.25397965921999999   0.60248727489790824
 -0.25397165921999999   0.60249003671517658
 -0.25396365921999999   0.60249280141128251
 -0.25395565921999999   0.60249556897340797
 -0.25394765921999999   0.60249833937995645
 -0.25393965921999999   0.60250111260030274
 -0.25393165921999999   0.60250388859459812
 -0.25392365921999999   0.60250666731363175
 -0.25391565921999999   0.60250944869875051
 -0.25390765921999999   0.60251223268183823
 -0.25389965921999999   0.60251501918535427
 -0.25389165921999999   0.60251780812243268
 -0.25388365921999999   0.60252059939704111
 -0.25387565921999999   0.60252339290419867
 -0.25386765921999999   0.60252618853025233
 -0.25385965921999999   0.60252898615320930
 -0.25385165921999999   0.60253178564312457
 -0.25384365921999999   0.60253458686254009
 -0.25383565921999999   0.60253738966697356
 -0.25382765921999999   0.60254019390545323
 -0.25381965921999999   0.60254299942109508
 -0.25381165921999999   0.60254580605171884
 -0.25380365921999999   0.60254861363049781
 -0.25379565921999999   0.60255142198663897
 -0.25378765921999999   0.60255423094608770
 -0.25377965921999999   0.60255704033225254
 -0.25377165921999999   0.60255984996674488
 -0.25376365921999999   0.60256265967012820
 -0.25375565921999999   0.60256546926267146
 -0.25374765921999999   0.60256827856510151
 -0.25373965921999999   0.60257108739934913
 -0.25373165921999999   0.60257389558928315
 -0.25372365921999999   0.60257670296142834
 -0.25371565921999999   0.60257950934566091
 -0.25370765921999999   0.60258231457587815
 -0.25369965921999999   0.60258511849063667
 -0.25369165921999999   0.60258792093375579
 -0.25368365921999999   0.60259072175488178
 -0.25367565921999999   0.60259352081000925
 -0.25366765921999999   0.60259631796195728
 -0.25365965921999999   0.60259911308079663
 -0.25365165921999999   0.60260190604422616
 -0.25364365921999999   0.60260469673789651
 -0.25363565921999999   0.60260748505567924
 -0.25362765921999999   0.60261027089988097
 -0.25361965921999999   0.60261305418140094
 -0.25361165921999999   0.60261583481983292
 -0.25360365921999999   0.60261861274351054
 -0.25359565921999999   0.60262138788949777
 -0.25358765921999999   0.60262416020352443
 -0.25357965921999999   0.60262692963986949
 -0.25357165921999999   0.60262969616119226
 -0.25356365921999999   0.60263245973831509
 -0.25355565921999999   0.60263522034995914
 -0.25354765921999999   0.60263797798243595
 -0.25353965921999999   0.60264073262929796
 -0.25353165921999999   0.60264348429095108
 -0.25352365921999999   0.60264623297423256
 -0.25351565921999999   0.60264897869195782
