 -0.26534319731000000   0.59731505668008807
 -0.26533519731000000   0.59731774815323092
 -0.26532719731000000   0.59732044058009558
 -0.26531919731000000   0.59732313398625735
 -0.26531119731000000   0.59732582839727270
 -0.26530319731000000   0.59732852383862445
 -0.26529519731000000   0.59733122033566690
 -0.26528719731000000   0.59733391791357043
 -0.26527919731000000   0.59733661659726636
 -0.26527119731000000   0.59733931641139241
 -0.26526319731000000   0.59734201738023840
 -0.26525519731000000   0.59734471952769343
 -0.26524719731000000   0.59734742287719406
 -0.26523919731000000   0.59735012745167409
 -0.26523119731000000   0.59735283327351608
 -0.26522319731000000   0.59735554036450500
 -0.26521519731000000   0.59735824874578415
 -0.26520719731000000   0.59736095843781350
 -0.26519919731000000   0.59736366946033075
 -0.26519119731000000   0.59736638183231530
 -0.26518319731000000   0.59736909557195515
 -0.26517519731000000   0.59737181069661712
 -0.26516719731000000   0.59737452722282022
 -0.26515919731000000   0.59737724516621249
 -0.26515119731000000   0.59737996454155120
 -0.26514319731000000   0.59738268536268664
 -0.26513519731000000   0.59738540764254936
 -0.26512719731000000   0.59738813139314096
 -0.26511919731000000   0.59739085662552827
 -0.26511119731000000   0.59739358334984116
 -0.26510319731000000   0.59739631157527339
 -0.26509519731000000   0.59739904131008706
 -0.26508719731000000   0.59740177256161981
 -0.26507919731000000   0.59740450533629532
 -0.26507119731000000   0.59740723963963637
 -0.26506319731000000   0.59740997547628062
 -0.26505519731000000   0.59741271284999876
 -0.26504719731000000   0.59741545176371485
 -0.26503919731000000   0.59741819221952855
 -0.26503119731000000   0.59742093421873909
 -0.26502319731000000   0.59742367776187057
 -0.26501519731000000   0.59742642284869845
 -0.26500719731000000   0.59742916947827692
 -0.26499919731000000   0.59743191764896669
 -0.26499119731000000   0.59743466735846318
 -0.26498319731000000   0.59743741860382469
 -0.26497519731000000   0.59744017138150008
 -0.26496719731000000   0.59744292568735610
 -0.26495919731000000   0.59744568151670363
 -0.26495119731000000   0.59744843886432274
 -0.26494319731000000   0.59745119772448664
 -0.26493519731000000   0.59745395809098346
 -0.26492719731000000   0.59745671995713661
 -0.26491919731000000   0.59745948331582266
 -0.26491119731000000   0.59746224815948707
 -0.26490319731000000   0.59746501448015744
 -0.26489519731000000   0.59746778226945396
 -0.26488719731000000   0.59747055151859717
 -0.26487919731000000   0.59747332221841287
 -0.26487119731000000   0.59747609435933392
 -0.26486319731000000   0.59747886793139912
 -0.26485519731000000   0.59748164292424896
 -0.26484719731000000   0.59748441932711828
 -0.26483919731000000   0.59748719712882609
 -0.26483119731000000   0.59748997631776216
 -0.26482319731000000   0.59749275688187083
 -0.26481519731000000   0.59749553880863214
 -0.26480719731000000   0.59749832208504016
 -0.26479919731000000   0.59750110669757885
 -0.26479119731000000   0.59750389263219591
 -0.26478319731000000   0.59750667987427410
 -0.26477519731000000   0.59750946840860122
 -0.26476719731000000   0.59751225821933811
 -0.26475919731000000   0.59751504928998558
 -0.26475119731000000   0.59751784160335041
 -0.26474319731000000   0.59752063514151032
 -0.26473519731000000   0.59752342988577897
 -0.26472719731000000   0.59752622581667065
 -0.26471919731000000   0.59752902291386542
 -0.26471119731000000   0.59753182115617480
 -0.26470319731000000   0.59753462052150858
 -0.26469519731000000   0.59753742098684277
 -0.26468719731000000   0.59754022252818955
 -0.26467919731000000   0.59754302512056892
 -0.26467119731000000   0.59754582873798302
 -0.26466319731000000   0.59754863335339289
 -0.26465519731000000   0.59755143893869834
 -0.26464719731000000   0.59755424546472121
 -0.26463919731000000   0.59755705290119198
 -0.26463119731000000   0.59755986121674033
 -0.26462319731000000   0.59756267037888975
 -0.26461519731000000   0.59756548035405632
 -0.26460719731000000   0.59756829110755205
 -0.26459919731000000   0.59757110260359267
 -0.26459119731000000   0.59757391480531018
 -0.26458319731000000   0.59757672767477021
 -0.26457519731000000   0.59757954117299419
 -0.26456719731000000   0.59758235525998643
 -0.26455919731000000   0.59758516989476585
 -0.26455119731000000   0.59758798503540292
 -0.26454319731000000   0.59759080063906092
 -0.26453519731000000   0.59759361666204204
 -0.26452719731000000   0.59759643305983784
 -0.26451919731000000   0.59759924978718411
 -0.26451119731000000   0.59760206679811960
 -0.26450319731000000   0.59760488404604878
 -0.26449519731000000   0.59760770148380806
 -0.26448719731000000   0.59761051906373519
 -0.26447919731000000   0.59761333673774172
 -0.26447119731000000   0.59761615445738796
 -0.26446319731000000   0.59761897217396012
 -0.26445519731000000   0.59762178983854939
 -0.26444719731000000   0.59762460740213228
 -0.26443919731000000   0.59762742481565207
 -0.26443119731000000   0.59763024203010085
 -0.26442319731000000   0.59763305899660162
 -0.26441519731000000   0.59763587566649019
 -0.26440719731000000   0.59763869199139633
 -0.26439919731000000   0.59764150792332379
 -0.26439119731000000   0.59764432341472875
 -0.26438319731000000   0.59764713841859628
 -0.26437519731000000   0.59764995288851442
 -0.26436719731000000   0.59765276677874550
 -0.26435919731000000   0.59765558004429435
 -0.26435119731000000   0.59765839264097302
 -0.26434319731000000   0.59766120452546165
 -0.26433519731000000   0.59766401565536535
 -0.26432719731000000   0.59766682598926660
 -0.26431919731000000   0.59766963548677330
 -0.26431119731000000   0.59767244410856160
 -0.26430319731000000   0.59767525181641420
 -0.26429519731000000   0.59767805857325335
 -0.26428719731000000   0.59768086434316849
 -0.26427919731000000   0.59768366909143902
 -0.26427119731000000   0.59768647278455134
 -0.26426319731000000   0.59768927539021094
 -0.26425519731000000   0.59769207687734898
 -0.26424719731000000   0.59769487721612393
 -0.26423919731000000   0.59769767637791802
 -0.26423119731000000   0.59770047433532883
 -0.26422319731000000   0.59770327106215611
 -0.26421519731000000   0.59770606653338429
 -0.26420719731000000   0.59770886072516044
 -0.26419919731000000   0.59771165361476845
 -0.26419119731000000   0.59771444518059949
 -0.26418319731000000   0.59771723540211892
 -0.26417519731000000   0.59772002425983050
 -0.26416719731000000   0.59772281173523756
 -0.26415919731000000   0.59772559781080209
 -0.26415119731000000   0.59772838246990186
 -0.26414319731000000   0.59773116569678598
 -0.26413519731000000   0.59773394747652942
 -0.26412719731000000   0.59773672779498666
 -0.26411919731000000   0.59773950663874523
 -0.26411119731000000   0.59774228399507917
 -0.26410319731000000   0.59774505985190309
 -0.26409519731000000   0.59774783419772706
 -0.26408719731000000   0.59775060702161279
 -0.26407919731000000   0.59775337831313135
 -0.26407119731000000   0.59775614806232298
 -0.26406319731000000   0.59775891625965911
 -0.26405519731000000   0.59776168289600705
 -0.26404719731000000   0.59776444796259739
 -0.26403919731000000   0.59776721145099489
 -0.26403119731000000   0.59776997335307228
 -0.26402319731000000   0.59777273366098800
 -0.26401519731000000   0.59777549236716756
 -0.26400719731000000   0.59777824946428863
 -0.26399919731000000   0.59778100494527024
 -0.26399119731000000   0.59778375880326610
 -0.26398319731000000   0.59778651103166164
 -0.26397519731000000   0.59778926162407556
 -0.26396719731000000   0.59779201057436510
 -0.26395919731000000   0.59779475787663530
 -0.26395119731000000   0.59779750352525234
 -0.26394319731000000   0.59780024751486025
 -0.26393519731000000   0.59780298984040144
 -0.26392719731000000   0.59780573049714045
 -0.26391919731000000   0.59780846948069089
 -0.26391119731000000   0.59781120678704516
 -0.26390319731000000   0.59781394241260674
 -0.26389519731000000   0.59781667635422488
 -0.26388719731000000   0.59781940860923115
 -0.26387919731000000   0.59782213917547748
 -0.26387119731000000   0.59782486805137575
 -0.26386319731000000   0.59782759523593789
 -0.26385519731000000   0.59783032072881679
 -0.26384719731000000   0.59783304453034700
 -0.26383919731000000   0.59783576664158549
 -0.26383119731000000   0.59783848706435138
 -0.26382319731000000   0.59784120580126477
 -0.26381519731000000   0.59784392285578415
 -0.26380719731000000   0.59784663823224178
 -0.26379919731000000   0.59784935193587704
 -0.26379119731000000   0.59785206397286708
 -0.26378319731000000   0.59785477435035455
 -0.26377519731000000   0.59785748307647229
 -0.26376719731000000   0.59786019016036424
 -0.26375919731000000   0.59786289561220271
 -0.26375119731000000   0.59786559944320156
 -0.26374319731000000   0.59786830166562511
 -0.26373519731000000   0.59787100229279259
 -0.26372719731000000   0.59787370133907794
 -0.26371919731000000   0.59787639881990493
 -0.26371119731000000   0.59787909475173741
 -0.26370319731000000   0.59788178915206469
 -0.26369519731000000   0.59788448203938194
 -0.26368719731000000   0.59788717343316567
 -0.26367919731000000   0.59788986335384456
 -0.26367119731000000   0.59789255182276518
 -0.26366319731000000   0.59789523886215330
 -0.26365519731000000   0.59789792449507060
 -0.26364719731000000   0.59790060874536706
 -0.26363919731000000   0.59790329163762922
 -0.26363119731000000   0.59790597319712459
 -0.26362319731000000   0.59790865344974246
 -0.26361519731000000   0.59791133242193154
 -0.26360719731000000   0.59791401014063433
 -0.26359919731000000   0.59791668663321927
 -0.26359119731000000   0.59791936192741036
 -0.26358319731000000   0.59792203605121509
 -0.26357519731000000   0.59792470903285087
 -0.26356719731000000   0.59792738090067037
 -0.26355919731000000   0.59793005168308657
 -0.26355119731000000   0.59793272140849714
 -0.26354319731000000   0.59793539010520963
 -0.26353519731000000   0.59793805780136709
 -0.26352719731000000   0.59794072452487488
 -0.26351919731000000   0.59794339030332930
 -0.26351119731000000   0.59794605516394794
 -0.26350319731000000   0.59794871913350285
 -0.26349519731000000   0.59795138223825626
 -0.26348719731000000   0.59795404450389974
 -0.26347919731000000   0.59795670595549704
 -0.26347119731000000   0.59795936661743063
 -0.26346319731000000   0.59796202651335300
 -0.26345519731000000   0.59796468566614207
 -0.26344719731000000   0.59796734409786182
 -0.26343919731000000   0.59797000182972800
 -0.26343119731000000   0.59797265888207897
 -0.26342319731000000   0.59797531527435226
 -0.26341519731000000   0.59797797102506663
 -0.26340719731000000   0.59798062615180992
 -0.26339919731000000   0.59798328067123264
 -0.26339119731000000   0.59798593459904747
 -0.26338319731000000   0.59798858795003450
 -0.26337519731000000   0.59799124073805221
 -0.26336719731000000   0.59799389297605409
 -0.26335919731000000   0.59799654467611092
 -0.26335119731000000   0.59799919584943815
 -0.26334319731000000   0.59800184650642872
 -0.26333519731000000   0.59800449665669053
 -0.26332719731000000   0.59800714630908856
 -0.26331919731000000   0.59800979547179157
 -0.26331119731000000   0.59801244415232242
 -0.26330319731000000   0.59801509235761217
 -0.26329519731000000   0.59801774009405739
 -0.26328719731000000   0.59802038736758023
 -0.26327919731000000   0.59802303418369090
 -0.26327119731000000   0.59802568054755195
 -0.26326319731000000   0.59802832646404409
 -0.26325519731000000   0.59803097193783294
 -0.26324719731000000   0.59803361697343623
 -0.26323919731000000   0.59803626157529106
 -0.26323119731000000   0.59803890574782060
 -0.26322319731000000   0.59804154949549981
 -0.26321519731000000   0.59804419282291980
 -0.26320719731000000   0.59804683573485015
 -0.26319919731000000   0.59804947823629901
 -0.26319119731000000   0.59805212033257028
 -0.26318319731000000   0.59805476202931761
 -0.26317519731000000   0.59805740333259483
 -0.26316719731000000   0.59806004424890252
 -0.26315919731000000   0.59806268478523014
 -0.26315119731000000   0.59806532494909361
 -0.26314319731000000   0.59806796474856819
 -0.26313519731000000   0.59807060419231612
 -0.26312719731000000   0.59807324328960909
 -0.26311919731000000   0.59807588205034532
 -0.26311119731000000   0.59807852048506105
 -0.26310319731000000   0.59808115860493659
 -0.26309519731000000   0.59808379642179650
 -0.26308719731000000   0.59808643394810454
 -0.26307919731000000   0.59808907119695278
 -0.26307119731000000   0.59809170818204546
 -0.26306319731000000   0.59809434491767748
 -0.26305519731000000   0.59809698141870790
 -0.26304719731000000   0.59809961770052837
 -0.26303919731000000   0.59810225377902717
 -0.26303119731000000   0.59810488967054872
 -0.26302319731000000   0.59810752539184933
 -0.26301519731000000   0.59811016096004897
 -0.26300719731000000   0.59811279639258022
 -0.26299919731000000   0.59811543170713400
 -0.26299119731000000   0.59811806692160317
 -0.26298319731000000   0.59812070205402408
 -0.26297519731000000   0.59812333712251662
 -0.26296719731000000   0.59812597214522343
 -0.26295919731000000   0.59812860714024849
 -0.26295119731000000   0.59813124212559579
 -0.26294319731000000   0.59813387711910853
 -0.26293519731000000   0.59813651213840937
 -0.26292719731000000   0.59813914720084209
 -0.26291919731000000   0.59814178232341546
 -0.26291119731000000   0.59814441752274943
 -0.26290319731000000   0.59814705281502431
 -0.26289519731000000   0.59814968821593344
 -0.26288719731000000   0.59815232374063960
 -0.26287919731000000   0.59815495940373563
 -0.26287119731000000   0.59815759521920952
 -0.26286319731000000   0.59816023120041465
 -0.26285519731000000   0.59816286736004503
 -0.26284719731000000   0.59816550371011600
 -0.26283919731000000   0.59816814026195065
 -0.26283119731000000   0.59817077702617212
 -0.26282319731000000   0.59817341401270189
 -0.26281519731000000   0.59817605123076397
 -0.26280719731000000   0.59817868868889555
 -0.26279919731000000   0.59818132639496340
 -0.26279119731000000   0.59818396435618659
 -0.26278319731000000   0.59818660257916513
 -0.26277519731000000   0.59818924106991438
 -0.26276719731000000   0.59819187983390517
 -0.26275919731000000   0.59819451887610931
 -0.26275119731000000   0.59819715820105031
 -0.26274319731000000   0.59819979781285874
 -0.26273519731000000   0.59820243771533235
 -0.26272719731000000   0.59820507791199994
 -0.26271919731000000   0.59820771840618914
 -0.26271119731000000   0.59821035920109723
 -0.26270319731000000   0.59821300029986469
 -0.26269519731000000   0.59821564170565098
 -0.26268719731000000   0.59821828342171184
 -0.26267919731000000   0.59822092545147792
 -0.26267119731000000   0.59822356779863361
 -0.26266319731000000   0.59822621046719611
 -0.26265519731000000   0.59822885346159375
 -0.26264719731000000   0.59823149678674310
 -0.26263919731000000   0.59823414044812423
 -0.26263119731000000   0.59823678445185377
 -0.26262319731000000   0.59823942880475475
 -0.26261519731000000   0.59824207351442336
 -0.26260719731000000   0.59824471858929133
 -0.26259919731000000   0.59824736403868403
 -0.26259119731000000   0.59825000987287354
 -0.26258319731000000   0.59825265610312621
 -0.26257519731000000   0.59825530274174457
 -0.26256719731000000   0.59825794980210284
 -0.26255919731000000   0.59826059729867602
 -0.26255119731000000   0.59826324524706209
 -0.26254319731000000   0.59826589366399724
 -0.26253519731000000   0.59826854256736365
 -0.26252719731000000   0.59827119197618997
 -0.26251919731000000   0.59827384191064441
 -0.26251119731000000   0.59827649239201986
 -0.26250319731000000   0.59827914344271187
 -0.26249519731000000   0.59828179508618890
 -0.26248719731000000   0.59828444734695515
 -0.26247919731000000   0.59828710025050619
 -0.26247119731000000   0.59828975382327753
 -0.26246319731000000   0.59829240809258627
 -0.26245519731000000   0.59829506308656651
 -0.26244719731000000   0.59829771883409834
 -0.26243919731000000   0.59830037536473114
 -0.26243119731000000   0.59830303270860154
 -0.26242319731000000   0.59830569089634664
 -0.26241519731000000   0.59830834995901254
 -0.26240719731000000   0.59831100992795934
 -0.26239919731000000   0.59831367083476273
 -0.26239119731000000   0.59831633271111283
 -0.26238319731000000   0.59831899558871097
 -0.26237519731000000   0.59832165949916520
 -0.26236719731000000   0.59832432447388463
 -0.26235919731000000   0.59832699054397392
 -0.26235119731000000   0.59832965774012798
 -0.26234319731000000   0.59833232609252800
 -0.26233519731000000   0.59833499563073915
 -0.26232719731000000   0.59833766638361070
 -0.26231919731000000   0.59834033837917927
 -0.26231119731000000   0.59834301164457550
 -0.26230319731000000   0.59834568620593531
 -0.26229519731000000   0.59834836208831562
 -0.26228719731000000   0.59835103931561566
 -0.26227919731000000   0.59835371791050393
 -0.26227119731000000   0.59835639789435157
 -0.26226319731000000   0.59835907928717240
 -0.26225519731000000   0.59836176210757011
 -0.26224719731000000   0.59836444637269282
 -0.26223919731000000   0.59836713209819536
 -0.26223119731000000   0.59836981929820951
 -0.26222319731000000   0.59837250798532229
 -0.26221519731000000   0.59837519817056264
 -0.26220719731000000   0.59837788986339621
 -0.26219919731000000   0.59838058307172845
 -0.26219119731000000   0.59838327780191614
 -0.26218319731000000   0.59838597405878674
 -0.26217519731000000   0.59838867184566602
 -0.26216719731000000   0.59839137116441305
 -0.26215919731000000   0.59839407201546288
 -0.26215119731000000   0.59839677439787623
 -0.26214319731000000   0.59839947830939574
 -0.26213519731000000   0.59840218374650857
 -0.26212719731000000   0.59840489070451478
 -0.26211919731000000   0.59840759917760065
 -0.26211119731000000   0.59841030915891685
 -0.26210319731000000   0.59841302064066053
 -0.26209519731000000   0.59841573361416064
 -0.26208719731000000   0.59841844806996600
 -0.26207919731000000   0.59842116399793526
 -0.26207119731000000   0.59842388138732807
 -0.26206319731000000   0.59842660022689674
 -0.26205519731000000   0.59842932050497772
 -0.26204719731000000   0.59843204220958189
 -0.26203919731000000   0.59843476532848328
 -0.26203119731000000   0.59843748984930516
 -0.26202319731000000   0.59844021575960315
 -0.26201519731000000   0.59844294304694413
 -0.26200719731000000   0.59844567169898089
 -0.26199919731000000   0.59844840170352137
 -0.26199119731000000   0.59845113304859233
 -0.26198319731000000   0.59845386572249630
 -0.26197519731000000   0.59845659971386214
 -0.26196719731000000   0.59845933501168785
 -0.26195919731000000   0.59846207160537588
 -0.26195119731000000   0.59846480948476029
 -0.26194319731000000   0.59846754864012547
 -0.26193519731000000   0.59847028906221641
 -0.26192719731000000   0.59847303074224002
 -0.26191919731000000   0.59847577367185773
 -0.26191119731000000   0.59847851784316912
 -0.26190319731000000   0.59848126324868672
 -0.26189519731000000   0.59848400988130213
 -0.26188719731000000   0.59848675773424362
 -0.26187919731000000   0.59848950680102518
 -0.26187119731000000   0.59849225707538798
 -0.26186319731000000   0.59849500855123395
 -0.26185519731000000   0.59849776122255228
 -0.26184719731000000   0.59850051508333932
 -0.26183919731000000   0.59850327012751232
 -0.26183119731000000   0.59850602634881776
 -0.26182319731000000   0.59850878374073494
 -0.26181519731000000   0.59851154229637535
 -0.26180719731000000   0.59851430200837875
 -0.26179919731000000   0.59851706286880686
 -0.26179119731000000   0.59851982486903511
 -0.26178319731000000   0.59852258799964360
 -0.26177519731000000   0.59852535225030817
 -0.26176719731000000   0.59852811760969209
 -0.26175919731000000   0.59853088406533975
 -0.26175119731000000   0.59853365160357280
 -0.26174319731000000   0.59853642020938990
 -0.26173519731000000   0.59853918986637078
 -0.26172719731000000   0.59854196055658561
 -0.26171919731000000   0.59854473226051034
 -0.26171119731000000   0.59854750495694881
 -0.26170319731000000   0.59855027862296262
 -0.26169519731000000   0.59855305323380915
 -0.26168719731000000   0.59855582876288861
 -0.26167919731000000   0.59855860518170044
 -0.26167119731000000   0.59856138245981009
 -0.26166319731000000   0.59856416056482613
 -0.26165519731000000   0.59856693946238845
 -0.26164719731000000   0.59856971911616764
 -0.26163919731000000   0.59857249948787597
 -0.26163119731000000   0.59857528053729012
 -0.26162319731000000   0.59857806222228563
 -0.26161519731000000   0.59858084449888321
 -0.26160719731000000   0.59858362732130668
 -0.26159919731000000   0.59858641064205262
 -0.26159119731000000   0.59858919441197112
 -0.26158319731000000   0.59859197858035751
 -0.26157519731000000   0.59859476309505482
 -0.26156719731000000   0.59859754790256584
 -0.26155919731000000   0.59860033294817507
 -0.26155119731000000   0.59860311817607903
 -0.26154319731000000   0.59860590352952474
 -0.26153519731000000   0.59860868895095553
 -0.26152719731000000   0.59861147438216304
 -0.26151919731000000   0.59861425976444460
 -0.26151119731000000   0.59861704503876544
 -0.26150319731000000   0.59861983014592396
 -0.26149519731000000   0.59862261502671958
 -0.26148719731000000   0.59862539962212217
 -0.26147919731000000   0.59862818387344136
 -0.26147119731000000   0.59863096772249537
 -0.26146319731000000   0.59863375111177786
 -0.26145519731000000   0.59863653398462169
 -0.26144719731000000   0.59863931628535872
 -0.26143919731000000   0.59864209795947454
 -0.26143119731000000   0.59864487895375695
 -0.26142319731000000   0.59864765921643749
 -0.26141519731000000   0.59865043869732486
 -0.26140719731000000   0.59865321734792946
 -0.26139919731000000   0.59865599512157827
 -0.26139119731000000   0.59865877197351920
 -0.26138319731000000   0.59866154786101443
 -0.26137519731000000   0.59866432274342187
 -0.26136719731000000   0.59866709658226452
 -0.26135919731000000   0.59866986934128717
 -0.26135119731000000   0.59867264098649996
 -0.26134319731000000   0.59867541148620889
 -0.26133519731000000   0.59867818081103279
 -0.26132719731000000   0.59868094893390698
 -0.26131919731000000   0.59868371583007335
 -0.26131119731000000   0.59868648147705736
 -0.26130319731000000   0.59868924585463179
 -0.26129519731000000   0.59869200894476788
 -0.26128719731000000   0.59869477073157421
 -0.26127919731000000   0.59869753120122362
 -0.26127119731000000   0.59870029034186885
 -0.26126319731000000   0.59870304814354786
 -0.26125519731000000   0.59870580459807888
 -0.26124719731000000   0.59870855969894682
 -0.26123919731000000   0.59871131344118119
 -0.26123119731000000   0.59871406582122679
 -0.26122319731000000   0.59871681683680834
 -0.26121519731000000   0.59871956648678949
 -0.26120719731000000   0.59872231477102779
 -0.26119919731000000   0.59872506169022662
 -0.26119119731000000   0.59872780724578477
 -0.26118319731000000   0.59873055143964545
 -0.26117519731000000   0.59873329427414542
 -0.26116719731000000   0.59873603575186527
 -0.26115919731000000   0.59873877587548258
 -0.26115119731000000   0.59874151464762830
 -0.26114319731000000   0.59874425207074808
 -0.26113519731000000   0.59874698814696906
 -0.26112719731000000   0.59874972287797379
 -0.26111919731000000   0.59875245626488141
 -0.26111119731000000   0.59875518830813791
 -0.26110319731000000   0.59875791900741547
 -0.26109519731000000   0.59876064836152242
 -0.26108719731000000   0.59876337636832402
 -0.26107919731000000   0.59876610302467495
 -0.26107119731000000   0.59876882832636389
 -0.26106319731000000   0.59877155226807102
 -0.26105519731000000   0.59877427484333828
 -0.26104719731000000   0.59877699604455323
 -0.26103919731000000   0.59877971586294617
 -0.26103119731000000   0.59878243428860117
 -0.26102319731000000   0.59878515131048046
 -0.26101519731000000   0.59878786691646243
 -0.26100719731000000   0.59879058109339284
 -0.26099919731000000   0.59879329382714905
 -0.26099119731000000   0.59879600510271666
 -0.26098319731000000   0.59879871490427826
 -0.26097519731000000   0.59880142321531360
 -0.26096719731000000   0.59880413001871027
 -0.26095919731000000   0.59880683529688459
 -0.26095119731000000   0.59880953903191130
 -0.26094319731000000   0.59881224120566140
 -0.26093519731000000   0.59881494179994719
 -0.26092719731000000   0.59881764079667322
 -0.26091919731000000   0.59882033817799209
 -0.26091119731000000   0.59882303392646416
 -0.26090319731000000   0.59882572802521952
 -0.26089519731000000   0.59882842045812144
 -0.26088719731000000   0.59883111120992977
 -0.26087919731000000   0.59883380026646297
 -0.26087119731000000   0.59883648761475798
 -0.26086319731000000   0.59883917324322586
 -0.26085519731000000   0.59884185714180283
 -0.26084719731000000   0.59884453930209493
 -0.26083919731000000   0.59884721971751526
 -0.26083119731000000   0.59884989838341294
 -0.26082319731000000   0.59885257529719221
 -0.26081519731000000   0.59885525045842116
 -0.26080719731000000   0.59885792386892899
 -0.26079919731000000   0.59886059553289070
 -0.26079119731000000   0.59886326545689879
 -0.26078319731000000   0.59886593365002105
 -0.26077519731000000   0.59886860012384399
 -0.26076719731000000   0.59887126489250124
 -0.26075919731000000   0.59887392797268679
 -0.26075119731000000   0.59887658938365241
 -0.26074319731000000   0.59887924914718942
 -0.26073519731000000   0.59888190728759459
 -0.26072719731000000   0.59888456383162016
 -0.26071919731000000   0.59888721880840816
 -0.26071119731000000   0.59888987224940937
 -0.26070319731000000   0.59889252418828715
 -0.26069519731000000   0.59889517466080659
 -0.26068719731000000   0.59889782370470985
 -0.26067919731000000   0.59890047135957781
 -0.26067119731000000   0.59890311766667941
 -0.26066319731000000   0.59890576266880901
 -0.26065519731000000   0.59890840641011293
 -0.26064719731000000   0.59891104893590640
 -0.26063919731000000   0.59891369029248149
 -0.26063119731000000   0.59891633052690774
 -0.26062319731000000   0.59891896968682627
 -0.26061519731000000   0.59892160782023893
 -0.26060719731000000   0.59892424497529362
 -0.26059919731000000   0.59892688120006722
 -0.26059119731000000   0.59892951654234762
 -0.26058319731000000   0.59893215104941602
 -0.26057519731000000   0.59893478476783113
 -0.26056719731000000   0.59893741774321652
 -0.26055919731000000   0.59894005002005270
 -0.26055119731000000   0.59894268164147529
 -0.26054319731000000   0.59894531264908055
 -0.26053519731000000   0.59894794308273970
 -0.26052719731000000   0.59895057298042349
 -0.26051919731000000   0.59895320237803783
 -0.26051119731000000   0.59895583130927235
 -0.26050319731000000   0.59895845980546223
 -0.26049519731000000   0.59896108789546507
 -0.26048719731000000   0.59896371560555323
 -0.26047919731000000   0.59896634295932289
 -0.26047119731000000   0.59896896997762024
 -0.26046319731000000   0.59897159667848591
 -0.26045519731000000   0.59897422307711760
 -0.26044719731000000   0.59897684918585200
 -0.26043919731000000   0.59897947501416567
 -0.26043119731000000   0.59898210056869558
 -0.26042319731000000   0.59898472585327892
 -0.26041519731000000   0.59898735086901242
 -0.26040719731000000   0.59898997561433068
 -0.26039919731000000   0.59899260008510338
 -0.26039119731000000   0.59899522427475056
 -0.26038319731000000   0.59899784817437579
 -0.26037519731000000   0.59900047177291570
 -0.26036719731000000   0.59900309505730600
 -0.26035919731000000   0.59900571801266183
 -0.26035119731000000   0.59900834062247227
 -0.26034319731000000   0.59901096286880703
 -0.26033519731000000   0.59901358473253448
 -0.26032719731000000   0.59901620619354903
 -0.26031919731000000   0.59901882723100700
 -0.26031119731000000   0.59902144782356861
 -0.26030319731000000   0.59902406794964496
 -0.26029519731000000   0.59902668758764811
 -0.26028719731000000   0.59902930671624240
 -0.26027919731000000   0.59903192531459529
 -0.26027119731000000   0.59903454336262594
 -0.26026319731000000   0.59903716084124978
 -0.26025519731000000   0.59903977773261700
 -0.26024719731000000   0.59904239402034368
 -0.26023919731000000   0.59904500968973350
 -0.26023119731000000   0.59904762472798831
 -0.26022319731000000   0.59905023912440636
 -0.26021519731000000   0.59905285287056636
 -0.26020719731000000   0.59905546596049596
 -0.26019919731000000   0.59905807839082362
 -0.26019119731000000   0.59906069016091231
 -0.26018319731000000   0.59906330127297419
 -0.26017519731000000   0.59906591173216529
 -0.26016719731000000   0.59906852154665937
 -0.26015919731000000   0.59907113072770015
 -0.26015119731000000   0.59907373928963167
 -0.26014319731000000   0.59907634724990614
 -0.26013519731000000   0.59907895462906919
 -0.26012719731000000   0.59908156145072248
 -0.26011919731000000   0.59908416774146377
 -0.26011119731000000   0.59908677353080451
 -0.26010319731000000   0.59908937885106557
 -0.26009519731000000   0.59909198373725177
 -0.26008719731000000   0.59909458822690548
 -0.26007919731000000   0.59909719235994062
 -0.26007119731000000   0.59909979617845778
 -0.26006319731000000   0.59910239972654166
 -0.26005519731000000   0.59910500305004212
 -0.26004719731000000   0.59910760619634021
 -0.26003919731000000   0.59911020921410055
 -0.26003119731000000   0.59911281215301194
 -0.26002319731000000   0.59911541506351755
 -0.26001519731000000   0.59911801799653674
 -0.26000719731000000   0.59912062100318024
 -0.25999919731000000   0.59912322413446061
 -0.25999119731000000   0.59912582744100000
 -0.25998319731000000   0.59912843097273727
 -0.25997519731000000   0.59913103477863628
 -0.25996719731000000   0.59913363890639787
 -0.25995919731000000   0.59913624340217705
 -0.25995119731000000   0.59913884831030794
 -0.25994319731000000   0.59914145367303818
 -0.25993519731000000   0.59914405953027505
 -0.25992719731000000   0.59914666591934501
 -0.25991919731000000   0.59914927287476893
 -0.25991119731000000   0.59915188042805436
 -0.25990319731000000   0.59915448860750696
 -0.25989519731000000   0.59915709743806257
 -0.25988719731000000   0.59915970694114149
 -0.25987919731000000   0.59916231713452613
 -0.25987119731000000   0.59916492803226366
 -0.25986319731000000   0.59916753964459451
 -0.25985519731000000   0.59917015197790761
 -0.25984719731000000   0.59917276503472318
 -0.25983919731000000   0.59917537881370378
 -0.25983119731000000   0.59917799330969384
 -0.25982319731000000   0.59918060851378775
 -0.25981519731000000   0.59918322441342666
 -0.25980719731000000   0.59918584099252390
 -0.25979919731000000   0.59918845823161802
 -0.25979119731000000   0.59919107610805339
 -0.25978319731000000   0.59919369459618720
 -0.25977519731000000   0.59919631366762169
 -0.25976719731000000   0.59919893329146052
 -0.25975919731000000   0.59920155343458777
 -0.25975119731000000   0.59920417406196774
 -0.25974319731000000   0.59920679513696383
 -0.25973519731000000   0.59920941662167435
 -0.25972719731000000   0.59921203847728338
 -0.25971919731000000   0.59921466066442390
 -0.25971119731000000   0.59921728314355098
 -0.25970319731000000   0.59921990587532276
 -0.25969519731000000   0.59922252882098592
 -0.25968719731000000   0.59922515194276349
 -0.25967919731000000   0.59922777520424207
 -0.25967119731000000   0.59923039857075560
 -0.25966319731000000   0.59923302200976283
 -0.25965519731000000   0.59923564549121610
 -0.25964719731000000   0.59923826898791798
 -0.25963919731000000   0.59924089247586403
 -0.25963119731000000   0.59924351593456804
 -0.25962319731000000   0.59924613934736816
 -0.25961519731000000   0.59924876270171077
 -0.25960719731000000   0.59925138598941055
 -0.25959919731000000   0.59925400920688384
 -0.25959119731000000   0.59925663235535415
 -0.25958319731000000   0.59925925544102738
 -0.25957519731000000   0.59926187847523567
 -0.25956719731000000   0.59926450147454813
 -0.25955919731000000   0.59926712446084750
 -0.25955119731000000   0.59926974746137184
 -0.25954319731000000   0.59927237050872028
 -0.25953519731000000   0.59927499364082253
 -0.25952719731000000   0.59927761690087187
 -0.25951919731000000   0.59928024033722155
 -0.25951119731000000   0.59928286400324482
 -0.25950319731000000   0.59928548795715895
 -0.25949519731000000   0.59928811226181400
 -0.25948719731000000   0.59929073698444729
 -0.25947919731000000   0.59929336219640447
 -0.25947119731000000   0.59929598797282871
 -0.25946319731000000   0.59929861439231948
 -0.25945519731000000   0.59930124153656263
 -0.25944719731000000   0.59930386948993380
 -0.25943919731000000   0.59930649833907718
 -0.25943119731000000   0.59930912817246198
 -0.25942319731000000   0.59931175907991909
 -0.25941519731000000   0.59931439115216056
 -0.25940719731000000   0.59931702448028461
 -0.25939919731000000   0.59931965915526907
 -0.25939119731000000   0.59932229526745646
 -0.25938319731000000   0.59932493290603361
 -0.25937519731000000   0.59932757215850917
 -0.25936719731000000   0.59933021311019228
 -0.25935919731000000   0.59933285584367589
 -0.25935119731000000   0.59933550043832778
 -0.25934319731000000   0.59933814696979331
 -0.25933519731000000   0.59934079550951276
 -0.25932719731000000   0.59934344612425708
 -0.25931919731000000   0.59934609887568517
 -0.25931119731000000   0.59934875381992650
 -0.25930319731000000   0.59935141100719161
 -0.25929519731000000   0.59935407048141441
 -0.25928719731000000   0.59935673227992883
 -0.25927919731000000   0.59935939643318298
 -0.25927119731000000   0.59936206296449322
 -0.25926319731000000   0.59936473188984109
 -0.25925519731000000   0.59936740321771503
 -0.25924719731000000   0.59937007694899909
 -0.25923919731000000   0.59937275307691037
 -0.25923119731000000   0.59937543158698645
 -0.25922319731000000   0.59937811245712453
 -0.25921519731000000   0.59938079565767224
 -0.25920719731000000   0.59938348115157125
 -0.25919919731000000   0.59938616889455353
 -0.25919119731000000   0.59938885883538970
 -0.25918319731000000   0.59939155091618924
 -0.25917519731000000   0.59939424507275084
 -0.25916719731000000   0.59939694123496199
 -0.25915919731000000   0.59939963932724537
 -0.25915119731000000   0.59940233926904991
 -0.25914319731000000   0.59940504097538388
 -0.25913519731000000   0.59940774435738672
 -0.25912719731000000   0.59941044932293620
 -0.25911919731000000   0.59941315577728730
 -0.25911119731000000   0.59941586362373832
 -0.25910319731000000   0.59941857276432008
 -0.25909519731000000   0.59942128310050353
 -0.25908719731000000   0.59942399453392080
 -0.25907919731000000   0.59942670696709469
 -0.25907119731000000   0.59942942030417129
 -0.25906319731000000   0.59943213445165068
 -0.25905519731000000   0.59943484931911002
 -0.25904719731000000   0.59943756481991405
 -0.25903919731000000   0.59944028087190718
 -0.25903119731000000   0.59944299739808238
 -0.25902319731000000   0.59944571432722145
 -0.25901519731000000   0.59944843159450168
 -0.25900719731000000   0.59945114914206427
 -0.25899919731000000   0.59945386691953965
 -0.25899119731000000   0.59945658488452576
 -0.25898319731000000   0.59945930300301491
 -0.25897519731000000   0.59946202124976574
 -0.25896719731000000   0.59946473960861702
 -0.25895919731000000   0.59946745807273986
 -0.25895119731000000   0.59947017664482643
 -0.25894319731000000   0.59947289533721221
 -0.25893519731000000   0.59947561417193058
 -0.25892719731000000   0.59947833318069815
 -0.25891919731000000   0.59948105240482965
 -0.25891119731000000   0.59948377189508235
 -0.25890319731000000   0.59948649171142931
 -0.25889519731000000   0.59948921192276221
 -0.25888719731000000   0.59949193260652434
 -0.25887919731000000   0.59949465384827467
 -0.25887119731000000   0.59949737574118507
 -0.25886319731000000   0.59950009838547188
 -0.25885519731000000   0.59950282188776505
 -0.25884719731000000   0.59950554636041667
 -0.25883919731000000   0.59950827192075274
 -0.25883119731000000   0.59951099869027125
 -0.25882319731000000   0.59951372679379045
 -0.25881519731000000   0.59951645635855169
 -0.25880719731000000   0.59951918751328114
 -0.25879919731000000   0.59952192038721543
 -0.25879119731000000   0.59952465510909646
 -0.25878319731000000   0.59952739180614063
 -0.25877519731000000   0.59953013060298862
 -0.25876719731000000   0.59953287162064193
 -0.25875919731000000   0.59953561497539218
 -0.25875119731000000   0.59953836077775023
 -0.25874319731000000   0.59954110913138197
 -0.25873519731000000   0.59954386013205784
 -0.25872719731000000   0.59954661386662346
 -0.25871919731000000   0.59954937041199893
 -0.25871119731000000   0.59955212983421443
 -0.25870319731000000   0.59955489218748966
 -0.25869519731000000   0.59955765751336528
 -0.25868719731000000   0.59956042583989359
 -0.25867919731000000   0.59956319718089652
 -0.25867119731000000   0.59956597153529831
 -0.25866319731000000   0.59956874888654031
 -0.25865519731000000   0.59957152920208474
 -0.25864719731000000   0.59957431243301467
 -0.25863919731000000   0.59957709851373590
 -0.25863119731000000   0.59957988736178703
 -0.25862319731000000   0.59958267887776267
 -0.25861519731000000   0.59958547294535466
 -0.25860719731000000   0.59958826943151464
 -0.25859919731000000   0.59959106818674166
 -0.25859119731000000   0.59959386904549618
 -0.25858319731000000   0.59959667182674230
 -0.25857519731000000   0.59959947633461786
 -0.25856719731000000   0.59960228235923196
 -0.25855919731000000   0.59960508967758745
 -0.25855119731000000   0.59960789805462565
 -0.25854319731000000   0.59961070724438889
 -0.25853519731000000   0.59961351699129544
 -0.25852719731000000   0.59961632703152069
 -0.25851919731000000   0.59961913709447666
 -0.25851119731000000   0.59962194690438153
 -0.25850319731000000   0.59962475618190983
 -0.25849519731000000   0.59962756464591264
 -0.25848719731000000   0.59963037201519699
 -0.25847919731000000   0.59963317801035248
 -0.25847119731000000   0.59963598235561298
 -0.25846319731000000   0.59963878478074057
 -0.25845519731000000   0.59964158502291865
 -0.25844719731000000   0.59964438282864121
 -0.25843919731000000   0.59964717795558491
 -0.25843119731000000   0.59964997017445083
 -0.25842319731000000   0.59965275927076326
 -0.25841519731000000   0.59965554504661292
 -0.25840719731000000   0.59965832732233236
 -0.25839919731000000   0.59966110593809257
 -0.25839119731000000   0.59966388075540963
 -0.25838319731000000   0.59966665165855158
 -0.25837519731000000   0.59966941855583632
 -0.25836719731000000   0.59967218138081178
 -0.25835919731000000   0.59967494009331164
 -0.25835119731000000   0.59967769468037909
 -0.25834319731000000   0.59968044515705366
 -0.25833519731000000   0.59968319156701582
 -0.25832719731000000   0.59968593398308568
 -0.25831919731000000   0.59968867250757229
 -0.25831119731000000   0.59969140727247145
 -0.25830319731000000   0.59969413843950988
 -0.25829519731000000   0.59969686620003505
 -0.25828719731000000   0.59969959077474969
 -0.25827919731000000   0.59970231241329123
 -0.25827119731000000   0.59970503139365607
 -0.25826319731000000   0.59970774802146980
 -0.25825519731000000   0.59971046262910370
 -0.25824719731000000   0.59971317557463899
 -0.25823919731000000   0.59971588724067995
 -0.25823119731000000   0.59971859803301710
 -0.25822319731000000   0.59972130837914188
 -0.25821519731000000   0.59972401872661436
 -0.25820719731000000   0.59972672954128534
 -0.25819919731000000   0.59972944130537406
 -0.25819119731000000   0.59973215451540361
 -0.25818319731000000   0.59973486967999539
 -0.25817519731000000   0.59973758731752422
 -0.25816719731000000   0.59974030795363676
 -0.25815919731000000   0.59974303211863525
 -0.25815119731000000   0.59974576034472944
 -0.25814319731000000   0.59974849316316047
 -0.25813519731000000   0.59975123110120055
 -0.25812719731000000   0.59975397467903400
 -0.25811919731000000   0.59975672440652526
 -0.25811119731000000   0.59975948077988196
 -0.25810319731000000   0.59976224427822143
 -0.25809519731000000   0.59976501536005164
 -0.25808719731000000   0.59976779445967863
 -0.25807919731000000   0.59977058198355531
 -0.25807119731000000   0.59977337830658799
 -0.25806319731000000   0.59977618376841998
 -0.25805519731000000   0.59977899866971365
 -0.25804719731000000   0.59978182326845552
 -0.25803919731000000   0.59978465777631074
 -0.25803119731000000   0.59978750235505705
 -0.25802319731000000   0.59979035711312994
 -0.25801519731000000   0.59979322210231376
 -0.25800719731000000   0.59979609731461557
 -0.25799919731000000   0.59979898267936039
 -0.25799119731000000   0.59980187806054797
 -0.25798319731000000   0.59980478325451273
 -0.25797519731000000   0.59980769798792779
 -0.25796719731000000   0.59981062191619528
 -0.25795919731000000   0.59981355462226260
 -0.25795119731000000   0.59981649561590376
 -0.25794319731000000   0.59981944433350053
 -0.25793519731000000   0.59982240013835636
 -0.25792719731000000   0.59982536232156943
 -0.25791919731000000   0.59982833010348710
 -0.25791119731000000   0.59983130263575606
 -0.25790319731000000   0.59983427900397670
 -0.25789519731000000   0.59983725823096062
 -0.25788719731000000   0.59984023928058266
 -0.25787919731000000   0.59984322106220932
 -0.25787119731000000   0.59984620243567638
 -0.25786319731000000   0.59984918221677953
 -0.25785519731000000   0.59985215918323254
 -0.25784719731000000   0.59985513208103973
 -0.25783919731000000   0.59985809963122158
 -0.25783119731000000   0.59986106053682578
 -0.25782319731000000   0.59986401349015074
 -0.25781519731000000   0.59986695718010457
 -0.25780719731000000   0.59986989029961999
 -0.25779919731000000   0.59987281155304442
 -0.25779119731000000   0.59987571966342599
 -0.25778319731000000   0.59987861337961700
 -0.25777519731000000   0.59988149148312201
 -0.25776719731000000   0.59988435279462101
 -0.25775919731000000   0.59988719618010604
 -0.25775119731000000   0.59989002055657607
 -0.25774319731000000   0.59989282489724408
 -0.25773519731000000   0.59989560823621787
 -0.25772719731000000   0.59989836967262717
 -0.25771919731000000   0.59990110837417713
 -0.25771119731000000   0.59990382358011849
 -0.25770319731000000   0.59990651460363327
 -0.25769519731000000   0.59990918083364308
 -0.25768719731000000   0.59991182173605450
 -0.25767919731000000   0.59991443685446361
 -0.25767119731000000   0.59991702581034618
 -0.25766319731000000   0.59991958830276659
 -0.25765519731000000   0.59992212410764108
 -0.25764719731000000   0.59992463307659473
 -0.25763919731000000   0.59992711513545319
 -0.25763119731000000   0.59992957028241150
 -0.25762319731000000   0.59993199858592243
 -0.25761519731000000   0.59993440018234647
 -0.25760719731000000   0.59993677527340462
 -0.25759919731000000   0.59993912412347317
 -0.25759119731000000   0.59994144705675787
 -0.25758319731000000   0.59994374445438256
 -0.25757519731000000   0.59994601675142422
 -0.25756719731000000   0.59994826443392406
 -0.25755919731000000   0.59995048803590078
 -0.25755119731000000   0.59995268813638982
 -0.25754319731000000   0.59995486535652861
 -0.25753519731000000   0.59995702035670579
 -0.25752719731000000   0.59995915383378871
 -0.25751919731000000   0.59996126651844196
 -0.25751119731000000   0.59996335917254577
 -0.25750319731000000   0.59996543258672248
 -0.25749519731000000   0.59996748757797551
 -0.25748719731000000   0.59996952498744469
 -0.25747919731000000   0.59997154567827918
 -0.25747119731000000   0.59997355053362810
 -0.25746319731000000   0.59997554045474745
 -0.25745519731000000   0.59997751635922078
 -0.25744719731000000   0.59997947917928988
 -0.25743919731000000   0.59998142986029103
 -0.25743119731000000   0.59998336935919146
 -0.25742319731000000   0.59998529864321997
 -0.25741519731000000   0.59998721868858545
 -0.25740719731000000   0.59998913047927590
 -0.25739919731000000   0.59999103500593093
 -0.25739119731000000   0.59999293326477999
 -0.25738319731000000   0.59999482625663833
 -0.25737519731000000   0.59999671498595283
 -0.25736719731000000   0.59999860045988911
 -0.25735919731000000   0.60000048368745202
 -0.25735119731000000   0.60000236567863064
 -0.25734319731000000   0.60000424744355966
 -0.25733519731000000   0.60000612999168851
 -0.25732719731000000   0.60000801433094974
 -0.25731919731000000   0.60000990146691818
 -0.25731119731000000   0.60001179240195236
 -0.25730319731000000   0.60001368813431011
 -0.25729519731000000   0.60001558965722949
 -0.25728719731000000   0.60001749795796754
 -0.25727919731000000   0.60001941401678820
 -0.25727119731000000   0.60002133880589185
 -0.25726319731000000   0.60002327328827897
 -0.25725519731000000   0.60002521841654020
 -0.25724719731000000   0.60002717513156608
 -0.25723919731000000   0.60002914436116988
 -0.25723119731000000   0.60003112701861735
 -0.25722319731000000   0.60003312400105801
 -0.25721519731000000   0.60003513618785303
 -0.25720719731000000   0.60003716443879610
 -0.25719919731000000   0.60003920959222393
 -0.25719119731000000   0.60004127246301471
 -0.25718319731000000   0.60004335384047387
 -0.25717519731000000   0.60004545448610775
 -0.25716719731000000   0.60004757513128793
 -0.25715919731000000   0.60004971647480996
 -0.25715119731000000   0.60005187918035273
 -0.25714319731000000   0.60005406387384691
 -0.25713519731000000   0.60005627114076255
 -0.25712719731000000   0.60005850152332934
 -0.25711919731000000   0.60006075551770476
 -0.25711119731000000   0.60006303357110854
 -0.25710319731000000   0.60006533607894481
 -0.25709519731000000   0.60006766338193558
 -0.25708719731000000   0.60007001576329283
 -0.25707919731000000   0.60007239344595854
 -0.25707119731000000   0.60007479658994523
 -0.25706319731000000   0.60007722528981164
 -0.25705519731000000   0.60007967957231090
 -0.25704719731000000   0.60008215939424921
 -0.25703919731000000   0.60008466464059588
 -0.25703119731000000   0.60008719512288520
 -0.25702319731000000   0.60008975057795098
 -0.25701519731000000   0.60009233066703414
 -0.25700719731000000   0.60009493497530238
 -0.25699919731000000   0.60009756301181784
 -0.25699119731000000   0.60010021420998669
 -0.25698319731000000   0.60010288792851889
 -0.25697519731000000   0.60010558345292268
 -0.25696719731000000   0.60010829999755097
 -0.25695919731000000   0.60011103670821088
 -0.25695119731000000   0.60011379266533985
 -0.25694319731000000   0.60011656688774278
 -0.25693519731000000   0.60011935833687741
 -0.25692719731000000   0.60012216592166462
 -0.25691919731000000   0.60012498850379268
 -0.25691119731000000   0.60012782490347510
 -0.25690319731000000   0.60013067390561332
 -0.25689519731000000   0.60013353426630796
 -0.25688719731000000   0.60013640471965596
 -0.25687919731000000   0.60013928398476429
 -0.25687119731000000   0.60014217077290747
 -0.25686319731000000   0.60014506379475229
 -0.25685519731000000   0.60014796176757224
 -0.25684719731000000   0.60015086342237372
 -0.25683919731000000   0.60015376751085769
 -0.25683119731000000   0.60015667281214386
 -0.25682319731000000   0.60015957813918847
 -0.25681519731000000   0.60016248234483257
 -0.25680719731000000   0.60016538432742482
 -0.25679919731000000   0.60016828303596994
 -0.25679119731000000   0.60017117747476278
 -0.25678319731000000   0.60017406670747609
 -0.25677519731000000   0.60017694986068004
 -0.25676719731000000   0.60017982612677887
 -0.25675919731000000   0.60018269476636031
 -0.25675119731000000   0.60018555510996046
 -0.25674319731000000   0.60018840655925472
 -0.25673519731000000   0.60019124858769263
 -0.25672719731000000   0.60019408074059952
 -0.25671919731000000   0.60019690263477438
 -0.25671119731000000   0.60019971395761608
 -0.25670319731000000   0.60020251446581442
 -0.25669519731000000   0.60020530398364472
 -0.25668719731000000   0.60020808240090506
 -0.25667919731000000   0.60021084967053801
 -0.25667119731000000   0.60021360580597657
 -0.25666319731000000   0.60021635087825466
 -0.25665519731000000   0.60021908501292104
 -0.25664719731000000   0.60022180838679366
 -0.25663919731000000   0.60022452122458944
 -0.25663119731000000   0.60022722379546248
 -0.25662319731000000   0.60022991640948086
 -0.25661519731000000   0.60023259941406993
 -0.25660719731000000   0.60023527319044708
 -0.25659919730999999   0.60023793815007033
 -0.25659119730999999   0.60024059473112104
 -0.25658319730999999   0.60024324339503771
 -0.25657519730999999   0.60024588462311649
 -0.25656719730999999   0.60024851891319081
 -0.25655919730999999   0.60025114677640194
 -0.25655119730999999   0.60025376873406858
 -0.25654319730999999   0.60025638531466429
 -0.25653519730999999   0.60025899705090798
 -0.25652719730999999   0.60026160447697292
 -0.25651919730999999   0.60026420812581821
 -0.25651119730999999   0.60026680852664554
 -0.25650319730999999   0.60026940620248378
 -0.25649519730999999   0.60027200166790305
 -0.25648719730999999   0.60027459542685993
 -0.25647919730999999   0.60027718797067415
 -0.25647119730999999   0.60027977977613829
 -0.25646319730999999   0.60028237130376053
 -0.25645519730999999   0.60028496299614123
 -0.25644719730999999   0.60028755527648353
 -0.25643919730999999   0.60029014854723875
 -0.25643119730999999   0.60029274318888652
 -0.25642319730999999   0.60029533955885044
 -0.25641519730999999   0.60029793799054934
 -0.25640719730999999   0.60030053879258449
 -0.25639919730999999   0.60030314224806313
 -0.25639119730999999   0.60030574861405834
 -0.25638319730999999   0.60030835812120514
 -0.25637519730999999   0.60031097097343260
 -0.25636719730999999   0.60031358734783142
 -0.25635919730999999   0.60031620739465596
 -0.25635119730999999   0.60031883123745970
 -0.25634319730999999   0.60032145897336200
 -0.25633519730999999   0.60032409067344422
 -0.25632719730999999   0.60032672638327222
 -0.25631919730999999   0.60032936612354180
 -0.25631119730999999   0.60033200989084308
 -0.25630319730999999   0.60033465765853896
 -0.25629519730999999   0.60033730937775236
 -0.25628719730999999   0.60033996497845582
 -0.25627919730999999   0.60034262437065710
 -0.25627119730999999   0.60034528744567261
 -0.25626319730999999   0.60034795407748112
 -0.25625519730999999   0.60035062412414853
 -0.25624719730999999   0.60035329742931461
 -0.25623919730999999   0.60035597382373188
 -0.25623119730999999   0.60035865312684625
 -0.25622319730999999   0.60036133514840882
 -0.25621519730999999   0.60036401969010850
 -0.25620719730999999   0.60036670654721382
 -0.25619919730999999   0.60036939551021340
 -0.25619119730999999   0.60037208636644422
 -0.25618319730999999   0.60037477890169644
 -0.25617519730999999   0.60037747290178503
 -0.25616719730999999   0.60038016815407734
 -0.25615919730999999   0.60038286444896778
 -0.25615119730999999   0.60038556158128981
 -0.25614319730999999   0.60038825935165728
 -0.25613519730999999   0.60039095756772732
 -0.25612719730999999   0.60039365604537796
 -0.25611919730999999   0.60039635460979374
 -0.25611119730999999   0.60039905309645515
 -0.25610319730999999   0.60040175135202645
 -0.25609519730999999   0.60040444923513920
 -0.25608719730999999   0.60040714661706839
 -0.25607919730999999   0.60040984338229988
 -0.25607119730999999   0.60041253942898814
 -0.25606319730999999   0.60041523466930450
 -0.25605519730999999   0.60041792902967671
 -0.25604719730999999   0.60042062245092138
 -0.25603919730999999   0.60042331488827185
 -0.25603119730999999   0.60042600631130440
 -0.25602319730999999   0.60042869670376647
 -0.25601519730999999   0.60043138606331102
 -0.25600719730999999   0.60043407440114196
 -0.25599919730999999   0.60043676174157532
 -0.25599119730999999   0.60043944812152198
 -0.25598319730999999   0.60044213358989768
 -0.25597519730999999   0.60044481820696620
 -0.25596719730999999   0.60044750204362191
 -0.25595919730999999   0.60045018518061819
 -0.25595119730999999   0.60045286770774809
 -0.25594319730999999   0.60045554972298351
 -0.25593519730999999   0.60045823133157981
 -0.25592719730999999   0.60046091264515182
 -0.25591919730999999   0.60046359378072792
 -0.25591119730999999   0.60046627485978859
 -0.25590319730999999   0.60046895600729523
 -0.25589519730999999   0.60047163735071561
 -0.25588719730999999   0.60047431901905171
 -0.25587919730999999   0.60047700114187563
 -0.25587119730999999   0.60047968384837895
 -0.25586319730999999   0.60048236726644120
 -0.25585519730999999   0.60048505152172188
 -0.25584719730999999   0.60048773673678159
 -0.25583919730999999   0.60049042303023613
 -0.25583119730999999   0.60049311051594842
 -0.25582319730999999   0.60049579930226205
 -0.25581519730999999   0.60049848949128025
 -0.25580719730999999   0.60050118117819384
 -0.25579919730999999   0.60050387445066134
 -0.25579119730999999   0.60050656938824404
 -0.25578319730999999   0.60050926606189868
 -0.25577519730999999   0.60051196453352997
 -0.25576719730999999   0.60051466485560495
 -0.25575919730999999   0.60051736707083032
 -0.25575119730999999   0.60052007121189460
 -0.25574319730999999   0.60052277730127528
 -0.25573519730999999   0.60052548535111191
 -0.25572719730999999   0.60052819536314492
 -0.25571919730999999   0.60053090732871987
 -0.25571119730999999   0.60053362122885655
 -0.25570319730999999   0.60053633703438166
 -0.25569519730999999   0.60053905470612368
 -0.25568719730999999   0.60054177419516813
 -0.25567919730999999   0.60054449544317070
 -0.25567119730999999   0.60054721838272604
 -0.25566319730999999   0.60054994293778860
 -0.25565519730999999   0.60055266902414317
 -0.25564719730999999   0.60055539654992044
 -0.25563919730999999   0.60055812541615446
 -0.25563119730999999   0.60056085551737750
 -0.25562319730999999   0.60056358674224787
 -0.25561519730999999   0.60056631897420623
 -0.25560719730999999   0.60056905209215557
 -0.25559919730999999   0.60057178597116001
 -0.25559119730999999   0.60057452048315715
 -0.25558319730999999   0.60057725549767948
 -0.25557519730999999   0.60057999088257913
 -0.25556719730999999   0.60058272650475164
 -0.25555919730999999   0.60058546223085322
 -0.25555119730999999   0.60058819792800691
 -0.25554319730999999   0.60059093346449317
 -0.25553519730999999   0.60059366871041995
 -0.25552719730999999   0.60059640353836847
 -0.25551919730999999   0.60059913782401013
 -0.25551119730999999   0.60060187144669149
 -0.25550319730999999   0.60060460428998327
 -0.25549519730999999   0.60060733624219071
 -0.25548719730999999   0.60061006719682229
 -0.25547919730999999   0.60061279705301466
 -0.25547119730999999   0.60061552571591134
 -0.25546319730999999   0.60061825309699440
 -0.25545519730999999   0.60062097911436677
 -0.25544719730999999   0.60062370369298535
 -0.25543919730999999   0.60062642676484380
 -0.25543119730999999   0.60062914826910513
 -0.25542319730999999   0.60063186815218446
 -0.25541519730999999   0.60063458636778231
 -0.25540719730999999   0.60063730287686953
 -0.25539919730999999   0.60064001764762520
 -0.25539119730999999   0.60064273065532885
 -0.25538319730999999   0.60064544188220892
 -0.25537519730999999   0.60064815131724966
 -0.25536719730999999   0.60065085895595860
 -0.25535919730999999   0.60065356480009729
 -0.25535119730999999   0.60065626885737771
 -0.25534319730999999   0.60065897114112761
 -0.25533519730999999   0.60066167166992750
 -0.25532719730999999   0.60066437046722226
 -0.25531919730999999   0.60066706756091109
 -0.25531119730999999   0.60066976298291826
 -0.25530319730999999   0.60067245676874864
 -0.25529519730999999   0.60067514895703093
 -0.25528719730999999   0.60067783958905196
 -0.25527919730999999   0.60068052870828532
 -0.25527119730999999   0.60068321635991767
 -0.25526319730999999   0.60068590259037564
 -0.25525519730999999   0.60068858744685689
 -0.25524719730999999   0.60069127097686758
 -0.25523919730999999   0.60069395322777019
 -0.25523119730999999   0.60069663424634326
 -0.25522319730999999   0.60069931407835694
 -0.25521519730999999   0.60070199276816583
 -0.25520719730999999   0.60070467035832219
 -0.25519919730999999   0.60070734688921119
 -0.25519119730999999   0.60071002239871070
 -0.25518319730999999   0.60071269692187695
 -0.25517519730999999   0.60071537049065819
 -0.25516719730999999   0.60071804313363748
 -0.25515919730999999   0.60072071487580591
 -0.25515119730999999   0.60072338573836742
 -0.25514319730999999   0.60072605573857586
 -0.25513519730999999   0.60072872488960504
 -0.25512719730999999   0.60073139320045214
 -0.25511919730999999   0.60073406067587454
 -0.25511119730999999   0.60073672731636017
 -0.25510319730999999   0.60073939311813102
 -0.25509519730999999   0.60074205807317943
 -0.25508719730999999   0.60074472216933636
 -0.25507919730999999   0.60074738539037076
 -0.25507119730999999   0.60075004771611912
 -0.25506319730999999   0.60075270912264364
 -0.25505519730999999   0.60075536958241791
 -0.25504719730999999   0.60075802906453801
 -0.25503919730999999   0.60076068753495777
 -0.25503119730999999   0.60076334495674582
 -0.25502319730999999   0.60076600129036266
 -0.25501519730999999   0.60076865649395527
 -0.25500719730999999   0.60077131052366738
 -0.25499919730999999   0.60077396333396272
 -0.25499119730999999   0.60077661487795880
 -0.25498319730999999   0.60077926510776913
 -0.25497519730999999   0.60078191397485082
 -0.25496719730999999   0.60078456143035570
 -0.25495919730999999   0.60078720742548166
 -0.25495119730999999   0.60078985191182256
 -0.25494319730999999   0.60079249484171373
 -0.25493519730999999   0.60079513616857081
 -0.25492719730999999   0.60079777584721978
 -0.25491919730999999   0.60080041383421591
 -0.25491119730999999   0.60080305008814935
 -0.25490319730999999   0.60080568456993579
 -0.25489519730999999   0.60080831724309012
 -0.25488719730999999   0.60081094807398126
 -0.25487919730999999   0.60081357703206710
 -0.25487119730999999   0.60081620409010769
 -0.25486319730999999   0.60081882922435598
 -0.25485519730999999   0.60082145241472465
 -0.25484719730999999   0.60082407364492854
 -0.25483919730999999   0.60082669290260186
 -0.25483119730999999   0.60082931017938996
 -0.25482319730999999   0.60083192547101504
 -0.25481519730999999   0.60083453877731590
 -0.25480719730999999   0.60083715010226205
 -0.25479919730999999   0.60083975945394182
 -0.25479119730999999   0.60084236684452570
 -0.25478319730999999   0.60084497229020477
 -0.25477519730999999   0.60084757581110543
 -0.25476719730999999   0.60085017743118097
 -0.25475919730999999   0.60085277717808158
 -0.25475119730999999   0.60085537508300294
 -0.25474319730999999   0.60085797118051581
 -0.25473519730999999   0.60086056550837710
 -0.25472719730999999   0.60086315810732425
 -0.25471919730999999   0.60086574902085431
 -0.25471119730999999   0.60086833829498964
 -0.25470319730999999   0.60087092597803126
 -0.25469519730999999   0.60087351212030231
 -0.25468719730999999   0.60087609677388266
 -0.25467919730999999   0.60087867999233697
 -0.25467119730999999   0.60088126183043765
 -0.25466319730999999   0.60088384234388473
 -0.25465519730999999   0.60088642158902405
 -0.25464719730999999   0.60088899962256605
 -0.25463919730999999   0.60089157650130642
 -0.25463119730999999   0.60089415228185051
 -0.25462319730999999   0.60089672702034317
 -0.25461519730999999   0.60089930077220551
 -0.25460719730999999   0.60090187359188015
 -0.25459919730999999   0.60090444553258634
 -0.25459119730999999   0.60090701664608663
 -0.25458319730999999   0.60090958698246584
 -0.25457519730999999   0.60091215658992417
 -0.25456719730999999   0.60091472551458486
 -0.25455919730999999   0.60091729380031811
 -0.25455119730999999   0.60091986148858170
 -0.25454319730999999   0.60092242861827905
 -0.25453519730999999   0.60092499522563575
 -0.25452719730999999   0.60092756134409479
 -0.25451919730999999   0.60093012700423107
 -0.25451119730999999   0.60093269223368538
 -0.25450319730999999   0.60093525705711812
 -0.25449519730999999   0.60093782149618282
 -0.25448719730999999   0.60094038556951927
 -0.25447919730999999   0.60094294929276625
 -0.25447119730999999   0.60094551267859329
 -0.25446319730999999   0.60094807573675123
 -0.25445519730999999   0.60095063847414105
 -0.25444719730999999   0.60095320089489999
 -0.25443919730999999   0.60095576300050467
 -0.25443119730999999   0.60095832478988976
 -0.25442319730999999   0.60096088625958175
 -0.25441519730999999   0.60096344740384645
 -0.25440719730999999   0.60096600821484921
 -0.25439919730999999   0.60096856868282642
 -0.25439119730999999   0.60097112879626739
 -0.25438319730999999   0.60097368854210488
 -0.25437519730999999   0.60097624790591318
 -0.25436719730999999   0.60097880687211206
 -0.25435919730999999   0.60098136542417544
 -0.25435119730999999   0.60098392354484305
 -0.25434319730999999   0.60098648121633375
 -0.25433519730999999   0.60098903842055895
 -0.25432719730999999   0.60099159513933489
 -0.25431919730999999   0.60099415135459204
 -0.25431119730999999   0.60099670704858041
 -0.25430319730999999   0.60099926220406961
 -0.25429519730999999   0.60100181680454184
 -0.25428719730999999   0.60100437083437722
 -0.25427919730999999   0.60100692427902983
 -0.25427119730999999   0.60100947712519354
 -0.25426319730999999   0.60101202936095672
 -0.25425519730999999   0.60101458097594477
 -0.25424719730999999   0.60101713196144978
 -0.25423919730999999   0.60101968231054651
 -0.25423119730999999   0.60102223201819423
 -0.25422319730999999   0.60102478108132371
 -0.25421519730999999   0.60102732949890917
 -0.25420719730999999   0.60102987727202480
 -0.25419919730999999   0.60103242440388570
 -0.25419119730999999   0.60103497089987318
 -0.25418319730999999   0.60103751676754437
 -0.25417519730999999   0.60104006201662663
 -0.25416719730999999   0.60104260665899637
 -0.25415919730999999   0.60104515070864339
 -0.25415119730999999   0.60104769418162065
 -0.25414319730999999   0.60105023709598004
 -0.25413519730999999   0.60105277947169519
 -0.25412719730999999   0.60105532133057147
 -0.25411919730999999   0.60105786269614442
 -0.25411119730999999   0.60106040359356706
 -0.25410319730999999   0.60106294404948740
 -0.25409519730999999   0.60106548409191660
 -0.25408719730999999   0.60106802375008944
 -0.25407919730999999   0.60107056305431741
 -0.25407119730999999   0.60107310203583617
 -0.25406319730999999   0.60107564072664799
 -0.25405519730999999   0.60107817915936068
 -0.25404719730999999   0.60108071736702368
 -0.25403919730999999   0.60108325538296310
 -0.25403119730999999   0.60108579324061615
 -0.25402319730999999   0.60108833097336657
 -0.25401519730999999   0.60109086861438207
 -0.25400719730999999   0.60109340619645465
 -0.25399919730999999   0.60109594375184507
 -0.25399119730999999   0.60109848131213256
 -0.25398319730999999   0.60110101890807036
 -0.25397519730999999   0.60110355656944856
 -0.25396719730999999   0.60110609432496456
 -0.25395919730999999   0.60110863220210241
 -0.25395119730999999   0.60111117022702153
 -0.25394319730999999   0.60111370842445557
 -0.25393519730999999   0.60111624681762197
 -0.25392719730999999   0.60111878542814288
 -0.25391919730999999   0.60112132427597780
 -0.25391119730999999   0.60112386337936825
 -0.25390319730999999   0.60112640275479499
 -0.25389519730999999   0.60112894241694765
 -0.25388719730999999   0.60113148237870745
 -0.25387919730999999   0.60113402265114227
 -0.25387119730999999   0.60113656324351489
 -0.25386319730999999   0.60113910416330350
 -0.25385519730999999   0.60114164541623486
 -0.25384719730999999   0.60114418700632940
 -0.25383919730999999   0.60114672893595809
 -0.25383119730999999   0.60114927120591076
 -0.25382319730999999   0.60115181381547485
 -0.25381519730999999   0.60115435676252462
 -0.25380719730999999   0.60115690004361964
 -0.25379919730999999   0.60115944365411230
 -0.25379119730999999   0.60116198758826305
 -0.25378319730999999   0.60116453183936305
 -0.25377519730999999   0.60116707639986300
 -0.25376719730999999   0.60116962126150739
 -0.25375919730999999   0.60117216641547333
 -0.25375119730999999   0.60117471185251271
 -0.25374319730999999   0.60117725756309697
 -0.25373519730999999   0.60117980353756346
 -0.25372719730999999   0.60118234976626226
 -0.25371919730999999   0.60118489623970252
 -0.25371119730999999   0.60118744294869747
 -0.25370319730999999   0.60118998988450696
 -0.25369519730999999   0.60119253703897664
 -0.25368719730999999   0.60119508440467296
 -0.25367919730999999   0.60119763197501297
 -0.25367119730999999   0.60120017974438823
 -0.25366319730999999   0.60120272770828184
 -0.25365519730999999   0.60120527586337813
 -0.25364719730999999   0.60120782420766410
 -0.25363919730999999   0.60121037274052206
 -0.25363119730999999   0.60121292146281297
 -0.25362319730999999   0.60121547037694999
 -0.25361519730999999   0.60121801948696154
 -0.25360719730999999   0.60122056879854409
 -0.25359919730999999   0.60122311831910388
 -0.25359119730999999   0.60122566805778751
 -0.25358319730999999   0.60122821802550159
 -0.25357519730999999   0.60123076823492067
 -0.25356719730999999   0.60123331870048450
 -0.25355919730999999   0.60123586943838370
 -0.25355119730999999   0.60123842046653455
 -0.25354319730999999   0.60124097180454324
 -0.25353519730999999   0.60124352347365940
 -0.25352719730999999   0.60124607549671963
 -0.25351919730999999   0.60124862789808145
 -0.25351119730999999   0.60125118070354789
 -0.25350319730999999   0.60125373394028367
 -0.25349519730999999   0.60125628763672293
 -0.25348719730999999   0.60125884182246998
 -0.25347919730999999   0.60126139652819281
 -0.25347119730999999   0.60126395178551081
 -0.25346319730999999   0.60126650762687705
 -0.25345519730999999   0.60126906408545597
 -0.25344719730999999   0.60127162119499716
 -0.25343919730999999   0.60127417898970631
 -0.25343119730999999   0.60127673750411383
 -0.25342319730999999   0.60127929677294192
 -0.25341519730999999   0.60128185683097141
 -0.25340719730999999   0.60128441771290846
 -0.25339919730999999   0.60128697945325242
 -0.25339119730999999   0.60128954208616549
 -0.25338319730999999   0.60129210564534494
 -0.25337519730999999   0.60129467016389853
 -0.25336719730999999   0.60129723567422415
 -0.25335919730999999   0.60129980220789393
 -0.25335119730999999   0.60130236979554376
 -0.25334319730999999   0.60130493846676899
 -0.25333519730999999   0.60130750825002630
 -0.25332719730999999   0.60131007917254282
 -0.25331919730999999   0.60131265126023273
 -0.25331119730999999   0.60131522453762175
 -0.25330319730999999   0.60131779902778002
 -0.25329519730999999   0.60132037475226345
 -0.25328719730999999   0.60132295173106401
 -0.25327919730999999   0.60132552998256905
 -0.25327119730999999   0.60132810952352991
 -0.25326319730999999   0.60133069036903945
 -0.25325519730999999   0.60133327253251939
 -0.25324719730999999   0.60133585602571632
 -0.25323919730999999   0.60133844085870723
 -0.25323119730999999   0.60134102703991375
 -0.25322319730999999   0.60134361457612520
 -0.25321519730999999   0.60134620347253009
 -0.25320719730999999   0.60134879373275579
 -0.25319919730999999   0.60135138535891570
 -0.25319119730999999   0.60135397835166394
 -0.25318319730999999   0.60135657271025679
 -0.25317519730999999   0.60135916843262034
 -0.25316719730999999   0.60136176551542404
 -0.25315919730999999   0.60136436395415906
 -0.25315119730999999   0.60136696374322159
 -0.25314319730999999   0.60136956487599965
 -0.25313519730999999   0.60137216734496324
 -0.25312719730999999   0.60137477114175697
 -0.25311919730999999   0.60137737625729448
 -0.25311119730999999   0.60137998268185398
 -0.25310319730999999   0.60138259040517407
 -0.25309519730999999   0.60138519941654945
 -0.25308719730999999   0.60138780970492531
 -0.25307919730999999   0.60139042125899029
 -0.25307119730999999   0.60139303406726695
 -0.25306319730999999   0.60139564811819920
 -0.25305519730999999   0.60139826340023608
 -0.25304719730999999   0.60140087990191147
 -0.25303919730999999   0.60140349761191878
 -0.25303119730999999   0.60140611651918058
 -0.25302319730999999   0.60140873661291227
 -0.25301519730999999   0.60141135788267956
 -0.25300719730999999   0.60141398031844966
 -0.25299919730999999   0.60141660391063503
 -0.25299119730999999   0.60141922865013041
 -0.25298319730999999   0.60142185452834218
 -0.25297519730999999   0.60142448153721008
 -0.25296719730999999   0.60142710966922133
 -0.25295919730999999   0.60142973891741692
 -0.25295119730999999   0.60143236927539001
 -0.25294319730999999   0.60143500073727666
 -0.25293519730999999   0.60143763329773897
 -0.25292719730999999   0.60144026695194037
 -0.25291919730999999   0.60144290169551413
 -0.25291119730999999   0.60144553752452443
 -0.25290319730999999   0.60144817443542075
 -0.25289519730999999   0.60145081242498603
 -0.25288719730999999   0.60145345149027871
 -0.25287919730999999   0.60145609162856911
 -0.25287119730999999   0.60145873283727103
 -0.25286319730999999   0.60146137511386836
 -0.25285519730999999   0.60146401845583790
 -0.25284719730999999   0.60146666286056865
 -0.25283919730999999   0.60146930832527814
 -0.25283119730999999   0.60147195484692638
 -0.25282319730999999   0.60147460242212839
 -0.25281519730999999   0.60147725104706530
 -0.25280719730999999   0.60147990071739538
 -0.25279919730999999   0.60148255142816501
 -0.25279119730999999   0.60148520317372072
 -0.25278319730999999   0.60148785594762257
 -0.25277519730999999   0.60149050974255968
 -0.25276719730999999   0.60149316455026851
 -0.25275919730999999   0.60149582036145443
 -0.25275119730999999   0.60149847716571709
 -0.25274319730999999   0.60150113495148027
 -0.25273519730999999   0.60150379370592671
 -0.25272719730999999   0.60150645341493820
 -0.25271919730999999   0.60150911406304163
 -0.25271119730999999   0.60151177563336132
 -0.25270319730999999   0.60151443810757786
 -0.25269519730999999   0.60151710146589405
 -0.25268719730999999   0.60151976568700791
 -0.25267919730999999   0.60152243074809339
 -0.25267119730999999   0.60152509662478834
 -0.25266319730999999   0.60152776329119070
 -0.25265519730999999   0.60153043071986228
 -0.25264719730999999   0.60153309888184037
 -0.25263919730999999   0.60153576774665750
 -0.25263119730999999   0.60153843728236876
 -0.25262319730999999   0.60154110745558684
 -0.25261519730999999   0.60154377823152461
 -0.25260719730999999   0.60154644957404506
 -0.25259919730999999   0.60154912144571811
 -0.25259119730999999   0.60155179380788415
 -0.25258319730999999   0.60155446662072405
 -0.25257519730999999   0.60155713984333491
 -0.25256719730999999   0.60155981343381171
 -0.25255919730999999   0.60156248734933341
 -0.25255119730999999   0.60156516154625426
 -0.25254319730999999   0.60156783598019861
 -0.25253519730999999   0.60157051060615956
 -0.25252719730999999   0.60157318537860029
 -0.25251919730999999   0.60157586025155778
 -0.25251119730999999   0.60157853517874829
 -0.25250319730999999   0.60158121011367385
 -0.25249519730999999   0.60158388500972935
 -0.25248719730999999   0.60158655982030949
 -0.25247919730999999   0.60158923449891493
 -0.25247119730999999   0.60159190899925731
 -0.25246319730999999   0.60159458327536214
 -0.25245519730999999   0.60159725728166947
 -0.25244719730999999   0.60159993097313131
 -0.25243919730999999   0.60160260430530579
 -0.25243119730999999   0.60160527723444706
 -0.25242319730999999   0.60160794971759080
 -0.25241519730999999   0.60161062171263491
 -0.25240719730999999   0.60161329317841466
 -0.25239919730999999   0.60161596407477248
 -0.25239119730999999   0.60161863436262151
 -0.25238319730999999   0.60162130400400307
 -0.25237519730999999   0.60162397296213759
 -0.25236719730999999   0.60162664120146889
 -0.25235919730999999   0.60162930868770179
 -0.25235119730999999   0.60163197538783259
 -0.25234319730999999   0.60163464127017289
 -0.25233519730999999   0.60163730630436636
 -0.25232719730999999   0.60163997046139862
 -0.25231919730999999   0.60164263371360040
 -0.25231119730999999   0.60164529603464407
 -0.25230319730999999   0.60164795739953350
 -0.25229519730999999   0.60165061778458805
 -0.25228719730999999   0.60165327716742009
 -0.25227919730999999   0.60165593552690720
 -0.25227119730999999   0.60165859284315877
 -0.25226319730999999   0.60166124909747758
 -0.25225519730999999   0.60166390427231683
 -0.25224719730999999   0.60166655835123273
 -0.25223919730999999   0.60166921131883358
 -0.25223119730999999   0.60167186316072510
 -0.25222319730999999   0.60167451386345305
 -0.25221519730999999   0.60167716341444359
 -0.25220719730999999   0.60167981180194121
 -0.25219919730999999   0.60168245901494573
 -0.25219119730999999   0.60168510504314793
 -0.25218319730999999   0.60168774987686487
 -0.25217519730999999   0.60169039350697527
 -0.25216719730999999   0.60169303592485517
 -0.25215919730999999   0.60169567712231482
 -0.25215119730999999   0.60169831709153665
 -0.25214319730999999   0.60170095582501543
 -0.25213519730999999   0.60170359331550036
 -0.25212719730999999   0.60170622955594018
 -0.25211919730999999   0.60170886453943082
 -0.25211119730999999   0.60171149825916705
 -0.25210319730999999   0.60171413070839728
 -0.25209519730999999   0.60171676188038260
 -0.25208719730999999   0.60171939176836008
 -0.25207919730999999   0.60172202036551046
 -0.25207119730999999   0.60172464766493048
 -0.25206319730999999   0.60172727365960998
 -0.25205519730999999   0.60172989834241414
 -0.25204719730999999   0.60173252170607041
 -0.25203919730999999   0.60173514374316066
 -0.25203119730999999   0.60173776444611835
 -0.25202319730999999   0.60174038380723070
 -0.25201519730999999   0.60174300181864581
 -0.25200719730999999   0.60174561847238469
 -0.25199919730999999   0.60174823376035778
 -0.25199119730999999   0.60175084767438634
 -0.25198319730999999   0.60175346020622792
 -0.25197519730999999   0.60175607134760603
 -0.25196719730999999   0.60175868109024370
 -0.25195919730999999   0.60176128942590053
 -0.25195119730999999   0.60176389634641300
 -0.25194319730999999   0.60176650184373777
 -0.25193519730999999   0.60176910590999750
 -0.25192719730999999   0.60177170853752889
 -0.25191919730999999   0.60177430971893251
 -0.25191119730999999   0.60177690944712414
 -0.25190319730999999   0.60177950771538703
 -0.25189519730999999   0.60178210451742494
 -0.25188719730999999   0.60178469984741519
 -0.25187919730999999   0.60178729370006172
 -0.25187119730999999   0.60178988607064742
 -0.25186319730999999   0.60179247695508549
 -0.25185519730999999   0.60179506634996945
 -0.25184719730999999   0.60179765425262132
 -0.25183919730999999   0.60180024066113761
 -0.25183119730999999   0.60180282557443307
 -0.25182319730999999   0.60180540899228111
 -0.25181519730999999   0.60180799091535175
 -0.25180719730999999   0.60181057134524545
 -0.25179919730999999   0.60181315028452385
 -0.25179119730999999   0.60181572773673603
 -0.25178319730999999   0.60181830370644112
 -0.25177519730999999   0.60182087819922611
 -0.25176719730999999   0.60182345122171950
 -0.25175919730999999   0.60182602278160022
 -0.25175119730999999   0.60182859288760174
 -0.25174319730999999   0.60183116154951156
 -0.25173519730999999   0.60183372877816577
 -0.25172719730999999   0.60183629458543883
 -0.25171919730999999   0.60183885898422866
 -0.25171119730999999   0.60184142198843685
 -0.25170319730999999   0.60184398361294438
 -0.25169519730999999   0.60184654387358272
 -0.25168719730999999   0.60184910278710070
 -0.25167919730999999   0.60185166037112705
 -0.25167119730999999   0.60185421664412917
 -0.25166319730999999   0.60185677162536781
 -0.25165519730999999   0.60185932533484865
 -0.25164719730999999   0.60186187779327029
 -0.25163919730999999   0.60186442902196959
 -0.25163119730999999   0.60186697904286403
 -0.25162319730999999   0.60186952787839219
 -0.25161519730999999   0.60187207555145182
 -0.25160719730999999   0.60187462208533641
 -0.25159919730999999   0.60187716750367080
 -0.25159119730999999   0.60187971183034516
 -0.25158319730999999   0.60188225508944916
 -0.25157519730999999   0.60188479730520546
 -0.25156719730999999   0.60188733850190352
 -0.25155919730999999   0.60188987870383392
 -0.25155119730999999   0.60189241793522358
 -0.25154319730999999   0.60189495622017232
 -0.25153519730999999   0.60189749358259069
 -0.25152719730999999   0.60190003004614008
 -0.25151919730999999   0.60190256563417483
 -0.25151119730999999   0.60190510036968695
 -0.25150319730999999   0.60190763427525363
 -0.25149519730999999   0.60191016737298780
 -0.25148719730999999   0.60191269968449215
 -0.25147919730999999   0.60191523123081646
 -0.25147119730999999   0.60191776203241900
 -0.25146319730999999   0.60192029210913154
 -0.25145519730999999   0.60192282148012875
 -0.25144719730999999   0.60192535016390152
 -0.25143919730999999   0.60192787817823490
 -0.25143119730999999   0.60193040554019017
 -0.25142319730999999   0.60193293226609154
 -0.25141519730999999   0.60193545837151717
 -0.25140719730999999   0.60193798387129480
 -0.25139919730999999   0.60194050877950159
 -0.25139119730999999   0.60194303310946855
 -0.25138319730999999   0.60194555687378913
 -0.25137519730999999   0.60194808008433190
 -0.25136719730999999   0.60195060275225738
 -0.25135919730999999   0.60195312488803871
 -0.25135119730999999   0.60195564650148593
 -0.25134319730999999   0.60195816760177382
 -0.25133519730999999   0.60196068819747288
 -0.25132719730999999   0.60196320829658341
 -0.25131919730999999   0.60196572790657235
 -0.25131119730999999   0.60196824703441247
 -0.25130319730999999   0.60197076568662390
 -0.25129519730999999   0.60197328386931737
 -0.25128719730999999   0.60197580158823923
 -0.25127919730999999   0.60197831884881755
 -0.25127119730999999   0.60198083565620921
 -0.25126319730999999   0.60198335201534775
 -0.25125519730999999   0.60198586793099132
 -0.25124719730999999   0.60198838340777064
 -0.25123919730999999   0.60199089845023683
 -0.25123119730999999   0.60199341306290825
 -0.25122319730999999   0.60199592725031674
 -0.25121519730999999   0.60199844101705221
 -0.25120719730999999   0.60200095436780612
 -0.25119919730999999   0.60200346730741284
 -0.25119119730999999   0.60200597984088909
 -0.25118319730999999   0.60200849197347102
 -0.25117519730999999   0.60201100371064889
 -0.25116719730999999   0.60201351505819887
 -0.25115919730999999   0.60201602602221211
 -0.25115119730999999   0.60201853660912056
 -0.25114319730999999   0.60202104682571991
 -0.25113519730999999   0.60202355667918885
 -0.25112719730999999   0.60202606617710523
 -0.25111919730999999   0.60202857532745859
 -0.25111119730999999   0.60203108413865939
 -0.25110319730999999   0.60203359261954447
 -0.25109519730999999   0.60203610077937929
 -0.25108719730999999   0.60203860862785640
 -0.25107919730999999   0.60204111617509078
 -0.25107119730999999   0.60204362343161169
 -0.25106319730999999   0.60204613040835131
 -0.25105519730999999   0.60204863711663023
 -0.25104719730999999   0.60205114356814010
 -0.25103919730999999   0.60205364977492338
 -0.25103119730999999   0.60205615574935045
 -0.25102319730999999   0.60205866150409435
 -0.25101519730999999   0.60206116705210327
 -0.25100719730999999   0.60206367240657109
 -0.25099919730999999   0.60206617758090615
 -0.25099119730999999   0.60206868258869849
 -0.25098319730999999   0.60207118744368582
 -0.25097519730999999   0.60207369215971876
 -0.25096719730999999   0.60207619675072495
 -0.25095919730999999   0.60207870123067309
 -0.25095119730999999   0.60208120561353666
 -0.25094319730999999   0.60208370991325774
 -0.25093519730999999   0.60208621414371125
 -0.25092719730999999   0.60208871831866989
 -0.25091919730999999   0.60209122245176989
 -0.25091119730999999   0.60209372655647802
 -0.25090319730999999   0.60209623064605996
 -0.25089519730999999   0.60209873473355034
 -0.25088719730999999   0.60210123883172463
 -0.25087919730999999   0.60210374295307320
 -0.25087119730999999   0.60210624710977744
 -0.25086319730999999   0.60210875131368863
 -0.25085519730999999   0.60211125557630914
 -0.25084719730999999   0.60211375990877659
 -0.25083919730999999   0.60211626432185071
 -0.25083119730999999   0.60211876882590335
 -0.25082319730999999   0.60212127343091142
 -0.25081519730999999   0.60212377814645297
 -0.25080719730999999   0.60212628298170650
 -0.25079919730999999   0.60212878794545334
 -0.25079119730999999   0.60213129304608329
 -0.25078319730999999   0.60213379829160334
 -0.25077519730999999   0.60213630368964953
 -0.25076719730999999   0.60213880924750177
 -0.25075919730999999   0.60214131497210170
 -0.25075119730999999   0.60214382087007328
 -0.25074319730999999   0.60214632694774607
 -0.25073519730999999   0.60214883321118126
 -0.25072719730999999   0.60215133966619967
 -0.25071919730999999   0.60215384631841249
 -0.25071119730999999   0.60215635317325349
 -0.25070319730999999   0.60215886023601352
 -0.25069519730999999   0.60216136751187613
 -0.25068719730999999   0.60216387500595496
 -0.25067919730999999   0.60216638272333185
 -0.25067119730999999   0.60216889066909610
 -0.25066319730999999   0.60217139884838414
 -0.25065519730999999   0.60217390726641957
 -0.25064719730999999   0.60217641592855341
 -0.25063919730999999   0.60217892484030399
 -0.25063119730999999   0.60218143400739644
 -0.25062319730999999   0.60218394343580151
 -0.25061519730999999   0.60218645313177344
 -0.25060719730999999   0.60218896310188650
 -0.25059919730999999   0.60219147335307018
 -0.25059119730999999   0.60219398389264278
 -0.25058319730999999   0.60219649472834282
 -0.25057519730999999   0.60219900586835855
 -0.25056719730999999   0.60220151732135514
 -0.25055919730999999   0.60220402909649933
 -0.25055119730999999   0.60220654120348124
 -0.25054319730999999   0.60220905365253379
 -0.25053519730999999   0.60221156645444871
 -0.25052719730999999   0.60221407962058988
 -0.25051919730999999   0.60221659316290318
 -0.25051119730999999   0.60221910709392342
 -0.25050319730999999   0.60222162142677775
 -0.25049519730999999   0.60222413617518584
 -0.25048719730999999   0.60222665135345678
 -0.25047919730999999   0.60222916697648251
 -0.25047119730999999   0.60223168305972810
 -0.25046319730999999   0.60223419961921859
 -0.25045519730999999   0.60223671667152279
 -0.25044719730999999   0.60223923423373382
 -0.25043919730999999   0.60224175232344679
 -0.25043119730999999   0.60224427095873339
 -0.25042319730999999   0.60224679015811380
 -0.25041519730999999   0.60224930994052608
 -0.25040719730999999   0.60225183032529284
 -0.25039919730999999   0.60225435133208593
 -0.25039119730999999   0.60225687298088881
 -0.25038319730999999   0.60225939529195718
 -0.25037519730999999   0.60226191828577777
 -0.25036719730999999   0.60226444198302589
 -0.25035919730999999   0.60226696640452157
 -0.25035119730999999   0.60226949157118474
 -0.25034319730999999   0.60227201750398969
 -0.25033519730999999   0.60227454422391896
 -0.25032719730999999   0.60227707175191692
 -0.25031919730999999   0.60227960010884343
 -0.25031119730999999   0.60228212931542748
 -0.25030319730999999   0.60228465939222149
 -0.25029519730999999   0.60228719035955608
 -0.25028719730999999   0.60228972223749577
 -0.25027919730999999   0.60229225504579591
 -0.25027119730999999   0.60229478880386072
 -0.25026319730999999   0.60229732353070288
 -0.25025519730999999   0.60229985924490498
 -0.25024719730999999   0.60230239596458262
 -0.25023919730999999   0.60230493370734965
 -0.25023119730999999   0.60230747249028559
 -0.25022319730999999   0.60231001232990534
 -0.25021519730999999   0.60231255324213132
 -0.25020719730999999   0.60231509524226814
 -0.25019919730999999   0.60231763834498001
 -0.25019119730999999   0.60232018256427052
 -0.25018319730999999   0.60232272791346563
 -0.25017519730999999   0.60232527440519891
 -0.25016719730999999   0.60232782205140008
 -0.25015919730999999   0.60233037086328584
 -0.25015119730999999   0.60233292085135388
 -0.25014319730999999   0.60233547202537937
 -0.25013519730999999   0.60233802439441420
 -0.25012719730999999   0.60234057796678876
 -0.25011919730999999   0.60234313275011637
 -0.25011119730999999   0.60234568875129994
 -0.25010319730999999   0.60234824597654107
 -0.25009519730999999   0.60235080443135118
 -0.25008719730999999   0.60235336412056474
 -0.25007919730999999   0.60235592504835435
 -0.25007119730999999   0.60235848721824747
 -0.25006319730999999   0.60236105063314465
 -0.25005519730999999   0.60236361529533923
 -0.25004719730999999   0.60236618120653795
 -0.25003919730999999   0.60236874836788266
 -0.25003119730999999   0.60237131677997272
 -0.25002319730999999   0.60237388644288797
 -0.25001519730999999   0.60237645735621197
 -0.25000719730999999   0.60237902951905529
 -0.24999919730999999   0.60238160293007900
 -0.24999119730999999   0.60238417758751752
 -0.24998319730999999   0.60238675348920118
 -0.24997519730999999   0.60238933063257808
 -0.24996719730999999   0.60239190901473510
 -0.24995919730999999   0.60239448863241780
 -0.24995119730999999   0.60239706948204915
 -0.24994319730999999   0.60239965155974696
 -0.24993519730999999   0.60240223486133962
 -0.24992719730999999   0.60240481938238044
 -0.24991919730999999   0.60240740511815995
 -0.24991119730999999   0.60240999206371661
 -0.24990319730999999   0.60241258021384527
 -0.24989519730999999   0.60241516956310381
 -0.24988719730999999   0.60241776010581756
 -0.24987919730999999   0.60242035183608163
 -0.24987119730999999   0.60242294474776104
 -0.24986319730999999   0.60242553883448866
 -0.24985519730999999   0.60242813408966102
 -0.24984719730999999   0.60243073050643186
 -0.24983919730999999   0.60243332807770378
 -0.24983119730999999   0.60243592679611755
 -0.24982319730999999   0.60243852665403973
 -0.24981519730999999   0.60244112764354813
 -0.24980719730999999   0.60244372975641565
 -0.24979919730999999   0.60244633298409249
 -0.24979119730999999   0.60244893731768657
 -0.24978319730999999   0.60245154274794280
 -0.24977519730999999   0.60245414926522106
 -0.24976719730999999   0.60245675685947293
 -0.24975919730999999   0.60245936552021777
 -0.24975119730999999   0.60246197523651787
 -0.24974319730999999   0.60246458599695322
 -0.24973519730999999   0.60246719778959585
 -0.24972719730999999   0.60246981060198410
 -0.24971919730999999   0.60247242442109688
 -0.24971119730999999   0.60247503923332838
 -0.24970319730999999   0.60247765502446307
 -0.24969519730999999   0.60248027177965147
 -0.24968719730999999   0.60248288948338685
 -0.24967919730999999   0.60248550811948309
 -0.24967119730999999   0.60248812767105361
 -0.24966319730999999   0.60249074812049197
 -0.24965519730999999   0.60249336944945410
 -0.24964719730999999   0.60249599163884233
 -0.24963919730999999   0.60249861466879141
 -0.24963119730999999   0.60250123851865678
 -0.24962319730999999   0.60250386316700494
 -0.24961519730999999   0.60250648859160651
 -0.24960719730999999   0.60250911476943153
 -0.24959919730999999   0.60251174167664762
 -0.24959119730999999   0.60251436928862069
 -0.24958319730999999   0.60251699757991862
 -0.24957519730999999   0.60251962652431755
 -0.24956719730999999   0.60252225609481124
 -0.24955919730999999   0.60252488626362317
 -0.24955119730999999   0.60252751700222164
 -0.24954319730999999   0.60253014828133766
 -0.24953519730999999   0.60253278007098570
 -0.24952719730999999   0.60253541234048724
 -0.24951919730999999   0.60253804505849706
 -0.24951119730999999   0.60254067819303211
 -0.24950319730999999   0.60254331171150292
 -0.24949519730999999   0.60254594558074749
 -0.24948719730999999   0.60254857976706741
 -0.24947919730999999   0.60255121423626615
 -0.24947119730999999   0.60255384895368942
 -0.24946319730999999   0.60255648388426708
 -0.24945519730999999   0.60255911899255715
 -0.24944719730999999   0.60256175424279082
 -0.24943919730999999   0.60256438959891904
 -0.24943119730999999   0.60256702502466004
 -0.24942319730999999   0.60256966048354767
 -0.24941519730999999   0.60257229593898050
 -0.24940719730999999   0.60257493135427121
 -0.24939919730999999   0.60257756669269634
 -0.24939119730999999   0.60258020191754578
 -0.24938319730999999   0.60258283699217230
 -0.24937519730999999   0.60258547188004047
 -0.24936719730999999   0.60258810654477503
 -0.24935919730999999   0.60259074095020814
 -0.24935119730999999   0.60259337506042602
