 -0.26522686009000000   0.59731669582217780
 -0.26521886009000000   0.59731938707092761
 -0.26521086009000000   0.59732207927290392
 -0.26520286009000000   0.59732477245255666
 -0.26519486009000000   0.59732746663427862
 -0.26518686009000000   0.59733016184235459
 -0.26517886009000000   0.59733285810091035
 -0.26517086009000000   0.59733555543386140
 -0.26516286009000000   0.59733825386486236
 -0.26515486009000000   0.59734095341725646
 -0.26514686009000000   0.59734365411402612
 -0.26513886009000000   0.59734635597774439
 -0.26513086009000000   0.59734905903052775
 -0.26512286009000000   0.59735176329399052
 -0.26511486009000000   0.59735446878920071
 -0.26510686009000000   0.59735717553663833
 -0.26509886009000000   0.59735988355615543
 -0.26509086009000000   0.59736259286693876
 -0.26508286009000000   0.59736530348747488
 -0.26507486009000000   0.59736801543551805
 -0.26506686009000000   0.59737072872806065
 -0.26505886009000000   0.59737344338130707
 -0.26505086009000000   0.59737615941065012
 -0.26504286009000000   0.59737887683065079
 -0.26503486009000000   0.59738159565502122
 -0.26502686009000000   0.59738431589661069
 -0.26501886009000000   0.59738703756739497
 -0.26501086009000000   0.59738976067846869
 -0.26500286009000000   0.59739248524004101
 -0.26499486009000000   0.59739521126143428
 -0.26498686009000000   0.59739793875108569
 -0.26497886009000000   0.59740066771655185
 -0.26497086009000000   0.59740339816451608
 -0.26496286009000000   0.59740613010079846
 -0.26495486009000000   0.59740886353036808
 -0.26494686009000000   0.59741159845735789
 -0.26493886009000000   0.59741433488508133
 -0.26493086009000000   0.59741707281605108
 -0.26492286009000000   0.59741981225199918
 -0.26491486009000000   0.59742255319389888
 -0.26490686009000000   0.59742529564198731
 -0.26489886009000000   0.59742803959578938
 -0.26489086009000000   0.59743078505414209
 -0.26488286009000000   0.59743353201521926
 -0.26487486009000000   0.59743628047655651
 -0.26486686009000000   0.59743903043507602
 -0.26485886009000000   0.59744178188711082
 -0.26485086009000000   0.59744453482842852
 -0.26484286009000000   0.59744728925425404
 -0.26483486009000000   0.59745004515929129
 -0.26482686009000000   0.59745280253774342
 -0.26481886009000000   0.59745556138333138
 -0.26481086009000000   0.59745832168931083
 -0.26480286009000000   0.59746108344848703
 -0.26479486009000000   0.59746384665322743
 -0.26478686009000000   0.59746661129547213
 -0.26477886009000000   0.59746937736674182
 -0.26477086009000000   0.59747214485814324
 -0.26476286009000000   0.59747491376037185
 -0.26475486009000000   0.59747768406371206
 -0.26474686009000000   0.59748045575803453
 -0.26473886009000000   0.59748322883279086
 -0.26473086009000000   0.59748600327700552
 -0.26472286009000000   0.59748877907926510
 -0.26471486009000000   0.59749155622770498
 -0.26470686009000000   0.59749433470999350
 -0.26469886009000000   0.59749711451331360
 -0.26469086009000000   0.59749989562434237
 -0.26468286009000000   0.59750267802922842
 -0.26467486009000000   0.59750546171356729
 -0.26466686009000000   0.59750824666237527
 -0.26465886009000000   0.59751103286006164
 -0.26465086009000000   0.59751382029039964
 -0.26464286009000000   0.59751660893649661
 -0.26463486009000000   0.59751939878076328
 -0.26462686009000000   0.59752218980488269
 -0.26461886009000000   0.59752498198977896
 -0.26461086009000000   0.59752777531558636
 -0.26460286009000000   0.59753056976161872
 -0.26459486009000000   0.59753336530633969
 -0.26458686009000000   0.59753616192733409
 -0.26457886009000000   0.59753895960128089
 -0.26457086009000000   0.59754175830392764
 -0.26456286009000000   0.59754455801006710
 -0.26455486009000000   0.59754735869351629
 -0.26454686009000000   0.59755016032709800
 -0.26453886009000000   0.59755296288262531
 -0.26453086009000000   0.59755576633088923
 -0.26452286009000000   0.59755857064164964
 -0.26451486009000000   0.59756137578363000
 -0.26450686009000000   0.59756418172451584
 -0.26449886009000000   0.59756698843095700
 -0.26449086009000000   0.59756979586857422
 -0.26448286009000000   0.59757260400196992
 -0.26447486009000000   0.59757541279474329
 -0.26446686009000000   0.59757822220950965
 -0.26445886009000000   0.59758103220792447
 -0.26445086009000000   0.59758384275071163
 -0.26444286009000000   0.59758665379769612
 -0.26443486009000000   0.59758946530784109
 -0.26442686009000000   0.59759227723928923
 -0.26441886009000000   0.59759508954940800
 -0.26441086009000000   0.59759790219483918
 -0.26440286009000000   0.59760071513155198
 -0.26439486009000000   0.59760352831489981
 -0.26438686009000000   0.59760634169968037
 -0.26437886009000000   0.59760915524019878
 -0.26437086009000000   0.59761196889033378
 -0.26436286009000000   0.59761478260360587
 -0.26435486009000000   0.59761759633324825
 -0.26434686009000000   0.59762041003227912
 -0.26433886009000000   0.59762322365357570
 -0.26433086009000000   0.59762603714994920
 -0.26432286009000000   0.59762885047422054
 -0.26431486009000000   0.59763166357929653
 -0.26430686009000000   0.59763447641824568
 -0.26429886009000000   0.59763728894437393
 -0.26429086009000000   0.59764010111129918
 -0.26428286009000000   0.59764291287302487
 -0.26427486009000000   0.59764572418401168
 -0.26426686009000000   0.59764853499924748
 -0.26425886009000000   0.59765134527431481
 -0.26425086009000000   0.59765415496545564
 -0.26424286009000000   0.59765696402963329
 -0.26423486009000000   0.59765977242459083
 -0.26422686009000000   0.59766258010890605
 -0.26421886009000000   0.59766538704204253
 -0.26421086009000000   0.59766819318439661
 -0.26420286009000000   0.59767099849734014
 -0.26419486009000000   0.59767380294325876
 -0.26418686009000000   0.59767660648558553
 -0.26417886009000000   0.59767940908883004
 -0.26417086009000000   0.59768221071860252
 -0.26416286009000000   0.59768501134163331
 -0.26415486009000000   0.59768781092578746
 -0.26414686009000000   0.59769060944007436
 -0.26413886009000000   0.59769340685465302
 -0.26413086009000000   0.59769620314083215
 -0.26412286009000000   0.59769899827106621
 -0.26411486009000000   0.59770179221894667
 -0.26410686009000000   0.59770458495918930
 -0.26409886009000000   0.59770737646761727
 -0.26409086009000000   0.59771016672114066
 -0.26408286009000000   0.59771295569773220
 -0.26407486009000000   0.59771574337639998
 -0.26406686009000000   0.59771852973715708
 -0.26405886009000000   0.59772131476098857
 -0.26405086009000000   0.59772409842981625
 -0.26404286009000000   0.59772688072646143
 -0.26403486009000000   0.59772966163460591
 -0.26402686009000000   0.59773244113875207
 -0.26401886009000000   0.59773521922418164
 -0.26401086009000000   0.59773799587691436
 -0.26400286009000000   0.59774077108366614
 -0.26399486009000000   0.59774354483180763
 -0.26398686009000000   0.59774631710932337
 -0.26397886009000000   0.59774908790477157
 -0.26397086009000000   0.59775185720724564
 -0.26396286009000000   0.59775462500633678
 -0.26395486009000000   0.59775739129209876
 -0.26394686009000000   0.59776015605501474
 -0.26393886009000000   0.59776291928596662
 -0.26393086009000000   0.59776568097620691
 -0.26392286009000000   0.59776844111733364
 -0.26391486009000000   0.59777119970126835
 -0.26390686009000000   0.59777395672023723
 -0.26389886009000000   0.59777671216675579
 -0.26389086009000000   0.59777946603361691
 -0.26388286009000000   0.59778221831388259
 -0.26387486009000000   0.59778496900087926
 -0.26386686009000000   0.59778771808819676
 -0.26385886009000000   0.59779046556969090
 -0.26385086009000000   0.59779321143948973
 -0.26384286009000000   0.59779595569200320
 -0.26383486009000000   0.59779869832193618
 -0.26382686009000000   0.59780143932430500
 -0.26381886009000000   0.59780417869445670
 -0.26381086009000000   0.59780691642809155
 -0.26380286009000000   0.59780965252128800
 -0.26379486009000000   0.59781238697053023
 -0.26378686009000000   0.59781511977273779
 -0.26377886009000000   0.59781785092529725
 -0.26377086009000000   0.59782058042609518
 -0.26376286009000000   0.59782330827355289
 -0.26375486009000000   0.59782603446666152
 -0.26374686009000000   0.59782875900501828
 -0.26373886009000000   0.59783148188886261
 -0.26373086009000000   0.59783420311911233
 -0.26372286009000000   0.59783692269739951
 -0.26371486009000000   0.59783964062610520
 -0.26370686009000000   0.59784235690839332
 -0.26369886009000000   0.59784507154824292
 -0.26369086009000000   0.59784778455047851
 -0.26368286009000000   0.59785049592079836
 -0.26367486009000000   0.59785320566580040
 -0.26366686009000000   0.59785591379300481
 -0.26365886009000000   0.59785862031087443
 -0.26365086009000000   0.59786132522883103
 -0.26364286009000000   0.59786402855726842
 -0.26363486009000000   0.59786673030756177
 -0.26362686009000000   0.59786943049207287
 -0.26361886009000000   0.59787212912415137
 -0.26361086009000000   0.59787482621813166
 -0.26360286009000000   0.59787752178932555
 -0.26359486009000000   0.59788021585401037
 -0.26358686009000000   0.59788290842941280
 -0.26357886009000000   0.59788559953368805
 -0.26357086009000000   0.59788828918589472
 -0.26356286009000000   0.59789097740596524
 -0.26355486009000000   0.59789366421467210
 -0.26354686009000000   0.59789634963358973
 -0.26353886009000000   0.59789903368505257
 -0.26353086009000000   0.59790171639210914
 -0.26352286009000000   0.59790439777847257
 -0.26351486009000000   0.59790707786846773
 -0.26350686009000000   0.59790975668697515
 -0.26349886009000000   0.59791243425937221
 -0.26349086009000000   0.59791511061147168
 -0.26348286009000000   0.59791778576945815
 -0.26347486009000000   0.59792045975982251
 -0.26346686009000000   0.59792313260929494
 -0.26345886009000000   0.59792580434477682
 -0.26345086009000000   0.59792847499327185
 -0.26344286009000000   0.59793114458181691
 -0.26343486009000000   0.59793381313741272
 -0.26342686009000000   0.59793648068695529
 -0.26341886009000000   0.59793914725716804
 -0.26341086009000000   0.59794181287453510
 -0.26340286009000000   0.59794447756523651
 -0.26339486009000000   0.59794714135508517
 -0.26338686009000000   0.59794980426946646
 -0.26337886009000000   0.59795246633328043
 -0.26337086009000000   0.59795512757088729
 -0.26336286009000000   0.59795778800605620
 -0.26335486009000000   0.59796044766191801
 -0.26334686009000000   0.59796310656092177
 -0.26333886009000000   0.59796576472479588
 -0.26333086009000000   0.59796842217451355
 -0.26332286009000000   0.59797107893026308
 -0.26331486009000000   0.59797373501142313
 -0.26330686009000000   0.59797639043654284
 -0.26329886009000000   0.59797904522332750
 -0.26329086009000000   0.59798169938862899
 -0.26328286009000000   0.59798435294844203
 -0.26327486009000000   0.59798700591790526
 -0.26326686009000000   0.59798965831130794
 -0.26325886009000000   0.59799231014210161
 -0.26325086009000000   0.59799496142291703
 -0.26324286009000000   0.59799761216558598
 -0.26323486009000000   0.59800026238116793
 -0.26322686009000000   0.59800291207998116
 -0.26321886009000000   0.59800556127163852
 -0.26321086009000000   0.59800820996508701
 -0.26320286009000000   0.59801085816865132
 -0.26319486009000000   0.59801350589008073
 -0.26318686009000000   0.59801615313659947
 -0.26317886009000000   0.59801879991495929
 -0.26317086009000000   0.59802144623149516
 -0.26316286009000000   0.59802409209218218
 -0.26315486009000000   0.59802673750269474
 -0.26314686009000000   0.59802938246846645
 -0.26313886009000000   0.59803202699475080
 -0.26313086009000000   0.59803467108668224
 -0.26312286009000000   0.59803731474933710
 -0.26311486009000000   0.59803995798779364
 -0.26310686009000000   0.59804260080719152
 -0.26309886009000000   0.59804524321278923
 -0.26309086009000000   0.59804788521002022
 -0.26308286009000000   0.59805052680454630
 -0.26307486009000000   0.59805316800230865
 -0.26306686009000000   0.59805580880957562
 -0.26305886009000000   0.59805844923298730
 -0.26305086009000000   0.59806108927959634
 -0.26304286009000000   0.59806372895690478
 -0.26303486009000000   0.59806636827289665
 -0.26302686009000000   0.59806900723606620
 -0.26301886009000000   0.59807164585544139
 -0.26301086009000000   0.59807428414060258
 -0.26300286009000000   0.59807692210169633
 -0.26299486009000000   0.59807955974944418
 -0.26298686009000000   0.59808219709514633
 -0.26297886009000000   0.59808483415068034
 -0.26297086009000000   0.59808747092849470
 -0.26296286009000000   0.59809010744159752
 -0.26295486009000000   0.59809274370354026
 -0.26294686009000000   0.59809537972839682
 -0.26293886009000000   0.59809801553073809
 -0.26293086009000000   0.59810065112560212
 -0.26292286009000000   0.59810328652846029
 -0.26291486009000000   0.59810592175517963
 -0.26290686009000000   0.59810855682198159
 -0.26289886009000000   0.59811119174539780
 -0.26289086009000000   0.59811382654222295
 -0.26288286009000000   0.59811646122946522
 -0.26287486009000000   0.59811909582429479
 -0.26286686009000000   0.59812173034399074
 -0.26285886009000000   0.59812436480588672
 -0.26285086009000000   0.59812699922731595
 -0.26284286009000000   0.59812963362555603
 -0.26283486009000000   0.59813226801777385
 -0.26282686009000000   0.59813490242097117
 -0.26281886009000000   0.59813753685193136
 -0.26281086009000000   0.59814017132716759
 -0.26280286009000000   0.59814280586287312
 -0.26279486009000000   0.59814544047487391
 -0.26278686009000000   0.59814807517858413
 -0.26277886009000000   0.59815070998896486
 -0.26277086009000000   0.59815334492048636
 -0.26276286009000000   0.59815597998709424
 -0.26275486009000000   0.59815861520218004
 -0.26274686009000000   0.59816125057855611
 -0.26273886009000000   0.59816388612843544
 -0.26273086009000000   0.59816652186341653
 -0.26272286009000000   0.59816915779447325
 -0.26271486009000000   0.59817179393195025
 -0.26270686009000000   0.59817443028556373
 -0.26269886009000000   0.59817706686440772
 -0.26269086009000000   0.59817970367696593
 -0.26268286009000000   0.59818234073112901
 -0.26267486009000000   0.59818497803421740
 -0.26266686009000000   0.59818761559300949
 -0.26265886009000000   0.59819025341377489
 -0.26265086009000000   0.59819289150231293
 -0.26264286009000000   0.59819552986399567
 -0.26263486009000000   0.59819816850381583
 -0.26262686009000000   0.59820080742643845
 -0.26261886009000000   0.59820344663625702
 -0.26261086009000000   0.59820608613745261
 -0.26260286009000000   0.59820872593405653
 -0.26259486009000000   0.59821136603001541
 -0.26258686009000000   0.59821400642925875
 -0.26257886009000000   0.59821664713576805
 -0.26257086009000000   0.59821928815364740
 -0.26256286009000000   0.59822192948719477
 -0.26255486009000000   0.59822457114097353
 -0.26254686009000000   0.59822721311988379
 -0.26253886009000000   0.59822985542923287
 -0.26253086009000000   0.59823249807480453
 -0.26252286009000000   0.59823514106292630
 -0.26251486009000000   0.59823778440053453
 -0.26250686009000000   0.59824042809523645
 -0.26249886009000000   0.59824307215536905
 -0.26249086009000000   0.59824571659005399
 -0.26248286009000000   0.59824836140924838
 -0.26247486009000000   0.59825100662379073
 -0.26246686009000000   0.59825365224544197
 -0.26245886009000000   0.59825629828692097
 -0.26245086009000000   0.59825894476193428
 -0.26244286009000000   0.59826159168519979
 -0.26243486009000000   0.59826423907246428
 -0.26242686009000000   0.59826688694051420
 -0.26241886009000000   0.59826953530718002
 -0.26241086009000000   0.59827218419133353
 -0.26240286009000000   0.59827483361287866
 -0.26239486009000000   0.59827748359273496
 -0.26238686009000000   0.59828013415281461
 -0.26237886009000000   0.59828278531599224
 -0.26237086009000000   0.59828543710606844
 -0.26236286009000000   0.59828808954772638
 -0.26235486009000000   0.59829074266648237
 -0.26234686009000000   0.59829339648863007
 -0.26233886009000000   0.59829605104117903
 -0.26233086009000000   0.59829870635178777
 -0.26232286009000000   0.59830136244869165
 -0.26231486009000000   0.59830401936062599
 -0.26230686009000000   0.59830667711674516
 -0.26229886009000000   0.59830933574653737
 -0.26229086009000000   0.59831199527973666
 -0.26228286009000000   0.59831465574623178
 -0.26227486009000000   0.59831731717597283
 -0.26226686009000000   0.59831997959887626
 -0.26225886009000000   0.59832264304472866
 -0.26225086009000000   0.59832530754309011
 -0.26224286009000000   0.59832797312319739
 -0.26223486009000000   0.59833063981386803
 -0.26222686009000000   0.59833330764340538
 -0.26221886009000000   0.59833597663950561
 -0.26221086009000000   0.59833864682916703
 -0.26220286009000000   0.59834131823860245
 -0.26219486009000000   0.59834399089315487
 -0.26218686009000000   0.59834666481721737
 -0.26217886009000000   0.59834934003415739
 -0.26217086009000000   0.59835201656624609
 -0.26216286009000000   0.59835469443459315
 -0.26215486009000000   0.59835737365908729
 -0.26214686009000000   0.59836005425834320
 -0.26213886009000000   0.59836273624965486
 -0.26213086009000000   0.59836541964895583
 -0.26212286009000000   0.59836810447078647
 -0.26211486009000000   0.59837079072826845
 -0.26210686009000000   0.59837347843308676
 -0.26209886009000000   0.59837616759547910
 -0.26209086009000000   0.59837885822423293
 -0.26208286009000000   0.59838155032668980
 -0.26207486009000000   0.59838424390875739
 -0.26206686009000000   0.59838693897492868
 -0.26205886009000000   0.59838963552830839
 -0.26205086009000000   0.59839233357064625
 -0.26204286009000000   0.59839503310237693
 -0.26203486009000000   0.59839773412266625
 -0.26202686009000000   0.59840043662946352
 -0.26201886009000000   0.59840314061955903
 -0.26201086009000000   0.59840584608864693
 -0.26200286009000000   0.59840855303139238
 -0.26199486009000000   0.59841126144150297
 -0.26198686009000000   0.59841397131180338
 -0.26197886009000000   0.59841668263431286
 -0.26197086009000000   0.59841939540032517
 -0.26196286009000000   0.59842210960048968
 -0.26195486009000000   0.59842482522489382
 -0.26194686009000000   0.59842754226314539
 -0.26193886009000000   0.59843026070445473
 -0.26193086009000000   0.59843298053771562
 -0.26192286009000000   0.59843570175158444
 -0.26191486009000000   0.59843842433455695
 -0.26190686009000000   0.59844114827504201
 -0.26189886009000000   0.59844387356143153
 -0.26189086009000000   0.59844660018216622
 -0.26188286009000000   0.59844932812579644
 -0.26187486009000000   0.59845205738103774
 -0.26186686009000000   0.59845478793682047
 -0.26185886009000000   0.59845751978233311
 -0.26185086009000000   0.59846025290705877
 -0.26184286009000000   0.59846298730080488
 -0.26183486009000000   0.59846572295372516
 -0.26182686009000000   0.59846845985633431
 -0.26181886009000000   0.59847119799951458
 -0.26181086009000000   0.59847393737451467
 -0.26180286009000000   0.59847667797294054
 -0.26179486009000000   0.59847941978673814
 -0.26178686009000000   0.59848216280816832
 -0.26177886009000000   0.59848490702977386
 -0.26177086009000000   0.59848765244433890
 -0.26176286009000000   0.59849039904484092
 -0.26175486009000000   0.59849314682439575
 -0.26174686009000000   0.59849589577619571
 -0.26173886009000000   0.59849864589344158
 -0.26173086009000000   0.59850139716926873
 -0.26172286009000000   0.59850414959666785
 -0.26171486009000000   0.59850690316840110
 -0.26170686009000000   0.59850965787691408
 -0.26169886009000000   0.59851241371424428
 -0.26169086009000000   0.59851517067192697
 -0.26168286009000000   0.59851792874089880
 -0.26167486009000000   0.59852068791140043
 -0.26166686009000000   0.59852344817287825
 -0.26165886009000000   0.59852620951388678
 -0.26165086009000000   0.59852897192199183
 -0.26164286009000000   0.59853173538367568
 -0.26163486009000000   0.59853449988424487
 -0.26162686009000000   0.59853726540774143
 -0.26161886009000000   0.59854003193685851
 -0.26161086009000000   0.59854279945286068
 -0.26160286009000000   0.59854556793551017
 -0.26159486009000000   0.59854833736299955
 -0.26158686009000000   0.59855110771189143
 -0.26157886009000000   0.59855387895706589
 -0.26157086009000000   0.59855665107167610
 -0.26156286009000000   0.59855942402711299
 -0.26155486009000000   0.59856219779297898
 -0.26154686009000000   0.59856497233707150
 -0.26153886009000000   0.59856774762537654
 -0.26153086009000000   0.59857052362207249
 -0.26152286009000000   0.59857330028954457
 -0.26151486009000000   0.59857607758840966
 -0.26150686009000000   0.59857885547755222
 -0.26149886009000000   0.59858163391417052
 -0.26149086009000000   0.59858441285383363
 -0.26148286009000000   0.59858719225054877
 -0.26147486009000000   0.59858997205683879
 -0.26146686009000000   0.59859275222382947
 -0.26145886009000000   0.59859553270134615
 -0.26145086009000000   0.59859831343801937
 -0.26144286009000000   0.59860109438139880
 -0.26143486009000000   0.59860387547807490
 -0.26142686009000000   0.59860665667380775
 -0.26141886009000000   0.59860943791366201
 -0.26141086009000000   0.59861221914214767
 -0.26140286009000000   0.59861500030336514
 -0.26139486009000000   0.59861778134115452
 -0.26138686009000000   0.59862056219924744
 -0.26137886009000000   0.59862334282142103
 -0.26137086009000000   0.59862612315165280
 -0.26136286009000000   0.59862890313427556
 -0.26135486009000000   0.59863168271413127
 -0.26134686009000000   0.59863446183672289
 -0.26133886009000000   0.59863724044836349
 -0.26133086009000000   0.59864001849632116
 -0.26132286009000000   0.59864279592895919
 -0.26131486009000000   0.59864557269587057
 -0.26130686009000000   0.59864834874800560
 -0.26129886009000000   0.59865112403779227
 -0.26129086009000000   0.59865389851924834
 -0.26128286009000000   0.59865667214808438
 -0.26127486009000000   0.59865944488179714
 -0.26126686009000000   0.59866221667975296
 -0.26125886009000000   0.59866498750326006
 -0.26125086009000000   0.59866775731563001
 -0.26124286009000000   0.59867052608222736
 -0.26123486009000000   0.59867329377050763
 -0.26122686009000000   0.59867606035004308
 -0.26121886009000000   0.59867882579253649
 -0.26121086009000000   0.59868159007182257
 -0.26120286009000000   0.59868435316385736
 -0.26119486009000000   0.59868711504669561
 -0.26118686009000000   0.59868987570045625
 -0.26117886009000000   0.59869263510727652
 -0.26117086009000000   0.59869539325125497
 -0.26116286009000000   0.59869815011838384
 -0.26115486009000000   0.59870090569647121
 -0.26114686009000000   0.59870365997505399
 -0.26113886009000000   0.59870641294530175
 -0.26113086009000000   0.59870916459991267
 -0.26112286009000000   0.59871191493300223
 -0.26111486009000000   0.59871466393998541
 -0.26110686009000000   0.59871741161745340
 -0.26109886009000000   0.59872015796304556
 -0.26109086009000000   0.59872290297531802
 -0.26108286009000000   0.59872564665360931
 -0.26107486009000000   0.59872838899790454
 -0.26106686009000000   0.59873113000869892
 -0.26105886009000000   0.59873386968686160
 -0.26105086009000000   0.59873660803350104
 -0.26104286009000000   0.59873934504983268
 -0.26103486009000000   0.59874208073705020
 -0.26102686009000000   0.59874481509620116
 -0.26101886009000000   0.59874754812806786
 -0.26101086009000000   0.59875027983305468
 -0.26100286009000000   0.59875301021108237
 -0.26099486009000000   0.59875573926149048
 -0.26098686009000000   0.59875846698294836
 -0.26097886009000000   0.59876119337337573
 -0.26097086009000000   0.59876391842987311
 -0.26096286009000000   0.59876664214866313
 -0.26095486009000000   0.59876936452504266
 -0.26094686009000000   0.59877208555334687
 -0.26093886009000000   0.59877480522692462
 -0.26093086009000000   0.59877752353812639
 -0.26092286009000000   0.59878024047830416
 -0.26091486009000000   0.59878295603782377
 -0.26090686009000000   0.59878567020608942
 -0.26089886009000000   0.59878838297158031
 -0.26089086009000000   0.59879109432189931
 -0.26088286009000000   0.59879380424383311
 -0.26087486009000000   0.59879651272342370
 -0.26086686009000000   0.59879921974605043
 -0.26085886009000000   0.59880192529652247
 -0.26085086009000000   0.59880462935918045
 -0.26084286009000000   0.59880733191800719
 -0.26083486009000000   0.59881003295674630
 -0.26082686009000000   0.59881273245902776
 -0.26081886009000000   0.59881543040849992
 -0.26081086009000000   0.59881812678896662
 -0.26080286009000000   0.59882082158452842
 -0.26079486009000000   0.59882351477972708
 -0.26078686009000000   0.59882620635969199
 -0.26077886009000000   0.59882889631028755
 -0.26077086009000000   0.59883158461826031
 -0.26076286009000000   0.59883427127138465
 -0.26075486009000000   0.59883695625860618
 -0.26074686009000000   0.59883963957018124
 -0.26073886009000000   0.59884232119781180
 -0.26073086009000000   0.59884500113477449
 -0.26072286009000000   0.59884767937604276
 -0.26071486009000000   0.59885035591840116
 -0.26070686009000000   0.59885303076055058
 -0.26069886009000000   0.59885570390320408
 -0.26069086009000000   0.59885837534917192
 -0.26068286009000000   0.59886104510343518
 -0.26067486009000000   0.59886371317320753
 -0.26066686009000000   0.59886637956798423
 -0.26065886009000000   0.59886904429957796
 -0.26065086009000000   0.59887170738214115
 -0.26064286009000000   0.59887436883217417
 -0.26063486009000000   0.59887702866851967
 -0.26062686009000000   0.59887968691234206
 -0.26061886009000000   0.59888234358709319
 -0.26061086009000000   0.59888499871846327
 -0.26060286009000000   0.59888765233431781
 -0.26059486009000000   0.59889030446462045
 -0.26058686009000000   0.59889295514134243
 -0.26057886009000000   0.59889560439835872
 -0.26057086009000000   0.59889825227133152
 -0.26056286009000000   0.59890089879758187
 -0.26055486009000000   0.59890354401594979
 -0.26054686009000000   0.59890618796664414
 -0.26053886009000000   0.59890883069108262
 -0.26053086009000000   0.59891147223172306
 -0.26052286009000000   0.59891411263188727
 -0.26051486009000000   0.59891675193557780
 -0.26050686009000000   0.59891939018728963
 -0.26049886009000000   0.59892202743181709
 -0.26049086009000000   0.59892466371405796
 -0.26048286009000000   0.59892729907881538
 -0.26047486009000000   0.59892993357059930
 -0.26046686009000000   0.59893256723342834
 -0.26045886009000000   0.59893520011063381
 -0.26045086009000000   0.59893783224466666
 -0.26044286009000000   0.59894046367690915
 -0.26043486009000000   0.59894309444749218
 -0.26042686009000000   0.59894572459511959
 -0.26041886009000000   0.59894835415690072
 -0.26041086009000000   0.59895098316819239
 -0.26040286009000000   0.59895361166245139
 -0.26039486009000000   0.59895623967109851
 -0.26038686009000000   0.59895886722339531
 -0.26037886009000000   0.59896149434633421
 -0.26037086009000000   0.59896412106454326
 -0.26036286009000000   0.59896674740020576
 -0.26035486009000000   0.59896937337299597
 -0.26034686009000000   0.59897199900003116
 -0.26033886009000000   0.59897462429584043
 -0.26033086009000000   0.59897724927235094
 -0.26032286009000000   0.59897987393889158
 -0.26031486009000000   0.59898249830221424
 -0.26030686009000000   0.59898512236653273
 -0.26029886009000000   0.59898774613357923
 -0.26029086009000000   0.59899036960267804
 -0.26028286009000000   0.59899299277083628
 -0.26027486009000000   0.59899561563285087
 -0.26026686009000000   0.59899823818143156
 -0.26025886009000000   0.59900086040733896
 -0.26025086009000000   0.59900348229953687
 -0.26024286009000000   0.59900610384535777
 -0.26023486009000000   0.59900872503068085
 -0.26022686009000000   0.59901134584012092
 -0.26021886009000000   0.59901396625722725
 -0.26021086009000000   0.59901658626469094
 -0.26020286009000000   0.59901920584455933
 -0.26019486009000000   0.59902182497845622
 -0.26018686009000000   0.59902444364780596
 -0.26017886009000000   0.59902706183406042
 -0.26017086009000000   0.59902967951892656
 -0.26016286009000000   0.59903229668459364
 -0.26015486009000000   0.59903491331395801
 -0.26014686009000000   0.59903752939084386
 -0.26013886009000000   0.59904014490021872
 -0.26013086009000000   0.59904275982840163
 -0.26012286009000000   0.59904537416326276
 -0.26011486009000000   0.59904798789441291
 -0.26010686009000000   0.59905060101338143
 -0.26009886009000000   0.59905321351378120
 -0.26009086009000000   0.59905582539145953
 -0.26008286009000000   0.59905843664463356
 -0.26007486009000000   0.59906104727400952
 -0.26006686009000000   0.59906365728288419
 -0.26005886009000000   0.59906626667722863
 -0.26005086009000000   0.59906887546575242
 -0.26004286009000000   0.59907148365994891
 -0.26003486009000000   0.59907409127412008
 -0.26002686009000000   0.59907669832538121
 -0.26001886009000000   0.59907930483364515
 -0.26001086009000000   0.59908191082158591
 -0.26000286009000000   0.59908451631458182
 -0.25999486009000000   0.59908712134063867
 -0.25998686009000000   0.59908972593029288
 -0.25997886009000000   0.59909233011649532
 -0.25997086009000000   0.59909493393447680
 -0.25996286009000000   0.59909753742159536
 -0.25995486009000000   0.59910014061716693
 -0.25994686009000000   0.59910274356227996
 -0.25993886009000000   0.59910534629959531
 -0.25993086009000000   0.59910794887313279
 -0.25992286009000000   0.59911055132804548
 -0.25991486009000000   0.59911315371038349
 -0.25990686009000000   0.59911575606684871
 -0.25989886009000000   0.59911835844454183
 -0.25989086009000000   0.59912096089070391
 -0.25988286009000000   0.59912356345245373
 -0.25987486009000000   0.59912616617652309
 -0.25986686009000000   0.59912876910899139
 -0.25985886009000000   0.59913137229502218
 -0.25985086009000000   0.59913397577860264
 -0.25984286009000000   0.59913657960228847
 -0.25983486009000000   0.59913918380695595
 -0.25982686009000000   0.59914178843156270
 -0.25981886009000000   0.59914439351291955
 -0.25981086009000000   0.59914699908547457
 -0.25980286009000000   0.59914960518111167
 -0.25979486009000000   0.59915221182896481
 -0.25978686009000000   0.59915481905524981
 -0.25977886009000000   0.59915742688311504
 -0.25977086009000000   0.59916003533251218
 -0.25976286009000000   0.59916264442008871
 -0.25975486009000000   0.59916525415910279
 -0.25974686009000000   0.59916786455936172
 -0.25973886009000000   0.59917047562718483
 -0.25973086009000000   0.59917308736539125
 -0.25972286009000000   0.59917569977331325
 -0.25971486009000000   0.59917831284683538
 -0.25970686009000000   0.59918092657845947
 -0.25969886009000000   0.59918354095739557
 -0.25969086009000000   0.59918615596967857
 -0.25968286009000000   0.59918877159830982
 -0.25967486009000000   0.59919138782342355
 -0.25966686009000000   0.59919400462247694
 -0.25965886009000000   0.59919662197046293
 -0.25965086009000000   0.59919923984014465
 -0.25964286009000000   0.59920185820231006
 -0.25963486009000000   0.59920447702604522
 -0.25962686009000000   0.59920709627902458
 -0.25961886009000000   0.59920971592781653
 -0.25961086009000000   0.59921233593820174
 -0.25960286009000000   0.59921495627550312
 -0.25959486009000000   0.59921757690492412
 -0.25958686009000000   0.59922019779189383
 -0.25957886009000000   0.59922281890241611
 -0.25957086009000000   0.59922544020342056
 -0.25956286009000000   0.59922806166311245
 -0.25955486009000000   0.59923068325131968
 -0.25954686009000000   0.59923330493983351
 -0.25953886009000000   0.59923592670274139
 -0.25953086009000000   0.59923854851674854
 -0.25952286009000000   0.59924117036148679
 -0.25951486009000000   0.59924379221980737
 -0.25950686009000000   0.59924641407805622
 -0.25949886009000000   0.59924903592632917
 -0.25949086009000000   0.59925165775870509
 -0.25948286009000000   0.59925427957345514
 -0.25947486009000000   0.59925690137322631
 -0.25946686009000000   0.59925952316519766
 -0.25945886009000000   0.59926214496120798
 -0.25945086009000000   0.59926476677785330
 -0.25944286009000000   0.59926738863655371
 -0.25943486009000000   0.59927001056358794
 -0.25942686009000000   0.59927263259009588
 -0.25941886009000000   0.59927525475204779
 -0.25941086009000000   0.59927787709018067
 -0.25940286009000000   0.59928049964990114
 -0.25939486009000000   0.59928312248115562
 -0.25938686009000000   0.59928574563826766
 -0.25937886009000000   0.59928836917974351
 -0.25937086009000000   0.59929099316804631
 -0.25936286009000000   0.59929361766934038
 -0.25935486009000000   0.59929624275320645
 -0.25934686009000000   0.59929886849232934
 -0.25933886009000000   0.59930149496215989
 -0.25933086009000000   0.59930412224055259
 -0.25932286009000000   0.59930675040738119
 -0.25931486009000000   0.59930937954413405
 -0.25930686009000000   0.59931200973349184
 -0.25929886009000000   0.59931464105888967
 -0.25929086009000000   0.59931727360406653
 -0.25928286009000000   0.59931990745260433
 -0.25927486009000000   0.59932254268745953
 -0.25926686009000000   0.59932517939049033
 -0.25925886009000000   0.59932781764198194
 -0.25925086009000000   0.59933045752017339
 -0.25924286009000000   0.59933309910078885
 -0.25923486009000000   0.59933574245657614
 -0.25922686009000000   0.59933838765685631
 -0.25921886009000000   0.59934103476708664
 -0.25921086009000000   0.59934368384844081
 -0.25920286009000000   0.59934633495740878
 -0.25919486009000000   0.59934898814541986
 -0.25918686009000000   0.59935164345849153
 -0.25917886009000000   0.59935430093690717
 -0.25917086009000000   0.59935696061492521
 -0.25916286009000000   0.59935962252052235
 -0.25915486009000000   0.59936228667517335
 -0.25914686009000000   0.59936495309366956
 -0.25913886009000000   0.59936762178397815
 -0.25913086009000000   0.59937029274714389
 -0.25912286009000000   0.59937296597723530
 -0.25911486009000000   0.59937564146133580
 -0.25910686009000000   0.59937831917958157
 -0.25909886009000000   0.59938099910524630
 -0.25909086009000000   0.59938368120487339
 -0.25908286009000000   0.59938636543845564
 -0.25907486009000000   0.59938905175966190
 -0.25906686009000000   0.59939174011611032
 -0.25905886009000000   0.59939443044968684
 -0.25905086009000000   0.59939712269690775
 -0.25904286009000000   0.59939981678932445
 -0.25903486009000000   0.59940251265396812
 -0.25902686009000000   0.59940521021383242
 -0.25901886009000000   0.59940790938839053
 -0.25901086009000000   0.59941061009414421
 -0.25900286009000000   0.59941331224520098
 -0.25899486009000000   0.59941601575387591
 -0.25898686009000000   0.59941872053131406
 -0.25897886009000000   0.59942142648812915
 -0.25897086009000000   0.59942413353505466
 -0.25896286009000000   0.59942684158360184
 -0.25895486009000000   0.59942955054672120
 -0.25894686009000000   0.59943226033946167
 -0.25893886009000000   0.59943497087962319
 -0.25893086009000000   0.59943768208839772
 -0.25892286009000000   0.59944039389099398
 -0.25891486009000000   0.59944310621724105
 -0.25890686009000000   0.59944581900216631
 -0.25889886009000000   0.59944853218654319
 -0.25889086009000000   0.59945124571740443
 -0.25888286009000000   0.59945395954851649
 -0.25887486009000000   0.59945667364081176
 -0.25886686009000000   0.59945938796277421
 -0.25885886009000000   0.59946210249077581
 -0.25885086009000000   0.59946481720936011
 -0.25884286009000000   0.59946753211147064
 -0.25883486009000000   0.59947024719862173
 -0.25882686009000000   0.59947296248100937
 -0.25881886009000000   0.59947567797756096
 -0.25881086009000000   0.59947839371592222
 -0.25880286009000000   0.59948110973238074
 -0.25879486009000000   0.59948382607172531
 -0.25878686009000000   0.59948654278704119
 -0.25877886009000000   0.59948925993944147
 -0.25877086009000000   0.59949197759773504
 -0.25876286009000000   0.59949469583803230
 -0.25875486009000000   0.59949741474329018
 -0.25874686009000000   0.59950013440279782
 -0.25873886009000000   0.59950285491160548
 -0.25873086009000000   0.59950557636989878
 -0.25872286009000000   0.59950829888232148
 -0.25871486009000000   0.59951102255724959
 -0.25870686009000000   0.59951374750602076
 -0.25869886009000000   0.59951647384212235
 -0.25869086009000000   0.59951920168034264
 -0.25868286009000000   0.59952193113588958
 -0.25867486009000000   0.59952466232348177
 -0.25866686009000000   0.59952739535641692
 -0.25865886009000000   0.59953013034562276
 -0.25865086009000000   0.59953286739869645
 -0.25864286009000000   0.59953560661893806
 -0.25863486009000000   0.59953834810438418
 -0.25862686009000000   0.59954109194684809
 -0.25861886009000000   0.59954383823097296
 -0.25861086009000000   0.59954658703330448
 -0.25860286009000000   0.59954933842139001
 -0.25859486009000000   0.59955209245291096
 -0.25858686009000000   0.59955484917485520
 -0.25857886009000000   0.59955760862273670
 -0.25857086009000000   0.59956037081986922
 -0.25856286009000000   0.59956313577670069
 -0.25855486009000000   0.59956590349021530
 -0.25854686009000000   0.59956867394340959
 -0.25853886009000000   0.59957144710484881
 -0.25853086009000000   0.59957422292830975
 -0.25852286009000000   0.59957700135251508
 -0.25851486009000000   0.59957978230096486
 -0.25850686009000000   0.59958256568186938
 -0.25849886009000000   0.59958535138818752
 -0.25849086009000000   0.59958813929777400
 -0.25848286009000000   0.59959092927363777
 -0.25847486009000000   0.59959372116431386
 -0.25846686009000000   0.59959651480434929
 -0.25845886009000000   0.59959931001490333
 -0.25845086009000000   0.59960210660446118
 -0.25844286009000000   0.59960490436965928
 -0.25843486009000000   0.59960770309621985
 -0.25842686009000000   0.59961050255999022
 -0.25841886009000000   0.59961330252808300
 -0.25841086009000000   0.59961610276011100
 -0.25840286009000000   0.59961890300951050
 -0.25839486009000000   0.59962170302494519
 -0.25838686009000000   0.59962450255178277
 -0.25837886009000000   0.59962730133363498
 -0.25837086009000000   0.59963009911395137
 -0.25836286009000000   0.59963289563765635
 -0.25835486009000000   0.59963569065281920
 -0.25834686009000000   0.59963848391234494
 -0.25833886009000000   0.59964127517567556
 -0.25833086009000000   0.59964406421048916
 -0.25832286009000000   0.59964685079438600
 -0.25831486009000000   0.59964963471654894
 -0.25830686009000000   0.59965241577936783
 -0.25829886009000000   0.59965519380001580
 -0.25829086009000000   0.59965796861196716
 -0.25828286009000000   0.59966074006644628
 -0.25827486009000000   0.59966350803379781
 -0.25826686009000000   0.59966627240476905
 -0.25825886009000000   0.59966903309169586
 -0.25825086009000000   0.59967179002958449
 -0.25824286009000000   0.59967454317708205
 -0.25823486009000000   0.59967729251732973
 -0.25822686009000000   0.59968003805869285
 -0.25821886009000000   0.59968277983536342
 -0.25821086009000000   0.59968551790783076
 -0.25820286009000000   0.59968825236321758
 -0.25819486009000000   0.59969098331547818
 -0.25818686009000000   0.59969371090545751
 -0.25817886009000000   0.59969643530080932
 -0.25817086009000000   0.59969915669577266
 -0.25816286009000000   0.59970187531080654
 -0.25815486009000000   0.59970459139208260
 -0.25814686009000000   0.59970730521083634
 -0.25813886009000000   0.59971001706257751
 -0.25813086009000000   0.59971272726616090
 -0.25812286009000000   0.59971543616271822
 -0.25811486009000000   0.59971814411445280
 -0.25810686009000000   0.59972085150329856
 -0.25809886009000000   0.59972355872944453
 -0.25809086009000000   0.59972626620972702
 -0.25808286009000000   0.59972897437589085
 -0.25807486009000000   0.59973168367272207
 -0.25806686009000000   0.59973439455605374
 -0.25805886009000000   0.59973710749064767
 -0.25805086009000000   0.59973982294795427
 -0.25804286009000000   0.59974254140375369
 -0.25803486009000000   0.59974526333568176
 -0.25802686009000000   0.59974798922064429
 -0.25801886009000000   0.59975071953212475
 -0.25801086009000000   0.59975345473739049
 -0.25800286009000000   0.59975619529460379
 -0.25799486009000000   0.59975894164984513
 -0.25798686009000000   0.59976169423405741
 -0.25797886009000000   0.59976445345992073
 -0.25797086009000000   0.59976721971866950
 -0.25796286009000000   0.59976999337686476
 -0.25795486009000000   0.59977277477313675
 -0.25794686009000000   0.59977556421491428
 -0.25793886009000000   0.59977836197515989
 -0.25793086009000000   0.59978116828913151
 -0.25792286009000000   0.59978398335119337
 -0.25791486009000000   0.59978680731170141
 -0.25790686009000000   0.59978964027398971
 -0.25789886009000000   0.59979248229148706
 -0.25789086009000000   0.59979533336499400
 -0.25788286009000000   0.59979819344015227
 -0.25787486009000000   0.59980106240513967
 -0.25786686009000000   0.59980394008862418
 -0.25785886009000000   0.59980682625801123
 -0.25785086009000000   0.59980972061801803
 -0.25784286009000000   0.59981262280960766
 -0.25783486009000000   0.59981553240931453
 -0.25782686009000000   0.59981844892899008
 -0.25781886009000000   0.59982137181599526
 -0.25781086009000000   0.59982430045386218
 -0.25780286009000000   0.59982723416344313
 -0.25779486009000000   0.59983017220455995
 -0.25778686009000000   0.59983311377816161
 -0.25777886009000000   0.59983605802899027
 -0.25777086009000000   0.59983900404875086
 -0.25776286009000000   0.59984195087977117
 -0.25775486009000000   0.59984489751913240
 -0.25774686009000000   0.59984784292324309
 -0.25773886009000000   0.59985078601282200
 -0.25773086009000000   0.59985372567824880
 -0.25772286009000000   0.59985666078523525
 -0.25771486009000000   0.59985959018076395
 -0.25770686009000000   0.59986251269923692
 -0.25769886009000000   0.59986542716877290
 -0.25769086009000000   0.59986833241758904
 -0.25768286009000000   0.59987122728040209
 -0.25767486009000000   0.59987411060478299
 -0.25766686009000000   0.59987698125740063
 -0.25765886009000000   0.59987983813009244
 -0.25765086009000000   0.59988268014570251
 -0.25764286009000000   0.59988550626363318
 -0.25763486009000000   0.59988831548506063
 -0.25762686009000000   0.59989110685777109
 -0.25761886009000000   0.59989387948058175
 -0.25761086009000000   0.59989663250731649
 -0.25760286009000000   0.59989936515031466
 -0.25759486009000000   0.59990207668345789
 -0.25758686009000000   0.59990476644470783
 -0.25757886009000000   0.59990743383815389
 -0.25757086009000000   0.59991007833557698
 -0.25756286009000000   0.59991269947754169
 -0.25755486009000000   0.59991529687403357
 -0.25754686009000000   0.59991787020466378
 -0.25753886009000000   0.59992041921846722
 -0.25753086009000000   0.59992294373332291
 -0.25752286009000000   0.59992544363502832
 -0.25751486009000000   0.59992791887606053
 -0.25750686009000000   0.59993036947405903
 -0.25749886009000000   0.59993279551006391
 -0.25749086009000000   0.59993519712654444
 -0.25748286009000000   0.59993757452525107
 -0.25747486009000000   0.59993992796492370
 -0.25746686009000000   0.59994225775888681
 -0.25745886009000000   0.59994456427256045
 -0.25745086009000000   0.59994684792091420
 -0.25744286009000000   0.59994910916588888
 -0.25743486009000000   0.59995134851380808
 -0.25742686009000000   0.59995356651279989
 -0.25741886009000000   0.59995576375024639
 -0.25741086009000000   0.59995794085027604
 -0.25740286009000000   0.59996009847131228
 -0.25739486009000000   0.59996223730368895
 -0.25738686009000000   0.59996435806734148
 -0.25737886009000000   0.59996646150958058
 -0.25737086009000000   0.59996854840295365
 -0.25736286009000000   0.59997061954319700
 -0.25735486009000000   0.59997267574728123
 -0.25734686009000000   0.59997471785154988
 -0.25733886009000000   0.59997674670995076
 -0.25733086009000000   0.59997876319235834
 -0.25732286009000000   0.59998076818298437
 -0.25731486009000000   0.59998276257887287
 -0.25730686009000000   0.59998474728847557
 -0.25729886009000000   0.59998672323030269
 -0.25729086009000000   0.59998869133164337
 -0.25728286009000000   0.59999065252735010
 -0.25727486009000000   0.59999260775868061
 -0.25726686009000000   0.59999455797219053
 -0.25725886009000000   0.59999650411867017
 -0.25725086009000000   0.59999844715211793
 -0.25724286009000000   0.60000038802874339
 -0.25723486009000000   0.60000232770599239
 -0.25722686009000000   0.60000426714158673
 -0.25721886009000000   0.60000620729257119
 -0.25721086009000000   0.60000814911435981
 -0.25720286009000000   0.60001009355977443
 -0.25719486009000000   0.60001204157806752
 -0.25718686009000000   0.60001399411392240
 -0.25717886009000000   0.60001595210642312
 -0.25717086009000000   0.60001791648798718
 -0.25716286009000000   0.60001988818325396
 -0.25715486009000000   0.60002186810792239
 -0.25714686009000000   0.60002385716753113
 -0.25713886009000000   0.60002585625617567
 -0.25713086009000000   0.60002786625515641
 -0.25712286009000000   0.60002988803155274
 -0.25711486009000000   0.60003192243671860
 -0.25710686009000000   0.60003397030469566
 -0.25709886009000000   0.60003603245054095
 -0.25709086009000000   0.60003810966856703
 -0.25708286009000000   0.60004020273049313
 -0.25707486009000000   0.60004231238350744
 -0.25706686009000000   0.60004443934824177
 -0.25705886009000000   0.60004658431666097
 -0.25705086009000000   0.60004874794987134
 -0.25704286009000000   0.60005093087585389
 -0.25703486009000000   0.60005313368712990
 -0.25702686009000000   0.60005535693836820
 -0.25701886009000000   0.60005760114394615
 -0.25701086009000000   0.60005986677547745
 -0.25700286009000000   0.60006215425932314
 -0.25699486009000000   0.60006446397410385
 -0.25698686009000000   0.60006679624823360
 -0.25697886009000000   0.60006915135749833
 -0.25697086009000000   0.60007152952270352
 -0.25696286009000000   0.60007393090741837
 -0.25695486009000000   0.60007635561584526
 -0.25694686009000000   0.60007880369084485
 -0.25693886009000000   0.60008127511214885
 -0.25693086009000000   0.60008376979479309
 -0.25692286009000000   0.60008628758780419
 -0.25691486009000000   0.60008882827317291
 -0.25690686009000000   0.60009139156514678
 -0.25689886009000000   0.60009397710987325
 -0.25689086009000000   0.60009658448542276
 -0.25688286009000000   0.60009921320221831
 -0.25687486009000000   0.60010186270389468
 -0.25686686009000000   0.60010453236860668
 -0.25685886009000000   0.60010722151080048
 -0.25685086009000000   0.60010992938345718
 -0.25684286009000000   0.60011265518081115
 -0.25683486009000000   0.60011539804153991
 -0.25682686009000000   0.60011815705241456
 -0.25681886009000000   0.60012093125239386
 -0.25681086009000000   0.60012371963713673
 -0.25680286009000000   0.60012652116390219
 -0.25679486009000000   0.60012933475679789
 -0.25678686009000000   0.60013215931233323
 -0.25677886009000000   0.60013499370522676
 -0.25677086009000000   0.60013783679441307
 -0.25676286009000000   0.60014068742919055
 -0.25675486009000000   0.60014354445544859
 -0.25674686009000000   0.60014640672191089
 -0.25673886009000000   0.60014927308633160
 -0.25673086009000000   0.60015214242158116
 -0.25672286009000000   0.60015501362156067
 -0.25671486009000000   0.60015788560688718
 -0.25670686009000000   0.60016075733029569
 -0.25669886009000000   0.60016362778170849
 -0.25669086009000000   0.60016649599292896
 -0.25668286009000000   0.60016936104192249
 -0.25667486009000000   0.60017222205665385
 -0.25666686009000000   0.60017507821845846
 -0.25665886009000000   0.60017792876493016
 -0.25665086009000000   0.60018077299231714
 -0.25664286009000000   0.60018361025742287
 -0.25663486009000000   0.60018643997901605
 -0.25662686009000000   0.60018926163875933
 -0.25661886009000000   0.60019207478167177
 -0.25661086009000000   0.60019487901614479
 -0.25660286009000000   0.60019767401353529
 -0.25659486009000000   0.60020045950736309
 -0.25658686009000000   0.60020323529214181
 -0.25657886009000000   0.60020600122187523
 -0.25657086009000000   0.60020875720825104
 -0.25656286009000000   0.60021150321856575
 -0.25655486009000000   0.60021423927341375
 -0.25654686009000000   0.60021696544417308
 -0.25653886009000000   0.60021968185032038
 -0.25653086009000000   0.60022238865660474
 -0.25652286009000000   0.60022508607011064
 -0.25651486009000000   0.60022777433723631
 -0.25650686009000000   0.60023045374061368
 -0.25649886008999999   0.60023312459599289
 -0.25649086008999999   0.60023578724911297
 -0.25648286008999999   0.60023844207257806
 -0.25647486008999999   0.60024108946275616
 -0.25646686008999999   0.60024372983671610
 -0.25645886008999999   0.60024636362921603
 -0.25645086008999999   0.60024899128975541
 -0.25644286008999999   0.60025161327970031
 -0.25643486008999999   0.60025423006949105
 -0.25642686008999999   0.60025684213593947
 -0.25641886008999999   0.60025944995962182
 -0.25641086008999999   0.60026205402237280
 -0.25640286008999999   0.60026465480488494
 -0.25639486008999999   0.60026725278441638
 -0.25638686008999999   0.60026984843261079
 -0.25637886008999999   0.60027244221343112
 -0.25637086008999999   0.60027503458120928
 -0.25636286008999999   0.60027762597881356
 -0.25635486008999999   0.60028021683593487
 -0.25634686008999999   0.60028280756749322
 -0.25633886008999999   0.60028539857216489
 -0.25633086008999999   0.60028799023103188
 -0.25632286008999999   0.60029058290635395
 -0.25631486008999999   0.60029317694046367
 -0.25630686008999999   0.60029577265478579
 -0.25629886008999999   0.60029837034898095
 -0.25629086008999999   0.60030097030021399
 -0.25628286008999999   0.60030357276254751
 -0.25627486008999999   0.60030617796646047
 -0.25626686008999999   0.60030878611849180
 -0.25625886008999999   0.60031139740100855
 -0.25625086008999999   0.60031401197209804
 -0.25624286008999999   0.60031662996558260
 -0.25623486008999999   0.60031925149115615
 -0.25622686008999999   0.60032187663463988
 -0.25621886008999999   0.60032450545835549
 -0.25621086008999999   0.60032713800161255
 -0.25620286008999999   0.60032977428130688
 -0.25619486008999999   0.60033241429262576
 -0.25618686008999999   0.60033505800985565
 -0.25617886008999999   0.60033770538728680
 -0.25617086008999999   0.60034035636020937
 -0.25616286008999999   0.60034301084599444
 -0.25615486008999999   0.60034566874525295
 -0.25614686008999999   0.60034832994306513
 -0.25613886008999999   0.60035099431027230
 -0.25613086008999999   0.60035366170482274
 -0.25612286008999999   0.60035633197316232
 -0.25611486008999999   0.60035900495166131
 -0.25610686008999999   0.60036168046806736
 -0.25609886008999999   0.60036435834297514
 -0.25609086008999999   0.60036703839130335
 -0.25608286008999999   0.60036972042376827
 -0.25607486008999999   0.60037240424834561
 -0.25606686008999999   0.60037508967170995
 -0.25605886008999999   0.60037777650064319
 -0.25605086008999999   0.60038046454340293
 -0.25604286008999999   0.60038315361104244
 -0.25603486008999999   0.60038584351867399
 -0.25602686008999999   0.60038853408666851
 -0.25601886008999999   0.60039122514178456
 -0.25601086008999999   0.60039391651822056
 -0.25600286008999999   0.60039660805858512
 -0.25599486008999999   0.60039929961478054
 -0.25598686008999999   0.60040199104879582
 -0.25597886008999999   0.60040468223340632
 -0.25597086008999999   0.60040737305277733
 -0.25596286008999999   0.60041006340297047
 -0.25595486008999999   0.60041275319235209
 -0.25594686008999999   0.60041544234190383
 -0.25593886008999999   0.60041813078543552
 -0.25593086008999999   0.60042081846970281
 -0.25592286008999999   0.60042350535443063
 -0.25591486008999999   0.60042619141224578
 -0.25590686008999999   0.60042887662852147
 -0.25589886008999999   0.60043156100113772
 -0.25589086008999999   0.60043424454016161
 -0.25588286008999999   0.60043692726745184
 -0.25587486008999999   0.60043960921619265
 -0.25586686008999999   0.60044229043036191
 -0.25585886008999999   0.60044497096413904
 -0.25585086008999999   0.60044765088125792
 -0.25584286008999999   0.60045033025431099
 -0.25583486008999999   0.60045300916400963
 -0.25582686008999999   0.60045568769840719
 -0.25581886008999999   0.60045836595209019
 -0.25581086008999999   0.60046104402534371
 -0.25580286008999999   0.60046372202329648
 -0.25579486008999999   0.60046640005505169
 -0.25578686008999999   0.60046907823280886
 -0.25577886008999999   0.60047175667098223
 -0.25577086008999999   0.60047443548532147
 -0.25576286008999999   0.60047711479203909
 -0.25575486008999999   0.60047979470695033
 -0.25574686008999999   0.60048247534463003
 -0.25573886008999999   0.60048515681759087
 -0.25573086008999999   0.60048783923548786
 -0.25572286008999999   0.60049052270435292
 -0.25571486008999999   0.60049320732586363
 -0.25570686008999999   0.60049589319664984
 -0.25569886008999999   0.60049858040764160
 -0.25569086008999999   0.60050126904346143
 -0.25568286008999999   0.60050395918186422
 -0.25567486008999999   0.60050665089322695
 -0.25566686008999999   0.60050934424009082
 -0.25565886008999999   0.60051203927675767
 -0.25565086008999999   0.60051473604894255
 -0.25564286008999999   0.60051743459348366
 -0.25563486008999999   0.60052013493811080
 -0.25562686008999999   0.60052283710127314
 -0.25561886008999999   0.60052554109202628
 -0.25561086008999999   0.60052824690997930
 -0.25560286008999999   0.60053095454530079
 -0.25559486008999999   0.60053366397878352
 -0.25558686008999999   0.60053637518196679
 -0.25557886008999999   0.60053908811731473
 -0.25557086008999999   0.60054180273844930
 -0.25556286008999999   0.60054451899043526
 -0.25555486008999999   0.60054723681011562
 -0.25554686008999999   0.60054995612649373
 -0.25553886008999999   0.60055267686116019
 -0.25553086008999999   0.60055539892876030
 -0.25552286008999999   0.60055812223749923
 -0.25551486008999999   0.60056084668968056
 -0.25550686008999999   0.60056357218227479
 -0.25549886008999999   0.60056629860751314
 -0.25549086008999999   0.60056902585350279
 -0.25548286008999999   0.60057175380485872
 -0.25547486008999999   0.60057448234334816
 -0.25546686008999999   0.60057721134854275
 -0.25545886008999999   0.60057994069847396
 -0.25545086008999999   0.60058267027028749
 -0.25544286008999999   0.60058539994089183
 -0.25543486008999999   0.60058812958759728
 -0.25542686008999999   0.60059085908874034
 -0.25541886008999999   0.60059358832429041
 -0.25541086008999999   0.60059631717643418
 -0.25540286008999999   0.60059904553013468
 -0.25539486008999999   0.60060177327366138
 -0.25538686008999999   0.60060450029908804
 -0.25537886008999999   0.60060722650275617
 -0.25537086008999999   0.60060995178570087
 -0.25536286008999999   0.60061267605403764
 -0.25535486008999999   0.60061539921930752
 -0.25534686008999999   0.60061812119877991
 -0.25533886008999999   0.60062084191571131
 -0.25533086008999999   0.60062356129955961
 -0.25532286008999999   0.60062627928615304
 -0.25531486008999999   0.60062899581781412
 -0.25530686008999999   0.60063171084343846
 -0.25529886008999999   0.60063442431852912
 -0.25529086008999999   0.60063713620518721
 -0.25528286008999999   0.60063984647205994
 -0.25527486008999999   0.60064255509424733
 -0.25526686008999999   0.60064526205316954
 -0.25525886008999999   0.60064796733639608
 -0.25525086008999999   0.60065067093743956
 -0.25524286008999999   0.60065337285551579
 -0.25523486008999999   0.60065607309527292
 -0.25522686008999999   0.60065877166649194
 -0.25521886008999999   0.60066146858376129
 -0.25521086008999999   0.60066416386612859
 -0.25520286008999999   0.60066685753673197
 -0.25519486008999999   0.60066954962241396
 -0.25518686008999999   0.60067224015332146
 -0.25517886008999999   0.60067492916249383
 -0.25517086008999999   0.60067761668544297
 -0.25516286008999999   0.60068030275972774
 -0.25515486008999999   0.60068298742452597
 -0.25514686008999999   0.60068567072020684
 -0.25513886008999999   0.60068835268790641
 -0.25513086008999999   0.60069103336910920
 -0.25512286008999999   0.60069371280523818
 -0.25511486008999999   0.60069639103725603
 -0.25510686008999999   0.60069906810527985
 -0.25509886008999999   0.60070174404821169
 -0.25509086008999999   0.60070441890338723
 -0.25508286008999999   0.60070709270624416
 -0.25507486008999999   0.60070976549001265
 -0.25506686008999999   0.60071243728542921
 -0.25505886008999999   0.60071510812047561
 -0.25505086008999999   0.60071777802014414
 -0.25504286008999999   0.60072044700623034
 -0.25503486008999999   0.60072311509715418
 -0.25502686008999999   0.60072578230781046
 -0.25501886008999999   0.60072844864944904
 -0.25501086008999999   0.60073111412958505
 -0.25500286008999999   0.60073377875193950
 -0.25499486008999999   0.60073644251641014
 -0.25498686008999999   0.60073910541907246
 -0.25497886008999999   0.60074176745221002
 -0.25497086008999999   0.60074442860437418
 -0.25496286008999999   0.60074708886047170
 -0.25495486008999999   0.60074974820187985
 -0.25494686008999999   0.60075240660658736
 -0.25493886008999999   0.60075506404936032
 -0.25493086008999999   0.60075772050193138
 -0.25492286008999999   0.60076037593321052
 -0.25491486008999999   0.60076303030951595
 -0.25490686008999999   0.60076568359482303
 -0.25489886008999999   0.60076833575102937
 -0.25489086008999999   0.60077098673823401
 -0.25488286008999999   0.60077363651502859
 -0.25487486008999999   0.60077628503879830
 -0.25486686008999999   0.60077893226603049
 -0.25485886008999999   0.60078157815262832
 -0.25485086008999999   0.60078422265422784
 -0.25484286008999999   0.60078686572651548
 -0.25483486008999999   0.60078950732554445
 -0.25482686008999999   0.60079214740804716
 -0.25481886008999999   0.60079478593174221
 -0.25481086008999999   0.60079742285563318
 -0.25480286008999999   0.60080005814029791
 -0.25479486008999999   0.60080269174816586
 -0.25478686008999999   0.60080532364378205
 -0.25477886008999999   0.60080795379405578
 -0.25477086008999999   0.60081058216849286
 -0.25476286008999999   0.60081320873940948
 -0.25475486008999999   0.60081583348212699
 -0.25474686008999999   0.60081845637514629
 -0.25473886008999999   0.60082107740030081
 -0.25473086008999999   0.60082369654288744
 -0.25472286008999999   0.60082631379177485
 -0.25471486008999999   0.60082892913948866
 -0.25470686008999999   0.60083154258227316
 -0.25469886008999999   0.60083415412012974
 -0.25469086008999999   0.60083676375683167
 -0.25468286008999999   0.60083937149991582
 -0.25467486008999999   0.60084197736065141
 -0.25466686008999999   0.60084458135398656
 -0.25465886008999999   0.60084718349847298
 -0.25465086008999999   0.60084978381616981
 -0.25464286008999999   0.60085238233252748
 -0.25463486008999999   0.60085497907625236
 -0.25462686008999999   0.60085757407915381
 -0.25461886008999999   0.60086016737597434
 -0.25461086008999999   0.60086275900420432
 -0.25460286008999999   0.60086534900388299
 -0.25459486008999999   0.60086793741738656
 -0.25458686008999999   0.60087052428920538
 -0.25457886008999999   0.60087310966571169
 -0.25457086008999999   0.60087569359491908
 -0.25456286008999999   0.60087827612623598
 -0.25455486008999999   0.60088085731021406
 -0.25454686008999999   0.60088343719829367
 -0.25453886008999999   0.60088601584254767
 -0.25453086008999999   0.60088859329542538
 -0.25452286008999999   0.60089116960949813
 -0.25451486008999999   0.60089374483720794
 -0.25450686008999999   0.60089631903062100
 -0.25449886008999999   0.60089889224118715
 -0.25449086008999999   0.60090146451950697
 -0.25448286008999999   0.60090403591510767
 -0.25447486008999999   0.60090660647622914
 -0.25446686008999999   0.60090917624962126
 -0.25445886008999999   0.60091174528035367
 -0.25445086008999999   0.60091431361163889
 -0.25444286008999999   0.60091688128466989
 -0.25443486008999999   0.60091944833847265
 -0.25442686008999999   0.60092201480977484
 -0.25441886008999999   0.60092458073289083
 -0.25441086008999999   0.60092714613962371
 -0.25440286008999999   0.60092971105918492
 -0.25439486008999999   0.60093227551813130
 -0.25438686008999999   0.60093483954032030
 -0.25437886008999999   0.60093740314688285
 -0.25437086008999999   0.60093996635621442
 -0.25436286008999999   0.60094252918398341
 -0.25435486008999999   0.60094509164315739
 -0.25434686008999999   0.60094765374404604
 -0.25433886008999999   0.60095021549436091
 -0.25433086008999999   0.60095277689929094
 -0.25432286008999999   0.60095533796159344
 -0.25431486008999999   0.60095789868169937
 -0.25430686008999999   0.60096045905783241
 -0.25429886008999999   0.60096301908614055
 -0.25429086008999999   0.60096557876083935
 -0.25428286008999999   0.60096813807436586
 -0.25427486008999999   0.60097069701754166
 -0.25426686008999999   0.60097325557974439
 -0.25425886008999999   0.60097581374908588
 -0.25425086008999999   0.60097837151259623
 -0.25424286008999999   0.60098092885641196
 -0.25423486008999999   0.60098348576596740
 -0.25422686008999999   0.60098604222618760
 -0.25421886008999999   0.60098859822168170
 -0.25421086008999999   0.60099115373693529
 -0.25420286008999999   0.60099370875650053
 -0.25419486008999999   0.60099626326518280
 -0.25418686008999999   0.60099881724822266
 -0.25417886008999999   0.60100137069147178
 -0.25417086008999999   0.60100392358156201
 -0.25416286008999999   0.60100647590606623
 -0.25415486008999999   0.60100902765365026
 -0.25414686008999999   0.60101157881421471
 -0.25413886008999999   0.60101412937902612
 -0.25413086008999999   0.60101667934083639
 -0.25412286008999999   0.60101922869399016
 -0.25411486008999999   0.60102177743451930
 -0.25410686008999999   0.60102432556022431
 -0.25409886008999999   0.60102687307074180
 -0.25409086008999999   0.60102941996759844
 -0.25408286008999999   0.60103196625425056
 -0.25407486008999999   0.60103451193610983
 -0.25406686008999999   0.60103705702055452
 -0.25405886008999999   0.60103960151692711
 -0.25405086008999999   0.60104214543651780
 -0.25404286008999999   0.60104468879253465
 -0.25403486008999999   0.60104723160006053
 -0.25402686008999999   0.60104977387599765
 -0.25401886008999999   0.60105231563899954
 -0.25401086008999999   0.60105485690939203
 -0.25400286008999999   0.60105739770908310
 -0.25399486008999999   0.60105993806146284
 -0.25398686008999999   0.60106247799129418
 -0.25397886008999999   0.60106501752459516
 -0.25397086008999999   0.60106755668851380
 -0.25396286008999999   0.60107009551119650
 -0.25395486008999999   0.60107263402165060
 -0.25394686008999999   0.60107517224960287
 -0.25393886008999999   0.60107771022535399
 -0.25393086008999999   0.60108024797963083
 -0.25392286008999999   0.60108278554343701
 -0.25391486008999999   0.60108532294790329
 -0.25390686008999999   0.60108786022413829
 -0.25389886008999999   0.60109039740308088
 -0.25389086008999999   0.60109293451535523
 -0.25388286008999999   0.60109547159112928
 -0.25387486008999999   0.60109800865997768
 -0.25386686008999999   0.60110054575075015
 -0.25385886008999999   0.60110308289144605
 -0.25385086008999999   0.60110562010909576
 -0.25384286008999999   0.60110815742965021
 -0.25383486008999999   0.60111069487787836
 -0.25382686008999999   0.60111323247727421
 -0.25381886008999999   0.60111577024997304
 -0.25381086008999999   0.60111830821667820
 -0.25380286008999999   0.60112084639659806
 -0.25379486008999999   0.60112338480739421
 -0.25378686008999999   0.60112592346514058
 -0.25377886008999999   0.60112846238429425
 -0.25377086008999999   0.60113100157767758
 -0.25376286008999999   0.60113354105647193
 -0.25375486008999999   0.60113608083022302
 -0.25374686008999999   0.60113862090685781
 -0.25373886008999999   0.60114116129271237
 -0.25373086008999999   0.60114370199257105
 -0.25372286008999999   0.60114624300971622
 -0.25371486008999999   0.60114878434598826
 -0.25370686008999999   0.60115132600185549
 -0.25369886008999999   0.60115386797649325
 -0.25369086008999999   0.60115641026787183
 -0.25368286008999999   0.60115895287285243
 -0.25367486008999999   0.60116149578729048
 -0.25366686008999999   0.60116403900614553
 -0.25365886008999999   0.60116658252359718
 -0.25365086008999999   0.60116912633316589
 -0.25364286008999999   0.60117167042783804
 -0.25363486008999999   0.60117421480019441
 -0.25362686008999999   0.60117675944254091
 -0.25361886008999999   0.60117930434704115
 -0.25361086008999999   0.60118184950584938
 -0.25360286008999999   0.60118439491124336
 -0.25359486008999999   0.60118694055575612
 -0.25358686008999999   0.60118948643230552
 -0.25357886008999999   0.60119203253432125
 -0.25357086008999999   0.60119457885586781
 -0.25356286008999999   0.60119712539176329
 -0.25355486008999999   0.60119967213769256
 -0.25354686008999999   0.60120221909031489
 -0.25353886008999999   0.60120476624736456
 -0.25353086008999999   0.60120731360774438
 -0.25352286008999999   0.60120986117161127
 -0.25351486008999999   0.60121240894045347
 -0.25350686008999999   0.60121495691715903
 -0.25349886008999999   0.60121750510607490
 -0.25349086008999999   0.60122005351305654
 -0.25348286008999999   0.60122260214550784
 -0.25347486008999999   0.60122515101241077
 -0.25346686008999999   0.60122770012434509
 -0.25345886008999999   0.60123024949349779
 -0.25345086008999999   0.60123279913366217
 -0.25344286008999999   0.60123534906022708
 -0.25343486008999999   0.60123789929015587
 -0.25342686008999999   0.60124044984195558
 -0.25341886008999999   0.60124300073563678
 -0.25341086008999999   0.60124555199266382
 -0.25340286008999999   0.60124810363589649
 -0.25339486008999999   0.60125065568952310
 -0.25338686008999999   0.60125320817898556
 -0.25337886008999999   0.60125576113089707
 -0.25337086008999999   0.60125831457295277
 -0.25336286008999999   0.60126086853383429
 -0.25335486008999999   0.60126342304310838
 -0.25334686008999999   0.60126597813112060
 -0.25333886008999999   0.60126853382888479
 -0.25333086008999999   0.60127109016796866
 -0.25332286008999999   0.60127364718037660
 -0.25331486008999999   0.60127620489843033
 -0.25330686008999999   0.60127876335464800
 -0.25329886008999999   0.60128132258162252
 -0.25329086008999999   0.60128388261190007
 -0.25328286008999999   0.60128644347785916
 -0.25327486008999999   0.60128900521159130
 -0.25326686008999999   0.60129156784478370
 -0.25325886008999999   0.60129413140860483
 -0.25325086008999999   0.60129669593359354
 -0.25324286008999999   0.60129926144955219
 -0.25323486008999999   0.60130182798544455
 -0.25322686008999999   0.60130439556929898
 -0.25321886008999999   0.60130696422811727
 -0.25321086008999999   0.60130953398779008
 -0.25320286008999999   0.60131210487301863
 -0.25319486008999999   0.60131467690724394
 -0.25318686008999999   0.60131725011258317
 -0.25317886008999999   0.60131982450977397
 -0.25317086008999999   0.60132240011812667
 -0.25316286008999999   0.60132497695548464
 -0.25315486008999999   0.60132755503819297
 -0.25314686008999999   0.60133013438107561
 -0.25313886008999999   0.60133271499742083
 -0.25313086008999999   0.60133529689897506
 -0.25312286008999999   0.60133788009594510
 -0.25311486008999999   0.60134046459700835
 -0.25310686008999999   0.60134305040933123
 -0.25309886008999999   0.60134563753859503
 -0.25309086008999999   0.60134822598902942
 -0.25308286008999999   0.60135081576345298
 -0.25307486008999999   0.60135340686332039
 -0.25306686008999999   0.60135599928877605
 -0.25305886008999999   0.60135859303871328
 -0.25305086008999999   0.60136118811083913
 -0.25304286008999999   0.60136378450174379
 -0.25303486008999999   0.60136638220697425
 -0.25302686008999999   0.60136898122111175
 -0.25301886008999999   0.60137158153785211
 -0.25301086008999999   0.60137418315008864
 -0.25300286008999999   0.60137678604999667
 -0.25299486008999999   0.60137939022911949
 -0.25298686008999999   0.60138199567845450
 -0.25297886008999999   0.60138460238853964
 -0.25297086008999999   0.60138721034953863
 -0.25296286008999999   0.60138981955132522
 -0.25295486008999999   0.60139242998356520
 -0.25294686008999999   0.60139504163579598
 -0.25293886008999999   0.60139765449750297
 -0.25293086008999999   0.60140026855819239
 -0.25292286008999999   0.60140288380745978
 -0.25291486008999999   0.60140550023505380
 -0.25290686008999999   0.60140811783093524
 -0.25289886008999999   0.60141073658533011
 -0.25289086008999999   0.60141335648877725
 -0.25288286008999999   0.60141597753216947
 -0.25287486008999999   0.60141859970678861
 -0.25286686008999999   0.60142122300433345
 -0.25285886008999999   0.60142384741694131
 -0.25285086008999999   0.60142647293720239
 -0.25284286008999999   0.60142909955816709
 -0.25283486008999999   0.60143172727334646
 -0.25282686008999999   0.60143435607670550
 -0.25281886008999999   0.60143698596264958
 -0.25281086008999999   0.60143961692600392
 -0.25280286008999999   0.60144224896198668
 -0.25279486008999999   0.60144488206617539
 -0.25278686008999999   0.60144751623446744
 -0.25277886008999999   0.60145015146303432
 -0.25277086008999999   0.60145278774827102
 -0.25276286008999999   0.60145542508673959
 -0.25275486008999999   0.60145806347510855
 -0.25274686008999999   0.60146070291008768
 -0.25273886008999999   0.60146334338835931
 -0.25273086008999999   0.60146598490650603
 -0.25272286008999999   0.60146862746093596
 -0.25271486008999999   0.60147127104780563
 -0.25270686008999999   0.60147391566294120
 -0.25269886008999999   0.60147656130175870
 -0.25269086008999999   0.60147920795918370
 -0.25268286008999999   0.60148185562957100
 -0.25267486008999999   0.60148450430662510
 -0.25266686008999999   0.60148715398332173
 -0.25265886008999999   0.60148980465183133
 -0.25265086008999999   0.60149245630344470
 -0.25264286008999999   0.60149510892850166
 -0.25263486008999999   0.60149776251632309
 -0.25262686008999999   0.60150041705514671
 -0.25261886008999999   0.60150307253206748
 -0.25261086008999999   0.60150572893298262
 -0.25260286008999999   0.60150838624254183
 -0.25259486008999999   0.60151104444410339
 -0.25258686008999999   0.60151370351969573
 -0.25257886008999999   0.60151636344998573
 -0.25257086008999999   0.60151902421425319
 -0.25256286008999999   0.60152168579037213
 -0.25255486008999999   0.60152434815479912
 -0.25254686008999999   0.60152701128256841
 -0.25253886008999999   0.60152967514729434
 -0.25253086008999999   0.60153233972118091
 -0.25252286008999999   0.60153500497503840
 -0.25251486008999999   0.60153767087830724
 -0.25250686008999999   0.60154033739908874
 -0.25249886008999999   0.60154300450418279
 -0.25249086008999999   0.60154567215913213
 -0.25248286008999999   0.60154834032827315
 -0.25247486008999999   0.60155100897479285
 -0.25246686008999999   0.60155367806079156
 -0.25245886008999999   0.60155634754735133
 -0.25245086008999999   0.60155901739460926
 -0.25244286008999999   0.60156168756183570
 -0.25243486008999999   0.60156435800751664
 -0.25242686008999999   0.60156702868943984
 -0.25241886008999999   0.60156969956478446
 -0.25241086008999999   0.60157237059021324
 -0.25240286008999999   0.60157504172196708
 -0.25239486008999999   0.60157771291596132
 -0.25238686008999999   0.60158038412788324
 -0.25237886008999999   0.60158305531329008
 -0.25237086008999999   0.60158572642770721
 -0.25236286008999999   0.60158839742672580
 -0.25235486008999999   0.60159106826609946
 -0.25234686008999999   0.60159373890183937
 -0.25233886008999999   0.60159640929030733
 -0.25233086008999999   0.60159907938830613
 -0.25232286008999999   0.60160174915316708
 -0.25231486008999999   0.60160441854283378
 -0.25230686008999999   0.60160708751594223
 -0.25229886008999999   0.60160975603189642
 -0.25229086008999999   0.60161242405093924
 -0.25228286008999999   0.60161509153421847
 -0.25227486008999999   0.60161775844384733
 -0.25226686008999999   0.60162042474295948
 -0.25225886008999999   0.60162309039575822
 -0.25225086008999999   0.60162575536755983
 -0.25224286008999999   0.60162841962483046
 -0.25223486008999999   0.60163108313521725
 -0.25222686008999999   0.60163374586757275
 -0.25221886008999999   0.60163640779197337
 -0.25221086008999999   0.60163906887973143
 -0.25220286008999999   0.60164172910340100
 -0.25219486008999999   0.60164438843677781
 -0.25218686008999999   0.60164704685489299
 -0.25217886008999999   0.60164970433400124
 -0.25217086008999999   0.60165236085156344
 -0.25216286008999999   0.60165501638622385
 -0.25215486008999999   0.60165767091778250
 -0.25214686008999999   0.60166032442716270
 -0.25213886008999999   0.60166297689637424
 -0.25213086008999999   0.60166562830847274
 -0.25212286008999999   0.60166827864751511
 -0.25211486008999999   0.60167092789851194
 -0.25210686008999999   0.60167357604737727
 -0.25209886008999999   0.60167622308087544
 -0.25209086008999999   0.60167886898656663
 -0.25208286008999999   0.60168151375275043
 -0.25207486008999999   0.60168415736840853
 -0.25206686008999999   0.60168679982314684
 -0.25205886008999999   0.60168944110713718
 -0.25205086008999999   0.60169208121105962
 -0.25204286008999999   0.60169472012604517
 -0.25203486008999999   0.60169735784361971
 -0.25202686008999999   0.60169999435564942
 -0.25201886008999999   0.60170262965428801
 -0.25201086008999999   0.60170526373192644
 -0.25200286008999999   0.60170789658114493
 -0.25199486008999999   0.60171052819466806
 -0.25198686008999999   0.60171315856532318
 -0.25197886008999999   0.60171578768600202
 -0.25197086008999999   0.60171841554962638
 -0.25196286008999999   0.60172104214911751
 -0.25195486008999999   0.60172366747736969
 -0.25194686008999999   0.60172629152722820
 -0.25193886008999999   0.60172891429147140
 -0.25193086008999999   0.60173153576279763
 -0.25192286008999999   0.60173415593381635
 -0.25191486008999999   0.60173677479704405
 -0.25190686008999999   0.60173939234490446
 -0.25189886008999999   0.60174200856973339
 -0.25189086008999999   0.60174462346378805
 -0.25188286008999999   0.60174723701926037
 -0.25187486008999999   0.60174984922829473
 -0.25186686008999999   0.60175246008300952
 -0.25185886008999999   0.60175506957552261
 -0.25185086008999999   0.60175767769798012
 -0.25184286008999999   0.60176028444258879
 -0.25183486008999999   0.60176288980165112
 -0.25182686008999999   0.60176549376760346
 -0.25181886008999999   0.60176809633305629
 -0.25181086008999999   0.60177069749083685
 -0.25180286008999999   0.60177329723403326
 -0.25179486008999999   0.60177589555604034
 -0.25178686008999999   0.60177849245060619
 -0.25177886008999999   0.60178108791187965
 -0.25177086008999999   0.60178368193445797
 -0.25176286008999999   0.60178627451343444
 -0.25175486008999999   0.60178886564444564
 -0.25174686008999999   0.60179145532371789
 -0.25173886008999999   0.60179404354811240
 -0.25173086008999999   0.60179663031516916
 -0.25172286008999999   0.60179921562314884
 -0.25171486008999999   0.60180179947107257
 -0.25170686008999999   0.60180438185875922
 -0.25169886008999999   0.60180696278686005
 -0.25169086008999999   0.60180954225689013
 -0.25168286008999999   0.60181212027125666
 -0.25167486008999999   0.60181469683328373
 -0.25166686008999999   0.60181727194723332
 -0.25165886008999999   0.60181984561832246
 -0.25165086008999999   0.60182241785273645
 -0.25164286008999999   0.60182498865763775
 -0.25163486008999999   0.60182755804117073
 -0.25162686008999999   0.60183012601246208
 -0.25161886008999999   0.60183269258161683
 -0.25161086008999999   0.60183525775971006
 -0.25160286008999999   0.60183782155877418
 -0.25159486008999999   0.60184038399178204
 -0.25158686008999999   0.60184294507262558
 -0.25157886008999999   0.60184550481609056
 -0.25157086008999999   0.60184806323782720
 -0.25156286008999999   0.60185062035431691
 -0.25155486008999999   0.60185317618283549
 -0.25154686008999999   0.60185573074141259
 -0.25153886008999999   0.60185828404878822
 -0.25153086008999999   0.60186083612436598
 -0.25152286008999999   0.60186338698816359
 -0.25151486008999999   0.60186593666076103
 -0.25150686008999999   0.60186848516324623
 -0.25149886008999999   0.60187103251715911
 -0.25149086008999999   0.60187357874443384
 -0.25148286008999999   0.60187612386733983
 -0.25147486008999999   0.60187866790842189
 -0.25146686008999999   0.60188121089043948
 -0.25145886008999999   0.60188375283630609
 -0.25145086008999999   0.60188629376902814
 -0.25144286008999999   0.60188883371164467
 -0.25143486008999999   0.60189137268716754
 -0.25142686008999999   0.60189391071852250
 -0.25141886008999999   0.60189644782849197
 -0.25141086008999999   0.60189898403965902
 -0.25140286008999999   0.60190151937435353
 -0.25139486008999999   0.60190405385460049
 -0.25138686008999999   0.60190658750207083
 -0.25137886008999999   0.60190912033803476
 -0.25137086008999999   0.60191165238331825
 -0.25136286008999999   0.60191418365826270
 -0.25135486008999999   0.60191671418268775
 -0.25134686008999999   0.60191924397585781
 -0.25133886008999999   0.60192177305645217
 -0.25133086008999999   0.60192430144253890
 -0.25132286008999999   0.60192682915155275
 -0.25131486008999999   0.60192935620027682
 -0.25130686008999999   0.60193188260482854
 -0.25129886008999999   0.60193440838064943
 -0.25129086008999999   0.60193693354249916
 -0.25128286008999999   0.60193945810445339
 -0.25127486008999999   0.60194198207990591
 -0.25126686008999999   0.60194450548157448
 -0.25125886008999999   0.60194702832151054
 -0.25125086008999999   0.60194955061111269
 -0.25124286008999999   0.60195207236114384
 -0.25123486008999999   0.60195459358175139
 -0.25122686008999999   0.60195711428249127
 -0.25121886008999999   0.60195963447235440
 -0.25121086008999999   0.60196215415979646
 -0.25120286008999999   0.60196467335276991
 -0.25119486008999999   0.60196719205875868
 -0.25118686008999999   0.60196971028481467
 -0.25117886008999999   0.60197222803759628
 -0.25117086008999999   0.60197474532340847
 -0.25116286008999999   0.60197726214824399
 -0.25115486008999999   0.60197977851782570
 -0.25114686008999999   0.60198229443764965
 -0.25113886008999999   0.60198480991302829
 -0.25113086008999999   0.60198732494913413
 -0.25112286008999999   0.60198983955104302
 -0.25111486008999999   0.60199235372377699
 -0.25110686008999999   0.60199486747234641
 -0.25109886008999999   0.60199738080179109
 -0.25109086008999999   0.60199989371722014
 -0.25108286008999999   0.60200240622385028
 -0.25107486008999999   0.60200491832704239
 -0.25106686008999999   0.60200743003233610
 -0.25105886008999999   0.60200994134548223
 -0.25105086008999999   0.60201245227247277
 -0.25104286008999999   0.60201496281956836
 -0.25103486008999999   0.60201747299332314
 -0.25102686008999999   0.60201998280060657
 -0.25101886008999999   0.60202249224862262
 -0.25101086008999999   0.60202500134492560
 -0.25100286008999999   0.60202751009743318
 -0.25099486008999999   0.60203001851443603
 -0.25098686008999999   0.60203252660460445
 -0.25097886008999999   0.60203503437699174
 -0.25097086008999999   0.60203754184103457
 -0.25096286008999999   0.60204004900654998
 -0.25095486008999999   0.60204255588372962
 -0.25094686008999999   0.60204506248313078
 -0.25093886008999999   0.60204756881566475
 -0.25093086008999999   0.60205007489258239
 -0.25092286008999999   0.60205258072545698
 -0.25091486008999999   0.60205508632616479
 -0.25090686008999999   0.60205759170686331
 -0.25089886008999999   0.60206009687996737
 -0.25089086008999999   0.60206260185812345
 -0.25088286008999999   0.60206510665418223
 -0.25087486008999999   0.60206761128116970
 -0.25086686008999999   0.60207011575225723
 -0.25085886008999999   0.60207262008073024
 -0.25085086008999999   0.60207512427995662
 -0.25084286008999999   0.60207762836335429
 -0.25083486008999999   0.60208013234435871
 -0.25082686008999999   0.60208263623639017
 -0.25081886008999999   0.60208514005282165
 -0.25081086008999999   0.60208764380694688
 -0.25080286008999999   0.60209014751194920
 -0.25079486008999999   0.60209265118087150
 -0.25078686008999999   0.60209515482658719
 -0.25077886008999999   0.60209765846177266
 -0.25077086008999999   0.60210016209888132
 -0.25076286008999999   0.60210266575011951
 -0.25075486008999999   0.60210516942742419
 -0.25074686008999999   0.60210767314244309
 -0.25073886008999999   0.60211017690651687
 -0.25073086008999999   0.60211268073066390
 -0.25072286008999999   0.60211518462556750
 -0.25071486008999999   0.60211768860156593
 -0.25070686008999999   0.60212019266864498
 -0.25069886008999999   0.60212269683643344
 -0.25069086008999999   0.60212520111420145
 -0.25068286008999999   0.60212770551086166
 -0.25067486008999999   0.60213021003497325
 -0.25066686008999999   0.60213271469474876
 -0.25065886008999999   0.60213521949806389
 -0.25065086008999999   0.60213772445246998
 -0.25064286008999999   0.60214022956520904
 -0.25063486008999999   0.60214273484323161
 -0.25062686008999999   0.60214524029321698
 -0.25061886008999999   0.60214774592159576
 -0.25061086008999999   0.60215025173457475
 -0.25060286008999999   0.60215275773816374
 -0.25059486008999999   0.60215526393820435
 -0.25058686008999999   0.60215777034040043
 -0.25057886008999999   0.60216027695035008
 -0.25057086008999999   0.60216278377357883
 -0.25056286008999999   0.60216529081557418
 -0.25055486008999999   0.60216779808182058
 -0.25054686008999999   0.60217030557783541
 -0.25053886008999999   0.60217281330920518
 -0.25053086008999999   0.60217532128162191
 -0.25052286008999999   0.60217782950091948
 -0.25051486008999999   0.60218033797310967
 -0.25050686008999999   0.60218284670441745
 -0.25049886008999999   0.60218535570131579
 -0.25049086008999999   0.60218786497055926
 -0.25048286008999999   0.60219037451921645
 -0.25047486008999999   0.60219288435470091
 -0.25046686008999999   0.60219539448480046
 -0.25045886008999999   0.60219790491770467
 -0.25045086008999999   0.60220041566203021
 -0.25044286008999999   0.60220292672684420
 -0.25043486008999999   0.60220543812168491
 -0.25042686008999999   0.60220794985658017
 -0.25041886008999999   0.60221046194206309
 -0.25041086008999999   0.60221297438918507
 -0.25040286008999999   0.60221548720952582
 -0.25039486008999999   0.60221800041520066
 -0.25038686008999999   0.60222051401886477
 -0.25037886008999999   0.60222302803371438
 -0.25037086008999999   0.60222554247348498
 -0.25036286008999999   0.60222805735244644
 -0.25035486008999999   0.60223057268539517
 -0.25034686008999999   0.60223308848764328
 -0.25033886008999999   0.60223560477500458
 -0.25033086008999999   0.60223812156377808
 -0.25032286008999999   0.60224063887072835
 -0.25031486008999999   0.60224315671306340
 -0.25030686008999999   0.60224567510840973
 -0.25029886008999999   0.60224819407478531
 -0.25029086008999999   0.60225071363056976
 -0.25028286008999999   0.60225323379447285
 -0.25027486008999999   0.60225575458550062
 -0.25026686008999999   0.60225827602291991
 -0.25025886008999999   0.60226079812622127
 -0.25025086008999999   0.60226332091508026
 -0.25024286008999999   0.60226584440931771
 -0.25023486008999999   0.60226836862885885
 -0.25022686008999999   0.60227089359369174
 -0.25021886008999999   0.60227341932382498
 -0.25021086008999999   0.60227594583924510
 -0.25020286008999999   0.60227847315987387
 -0.25019486008999999   0.60228100130552556
 -0.25018686008999999   0.60228353029586456
 -0.25017886008999999   0.60228606015036342
 -0.25017086008999999   0.60228859088826169
 -0.25016286008999999   0.60229112252852553
 -0.25015486008999999   0.60229365508980846
 -0.25014686008999999   0.60229618859041353
 -0.25013886008999999   0.60229872304825664
 -0.25013086008999999   0.60230125848083175
 -0.25012286008999999   0.60230379490517775
 -0.25011486008999999   0.60230633233784719
 -0.25010686008999999   0.60230887079487723
 -0.25009886008999999   0.60231141029176251
 -0.25009086008999999   0.60231395084343046
 -0.25008286008999999   0.60231649246421881
 -0.25007486008999999   0.60231903516785573
 -0.25006686008999999   0.60232157896744216
 -0.25005886008999999   0.60232412387543677
 -0.25005086008999999   0.60232666990364353
 -0.25004286008999999   0.60232921706320167
 -0.25003486008999999   0.60233176536457824
 -0.25002686008999999   0.60233431481756310
 -0.25001886008999999   0.60233686543126644
 -0.25001086008999999   0.60233941721411864
 -0.25000286008999999   0.60234197017387254
 -0.24999486008999999   0.60234452431760772
 -0.24998686008999999   0.60234707965173719
 -0.24997886008999999   0.60234963618201597
 -0.24997086008999999   0.60235219391355151
 -0.24996286008999999   0.60235475285081612
 -0.24995486008999999   0.60235731299766055
 -0.24994686008999999   0.60235987435732962
 -0.24993886008999999   0.60236243693247866
 -0.24993086008999999   0.60236500072519131
 -0.24992286008999999   0.60236756573699825
 -0.24991486008999999   0.60237013196889666
 -0.24990686008999999   0.60237269942137030
 -0.24989886008999999   0.60237526809440990
 -0.24989086008999999   0.60237783798753395
 -0.24988286008999999   0.60238040909980933
 -0.24987486008999999   0.60238298142987188
 -0.24986686008999999   0.60238555497594667
 -0.24985886008999999   0.60238812973586759
 -0.24985086008999999   0.60239070570709648
 -0.24984286008999999   0.60239328288674129
 -0.24983486008999999   0.60239586127157321
 -0.24982686008999999   0.60239844085804270
 -0.24981886008999999   0.60240102164229437
 -0.24981086008999999   0.60240360362018006
 -0.24980286008999999   0.60240618678727082
 -0.24979486008999999   0.60240877113886707
 -0.24978686008999999   0.60241135667000697
 -0.24977886008999999   0.60241394337547314
 -0.24977086008999999   0.60241653124979740
 -0.24976286008999999   0.60241912028726381
 -0.24975486008999999   0.60242171048190939
 -0.24974686008999999   0.60242430182752344
 -0.24973886008999999   0.60242689431764431
 -0.24973086008999999   0.60242948794555476
 -0.24972286008999999   0.60243208270427510
 -0.24971486008999999   0.60243467858655443
 -0.24970686008999999   0.60243727558486047
 -0.24969886008999999   0.60243987369136708
 -0.24969086008999999   0.60244247289794070
 -0.24968286008999999   0.60244507319612484
 -0.24967486008999999   0.60244767457712331
 -0.24966686008999999   0.60245027703178217
 -0.24965886008999999   0.60245288055057042
 -0.24965086008999999   0.60245548512355975
 -0.24964286008999999   0.60245809074040332
 -0.24963486008999999   0.60246069739031398
 -0.24962686008999999   0.60246330506204176
 -0.24961886008999999   0.60246591374385116
 -0.24961086008999999   0.60246852342349822
 -0.24960286008999999   0.60247113408820749
 -0.24959486008999999   0.60247374572464937
 -0.24958686008999999   0.60247635831891761
 -0.24957886008999999   0.60247897185650759
 -0.24957086008999999   0.60248158632229511
 -0.24956286008999999   0.60248420170051641
 -0.24955486008999999   0.60248681797474899
 -0.24954686008999999   0.60248943512789387
 -0.24953886008999999   0.60249205314215933
 -0.24953086008999999   0.60249467199904620
 -0.24952286008999999   0.60249729167933483
 -0.24951486008999999   0.60249991216307423
 -0.24950686008999999   0.60250253342957291
 -0.24949886008999999   0.60250515545739212
 -0.24949086008999999   0.60250777822434130
 -0.24948286008999999   0.60251040170747578
 -0.24947486008999999   0.60251302588309713
 -0.24946686008999999   0.60251565072675581
 -0.24945886008999999   0.60251827621325656
 -0.24945086008999999   0.60252090231666629
 -0.24944286008999999   0.60252352901032456
 -0.24943486008999999   0.60252615626685689
 -0.24942686008999999   0.60252878405819051
 -0.24941886008999999   0.60253141235557276
 -0.24941086008999999   0.60253404112959208
 -0.24940286008999999   0.60253667035020150
 -0.24939486008999999   0.60253929998674466
 -0.24938686008999999   0.60254193000798393
 -0.24937886008999999   0.60254456038213116
 -0.24937086008999999   0.60254719107688025
 -0.24936286008999999   0.60254982205944191
 -0.24935486008999999   0.60255245329658037
 -0.24934686008999999   0.60255508475465164
 -0.24933886008999999   0.60255771639964350
 -0.24933086008999999   0.60256034819721689
 -0.24932286008999999   0.60256298011274855
 -0.24931486008999999   0.60256561211137466
 -0.24930686008999999   0.60256824415803544
 -0.24929886008999999   0.60257087621752035
 -0.24929086008999999   0.60257350825451392
 -0.24928286008999999   0.60257614023364170
 -0.24927486008999999   0.60257877211951646
 -0.24926686008999999   0.60258140387678416
 -0.24925886008999999   0.60258403547016973
 -0.24925086008999999   0.60258666686452224
 -0.24924286008999999   0.60258929802485945
 -0.24923486008999999   0.60259192891641163
