 -0.26808410256000000   0.59727499104418185
 -0.26807610256000000   0.59727768913043448
 -0.26806810256000000   0.59728038739665000
 -0.26806010256000000   0.59728308586733271
 -0.26805210256000000   0.59728578457096214
 -0.26804410256000000   0.59728848354002180
 -0.26803610256000000   0.59729118281100121
 -0.26802810256000000   0.59729388242437157
 -0.26802010256000000   0.59729658242453435
 -0.26801210256000000   0.59729928285974373
 -0.26800410256000000   0.59730198378200270
 -0.26799610256000000   0.59730468524693392
 -0.26798810256000000   0.59730738731362562
 -0.26798010256000000   0.59731009004445373
 -0.26797210256000000   0.59731279350488140
 -0.26796410256000000   0.59731549776323704
 -0.26795610256000000   0.59731820289047225
 -0.26794810256000000   0.59732090895990130
 -0.26794010256000000   0.59732361604692388
 -0.26793210256000000   0.59732632422873256
 -0.26792410256000000   0.59732903358400755
 -0.26791610256000000   0.59733174419259987
 -0.26790810256000000   0.59733445613520572
 -0.26790010256000000   0.59733716949303391
 -0.26789210256000000   0.59733988434746846
 -0.26788410256000000   0.59734260077972864
 -0.26787610256000000   0.59734531887052882
 -0.26786810256000000   0.59734803869974052
 -0.26786010256000000   0.59735076034605821
 -0.26785210256000000   0.59735348388667214
 -0.26784410256000000   0.59735620939694941
 -0.26783610256000000   0.59735893695012636
 -0.26782810256000000   0.59736166661701345
 -0.26782010256000000   0.59736439846571544
 -0.26781210256000000   0.59736713256136818
 -0.26780410256000000   0.59736986896589438
 -0.26779610256000000   0.59737260773777941
 -0.26778810256000000   0.59737534893186950
 -0.26778010256000000   0.59737809259919274
 -0.26777210256000000   0.59738083878680527
 -0.26776410256000000   0.59738358753766258
 -0.26775610256000000   0.59738633889051798
 -0.26774810256000000   0.59738909287984786
 -0.26774010256000000   0.59739184953580508
 -0.26773210256000000   0.59739460888420044
 -0.26772410256000000   0.59739737094651212
 -0.26771610256000000   0.59740013573992359
 -0.26770810256000000   0.59740290327738909
 -0.26770010256000000   0.59740567356772617
 -0.26769210256000000   0.59740844661573502
 -0.26768410256000000   0.59741122242234287
 -0.26767610256000000   0.59741400098477299
 -0.26766810256000000   0.59741678229673622
 -0.26766010256000000   0.59741956634864411
 -0.26765210256000000   0.59742235312784120
 -0.26764410256000000   0.59742514261885518
 -0.26763610256000000   0.59742793480366222
 -0.26762810256000000   0.59743072966196564
 -0.26762010256000000   0.59743352717148556
 -0.26761210256000000   0.59743632730825648
 -0.26760410256000000   0.59743913004693121
 -0.26759610256000000   0.59744193536108752
 -0.26758810256000000   0.59744474322353567
 -0.26758010256000000   0.59744755360662353
 -0.26757210256000000   0.59745036648253690
 -0.26756410256000000   0.59745318182359250
 -0.26755610256000000   0.59745599960252069
 -0.26754810256000000   0.59745881979273548
 -0.26754010256000000   0.59746164236858964
 -0.26753210256000000   0.59746446730561216
 -0.26752410256000000   0.59746729458072640
 -0.26751610256000000   0.59747012417244619
 -0.26750810256000000   0.59747295606104858
 -0.26750010256000000   0.59747579022872150
 -0.26749210256000000   0.59747862665968429
 -0.26748410256000000   0.59748146534028072
 -0.26747610256000000   0.59748430625904254
 -0.26746810256000000   0.59748714940672356
 -0.26746010256000000   0.59748999477630299
 -0.26745210256000000   0.59749284236295826
 -0.26744410256000000   0.59749569216400699
 -0.26743610256000000   0.59749854417881828
 -0.26742810256000000   0.59750139840869389
 -0.26742010256000000   0.59750425485671989
 -0.26741210256000000   0.59750711352758987
 -0.26740410256000000   0.59750997442740056
 -0.26739610256000000   0.59751283756342170
 -0.26738810256000000   0.59751570294384147
 -0.26738010256000000   0.59751857057748939
 -0.26737210256000000   0.59752144047353891
 -0.26736410256000000   0.59752431264119165
 -0.26735610256000000   0.59752718708934601
 -0.26734810256000000   0.59753006382625236
 -0.26734010256000000   0.59753294285915770
 -0.26733210256000000   0.59753582419394281
 -0.26732410256000000   0.59753870783475437
 -0.26731610256000000   0.59754159378363531
 -0.26730810256000000   0.59754448204015652
 -0.26730010256000000   0.59754737260105281
 -0.26729210256000000   0.59755026545986628
 -0.26728410256000000   0.59755316060660043
 -0.26727610256000000   0.59755605802738758
 -0.26726810256000000   0.59755895770417321
 -0.26726010256000000   0.59756185961441952
 -0.26725210256000000   0.59756476373083162
 -0.26724410256000000   0.59756767002110855
 -0.26723610256000000   0.59757057844772189
 -0.26722810256000000   0.59757348896772438
 -0.26722010256000000   0.59757640153259036
 -0.26721210256000000   0.59757931608809053
 -0.26720410256000000   0.59758223257420206
 -0.26719610256000000   0.59758515092505592
 -0.26718810256000000   0.59758807106892253
 -0.26718010256000000   0.59759099292823634
 -0.26717210256000000   0.59759391641966019
 -0.26716410256000000   0.59759684145418940
 -0.26715610256000000   0.59759976793729581
 -0.26714810256000000   0.59760269576911104
 -0.26714010256000000   0.59760562484464836
 -0.26713210256000000   0.59760855505406209
 -0.26712410256000000   0.59761148628294315
 -0.26711610256000000   0.59761441841264885
 -0.26710810256000000   0.59761735132066530
 -0.26710010256000000   0.59762028488099917
 -0.26709210256000000   0.59762321896459783
 -0.26708410256000000   0.59762615343979296
 -0.26707610256000000   0.59762908817276642
 -0.26706810256000000   0.59763202302803365
 -0.26706010256000000   0.59763495786894223
 -0.26705210256000000   0.59763789255818107
 -0.26704410256000000   0.59764082695829700
 -0.26703610256000000   0.59764376093221495
 -0.26702810256000000   0.59764669434375766
 -0.26702010256000000   0.59764962705816103
 -0.26701210256000000   0.59765255894258144
 -0.26700410256000000   0.59765548986659126
 -0.26699610256000000   0.59765841970265862
 -0.26698810256000000   0.59766134832660817
 -0.26698010256000000   0.59766427561805919
 -0.26697210256000000   0.59766720146083786
 -0.26696410256000000   0.59767012574336128
 -0.26695610256000000   0.59767304835898941
 -0.26694810256000000   0.59767596920634344
 -0.26694010256000000   0.59767888818958798
 -0.26693210256000000   0.59768180521867511
 -0.26692410256000000   0.59768472020954914
 -0.26691610256000000   0.59768763308431017
 -0.26690810256000000   0.59769054377133653
 -0.26690010256000000   0.59769345220536438
 -0.26689210256000000   0.59769635832752521
 -0.26688410256000000   0.59769926208534098
 -0.26687610256000000   0.59770216343267721
 -0.26686810256000000   0.59770506232965519
 -0.26686010256000000   0.59770795874252388
 -0.26685210256000000   0.59771085264349357
 -0.26684410256000000   0.59771374401053224
 -0.26683610256000000   0.59771663282712723
 -0.26682810256000000   0.59771951908201394
 -0.26682010256000000   0.59772240276887429
 -0.26681210256000000   0.59772528388600744
 -0.26680410256000000   0.59772816243597575
 -0.26679610256000000   0.59773103842522859
 -0.26678810256000000   0.59773391186370795
 -0.26678010256000000   0.59773678276443795
 -0.26677210256000000   0.59773965114310284
 -0.26676410256000000   0.59774251701761599
 -0.26675610256000000   0.59774538040768370
 -0.26674810256000000   0.59774824133436731
 -0.26674010256000000   0.59775109981964707
 -0.26673210256000000   0.59775395588599144
 -0.26672410256000000   0.59775680955593443
 -0.26671610256000000   0.59775966085166533
 -0.26670810256000000   0.59776250979463347
 -0.26670010256000000   0.59776535640517124
 -0.26669210256000000   0.59776820070213799
 -0.26668410256000000   0.59777104270258834
 -0.26667610256000000   0.59777388242146670
 -0.26666810256000000   0.59777671987133084
 -0.26666010256000000   0.59777955506210666
 -0.26665210256000000   0.59778238800087579
 -0.26664410256000000   0.59778521869169808
 -0.26663610256000000   0.59778804713546994
 -0.26662810256000000   0.59779087332982025
 -0.26662010256000000   0.59779369726904377
 -0.26661210256000000   0.59779651894407361
 -0.26660410256000000   0.59779933834249212
 -0.26659610256000000   0.59780215544858057
 -0.26658810256000000   0.59780497024340686
 -0.26658010256000000   0.59780778270495112
 -0.26657210256000000   0.59781059280826733
 -0.26656410256000000   0.59781340052568053
 -0.26655610256000000   0.59781620582701708
 -0.26654810256000000   0.59781900867986704
 -0.26654010256000000   0.59782180904987534
 -0.26653210256000000   0.59782460690106073
 -0.26652410256000000   0.59782740219615833
 -0.26651610256000000   0.59783019489698411
 -0.26650810256000000   0.59783298496481773
 -0.26650010256000000   0.59783577236080042
 -0.26649210256000000   0.59783855704634478
 -0.26648410256000000   0.59784133898355334
 -0.26647610256000000   0.59784411813564126
 -0.26646810256000000   0.59784689446736106
 -0.26646010256000000   0.59784966794542480
 -0.26645210256000000   0.59785243853892011
 -0.26644410256000000   0.59785520621971739
 -0.26643610256000000   0.59785797096286365
 -0.26642810256000000   0.59786073274696044
 -0.26642010256000000   0.59786349155452239
 -0.26641210256000000   0.59786624737231303
 -0.26640410256000000   0.59786900019165559
 -0.26639610256000000   0.59787175000871556
 -0.26638810256000000   0.59787449682475288
 -0.26638010256000000   0.59787724064634143
 -0.26637210256000000   0.59787998148555407
 -0.26636410256000000   0.59788271936011122
 -0.26635610256000000   0.59788545429349182
 -0.26634810256000000   0.59788818631500577
 -0.26634010256000000   0.59789091545982652
 -0.26633210256000000   0.59789364176898383
 -0.26632410256000000   0.59789636528931625
 -0.26631610256000000   0.59789908607338323
 -0.26630810256000000   0.59790180417933790
 -0.26630010256000000   0.59790451967076048
 -0.26629210256000000   0.59790723261645354
 -0.26628410256000000   0.59790994309020060
 -0.26627610256000000   0.59791265117048911
 -0.26626810256000000   0.59791535694020004
 -0.26626010256000000   0.59791806048626543
 -0.26625210256000000   0.59792076189929678
 -0.26624410256000000   0.59792346127318624
 -0.26623610256000000   0.59792615870468311
 -0.26622810256000000   0.59792885429294889
 -0.26622010256000000   0.59793154813909329
 -0.26621210256000000   0.59793424034569440
 -0.26620410256000000   0.59793693101630648
 -0.26619610256000000   0.59793962025495791
 -0.26618810256000000   0.59794230816564359
 -0.26618010256000000   0.59794499485181431
 -0.26617210256000000   0.59794768041586706
 -0.26616410256000000   0.59795036495863967
 -0.26615610256000000   0.59795304857891279
 -0.26614810256000000   0.59795573137292336
 -0.26614010256000000   0.59795841343389236
 -0.26613210256000000   0.59796109485157041
 -0.26612410256000000   0.59796377571180444
 -0.26611610256000000   0.59796645609612844
 -0.26610810256000000   0.59796913608138145
 -0.26610010256000000   0.59797181573935555
 -0.26609210256000000   0.59797449513647629
 -0.26608410256000000   0.59797717433351857
 -0.26607610256000000   0.59797985338535963
 -0.26606810256000000   0.59798253234077149
 -0.26606010256000000   0.59798521124225463
 -0.26605210256000000   0.59798789012591415
 -0.26604410256000000   0.59799056902137986
 -0.26603610256000000   0.59799324795177103
 -0.26602810256000000   0.59799592693370653
 -0.26602010256000000   0.59799860597736020
 -0.26601210256000000   0.59800128508656209
 -0.26600410256000000   0.59800396425894431
 -0.26599610256000000   0.59800664348613109
 -0.26598810256000000   0.59800932275397211
 -0.26598010256000000   0.59801200204281708
 -0.26597210256000000   0.59801468132783023
 -0.26596410256000000   0.59801736057934224
 -0.26595610256000000   0.59802003976323712
 -0.26594810256000000   0.59802271884137146
 -0.26594010256000000   0.59802539777202302
 -0.26593210256000000   0.59802807651036459
 -0.26592410256000000   0.59803075500896085
 -0.26591610256000000   0.59803343321828299
 -0.26590810256000000   0.59803611108723857
 -0.26590010256000000   0.59803878856371106
 -0.26589210256000000   0.59804146559510621
 -0.26588410256000000   0.59804414212889999
 -0.26587610256000000   0.59804681811318439
 -0.26586810256000000   0.59804949349720622
 -0.26586010256000000   0.59805216823189537
 -0.26585210256000000   0.59805484227037757
 -0.26584410256000000   0.59805751556846813
 -0.26583610256000000   0.59806018808514256
 -0.26582810256000000   0.59806285978298022
 -0.26582010256000000   0.59806553062857769
 -0.26581210256000000   0.59806820059292874
 -0.26580410256000000   0.59807086965176707
 -0.26579610256000000   0.59807353778587054
 -0.26578810256000000   0.59807620498132318
 -0.26578010256000000   0.59807887122973370
 -0.26577210256000000   0.59808153652840871
 -0.26576410256000000   0.59808420088047913
 -0.26575610256000000   0.59808686429497907
 -0.26574810256000000   0.59808952678687651
 -0.26574010256000000   0.59809218837705560
 -0.26573210256000000   0.59809484909225078
 -0.26572410256000000   0.59809750896493320
 -0.26571610256000000   0.59810016803315050
 -0.26570810256000000   0.59810282634032116
 -0.26570010256000000   0.59810548393498484
 -0.26569210256000000   0.59810814087051090
 -0.26568410256000000   0.59811079720476733
 -0.26567610256000000   0.59811345299975236
 -0.26566810256000000   0.59811610832119178
 -0.26566010256000000   0.59811876323810508
 -0.26565210256000000   0.59812141782234346
 -0.26564410256000000   0.59812407214810325
 -0.26563610256000000   0.59812672629141873
 -0.26562810256000000   0.59812938032963783
 -0.26562010256000000   0.59813203434088472
 -0.26561210256000000   0.59813468840351362
 -0.26560410256000000   0.59813734259555764
 -0.26559610256000000   0.59813999699417723
 -0.26558810256000000   0.59814265167511237
 -0.26558010256000000   0.59814530671214237
 -0.26557210256000000   0.59814796217655841
 -0.26556410256000000   0.59815061813665192
 -0.26555610256000000   0.59815327465722375
 -0.26554810256000000   0.59815593179911775
 -0.26554010256000000   0.59815858961878261
 -0.26553210256000000   0.59816124816786569
 -0.26552410256000000   0.59816390749284240
 -0.26551610256000000   0.59816656763468437
 -0.26550810256000000   0.59816922862856931
 -0.26550010256000000   0.59817189050363533
 -0.26549210256000000   0.59817455328278244
 -0.26548410256000000   0.59817721698252272
 -0.26547610256000000   0.59817988161288180
 -0.26546810256000000   0.59818254717735193
 -0.26546010256000000   0.59818521367289856
 -0.26545210256000000   0.59818788109002065
 -0.26544410256000000   0.59819054941286471
 -0.26543610256000000   0.59819321861939260
 -0.26542810256000000   0.59819588868160206
 -0.26542010256000000   0.59819855956579911
 -0.26541210256000000   0.59820123123292068
 -0.26540410256000000   0.59820390363890509
 -0.26539610256000000   0.59820657673510855
 -0.26538810256000000   0.59820925046876423
 -0.26538010256000000   0.59821192478348108
 -0.26537210256000000   0.59821459961977856
 -0.26536410256000000   0.59821727491565356
 -0.26535610256000000   0.59821995060717488
 -0.26534810256000000   0.59822262662910135
 -0.26534010256000000   0.59822530291551822
 -0.26533210256000000   0.59822797940048731
 -0.26532410256000000   0.59823065601870560
 -0.26531610256000000   0.59823333270616742
 -0.26530810256000000   0.59823600940082448
 -0.26530010256000000   0.59823868604323891
 -0.26529210256000000   0.59824136257722404
 -0.26528410256000000   0.59824403895046772
 -0.26527610256000000   0.59824671511513305
 -0.26526810256000000   0.59824939102843220
 -0.26526010256000000   0.59825206665316802
 -0.26525210256000000   0.59825474195823992
 -0.26524410256000000   0.59825741691910902
 -0.26523610256000000   0.59826009151821981
 -0.26522810256000000   0.59826276574537417
 -0.26522010256000000   0.59826543959805526
 -0.26521210256000000   0.59826811308169821
 -0.26520410256000000   0.59827078620990594
 -0.26519610256000000   0.59827345900460781
 -0.26518810256000000   0.59827613149616004
 -0.26518010256000000   0.59827880372338689
 -0.26517210256000000   0.59828147573356236
 -0.26516410256000000   0.59828414758233174
 -0.26515610256000000   0.59828681933357409
 -0.26514810256000000   0.59828949105920596
 -0.26514010256000000   0.59829216283892789
 -0.26513210256000000   0.59829483475991471
 -0.26512410256000000   0.59829750691645240
 -0.26511610256000000   0.59830017940952306
 -0.26510810256000000   0.59830285234634122
 -0.26510010256000000   0.59830552583984394
 -0.26509210256000000   0.59830820000813848
 -0.26508410256000000   0.59831087497391064
 -0.26507610256000000   0.59831355086379798
 -0.26506810256000000   0.59831622780773142
 -0.26506010256000000   0.59831890593825024
 -0.26505210256000000   0.59832158538979399
 -0.26504410256000000   0.59832426629797673
 -0.26503610256000000   0.59832694879884763
 -0.26502810256000000   0.59832963302814348
 -0.26502010256000000   0.59833231912053747
 -0.26501210256000000   0.59833500720888940
 -0.26500410256000000   0.59833769742350269
 -0.26499610256000000   0.59834038989139288
 -0.26498810256000000   0.59834308473557264
 -0.26498010256000000   0.59834578207435859
 -0.26497210256000000   0.59834848202070479
 -0.26496410256000000   0.59835118468156752
 -0.26495610256000000   0.59835389015730602
 -0.26494810256000000   0.59835659854112422
 -0.26494010256000000   0.59835930991855725
 -0.26493210256000000   0.59836202436700681
 -0.26492410256000000   0.59836474195532967
 -0.26491610256000000   0.59836746274348243
 -0.26490810256000000   0.59837018678222575
 -0.26490010256000000   0.59837291411289105
 -0.26489210256000000   0.59837564476721172
 -0.26488410256000000   0.59837837876722116
 -0.26487610256000000   0.59838111612521901
 -0.26486810256000000   0.59838385684380616
 -0.26486010256000000   0.59838660091598982
 -0.26485210256000000   0.59838934832535793
 -0.26484410256000000   0.59839209904632210
 -0.26483610256000000   0.59839485304442910
 -0.26482810256000000   0.59839761027673740
 -0.26482010256000000   0.59840037069225802
 -0.26481210256000000   0.59840313423245568
 -0.26480410256000000   0.59840590083180757
 -0.26479610256000000   0.59840867041841522
 -0.26478810256000000   0.59841144291466537
 -0.26478010256000000   0.59841421823793464
 -0.26477210256000000   0.59841699630133268
 -0.26476410256000000   0.59841977701447813
 -0.26475610256000000   0.59842256028430100
 -0.26474810256000000   0.59842534601586525
 -0.26474010256000000   0.59842813411320482
 -0.26473210256000000   0.59843092448016614
 -0.26472410256000000   0.59843371702125043
 -0.26471610256000000   0.59843651164244835
 -0.26470810256000000   0.59843930825206047
 -0.26470010256000000   0.59844210676149610
 -0.26469210256000000   0.59844490708604440
 -0.26468410256000000   0.59844770914561023
 -0.26467610256000000   0.59845051286540933
 -0.26466810256000000   0.59845331817661639
 -0.26466010256000000   0.59845612501696019
 -0.26465210256000000   0.59845893333126143
 -0.26464410256000000   0.59846174307190709
 -0.26463610256000000   0.59846455419925899
 -0.26462810256000000   0.59846736668199083
 -0.26462010256000000   0.59847018049735233
 -0.26461210256000000   0.59847299563135663
 -0.26460410256000000   0.59847581207888977
 -0.26459610256000000   0.59847862984374068
 -0.26458810256000000   0.59848144893855065
 -0.26458010256000000   0.59848426938468281
 -0.26457210256000000   0.59848709121201131
 -0.26456410256000000   0.59848991445863210
 -0.26455610256000000   0.59849273917049622
 -0.26454810256000000   0.59849556540096834
 -0.26454010256000000   0.59849839321031329
 -0.26453210256000000   0.59850122266511357
 -0.26452410256000000   0.59850405383762210
 -0.26451610256000000   0.59850688680505403
 -0.26450810256000000   0.59850972164882303
 -0.26450010256000000   0.59851255845372641
 -0.26449210256000000   0.59851539730708538
 -0.26448410256000000   0.59851823829784602
 -0.26447610256000000   0.59852108151564723
 -0.26446810256000000   0.59852392704986250
 -0.26446010256000000   0.59852677498862203
 -0.26445210256000000   0.59852962541782254
 -0.26444410256000000   0.59853247842013175
 -0.26443610256000000   0.59853533407399539
 -0.26442810256000000   0.59853819245265402
 -0.26442010256000000   0.59854105362317702
 -0.26441210256000000   0.59854391764552209
 -0.26440410256000000   0.59854678457162720
 -0.26439610256000000   0.59854965444454295
 -0.26438810256000000   0.59855252729761265
 -0.26438010256000000   0.59855540315370724
 -0.26437210256000000   0.59855828202452229
 -0.26436410256000000   0.59856116390994373
 -0.26435610256000000   0.59856404879748834
 -0.26434810256000000   0.59856693666182552
 -0.26434010256000000   0.59856982746438500
 -0.26433210256000000   0.59857272115305613
 -0.26432410256000000   0.59857561766198248
 -0.26431610256000000   0.59857851691145538
 -0.26430810256000000   0.59858141880790965
 -0.26430010256000000   0.59858432324402291
 -0.26429210256000000   0.59858723009892043
 -0.26428410256000000   0.59859013923848518
 -0.26427610256000000   0.59859305051577301
 -0.26426810256000000   0.59859596377153134
 -0.26426010256000000   0.59859887883481854
 -0.26425210256000000   0.59860179552372145
 -0.26424410256000000   0.59860471364616568
 -0.26423610256000000   0.59860763300081443
 -0.26422810256000000   0.59861055337804870
 -0.26422010256000000   0.59861347456102281
 -0.26421210256000000   0.59861639632678681
 -0.26420410256000000   0.59861931844746751
 -0.26419610256000000   0.59862224069149897
 -0.26418810256000000   0.59862516282489264
 -0.26418010256000000   0.59862808461253707
 -0.26417210256000000   0.59863100581951657
 -0.26416410256000000   0.59863392621243814
 -0.26415610256000000   0.59863684556075545
 -0.26414810256000000   0.59863976363807941
 -0.26414010256000000   0.59864268022346399
 -0.26413210256000000   0.59864559510265689
 -0.26412410256000000   0.59864850806930481
 -0.26411610256000000   0.59865141892610304
 -0.26410810256000000   0.59865432748588054
 -0.26410010256000000   0.59865723357261116
 -0.26409210256000000   0.59866013702234341
 -0.26408410256000000   0.59866303768404112
 -0.26407610256000000   0.59866593542032856
 -0.26406810256000000   0.59866883010813472
 -0.26406010256000000   0.59867172163923146
 -0.26405210256000000   0.59867460992066214
 -0.26404410256000000   0.59867749487505799
 -0.26403610256000000   0.59868037644083973
 -0.26402810256000000   0.59868325457230432
 -0.26402010256000000   0.59868612923959601
 -0.26401210256000000   0.59868900042856303
 -0.26400410256000000   0.59869186814050157
 -0.26399610256000000   0.59869473239178947
 -0.26398810256000000   0.59869759321341299
 -0.26398010256000000   0.59870045065039097
 -0.26397210256000000   0.59870330476110057
 -0.26396410256000000   0.59870615561651087
 -0.26395610256000000   0.59870900329932917
 -0.26394810256000000   0.59871184790306781
 -0.26394010256000000   0.59871468953103701
 -0.26393210256000000   0.59871752829527261
 -0.26392410256000000   0.59872036431540533
 -0.26391610256000000   0.59872319771748040
 -0.26390810256000000   0.59872602863273550
 -0.26390010256000000   0.59872885719634591
 -0.26389210256000000   0.59873168354614565
 -0.26388410256000000   0.59873450782133347
 -0.26387610256000000   0.59873733016117274
 -0.26386810256000000   0.59874015070369489
 -0.26386010256000000   0.59874296958441468
 -0.26385210256000000   0.59874578693506734
 -0.26384410256000000   0.59874860288237625
 -0.26383610256000000   0.59875141754686012
 -0.26382810256000000   0.59875423104168871
 -0.26382010256000000   0.59875704347159564
 -0.26381210256000000   0.59875985493185686
 -0.26380410256000000   0.59876266550734231
 -0.26379610256000000   0.59876547527164929
 -0.26378810256000000   0.59876828428632431
 -0.26378010256000000   0.59877109260018009
 -0.26377210256000000   0.59877390024871456
 -0.26376410256000000   0.59877670725363693
 -0.26375610256000000   0.59877951362250591
 -0.26374810256000000   0.59878231934848443
 -0.26374010256000000   0.59878512441021419
 -0.26373210256000000   0.59878792877181241
 -0.26372410256000000   0.59879073238299247
 -0.26371610256000000   0.59879353517930908
 -0.26370810256000000   0.59879633708252761
 -0.26370010256000000   0.59879913800111605
 -0.26369210256000000   0.59880193783085713
 -0.26368410256000000   0.59880473645557699
 -0.26367610256000000   0.59880753374798595
 -0.26366810256000000   0.59881032957062528
 -0.26366010256000000   0.59881312377691367
 -0.26365210256000000   0.59881591621228517
 -0.26364410256000000   0.59881870671541053
 -0.26363610256000000   0.59882149511949183
 -0.26362810256000000   0.59882428125362063
 -0.26362010256000000   0.59882706494418803
 -0.26361210256000000   0.59882984601633604
 -0.26360410256000000   0.59883262429543696
 -0.26359610256000000   0.59883539960858976
 -0.26358810256000000   0.59883817178611990
 -0.26358010256000000   0.59884094066307045
 -0.26357210256000000   0.59884370608067179
 -0.26356410256000000   0.59884646788777755
 -0.26355610256000000   0.59884922594225459
 -0.26354810256000000   0.59885198011231569
 -0.26354010256000000   0.59885473027778318
 -0.26353210256000000   0.59885747633127414
 -0.26352410256000000   0.59886021817929639
 -0.26351610256000000   0.59886295574324705
 -0.26350810256000000   0.59886568896030548
 -0.26350010256000000   0.59886841778421396
 -0.26349210256000000   0.59887114218593926
 -0.26348410256000000   0.59887386215421119
 -0.26347610256000000   0.59887657769593318
 -0.26346810256000000   0.59887928883646288
 -0.26346010256000000   0.59888199561975999
 -0.26345210256000000   0.59888469810840118
 -0.26344410256000000   0.59888739638346179
 -0.26343610256000000   0.59889009054426542
 -0.26342810256000000   0.59889278070800355
 -0.26342010256000000   0.59889546700922743
 -0.26341210256000000   0.59889814959921648
 -0.26340410256000000   0.59890082864522691
 -0.26339610256000000   0.59890350432962602
 -0.26338810256000000   0.59890617684891735
 -0.26338010256000000   0.59890884641266327
 -0.26337210256000000   0.59891151324231149
 -0.26336410256000000   0.59891417756993277
 -0.26335610256000000   0.59891683963687755
 -0.26334810256000000   0.59891949969235943
 -0.26334010256000000   0.59892215799197410
 -0.26333210256000000   0.59892481479616233
 -0.26332410256000000   0.59892747036862624
 -0.26331610256000000   0.59893012497470826
 -0.26330810256000000   0.59893277887974229
 -0.26330010256000000   0.59893543234738720
 -0.26329210256000000   0.59893808563795259
 -0.26328410256000000   0.59894073900672756
 -0.26327610256000000   0.59894339270232247
 -0.26326810256000000   0.59894604696503516
 -0.26326010256000000   0.59894870202525185
 -0.26325210256000000   0.59895135810189403
 -0.26324410256000000   0.59895401540092245
 -0.26323610256000000   0.59895667411390898
 -0.26322810256000000   0.59895933441668755
 -0.26322010256000000   0.59896199646809503
 -0.26321210256000000   0.59896466040881255
 -0.26320410256000000   0.59896732636031789
 -0.26319610256000000   0.59896999442395904
 -0.26318810256000000   0.59897266468015786
 -0.26318010256000000   0.59897533718775378
 -0.26317210256000000   0.59897801198349493
 -0.26316410256000000   0.59898068908168446
 -0.26315610256000000   0.59898336847398860
 -0.26314810256000000   0.59898605012941161
 -0.26314010256000000   0.59898873399444211
 -0.26313210256000000   0.59899141999337328
 -0.26312410256000000   0.59899410802879855
 -0.26311610256000000   0.59899679798228313
 -0.26310810256000000   0.59899948971520887
 -0.26310010256000000   0.59900218306979004
 -0.26309210256000000   0.59900487787025445
 -0.26308410256000000   0.59900757392418346
 -0.26307610256000000   0.59901027102400244
 -0.26306810256000000   0.59901296894861177
 -0.26306010256000000   0.59901566746514640
 -0.26305210256000000   0.59901836633085108
 -0.26304410256000000   0.59902106529505672
 -0.26303610256000000   0.59902376410124179
 -0.26302810256000000   0.59902646248916207
 -0.26302010256000000   0.59902916019703118
 -0.26301210256000000   0.59903185696373263
 -0.26300410256000000   0.59903455253104540
 -0.26299610256000000   0.59903724664586270
 -0.26298810256000000   0.59903993906238588
 -0.26298010256000000   0.59904262954427320
 -0.26297210256000000   0.59904531786672542
 -0.26296410256000000   0.59904800381849034
 -0.26295610256000000   0.59905068720376858
 -0.26294810256000000   0.59905336784400477
 -0.26294010256000000   0.59905604557954923
 -0.26293210256000000   0.59905872027117593
 -0.26292410256000000   0.59906139180144553
 -0.26291610256000000   0.59906406007590147
 -0.26290810256000000   0.59906672502409123
 -0.26290010256000000   0.59906938660040465
 -0.26289210256000000   0.59907204478472316
 -0.26288410256000000   0.59907469958287676
 -0.26287610256000000   0.59907735102690468
 -0.26286810256000000   0.59907999917512013
 -0.26286010256000000   0.59908264411197803
 -0.26285210256000000   0.59908528594774876
 -0.26284410256000000   0.59908792481800009
 -0.26283610256000000   0.59909056088289194
 -0.26282810256000000   0.59909319432628930
 -0.26282010256000000   0.59909582535469950
 -0.26281210256000000   0.59909845419604142
 -0.26280410256000000   0.59910108109825436
 -0.26279610256000000   0.59910370632775565
 -0.26278810256000000   0.59910633016775641
 -0.26278010256000000   0.59910895291644580
 -0.26277210256000000   0.59911157488505377
 -0.26276410256000000   0.59911419639580459
 -0.26275610256000000   0.59911681777977150
 -0.26274810256000000   0.59911943937464591
 -0.26274010256000000   0.59912206152243268
 -0.26273210256000000   0.59912468456708530
 -0.26272410256000000   0.59912730885209417
 -0.26271610256000000   0.59912993471804177
 -0.26270810256000000   0.59913256250013977
 -0.26270010256000000   0.59913519252576261
 -0.26269210256000000   0.59913782511199297
 -0.26268410256000000   0.59914046056319547
 -0.26267610256000000   0.59914309916863492
 -0.26266810256000000   0.59914574120015557
 -0.26266010256000000   0.59914838690993933
 -0.26265210256000000   0.59915103652836006
 -0.26264410256000000   0.59915369026195213
 -0.26263610256000000   0.59915634829151108
 -0.26262810256000000   0.59915901077034453
 -0.26262010256000000   0.59916167782269124
 -0.26261210256000000   0.59916434954232574
 -0.26260410256000000   0.59916702599136593
 -0.26259610256000000   0.59916970719929941
 -0.26258810256000000   0.59917239316224434
 -0.26258010256000000   0.59917508384245834
 -0.26257210256000000   0.59917777916810856
 -0.26256410256000000   0.59918047903331274
 -0.26255610256000000   0.59918318329846063
 -0.26254810256000000   0.59918589179082155
 -0.26254010256000000   0.59918860430544179
 -0.26253210256000000   0.59919132060633299
 -0.26252410256000000   0.59919404042794894
 -0.26251610256000000   0.59919676347694596
 -0.26250810256000000   0.59919948943421785
 -0.26250010256000000   0.59920221795719416
 -0.26249210256000000   0.59920494868238644
 -0.26248410256000000   0.59920768122816439
 -0.26247610256000000   0.59921041519774059
 -0.26246810256000000   0.59921315018233971
 -0.26246010256000000   0.59921588576452605
 -0.26245210256000000   0.59921862152165979
 -0.26244410256000000   0.59922135702945188
 -0.26243610256000000   0.59922409186558513
 -0.26242810256000000   0.59922682561336844
 -0.26242010256000000   0.59922955786539009
 -0.26241210256000000   0.59923228822713712
 -0.26240410256000000   0.59923501632054639
 -0.26239610256000000   0.59923774178745568
 -0.26238810256000000   0.59924046429292327
 -0.26238010256000000   0.59924318352838625
 -0.26237210256000000   0.59924589921463071
 -0.26236410256000000   0.59924861110454824
 -0.26235610256000000   0.59925131898565637
 -0.26234810256000000   0.59925402268236329
 -0.26234010256000000   0.59925672205796008
 -0.26233210256000000   0.59925941701632643
 -0.26232410256000000   0.59926210750333914
 -0.26231610256000000   0.59926479350797540
 -0.26230810256000000   0.59926747506310532
 -0.26230010256000000   0.59927015224597176
 -0.26229210256000000   0.59927282517835674
 -0.26228410256000000   0.59927549402643670
 -0.26227610256000000   0.59927815900033098
 -0.26226810256000000   0.59928082035334902
 -0.26226010256000000   0.59928347838094383
 -0.26225210256000000   0.59928613341938007
 -0.26224410256000000   0.59928878584412656
 -0.26223610256000000   0.59929143606798360
 -0.26222810256000000   0.59929408453895604
 -0.26222010256000000   0.59929673173788354
 -0.26221210256000000   0.59929937817584014
 -0.26220410256000000   0.59930202439131460
 -0.26219610256000000   0.59930467094718478
 -0.26218810256000000   0.59930731842749743
 -0.26218010256000000   0.59930996743406694
 -0.26217210256000000   0.59931261858290573
 -0.26216410256000000   0.59931527250049939
 -0.26215610256000000   0.59931792981994119
 -0.26214810256000000   0.59932059117693983
 -0.26214010256000000   0.59932325720571625
 -0.26213210256000000   0.59932592853480621
 -0.26212410256000000   0.59932860578278604
 -0.26211610256000000   0.59933128955394131
 -0.26210810256000000   0.59933398043389939
 -0.26210010256000000   0.59933667898524885
 -0.26209210256000000   0.59933938574317102
 -0.26208410256000000   0.59934210121111083
 -0.26207610256000000   0.59934482585651687
 -0.26206810256000000   0.59934756010668310
 -0.26206010256000000   0.59935030434472606
 -0.26205210256000000   0.59935305890573526
 -0.26204410256000000   0.59935582407313509
 -0.26203610256000000   0.59935860007529953
 -0.26202810256000000   0.59936138708246141
 -0.26202010256000000   0.59936418520396013
 -0.26201210256000000   0.59936699448587106
 -0.26200410256000000   0.59936981490905974
 -0.26199610256000000   0.59937264638770389
 -0.26198810256000000   0.59937548876832292
 -0.26198010256000000   0.59937834182935264
 -0.26197210256000000   0.59938120528129860
 -0.26196410256000000   0.59938407876749707
 -0.26195610256000000   0.59938696186550620
 -0.26194810256000000   0.59938985408914361
 -0.26194010256000000   0.59939275489117899
 -0.26193210256000000   0.59939566366668113
 -0.26192410256000000   0.59939857975701137
 -0.26191610256000000   0.59940150245444388
 -0.26190810256000000   0.59940443100738575
 -0.26190010256000000   0.59940736462615837
 -0.26189210256000000   0.59941030248929391
 -0.26188410256000000   0.59941324375029006
 -0.26187610256000000   0.59941618754476021
 -0.26186810256000000   0.59941913299790724
 -0.26186010256000000   0.59942207923224476
 -0.26185210256000000   0.59942502537548401
 -0.26184410256000000   0.59942797056850316
 -0.26183610256000000   0.59943091397331184
 -0.26182810256000000   0.59943385478092772
 -0.26182010256000000   0.59943679221907981
 -0.26181210256000000   0.59943972555965979
 -0.26180410256000000   0.59944265412584522
 -0.26179610256000000   0.59944557729882607
 -0.26178810256000000   0.59944849452407198
 -0.26178010256000000   0.59945140531708583
 -0.26177210256000000   0.59945430926859784
 -0.26176410256000000   0.59945720604916263
 -0.26175610256000000   0.59946009541313060
 -0.26174810256000000   0.59946297720197331
 -0.26174010256000000   0.59946585134695072
 -0.26173210256000000   0.59946871787111577
 -0.26172410256000000   0.59947157689065763
 -0.26171610256000000   0.59947442861559189
 -0.26170810256000000   0.59947727334981000
 -0.26170010256000000   0.59948011149050345
 -0.26169210256000000   0.59948294352698263
 -0.26168410256000000   0.59948577003890959
 -0.26167610256000000   0.59948859169396668
 -0.26166810256000000   0.59949140924498131
 -0.26166010256000000   0.59949422352652633
 -0.26165210256000000   0.59949703545101414
 -0.26164410256000000   0.59949984600429958
 -0.26163610256000000   0.59950265624080382
 -0.26162810256000000   0.59950546727816901
 -0.26162010256000000   0.59950828029144887
 -0.26161210256000000   0.59951109650683905
 -0.26160410256000000   0.59951391719494547
 -0.26159610256000000   0.59951674366358915
 -0.26158810256000000   0.59951957725014170
 -0.26158010256000000   0.59952241931338562
 -0.26157210256000000   0.59952527122489303
 -0.26156410256000000   0.59952813435991760
 -0.26155610256000000   0.59953101008779578
 -0.26154810256000000   0.59953389976185936
 -0.26154010256000000   0.59953680470886474
 -0.26153210256000000   0.59953972621795344
 -0.26152410256000000   0.59954266552916746
 -0.26151610256000000   0.59954562382155476
 -0.26150810256000000   0.59954860220091434
 -0.26150010256000000   0.59955160168724668
 -0.26149210256000000   0.59955462320199266
 -0.26148410256000000   0.59955766755516530
 -0.26147610256000000   0.59956073543249936
 -0.26146810256000000   0.59956382738276665
 -0.26146010256000000   0.59956694380542781
 -0.26145210256000000   0.59957008493881375
 -0.26144410256000000   0.59957325084905183
 -0.26143610256000000   0.59957644141996911
 -0.26142810256000000   0.59957965634422244
 -0.26142010256000000   0.59958289511591300
 -0.26141210256000000   0.59958615702494888
 -0.26140410256000000   0.59958944115341517
 -0.26139610256000000   0.59959274637419964
 -0.26138810256000000   0.59959607135209970
 -0.26138010256000000   0.59959941454760815
 -0.26137210256000000   0.59960277422353082
 -0.26136410256000000   0.59960614845454173
 -0.26135610256000000   0.59960953513972103
 -0.26134810256000000   0.59961293201805506
 -0.26134010256000000   0.59961633668680815
 -0.26133210256000000   0.59961974662260227
 -0.26132410256000000   0.59962315920496856
 -0.26131610256000000   0.59962657174206732
 -0.26130810256000000   0.59962998149821169
 -0.26130010256000000   0.59963338572278042
 -0.26129210256000000   0.59963678168006680
 -0.26128410256000000   0.59964016667958910
 -0.26127610256000000   0.59964353810638086
 -0.26126810256000000   0.59964689345079031
 -0.26126010256000000   0.59965023033734394
 -0.26125210256000000   0.59965354655227285
 -0.26124410256000000   0.59965684006935251
 -0.26123610256000000   0.59966010907377444
 -0.26122810256000000   0.59966335198383890
 -0.26122010256000000   0.59966656747033508
 -0.26121210256000000   0.59966975447355385
 -0.26120410256000000   0.59967291221795183
 -0.26119610256000000   0.59967604022455942
 -0.26118810256000000   0.59967913832128777
 -0.26118010256000000   0.59968220665134703
 -0.26117210256000000   0.59968524568003571
 -0.26116410256000000   0.59968825620019704
 -0.26115610256000000   0.59969123933666702
 -0.26114810256000000   0.59969419655005713
 -0.26114010256000000   0.59969712964022427
 -0.26113210256000000   0.59970004074978298
 -0.26112410256000000   0.59970293236801063
 -0.26111610256000000   0.59970580733548627
 -0.26110810256000000   0.59970866884978754
 -0.26110010256000000   0.59971152047255149
 -0.26109210256000000   0.59971436613817872
 -0.26108410256000000   0.59971721016443177
 -0.26107610256000000   0.59972005726514100
 -0.26106810256000000   0.59972291256518784
 -0.26106010256000000   0.59972578161787907
 -0.26105210256000000   0.59972867042475405
 -0.26104410256000000   0.59973158545777700
 -0.26103610256000000   0.59973453368374485
 -0.26102810256000000   0.59973752259058483
 -0.26102010256000000   0.59974056021500911
 -0.26101210256000000   0.59974365517072196
 -0.26100410256000000   0.59974681667602077
 -0.26099610256000000   0.59975005457917099
 -0.26098810256000000   0.59975337937934446
 -0.26098010256000000   0.59975680224015740
 -0.26097210256000000   0.59976033499190321
 -0.26096410256000000   0.59976399011741524
 -0.26095610256000000   0.59976778071510246
 -0.26094810256000000   0.59977172043107744
 -0.26094010256000000   0.59977582335048678
 -0.26093210256000000   0.59978010383626322
 -0.26092410256000000   0.59978457630175452
 -0.26091610256000000   0.59978925490239201
 -0.26090810256000000   0.59979415313127690
 -0.26090010256000000   0.59979928330504631
 -0.26089210256000000   0.59980465593061647
 -0.26088410256000000   0.59981027895152860
 -0.26087610256000000   0.59981615688573462
 -0.26086810256000000   0.59982228988541072
 -0.26086010256000000   0.59982867277341171
 -0.26085210256000000   0.59983529413816374
 -0.26084410256000000   0.59984213559464230
 -0.26083610256000000   0.59984917133661457
 -0.26082810256000000   0.59985636810599904
 -0.26082010256000000   0.59986368568123951
 -0.26081210256000000   0.59987107793452203
 -0.26080410256000000   0.59987849443169886
 -0.26079610256000000   0.59988588246233044
 -0.26078810256000000   0.59989318931055680
 -0.26078010256000000   0.59990036453141840
 -0.26077210256000000   0.59990736199539008
 -0.26076410256000000   0.59991414150698273
 -0.26075610256000000   0.59992066987878339
 -0.26074810256000000   0.59992692142961779
 -0.26074010256000000   0.59993287795379135
 -0.26073210256000000   0.59993852826315764
 -0.26072410256000000   0.59994386742994072
 -0.26071610256000000   0.59994889585877854
 -0.26070810256000000   0.59995361829911029
 -0.26070010256000000   0.59995804288261717
 -0.26069210256000000   0.59996218024231449
 -0.26068410256000000   0.59996604274489946
 -0.26067610256000000   0.59996964384840450
 -0.26066810256000000   0.59997299758353570
 -0.26066010256000000   0.59997611814863499
 -0.26065210256000000   0.59997901960384781
 -0.26064410256000000   0.59998171564861017
 -0.26063610256000000   0.59998421946694433
 -0.26062810256000000   0.59998654362647139
 -0.26062010256000000   0.59998870001894521
 -0.26061210256000000   0.59999069983212382
 -0.26060410256000000   0.59999255354470695
 -0.26059610256000000   0.59999427093777156
 -0.26058810256000000   0.59999586111759204
 -0.26058010256000000   0.59999733254593357
 -0.26057210256000000   0.59999869307487827
 -0.26056410256000000   0.59999994998401205
 -0.26055610256000000   0.60000111001840041
 -0.26054810256000000   0.60000217942624159
 -0.26054010256000000   0.60000316399543509
 -0.26053210256000000   0.60000406908856635
 -0.26052410256000000   0.60000489967600130
 -0.26051610256000000   0.60000566036692633
 -0.26050810256000000   0.60000635543827054
 -0.26050010256000000   0.60000698886151766
 -0.26049210256000000   0.60000756432746428
 -0.26048410256000000   0.60000808526901208
 -0.26047610256000000   0.60000855488210137
 -0.26046810256000000   0.60000897614490427
 -0.26046010256000000   0.60000935183539945
 -0.26045210256000000   0.60000968454745072
 -0.26044410256000000   0.60000997670550848
 -0.26043610256000000   0.60001023057804774
 -0.26042810256000000   0.60001044828985054
 -0.26042010256000000   0.60001063183323327
 -0.26041210256000000   0.60001078307831242
 -0.26040410256000000   0.60001090378239494
 -0.26039610256000000   0.60001099559857260
 -0.26038810256000000   0.60001106008359274
 -0.26038010256000000   0.60001109870507180
 -0.26037210256000000   0.60001111284811167
 -0.26036410256000000   0.60001110382137413
 -0.26035610256000000   0.60001107286266272
 -0.26034810256000000   0.60001102114405757
 -0.26034010256000000   0.60001094977664401
 -0.26033210256000000   0.60001085981487209
 -0.26032410256000000   0.60001075226058066
 -0.26031610256000000   0.60001062806671665
 -0.26030810256000000   0.60001048814077681
 -0.26030010256000000   0.60001033334799752
 -0.26029210256000000   0.60001016451431464
 -0.26028410256000000   0.60000998242911495
 -0.26027610256000000   0.60000978784779697
 -0.26026810256000000   0.60000958149415877
 -0.26026010256000000   0.60000936406262820
 -0.26025210256000000   0.60000913622034920
 -0.26024410256000000   0.60000889860913762
 -0.26023610256000000   0.60000865184731784
 -0.26022810256000000   0.60000839653145111
 -0.26022010256000000   0.60000813323796538
 -0.26021210256000000   0.60000786252469546
 -0.26020410256000000   0.60000758493234213
 -0.26019610256000000   0.60000730098585729
 -0.26018810256000000   0.60000701119576269
 -0.26018010256000000   0.60000671605940837
 -0.26017210256000000   0.60000641606217686
 -0.26016410256000000   0.60000611167863901
 -0.26015610256000000   0.60000580337366625
 -0.26014810256000000   0.60000549160350454
 -0.26014010256000000   0.60000517681681445
 -0.26013210256000000   0.60000485945568169
 -0.26012410256000000   0.60000453995660236
 -0.26011610256000000   0.60000421875144671
 -0.26010810256000000   0.60000389626840533
 -0.26010010256000000   0.60000357293292126
 -0.26009210256000000   0.60000324916861190
 -0.26008410256000000   0.60000292539818376
 -0.26007610256000000   0.60000260204434381
 -0.26006810256000000   0.60000227953071085
 -0.26006010256000000   0.60000195828272992
 -0.26005210256000000   0.60000163872859379
 -0.26004410256000000   0.60000132130017430
 -0.26003610256000000   0.60000100643396780
 -0.26002810256000000   0.60000069457205769
 -0.26002010256000000   0.60000038616309848
 -0.26001210256000000   0.60000008166332451
 -0.26000410256000000   0.59999978153758838
 -0.25999610256000000   0.59999948626043244
 -0.25998810256000000   0.59999919631719880
 -0.25998010256000000   0.59999891220518196
 -0.25997210256000000   0.59999863443482984
 -0.25996410256000000   0.59999836353099826
 -0.25995610256000000   0.59999810003426537
 -0.25994810256000000   0.59999784450231175
 -0.25994010256000000   0.59999759751137388
 -0.25993210256000000   0.59999735965777786
 -0.25992410256000000   0.59999713155956200
 -0.25991610256000000   0.59999691385819685
 -0.25990810256000000   0.59999670722041243
 -0.25990010256000000   0.59999651234014344
 -0.25989210256000000   0.59999632994060371
 -0.25988410256000000   0.59999616077650269
 -0.25987610256000000   0.59999600563641789
 -0.25986810256000000   0.59999586534533848
 -0.25986010256000000   0.59999574076739675
 -0.25985210256000000   0.59999563280880582
 -0.25984410256000000   0.59999554242102412
 -0.25983610256000000   0.59999547060416850
 -0.25982810256000000   0.59999541841070092
 -0.25982010256000000   0.59999538694941584
 -0.25981210256000000   0.59999537738975772
 -0.25980410256000000   0.59999539096650228
 -0.25979610256000000   0.59999542898483722
 -0.25978810256000000   0.59999549282588271
 -0.25978010256000000   0.59999558395269583
 -0.25977210256000000   0.59999570391680740
 -0.25976410256000000   0.59999585436534455
 -0.25975610256000000   0.59999603704879770
 -0.25974810256000000   0.59999625382949657
 -0.25974010256000000   0.59999650669086482
 -0.25973210256000000   0.59999679774753074
 -0.25972410256000000   0.59999712925637654
 -0.25971610256000000   0.59999750362861659
 -0.25970810256000000   0.59999792344300090
 -0.25970010256000000   0.59999839146024657
 -0.25969210256000000   0.59999891063880570
 -0.25968410256000000   0.59999948415208188
 -0.25967610256000000   0.60000011540720969
 -0.25966810256000000   0.60000080806551059
 -0.25966010256000000   0.60000156606473265
 -0.25965210256000000   0.60000239364316898
 -0.25964410256000000   0.60000329536572901
 -0.25963610256000000   0.60000427615200164
 -0.25962810256000000   0.60000534130629961
 -0.25962010256000000   0.60000649654959898
 -0.25961210256000000   0.60000774805318462
 -0.25960410256000000   0.60000910247366687
 -0.25959610256000000   0.60001056698883813
 -0.25958810256000000   0.60001214933357257
 -0.25958010256000000   0.60001385783462010
 -0.25957210256000000   0.60001570144268370
 -0.25956410256000000   0.60001768975957134
 -0.25955610256000000   0.60001983305744813
 -0.25954810256000000   0.60002214228625623
 -0.25954010256000000   0.60002462906418481
 -0.25953210256000000   0.60002730564465097
 -0.25952410256000000   0.60003018485159716
 -0.25951610256000000   0.60003327997307093
 -0.25950810256000000   0.60003660460114509
 -0.25950010256000000   0.60004017240448054
 -0.25949210256000000   0.60004399681860210
 -0.25948410256000000   0.60004809063880994
 -0.25947610256000000   0.60005246550238562
 -0.25946810256000000   0.60005713125138033
 -0.25946010256000000   0.60006209517594822
 -0.25945210256000000   0.60006736115195805
 -0.25944410256000000   0.60007292870602086
 -0.25943610256000000   0.60007879206551500
 -0.25942810256000000   0.60008493927822301
 -0.25942010256000000   0.60009135151094096
 -0.25941210256000000   0.60009800265163511
 -0.25940410256000000   0.60010485933692948
 -0.25939610256000000   0.60011188149878291
 -0.25938810256000000   0.60011902346889163
 -0.25938010256000000   0.60012623560237486
 -0.25937210256000000   0.60013346629822601
 -0.25936410256000000   0.60014066422313189
 -0.25935610256000000   0.60014778050706449
 -0.25934810256000000   0.60015477068470095
 -0.25934010255999999   0.60016159620449019
 -0.25933210255999999   0.60016822540314714
 -0.25932410255999999   0.60017463392714863
 -0.25931610255999999   0.60018080465515263
 -0.25930810255999999   0.60018672722379946
 -0.25930010255999999   0.60019239728058355
 -0.25929210255999999   0.60019781558520730
 -0.25928410255999999   0.60020298706274967
 -0.25927610255999999   0.60020791988637136
 -0.25926810255999999   0.60021262464078258
 -0.25926010255999999   0.60021711359453550
 -0.25925210255999999   0.60022140009128387
 -0.25924410255999999   0.60022549805774439
 -0.25923610255999999   0.60022942161849895
 -0.25922810255999999   0.60023318480391390
 -0.25922010255999999   0.60023680133620400
 -0.25921210255999999   0.60024028447908470
 -0.25920410255999999   0.60024364693780770
 -0.25919610255999999   0.60024690079814996
 -0.25918810255999999   0.60025005749479982
 -0.25918010255999999   0.60025312780136072
 -0.25917210255999999   0.60025612183577761
 -0.25916410255999999   0.60025904907634448
 -0.25915610255999999   0.60026191838457317
 -0.25914810255999999   0.60026473803211230
 -0.25914010255999999   0.60026751572962881
 -0.25913210255999999   0.60027025865612987
 -0.25912410255999999   0.60027297348764391
 -0.25911610255999999   0.60027566642451541
 -0.25910810255999999   0.60027834321682459
 -0.25910010255999999   0.60028100918763752
 -0.25909210255999999   0.60028366925393780
 -0.25908410255999999   0.60028632794520090
 -0.25907610255999999   0.60028898941965536
 -0.25906810255999999   0.60029165747833640
 -0.25906010255999999   0.60029433557708722
 -0.25905210255999999   0.60029702683669860
 -0.25904410255999999   0.60029973405140752
 -0.25903610255999999   0.60030245969599898
 -0.25902810255999999   0.60030520593177298
 -0.25902010255999999   0.60030797461165399
 -0.25901210255999999   0.60031076728473068
 -0.25900410255999999   0.60031358520052091
 -0.25899610255999999   0.60031642931325977
 -0.25898810255999999   0.60031930028650558
 -0.25898010255999999   0.60032219849835251
 -0.25897210255999999   0.60032512404752358
 -0.25896410255999999   0.60032807676059783
 -0.25895610255999999   0.60033105620059882
 -0.25894810255999999   0.60033406167713551
 -0.25894010255999999   0.60033709225824697
 -0.25893210255999999   0.60034014678405332
 -0.25892410255999999   0.60034322388226182
 -0.25891610255999999   0.60034632198552166
 -0.25890810255999999   0.60034943935055902
 -0.25890010255999999   0.60035257407896588
 -0.25889210255999999   0.60035572413945780
 -0.25888410255999999   0.60035888739136143
 -0.25887610255999999   0.60036206160904758
 -0.25886810255999999   0.60036524450698432
 -0.25886010255999999   0.60036843376505949
 -0.25885210255999999   0.60037162705380231
 -0.25884410255999999   0.60037482205913256
 -0.25883610255999999   0.60037801650627043
 -0.25882810255999999   0.60038120818246213
 -0.25882010255999999   0.60038439495820608
 -0.25881210255999999   0.60038757480670326
 -0.25880410255999999   0.60039074582130266
 -0.25879610255999999   0.60039390623076453
 -0.25878810255999999   0.60039705441221719
 -0.25878010255999999   0.60040018890173929
 -0.25877210255999999   0.60040330840255092
 -0.25876410255999999   0.60040641179084693
 -0.25875610255999999   0.60040949811935027
 -0.25874810255999999   0.60041256661870008
 -0.25874010255999999   0.60041561669682194
 -0.25873210255999999   0.60041864793645042
 -0.25872410255999999   0.60042166009099137
 -0.25871610255999999   0.60042465307892140
 -0.25870810255999999   0.60042762697692556
 -0.25870010255999999   0.60043058201197226
 -0.25869210255999999   0.60043351855251826
 -0.25868410255999999   0.60043643709902599
 -0.25867610255999999   0.60043933827396250
 -0.25866810255999999   0.60044222281143396
 -0.25866010255999999   0.60044509154659351
 -0.25865210255999999   0.60044794540494274
 -0.25864410255999999   0.60045078539163136
 -0.25863610255999999   0.60045361258084188
 -0.25862810255999999   0.60045642810533197
 -0.25862010255999999   0.60045923314619231
 -0.25861210255999999   0.60046202892286564
 -0.25860410255999999   0.60046481668346091
 -0.25859610255999999   0.60046759769538817
 -0.25858810255999999   0.60047037323632982
 -0.25858010255999999   0.60047314458556003
 -0.25857210255999999   0.60047591301561769
 -0.25856410255999999   0.60047867978433497
 -0.25855610255999999   0.60048144612722243
 -0.25854810255999999   0.60048421325020945
 -0.25854010255999999   0.60048698232273946
 -0.25853210255999999   0.60048975447122027
 -0.25852410255999999   0.60049253077283171
 -0.25851610255999999   0.60049531224969362
 -0.25850810255999999   0.60049809986340256
 -0.25850010255999999   0.60050089450994515
 -0.25849210255999999   0.60050369701500220
 -0.25848410255999999   0.60050650812965820
 -0.25847610255999999   0.60050932852653546
 -0.25846810255999999   0.60051215879637382
 -0.25846010255999999   0.60051499944507886
 -0.25845210255999999   0.60051785089126389
 -0.25844410255999999   0.60052071346431095
 -0.25843610255999999   0.60052358740297690
 -0.25842810255999999   0.60052647285456899
 -0.25842010255999999   0.60052936987471359
 -0.25841210255999999   0.60053227842773817
 -0.25840410255999999   0.60053519838768323
 -0.25839610255999999   0.60053812953995605
 -0.25838810255999999   0.60054107158363233
 -0.25838010255999999   0.60054402413440542
 -0.25837210255999999   0.60054698672817529
 -0.25836410255999999   0.60054995882526168
 -0.25835610255999999   0.60055293981521688
 -0.25834810255999999   0.60055592902220604
 -0.25834010255999999   0.60055892571091334
 -0.25833210255999999   0.60056192909292403
 -0.25832410255999999   0.60056493833352567
 -0.25831610255999999   0.60056795255886244
 -0.25830810255999999   0.60057097086337257
 -0.25830010255999999   0.60057399231743223
 -0.25829210255999999   0.60057701597512544
 -0.25828410255999999   0.60058004088205858
 -0.25827610255999999   0.60058306608313475
 -0.25826810255999999   0.60058609063020690
 -0.25826010255999999   0.60058911358952773
 -0.25825210255999999   0.60059213404892077
 -0.25824410255999999   0.60059515112460002
 -0.25823610255999999   0.60059816396757364
 -0.25822810255999999   0.60060117176957207
 -0.25822010255999999   0.60060417376845243
 -0.25821210255999999   0.60060716925303598
 -0.25820410255999999   0.60061015756734814
 -0.25819610255999999   0.60061313811423677
 -0.25818810255999999   0.60061611035835566
 -0.25818010255999999   0.60061907382850815
 -0.25817210255999999   0.60062202811935417
 -0.25816410255999999   0.60062497289249192
 -0.25815610255999999   0.60062790787693245
 -0.25814810255999999   0.60063083286899124
 -0.25814010255999999   0.60063374773162671
 -0.25813210255999999   0.60063665239325928
 -0.25812410255999999   0.60063954684610820
 -0.25811610255999999   0.60064243114408628
 -0.25810810255999999   0.60064530540029366
 -0.25810010255999999   0.60064816978415285
 -0.25809210255999999   0.60065102451822788
 -0.25808410255999999   0.60065386987476904
 -0.25807610255999999   0.60065670617202471
 -0.25806810255999999   0.60065953377035964
 -0.25806010255999999   0.60066235306821765
 -0.25805210255999999   0.60066516449796460
 -0.25804410255999999   0.60066796852164583
 -0.25803610255999999   0.60067076562668918
 -0.25802810255999999   0.60067355632158330
 -0.25802010255999999   0.60067634113155851
 -0.25801210255999999   0.60067912059429527
 -0.25800410255999999   0.60068189525568337
 -0.25799610255999999   0.60068466566565332
 -0.25798810255999999   0.60068743237409983
 -0.25798010255999999   0.60069019592691516
 -0.25797210255999999   0.60069295686215000
 -0.25796410255999999   0.60069571570631694
 -0.25795610255999999   0.60069847297085246
 -0.25794810255999999   0.60070122914875039
 -0.25794010255999999   0.60070398471138081
 -0.25793210255999999   0.60070674010550783
 -0.25792410255999999   0.60070949575051676
 -0.25791610255999999   0.60071225203586432
 -0.25790810255999999   0.60071500931876161
 -0.25790010255999999   0.60071776792210149
 -0.25789210255999999   0.60072052813263984
 -0.25788410255999999   0.60072329019944016
 -0.25787610255999999   0.60072605433259044
 -0.25786810255999999   0.60072882070219924
 -0.25786010255999999   0.60073158943767781
 -0.25785210255999999   0.60073436062731339
 -0.25784410255999999   0.60073713431813707
 -0.25783610255999999   0.60073991051608843
 -0.25782810255999999   0.60074268918647683
 -0.25782010255999999   0.60074547025473780
 -0.25781210255999999   0.60074825360747964
 -0.25780410255999999   0.60075103909381457
 -0.25779610255999999   0.60075382652696507
 -0.25778810255999999   0.60075661568613408
 -0.25778010255999999   0.60075940631862536
 -0.25777210255999999   0.60076219814219717
 -0.25776410255999999   0.60076499084763090
 -0.25775610255999999   0.60076778410149331
 -0.25774810255999999   0.60077057754906913
 -0.25774010255999999   0.60077337081743870
 -0.25773210255999999   0.60077616351867427
 -0.25772410255999999   0.60077895525312624
 -0.25771610255999999   0.60078174561277044
 -0.25770810255999999   0.60078453418458678
 -0.25770010255999999   0.60078732055393887
 -0.25769210255999999   0.60079010430792474
 -0.25768410255999999   0.60079288503866944
 -0.25767610255999999   0.60079566234653078
 -0.25766810255999999   0.60079843584319121
 -0.25766010255999999   0.60080120515460999
 -0.25765210255999999   0.60080396992381244
 -0.25764410255999999   0.60080672981349406
 -0.25763610255999999   0.60080948450842149
 -0.25762810255999999   0.60081223371761304
 -0.25762010255999999   0.60081497717628576
 -0.25761210255999999   0.60081771464755759
 -0.25760410255999999   0.60082044592389712
 -0.25759610255999999   0.60082317082831515
 -0.25758810255999999   0.60082588921529623
 -0.25758010255999999   0.60082860097146925
 -0.25757210255999999   0.60083130601602079
 -0.25756410255999999   0.60083400430085518
 -0.25755610255999999   0.60083669581050863
 -0.25754810255999999   0.60083938056182603
 -0.25754010255999999   0.60084205860341108
 -0.25753210255999999   0.60084473001486134
 -0.25752410255999999   0.60084739490580130
 -0.25751610255999999   0.60085005341472754
 -0.25750810255999999   0.60085270570768038
 -0.25750010255999999   0.60085535197675760
 -0.25749210255999999   0.60085799243848548
 -0.25748410255999999   0.60086062733206278
 -0.25747610255999999   0.60086325691749391
 -0.25746810255999999   0.60086588147362613
 -0.25746010255999999   0.60086850129610696
 -0.25745210255999999   0.60087111669527625
 -0.25744410255999999   0.60087372799400797
 -0.25743610255999999   0.60087633552551609
 -0.25742810255999999   0.60087893963113792
 -0.25742010255999999   0.60088154065810885
 -0.25741210255999999   0.60088413895734100
 -0.25740410255999999   0.60088673488121813
 -0.25739610255999999   0.60088932878141897
 -0.25738810255999999   0.60089192100678038
 -0.25738010255999999   0.60089451190121070
 -0.25737210255999999   0.60089710180166517
 -0.25736410255999999   0.60089969103619186
 -0.25735610255999999   0.60090227992205937
 -0.25734810255999999   0.60090486876397449
 -0.25734010255999999   0.60090745785239954
 -0.25733210255999999   0.60091004746197716
 -0.25732410255999999   0.60091263785007113
 -0.25731610255999999   0.60091522925543069
 -0.25730810255999999   0.60091782189698536
 -0.25730010255999999   0.60092041597277685
 -0.25729210255999999   0.60092301165903423
 -0.25728410255999999   0.60092560910939774
 -0.25727610255999999   0.60092820845429541
 -0.25726810255999999   0.60093080980047732
 -0.25726010255999999   0.60093341323070954
 -0.25725210255999999   0.60093601880363087
 -0.25724410255999999   0.60093862655377282
 -0.25723610255999999   0.60094123649174349
 -0.25722810255999999   0.60094384860457415
 -0.25722010255999999   0.60094646285622656
 -0.25721210255999999   0.60094907918825782
 -0.25720410255999999   0.60095169752063789
 -0.25719610255999999   0.60095431775271470
 -0.25718810255999999   0.60095693976431909
 -0.25718010255999999   0.60095956341700230
 -0.25717210255999999   0.60096218855539577
 -0.25716410255999999   0.60096481500868349
 -0.25715610255999999   0.60096744259217500
 -0.25714810255999999   0.60097007110896669
 -0.25714010255999999   0.60097270035167809
 -0.25713210255999999   0.60097533010424908
 -0.25712410255999999   0.60097796014378350
 -0.25711610255999999   0.60098059024242404
 -0.25710810255999999   0.60098322016924306
 -0.25710010255999999   0.60098584969213416
 -0.25709210255999999   0.60098847857968897
 -0.25708410255999999   0.60099110660304405
 -0.25707610255999999   0.60099373353768351
 -0.25706810255999999   0.60099635916518272
 -0.25706010255999999   0.60099898327488018
 -0.25705210255999999   0.60100160566546491
 -0.25704410255999999   0.60100422614646731
 -0.25703610255999999   0.60100684453964372
 -0.25702810255999999   0.60100946068024481
 -0.25702010255999999   0.60101207441815968
 -0.25701210255999999   0.60101468561892957
 -0.25700410255999999   0.60101729416462437
 -0.25699610255999999   0.60101989995457941
 -0.25698810255999999   0.60102250290598812
 -0.25698010255999999   0.60102510295435019
 -0.25697210255999999   0.60102770005377436
 -0.25696410255999999   0.60103029417713689
 -0.25695610255999999   0.60103288531609782
 -0.25694810255999999   0.60103547348097831
 -0.25694010255999999   0.60103805870050275
 -0.25693210255999999   0.60104064102141128
 -0.25692410255999999   0.60104322050794797
 -0.25691610255999999   0.60104579724123165
 -0.25690810255999999   0.60104837131851641
 -0.25690010255999999   0.60105094285234915
 -0.25689210255999999   0.60105351196963329
 -0.25688410255999999   0.60105607881060567
 -0.25687610255999999   0.60105864352773713
 -0.25686810255999999   0.60106120628456421
 -0.25686010255999999   0.60106376725446236
 -0.25685210255999999   0.60106632661936908
 -0.25684410255999999   0.60106888456846678
 -0.25683610255999999   0.60107144129683417
 -0.25682810255999999   0.60107399700407575
 -0.25682010255999999   0.60107655189293847
 -0.25681210255999999   0.60107910616792406
 -0.25680410255999999   0.60108166003390657
 -0.25679610255999999   0.60108421369476321
 -0.25678810255999999   0.60108676735202704
 -0.25678010255999999   0.60108932120356988
 -0.25677210255999999   0.60109187544232307
 -0.25676410255999999   0.60109443025504416
 -0.25675610255999999   0.60109698582113646
 -0.25674810255999999   0.60109954231152867
 -0.25674010255999999   0.60110209988762173
 -0.25673210255999999   0.60110465870030823
 -0.25672410255999999   0.60110721888907147
 -0.25671610255999999   0.60110978058116871
 -0.25670810255999999   0.60111234389090439
 -0.25670010255999999   0.60111490891899733
 -0.25669210255999999   0.60111747575204598
 -0.25668410255999999   0.60112004446209580
 -0.25667610255999999   0.60112261510631041
 -0.25666810255999999   0.60112518772674999
 -0.25666010255999999   0.60112776235025732
 -0.25665210255999999   0.60113033898845300
 -0.25664410255999999   0.60113291763783958
 -0.25663610255999999   0.60113549828001408
 -0.25662810255999999   0.60113808088198707
 -0.25662010255999999   0.60114066539660650
 -0.25661210255999999   0.60114325176308297
 -0.25660410255999999   0.60114583990761256
 -0.25659610255999999   0.60114842974409265
 -0.25658810255999999   0.60115102117492553
 -0.25658010255999999   0.60115361409190342
 -0.25657210255999999   0.60115620837716811
 -0.25656410255999999   0.60115880390423837
 -0.25655610255999999   0.60116140053909617
 -0.25654810255999999   0.60116399814132439
 -0.25654010255999999   0.60116659656528599
 -0.25653210255999999   0.60116919566133617
 -0.25652410255999999   0.60117179527705780
 -0.25651610255999999   0.60117439525851019
 -0.25650810255999999   0.60117699545148171
 -0.25650010255999999   0.60117959570273663
 -0.25649210255999999   0.60118219586124613
 -0.25648410255999999   0.60118479577939455
 -0.25647610255999999   0.60118739531415153
 -0.25646810255999999   0.60118999432820136
 -0.25646010255999999   0.60119259269102141
 -0.25645210255999999   0.60119519027990191
 -0.25644410255999999   0.60119778698089978
 -0.25643610255999999   0.60120038268972042
 -0.25642810255999999   0.60120297731252154
 -0.25642010255999999   0.60120557076663413
 -0.25641210255999999   0.60120816298119626
 -0.25640410255999999   0.60121075389769650
 -0.25639610255999999   0.60121334347042399
 -0.25638810255999999   0.60121593166682392
 -0.25638010255999999   0.60121851846775668
 -0.25637210255999999   0.60122110386766077
 -0.25636410255999999   0.60122368787462016
 -0.25635610255999999   0.60122627051033660
 -0.25634810255999999   0.60122885181000933
 -0.25634010255999999   0.60123143182212421
 -0.25633210255999999   0.60123401060815546
 -0.25632410255999999   0.60123658824218370
 -0.25631610255999999   0.60123916481043388
 -0.25630810255999999   0.60124174041073796
 -0.25630010255999999   0.60124431515192713
 -0.25629210255999999   0.60124688915315835
 -0.25628410255999999   0.60124946254318125
 -0.25627610255999999   0.60125203545955049
 -0.25626810255999999   0.60125460804778986
 -0.25626010255999999   0.60125718046051410
 -0.25625210255999999   0.60125975285651421
 -0.25624410255999999   0.60126232539981308
 -0.25623610255999999   0.60126489825869706
 -0.25622810255999999   0.60126747160473044
 -0.25622010255999999   0.60127004561175845
 -0.25621210255999999   0.60127262045490525
 -0.25620410255999999   0.60127519630957360
 -0.25619610255999999   0.60127777335045106
 -0.25618810255999999   0.60128035175053019
 -0.25618010255999999   0.60128293168014711
 -0.25617210255999999   0.60128551330604550
 -0.25616410255999999   0.60128809679047011
 -0.25615610255999999   0.60129068229029662
 -0.25614810255999999   0.60129326995620130
 -0.25614010255999999   0.60129585993187690
 -0.25613210255999999   0.60129845235329818
 -0.25612410255999999   0.60130104734804206
 -0.25611610255999999   0.60130364503466610
 -0.25610810255999999   0.60130624552214895
 -0.25610010255999999   0.60130884890939652
 -0.25609210255999999   0.60131145528481615
 -0.25608410255999999   0.60131406472596187
 -0.25607610255999999   0.60131667729925255
 -0.25606810255999999   0.60131929305976471
 -0.25606010255999999   0.60132191205110140
 -0.25605210255999999   0.60132453430533717
 -0.25604410255999999   0.60132715984304035
 -0.25603610255999999   0.60132978867337137
 -0.25602810255999999   0.60133242079425677
 -0.25602010255999999   0.60133505619263769
 -0.25601210255999999   0.60133769484479027
 -0.25600410255999999   0.60134033671671617
 -0.25599610255999999   0.60134298176459999
 -0.25598810255999999   0.60134562993533002
 -0.25598010255999999   0.60134828116707842
 -0.25597210255999999   0.60135093538993656
 -0.25596410255999999   0.60135359252660050
 -0.25595610255999999   0.60135625249310103
 -0.25594810255999999   0.60135891519957353
 -0.25594010255999999   0.60136158055106062
 -0.25593210255999999   0.60136424844834218
 -0.25592410255999999   0.60136691878878604
 -0.25591610255999999   0.60136959146721262
 -0.25590810255999999   0.60137226637676720
 -0.25590010255999999   0.60137494340979272
 -0.25589210255999999   0.60137762245869675
 -0.25588410255999999   0.60138030341680572
 -0.25587610255999999   0.60138298617920024
 -0.25586810255999999   0.60138567064352488
 -0.25586010255999999   0.60138835671076674
 -0.25585210255999999   0.60139104428599691
 -0.25584410255999999   0.60139373327906911
 -0.25583610255999999   0.60139642360527158
 -0.25582810255999999   0.60139911518592610
 -0.25582010255999999   0.60140180794893146
 -0.25581210255999999   0.60140450182924709
 -0.25580410255999999   0.60140719676931355
 -0.25579610255999999   0.60140989271940819
 -0.25578810255999999   0.60141258963793280
 -0.25578010255999999   0.60141528749163264
 -0.25577210255999999   0.60141798625574559
 -0.25576410255999999   0.60142068591408080
 -0.25575610255999999   0.60142338645902731
 -0.25574810255999999   0.60142608789149315
 -0.25574010255999999   0.60142879022077557
 -0.25573210255999999   0.60143149346436490
 -0.25572410255999999   0.60143419764768311
 -0.25571610255999999   0.60143690280376015
 -0.25570810255999999   0.60143960897285080
 -0.25570010255999999   0.60144231620199496
 -0.25569210255999999   0.60144502454452511
 -0.25568410255999999   0.60144773405952502
 -0.25567610255999999   0.60145044481124361
 -0.25566810255999999   0.60145315686846815
 -0.25566010255999999   0.60145587030386160
 -0.25565210255999999   0.60145858519326927
 -0.25564410255999999   0.60146130161499852
 -0.25563610255999999   0.60146401964907802
 -0.25562810255999999   0.60146673937650066
 -0.25562010255999999   0.60146946087845560
 -0.25561210255999999   0.60147218423555482
 -0.25560410255999999   0.60147490952705942
 -0.25559610255999999   0.60147763683011052
 -0.25558810255999999   0.60148036621897058
 -0.25558010255999999   0.60148309776427953
 -0.25557210255999999   0.60148583153233138
 -0.25556410255999999   0.60148856758437578
 -0.25555610255999999   0.60149130597594925
 -0.25554810255999999   0.60149404675624117
 -0.25554010255999999   0.60149678996749798
 -0.25553210255999999   0.60149953564447050
 -0.25552410255999999   0.60150228381390815
 -0.25551610255999999   0.60150503449410290
 -0.25550810255999999   0.60150778769448734
 -0.25550010255999999   0.60151054341528884
 -0.25549210255999999   0.60151330164724286
 -0.25548410255999999   0.60151606237136777
 -0.25547610255999999   0.60151882555880228
 -0.25546810255999999   0.60152159117070765
 -0.25546010255999999   0.60152435915823488
 -0.25545210255999999   0.60152712946255810
 -0.25544410255999999   0.60152990201497343
 -0.25543610255999999   0.60153267673706340
 -0.25542810255999999   0.60153545354092555
 -0.25542010255999999   0.60153823232946419
 -0.25541210255999999   0.60154101299674307
 -0.25540410255999999   0.60154379542839673
 -0.25539610255999999   0.60154657950209793
 -0.25538810255999999   0.60154936508807725
 -0.25538010255999999   0.60155215204969180
 -0.25537210255999999   0.60155494024403903
 -0.25536410255999999   0.60155772952261024
 -0.25535610255999999   0.60156051973198058
 -0.25534810255999999   0.60156331071452883
 -0.25534010255999999   0.60156610230918320
 -0.25533210255999999   0.60156889435218647
 -0.25532410255999999   0.60157168667787570
 -0.25531610255999999   0.60157447911947022
 -0.25530810255999999   0.60157727150986251
 -0.25530010255999999   0.60158006368240614
 -0.25529210255999999   0.60158285547169482
 -0.25528410255999999   0.60158564671432719
 -0.25527610255999999   0.60158843724965209
 -0.25526810255999999   0.60159122692048868
 -0.25526010255999999   0.60159401557381653
 -0.25525210255999999   0.60159680306143140
 -0.25524410255999999   0.60159958924056181
 -0.25523610255999999   0.60160237397444269
 -0.25522810255999999   0.60160515713284237
 -0.25522010255999999   0.60160793859254010
 -0.25521210255999999   0.60161071823775050
 -0.25520410255999999   0.60161349596049394
 -0.25519610255999999   0.60161627166090952
 -0.25518810255999999   0.60161904524751053
 -0.25518010255999999   0.60162181663738097
 -0.25517210255999999   0.60162458575631232
 -0.25516410255999999   0.60162735253888144
 -0.25515610255999999   0.60163011692846934
 -0.25514810255999999   0.60163287887722209
 -0.25514010255999999   0.60163563834595492
 -0.25513210255999999   0.60163839530400141
 -0.25512410255999999   0.60164114972900980
 -0.25511610255999999   0.60164390160668859
 -0.25510810255999999   0.60164665093050444
 -0.25510010255999999   0.60164939770133525
 -0.25509210255999999   0.60165214192708138
 -0.25508410255999999   0.60165488362223884
 -0.25507610255999999   0.60165762280743835
 -0.25506810255999999   0.60166035950895306
 -0.25506010255999999   0.60166309375817995
 -0.25505210255999999   0.60166582559109868
 -0.25504410255999999   0.60166855504771164
 -0.25503610255999999   0.60167128217146975
 -0.25502810255999999   0.60167400700868835
 -0.25502010255999999   0.60167672960795686
 -0.25501210255999999   0.60167945001954707
 -0.25500410255999999   0.60168216829482336
 -0.25499610255999999   0.60168488448565995
 -0.25498810255999999   0.60168759864386801
 -0.25498010255999999   0.60169031082063730
 -0.25497210255999999   0.60169302106599558
 -0.25496410255999999   0.60169572942828969
 -0.25495610255999999   0.60169843595369111
 -0.25494810255999999   0.60170114068572973
 -0.25494010255999999   0.60170384366485835
 -0.25493210255999999   0.60170654492805104
 -0.25492410255999999   0.60170924450843732
 -0.25491610255999999   0.60171194243497468
 -0.25490810255999999   0.60171463873216166
 -0.25490010255999999   0.60171733341979235
 -0.25489210255999999   0.60172002651275470
 -0.25488410255999999   0.60172271802087261
 -0.25487610255999999   0.60172540794879375
 -0.25486810255999999   0.60172809629592238
 -0.25486010255999999   0.60173078305639828
 -0.25485210255999999   0.60173346821912097
 -0.25484410255999999   0.60173615176781900
 -0.25483610255999999   0.60173883368116334
 -0.25482810255999999   0.60174151393292399
 -0.25482010255999999   0.60174419249216800
 -0.25481210255999999   0.60174686932349737
 -0.25480410255999999   0.60174954438732498
 -0.25479610255999999   0.60175221764018585
 -0.25478810255999999   0.60175488903508154
 -0.25478010255999999   0.60175755852185470
 -0.25477210255999999   0.60176022604759102
 -0.25476410255999999   0.60176289155704505
 -0.25475610255999999   0.60176555499308681
 -0.25474810255999999   0.60176821629716574
 -0.25474010255999999   0.60177087540978809
 -0.25473210255999999   0.60177353227100449
 -0.25472410255999999   0.60177618682090352
 -0.25471610255999999   0.60177883900010800
 -0.25470810255999999   0.60178148875026972
 -0.25470010255999999   0.60178413601455949
 -0.25469210255999999   0.60178678073814830
 -0.25468410255999999   0.60178942286867663
 -0.25467610255999999   0.60179206235670783
 -0.25466810255999999   0.60179469915616283
 -0.25466010255999999   0.60179733322473293
 -0.25465210255999999   0.60179996452426771
 -0.25464410255999999   0.60180259302113527
 -0.25463610255999999   0.60180521868655274
 -0.25462810255999999   0.60180784149688439
 -0.25462010255999999   0.60181046143390572
 -0.25461210255999999   0.60181307848503184
 -0.25460410255999999   0.60181569264350861
 -0.25459610255999999   0.60181830390856555
 -0.25458810255999999   0.60182091228552977
 -0.25458010255999999   0.60182351778590030
 -0.25457210255999999   0.60182612042738261
 -0.25456410255999999   0.60182872023388352
 -0.25455610255999999   0.60183131723546652
 -0.25454810255999999   0.60183391146826849
 -0.25454010255999999   0.60183650297437826
 -0.25453210255999999   0.60183909180167857
 -0.25452410255999999   0.60184167800365216
 -0.25451610255999999   0.60184426163915425
 -0.25450810255999999   0.60184684277215235
 -0.25450010255999999   0.60184942147143625
 -0.25449210255999999   0.60185199781029929
 -0.25448410255999999   0.60185457186619398
 -0.25447610255999999   0.60185714372036395
 -0.25446810255999999   0.60185971345745481
 -0.25446010255999999   0.60186228116510658
 -0.25445210255999999   0.60186484693353014
 -0.25444410255999999   0.60186741085507097
 -0.25443610255999999   0.60186997302376240
 -0.25442810255999999   0.60187253353487146
 -0.25442010255999999   0.60187509248444046
 -0.25441210255999999   0.60187764996882645
 -0.25440410255999999   0.60188020608424236
 -0.25439610255999999   0.60188276092630154
 -0.25438810255999999   0.60188531458956950
 -0.25438010255999999   0.60188786716712488
 -0.25437210255999999   0.60189041875013251
 -0.25436410255999999   0.60189296942743115
 -0.25435610255999999   0.60189551928513834
 -0.25434810255999999   0.60189806840627460
 -0.25434010255999999   0.60190061687040926
 -0.25433210255999999   0.60190316475333025
 -0.25432410255999999   0.60190571212673919
 -0.25431610255999999   0.60190825905797413
 -0.25430810255999999   0.60191080560976129
 -0.25430010255999999   0.60191335183999715
 -0.25429210255999999   0.60191589780156226
 -0.25428410255999999   0.60191844354216775
 -0.25427610255999999   0.60192098910423532
 -0.25426810255999999   0.60192353452481143
 -0.25426010255999999   0.60192607983551578
 -0.25425210255999999   0.60192862506252494
 -0.25424410255999999   0.60193117022658997
 -0.25423610255999999   0.60193371534308900
 -0.25422810255999999   0.60193626042211310
 -0.25422010255999999   0.60193880546858570
 -0.25421210255999999   0.60194135048241386
 -0.25420410255999999   0.60194389545867041
 -0.25419610255999999   0.60194644038780613
 -0.25418810255999999   0.60194898525588917
 -0.25418010255999999   0.60195153004487135
 -0.25417210255999999   0.60195407473287823
 -0.25416410255999999   0.60195661929452143
 -0.25415610255999999   0.60195916370123075
 -0.25414810255999999   0.60196170792160356
 -0.25414010255999999   0.60196425192176931
 -0.25413210255999999   0.60196679566576580
 -0.25412410255999999   0.60196933911592545
 -0.25411610255999999   0.60197188223326786
 -0.25410810255999999   0.60197442497789654
 -0.25410010255999999   0.60197696730939665
 -0.25409210255999999   0.60197950918723110
 -0.25408410255999999   0.60198205057113195
 -0.25407610255999999   0.60198459142148479
 -0.25406810255999999   0.60198713169970318
 -0.25406010255999999   0.60198967136859042
 -0.25405210255999999   0.60199221039268676
 -0.25404410255999999   0.60199474873859909
 -0.25403610255999999   0.60199728637531122
 -0.25402810255999999   0.60199982327447305
 -0.25402010255999999   0.60200235941066597
 -0.25401210255999999   0.60200489476164371
 -0.25400410255999999   0.60200742930854672
 -0.25399610255999999   0.60200996303608897
 -0.25398810255999999   0.60201249593271591
 -0.25398010255999999   0.60201502799073336
 -0.25397210255999999   0.60201755920640589
 -0.25396410255999999   0.60202008958002521
 -0.25395610255999999   0.60202261911594779
 -0.25394810255999999   0.60202514782260198
 -0.25394010255999999   0.60202767571246507
 -0.25393210255999999   0.60203020280201052
 -0.25392410255999999   0.60203272911162628
 -0.25391610255999999   0.60203525466550505
 -0.25390810255999999   0.60203777949150727
 -0.25390010255999999   0.60204030362099870
 -0.25389210255999999   0.60204282708866331
 -0.25388410255999999   0.60204534993229369
 -0.25387610255999999   0.60204787219255997
 -0.25386810255999999   0.60205039391275988
 -0.25386010255999999   0.60205291513855133
 -0.25385210255999999   0.60205543591766951
 -0.25384410255999999   0.60205795629963122
 -0.25383610255999999   0.60206047633542789
 -0.25382810255999999   0.60206299607720990
 -0.25382010255999999   0.60206551557796467
 -0.25381210255999999   0.60206803489119035
 -0.25380410255999999   0.60207055407056773
 -0.25379610255999999   0.60207307316963276
 -0.25378810255999999   0.60207559224145160
 -0.25378010255999999   0.60207811133830099
 -0.25377210255999999   0.60208063051135559
 -0.25376410255999999   0.60208314981038490
 -0.25375610255999999   0.60208566928346176
 -0.25374810255999999   0.60208818897668404
 -0.25374010255999999   0.60209070893391213
 -0.25373210255999999   0.60209322919652336
 -0.25372410255999999   0.60209574980318545
 -0.25371610255999999   0.60209827078965042
 -0.25370810255999999   0.60210079218857024
 -0.25370010255999999   0.60210331402933587
 -0.25369210255999999   0.60210583633794030
 -0.25368410255999999   0.60210835913686677
 -0.25367610255999999   0.60211088244500326
 -0.25366810255999999   0.60211340627758312
 -0.25366010255999999   0.60211593064615300
 -0.25365210255999999   0.60211845555856769
 -0.25364410255999999   0.60212098101901257
 -0.25363610255999999   0.60212350702805275
 -0.25362810255999999   0.60212603358270914
 -0.25362010255999999   0.60212856067656089
 -0.25361210255999999   0.60213108829987295
 -0.25360410255999999   0.60213361643974863
 -0.25359610255999999   0.60213614508030555
 -0.25358810255999999   0.60213867420287383
 -0.25358010255999999   0.60214120378621534
 -0.25357210255999999   0.60214373380676225
 -0.25356410255999999   0.60214626423887327
 -0.25355610255999999   0.60214879505510582
 -0.25354810255999999   0.60215132622650211
 -0.25354010255999999   0.60215385772288715
 -0.25353210255999999   0.60215638951317680
 -0.25352410255999999   0.60215892156569301
 -0.25351610255999999   0.60216145384848520
 -0.25350810255999999   0.60216398632965414
 -0.25350010255999999   0.60216651897767716
 -0.25349210255999999   0.60216905176173207
 -0.25348410255999999   0.60217158465201709
 -0.25347610255999999   0.60217411762006526
 -0.25346810255999999   0.60217665063905087
 -0.25346010255999999   0.60217918368408568
 -0.25345210255999999   0.60218171673250302
 -0.25344410255999999   0.60218424976412817
 -0.25343610255999999   0.60218678276153253
 -0.25342810255999999   0.60218931571027051
 -0.25342010255999999   0.60219184859909740
 -0.25341210255999999   0.60219438142016674
 -0.25340410255999999   0.60219691416920603
 -0.25339610255999999   0.60219944684566943
 -0.25338810255999999   0.60220197945286734
 -0.25338010255999999   0.60220451199807077
 -0.25337210255999999   0.60220704449259133
 -0.25336410255999999   0.60220957695183535
 -0.25335610255999999   0.60221210939533260
 -0.25334810255999999   0.60221464184673920
 -0.25334010255999999   0.60221717433381473
 -0.25333210255999999   0.60221970688837448
 -0.25332410255999999   0.60222223954621631
 -0.25331610255999999   0.60222477234702366
 -0.25330810255999999   0.60222730533424465
 -0.25330010255999999   0.60222983855494900
 -0.25329210255999999   0.60223237205966287
 -0.25328410255999999   0.60223490590218373
 -0.25327610255999999   0.60223744013937571
 -0.25326810255999999   0.60223997483094746
 -0.25326010255999999   0.60224251003921346
 -0.25325210255999999   0.60224504582884085
 -0.25324410255999999   0.60224758226658298
 -0.25323610255999999   0.60225011942100178
 -0.25322810255999999   0.60225265736218027
 -0.25322010255999999   0.60225519616142762
 -0.25321210255999999   0.60225773589097794
 -0.25320410255999999   0.60226027662368518
 -0.25319610255999999   0.60226281843271564
 -0.25318810255999999   0.60226536139124040
 -0.25318010255999999   0.60226790557212897
 -0.25317210255999999   0.60227045104764655
 -0.25316410255999999   0.60227299788915633
 -0.25315610255999999   0.60227554616682877
 -0.25314810255999999   0.60227809594935965
 -0.25314010255999999   0.60228064730369814
 -0.25313210255999999   0.60228320029478720
 -0.25312410255999999   0.60228575498531709
 -0.25311610255999999   0.60228831143549380
 -0.25310810255999999   0.60229086970282369
 -0.25310010255999999   0.60229342984191536
 -0.25309210255999999   0.60229599190430024
 -0.25308410255999999   0.60229855593827229
 -0.25307610255999999   0.60230112198874834
 -0.25306810255999999   0.60230369009714942
 -0.25306010255999999   0.60230626030130339
 -0.25305210255999999   0.60230883263537015
 -0.25304410255999999   0.60231140712978897
 -0.25303610255999999   0.60231398381124821
 -0.25302810255999999   0.60231656270267803
 -0.25302010255999999   0.60231914382326511
 -0.25301210255999999   0.60232172718848964
 -0.25300410255999999   0.60232431281018411
 -0.25299610255999999   0.60232690069661295
 -0.25298810255999999   0.60232949085257270
 -0.25298010255999999   0.60233208327951168
 -0.25297210255999999   0.60233467797566817
 -0.25296410255999999   0.60233727493622575
 -0.25295610255999999   0.60233987415348507
 -0.25294810255999999   0.60234247561705013
 -0.25294010255999999   0.60234507931402810
 -0.25293210255999999   0.60234768522924057
 -0.25292410255999999   0.60235029334544523
 -0.25291610255999999   0.60235290364356579
 -0.25290810255999999   0.60235551610292856
 -0.25290010255999999   0.60235813070150398
 -0.25289210255999999   0.60236074741615117
 -0.25288410255999999   0.60236336622286352
 -0.25287610255999999   0.60236598709701373
 -0.25286810255999999   0.60236861001359640
 -0.25286010255999999   0.60237123494746600
 -0.25285210255999999   0.60237386187356929
 -0.25284410255999999   0.60237649076716929
 -0.25283610255999999   0.60237912160406025
 -0.25282810255999999   0.60238175436077116
 -0.25282010255999999   0.60238438901475721
 -0.25281210255999999   0.60238702554457656
 -0.25280410255999999   0.60238966393005260
 -0.25279610255999999   0.60239230415241925
 -0.25278810255999999   0.60239494619444894
 -0.25278010255999999   0.60239759004056235
 -0.25277210255999999   0.60240023567691859
 -0.25276410255999999   0.60240288309148586
 -0.25275610255999999   0.60240553227409174
 -0.25274810255999999   0.60240818321645263
 -0.25274010255999999   0.60241083591218241
 -0.25273210255999999   0.60241349035678043
 -0.25272410255999999   0.60241614654759815
 -0.25271610255999999   0.60241880448378565
 -0.25270810255999999   0.60242146416621792
 -0.25270010255999999   0.60242412559740124
 -0.25269210255999999   0.60242678878136087
 -0.25268410255999999   0.60242945372351036
 -0.25267610255999999   0.60243212043050391
 -0.25266810255999999   0.60243478891007213
 -0.25266010255999999   0.60243745917084315
 -0.25265210255999999   0.60244013122214975
 -0.25264410255999999   0.60244280507382404
 -0.25263610255999999   0.60244548073598137
 -0.25262810255999999   0.60244815821879460
 -0.25262010255999999   0.60245083753226041
 -0.25261210255999999   0.60245351868595974
 -0.25260410255999999   0.60245620168881318
 -0.25259610255999999   0.60245888654883399
 -0.25258810255999999   0.60246157327287963
 -0.25258010255999999   0.60246426186640410
 -0.25257210255999999   0.60246695233321292
 -0.25256410255999999   0.60246964467522178
 -0.25255610255999999   0.60247233889222151
 -0.25254810255999999   0.60247503498165040
 -0.25254010255999999   0.60247773293837571
 -0.25253210255999999   0.60248043275448615
 -0.25252410255999999   0.60248313441909667
 -0.25251610255999999   0.60248583791816695
 -0.25250810255999999   0.60248854323433515
 -0.25250010255999999   0.60249125034676815
 -0.25249210255999999   0.60249395923102930
 -0.25248410255999999   0.60249666985896507
 -0.25247610255999999   0.60249938219861103
 -0.25246810255999999   0.60250209621411872
 -0.25246010255999999   0.60250481186570318
 -0.25245210255999999   0.60250752910961254
 -0.25244410255999999   0.60251024789811949
 -0.25243610255999999   0.60251296817953521
 -0.25242810255999999   0.60251568989824558
 -0.25242010255999999   0.60251841299476997
 -0.25241210255999999   0.60252113740584208
 -0.25240410255999999   0.60252386306451260
 -0.25239610255999999   0.60252658990027321
 -0.25238810255999999   0.60252931783920138
 -0.25238010255999999   0.60253204680412469
 -0.25237210255999999   0.60253477671480434
 -0.25236410255999999   0.60253750748813632
 -0.25235610255999999   0.60254023903836937
 -0.25234810255999999   0.60254297127733807
 -0.25234010255999999   0.60254570411470983
 -0.25233210255999999   0.60254843745824432
 -0.25232410255999999   0.60255117121406360
 -0.25231610255999999   0.60255390528693107
 -0.25230810255999999   0.60255663958053809
 -0.25230010255999999   0.60255937399779572
 -0.25229210255999999   0.60256210844113035
 -0.25228410255999999   0.60256484281278103
 -0.25227610255999999   0.60256757701509671
 -0.25226810255999999   0.60257031095083157
 -0.25226010255999999   0.60257304452343675
 -0.25225210255999999   0.60257577763734622
 -0.25224410255999999   0.60257851019825567
 -0.25223610255999999   0.60258124211339223
 -0.25222810255999999   0.60258397329177377
 -0.25222010255999999   0.60258670364445584
 -0.25221210255999999   0.60258943308476537
 -0.25220410255999999   0.60259216152851922
 -0.25219610255999999   0.60259488889422705
 -0.25218810255999999   0.60259761510327660
 -0.25218010255999999   0.60260034008010139
 -0.25217210255999999   0.60260306375232906
 -0.25216410255999999   0.60260578605091054
 -0.25215610255999999   0.60260850691022890
 -0.25214810255999999   0.60261122626818776
 -0.25214010255999999   0.60261394406627913
 -0.25213210255999999   0.60261666024963040
 -0.25212410255999999   0.60261937476703035
 -0.25211610255999999   0.60262208757093506
 -0.25210810255999999   0.60262479861745328
 -0.25210010255999999   0.60262750786631222
 -0.25209210255999999   0.60263021528080396
