 -0.26656892456000000   0.59730750276877698
 -0.26656092456000000   0.59731021608388879
 -0.26655292456000000   0.59731292775805479
 -0.26654492456000000   0.59731563782974193
 -0.26653692456000000   0.59731834633826053
 -0.26652892456000000   0.59732105332365869
 -0.26652092456000000   0.59732375882661213
 -0.26651292456000000   0.59732646288831015
 -0.26650492456000000   0.59732916555033839
 -0.26649692456000000   0.59733186685455893
 -0.26648892456000000   0.59733456684298876
 -0.26648092456000000   0.59733726555767697
 -0.26647292456000000   0.59733996304058159
 -0.26646492456000000   0.59734265933344709
 -0.26645692456000000   0.59734535447768252
 -0.26644892456000000   0.59734804851424211
 -0.26644092456000000   0.59735074148350808
 -0.26643292456000000   0.59735343342517692
 -0.26642492456000000   0.59735612437814999
 -0.26641692456000000   0.59735881438042844
 -0.26640892456000000   0.59736150346901398
 -0.26640092456000000   0.59736419167981544
 -0.26639292456000000   0.59736687904756211
 -0.26638492456000000   0.59736956560572405
 -0.26637692456000000   0.59737225138644056
 -0.26636892456000000   0.59737493642045621
 -0.26636092456000000   0.59737762073706598
 -0.26635292456000000   0.59738030436406881
 -0.26634492456000000   0.59738298732773075
 -0.26633692456000000   0.59738566965275725
 -0.26632892456000000   0.59738835136227521
 -0.26632092456000000   0.59739103247782446
 -0.26631292456000000   0.59739371301935921
 -0.26630492456000000   0.59739639300525896
 -0.26629692456000000   0.59739907245234919
 -0.26628892456000000   0.59740175137593104
 -0.26628092456000000   0.59740442978982058
 -0.26627292456000000   0.59740710770639670
 -0.26626492456000000   0.59740978513665748
 -0.26625692456000000   0.59741246209028460
 -0.26624892456000000   0.59741513857571543
 -0.26624092456000000   0.59741781460022198
 -0.26623292456000000   0.59742049016999649
 -0.26622492456000000   0.59742316529024258
 -0.26621692456000000   0.59742583996527170
 -0.26620892456000000   0.59742851419860384
 -0.26620092456000000   0.59743118799307198
 -0.26619292456000000   0.59743386135092950
 -0.26618492456000000   0.59743653427395931
 -0.26617692456000000   0.59743920676358468
 -0.26616892456000000   0.59744187882098019
 -0.26616092456000000   0.59744455044718256
 -0.26615292456000000   0.59744722164319988
 -0.26614492456000000   0.59744989241011931
 -0.26613692456000000   0.59745256274921167
 -0.26612892456000000   0.59745523266203249
 -0.26612092456000000   0.59745790215051895
 -0.26611292456000000   0.59746057121708144
 -0.26610492456000000   0.59746323986468982
 -0.26609692456000000   0.59746590809695318
 -0.26608892456000000   0.59746857591819269
 -0.26608092456000000   0.59747124333350722
 -0.26607292456000000   0.59747391034883092
 -0.26606492456000000   0.59747657697098280
 -0.26605692456000000   0.59747924320770746
 -0.26604892456000000   0.59748190906770719
 -0.26604092456000000   0.59748457456066508
 -0.26603292456000000   0.59748723969725862
 -0.26602492456000000   0.59748990448916463
 -0.26601692456000000   0.59749256894905456
 -0.26600892456000000   0.59749523309058091
 -0.26600092456000000   0.59749789692835479
 -0.26599292456000000   0.59750056047791449
 -0.26598492456000000   0.59750322375568612
 -0.26597692456000000   0.59750588677893580
 -0.26596892456000000   0.59750854956571451
 -0.26596092456000000   0.59751121213479581
 -0.26595292456000000   0.59751387450560699
 -0.26594492456000000   0.59751653669815420
 -0.26593692456000000   0.59751919873294251
 -0.26592892456000000   0.59752186063089108
 -0.26592092456000000   0.59752452241324462
 -0.26591292456000000   0.59752718410148177
 -0.26590492456000000   0.59752984571722095
 -0.26589692456000000   0.59753250728212488
 -0.26588892456000000   0.59753516881780435
 -0.26588092456000000   0.59753783034572193
 -0.26587292456000000   0.59754049188709702
 -0.26586492456000000   0.59754315346281216
 -0.26585692456000000   0.59754581509332244
 -0.26584892456000000   0.59754847679856807
 -0.26584092456000000   0.59755113859789105
 -0.26583292456000000   0.59755380050995695
 -0.26582492456000000   0.59755646255268218
 -0.26581692456000000   0.59755912474316770
 -0.26580892456000000   0.59756178709763955
 -0.26580092456000000   0.59756444963139699
 -0.26579292456000000   0.59756711235876859
 -0.26578492456000000   0.59756977529307687
 -0.26577692456000000   0.59757243844661191
 -0.26576892456000000   0.59757510183061399
 -0.26576092456000000   0.59757776545526587
 -0.26575292456000000   0.59758042932969473
 -0.26574492456000000   0.59758309346198383
 -0.26573692456000000   0.59758575785919400
 -0.26572892456000000   0.59758842252739493
 -0.26572092456000000   0.59759108747170607
 -0.26571292456000000   0.59759375269634709
 -0.26570492456000000   0.59759641820469733
 -0.26569692456000000   0.59759908399936433
 -0.26568892456000000   0.59760175008226047
 -0.26568092456000000   0.59760441645468784
 -0.26567292456000000   0.59760708311743019
 -0.26566492456000000   0.59760975007085187
 -0.26565692456000000   0.59761241731500264
 -0.26564892456000000   0.59761508484972790
 -0.26564092456000000   0.59761775267478343
 -0.26563292456000000   0.59762042078995391
 -0.26562492456000000   0.59762308919517428
 -0.26561692456000000   0.59762575789065295
 -0.26560892456000000   0.59762842687699639
 -0.26560092456000000   0.59763109615533357
 -0.26559292456000000   0.59763376572743966
 -0.26558492456000000   0.59763643559585811
 -0.26557692456000000   0.59763910576402004
 -0.26556892456000000   0.59764177623635991
 -0.26556092456000000   0.59764444701842691
 -0.26555292456000000   0.59764711811699075
 -0.26554492456000000   0.59764978954014160
 -0.26553692456000000   0.59765246129738259
 -0.26552892456000000   0.59765513339971499
 -0.26552092456000000   0.59765780585971464
 -0.26551292456000000   0.59766047869159942
 -0.26550492456000000   0.59766315191128694
 -0.26549692456000000   0.59766582553644214
 -0.26548892456000000   0.59766849958651416
 -0.26548092456000000   0.59767117408276219
 -0.26547292456000000   0.59767384904826997
 -0.26546492456000000   0.59767652450794876
 -0.26545692456000000   0.59767920048852866
 -0.26544892456000000   0.59768187701853813
 -0.26544092456000000   0.59768455412827168
 -0.26543292456000000   0.59768723184974615
 -0.26542492456000000   0.59768991021664530
 -0.26541692456000000   0.59769258926425339
 -0.26540892456000000   0.59769526902937770
 -0.26540092456000000   0.59769794955026097
 -0.26539292456000000   0.59770063086648340
 -0.26538492456000000   0.59770331301885559
 -0.26537692456000000   0.59770599604930276
 -0.26536892456000000   0.59770868000074046
 -0.26536092456000000   0.59771136491694341
 -0.26535292456000000   0.59771405084240747
 -0.26534492456000000   0.59771673782220593
 -0.26533692456000000   0.59771942590184111
 -0.26532892456000000   0.59772211512709172
 -0.26532092456000000   0.59772480554385761
 -0.26531292456000000   0.59772749719800219
 -0.26530492456000000   0.59773019013519395
 -0.26529692456000000   0.59773288440074792
 -0.26528892456000000   0.59773558003946816
 -0.26528092456000000   0.59773827709549198
 -0.26527292456000000   0.59774097561213740
 -0.26526492456000000   0.59774367563175436
 -0.26525692456000000   0.59774637719558069
 -0.26524892456000000   0.59774908034360414
 -0.26524092456000000   0.59775178511443071
 -0.26523292456000000   0.59775449154516084
 -0.26522492456000000   0.59775719967127361
 -0.26521692456000000   0.59775990952652011
 -0.26520892456000000   0.59776262114282637
 -0.26520092456000000   0.59776533455020684
 -0.26519292456000000   0.59776804977668843
 -0.26518492456000000   0.59777076684824604
 -0.26517692456000000   0.59777348578874973
 -0.26516892456000000   0.59777620661992399
 -0.26516092456000000   0.59777892936131898
 -0.26515292456000000   0.59778165403029439
 -0.26514492456000000   0.59778438064201564
 -0.26513692456000000   0.59778710920946228
 -0.26512892456000000   0.59778983974344870
 -0.26512092456000000   0.59779257225265681
 -0.26511292456000000   0.59779530674368043
 -0.26510492456000000   0.59779804322108076
 -0.26509692456000000   0.59780078168745261
 -0.26508892456000000   0.59780352214350114
 -0.26508092456000000   0.59780626458812750
 -0.26507292456000000   0.59780900901852380
 -0.26506492456000000   0.59781175543027571
 -0.26505692456000000   0.59781450381747219
 -0.26504892456000000   0.59781725417282161
 -0.26504092456000000   0.59782000648777273
 -0.26503292456000000   0.59782276075264006
 -0.26502492456000000   0.59782551695673221
 -0.26501692456000000   0.59782827508848231
 -0.26500892456000000   0.59783103513557921
 -0.26500092456000000   0.59783379708509871
 -0.26499292456000000   0.59783656092363299
 -0.26498492456000000   0.59783932663741807
 -0.26497692456000000   0.59784209421245723
 -0.26496892456000000   0.59784486363464027
 -0.26496092456000000   0.59784763488985642
 -0.26495292456000000   0.59785040796410126
 -0.26494492456000000   0.59785318284357530
 -0.26493692456000000   0.59785595951477454
 -0.26492892456000000   0.59785873796457119
 -0.26492092456000000   0.59786151818028449
 -0.26491292456000000   0.59786430014974068
 -0.26490492456000000   0.59786708386132123
 -0.26489692456000000   0.59786986930399956
 -0.26488892456000000   0.59787265646736488
 -0.26488092456000000   0.59787544534163386
 -0.26487292456000000   0.59787823591764883
 -0.26486492456000000   0.59788102818686342
 -0.26485692456000000   0.59788382214131483
 -0.26484892456000000   0.59788661777358343
 -0.26484092456000000   0.59788941507673942
 -0.26483292456000000   0.59789221404427700
 -0.26482492456000000   0.59789501467003691
 -0.26481692456000000   0.59789781694811687
 -0.26480892456000000   0.59790062087277169
 -0.26480092456000000   0.59790342643830278
 -0.26479292456000000   0.59790623363893846
 -0.26478492456000000   0.59790904246870570
 -0.26477692456000000   0.59791185292129430
 -0.26476892456000000   0.59791466498991453
 -0.26476092456000000   0.59791747866714926
 -0.26475292456000000   0.59792029394480203
 -0.26474492456000000   0.59792311081374169
 -0.26473692456000000   0.59792592926374554
 -0.26472892456000000   0.59792874928334172
 -0.26472092456000000   0.59793157085965239
 -0.26471292456000000   0.59793439397823888
 -0.26470492456000000   0.59793721862295039
 -0.26469692456000000   0.59794004477577722
 -0.26468892456000000   0.59794287241670998
 -0.26468092456000000   0.59794570152360619
 -0.26467292456000000   0.59794853207206514
 -0.26466492456000000   0.59795136403531257
 -0.26465692456000000   0.59795419738409618
 -0.26464892456000000   0.59795703208659290
 -0.26464092456000000   0.59795986810832906
 -0.26463292456000000   0.59796270541211433
 -0.26462492456000000   0.59796554395799030
 -0.26461692456000000   0.59796838370319426
 -0.26460892456000000   0.59797122460213912
 -0.26460092456000000   0.59797406660640936
 -0.26459292456000000   0.59797690966477432
 -0.26458492456000000   0.59797975372321802
 -0.26457692456000000   0.59798259872498669
 -0.26456892456000000   0.59798544461065301
 -0.26456092456000000   0.59798829131819788
 -0.26455292456000000   0.59799113878310870
 -0.26454492456000000   0.59799398693849419
 -0.26453692456000000   0.59799683571521515
 -0.26452892456000000   0.59799968504203061
 -0.26452092456000000   0.59800253484575801
 -0.26451292456000000   0.59800538505144755
 -0.26450492456000000   0.59800823558256881
 -0.26449692456000000   0.59801108636120893
 -0.26448892456000000   0.59801393730828108
 -0.26448092456000000   0.59801678834374192
 -0.26447292456000000   0.59801963938681668
 -0.26446492456000000   0.59802249035623040
 -0.26445692456000000   0.59802534117044385
 -0.26444892456000000   0.59802819174789250
 -0.26444092456000000   0.59803104200722724
 -0.26443292456000000   0.59803389186755477
 -0.26442492456000000   0.59803674124867662
 -0.26441692456000000   0.59803959007132463
 -0.26440892456000000   0.59804243825739186
 -0.26440092456000000   0.59804528573015698
 -0.26439292456000000   0.59804813241450080
 -0.26438492456000000   0.59805097823711347
 -0.26437692456000000   0.59805382312669098
 -0.26436892456000000   0.59805666701411972
 -0.26436092456000000   0.59805950983264775
 -0.26435292456000000   0.59806235151804176
 -0.26434492456000000   0.59806519200872882
 -0.26433692456000000   0.59806803124592170
 -0.26432892456000000   0.59807086917372758
 -0.26432092456000000   0.59807370573923885
 -0.26431292456000000   0.59807654089260588
 -0.26430492456000000   0.59807937458709153
 -0.26429692456000000   0.59808220677910674
 -0.26428892456000000   0.59808503742822747
 -0.26428092456000000   0.59808786649719286
 -0.26427292456000000   0.59809069395188483
 -0.26426492456000000   0.59809351976128958
 -0.26425692456000000   0.59809634389744126
 -0.26424892456000000   0.59809916633534851
 -0.26424092456000000   0.59810198705290435
 -0.26423292456000000   0.59810480603078083
 -0.26422492456000000   0.59810762325230850
 -0.26421692456000000   0.59811043870334273
 -0.26420892456000000   0.59811325237211699
 -0.26420092456000000   0.59811606424908531
 -0.26419292456000000   0.59811887432675426
 -0.26418492456000000   0.59812168259950685
 -0.26417692456000000   0.59812448906341860
 -0.26416892456000000   0.59812729371606832
 -0.26416092456000000   0.59813009655634447
 -0.26415292456000000   0.59813289758424878
 -0.26414492456000000   0.59813569680069887
 -0.26413692456000000   0.59813849420733089
 -0.26412892456000000   0.59814128980630457
 -0.26412092456000000   0.59814408360011127
 -0.26411292456000000   0.59814687559138726
 -0.26410492456000000   0.59814966578273309
 -0.26409692456000000   0.59815245417654111
 -0.26408892456000000   0.59815524077483173
 -0.26408092456000000   0.59815802557910032
 -0.26407292456000000   0.59816080859017554
 -0.26406492456000000   0.59816358980809042
 -0.26405692456000000   0.59816636923196707
 -0.26404892456000000   0.59816914685991599
 -0.26404092456000000   0.59817192268895059
 -0.26403292456000000   0.59817469671491803
 -0.26402492456000000   0.59817746893244625
 -0.26401692456000000   0.59818023933490834
 -0.26400892456000000   0.59818300791440391
 -0.26400092456000000   0.59818577466175789
 -0.26399292456000000   0.59818853956653714
 -0.26398492456000000   0.59819130261708373
 -0.26397692456000000   0.59819406380056582
 -0.26396892456000000   0.59819682310304507
 -0.26396092456000000   0.59819958050955993
 -0.26395292456000000   0.59820233600422482
 -0.26394492456000000   0.59820508957034364
 -0.26393692456000000   0.59820784119053742
 -0.26392892456000000   0.59821059084688448
 -0.26392092456000000   0.59821333852107250
 -0.26391292456000000   0.59821608419456091
 -0.26390492456000000   0.59821882784875248
 -0.26389692456000000   0.59822156946517277
 -0.26388892456000000   0.59822430902565601
 -0.26388092456000000   0.59822704651253531
 -0.26387292456000000   0.59822978190883703
 -0.26386492456000000   0.59823251519847604
 -0.26385692456000000   0.59823524636645161
 -0.26384892456000000   0.59823797539904155
 -0.26384092456000000   0.59824070228399354
 -0.26383292456000000   0.59824342701071142
 -0.26382492456000000   0.59824614957043555
 -0.26381692456000000   0.59824886995641536
 -0.26380892456000000   0.59825158816407265
 -0.26380092456000000   0.59825430419115429
 -0.26379292456000000   0.59825701803787312
 -0.26378492456000000   0.59825972970703570
 -0.26377692456000000   0.59826243920415571
 -0.26376892456000000   0.59826514653755207
 -0.26376092456000000   0.59826785171843088
 -0.26375292456000000   0.59827055476095034
 -0.26374492456000000   0.59827325568226789
 -0.26373692456000000   0.59827595450256915
 -0.26372892456000000   0.59827865124507811
 -0.26372092456000000   0.59828134593604847
 -0.26371292456000000   0.59828403860473571
 -0.26370492456000000   0.59828672928335011
 -0.26369692456000000   0.59828941800699075
 -0.26368892456000000   0.59829210481356077
 -0.26368092456000000   0.59829478974366421
 -0.26367292456000000   0.59829747284048509
 -0.26366492456000000   0.59830015414964915
 -0.26365692456000000   0.59830283371906947
 -0.26364892456000000   0.59830551159877624
 -0.26364092456000000   0.59830818784073213
 -0.26363292456000000   0.59831086249863444
 -0.26362492456000000   0.59831353562770463
 -0.26361692456000000   0.59831620728446727
 -0.26360892456000000   0.59831887752651936
 -0.26360092456000000   0.59832154641229134
 -0.26359292456000000   0.59832421400080190
 -0.26358492456000000   0.59832688035140739
 -0.26357692456000000   0.59832954552354809
 -0.26356892456000000   0.59833220957649242
 -0.26356092456000000   0.59833487256908138
 -0.26355292456000000   0.59833753455947433
 -0.26354492456000000   0.59834019560489809
 -0.26353692456000000   0.59834285576140105
 -0.26352892456000000   0.59834551508361368
 -0.26352092456000000   0.59834817362451750
 -0.26351292456000000   0.59835083143522368
 -0.26350492456000000   0.59835348856476303
 -0.26349692456000000   0.59835614505988878
 -0.26348892456000000   0.59835880096489358
 -0.26348092456000000   0.59836145632144207
 -0.26347292456000000   0.59836411116841994
 -0.26346492456000000   0.59836676554180125
 -0.26345692456000000   0.59836941947453419
 -0.26344892456000000   0.59837207299644691
 -0.26344092456000000   0.59837472613417359
 -0.26343292456000000   0.59837737891110182
 -0.26342492456000000   0.59838003134734147
 -0.26341692456000000   0.59838268345971547
 -0.26340892456000000   0.59838533526177288
 -0.26340092456000000   0.59838798676382373
 -0.26339292456000000   0.59839063797299616
 -0.26338492456000000   0.59839328889331520
 -0.26337692456000000   0.59839593952580267
 -0.26336892456000000   0.59839858986859773
 -0.26336092456000000   0.59840123991709744
 -0.26335292456000000   0.59840388966411604
 -0.26334492456000000   0.59840653910006223
 -0.26333692456000000   0.59840918821313308
 -0.26332892456000000   0.59841183698952330
 -0.26332092456000000   0.59841448541364821
 -0.26331292456000000   0.59841713346837914
 -0.26330492456000000   0.59841978113528951
 -0.26329692456000000   0.59842242839490933
 -0.26328892456000000   0.59842507522698727
 -0.26328092456000000   0.59842772161075719
 -0.26327292456000000   0.59843036752520828
 -0.26326492456000000   0.59843301294935599
 -0.26325692456000000   0.59843565786251227
 -0.26324892456000000   0.59843830224455279
 -0.26324092456000000   0.59844094607617929
 -0.26323292456000000   0.59844358933917510
 -0.26322492456000000   0.59844623201665187
 -0.26321692456000000   0.59844887409328560
 -0.26320892456000000   0.59845151555554038
 -0.26320092456000000   0.59845415639187782
 -0.26319292456000000   0.59845679659295090
 -0.26318492456000000   0.59845943615178072
 -0.26317692456000000   0.59846207506391441
 -0.26316892456000000   0.59846471332756367
 -0.26316092456000000   0.59846735094372223
 -0.26315292456000000   0.59846998791626174
 -0.26314492456000000   0.59847262425200515
 -0.26313692456000000   0.59847525996077709
 -0.26312892456000000   0.59847789505543052
 -0.26312092456000000   0.59848052955185034
 -0.26311292456000000   0.59848316346893244
 -0.26310492456000000   0.59848579682853966
 -0.26309692456000000   0.59848842965543427
 -0.26308892456000000   0.59849106197718735
 -0.26308092456000000   0.59849369382406629
 -0.26307292456000000   0.59849632522890031
 -0.26306492456000000   0.59849895622692592
 -0.26305692456000000   0.59850158685561265
 -0.26304892456000000   0.59850421715447065
 -0.26304092456000000   0.59850684716484154
 -0.26303292456000000   0.59850947692967394
 -0.26302492456000000   0.59851210649328517
 -0.26301692456000000   0.59851473590111116
 -0.26300892456000000   0.59851736519944616
 -0.26300092456000000   0.59851999443517405
 -0.26299292456000000   0.59852262365549370
 -0.26298492456000000   0.59852525290763970
 -0.26297692456000000   0.59852788223860116
 -0.26296892456000000   0.59853051169484040
 -0.26296092456000000   0.59853314132201357
 -0.26295292456000000   0.59853577116469557
 -0.26294492456000000   0.59853840126611108
 -0.26293692456000000   0.59854103166787407
 -0.26292892456000000   0.59854366240973768
 -0.26292092456000000   0.59854629352935627
 -0.26291292456000000   0.59854892506206213
 -0.26290492456000000   0.59855155704065786
 -0.26289692456000000   0.59855418949522699
 -0.26288892456000000   0.59855682245296383
 -0.26288092456000000   0.59855945593802420
 -0.26287292456000000   0.59856208997139890
 -0.26286492456000000   0.59856472457081009
 -0.26285692456000000   0.59856735975063284
 -0.26284892456000000   0.59856999552184176
 -0.26284092456000000   0.59857263189198394
 -0.26283292456000000   0.59857526886517842
 -0.26282492456000000   0.59857790644214290
 -0.26281692456000000   0.59858054462024730
 -0.26280892456000000   0.59858318339359452
 -0.26280092456000000   0.59858582275312776
 -0.26279292456000000   0.59858846268676416
 -0.26278492456000000   0.59859110317955413
 -0.26277692456000000   0.59859374421386487
 -0.26276892456000000   0.59859638576958785
 -0.26276092456000000   0.59859902782436824
 -0.26275292456000000   0.59860167035385501
 -0.26274492456000000   0.59860431333197031
 -0.26273692456000000   0.59860695673119585
 -0.26272892456000000   0.59860960052287470
 -0.26272092456000000   0.59861224467752599
 -0.26271292456000000   0.59861488916517080
 -0.26270492456000000   0.59861753395566633
 -0.26269692456000000   0.59862017901904632
 -0.26268892456000000   0.59862282432586498
 -0.26268092456000000   0.59862546984754222
 -0.26267292456000000   0.59862811555670703
 -0.26266492456000000   0.59863076142753711
 -0.26265692456000000   0.59863340743609165
 -0.26264892456000000   0.59863605356063497
 -0.26264092456000000   0.59863869978194856
 -0.26263292456000000   0.59864134608362886
 -0.26262492456000000   0.59864399245236904
 -0.26261692456000000   0.59864663887822173
 -0.26260892456000000   0.59864928535484136
 -0.26260092456000000   0.59865193187970388
 -0.26259292456000000   0.59865457845430204
 -0.26258492456000000   0.59865722508431480
 -0.26257692456000000   0.59865987177974907
 -0.26256892456000000   0.59866251855505322
 -0.26256092456000000   0.59866516542920051
 -0.26255292456000000   0.59866781242574238
 -0.26254492456000000   0.59867045957283040
 -0.26253692456000000   0.59867310690320674
 -0.26252892456000000   0.59867575445416315
 -0.26252092456000000   0.59867840226746804
 -0.26251292456000000   0.59868105038926234
 -0.26250492456000000   0.59868369886992434
 -0.26249692456000000   0.59868634776390444
 -0.26248892456000000   0.59868899712953024
 -0.26248092456000000   0.59869164702878376
 -0.26247292456000000   0.59869429752705129
 -0.26246492456000000   0.59869694869284799
 -0.26245692456000000   0.59869960059751836
 -0.26244892456000000   0.59870225331491477
 -0.26244092456000000   0.59870490692105575
 -0.26243292456000000   0.59870756149376626
 -0.26242492456000000   0.59871021711230217
 -0.26241692456000000   0.59871287385696122
 -0.26240892456000000   0.59871553180868296
 -0.26240092456000000   0.59871819104864016
 -0.26239292456000000   0.59872085165782463
 -0.26238492456000000   0.59872351371662931
 -0.26237692456000000   0.59872617730443066
 -0.26236892456000000   0.59872884249917265
 -0.26236092456000000   0.59873150937695627
 -0.26235292456000000   0.59873417801163689
 -0.26234492456000000   0.59873684847443195
 -0.26233692456000000   0.59873952083354237
 -0.26232892456000000   0.59874219515378972
 -0.26232092456000000   0.59874487149627212
 -0.26231292456000000   0.59874754991804115
 -0.26230492456000000   0.59875023047180249
 -0.26229692456000000   0.59875291320564205
 -0.26228892456000000   0.59875559816278033
 -0.26228092456000000   0.59875828538135655
 -0.26227292456000000   0.59876097489424433
 -0.26226492456000000   0.59876366672890097
 -0.26225692456000000   0.59876636090725116
 -0.26224892456000000   0.59876905744560662
 -0.26224092456000000   0.59877175635462244
 -0.26223292456000000   0.59877445763929100
 -0.26222492456000000   0.59877716129897345
 -0.26221692456000000   0.59877986732746945
 -0.26220892456000000   0.59878257571312462
 -0.26220092456000000   0.59878528643897511
 -0.26219292456000000   0.59878799948292937
 -0.26218492456000000   0.59879071481798504
 -0.26217692456000000   0.59879343241248050
 -0.26216892456000000   0.59879615223037912
 -0.26216092456000000   0.59879887423158443
 -0.26215292456000000   0.59880159837228403
 -0.26214492456000000   0.59880432460532004
 -0.26213692456000000   0.59880705288058336
 -0.26212892456000000   0.59880978314542875
 -0.26212092456000000   0.59881251534510822
 -0.26211292456000000   0.59881524942321880
 -0.26210492456000000   0.59881798532216203
 -0.26209692456000000   0.59882072298361127
 -0.26208892456000000   0.59882346234898321
 -0.26208092456000000   0.59882620335991047
 -0.26207292456000000   0.59882894595871077
 -0.26206492456000000   0.59883169008884977
 -0.26205692456000000   0.59883443569539335
 -0.26204892456000000   0.59883718272544599
 -0.26204092456000000   0.59883993112857166
 -0.26203292456000000   0.59884268085719363
 -0.26202492456000000   0.59884543186697033
 -0.26201692456000000   0.59884818411714332
 -0.26200892456000000   0.59885093757085563
 -0.26200092456000000   0.59885369219543651
 -0.26199292456000000   0.59885644796265110
 -0.26198492456000000   0.59885920484891217
 -0.26197692456000000   0.59886196283545217
 -0.26196892456000000   0.59886472190845413
 -0.26196092456000000   0.59886748205913982
 -0.26195292456000000   0.59887024328381412
 -0.26194492456000000   0.59887300558386494
 -0.26193692456000000   0.59887576896571837
 -0.26192892456000000   0.59887853344074886
 -0.26192092456000000   0.59888129902514450
 -0.26191292456000000   0.59888406573972849
 -0.26190492456000000   0.59888683360973714
 -0.26189692456000000   0.59888960266455589
 -0.26188892456000000   0.59889237293741482
 -0.26188092456000000   0.59889514446504541
 -0.26187292456000000   0.59889791728730075
 -0.26186492456000000   0.59890069144674137
 -0.26185692456000000   0.59890346698818964
 -0.26184892456000000   0.59890624395825536
 -0.26184092456000000   0.59890902240483566
 -0.26183292456000000   0.59891180237659279
 -0.26182492456000000   0.59891458392241309
 -0.26181692456000000   0.59891736709085087
 -0.26180892456000000   0.59892015192956120
 -0.26180092456000000   0.59892293848472541
 -0.26179292456000000   0.59892572680047367
 -0.26178492456000000   0.59892851691830857
 -0.26177692456000000   0.59893130887653400
 -0.26176892456000000   0.59893410270969410
 -0.26176092456000000   0.59893689844802572
 -0.26175292456000000   0.59893969611692945
 -0.26174492456000000   0.59894249573646326
 -0.26173692456000000   0.59894529732086272
 -0.26172892456000000   0.59894810087809204
 -0.26172092456000000   0.59895090640942985
 -0.26171292456000000   0.59895371390909351
 -0.26170492456000000   0.59895652336390543
 -0.26169692456000000   0.59895933475300481
 -0.26168892456000000   0.59896214804760773
 -0.26168092456000000   0.59896496321081864
 -0.26167292456000000   0.59896778019749525
 -0.26166492456000000   0.59897059895416937
 -0.26165692456000000   0.59897341941902508
 -0.26164892456000000   0.59897624152193557
 -0.26164092456000000   0.59897906518455973
 -0.26163292456000000   0.59898189032049848
 -0.26162492456000000   0.59898471683551130
 -0.26161692456000000   0.59898754462779194
 -0.26160892456000000   0.59899037358830240
 -0.26160092456000000   0.59899320360116421
 -0.26159292456000000   0.59899603454410393
 -0.26158492456000000   0.59899886628895147
 -0.26157692456000000   0.59900169870218747
 -0.26156892456000000   0.59900453164553685
 -0.26156092456000000   0.59900736497660434
 -0.26155292456000000   0.59901019854954797
 -0.26154492456000000   0.59901303221578564
 -0.26153692456000000   0.59901586582473015
 -0.26152892456000000   0.59901869922454712
 -0.26152092456000000   0.59902153226293039
 -0.26151292456000000   0.59902436478788932
 -0.26150492456000000   0.59902719664854200
 -0.26149692456000000   0.59903002769590834
 -0.26148892456000000   0.59903285778369730
 -0.26148092456000000   0.59903568676908201
 -0.26147292456000000   0.59903851451345694
 -0.26146492456000000   0.59904134088317144
 -0.26145692456000000   0.59904416575023369
 -0.26144892456000000   0.59904698899298013
 -0.26144092456000000   0.59904981049670461
 -0.26143292456000000   0.59905263015424315
 -0.26142492456000000   0.59905544786650897
 -0.26141692456000000   0.59905826354297448
 -0.26140892456000000   0.59906107710209603
 -0.26140092456000000   0.59906388847167851
 -0.26139292456000000   0.59906669758917656
 -0.26138492456000000   0.59906950440193076
 -0.26137692456000000   0.59907230886733639
 -0.26136892456000000   0.59907511095294374
 -0.26136092456000000   0.59907791063648929
 -0.26135292456000000   0.59908070790585702
 -0.26134492456000000   0.59908350275897082
 -0.26133692456000000   0.59908629520361756
 -0.26132892456000000   0.59908908525720334
 -0.26132092456000000   0.59909187294644329
 -0.26131292456000000   0.59909465830698794
 -0.26130492456000000   0.59909744138298800
 -0.26129692456000000   0.59910022222660090
 -0.26128892456000000   0.59910300089744201
 -0.26128092456000000   0.59910577746198443
 -0.26127292456000000   0.59910855199291130
 -0.26126492456000000   0.59911132456842458
 -0.26125692456000000   0.59911409527151526
 -0.26124892456000000   0.59911686418919977
 -0.26124092456000000   0.59911963141172708
 -0.26123292456000000   0.59912239703176272
 -0.26122492456000000   0.59912516114355400
 -0.26121692456000000   0.59912792384208295
 -0.26120892456000000   0.59913068522221223
 -0.26120092456000000   0.59913344537782977
 -0.26119292456000000   0.59913620440099812
 -0.26118492456000000   0.59913896238111455
 -0.26117692456000000   0.59914171940408739
 -0.26116892456000000   0.59914447555153494
 -0.26116092456000000   0.59914723090001249
 -0.26115292456000000   0.59914998552027335
 -0.26114492456000000   0.59915273947656936
 -0.26113692456000000   0.59915549282599656
 -0.26112892456000000   0.59915824561789085
 -0.26112092456000000   0.59916099789327929
 -0.26111292456000000   0.59916374968439100
 -0.26110492456000000   0.59916650101423294
 -0.26109692456000000   0.59916925189623376
 -0.26108892456000000   0.59917200233396009
 -0.26108092456000000   0.59917475232090782
 -0.26107292456000000   0.59917750184037192
 -0.26106492456000000   0.59918025086539607
 -0.26105692456000000   0.59918299935880445
 -0.26104892456000000   0.59918574727331647
 -0.26104092456000000   0.59918849455174487
 -0.26103292456000000   0.59919124112727708
 -0.26102492456000000   0.59919398692383899
 -0.26101692456000000   0.59919673185653943
 -0.26100892456000000   0.59919947583219345
 -0.26100092456000000   0.59920221874992131
 -0.26099292456000000   0.59920496050181962
 -0.26098492456000000   0.59920770097370054
 -0.26097692456000000   0.59921044004589414
 -0.26096892456000000   0.59921317759410863
 -0.26096092456000000   0.59921591349034201
 -0.26095292456000000   0.59921864760383931
 -0.26094492456000000   0.59922137980208786
 -0.26093692456000000   0.59922410995184365
 -0.26092892456000000   0.59922683792018050
 -0.26092092456000000   0.59922956357555492
 -0.26091292456000000   0.59923228678887758
 -0.26090492456000000   0.59923500743458360
 -0.26089692456000000   0.59923772539169321
 -0.26088892456000000   0.59924044054485457
 -0.26088092456000000   0.59924315278536021
 -0.26087292456000000   0.59924586201212946
 -0.26086492456000000   0.59924856813264883
 -0.26085692456000000   0.59925127106386310
 -0.26084892456000000   0.59925397073301000
 -0.26084092456000000   0.59925666707839171
 -0.26083292456000000   0.59925936005007728
 -0.26082492456000000   0.59926204961053050
 -0.26081692456000000   0.59926473573515761
 -0.26080892456000000   0.59926741841277128
 -0.26080092456000000   0.59927009764596663
 -0.26079292456000000   0.59927277345140594
 -0.26078492456000000   0.59927544586001029
 -0.26077692456000000   0.59927811491705540
 -0.26076892456000000   0.59928078068217155
 -0.26076092456000000   0.59928344322924575
 -0.26075292456000000   0.59928610264622780
 -0.26074492456000000   0.59928875903483926
 -0.26073692456000000   0.59929141251018818
 -0.26072892456000000   0.59929406320029028
 -0.26072092456000000   0.59929671124549964
 -0.26071292456000000   0.59929935679785136
 -0.26070492456000000   0.59930200002032016
 -0.26069692456000000   0.59930464108599813
 -0.26068892456000000   0.59930728017719624
 -0.26068092456000000   0.59930991748447463
 -0.26067292456000000   0.59931255320560604
 -0.26066492456000000   0.59931518754447860
 -0.26065692456000000   0.59931782070994342
 -0.26064892456000000   0.59932045291461342
 -0.26064092456000000   0.59932308437361950
 -0.26063292456000000   0.59932571530333126
 -0.26062492456000000   0.59932834592004946
 -0.26061692456000000   0.59933097643867709
 -0.26060892456000000   0.59933360707137730
 -0.26060092456000000   0.59933623802622584
 -0.26059292456000000   0.59933886950586613
 -0.26058492456000000   0.59934150170617561
 -0.26057692456000000   0.59934413481495160
 -0.26056892456000000   0.59934676901062581
 -0.26056092456000000   0.59934940446101593
 -0.26055292456000000   0.59935204132212389
 -0.26054492456000000   0.59935467973698914
 -0.26053692456000000   0.59935731983460656
 -0.26052892456000000   0.59935996172891765
 -0.26052092456000000   0.59936260551788413
 -0.26051292456000000   0.59936525128265224
 -0.26050492456000000   0.59936789908681663
 -0.26049692456000000   0.59937054897579148
 -0.26048892456000000   0.59937320097629671
 -0.26048092456000000   0.59937585509596613
 -0.26047292456000000   0.59937851132308424
 -0.26046492456000000   0.59938116962645705
 -0.26045692456000000   0.59938382995542196
 -0.26044892456000000   0.59938649224000052
 -0.26044092456000000   0.59938915639119714
 -0.26043292456000000   0.59939182230144508
 -0.26042492456000000   0.59939448984520097
 -0.26041692456000000   0.59939715887968635
 -0.26040892456000000   0.59939982924577502
 -0.26040092456000000   0.59940250076902232
 -0.26039292456000000   0.59940517326083174
 -0.26038492456000000   0.59940784651975293
 -0.26037692456000000   0.59941052033290334
 -0.26036892456000000   0.59941319447750493
 -0.26036092456000000   0.59941586872252580
 -0.26035292456000000   0.59941854283041544
 -0.26034492456000000   0.59942121655892136
 -0.26033692456000000   0.59942388966297351
 -0.26032892456000000   0.59942656189662287
 -0.26032092456000000   0.59942923301501847
 -0.26031292456000000   0.59943190277640845
 -0.26030492456000000   0.59943457094414849
 -0.26029692456000000   0.59943723728870198
 -0.26028892456000000   0.59943990158961631
 -0.26028092456000000   0.59944256363745856
 -0.26027292456000000   0.59944522323569576
 -0.26026492456000000   0.59944788020250464
 -0.26025692456000000   0.59945053437249577
 -0.26024892456000000   0.59945318559833939
 -0.26024092456000000   0.59945583375227945
 -0.26023292456000000   0.59945847872752442
 -0.26022492456000000   0.59946112043950415
 -0.26021692456000000   0.59946375882698321
 -0.26020892456000000   0.59946639385302239
 -0.26020092456000000   0.59946902550578118
 -0.26019292456000000   0.59947165379915554
 -0.26018492456000000   0.59947427877324587
 -0.26017692456000000   0.59947690049465227
 -0.26016892456000000   0.59947951905659405
 -0.26016092456000000   0.59948213457885282
 -0.26015292456000000   0.59948474720753864
 -0.26014492456000000   0.59948735711467996
 -0.26013692456000000   0.59948996449763925
 -0.26012892456000000   0.59949256957835629
 -0.26012092456000000   0.59949517260242298
 -0.26011292456000000   0.59949777383799297
 -0.26010492456000000   0.59950037357453103
 -0.26009692456000000   0.59950297212140698
 -0.26008892456000000   0.59950556980634017
 -0.26008092456000000   0.59950816697370019
 -0.26007292456000000   0.59951076398267071
 -0.26006492456000000   0.59951336120528355
 -0.26005692456000000   0.59951595902433030
 -0.26004892456000000   0.59951855783115981
 -0.26004092456000000   0.59952115802337001
 -0.26003292456000000   0.59952376000240305
 -0.26002492456000000   0.59952636417105403
 -0.26001692456000000   0.59952897093090320
 -0.26000892456000000   0.59953158067968339
 -0.26000092456000000   0.59953419380859430
 -0.25999292456000000   0.59953681069957688
 -0.25998492456000000   0.59953943172256166
 -0.25997692456000000   0.59954205723270601
 -0.25996892456000000   0.59954468756763619
 -0.25996092456000000   0.59954732304471163
 -0.25995292456000000   0.59954996395832961
 -0.25994492456000000   0.59955261057728979
 -0.25993692456000000   0.59955526314223901
 -0.25992892456000000   0.59955792186321848
 -0.25992092456000000   0.59956058691733513
 -0.25991292456000000   0.59956325844658105
 -0.25990492456000000   0.59956593655582504
 -0.25989692456000000   0.59956862131100020
 -0.25988892456000000   0.59957131273751266
 -0.25988092456000000   0.59957401081889562
 -0.25987292456000000   0.59957671549573268
 -0.25986492456000000   0.59957942666487338
 -0.25985692456000000   0.59958214417896305
 -0.25984892456000000   0.59958486784630689
 -0.25984092456000000   0.59958759743108596
 -0.25983292456000000   0.59959033265394074
 -0.25982492456000000   0.59959307319293447
 -0.25981692456000000   0.59959581868490491
 -0.25980892456000000   0.59959856872720950
 -0.25980092456000000   0.59960132287986498
 -0.25979292456000000   0.59960408066807753
 -0.25978492456000000   0.59960684158515503
 -0.25977692456000000   0.59960960509578899
 -0.25976892456000000   0.59961237063968749
 -0.25976092456000000   0.59961513763553732
 -0.25975292456000000   0.59961790548526808
 -0.25974492456000000   0.59962067357858706
 -0.25973692456000000   0.59962344129775009
 -0.25972892456000000   0.59962620802253004
 -0.25972092456000000   0.59962897313534227
 -0.25971292456000000   0.59963173602648380
 -0.25970492456000000   0.59963449609944186
 -0.25969692456000000   0.59963725277622721
 -0.25968892456000000   0.59964000550268705
 -0.25968092456000000   0.59964275375375351
 -0.25967292456000000   0.59964549703858551
 -0.25966492456000000   0.59964823490556354
 -0.25965692456000000   0.59965096694710007
 -0.25964892456000000   0.59965369280423137
 -0.25964092456000000   0.59965641217096030
 -0.25963292456000000   0.59965912479832375
 -0.25962492456000000   0.59966183049816254
 -0.25961692456000000   0.59966452914657594
 -0.25960892456000000   0.59966722068704674
 -0.25960092456000000   0.59966990513322826
 -0.25959292456000000   0.59967258257138670
 -0.25958492456000000   0.59967525316249743
 -0.25957692456000000   0.59967791714399593
 -0.25956892456000000   0.59968057483118770
 -0.25956092456000000   0.59968322661832200
 -0.25955292456000000   0.59968587297933817
 -0.25954492456000000   0.59968851446829200
 -0.25953692456000000   0.59969115171947144
 -0.25952892456000000   0.59969378544720986
 -0.25952092456000000   0.59969641644540492
 -0.25951292456000000   0.59969904558674857
 -0.25950492456000000   0.59970167382167271
 -0.25949692456000000   0.59970430217701142
 -0.25948892456000000   0.59970693175437804
 -0.25948092456000000   0.59970956372825157
 -0.25947292456000000   0.59971219934376234
 -0.25946492456000000   0.59971483991416264
 -0.25945692456000000   0.59971748681796299
 -0.25944892456000000   0.59972014149570919
 -0.25944092456000000   0.59972280544637020
 -0.25943292456000000   0.59972548022330092
 -0.25942492456000000   0.59972816742973819
 -0.25941692456000000   0.59973086871378322
 -0.25940892456000000   0.59973358576281765
 -0.25940092456000000   0.59973632029729587
 -0.25939292456000000   0.59973907406385166
 -0.25938492456000000   0.59974184882765403
 -0.25937692456000000   0.59974464636394443
 -0.25936892456000000   0.59974746844868710
 -0.25936092456000000   0.59975031684826550
 -0.25935292456000000   0.59975319330816097
 -0.25934492456000000   0.59975609954055645
 -0.25933692456000000   0.59975903721081851
 -0.25932892456000000   0.59976200792282334
 -0.25932092456000000   0.59976501320311219
 -0.25931292456000000   0.59976805448388430
 -0.25930492456000000   0.59977113308486421
 -0.25929692456000000   0.59977425019411553
 -0.25928892456000000   0.59977740684791303
 -0.25928092456000000   0.59978060390983222
 -0.25927292456000000   0.59978384204926631
 -0.25926492456000000   0.59978712171963745
 -0.25925692456000000   0.59979044313662790
 -0.25924892456000000   0.59979380625681718
 -0.25924092456000000   0.59979721075717070
 -0.25923292456000000   0.59980065601587946
 -0.25922492456000000   0.59980414109509748
 -0.25921692456000000   0.59980766472615798
 -0.25920892456000000   0.59981122529786788
 -0.25920092456000000   0.59981482084847828
 -0.25919292456000000   0.59981844906190279
 -0.25918492456000000   0.59982210726870245
 -0.25917692456000000   0.59982579245227487
 -0.25916892456000000   0.59982950126057446
 -0.25916092456000000   0.59983323002355369
 -0.25915292456000000   0.59983697477635363
 -0.25914492456000000   0.59984073128809573
 -0.25913692456000000   0.59984449509593743
 -0.25912892456000000   0.59984826154386784
 -0.25912092456000000   0.59985202582554225
 -0.25911292456000000   0.59985578303029706
 -0.25910492456000000   0.59985952819136030
 -0.25909692456000000   0.59986325633518487
 -0.25908892456000000   0.59986696253078692
 -0.25908092456000000   0.59987064193797507
 -0.25907292456000000   0.59987428985340467
 -0.25906492456000000   0.59987790175348484
 -0.25905692456000000   0.59988147333329466
 -0.25904892456000000   0.59988500054082369
 -0.25904092456000000   0.59988847960602944
 -0.25903292456000000   0.59989190706438990
 -0.25902492456000000   0.59989527977481448
 -0.25901692456000000   0.59989859493195022
 -0.25900892456000000   0.59990185007307689
 -0.25900092456000000   0.59990504307991782
 -0.25899292456000000   0.59990817217579901
 -0.25898492456000000   0.59991123591866743
 -0.25897692456000000   0.59991423319052939
 -0.25896892456000000   0.59991716318389417
 -0.25896092456000000   0.59992002538580888
 -0.25895292456000000   0.59992281956005247
 -0.25894492456000000   0.59992554572802276
 -0.25893692456000000   0.59992820414880566
 -0.25892892456000000   0.59993079529886246
 -0.25892092456000000   0.59993331985171471
 -0.25891292456000000   0.59993577865794798
 -0.25890492456000000   0.59993817272579831
 -0.25889692456000000   0.59994050320253201
 -0.25888892456000000   0.59994277135677843
 -0.25888092456000000   0.59994497856193146
 -0.25887292456000000   0.59994712628069515
 -0.25886492456000000   0.59994921605081583
 -0.25885692456000000   0.59995124947201425
 -0.25884892456000000   0.59995322819410776
 -0.25884092456000000   0.59995515390629490
 -0.25883292456000000   0.59995702832755917
 -0.25882492456000000   0.59995885319813975
 -0.25881692456000000   0.59996063027200809
 -0.25880892456000000   0.59996236131028557
 -0.25880092456000000   0.59996404807553487
 -0.25879292456000000   0.59996569232685617
 -0.25878492456000000   0.59996729581572180
 -0.25877692456000000   0.59996886028248285
 -0.25876892456000000   0.59997038745348522
 -0.25876092456000000   0.59997187903873584
 -0.25875292456000000   0.59997333673006249
 -0.25874492456000000   0.59997476219971526
 -0.25873692456000000   0.59997615709936174
 -0.25872892456000000   0.59997752305943133
 -0.25872092456000000   0.59997886168876831
 -0.25871292456000000   0.59998017457455714
 -0.25870492456000000   0.59998146328248653
 -0.25869692456000000   0.59998272935712278
 -0.25868892456000000   0.59998397432246500
 -0.25868092456000000   0.59998519968265941
 -0.25867292456000000   0.59998640692284998
 -0.25866492456000000   0.59998759751014804
 -0.25865692456000000   0.59998877289470317
 -0.25864892456000000   0.59998993451086092
 -0.25864092456000000   0.59999108377839484
 -0.25863292456000000   0.59999222210380068
 -0.25862492456000000   0.59999335088164346
 -0.25861692456000000   0.59999447149594810
 -0.25860892456000000   0.59999558532162613
 -0.25860092456000000   0.59999669372593150
 -0.25859292456000000   0.59999779806993950
 -0.25858492456000000   0.59999889971004289
 -0.25857692456000000   0.59999999999946085
 -0.25856892456000000   0.60000110028975534
 -0.25856092456000000   0.60000220193235103
 -0.25855292456000000   0.60000330628005398
 -0.25854492456000000   0.60000441468856509
 -0.25853692456000000   0.60000552851798361
 -0.25852892456000000   0.60000664913429605
 -0.25852092456000000   0.60000777791084548
 -0.25851292456000000   0.60000891622977563
 -0.25850492456000000   0.60001006548344354
 -0.25849692456000000   0.60001122707579398
 -0.25848892456000000   0.60001240242368768
 -0.25848092456000000   0.60001359295817453
 -0.25847292456000000   0.60001480012570168
 -0.25846492456000000   0.60001602538924517
 -0.25845692456000000   0.60001727022935202
 -0.25844892456000000   0.60001853614507771
 -0.25844092456000000   0.60001982465480301
 -0.25843292456000000   0.60002113729691059
 -0.25842492456000000   0.60002247563030062
 -0.25841692456000000   0.60002384123472110
 -0.25840892456000000   0.60002523571088683
 -0.25840092456000000   0.60002666068035660
 -0.25839292456000000   0.60002811778513611
 -0.25838492456000000   0.60002960868696993
 -0.25837692456000000   0.60003113506628283
 -0.25836892456000000   0.60003269862072620
 -0.25836092456000000   0.60003430106328247
 -0.25835292456000000   0.60003594411987602
 -0.25834492456000000   0.60003762952643551
 -0.25833692456000000   0.60003935902534968
 -0.25832892456000000   0.60004113436125472
 -0.25832092456000000   0.60004295727608981
 -0.25831292456000000   0.60004482950335550
 -0.25830492456000000   0.60004675276150906
 -0.25829692456000000   0.60004872874643210
 -0.25828892456000000   0.60005075912290862
 -0.25828092456000000   0.60005284551505671
 -0.25827292456000000   0.60005498949566446
 -0.25826492456000000   0.60005719257439223
 -0.25825692456000000   0.60005945618481728
 -0.25824892456000000   0.60006178167031588
 -0.25824092456000000   0.60006417026880124
 -0.25823292456000000   0.60006662309636369
 -0.25822492456000000   0.60006914112989298
 -0.25821692456000000   0.60007172518880203
 -0.25820892456000000   0.60007437591601400
 -0.25820092456000000   0.60007709375842457
 -0.25819292456000000   0.60007987894710258
 -0.25818492456000000   0.60008273147754748
 -0.25817692456000000   0.60008565109037728
 -0.25816892456000000   0.60008863725287460
 -0.25816092456000000   0.60009168914186767
 -0.25815292456000000   0.60009480562846502
 -0.25814492456000000   0.60009798526519197
 -0.25813692456000000   0.60010122627609299
 -0.25812892456000000   0.60010452655035964
 -0.25812092456000000   0.60010788364001702
 -0.25811292456000000   0.60011129476215168
 -0.25810492456000000   0.60011475680608478
 -0.25809692456000000   0.60011826634579211
 -0.25808892456000000   0.60012181965774052
 -0.25808092456000000   0.60012541274416252
 -0.25807292456000000   0.60012904136162122
 -0.25806492456000000   0.60013270105454316
 -0.25805692456000000   0.60013638719321992
 -0.25804892456000000   0.60014009501561129
 -0.25804092456000000   0.60014381967213521
 -0.25803292456000000   0.60014755627250709
 -0.25802492456000000   0.60015129993360698
 -0.25801692456000000   0.60015504582730735
 -0.25800892456000000   0.60015878922719443
 -0.25800092456000000   0.60016252555315831
 -0.25799292456000000   0.60016625041291388
 -0.25798492456000000   0.60016995963963330
 -0.25797692456000000   0.60017364932502098
 -0.25796892456000000   0.60017731584732965
 -0.25796092456000000   0.60018095589399446
 -0.25795292456000000   0.60018456647873897
 -0.25794492456000000   0.60018814495317645
 -0.25793692456000000   0.60019168901308246
 -0.25792892456000000   0.60019519669964534
 -0.25792092456000000   0.60019866639610781
 -0.25791292456000000   0.60020209682029024
 -0.25790492456000000   0.60020548701353920
 -0.25789692456000000   0.60020883632666950
 -0.25788892456000000   0.60021214440347300
 -0.25788092456000000   0.60021541116234987
 -0.25787292456000000   0.60021863677658793
 -0.25786492456000000   0.60022182165377112
 -0.25785692456000000   0.60022496641474875
 -0.25784892456000000   0.60022807187254014
 -0.25784092456000000   0.60023113901149306
 -0.25783292456000000   0.60023416896695795
 -0.25782492455999999   0.60023716300568616
 -0.25781692455999999   0.60024012250711083
 -0.25780892455999999   0.60024304894562461
 -0.25780092455999999   0.60024594387392902
 -0.25779292455999999   0.60024880890749623
 -0.25778492455999999   0.60025164571015637
 -0.25777692455999999   0.60025445598079987
 -0.25776892455999999   0.60025724144116646
 -0.25776092455999999   0.60026000382467833
 -0.25775292455999999   0.60026274486626515
 -0.25774492455999999   0.60026546629312125
 -0.25773692455999999   0.60026816981633251
 -0.25772892455999999   0.60027085712330716
 -0.25772092455999999   0.60027352987094681
 -0.25771292455999999   0.60027618967949431
 -0.25770492455999999   0.60027883812699904
 -0.25769692455999999   0.60028147674434355
 -0.25768892455999999   0.60028410701078035
 -0.25768092455999999   0.60028673034993228
 -0.25767292455999999   0.60028934812621527
 -0.25766492455999999   0.60029196164164793
 -0.25765692455999999   0.60029457213301684
 -0.25764892455999999   0.60029718076937278
 -0.25764092455999999   0.60029978864983713
 -0.25763292455999999   0.60030239680170300
 -0.25762492455999999   0.60030500617881956
 -0.25761692455999999   0.60030761766025313
 -0.25760892455999999   0.60031023204922018
 -0.25760092455999999   0.60031285007229320
 -0.25759292455999999   0.60031547237888053
 -0.25758492455999999   0.60031809954098510
 -0.25757692455999999   0.60032073205324779
 -0.25756892455999999   0.60032337033328246
 -0.25756092455999999   0.60032601472231012
 -0.25755292455999999   0.60032866548609941
 -0.25754492455999999   0.60033132281622031
 -0.25753692455999999   0.60033398683161634
 -0.25752892455999999   0.60033665758049890
 -0.25752092455999999   0.60033933504256540
 -0.25751292455999999   0.60034201913153967
 -0.25750492455999999   0.60034470969803055
 -0.25749692455999999   0.60034740653270054
 -0.25748892455999999   0.60035010936973358
 -0.25748092455999999   0.60035281789058627
 -0.25747292455999999   0.60035553172800389
 -0.25746492455999999   0.60035825047027763
 -0.25745692455999999   0.60036097366571724
 -0.25744892455999999   0.60036370082730813
 -0.25744092455999999   0.60036643143752042
 -0.25743292455999999   0.60036916495323318
 -0.25742492455999999   0.60037190081073636
 -0.25741692455999999   0.60037463843077008
 -0.25740892455999999   0.60037737722356046
 -0.25740092455999999   0.60038011659381059
 -0.25739292455999999   0.60038285594560582
 -0.25738492455999999   0.60038559468719267
 -0.25737692455999999   0.60038833223559338
 -0.25736892455999999   0.60039106802101899
 -0.25736092455999999   0.60039380149104792
 -0.25735292455999999   0.60039653211453882
 -0.25734492455999999   0.60039925938525114
 -0.25733692455999999   0.60040198282515048
 -0.25732892455999999   0.60040470198737940
 -0.25732092455999999   0.60040741645887966
 -0.25731292455999999   0.60041012586265503
 -0.25730492455999999   0.60041282985966917
 -0.25729692455999999   0.60041552815037649
 -0.25728892455999999   0.60041822047588807
 -0.25728092455999999   0.60042090661877852
 -0.25727292455999999   0.60042358640354301
 -0.25726492455999999   0.60042625969671640
 -0.25725692455999999   0.60042892640666968
 -0.25724892455999999   0.60043158648310042
 -0.25724092455999999   0.60043423991623644
 -0.25723292455999999   0.60043688673577298
 -0.25722492455999999   0.60043952700956451
 -0.25721692455999999   0.60044216084209412
 -0.25720892455999999   0.60044478837274191
 -0.25720092455999999   0.60044740977387600
 -0.25719292455999999   0.60045002524878781
 -0.25718492455999999   0.60045263502949419
 -0.25717692455999999   0.60045523937442724
 -0.25716892455999999   0.60045783856603297
 -0.25716092455999999   0.60046043290829798
 -0.25715292455999999   0.60046302272422362
 -0.25714492455999999   0.60046560835326471
 -0.25713692455999999   0.60046819014875015
 -0.25712892455999999   0.60047076847530062
 -0.25712092455999999   0.60047334370625848
 -0.25711292455999999   0.60047591622114315
 -0.25710492455999999   0.60047848640314493
 -0.25709692455999999   0.60048105463666926
 -0.25708892455999999   0.60048362130494177
 -0.25708092455999999   0.60048618678768524
 -0.25707292455999999   0.60048875145887729
 -0.25706492455999999   0.60049131568459824
 -0.25705692455999999   0.60049387982097685
 -0.25704892455999999   0.60049644421224236
 -0.25704092455999999   0.60049900918888952
 -0.25703292455999999   0.60050157506596368
 -0.25702492455999999   0.60050414214147234
 -0.25701692455999999   0.60050671069492868
 -0.25700892455999999   0.60050928098603281
 -0.25700092455999999   0.60051185325349571
 -0.25699292455999999   0.60051442771401002
 -0.25698492455999999   0.60051700456137200
 -0.25697692455999999   0.60051958396575775
 -0.25696892455999999   0.60052216607315659
 -0.25696092455999999   0.60052475100496383
 -0.25695292455999999   0.60052733885773386
 -0.25694492455999999   0.60052834745298033
 -0.25693692455999999   0.60053111639427074
 -0.25692892455999999   0.60053388955503404
 -0.25692092455999999   0.60053666689091521
 -0.25691292455999999   0.60053944833095508
 -0.25690492455999999   0.60054223377827058
 -0.25689692455999999   0.60054502311090012
 -0.25688892455999999   0.60054781618280825
 -0.25688092455999999   0.60055061282504183
 -0.25687292455999999   0.60055341284703004
 -0.25686492455999999   0.60055621603801736
 -0.25685692455999999   0.60055902216862000
 -0.25684892455999999   0.60056183099249291
 -0.25684092455999999   0.60056464224809467
 -0.25683292455999999   0.60056745566053675
 -0.25682492455999999   0.60057027094350257
 -0.25681692455999999   0.60057308780122060
 -0.25680892455999999   0.60057590593047692
 -0.25680092455999999   0.60057872502265037
 -0.25679292455999999   0.60058154476575493
 -0.25678492455999999   0.60058436484647274
 -0.25677692455999999   0.60058718495216274
 -0.25676892455999999   0.60059000477282860
 -0.25676092455999999   0.60059282400303196
 -0.25675292455999999   0.60059564234373627
 -0.25674492455999999   0.60059845950406828
 -0.25673692455999999   0.60060127520298467
 -0.25672892455999999   0.60060408917083283
 -0.25672092455999999   0.60060690115079554
 -0.25671292455999999   0.60060971090021118
 -0.25670492455999999   0.60061251819176170
 -0.25669692455999999   0.60061532281452244
 -0.25668892455999999   0.60061812457486949
 -0.25668092455999999   0.60062092329724065
 -0.25667292455999999   0.60062371882474864
 -0.25666492455999999   0.60062651101964592
 -0.25665692455999999   0.60062929976364129
 -0.25664892455999999   0.60063208495807091
 -0.25664092455999999   0.60063486652392614
 -0.25663292455999999   0.60063764440174256
 -0.25662492455999999   0.60064041855135510
 -0.25661692455999999   0.60064318895152505
 -0.25660892455999999   0.60064595559944576
 -0.25660092455999999   0.60064871851013401
 -0.25659292455999999   0.60065147771571521
 -0.25658492455999999   0.60065423326461026
 -0.25657692455999999   0.60065698522063314
 -0.25656892455999999   0.60065973366200790
 -0.25656092455999999   0.60066247868031417
 -0.25655292455999999   0.60066522037937033
 -0.25654492455999999   0.60066795887406389
 -0.25653692455999999   0.60067069428913810
 -0.25652892455999999   0.60067342675794371
 -0.25652092455999999   0.60067615642116570
 -0.25651292455999999   0.60067888342553294
 -0.25650492455999999   0.60068160792252022
 -0.25649692455999999   0.60068433006705049
 -0.25648892455999999   0.60068705001620601
 -0.25648092455999999   0.60068976792795591
 -0.25647292455999999   0.60069248395990792
 -0.25646492455999999   0.60069519826809152
 -0.25645692455999999   0.60069791100577930
 -0.25644892455999999   0.60070062232235324
 -0.25644092455999999   0.60070333236222188
 -0.25643292455999999   0.60070604126379448
 -0.25642492455999999   0.60070874915851708
 -0.25641692455999999   0.60071145616997597
 -0.25640892455999999   0.60071416241307268
 -0.25640092455999999   0.60071686799327481
 -0.25639292455999999   0.60071957300594632
 -0.25638492455999999   0.60072227753576034
 -0.25637692455999999   0.60072498165619730
 -0.25636892455999999   0.60072768542913046
 -0.25636092455999999   0.60073038890450055
 -0.25635292455999999   0.60073309212008075
 -0.25634492455999999   0.60073579510133207
 -0.25633692455999999   0.60073849786135000
 -0.25632892455999999   0.60074120040090088
 -0.25632092455999999   0.60074390270854780
 -0.25631292455999999   0.60074660476086346
 -0.25630492455999999   0.60074930652272855
 -0.25629692455999999   0.60075200794771194
 -0.25628892455999999   0.60075470897853004
 -0.25628092455999999   0.60075740954758068
 -0.25627292455999999   0.60076010957754790
 -0.25626492455999999   0.60076280898207167
 -0.25625692455999999   0.60076550766647791
 -0.25624892455999999   0.60076820552856276
 -0.25624092455999999   0.60077090245942468
 -0.25623292455999999   0.60077359834433796
 -0.25622492455999999   0.60077629306366102
 -0.25621692455999999   0.60077898649377221
 -0.25620892455999999   0.60078167850802585
 -0.25620092455999999   0.60078436897772165
 -0.25619292455999999   0.60078705777307950
 -0.25618492455999999   0.60078974476421308
 -0.25617692455999999   0.60079242982209431
 -0.25616892455999999   0.60079511281950254
 -0.25616092455999999   0.60079779363195046
 -0.25615292455999999   0.60080047213858119
 -0.25614492455999999   0.60080314822302990
 -0.25613692455999999   0.60080582177424407
 -0.25612892455999999   0.60080849268725700
 -0.25612092455999999   0.60081116086390976
 -0.25611292455999999   0.60081382621351694
 -0.25610492455999999   0.60081648865347243
 -0.25609692455999999   0.60081914810979165
 -0.25608892455999999   0.60082180451758760
 -0.25608092455999999   0.60082445782147831
 -0.25607292455999999   0.60082710797592426
 -0.25606492455999999   0.60082975494549434
 -0.25605692455999999   0.60083239870505993
 -0.25604892455999999   0.60083503923991747
 -0.25604092455999999   0.60083767654583925
 -0.25603292455999999   0.60084031062905412
 -0.25602492455999999   0.60084294150615965
 -0.25601692455999999   0.60084556920396683
 -0.25600892455999999   0.60084819375928097
 -0.25600092455999999   0.60085081521862047
 -0.25599292455999999   0.60085343363787692
 -0.25598492455999999   0.60085604908192017
 -0.25597692455999999   0.60085866162415176
 -0.25596892455999999   0.60086127134601050
 -0.25596092455999999   0.60086387833643469
 -0.25595292455999999   0.60086648269128507
 -0.25594492455999999   0.60086908451273266
 -0.25593692455999999   0.60087168390861667
 -0.25592892455999999   0.60087428099177618
 -0.25592092455999999   0.60087687587936101
 -0.25591292455999999   0.60087946869212610
 -0.25590492455999999   0.60088205955371381
 -0.25589692455999999   0.60088464858992937
 -0.25588892455999999   0.60088723592801332
 -0.25588092455999999   0.60088982169591601
 -0.25587292455999999   0.60089240602157813
 -0.25586492455999999   0.60089498903222201
 -0.25585692455999999   0.60089757085365715
 -0.25584892455999999   0.60090015160960482
 -0.25584092455999999   0.60090273142104483
 -0.25583292455999999   0.60090531040558865
 -0.25582492455999999   0.60090788867688210
 -0.25581692455999999   0.60091046634404085
 -0.25580892455999999   0.60091304351112222
 -0.25580092455999999   0.60091562027663534
 -0.25579292455999999   0.60091819673309299
 -0.25578492455999999   0.60092077296660708
 -0.25577692455999999   0.60092334905652994
 -0.25576892455999999   0.60092592507514301
 -0.25576092455999999   0.60092850108739487
 -0.25575292455999999   0.60093107715068925
 -0.25574492455999999   0.60093365331472436
 -0.25573692455999999   0.60093622962138388
 -0.25572892455999999   0.60093880610467995
 -0.25572092455999999   0.60094138279074804
 -0.25571292455999999   0.60094395969789334
 -0.25570492455999999   0.60094653683668799
 -0.25569692455999999   0.60094911421011795
 -0.25568892455999999   0.60095169181377834
 -0.25568092455999999   0.60095426963611528
 -0.25567292455999999   0.60095684765871251
 -0.25566492455999999   0.60095942585662038
 -0.25565692455999999   0.60096200419872447
 -0.25564892455999999   0.60096458264815122
 -0.25564092455999999   0.60096716116270748
 -0.25563292455999999   0.60096973969535014
 -0.25562492455999999   0.60097231819468333
 -0.25561692455999999   0.60097489660547831
 -0.25560892455999999   0.60097747486921308
 -0.25560092455999999   0.60098005292462733
 -0.25559292455999999   0.60098263070828876
 -0.25558492455999999   0.60098520815516660
 -0.25557692455999999   0.60098778519920847
 -0.25556892455999999   0.60099036177391606
 -0.25556092455999999   0.60099293781291570
 -0.25555292455999999   0.60099551325052020
 -0.25554492455999999   0.60099808802227739
 -0.25553692455999999   0.60100066206550212
 -0.25552892455999999   0.60100323531978807
 -0.25552092455999999   0.60100580772749583
 -0.25551292455999999   0.60100837923421409
 -0.25550492455999999   0.60101094978919121
 -0.25549692455999999   0.60101351934573456
 -0.25548892455999999   0.60101608786157461
 -0.25548092455999999   0.60101865529919279
 -0.25547292455999999   0.60102122162611015
 -0.25546492455999999   0.60102378681513644
 -0.25545692455999999   0.60102635084457746
 -0.25544892455999999   0.60102891369840074
 -0.25544092455999999   0.60103147536635836
 -0.25543292455999999   0.60103403584406700
 -0.25542492455999999   0.60103659513304547
 -0.25541692455999999   0.60103915324070976
 -0.25540892455999999   0.60104171018032658
 -0.25540092455999999   0.60104426597092636
 -0.25539292455999999   0.60104682063717662
 -0.25538492455999999   0.60104937420921786
 -0.25537692455999999   0.60105192672246270
 -0.25536892455999999   0.60105447821736143
 -0.25536092455999999   0.60105702873913476
 -0.25535292455999999   0.60105957833747721
 -0.25534492455999999   0.60106212706623287
 -0.25533692455999999   0.60106467498304642
 -0.25532892455999999   0.60106722214899209
 -0.25532092455999999   0.60106976862818322
 -0.25531292455999999   0.60107231448736548
 -0.25530492455999999   0.60107485979549673
 -0.25529692455999999   0.60107740462331611
 -0.25528892455999999   0.60107994904290596
 -0.25528092455999999   0.60108249312724902
 -0.25527292455999999   0.60108503694978422
 -0.25526492455999999   0.60108758058396422
 -0.25525692455999999   0.60109012410281685
 -0.25524892455999999   0.60109266757851434
 -0.25524092455999999   0.60109521108195230
 -0.25523292455999999   0.60109775468234164
 -0.25522492455999999   0.60110029844681575
 -0.25521692455999999   0.60110284244005547
 -0.25520892455999999   0.60110538672393447
 -0.25520092455999999   0.60110793135718662
 -0.25519292455999999   0.60111047639509826
 -0.25518492455999999   0.60111302188922617
 -0.25517692455999999   0.60111556788714422
 -0.25516892455999999   0.60111811443221885
 -0.25516092455999999   0.60112066156341593
 -0.25515292455999999   0.60112320931513923
 -0.25514492455999999   0.60112575771710175
 -0.25513692455999999   0.60112830679423078
 -0.25512892455999999   0.60113085656660670
 -0.25512092455999999   0.60113340704943618
 -0.25511292455999999   0.60113595825305947
 -0.25510492455999999   0.60113851018299188
 -0.25509692455999999   0.60114106283999860
 -0.25508892455999999   0.60114361622020259
 -0.25508092455999999   0.60114617031522438
 -0.25507292455999999   0.60114872511235276
 -0.25506492455999999   0.60115128059474502
 -0.25505692455999999   0.60115383674165521
 -0.25504892455999999   0.60115639352868865
 -0.25504092455999999   0.60115895092808107
 -0.25503292455999999   0.60116150890899982
 -0.25502492455999999   0.60116406743786529
 -0.25501692455999999   0.60116662647869032
 -0.25500892455999999   0.60116918599343467
 -0.25500092455999999   0.60117174594237242
 -0.25499292455999999   0.60117430628446946
 -0.25498492455999999   0.60117686697776835
 -0.25497692455999999   0.60117942797977802
 -0.25496892455999999   0.60118198924786520
 -0.25496092455999999   0.60118455073964538
 -0.25495292455999999   0.60118711241336982
 -0.25494492455999999   0.60118967422830666
 -0.25493692455999999   0.60119223614511337
 -0.25492892455999999   0.60119479812619737
 -0.25492092455999999   0.60119736013606344
 -0.25491292455999999   0.60119992214164480
 -0.25490492455999999   0.60120248411261621
 -0.25489692455999999   0.60120504602168658
 -0.25488892455999999   0.60120760784486996
 -0.25488092455999999   0.60121016956173255
 -0.25487292455999999   0.60121273115561466
 -0.25486492455999999   0.60121529261382622
 -0.25485692455999999   0.60121785392781488
 -0.25484892455999999   0.60122041509330550
 -0.25484092455999999   0.60122297611041081
 -0.25483292455999999   0.60122553698371253
 -0.25482492455999999   0.60122809772231259
 -0.25481692455999999   0.60123065833985472
 -0.25480892455999999   0.60123321885451628
 -0.25480092455999999   0.60123577928897090
 -0.25479292455999999   0.60123833967032231
 -0.25478492455999999   0.60124090003001014
 -0.25477692455999999   0.60124346040368867
 -0.25476892455999999   0.60124602083107943
 -0.25476092455999999   0.60124858135579900
 -0.25475292455999999   0.60125114202516333
 -0.25474492455999999   0.60125370288997007
 -0.25473692455999999   0.60125626400426037
 -0.25472892455999999   0.60125882542506224
 -0.25472092455999999   0.60126138721211677
 -0.25471292455999999   0.60126394942758963
 -0.25470492455999999   0.60126651213576918
 -0.25469692455999999   0.60126907540275395
 -0.25468892455999999   0.60127163929613083
 -0.25468092455999999   0.60127420388464660
 -0.25467292455999999   0.60127676923787445
 -0.25466492455999999   0.60127933542587802
 -0.25465692455999999   0.60128190251887477
 -0.25464892455999999   0.60128447058690081
 -0.25464092455999999   0.60128703969947941
 -0.25463292455999999   0.60128960992529492
 -0.25462492455999999   0.60129218133187424
 -0.25461692455999999   0.60129475398527792
 -0.25460892455999999   0.60129732794980228
 -0.25460092455999999   0.60129990328769446
 -0.25459292455999999   0.60130248005888235
 -0.25458492455999999   0.60130505832072058
 -0.25457692455999999   0.60130763812775414
 -0.25456892455999999   0.60131021953150081
 -0.25456092455999999   0.60131280258025407
 -0.25455292455999999   0.60131538731890687
 -0.25454492455999999   0.60131797378879767
 -0.25453692455999999   0.60132056202757955
 -0.25452892455999999   0.60132315206911254
 -0.25452092455999999   0.60132574394338021
 -0.25451292455999999   0.60132833767643062
 -0.25450492455999999   0.60133093329034160
 -0.25449692455999999   0.60133353080321077
 -0.25448892455999999   0.60133613022916971
 -0.25448092455999999   0.60133873157842230
 -0.25447292455999999   0.60134133485730664
 -0.25446492455999999   0.60134394006837983
 -0.25445692455999999   0.60134654721052489
 -0.25444892455999999   0.60134915627907896
 -0.25444092455999999   0.60135176726598161
 -0.25443292455999999   0.60135438015994209
 -0.25442492455999999   0.60135699494662416
 -0.25441692455999999   0.60135961160884714
 -0.25440892455999999   0.60136223012680148
 -0.25440092455999999   0.60136485047827734
 -0.25439292455999999   0.60136747263890423
 -0.25438492455999999   0.60137009658240049
 -0.25437692455999999   0.60137272228082963
 -0.25436892455999999   0.60137534970486286
 -0.25436092455999999   0.60137797882404525
 -0.25435292455999999   0.60138060960706328
 -0.25434492455999999   0.60138324202201263
 -0.25433692455999999   0.60138587603666356
 -0.25432892455999999   0.60138851161872223
 -0.25432092455999999   0.60139114873608624
 -0.25431292455999999   0.60139378735709236
 -0.25430492455999999   0.60139642745075462
 -0.25429692455999999   0.60139906898699148
 -0.25428892455999999   0.60140171193684012
 -0.25428092455999999   0.60140435627265656
 -0.25427292455999999   0.60140700196830023
 -0.25426492455999999   0.60140964899930173
 -0.25425692455999999   0.60141229734301278
 -0.25424892455999999   0.60141494697873705
 -0.25424092455999999   0.60141759788784175
 -0.25423292455999999   0.60142025005384841
 -0.25422492455999999   0.60142290346250304
 -0.25421692455999999   0.60142555810182489
 -0.25420892455999999   0.60142821396213378
 -0.25420092455999999   0.60143087103605596
 -0.25419292455999999   0.60143352931850829
 -0.25418492455999999   0.60143618880666144
 -0.25417692455999999   0.60143884949988199
 -0.25416892455999999   0.60144151139965439
 -0.25416092455999999   0.60144417450948319
 -0.25415292455999999   0.60144683883477628
 -0.25414492455999999   0.60144950438271034
 -0.25413692455999999   0.60145217116207922
 -0.25412892455999999   0.60145483918312659
 -0.25412092455999999   0.60145750845736395
 -0.25411292455999999   0.60146017899737562
 -0.25410492455999999   0.60146285081661161
 -0.25409692455999999   0.60146552392917043
 -0.25408892455999999   0.60146819834957302
 -0.25408092455999999   0.60147087409252948
 -0.25407292455999999   0.60147355117270036
 -0.25406492455999999   0.60147622960445395
 -0.25405692455999999   0.60147890940162157
 -0.25404892455999999   0.60148159057725222
 -0.25404092455999999   0.60148427314336870
 -0.25403292455999999   0.60148695711072640
 -0.25402492455999999   0.60148964248857685
 -0.25401692455999999   0.60149232928443750
 -0.25400892455999999   0.60149501750386922
 -0.25400092455999999   0.60149770715026329
 -0.25399292455999999   0.60150039822463916
 -0.25398492455999999   0.60150309072545454
 -0.25397692455999999   0.60150578464842890
 -0.25396892455999999   0.60150847998638194
 -0.25396092455999999   0.60151117672908802
 -0.25395292455999999   0.60151387486314739
 -0.25394492455999999   0.60151657437187556
 -0.25393692455999999   0.60151927523521124
 -0.25392892455999999   0.60152197742964360
 -0.25392092455999999   0.60152468092815981
 -0.25391292455999999   0.60152738570021248
 -0.25390492455999999   0.60153009171170807
 -0.25389692455999999   0.60153279892501592
 -0.25388892455999999   0.60153550729899829
 -0.25388092455999999   0.60153821678906071
 -0.25387292455999999   0.60154092734722299
 -0.25386492455999999   0.60154363892221018
 -0.25385692455999999   0.60154635145956270
 -0.25384892455999999   0.60154906490176543
 -0.25384092455999999   0.60155177918839468
 -0.25383292455999999   0.60155449425628202
 -0.25382492455999999   0.60155721003969425
 -0.25381692455999999   0.60155992647052779
 -0.25380892455999999   0.60156264347851697
 -0.25380092455999999   0.60156536099145436
 -0.25379292455999999   0.60156807893542152
 -0.25378492455999999   0.60157079723502950
 -0.25377692455999999   0.60157351581366665
 -0.25376892455999999   0.60157623459375251
 -0.25376092455999999   0.60157895349699629
 -0.25375292455999999   0.60158167244465801
 -0.25374492455999999   0.60158439135781068
 -0.25373692455999999   0.60158711015760192
 -0.25372892455999999   0.60158982876551332
 -0.25372092455999999   0.60159254710361596
 -0.25371292455999999   0.60159526509482035
 -0.25370492455999999   0.60159798266311951
 -0.25369692455999999   0.60160069973382330
 -0.25368892455999999   0.60160341623378320
 -0.25368092455999999   0.60160613209160549
 -0.25367292455999999   0.60160884723785226
 -0.25366492455999999   0.60161156160522869
 -0.25365692455999999   0.60161427512875571
 -0.25364892455999999   0.60161698774592714
 -0.25364092455999999   0.60161969939685070
 -0.25363292455999999   0.60162241002437162
 -0.25362492455999999   0.60162511957417907
 -0.25361692455999999   0.60162782799489458
 -0.25360892455999999   0.60163053523814202
 -0.25360092455999999   0.60163324125859941
 -0.25359292455999999   0.60163594601403217
 -0.25358492455999999   0.60163864946530817
 -0.25357692455999999   0.60164135157639449
 -0.25356892455999999   0.60164405231433656
 -0.25356092455999999   0.60164675164922005
 -0.25355292455999999   0.60164944955411583
 -0.25354492455999999   0.60165214600500907
 -0.25353692455999999   0.60165484098071296
 -0.25352892455999999   0.60165753446276803
 -0.25352092455999999   0.60166022643532805
 -0.25351292455999999   0.60166291688503356
 -0.25350492455999999   0.60166560580087382
 -0.25349692455999999   0.60166829317403886
 -0.25348892455999999   0.60167097899776243
 -0.25348092455999999   0.60167366326715722
 -0.25347292455999999   0.60167634597904368
 -0.25346492455999999   0.60167902713177374
 -0.25345692455999999   0.60168170672505058
 -0.25344892455999999   0.60168438475974619
 -0.25344092455999999   0.60168706123771740
 -0.25343292455999999   0.60168973616162253
 -0.25342492455999999   0.60169240953473907
 -0.25341692455999999   0.60169508136078453
 -0.25340892455999999   0.60169775164374073
 -0.25340092455999999   0.60170042038768382
 -0.25339292455999999   0.60170308759662022
 -0.25338492455999999   0.60170575327433013
 -0.25337692455999999   0.60170841742421931
 -0.25336892455999999   0.60171108004918042
 -0.25336092455999999   0.60171374115146444
 -0.25335292455999999   0.60171640073256325
 -0.25334492455999999   0.60171905879310382
 -0.25333692455999999   0.60172171533275502
 -0.25332892455999999   0.60172437035014705
 -0.25332092455999999   0.60172702384280451
 -0.25331292455999999   0.60172967580709298
 -0.25330492455999999   0.60173232623817962
 -0.25329692455999999   0.60173497513000788
 -0.25328892455999999   0.60173762247528616
 -0.25328092455999999   0.60174026826549093
 -0.25327292455999999   0.60174291249088330
 -0.25326492455999999   0.60174555514053965
 -0.25325692455999999   0.60174819620239536
 -0.25324892455999999   0.60175083566330161
 -0.25324092455999999   0.60175347350909427
 -0.25323292455999999   0.60175610972467492
 -0.25322492455999999   0.60175874429410261
 -0.25321692455999999   0.60176137720069611
 -0.25320892455999999   0.60176400842714558
 -0.25320092455999999   0.60176663795563281
 -0.25319292455999999   0.60176926576795914
 -0.25318492455999999   0.60177189184567997
 -0.25317692455999999   0.60177451617024488
 -0.25316892455999999   0.60177713872314223
 -0.25316092455999999   0.60177975948604737
 -0.25315292455999999   0.60178237844097288
 -0.25314492455999999   0.60178499557042024
 -0.25313692455999999   0.60178761085753140
 -0.25312892455999999   0.60179022428623943
 -0.25312092455999999   0.60179283584141692
 -0.25311292455999999   0.60179544550902111
 -0.25310492455999999   0.60179805327623481
 -0.25309692455999999   0.60180065913160195
 -0.25308892455999999   0.60180326306515691
 -0.25308092455999999   0.60180586506854649
 -0.25307292455999999   0.60180846513514396
 -0.25306492455999999   0.60181106326015430
 -0.25305692455999999   0.60181365944070955
 -0.25304892455999999   0.60181625367595414
 -0.25304092455999999   0.60181884596711936
 -0.25303292455999999   0.60182143631758613
 -0.25302492455999999   0.60182402473293655
 -0.25301692455999999   0.60182661122099266
 -0.25300892455999999   0.60182919579184329
 -0.25300092455999999   0.60183177845785804
 -0.25299292455999999   0.60183435923368862
 -0.25298492455999999   0.60183693813625769
 -0.25297692455999999   0.60183951518473485
 -0.25296892455999999   0.60184209040050028
 -0.25296092455999999   0.60184466380709620
 -0.25295292455999999   0.60184723543016652
 -0.25294492455999999   0.60184980529738475
 -0.25293692455999999   0.60185237343837108
 -0.25292892455999999   0.60185493988459894
 -0.25292092455999999   0.60185750466929165
 -0.25291292455999999   0.60186006782730964
 -0.25290492455999999   0.60186262939502953
 -0.25289692455999999   0.60186518941021499
 -0.25288892455999999   0.60186774791188090
 -0.25288092455999999   0.60187030494015123
 -0.25287292455999999   0.60187286053611166
 -0.25286492455999999   0.60187541474165801
 -0.25285692455999999   0.60187796759934088
 -0.25284892455999999   0.60188051915220800
 -0.25284092455999999   0.60188306944364500
 -0.25283292455999999   0.60188561851721549
 -0.25282492455999999   0.60188816641650137
 -0.25281692455999999   0.60189071318494467
 -0.25280892455999999   0.60189325886569123
 -0.25280092455999999   0.60189580350143777
 -0.25279292455999999   0.60189834713428273
 -0.25278492455999999   0.60190088980558207
 -0.25277692455999999   0.60190343155581057
 -0.25276892455999999   0.60190597242442977
 -0.25276092455999999   0.60190851244976295
 -0.25275292455999999   0.60191105166887785
 -0.25274492455999999   0.60191359011747820
 -0.25273692455999999   0.60191612782980400
 -0.25272892455999999   0.60191866483854167
 -0.25272092455999999   0.60192120117474413
 -0.25271292455999999   0.60192373686776134
 -0.25270492455999999   0.60192627194518173
 -0.25269692455999999   0.60192880643278468
 -0.25268892455999999   0.60193134035450414
 -0.25268092455999999   0.60193387373240385
 -0.25267292455999999   0.60193640658666375
 -0.25266492455999999   0.60193893893557799
 -0.25265692455999999   0.60194147079556413
 -0.25264892455999999   0.60194400218118374
 -0.25264092455999999   0.60194653310517343
 -0.25263292455999999   0.60194906357848704
 -0.25262492455999999   0.60195159361034779
 -0.25261692455999999   0.60195412320831024
 -0.25260892455999999   0.60195665237833162
 -0.25260092455999999   0.60195918112485200
 -0.25259292455999999   0.60196170945088252
 -0.25258492455999999   0.60196423735810115
 -0.25257692455999999   0.60196676484695525
 -0.25256892455999999   0.60196929191677035
 -0.25256092455999999   0.60197181856586396
 -0.25255292455999999   0.60197434479166407
 -0.25254492455999999   0.60197687059083130
 -0.25253692455999999   0.60197939595938368
 -0.25252892455999999   0.60198192089282381
 -0.25252092455999999   0.60198444538626648
 -0.25251292455999999   0.60198696943456714
 -0.25250492455999999   0.60198949303244936
 -0.25249692455999999   0.60199201617463095
 -0.25248892455999999   0.60199453885594768
 -0.25248092455999999   0.60199706107147398
 -0.25247292455999999   0.60199958281663970
 -0.25246492455999999   0.60200210408734216
 -0.25245692455999999   0.60200462488005291
 -0.25244892455999999   0.60200714519191848
 -0.25244092455999999   0.60200966502085441
 -0.25243292455999999   0.60201218436563223
 -0.25242492455999999   0.60201470322595842
 -0.25241692455999999   0.60201722160254568
 -0.25240892455999999   0.60201973949717509
 -0.25240092455999999   0.60202225691274988
 -0.25239292455999999   0.60202477385333960
 -0.25238492455999999   0.60202729032421523
 -0.25237692455999999   0.60202980633187479
 -0.25236892455999999   0.60203232188405913
 -0.25236092455999999   0.60203483698975842
 -0.25235292455999999   0.60203735165920907
 -0.25234492455999999   0.60203986590388125
 -0.25233692455999999   0.60204237973645711
 -0.25232892455999999   0.60204489317080039
 -0.25232092455999999   0.60204740622191711
 -0.25231292455999999   0.60204991890590813
 -0.25230492455999999   0.60205243123991391
 -0.25229692455999999   0.60205494324205192
 -0.25228892455999999   0.60205745493134709
 -0.25228092455999999   0.60205996632765612
 -0.25227292455999999   0.60206247745158605
 -0.25226492455999999   0.60206498832440780
 -0.25225692455999999   0.60206749896796525
 -0.25224892455999999   0.60207000940458074
 -0.25224092455999999   0.60207251965695743
 -0.25223292455999999   0.60207502974807956
 -0.25222492455999999   0.60207753970111096
 -0.25221692455999999   0.60208004953929300
 -0.25220892455999999   0.60208255928584221
 -0.25220092455999999   0.60208506896384877
 -0.25219292455999999   0.60208757859617642
 -0.25218492455999999   0.60209008820536424
 -0.25217692455999999   0.60209259781353157
 -0.25216892455999999   0.60209510744228618
 -0.25216092455999999   0.60209761711263667
 -0.25215292455999999   0.60210012684490956
 -0.25214492455999999   0.60210263665867189
 -0.25213692455999999   0.60210514657265939
 -0.25212892455999999   0.60210765660471139
 -0.25212092455999999   0.60211016677171227
 -0.25211292455999999   0.60211267708954034
 -0.25210492455999999   0.60211518757302427
 -0.25209692455999999   0.60211769823590746
 -0.25208892455999999   0.60212020909082053
 -0.25208092455999999   0.60212272014926222
 -0.25207292455999999   0.60212523142158892
 -0.25206492455999999   0.60212774291701245
 -0.25205692455999999   0.60213025464360685
 -0.25204892455999999   0.60213276660832345
 -0.25204092455999999   0.60213527881701464
 -0.25203292455999999   0.60213779127446581
 -0.25202492455999999   0.60214030398443540
 -0.25201692455999999   0.60214281694970301
 -0.25200892455999999   0.60214533017212480
 -0.25200092455999999   0.60214784365269629
 -0.25199292455999999   0.60215035739162166
 -0.25198492455999999   0.60215287138838955
 -0.25197692455999999   0.60215538564185460
 -0.25196892455999999   0.60215790015032410
 -0.25196092455999999   0.60216041491164952
 -0.25195292455999999   0.60216292992332189
 -0.25194492455999999   0.60216544518257072
 -0.25193692455999999   0.60216796068646561
 -0.25192892455999999   0.60217047643201994
 -0.25192092455999999   0.60217299241629596
 -0.25191292455999999   0.60217550863651064
 -0.25190492455999999   0.60217802509014131
 -0.25189692455999999   0.60218054177503079
 -0.25188892455999999   0.60218305868949097
 -0.25188092455999999   0.60218557583240437
 -0.25187292455999999   0.60218809320332295
 -0.25186492455999999   0.60219061080256335
 -0.25185692455999999   0.60219312863129822
 -0.25184892455999999   0.60219564669164299
 -0.25184092455999999   0.60219816498673729
 -0.25183292455999999   0.60220068352082063
 -0.25182492455999999   0.60220320229930208
 -0.25181692455999999   0.60220572132882290
 -0.25180892455999999   0.60220824061731252
 -0.25180092455999999   0.60221076017403689
 -0.25179292455999999   0.60221328000963899
 -0.25178492455999999   0.60221580013617158
 -0.25177692455999999   0.60221832056712160
 -0.25176892455999999   0.60222084131742634
 -0.25176092455999999   0.60222336240348107
 -0.25175292455999999   0.60222588384313821
 -0.25174492455999999   0.60222840565569810
 -0.25173692455999999   0.60223092786189133
 -0.25172892455999999   0.60223345048385263
 -0.25172092455999999   0.60223597354508682
 -0.25171292455999999   0.60223849707042687
 -0.25170492455999999   0.60224102108598401
 -0.25169692455999999   0.60224354561909092
 -0.25168892455999999   0.60224607069823747
 -0.25168092455999999   0.60224859635300026
 -0.25167292455999999   0.60225112261396583
 -0.25166492455999999   0.60225364951264789
 -0.25165692455999999   0.60225617708139994
 -0.25164892455999999   0.60225870535332261
 -0.25164092455999999   0.60226123436216720
 -0.25163292455999999   0.60226376414223551
 -0.25162492455999999   0.60226629472827670
 -0.25161692455999999   0.60226882615538189
 -0.25160892455999999   0.60227135845887683
 -0.25160092455999999   0.60227389167421347
 -0.25159292455999999   0.60227642583686105
 -0.25158492455999999   0.60227896098219727
 -0.25157692455999999   0.60228149714540007
 -0.25156892455999999   0.60228403436134088
 -0.25156092455999999   0.60228657266447958
 -0.25155292455999999   0.60228911208876223
 -0.25154492455999999   0.60229165266752148
 -0.25153692455999999   0.60229419443338078
 -0.25152892455999999   0.60229673741816283
 -0.25152092455999999   0.60229928165280222
 -0.25151292455999999   0.60230182716726325
 -0.25150492455999999   0.60230437399046348
 -0.25149692455999999   0.60230692215020263
 -0.25148892455999999   0.60230947167309797
 -0.25148092455999999   0.60231202258452587
 -0.25147292455999999   0.60231457490857057
 -0.25146492455999999   0.60231712866797921
 -0.25145692455999999   0.60231968388412452
 -0.25144892455999999   0.60232224057697439
 -0.25144092455999999   0.60232479876506896
 -0.25143292455999999   0.60232735846550474
 -0.25142492455999999   0.60232991969392631
 -0.25141692455999999   0.60233248246452508
 -0.25140892455999999   0.60233504679004525
 -0.25140092455999999   0.60233761268179661
 -0.25139292455999999   0.60234018014967419
 -0.25138492455999999   0.60234274920218438
 -0.25137692455999999   0.60234531984647720
 -0.25136892455999999   0.60234789208838458
 -0.25136092455999999   0.60235046593246393
 -0.25135292455999999   0.60235304138204705
 -0.25134492455999999   0.60235561843929359
 -0.25133692455999999   0.60235819710524873
 -0.25132892455999999   0.60236077737990461
 -0.25132092455999999   0.60236335926226497
 -0.25131292455999999   0.60236594275041238
 -0.25130492455999999   0.60236852784157790
 -0.25129692455999999   0.60237111453221192
 -0.25128892455999999   0.60237370281805627
 -0.25128092455999999   0.60237629269421684
 -0.25127292455999999   0.60237888415523582
 -0.25126492455999999   0.60238147719516355
 -0.25125692455999999   0.60238407180762894
 -0.25124892455999999   0.60238666798590824
 -0.25124092455999999   0.60238926572299148
 -0.25123292455999999   0.60239186501164600
 -0.25122492455999999   0.60239446584447681
 -0.25121692455999999   0.60239706821398333
 -0.25120892455999999   0.60239967211261148
 -0.25120092455999999   0.60240227753280181
 -0.25119292455999999   0.60240488446703219
 -0.25118492455999999   0.60240749290785547
 -0.25117692455999999   0.60241010284793167
 -0.25116892455999999   0.60241271428005409
 -0.25116092455999999   0.60241532719716969
 -0.25115292455999999   0.60241794159239316
 -0.25114492455999999   0.60242055745901495
 -0.25113692455999999   0.60242317479050252
 -0.25112892455999999   0.60242579358049572
 -0.25112092455999999   0.60242841382279551
 -0.25111292455999999   0.60243103551134665
 -0.25110492455999999   0.60243365864021407
 -0.25109692455999999   0.60243628320355323
 -0.25108892455999999   0.60243890919557490
 -0.25108092455999999   0.60244153661050429
 -0.25107292455999999   0.60244416544253475
 -0.25106492455999999   0.60244679568577694
 -0.25105692455999999   0.60244942733420301
 -0.25104892455999999   0.60245206038158693
 -0.25104092455999999   0.60245469482144077
 -0.25103292455999999   0.60245733064694802
 -0.25102492455999999   0.60245996785089367
 -0.25101692455999999   0.60246260642559237
 -0.25100892455999999   0.60246524636281444
 -0.25100092455999999   0.60246788765371092
 -0.25099292455999999   0.60247053028873749
 -0.25098492455999999   0.60247317425757850
 -0.25097692455999999   0.60247581954907146
 -0.25096892455999999   0.60247846615113205
 -0.25096092455999999   0.60248111405068089
 -0.25095292455999999   0.60248376323357252
 -0.25094492455999999   0.60248641368452641
 -0.25093692455999999   0.60248906538706165
 -0.25092892455999999   0.60249171832343479
 -0.25092092455999999   0.60249437247458208
 -0.25091292455999999   0.60249702782006601
 -0.25090492455999999   0.60249968433802714
 -0.25089692455999999   0.60250234200514090
 -0.25088892455999999   0.60250500079658065
 -0.25088092455999999   0.60250766068598645
 -0.25087292455999999   0.60251032164544044
 -0.25086492455999999   0.60251298364544884
 -0.25085692455999999   0.60251564665493089
 -0.25084892455999999   0.60251831064121474
 -0.25084092455999999   0.60252097557004071
 -0.25083292455999999   0.60252364140557168
 -0.25082492455999999   0.60252630811041100
 -0.25081692455999999   0.60252897564562750
 -0.25080892455999999   0.60253164397078801
 -0.25080092455999999   0.60253431304399684
 -0.25079292455999999   0.60253698282194251
 -0.25078492455999999   0.60253965325995117
 -0.25077692455999999   0.60254232431204667
 -0.25076892455999999   0.60254499593101706
 -0.25076092455999999   0.60254766806848701
 -0.25075292455999999   0.60255034067499589
 -0.25074492455999999   0.60255301370008119
 -0.25073692455999999   0.60255568709236687
 -0.25072892455999999   0.60255836079965580
 -0.25072092455999999   0.60256103476902662
 -0.25071292455999999   0.60256370894693341
 -0.25070492455999999   0.60256638327930887
 -0.25069692455999999   0.60256905771166927
 -0.25068892455999999   0.60257173218922155
 -0.25068092455999999   0.60257440665697149
 -0.25067292455999999   0.60257708105983258
 -0.25066492455999999   0.60257975534273489
 -0.25065692455999999   0.60258242945073335
 -0.25064892455999999   0.60258510332911525
 -0.25064092455999999   0.60258777692350576
 -0.25063292455999999   0.60259045017997144
 -0.25062492455999999   0.60259312304512102
 -0.25061692455999999   0.60259579546620295
 -0.25060892455999999   0.60259846739119920
 -0.25060092455999999   0.60260113876891508
 -0.25059292455999999   0.60260380954906422
 -0.25058492455999999   0.60260647968234876
 -0.25057692455999999   0.60260914912053410
