 -0.26942438617000000   0.59726861718059158
 -0.26941638617000000   0.59727142734522079
 -0.26940838617000000   0.59727423365096793
 -0.26940038617000000   0.59727703607529106
 -0.26939238617000000   0.59727983460251715
 -0.26938438617000000   0.59728262922429779
 -0.26937638617000000   0.59728541994001508
 -0.26936838617000000   0.59728820675713367
 -0.26936038617000000   0.59729098969149609
 -0.26935238617000000   0.59729376876755916
 -0.26934438617000000   0.59729654401856872
 -0.26933638617000000   0.59729931548667192
 -0.26932838617000000   0.59730208322296531
 -0.26932038617000000   0.59730484728747831
 -0.26931238617000000   0.59730760774909257
 -0.26930438617000000   0.59731036468539691
 -0.26929638617000000   0.59731311818247895
 -0.26928838617000000   0.59731586833465536
 -0.26928038617000000   0.59731861524414153
 -0.26927238617000000   0.59732135902066381
 -0.26926438617000000   0.59732409978101637
 -0.26925638617000000   0.59732683764856590
 -0.26924838617000000   0.59732957275270773
 -0.26924038617000000   0.59733230522827636
 -0.26923238617000000   0.59733503521491530
 -0.26922438617000000   0.59733776285640950
 -0.26921638617000000   0.59734048829998577
 -0.26920838617000000   0.59734321169558506
 -0.26920038617000000   0.59734593319511199
 -0.26919238617000000   0.59734865295166675
 -0.26918438617000000   0.59735137111876379
 -0.26917638617000000   0.59735408784954358
 -0.26916838617000000   0.59735680329598205
 -0.26916038617000000   0.59735951760810331
 -0.26915238617000000   0.59736223093320109
 -0.26914438617000000   0.59736494341507446
 -0.26913638617000000   0.59736765519328245
 -0.26912838617000000   0.59737036640242386
 -0.26912038617000000   0.59737307717144665
 -0.26911238617000000   0.59737578762299216
 -0.26910438617000000   0.59737849787277911
 -0.26909638617000000   0.59738120802903194
 -0.26908838617000000   0.59738391819195755
 -0.26908038617000000   0.59738662845327563
 -0.26907238617000000   0.59738933889580464
 -0.26906438617000000   0.59739204959310869
 -0.26905638617000000   0.59739476060920736
 -0.26904838617000000   0.59739747199835126
 -0.26904038617000000   0.59740018380486589
 -0.26903238617000000   0.59740289606306518
 -0.26902438617000000   0.59740560879723639
 -0.26901638617000000   0.59740832202169620
 -0.26900838617000000   0.59741103574091952
 -0.26900038617000000   0.59741374994973933
 -0.26899238617000000   0.59741646463361721
 -0.26898438617000000   0.59741917976898292
 -0.26897638617000000   0.59742189532364080
 -0.26896838617000000   0.59742461125724012
 -0.26896038617000000   0.59742732752180636
 -0.26895238617000000   0.59743004406232935
 -0.26894438617000000   0.59743276081740370
 -0.26893638617000000   0.59743547771991707
 -0.26892838617000000   0.59743819469778045
 -0.26892038617000000   0.59744091167469505
 -0.26891238617000000   0.59744362857094910
 -0.26890438617000000   0.59744634530423906
 -0.26889638617000000   0.59744906179050723
 -0.26888838617000000   0.59745177794479005
 -0.26888038617000000   0.59745449368206911
 -0.26887238617000000   0.59745720891811873
 -0.26886438617000000   0.59745992357034188
 -0.26885638617000000   0.59746263755858860
 -0.26884838617000000   0.59746535080594908
 -0.26884038617000000   0.59746806323951563
 -0.26883238617000000   0.59747077479110653
 -0.26882438617000000   0.59747348539794606
 -0.26881638617000000   0.59747619500329509
 -0.26880838617000000   0.59747890355702701
 -0.26880038617000000   0.59748161101614430
 -0.26879238617000000   0.59748431734523181
 -0.26878438617000000   0.59748702251684280
 -0.26877638617000000   0.59748972651181523
 -0.26876838617000000   0.59749242931951539
 -0.26876038617000000   0.59749513093800770
 -0.26875238617000000   0.59749783137414901
 -0.26874438617000000   0.59750053064360746
 -0.26873638617000000   0.59750322877080547
 -0.26872838617000000   0.59750592578878788
 -0.26872038617000000   0.59750862173901688
 -0.26871238617000000   0.59751131667109501
 -0.26870438617000000   0.59751401064241902
 -0.26869638617000000   0.59751670371776802
 -0.26868838617000000   0.59751939596882854
 -0.26868038617000000   0.59752208747366099
 -0.26867238617000000   0.59752477831611210
 -0.26866438617000000   0.59752746858517768
 -0.26865638617000000   0.59753015837432080
 -0.26864838617000000   0.59753284778075155
 -0.26864038617000000   0.59753553690467322
 -0.26863238617000000   0.59753822584850143
 -0.26862438617000000   0.59754091471606254
 -0.26861638617000000   0.59754360361177684
 -0.26860838617000000   0.59754629263983441
 -0.26860038617000000   0.59754898190336859
 -0.26859238617000000   0.59755167150363508
 -0.26858438617000000   0.59755436153920243
 -0.26857638617000000   0.59755705210516070
 -0.26856838617000000   0.59755974329235498
 -0.26856038617000000   0.59756243518664985
 -0.26855238617000000   0.59756512786823122
 -0.26854438617000000   0.59756782141095125
 -0.26853638617000000   0.59757051588172237
 -0.26852838617000000   0.59757321133996550
 -0.26852038617000000   0.59757590783711793
 -0.26851238617000000   0.59757860541620490
 -0.26850438617000000   0.59758130411147988
 -0.26849638617000000   0.59758400394813667
 -0.26848838617000000   0.59758670494209664
 -0.26848038617000000   0.59758940709987428
 -0.26847238617000000   0.59759211041852193
 -0.26846438617000000   0.59759481488565681
 -0.26845638617000000   0.59759752047956930
 -0.26844838617000000   0.59760022716941377
 -0.26844038617000000   0.59760293491548085
 -0.26843238617000000   0.59760564366954987
 -0.26842438617000000   0.59760835337531950
 -0.26841638617000000   0.59761106396891346
 -0.26840838617000000   0.59761377537945828
 -0.26840038617000000   0.59761648752972882
 -0.26839238617000000   0.59761920033685673
 -0.26838438617000000   0.59762191371309615
 -0.26837638617000000   0.59762462756664140
 -0.26836838617000000   0.59762734180248918
 -0.26836038617000000   0.59763005632333954
 -0.26835238617000000   0.59763277103052694
 -0.26834438617000000   0.59763548582497513
 -0.26833638617000000   0.59763820060816621
 -0.26832838617000000   0.59764091528311818
 -0.26832038617000000   0.59764362975536018
 -0.26831238617000000   0.59764634393389930
 -0.26830438617000000   0.59764905773216971
 -0.26829638617000000   0.59765177106895665
 -0.26828838617000000   0.59765448386928742
 -0.26828038617000000   0.59765719606528199
 -0.26827238617000000   0.59765990759695612
 -0.26826438617000000   0.59766261841297046
 -0.26825638617000000   0.59766532847131949
 -0.26824838617000000   0.59766803773995473
 -0.26824038617000000   0.59767074619733716
 -0.26823238617000000   0.59767345383291442
 -0.26822438617000000   0.59767616064751961
 -0.26821638617000000   0.59767886665368741
 -0.26820838617000000   0.59768157187588657
 -0.26820038617000000   0.59768427635066607
 -0.26819238617000000   0.59768698012671412
 -0.26818438617000000   0.59768968326483002
 -0.26817638617000000   0.59769238583780842
 -0.26816838617000000   0.59769508793023779
 -0.26816038617000000   0.59769778963821394
 -0.26815238617000000   0.59770049106897100
 -0.26814438617000000   0.59770319234043251
 -0.26813638617000000   0.59770589358068580
 -0.26812838617000000   0.59770859492738347
 -0.26812038617000000   0.59771129652707581
 -0.26811238617000000   0.59771399853447915
 -0.26810438617000000   0.59771670111168492
 -0.26809638617000000   0.59771940442731456
 -0.26808838617000000   0.59772210865562628
 -0.26808038617000000   0.59772481397557931
 -0.26807238617000000   0.59772752056986211
 -0.26806438617000000   0.59773022862389063
 -0.26805638617000000   0.59773293832478366
 -0.26804838617000000   0.59773564986032125
 -0.26804038617000000   0.59773836341789446
 -0.26803238617000000   0.59774107918345202
 -0.26802438617000000   0.59774379734045152
 -0.26801638617000000   0.59774651806882289
 -0.26800838617000000   0.59774924154395000
 -0.26800038617000000   0.59775196793567874
 -0.26799238617000000   0.59775469740735741
 -0.26798438617000000   0.59775743011491751
 -0.26797638617000000   0.59776016620600035
 -0.26796838617000000   0.59776290581913735
 -0.26796038617000000   0.59776564908298925
 -0.26795238617000000   0.59776839611565096
 -0.26794438617000000   0.59777114702402739
 -0.26793638617000000   0.59777390190328533
 -0.26792838617000000   0.59777666083638699
 -0.26792038617000000   0.59777942389370853
 -0.26791238617000000   0.59778219113274824
 -0.26790438617000000   0.59778496259792707
 -0.26789638617000000   0.59778773832048409
 -0.26788838617000000   0.59779051831846896
 -0.26788038617000000   0.59779330259683248
 -0.26787238617000000   0.59779609114761516
 -0.26786438617000000   0.59779888395023401
 -0.26785638617000000   0.59780168097186568
 -0.26784838617000000   0.59780448216792433
 -0.26784038617000000   0.59780728748263030
 -0.26783238617000000   0.59781009684966753
 -0.26782438617000000   0.59781291019292275
 -0.26781638617000000   0.59781572742730285
 -0.26780838617000000   0.59781854845962336
 -0.26780038617000000   0.59782137318956095
 -0.26779238617000000   0.59782420151066250
 -0.26778438617000000   0.59782703331140253
 -0.26777638617000000   0.59782986847627977
 -0.26776838617000000   0.59783270688694399
 -0.26776038617000000   0.59783554842334303
 -0.26775238617000000   0.59783839296488039
 -0.26774438617000000   0.59784124039157288
 -0.26773638617000000   0.59784409058519855
 -0.26772838617000000   0.59784694343042424
 -0.26772038617000000   0.59784979881590292
 -0.26771238617000000   0.59785265663533109
 -0.26770438617000000   0.59785551678845636
 -0.26769638617000000   0.59785837918202646
 -0.26768838617000000   0.59786124373067083
 -0.26768038617000000   0.59786411035770709
 -0.26767238617000000   0.59786697899586454
 -0.26766438617000000   0.59786984958791870
 -0.26765638617000000   0.59787272208723042
 -0.26764838617000000   0.59787559645818492
 -0.26764038617000000   0.59787847267652654
 -0.26763238617000000   0.59788135072958576
 -0.26762438617000000   0.59788423061639611
 -0.26761638617000000   0.59788711234769959
 -0.26760838617000000   0.59788999594583987
 -0.26760038617000000   0.59789288144454370
 -0.26759238617000000   0.59789576888859147
 -0.26758438617000000   0.59789865833337922
 -0.26757638617000000   0.59790154984437468
 -0.26756838617000000   0.59790444349647140
 -0.26756038617000000   0.59790733937324467
 -0.26755238617000000   0.59791023756611534
 -0.26754438617000000   0.59791313817342640
 -0.26753638617000000   0.59791604129943969
 -0.26752838617000000   0.59791894705325905
 -0.26752038617000000   0.59792185554768835
 -0.26751238617000000   0.59792476689803167
 -0.26750438617000000   0.59792768122084539
 -0.26749638617000000   0.59793059863265042
 -0.26748838617000000   0.59793351924861440
 -0.26748038617000000   0.59793644318121377
 -0.26747238617000000   0.59793937053888578
 -0.26746438617000000   0.59794230142468090
 -0.26745638617000000   0.59794523593492597
 -0.26744838617000000   0.59794817415790899
 -0.26744038617000000   0.59795111617259654
 -0.26743238617000000   0.59795406204739385
 -0.26742438617000000   0.59795701183895919
 -0.26741638617000000   0.59795996559108242
 -0.26740838617000000   0.59796292333363816
 -0.26740038617000000   0.59796588508162393
 -0.26739238617000000   0.59796885083429239
 -0.26738438617000000   0.59797182057438720
 -0.26737638617000000   0.59797479426749059
 -0.26736838617000000   0.59797777186149094
 -0.26736038617000000   0.59798075328617698
 -0.26735238617000000   0.59798373845296484
 -0.26734438617000000   0.59798672725476324
 -0.26733638617000000   0.59798971956598073
 -0.26732838617000000   0.59799271524267776
 -0.26732038617000000   0.59799571412286555
 -0.26731238617000000   0.59799871602695167
 -0.26730438617000000   0.59800172075833161
 -0.26729638617000000   0.59800472810412370
 -0.26728838617000000   0.59800773783604381
 -0.26728038617000000   0.59801074971141382
 -0.26727238617000000   0.59801376347429830
 -0.26726438617000000   0.59801677885676025
 -0.26725638617000000   0.59801979558022690
 -0.26724838617000000   0.59802281335695519
 -0.26724038617000000   0.59802583189158475
 -0.26723238617000000   0.59802885088276561
 -0.26722438617000000   0.59803187002484726
 -0.26721638617000000   0.59803488900961410
 -0.26720838617000000   0.59803790752805262
 -0.26720038617000000   0.59804092527213462
 -0.26719238617000000   0.59804394193660103
 -0.26718438617000000   0.59804695722073029
 -0.26717638617000000   0.59804997083007570
 -0.26716838617000000   0.59805298247815683
 -0.26716038617000000   0.59805599188808972
 -0.26715238617000000   0.59805899879414205
 -0.26714438617000000   0.59806200294319959
 -0.26713638617000000   0.59806500409613219
 -0.26712838617000000   0.59806800202904717
 -0.26712038617000000   0.59807099653442088
 -0.26711238617000000   0.59807398742209858
 -0.26710438617000000   0.59807697452015642
 -0.26709638617000000   0.59807995767561809
 -0.26708838617000000   0.59808293675502223
 -0.26708038617000000   0.59808591164483694
 -0.26707238617000000   0.59808888225172006
 -0.26706438617000000   0.59809184850262357
 -0.26705638617000000   0.59809481034474424
 -0.26704838617000000   0.59809776774532173
 -0.26704038617000000   0.59810072069128783
 -0.26703238617000000   0.59810366918877115
 -0.26702438617000000   0.59810661326246299
 -0.26701638617000000   0.59810955295485070
 -0.26700838617000000   0.59811248832532580
 -0.26700038617000000   0.59811541944917556
 -0.26699238617000000   0.59811834641646634
 -0.26698438617000000   0.59812126933082858
 -0.26697638617000000   0.59812418830815337
 -0.26696838617000000   0.59812710347521136
 -0.26696038617000000   0.59813001496820425
 -0.26695238617000000   0.59813292293126130
 -0.26694438617000000   0.59813582751489077
 -0.26693638617000000   0.59813872887439963
 -0.26692838617000000   0.59814162716829180
 -0.26692038617000000   0.59814452255665765
 -0.26691238617000000   0.59814741519956668
 -0.26690438617000000   0.59815030525547432
 -0.26689638617000000   0.59815319287965571
 -0.26688838617000000   0.59815607822267707
 -0.26688038617000000   0.59815896142891658
 -0.26687238617000000   0.59816184263514554
 -0.26686438617000000   0.59816472196918075
 -0.26685638617000000   0.59816759954861853
 -0.26684838617000000   0.59817047547966014
 -0.26684038617000000   0.59817334985603813
 -0.26683238617000000   0.59817622275805248
 -0.26682438617000000   0.59817909425172459
 -0.26681638617000000   0.59818196438807686
 -0.26680838617000000   0.59818483320254381
 -0.26680038617000000   0.59818770071452151
 -0.26679238617000000   0.59819056692705874
 -0.26678438617000000   0.59819343182669504
 -0.26677638617000000   0.59819629538344716
 -0.26676838617000000   0.59819915755094559
 -0.26676038617000000   0.59820201826672171
 -0.26675238617000000   0.59820487745264432
 -0.26674438617000000   0.59820773501550274
 -0.26673638617000000   0.59821059084773336
 -0.26672838617000000   0.59821344482828440
 -0.26672038617000000   0.59821629682361212
 -0.26671238617000000   0.59821914668880143
 -0.26670438617000000   0.59822199426880170
 -0.26669638617000000   0.59822483939976739
 -0.26668838617000000   0.59822768191049304
 -0.26668038617000000   0.59823052162392970
 -0.26667238617000000   0.59823335835877030
 -0.26666438617000000   0.59823619193108993
 -0.26665638617000000   0.59823902215602657
 -0.26664838617000000   0.59824184884948749
 -0.26664038617000000   0.59824467182986656
 -0.26663238617000000   0.59824749091975652
 -0.26662438617000000   0.59825030594764162
 -0.26661638617000000   0.59825311674955536
 -0.26660838617000000   0.59825592317068898
 -0.26660038617000000   0.59825872506693614
 -0.26659238617000000   0.59826152230636119
 -0.26658438617000000   0.59826431477057776
 -0.26657638617000000   0.59826710235602640
 -0.26656838617000000   0.59826988497514059
 -0.26656038617000000   0.59827266255739200
 -0.26655238617000000   0.59827543505020580
 -0.26654438617000000   0.59827820241974044
 -0.26653638617000000   0.59828096465152467
 -0.26652838617000000   0.59828372175094830
 -0.26652038617000000   0.59828647374360332
 -0.26651238617000000   0.59828922067547324
 -0.26650438617000000   0.59829196261297020
 -0.26649638617000000   0.59829469964282018
 -0.26648838617000000   0.59829743187179811
 -0.26648038617000000   0.59830015942631566
 -0.26647238617000000   0.59830288245186510
 -0.26646438617000000   0.59830560111232411
 -0.26645638617000000   0.59830831558912713
 -0.26644838617000000   0.59831102608030901
 -0.26644038617000000   0.59831373279942902
 -0.26643238617000000   0.59831643597438133
 -0.26642438617000000   0.59831913584610157
 -0.26641638617000000   0.59832183266717723
 -0.26640838617000000   0.59832452670037153
 -0.26640038617000000   0.59832721821707001
 -0.26639238617000000   0.59832990749565989
 -0.26638438617000000   0.59833259481985267
 -0.26637638617000000   0.59833528047695980
 -0.26636838617000000   0.59833796475613270
 -0.26636038617000000   0.59834064794657825
 -0.26635238617000000   0.59834333033576019
 -0.26634438617000000   0.59834601220759856
 -0.26633638617000000   0.59834869384067824
 -0.26632838617000000   0.59835137550647805
 -0.26632038617000000   0.59835405746763303
 -0.26631238617000000   0.59835673997624002
 -0.26630438617000000   0.59835942327222027
 -0.26629638617000000   0.59836210758174921
 -0.26628838617000000   0.59836479311576591
 -0.26628038617000000   0.59836748006857372
 -0.26627238617000000   0.59837016861654265
 -0.26626438617000000   0.59837285891692562
 -0.26625638617000000   0.59837555110679822
 -0.26624838617000000   0.59837824530213233
 -0.26624038617000000   0.59838094159701322
 -0.26623238617000000   0.59838364006300863
 -0.26622438617000000   0.59838634074869796
 -0.26621638617000000   0.59838904367936809
 -0.26620838617000000   0.59839174885688176
 -0.26620038617000000   0.59839445625972355
 -0.26619238617000000   0.59839716584322555
 -0.26618438617000000   0.59839987753997556
 -0.26617638617000000   0.59840259126040733
 -0.26616838617000000   0.59840530689357171
 -0.26616038617000000   0.59840802430808504
 -0.26615238617000000   0.59841074335325068
 -0.26614438617000000   0.59841346386034568
 -0.26613638617000000   0.59841618564406570
 -0.26612838617000000   0.59841890850411636
 -0.26612038617000000   0.59842163222694015
 -0.26611238617000000   0.59842435658756496
 -0.26610438617000000   0.59842708135155929
 -0.26609638617000000   0.59842980627707808
 -0.26608838617000000   0.59843253111698110
 -0.26608038617000000   0.59842329668266896
 -0.26607238617000000   0.59842615051492871
 -0.26606438617000000   0.59842900695829452
 -0.26605638617000000   0.59843186576317298
 -0.26604838617000000   0.59843472668487835
 -0.26604038617000000   0.59843758948583736
 -0.26603238617000000   0.59844045393773663
 -0.26602438617000000   0.59844331982359356
 -0.26601638617000000   0.59844618693973175
 -0.26600838617000000   0.59844905509764303
 -0.26600038617000000   0.59845192412571874
 -0.26599238617000000   0.59845479387083571
 -0.26598438617000000   0.59845766419978227
 -0.26597638617000000   0.59846053500051203
 -0.26596838617000000   0.59846340618321465
 -0.26596038617000000   0.59846627768119498
 -0.26595238617000000   0.59846914945155236
 -0.26594438617000000   0.59847202147565568
 -0.26593638617000000   0.59847489375940975
 -0.26592838617000000   0.59847776633331125
 -0.26592038617000000   0.59848063925229400
 -0.26591238617000000   0.59848351259536426
 -0.26590438617000000   0.59848638646503008
 -0.26589638617000000   0.59848926098652754
 -0.26588838617000000   0.59849213630685052
 -0.26588038617000000   0.59849501259359035
 -0.26587238617000000   0.59849789003359373
 -0.26586438617000000   0.59850076883144782
 -0.26585638617000000   0.59850364920780259
 -0.26584838617000000   0.59850653139754182
 -0.26584038617000000   0.59850941564781440
 -0.26583238617000000   0.59851230221593867
 -0.26582438617000000   0.59851519136719354
 -0.26581638617000000   0.59851808337251015
 -0.26580838617000000   0.59852097850607938
 -0.26580038617000000   0.59852387704289043
 -0.26579238617000000   0.59852677925621673
 -0.26578438617000000   0.59852968541506580
 -0.26577638617000000   0.59853259578161038
 -0.26576838617000000   0.59853551060861894
 -0.26576038617000000   0.59853843013690330
 -0.26575238617000000   0.59854135459280279
 -0.26574438617000000   0.59854428418572385
 -0.26573638617000000   0.59854721910575449
 -0.26572838617000000   0.59855015952137370
 -0.26572038617000000   0.59855310557727550
 -0.26571238617000000   0.59855605739232775
 -0.26570438617000000   0.59855901505768501
 -0.26569638617000000   0.59856197863507567
 -0.26568838617000000   0.59856494815528140
 -0.26568038617000000   0.59856792361682785
 -0.26567238617000000   0.59857090498490326
 -0.26566438617000000   0.59857389219052120
 -0.26565638617000000   0.59857688512994152
 -0.26564838617000000   0.59857988366436308
 -0.26564038617000000   0.59858288761989748
 -0.26563238617000000   0.59858589678783326
 -0.26562438617000000   0.59858891092519595
 -0.26561638617000000   0.59859192975560638
 -0.26560838617000000   0.59859495297043811
 -0.26560038617000000   0.59859798023026961
 -0.26559238617000000   0.59860101116662553
 -0.26558438617000000   0.59860404538399669
 -0.26557638617000000   0.59860708246212528
 -0.26556838617000000   0.59861012195853923
 -0.26556038617000000   0.59861316341131481
 -0.26555238617000000   0.59861620634204573
 -0.26554438617000000   0.59861925025899186
 -0.26553638617000000   0.59862229466037977
 -0.26552838617000000   0.59862533903782438
 -0.26552038617000000   0.59862838287983965
 -0.26551238617000000   0.59863142567540426
 -0.26550438617000000   0.59863446691754812
 -0.26549638617000000   0.59863750610692471
 -0.26548838617000000   0.59864054275533410
 -0.26548038617000000   0.59864357638916319
 -0.26547238617000000   0.59864660655270949
 -0.26546438617000000   0.59864963281135663
 -0.26545638617000000   0.59865265475457290
 -0.26544838617000000   0.59865567199870474
 -0.26544038617000000   0.59865868418954050
 -0.26543238617000000   0.59866169100462319
 -0.26542438617000000   0.59866469215529285
 -0.26541638617000000   0.59866768738844334
 -0.26540838617000000   0.59867067648798146
 -0.26540038617000000   0.59867365927597887
 -0.26539238617000000   0.59867663561351156
 -0.26538438617000000   0.59867960540118405
 -0.26537638617000000   0.59868256857933850
 -0.26536838617000000   0.59868552512795227
 -0.26536038617000000   0.59868847506622930
 -0.26535238617000000   0.59869141845189371
 -0.26534438617000000   0.59869435538019553
 -0.26533638617000000   0.59869728598264102
 -0.26532838617000000   0.59870021042546081
 -0.26532038617000000   0.59870312890783161
 -0.26531238617000000   0.59870604165986693
 -0.26530438617000000   0.59870894894039438
 -0.26529638617000000   0.59871185103453783
 -0.26528838617000000   0.59871474825112235
 -0.26528038617000000   0.59871764091992100
 -0.26527238617000000   0.59872052938876329
 -0.26526438617000000   0.59872341402052445
 -0.26525638617000000   0.59872629519001559
 -0.26524838617000000   0.59872917328079457
 -0.26524038617000000   0.59873204868191790
 -0.26523238617000000   0.59873492178465373
 -0.26522438617000000   0.59873779297917678
 -0.26521638617000000   0.59874066265126552
 -0.26520838617000000   0.59874353117902230
 -0.26520038617000000   0.59874639892963819
 -0.26519238617000000   0.59874926625622248
 -0.26518438617000000   0.59875213349471967
 -0.26517638617000000   0.59875500096093437
 -0.26516838617000000   0.59875786894768685
 -0.26516038617000000   0.59876073772211977
 -0.26515238617000000   0.59876360752317931
 -0.26514438617000000   0.59876647855929089
 -0.26513638617000000   0.59876935100625134
 -0.26512838617000000   0.59877222500535833
 -0.26512038617000000   0.59877510066179636
 -0.26511238617000000   0.59877797804329879
 -0.26510438617000000   0.59878085717910279
 -0.26509638617000000   0.59878373805921403
 -0.26508838617000000   0.59878662063399402
 -0.26508038617000000   0.59878950481408308
 -0.26507238617000000   0.59879239047066687
 -0.26506438617000000   0.59879527743609365
 -0.26505638617000000   0.59879816550484496
 -0.26504838617000000   0.59880105443485925
 -0.26504038617000000   0.59880394394920470
 -0.26503238617000000   0.59880683373809273
 -0.26502438617000000   0.59880972346122127
 -0.26501638617000000   0.59881261275043073
 -0.26500838617000000   0.59881550121265361
 -0.26500038617000000   0.59881838843313412
 -0.26499238617000000   0.59882127397888980
 -0.26498438617000000   0.59882415740238510
 -0.26497638617000000   0.59882703824538294
 -0.26496838617000000   0.59882991604293784
 -0.26496038617000000   0.59883279032749246
 -0.26495238617000000   0.59883566063303735
 -0.26494438617000000   0.59883852649929340
 -0.26493638617000000   0.59884138747587510
 -0.26492838617000000   0.59884424312639415
 -0.26492038617000000   0.59884709303246296
 -0.26491238617000000   0.59884993679755932
 -0.26490438617000000   0.59885277405071545
 -0.26489638617000000   0.59885560444999740
 -0.26488838617000000   0.59885842768574266
 -0.26488038617000000   0.59886124348352912
 -0.26487238617000000   0.59886405160684935
 -0.26486438617000000   0.59886685185947037
 -0.26485638617000000   0.59886964408746172
 -0.26484838617000000   0.59887242818087802
 -0.26484038617000000   0.59887520407508769
 -0.26483238617000000   0.59887797175174199
 -0.26482438617000000   0.59888073123938159
 -0.26481638617000000   0.59888348261368326
 -0.26480838617000000   0.59888622599734979
 -0.26480038617000000   0.59888896155965103
 -0.26479238617000000   0.59889168951562519
 -0.26478438617000000   0.59889441012495160
 -0.26477638617000000   0.59889712369050875
 -0.26476838617000000   0.59889983055663190
 -0.26476038617000000   0.59890253110708606
 -0.26475238617000000   0.59890522576277089
 -0.26474438617000000   0.59890791497917505
 -0.26473638617000000   0.59891059924359671
 -0.26472838617000000   0.59891327907214930
 -0.26472038617000000   0.59891595500656899
 -0.26471238617000000   0.59891862761084294
 -0.26470438617000000   0.59892129746767551
 -0.26469638617000000   0.59892396517481101
 -0.26468838617000000   0.59892663134123024
 -0.26468038617000000   0.59892929658323962
 -0.26467238617000000   0.59893196152047086
 -0.26466438617000000   0.59893462677181014
 -0.26465638617000000   0.59893729295127612
 -0.26464838617000000   0.59893996066386661
 -0.26464038617000000   0.59894263050139491
 -0.26463238617000000   0.59894530303833785
 -0.26462438617000000   0.59894797882771815
 -0.26461638617000000   0.59895065839704616
 -0.26460838617000000   0.59895334224434613
 -0.26460038617000000   0.59895603083429475
 -0.26459238617000000   0.59895872459450024
 -0.26458438617000000   0.59896142391195248
 -0.26457638617000000   0.59896412912967506
 -0.26456838617000000   0.59896684054361243
 -0.26456038617000000   0.59896955839978463
 -0.26455238617000000   0.59897228289174419
 -0.26454438617000000   0.59897501415836834
 -0.26453638617000000   0.59897775228202052
 -0.26452838617000000   0.59898049728711335
 -0.26452038617000000   0.59898324913910333
 -0.26451238617000000   0.59898600774394696
 -0.26450438617000000   0.59898877294804179
 -0.26449638617000000   0.59899154453867573
 -0.26448838617000000   0.59899432224500011
 -0.26448038617000000   0.59899710573953897
 -0.26447238617000000   0.59899989464024008
 -0.26446438617000000   0.59900268851306671
 -0.26445638617000000   0.59900548687512269
 -0.26444838617000000   0.59900828919829505
 -0.26444038617000000   0.59901109491339205
 -0.26443238617000000   0.59901390341474639
 -0.26442438617000000   0.59901671406524501
 -0.26441638617000000   0.59901952620174179
 -0.26440838617000000   0.59902233914080137
 -0.26440038617000000   0.59902515218471698
 -0.26439238617000000   0.59902796462774030
 -0.26438438617000000   0.59903077576245778
 -0.26437638617000000   0.59903358488624398
 -0.26436838617000000   0.59903639130772287
 -0.26436038617000000   0.59903919435316533
 -0.26435238617000000   0.59904199337275483
 -0.26434438617000000   0.59904478774665252
 -0.26433638617000000   0.59904757689079948
 -0.26432838617000000   0.59905036026239539
 -0.26432038617000000   0.59905313736500057
 -0.26431238617000000   0.59905590775321275
 -0.26430438617000000   0.59905867103687802
 -0.26429638617000000   0.59906142688480103
 -0.26428838617000000   0.59906417502792775
 -0.26428038617000000   0.59906691526198108
 -0.26427238617000000   0.59906964744953662
 -0.26426438617000000   0.59907237152153211
 -0.26425638617000000   0.59907508747821141
 -0.26424838617000000   0.59907779538950838
 -0.26424038617000000   0.59908049539488194
 -0.26423238617000000   0.59908318770261725
 -0.26422438617000000   0.59908587258861198
 -0.26421638617000000   0.59908855039466913
 -0.26420838617000000   0.59909122152631998
 -0.26420038617000000   0.59909388645020258
 -0.26419238617000000   0.59909654569102133
 -0.26418438617000000   0.59909919982811422
 -0.26417638617000000   0.59910184949165315
 -0.26416838617000000   0.59910449535850405
 -0.26416038617000000   0.59910713814776977
 -0.26415238617000000   0.59910977861604144
 -0.26414438617000000   0.59911241755238011
 -0.26413638617000000   0.59911505577305117
 -0.26412838617000000   0.59911769411603269
 -0.26412038617000000   0.59912033343531881
 -0.26411238617000000   0.59912297459503893
 -0.26410438617000000   0.59912561846341363
 -0.26409638617000000   0.59912826590656907
 -0.26408838617000000   0.59913091778223309
 -0.26408038617000000   0.59913357493333767
 -0.26407238617000000   0.59913623818155473
 -0.26406438617000000   0.59913890832079537
 -0.26405638617000000   0.59914158611070604
 -0.26404838617000000   0.59914427227019813
 -0.26404038617000000   0.59914696747105385
 -0.26403238617000000   0.59914967233165228
 -0.26402438617000000   0.59915238741086861
 -0.26401638617000000   0.59915511320220050
 -0.26400838617000000   0.59915785012818223
 -0.26400038617000000   0.59916059853515111
 -0.26399238617000000   0.59916335868843468
 -0.26398438617000000   0.59916613076802890
 -0.26397638617000000   0.59916891486484154
 -0.26396838617000000   0.59917171097757376
 -0.26396038617000000   0.59917451901031313
 -0.26395238617000000   0.59917733877090843
 -0.26394438617000000   0.59918016997019209
 -0.26393638617000000   0.59918301222210993
 -0.26392838617000000   0.59918586504480921
 -0.26392038617000000   0.59918872786272511
 -0.26391238617000000   0.59919160000969390
 -0.26390438617000000   0.59919448073310601
 -0.26389638617000000   0.59919736919909610
 -0.26388838617000000   0.59920026449875119
 -0.26388038617000000   0.59920316565529797
 -0.26387238617000000   0.59920607163221407
 -0.26386438617000000   0.59920898134218916
 -0.26385638617000000   0.59921189365684382
 -0.26384838617000000   0.59921480741710006
 -0.26384038617000000   0.59921772144408176
 -0.26383238617000000   0.59922063455041268
 -0.26382438617000000   0.59922354555177179
 -0.26381638617000000   0.59922645327855828
 -0.26380838617000000   0.59922935658751888
 -0.26380038617000000   0.59923225437318993
 -0.26379238617000000   0.59923514557901209
 -0.26378438617000000   0.59923802920798331
 -0.26377638617000000   0.59924090433272630
 -0.26376838617000000   0.59924377010486050
 -0.26376038617000000   0.59924662576358258
 -0.26375238617000000   0.59924947064337701
 -0.26374438617000000   0.59925230418079508
 -0.26373638617000000   0.59925512592025785
 -0.26372838617000000   0.59925793551885569
 -0.26372038617000000   0.59926073275013456
 -0.26371238617000000   0.59926351750687158
 -0.26370438617000000   0.59926628980285869
 -0.26369638617000000   0.59926904977372215
 -0.26368838617000000   0.59927179767681679
 -0.26368038617000000   0.59927453389023995
 -0.26367238617000000   0.59927725891101569
 -0.26366438617000000   0.59927997335250191
 -0.26365638617000000   0.59928267794107553
 -0.26364838617000000   0.59928537351214782
 -0.26364038617000000   0.59928806100556077
 -0.26363238617000000   0.59929074146041171
 -0.26362438617000000   0.59929341600934690
 -0.26361638617000000   0.59929608587236081
 -0.26360838617000000   0.59929875235012997
 -0.26360038617000000   0.59930141681690408
 -0.26359238617000000   0.59930408071297095
 -0.26358438617000000   0.59930674553670419
 -0.26357638617000000   0.59930941283619757
 -0.26356838617000000   0.59931208420048479
 -0.26356038617000000   0.59931476125033818
 -0.26355238617000000   0.59931744562863816
 -0.26354438617000000   0.59932013899030289
 -0.26353638617000000   0.59932284299176820
 -0.26352838617000000   0.59932555928000978
 -0.26352038617000000   0.59932828948110398
 -0.26351238617000000   0.59933103518833005
 -0.26350438617000000   0.59933379794982594
 -0.26349638617000000   0.59933657925582139
 -0.26348838617000000   0.59933938052548611
 -0.26348038617000000   0.59934220309344925
 -0.26347238617000000   0.59934504819606398
 -0.26346438617000000   0.59934791695751590
 -0.26345638617000000   0.59935081037589535
 -0.26344838617000000   0.59935372930938261
 -0.26344038617000000   0.59935667446271870
 -0.26343238617000000   0.59935964637416341
 -0.26342438617000000   0.59936264540316733
 -0.26341638617000000   0.59936567171900702
 -0.26340838617000000   0.59936872529065358
 -0.26340038617000000   0.59937180587815852
 -0.26339238617000000   0.59937491302584800
 -0.26338438617000000   0.59937804605761722
 -0.26337638617000000   0.59938120407460458
 -0.26336838617000000   0.59938438595550557
 -0.26336038617000000   0.59938759035975241
 -0.26335238617000000   0.59939081573374177
 -0.26334438617000000   0.59939406032023651
 -0.26333638617000000   0.59939732217100152
 -0.26332838617000000   0.59940059916265914
 -0.26332038617000000   0.59940388901566805
 -0.26331238617000000   0.59940718931624759
 -0.26330438617000000   0.59941049754098425
 -0.26329638617000000   0.59941381108378016
 -0.26328838617000000   0.59941712728473109
 -0.26328038617000000   0.59942044346046430
 -0.26327238617000000   0.59942375693542144
 -0.26326438617000000   0.59942706507354483
 -0.26325638617000000   0.59943036530981833
 -0.26324838617000000   0.59943365518112327
 -0.26324038617000000   0.59943693235590023
 -0.26323238617000000   0.59944019466215247
 -0.26322438617000000   0.59944344011338762
 -0.26321638617000000   0.59944666693216327
 -0.26320838617000000   0.59944987357098304
 -0.26320038617000000   0.59945305873036803
 -0.26319238617000000   0.59945622137401221
 -0.26318438617000000   0.59945936074100631
 -0.26317638617000000   0.59946247635518623
 -0.26316838617000000   0.59946556803172245
 -0.26316038617000000   0.59946863588111930
 -0.26315238617000000   0.59947168031082953
 -0.26314438617000000   0.59947470202471791
 -0.26313638617000000   0.59947770202062131
 -0.26312838617000000   0.59948068158625432
 -0.26312038617000000   0.59948364229370362
 -0.26311238617000000   0.59948658599273457
 -0.26310438617000000   0.59948951480310857
 -0.26309638617000000   0.59949243110607690
 -0.26308838617000000   0.59949533753517616
 -0.26308038617000000   0.59949823696640803
 -0.26307238617000000   0.59950113250783613
 -0.26306438617000000   0.59950402748858193
 -0.26305638617000000   0.59950692544714674
 -0.26304838617000000   0.59950983011892996
 -0.26304038617000000   0.59951274542275447
 -0.26303238617000000   0.59951567544615060
 -0.26302438617000000   0.59951862442908823
 -0.26301638617000000   0.59952159674578570
 -0.26300838617000000   0.59952459688416506
 -0.26300038617000000   0.59952762942246641
 -0.26299238617000000   0.59953069900248335
 -0.26298438617000000   0.59953381029884112
 -0.26297638617000000   0.59953696798371069
 -0.26296838617000000   0.59954017668634656
 -0.26296038617000000   0.59954344094685434
 -0.26295238617000000   0.59954676516365221
 -0.26294438617000000   0.59955015353419184
 -0.26293638617000000   0.59955360998866398
 -0.26292838617000000   0.59955713811664207
 -0.26292038617000000   0.59956074108692172
 -0.26291238617000000   0.59956442156120703
 -0.26290438617000000   0.59956818160277151
 -0.26289638617000000   0.59957202258178730
 -0.26288838617000000   0.59957594507964638
 -0.26288038617000000   0.59957994879527160
 -0.26287238617000000   0.59958403245708701
 -0.26286438617000000   0.59958819374492927
 -0.26285638617000000   0.59959242922666095
 -0.26284838617000000   0.59959673431451190
 -0.26284038617000000   0.59960110324614015
 -0.26283238617000000   0.59960552909499798
 -0.26282438617000000   0.59961000381375954
 -0.26281638617000000   0.59961451831330376
 -0.26280838617000000   0.59961906257809272
 -0.26280038617000000   0.59962362581683243
 -0.26279238617000000   0.59962819664521211
 -0.26278438617000000   0.59963276329547343
 -0.26277638617000000   0.59963731384578681
 -0.26276838617000000   0.59964183646110159
 -0.26276038617000000   0.59964631963645745
 -0.26275238617000000   0.59965075243378105
 -0.26274438617000000   0.59965512470395872
 -0.26273638617000000   0.59965942728739056
 -0.26272838617000000   0.59966365218814897
 -0.26272038617000000   0.59966779271909886
 -0.26271238617000000   0.59967184361767730
 -0.26270438617000000   0.59967580113430517
 -0.26269638617000000   0.59967966309746850
 -0.26268838617000000   0.59968342896128903
 -0.26268038617000000   0.59968709984289832
 -0.26267238617000000   0.59969067855818852
 -0.26266438617000000   0.59969416966566174
 -0.26265638617000000   0.59969757952931011
 -0.26264838617000000   0.59970091641295446
 -0.26264038617000000   0.59970419062054948
 -0.26263238617000000   0.59970741469999514
 -0.26262438617000000   0.59971060373248571
 -0.26261638617000000   0.59971377573607921
 -0.26260838617000000   0.59971695222199890
 -0.26260038617000000   0.59972015895669558
 -0.26259238617000000   0.59972342700420503
 -0.26258438617000000   0.59972679415535601
 -0.26257638617000000   0.59973030689838887
 -0.26256838617000000   0.59973402315798073
 -0.26256038617000000   0.59973801613943560
 -0.26255238617000000   0.59974237978086514
 -0.26254438617000000   0.59974723656399132
 -0.26253638617000000   0.59975274878930506
 -0.26252838617000000   0.59975913487777497
 -0.26252038617000000   0.59976669266585783
 -0.26251238617000000   0.59977583133464069
 -0.26250438617000000   0.59978711022517159
 -0.26249638617000000   0.59980126943957443
 -0.26248838617000000   0.59981919742122825
 -0.26248038617000000   0.59984169537642618
 -0.26247238617000000   0.59986883546677168
 -0.26246438617000000   0.59989905443302039
 -0.26245638617000000   0.59992911625092526
 -0.26244838617000000   0.59995580894478315
 -0.26244038617000000   0.59997762885210960
 -0.26243238617000000   0.59999471217872468
 -0.26242438617000000   0.60000790484130316
 -0.26241638617000000   0.60001811762432999
 -0.26240838617000000   0.60002609773506525
 -0.26240038617000000   0.60003240354575938
 -0.26239238617000000   0.60003743968678065
 -0.26238438617000000   0.60004149818990228
 -0.26237638617000000   0.60004479149202914
 -0.26236838617000000   0.60004747617163558
 -0.26236038617000000   0.60004966939736560
 -0.26235238617000000   0.60005146022437675
 -0.26234438617000000   0.60005291738079657
 -0.26233638617000000   0.60005409468665530
 -0.26232838617000000   0.60005503487184631
 -0.26232038617000000   0.60005577230224448
 -0.26231238617000000   0.60005633495270072
 -0.26230438617000000   0.60005674585396777
 -0.26229638617000000   0.60005702416736755
 -0.26228838617000000   0.60005718599263698
 -0.26228038617000000   0.60005724498212967
 -0.26227238617000000   0.60005721281279532
 -0.26226438617000000   0.60005709955251212
 -0.26225638617000000   0.60005691394709454
 -0.26224838617000000   0.60005666364713465
 -0.26224038617000000   0.60005635538877133
 -0.26223238617000000   0.60005599513886189
 -0.26222438617000000   0.60005558821241744
 -0.26221638617000000   0.60005513936825535
 -0.26220838617000000   0.60005465288741752
 -0.26220038617000000   0.60005413263785761
 -0.26219238617000000   0.60005358212811780
 -0.26218438617000000   0.60005300455212140
 -0.26217638617000000   0.60005240282675697
 -0.26216838617000000   0.60005177962358149
 -0.26216038617000000   0.60005113739570203
 -0.26215238617000000   0.60005047840068496
 -0.26214438617000000   0.60004980472017901
 -0.26213638617000000   0.60004911827680717
 -0.26212838617000000   0.60004842084878085
 -0.26212038617000000   0.60004771408260644
 -0.26211238617000000   0.60004699950418901
 -0.26210438617000000   0.60004627852858431
 -0.26209638617000000   0.60004555246860691
 -0.26208838617000000   0.60004482254246750
 -0.26208038617000000   0.60004408988058273
 -0.26207238617000000   0.60004335553167822
 -0.26206438617000000   0.60004262046828504
 -0.26205638617000000   0.60004188559171419
 -0.26204838617000000   0.60004115173658006
 -0.26204038617000000   0.60004041967493275
 -0.26203238617000000   0.60003969012004937
 -0.26202438617000000   0.60003896372992762
 -0.26201638617000000   0.60003824111051699
 -0.26200838617000000   0.60003752281871885
 -0.26200038617000000   0.60003680936518105
 -0.26199238617000000   0.60003610121690932
 -0.26198438617000000   0.60003539879971420
 -0.26197638617000000   0.60003470250050976
 -0.26196838617000000   0.60003401266947780
 -0.26196038617000000   0.60003332962210922
 -0.26195238617000000   0.60003265364113318
 -0.26194438617000000   0.60003198497834218
 -0.26193638617000000   0.60003132385632145
 -0.26192838617000000   0.60003067047008864
 -0.26192038617000000   0.60003002498865009
 -0.26191238617000000   0.60002938755647850
 -0.26190438617000000   0.60002875829491697
 -0.26189638617000000   0.60002813730351289
 -0.26188838617000000   0.60002752466128589
 -0.26188038617000000   0.60002692042793284
 -0.26187238617000000   0.60002632464497310
 -0.26186438617000000   0.60002573733683663
 -0.26185638617000000   0.60002515851189765
 -0.26184838617000000   0.60002458816345627
 -0.26184038617000000   0.60002402627067034
 -0.26183238617000000   0.60002347279943944
 -0.26182438617000000   0.60002292770324337
 -0.26181638617000000   0.60002239092393686
 -0.26180838617000000   0.60002186239250221
 -0.26180038617000000   0.60002134202976200
 -0.26179238617000000   0.60002082974705319
 -0.26178438617000000   0.60002032544686451
 -0.26177638617000000   0.60001982902343841
 -0.26176838617000000   0.60001934036333958
 -0.26176038617000000   0.60001885934599096
 -0.26175238617000000   0.60001838584417918
 -0.26174438617000000   0.60001791972453031
 -0.26173638617000000   0.60001746084795777
 -0.26172838617000000   0.60001700907008326
 -0.26172038617000000   0.60001656424163226
 -0.26171238617000000   0.60001612620880516
 -0.26170438617000000   0.60001569481362522
 -0.26169638617000000   0.60001526989426454
 -0.26168838617000000   0.60001485128534900
 -0.26168038617000000   0.60001443881824349
 -0.26167238617000000   0.60001403232131814
 -0.26166438617000000   0.60001363162019665
 -0.26165638617000000   0.60001323653798784
 -0.26164838617000000   0.60001284689550091
 -0.26164038617000000   0.60001246251144582
 -0.26163238617000000   0.60001208320261909
 -0.26162438617000000   0.60001170878407629
 -0.26161638617000000   0.60001133906929161
 -0.26160838617000000   0.60001097387030553
 -0.26160038617000000   0.60001061299786122
 -0.26159238617000000   0.60001025626153026
 -0.26158438617000000   0.60000990346982842
 -0.26157638617000000   0.60000955443032215
 -0.26156838617000000   0.60000920894972646
 -0.26156038617000000   0.60000886683399439
 -0.26155238617000000   0.60000852788839932
 -0.26154438617000000   0.60000819191760973
 -0.26153638617000000   0.60000785872575801
 -0.26152838617000000   0.60000752811650276
 -0.26152038617000000   0.60000719989308588
 -0.26151238617000000   0.60000687385838439
 -0.26150438617000000   0.60000654981495780
 -0.26149638617000000   0.60000622756509094
 -0.26148838617000000   0.60000590691083357
 -0.26148038617000000   0.60000558765403602
 -0.26147238617000000   0.60000526959638230
 -0.26146438617000000   0.60000495253942038
 -0.26145638617000000   0.60000463628459038
 -0.26144838617000000   0.60000432063325085
 -0.26144038617000000   0.60000400538670372
 -0.26143238617000000   0.60000369034621791
 -0.26142438617000000   0.60000337531305239
 -0.26141638617000000   0.60000306008847883
 -0.26140838617000000   0.60000274447380407
 -0.26140038617000000   0.60000242827039301
 -0.26139238617000000   0.60000211127969218
 -0.26138438617000000   0.60000179330325428
 -0.26137638617000000   0.60000147414276410
 -0.26136838617000000   0.60000115360006624
 -0.26136038617000000   0.60000083147719487
 -0.26135238617000000   0.60000050757640603
 -0.26134438617000000   0.60000018170021280
 -0.26133638617000000   0.59999985365142373
 -0.26132838617000000   0.59999952323318495
 -0.26132038617000000   0.59999919024902632
 -0.26131238617000000   0.59999885450291223
 -0.26130438617000000   0.59999851579929714
 -0.26129638617000000   0.59999817394318672
 -0.26128838617000000   0.59999782874020481
 -0.26128038617000000   0.59999747999666674
 -0.26127238617000000   0.59999712751965954
 -0.26126438617000000   0.59999677111712961
 -0.26125638617000000   0.59999641059797825
 -0.26124838617000000   0.59999604577216584
 -0.26124038617000000   0.59999567645082512
 -0.26123238617000000   0.59999530244638415
 -0.26122438617000000   0.59999492357269979
 -0.26121638617000000   0.59999453964520211
 -0.26120838617000000   0.59999415048105079
 -0.26120038617000000   0.59999375589930374
 -0.26119238617000000   0.59999335572109923
 -0.26118438617000000   0.59999294976985202
 -0.26117638617000000   0.59999253787146429
 -0.26116838617000000   0.59999211985455238
 -0.26116038617000000   0.59999169555069030
 -0.26115238617000000   0.59999126479467048
 -0.26114438617000000   0.59999082742478344
 -0.26113638617000000   0.59999038328311678
 -0.26112838617000000   0.59998993221587473
 -0.26112038617000000   0.59998947407371953
 -0.26111238617000000   0.59998900871213543
 -0.26110438617000000   0.59998853599181671
 -0.26109638617000000   0.59998805577908087
 -0.26108838617000000   0.59998756794630810
 -0.26108038617000000   0.59998707237240853
 -0.26107238617000000   0.59998656894331847
 -0.26106438617000000   0.59998605755252698
 -0.26105638617000000   0.59998553810163429
 -0.26104838617000000   0.59998501050094350
 -0.26104038617000000   0.59998447467008709
 -0.26103238617000000   0.59998393053868977
 -0.26102438617000000   0.59998337804706941
 -0.26101638617000000   0.59998281714697769
 -0.26100838617000000   0.59998224780238223
 -0.26100038617000000   0.59998166999029214
 -0.26099238617000000   0.59998108370162867
 -0.26098438617000000   0.59998048894214344
 -0.26097638617000000   0.59997988573338594
 -0.26096838617000000   0.59997927411372285
 -0.26096038617000000   0.59997865413941149
 -0.26095238617000000   0.59997802588573005
 -0.26094438617000000   0.59997738944816739
 -0.26093638617000000   0.59997674494367547
 -0.26092838617000000   0.59997609251198763
 -0.26092038617000000   0.59997543231700664
 -0.26091238617000000   0.59997476454826630
 -0.26090438617000000   0.59997408942247146
 -0.26089638617000000   0.59997340718512121
 -0.26088838617000000   0.59997271811222154
 -0.26088038617000000   0.59997202251209338
 -0.26087238617000000   0.59997132072728450
 -0.26086438617000000   0.59997061313659305
 -0.26085638617000000   0.59996990015721326
 -0.26084838617000000   0.59996918224701505
 -0.26084038617000000   0.59996845990697062
 -0.26083238617000000   0.59996773368374411
 -0.26082438617000000   0.59996700417246282
 -0.26081638617000000   0.59996627201969120
 -0.26080838617000000   0.59996553792663333
 -0.26080038617000000   0.59996480265259343
 -0.26079238617000000   0.59996406701872961
 -0.26078438617000000   0.59996333191214209
 -0.26077638617000000   0.59996259829034509
 -0.26076838617000000   0.59996186718617975
 -0.26076038617000000   0.59996113971323752
 -0.26075238617000000   0.59996041707187468
 -0.26074438617000000   0.59995970055591592
 -0.26073638617000000   0.59995899156016245
 -0.26072838617000000   0.59995829158884328
 -0.26072038617000000   0.59995760226517634
 -0.26071238617000000   0.59995692534223919
 -0.26070438617000000   0.59995626271539088
 -0.26069638617000000   0.59995561643653775
 -0.26068838617000000   0.59995498873059837
 -0.26068038617000000   0.59995438201460202
 -0.26067238616999999   0.59995379891995273
 -0.26066438616999999   0.59995324231851484
 -0.26065638616999999   0.59995271535333150
 -0.26064838616999999   0.59995222147498713
 -0.26064038616999999   0.59995176448487892
 -0.26063238616999999   0.59995134858699114
 -0.26062438616999999   0.59995097845019333
 -0.26061638616999999   0.59995065928364192
 -0.26060838616999999   0.59995039692860235
 -0.26060038616999999   0.59995019797099047
 -0.26059238616999999   0.59995006988024797
 -0.26058438616999999   0.59995002118195061
 -0.26057638616999999   0.59995006167398551
 -0.26056838616999999   0.59995020269950167
 -0.26056038616999999   0.59995045749453610
 -0.26055238616999999   0.59995084163484775
 -0.26054438616999999   0.59995137361595089
 -0.26053638616999999   0.59995207561399527
 -0.26052838616999999   0.59995297449508853
 -0.26052038616999999   0.59995410317014074
 -0.26051238616999999   0.59995550243638059
 -0.26050438616999999   0.59995722351321995
 -0.26049638616999999   0.59995933158129797
 -0.26048838616999999   0.59996191078765197
 -0.26048038616999999   0.59996507141284330
 -0.26047238616999999   0.59996896023752668
 -0.26046438616999999   0.59997377560848141
 -0.26045638616999999   0.59997978919370349
 -0.26044838616999999   0.59998737643316590
 -0.26044038616999999   0.59999705540033817
 -0.26043238616999999   0.60000952347352541
 -0.26042438616999999   0.60002564824221591
 -0.26041638616999999   0.60004629101706062
 -0.26040838616999999   0.60007175427595727
 -0.26040038616999999   0.60010086984381559
 -0.26039238616999999   0.60013068267036536
 -0.26038438616999999   0.60015786466954713
 -0.26037638616999999   0.60018056962608391
 -0.26036838616999999   0.60019867621613584
 -0.26036038616999999   0.60021292606453030
 -0.26035238616999999   0.60022421315759724
 -0.26034438616999999   0.60023329893758238
 -0.26033638616999999   0.60024076192044760
 -0.26032838616999999   0.60024702477917730
 -0.26032038616999999   0.60025239394501940
 -0.26031238616999999   0.60025709299973854
 -0.26030438616999999   0.60026128717084817
 -0.26029638616999999   0.60026510045982207
 -0.26028838616999999   0.60026862745195586
 -0.26028038616999999   0.60027194146555377
 -0.26027238616999999   0.60027510021769137
 -0.26026438616999999   0.60027814980455053
 -0.26025638616999999   0.60028112752910271
 -0.26024838616999999   0.60028406393151499
 -0.26024038616999999   0.60028698426079430
 -0.26023238616999999   0.60028990954935465
 -0.26022438616999999   0.60029285740145374
 -0.26021638616999999   0.60029584257269308
 -0.26020838616999999   0.60029887739513947
 -0.26020038616999999   0.60030197208733536
 -0.26019238616999999   0.60030513497807543
 -0.26018438616999999   0.60030837266574359
 -0.26017638616999999   0.60031169013016619
 -0.26016838616999999   0.60031509081062556
 -0.26016038616999999   0.60031857666138765
 -0.26015238616999999   0.60032214819446907
 -0.26014438616999999   0.60032580451812548
 -0.26013638616999999   0.60032954337848540
 -0.26012838616999999   0.60033336121071356
 -0.26012038616999999   0.60033725320496254
 -0.26011238616999999   0.60034121339108288
 -0.26010438616999999   0.60034523474459212
 -0.26009638616999999   0.60034930931477523
 -0.26008838616999999   0.60035342837406876
 -0.26008038616999999   0.60035758258618078
 -0.26007238616999999   0.60036176218883920
 -0.26006438616999999   0.60036595718578416
 -0.26005638616999999   0.60037015754173669
 -0.26004838616999999   0.60037435337367147
 -0.26004038616999999   0.60037853513182765
 -0.26003238616999999   0.60038269376448552
 -0.26002438616999999   0.60038682086154249
 -0.26001638616999999   0.60039090877322598
 -0.26000838616999999   0.60039495070174199
 -0.26000038616999999   0.60039894076513956
 -0.25999238616999999   0.60040287403404110
 -0.25998438616999999   0.60040674654305316
 -0.25997638616999999   0.60041055527956881
 -0.25996838616999999   0.60041429815327126
 -0.25996038616999999   0.60041797394996082
 -0.25995238616999999   0.60042158227338265
 -0.25994438616999999   0.60042512347857692
 -0.25993638616999999   0.60042859859996329
 -0.25992838616999999   0.60043200927696042
 -0.25992038616999999   0.60043535767947767
 -0.25991238616999999   0.60043864643514276
 -0.25990438616999999   0.60044187855967308
 -0.25989638616999999   0.60044505739138359
 -0.25988838616999999   0.60044818653046337
 -0.25988038616999999   0.60045126978334813
 -0.25987238616999999   0.60045431111227204
 -0.25986438616999999   0.60045731458989246
 -0.25985638616999999   0.60046028435874098
 -0.25984838616999999   0.60046322459515690
 -0.25984038616999999   0.60046613947729818
 -0.25983238616999999   0.60046903315679230
 -0.25982438616999999   0.60047190973357942
 -0.25981638616999999   0.60047477323350894
 -0.25980838616999999   0.60047762758827134
 -0.25980038616999999   0.60048047661727686
 -0.25979238616999999   0.60048332401113179
 -0.25978438616999999   0.60048617331640268
 -0.25977638616999999   0.60048902792140511
 -0.25976838616999999   0.60049189104279953
 -0.25976038616999999   0.60049476571282396
 -0.25975238616999999   0.60049765476704178
 -0.25974438616999999   0.60050056083252974
 -0.25973638616999999   0.60050348631647870
 -0.25972838616999999   0.60050643339522578
 -0.25972038616999999   0.60050940400378047
 -0.25971238616999999   0.60051239982594964
 -0.25970438616999999   0.60051542228520570
 -0.25969638616999999   0.60051847253647643
 -0.25968838616999999   0.60052155145906603
 -0.25968038616999999   0.60052465965093944
 -0.25967238616999999   0.60052779742461913
 -0.25966438616999999   0.60053096480495047
 -0.25965638616999999   0.60053416152898848
 -0.25964838616999999   0.60053738704824699
 -0.25964038616999999   0.60054064053352402
 -0.25963238616999999   0.60054392088248257
 -0.25962438616999999   0.60054722673011566
 -0.25961638616999999   0.60055055646216802
 -0.25960838616999999   0.60055390823151688
 -0.25960038616999999   0.60055727997744137
 -0.25959238616999999   0.60056066944763051
 -0.25958438616999999   0.60056407422269984
 -0.25957638616999999   0.60056749174291147
 -0.25956838616999999   0.60057091933671852
 -0.25956038616999999   0.60057435425069686
 -0.25955238616999999   0.60057779368037661
 -0.25954438616999999   0.60058123480145356
 -0.25953638616999999   0.60058467480084446
 -0.25952838616999999   0.60058811090705335
 -0.25952038616999999   0.60059154041933328
 -0.25951238616999999   0.60059496073516751
 -0.25950438616999999   0.60059836937564330
 -0.25949638616999999   0.60060176400835664
 -0.25948838616999999   0.60060514246755703
 -0.25948038616999999   0.60060850277132153
 -0.25947238616999999   0.60061184313562554
 -0.25946438616999999   0.60061516198525682
 -0.25945638616999999   0.60061845796159344
 -0.25944838616999999   0.60062172992733364
 -0.25944038616999999   0.60062497696832228
 -0.25943238616999999   0.60062819839266919
 -0.25942438616999999   0.60063139372738859
 -0.25941638616999999   0.60063456271281807
 -0.25940838616999999   0.60063770529508934
 -0.25940038616999999   0.60064082161693033
 -0.25939238616999999   0.60064391200707532
 -0.25938438616999999   0.60064697696855062
 -0.25937638616999999   0.60065001716608889
 -0.25936838616999999   0.60065303341290375
 -0.25936038616999999   0.60065602665703694
 -0.25935238616999999   0.60065899796746296
 -0.25934438616999999   0.60066194852011379
 -0.25933638616999999   0.60066487958396043
 -0.25932838616999999   0.60066779250726497
 -0.25932038616999999   0.60067068870409503
 -0.25931238616999999   0.60067356964117181
 -0.25930438616999999   0.60067643682510668
 -0.25929638616999999   0.60067929179006451
 -0.25928838616999999   0.60068213608588004
 -0.25928038616999999   0.60068497126664391
 -0.25927238616999999   0.60068779887976515
 -0.25926438616999999   0.60069062045551375
 -0.25925638616999999   0.60069343749704149
 -0.25924838616999999   0.60069625147087833
 -0.25924038616999999   0.60069906379790202
 -0.25923238616999999   0.60070187584477834
 -0.25922438616999999   0.60070468891587490
 -0.25921638616999999   0.60070750424565155
 -0.25920838616999999   0.60071032299153787
 -0.25920038616999999   0.60071314622731111
 -0.25919238616999999   0.60071597493699390
 -0.25918438616999999   0.60071881000929557
 -0.25917638616999999   0.60072165223262642
 -0.25916838616999999   0.60072450229071795
 -0.25916038616999999   0.60072736075888668
 -0.25915238616999999   0.60073022810098000
 -0.25914438616999999   0.60073310466704655
 -0.25913638616999999   0.60073599069177159
 -0.25912838616999999   0.60073888629371804
 -0.25912038616999999   0.60074179147540917
 -0.25911238616999999   0.60074470612428658
 -0.25910438616999999   0.60074763001456799
 -0.25909638616999999   0.60075056281002346
 -0.25908838616999999   0.60075350406767691
 -0.25908038616999999   0.60075645324242990
 -0.25907238616999999   0.60075940969259151
 -0.25906438616999999   0.60076237268628420
 -0.25905638616999999   0.60076534140868211
 -0.25904838616999999   0.60076831497002391
 -0.25904038616999999   0.60077129241432735
 -0.25903238616999999   0.60077427272872026
 -0.25902438616999999   0.60077725485329001
 -0.25901638616999999   0.60078023769134256
 -0.25900838616999999   0.60078322011995408
 -0.25900038616999999   0.60078620100069098
 -0.25899238616999999   0.60078917919037052
 -0.25898438616999999   0.60079215355173358
 -0.25897638616999999   0.60079512296390155
 -0.25896838616999999   0.60079808633249472
 -0.25896038616999999   0.60080104259929562
 -0.25895238616999999   0.60080399075135106
 -0.25894438616999999   0.60080692982941621
 -0.25893638616999999   0.60080985893565949
 -0.25892838616999999   0.60081277724055887
 -0.25892038616999999   0.60081568398893713
 -0.25891238616999999   0.60081857850509783
 -0.25890438616999999   0.60082146019704010
 -0.25889638616999999   0.60082432855974417
 -0.25888838616999999   0.60082718317753438
 -0.25888038616999999   0.60083002372553919
 -0.25887238616999999   0.60083284997027847
 -0.25886438616999999   0.60083566176941876
 -0.25885638616999999   0.60083845907074570
 -0.25884838616999999   0.60084124191040803
 -0.25884038616999999   0.60084401041049361
 -0.25883238616999999   0.60084676477600071
 -0.25882438616999999   0.60084950529126849
 -0.25881638616999999   0.60085223231593235
 -0.25880838616999999   0.60085494628046739
 -0.25880038616999999   0.60085764768138262
 -0.25879238616999999   0.60086033707612444
 -0.25878438616999999   0.60086301507774584
 -0.25877638616999999   0.60086568234939262
 -0.25876838616999999   0.60086833959865513
 -0.25876038616999999   0.60087098757182850
 -0.25875238616999999   0.60087362704812126
 -0.25874438616999999   0.60087625883384748
 -0.25873638616999999   0.60087888375663392
 -0.25872838616999999   0.60088150265967053
 -0.25872038616999999   0.60088411639602854
 -0.25871238616999999   0.60088672582306923
 -0.25870438616999999   0.60088933179696235
 -0.25869638616999999   0.60089193516733306
 -0.25868838616999999   0.60089453677205342
 -0.25868038616999999   0.60089713743219467
 -0.25867238616999999   0.60089973794715503
 -0.25866438616999999   0.60090233908997831
 -0.25865638616999999   0.60090494160287796
 -0.25864838616999999   0.60090754619298235
 -0.25864038616999999   0.60091015352831659
 -0.25863238616999999   0.60091276423403808
 -0.25862438616999999   0.60091537888894250
 -0.25861638616999999   0.60091799802225853
 -0.25860838616999999   0.60092062211074953
 -0.25860038616999999   0.60092325157614128
 -0.25859238616999999   0.60092588678289510
 -0.25858438616999999   0.60092852803634506
 -0.25857638616999999   0.60093117558121792
 -0.25856838616999999   0.60093382960055357
 -0.25856038616999999   0.60093649021504187
 -0.25855238616999999   0.60093915748279059
 -0.25854438616999999   0.60094183139953585
 -0.25853638616999999   0.60094451189930427
 -0.25852838616999999   0.60094719885553232
 -0.25852038616999999   0.60094989208264393
 -0.25851238616999999   0.60095259133808343
 -0.25850438616999999   0.60095529632479623
 -0.25849638616999999   0.60095800669414412
 -0.25848838616999999   0.60096072204923687
 -0.25848038616999999   0.60096344194865653
 -0.25847238616999999   0.60096616591054578
 -0.25846438616999999   0.60096889341702566
 -0.25845638616999999   0.60097162391890450
 -0.25844838616999999   0.60097435684063366
 -0.25844038616999999   0.60097709158546399
 -0.25843238616999999   0.60097982754075170
 -0.25842438616999999   0.60098256408336142
 -0.25841638616999999   0.60098530058511163
 -0.25840838616999999   0.60098803641820779
 -0.25840038616999999   0.60099077096060796
 -0.25839238616999999   0.60099350360126744
 -0.25838438616999999   0.60099623374521056
 -0.25837638616999999   0.60099896081838090
 -0.25836838616999999   0.60100168427222469
 -0.25836038616999999   0.60100440358796633
 -0.25835238616999999   0.60100711828053977
 -0.25834438616999999   0.60100982790214524
 -0.25833638616999999   0.60101253204540533
 -0.25832838616999999   0.60101523034610138
 -0.25832038616999999   0.60101792248547535
 -0.25831238616999999   0.60102060819208997
 -0.25830438616999999   0.60102328724324305
 -0.25829638616999999   0.60102595946593907
 -0.25828838616999999   0.60102862473742480
 -0.25828038616999999   0.60103128298529999
 -0.25827238616999999   0.60103393418721878
 -0.25826438616999999   0.60103657837019969
 -0.25825638616999999   0.60103921560956604
 -0.25824838616999999   0.60104184602753942
 -0.25824038616999999   0.60104446979151216
 -0.25823238616999999   0.60104708711202459
 -0.25822438616999999   0.60104969824047405
 -0.25821638616999999   0.60105230346658398
 -0.25820838616999999   0.60105490311565939
 -0.25820038616999999   0.60105749754565657
 -0.25819238616999999   0.60106008714409386
 -0.25818438616999999   0.60106267232482807
 -0.25817638616999999   0.60106525352472359
 -0.25816838616999999   0.60106783120023589
 -0.25816038616999999   0.60107040582393416
 -0.25815238616999999   0.60107297788098441
 -0.25814438616999999   0.60107554786561348
 -0.25813638616999999   0.60107811627757497
 -0.25812838616999999   0.60108068361863522
 -0.25812038616999999   0.60108325038909851
 -0.25811238616999999   0.60108581708438849
 -0.25810438616999999   0.60108838419170299
 -0.25809638616999999   0.60109095218675912
 -0.25808838616999999   0.60109352153064424
 -0.25808038616999999   0.60109609266678898
 -0.25807238616999999   0.60109866601807755
 -0.25806438616999999   0.60110124198411025
 -0.25805638616999999   0.60110382093863428
 -0.25804838616999999   0.60110640322715556
 -0.25804038616999999   0.60110898916474825
 -0.25803238616999999   0.60111157903407372
 -0.25802438616999999   0.60111417308362404
 -0.25801638616999999   0.60111677152620192
 -0.25800838616999999   0.60111937453764948
 -0.25800038616999999   0.60112198225583662
 -0.25799238616999999   0.60112459477991933
 -0.25798438616999999   0.60112721216987561
 -0.25797638616999999   0.60112983444632693
 -0.25796838616999999   0.60113246159064921
 -0.25796038616999999   0.60113509354537706
 -0.25795238616999999   0.60113773021490164
 -0.25794438616999999   0.60114037146646036
 -0.25793638616999999   0.60114301713141474
 -0.25792838616999999   0.60114566700680820
 -0.25792038616999999   0.60114832085719550
 -0.25791238616999999   0.60115097841672950
 -0.25790438616999999   0.60115363939149119
 -0.25789638616999999   0.60115630346204387
 -0.25788838616999999   0.60115897028619081
 -0.25788038616999999   0.60116163950191324
 -0.25787238616999999   0.60116431073046302
 -0.25786438616999999   0.60116698357958246
 -0.25785638616999999   0.60116965764682233
 -0.25784838616999999   0.60117233252292818
 -0.25784038616999999   0.60117500779526295
 -0.25783238616999999   0.60117768305123559
 -0.25782438616999999   0.60118035788170345
 -0.25781638616999999   0.60118303188431788
 -0.25780838616999999   0.60118570466678283
 -0.25780038616999999   0.60118837584999777
 -0.25779238616999999   0.60119104507105822
 -0.25778438616999999   0.60119371198608794
 -0.25777638616999999   0.60119637627288144
 -0.25776838616999999   0.60119903763333527
 -0.25776038616999999   0.60120169579565158
 -0.25775238616999999   0.60120435051629904
 -0.25774438616999999   0.60120700158171945
 -0.25773638616999999   0.60120964880977184
 -0.25772838616999999   0.60121229205090762
 -0.25772038616999999   0.60121493118907452
 -0.25771238616999999   0.60121756614234923
 -0.25770438616999999   0.60122019686330048
 -0.25769638616999999   0.60122282333908833
 -0.25768838616999999   0.60122544559130580
 -0.25768038616999999   0.60122806367557210
 -0.25767238616999999   0.60123067768088822
 -0.25766438616999999   0.60123328772876651
 -0.25765638616999999   0.60123589397214742
 -0.25764838616999999   0.60123849659411811
 -0.25764038616999999   0.60124109580644710
 -0.25763238616999999   0.60124369184795081
 -0.25762438616999999   0.60124628498270780
 -0.25761638616999999   0.60124887549813642
 -0.25760838616999999   0.60125146370295197
 -0.25760038616999999   0.60125404992501926
 -0.25759238616999999   0.60125663450911665
 -0.25758438616999999   0.60125921781462622
 -0.25757638616999999   0.60126180021316614
 -0.25756838616999999   0.60126438208617987
 -0.25756038616999999   0.60126696382249589
 -0.25755238616999999   0.60126954581587342
 -0.25754438616999999   0.60127212846254666
 -0.25753638616999999   0.60127471215878163
 -0.25752838616999999   0.60127729729845832
 -0.25752038616999999   0.60127988427069106
 -0.25751238616999999   0.60128247345749977
 -0.25750438616999999   0.60128506523154341
 -0.25749638616999999   0.60128765995392892
 -0.25748838616999999   0.60129025797210587
 -0.25748038616999999   0.60129285961785913
 -0.25747238616999999   0.60129546520541033
 -0.25746438616999999   0.60129807502963905
 -0.25745638616999999   0.60130068936443410
 -0.25744838616999999   0.60130330846118502
 -0.25744038616999999   0.60130593254742331
 -0.25743238616999999   0.60130856182562285
 -0.25742438616999999   0.60131119647216734
 -0.25741638616999999   0.60131383663649324
 -0.25740838616999999   0.60131648244041437
 -0.25740038616999999   0.60131913397763493
 -0.25739238616999999   0.60132179131345510
 -0.25738438616999999   0.60132445448467342
 -0.25737638616999999   0.60132712349968850
 -0.25736838616999999   0.60132979833880037
 -0.25736038616999999   0.60133247895471214
 -0.25735238616999999   0.60133516527322884
 -0.25734438616999999   0.60133785719415057
 -0.25733638616999999   0.60134055459235414
 -0.25732838616999999   0.60134325731905616
 -0.25732038616999999   0.60134596520324913
 -0.25731238616999999   0.60134867805329936
 -0.25730438616999999   0.60135139565869500
 -0.25729638616999999   0.60135411779193053
 -0.25728838616999999   0.60135684421051225
 -0.25728038616999999   0.60135957465906848
 -0.25727238616999999   0.60136230887154662
 -0.25726438616999999   0.60136504657347905
 -0.25725638616999999   0.60136778748429760
 -0.25724838616999999   0.60137053131967794
 -0.25724038616999999   0.60137327779389237
 -0.25723238616999999   0.60137602662215199
 -0.25722438616999999   0.60137877752291758
 -0.25721638616999999   0.60138153022015923
 -0.25720838616999999   0.60138428444554687
 -0.25720038616999999   0.60138703994055224
 -0.25719238616999999   0.60138979645844628
 -0.25718438616999999   0.60139255376617508
 -0.25717638616999999   0.60139531164610146
 -0.25716838616999999   0.60139806989759735
 -0.25716038616999999   0.60140082833847730
 -0.25715238616999999   0.60140358680626261
 -0.25714438616999999   0.60140634515926864
 -0.25713638616999999   0.60140910327750903
 -0.25712838616999999   0.60141186106341263
 -0.25712038616999999   0.60141461844235021
 -0.25711238616999999   0.60141737536297111
 -0.25710438616999999   0.60142013179734873
 -0.25709638616999999   0.60142288774093899
 -0.25708838616999999   0.60142564321235392
 -0.25708038616999999   0.60142839825295652
 -0.25707238616999999   0.60143115292628202
 -0.25706438616999999   0.60143390731729357
 -0.25705638616999999   0.60143666153147990
 -0.25704838616999999   0.60143941569380482
 -0.25704038616999999   0.60144216994751739
 -0.25703238616999999   0.60144492445283376
 -0.25702438616999999   0.60144767938550137
 -0.25701638616999999   0.60145043493525686
 -0.25700838616999999   0.60145319130418938
 -0.25700038616999999   0.60145594870502103
 -0.25699238616999999   0.60145870735931679
 -0.25698438616999999   0.60146146749563607
 -0.25697638616999999   0.60146422934763822
 -0.25696838616999999   0.60146699315215437
 -0.25696038616999999   0.60146975914723800
 -0.25695238616999999   0.60147252757020671
 -0.25694438616999999   0.60147529865568725
 -0.25693638616999999   0.60147807263367644
 -0.25692838616999999   0.60148084972762966
 -0.25692038616999999   0.60148363015258935
 -0.25691238616999999   0.60148641411336493
 -0.25690438616999999   0.60148920180277603
 -0.25689638616999999   0.60149199339997079
 -0.25688838616999999   0.60149478906882923
 -0.25688038616999999   0.60149758895646389
 -0.25687238616999999   0.60150039319182708
 -0.25686438616999999   0.60150320188443527
 -0.25685638616999999   0.60150601512321983
 -0.25684838616999999   0.60150883297551293
 -0.25684038616999999   0.60151165548617701
 -0.25683238616999999   0.60151448267688461
 -0.25682438616999999   0.60151731454555606
 -0.25681638616999999   0.60152015106595945
 -0.25680838616999999   0.60152299218747812
 -0.25680038616999999   0.60152583783504922
 -0.25679238616999999   0.60152868790927454
 -0.25678438616999999   0.60153154228670558
 -0.25677638616999999   0.60153440082030170
 -0.25676838616999999   0.60153726334005954
 -0.25676038616999999   0.60154012965381060
 -0.25675238616999999   0.60154299954818164
 -0.25674438616999999   0.60154587278971234
 -0.25673638616999999   0.60154874912612127
 -0.25672838616999999   0.60155162828771214
 -0.25672038616999999   0.60155450998890910
 -0.25671238616999999   0.60155739392990856
 -0.25670438616999999   0.60156027979843640
 -0.25669638616999999   0.60156316727159361
 -0.25668838616999999   0.60156605601777795
 -0.25668038616999999   0.60156894569866366
 -0.25667238616999999   0.60157183597122425
 -0.25666438616999999   0.60157472648978043
 -0.25665638616999999   0.60157761690805640
 -0.25664838616999999   0.60158050688122777
 -0.25664038616999999   0.60158339606794325
 -0.25663238616999999   0.60158628413230416
 -0.25662438616999999   0.60158917074578563
 -0.25661638616999999   0.60159205558908358
 -0.25660838616999999   0.60159493835387347
 -0.25660038616999999   0.60159781874446765
 -0.25659238616999999   0.60160069647935804
 -0.25658438616999999   0.60160357129263457
 -0.25657638616999999   0.60160644293526819
 -0.25656838616999999   0.60160931117625186
 -0.25656038616999999   0.60161217580359150
 -0.25655238616999999   0.60161503662514268
 -0.25654438616999999   0.60161789346928893
 -0.25653638616999999   0.60162074618545938
 -0.25652838616999999   0.60162359464448561
 -0.25652038616999999   0.60162643873879762
 -0.25651238616999999   0.60162927838246176
 -0.25650438616999999   0.60163211351106300
 -0.25649638616999999   0.60163494408143701
 -0.25648838616999999   0.60163777007125659
 -0.25648038616999999   0.60164059147847962
 -0.25647238616999999   0.60164340832066548
 -0.25646438616999999   0.60164622063416787
 -0.25645638616999999   0.60164902847321397
 -0.25644838616999999   0.60165183190887697
 -0.25644038616999999   0.60165463102795400
 -0.25643238616999999   0.60165742593175807
 -0.25642438616999999   0.60166021673483478
 -0.25641638616999999   0.60166300356361460
 -0.25640838616999999   0.60166578655501069
 -0.25640038616999999   0.60166856585497353
 -0.25639238616999999   0.60167134161701252
 -0.25638438616999999   0.60167411400069559
 -0.25637638616999999   0.60167688317013666
 -0.25636838616999999   0.60167964929248171
 -0.25636038616999999   0.60168241253640314
 -0.25635238616999999   0.60168517307061255
 -0.25634438616999999   0.60168793106240119
 -0.25633638616999999   0.60169068667621720
 -0.25632838616999999   0.60169344007228912
 -0.25632038616999999   0.60169619140530339
 -0.25631238616999999   0.60169894082314439
 -0.25630438616999999   0.60170168846570496
 -0.25629638616999999   0.60170443446377386
 -0.25628838616999999   0.60170717893800787
 -0.25628038616999999   0.60170992199799396
 -0.25627238616999999   0.60171266374140798
 -0.25626438616999999   0.60171540425327424
 -0.25625638616999999   0.60171814360533118
 -0.25624838616999999   0.60172088185550651
 -0.25624038616999999   0.60172361904750554
 -0.25623238616999999   0.60172635521051392
 -0.25622438616999999   0.60172909035901854
 -0.25621638616999999   0.60173182449274525
 -0.25620838616999999   0.60173455759671546
 -0.25620038616999999   0.60173728964141934
 -0.25619238616999999   0.60174002058310521
 -0.25618438616999999   0.60174275036418206
 -0.25617638616999999   0.60174547891373200
 -0.25616838616999999   0.60174820614812894
 -0.25616038616999999   0.60175093197175768
 -0.25615238616999999   0.60175365627782882
 -0.25614438616999999   0.60175637894928174
 -0.25613638616999999   0.60175909985976909
 -0.25612838616999999   0.60176181887471474
 -0.25612038616999999   0.60176453585243639
 -0.25611238616999999   0.60176725064532393
 -0.25610438616999999   0.60176996310106375
 -0.25609638616999999   0.60177267306389945
 -0.25608838616999999   0.60177538037591812
 -0.25608038616999999   0.60177808487835230
 -0.25607238616999999   0.60178078641288682
 -0.25606438616999999   0.60178348482296019
 -0.25605638616999999   0.60178617995504986
 -0.25604838616999999   0.60178887165993202
 -0.25604038616999999   0.60179155979390471
 -0.25603238616999999   0.60179424421996658
 -0.25602438616999999   0.60179692480894070
 -0.25601638616999999   0.60179960144053670
 -0.25600838616999999   0.60180227400434190
 -0.25600038616999999   0.60180494240073620
 -0.25599238616999999   0.60180760654172298
 -0.25598438616999999   0.60181026635167177
 -0.25597638616999999   0.60181292176796726
 -0.25596838616999999   0.60181557274156204
 -0.25596038616999999   0.60181821923742846
 -0.25595238616999999   0.60182086123490983
 -0.25594438616999999   0.60182349872796782
 -0.25593638616999999   0.60182613172532700
 -0.25592838616999999   0.60182876025051640
 -0.25592038616999999   0.60183138434180960
 -0.25591238616999999   0.60183400405206518
 -0.25590438616999999   0.60183661944846991
 -0.25589638616999999   0.60183923061218860
 -0.25588838616999999   0.60184183763792370
 -0.25588038616999999   0.60184444063338937
 -0.25587238616999999   0.60184703971870476
 -0.25586438616999999   0.60184963502571157
 -0.25585638616999999   0.60185222669722194
 -0.25584838616999999   0.60185481488620149
 -0.25584038616999999   0.60185739975489497
 -0.25583238616999999   0.60185998147389977
 -0.25582438616999999   0.60186256022119436
 -0.25581638616999999   0.60186513618112805
 -0.25580838616999999   0.60186770954337876
 -0.25580038616999999   0.60187028050188585
 -0.25579238616999999   0.60187284925376424
 -0.25578438616999999   0.60187541599820710
 -0.25577638616999999   0.60187798093538364
 -0.25576838616999999   0.60188054426533854
 -0.25576038616999999   0.60188310618689979
 -0.25575238616999999   0.60188566689660118
 -0.25574438616999999   0.60188822658762619
 -0.25573638616999999   0.60189078544877913
 -0.25572838616999999   0.60189334366348931
 -0.25572038616999999   0.60189590140885492
 -0.25571238616999999   0.60189845885473124
 -0.25570438616999999   0.60190101616286932
 -0.25569638616999999   0.60190357348610969
 -0.25568838616999999   0.60190613096763639
 -0.25568038616999999   0.60190868874029543
 -0.25567238616999999   0.60191124692598214
 -0.25566438616999999   0.60191380563510091
 -0.25565638616999999   0.60191636496610124
 -0.25564838616999999   0.60191892500509216
 -0.25564038616999999   0.60192148582553880
 -0.25563238616999999   0.60192404748804193
 -0.25562438616999999   0.60192661004020256
 -0.25561638616999999   0.60192917351657281
 -0.25560838616999999   0.60193173793869272
 -0.25560038616999999   0.60193430331521379
 -0.25559238616999999   0.60193686964210750
 -0.25558438616999999   0.60193943690295827
 -0.25557638616999999   0.60194200506933835
 -0.25556838616999999   0.60194457410126247
 -0.25556038616999999   0.60194714394771853
 -0.25555238616999999   0.60194971454727097
 -0.25554438616999999   0.60195228582873231
 -0.25553638616999999   0.60195485771189791
 -0.25552838616999999   0.60195743010833845
 -0.25552038616999999   0.60196000292224431
 -0.25551238616999999   0.60196257605131543
 -0.25550438616999999   0.60196514938768992
 -0.25549638616999999   0.60196772281890440
 -0.25548838616999999   0.60197029622887856
 -0.25548038616999999   0.60197286949891657
 -0.25547238616999999   0.60197544250871791
 -0.25546438616999999   0.60197801513738919
 -0.25545638616999999   0.60198058726444999
 -0.25544838616999999   0.60198315877082488
 -0.25544038616999999   0.60198572953981388
 -0.25543238616999999   0.60198829945803459
 -0.25542438616999999   0.60199086841632865
 -0.25541638616999999   0.60199343631062616
 -0.25540838616999999   0.60199600304276209
 -0.25540038616999999   0.60199856852123819
 -0.25539238616999999   0.60200113266192643
 -0.25538438616999999   0.60200369538870815
 -0.25537638616999999   0.60200625663404540
 -0.25536838616999999   0.60200881633948123
 -0.25536038616999999   0.60201137445606538
 -0.25535238616999999   0.60201393094470378
 -0.25534438616999999   0.60201648577643018
 -0.25533638616999999   0.60201903893259827
 -0.25532838616999999   0.60202159040499530
 -0.25532038616999999   0.60202414019587594
 -0.25531238616999999   0.60202668831791841
 -0.25530438616999999   0.60202923479410359
 -0.25529638616999999   0.60203177965751944
 -0.25528838616999999   0.60203432295109311
 -0.25528038616999999   0.60203686472725332
 -0.25527238616999999   0.60203940504752694
 -0.25526438616999999   0.60204194398207286
 -0.25525638616999999   0.60204448160915790
 -0.25524838616999999   0.60204701801457857
 -0.25524038616999999   0.60204955329103368
 -0.25523238616999999   0.60205208753745304
 -0.25522438616999999   0.60205462085828633
 -0.25521638616999999   0.60205715336275891
 -0.25520838616999999   0.60205968516409883
 -0.25520038616999999   0.60206221637874108
 -0.25519238616999999   0.60206474712551483
 -0.25518438616999999   0.60206727752481905
 -0.25517638616999999   0.60206980769779210
 -0.25516838616999999   0.60207233776548147
 -0.25516038616999999   0.60207486784801873
 -0.25515238616999999   0.60207739806380554
 -0.25514438616999999   0.60207992852871592
 -0.25513638616999999   0.60208245935532051
 -0.25512838616999999   0.60208499065213749
 -0.25512038616999999   0.60208752252291553
 -0.25511238616999999   0.60209005506595346
 -0.25510438616999999   0.60209258837346107
 -0.25509638616999999   0.60209512253096560
 -0.25508838616999999   0.60209765761676768
 -0.25508038616999999   0.60210019370145091
 -0.25507238616999999   0.60210273084744784
 -0.25506438616999999   0.60210526910866590
 -0.25505638616999999   0.60210780853017587
 -0.25504838616999999   0.60211034914796478
 -0.25504038616999999   0.60211289098875577
 -0.25503238616999999   0.60211543406989556
 -0.25502438616999999   0.60211797839931115
 -0.25501638616999999   0.60212052397553557
 -0.25500838616999999   0.60212307078780320
 -0.25500038616999999   0.60212561881621388
 -0.25499238616999999   0.60212816803196479
 -0.25498438616999999   0.60213071839764848
 -0.25497638616999999   0.60213326986761536
 -0.25496838616999999   0.60213582238839775
 -0.25496038616999999   0.60213837589919258
 -0.25495238616999999   0.60214093033239948
 -0.25494438616999999   0.60214348561420999
 -0.25493638616999999   0.60214604166524390
 -0.25492838616999999   0.60214859840122786
 -0.25492038616999999   0.60215115573371113
 -0.25491238616999999   0.60215371357081339
 -0.25490438616999999   0.60215627181799864
 -0.25489638616999999   0.60215883037886975
 -0.25488838616999999   0.60216138915597732
 -0.25488038616999999   0.60216394805163731
 -0.25487238616999999   0.60216650696875051
 -0.25486438616999999   0.60216906581161853
 -0.25485638616999999   0.60217162448674992
 -0.25484838616999999   0.60217418290365007
 -0.25484038616999999   0.60217674097559014
 -0.25483238616999999   0.60217929862034818
 -0.25482438616999999   0.60218185576091822
 -0.25481638616999999   0.60218441232618169
 -0.25480838616999999   0.60218696825153654
 -0.25480038616999999   0.60218952347948048
 -0.25479238616999999   0.60219207796014316
 -0.25478438616999999   0.60219463165176559
 -0.25477638616999999   0.60219718452112190
 -0.25476838616999999   0.60219973654388266
 -0.25476038616999999   0.60220228770491667
 -0.25475238616999999   0.60220483799853003
 -0.25474438616999999   0.60220738742864136
 -0.25473638616999999   0.60220993600889281
 -0.25472838616999999   0.60221248376269642
 -0.25472038616999999   0.60221503072321619
 -0.25471238616999999   0.60221757693328717
 -0.25470438616999999   0.60222012244527202
 -0.25469638616999999   0.60222266732085730
 -0.25468838616999999   0.60222521163079087
 -0.25468038616999999   0.60222775545456342
 -0.25467238616999999   0.60223029888003611
 -0.25466438616999999   0.60223284200301788
 -0.25465638616999999   0.60223538492679495
 -0.25464838616999999   0.60223792776161691
 -0.25464038616999999   0.60224047062414204
 -0.25463238616999999   0.60224301363684648
 -0.25462438616999999   0.60224555692740105
 -0.25461638616999999   0.60224810062801976
 -0.25460838616999999   0.60225064487478428
 -0.25460038616999999   0.60225318980694893
 -0.25459238616999999   0.60225573556623044
 -0.25458438616999999   0.60225828229608681
 -0.25457638616999999   0.60226083014099014
 -0.25456838616999999   0.60226337924569714
 -0.25456038616999999   0.60226592975452292
 -0.25455238616999999   0.60226848181062115
 -0.25454438616999999   0.60227103555527567
 -0.25453638616999999   0.60227359112720806
 -0.25452838616999999   0.60227614866190411
 -0.25452038616999999   0.60227870829096491
 -0.25451238616999999   0.60228127014148465
 -0.25450438616999999   0.60228383433546032
 -0.25449638616999999   0.60228640098923590
 -0.25448838616999999   0.60228897021298484
 -0.25448038616999999   0.60229154211023363
 -0.25447238616999999   0.60229411677742984
 -0.25446438616999999   0.60229669430355643
 -0.25445638616999999   0.60229927476979560
 -0.25444838616999999   0.60230185824924344
 -0.25444038616999999   0.60230444480667766
 -0.25443238616999999   0.60230703449837951
 -0.25442438616999999   0.60230962737201089
 -0.25441638616999999   0.60231222346654763
 -0.25440838616999999   0.60231482281226933
 -0.25440038616999999   0.60231742543080490
 -0.25439238616999999   0.60232003133523458
 -0.25438438616999999   0.60232264053024686
 -0.25437638616999999   0.60232525301234884
 -0.25436838616999999   0.60232786877012948
 -0.25436038616999999   0.60233048778457254
 -0.25435238616999999   0.60233311002941778
 -0.25434438616999999   0.60233573547156700
 -0.25433638616999999   0.60233836407153250
 -0.25432838616999999   0.60234099578392399
 -0.25432038616999999   0.60234363055797069
 -0.25431238616999999   0.60234626833807418
 -0.25430438616999999   0.60234890906438831
 -0.25429638616999999   0.60235155267342161
 -0.25428838616999999   0.60235419909865689
 -0.25428038616999999   0.60235684827118450
 -0.25427238616999999   0.60235950012034346
 -0.25426438616999999   0.60236215457436566
 -0.25425638616999999   0.60236481156101878
 -0.25424838616999999   0.60236747100824244
 -0.25424038616999999   0.60237013284477270
 -0.25423238616999999   0.60237279700075083
 -0.25422438616999999   0.60237546340831092
 -0.25421638616999999   0.60237813200214253
 -0.25420838616999999   0.60238080272002384
 -0.25420038616999999   0.60238347550332168
 -0.25419238616999999   0.60238615029745420
 -0.25418438616999999   0.60238882705231344
 -0.25417638616999999   0.60239150572264444
 -0.25416838616999999   0.60239418626837838
 -0.25416038616999999   0.60239686865491696
 -0.25415238616999999   0.60239955285336696
 -0.25414438616999999   0.60240223884072247
 -0.25413638616999999   0.60240492659999446
 -0.25412838616999999   0.60240761612028628
 -0.25412038616999999   0.60241030739681519
 -0.25411238616999999   0.60241300043087982
 -0.25410438616999999   0.60241569522977394
 -0.25409638616999999   0.60241839180664721
 -0.25408838616999999   0.60242109018031455
 -0.25408038616999999   0.60242379037501498
 -0.25407238616999999   0.60242649242012254
 -0.25406438616999999   0.60242919634981052
 -0.25405638616999999   0.60243190220267271
 -0.25404838616999999   0.60243461002130283
 -0.25404038616999999   0.60243731985183705
 -0.25403238616999999   0.60244003174346088
 -0.25402438616999999   0.60244274574788552
 -0.25401638616999999   0.60244546191879627
 -0.25400838616999999   0.60244818031127715
 -0.25400038616999999   0.60245090098121632
 -0.25399238616999999   0.60245362398469482
 -0.25398438616999999   0.60245634937736476
 -0.25397638616999999   0.60245907721381965
 -0.25396838616999999   0.60246180754696207
 -0.25396038616999999   0.60246454042737258
 -0.25395238616999999   0.60246727590268475
 -0.25394438616999999   0.60247001401696985
 -0.25393638616999999   0.60247275481013615
 -0.25392838616999999   0.60247549831734677
 -0.25392038616999999   0.60247824456846029
 -0.25391238616999999   0.60248099358749791
 -0.25390438616999999   0.60248374539214124
 -0.25389638616999999   0.60248649999326435
 -0.25388838616999999   0.60248925739450351
 -0.25388038616999999   0.60249201759186796
 -0.25387238616999999   0.60249478057339451
 -0.25386438616999999   0.60249754631884898
 -0.25385638616999999   0.60250031479947709
 -0.25384838616999999   0.60250308597780611
 -0.25384038616999999   0.60250585980750038
 -0.25383238616999999   0.60250863623327090
 -0.25382438616999999   0.60251141519084090
 -0.25381638616999999   0.60251419660696767
 -0.25380838616999999   0.60251698039952126
 -0.25380038616999999   0.60251976647761964
 -0.25379238616999999   0.60252255474181998
 -0.25378438616999999   0.60252534508436501
 -0.25377638616999999   0.60252813738948349
 -0.25376838616999999   0.60253093153374231
 -0.25376038616999999   0.60253372738644857
 -0.25375238616999999   0.60253652481009924
 -0.25374438616999999   0.60253932366087489
 -0.25373638616999999   0.60254212378917458
 -0.25372838616999999   0.60254492504018831
 -0.25372038616999999   0.60254772725450301
 -0.25371238616999999   0.60255053026873781
 -0.25370438616999999   0.60255333391620428
 -0.25369638616999999   0.60255613802758703
 -0.25368838616999999   0.60255894243163979
 -0.25368038616999999   0.60256174695589187
 -0.25367238616999999   0.60256455142736066
 -0.25366438616999999   0.60256735567326436
 -0.25365638616999999   0.60257015952173056
 -0.25364838616999999   0.60257296280249507
 -0.25364038616999999   0.60257576534758709
 -0.25363238616999999   0.60257856699199505
 -0.25362438616999999   0.60258136757430913
 -0.25361638616999999   0.60258416693733598
 -0.25360838616999999   0.60258696492868175
 -0.25360038616999999   0.60258976140129953
 -0.25359238616999999   0.60259255621399768
 -0.25358438616999999   0.60259534923190620
 -0.25357638616999999   0.60259814032689797
 -0.25356838616999999   0.60260092937796322
 -0.25356038616999999   0.60260371627153434
 -0.25355238616999999   0.60260650090176035
 -0.25354438616999999   0.60260928317072900
 -0.25353638616999999   0.60261206298863668
 -0.25352838616999999   0.60261484027390506
 -0.25352038616999999   0.60261761495324463
 -0.25351238616999999   0.60262038696166599
 -0.25350438616999999   0.60262315624243937
 -0.25349638616999999   0.60262592274700337
 -0.25348838616999999   0.60262868643482494
 -0.25348038616999999   0.60263144727321233
 -0.25347238616999999   0.60263420523708214
 -0.25346438616999999   0.60263696030868506
 -0.25345638616999999   0.60263971247729036
 -0.25344838616999999   0.60264246173883424
 -0.25344038616999999   0.60264520809553381
 -0.25343238616999999   0.60264795155547027
