 -0.26855001237000000   0.59726802977046153
 -0.26854201237000000   0.59727073311958088
 -0.26853401237000000   0.59727343644088987
 -0.26852601237000000   0.59727613974617131
 -0.26851801237000000   0.59727884305227352
 -0.26851001237000000   0.59728154638124091
 -0.26850201237000000   0.59728424976040967
 -0.26849401237000000   0.59728695322246804
 -0.26848601237000000   0.59728965680548002
 -0.26847801237000000   0.59729236055287321
 -0.26847001237000000   0.59729506451338964
 -0.26846201237000000   0.59729776874100045
 -0.26845401237000000   0.59730047329478448
 -0.26844601237000000   0.59730317823877193
 -0.26843801237000000   0.59730588364175370
 -0.26843001237000000   0.59730858957705751
 -0.26842201237000000   0.59731129612229277
 -0.26841401237000000   0.59731400335906527
 -0.26840601237000000   0.59731671137266401
 -0.26839801237000000   0.59731942025172168
 -0.26839001237000000   0.59732213008785179
 -0.26838201237000000   0.59732484097526387
 -0.26837401237000000   0.59732755301036015
 -0.26836601237000000   0.59733026629131593
 -0.26835801237000000   0.59733298091764652
 -0.26835001237000000   0.59733569698976344
 -0.26834201237000000   0.59733841460852322
 -0.26833401237000000   0.59734113387477157
 -0.26832601237000000   0.59734385488888578
 -0.26831801237000000   0.59734657775031890
 -0.26831001237000000   0.59734930255714826
 -0.26830201237000000   0.59735202940563196
 -0.26829401237000000   0.59735475838977569
 -0.26828601237000000   0.59735748960091354
 -0.26827801237000000   0.59736022312730509
 -0.26827001237000000   0.59736295905375206
 -0.26826201237000000   0.59736569746123692
 -0.26825401237000000   0.59736843842658622
 -0.26824601237000000   0.59737118202216072
 -0.26823801237000000   0.59737392831557517
 -0.26823001237000000   0.59737667736944891
 -0.26822201237000000   0.59737942924119011
 -0.26821401237000000   0.59738218398281433
 -0.26820601237000000   0.59738494164079967
 -0.26819801237000000   0.59738770225597873
 -0.26819001237000000   0.59739046586346904
 -0.26818201237000000   0.59739323249264190
 -0.26817401237000000   0.59739600216713046
 -0.26816601237000000   0.59739877490487652
 -0.26815801237000000   0.59740155071821612
 -0.26815001237000000   0.59740432961400290
 -0.26814201237000000   0.59740711159376901
 -0.26813401237000000   0.59740989665392129
 -0.26812601237000000   0.59741268478597217
 -0.26811801237000000   0.59741547597680293
 -0.26811001237000000   0.59741827020895711
 -0.26810201237000000   0.59742106746096248
 -0.26809401237000000   0.59742386770767747
 -0.26808601237000000   0.59742667092066113
 -0.26807801237000000   0.59742947706856162
 -0.26807001237000000   0.59743228611752122
 -0.26806201237000000   0.59743509803159427
 -0.26805401237000000   0.59743791277317379
 -0.26804601237000000   0.59744073030342400
 -0.26803801237000000   0.59744355058271424
 -0.26803001237000000   0.59744637357105126
 -0.26802201237000000   0.59744919922850534
 -0.26801401237000000   0.59745202751562706
 -0.26800601237000000   0.59745485839385067
 -0.26799801237000000   0.59745769182588070
 -0.26799001237000000   0.59746052777605807
 -0.26798201237000000   0.59746336621070257
 -0.26797401237000000   0.59746620709842855
 -0.26796601237000000   0.59746905041043062
 -0.26795801237000000   0.59747189612073708
 -0.26795001237000000   0.59747474420642840
 -0.26794201237000000   0.59747759464781845
 -0.26793401237000000   0.59748044742859695
 -0.26792601237000000   0.59748330253593139
 -0.26791801237000000   0.59748615996052727
 -0.26791001237000000   0.59748901969664578
 -0.26790201237000000   0.59749188174207828
 -0.26789401237000000   0.59749474609807778
 -0.26788601237000000   0.59749761276924704
 -0.26787801237000000   0.59750048176338430
 -0.26787001237000000   0.59750335309128738
 -0.26786201237000000   0.59750622676651717
 -0.26785401237000000   0.59750910280512228
 -0.26784601237000000   0.59751198122532679
 -0.26783801237000000   0.59751486204718328
 -0.26783001237000000   0.59751774529219312
 -0.26782201237000000   0.59752063098289789
 -0.26781401237000000   0.59752351914244359
 -0.26780601237000000   0.59752640979412211
 -0.26779801237000000   0.59752930296089315
 -0.26779001237000000   0.59753219866488932
 -0.26778201237000000   0.59753509692690993
 -0.26777401237000000   0.59753799776590622
 -0.26776601237000000   0.59754090119846282
 -0.26775801237000000   0.59754380723827911
 -0.26775001237000000   0.59754671589565551
 -0.26774201237000000   0.59754962717698844
 -0.26773401237000000   0.59755254108427822
 -0.26772601237000000   0.59755545761465491
 -0.26771801237000000   0.59755837675992554
 -0.26771001237000000   0.59756129850614710
 -0.26770201237000000   0.59756422283322948
 -0.26769401237000000   0.59756714971457209
 -0.26768601237000000   0.59757007911673753
 -0.26767801237000000   0.59757301099916607
 -0.26767001237000000   0.59757594531393392
 -0.26766201237000000   0.59757888200555784
 -0.26765401237000000   0.59758182101084923
 -0.26764601237000000   0.59758476225881914
 -0.26763801237000000   0.59758770567063637
 -0.26763001237000000   0.59759065115963975
 -0.26762201237000000   0.59759359863140596
 -0.26761401237000000   0.59759654798387252
 -0.26760601237000000   0.59759949910751706
 -0.26759801237000000   0.59760245188559127
 -0.26759001237000000   0.59760540619440928
 -0.26758201237000000   0.59760836190368915
 -0.26757401237000000   0.59761131887694479
 -0.26756601237000000   0.59761427697192665
 -0.26755801237000000   0.59761723604110829
 -0.26755001237000000   0.59762019593221519
 -0.26754201237000000   0.59762315648879236
 -0.26753401237000000   0.59762611755080706
 -0.26752601237000000   0.59762907895528135
 -0.26751801237000000   0.59763204053695094
 -0.26751001237000000   0.59763500212894446
 -0.26750201237000000   0.59763796356347833
 -0.26749401237000000   0.59764092467256217
 -0.26748601237000000   0.59764388528870866
 -0.26747801237000000   0.59764684524564315
 -0.26747001237000000   0.59764980437900666
 -0.26746201237000000   0.59765276252704749
 -0.26745401237000000   0.59765571953129565
 -0.26744601237000000   0.59765867523721494
 -0.26743801237000000   0.59766162949482796
 -0.26743001237000000   0.59766458215930859
 -0.26742201237000000   0.59766753309153827
 -0.26741401237000000   0.59767048215862102
 -0.26740601237000000   0.59767342923435434
 -0.26739801237000000   0.59767637419965162
 -0.26739001237000000   0.59767931694291397
 -0.26738201237000000   0.59768225736034810
 -0.26737401237000000   0.59768519535622885
 -0.26736601237000000   0.59768813084310433
 -0.26735801237000000   0.59769106374194290
 -0.26735001237000000   0.59769399398222105
 -0.26734201237000000   0.59769692150195215
 -0.26733401237000000   0.59769984624765658
 -0.26732601237000000   0.59770276817427380
 -0.26731801237000000   0.59770568724501770
 -0.26731001237000000   0.59770860343117714
 -0.26730201237000000   0.59771151671186326
 -0.26729401237000000   0.59771442707370672
 -0.26728601237000000   0.59771733451050728
 -0.26727801237000000   0.59772023902283885
 -0.26727001237000000   0.59772314061761428
 -0.26726201237000000   0.59772603930761248
 -0.26725401237000000   0.59772893511097284
 -0.26724601237000000   0.59773182805066109
 -0.26723801237000000   0.59773471815391034
 -0.26723001237000000   0.59773760545164281
 -0.26722201237000000   0.59774048997787633
 -0.26721401237000000   0.59774337176912029
 -0.26720601237000000   0.59774625086376633
 -0.26719801237000000   0.59774912730147854
 -0.26719001237000000   0.59775200112258718
 -0.26718201237000000   0.59775487236749174
 -0.26717401237000000   0.59775774107607731
 -0.26716601237000000   0.59776060728714921
 -0.26715801237000000   0.59776347103788985
 -0.26715001237000000   0.59776633236334254
 -0.26714201237000000   0.59776919129592589
 -0.26713401237000000   0.59777204786498287
 -0.26712601237000000   0.59777490209636772
 -0.26711801237000000   0.59777775401207448
 -0.26711001237000000   0.59778060362990953
 -0.26710201237000000   0.59778345096321110
 -0.26709401237000000   0.59778629602061763
 -0.26708601237000000   0.59778913880588760
 -0.26707801237000000   0.59779197931777108
 -0.26707001237000000   0.59779481754993534
 -0.26706201237000000   0.59779765349094433
 -0.26705401237000000   0.59780048712429228
 -0.26704601237000000   0.59780331842849190
 -0.26703801237000000   0.59780614737721536
 -0.26703001237000000   0.59780897393948816
 -0.26702201237000000   0.59781179807993312
 -0.26701401237000000   0.59781461975906369
 -0.26700601237000000   0.59781743893362333
 -0.26699801237000000   0.59782025555696844
 -0.26699001237000000   0.59782306957949180
 -0.26698201237000000   0.59782588094908288
 -0.26697401237000000   0.59782868961162121
 -0.26696601237000000   0.59783149551149844
 -0.26695801237000000   0.59783429859216532
 -0.26695001237000000   0.59783709879669806
 -0.26694201237000000   0.59783989606838040
 -0.26693401237000000   0.59784269035129518
 -0.26692601237000000   0.59784548159092157
 -0.26691801237000000   0.59784826973473212
 -0.26691001237000000   0.59785105473278506
 -0.26690201237000000   0.59785383653830607
 -0.26689401237000000   0.59785661510825570
 -0.26688601237000000   0.59785939040387660
 -0.26687801237000000   0.59786216239121637
 -0.26687001237000000   0.59786493104162163
 -0.26686201237000000   0.59786769633219911
 -0.26685401237000000   0.59787045824623949
 -0.26684601237000000   0.59787321677360114
 -0.26683801237000000   0.59787597191104968
 -0.26683001237000000   0.59787872366255112
 -0.26682201237000000   0.59788147203951572
 -0.26681401237000000   0.59788421706099057
 -0.26680601237000000   0.59788695875379923
 -0.26679801237000000   0.59788969715262714
 -0.26679001237000000   0.59789243230005173
 -0.26678201237000000   0.59789516424651728
 -0.26677401237000000   0.59789789305025378
 -0.26676601237000000   0.59790061877714107
 -0.26675801237000000   0.59790334150051803
 -0.26675001237000000   0.59790606130093902
 -0.26674201237000000   0.59790877826587826
 -0.26673401237000000   0.59791149248938464
 -0.26672601237000000   0.59791420407168887
 -0.26671801237000000   0.59791691311876584
 -0.26671001237000000   0.59791961974185457
 -0.26670201237000000   0.59792232405693965
 -0.26669401237000000   0.59792502618419688
 -0.26668601237000000   0.59792772624740696
 -0.26667801237000000   0.59793042437334145
 -0.26667001237000000   0.59793312069112457
 -0.26666201237000000   0.59793581533157534
 -0.26665401237000000   0.59793850842653412
 -0.26664601237000000   0.59794120010817858
 -0.26663801237000000   0.59794389050833294
 -0.26663001237000000   0.59794657975777570
 -0.26662201237000000   0.59794926798555027
 -0.26661401237000000   0.59795195531828324
 -0.26660601237000000   0.59795464187951477
 -0.26659801237000000   0.59795732778904633
 -0.26659001237000000   0.59796001316230959
 -0.26658201237000000   0.59796269810976152
 -0.26657401237000000   0.59796538273630986
 -0.26656601237000000   0.59796806714077325
 -0.26655801237000000   0.59797075141537987
 -0.26655001237000000   0.59797343564530871
 -0.26654201237000000   0.59797611990827697
 -0.26653401237000000   0.59797880427417662
 -0.26652601237000000   0.59798148880476370
 -0.26651801237000000   0.59798417355340260
 -0.26651001237000000   0.59798685856486786
 -0.26650201237000000   0.59798954387520545
 -0.26649401237000000   0.59799222951165494
 -0.26648601237000000   0.59799491549263410
 -0.26647801237000000   0.59799760182778588
 -0.26647001237000000   0.59800028851808868
 -0.26646201237000000   0.59800297555602930
 -0.26645401237000000   0.59800566292583778
 -0.26644601237000000   0.59800835060378284
 -0.26643801237000000   0.59801103855852629
 -0.26643001237000000   0.59801372675153398
 -0.26642201237000000   0.59801641513754066
 -0.26641401237000000   0.59801910366506522
 -0.26640601237000000   0.59802179227697312
 -0.26639801237000000   0.59802448091108103
 -0.26639001237000000   0.59802716950080049
 -0.26638201237000000   0.59802985797581399
 -0.26637401237000000   0.59803254626277983
 -0.26636601237000000   0.59803523428605915
 -0.26635801237000000   0.59803792196845993
 -0.26635001237000000   0.59804060923199218
 -0.26634201237000000   0.59804329599862728
 -0.26633401237000000   0.59804598219105711
 -0.26632601237000000   0.59804866773344488
 -0.26631801237000000   0.59805135255216315
 -0.26631001237000000   0.59805403657651187
 -0.26630201237000000   0.59805671973941186
 -0.26629401237000000   0.59805940197806649
 -0.26628601237000000   0.59806208323458803
 -0.26627801237000000   0.59806476345658212
 -0.26627001237000000   0.59806744259768626
 -0.26626201237000000   0.59807012061805836
 -0.26625401237000000   0.59807279748481092
 -0.26624601237000000   0.59807547317238736
 -0.26623801237000000   0.59807814766287843
 -0.26623001237000000   0.59808082094627507
 -0.26622201237000000   0.59808349302065691
 -0.26621401237000000   0.59808616389231425
 -0.26620601237000000   0.59808883357580296
 -0.26619801237000000   0.59809150209393229
 -0.26619001237000000   0.59809416947768512
 -0.26618201237000000   0.59809683576607199
 -0.26617401237000000   0.59809950100591989
 -0.26616601237000000   0.59810216525159751
 -0.26615801237000000   0.59810482856467913
 -0.26615001237000000   0.59810749101355004
 -0.26614201237000000   0.59811015267295604
 -0.26613401237000000   0.59811281362350126
 -0.26612601237000000   0.59811547395109711
 -0.26611801237000000   0.59811813374636745
 -0.26611001237000000   0.59812079310401415
 -0.26610201237000000   0.59812345212214738
 -0.26609401237000000   0.59812611090158637
 -0.26608601237000000   0.59812876954513530
 -0.26607801237000000   0.59813142815684018
 -0.26607001237000000   0.59813408684123168
 -0.26606201237000000   0.59813674570256050
 -0.26605401237000000   0.59813940484403009
 -0.26604601237000000   0.59814206436703323
 -0.26603801237000000   0.59814472437039828
 -0.26603001237000000   0.59814738494965041
 -0.26602201237000000   0.59815004619629412
 -0.26601401237000000   0.59815270819712282
 -0.26600601237000000   0.59815537103356046
 -0.26599801237000000   0.59815803478104096
 -0.26599001237000000   0.59816069950843106
 -0.26598201237000000   0.59816336527750055
 -0.26597401237000000   0.59816603214244556
 -0.26596601237000000   0.59816870014946854
 -0.26595801237000000   0.59817136933641930
 -0.26595001237000000   0.59817403973250052
 -0.26594201237000000   0.59817671135804095
 -0.26593401237000000   0.59817938422433889
 -0.26592601237000000   0.59818205833357802
 -0.26591801237000000   0.59818473367881749
 -0.26591001237000000   0.59818741024405692
 -0.26590201237000000   0.59819008800437699
 -0.26589401237000000   0.59819276692615544
 -0.26588601237000000   0.59819544696735744
 -0.26587801237000000   0.59819812807789935
 -0.26587001237000000   0.59820081020008321
 -0.26586201237000000   0.59820349326909994
 -0.26585401237000000   0.59820617721359724
 -0.26584601237000000   0.59820886195630874
 -0.26583801237000000   0.59821154741473976
 -0.26583001237000000   0.59821423350190475
 -0.26582201237000000   0.59821692012711027
 -0.26581401237000000   0.59821960719677879
 -0.26580601237000000   0.59822229461530530
 -0.26579801237000000   0.59822498228594144
 -0.26579001237000000   0.59822767011169913
 -0.26578201237000000   0.59823035799626675
 -0.26577401237000000   0.59823304584493083
 -0.26576601237000000   0.59823573356549513
 -0.26575801237000000   0.59823842106919022
 -0.26575001237000000   0.59824110827156564
 -0.26574201237000000   0.59824379509335785
 -0.26573401237000000   0.59824648146132639
 -0.26572601237000000   0.59824916730905184
 -0.26571801237000000   0.59825185257768895
 -0.26571001237000000   0.59825453721666878
 -0.26570201237000000   0.59825722118434439
 -0.26569401237000000   0.59825990444857450
 -0.26568601237000000   0.59826258698724105
 -0.26567801237000000   0.59826526878869616
 -0.26567001237000000   0.59826794985213493
 -0.26566201237000000   0.59827063018789152
 -0.26565401237000000   0.59827330981765581
 -0.26564601237000000   0.59827598877460906
 -0.26563801237000000   0.59827866710347785
 -0.26563001237000000   0.59828134486050498
 -0.26562201237000000   0.59828402211333859
 -0.26561401237000000   0.59828669894083915
 -0.26560601237000000   0.59828937543280630
 -0.26559801237000000   0.59829205168962707
 -0.26559001237000000   0.59829472782184804
 -0.26558201237000000   0.59829740394967390
 -0.26557401237000000   0.59830008020239615
 -0.26556601237000000   0.59830275671775553
 -0.26555801237000000   0.59830543364124221
 -0.26555001237000000   0.59830811112533844
 -0.26554201237000000   0.59831078932870855
 -0.26553401237000000   0.59831346841534149
 -0.26552601237000000   0.59831614855365123
 -0.26551801237000000   0.59831882991554117
 -0.26551001237000000   0.59832151267543821
 -0.26550201237000000   0.59832419700930282
 -0.26549401237000000   0.59832688309362155
 -0.26548601237000000   0.59832957110438861
 -0.26547801237000000   0.59833226121608282
 -0.26547001237000000   0.59833495360064702
 -0.26546201237000000   0.59833764842647679
 -0.26545401237000000   0.59834034585742508
 -0.26544601237000000   0.59834304605182970
 -0.26543801237000000   0.59834574916157085
 -0.26543001237000000   0.59834845533116462
 -0.26542201237000000   0.59835116469690006
 -0.26541401237000000   0.59835387738602554
 -0.26540601237000000   0.59835659351599109
 -0.26539801237000000   0.59835931319375246
 -0.26539001237000000   0.59836203651514305
 -0.26538201237000000   0.59836476356431862
 -0.26537401237000000   0.59836749441328008
 -0.26536601237000000   0.59837022912147885
 -0.26535801237000000   0.59837296773550858
 -0.26535001237000000   0.59837571028888738
 -0.26534201237000000   0.59837845680193232
 -0.26533401237000000   0.59838120728172975
 -0.26532601237000000   0.59838396172220177
 -0.26531801237000000   0.59838672010427054
 -0.26531001237000000   0.59838948239611975
 -0.26530201237000000   0.59839224855355306
 -0.26529401237000000   0.59839501852044744
 -0.26528601237000000   0.59839779222929905
 -0.26527801237000000   0.59840056960185886
 -0.26527001237000000   0.59840335054985297
 -0.26526201237000000   0.59840613497578346
 -0.26525401237000000   0.59840892277380403
 -0.26524601237000000   0.59841171383066304
 -0.26523801237000000   0.59841450802670825
 -0.26523001237000000   0.59841730523694385
 -0.26522201237000000   0.59842010533213264
 -0.26521401237000000   0.59842290817993353
 -0.26520601237000000   0.59842571364606543
 -0.26519801237000000   0.59842852159548805
 -0.26519001237000000   0.59843133189358887
 -0.26518201237000000   0.59843414440736706
 -0.26517401237000000   0.59843695900660384
 -0.26516601237000000   0.59843977556500904
 -0.26515801237000000   0.59844259396133449
 -0.26515001237000000   0.59844541408044380
 -0.26514201237000000   0.59844823581433029
 -0.26513401237000000   0.59845105906307279
 -0.26512601237000000   0.59845388373572253
 -0.26511801237000000   0.59845670975111198
 -0.26511001237000000   0.59845953703857967
 -0.26510201237000000   0.59846236553860360
 -0.26509401237000000   0.59846519520333853
 -0.26508601237000000   0.59846802599705166
 -0.26507801237000000   0.59847085789645337
 -0.26507001237000000   0.59847369089091888
 -0.26506201237000000   0.59847652498260015
 -0.26505401237000000   0.59847936018642502
 -0.26504601237000000   0.59848219652998404
 -0.26503801237000000   0.59848503405330523
 -0.26503001237000000   0.59848787280851752
 -0.26502201237000000   0.59849071285940538
 -0.26501401237000000   0.59849355428085702
 -0.26500601237000000   0.59849639715820994
 -0.26499801237000000   0.59849924158649796
 -0.26499001237000000   0.59850208766960458
 -0.26498201237000000   0.59850493551932859
 -0.26497401237000000   0.59850778525436795
 -0.26496601237000000   0.59851063699922827
 -0.26495801237000000   0.59851349088306441
 -0.26495001237000000   0.59851634703846165
 -0.26494201237000000   0.59851920560016564
 -0.26493401237000000   0.59852206670376964
 -0.26492601237000000   0.59852493048436799
 -0.26491801237000000   0.59852779707518548
 -0.26491001237000000   0.59853066660619232
 -0.26490201237000000   0.59853353920271467
 -0.26489401237000000   0.59853641498405131
 -0.26488601237000000   0.59853929406210625
 -0.26487801237000000   0.59854217654004875
 -0.26487001237000000   0.59854506251101035
 -0.26486201237000000   0.59854795205683054
 -0.26485401237000000   0.59855084524686050
 -0.26484601237000000   0.59855374213683652
 -0.26483801237000000   0.59855664276783214
 -0.26483001237000000   0.59855954716529997
 -0.26482201237000000   0.59856245533821153
 -0.26481401237000000   0.59856536727830529
 -0.26480601237000000   0.59856828295945027
 -0.26479801237000000   0.59857120233713369
 -0.26479001237000000   0.59857412534807923
 -0.26478201237000000   0.59857705191000193
 -0.26477401237000000   0.59857998192150520
 -0.26476601237000000   0.59858291526212330
 -0.26475801237000000   0.59858585179251281
 -0.26475001237000000   0.59858879135479395
 -0.26474201237000000   0.59859173377304278
 -0.26473401237000000   0.59859467885393246
 -0.26472601237000000   0.59859762638752137
 -0.26471801237000000   0.59860057614818439
 -0.26471001237000000   0.59860352789568128
 -0.26470201237000000   0.59860648137635581
 -0.26469401237000000   0.59860943632445739
 -0.26468601237000000   0.59861239246357533
 -0.26467801237000000   0.59861534950817492
 -0.26467001237000000   0.59861830716522354
 -0.26466201237000000   0.59862126513589376
 -0.26465401237000000   0.59862422311732866
 -0.26464601237000000   0.59862718080445560
 -0.26463801237000000   0.59863013789183245
 -0.26463001237000000   0.59863309407551043
 -0.26462201237000000   0.59863604905489774
 -0.26461401237000000   0.59863900253460745
 -0.26460601237000000   0.59864195422627410
 -0.26459801237000000   0.59864490385032256
 -0.26459001237000000   0.59864785113767474
 -0.26458201237000000   0.59865079583137845
 -0.26457401237000000   0.59865373768814575
 -0.26456601237000000   0.59865667647978688
 -0.26455801237000000   0.59865961199452872
 -0.26455001237000000   0.59866254403820666
 -0.26454201237000000   0.59866547243532074
 -0.26453401237000000   0.59866839702994814
 -0.26452601237000000   0.59867131768650499
 -0.26451801237000000   0.59867423429035287
 -0.26451001237000000   0.59867714674824550
 -0.26450201237000000   0.59868005498861388
 -0.26449401237000000   0.59868295896168845
 -0.26448601237000000   0.59868585863945872
 -0.26447801237000000   0.59868875401547208
 -0.26447001237000000   0.59869164510447449
 -0.26446201237000000   0.59869453194189709
 -0.26445401237000000   0.59869741458319400
 -0.26444601237000000   0.59870029310303709
 -0.26443801237000000   0.59870316759437490
 -0.26443001237000000   0.59870603816736331
 -0.26442201237000000   0.59870890494817679
 -0.26441401237000000   0.59871176807770904
 -0.26440601237000000   0.59871462771017333
 -0.26439801237000000   0.59871748401161220
 -0.26439001237000000   0.59872033715832776
 -0.26438201237000000   0.59872318733524355
 -0.26437401237000000   0.59872603473420906
 -0.26436601237000000   0.59872887955225938
 -0.26435801237000000   0.59873172198984118
 -0.26435001237000000   0.59873456224901745
 -0.26434201237000000   0.59873740053166338
 -0.26433401237000000   0.59874023703766541
 -0.26432601237000000   0.59874307196313619
 -0.26431801237000000   0.59874590549865762
 -0.26431001237000000   0.59874873782756444
 -0.26430201237000000   0.59875156912428078
 -0.26429401237000000   0.59875439955272183
 -0.26428601237000000   0.59875722926477212
 -0.26427801237000000   0.59876005839885318
 -0.26427001237000000   0.59876288707859079
 -0.26426201237000000   0.59876571541159367
 -0.26425401237000000   0.59876854348835372
 -0.26424601237000000   0.59877137138127776
 -0.26423801237000000   0.59877419914386012
 -0.26423001237000000   0.59877702681000419
 -0.26422201237000000   0.59877985439350108
 -0.26421401237000000   0.59878268188767122
 -0.26420601237000000   0.59878550926517475
 -0.26419801237000000   0.59878833647799492
 -0.26419001237000000   0.59879116345759734
 -0.26418201237000000   0.59879399011526634
 -0.26417401237000000   0.59879681634261882
 -0.26416601237000000   0.59879964201229403
 -0.26415801237000000   0.59880246697881559
 -0.26415001237000000   0.59880529107962175
 -0.26414201237000000   0.59880811413625703
 -0.26413401237000000   0.59881093595571693
 -0.26412601237000000   0.59881375633193665
 -0.26411801237000000   0.59881657504741215
 -0.26411001237000000   0.59881939187494103
 -0.26410201237000000   0.59882220657946907
 -0.26409401237000000   0.59882501892002745
 -0.26408601237000000   0.59882782865174420
 -0.26407801237000000   0.59883063552791248
 -0.26407001237000000   0.59883343930209834
 -0.26406201237000000   0.59883623973026901
 -0.26405401237000000   0.59883903657292336
 -0.26404601237000000   0.59884182959720587
 -0.26403801237000000   0.59884461857898524
 -0.26403001237000000   0.59884740330487963
 -0.26402201237000000   0.59885018357421114
 -0.26401401237000000   0.59885295920087196
 -0.26400601237000000   0.59885573001508705
 -0.26399801237000000   0.59885849586505806
 -0.26399001237000000   0.59886125661847517
 -0.26398201237000000   0.59886401216388443
 -0.26397401237000000   0.59886676241190002
 -0.26396601237000000   0.59886950729625232
 -0.26395801237000000   0.59887224677466377
 -0.26395001237000000   0.59887498082954696
 -0.26394201237000000   0.59887770946851988
 -0.26393401237000000   0.59888043272473607
 -0.26392601237000000   0.59888315065702756
 -0.26391801237000000   0.59888586334986105
 -0.26391001237000000   0.59888857091310885
 -0.26390201237000000   0.59889127348163657
 -0.26389401237000000   0.59889397121471237
 -0.26388601237000000   0.59889666429524186
 -0.26387801237000000   0.59889935292883514
 -0.26387001237000000   0.59890203734271301
 -0.26386201237000000   0.59890471778445890
 -0.26385401237000000   0.59890739452062686
 -0.26384601237000000   0.59891006783521225
 -0.26383801237000000   0.59891273802799692
 -0.26383001237000000   0.59891540541277749
 -0.26382201237000000   0.59891807031548784
 -0.26381401237000000   0.59892073307222670
 -0.26380601237000000   0.59892339402720164
 -0.26379801237000000   0.59892605353060116
 -0.26379001237000000   0.59892871193640673
 -0.26378201237000000   0.59893136960015744
 -0.26377401237000000   0.59893402687667955
 -0.26376601237000000   0.59893668411779440
 -0.26375801237000000   0.59893934167001774
 -0.26375001237000000   0.59894199987226407
 -0.26374201237000000   0.59894465905357048
 -0.26373401237000000   0.59894731953085397
 -0.26372601237000000   0.59894998160671703
 -0.26371801237000000   0.59895264556731631
 -0.26371001237000000   0.59895531168031011
 -0.26370201237000000   0.59895798019289934
 -0.26369401237000000   0.59896065132997800
 -0.26368601237000000   0.59896332529240855
 -0.26367801237000000   0.59896600225543739
 -0.26367001237000000   0.59896868236726635
 -0.26366201237000000   0.59897136574779393
 -0.26365401237000000   0.59897405248754167
 -0.26364601237000000   0.59897674264677856
 -0.26363801237000000   0.59897943625485646
 -0.26363001237000000   0.59898213330976758
 -0.26362201237000000   0.59898483377793479
 -0.26361401237000000   0.59898753759424270
 -0.26360601237000000   0.59899024466231647
 -0.26359801237000000   0.59899295485505329
 -0.26359001237000000   0.59899566801540846
 -0.26358201237000000   0.59899838395743673
 -0.26357401237000000   0.59900110246758617
 -0.26356601237000000   0.59900382330623943
 -0.26355801237000000   0.59900654620949503
 -0.26355001237000000   0.59900927089117718
 -0.26354201237000000   0.59901199704506198
 -0.26353401237000000   0.59901472434730295
 -0.26352601237000000   0.59901745245903795
 -0.26351801237000000   0.59902018102915623
 -0.26351001237000000   0.59902290969720265
 -0.26350201237000000   0.59902563809639376
 -0.26349401237000000   0.59902836585671940
 -0.26348601237000000   0.59903109260810144
 -0.26347801237000000   0.59903381798358121
 -0.26347001237000000   0.59903654162250608
 -0.26346201237000000   0.59903926317368565
 -0.26345401237000000   0.59904198229848850
 -0.26344601237000000   0.59904469867385086
 -0.26343801237000000   0.59904741199516963
 -0.26343001237000000   0.59905012197905412
 -0.26342201237000000   0.59905282836591152
 -0.26341401237000000   0.59905553092234386
 -0.26340601237000000   0.59905822944333682
 -0.26339801237000000   0.59906092375422180
 -0.26339001237000000   0.59906361371239623
 -0.26338201237000000   0.59906629920878997
 -0.26337401237000000   0.59906898016906648
 -0.26336601237000000   0.59907165655455293
 -0.26335801237000000   0.59907432836289275
 -0.26335001237000000   0.59907699562841904
 -0.26334201237000000   0.59907965842224873
 -0.26333401237000000   0.59908231685209891
 -0.26332601237000000   0.59908497106182954
 -0.26331801237000000   0.59908762123071862
 -0.26331001237000000   0.59909026757247676
 -0.26330201237000000   0.59909291033400986
 -0.26329401237000000   0.59909554979394043
 -0.26328601237000000   0.59909818626089766
 -0.26327801237000000   0.59910082007158913
 -0.26327001237000000   0.59910345158866586
 -0.26326201237000000   0.59910608119839447
 -0.26325401237000000   0.59910870930815023
 -0.26324601237000000   0.59911133634374494
 -0.26323801237000000   0.59911396274660447
 -0.26323001237000000   0.59911658897081112
 -0.26322201237000000   0.59911921548002620
 -0.26321401237000000   0.59912184274430855
 -0.26320601237000000   0.59912447123684615
 -0.26319801237000000   0.59912710143061680
 -0.26319001237000000   0.59912973379499651
 -0.26318201237000000   0.59913236879233339
 -0.26317401237000000   0.59913500687450635
 -0.26316601237000000   0.59913764847948882
 -0.26315801237000000   0.59914029402793840
 -0.26315001237000000   0.59914294391983423
 -0.26314201237000000   0.59914559853118558
 -0.26313401237000000   0.59914825821083517
 -0.26312601237000000   0.59915092327738259
 -0.26311801237000000   0.59915359401625330
 -0.26311001237000000   0.59915627067694060
 -0.26310201237000000   0.59915895347044644
 -0.26309401237000000   0.59916164256695003
 -0.26308601237000000   0.59916433809373110
 -0.26307801237000000   0.59916704013337470
 -0.26307001237000000   0.59916974872228546
 -0.26306201237000000   0.59917246384953528
 -0.26305401237000000   0.59917518545606955
 -0.26304601237000000   0.59917791343429318
 -0.26303801237000000   0.59918064762805570
 -0.26303001237000000   0.59918338783305183
 -0.26302201237000000   0.59918613379764921
 -0.26301401237000000   0.59918888522415250
 -0.26300601237000000   0.59919164177050683
 -0.26299801237000000   0.59919440305243916
 -0.26299001237000000   0.59919716864603158
 -0.26298201237000000   0.59919993809071345
 -0.26297401237000000   0.59920271089265523
 -0.26296601237000000   0.59920548652854000
 -0.26295801237000000   0.59920826444968396
 -0.26295001237000000   0.59921104408647158
 -0.26294201237000000   0.59921382485306592
 -0.26293401237000000   0.59921660615235111
 -0.26292601237000000   0.59921938738105948
 -0.26291801237000000   0.59922216793503295
 -0.26291001237000000   0.59922494721456663
 -0.26290201237000000   0.59922772462978024
 -0.26289401237000000   0.59923049960596340
 -0.26288601237000000   0.59923327158884110
 -0.26287801237000000   0.59923604004970615
 -0.26287001237000000   0.59923880449036884
 -0.26286201237000000   0.59924156444787568
 -0.26285401237000000   0.59924431949895401
 -0.26284601237000000   0.59924706926414180
 -0.26283801237000000   0.59924981341156829
 -0.26283001237000000   0.59925255166035462
 -0.26282201237000000   0.59925528378360971
 -0.26281401237000000   0.59925800961100140
 -0.26280601237000000   0.59926072903088798
 -0.26279801237000000   0.59926344199200065
 -0.26279001237000000   0.59926614850467143
 -0.26278201237000000   0.59926884864160651
 -0.26277401237000000   0.59927154253820760
 -0.26276601237000000   0.59927423039244873
 -0.26275801237000000   0.59927691246431726
 -0.26275001237000000   0.59927958907483257
 -0.26274201237000000   0.59928226060465513
 -0.26273401237000000   0.59928492749230225
 -0.26272601237000000   0.59928759023198674
 -0.26271801237000000   0.59929024937109515
 -0.26271001237000000   0.59929290550732301
 -0.26270201237000000   0.59929555928548357
 -0.26269401237000000   0.59929821139400713
 -0.26268601237000000   0.59930086256114634
 -0.26267801237000000   0.59930351355090297
 -0.26267001237000000   0.59930616515869121
 -0.26266201237000000   0.59930881820675086
 -0.26265401237000000   0.59931147353932502
 -0.26264601237000000   0.59931413201761476
 -0.26263801237000000   0.59931679451452544
 -0.26263001237000000   0.59931946190921791
 -0.26262201237000000   0.59932213508147974
 -0.26261401237000000   0.59932481490593317
 -0.26260601237000000   0.59932750224609709
 -0.26259801237000000   0.59933019794832425
 -0.26259001237000000   0.59933290283563632
 -0.26258201237000000   0.59933561770148415
 -0.26257401237000000   0.59933834330346361
 -0.26256601237000000   0.59934108035702178
 -0.26255801237000000   0.59934382952919400
 -0.26255001237000000   0.59934659143241610
 -0.26254201237000000   0.59934936661846250
 -0.26253401237000000   0.59935215557256566
 -0.26252601237000000   0.59935495870777760
 -0.26251801237000000   0.59935777635963990
 -0.26251001237000000   0.59936060878123175
 -0.26250201237000000   0.59936345613867075
 -0.26249401237000000   0.59936631850714284
 -0.26248601237000000   0.59936919586753958
 -0.26247801237000000   0.59937208810378138
 -0.26247001237000000   0.59937499500090289
 -0.26246201237000000   0.59937791624397369
 -0.26245401237000000   0.59938085141792182
 -0.26244601237000000   0.59938380000831960
 -0.26243801237000000   0.59938676140318146
 -0.26243001237000000   0.59938973489581133
 -0.26242201237000000   0.59939271968872338
 -0.26241401237000000   0.59939571489864359
 -0.26240601237000000   0.59939871956258264
 -0.26239801237000000   0.59940173264495228
 -0.26239001237000000   0.59940475304567843
 -0.26238201237000000   0.59940777960924527
 -0.26237401237000000   0.59941081113458638
 -0.26236601237000000   0.59941384638572164
 -0.26235801237000000   0.59941688410302291
 -0.26235001237000000   0.59941992301497917
 -0.26234201237000000   0.59942296185031976
 -0.26233401237000000   0.59942599935034876
 -0.26232601237000000   0.59942903428133832
 -0.26231801237000000   0.59943206544682815
 -0.26231001237000000   0.59943509169968274
 -0.26230201237000000   0.59943811195376230
 -0.26229401237000000   0.59944112519507478
 -0.26228601237000000   0.59944413049228653
 -0.26227801237000000   0.59944712700648523
 -0.26227001237000000   0.59945011400010370
 -0.26226201237000000   0.59945309084493056
 -0.26225401237000000   0.59945605702915131
 -0.26224601237000000   0.59945901216338144
 -0.26223801237000000   0.59946195598566880
 -0.26223001237000000   0.59946488836545964
 -0.26222201237000000   0.59946780930653571
 -0.26221401237000000   0.59947071894894303
 -0.26220601237000000   0.59947361756994203
 -0.26219801237000000   0.59947650558401786
 -0.26219001237000000   0.59947938354199405
 -0.26218201237000000   0.59948225212929617
 -0.26217401237000000   0.59948511216341350
 -0.26216601237000000   0.59948796459060461
 -0.26215801237000000   0.59949081048188987
 -0.26215001237000000   0.59949365102836924
 -0.26214201237000000   0.59949648753589607
 -0.26213401237000000   0.59949932141913175
 -0.26212601237000000   0.59950215419499526
 -0.26211801237000000   0.59950498747551396
 -0.26211001237000000   0.59950782296007169
 -0.26210201237000000   0.59951066242704051
 -0.26209401237000000   0.59951350772477272
 -0.26208601237000000   0.59951636076192212
 -0.26207801237000000   0.59951922349705426
 -0.26207001237000000   0.59952209792749961
 -0.26206201237000000   0.59952498607739980
 -0.26205401237000000   0.59952788998489295
 -0.26204601237000000   0.59953081168838609
 -0.26203801237000000   0.59953375321186580
 -0.26203001237000000   0.59953671654920513
 -0.26202201237000000   0.59953970364743801
 -0.26201401237000000   0.59954271638898801
 -0.26200601237000000   0.59954575657286170
 -0.26199801237000000   0.59954882589484456
 -0.26199001237000000   0.59955192592677240
 -0.26198201237000000   0.59955505809499230
 -0.26197401237000000   0.59955822365817480
 -0.26196601237000000   0.59956142368469127
 -0.26195801237000000   0.59956465902983011
 -0.26195001237000000   0.59956793031318601
 -0.26194201237000000   0.59957123789662004
 -0.26193401237000000   0.59957458186325133
 -0.26192601237000000   0.59957796199799779
 -0.26191801237000000   0.59958137777023547
 -0.26191001237000000   0.59958482831918187
 -0.26190201237000000   0.59958831244263235
 -0.26189401237000000   0.59959182858967731
 -0.26188601237000000   0.59959537485800566
 -0.26187801237000000   0.59959894899634515
 -0.26187001237000000   0.59960254841251040
 -0.26186201237000000   0.59960617018741426
 -0.26185401237000000   0.59960981109525856
 -0.26184601237000000   0.59961346762995186
 -0.26183801237000000   0.59961713603761876
 -0.26183001237000000   0.59962081235486848
 -0.26182201237000000   0.59962449245229456
 -0.26181401237000000   0.59962817208249302
 -0.26180601237000000   0.59963184693172093
 -0.26179801237000000   0.59963551267418720
 -0.26179001237000000   0.59963916502787543
 -0.26178201237000000   0.59964279981075718
 -0.26177401237000000   0.59964641299625985
 -0.26176601237000000   0.59965000076691442
 -0.26175801237000000   0.59965355956521227
 -0.26175001237000000   0.59965708614084925
 -0.26174201237000000   0.59966057759371480
 -0.26173401237000000   0.59966403141218502
 -0.26172601237000000   0.59966744550649276
 -0.26171801237000000   0.59967081823716108
 -0.26171001237000000   0.59967414843869075
 -0.26170201237000000   0.59967743543888171
 -0.26169401237000000   0.59968067907433315
 -0.26168601237000000   0.59968387970280940
 -0.26167801237000000   0.59968703821327127
 -0.26167001237000000   0.59969015603446371
 -0.26166201237000000   0.59969323514301771
 -0.26165401237000000   0.59969627807207275
 -0.26164601237000000   0.59969928792146478
 -0.26163801237000000   0.59970226837055218
 -0.26163001237000000   0.59970522369478054
 -0.26162201237000000   0.59970815878711829
 -0.26161401237000000   0.59971107918553331
 -0.26160601237000000   0.59971399110773269
 -0.26159801237000000   0.59971690149445089
 -0.26159001237000000   0.59971981806265218
 -0.26158201237000000   0.59972274937010335
 -0.26157401237000000   0.59972570489286944
 -0.26156601237000000   0.59972869511737473
 -0.26155801237000000   0.59973173164873441
 -0.26155001237000000   0.59973482733705879
 -0.26154201237000000   0.59973799642331668
 -0.26153401237000000   0.59974125470602172
 -0.26152601237000000   0.59974461972935511
 -0.26151801237000000   0.59974811099216235
 -0.26151001237000000   0.59975175017527401
 -0.26150201237000000   0.59975556138138815
 -0.26149401237000000   0.59975957137672046
 -0.26148601237000000   0.59976380981596619
 -0.26147801237000000   0.59976830942074641
 -0.26147001237000000   0.59977310606531540
 -0.26146201237000000   0.59977823870046287
 -0.26145401237000000   0.59978374901615629
 -0.26144601237000000   0.59978968070570107
 -0.26143801237000000   0.59979607815228668
 -0.26143001237000000   0.59980298432208249
 -0.26142201237000000   0.59981043763622347
 -0.26141401237000000   0.59981846764123005
 -0.26140601237000000   0.59982708945223593
 -0.26139801237000000   0.59983629725652474
 -0.26139001237000000   0.59984605765363947
 -0.26138201237000000   0.59985630419602509
 -0.26137401237000000   0.59986693495174492
 -0.26136601237000000   0.59987781487583316
 -0.26135801237000000   0.59988878393353701
 -0.26135001237000000   0.59989967030934638
 -0.26134201237000000   0.59991030625553973
 -0.26133401237000000   0.59992054309778684
 -0.26132601237000000   0.59993026223240095
 -0.26131801237000000   0.59993938043699896
 -0.26131001237000000   0.59994784964405263
 -0.26130201237000000   0.59995565264855292
 -0.26129401237000000   0.59996279667907926
 -0.26128601237000000   0.59996930651355463
 -0.26127801237000000   0.59997521824667635
 -0.26127001237000000   0.59998057423856051
 -0.26126201237000000   0.59998541935370047
 -0.26125401237000000   0.59998979836111778
 -0.26124601237000000   0.59999375426935565
 -0.26123801237000000   0.59999732735861579
 -0.26123001237000000   0.60000055470257625
 -0.26122201237000000   0.60000347001628078
 -0.26121401237000000   0.60000610370936537
 -0.26120601237000000   0.60000848305980050
 -0.26119801237000000   0.60001063245093516
 -0.26119001237000000   0.60001257363470898
 -0.26118201237000000   0.60001432599793107
 -0.26117401237000000   0.60001590681802150
 -0.26116601237000000   0.60001733150086036
 -0.26115801237000000   0.60001861379738209
 -0.26115001237000000   0.60001976599802091
 -0.26114201237000000   0.60002079910557069
 -0.26113401237000000   0.60002172298782470
 -0.26112601237000000   0.60002254651174896
 -0.26111801237000000   0.60002327766107372
 -0.26111001237000000   0.60002392363916794
 -0.26110201237000000   0.60002449095895692
 -0.26109401237000000   0.60002498552149674
 -0.26108601237000000   0.60002541268465475
 -0.26107801237000000   0.60002577732318305
 -0.26107001237000000   0.60002608388131422
 -0.26106201237000000   0.60002633641886625
 -0.26105401237000000   0.60002653865171373
 -0.26104601237000000   0.60002669398736817
 -0.26103801237000000   0.60002680555630946
 -0.26103001237000000   0.60002687623962336
 -0.26102201237000000   0.60002690869342347
 -0.26101401237000000   0.60002690537047106
 -0.26100601237000000   0.60002686853934952
 -0.26099801237000000   0.60002680030150177
 -0.26099001237000000   0.60002670260639675
 -0.26098201237000000   0.60002657726505653
 -0.26097401237000000   0.60002642596214327
 -0.26096601237000000   0.60002625026677986
 -0.26095801237000000   0.60002605164225532
 -0.26095001237000000   0.60002583145474569
 -0.26094201237000000   0.60002559098116528
 -0.26093401237000000   0.60002533141624789
 -0.26092601237000000   0.60002505387894540
 -0.26091801237000000   0.60002475941822012
 -0.26091001237000000   0.60002444901829815
 -0.26090201237000000   0.60002412360344229
 -0.26089401237000000   0.60002378404229666
 -0.26088601237000000   0.60002343115184858
 -0.26087801237000000   0.60002306570104796
 -0.26087001237000000   0.60002268841411976
 -0.26086201237000000   0.60002229997360131
 -0.26085401237000000   0.60002190102313209
 -0.26084601237000000   0.60002149217002103
 -0.26083801237000000   0.60002107398761342
 -0.26083001237000000   0.60002064701747673
 -0.26082201237000000   0.60002021177142342
 -0.26081401237000000   0.60001976873338575
 -0.26080601237000000   0.60001931836115728
 -0.26079801237000000   0.60001886108801281
 -0.26079001237000000   0.60001839732421875
 -0.26078201237000000   0.60001792745844356
 -0.26077401237000000   0.60001745185907738
 -0.26076601237000000   0.60001697087546923
 -0.26075801237000000   0.60001648483908900
 -0.26075001237000000   0.60001599406462096
 -0.26074201237000000   0.60001549885099478
 -0.26073401237000000   0.60001499948235964
 -0.26072601237000000   0.60001449622900628
 -0.26071801237000000   0.60001398934824155
 -0.26071001237000000   0.60001347908521965
 -0.26070201237000000   0.60001296567373376
 -0.26069401237000000   0.60001244933697147
 -0.26068601237000000   0.60001193028823730
 -0.26067801237000000   0.60001140873164507
 -0.26067001237000000   0.60001088486278283
 -0.26066201237000000   0.60001035886935302
 -0.26065401237000000   0.60000983093178973
 -0.26064601237000000   0.60000930122385567
 -0.26063801237000000   0.60000876991322051
 -0.26063001237000000   0.60000823716202251
 -0.26062201237000000   0.60000770312741541
 -0.26061401237000000   0.60000716796210171
 -0.26060601237000000   0.60000663181485461
 -0.26059801237000000   0.60000609483102943
 -0.26059001237000000   0.60000555715306632
 -0.26058201237000000   0.60000501892098549
 -0.26057401237000000   0.60000448027287625
 -0.26056601237000000   0.60000394134538129
 -0.26055801237000000   0.60000340227417714
 -0.26055001237000000   0.60000286319445237
 -0.26054201237000000   0.60000232424138452
 -0.26053401237000000   0.60000178555061709
 -0.26052601237000000   0.60000124725873752
 -0.26051801237000000   0.60000070950375787
 -0.26051001237000000   0.60000017242559886
 -0.26050201237000000   0.59999963616657894
 -0.26049401237000000   0.59999910087190933
 -0.26048601237000000   0.59999856669019668
 -0.26047801237000000   0.59999803377395444
 -0.26047001237000000   0.59999750228012436
 -0.26046201237000000   0.59999697237060986
 -0.26045401237000000   0.59999644421282255
 -0.26044601237000000   0.59999591798024357
 -0.26043801237000000   0.59999539385300168
 -0.26043001237000000   0.59999487201846964
 -0.26042201237000000   0.59999435267188138
 -0.26041401237000000   0.59999383601697127
 -0.26040601237000000   0.59999332226663867
 -0.26039801237000000   0.59999281164363944
 -0.26039001237000000   0.59999230438130778
 -0.26038201237000000   0.59999180072431049
 -0.26037401237000000   0.59999130092943770
 -0.26036601237000000   0.59999080526643257
 -0.26035801237000000   0.59999031401886452
 -0.26035001237000000   0.59998982748504936
 -0.26034201237000000   0.59998934597902144
 -0.26033401237000000   0.59998886983156229
 -0.26032601237000000   0.59998839939129139
 -0.26031801237000000   0.59998793502582493
 -0.26031001237000000   0.59998747712300939
 -0.26030201237000000   0.59998702609223697
 -0.26029401237000000   0.59998658236585110
 -0.26028601237000000   0.59998614640065112
 -0.26027801237000000   0.59998571867950584
 -0.26027001237000000   0.59998529971308744
 -0.26026201237000000   0.59998489004173769
 -0.26025401237000000   0.59998449023748079
 -0.26024601237000000   0.59998410090619781
 -0.26023801237000000   0.59998372268998032
 -0.26023001237000000   0.59998335626968260
 -0.26022201237000000   0.59998300236769396
 -0.26021401237000000   0.59998266175095595
 -0.26020601237000000   0.59998233523425169
 -0.26019801237000000   0.59998202368379876
 -0.26019001237000000   0.59998172802118034
 -0.26018201237000000   0.59998144922765452
 -0.26017401237000000   0.59998118834888676
 -0.26016601237000000   0.59998094650015620
 -0.26015801237000000   0.59998072487209403
 -0.26015001237000000   0.59998052473701972
 -0.26014201237000000   0.59998034745595019
 -0.26013401237000000   0.59998019448636759
 -0.26012601237000000   0.59998006739084395
 -0.26011801237000000   0.59997996784663467
 -0.26011001237000000   0.59997989765636955
 -0.26010201237000000   0.59997985875998939
 -0.26009401237000000   0.59997985324809757
 -0.26008601237000000   0.59997988337692290
 -0.26007801237000000   0.59997995158511888
 -0.26007001237000000   0.59998006051266003
 -0.26006201237000000   0.59998021302213608
 -0.26005401237000000   0.59998041222279225
 -0.26004601237000000   0.59998066149771792
 -0.26003801237000000   0.59998096453465012
 -0.26003001237000000   0.59998132536093061
 -0.26002201237000000   0.59998174838324083
 -0.26001401237000000   0.59998223843283446
 -0.26000601237000000   0.59998280081709799
 -0.25999801237000000   0.59998344137839280
 -0.25999001237000000   0.59998416656126866
 -0.25998201237000000   0.59998498348928636
 -0.25997401237000000   0.59998590005284048
 -0.25996601237000000   0.59998692500952488
 -0.25995801237000000   0.59998806809871498
 -0.25995001237000000   0.59998934017212961
 -0.25994201237000000   0.59999075334213513
 -0.25993401237000000   0.59999232114940188
 -0.25992601237000000   0.59999405875111419
 -0.25991801237000000   0.59999598313011162
 -0.25991001237000000   0.59999811332386880
 -0.25990201237000000   0.60000047066975337
 -0.25989401237000000   0.60000307905903720
 -0.25988601237000000   0.60000596518596457
 -0.25987801237000000   0.60000915876884514
 -0.25987001237000000   0.60001269270640059
 -0.25986201237000000   0.60001660311301106
 -0.25985401237000000   0.60002092914969351
 -0.25984601237000000   0.60002571253292627
 -0.25983801237000000   0.60003099656223255
 -0.25983001237000000   0.60003682446572915
 -0.25982201236999999   0.60004323683495957
 -0.25981401236999999   0.60005026793350752
 -0.25980601236999999   0.60005794076096354
 -0.25979801236999999   0.60006626098766999
 -0.25979001236999999   0.60007521028508267
 -0.25978201236999999   0.60008474013547418
 -0.25977401236999999   0.60009476775643164
 -0.25976601236999999   0.60010517600714237
 -0.25975801236999999   0.60011581868914202
 -0.25975001236999999   0.60012653136501534
 -0.25974201236999999   0.60013714604381704
 -0.25973401236999999   0.60014750664249765
 -0.25972601236999999   0.60015748183173081
 -0.25971801236999999   0.60016697288931408
 -0.25971001236999999   0.60017591592276372
 -0.25970201236999999   0.60018427939410090
 -0.25969401236999999   0.60019205870256767
 -0.25968601236999999   0.60019926961254575
 -0.25967801236999999   0.60020594186280155
 -0.25967001236999999   0.60021211371478457
 -0.25966201236999999   0.60021782771718932
 -0.25965401236999999   0.60022312765678267
 -0.25964601236999999   0.60022805651434806
 -0.25963801236999999   0.60023265519939160
 -0.25963001236999999   0.60023696184995638
 -0.25962201236999999   0.60024101152081082
 -0.25961401236999999   0.60024483612503771
 -0.25960601236999999   0.60024846453151478
 -0.25959801236999999   0.60025192275081423
 -0.25959001236999999   0.60025523416455669
 -0.25958201236999999   0.60025841976936113
 -0.25957401236999999   0.60026149841766333
 -0.25956601236999999   0.60026448704514948
 -0.25955801236999999   0.60026740087943537
 -0.25955001236999999   0.60027025362772502
 -0.25954201236999999   0.60027305764308640
 -0.25953401236999999   0.60027582407009546
 -0.25952601236999999   0.60027856297120645
 -0.25951801236999999   0.60028128343549035
 -0.25951001236999999   0.60028399367147648
 -0.25950201236999999   0.60028670108580972
 -0.25949401236999999   0.60028941234935652
 -0.25948601236999999   0.60029213345228586
 -0.25947801236999999   0.60029486974953873
 -0.25947001236999999   0.60029762599799361
 -0.25946201236999999   0.60030040638653937
 -0.25945401236999999   0.60030321456018821
 -0.25944601236999999   0.60030605363929370
 -0.25943801236999999   0.60030892623488615
 -0.25943001236999999   0.60031183446109324
 -0.25942201236999999   0.60031477994557686
 -0.25941401236999999   0.60031776383888081
 -0.25940601236999999   0.60032078682354616
 -0.25939801236999999   0.60032384912380809
 -0.25939001236999999   0.60032695051663061
 -0.25938201236999999   0.60033009034476982
 -0.25937401236999999   0.60033326753246796
 -0.25936601236999999   0.60033648060427924
 -0.25935801236999999   0.60033972770740507
 -0.25935001236999999   0.60034300663777943
 -0.25934201236999999   0.60034631486999193
 -0.25933401236999999   0.60034964959097606
 -0.25932601236999999   0.60035300773722716
 -0.25931801236999999   0.60035638603515497
 -0.25931001236999999   0.60035978104402861
 -0.25930201236999999   0.60036318920084560
 -0.25929401236999999   0.60036660686635432
 -0.25928601236999999   0.60037003037139134
 -0.25927801236999999   0.60037345606266154
 -0.25927001236999999   0.60037688034709250
 -0.25926201236999999   0.60038029973393612
 -0.25925401236999999   0.60038371087386327
 -0.25924601236999999   0.60038711059440004
 -0.25923801236999999   0.60039049593117845
 -0.25923001236999999   0.60039386415461226
 -0.25922201236999999   0.60039721279175463
 -0.25921401236999999   0.60040053964323749
 -0.25920601236999999   0.60040384279532830
 -0.25919801236999999   0.60040712062726405
 -0.25919001236999999   0.60041037181412481
 -0.25918201236999999   0.60041359532559546
 -0.25917401236999999   0.60041679042102595
 -0.25916601236999999   0.60041995664124149
 -0.25915801236999999   0.60042309379757637
 -0.25915001236999999   0.60042620195860584
 -0.25914201236999999   0.60042928143504013
 -0.25913401236999999   0.60043233276321784
 -0.25912601236999999   0.60043535668760317
 -0.25911801236999999   0.60043835414264891
 -0.25911001236999999   0.60044132623434374
 -0.25910201236999999   0.60044427422171555
 -0.25909401236999999   0.60044719949851704
 -0.25908601236999999   0.60045010357527557
 -0.25907801236999999   0.60045298806184933
 -0.25907001236999999   0.60045585465059447
 -0.25906201236999999   0.60045870510021562
 -0.25905401236999999   0.60046154122034396
 -0.25904601236999999   0.60046436485686438
 -0.25903801236999999   0.60046717787799340
 -0.25903001236999999   0.60046998216109561
 -0.25902201236999999   0.60047277958021507
 -0.25901401236999999   0.60047557199429063
 -0.25900601236999999   0.60047836123602071
 -0.25899801236999999   0.60048114910134074
 -0.25899001236999999   0.60048393733947746
 -0.25898201236999999   0.60048672764354814
 -0.25897401236999999   0.60048952164167594
 -0.25896601236999999   0.60049232088860020
 -0.25895801236999999   0.60049512685776599
 -0.25895001236999999   0.60049794093388630
 -0.25894201236999999   0.60050076440597761
 -0.25893401236999999   0.60050359846087894
 -0.25892601236999999   0.60050644417727221
 -0.25891801236999999   0.60050930252023038
 -0.25891001236999999   0.60051217433632730
 -0.25890201236999999   0.60051506034934988
 -0.25889401236999999   0.60051796115665861
 -0.25888601236999999   0.60052087722624719
 -0.25887801236999999   0.60052380889455419
 -0.25887001236999999   0.60052675636508071
 -0.25886201236999999   0.60052971970786675
 -0.25885401236999999   0.60053269885987559
 -0.25884601236999999   0.60053569362633053
 -0.25883801236999999   0.60053870368303920
 -0.25883001236999999   0.60054172857973256
 -0.25882201236999999   0.60054476774443185
 -0.25881401236999999   0.60054782048884402
 -0.25880601236999999   0.60055088601477082
 -0.25879801236999999   0.60055396342149911
 -0.25879001236999999   0.60055705171412425
 -0.25878201236999999   0.60056014981273966
 -0.25877401236999999   0.60056325656240948
 -0.25876601236999999   0.60056637074382507
 -0.25875801236999999   0.60056949108453045
 -0.25875001236999999   0.60057261627059126
 -0.25874201236999999   0.60057574495856954
 -0.25873401236999999   0.60057887578766044
 -0.25872601236999999   0.60058200739184338
 -0.25871801236999999   0.60058513841189814
 -0.25871001236999999   0.60058826750713999
 -0.25870201236999999   0.60059139336673328
 -0.25869401236999999   0.60059451472045203
 -0.25868601236999999   0.60059763034876802
 -0.25867801236999999   0.60060073909215951
 -0.25867001236999999   0.60060383985955199
 -0.25866201236999999   0.60060693163581674
 -0.25865401236999999   0.60061001348827313
 -0.25864601236999999   0.60061308457215721
 -0.25863801236999999   0.60061614413503822
 -0.25863001236999999   0.60061919152018032
 -0.25862201236999999   0.60062222616886430
 -0.25861401236999999   0.60062524762169713
 -0.25860601236999999   0.60062825551895016
 -0.25859801236999999   0.60063124959997855
 -0.25859001236999999   0.60063422970178120
 -0.25858201236999999   0.60063719575676884
 -0.25857401236999999   0.60064014778981202
 -0.25856601236999999   0.60064308591464329
 -0.25855801236999999   0.60064601032968941
 -0.25855001236999999   0.60064892131340910
 -0.25854201236999999   0.60065181921920985
 -0.25853401236999999   0.60065470447001481
 -0.25852601236999999   0.60065757755254719
 -0.25851801236999999   0.60066043901139546
 -0.25851001236999999   0.60066328944291795
 -0.25850201236999999   0.60066612948904023
 -0.25849401236999999   0.60066895983099504
 -0.25848601236999999   0.60067178118304738
 -0.25847801236999999   0.60067459428624567
 -0.25847001236999999   0.60067739990223264
 -0.25846201236999999   0.60068019880714776
 -0.25845401236999999   0.60068299178564843
 -0.25844601236999999   0.60068577962507437
 -0.25843801236999999   0.60068856310977640
 -0.25843001236999999   0.60069134301562998
 -0.25842201236999999   0.60069412010475051
 -0.25841401236999999   0.60069689512042677
 -0.25840601236999999   0.60069966878228854
 -0.25839801236999999   0.60070244178172260
 -0.25839001236999999   0.60070521477755161
 -0.25838201236999999   0.60070798839199035
 -0.25837401236999999   0.60071076320689349
 -0.25836601236999999   0.60071353976030878
 -0.25835801236999999   0.60071631854335093
 -0.25835001236999999   0.60071909999740956
 -0.25834201236999999   0.60072188451170632
 -0.25833401236999999   0.60072467242121477
 -0.25832601236999999   0.60072746400495683
 -0.25831801236999999   0.60073025948468809
 -0.25831001236999999   0.60073305902398402
 -0.25830201236999999   0.60073586272773640
 -0.25829401236999999   0.60073867064206872
 -0.25828601236999999   0.60074148275467586
 -0.25827801236999999   0.60074429899559098
 -0.25827001236999999   0.60074711923837959
 -0.25826201236999999   0.60074994330175737
 -0.25825401236999999   0.60075277095162389
 -0.25824601236999999   0.60075560190350071
 -0.25823801236999999   0.60075843582535859
 -0.25823001236999999   0.60076127234081313
 -0.25822201236999999   0.60076411103266494
 -0.25821401236999999   0.60076695144675475
 -0.25820601236999999   0.60076979309610212
 -0.25819801236999999   0.60077263546528955
 -0.25819001236999999   0.60077547801505378
 -0.25818201236999999   0.60077832018703986
 -0.25817401236999999   0.60078116140867423
 -0.25816601236999999   0.60078400109810957
 -0.25815801236999999   0.60078683866919343
 -0.25815001236999999   0.60078967353641314
 -0.25814201236999999   0.60079250511976925
 -0.25813401236999999   0.60079533284953141
 -0.25812601236999999   0.60079815617083183
 -0.25811801236999999   0.60080097454805551
 -0.25811001236999999   0.60080378746898778
 -0.25810201236999999   0.60080659444868453
 -0.25809401236999999   0.60080939503303490
 -0.25808601236999999   0.60081218880198924
 -0.25807801236999999   0.60081497537243177
 -0.25807001236999999   0.60081775440068055
 -0.25806201236999999   0.60082052558460296
 -0.25805401236999999   0.60082328866534039
 -0.25804601236999999   0.60082604342863836
 -0.25803801236999999   0.60082878970578536
 -0.25803001236999999   0.60083152737416550
 -0.25802201236999999   0.60083425635743532
 -0.25801401236999999   0.60083697662533730
 -0.25800601236999999   0.60083968819316641
 -0.25799801236999999   0.60084239112090815
 -0.25799001236999999   0.60084508551206752
 -0.25798201236999999   0.60084777151221254
 -0.25797401236999999   0.60085044930725328
 -0.25796601236999999   0.60085311912148224
 -0.25795801236999999   0.60085578121539862
 -0.25795001236999999   0.60085843588334168
 -0.25794201236999999   0.60086108345095702
 -0.25793401236999999   0.60086372427251927
 -0.25792601236999999   0.60086635872813420
 -0.25791801236999999   0.60086898722084281
 -0.25791001236999999   0.60087161017364819
 -0.25790201236999999   0.60087422802648629
 -0.25789401236999999   0.60087684123315922
 -0.25788601236999999   0.60087945025825049
 -0.25787801236999999   0.60088205557403887
 -0.25787001236999999   0.60088465765742796
 -0.25786201236999999   0.60088725698690730
 -0.25785401236999999   0.60088985403955951
 -0.25784601236999999   0.60089244928812820
 -0.25783801236999999   0.60089504319815999
 -0.25783001236999999   0.60089763622523384
 -0.25782201236999999   0.60090022881229009
 -0.25781401236999999   0.60090282138707126
 -0.25780601236999999   0.60090541435968677
 -0.25779801236999999   0.60090800812031210
 -0.25779001236999999   0.60091060303703424
 -0.25778201236999999   0.60091319945385328
 -0.25777401236999999   0.60091579768885122
 -0.25776601236999999   0.60091839803253677
 -0.25775801236999999   0.60092100074637651
 -0.25775001236999999   0.60092360606152046
 -0.25774201236999999   0.60092621417773057
 -0.25773401236999999   0.60092882526251907
 -0.25772601236999999   0.60093143945050382
 -0.25771801236999999   0.60093405684298495
 -0.25771001236999999   0.60093667750774827
 -0.25770201236999999   0.60093930147909732
 -0.25769401236999999   0.60094192875811630
 -0.25768601236999999   0.60094455931316321
 -0.25767801236999999   0.60094719308059176
 -0.25767001236999999   0.60094982996569828
 -0.25766201236999999   0.60095246984388820
 -0.25765401236999999   0.60095511256205443
 -0.25764601236999999   0.60095775794015890
 -0.25763801236999999   0.60096040577300483
 -0.25763001236999999   0.60096305583218772
 -0.25762201236999999   0.60096570786820872
 -0.25761401236999999   0.60096836161273441
 -0.25760601236999999   0.60097101678098392
 -0.25759801236999999   0.60097367307422397
 -0.25759001236999999   0.60097633018235013
 -0.25758201236999999   0.60097898778653313
 -0.25757401236999999   0.60098164556190631
 -0.25756601236999999   0.60098430318027185
 -0.25755801236999999   0.60098696031280209
 -0.25755001236999999   0.60098961663271259
 -0.25754201236999999   0.60099227181788437
 -0.25753401236999999   0.60099492555341287
 -0.25752601236999999   0.60099757753406297
 -0.25751801236999999   0.60100022746660988
 -0.25751001236999999   0.60100287507204754
 -0.25750201236999999   0.60100552008764783
 -0.25749401236999999   0.60100816226885586
 -0.25748601236999999   0.60101080139100793
 -0.25747801236999999   0.60101343725086159
 -0.25747001236999999   0.60101606966792907
 -0.25746201236999999   0.60101869848560695
 -0.25745401236999999   0.60102132357209823
 -0.25744601236999999   0.60102394482112366
 -0.25743801236999999   0.60102656215242213
 -0.25743001236999999   0.60102917551204179
 -0.25742201236999999   0.60103178487242475
 -0.25741401236999999   0.60103439023229041
 -0.25740601236999999   0.60103699161632401
 -0.25739801236999999   0.60103958907467753
 -0.25739001236999999   0.60104218268229258
 -0.25738201236999999   0.60104477253805479
 -0.25737401236999999   0.60104735876379028
 -0.25736601236999999   0.60104994150311626
 -0.25735801236999999   0.60105252092015724
 -0.25735001236999999   0.60105509719813971
 -0.25734201236999999   0.60105767053787764
 -0.25733401236999999   0.60106024115616208
 -0.25732601236999999   0.60106280928406751
 -0.25731801236999999   0.60106537516518829
 -0.25731001236999999   0.60106793905381790
 -0.25730201236999999   0.60107050121308358
 -0.25729401236999999   0.60107306191304960
 -0.25728601236999999   0.60107562142880058
 -0.25727801236999999   0.60107818003851799
 -0.25727001236999999   0.60108073802156088
 -0.25726201236999999   0.60108329565656275
 -0.25725401236999999   0.60108585321955594
 -0.25724601236999999   0.60108841098213401
 -0.25723801236999999   0.60109096920966324
 -0.25723001236999999   0.60109352815955321
 -0.25722201236999999   0.60109608807959658
 -0.25721401236999999   0.60109864920638728
 -0.25720601236999999   0.60110121176382688
 -0.25719801236999999   0.60110377596172737
 -0.25719001236999999   0.60110634199451887
 -0.25718201236999999   0.60110891004007036
 -0.25717401236999999   0.60111148025863025
 -0.25716601236999999   0.60111405279189391
 -0.25715801236999999   0.60111662776220413
 -0.25715001236999999   0.60111920527189009
 -0.25714201236999999   0.60112178540274919
 -0.25713401236999999   0.60112436821567570
 -0.25712601236999999   0.60112695375043954
 -0.25711801236999999   0.60112954202561668
 -0.25711001236999999   0.60113213303867237
 -0.25710201236999999   0.60113472676619735
 -0.25709401236999999   0.60113732316429552
 -0.25708601236999999   0.60113992216912092
 -0.25707801236999999   0.60114252369756069
 -0.25707001236999999   0.60114512764805904
 -0.25706201236999999   0.60114773390157637
 -0.25705401236999999   0.60115034232267692
 -0.25704601236999999   0.60115295276073621
 -0.25703801236999999   0.60115556505125924
 -0.25703001236999999   0.60115817901729934
 -0.25702201236999999   0.60116079447096599
 -0.25701401236999999   0.60116341121500994
 -0.25700601236999999   0.60116602904447252
 -0.25699801236999999   0.60116864774838576
 -0.25699001236999999   0.60117126711150962
 -0.25698201236999999   0.60117388691609182
 -0.25697401236999999   0.60117650694363620
 -0.25696601236999999   0.60117912697666481
 -0.25695801236999999   0.60118174680045981
 -0.25695001236999999   0.60118436620477128
 -0.25694201236999999   0.60118698498547707
 -0.25693401236999999   0.60118960294618199
 -0.25692601236999999   0.60119221989974441
 -0.25691801236999999   0.60119483566971830
 -0.25691001236999999   0.60119745009170103
 -0.25690201236999999   0.60120006301457688
 -0.25689401236999999   0.60120267430164868
 -0.25688601236999999   0.60120528383164980
 -0.25687801236999999   0.60120789149963115
 -0.25687001236999999   0.60121049721771841
 -0.25686201236999999   0.60121310091573548
 -0.25685401236999999   0.60121570254169280
 -0.25684601236999999   0.60121830206213881
 -0.25683801236999999   0.60122089946237492
 -0.25683001236999999   0.60122349474653479
 -0.25682201236999999   0.60122608793753077
 -0.25681401236999999   0.60122867907686982
 -0.25680601236999999   0.60123126822434357
 -0.25679801236999999   0.60123385545759682
 -0.25679001236999999   0.60123644087158034
 -0.25678201236999999   0.60123902457789413
 -0.25677401236999999   0.60124160670402728
 -0.25676601236999999   0.60124418739250225
 -0.25675801236999999   0.60124676679993085
 -0.25675001236999999   0.60124934509598959
 -0.25674201236999999   0.60125192246232276
 -0.25673401236999999   0.60125449909138145
 -0.25672601236999999   0.60125707518520683
 -0.25671801236999999   0.60125965095416651
 -0.25671001236999999   0.60126222661565205
 -0.25670201236999999   0.60126480239274653
 -0.25669401236999999   0.60126737851287067
 -0.25668601236999999   0.60126995520641553
 -0.25667801236999999   0.60127253270537077
 -0.25667001236999999   0.60127511124195614
 -0.25666201236999999   0.60127769104726431
 -0.25665401236999999   0.60128027234992353
 -0.25664601236999999   0.60128285537478710
 -0.25663801236999999   0.60128544034165741
 -0.25663001236999999   0.60128802746405243
 -0.25662201236999999   0.60129061694802077
 -0.25661401236999999   0.60129320899101299
 -0.25660601236999999   0.60129580378081498
 -0.25659801236999999   0.60129840149455018
 -0.25659001236999999   0.60130100229775630
 -0.25658201236999999   0.60130360634354197
 -0.25657401236999999   0.60130621377182842
 -0.25656601236999999   0.60130882470868098
 -0.25655801236999999   0.60131143926573463
 -0.25655001236999999   0.60131405753971695
 -0.25654201236999999   0.60131667961207174
 -0.25653401236999999   0.60131930554868616
 -0.25652601236999999   0.60132193539972252
 -0.25651801236999999   0.60132456919955672
 -0.25651001236999999   0.60132720696682326
 -0.25650201236999999   0.60132984870456694
 -0.25649401236999999   0.60133249440050017
 -0.25648601236999999   0.60133514402736406
 -0.25647801236999999   0.60133779754339110
 -0.25647001236999999   0.60134045489286545
 -0.25646201236999999   0.60134311600677777
 -0.25645401236999999   0.60134578080356876
 -0.25644601236999999   0.60134844918995632
 -0.25643801236999999   0.60135112106184031
 -0.25643001236999999   0.60135379630527700
 -0.25642201236999999   0.60135647479751708
 -0.25641401236999999   0.60135915640809767
 -0.25640601236999999   0.60136184099998081
 -0.25639801236999999   0.60136452843072875
 -0.25639001236999999   0.60136721855370735
 -0.25638201236999999   0.60136991121930740
 -0.25637401236999999   0.60137260627617463
 -0.25636601236999999   0.60137530357243838
 -0.25635801236999999   0.60137800295692974
 -0.25635001236999999   0.60138070428037874
 -0.25634201236999999   0.60138340739658193
 -0.25633401236999999   0.60138611216353139
 -0.25632601236999999   0.60138881844449608
 -0.25631801236999999   0.60139152610904776
 -0.25631001236999999   0.60139423503402383
 -0.25630201236999999   0.60139694510442016
 -0.25629401236999999   0.60139965621420749
 -0.25628601236999999   0.60140236826706604
 -0.25627801236999999   0.60140508117703334
 -0.25627001236999999   0.60140779486906127
 -0.25626201236999999   0.60141050927947907
 -0.25625401236999999   0.60141322435635988
 -0.25624601236999999   0.60141594005978919
 -0.25623801236999999   0.60141865636203406
 -0.25623001236999999   0.60142137324761339
 -0.25622201236999999   0.60142409071326980
 -0.25621401236999999   0.60142680876784397
 -0.25620601236999999   0.60142952743205443
 -0.25619801236999999   0.60143224673818454
 -0.25619001236999999   0.60143496672968053
 -0.25618201236999999   0.60143768746066446
 -0.25617401236999999   0.60144040899536590
 -0.25616601236999999   0.60144313140747793
 -0.25615801236999999   0.60144585477944206
 -0.25615001236999999   0.60144857920166805
 -0.25614201236999999   0.60145130477169463
 -0.25613401236999999   0.60145403159329696
 -0.25612601236999999   0.60145675977554773
 -0.25611801236999999   0.60145948943183844
 -0.25611001236999999   0.60146222067886749
 -0.25610201236999999   0.60146495363560270
 -0.25609401236999999   0.60146768842222419
 -0.25608601236999999   0.60147042515905619
 -0.25607801236999999   0.60147316396549348
 -0.25607001236999999   0.60147590495893086
 -0.25606201236999999   0.60147864825370174
 -0.25605401236999999   0.60148139396003335
 -0.25604601236999999   0.60148414218302583
 -0.25603801236999999   0.60148689302166099
 -0.25603001236999999   0.60148964656784833
 -0.25602201236999999   0.60149240290551429
 -0.25601401236999999   0.60149516210974084
 -0.25600601236999999   0.60149792424595942
 -0.25599801236999999   0.60150068936920609
 -0.25599001236999999   0.60150345752344262
 -0.25598201236999999   0.60150622874094867
 -0.25597401236999999   0.60150900304178981
 -0.25596601236999999   0.60151178043336474
 -0.25595801236999999   0.60151456091003572
 -0.25595001236999999   0.60151734445284519
 -0.25594201236999999   0.60152013102932049
 -0.25593401236999999   0.60152292059336938
 -0.25592601236999999   0.60152571308526652
 -0.25591801236999999   0.60152850843173251
 -0.25591001236999999   0.60153130654610456
 -0.25590201236999999   0.60153410732859851
 -0.25589401236999999   0.60153691066666049
 -0.25588601236999999   0.60153971643540602
 -0.25587801236999999   0.60154252449814380
 -0.25587001236999999   0.60154533470698054
 -0.25586201236999999   0.60154814690350275
 -0.25585401236999999   0.60155096091953013
 -0.25584601236999999   0.60155377657793589
 -0.25583801236999999   0.60155659369352710
 -0.25583001236999999   0.60155941207397929
 -0.25582201236999999   0.60156223152081744
 -0.25581401236999999   0.60156505183043679
 -0.25580601236999999   0.60156787279515501
 -0.25579801236999999   0.60157069420428816
 -0.25579001236999999   0.60157351584524193
 -0.25578201236999999   0.60157633750460978
 -0.25577401236999999   0.60157915896927036
 -0.25576601236999999   0.60158198002747472
 -0.25575801236999999   0.60158480046991607
 -0.25575001236999999   0.60158762009077387
 -0.25574201236999999   0.60159043868872445
 -0.25573401236999999   0.60159325606791108
 -0.25572601236999999   0.60159607203886613
 -0.25571801236999999   0.60159888641937982
 -0.25571001236999999   0.60160169903530850
 -0.25570201236999999   0.60160450972131826
 -0.25569401236999999   0.60160731832155843
 -0.25568601236999999   0.60161012469026137
 -0.25567801236999999   0.60161292869226521
 -0.25567001236999999   0.60161573020345626
 -0.25566201236999999   0.60161852911113029
 -0.25565401236999999   0.60162132531426999
 -0.25564601236999999   0.60162411872373924
 -0.25563801236999999   0.60162690926239369
 -0.25563001236999999   0.60162969686510802
 -0.25562201236999999   0.60163248147872225
 -0.25561401236999999   0.60163526306190767
 -0.25560601236999999   0.60163804158495634
 -0.25559801236999999   0.60164081702949578
 -0.25559001236999999   0.60164358938813320
 -0.25558201236999999   0.60164635866403289
 -0.25557401236999999   0.60164912487043104
 -0.25556601236999999   0.60165188803009250
 -0.25555801236999999   0.60165464817471467
 -0.25555001236999999   0.60165740534428341
 -0.25554201236999999   0.60166015958638660
 -0.25553401236999999   0.60166291095549063
 -0.25552601236999999   0.60166565951218585
 -0.25551801236999999   0.60166840532240631
 -0.25551001236999999   0.60167114845662995
 -0.25550201236999999   0.60167388898906485
 -0.25549401236999999   0.60167662699682770
 -0.25548601236999999   0.60167936255911961
 -0.25547801236999999   0.60168209575640563
 -0.25547001236999999   0.60168482666960304
 -0.25546201236999999   0.60168755537928425
 -0.25545401236999999   0.60169028196489896
 -0.25544601236999999   0.60169300650402140
 -0.25543801236999999   0.60169572907162710
 -0.25543001236999999   0.60169844973940347
 -0.25542201236999999   0.60170116857509941
 -0.25541401236999999   0.60170388564191728
 -0.25540601236999999   0.60170660099795116
 -0.25539801236999999   0.60170931469567514
 -0.25539001236999999   0.60171202678148436
 -0.25538201236999999   0.60171473729529198
 -0.25537401236999999   0.60171744627018379
 -0.25536601236999999   0.60172015373213319
 -0.25535801236999999   0.60172285969977765
 -0.25535001236999999   0.60172556418425781
 -0.25534201236999999   0.60172826718912020
 -0.25533401236999999   0.60173096871028348
 -0.25532601236999999   0.60173366873606844
 -0.25531801236999999   0.60173636724729104
 -0.25531001236999999   0.60173906421741706
 -0.25530201236999999   0.60174175961277742
 -0.25529401236999999   0.60174445339284213
 -0.25528601236999999   0.60174714551054984
 -0.25527801236999999   0.60174983591269148
 -0.25527001236999999   0.60175252454034358
 -0.25526201236999999   0.60175521132934854
 -0.25525401236999999   0.60175789621083773
 -0.25524601236999999   0.60176057911179305
 -0.25523801236999999   0.60176325995564295
 -0.25523001236999999   0.60176593866288764
 -0.25522201236999999   0.60176861515174884
 -0.25521401236999999   0.60177128933883933
 -0.25520601236999999   0.60177396113984606
 -0.25519801236999999   0.60177663047022277
 -0.25519001236999999   0.60177929724588581
 -0.25518201236999999   0.60178196138390835
 -0.25517401236999999   0.60178462280320738
 -0.25516601236999999   0.60178728142521870
 -0.25515801236999999   0.60178993717455448
 -0.25515001236999999   0.60179258997963867
 -0.25514201236999999   0.60179523977331572
 -0.25513401236999999   0.60179788649342836
 -0.25512601236999999   0.60180053008335966
 -0.25511801236999999   0.60180317049253674
 -0.25511001236999999   0.60180580767689151
 -0.25510201236999999   0.60180844159927654
 -0.25509401236999999   0.60181107222983239
 -0.25508601236999999   0.60181369954630488
 -0.25507801236999999   0.60181632353431003
 -0.25507001236999999   0.60181894418754564
 -0.25506201236999999   0.60182156150794792
 -0.25505401236999999   0.60182417550579322
 -0.25504601236999999   0.60182678619974423
 -0.25503801236999999   0.60182939361684088
 -0.25503001236999999   0.60183199779243696
 -0.25502201236999999   0.60183459877008295
 -0.25501401236999999   0.60183719660135635
 -0.25500601236999999   0.60183979134564175
 -0.25499801236999999   0.60184238306986203
 -0.25499001236999999   0.60184497184816305
 -0.25498201236999999   0.60184755776155470
 -0.25497401236999999   0.60185014089751047
 -0.25496601236999999   0.60185272134952917
 -0.25495801236999999   0.60185529921666155
 -0.25495001236999999   0.60185787460300524
 -0.25494201236999999   0.60186044761717160
 -0.25493401236999999   0.60186301837172809
 -0.25492601236999999   0.60186558698261968
 -0.25491801236999999   0.60186815356857343
 -0.25491001236999999   0.60187071825048957
 -0.25490201236999999   0.60187328115082352
 -0.25489401236999999   0.60187584239296225
 -0.25488601236999999   0.60187840210059937
 -0.25487801236999999   0.60188096039711196
 -0.25487001236999999   0.60188351740494406
 -0.25486201236999999   0.60188607324499966
 -0.25485401236999999   0.60188862803604892
 -0.25484601236999999   0.60189118189415203
 -0.25483801236999999   0.60189373493210285
 -0.25483001236999999   0.60189628725889686
 -0.25482201236999999   0.60189883897922571
 -0.25481401236999999   0.60190139019300166
 -0.25480601236999999   0.60190394099491503
 -0.25479801236999999   0.60190649147402663
 -0.25479001236999999   0.60190904171339836
 -0.25478201236999999   0.60191159178976322
 -0.25477401236999999   0.60191414177323751
 -0.25476601236999999   0.60191669172707660
 -0.25475801236999999   0.60191924170747534
 -0.25475001236999999   0.60192179176341492
 -0.25474201236999999   0.60192434193655622
 -0.25473401236999999   0.60192689226118100
 -0.25472601236999999   0.60192944276418067
 -0.25471801236999999   0.60193199346509247
 -0.25471001236999999   0.60193454437618335
 -0.25470201236999999   0.60193709550257966
 -0.25469401236999999   0.60193964684244319
 -0.25468601236999999   0.60194219838719060
 -0.25467801236999999   0.60194475012175582
 -0.25467001236999999   0.60194730202489274
 -0.25466201236999999   0.60194985406951641
 -0.25465401236999999   0.60195240622307988
 -0.25464601236999999   0.60195495844798400
 -0.25463801236999999   0.60195751070201747
 -0.25463001236999999   0.60196006293882341
 -0.25462201236999999   0.60196261510838938
 -0.25461401236999999   0.60196516715755706
 -0.25460601236999999   0.60196771903054802
 -0.25459801236999999   0.60197027066950168
 -0.25459001236999999   0.60197282201502132
 -0.25458201236999999   0.60197537300672456
 -0.25457401236999999   0.60197792358379392
 -0.25456601236999999   0.60198047368552400
 -0.25455801236999999   0.60198302325186045
 -0.25455001236999999   0.60198557222392829
 -0.25454201236999999   0.60198812054454438
 -0.25453401236999999   0.60199066815871147
 -0.25452601236999999   0.60199321501409010
 -0.25451801236999999   0.60199576106144482
 -0.25451001236999999   0.60199830625506275
 -0.25450201236999999   0.60200085055314007
 -0.25449401236999999   0.60200339391813588
 -0.25448601236999999   0.60200593631708975
 -0.25447801236999999   0.60200847772190162
 -0.25447001236999999   0.60201101810957275
 -0.25446201236999999   0.60201355746240568
 -0.25445401236999999   0.60201609576816290
 -0.25444601236999999   0.60201863302018331
 -0.25443801236999999   0.60202116921745594
 -0.25443001236999999   0.60202370436465130
 -0.25442201236999999   0.60202623847211028
 -0.25441401236999999   0.60202877155579125
 -0.25440601236999999   0.60203130363717656
 -0.25439801236999999   0.60203383474313904
 -0.25439001236999999   0.60203636490577012
 -0.25438201236999999   0.60203889416217160
 -0.25437401236999999   0.60204142255421219
 -0.25436601236999999   0.60204395012825171
 -0.25435801236999999   0.60204647693483443
 -0.25435001236999999   0.60204900302835494
 -0.25434201236999999   0.60205152846669827
 -0.25433401236999999   0.60205405331085760
 -0.25432601236999999   0.60205657762453233
 -0.25431801236999999   0.60205910147370915
 -0.25431001236999999   0.60206162492622986
 -0.25430201236999999   0.60206414805134827
 -0.25429401236999999   0.60206667091927983
 -0.25428601236999999   0.60206919360074721
 -0.25427801236999999   0.60207171616652460
 -0.25427001236999999   0.60207423868698437
 -0.25426201236999999   0.60207676123164882
 -0.25425401236999999   0.60207928386875036
 -0.25424601236999999   0.60208180666480336
 -0.25423801236999999   0.60208432968418955
 -0.25423001236999999   0.60208685298876144
 -0.25422201236999999   0.60208937663746499
 -0.25421401236999999   0.60209190068598470
 -0.25420601236999999   0.60209442518641384
 -0.25419801236999999   0.60209695018695148
 -0.25419001236999999   0.60209947573162862
 -0.25418201236999999   0.60210200186006549
 -0.25417401236999999   0.60210452860726150
 -0.25416601236999999   0.60210705600341929
 -0.25415801236999999   0.60210958407380403
 -0.25415001236999999   0.60211211283863934
 -0.25414201236999999   0.60211464231304000
 -0.25413401236999999   0.60211717250698238
 -0.25412601236999999   0.60211970342531270
 -0.25411801236999999   0.60212223506779294
 -0.25411001236999999   0.60212476742918433
 -0.25410201236999999   0.60212730049936748
 -0.25409401236999999   0.60212983426349894
 -0.25408601236999999   0.60213236870220238
 -0.25407801236999999   0.60213490379179373
 -0.25407001236999999   0.60213743950453785
 -0.25406201236999999   0.60213997580893611
 -0.25405401236999999   0.60214251267004152
 -0.25404601236999999   0.60214505004980011
 -0.25403801236999999   0.60214758790741574
 -0.25403001236999999   0.60215012619973572
 -0.25402201236999999   0.60215266488165454
 -0.25401401236999999   0.60215520390653277
 -0.25400601236999999   0.60215774322662823
 -0.25399801236999999   0.60216028279353611
 -0.25399001236999999   0.60216282255863521
 -0.25398201236999999   0.60216536247353664
 -0.25397401236999999   0.60216790249053244
 -0.25396601236999999   0.60217044256304008
 -0.25395801236999999   0.60217298264604063
 -0.25395001236999999   0.60217552269650697
 -0.25394201236999999   0.60217806267381868
 -0.25393401236999999   0.60218060254016192
 -0.25392601236999999   0.60218314226091038
 -0.25391801236999999   0.60218568180498529
 -0.25391001236999999   0.60218822114519203
 -0.25390201236999999   0.60219076025853088
 -0.25389401236999999   0.60219329912648041
 -0.25388601236999999   0.60219583773525093
 -0.25387801236999999   0.60219837607600728
 -0.25387001236999999   0.60220091414505886
 -0.25386201236999999   0.60220345194401643
 -0.25385401236999999   0.60220598947991432
 -0.25384601236999999   0.60220852676529785
 -0.25383801236999999   0.60221106381827531
 -0.25383001236999999   0.60221360066253467
 -0.25382201236999999   0.60221613732732469
 -0.25381401236999999   0.60221867384740147
 -0.25380601236999999   0.60222121026294024
 -0.25379801236999999   0.60222374661941401
 -0.25379001236999999   0.60222628296743944
 -0.25378201236999999   0.60222881936259143
 -0.25377401236999999   0.60223135586518797
 -0.25376601236999999   0.60223389254004647
 -0.25375801236999999   0.60223642945621366
 -0.25375001236999999   0.60223896668667064
 -0.25374201236999999   0.60224150430801551
 -0.25373401236999999   0.60224404240012505
 -0.25372601236999999   0.60224658104579849
 -0.25371801236999999   0.60224912033038509
 -0.25371001236999999   0.60225166034139814
 -0.25370201236999999   0.60225420116811792
 -0.25369401236999999   0.60225674290118587
 -0.25368601236999999   0.60225928563219298
 -0.25367801236999999   0.60226182945326432
 -0.25367001236999999   0.60226437445664278
 -0.25366201236999999   0.60226692073427426
 -0.25365401236999999   0.60226946837739704
 -0.25364601236999999   0.60227201747613775
 -0.25363801236999999   0.60227456811911595
 -0.25363001236999999   0.60227712039306053
 -0.25362201236999999   0.60227967438243939
 -0.25361401236999999   0.60228223016910504
 -0.25360601236999999   0.60228478783195806
 -0.25359801236999999   0.60228734744663034
 -0.25359001236999999   0.60228990908519037
 -0.25358201236999999   0.60229247281587137
 -0.25357401236999999   0.60229503870282496
 -0.25356601236999999   0.60229760680590068
 -0.25355801236999999   0.60230017718045373
 -0.25355001236999999   0.60230274987718091
 -0.25354201236999999   0.60230532494198619
 -0.25353401236999999   0.60230790241587677
 -0.25352601236999999   0.60231048233488960
 -0.25351801236999999   0.60231306473004918
 -0.25351001236999999   0.60231564962735613
 -0.25350201236999999   0.60231823704780711
 -0.25349401236999999   0.60232082700744536
 -0.25348601236999999   0.60232341951744084
 -0.25347801236999999   0.60232601458420057
 -0.25347001236999999   0.60232861220950680
 -0.25346201236999999   0.60233121239068258
 -0.25345401236999999   0.60233381512078355
 -0.25344601236999999   0.60233642038881365
 -0.25343801236999999   0.60233902817996410
 -0.25343001236999999   0.60234163847587290
 -0.25342201236999999   0.60234425125490334
 -0.25341401236999999   0.60234686649243923
 -0.25340601236999999   0.60234948416119450
 -0.25339801236999999   0.60235210423153518
 -0.25339001236999999   0.60235472667181070
 -0.25338201236999999   0.60235735144869261
 -0.25337401236999999   0.60235997852751773
 -0.25336601236999999   0.60236260787263337
 -0.25335801236999999   0.60236523944774199
 -0.25335001236999999   0.60236787321624254
 -0.25334201236999999   0.60237050914156608
 -0.25333401236999999   0.60237314718750333
 -0.25332601236999999   0.60237578731852129
 -0.25331801236999999   0.60237842950006688
 -0.25331001236999999   0.60238107369885549
 -0.25330201236999999   0.60238371988314182
 -0.25329401236999999   0.60238636802297166
 -0.25328601236999999   0.60238901809041220
 -0.25327801236999999   0.60239167005975964
 -0.25327001236999999   0.60239432390772237
 -0.25326201236999999   0.60239697961357848
 -0.25325401236999999   0.60239963715930651
 -0.25324601236999999   0.60240229652968856
 -0.25323801236999999   0.60240495771238502
 -0.25323001236999999   0.60240762069798031
 -0.25322201236999999   0.60241028547999955
 -0.25321401236999999   0.60241295205489596
 -0.25320601236999999   0.60241562042200929
 -0.25319801236999999   0.60241829058349519
 -0.25319001236999999   0.60242096254422662
 -0.25318201236999999   0.60242363631166768
 -0.25317401236999999   0.60242631189572081
 -0.25316601236999999   0.60242898930854876
 -0.25315801236999999   0.60243166856437194
 -0.25315001236999999   0.60243434967924352
 -0.25314201236999999   0.60243703267080325
 -0.25313401236999999   0.60243971755801157
 -0.25312601236999999   0.60244240436086660
 -0.25311801236999999   0.60244509310010533
 -0.25311001236999999   0.60244778379689154
 -0.25310201236999999   0.60245047647249214
 -0.25309401236999999   0.60245317114794478
 -0.25308601236999999   0.60245586784371850
 -0.25307801236999999   0.60245856657937023
 -0.25307001236999999   0.60246126737319914
 -0.25306201236999999   0.60246397024190169
 -0.25305401236999999   0.60246667520022927
 -0.25304601236999999   0.60246938226065138
 -0.25303801236999999   0.60247209143302645
 -0.25303001236999999   0.60247480272428240
 -0.25302201236999999   0.60247751613811013
 -0.25301401236999999   0.60248023167467069
 -0.25300601236999999   0.60248294933031997
 -0.25299801236999999   0.60248566909735148
 -0.25299001236999999   0.60248839096375997
 -0.25298201236999999   0.60249111491302752
 -0.25297401236999999   0.60249384092393354
 -0.25296601236999999   0.60249656897039039
 -0.25295801236999999   0.60249929902130607
 -0.25295001236999999   0.60250203104047480
 -0.25294201236999999   0.60250476498649656
 -0.25293401236999999   0.60250750081272689
 -0.25292601236999999   0.60251023846725663
 -0.25291801236999999   0.60251297789292294
 -0.25291001236999999   0.60251571902735092
 -0.25290201236999999   0.60251846180302650
 -0.25289401236999999   0.60252120614739992
 -0.25288601236999999   0.60252395198301927
 -0.25287801236999999   0.60252669922769393
 -0.25287001236999999   0.60252944779468629
 -0.25286201236999999   0.60253219759293126
 -0.25285401236999999   0.60253494852728188
 -0.25284601236999999   0.60253770049877953
 -0.25283801236999999   0.60254045340494760
 -0.25283001236999999   0.60254320714010585
 -0.25282201236999999   0.60254596159570420
 -0.25281401236999999   0.60254871666067369
 -0.25280601236999999   0.60255147222179187
 -0.25279801236999999   0.60255422816406082
 -0.25279001236999999   0.60255698437109507
 -0.25278201236999999   0.60255974072551675
 -0.25277401236999999   0.60256249710935574
 -0.25276601236999999   0.60256525340445166
 -0.25275801236999999   0.60256800949285587
 -0.25275001236999999   0.60257076525723008
 -0.25274201236999999   0.60257352058123934
 -0.25273401236999999   0.60257627534993709
 -0.25272601236999999   0.60257902945013941
 -0.25271801236999999   0.60258178277078646
 -0.25271001236999999   0.60258453520328855
 -0.25270201236999999   0.60258728664185521
 -0.25269401236999999   0.60259003698380473
 -0.25268601236999999   0.60259278612985268
 -0.25267801236999999   0.60259553398437776
 -0.25267001236999999   0.60259828045566360
 -0.25266201236999999   0.60260102545611473
 -0.25265401236999999   0.60260376890244645
 -0.25264601236999999   0.60260651071584709
 -0.25263801236999999   0.60260925082211219
 -0.25263001236999999   0.60261198915175030
 -0.25262201236999999   0.60261472564005996
 -0.25261401236999999   0.60261746022717784
 -0.25260601236999999   0.60262019285809825
 -0.25259801236999999   0.60262292348266441
 -0.25259001236999999   0.60262565205553194
 -0.25258201236999999   0.60262837853610539
 -0.25257401236999999   0.60263110288844858
 -0.25256601236999999   0.60263382508117016
 -0.25255801236999999   0.60263654508728507
