 -0.26873098361000000   0.59726535173318305
 -0.26872298361000000   0.59726805763130877
 -0.26871498361000000   0.59727076341935786
 -0.26870698361000000   0.59727346910223310
 -0.26869898361000000   0.59727617469032723
 -0.26869098361000000   0.59727888019970756
 -0.26868298361000000   0.59728158565226237
 -0.26867498361000000   0.59728429107580841
 -0.26866698361000000   0.59728699650415765
 -0.26865898361000000   0.59728970197714385
 -0.26865098361000000   0.59729240754060726
 -0.26864298361000000   0.59729511324633843
 -0.26863498361000000   0.59729781915198104
 -0.26862698361000000   0.59730052532089419
 -0.26861898361000000   0.59730323182197495
 -0.26861098361000000   0.59730593872944285
 -0.26860298361000000   0.59730864612258692
 -0.26859498361000000   0.59731135408547737
 -0.26858698361000000   0.59731406270664391
 -0.26857898361000000   0.59731677207872236
 -0.26857098361000000   0.59731948229807246
 -0.26856298361000000   0.59732219346436887
 -0.26855498361000000   0.59732490568016840
 -0.26854698361000000   0.59732761905045630
 -0.26853898361000000   0.59733033368217435
 -0.26853098361000000   0.59733304968373443
 -0.26852298361000000   0.59733576716452011
 -0.26851498361000000   0.59733848623438019
 -0.26850698361000000   0.59734120700311729
 -0.26849898361000000   0.59734392957997492
 -0.26849098361000000   0.59734665407312650
 -0.26848298361000000   0.59734938058917001
 -0.26847498361000000   0.59735210923263142
 -0.26846698361000000   0.59735484010548029
 -0.26845898361000000   0.59735757330666145
 -0.26845098361000000   0.59736030893164506
 -0.26844298361000000   0.59736304707199909
 -0.26843498361000000   0.59736578781498695
 -0.26842698361000000   0.59736853124319272
 -0.26841898361000000   0.59737127743417769
 -0.26841098361000000   0.59737402646016941
 -0.26840298361000000   0.59737677838778697
 -0.26839498361000000   0.59737953327780342
 -0.26838698361000000   0.59738229118494771
 -0.26837898361000000   0.59738505215774782
 -0.26837098361000000   0.59738781623841592
 -0.26836298361000000   0.59739058346277673
 -0.26835498361000000   0.59739335386023989
 -0.26834698361000000   0.59739612745381635
 -0.26833898361000000   0.59739890426017891
 -0.26833098361000000   0.59740168428976654
 -0.26832298361000000   0.59740446754693176
 -0.26831498361000000   0.59740725403012980
 -0.26830698361000000   0.59741004373214861
 -0.26829898361000000   0.59741283664037730
 -0.26829098361000000   0.59741563273711153
 -0.26828298361000000   0.59741843199989282
 -0.26827498361000000   0.59742123440187982
 -0.26826698361000000   0.59742403991224749
 -0.26825898361000000   0.59742684849661210
 -0.26825098361000000   0.59742966011747732
 -0.26824298361000000   0.59743247473469858
 -0.26823498361000000   0.59743529230596143
 -0.26822698361000000   0.59743811278726946
 -0.26821898361000000   0.59744093613343847
 -0.26821098361000000   0.59744376229859163
 -0.26820298361000000   0.59744659123665183
 -0.26819498361000000   0.59744942290182710
 -0.26818698361000000   0.59745225724908422
 -0.26817898361000000   0.59745509423460675
 -0.26817098361000000   0.59745793381623327
 -0.26816298361000000   0.59746077595387177
 -0.26815498361000000   0.59746362060988649
 -0.26814698361000000   0.59746646774945390
 -0.26813898361000000   0.59746931734088355
 -0.26813098361000000   0.59747216935590253
 -0.26812298361000000   0.59747502376989864
 -0.26811498361000000   0.59747788056212179
 -0.26810698361000000   0.59748073971584015
 -0.26809898361000000   0.59748360121845036
 -0.26809098361000000   0.59748646506153992
 -0.26808298361000000   0.59748933124090068
 -0.26807498361000000   0.59749219975649383
 -0.26806698361000000   0.59749507061236498
 -0.26805898361000000   0.59749794381651055
 -0.26805098361000000   0.59750081938069595
 -0.26804298361000000   0.59750369732022616
 -0.26803498361000000   0.59750657765367077
 -0.26802698361000000   0.59750946040254494
 -0.26801898361000000   0.59751234559094860
 -0.26801098361000000   0.59751523324516635
 -0.26800298361000000   0.59751812339323114
 -0.26799498361000000   0.59752101606445463
 -0.26798698361000000   0.59752391128892795
 -0.26797898361000000   0.59752680909699660
 -0.26797098361000000   0.59752970951871326
 -0.26796298361000000   0.59753261258327303
 -0.26795498361000000   0.59753551831843530
 -0.26794698361000000   0.59753842674993702
 -0.26793898361000000   0.59754133790090185
 -0.26793098361000000   0.59754425179125017
 -0.26792298361000000   0.59754716843711475
 -0.26791498361000000   0.59755008785026703
 -0.26790698361000000   0.59755301003755887
 -0.26789898361000000   0.59755593500038474
 -0.26789098361000000   0.59755886273416895
 -0.26788298361000000   0.59756179322788291
 -0.26787498361000000   0.59756472646359642
 -0.26786698361000000   0.59756766241606816
 -0.26785898361000000   0.59757060105237857
 -0.26785098361000000   0.59757354233160951
 -0.26784298361000000   0.59757648620457414
 -0.26783498361000000   0.59757943261360007
 -0.26782698361000000   0.59758238149236888
 -0.26781898361000000   0.59758533276581387
 -0.26781098361000000   0.59758828635007863
 -0.26780298361000000   0.59759124215253733
 -0.26779498361000000   0.59759420007187833
 -0.26778698361000000   0.59759715999825068
 -0.26777898361000000   0.59760012181347454
 -0.26777098361000000   0.59760308539131411
 -0.26776298361000000   0.59760605059781186
 -0.26775498361000000   0.59760901729168318
 -0.26774698361000000   0.59761198532476804
 -0.26773898361000000   0.59761495454253784
 -0.26773098361000000   0.59761792478465354
 -0.26772298361000000   0.59762089588557132
 -0.26771498361000000   0.59762386767519198
 -0.26770698361000000   0.59762683997954829
 -0.26769898361000000   0.59762981262152675
 -0.26769098361000000   0.59763278542161657
 -0.26768298361000000   0.59763575819868169
 -0.26767498361000000   0.59763873077074861
 -0.26766698361000000   0.59764170295580488
 -0.26765898361000000   0.59764467457260108
 -0.26765098361000000   0.59764764544145083
 -0.26764298361000000   0.59765061538502162
 -0.26763498361000000   0.59765358422911103
 -0.26762698361000000   0.59765655180340132
 -0.26761898361000000   0.59765951794218750
 -0.26761098361000000   0.59766248248507211
 -0.26760298361000000   0.59766544527762205
 -0.26759498361000000   0.59766840617198199
 -0.26758698361000000   0.59767136502744015
 -0.26757898361000000   0.59767432171094173
 -0.26757098361000000   0.59767727609754650
 -0.26756298361000000   0.59768022807082743
 -0.26755498361000000   0.59768317752320739
 -0.26754698361000000   0.59768612435623198
 -0.26753898361000000   0.59768906848077650
 -0.26753098361000000   0.59769200981718674
 -0.26752298361000000   0.59769494829535213
 -0.26751498361000000   0.59769788385471206
 -0.26750698361000000   0.59770081644419562
 -0.26749898361000000   0.59770374602209609
 -0.26749098361000000   0.59770667255588158
 -0.26748298361000000   0.59770959602194412
 -0.26747498361000000   0.59771251640528969
 -0.26746698361000000   0.59771543369917236
 -0.26745898361000000   0.59771834790467602
 -0.26745098361000000   0.59772125903024673
 -0.26744298361000000   0.59772416709118122
 -0.26743498361000000   0.59772707210907451
 -0.26742698361000000   0.59772997411123230
 -0.26741898361000000   0.59773287313005257
 -0.26741098361000000   0.59773576920238169
 -0.26740298361000000   0.59773866236884995
 -0.26739498361000000   0.59774155267319253
 -0.26738698361000000   0.59774444016156033
 -0.26737898361000000   0.59774732488182710
 -0.26737098361000000   0.59775020688289766
 -0.26736298361000000   0.59775308621402293
 -0.26735498361000000   0.59775596292412704
 -0.26734698361000000   0.59775883706115172
 -0.26733898361000000   0.59776170867142304
 -0.26733098361000000   0.59776457779904575
 -0.26732298361000000   0.59776744448532933
 -0.26731498361000000   0.59777030876825082
 -0.26730698361000000   0.59777317068195811
 -0.26729898361000000   0.59777603025631831
 -0.26729098361000000   0.59777888751651376
 -0.26728298361000000   0.59778174248268987
 -0.26727498361000000   0.59778459516965696
 -0.26726698361000000   0.59778744558664880
 -0.26725898361000000   0.59779029373713975
 -0.26725098361000000   0.59779313961872208
 -0.26724298361000000   0.59779598322304422
 -0.26723498361000000   0.59779882453581117
 -0.26722698361000000   0.59780166353684637
 -0.26721898361000000   0.59780450020021521
 -0.26721098361000000   0.59780733449440858
 -0.26720298361000000   0.59781016638258596
 -0.26719498361000000   0.59781299582287533
 -0.26718698361000000   0.59781582276872767
 -0.26717898361000000   0.59781864716932318
 -0.26717098361000000   0.59782146897002616
 -0.26716298361000000   0.59782428811288440
 -0.26715498361000000   0.59782710453716907
 -0.26714698361000000   0.59782991817995044
 -0.26713898361000000   0.59783272897670499
 -0.26713098361000000   0.59783553686194824
 -0.26712298361000000   0.59783834176988845
 -0.26711498361000000   0.59784114363509510
 -0.26710698361000000   0.59784394239317702
 -0.26709898361000000   0.59784673798146397
 -0.26709098361000000   0.59784953033968609
 -0.26708298361000000   0.59785231941064516
 -0.26707498361000000   0.59785510514087247
 -0.26706698361000000   0.59785788748126694
 -0.26705898361000000   0.59786066638770898
 -0.26705098361000000   0.59786344182164396
 -0.26704298361000000   0.59786621375063101
 -0.26703498361000000   0.59786898214885224
 -0.26702698361000000   0.59787174699757823
 -0.26701898361000000   0.59787450828558566
 -0.26701098361000000   0.59787726600952372
 -0.26700298361000000   0.59788002017422634
 -0.26699498361000000   0.59788277079296715
 -0.26698698361000000   0.59788551788765584
 -0.26697898361000000   0.59788826148897307
 -0.26697098361000000   0.59789100163644379
 -0.26696298361000000   0.59789373837844783
 -0.26695498361000000   0.59789647177216711
 -0.26694698361000000   0.59789920188347021
 -0.26693898361000000   0.59790192878673497
 -0.26693098361000000   0.59790465256460986
 -0.26692298361000000   0.59790737330771581
 -0.26691498361000000   0.59791009111429091
 -0.26690698361000000   0.59791280608977947
 -0.26689898361000000   0.59791551834636901
 -0.26689098361000000   0.59791822800247782
 -0.26688298361000000   0.59792093518219638
 -0.26687498361000000   0.59792364001468689
 -0.26686698361000000   0.59792634263354417
 -0.26685898361000000   0.59792904317612269
 -0.26685098361000000   0.59793174178283401
 -0.26684298361000000   0.59793443859641907
 -0.26683498361000000   0.59793713376120048
 -0.26682698361000000   0.59793982742231951
 -0.26681898361000000   0.59794251972496301
 -0.26681098361000000   0.59794521081358518
 -0.26680298361000000   0.59794790083112974
 -0.26679498361000000   0.59795058991825760
 -0.26678698361000000   0.59795327821258512
 -0.26677898361000000   0.59795596584793853
 -0.26677098361000000   0.59795865295362969
 -0.26676298361000000   0.59796133965375776
 -0.26675498361000000   0.59796402606654269
 -0.26674698361000000   0.59796671230369476
 -0.26673898361000000   0.59796939846982473
 -0.26673098361000000   0.59797208466189996
 -0.26672298361000000   0.59797477096874966
 -0.26671498361000000   0.59797745747062398
 -0.26670698361000000   0.59798014423881037
 -0.26669898361000000   0.59798283133531037
 -0.26669098361000000   0.59798551881258008
 -0.26668298361000000   0.59798820671333656
 -0.26667498361000000   0.59799089507043219
 -0.26666698361000000   0.59799358390679909
 -0.26665898361000000   0.59799627323546391
 -0.26665098361000000   0.59799896305963432
 -0.26664298361000000   0.59800165337285668
 -0.26663498361000000   0.59800434415924486
 -0.26662698361000000   0.59800703539377852
 -0.26661898361000000   0.59800972704266954
 -0.26661098361000000   0.59801241906379467
 -0.26660298361000000   0.59801511140719058
 -0.26659498361000000   0.59801780401560912
 -0.26658698361000000   0.59802049682512782
 -0.26657898361000000   0.59802318976581172
 -0.26657098361000000   0.59802588276242177
 -0.26656298361000000   0.59802857573516377
 -0.26655498361000000   0.59803126860047263
 -0.26654698361000000   0.59803396127182557
 -0.26653898361000000   0.59803665366057779
 -0.26653098361000000   0.59803934567681407
 -0.26652298361000000   0.59804203723020932
 -0.26651498361000000   0.59804472823089096
 -0.26650698361000000   0.59804741859029644
 -0.26649898361000000   0.59805010822201877
 -0.26649098361000000   0.59805279704263270
 -0.26648298361000000   0.59805548497249542
 -0.26647498361000000   0.59805817193651495
 -0.26646698361000000   0.59806085786487963
 -0.26645898361000000   0.59806354269374353
 -0.26645098361000000   0.59806622636586109
 -0.26644298361000000   0.59806890883116724
 -0.26643498361000000   0.59807159004729707
 -0.26642698361000000   0.59807426998004191
 -0.26641898361000000   0.59807694860373747
 -0.26641098361000000   0.59807962590158189
 -0.26640298361000000   0.59808230186588033
 -0.26639498361000000   0.59808497649821529
 -0.26638698361000000   0.59808764980954055
 -0.26637898361000000   0.59809032182019883
 -0.26637098361000000   0.59809299255986287
 -0.26636298361000000   0.59809566206740057
 -0.26635498361000000   0.59809833039066568
 -0.26634698361000000   0.59810099758621517
 -0.26633898361000000   0.59810366371895626
 -0.26633098361000000   0.59810632886172553
 -0.26632298361000000   0.59810899309480360
 -0.26631498361000000   0.59811165650536889
 -0.26630698361000000   0.59811431918689491
 -0.26629898361000000   0.59811698123849559
 -0.26629098361000000   0.59811964276422334
 -0.26628298361000000   0.59812230387232560
 -0.26627498361000000   0.59812496467446484
 -0.26626698361000000   0.59812762528490833
 -0.26625898361000000   0.59813028581969330
 -0.26625098361000000   0.59813294639577423
 -0.26624298361000000   0.59813560713015795
 -0.26623498361000000   0.59813826813903348
 -0.26622698361000000   0.59814092953690351
 -0.26621898361000000   0.59814359143572301
 -0.26621098361000000   0.59814625394405290
 -0.26620298361000000   0.59814891716623434
 -0.26619498361000000   0.59815158120159069
 -0.26618698361000000   0.59815424614366333
 -0.26617898361000000   0.59815691207948751
 -0.26617098361000000   0.59815957908891434
 -0.26616298361000000   0.59816224724398468
 -0.26615498361000000   0.59816491660836024
 -0.26614698361000000   0.59816758723681736
 -0.26613898361000000   0.59817025917480772
 -0.26613098361000000   0.59817293245809074
 -0.26612298361000000   0.59817560711244136
 -0.26611498361000000   0.59817828315343638
 -0.26610698361000000   0.59818096058632222
 -0.26609898361000000   0.59818363940596634
 -0.26609098361000000   0.59818631959689367
 -0.26608298361000000   0.59818900113340899
 -0.26607498361000000   0.59819168397980534
 -0.26606698361000000   0.59819436809065807
 -0.26605898361000000   0.59819705341120289
 -0.26605098361000000   0.59819973987779637
 -0.26604298361000000   0.59820242741845566
 -0.26603498361000000   0.59820511595347425
 -0.26602698361000000   0.59820780539610932
 -0.26601898361000000   0.59821049565333616
 -0.26601098361000000   0.59821318662666369
 -0.26600298361000000   0.59821587821300530
 -0.26599498361000000   0.59821857030559809
 -0.26598698361000000   0.59822126279496333
 -0.26597898361000000   0.59822395556990082
 -0.26597098361000000   0.59822664851850880
 -0.26596298361000000   0.59822934152922122
 -0.26595498361000000   0.59823203449185419
 -0.26594698361000000   0.59823472729865262
 -0.26593898361000000   0.59823741984532889
 -0.26593098361000000   0.59824011203208452
 -0.26592298361000000   0.59824280376460672
 -0.26591498361000000   0.59824549495503179
 -0.26590698361000000   0.59824818552286653
 -0.26589898361000000   0.59825087539586176
 -0.26589098361000000   0.59825356451082895
 -0.26588298361000000   0.59825625281439483
 -0.26587498361000000   0.59825894026368709
 -0.26586698361000000   0.59826162682694632
 -0.26585898361000000   0.59826431248405837
 -0.26585098361000000   0.59826699722700429
 -0.26584298361000000   0.59826968106022317
 -0.26583498361000000   0.59827236400088608
 -0.26582698361000000   0.59827504607907811
 -0.26581898361000000   0.59827772733788809
 -0.26581098361000000   0.59828040783340452
 -0.26580298361000000   0.59828308763461834
 -0.26579498361000000   0.59828576682323287
 -0.26578698361000000   0.59828844549338250
 -0.26577898361000000   0.59829112375126193
 -0.26577098361000000   0.59829380171466862
 -0.26576298361000000   0.59829647951246153
 -0.26575498361000000   0.59829915728393985
 -0.26574698361000000   0.59830183517814572
 -0.26573898361000000   0.59830451335309592
 -0.26573098361000000   0.59830719197494683
 -0.26572298361000000   0.59830987121709878
 -0.26571498361000000   0.59831255125924532
 -0.26570698361000000   0.59831523228637326
 -0.26569898361000000   0.59831791448772042
 -0.26569098361000000   0.59832059805569706
 -0.26568298361000000   0.59832328318477835
 -0.26567498361000000   0.59832597007037501
 -0.26566698361000000   0.59832865890768896
 -0.26565898361000000   0.59833134989056204
 -0.26565098361000000   0.59833404321032453
 -0.26564298361000000   0.59833673905465192
 -0.26563498361000000   0.59833943760643722
 -0.26562698361000000   0.59834213904268623
 -0.26561898361000000   0.59834484353344416
 -0.26561098361000000   0.59834755124076043
 -0.26560298361000000   0.59835026231770016
 -0.26559498361000000   0.59835297690740848
 -0.26558698361000000   0.59835569514223613
 -0.26557898361000000   0.59835841714293257
 -0.26557098361000000   0.59836114301791328
 -0.26556298361000000   0.59836387286260791
 -0.26555498361000000   0.59836660675889475
 -0.26554698361000000   0.59836934477462747
 -0.26553898361000000   0.59837208696325821
 -0.26553098361000000   0.59837483336356220
 -0.26552298361000000   0.59837758399946667
 -0.26551498361000000   0.59838033887998760
 -0.26550698361000000   0.59838309799927582
 -0.26549898361000000   0.59838586133677428
 -0.26549098361000000   0.59838862885748632
 -0.26548298361000000   0.59839140051235489
 -0.26547498361000000   0.59839417623875088
 -0.26546698361000000   0.59839695596106828
 -0.26545898361000000   0.59839973959142263
 -0.26545098361000000   0.59840252703044858
 -0.26544298361000000   0.59840531816819071
 -0.26543498361000000   0.59840811288508198
 -0.26542698361000000   0.59841091105300184
 -0.26541898361000000   0.59841371253640659
 -0.26541098361000000   0.59841651719352266
 -0.26540298361000000   0.59841932487759359
 -0.26539498361000000   0.59842213543817047
 -0.26538698361000000   0.59842494872243481
 -0.26537898361000000   0.59842776457654342
 -0.26537098361000000   0.59843058284698302
 -0.26536298361000000   0.59843340338192367
 -0.26535498361000000   0.59843622603255913
 -0.26534698361000000   0.59843905065442205
 -0.26533898361000000   0.59844187710866353
 -0.26533098361000000   0.59844470526328445
 -0.26532298361000000   0.59844753499430938
 -0.26531498361000000   0.59845036618689135
 -0.26530698361000000   0.59845319873633869
 -0.26529898361000000   0.59845603254905464
 -0.26529098361000000   0.59845886754338121
 -0.26528298361000000   0.59846170365034063
 -0.26527498361000000   0.59846454081426693
 -0.26526698361000000   0.59846737899332286
 -0.26525898361000000   0.59847021815989700
 -0.26525098361000000   0.59847305830087767
 -0.26524298361000000   0.59847589941780115
 -0.26523498361000000   0.59847874152687205
 -0.26522698361000000   0.59848158465885585
 -0.26521898361000000   0.59848442885884338
 -0.26521098361000000   0.59848727418588897
 -0.26520298361000000   0.59849012071252397
 -0.26519498361000000   0.59849296852414931
 -0.26518698361000000   0.59849581771831068
 -0.26517898361000000   0.59849866840386097
 -0.26517098361000000   0.59850152070001583
 -0.26516298361000000   0.59850437473530853
 -0.26515498361000000   0.59850723064645071
 -0.26514698361000000   0.59851008857710711
 -0.26513898361000000   0.59851294867659193
 -0.26513098361000000   0.59851581109849606
 -0.26512298361000000   0.59851867599925410
 -0.26511498361000000   0.59852154353666087
 -0.26510698361000000   0.59852441386834789
 -0.26509898361000000   0.59852728715023025
 -0.26509098361000000   0.59853016353493459
 -0.26508298361000000   0.59853304317021990
 -0.26507498361000000   0.59853592619740220
 -0.26506698361000000   0.59853881274979529
 -0.26505898361000000   0.59854170295117911
 -0.26505098361000000   0.59854459691430784
 -0.26504298361000000   0.59854749473947023
 -0.26503498361000000   0.59855039651311324
 -0.26502698361000000   0.59855330230654196
 -0.26501898361000000   0.59855621217470687
 -0.26501098361000000   0.59855912615509015
 -0.26500298361000000   0.59856204426670180
 -0.26499498361000000   0.59856496650919657
 -0.26498698361000000   0.59856789286212097
 -0.26497898361000000   0.59857082328430026
 -0.26497098361000000   0.59857375771337287
 -0.26496298361000000   0.59857669606548054
 -0.26495498361000000   0.59857963823511955
 -0.26494698361000000   0.59858258409515845
 -0.26493898361000000   0.59858553349702612
 -0.26493098361000000   0.59858848627107179
 -0.26492298361000000   0.59859144222709847
 -0.26491498361000000   0.59859440115506834
 -0.26490698361000000   0.59859736282597761
 -0.26489898361000000   0.59860032699289715
 -0.26489098361000000   0.59860329339217188
 -0.26488298361000000   0.59860626174477261
 -0.26487498361000000   0.59860923175778960
 -0.26486698361000000   0.59861220312605790
 -0.26485898361000000   0.59861517553390181
 -0.26485098361000000   0.59861814865698408
 -0.26484298361000000   0.59862112216424524
 -0.26483498361000000   0.59862409571991676
 -0.26482698361000000   0.59862706898559036
 -0.26481898361000000   0.59863004162232622
 -0.26481098361000000   0.59863301329278098
 -0.26480298361000000   0.59863598366333708
 -0.26479498361000000   0.59863895240621457
 -0.26478698361000000   0.59864191920154658
 -0.26477898361000000   0.59864488373939998
 -0.26477098361000000   0.59864784572172373
 -0.26476298361000000   0.59865080486420767
 -0.26475498361000000   0.59865376089803571
 -0.26474698361000000   0.59865671357151886
 -0.26473898361000000   0.59865966265159404
 -0.26473098361000000   0.59866260792517701
 -0.26472298361000000   0.59866554920035812
 -0.26471498361000000   0.59866848630743249
 -0.26470698361000000   0.59867141909975678
 -0.26469898361000000   0.59867434745442715
 -0.26469098361000000   0.59867727127277353
 -0.26468298361000000   0.59868019048066902
 -0.26467498361000000   0.59868310502865259
 -0.26466698361000000   0.59868601489186625
 -0.26465898361000000   0.59868892006980877
 -0.26465098361000000   0.59869182058590965
 -0.26464298361000000   0.59869471648692837
 -0.26463498361000000   0.59869760784218471
 -0.26462698361000000   0.59870049474262758
 -0.26461898361000000   0.59870337729975050
 -0.26461098361000000   0.59870625564436310
 -0.26460298361000000   0.59870912992522799
 -0.26459498361000000   0.59871200030757406
 -0.26458698361000000   0.59871486697149716
 -0.26457898361000000   0.59871773011026017
 -0.26457098361000000   0.59872058992850412
 -0.26456298361000000   0.59872344664038368
 -0.26455498361000000   0.59872630046763894
 -0.26454698361000000   0.59872915163761779
 -0.26453898361000000   0.59873200038126105
 -0.26453098361000000   0.59873484693106524
 -0.26452298361000000   0.59873769151903545
 -0.26451498361000000   0.59874053437464300
 -0.26450698361000000   0.59874337572280145
 -0.26449898361000000   0.59874621578187505
 -0.26449098361000000   0.59874905476173312
 -0.26448298361000000   0.59875189286186477
 -0.26447498361000000   0.59875473026956743
 -0.26446698361000000   0.59875756715822250
 -0.26445898361000000   0.59876040368567193
 -0.26445098361000000   0.59876323999270835
 -0.26444298361000000   0.59876607620169151
 -0.26443498361000000   0.59876891241530284
 -0.26442698361000000   0.59877174871544982
 -0.26441898361000000   0.59877458516233085
 -0.26441098361000000   0.59877742179367026
 -0.26440298361000000   0.59878025862413232
 -0.26439498361000000   0.59878309564492217
 -0.26438698361000000   0.59878593282357994
 -0.26437898361000000   0.59878877010397321
 -0.26437098361000000   0.59879160740649108
 -0.26436298361000000   0.59879444462844235
 -0.26435498361000000   0.59879728164465726
 -0.26434698361000000   0.59880011830829156
 -0.26433898361000000   0.59880295445182945
 -0.26433098361000000   0.59880578988827932
 -0.26432298361000000   0.59880862441255568
 -0.26431498361000000   0.59881145780303691
 -0.26430698361000000   0.59881428982328844
 -0.26429898361000000   0.59881712022393747
 -0.26429098361000000   0.59881994874468475
 -0.26428298361000000   0.59882277511643683
 -0.26427498361000000   0.59882559906354067
 -0.26426698361000000   0.59882842030610173
 -0.26425898361000000   0.59883123856236489
 -0.26425098361000000   0.59883405355113779
 -0.26424298361000000   0.59883686499423432
 -0.26423498361000000   0.59883967261891657
 -0.26422698361000000   0.59884247616031403
 -0.26421898361000000   0.59884527536379732
 -0.26421098361000000   0.59884806998728596
 -0.26420298361000000   0.59885085980346970
 -0.26419498361000000   0.59885364460192398
 -0.26418698361000000   0.59885642419110103
 -0.26417898361000000   0.59885919840018030
 -0.26417098361000000   0.59886196708076237
 -0.26416298361000000   0.59886473010839344
 -0.26415498361000000   0.59886748738390771
 -0.26414698361000000   0.59887023883457843
 -0.26413898361000000   0.59887298441506907
 -0.26413098361000000   0.59887572410817866
 -0.26412298361000000   0.59887845792537660
 -0.26411498361000000   0.59888118590712487
 -0.26410698361000000   0.59888390812298636
 -0.26409898361000000   0.59888662467152055
 -0.26409098361000000   0.59888933567996861
 -0.26408298361000000   0.59889204130373199
 -0.26407498361000000   0.59889474172564968
 -0.26406698361000000   0.59889743715508002
 -0.26405898361000000   0.59890012782679520
 -0.26405098361000000   0.59890281399969577
 -0.26404298361000000   0.59890549595535541
 -0.26403498361000000   0.59890817399640479
 -0.26402698361000000   0.59891084844476585
 -0.26401898361000000   0.59891351963974658
 -0.26401098361000000   0.59891618793600889
 -0.26400298361000000   0.59891885370142052
 -0.26399498361000000   0.59892151731480371
 -0.26398698361000000   0.59892417916359318
 -0.26397898361000000   0.59892683964141665
 -0.26397098361000000   0.59892949914561054
 -0.26396298361000000   0.59893215807468540
 -0.26395498361000000   0.59893481682575430
 -0.26394698361000000   0.59893747579193919
 -0.26393898361000000   0.59894013535976950
 -0.26393098361000000   0.59894279590658876
 -0.26392298361000000   0.59894545779798437
 -0.26391498361000000   0.59894812138525693
 -0.26390698361000000   0.59895078700294543
 -0.26389898361000000   0.59895345496642549
 -0.26389098361000000   0.59895612556959741
 -0.26388298361000000   0.59895879908268248
 -0.26387498361000000   0.59896147575014420
 -0.26386698361000000   0.59896415578875345
 -0.26385898361000000   0.59896683938581475
 -0.26385098361000000   0.59896952669757173
 -0.26384298361000000   0.59897221784780906
 -0.26383498361000000   0.59897491292666746
 -0.26382698361000000   0.59897761198968807
 -0.26381898361000000   0.59898031505710106
 -0.26381098361000000   0.59898302211337169
 -0.26380298361000000   0.59898573310701638
 -0.26379498361000000   0.59898844795069830
 -0.26378698361000000   0.59899116652161117
 -0.26377898361000000   0.59899388866215577
 -0.26377098361000000   0.59899661418091273
 -0.26376298361000000   0.59899934285391140
 -0.26375498361000000   0.59900207442619115
 -0.26374698361000000   0.59900480861364912
 -0.26373898361000000   0.59900754510516470
 -0.26373098361000000   0.59901028356498691
 -0.26372298361000000   0.59901302363536933
 -0.26371498361000000   0.59901576493943175
 -0.26370698361000000   0.59901850708422671
 -0.26369898361000000   0.59902124966398444
 -0.26369098361000000   0.59902399226350886
 -0.26368298361000000   0.59902673446169345
 -0.26367498361000000   0.59902947583512508
 -0.26366698361000000   0.59903221596174235
 -0.26365898361000000   0.59903495442451339
 -0.26365098361000000   0.59903769081509880
 -0.26364298361000000   0.59904042473746408
 -0.26363498361000000   0.59904315581140808
 -0.26362698361000000   0.59904588367597353
 -0.26361898361000000   0.59904860799270826
 -0.26361098361000000   0.59905132844874749
 -0.26360298361000000   0.59905404475968891
 -0.26359498361000000   0.59905675667223670
 -0.26358698361000000   0.59905946396659149
 -0.26357898361000000   0.59906216645856761
 -0.26357098361000000   0.59906486400142170
 -0.26356298361000000   0.59906755648737995
 -0.26355498361000000   0.59907024384885393
 -0.26354698361000000   0.59907292605933947
 -0.26353898361000000   0.59907560313399440
 -0.26353098361000000   0.59907827512989449
 -0.26352298361000000   0.59908094214596997
 -0.26351498361000000   0.59908360432262668
 -0.26350698361000000   0.59908626184105841
 -0.26349898361000000   0.59908891492225888
 -0.26349098361000000   0.59909156382574316
 -0.26348298361000000   0.59909420884799022
 -0.26347498361000000   0.59909685032061901
 -0.26346698361000000   0.59909948860831150
 -0.26345898361000000   0.59910212410649708
 -0.26345098361000000   0.59910475723881303
 -0.26344298361000000   0.59910738845435650
 -0.26343498361000000   0.59911001822474364
 -0.26342698361000000   0.59911264704099187
 -0.26341898361000000   0.59911527541024183
 -0.26341098361000000   0.59911790385233535
 -0.26340298361000000   0.59912053289626700
 -0.26339498361000000   0.59912316307652611
 -0.26338698361000000   0.59912579492934806
 -0.26337898361000000   0.59912842898889264
 -0.26337098361000000   0.59913106578336970
 -0.26336298361000000   0.59913370583113233
 -0.26335498361000000   0.59913634963675861
 -0.26334698361000000   0.59913899768714503
 -0.26333898361000000   0.59914165044763516
 -0.26333098361000000   0.59914430835820875
 -0.26332298361000000   0.59914697182975808
 -0.26331498361000000   0.59914964124047940
 -0.26330698361000000   0.59915231693240841
 -0.26329898361000000   0.59915499920813130
 -0.26329098361000000   0.59915768832770162
 -0.26328298361000000   0.59916038450579669
 -0.26327498361000000   0.59916308790914567
 -0.26326698361000000   0.59916579865426277
 -0.26325898361000000   0.59916851680551831
 -0.26325098361000000   0.59917124237357965
 -0.26324298361000000   0.59917397531425248
 -0.26323498361000000   0.59917671552775117
 -0.26322698361000000   0.59917946285842371
 -0.26321898361000000   0.59918221709495422
 -0.26321098361000000   0.59918497797106079
 -0.26320298361000000   0.59918774516670289
 -0.26319498361000000   0.59919051830980597
 -0.26318698361000000   0.59919329697850616
 -0.26317898361000000   0.59919608070391047
 -0.26317098361000000   0.59919886897336176
 -0.26316298361000000   0.59920166123419072
 -0.26315498361000000   0.59920445689792946
 -0.26314698361000000   0.59920725534495494
 -0.26313898361000000   0.59921005592952341
 -0.26313098361000000   0.59921285798515055
 -0.26312298361000000   0.59921566083028661
 -0.26311498361000000   0.59921846377423068
 -0.26310698361000000   0.59922126612322401
 -0.26309898361000000   0.59922406718665929
 -0.26309098361000000   0.59922686628334137
 -0.26308298361000000   0.59922966274773241
 -0.26307498361000000   0.59923245593611720
 -0.26306698361000000   0.59923524523262344
 -0.26305898361000000   0.59923803005503610
 -0.26305098361000000   0.59924080986034738
 -0.26304298361000000   0.59924358414998874
 -0.26303498361000000   0.59924635247469710
 -0.26302698361000000   0.59924911443897192
 -0.26301898361000000   0.59925186970508740
 -0.26301098361000000   0.59925461799662968
 -0.26300298361000000   0.59925735910153588
 -0.26299498361000000   0.59926009287461810
 -0.26298698361000000   0.59926281923956218
 -0.26297898361000000   0.59926553819039614
 -0.26297098361000000   0.59926824979242939
 -0.26296298361000000   0.59927095418266833
 -0.26295498361000000   0.59927365156971814
 -0.26294698361000000   0.59927634223318384
 -0.26293898361000000   0.59927902652258720
 -0.26293098361000000   0.59928170485581736
 -0.26292298361000000   0.59928437771713503
 -0.26291498361000000   0.59928704565475099
 -0.26290698361000000   0.59928970927799915
 -0.26289898361000000   0.59929236925412532
 -0.26289098361000000   0.59929502630471161
 -0.26288298361000000   0.59929768120175494
 -0.26287498361000000   0.59930033476341838
 -0.26286698361000000   0.59930298784947148
 -0.26285898361000000   0.59930564135643507
 -0.26285098361000000   0.59930829621244498
 -0.26284298361000000   0.59931095337184799
 -0.26283498361000000   0.59931361380954242
 -0.26282698361000000   0.59931627851507608
 -0.26281898361000000   0.59931894848651387
 -0.26281098361000000   0.59932162472408852
 -0.26280298361000000   0.59932430822364891
 -0.26279498361000000   0.59932699996992287
 -0.26278698361000000   0.59932970092961349
 -0.26277898361000000   0.59933241204435220
 -0.26277098361000000   0.59933513422353516
 -0.26276298361000000   0.59933786833707552
 -0.26275498361000000   0.59934061520810849
 -0.26274698361000000   0.59934337560569376
 -0.26273898361000000   0.59934615023756523
 -0.26273098361000000   0.59934893974298642
 -0.26272298361000000   0.59935174468577622
 -0.26271498361000000   0.59935456554757758
 -0.26270698361000000   0.59935740272144914
 -0.26269898361000000   0.59936025650586523
 -0.26269098361000000   0.59936312709921645
 -0.26268298361000000   0.59936601459490770
 -0.26267498361000000   0.59936891897715194
 -0.26266698361000000   0.59937184011756140
 -0.26265898361000000   0.59937477777263461
 -0.26265098361000000   0.59937773158223572
 -0.26264298361000000   0.59938070106915504
 -0.26263498361000000   0.59938368563983111
 -0.26262698361000000   0.59938668458630209
 -0.26261898361000000   0.59938969708943861
 -0.26261098361000000   0.59939272222349326
 -0.26260298361000000   0.59939575896197960
 -0.26259498361000000   0.59939880618487283
 -0.26258698361000000   0.59940186268709856
 -0.26257898361000000   0.59940492718825201
 -0.26257098361000000   0.59940799834346491
 -0.26256298361000000   0.59941107475531175
 -0.26255498361000000   0.59941415498662679
 -0.26254698361000000   0.59941723757408051
 -0.26253898361000000   0.59942032104234799
 -0.26253098361000000   0.59942340391868935
 -0.26252298361000000   0.59942648474775122
 -0.26251498361000000   0.59942956210639699
 -0.26250698361000000   0.59943263461837095
 -0.26249898361000000   0.59943570096860955
 -0.26249098361000000   0.59943875991702126
 -0.26248298361000000   0.59944181031157147
 -0.26247498361000000   0.59944485110052533
 -0.26246698361000000   0.59944788134372320
 -0.26245898361000000   0.59945090022278415
 -0.26245098361000000   0.59945390705015720
 -0.26244298361000000   0.59945690127696364
 -0.26243498361000000   0.59945988249959596
 -0.26242698361000000   0.59946285046506200
 -0.26241898361000000   0.59946580507508171
 -0.26241098361000000   0.59946874638896209
 -0.26240298361000000   0.59947167462529005
 -0.26239498361000000   0.59947459016249432
 -0.26238698361000000   0.59947749353833632
 -0.26237898361000000   0.59948038544839437
 -0.26237098361000000   0.59948326674360768
 -0.26236298361000000   0.59948613842694514
 -0.26235498361000000   0.59948900164926011
 -0.26234698361000000   0.59949185770438612
 -0.26233898361000000   0.59949470802351879
 -0.26233098361000000   0.59949755416892042
 -0.26232298361000000   0.59950039782696985
 -0.26231498361000000   0.59950324080056852
 -0.26230698361000000   0.59950608500089947
 -0.26229898361000000   0.59950893243852116
 -0.26229098361000000   0.59951178521376502
 -0.26228298361000000   0.59951464550639112
 -0.26227498361000000   0.59951751556444337
 -0.26226698361000000   0.59952039769223489
 -0.26225898361000000   0.59952329423738417
 -0.26225098361000000   0.59952620757681516
 -0.26224298361000000   0.59952914010163067
 -0.26223498361000000   0.59953209420076843
 -0.26222698361000000   0.59953507224335353
 -0.26221898361000000   0.59953807655967042
 -0.26221098361000000   0.59954110942069486
 -0.26220298361000000   0.59954417301615064
 -0.26219498361000000   0.59954726943108662
 -0.26218698361000000   0.59955040062101369
 -0.26217898361000000   0.59955356838569029
 -0.26217098361000000   0.59955677434170943
 -0.26216298361000000   0.59956001989411012
 -0.26215498361000000   0.59956330620731870
 -0.26214698361000000   0.59956663417581439
 -0.26213898361000000   0.59957000439500939
 -0.26213098361000000   0.59957341713292973
 -0.26212298361000000   0.59957687230338094
 -0.26211498361000000   0.59958036944136754
 -0.26210698361000000   0.59958390768161155
 -0.26209898361000000   0.59958748574106586
 -0.26209098361000000   0.59959110190634214
 -0.26208298361000000   0.59959475402696016
 -0.26207498361000000   0.59959843951526962
 -0.26206698361000000   0.59960215535379270
 -0.26205898361000000   0.59960589811058371
 -0.26205098361000000   0.59960966396300238
 -0.26204298361000000   0.59961344873005231
 -0.26203498361000000   0.59961724791316289
 -0.26202698361000000   0.59962105674499109
 -0.26201898361000000   0.59962487024552206
 -0.26201098361000000   0.59962868328445541
 -0.26200298361000000   0.59963249064861401
 -0.26199498361000000   0.59963628711290599
 -0.26198698361000000   0.59964006751323511
 -0.26197898361000000   0.59964382681969728
 -0.26197098361000000   0.59964756020842176
 -0.26196298361000000   0.59965126313052443
 -0.26195498361000000   0.59965493137681833
 -0.26194698361000000   0.59965856113717316
 -0.26193898361000000   0.59966214905370463
 -0.26193098361000000   0.59966569226729652
 -0.26192298361000000   0.59966918845728858
 -0.26191498361000000   0.59967263587448916
 -0.26190698361000000   0.59967603336797539
 -0.26189898361000000   0.59967938040641568
 -0.26189098361000000   0.59968267709488472
 -0.26188298361000000   0.59968592418833408
 -0.26187498361000000   0.59968912310303703
 -0.26186698361000000   0.59969227592744889
 -0.26185898361000000   0.59969538543401824
 -0.26185098361000000   0.59969845509356718
 -0.26184298361000000   0.59970148909393288
 -0.26183498361000000   0.59970449236464712
 -0.26182698361000000   0.59970747060953302
 -0.26181898361000000   0.59971043034923193
 -0.26181098361000000   0.59971337897585155
 -0.26180298361000000   0.59971632482215681
 -0.26179498361000000   0.59971927724801928
 -0.26178698361000000   0.59972224674720630
 -0.26177898361000000   0.59972524507802744
 -0.26177098361000000   0.59972828542186301
 -0.26176298361000000   0.59973138257415226
 -0.26175498361000000   0.59973455317298075
 -0.26174698361000000   0.59973781597088821
 -0.26173898361000000   0.59974119215576738
 -0.26173098361000000   0.59974470572647592
 -0.26172298361000000   0.59974838392757745
 -0.26171498361000000   0.59975225774471134
 -0.26170698361000000   0.59975636245623974
 -0.26169898361000000   0.59976073822607947
 -0.26169098361000000   0.59976543070399090
 -0.26168298361000000   0.59977049156859107
 -0.26167498361000000   0.59977597889872205
 -0.26166698361000000   0.59978195718265934
 -0.26165898361000000   0.59978849666408541
 -0.26165098361000000   0.59979567157589173
 -0.26164298361000000   0.59980355664161216
 -0.26163498361000000   0.59981222108288716
 -0.26162698361000000   0.59982171938590972
 -0.26161898361000000   0.59983207847698200
 -0.26161098361000000   0.59984328203026835
 -0.26160298361000000   0.59985525453988747
 -0.26159498361000000   0.59986785013232403
 -0.26158698361000000   0.59988085248910965
 -0.26157898361000000   0.59989399066540337
 -0.26157098361000000   0.59990697011070469
 -0.26156298361000000   0.59991951107885792
 -0.26155498361000000   0.59993138264104075
 -0.26154698361000000   0.59994242282212821
 -0.26153898361000000   0.59995254216276086
 -0.26153098361000000   0.59996171441864701
 -0.26152298361000000   0.59996996084203026
 -0.26151498361000000   0.59997733369277033
 -0.26150698361000000   0.59998390229064949
 -0.26149898361000000   0.59998974275414793
 -0.26149098361000000   0.59999493124216245
 -0.26148298361000000   0.59999953996128142
 -0.26147498361000000   0.60000363512124509
 -0.26146698361000000   0.60000727615088379
 -0.26145898361000000   0.60001051566903239
 -0.26145098361000000   0.60001339986907749
 -0.26144298361000000   0.60001596910072908
 -0.26143498361000000   0.60001825851929101
 -0.26142698361000000   0.60002029872930399
 -0.26141898361000000   0.60002211638473020
 -0.26141098361000000   0.60002373472897284
 -0.26140298361000000   0.60002517407011667
 -0.26139498361000000   0.60002645219330464
 -0.26138698361000000   0.60002758471536488
 -0.26137898361000000   0.60002858538808146
 -0.26137098361000000   0.60002946635671082
 -0.26136298361000000   0.60003023838000414
 -0.26135498361000000   0.60003091101739625
 -0.26134698361000000   0.60003149278833774
 -0.26133898361000000   0.60003199130806559
 -0.26133098361000000   0.60003241340347810
 -0.26132298361000000   0.60003276521221663
 -0.26131498361000000   0.60003305226756902
 -0.26130698361000000   0.60003327957139106
 -0.26129898361000000   0.60003345165688830
 -0.26129098361000000   0.60003357264280327
 -0.26128298361000000   0.60003364628030297
 -0.26127498361000000   0.60003367599365428
 -0.26126698361000000   0.60003366491560090
 -0.26125898361000000   0.60003361591821061
 -0.26125098361000000   0.60003353163984142
 -0.26124298361000000   0.60003341450877426
 -0.26123498361000000   0.60003326676397603
 -0.26122698361000000   0.60003309047338622
 -0.26121898361000000   0.60003288755006188
 -0.26121098361000000   0.60003265976646568
 -0.26120298361000000   0.60003240876714089
 -0.26119498361000000   0.60003213607998131
 -0.26118698361000000   0.60003184312627536
 -0.26117898361000000   0.60003153122967784
 -0.26117098361000000   0.60003120162424190
 -0.26116298361000000   0.60003085546162583
 -0.26115498361000000   0.60003049381757341
 -0.26114698361000000   0.60003011769775410
 -0.26113898361000000   0.60002972804303723
 -0.26113098361000000   0.60002932573426578
 -0.26112298361000000   0.60002891159658590
 -0.26111498361000000   0.60002848640338205
 -0.26110698361000000   0.60002805087986118
 -0.26109898361000000   0.60002760570632377
 -0.26109098361000000   0.60002715152115561
 -0.26108298361000000   0.60002668892356931
 -0.26107498361000000   0.60002621847612201
 -0.26106698361000000   0.60002574070703189
 -0.26105898361000000   0.60002525611231395
 -0.26105098361000000   0.60002476515775303
 -0.26104298361000000   0.60002426828073002
 -0.26103498361000000   0.60002376589191560
 -0.26102698361000000   0.60002325837684397
 -0.26101898361000000   0.60002274609737801
 -0.26101098361000000   0.60002222939307574
 -0.26100298361000000   0.60002170858246755
 -0.26099498361000000   0.60002118396425153
 -0.26098698361000000   0.60002065581841507
 -0.26097898361000000   0.60002012440728837
 -0.26097098361000000   0.60001958997653632
 -0.26096298361000000   0.60001905275609388
 -0.26095498361000000   0.60001851296104952
 -0.26094698361000000   0.60001797079248151
 -0.26093898361000000   0.60001742643825043
 -0.26093098361000000   0.60001688007375195
 -0.26092298361000000   0.60001633186263287
 -0.26091498361000000   0.60001578195747339
 -0.26090698361000000   0.60001523050043837
 -0.26089898361000000   0.60001467762390009
 -0.26089098361000000   0.60001412345103473
 -0.26088298361000000   0.60001356809639466
 -0.26087498361000000   0.60001301166645851
 -0.26086698361000000   0.60001245426016082
 -0.26085898361000000   0.60001189596940285
 -0.26085098361000000   0.60001133687954623
 -0.26084298361000000   0.60001077706989082
 -0.26083498361000000   0.60001021661413799
 -0.26082698361000000   0.60000965558084099
 -0.26081898361000000   0.60000909403384314
 -0.26081098361000000   0.60000853203270528
 -0.26080298361000000   0.60000796963312349
 -0.26079498361000000   0.60000740688733801
 -0.26078698361000000   0.60000684384453458
 -0.26077898361000000   0.60000628055123879
 -0.26077098361000000   0.60000571705170466
 -0.26076298361000000   0.60000515338829833
 -0.26075498361000000   0.60000458960187741
 -0.26074698361000000   0.60000402573216723
 -0.26073898361000000   0.60000346181813455
 -0.26073098361000000   0.60000289789835965
 -0.26072298361000000   0.60000233401140759
 -0.26071498361000000   0.60000177019619951
 -0.26070698361000000   0.60000120649238459
 -0.26069898361000000   0.60000064294071371
 -0.26069098361000000   0.60000007958341555
 -0.26068298361000000   0.59999951646457580
 -0.26067498361000000   0.59999895363052061
 -0.26066698361000000   0.59999839113020482
 -0.26065898361000000   0.59999782901560622
 -0.26065098361000000   0.59999726734212639
 -0.26064298361000000   0.59999670616899934
 -0.26063498361000000   0.59999614555970876
 -0.26062698361000000   0.59999558558241506
 -0.26061898361000000   0.59999502631039310
 -0.26061098361000000   0.59999446782248190
 -0.26060298361000000   0.59999391020354744
 -0.26059498361000000   0.59999335354495989
 -0.26058698361000000   0.59999279794508660
 -0.26057898361000000   0.59999224350980204
 -0.26057098361000000   0.59999169035301682
 -0.26056298361000000   0.59999113859722684
 -0.26055498361000000   0.59999058837408468
 -0.26054698361000000   0.59999003982499505
 -0.26053898361000000   0.59998949310173644
 -0.26053098361000000   0.59998894836711125
 -0.26052298361000000   0.59998840579562676
 -0.26051498361000000   0.59998786557420972
 -0.26050698361000000   0.59998732790295749
 -0.26049898361000000   0.59998679299592895
 -0.26049098361000000   0.59998626108197864
 -0.26048298361000000   0.59998573240563827
 -0.26047498361000000   0.59998520722804948
 -0.26046698361000000   0.59998468582795300
 -0.26045898361000000   0.59998416850273917
 -0.26045098361000000   0.59998365556956590
 -0.26044298361000000   0.59998314736655012
 -0.26043498361000000   0.59998264425404036
 -0.26042698361000000   0.59998214661597810
 -0.26041898361000000   0.59998165486135700
 -0.26041098361000000   0.59998116942578980
 -0.26040298361000000   0.59998069077319423
 -0.26039498361000000   0.59998021939761030
 -0.26038698361000000   0.59997975582516296
 -0.26037898361000000   0.59997930061618608
 -0.26037098361000000   0.59997885436752521
 -0.26036298361000000   0.59997841771503942
 -0.26035498361000000   0.59997799133632476
 -0.26034698361000000   0.59997757595368480
 -0.26033898361000000   0.59997717233737750
 -0.26033098361000000   0.59997678130917114
 -0.26032298361000000   0.59997640374624698
 -0.26031498361000000   0.59997604058549114
 -0.26030698361000000   0.59997569282822456
 -0.26029898361000000   0.59997536154542671
 -0.26029098361000000   0.59997504788351708
 -0.26028298361000000   0.59997475307076722
 -0.26027498361000000   0.59997447842442836
 -0.26026698361000000   0.59997422535867106
 -0.26025898361000000   0.59997399539344963
 -0.26025098361000000   0.59997379016442078
 -0.26024298361000000   0.59997361143406732
 -0.26023498361000000   0.59997346110420185
 -0.26022698361000000   0.59997334123005448
 -0.26021898361000000   0.59997325403618229
 -0.26021098361000000   0.59997320193447964
 -0.26020298361000000   0.59997318754461536
 -0.26019498361000000   0.59997321371728101
 -0.26018698361000000   0.59997328356070253
 -0.26017898361000000   0.59997340047094861
 -0.26017098361000000   0.59997356816666721
 -0.26016298361000000   0.59997379072899847
 -0.26015498361000000   0.59997407264755137
 -0.26014698361000000   0.59997441887350053
 -0.26013898361000000   0.59997483488105901
 -0.26013098361000000   0.59997532673882373
 -0.26012298361000000   0.59997590119277669
 -0.26011498361000000   0.59997656576306424
 -0.26010698361000000   0.59997732885707746
 -0.26009898361000000   0.59997819990182345
 -0.26009098361000000   0.59997918949911174
 -0.26008298361000000   0.59998030960767821
 -0.26007498361000000   0.59998157375700948
 -0.26006698361000000   0.59998299729826855
 -0.26005898361000000   0.59998459769826885
 -0.26005098361000000   0.59998639488272989
 -0.26004298361000000   0.59998841163478595
 -0.26003498361000000   0.59999067405340696
 -0.26002698361000000   0.59999321207320007
 -0.26001898361000000   0.59999606004063672
 -0.26001098361000000   0.59999925732993724
 -0.26000298361000000   0.60000284896131714
 -0.25999498360999999   0.60000688615013139
 -0.25998698360999999   0.60001142666082959
 -0.25997898360999999   0.60001653475618523
 -0.25997098360999999   0.60002228041221706
 -0.25996298360999999   0.60002873731170284
 -0.25995498360999999   0.60003597895441400
 -0.25994698360999999   0.60004407209748830
 -0.25993898360999999   0.60005306681459551
 -0.25993098360999999   0.60006298299059730
 -0.25992298360999999   0.60007379433999394
 -0.25991498360999999   0.60008541312137914
 -0.25990698360999999   0.60009768099136446
 -0.25989898360999999   0.60011037226962272
 -0.25989098360999999   0.60012321332735717
 -0.25988298360999999   0.60013591564353277
 -0.25987498360999999   0.60014821341141716
 -0.25986698360999999   0.60015989415538663
 -0.25985898360999999   0.60017081454488231
 -0.25985098360999999   0.60018090054161619
 -0.25984298360999999   0.60019013648742460
 -0.25983498360999999   0.60019854940714795
 -0.25982698360999999   0.60020619348335009
 -0.25981898360999999   0.60021313734979269
 -0.25981098360999999   0.60021945494490969
 -0.25980298360999999   0.60022521958678050
 -0.25979498360999999   0.60023050052785663
 -0.25978698360999999   0.60023536123018529
 -0.25977898360999999   0.60023985874243854
 -0.25977098360999999   0.60024404373132115
 -0.25976298360999999   0.60024796086791338
 -0.25975498360999999   0.60025164938005580
 -0.25974698360999999   0.60025514365788324
 -0.25973898360999999   0.60025847384901977
 -0.25973098360999999   0.60026166641070320
 -0.25972298360999999   0.60026474460451183
 -0.25971498360999999   0.60026772892990720
 -0.25970698360999999   0.60027063749850150
 -0.25969898360999999   0.60027348635375329
 -0.25969098360999999   0.60027628974190748
 -0.25968298360999999   0.60027906034017855
 -0.25967498360999999   0.60028180944787491
 -0.25966698360999999   0.60028454714564161
 -0.25965898360999999   0.60028728242740780
 -0.25965098360999999   0.60029002330904508
 -0.25964298360999999   0.60029277691721456
 -0.25963498360999999   0.60029554956142016
 -0.25962698360999999   0.60029834679189854
 -0.25961898360999999   0.60030117344565987
 -0.25961098360999999   0.60030403368273757
 -0.25960298360999999   0.60030693101450600
 -0.25959498360999999   0.60030986832576732
 -0.25958698360999999   0.60031284789218643
 -0.25957898360999999   0.60031587139455387
 -0.25957098360999999   0.60031893993127140
 -0.25956298360999999   0.60032205403037264
 -0.25955498360999999   0.60032521366230656
 -0.25954698360999999   0.60032841825461015
 -0.25953898360999999   0.60033166670947816
 -0.25953098360999999   0.60033495742509358
 -0.25952298360999999   0.60033828832140994
 -0.25951498360999999   0.60034165687087933
 -0.25950698360999999   0.60034506013439458
 -0.25949898360999999   0.60034849480247591
 -0.25949098360999999   0.60035195724147983
 -0.25948298360999999   0.60035544354436097
 -0.25947498360999999   0.60035894958528416
 -0.25946698360999999   0.60036247107717669
 -0.25945898360999999   0.60036600363114409
 -0.25945098360999999   0.60036954281655603
 -0.25944298360999999   0.60037308422054572
 -0.25943498360999999   0.60037662350566693
 -0.25942698360999999   0.60038015646450796
 -0.25941898360999999   0.60038367907017541
 -0.25941098360999999   0.60038718752171546
 -0.25940298360999999   0.60039067828373306
 -0.25939498360999999   0.60039414811968220
 -0.25938698360999999   0.60039759411852193
 -0.25937898360999999   0.60040101371464968
 -0.25937098360999999   0.60040440470122606
 -0.25936298360999999   0.60040776523718320
 -0.25935498360999999   0.60041109384835476
 -0.25934698360999999   0.60041438942328103
 -0.25933898360999999   0.60041765120432010
 -0.25933098360999999   0.60042087877474093
 -0.25932298360999999   0.60042407204248954
 -0.25931498360999999   0.60042723122130607
 -0.25930698360999999   0.60043035680983877
 -0.25929898360999999   0.60043344956934966
 -0.25929098360999999   0.60043651050054636
 -0.25928298360999999   0.60043954082000686
 -0.25927498360999999   0.60044254193659275
 -0.25926698360999999   0.60044551542817715
 -0.25925898360999999   0.60044846301894649
 -0.25925098360999999   0.60045138655747321
 -0.25924298360999999   0.60045428799570070
 -0.25923498360999999   0.60045716936893331
 -0.25922698360999999   0.60046003277688266
 -0.25921898360999999   0.60046288036578646
 -0.25921098360999999   0.60046571431158927
 -0.25920298360999999   0.60046853680415310
 -0.25919498360999999   0.60047135003244954
 -0.25918698360999999   0.60047415617067667
 -0.25917898360999999   0.60047695736523595
 -0.25917098360999999   0.60047975572250472
 -0.25916298360999999   0.60048255329733986
 -0.25915498360999999   0.60048535208225328
 -0.25914698360999999   0.60048815399720674
 -0.25913898360999999   0.60049096087998146
 -0.25913098360999999   0.60049377447708860
 -0.25912298360999999   0.60049659643519706
 -0.25911498360999999   0.60049942829306821
 -0.25910698360999999   0.60050227147399735
 -0.25909898360999999   0.60050512727877647
 -0.25909098360999999   0.60050799687920195
 -0.25908298360999999   0.60051088131216549
 -0.25907498360999999   0.60051378147437403
 -0.25906698360999999   0.60051669811775538
 -0.25905898360999999   0.60051963184561332
 -0.25905098360999999   0.60052258310960122
 -0.25904298360999999   0.60052555220758647
 -0.25903498360999999   0.60052853928247944
 -0.25902698360999999   0.60053154432209726
 -0.25901898360999999   0.60053456716012893
 -0.25901098360999999   0.60053760747825916
 -0.25900298360999999   0.60054066480949758
 -0.25899498360999999   0.60054373854274488
 -0.25898698360999999   0.60054682792861255
 -0.25897898360999999   0.60054993208649017
 -0.25897098360999999   0.60055305001283648
 -0.25896298360999999   0.60055618059064542
 -0.25895498360999999   0.60055932260001611
 -0.25894698360999999   0.60056247472973241
 -0.25893898360999999   0.60056563558973545
 -0.25893098360999999   0.60056880372435260
 -0.25892298360999999   0.60057197762612706
 -0.25891498360999999   0.60057515575007905
 -0.25890698360999999   0.60057833652821765
 -0.25889898360999999   0.60058151838411525
 -0.25889098360999999   0.60058469974735528
 -0.25888298360999999   0.60058787906766642
 -0.25887498360999999   0.60059105482856064
 -0.25886698360999999   0.60059422556030847
 -0.25885898360999999   0.60059738985209485
 -0.25885098360999999   0.60060054636322097
 -0.25884298360999999   0.60060369383323593
 -0.25883498360999999   0.60060683109090666
 -0.25882698360999999   0.60060995706195599
 -0.25881898360999999   0.60061307077552588
 -0.25881098360999999   0.60061617136934298
 -0.25880298360999999   0.60061925809358856
 -0.25879498360999999   0.60062233031349489
 -0.25878698360999999   0.60062538751070795
 -0.25877898360999999   0.60062842928347387
 -0.25877098360999999   0.60063145534571817
 -0.25876298360999999   0.60063446552509935
 -0.25875498360999999   0.60063745976012485
 -0.25874698360999999   0.60064043809642222
 -0.25873898360999999   0.60064340068226355
 -0.25873098360999999   0.60064634776343800
 -0.25872298360999999   0.60064927967756861
 -0.25871498360999999   0.60065219684796551
 -0.25870698360999999   0.60065509977710269
 -0.25869898360999999   0.60065798903980060
 -0.25869098360999999   0.60066086527619084
 -0.25868298360999999   0.60066372918453208
 -0.25867498360999999   0.60066658151393960
 -0.25866698360999999   0.60066942305708505
 -0.25865898360999999   0.60067225464291521
 -0.25865098360999999   0.60067507712943320
 -0.25864298360999999   0.60067789139657997
 -0.25863498360999999   0.60068069833924837
 -0.25862698360999999   0.60068349886045826
 -0.25861898360999999   0.60068629386471658
 -0.25861098360999999   0.60068908425158385
 -0.25860298360999999   0.60069187090946562
 -0.25859498360999999   0.60069465470964570
 -0.25858698360999999   0.60069743650057676
 -0.25857898360999999   0.60070021710244222
 -0.25857098360999999   0.60070299730200466
 -0.25856298360999999   0.60070577784775415
 -0.25855498360999999   0.60070855944537093
 -0.25854698360999999   0.60071134275351761
 -0.25853898360999999   0.60071412837997623
 -0.25853098360999999   0.60071691687814533
 -0.25852298360999999   0.60071970874391472
 -0.25851498360999999   0.60072250441293326
 -0.25850698360999999   0.60072530425828734
 -0.25849898360999999   0.60072810858860602
 -0.25849098360999999   0.60073091764660886
 -0.25848298360999999   0.60073373160811108
 -0.25847498360999999   0.60073655058149904
 -0.25846698360999999   0.60073937460768718
 -0.25845898360999999   0.60074220366056455
 -0.25845098360999999   0.60074503764793585
 -0.25844298360999999   0.60074787641295855
 -0.25843498360999999   0.60075071973607266
 -0.25842698360999999   0.60075356733741595
 -0.25841898360999999   0.60075641887971122
 -0.25841098360999999   0.60075927397160848
 -0.25840298360999999   0.60076213217145758
 -0.25839498360999999   0.60076499299148324
 -0.25838698360999999   0.60076785590232741
 -0.25837898360999999   0.60077072033792029
 -0.25837098360999999   0.60077358570063505
 -0.25836298360999999   0.60077645136667862
 -0.25835498360999999   0.60077931669166612
 -0.25834698360999999   0.60078218101632447
 -0.25833898360999999   0.60078504367226816
 -0.25833098360999999   0.60078790398778937
 -0.25832298360999999   0.60079076129360480
 -0.25831498360999999   0.60079361492850112
 -0.25830698360999999   0.60079646424482469
 -0.25829898360999999   0.60079930861376164
 -0.25829098360999999   0.60080214743035982
 -0.25828298360999999   0.60080498011824668
 -0.25827498360999999   0.60080780613400341
 -0.25826698360999999   0.60081062497116000
 -0.25825898360999999   0.60081343616378213
 -0.25825098360999999   0.60081623928962687
 -0.25824298360999999   0.60081903397284933
 -0.25823498360999999   0.60082181988625009
 -0.25822698360999999   0.60082459675305736
 -0.25821898360999999   0.60082736434824473
 -0.25821098360999999   0.60083012249938987
 -0.25820298360999999   0.60083287108708479
 -0.25819498360999999   0.60083561004491220
 -0.25818698360999999   0.60083833935900663
 -0.25817898360999999   0.60084105906722157
 -0.25817098360999999   0.60084376925792736
 -0.25816298360999999   0.60084647006846549
 -0.25815498360999999   0.60084916168328750
 -0.25814698360999999   0.60085184433180657
 -0.25813898360999999   0.60085451828599134
 -0.25813098360999999   0.60085718385773100
 -0.25812298360999999   0.60085984139600017
 -0.25811498360999999   0.60086249128385236
 -0.25810698360999999   0.60086513393526881
 -0.25809898360999999   0.60086776979188936
 -0.25809098360999999   0.60087039931965075
 -0.25808298360999999   0.60087302300535501
 -0.25807498360999999   0.60087564135319233
 -0.25806698360999999   0.60087825488123796
 -0.25805898360999999   0.60088086411794415
 -0.25805098360999999   0.60088346959864542
 -0.25804298360999999   0.60088607186209495
 -0.25803498360999999   0.60088867144704879
 -0.25802698360999999   0.60089126888891357
 -0.25801898360999999   0.60089386471647235
 -0.25801098360999999   0.60089645944870365
 -0.25800298360999999   0.60089905359170619
 -0.25799498360999999   0.60090164763574367
 -0.25798698360999999   0.60090424205242177
 -0.25797898360999999   0.60090683729200989
 -0.25797098360999999   0.60090943378092013
 -0.25796298360999999   0.60091203191935507
 -0.25795498360999999   0.60091463207913621
 -0.25794698360999999   0.60091723460172444
 -0.25793898360999999   0.60091983979644320
 -0.25793098360999999   0.60092244793891520
 -0.25792298360999999   0.60092505926972235
 -0.25791498360999999   0.60092767399329830
 -0.25790698360999999   0.60093029227706190
 -0.25789898360999999   0.60093291425079915
 -0.25789098360999999   0.60093554000629938
 -0.25788298360999999   0.60093816959725127
 -0.25787498360999999   0.60094080303940113
 -0.25786698360999999   0.60094344031097554
 -0.25785898360999999   0.60094608135336804
 -0.25785098360999999   0.60094872607208686
 -0.25784298360999999   0.60095137433795984
 -0.25783498360999999   0.60095402598858918
 -0.25782698360999999   0.60095668083004675
 -0.25781898360999999   0.60095933863879861
 -0.25781098360999999   0.60096199916384459
 -0.25780298360999999   0.60096466212905635
 -0.25779498360999999   0.60096732723569597
 -0.25778698360999999   0.60096999416509358
 -0.25777898360999999   0.60097266258146246
 -0.25777098360999999   0.60097533213482681
 -0.25776298360999999   0.60097800246403702
 -0.25775498360999999   0.60098067319984594
 -0.25774698360999999   0.60098334396801857
 -0.25773898360999999   0.60098601439244787
 -0.25773098360999999   0.60098868409824902
 -0.25772298360999999   0.60099135271480465
 -0.25771498360999999   0.60099401987873470
 -0.25770698360999999   0.60099668523676544
 -0.25769898360999999   0.60099934844847328
 -0.25769098360999999   0.60100200918888158
 -0.25768298360999999   0.60100466715088907
 -0.25767498360999999   0.60100732204751262
 -0.25766698360999999   0.60100997361392763
 -0.25765898360999999   0.60101262160929290
 -0.25765098360999999   0.60101526581834915
 -0.25764298360999999   0.60101790605278217
 -0.25763498360999999   0.60102054215234594
 -0.25762698360999999   0.60102317398574142
 -0.25761898360999999   0.60102580145125054
 -0.25761098360999999   0.60102842447712735
 -0.25760298360999999   0.60103104302174915
 -0.25759498360999999   0.60103365707353381
 -0.25758698360999999   0.60103626665063072
 -0.25757898360999999   0.60103887180039424
 -0.25757098360999999   0.60104147259864993
 -0.25756298360999999   0.60104406914876587
 -0.25755498360999999   0.60104666158054086
 -0.25754698360999999   0.60104925004892350
 -0.25753898360999999   0.60105183473257614
 -0.25753098360999999   0.60105441583229772
 -0.25752298360999999   0.60105699356932095
 -0.25751498360999999   0.60105956818349813
 -0.25750698360999999   0.60106213993139099
 -0.25749898360999999   0.60106470908427899
 -0.25749098360999999   0.60106727592610156
 -0.25748298360999999   0.60106984075134770
 -0.25747498360999999   0.60107240386290837
 -0.25746698360999999   0.60107496556990462
 -0.25745898360999999   0.60107752618550580
 -0.25745098360999999   0.60108008602475063
 -0.25744298360999999   0.60108264540238431
 -0.25743498360999999   0.60108520463072417
 -0.25742698360999999   0.60108776401756601
 -0.25741898360999999   0.60109032386414301
 -0.25741098360999999   0.60109288446314868
 -0.25740298360999999   0.60109544609683491
 -0.25739498360999999   0.60109800903519607
 -0.25738698360999999   0.60110057353424913
 -0.25737898360999999   0.60110313983442024
 -0.25737098360999999   0.60110570815904674
 -0.25736298360999999   0.60110827871300409
 -0.25735498360999999   0.60111085168146588
 -0.25734698360999999   0.60111342722880510
 -0.25733898360999999   0.60111600549764357
 -0.25733098360999999   0.60111858660805664
 -0.25732298360999999   0.60112117065693804
 -0.25731498360999999   0.60112375771753093
 -0.25730698360999999   0.60112634783912773
 -0.25729898360999999   0.60112894104694275
 -0.25729098360999999   0.60113153734215853
 -0.25728298360999999   0.60113413670214705
 -0.25727498360999999   0.60113673908086462
 -0.25726698360999999   0.60113934440941869
 -0.25725898360999999   0.60114195259680305
 -0.25725098360999999   0.60114456353079664
 -0.25724298360999999   0.60114717707901981
 -0.25723498360999999   0.60114979309014039
 -0.25722698360999999   0.60115241139522033
 -0.25721898360999999   0.60115503180919318
 -0.25721098360999999   0.60115765413246017
 -0.25720298360999999   0.60116027815259265
 -0.25719498360999999   0.60116290364612676
 -0.25718698360999999   0.60116553038043599
 -0.25717898360999999   0.60116815811566563
 -0.25717098360999999   0.60117078660671354
 -0.25716298360999999   0.60117341560524039
 -0.25715498360999999   0.60117604486169274
 -0.25714698360999999   0.60117867412732199
 -0.25713898360999999   0.60118130315618268
 -0.25713098360999999   0.60118393170709358
 -0.25712298360999999   0.60118655954554589
 -0.25711498360999999   0.60118918644554323
 -0.25710698360999999   0.60119181219135893
 -0.25709898360999999   0.60119443657919785
 -0.25709098360999999   0.60119705941874966
 -0.25708298360999999   0.60119968053462334
 -0.25707498360999999   0.60120229976765280
 -0.25706698360999999   0.60120491697606537
 -0.25705898360999999   0.60120753203650634
 -0.25705098360999999   0.60121014484491448
 -0.25704298360999999   0.60121275531724378
 -0.25703498360999999   0.60121536339002960
 -0.25702698360999999   0.60121796902079792
 -0.25701898360999999   0.60122057218831775
 -0.25701098360999999   0.60122317289269803
 -0.25700298360999999   0.60122577115533252
 -0.25699498360999999   0.60122836701869504
 -0.25698698360999999   0.60123096054599152
 -0.25697898360999999   0.60123355182067306
 -0.25697098360999999   0.60123614094581743
 -0.25696298360999999   0.60123872804338592
 -0.25695498360999999   0.60124131325336318
 -0.25694698360999999   0.60124389673278875
 -0.25693898360999999   0.60124647865468864
 -0.25693098360999999   0.60124905920691590
 -0.25692298360999999   0.60125163859091032
 -0.25691498360999999   0.60125421702038548
 -0.25690698360999999   0.60125679471995367
 -0.25689898360999999   0.60125937192369809
 -0.25689098360999999   0.60126194887370166
 -0.25688298360999999   0.60126452581854239
 -0.25687498360999999   0.60126710301176492
 -0.25686698360999999   0.60126968071033702
 -0.25685898360999999   0.60127225917310147
 -0.25685098360999999   0.60127483865923114
 -0.25684298360999999   0.60127741942669741
 -0.25683498360999999   0.60128000173076010
 -0.25682698360999999   0.60128258582248764
 -0.25681898360999999   0.60128517194731612
 -0.25681098360999999   0.60128776034365490
 -0.25680298360999999   0.60129035124154706
 -0.25679498360999999   0.60129294486139230
 -0.25678698360999999   0.60129554141273948
 -0.25677898360999999   0.60129814109315567
 -0.25677098360999999   0.60130074408717905
 -0.25676298360999999   0.60130335056536089
 -0.25675498360999999   0.60130596068340336
 -0.25674698360999999   0.60130857458139787
 -0.25673898360999999   0.60131119238316950
 -0.25673098360999999   0.60131381419573098
 -0.25672298360999999   0.60131644010885062
 -0.25671498360999999   0.60131907019473680
 -0.25670698360999999   0.60132170450784140
 -0.25669898360999999   0.60132434308478407
 -0.25669098360999999   0.60132698594439757
 -0.25668298360999999   0.60132963308789476
 -0.25667498360999999   0.60133228449915568
 -0.25666698360999999   0.60133494014513352
 -0.25665898360999999   0.60133759997637642
 -0.25665098360999999   0.60134026392766169
 -0.25664298360999999   0.60134293191873765
 -0.25663498360999999   0.60134560385516811
 -0.25662698360999999   0.60134827962927279
 -0.25661898360999999   0.60135095912115676
 -0.25661098360999999   0.60135364219982089
 -0.25660298360999999   0.60135632872434490
 -0.25659498360999999   0.60135901854513332
 -0.25658698360999999   0.60136171150521481
 -0.25657898360999999   0.60136440744158427
 -0.25657098360999999   0.60136710618657711
 -0.25656298360999999   0.60136980756926461
 -0.25655498360999999   0.60137251141685896
 -0.25654698360999999   0.60137521755611718
 -0.25653898360999999   0.60137792581473202
 -0.25653098360999999   0.60138063602269930
 -0.25652298360999999   0.60138334801365073
 -0.25651498360999999   0.60138606162614164
 -0.25650698360999999   0.60138877670488412
 -0.25649898360999999   0.60139149310191542
 -0.25649098360999999   0.60139421067769389
 -0.25648298360999999   0.60139692930211364
 -0.25647498360999999   0.60139964885543129
 -0.25646698360999999   0.60140236922909821
 -0.25645898360999999   0.60140509032649284
 -0.25645098360999999   0.60140781206354836
 -0.25644298360999999   0.60141053436927286
 -0.25643498360999999   0.60141325718615822
 -0.25642698360999999   0.60141598047047672
 -0.25641898360999999   0.60141870419246455
 -0.25641098360999999   0.60142142833639172
 -0.25640298360999999   0.60142415290051985
 -0.25639498360999999   0.60142687789694946
 -0.25638698360999999   0.60142960335135901
 -0.25637898360999999   0.60143232930263922
 -0.25637098360999999   0.60143505580242640
 -0.25636298360999999   0.60143778291453953
 -0.25635498360999999   0.60144051071432594
 -0.25634698360999999   0.60144323928792139
 -0.25633898360999999   0.60144596873143062
 -0.25633098360999999   0.60144869915003469
 -0.25632298360999999   0.60145143065703216
 -0.25631498360999999   0.60145416337282095
 -0.25630698360999999   0.60145689742382852
 -0.25629898360999999   0.60145963294139796
 -0.25629098360999999   0.60146237006063738
 -0.25628298360999999   0.60146510891924085
 -0.25627498360999999   0.60146784965628905
 -0.25626698360999999   0.60147059241103659
 -0.25625898360999999   0.60147333732169565
 -0.25625098360999999   0.60147608452422241
 -0.25624298360999999   0.60147883415111527
 -0.25623498360999999   0.60148158633023230
 -0.25622698360999999   0.60148434118363564
 -0.25621898360999999   0.60148709882647084
 -0.25621098360999999   0.60148985936588802
 -0.25620298360999999   0.60149262290001267
 -0.25619498360999999   0.60149538951697258
 -0.25618698360999999   0.60149815929398780
 -0.25617898360999999   0.60150093229652995
 -0.25617098360999999   0.60150370857755658
 -0.25616298360999999   0.60150648817682657
 -0.25615498360999999   0.60150927112030133
 -0.25614698360999999   0.60151205741963630
 -0.25613898360999999   0.60151484707176716
 -0.25613098360999999   0.60151764005859363
 -0.25612298360999999   0.60152043634676420
 -0.25611498360999999   0.60152323588756352
 -0.25610698360999999   0.60152603861690403
 -0.25609898360999999   0.60152884445542257
 -0.25609098360999999   0.60153165330868151
 -0.25608298360999999   0.60153446506747407
 -0.25607498360999999   0.60153727960823157
 -0.25606698360999999   0.60154009679353068
 -0.25605898360999999   0.60154291647269666
 -0.25605098360999999   0.60154573848249924
 -0.25604298360999999   0.60154856264793568
 -0.25603498360999999   0.60155138878309555
 -0.25602698360999999   0.60155421669210110
 -0.25601898360999999   0.60155704617011574
 -0.25601098360999999   0.60155987700441346
 -0.25600298360999999   0.60156270897550100
 -0.25599498360999999   0.60156554185828343
 -0.25598698360999999   0.60156837542326547
 -0.25597898360999999   0.60157120943777776
 -0.25597098360999999   0.60157404366721974
 -0.25596298360999999   0.60157687787630867
 -0.25595498360999999   0.60157971183032579
 -0.25594698360999999   0.60158254529634933
 -0.25593898360999999   0.60158537804446587
 -0.25593098360999999   0.60158820984894995
 -0.25592298360999999   0.60159104048940367
 -0.25591498360999999   0.60159386975184789
 -0.25590698360999999   0.60159669742975730
 -0.25589898360999999   0.60159952332503146
 -0.25589098360999999   0.60160234724889605
 -0.25588298360999999   0.60160516902272797
 -0.25587498360999999   0.60160798847879894
 -0.25586698360999999   0.60161080546093338
 -0.25585898360999999   0.60161361982507749
 -0.25585098360999999   0.60161643143977542
 -0.25584298360999999   0.60161924018655185
 -0.25583498360999999   0.60162204596019902
 -0.25582698360999999   0.60162484866896804
 -0.25581898360999999   0.60162764823466474
 -0.25581098360999999   0.60163044459265138
 -0.25580298360999999   0.60163323769175574
 -0.25579498360999999   0.60163602749408998
 -0.25578698360999999   0.60163881397478299
 -0.25577898360999999   0.60164159712162916
 -0.25577098360999999   0.60164437693465789
 -0.25576298360999999   0.60164715342562890
 -0.25575498360999999   0.60164992661745805
 -0.25574698360999999   0.60165269654357892
 -0.25573898360999999   0.60165546324724653
 -0.25573098360999999   0.60165822678078834
 -0.25572298360999999   0.60166098720480964
 -0.25571498360999999   0.60166374458735909
 -0.25570698360999999   0.60166649900306087
 -0.25569898360999999   0.60166925053222044
 -0.25569098360999999   0.60167199925991032
 -0.25568298360999999   0.60167474527504232
 -0.25567498360999999   0.60167748866943286
 -0.25566698360999999   0.60168022953686812
 -0.25565898360999999   0.60168296797217496
 -0.25565098360999999   0.60168570407030405
 -0.25564298360999999   0.60168843792543139
 -0.25563498360999999   0.60169116963008396
 -0.25562698360999999   0.60169389927429499
 -0.25561898360999999   0.60169662694479450
 -0.25561098360999999   0.60169935272424013
 -0.25560298360999999   0.60170207669049314
 -0.25559498360999999   0.60170479891594372
 -0.25558698360999999   0.60170751946689047
 -0.25557898360999999   0.60171023840297718
 -0.25557098360999999   0.60171295577669062
 -0.25556298360999999   0.60171567163292232
 -0.25555498360999999   0.60171838600859688
 -0.25554698360999999   0.60172109893236899
 -0.25553898360999999   0.60172381042439062
 -0.25553098360999999   0.60172652049615007
 -0.25552298360999999   0.60172922915038285
 -0.25551498360999999   0.60173193638105540
 -0.25550698360999999   0.60173464217342072
 -0.25549898360999999   0.60173734650414534
 -0.25549098360999999   0.60174004934150666
 -0.25548298360999999   0.60174275064565804
 -0.25547498360999999   0.60174545036896037
 -0.25546698360999999   0.60174814845637605
 -0.25545898360999999   0.60175084484592368
 -0.25545098360999999   0.60175353946918823
 -0.25544298360999999   0.60175623225188350
 -0.25543498360999999   0.60175892311446210
 -0.25542698360999999   0.60176161197276788
 -0.25541898360999999   0.60176429873872605
 -0.25541098360999999   0.60176698332106483
 -0.25540298360999999   0.60176966562606362
 -0.25539498360999999   0.60177234555832160
 -0.25538698360999999   0.60177502302154007
 -0.25537898360999999   0.60177769791931363
 -0.25537098360999999   0.60178037015592312
 -0.25536298360999999   0.60178303963712437
 -0.25535498360999999   0.60178570627092727
 -0.25534698360999999   0.60178836996835845
 -0.25533898360999999   0.60179103064420249
 -0.25533098360999999   0.60179368821771601
 -0.25532298360999999   0.60179634261330924
 -0.25531498360999999   0.60179899376119032
 -0.25530698360999999   0.60180164159796791
 -0.25529898360999999   0.60180428606720765
 -0.25529098360999999   0.60180692711993918
 -0.25528298360999999   0.60180956471510968
 -0.25527498360999999   0.60181219881998211
 -0.25526698360999999   0.60181482941047494
 -0.25525898360999999   0.60181745647144170
 -0.25525098360999999   0.60182007999688908
 -0.25524298360999999   0.60182269999013269
 -0.25523498360999999   0.60182531646388966
 -0.25522698360999999   0.60182792944030850
 -0.25521898360999999   0.60183053895093663
 -0.25521098360999999   0.60183314503662585
 -0.25520298360999999   0.60183574774737815
 -0.25519498360999999   0.60183834714213271
 -0.25518698360999999   0.60184094328849623
 -0.25517898360999999   0.60184353626241953
 -0.25517098360999999   0.60184612614782261
 -0.25516298360999999   0.60184871303617123
 -0.25515498360999999   0.60185129702600865
 -0.25514698360999999   0.60185387822244573
 -0.25513898360999999   0.60185645673661285
 -0.25513098360999999   0.60185903268507819
 -0.25512298360999999   0.60186160618923567
 -0.25511498360999999   0.60186417737466716
 -0.25510698360999999   0.60186674637048306
 -0.25509898360999999   0.60186931330864523
 -0.25509098360999999   0.60187187832327722
 -0.25508298360999999   0.60187444154996573
 -0.25507498360999999   0.60187700312505745
 -0.25506698360999999   0.60187956318495644
 -0.25505898360999999   0.60188212186542537
 -0.25505098360999999   0.60188467930089560
 -0.25504298360999999   0.60188723562378985
 -0.25503498360999999   0.60188979096386171
 -0.25502698360999999   0.60189234544755577
 -0.25501898360999999   0.60189489919739239
 -0.25501098360999999   0.60189745233138051
 -0.25500298360999999   0.60190000496246233
 -0.25499498360999999   0.60190255719799269
 -0.25498698360999999   0.60190510913925657
 -0.25497898360999999   0.60190766088102753
 -0.25497098360999999   0.60191021251116969
 -0.25496298360999999   0.60191276411028546
 -0.25495498360999999   0.60191531575141132
 -0.25494698360999999   0.60191786749976337
 -0.25493898360999999   0.60192041941253408
 -0.25493098360999999   0.60192297153874159
 -0.25492298360999999   0.60192552391913221
 -0.25491498360999999   0.60192807658613670
 -0.25490698360999999   0.60193062956388053
 -0.25489898360999999   0.60193318286824802
 -0.25489098360999999   0.60193573650699943
 -0.25488298360999999   0.60193829047994052
 -0.25487498360999999   0.60194084477914300
 -0.25486698360999999   0.60194339938921441
 -0.25485898360999999   0.60194595428761519
 -0.25485098360999999   0.60194850944502099
 -0.25484298360999999   0.60195106482572708
 -0.25483498360999999   0.60195362038809236
 -0.25482698360999999   0.60195617608501929
 -0.25481898360999999   0.60195873186446640
 -0.25481098360999999   0.60196128766998984
 -0.25480298360999999   0.60196384344130924
 -0.25479498360999999   0.60196639911489463
 -0.25478698360999999   0.60196895462456941
 -0.25477898360999999   0.60197150990212524
 -0.25477098360999999   0.60197406487794414
 -0.25476298360999999   0.60197661948162351
 -0.25475498360999999   0.60197917364259936
 -0.25474698360999999   0.60198172729076303
 -0.25473898360999999   0.60198428035706726
 -0.25473098360999999   0.60198683277411726
 -0.25472298360999999   0.60198938447674244
 -0.25471498360999999   0.60199193540254466
 -0.25470698360999999   0.60199448549241971
 -0.25469898360999999   0.60199703469104795
 -0.25469098360999999   0.60199958294735104
 -0.25468298360999999   0.60200213021491209
 -0.25467498360999999   0.60200467645235570
 -0.25466698360999999   0.60200722162368658
 -0.25465898360999999   0.60200976569858415
 -0.25465098360999999   0.60201230865265148
 -0.25464298360999999   0.60201485046761760
 -0.25463498360999999   0.60201739113149196
 -0.25462698360999999   0.60201993063867070
 -0.25461898360999999   0.60202246898999447
 -0.25461098360999999   0.60202500619275789
 -0.25460298360999999   0.60202754226067120
 -0.25459498360999999   0.60203007721377540
 -0.25458698360999999   0.60203261107831083
 -0.25457898360999999   0.60203514388654216
 -0.25457098360999999   0.60203767567654069
 -0.25456298360999999   0.60204020649192597
 -0.25455498360999999   0.60204273638156932
 -0.25454698360999999   0.60204526539926162
 -0.25453898360999999   0.60204779360334823
 -0.25453098360999999   0.60205032105633355
 -0.25452298360999999   0.60205284782445896
 -0.25451498360999999   0.60205537397725647
 -0.25450698360999999   0.60205789958708221
 -0.25449898360999999   0.60206042472863281
 -0.25449098360999999   0.60206294947844804
 -0.25448298360999999   0.60206547391440372
 -0.25447498360999999   0.60206799811519782
 -0.25446698360999999   0.60207052215983419
 -0.25445898360999999   0.60207304612710657
 -0.25445098360999999   0.60207557009508719
 -0.25444298360999999   0.60207809414062326
 -0.25443498360999999   0.60208061833884440
 -0.25442698360999999   0.60208314276268503
 -0.25441898360999999   0.60208566748242438
 -0.25441098360999999   0.60208819256524756
 -0.25440298360999999   0.60209071807483059
 -0.25439498360999999   0.60209324407095233
 -0.25438698360999999   0.60209577060913552
 -0.25437898360999999   0.60209829774031992
 -0.25437098360999999   0.60210082551056967
 -0.25436298360999999   0.60210335396081639
 -0.25435498360999999   0.60210588312664048
 -0.25434698360999999   0.60210841303809182
 -0.25433898360999999   0.60211094371955091
 -0.25433098360999999   0.60211347518963204
 -0.25432298360999999   0.60211600746112845
 -0.25431498360999999   0.60211854054100066
 -0.25430698360999999   0.60212107443040725
 -0.25429898360999999   0.60212360912477883
 -0.25429098360999999   0.60212614461393390
 -0.25428298360999999   0.60212868088223623
 -0.25427498360999999   0.60213121790879266
 -0.25426698360999999   0.60213375566768982
 -0.25425898360999999   0.60213629412826804
 -0.25425098360999999   0.60213883325543093
 -0.25424298360999999   0.60214137300998770
 -0.25423498360999999   0.60214391334902660
 -0.25422698360999999   0.60214645422631590
 -0.25421898360999999   0.60214899559273050
 -0.25421098360999999   0.60215153739670022
 -0.25420298360999999   0.60215407958467697
 -0.25419498360999999   0.60215662210161740
 -0.25418698360999999   0.60215916489147753
 -0.25417898360999999   0.60216170789771539
 -0.25417098360999999   0.60216425106379885
 -0.25416298360999999   0.60216679433371409
 -0.25415498360999999   0.60216933765247169
 -0.25414698360999999   0.60217188096660647
 -0.25413898360999999   0.60217442422466762
 -0.25413098360999999   0.60217696737769544
 -0.25412298360999999   0.60217951037968169
 -0.25411498360999999   0.60218205318801031
 -0.25410698360999999   0.60218459576387500
 -0.25409898360999999   0.60218713807267159
 -0.25409098360999999   0.60218968008436196
 -0.25408298360999999   0.60219222177380763
 -0.25407498360999999   0.60219476312107027
 -0.25406698360999999   0.60219730411167798
 -0.25405898360999999   0.60219984473685494
 -0.25405098360999999   0.60220238499371391
 -0.25404298360999999   0.60220492488540981
 -0.25403498360999999   0.60220746442125402
 -0.25402698360999999   0.60221000361678878
 -0.25401898360999999   0.60221254249382148
 -0.25401098360999999   0.60221508108041898
 -0.25400298360999999   0.60221761941086207
 -0.25399498360999999   0.60222015752556110
 -0.25398698360999999   0.60222269547093300
 -0.25397898360999999   0.60222523329924156
 -0.25397098360999999   0.60222777106840147
 -0.25396298360999999   0.60223030884174835
 -0.25395498360999999   0.60223284668777596
 -0.25394698360999999   0.60223538467984295
 -0.25393898360999999   0.60223792289585090
 -0.25393098360999999   0.60224046141789604
 -0.25392298360999999   0.60224300033189705
 -0.25391498360999999   0.60224553972720127
 -0.25390698360999999   0.60224807969617216
 -0.25389898360999999   0.60225062033376041
 -0.25389098360999999   0.60225316173706181
 -0.25388298360999999   0.60225570400486416
 -0.25387498360999999   0.60225824723718668
 -0.25386698360999999   0.60226079153481434
 -0.25385898360999999   0.60226333699883012
 -0.25385098360999999   0.60226588373014807
 -0.25384298360999999   0.60226843182905009
 -0.25383498360999999   0.60227098139472904
 -0.25382698360999999   0.60227353252484108
 -0.25381898360999999   0.60227608531506992
 -0.25381098360999999   0.60227863985870547
 -0.25380298360999999   0.60228119624623941
 -0.25379498360999999   0.60228375456498039
 -0.25378698360999999   0.60228631489869043
 -0.25377898360999999   0.60228887732724547
 -0.25377098360999999   0.60229144192632145
 -0.25376298360999999   0.60229400876710814
 -0.25375498360999999   0.60229657791605199
 -0.25374698360999999   0.60229914943462997
 -0.25373898360999999   0.60230172337915507
 -0.25373098360999999   0.60230429980061522
 -0.25372298360999999   0.60230687874454594
 -0.25371498360999999   0.60230946025093754
 -0.25370698360999999   0.60231204435417733
 -0.25369898360999999   0.60231463108302738
 -0.25369098360999999   0.60231722046063679
 -0.25368298360999999   0.60231981250458941
 -0.25367498360999999   0.60232240722698554
 -0.25366698360999999   0.60232500463455755
 -0.25365898360999999   0.60232760472881780
 -0.25365098360999999   0.60233020750623823
 -0.25364298360999999   0.60233281295845975
 -0.25363498360999999   0.60233542107253001
 -0.25362698360999999   0.60233803183116776
 -0.25361898360999999   0.60234064521305130
 -0.25361098360999999   0.60234326119312953
 -0.25360298360999999   0.60234587974295259
 -0.25359498360999999   0.60234850083101984
 -0.25358698360999999   0.60235112442314246
 -0.25357898360999999   0.60235375048281808
 -0.25357098360999999   0.60235637897161423
 -0.25356298360999999   0.60235900984955800
 -0.25355498360999999   0.60236164307552900
 -0.25354698360999999   0.60236427860765245
 -0.25353898360999999   0.60236691640368958
 -0.25353098360999999   0.60236955642142211
 -0.25352298360999999   0.60237219861902868
 -0.25351498360999999   0.60237484295544941
 -0.25350698360999999   0.60237748939073678
 -0.25349898360999999   0.60238013788638952
 -0.25349098360999999   0.60238278840566774
 -0.25348298360999999   0.60238544091388629
 -0.25347498360999999   0.60238809537868474
 -0.25346698360999999   0.60239075177027183
 -0.25345898360999999   0.60239341006164275
 -0.25345098360999999   0.60239607022876717
 -0.25344298360999999   0.60239873225074782
 -0.25343498360999999   0.60240139610994725
 -0.25342698360999999   0.60240406179208282
 -0.25341898360999999   0.60240672928628885
 -0.25341098360999999   0.60240939858514578
 -0.25340298360999999   0.60241206968467584
 -0.25339498360999999   0.60241474258430588
 -0.25338698360999999   0.60241741728679715
 -0.25337898360999999   0.60242009379814294
 -0.25337098360999999   0.60242277212743442
 -0.25336298360999999   0.60242545228669654
 -0.25335498360999999   0.60242813429069412
 -0.25334698360999999   0.60243081815671020
 -0.25333898360999999   0.60243350390429833
 -0.25333098360999999   0.60243619155500991
 -0.25332298360999999   0.60243888113209923
 -0.25331498360999999   0.60244157266020791
 -0.25330698360999999   0.60244426616503079
 -0.25329898360999999   0.60244696167296635
 -0.25329098360999999   0.60244965921075289
 -0.25328298360999999   0.60245235880509418
 -0.25327498360999999   0.60245506048227656
 -0.25326698360999999   0.60245776426778016
 -0.25325898360999999   0.60246047018588718
 -0.25325098360999999   0.60246317825928976
 -0.25324298360999999   0.60246588850870036
 -0.25323498360999999   0.60246860095246701
 -0.25322698360999999   0.60247131560619682
 -0.25321898360999999   0.60247403248238963
 -0.25321098360999999   0.60247675159008489
 -0.25320298360999999   0.60247947293452441
 -0.25319498360999999   0.60248219651683277
 -0.25318698360999999   0.60248492233371863
 -0.25317898360999999   0.60248765037719846
 -0.25317098360999999   0.60249038063434493
 -0.25316298360999999   0.60249311308706235
 -0.25315498360999999   0.60249584771189005
 -0.25314698360999999   0.60249858447983618
 -0.25313898360999999   0.60250132335624270
 -0.25313098360999999   0.60250406430068300
 -0.25312298360999999   0.60250680726689315
 -0.25311498360999999   0.60250955220273733
 -0.25310698360999999   0.60251229905020831
 -0.25309898360999999   0.60251504774546271
 -0.25309098360999999   0.60251779821889161
 -0.25308298360999999   0.60252055039522601
 -0.25307498360999999   0.60252330419367669
 -0.25306698360999999   0.60252605952810800
 -0.25305898360999999   0.60252881630724392
 -0.25305098360999999   0.60253157443490656
 -0.25304298360999999   0.60253433381028375
 -0.25303498360999999   0.60253709432822624
 -0.25302698360999999   0.60253985587957066
 -0.25301898360999999   0.60254261835148742
 -0.25301098360999999   0.60254538162785123
 -0.25300298360999999   0.60254814558963090
 -0.25299498360999999   0.60255091011529716
 -0.25298698360999999   0.60255367508124458
 -0.25297898360999999   0.60255644036222597
 -0.25297098360999999   0.60255920583179515
 -0.25296298360999999   0.60256197136275626
 -0.25295498360999999   0.60256473682761577
 -0.25294698360999999   0.60256750209903498
 -0.25293898360999999   0.60257026705027910
 -0.25293098360999999   0.60257303155566072
 -0.25292298360999999   0.60257579549097484
 -0.25291498360999999   0.60257855873392162
 -0.25290698360999999   0.60258132116451540
 -0.25289898360999999   0.60258408266547675
 -0.25289098360999999   0.60258684312260509
 -0.25288298360999999   0.60258960242512984
 -0.25287498360999999   0.60259236046603795
 -0.25286698360999999   0.60259511714237574
 -0.25285898360999999   0.60259787235552375
 -0.25285098360999999   0.60260062601144245
 -0.25284298360999999   0.60260337802088843
 -0.25283498360999999   0.60260612829959926
 -0.25282698360999999   0.60260887676844668
 -0.25281898360999999   0.60261162335355768
 -0.25281098360999999   0.60261436798640256
 -0.25280298360999999   0.60261711060385067
 -0.25279498360999999   0.60261985114819346
 -0.25278698360999999   0.60262258956713544
 -0.25277898360999999   0.60262532581375363
 -0.25277098360999999   0.60262805984642619
 -0.25276298360999999   0.60263079162873173
 -0.25275498360999999   0.60263352112931972
 -0.25274698360999999   0.60263624832175435
 -0.25273898360999999   0.60263897318433228
