 -0.26646155015000000   0.59730895127816259
 -0.26645355015000000   0.59731166277617876
 -0.26644555015000000   0.59731437268168531
 -0.26643755015000000   0.59731708103201160
 -0.26642955015000000   0.59731978786522475
 -0.26642155015000000   0.59732249322002840
 -0.26641355015000000   0.59732519713565785
 -0.26640555015000000   0.59732789965177196
 -0.26639755015000000   0.59733060080834236
 -0.26638955015000000   0.59733330064554064
 -0.26638155015000000   0.59733599920362448
 -0.26637355015000000   0.59733869652282288
 -0.26636555015000000   0.59734139264322167
 -0.26635755015000000   0.59734408760464963
 -0.26634955015000000   0.59734678144656627
 -0.26634155015000000   0.59734947420795160
 -0.26633355015000000   0.59735216592719877
 -0.26632555015000000   0.59735485664201013
 -0.26631755015000000   0.59735754638929775
 -0.26630955015000000   0.59736023520508827
 -0.26630155015000000   0.59736292312443331
 -0.26629355015000000   0.59736561018132592
 -0.26628555015000000   0.59736829640862323
 -0.26627755015000000   0.59737098183797627
 -0.26626955015000000   0.59737366649976691
 -0.26626155015000000   0.59737635042305269
 -0.26625355015000000   0.59737903363551989
 -0.26624555015000000   0.59738171616344467
 -0.26623755015000000   0.59738439803166317
 -0.26622955015000000   0.59738707926355008
 -0.26622155015000000   0.59738975988100644
 -0.26621355015000000   0.59739243990445623
 -0.26620555015000000   0.59739511935285188
 -0.26619755015000000   0.59739779824368885
 -0.26618955015000000   0.59740047659302884
 -0.26618155015000000   0.59740315441553151
 -0.26617355015000000   0.59740583172449478
 -0.26616555015000000   0.59740850853190279
 -0.26615755015000000   0.59741118484848181
 -0.26614955015000000   0.59741386068376311
 -0.26614155015000000   0.59741653604615279
 -0.26613355015000000   0.59741921094300762
 -0.26612555015000000   0.59742188538071666
 -0.26611755015000000   0.59742455936478791
 -0.26610955015000000   0.59742723289993931
 -0.26610155015000000   0.59742990599019344
 -0.26609355015000000   0.59743257863897524
 -0.26608555015000000   0.59743525084921212
 -0.26607755015000000   0.59743792262343539
 -0.26606955015000000   0.59744059396388272
 -0.26606155015000000   0.59744326487260049
 -0.26605355015000000   0.59744593535154538
 -0.26604555015000000   0.59744860540268472
 -0.26603755015000000   0.59745127502809426
 -0.26602955015000000   0.59745394423005334
 -0.26602155015000000   0.59745661301113631
 -0.26601355015000000   0.59745928137429968
 -0.26600555015000000   0.59746194932296421
 -0.26599755015000000   0.59746461686109178
 -0.26598955015000000   0.59746728399325600
 -0.26598155015000000   0.59746995072470613
 -0.26597355015000000   0.59747261706142446
 -0.26596555015000000   0.59747528301017575
 -0.26595755015000000   0.59747794857854924
 -0.26594955015000000   0.59748061377499266
 -0.26594155015000000   0.59748327860883790
 -0.26593355015000000   0.59748594309031831
 -0.26592555015000000   0.59748860723057782
 -0.26591755015000000   0.59749127104167117
 -0.26590955015000000   0.59749393453655611
 -0.26590155015000000   0.59749659772907711
 -0.26589355015000000   0.59749926063394111
 -0.26588555015000000   0.59750192326668524
 -0.26587755015000000   0.59750458564363722
 -0.26586955015000000   0.59750724778186829
 -0.26586155015000000   0.59750990969913974
 -0.26585355015000000   0.59751257141384285
 -0.26584555015000000   0.59751523294493326
 -0.26583755015000000   0.59751789431186020
 -0.26582955015000000   0.59752055553449095
 -0.26582155015000000   0.59752321663303170
 -0.26581355015000000   0.59752587762794488
 -0.26580555015000000   0.59752853853986426
 -0.26579755015000000   0.59753119938950806
 -0.26578955015000000   0.59753386019759119
 -0.26578155015000000   0.59753652098473713
 -0.26577355015000000   0.59753918177139034
 -0.26576555015000000   0.59754184257772994
 -0.26575755015000000   0.59754450342358537
 -0.26574955015000000   0.59754716432835491
 -0.26574155015000000   0.59754982531092756
 -0.26573355015000000   0.59755248638960918
 -0.26572555015000000   0.59755514758205352
 -0.26571755015000000   0.59755780890519868
 -0.26570955015000000   0.59756047037520972
 -0.26570155015000000   0.59756313200742788
 -0.26569355015000000   0.59756579381632705
 -0.26568555015000000   0.59756845581547765
 -0.26567755015000000   0.59757111801751879
 -0.26566955015000000   0.59757378043413852
 -0.26566155015000000   0.59757644307606279
 -0.26565355015000000   0.59757910595305325
 -0.26564555015000000   0.59758176907391389
 -0.26563755015000000   0.59758443244650683
 -0.26562955015000000   0.59758709607777689
 -0.26562155015000000   0.59758975997378545
 -0.26561355015000000   0.59759242413975273
 -0.26560555015000000   0.59759508858010881
 -0.26559755015000000   0.59759775329855293
 -0.26558955015000000   0.59760041829812065
 -0.26558155015000000   0.59760308358125855
 -0.26557355015000000   0.59760574914990598
 -0.26556555015000000   0.59760841500558317
 -0.26555755015000000   0.59761108114948541
 -0.26554955015000000   0.59761374758258220
 -0.26554155015000000   0.59761641430572116
 -0.26553355015000000   0.59761908131973567
 -0.26552555015000000   0.59762174862555541
 -0.26551755015000000   0.59762441622431931
 -0.26550955015000000   0.59762708411748973
 -0.26550155015000000   0.59762975230696725
 -0.26549355015000000   0.59763242079520520
 -0.26548555015000000   0.59763508958532282
 -0.26547755015000000   0.59763775868121666
 -0.26546955015000000   0.59764042808766880
 -0.26546155015000000   0.59764309781045160
 -0.26545355015000000   0.59764576785642766
 -0.26544555015000000   0.59764843823364468
 -0.26543755015000000   0.59765110895142398
 -0.26542955015000000   0.59765378002044240
 -0.26542155015000000   0.59765645145280668
 -0.26541355015000000   0.59765912326211962
 -0.26540555015000000   0.59766179546353766
 -0.26539755015000000   0.59766446807381934
 -0.26538955015000000   0.59766714111136384
 -0.26538155015000000   0.59766981459623984
 -0.26537355015000000   0.59767248855020385
 -0.26536555015000000   0.59767516299670799
 -0.26535755015000000   0.59767783796089700
 -0.26534955015000000   0.59768051346959454
 -0.26534155015000000   0.59768318955127838
 -0.26533355015000000   0.59768586623604498
 -0.26532555015000000   0.59768854355556333
 -0.26531755015000000   0.59769122154301821
 -0.26530955015000000   0.59769390023304338
 -0.26530155015000000   0.59769657966164482
 -0.26529355015000000   0.59769925986611449
 -0.26528555015000000   0.59770194088493520
 -0.26527755015000000   0.59770462275767690
 -0.26526955015000000   0.59770730552488536
 -0.26526155015000000   0.59770998922796337
 -0.26525355015000000   0.59771267390904581
 -0.26524555015000000   0.59771535961086869
 -0.26523755015000000   0.59771804637663337
 -0.26522955015000000   0.59772073424986676
 -0.26522155015000000   0.59772342327427815
 -0.26521355015000000   0.59772611349361373
 -0.26520555015000000   0.59772880495150967
 -0.26519755015000000   0.59773149769134459
 -0.26518955015000000   0.59773419175609245
 -0.26518155015000000   0.59773688718817679
 -0.26517355015000000   0.59773958402932703
 -0.26516555015000000   0.59774228232043806
 -0.26515755015000000   0.59774498210143376
 -0.26514955015000000   0.59774768341113530
 -0.26514155015000000   0.59775038628713542
 -0.26513355015000000   0.59775309076567881
 -0.26512555015000000   0.59775579688155006
 -0.26511755015000000   0.59775850466796946
 -0.26510955015000000   0.59776121415649732
 -0.26510155015000000   0.59776392537694779
 -0.26509355015000000   0.59776663835731194
 -0.26508555015000000   0.59776935312369151
 -0.26507755015000000   0.59777206970024307
 -0.26506955015000000   0.59777478810913299
 -0.26506155015000000   0.59777750837050383
 -0.26505355015000000   0.59778023050245185
 -0.26504555015000000   0.59778295452101602
 -0.26503755015000000   0.59778568044017849
 -0.26502955015000000   0.59778840827187636
 -0.26502155015000000   0.59779113802602447
 -0.26501355015000000   0.59779386971054940
 -0.26500555015000000   0.59779660333143383
 -0.26499755015000000   0.59779933889277108
 -0.26498955015000000   0.59780207639682939
 -0.26498155015000000   0.59780481584412540
 -0.26497355015000000   0.59780755723350584
 -0.26496555015000000   0.59781030056223722
 -0.26495755015000000   0.59781304582610234
 -0.26494955015000000   0.59781579301950331
 -0.26494155015000000   0.59781854213556933
 -0.26493355015000000   0.59782129316626930
 -0.26492555015000000   0.59782404610252764
 -0.26491755015000000   0.59782680093434267
 -0.26490955015000000   0.59782955765090619
 -0.26490155015000000   0.59783231624072372
 -0.26489355015000000   0.59783507669173394
 -0.26488555015000000   0.59783783899142651
 -0.26487755015000000   0.59784060312695705
 -0.26486955015000000   0.59784336908525879
 -0.26486155015000000   0.59784613685314909
 -0.26485355015000000   0.59784890641743070
 -0.26484555015000000   0.59785167776498627
 -0.26483755015000000   0.59785445088286550
 -0.26482955015000000   0.59785722575836428
 -0.26482155015000000   0.59786000237909466
 -0.26481355015000000   0.59786278073304535
 -0.26480555015000000   0.59786556080863212
 -0.26479755015000000   0.59786834259473721
 -0.26478955015000000   0.59787112608073799
 -0.26478155015000000   0.59787391125652369
 -0.26477355015000000   0.59787669811250098
 -0.26476555015000000   0.59787948663958691
 -0.26475755015000000   0.59788227682919058
 -0.26474955015000000   0.59788506867318254
 -0.26474155015000000   0.59788786216385241
 -0.26473355015000000   0.59789065729385500
 -0.26472555015000000   0.59789345405614529
 -0.26471755015000000   0.59789625244390233
 -0.26470955015000000   0.59789905245044309
 -0.26470155015000000   0.59790185406912648
 -0.26469355015000000   0.59790465729324829
 -0.26468555015000000   0.59790746211592804
 -0.26467755015000000   0.59791026852998829
 -0.26466955015000000   0.59791307652782737
 -0.26466155015000000   0.59791588610128678
 -0.26465355015000000   0.59791869724151391
 -0.26464555015000000   0.59792150993882144
 -0.26463755015000000   0.59792432418254439
 -0.26462955015000000   0.59792713996089601
 -0.26462155015000000   0.59792995726082382
 -0.26461355015000000   0.59793277606786675
 -0.26460555015000000   0.59793559636601481
 -0.26459755015000000   0.59793841813757256
 -0.26458955015000000   0.59794124136302714
 -0.26458155015000000   0.59794406602092255
 -0.26457355015000000   0.59794689208774116
 -0.26456555015000000   0.59794971953779353
 -0.26455755015000000   0.59795254834311736
 -0.26454955015000000   0.59795537847338720
 -0.26454155015000000   0.59795820989583528
 -0.26453355015000000   0.59796104257518481
 -0.26452555015000000   0.59796387647359582
 -0.26451755015000000   0.59796671155062546
 -0.26450955015000000   0.59796954776320196
 -0.26450155015000000   0.59797238506561396
 -0.26449355015000000   0.59797522340951489
 -0.26448555015000000   0.59797806274394306
 -0.26447755015000000   0.59798090301535748
 -0.26446955015000000   0.59798374416768954
 -0.26446155015000000   0.59798658614241053
 -0.26445355015000000   0.59798942887861476
 -0.26444555015000000   0.59799227231311810
 -0.26443755015000000   0.59799511638057141
 -0.26442955015000000   0.59799796101358835
 -0.26442155015000000   0.59800080614288705
 -0.26441355015000000   0.59800365169744479
 -0.26440555015000000   0.59800649760466473
 -0.26439755015000000   0.59800934379055392
 -0.26438955015000000   0.59801219017991152
 -0.26438155015000000   0.59801503669652579
 -0.26437355015000000   0.59801788326337921
 -0.26436555015000000   0.59802072980285958
 -0.26435755015000000   0.59802357623697694
 -0.26434955015000000   0.59802642248758350
 -0.26434155015000000   0.59802926847659656
 -0.26433355015000000   0.59803211412622173
 -0.26432555015000000   0.59803495935917593
 -0.26431755015000000   0.59803780409890821
 -0.26430955015000000   0.59804064826981684
 -0.26430155015000000   0.59804349179746165
 -0.26429355015000000   0.59804633460876993
 -0.26428555015000000   0.59804917663223446
 -0.26427755015000000   0.59805201779810254
 -0.26426955015000000   0.59805485803855487
 -0.26426155015000000   0.59805769728787267
 -0.26425355015000000   0.59806053548259250
 -0.26424555015000000   0.59806337256164754
 -0.26423755015000000   0.59806620846649429
 -0.26422955015000000   0.59806904314122428
 -0.26422155015000000   0.59807187653265984
 -0.26421355015000000   0.59807470859043347
 -0.26420555015000000   0.59807753926705048
 -0.26419755015000000   0.59808036851793454
 -0.26418955015000000   0.59808319630145582
 -0.26418155015000000   0.59808602257894199
 -0.26417355015000000   0.59808884731467192
 -0.26416555015000000   0.59809167047585246
 -0.26415755015000000   0.59809449203257838
 -0.26414955015000000   0.59809731195777638
 -0.26414155015000000   0.59810013022713317
 -0.26413355015000000   0.59810294681900879
 -0.26412555015000000   0.59810576171433584
 -0.26411755015000000   0.59810857489650519
 -0.26410955015000000   0.59811138635123974
 -0.26410155015000000   0.59811419606645667
 -0.26409355015000000   0.59811700403211989
 -0.26408555015000000   0.59811981024008350
 -0.26407755015000000   0.59812261468392781
 -0.26406955015000000   0.59812541735878883
 -0.26406155015000000   0.59812821826118335
 -0.26405355015000000   0.59813101738883010
 -0.26404555015000000   0.59813381474046904
 -0.26403755015000000   0.59813661031568004
 -0.26402955015000000   0.59813940411470221
 -0.26402155015000000   0.59814219613825548
 -0.26401355015000000   0.59814498638736582
 -0.26400555015000000   0.59814777486319529
 -0.26399755015000000   0.59815056156687834
 -0.26398955015000000   0.59815334649936585
 -0.26398155015000000   0.59815612966127767
 -0.26397355015000000   0.59815891105276509
 -0.26396555015000000   0.59816169067338442
 -0.26395755015000000   0.59816446852198227
 -0.26394955015000000   0.59816724459659390
 -0.26394155015000000   0.59817001889435493
 -0.26393355015000000   0.59817279141142763
 -0.26392555015000000   0.59817556214294169
 -0.26391755015000000   0.59817833108295085
 -0.26390955015000000   0.59818109822440476
 -0.26390155015000000   0.59818386355913705
 -0.26389355015000000   0.59818662707786916
 -0.26388555015000000   0.59818938877023033
 -0.26387755015000000   0.59819214862479334
 -0.26386955015000000   0.59819490662912584
 -0.26386155015000000   0.59819766276985677
 -0.26385355015000000   0.59820041703275742
 -0.26384555015000000   0.59820316940283649
 -0.26383755015000000   0.59820591986444838
 -0.26382955015000000   0.59820866840141393
 -0.26382155015000000   0.59821141499715236
 -0.26381355015000000   0.59821415963482387
 -0.26380555015000000   0.59821690229748121
 -0.26379755015000000   0.59821964296822937
 -0.26378955015000000   0.59822238163039201
 -0.26378155015000000   0.59822511826768317
 -0.26377355015000000   0.59822785286438306
 -0.26376555015000000   0.59823058540551627
 -0.26375755015000000   0.59823331587703128
 -0.26374955015000000   0.59823604426597932
 -0.26374155015000000   0.59823877056069161
 -0.26373355015000000   0.59824149475095321
 -0.26372555015000000   0.59824421682817196
 -0.26371755015000000   0.59824693678554149
 -0.26370955015000000   0.59824965461819645
 -0.26370155015000000   0.59825237032335908
 -0.26369355015000000   0.59825508390047533
 -0.26368555015000000   0.59825779535134001
 -0.26367755015000000   0.59826050468020916
 -0.26366955015000000   0.59826321189389939
 -0.26366155015000000   0.59826591700187234
 -0.26365355015000000   0.59826862001630443
 -0.26364555015000000   0.59827132095214039
 -0.26363755015000000   0.59827401982713044
 -0.26362955015000000   0.59827671666185055
 -0.26362155015000000   0.59827941147970527
 -0.26361355015000000   0.59828210430691310
 -0.26360555015000000   0.59828479517247426
 -0.26359755015000000   0.59828748410812071
 -0.26358955015000000   0.59829017114824878
 -0.26358155015000000   0.59829285632983476
 -0.26357355015000000   0.59829553969233340
 -0.26356555015000000   0.59829822127756029
 -0.26355755015000000   0.59830090112955875
 -0.26354955015000000   0.59830357929445150
 -0.26354155015000000   0.59830625582027848
 -0.26353355015000000   0.59830893075682169
 -0.26352555015000000   0.59831160415541773
 -0.26351755015000000   0.59831427606875960
 -0.26350955015000000   0.59831694655068871
 -0.26350155015000000   0.59831961565597864
 -0.26349355015000000   0.59832228344011169
 -0.26348555015000000   0.59832494995904993
 -0.26347755015000000   0.59832761526900193
 -0.26346955015000000   0.59833027942618700
 -0.26346155015000000   0.59833294248659811
 -0.26345355015000000   0.59833560450576534
 -0.26344555015000000   0.59833826553852106
 -0.26343755015000000   0.59834092563876897
 -0.26342955015000000   0.59834358485925783
 -0.26342155015000000   0.59834624325136193
 -0.26341355015000000   0.59834890086486957
 -0.26340555015000000   0.59835155774778110
 -0.26339755015000000   0.59835421394611778
 -0.26338955015000000   0.59835686950374295
 -0.26338155015000000   0.59835952446219653
 -0.26337355015000000   0.59836217886054455
 -0.26336555015000000   0.59836483273524405
 -0.26335755015000000   0.59836748612002508
 -0.26334955015000000   0.59837013904579023
 -0.26334155015000000   0.59837279154053254
 -0.26333355015000000   0.59837544362927271
 -0.26332555015000000   0.59837809533401574
 -0.26331755015000000   0.59838074667372774
 -0.26330955015000000   0.59838339766433303
 -0.26330155015000000   0.59838604831873148
 -0.26329355015000000   0.59838869864683644
 -0.26328555015000000   0.59839134865563276
 -0.26327755015000000   0.59839399834925481
 -0.26326955015000000   0.59839664772908371
 -0.26326155015000000   0.59839929679386366
 -0.26325355015000000   0.59840194553983622
 -0.26324555015000000   0.59840459396089162
 -0.26323755015000000   0.59840724204873651
 -0.26322955015000000   0.59840988979307654
 -0.26322155015000000   0.59841253718181270
 -0.26321355015000000   0.59841518420125012
 -0.26320555015000000   0.59841783083631764
 -0.26319755015000000   0.59842047707079686
 -0.26318955015000000   0.59842312288755867
 -0.26318155015000000   0.59842576826880586
 -0.26317355015000000   0.59842841319631997
 -0.26316555015000000   0.59843105765171038
 -0.26315755015000000   0.59843370161666413
 -0.26314955015000000   0.59843634507319420
 -0.26314155015000000   0.59843898800388490
 -0.26313355015000000   0.59844163039213215
 -0.26312555015000000   0.59844427222237701
 -0.26311755015000000   0.59844691348033075
 -0.26310955015000000   0.59844955415318964
 -0.26310155015000000   0.59845219422983794
 -0.26309355015000000   0.59845483370103754
 -0.26308555015000000   0.59845747255960290
 -0.26307755015000000   0.59846011080055959
 -0.26306955015000000   0.59846274842128583
 -0.26306155015000000   0.59846538542163541
 -0.26305355015000000   0.59846802180404130
 -0.26304555015000000   0.59847065757359916
 -0.26303755015000000   0.59847329273812989
 -0.26302955015000000   0.59847592730822108
 -0.26302155015000000   0.59847856129724666
 -0.26301355015000000   0.59848119472136475
 -0.26300555015000000   0.59848382759949368
 -0.26299755015000000   0.59848645995326626
 -0.26298955015000000   0.59848909180696271
 -0.26298155015000000   0.59849172318742260
 -0.26297355015000000   0.59849435412393642
 -0.26296555015000000   0.59849698464811760
 -0.26295755015000000   0.59849961479375584
 -0.26294955015000000   0.59850224459665283
 -0.26294155015000000   0.59850487409444156
 -0.26293355015000000   0.59850750332639036
 -0.26292555015000000   0.59851013233319328
 -0.26291755015000000   0.59851276115674816
 -0.26290955015000000   0.59851538983992425
 -0.26290155015000000   0.59851801842632062
 -0.26289355015000000   0.59852064696001786
 -0.26288555015000000   0.59852327548532379
 -0.26287755015000000   0.59852590404651650
 -0.26286955015000000   0.59852853268758522
 -0.26286155015000000   0.59853116145197197
 -0.26285355015000000   0.59853379038231544
 -0.26284555015000000   0.59853641952019920
 -0.26283755015000000   0.59853904890590614
 -0.26282955015000000   0.59854167857818114
 -0.26282155015000000   0.59854430857400370
 -0.26281355015000000   0.59854693892837241
 -0.26280555015000000   0.59854956967410301
 -0.26279755015000000   0.59855220084164171
 -0.26278955015000000   0.59855483245889530
 -0.26278155015000000   0.59855746455107951
 -0.26277355015000000   0.59856009714058696
 -0.26276555015000000   0.59856273024687613
 -0.26275755015000000   0.59856536388638188
 -0.26274955015000000   0.59856799807244911
 -0.26274155015000000   0.59857063281528988
 -0.26273355015000000   0.59857326812196471
 -0.26272555015000000   0.59857590399638853
 -0.26271755015000000   0.59857854043936144
 -0.26270955015000000   0.59858117744862449
 -0.26270155015000000   0.59858381501894007
 -0.26269355015000000   0.59858645314219692
 -0.26268555015000000   0.59858909180753916
 -0.26267755015000000   0.59859173100151822
 -0.26266955015000000   0.59859437070826777
 -0.26266155015000000   0.59859701090969933
 -0.26265355015000000   0.59859965158571836
 -0.26264555015000000   0.59860229271445906
 -0.26263755015000000   0.59860493427253593
 -0.26262955015000000   0.59860757623531113
 -0.26262155015000000   0.59861021857717518
 -0.26261355015000000   0.59861286127183933
 -0.26260555015000000   0.59861550429263729
 -0.26259755015000000   0.59861814761283466
 -0.26258955015000000   0.59862079120594298
 -0.26258155015000000   0.59862343504603704
 -0.26257355015000000   0.59862607910807220
 -0.26256555015000000   0.59862872336820021
 -0.26255755015000000   0.59863136780408047
 -0.26254955015000000   0.59863401239518477
 -0.26254155015000000   0.59863665712309309
 -0.26253355015000000   0.59863930197177803
 -0.26252555015000000   0.59864194692787617
 -0.26251755015000000   0.59864459198094357
 -0.26250955015000000   0.59864723712369389
 -0.26250155015000000   0.59864988235221712
 -0.26249355015000000   0.59865252766617714
 -0.26248555015000000   0.59865517306898653
 -0.26247755015000000   0.59865781856795706
 -0.26246955015000000   0.59866046417442486
 -0.26246155015000000   0.59866310990384898
 -0.26245355015000000   0.59866575577588220
 -0.26244555015000000   0.59866840181441391
 -0.26243755015000000   0.59867104804758408
 -0.26242955015000000   0.59867369450776812
 -0.26242155015000000   0.59867634123153253
 -0.26241355015000000   0.59867898825956140
 -0.26240555015000000   0.59868163563655408
 -0.26239755015000000   0.59868428341109417
 -0.26238955015000000   0.59868693163549105
 -0.26238155015000000   0.59868958036559432
 -0.26237355015000000   0.59869222966058235
 -0.26236555015000000   0.59869487958272623
 -0.26235755015000000   0.59869753019713024
 -0.26234955015000000   0.59870018157145085
 -0.26234155015000000   0.59870283377559530
 -0.26233355015000000   0.59870548688140216
 -0.26232555015000000   0.59870814096230557
 -0.26231755015000000   0.59871079609298522
 -0.26230955015000000   0.59871345234900428
 -0.26230155015000000   0.59871610980643784
 -0.26229355015000000   0.59871876854149362
 -0.26228555015000000   0.59872142863012805
 -0.26227755015000000   0.59872409014765976
 -0.26226955015000000   0.59872675316838322
 -0.26226155015000000   0.59872941776518501
 -0.26225355015000000   0.59873208400916525
 -0.26224555015000000   0.59873475196926694
 -0.26223755015000000   0.59873742171191544
 -0.26222955015000000   0.59874009330067090
 -0.26222155015000000   0.59874276679589584
 -0.26221355015000000   0.59874544225444058
 -0.26220555015000000   0.59874811972934826
 -0.26219755015000000   0.59875079926958227
 -0.26218955015000000   0.59875348091977786
 -0.26218155015000000   0.59875616472001961
 -0.26217355015000000   0.59875885070564718
 -0.26216555015000000   0.59876153890709012
 -0.26215755015000000   0.59876422934973415
 -0.26214955015000000   0.59876692205381898
 -0.26214155015000000   0.59876961703436991
 -0.26213355015000000   0.59877231430116300
 -0.26212555015000000   0.59877501385872493
 -0.26211755015000000   0.59877771570636766
 -0.26210955015000000   0.59878041983825803
 -0.26210155015000000   0.59878312624352216
 -0.26209355015000000   0.59878583490638390
 -0.26208555015000000   0.59878854580633706
 -0.26207755015000000   0.59879125891835005
 -0.26206955015000000   0.59879397421310193
 -0.26206155015000000   0.59879669165724824
 -0.26205355015000000   0.59879941121371495
 -0.26204555015000000   0.59880213284201841
 -0.26203755015000000   0.59880485649860924
 -0.26202955015000000   0.59880758213723766
 -0.26202155015000000   0.59881030970933767
 -0.26201355015000000   0.59881303916442718
 -0.26200555015000000   0.59881577045052118
 -0.26199755015000000   0.59881850351455506
 -0.26198955015000000   0.59882123830281439
 -0.26198155015000000   0.59882397476136846
 -0.26197355015000000   0.59882671283650378
 -0.26196555015000000   0.59882945247515440
 -0.26195755015000000   0.59883219362532550
 -0.26194955015000000   0.59883493623650714
 -0.26194155015000000   0.59883768026007446
 -0.26193355015000000   0.59884042564967158
 -0.26192555015000000   0.59884317236157568
 -0.26191755015000000   0.59884592035503851
 -0.26190955015000000   0.59884866959260226
 -0.26190155015000000   0.59885142004038743
 -0.26189355015000000   0.59885417166834990
 -0.26188555015000000   0.59885692445050529
 -0.26187755015000000   0.59885967836511820
 -0.26186955015000000   0.59886243339485519
 -0.26186155015000000   0.59886518952689916
 -0.26185355015000000   0.59886794675302466
 -0.26184555015000000   0.59887070506963299
 -0.26183755015000000   0.59887346447774609
 -0.26182955015000000   0.59887622498295949
 -0.26182155015000000   0.59887898659535367
 -0.26181355015000000   0.59888174932936474
 -0.26180555015000000   0.59888451320361428
 -0.26179755015000000   0.59888727824069976
 -0.26178955015000000   0.59889004446694649
 -0.26178155015000000   0.59889281191212242
 -0.26177355015000000   0.59889558060911776
 -0.26176555015000000   0.59889835059359105
 -0.26175755015000000   0.59890112190358399
 -0.26174955015000000   0.59890389457910810
 -0.26174155015000000   0.59890666866170469
 -0.26173355015000000   0.59890944419398210
 -0.26172555015000000   0.59891222121913306
 -0.26171755015000000   0.59891499978043496
 -0.26170955015000000   0.59891777992073706
 -0.26170155015000000   0.59892056168193813
 -0.26169355015000000   0.59892334510445765
 -0.26168555015000000   0.59892613022670538
 -0.26167755015000000   0.59892891708455202
 -0.26166955015000000   0.59893170571080596
 -0.26166155015000000   0.59893449613469928
 -0.26165355015000000   0.59893728838138758
 -0.26164555015000000   0.59894008247146689
 -0.26163755015000000   0.59894287842051243
 -0.26162955015000000   0.59894567623864222
 -0.26162155015000000   0.59894847593010974
 -0.26161355015000000   0.59895127749292911
 -0.26160555015000000   0.59895408091853623
 -0.26159755015000000   0.59895688619148891
 -0.26158955015000000   0.59895969328920927
 -0.26158155015000000   0.59896250218177119
 -0.26157355015000000   0.59896531283173482
 -0.26156555015000000   0.59896812519403104
 -0.26155755015000000   0.59897093921589694
 -0.26154955015000000   0.59897375483686467
 -0.26154155015000000   0.59897657198880375
 -0.26153355015000000   0.59897939059601864
 -0.26152555015000000   0.59898221057540091
 -0.26151755015000000   0.59898503183663652
 -0.26150955015000000   0.59898785428246750
 -0.26150155015000000   0.59899067780900655
 -0.26149355015000000   0.59899350230610407
 -0.26148555015000000   0.59899632765776466
 -0.26147755015000000   0.59899915374261160
 -0.26146955015000000   0.59900198043439585
 -0.26146155015000000   0.59900480760254719
 -0.26145355015000000   0.59900763511276300
 -0.26144555015000000   0.59901046282763168
 -0.26143755015000000   0.59901329060728581
 -0.26142955015000000   0.59901611831008075
 -0.26142155015000000   0.59901894579329388
 -0.26141355015000000   0.59902177291383929
 -0.26140555015000000   0.59902459952899296
 -0.26139755015000000   0.59902742549712281
 -0.26138955015000000   0.59903025067841821
 -0.26138155015000000   0.59903307493561372
 -0.26137355015000000   0.59903589813470141
 -0.26136555015000000   0.59903872014562619
 -0.26135755015000000   0.59904154084295940
 -0.26134955015000000   0.59904436010654470
 -0.26134155015000000   0.59904717782211218
 -0.26133355015000000   0.59904999388185542
 -0.26132555015000000   0.59905280818496736
 -0.26131755015000000   0.59905562063813060
 -0.26130955015000000   0.59905843115595883
 -0.26130155015000000   0.59906123966138559
 -0.26129355015000000   0.59906404608599749
 -0.26128555015000000   0.59906685037030979
 -0.26127755015000000   0.59906965246398148
 -0.26126955015000000   0.59907245232596877
 -0.26126155015000000   0.59907524992461561
 -0.26125355015000000   0.59907804523768062
 -0.26124555015000000   0.59908083825229979
 -0.26123755015000000   0.59908362896488568
 -0.26122955015000000   0.59908641738096330
 -0.26122155015000000   0.59908920351494382
 -0.26121355015000000   0.59909198738983795
 -0.26120555015000000   0.59909476903691034
 -0.26119755015000000   0.59909754849527758
 -0.26118955015000000   0.59910032581145272
 -0.26118155015000000   0.59910310103883868
 -0.26117355015000000   0.59910587423717461
 -0.26116555015000000   0.59910864547193818
 -0.26115755015000000   0.59911141481370857
 -0.26114955015000000   0.59911418233749329
 -0.26114155015000000   0.59911694812202432
 -0.26113355015000000   0.59911971224902773
 -0.26112555015000000   0.59912247480247144
 -0.26111755015000000   0.59912523586779662
 -0.26110955015000000   0.59912799553113762
 -0.26110155015000000   0.59913075387853555
 -0.26109355015000000   0.59913351099515129
 -0.26108555015000000   0.59913626696448292
 -0.26107755015000000   0.59913902186759328
 -0.26106955015000000   0.59914177578235292
 -0.26106155015000000   0.59914452878270418
 -0.26105355015000000   0.59914728093795141
 -0.26104555015000000   0.59915003231208267
 -0.26103755015000000   0.59915278296312834
 -0.26102955015000000   0.59915553294256149
 -0.26102155015000000   0.59915828229474443
 -0.26101355015000000   0.59916103105642685
 -0.26100555015000000   0.59916377925629894
 -0.26099755015000000   0.59916652691460427
 -0.26098955015000000   0.59916927404281569
 -0.26098155015000000   0.59917202064337750
 -0.26097355015000000   0.59917476670951719
 -0.26096555015000000   0.59917751222512864
 -0.26095755015000000   0.59918025716472922
 -0.26094955015000000   0.59918300149349208
 -0.26094155015000000   0.59918574516735423
 -0.26093355015000000   0.59918848813320137
 -0.26092555015000000   0.59919123032912876
 -0.26091755015000000   0.59919397168477737
 -0.26090955015000000   0.59919671212174399
 -0.26090155015000000   0.59919945155406339
 -0.26089355015000000   0.59920218988875926
 -0.26088555015000000   0.59920492702646157
 -0.26087755015000000   0.59920766286208541
 -0.26086955015000000   0.59921039728556806
 -0.26086155015000000   0.59921313018265815
 -0.26085355015000000   0.59921586143575255
 -0.26084555015000000   0.59921859092477404
 -0.26083755015000000   0.59922131852808406
 -0.26082955015000000   0.59922404412342381
 -0.26082155015000000   0.59922676758887621
 -0.26081355015000000   0.59922948880384192
 -0.26080555015000000   0.59923220765002183
 -0.26079755015000000   0.59923492401239838
 -0.26078955015000000   0.59923763778020814
 -0.26078155015000000   0.59924034884789821
 -0.26077355015000000   0.59924305711605884
 -0.26076555015000000   0.59924576249232490
 -0.26075755015000000   0.59924846489223930
 -0.26074955015000000   0.59925116424007126
 -0.26074155015000000   0.59925386046958332
 -0.26073355015000000   0.59925655352474078
 -0.26072555015000000   0.59925924336035795
 -0.26071755015000000   0.59926192994267611
 -0.26070955015000000   0.59926461324986867
 -0.26070155015000000   0.59926729327246923
 -0.26069355015000000   0.59926997001371903
 -0.26068555015000000   0.59927264348983118
 -0.26067755015000000   0.59927531373016889
 -0.26066955015000000   0.59927798077733602
 -0.26066155015000000   0.59928064468717933
 -0.26065355015000000   0.59928330552870093
 -0.26064555015000000   0.59928596338388179
 -0.26063755015000000   0.59928861834741637
 -0.26062955015000000   0.59929127052635966
 -0.26062155015000000   0.59929392003968837
 -0.26061355015000000   0.59929656701777798
 -0.26060555015000000   0.59929921160179909
 -0.26059755015000000   0.59930185394303518
 -0.26058955015000000   0.59930449420212621
 -0.26058155015000000   0.59930713254824130
 -0.26057355015000000   0.59930976915818552
 -0.26056555015000000   0.59931240421544470
 -0.26055755015000000   0.59931503790917426
 -0.26054955015000000   0.59931767043313667
 -0.26054155015000000   0.59932030198459396
 -0.26053355015000000   0.59932293276316071
 -0.26052555015000000   0.59932556296962443
 -0.26051755015000000   0.59932819280473966
 -0.26050955015000000   0.59933082246800261
 -0.26050155015000000   0.59933345215641386
 -0.26049355015000000   0.59933608206323596
 -0.26048555015000000   0.59933871237675402
 -0.26047755015000000   0.59934134327904661
 -0.26046955015000000   0.59934397494477548
 -0.26046155015000000   0.59934660754000140
 -0.26045355015000000   0.59934924122103520
 -0.26044555015000000   0.59935187613333135
 -0.26043755015000000   0.59935451241043348
 -0.26042955015000000   0.59935715017297874
 -0.26042155015000000   0.59935978952777065
 -0.26041355015000000   0.59936243056692727
 -0.26040555015000000   0.59936507336711346
 -0.26039755015000000   0.59936771798886440
 -0.26038955015000000   0.59937036447600762
 -0.26038155015000000   0.59937301285519073
 -0.26037355015000000   0.59937566313552077
 -0.26036555015000000   0.59937831530832117
 -0.26035755015000000   0.59938096934701162
 -0.26034955015000000   0.59938362520711441
 -0.26034155015000000   0.59938628282639175
 -0.26033355015000000   0.59938894212511556
 -0.26032555015000000   0.59939160300647223
 -0.26031755015000000   0.59939426535710171
 -0.26030955015000000   0.59939692904777162
 -0.26030155015000000   0.59939959393418324
 -0.26029355015000000   0.59940225985790708
 -0.26028555015000000   0.59940492664744371
 -0.26027755015000000   0.59940759411940390
 -0.26026955015000000   0.59941026207980206
 -0.26026155015000000   0.59941293032545429
 -0.26025355015000000   0.59941559864547280
 -0.26024555015000000   0.59941826682284589
 -0.26023755015000000   0.59942093463609308
 -0.26022955015000000   0.59942360186098288
 -0.26022155015000000   0.59942626827230087
 -0.26021355015000000   0.59942893364565455
 -0.26020555015000000   0.59943159775930119
 -0.26019755015000000   0.59943426039598451
 -0.26018955015000000   0.59943692134476546
 -0.26018155015000000   0.59943958040283337
 -0.26017355015000000   0.59944223737728207
 -0.26016555015000000   0.59944489208683797
 -0.26015755015000000   0.59944754436352552
 -0.26014955015000000   0.59945019405425736
 -0.26014155015000000   0.59945284102233650
 -0.26013355015000000   0.59945548514885873
 -0.26012555015000000   0.59945812633400434
 -0.26011755015000000   0.59946076449820936
 -0.26010955015000000   0.59946339958320710
 -0.26010155015000000   0.59946603155293237
 -0.26009355015000000   0.59946866039428123
 -0.26008555015000000   0.59947128611772094
 -0.26007755015000000   0.59947390875774499
 -0.26006955015000000   0.59947652837317006
 -0.26006155015000000   0.59947914504727220
 -0.26005355015000000   0.59948175888776070
 -0.26004555015000000   0.59948437002658908
 -0.26003755015000000   0.59948697861960387
 -0.26002955015000000   0.59948958484603178
 -0.26002155015000000   0.59949218890780796
 -0.26001355015000000   0.59949479102874746
 -0.26000555015000000   0.59949739145356385
 -0.25999755015000000   0.59949999044673856
 -0.25998955015000000   0.59950258829124583
 -0.25998155015000000   0.59950518528713843
 -0.25997355015000000   0.59950778174999969
 -0.25996555015000000   0.59951037800926796
 -0.25995755015000000   0.59951297440644038
 -0.25994955015000000   0.59951557129316290
 -0.25994155015000000   0.59951816902921408
 -0.25993355015000000   0.59952076798039106
 -0.25992555015000000   0.59952336851630617
 -0.25991755015000000   0.59952597100810356
 -0.25990955015000000   0.59952857582610554
 -0.25990155015000000   0.59953118333739964
 -0.25989355015000000   0.59953379390337724
 -0.25988555015000000   0.59953640787723616
 -0.25987755015000000   0.59953902560146005
 -0.25986955015000000   0.59954164740528845
 -0.25986155015000000   0.59954427360219238
 -0.25985355015000000   0.59954690448737090
 -0.25984555015000000   0.59954954033528565
 -0.25983755015000000   0.59955218139725089
 -0.25982955015000000   0.59955482789909729
 -0.25982155015000000   0.59955748003892936
 -0.25981355015000000   0.59956013798499631
 -0.25980555015000000   0.59956280187369727
 -0.25979755015000000   0.59956547180774230
 -0.25978955015000000   0.59956814785449050
 -0.25978155015000000   0.59957083004448731
 -0.25977355015000000   0.59957351837022217
 -0.25976555015000000   0.59957621278512773
 -0.25975755015000000   0.59957891320284097
 -0.25974955015000000   0.59958161949674522
 -0.25974155015000000   0.59958433149981083
 -0.25973355015000000   0.59958704900475007
 -0.25972555015000000   0.59958977176450014
 -0.25971755015000000   0.59959249949304489
 -0.25970955015000000   0.59959523186658330
 -0.25970155015000000   0.59959796852504961
 -0.25969355015000000   0.59960070907398587
 -0.25968555015000000   0.59960345308676413
 -0.25967755015000000   0.59960620010715246
 -0.25966955015000000   0.59960894965221246
 -0.25966155015000000   0.59961170121551520
 -0.25965355015000000   0.59961445427065512
 -0.25964555015000000   0.59961720827503999
 -0.25963755015000000   0.59961996267393022
 -0.25962955015000000   0.59962271690469748
 -0.25962155015000000   0.59962547040127001
 -0.25961355015000000   0.59962822259872935
 -0.25960555015000000   0.59963097293802090
 -0.25959755015000000   0.59963372087074036
 -0.25958955015000000   0.59963646586395547
 -0.25958155015000000   0.59963920740502482
 -0.25957355015000000   0.59964194500637330
 -0.25956555015000000   0.59964467821018695
 -0.25955755015000000   0.59964740659299040
 -0.25954955015000000   0.59965012977007260
 -0.25954155015000000   0.59965284739972938
 -0.25953355015000000   0.59965555918729355
 -0.25952555015000000   0.59965826488892797
 -0.25951755015000000   0.59966096431515876
 -0.25950955015000000   0.59966365733413105
 -0.25950155015000000   0.59966634387457196
 -0.25949355015000000   0.59966902392845020
 -0.25948555015000000   0.59967169755332405
 -0.25947755015000000   0.59967436487437381
 -0.25946955015000000   0.59967702608611604
 -0.25946155015000000   0.59967968145380150
 -0.25945355015000000   0.59968233131449865
 -0.25944555015000000   0.59968497607786804
 -0.25943755015000000   0.59968761622663236
 -0.25942955015000000   0.59969025231674909
 -0.25942155015000000   0.59969288497729159
 -0.25941355015000000   0.59969551491004449
 -0.25940555015000000   0.59969814288881866
 -0.25939755015000000   0.59970076975848878
 -0.25938955015000000   0.59970339643375510
 -0.25938155015000000   0.59970602389762877
 -0.25937355015000000   0.59970865319963677
 -0.25936555015000000   0.59971128545373949
 -0.25935755015000000   0.59971392183595084
 -0.25934955015000000   0.59971656358164614
 -0.25934155015000000   0.59971921198253981
 -0.25933355015000000   0.59972186838330987
 -0.25932555015000000   0.59972453417784278
 -0.25931755015000000   0.59972721080506659
 -0.25930955015000000   0.59972989974433741
 -0.25930155015000000   0.59973260251033931
 -0.25929355015000000   0.59973532064745443
 -0.25928555015000000   0.59973805572355666
 -0.25927755015000000   0.59974080932318028
 -0.25926955015000000   0.59974358304001309
 -0.25926155015000000   0.59974637846866353
 -0.25925355015000000   0.59974919719565234
 -0.25924555015000000   0.59975204078958275
 -0.25923755015000000   0.59975491079044807
 -0.25922955015000000   0.59975780869804367
 -0.25922155015000000   0.59976073595946103
 -0.25921355015000000   0.59976369395565541
 -0.25920555015000000   0.59976668398709673
 -0.25919755015000000   0.59976970725853484
 -0.25918955015000000   0.59977276486293603
 -0.25918155015000000   0.59977585776467795
 -0.25917355015000000   0.59977898678212440
 -0.25916555015000000   0.59978215256973898
 -0.25915755015000000   0.59978535559993880
 -0.25914955015000000   0.59978859614493196
 -0.25914155015000000   0.59979187425882827
 -0.25913355015000000   0.59979518976035554
 -0.25912555015000000   0.59979854221655618
 -0.25911755015000000   0.59980193092787428
 -0.25910955015000000   0.59980535491507264
 -0.25910155015000000   0.59980881290843645
 -0.25909355015000000   0.59981230333972530
 -0.25908555015000000   0.59981582433732346
 -0.25907755015000000   0.59981937372500816
 -0.25906955015000000   0.59982294902470537
 -0.25906155015000000   0.59982654746353257
 -0.25905355015000000   0.59983016598533582
 -0.25904555015000000   0.59983380126682047
 -0.25903755015000000   0.59983744973824969
 -0.25902955015000000   0.59984110760855041
 -0.25902155015000000   0.59984477089452689
 -0.25901355015000000   0.59984843545374388
 -0.25900555015000000   0.59985209702051370
 -0.25899755015000000   0.59985575124430868
 -0.25898955015000000   0.59985939372983034
 -0.25898155015000000   0.59986302007790613
 -0.25897355015000000   0.59986662592635327
 -0.25896555015000000   0.59987020698995370
 -0.25895755015000000   0.59987375909872019
 -0.25894955015000000   0.59987727823370190
 -0.25894155015000000   0.59988076055967170
 -0.25893355015000000   0.59988420245415297
 -0.25892555015000000   0.59988760053237315
 -0.25891755015000000   0.59989095166786957
 -0.25890955015000000   0.59989425300860869
 -0.25890155015000000   0.59989750198861334
 -0.25889355015000000   0.59990069633521131
 -0.25888555015000000   0.59990383407212380
 -0.25887755015000000   0.59990691351869755
 -0.25886955015000000   0.59990993328565155
 -0.25886155015000000   0.59991289226775425
 -0.25885355015000000   0.59991578963387432
 -0.25884555015000000   0.59991862481485713
 -0.25883755015000000   0.59992139748967314
 -0.25882955015000000   0.59992410757026491
 -0.25882155015000000   0.59992675518549211
 -0.25881355015000000   0.59992934066453730
 -0.25880555015000000   0.59993186452009493
 -0.25879755015000000   0.59993432743162463
 -0.25878955015000000   0.59993673022890545
 -0.25878155015000000   0.59993907387608645
 -0.25877355015000000   0.59994135945639011
 -0.25876555015000000   0.59994358815758707
 -0.25875755015000000   0.59994576125832904
 -0.25874955015000000   0.59994788011539747
 -0.25874155015000000   0.59994994615189986
 -0.25873355015000000   0.59995196084642555
 -0.25872555015000000   0.59995392572315482
 -0.25871755015000000   0.59995584234290077
 -0.25870955015000000   0.59995771229505334
 -0.25870155015000000   0.59995953719038569
 -0.25869355015000000   0.59996131865467802
 -0.25868555015000000   0.59996305832310936
 -0.25867755015000000   0.59996475783536590
 -0.25866955015000000   0.59996641883141364
 -0.25866155015000000   0.59996804294788328
 -0.25865355015000000   0.59996963181501616
 -0.25864555015000000   0.59997118705412220
 -0.25863755015000000   0.59997271027550270
 -0.25862955015000000   0.59997420307679328
 -0.25862155015000000   0.59997566704168574
 -0.25861355015000000   0.59997710373898949
 -0.25860555015000000   0.59997851472199670
 -0.25859755015000000   0.59997990152811833
 -0.25858955015000000   0.59998126567876038
 -0.25858155015000000   0.59998260867941314
 -0.25857355015000000   0.59998393201992776
 -0.25856555015000000   0.59998523717495837
 -0.25855755015000000   0.59998652560454829
 -0.25854955015000000   0.59998779875484258
 -0.25854155015000000   0.59998905805891023
 -0.25853355015000000   0.59999030493766096
 -0.25852555015000000   0.59999154080084350
 -0.25851755015000000   0.59999276704811329
 -0.25850955015000000   0.59999398507015902
 -0.25850155015000000   0.59999519624987820
 -0.25849355015000000   0.59999640196359270
 -0.25848555015000000   0.59999760358229694
 -0.25847755015000000   0.59999880247293060
 -0.25846955015000000   0.59999999999966938
 -0.25846155015000000   0.60000119752522715
 -0.25845355015000000   0.60000239641216315
 -0.25844555015000000   0.60000359802418820
 -0.25843755015000000   0.60000480372746364
 -0.25842955015000000   0.60000601489188655
 -0.25842155015000000   0.60000723289235528
 -0.25841355015000000   0.60000845911000738
 -0.25840555015000000   0.60000969493342361
 -0.25839755015000000   0.60001094175978911
 -0.25838955015000000   0.60001220099600338
 -0.25838155015000000   0.60001347405972912
 -0.25837355015000000   0.60001476238036934
 -0.25836555015000000   0.60001606739996051
 -0.25835755015000000   0.60001739057396873
 -0.25834955015000000   0.60001873337197366
 -0.25834155015000000   0.60002009727822405
 -0.25833355015000000   0.60002148379204636
 -0.25832555015000000   0.60002289442808576
 -0.25831755015000000   0.60002433071635755
 -0.25830955015000000   0.60002579420208336
 -0.25830155015000000   0.60002728644528520
 -0.25829355015000000   0.60002880902010730
 -0.25828555015000000   0.60003036351383260
 -0.25827755015000000   0.60003195152555892
 -0.25826955015000000   0.60003357466449618
 -0.25826155015000000   0.60003523454784372
 -0.25825355015000000   0.60003693279820389
 -0.25824555015000000   0.60003867104048649
 -0.25823755015000000   0.60004045089825507
 -0.25822955015000000   0.60004227398946659
 -0.25822155015000000   0.60004414192155301
 -0.25821355015000000   0.60004605628579517
 -0.25820555015000000   0.60004801865093954
 -0.25819755015000000   0.60005003055601073
 -0.25818955015000000   0.60005209350227785
 -0.25818155015000000   0.60005420894433797
 -0.25817355015000000   0.60005637828028882
 -0.25816555015000000   0.60005860284097435
 -0.25815755015000000   0.60006088387830021
 -0.25814955015000000   0.60006322255263452
 -0.25814155015000000   0.60006561991932948
 -0.25813355015000000   0.60006807691442470
 -0.25812555015000000   0.60007059433962149
 -0.25811755015000000   0.60007317284664959
 -0.25810955015000000   0.60007581292118284
 -0.25810155015000000   0.60007851486649998
 -0.25809355015000000   0.60008127878712531
 -0.25808555015000000   0.60008410457272688
 -0.25807755015000000   0.60008699188258851
 -0.25806955015000000   0.60008994013101171
 -0.25806155015000000   0.60009294847403430
 -0.25805355015000000   0.60009601579788119
 -0.25804555015000000   0.60009914070957626
 -0.25803755015000000   0.60010232153015024
 -0.25802955015000000   0.60010555629086665
 -0.25802155015000000   0.60010884273286180
 -0.25801355015000000   0.60011217831054649
 -0.25800555015000000   0.60011556019905300
 -0.25799755015000000   0.60011898530592668
 -0.25798955015000000   0.60012245028715881
 -0.25798155015000000   0.60012595156754343
 -0.25797355015000000   0.60012948536521323
 -0.25796555015000000   0.60013304772007950
 -0.25795755015000000   0.60013663452577052
 -0.25794955015000000   0.60014024156454001
 -0.25794155015000000   0.60014386454450940
 -0.25793355015000000   0.60014141425571136
 -0.25792555015000000   0.60014488586295669
 -0.25791755015000000   0.60014836395456797
 -0.25790955015000000   0.60015184458930139
 -0.25790155015000000   0.60015532392053434
 -0.25789355015000000   0.60015879822972223
 -0.25788555015000000   0.60016226395735473
 -0.25787755015000000   0.60016571773086979
 -0.25786955015000000   0.60016915638909169
 -0.25786155015000000   0.60017257700287615
 -0.25785355015000000   0.60017597689176596
 -0.25784555015000000   0.60017935363658067
 -0.25783755015000000   0.60018270508797554
 -0.25782955015000000   0.60018602937110618
 -0.25782155015000000   0.60018932488662096
 -0.25781355015000000   0.60019259030827379
 -0.25780555015000000   0.60019582457750076
 -0.25779755015000000   0.60019902689533969
 -0.25778955015000000   0.60020219671208947
 -0.25778155015000000   0.60020533371510910
 -0.25777355015000000   0.60020843781514760
 -0.25776555015000000   0.60021150913157678
 -0.25775755015000000   0.60021454797686979
 -0.25774955015000000   0.60021755484063766
 -0.25774155015000000   0.60022053037349760
 -0.25773355015000000   0.60022347537101046
 -0.25772555015000000   0.60022639075788572
 -0.25771755015000000   0.60022927757261655
 -0.25770955015000000   0.60023213695267310
 -0.25770155014999999   0.60023497012035025
 -0.25769355014999999   0.60023777836933856
 -0.25768555014999999   0.60024056305206240
 -0.25767755014999999   0.60024332556780784
 -0.25766955014999999   0.60024606735164599
 -0.25766155014999999   0.60024878986414279
 -0.25765355014999999   0.60025149458183451
 -0.25764555014999999   0.60025418298844077
 -0.25763755014999999   0.60025685656677943
 -0.25762955014999999   0.60025951679134441
 -0.25762155014999999   0.60026216512150473
 -0.25761355014999999   0.60026480299528264
 -0.25760555014999999   0.60026743182366826
 -0.25759755014999999   0.60027005298543094
 -0.25758955014999999   0.60027266782238774
 -0.25758155014999999   0.60027527763509452
 -0.25757355014999999   0.60027788367892601
 -0.25756555014999999   0.60028048716051663
 -0.25755755014999999   0.60028308923453635
 -0.25754955014999999   0.60028569100078004
 -0.25754155014999999   0.60028829350155264
 -0.25753355014999999   0.60029089771933566
 -0.25752555014999999   0.60029350457472477
 -0.25751755014999999   0.60029611492463094
 -0.25750955014999999   0.60029872956074043
 -0.25750155014999999   0.60030134920823291
 -0.25749355014999999   0.60030397452475758
 -0.25748555014999999   0.60030660609967073
 -0.25747755014999999   0.60030924445353885
 -0.25746955014999999   0.60031189003791311
 -0.25746155014999999   0.60031454323538116
 -0.25745355014999999   0.60031720435990310
 -0.25744555014999999   0.60031987365743782
 -0.25743755014999999   0.60032255130686538
 -0.25742955014999999   0.60032523742120977
 -0.25742155014999999   0.60032793204916536
 -0.25741355014999999   0.60033063517692712
 -0.25740555014999999   0.60033334673032435
 -0.25739755014999999   0.60033606657725237
 -0.25738955014999999   0.60033879453039622
 -0.25738155014999999   0.60034153035023513
 -0.25737355014999999   0.60034427374831480
 -0.25736555014999999   0.60034702439076999
 -0.25735755014999999   0.60034978190207737
 -0.25734955014999999   0.60035254586901499
 -0.25734155014999999   0.60035531584480160
 -0.25733355014999999   0.60035809135338663
 -0.25732555014999999   0.60036087189385903
 -0.25731755014999999   0.60036365694494100
 -0.25730955014999999   0.60036644596953124
 -0.25730155014999999   0.60036923841926167
 -0.25729355014999999   0.60037203373903022
 -0.25728555014999999   0.60037483137147338
 -0.25727755014999999   0.60037763076134207
 -0.25726955014999999   0.60038043135974585
 -0.25726155014999999   0.60038323262823237
 -0.25725355014999999   0.60038603404267066
 -0.25724555014999999   0.60038883509691007
 -0.25723755014999999   0.60039163530618925
 -0.25722955014999999   0.60039443421027264
 -0.25722155014999999   0.60039723137629615
 -0.25721355014999999   0.60040002640130664
 -0.25720555014999999   0.60040281891448380
 -0.25719755014999999   0.60040560857903684
 -0.25718955014999999   0.60040839509377175
 -0.25718155014999999   0.60041117819432884
 -0.25717355014999999   0.60041395765409296
 -0.25716555014999999   0.60041673328478257
 -0.25715755014999999   0.60041950493672588
 -0.25714955014999999   0.60042227249883582
 -0.25714155014999999   0.60042503589829617
 -0.25713355014999999   0.60042779509997522
 -0.25712555014999999   0.60043055010558229
 -0.25711755014999999   0.60043330095258645
 -0.25710955014999999   0.60043604771291470
 -0.25710155014999999   0.60043879049145025
 -0.25709355014999999   0.60044152942434966
 -0.25708555014999999   0.60044426467719948
 -0.25707755014999999   0.60044699644303098
 -0.25706955014999999   0.60044972494021353
 -0.25706155014999999   0.60045245041024467
 -0.25705355014999999   0.60045517311545568
 -0.25704555014999999   0.60045789333665006
 -0.25703755014999999   0.60046061137069221
 -0.25702955014999999   0.60046332752806206
 -0.25702155014999999   0.60046604213039147
 -0.25701355014999999   0.60046875550799666
 -0.25700555014999999   0.60047146799742070
 -0.25699755014999999   0.60047417993899875
 -0.25698955014999999   0.60047689167445891
 -0.25698155014999999   0.60047960354456963
 -0.25697355014999999   0.60048231588684507
 -0.25696555014999999   0.60048502903331843
 -0.25695755014999999   0.60048774330839345
 -0.25694955014999999   0.60049045902678271
 -0.25694155014999999   0.60049317649154185
 -0.25693355014999999   0.60049589599220786
 -0.25692555014999999   0.60049861780304913
 -0.25691755014999999   0.60050134218143470
 -0.25690955014999999   0.60050406936632936
 -0.25690155014999999   0.60050679957692135
 -0.25689355014999999   0.60050953301138827
 -0.25688555014999999   0.60051226984580654
 -0.25687755014999999   0.60051501023320957
 -0.25686955014999999   0.60051775430279879
 -0.25686155014999999   0.60052050215931070
 -0.25685355014999999   0.60052325388254355
 -0.25684555014999999   0.60052600952704507
 -0.25683755014999999   0.60052876912196304
 -0.25682955014999999   0.60053153267105887
 -0.25682155014999999   0.60053430015288363
 -0.25681355014999999   0.60053707152111507
 -0.25680555014999999   0.60053984670505305
 -0.25679755014999999   0.60054262561026982
 -0.25678955014999999   0.60054540811941012
 -0.25678155014999999   0.60054819409313552
 -0.25677355014999999   0.60055098337120621
 -0.25676555014999999   0.60055377577369153
 -0.25675755014999999   0.60055657110230088
 -0.25674955014999999   0.60055936914182448
 -0.25674155014999999   0.60056216966167322
 -0.25673355014999999   0.60056497241750542
 -0.25672555014999999   0.60056777715292814
 -0.25671755014999999   0.60057058360125980
 -0.25670955014999999   0.60057339148733992
 -0.25670155014999999   0.60057620052937237
 -0.25669355014999999   0.60057901044078752
 -0.25668555014999999   0.60058182093210863
 -0.25667755014999999   0.60058463171280835
 -0.25666955014999999   0.60058744249314118
 -0.25666155014999999   0.60059025298593757
 -0.25665355014999999   0.60059306290834726
 -0.25664555014999999   0.60059587198351824
 -0.25663755014999999   0.60059867994220014
 -0.25662955014999999   0.60060148652426068
 -0.25662155014999999   0.60060429148010546
 -0.25661355014999999   0.60060709457199172
 -0.25660555014999999   0.60060989557522884
 -0.25659755014999999   0.60061269427925837
 -0.25658955014999999   0.60061549048860862
 -0.25658155014999999   0.60061828402371932
 -0.25657355014999999   0.60062107472163362
 -0.25656555014999999   0.60062386243655552
 -0.25655755014999999   0.60062664704027236
 -0.25654955014999999   0.60062942842244258
 -0.25654155014999999   0.60063220649075074
 -0.25653355014999999   0.60063498117093254
 -0.25652555014999999   0.60063775240667287
 -0.25651755014999999   0.60064052015938201
 -0.25650955014999999   0.60064328440785468
 -0.25650155014999999   0.60064604514781837
 -0.25649355014999999   0.60064880239137690
 -0.25648555014999999   0.60065155616635667
 -0.25647755014999999   0.60065430651556292
 -0.25646955014999999   0.60065705349595379
 -0.25646155014999999   0.60065979717774020
 -0.25645355014999999   0.60066253764342001
 -0.25644555014999999   0.60066527498675448
 -0.25643755014999999   0.60066800931169607
 -0.25642955014999999   0.60067074073127532
 -0.25642155014999999   0.60067346936645583
 -0.25641355014999999   0.60067619534496524
 -0.25640555014999999   0.60067891880011066
 -0.25639755014999999   0.60068163986958630
 -0.25638955014999999   0.60068435869428142
 -0.25638155014999999   0.60068707541709573
 -0.25637355014999999   0.60068979018176980
 -0.25636555014999999   0.60069250313173781
 -0.25635755014999999   0.60069521440900847
 -0.25634955014999999   0.60069792415308170
 -0.25634155014999999   0.60070063249990593
 -0.25633355014999999   0.60070333958088285
 -0.25632555014999999   0.60070604552192407
 -0.25631755014999999   0.60070875044256542
 -0.25630955014999999   0.60071145445514294
 -0.25630155014999999   0.60071415766403501
 -0.25629355014999999   0.60071686016497444
 -0.25628555014999999   0.60071956204443381
 -0.25627755014999999   0.60072226337908680
 -0.25626955014999999   0.60072496423534834
 -0.25626155014999999   0.60072766466899516
 -0.25625355014999999   0.60073036472486842
 -0.25624555014999999   0.60073306443665938
 -0.25623755014999999   0.60073576382677863
 -0.25622955014999999   0.60073846290630867
 -0.25622155014999999   0.60074116167503944
 -0.25621355014999999   0.60074386012158574
 -0.25620555014999999   0.60074655822358462
 -0.25619755014999999   0.60074925594797096
 -0.25618955014999999   0.60075195325132841
 -0.25618155014999999   0.60075465008031231
 -0.25617355014999999   0.60075734637214146
 -0.25616555014999999   0.60076004205515401
 -0.25615755014999999   0.60076273704942327
 -0.25614955014999999   0.60076543126742834
 -0.25614155014999999   0.60076812461477432
 -0.25613355014999999   0.60077081699095603
 -0.25612555014999999   0.60077350829015991
 -0.25611755014999999   0.60077619840209706
 -0.25610955014999999   0.60077888721286170
 -0.25610155014999999   0.60078157460580811
 -0.25609355014999999   0.60078426046243941
 -0.25608555014999999   0.60078694466330158
 -0.25607755014999999   0.60078962708887614
 -0.25606955014999999   0.60079230762046487
 -0.25606155014999999   0.60079498614105982
 -0.25605355014999999   0.60079766253619311
 -0.25604555014999999   0.60080033669475988
 -0.25603755014999999   0.60080300850980890
 -0.25602955014999999   0.60080567787929581
 -0.25602155014999999   0.60080834470679351
 -0.25601355014999999   0.60081100890215571
 -0.25600555014999999   0.60081367038212906
 -0.25599755014999999   0.60081632907091072
 -0.25598955014999999   0.60081898490064775
 -0.25598155014999999   0.60082163781187625
 -0.25597355014999999   0.60082428775389770
 -0.25596555014999999   0.60082693468509125
 -0.25595755014999999   0.60082957857316054
 -0.25594955014999999   0.60083221939531506
 -0.25594155014999999   0.60083485713838530
 -0.25593355014999999   0.60083749179887272
 -0.25592555014999999   0.60084012338293500
 -0.25591755014999999   0.60084275190630822
 -0.25590955014999999   0.60084537739416736
 -0.25590155014999999   0.60084799988092752
 -0.25589355014999999   0.60085061940998818
 -0.25588555014999999   0.60085323603342331
 -0.25587755014999999   0.60085584981162044
 -0.25586955014999999   0.60085846081287187
 -0.25586155014999999   0.60086106911292185
 -0.25585355014999999   0.60086367479447324
 -0.25584555014999999   0.60086627794665762
 -0.25583755014999999   0.60086887866447282
 -0.25582955014999999   0.60087147704819245
 -0.25582155014999999   0.60087407320275086
 -0.25581355014999999   0.60087666723710844
 -0.25580555014999999   0.60087925926360137
 -0.25579755014999999   0.60088184939728006
 -0.25578955014999999   0.60088443775524050
 -0.25578155014999999   0.60088702445595279
 -0.25577355014999999   0.60088960961859119
 -0.25576555014999999   0.60089219336236926
 -0.25575755014999999   0.60089477580588483
 -0.25574955014999999   0.60089735706647773
 -0.25574155014999999   0.60089993725960488
 -0.25573355014999999   0.60090251649823567
 -0.25572555014999999   0.60090509489227135
 -0.25571755014999999   0.60090767254799173
 -0.25570955014999999   0.60091024956753191
 -0.25570155014999999   0.60091282604839214
 -0.25569355014999999   0.60091540208298345
 -0.25568555014999999   0.60091797775821127
 -0.25567755014999999   0.60092055315509949
 -0.25566955014999999   0.60092312834845635
 -0.25566155014999999   0.60092570340658458
 -0.25565355014999999   0.60092827839103641
 -0.25564555014999999   0.60093085335641515
 -0.25563755014999999   0.60093342835022375
 -0.25562955014999999   0.60093600341276102
 -0.25562155014999999   0.60093857857706602
 -0.25561355014999999   0.60094115386891005
 -0.25560555014999999   0.60094372930683614
 -0.25559755014999999   0.60094630490224546
 -0.25558955014999999   0.60094888065952965
 -0.25558155014999999   0.60095145657624741
 -0.25557355014999999   0.60095403264334448
 -0.25556555014999999   0.60095660884541456
 -0.25555755014999999   0.60095918516099944
 -0.25554955014999999   0.60096176156292575
 -0.25554155014999999   0.60096433801867571
 -0.25553355014999999   0.60096691449078944
 -0.25552555014999999   0.60096949093729506
 -0.25551755014999999   0.60097206731216415
 -0.25550955014999999   0.60097464356578842
 -0.25550155014999999   0.60097721964547472
 -0.25549355014999999   0.60097979549595447
 -0.25548555014999999   0.60098237105990352
 -0.25547755014999999   0.60098494627846939
 -0.25546955014999999   0.60098752109180129
 -0.25546155014999999   0.60099009543957986
 -0.25545355014999999   0.60099266926154241
 -0.25544555014999999   0.60099524249800024
 -0.25543755014999999   0.60099781509034444
 -0.25542955014999999   0.60100038698153662
 -0.25542155014999999   0.60100295811658149
 -0.25541355014999999   0.60100552844297797
 -0.25540555014999999   0.60100809791114599
 -0.25539755014999999   0.60101066647482639
 -0.25538955014999999   0.60101323409145135
 -0.25538155014999999   0.60101580072248302
 -0.25537355014999999   0.60101836633371882
 -0.25536555014999999   0.60102093089556117
 -0.25535755014999999   0.60102349438325085
 -0.25534955014999999   0.60102605677706241
 -0.25534155014999999   0.60102861806246122
 -0.25533355014999999   0.60103117823022126
 -0.25532555014999999   0.60103373727650381
 -0.25531755014999999   0.60103629520289669
 -0.25530955014999999   0.60103885201641484
 -0.25530155014999999   0.60104140772946239
 -0.25529355014999999   0.60104396235975738
 -0.25528555014999999   0.60104651593022004
 -0.25527755014999999   0.60104906846882608
 -0.25526955014999999   0.60105162000842650
 -0.25526155014999999   0.60105417058653546
 -0.25525355014999999   0.60105672024508860
 -0.25524555014999999   0.60105926903017327
 -0.25523755014999999   0.60106181699173344
 -0.25522955014999999   0.60106436418325144
 -0.25522155014999999   0.60106691066140871
 -0.25521355014999999   0.60106945648572897
 -0.25520555014999999   0.60107200171820522
 -0.25519755014999999   0.60107454642291461
 -0.25518955014999999   0.60107709066562278
 -0.25518155014999999   0.60107963451338116
 -0.25517355014999999   0.60108217803411977
 -0.25516555014999999   0.60108472129623815
 -0.25515755014999999   0.60108726436819748
 -0.25514955014999999   0.60108980731811636
 -0.25514155014999999   0.60109235021337289
 -0.25513355014999999   0.60109489312021583
 -0.25512555014999999   0.60109743610338708
 -0.25511755014999999   0.60109997922575821
 -0.25510955014999999   0.60110252254798289
 -0.25510155014999999   0.60110506612816801
 -0.25509355014999999   0.60110761002156481
 -0.25508555014999999   0.60111015428028262
 -0.25507755014999999   0.60111269895302636
 -0.25506955014999999   0.60111524408485997
 -0.25506155014999999   0.60111778971699656
 -0.25505355014999999   0.60112033588661700
 -0.25504555014999999   0.60112288262671791
 -0.25503755014999999   0.60112542996598960
 -0.25502955014999999   0.60112797792872495
 -0.25502155014999999   0.60113052653475947
 -0.25501355014999999   0.60113307579944308
 -0.25500555014999999   0.60113562573364304
 -0.25499755014999999   0.60113817634377856
 -0.25498955014999999   0.60114072763188612
 -0.25498155014999999   0.60114327959571533
 -0.25497355014999999   0.60114583222885409
 -0.25496555014999999   0.60114838552088257
 -0.25495755014999999   0.60115093945755430
 -0.25494955014999999   0.60115349402100314
 -0.25494155014999999   0.60115604918997506
 -0.25493355014999999   0.60115860494008208
 -0.25492555014999999   0.60116116124407725
 -0.25491755014999999   0.60116371807214846
 -0.25490955014999999   0.60116627539222868
 -0.25490155014999999   0.60116883317032078
 -0.25489355014999999   0.60117139137083424
 -0.25488555014999999   0.60117394995693161
 -0.25487755014999999   0.60117650889088209
 -0.25486955014999999   0.60117906813441975
 -0.25486155014999999   0.60118162764910390
 -0.25485355014999999   0.60118418739667913
 -0.25484555014999999   0.60118674733943243
 -0.25483755014999999   0.60118930744054498
 -0.25482955014999999   0.60119186766443625
 -0.25482155014999999   0.60119442797709796
 -0.25481355014999999   0.60119698834641577
 -0.25480555014999999   0.60119954874247676
 -0.25479755014999999   0.60120210913786016
 -0.25478955014999999   0.60120466950791015
 -0.25478155014999999   0.60120722983098832
 -0.25477355014999999   0.60120979008870502
 -0.25476555014999999   0.60121235026612738
 -0.25475755014999999   0.60121491035196357
 -0.25474955014999999   0.60121747033872155
 -0.25474155014999999   0.60122003022284216
 -0.25473355014999999   0.60122259000480535
 -0.25472555014999999   0.60122514968920937
 -0.25471755014999999   0.60122770928482266
 -0.25470955014999999   0.60123026880460820
 -0.25470155014999999   0.60123282826572054
 -0.25469355014999999   0.60123538768947585
 -0.25468555014999999   0.60123794710129526
 -0.25467755014999999   0.60124050653062226
 -0.25466955014999999   0.60124306601081506
 -0.25466155014999999   0.60124562557901456
 -0.25465355014999999   0.60124818527598921
 -0.25464555014999999   0.60125074514595808
 -0.25463755014999999   0.60125330523639313
 -0.25462955014999999   0.60125586559780262
 -0.25462155014999999   0.60125842628349675
 -0.25461355014999999   0.60126098734933745
 -0.25460555014999999   0.60126354885347411
 -0.25459755014999999   0.60126611085606669
 -0.25458955014999999   0.60126867341899839
 -0.25458155014999999   0.60127123660557983
 -0.25457355014999999   0.60127380048024604
 -0.25456555014999999   0.60127636510824916
 -0.25455755014999999   0.60127893055534788
 -0.25454955014999999   0.60128149688749623
 -0.25454155014999999   0.60128406417053312
 -0.25453355014999999   0.60128663246987509
 -0.25452555014999999   0.60128920185021359
 -0.25451755014999999   0.60129177237521902
 -0.25450955014999999   0.60129434410725292
 -0.25450155014999999   0.60129691710709062
 -0.25449355014999999   0.60129949143365504
 -0.25448555014999999   0.60130206714376418
 -0.25447755014999999   0.60130464429189305
 -0.25446955014999999   0.60130722292995167
 -0.25446155014999999   0.60130980310708038
 -0.25445355014999999   0.60131238486946344
 -0.25444555014999999   0.60131496826016197
 -0.25443755014999999   0.60131755331896748
 -0.25442955014999999   0.60132014008227602
 -0.25442155014999999   0.60132272858298411
 -0.25441355014999999   0.60132531885040686
 -0.25440555014999999   0.60132791091021817
 -0.25439755014999999   0.60133050478441395
 -0.25438955014999999   0.60133310049129753
 -0.25438155014999999   0.60133569804548781
 -0.25437355014999999   0.60133829745794947
 -0.25436555014999999   0.60134089873604520
 -0.25435755014999999   0.60134350188360877
 -0.25434955014999999   0.60134610690103914
 -0.25434155014999999   0.60134871378541382
 -0.25433355014999999   0.60135132253062134
 -0.25432555014999999   0.60135393312751110
 -0.25431755014999999   0.60135654556405980
 -0.25430955014999999   0.60135915982555293
 -0.25430155014999999   0.60136177589478015
 -0.25429355014999999   0.60136439375224260
 -0.25428555014999999   0.60136701337637110
 -0.25427755014999999   0.60136963474375315
 -0.25426955014999999   0.60137225782936749
 -0.25426155014999999   0.60137488260682384
 -0.25425355014999999   0.60137750904860662
 -0.25424555014999999   0.60138013712632076
 -0.25423755014999999   0.60138276681093743
 -0.25422955014999999   0.60138539807303833
 -0.25422155014999999   0.60138803088305666
 -0.25421355014999999   0.60139066521151290
 -0.25420555014999999   0.60139330102924384
 -0.25419755014999999   0.60139593830762332
 -0.25418955014999999   0.60139857701877298
 -0.25418155014999999   0.60140121713576170
 -0.25417355014999999   0.60140385863279206
 -0.25416555014999999   0.60140650148537315
 -0.25415755014999999   0.60140914567047789
 -0.25414955014999999   0.60141179116668421
 -0.25414155014999999   0.60141443795429918
 -0.25413355014999999   0.60141708601546513
 -0.25412555014999999   0.60141973533424723
 -0.25411755014999999   0.60142238589670194
 -0.25410955014999999   0.60142503769092609
 -0.25410155014999999   0.60142769070708606
 -0.25409355014999999   0.60143034493742748
 -0.25408555014999999   0.60143300037626479
 -0.25407755014999999   0.60143565701995155
 -0.25406955014999999   0.60143831486683133
 -0.25406155014999999   0.60144097391716985
 -0.25405355014999999   0.60144363417306889
 -0.25404555014999999   0.60144629563836267
 -0.25403755014999999   0.60144895831849752
 -0.25402955014999999   0.60145162222039566
 -0.25402155014999999   0.60145428735230455
 -0.25401355014999999   0.60145695372363207
 -0.25400555014999999   0.60145962134476981
 -0.25399755014999999   0.60146229022690481
 -0.25398955014999999   0.60146496038182167
 -0.25398155014999999   0.60146763182169639
 -0.25397355014999999   0.60147030455888300
 -0.25396555014999999   0.60147297860569508
 -0.25395755014999999   0.60147565397418326
 -0.25394955014999999   0.60147833067591029
 -0.25394155014999999   0.60148100872172569
 -0.25393355014999999   0.60148368812154084
 -0.25392555014999999   0.60148636888410671
 -0.25391755014999999   0.60148905101679545
 -0.25390955014999999   0.60149173452538736
 -0.25390155014999999   0.60149441941386480
 -0.25389355014999999   0.60149710568421441
 -0.25388555014999999   0.60149979333623927
 -0.25387755014999999   0.60150248236738171
 -0.25386955014999999   0.60150517277255867
 -0.25386155014999999   0.60150786454401046
 -0.25385355014999999   0.60151055767116384
 -0.25384555014999999   0.60151325214051069
 -0.25383755014999999   0.60151594793550312
 -0.25382955014999999   0.60151864503646539
 -0.25382155014999999   0.60152134342052379
 -0.25381355014999999   0.60152404306155482
 -0.25380555014999999   0.60152674393015192
 -0.25379755014999999   0.60152944599361121
 -0.25378955014999999   0.60153214921593650
 -0.25378155014999999   0.60153485355786325
 -0.25377355014999999   0.60153755897690178
 -0.25376555014999999   0.60154026542739919
 -0.25375755014999999   0.60154297286061988
 -0.25374955014999999   0.60154568122484398
 -0.25374155014999999   0.60154839046548317
 -0.25373355014999999   0.60155110052521331
 -0.25372555014999999   0.60155381134412277
 -0.25371755014999999   0.60155652285987566
 -0.25370955014999999   0.60155923500788919
 -0.25370155014999999   0.60156194772152333
 -0.25369355014999999   0.60156466093228223
 -0.25368555014999999   0.60156737457002597
 -0.25367755014999999   0.60157008856319084
 -0.25366955014999999   0.60157280283901724
 -0.25366155014999999   0.60157551732378350
 -0.25365355014999999   0.60157823194304420
 -0.25364555014999999   0.60158094662187136
 -0.25363755014999999   0.60158366128509700
 -0.25362955014999999   0.60158637585755574
 -0.25362155014999999   0.60158909026432545
 -0.25361355014999999   0.60159180443096497
 -0.25360555014999999   0.60159451828374718
 -0.25359755014999999   0.60159723174988579
 -0.25358955014999999   0.60159994475775495
 -0.25358155014999999   0.60160265723709980
 -0.25357355014999999   0.60160536911923745
 -0.25356555014999999   0.60160808033724644
 -0.25355755014999999   0.60161079082614411
 -0.25354955014999999   0.60161350052305091
 -0.25354155014999999   0.60161620936734045
 -0.25353355014999999   0.60161891730077487
 -0.25352555014999999   0.60162162426762477
 -0.25351755014999999   0.60162433021477301
 -0.25350955014999999   0.60162703509180224
 -0.25350155014999999   0.60162973885106559
 -0.25349355014999999   0.60163244144774057
 -0.25348555014999999   0.60163514283986586
 -0.25347755014999999   0.60163784298836139
 -0.25346955014999999   0.60164054185703145
 -0.25346155014999999   0.60164323941255155
 -0.25345355014999999   0.60164593562443909
 -0.25344555014999999   0.60164863046500836
 -0.25343755014999999   0.60165132390931083
 -0.25342955014999999   0.60165401593506083
 -0.25342155014999999   0.60165670652254782
 -0.25341355014999999   0.60165939565453598
 -0.25340555014999999   0.60166208331615207
 -0.25339755014999999   0.60166476949476232
 -0.25338955014999999   0.60166745417983986
 -0.25338155014999999   0.60167013736282326
 -0.25337355014999999   0.60167281903696775
 -0.25336555014999999   0.60167549919719004
 -0.25335755014999999   0.60167817783990786
 -0.25334955014999999   0.60168085496287601
 -0.25334155014999999   0.60168353056501909
 -0.25333355014999999   0.60168620464626337
 -0.25332555014999999   0.60168887720736798
 -0.25331755014999999   0.60169154824975720
 -0.25330955014999999   0.60169421777535494
 -0.25330155014999999   0.60169688578642232
 -0.25329355014999999   0.60169955228539974
 -0.25328555014999999   0.60170221727475441
 -0.25327755014999999   0.60170488075683431
 -0.25326955014999999   0.60170754273372953
 -0.25326155014999999   0.60171020320714208
 -0.25325355014999999   0.60171286217826462
 -0.25324555014999999   0.60171551964766935
 -0.25323755014999999   0.60171817561520735
 -0.25322955014999999   0.60172083007991909
 -0.25322155014999999   0.60172348303995689
 -0.25321355014999999   0.60172613449251908
 -0.25320555014999999   0.60172878443379720
 -0.25319755014999999   0.60173143285893544
 -0.25318955014999999   0.60173407976200338
 -0.25318155014999999   0.60173672513598139
 -0.25317355014999999   0.60173936897275921
 -0.25316555014999999   0.60174201126314724
 -0.25315755014999999   0.60174465199690057
 -0.25314955014999999   0.60174729116275517
 -0.25314155014999999   0.60174992874847632
 -0.25313355014999999   0.60175256474091828
 -0.25312555014999999   0.60175519912609516
 -0.25311755014999999   0.60175783188926197
 -0.25310955014999999   0.60176046301500556
 -0.25310155014999999   0.60176309248734429
 -0.25309355014999999   0.60176572028983595
 -0.25308555014999999   0.60176834640569301
 -0.25307755014999999   0.60177097081790412
 -0.25306955014999999   0.60177359350936116
 -0.25306155014999999   0.60177621446299068
 -0.25305355014999999   0.60177883366188884
 -0.25304555014999999   0.60178145108945882
 -0.25303755014999999   0.60178406672954947
 -0.25302955014999999   0.60178668056659468
 -0.25302155014999999   0.60178929258575162
 -0.25301355014999999   0.60179190277303779
 -0.25300555014999999   0.60179451111546502
 -0.25299755014999999   0.60179711760116998
 -0.25298955014999999   0.60179972221954018
 -0.25298155014999999   0.60180232496133422
 -0.25297355014999999   0.60180492581879590
 -0.25296555014999999   0.60180752478576101
 -0.25295755014999999   0.60181012185775622
 -0.25294955014999999   0.60181271703208944
 -0.25294155014999999   0.60181531030793072
 -0.25293355014999999   0.60181790168638343
 -0.25292555014999999   0.60182049117054509
 -0.25291755014999999   0.60182307876555751
 -0.25290955014999999   0.60182566447864571
 -0.25290155014999999   0.60182824831914553
 -0.25289355014999999   0.60183083029851987
 -0.25288555014999999   0.60183341043036278
 -0.25287755014999999   0.60183598873039256
 -0.25286955014999999   0.60183856521643241
 -0.25286155014999999   0.60184113990838032
 -0.25285355014999999   0.60184371282816700
 -0.25284555014999999   0.60184628399970311
 -0.25283755014999999   0.60184885344881571
 -0.25282955014999999   0.60185142120317409
 -0.25282155014999999   0.60185398729220630
 -0.25281355014999999   0.60185655174700579
 -0.25280555014999999   0.60185911460022962
 -0.25279755014999999   0.60186167588598856
 -0.25278955014999999   0.60186423563972956
 -0.25278155014999999   0.60186679389811181
 -0.25277355014999999   0.60186935069887660
 -0.25276555014999999   0.60187190608071215
 -0.25275755014999999   0.60187446008311422
 -0.25274955014999999   0.60187701274624291
 -0.25274155014999999   0.60187956411077737
 -0.25273355014999999   0.60188211421776810
 -0.25272555014999999   0.60188466310848900
 -0.25271755014999999   0.60188721082428900
 -0.25270955014999999   0.60188975740644463
 -0.25270155014999999   0.60189230289601464
 -0.25269355014999999   0.60189484733369657
 -0.25268555014999999   0.60189739075968736
 -0.25267755014999999   0.60189993321354781
 -0.25266955014999999   0.60190247473407195
 -0.25266155014999999   0.60190501535916241
 -0.25265355014999999   0.60190755512571188
 -0.25264555014999999   0.60191009406949179
 -0.25263755014999999   0.60191263222504857
 -0.25262955014999999   0.60191516962560816
 -0.25262155014999999   0.60191770630298925
 -0.25261355014999999   0.60192024228752567
 -0.25260555014999999   0.60192277760799827
 -0.25259755014999999   0.60192531229157678
 -0.25258955014999999   0.60192784636377170
 -0.25258155014999999   0.60193037984839679
 -0.25257355014999999   0.60193291276754164
 -0.25256555014999999   0.60193544514155517
 -0.25255755014999999   0.60193797698903948
 -0.25254955014999999   0.60194050832685424
 -0.25254155014999999   0.60194303917013147
 -0.25253355014999999   0.60194556953230044
 -0.25252555014999999   0.60194809942512254
 -0.25251755014999999   0.60195062885873571
 -0.25250955014999999   0.60195315784170804
 -0.25250155014999999   0.60195568638110028
 -0.25249355014999999   0.60195821448253645
 -0.25248555014999999   0.60196074215028236
 -0.25247755014999999   0.60196326938733128
 -0.25246955014999999   0.60196579619549596
 -0.25246155014999999   0.60196832257550675
 -0.25245355014999999   0.60197084852711473
 -0.25244555014999999   0.60197337404919937
 -0.25243755014999999   0.60197589913987968
 -0.25242955014999999   0.60197842379662857
 -0.25242155014999999   0.60198094801638901
 -0.25241355014999999   0.60198347179569168
 -0.25240555014999999   0.60198599513077310
 -0.25239755014999999   0.60198851801769362
 -0.25238955014999999   0.60199104045245393
 -0.25238155014999999   0.60199356243111042
 -0.25237355014999999   0.60199608394988724
 -0.25236555014999999   0.60199860500528569
 -0.25235755014999999   0.60200112559418905
 -0.25234955014999999   0.60200364571396313
 -0.25234155014999999   0.60200616536255135
 -0.25233355014999999   0.60200868453856403
 -0.25232555014999999   0.60201120324136106
 -0.25231755014999999   0.60201372147112788
 -0.25230955014999999   0.60201623922894395
 -0.25230155014999999   0.60201875651684367
 -0.25229355014999999   0.60202127333786898
 -0.25228555014999999   0.60202378969611376
 -0.25227755014999999   0.60202630559675981
 -0.25226955014999999   0.60202882104610390
 -0.25226155014999999   0.60203133605157616
 -0.25225355014999999   0.60203385062174976
 -0.25224555014999999   0.60203636476634159
 -0.25223755014999999   0.60203887849620458
 -0.25222955014999999   0.60204139182331120
 -0.25222155014999999   0.60204390476072876
 -0.25221355014999999   0.60204641732258677
 -0.25220555014999999   0.60204892952403644
 -0.25219755014999999   0.60205144138120278
 -0.25218955014999999   0.60205395291112998
 -0.25218155014999999   0.60205646413172008
 -0.25217355014999999   0.60205897506166566
 -0.25216555014999999   0.60206148572037732
 -0.25215755014999999   0.60206399612790596
 -0.25214955014999999   0.60206650630486099
 -0.25214155014999999   0.60206901627232478
 -0.25213355014999999   0.60207152605176420
 -0.25212555014999999   0.60207403566493964
 -0.25211755014999999   0.60207654513381249
 -0.25210955014999999   0.60207905448045150
 -0.25210155014999999   0.60208156372693898
 -0.25209355014999999   0.60208407289527711
 -0.25208555014999999   0.60208658200729551
 -0.25207755014999999   0.60208909108456037
 -0.25206955014999999   0.60209160014828594
 -0.25206155014999999   0.60209410921924901
 -0.25205355014999999   0.60209661831770694
 -0.25204555014999999   0.60209912746331990
 -0.25203755014999999   0.60210163667507772
 -0.25202955014999999   0.60210414597123204
 -0.25202155014999999   0.60210665536923414
 -0.25201355014999999   0.60210916488567889
 -0.25200555014999999   0.60211167453625523
 -0.25199755014999999   0.60211418433570352
 -0.25198955014999999   0.60211669429778015
 -0.25198155014999999   0.60211920443522951
 -0.25197355014999999   0.60212171475976358
 -0.25196555014999999   0.60212422528204935
 -0.25195755014999999   0.60212673601170416
 -0.25194955014999999   0.60212924695729887
 -0.25194155014999999   0.60213175812636902
 -0.25193355014999999   0.60213426952543378
 -0.25192555014999999   0.60213678116002262
 -0.25191755014999999   0.60213929303470961
 -0.25190955014999999   0.60214180515315498
 -0.25190155014999999   0.60214431751815379
 -0.25189355014999999   0.60214683013169115
 -0.25188555014999999   0.60214934299500419
 -0.25187755014999999   0.60215185610864953
 -0.25186955014999999   0.60215436947257668
 -0.25186155014999999   0.60215688308620605
 -0.25185355014999999   0.60215939694851188
 -0.25184555014999999   0.60216191105810871
 -0.25183755014999999   0.60216442541334161
 -0.25182955014999999   0.60216694001237883
 -0.25182155014999999   0.60216945485330693
 -0.25181355014999999   0.60217196993422706
 -0.25180555014999999   0.60217448525335259
 -0.25179755014999999   0.60217700080910647
 -0.25178955014999999   0.60217951660021863
 -0.25178155014999999   0.60218203262582200
 -0.25177355014999999   0.60218454888554702
 -0.25176555014999999   0.60218706537961381
 -0.25175755014999999   0.60218958210892138
 -0.25174955014999999   0.60219209907513336
 -0.25174155014999999   0.60219461628075972
 -0.25173355014999999   0.60219713372923383
 -0.25172555014999999   0.60219965142498445
 -0.25171755014999999   0.60220216937350214
 -0.25170955014999999   0.60220468758139972
 -0.25170155014999999   0.60220720605646642
 -0.25169355014999999   0.60220972480771500
 -0.25168555014999999   0.60221224384542230
 -0.25167755014999999   0.60221476318116209
 -0.25166955014999999   0.60221728282783068
 -0.25166155014999999   0.60221980279966482
 -0.25165355014999999   0.60222232311225171
 -0.25164555014999999   0.60222484378253139
 -0.25163755014999999   0.60222736482879119
 -0.25162955014999999   0.60222988627065220
 -0.25162155014999999   0.60223240812904845
 -0.25161355014999999   0.60223493042619807
 -0.25160555014999999   0.60223745318556722
 -0.25159755014999999   0.60223997643182690
 -0.25158955014999999   0.60224250019080270
 -0.25158155014999999   0.60224502448941804
 -0.25157355014999999   0.60224754935563109
 -0.25156555014999999   0.60225007481836575
 -0.25155755014999999   0.60225260090743734
 -0.25154955014999999   0.60225512765347294
 -0.25154155014999999   0.60225765508782757
 -0.25153355014999999   0.60226018324249590
 -0.25152555014999999   0.60226271215002075
 -0.25151755014999999   0.60226524184339845
 -0.25150955014999999   0.60226777235598159
 -0.25150155014999999   0.60227030372138017
 -0.25149355014999999   0.60227283597336119
 -0.25148555014999999   0.60227536914574769
 -0.25147755014999999   0.60227790327231719
 -0.25146955014999999   0.60228043838670123
 -0.25146155014999999   0.60228297452228510
 -0.25145355014999999   0.60228551171210957
 -0.25144555014999999   0.60228804998877452
 -0.25143755014999999   0.60229058938434507
 -0.25142955014999999   0.60229312993026094
 -0.25142155014999999   0.60229567165724924
 -0.25141355014999999   0.60229821459524135
 -0.25140555014999999   0.60230075877329422
 -0.25139755014999999   0.60230330421951645
 -0.25138955014999999   0.60230585096099969
 -0.25138155014999999   0.60230839902375556
 -0.25137355014999999   0.60231094843265837
 -0.25136555014999999   0.60231349921139395
 -0.25135755014999999   0.60231605138241462
 -0.25134955014999999   0.60231860496690104
 -0.25134155014999999   0.60232115998473022
 -0.25133355014999999   0.60232371645445051
 -0.25132555014999999   0.60232627439326322
 -0.25131755014999999   0.60232883381701104
 -0.25130955014999999   0.60233139474017302
 -0.25130155014999999   0.60233395717586637
 -0.25129355014999999   0.60233652113585462
 -0.25128555014999999   0.60233908663056199
 -0.25127755014999999   0.60234165366909419
 -0.25126955014999999   0.60234422225926464
 -0.25126155014999999   0.60234679240762660
 -0.25125355014999999   0.60234936411951036
 -0.25124555014999999   0.60235193739906546
 -0.25123755014999999   0.60235451224930716
 -0.25122955014999999   0.60235708867216731
 -0.25122155014999999   0.60235966666854865
 -0.25121355014999999   0.60236224623838237
 -0.25120555014999999   0.60236482738068836
 -0.25119755014999999   0.60236741009363775
 -0.25118955014999999   0.60236999437461704
 -0.25118155014999999   0.60237258022029350
 -0.25117355014999999   0.60237516762668122
 -0.25116555014999999   0.60237775658920739
 -0.25115755014999999   0.60238034710277791
 -0.25114955014999999   0.60238293916184271
 -0.25114155014999999   0.60238553276045896
 -0.25113355014999999   0.60238812789235310
 -0.25112555014999999   0.60239072455097985
 -0.25111755014999999   0.60239332272957904
 -0.25110955014999999   0.60239592242122881
 -0.25110155014999999   0.60239852361889520
 -0.25109355014999999   0.60240112631547796
 -0.25108555014999999   0.60240373050385163
 -0.25107755014999999   0.60240633617690226
 -0.25106955014999999   0.60240894332755897
 -0.25106155014999999   0.60241155194882034
 -0.25105355014999999   0.60241416203377544
 -0.25104555014999999   0.60241677357561927
 -0.25103755014999999   0.60241938656766236
 -0.25102955014999999   0.60242200100333480
 -0.25102155014999999   0.60242461687618444
 -0.25101355014999999   0.60242723417986897
 -0.25100555014999999   0.60242985290814262
 -0.25099755014999999   0.60243247305483698
 -0.25098955014999999   0.60243509461383618
 -0.25098155014999999   0.60243771757904687
 -0.25097355014999999   0.60244034194436303
 -0.25096555014999999   0.60244296770362553
 -0.25095755014999999   0.60244559485057751
 -0.25094955014999999   0.60244822337881492
 -0.25094155014999999   0.60245085328173362
 -0.25093355014999999   0.60245348455247223
 -0.25092555014999999   0.60245611718385245
 -0.25091755014999999   0.60245875116831601
 -0.25090955014999999   0.60246138649785965
 -0.25090155014999999   0.60246402316396810
 -0.25089355014999999   0.60246666115754572
 -0.25088555014999999   0.60246930046884717
 -0.25087755014999999   0.60247194108740789
 -0.25086955014999999   0.60247458300197446
 -0.25086155014999999   0.60247722620043585
 -0.25085355014999999   0.60247987066975557
 -0.25084555014999999   0.60248251639590583
 -0.25083755014999999   0.60248516336380343
 -0.25082955014999999   0.60248781155724871
 -0.25082155014999999   0.60249046095886735
 -0.25081355014999999   0.60249311155005592
 -0.25080555014999999   0.60249576331093129
 -0.25079755014999999   0.60249841622028472
 -0.25078955014999999   0.60250107025554046
 -0.25078155014999999   0.60250372539271986
 -0.25077355014999999   0.60250638160641066
 -0.25076555014999999   0.60250903886974241
 -0.25075755014999999   0.60251169715436764
 -0.25074955014999999   0.60251435643044959
 -0.25074155014999999   0.60251701666665621
 -0.25073355014999999   0.60251967783016077
 -0.25072555014999999   0.60252233988664939
 -0.25071755014999999   0.60252500280033498
 -0.25070955014999999   0.60252766653397837
 -0.25070155014999999   0.60253033104891577
 -0.25069355014999999   0.60253299630509326
 -0.25068555014999999   0.60253566226110759
 -0.25067755014999999   0.60253832887425367
 -0.25066955014999999   0.60254099610057793
 -0.25066155014999999   0.60254366389493796
 -0.25065355014999999   0.60254633221106769
 -0.25064555014999999   0.60254900100164805
 -0.25063755014999999   0.60255167021838270
 -0.25062955014999999   0.60255433981207829
 -0.25062155014999999   0.60255700973272916
 -0.25061355014999999   0.60255967992960589
 -0.25060555014999999   0.60256235035134700
 -0.25059755014999999   0.60256502094605390
 -0.25058955014999999   0.60256769166138795
 -0.25058155014999999   0.60257036244466967
 -0.25057355014999999   0.60257303324297907
 -0.25056555014999999   0.60257570400325718
 -0.25055755014999999   0.60257837467240748
 -0.25054955014999999   0.60258104519739768
 -0.25054155014999999   0.60258371552536012
 -0.25053355014999999   0.60258638560369156
 -0.25052555014999999   0.60258905538015076
 -0.25051755014999999   0.60259172480295403
 -0.25050955014999999   0.60259439382086798
 -0.25050155014999999   0.60259706238329919
 -0.25049355014999999   0.60259973044038005
 -0.25048555014999999   0.60260239794305078
 -0.25047755014999999   0.60260506484313702
 -0.25046955014999999   0.60260773109342259
