 -0.26769739568000000   0.59728079992775814
 -0.26768939568000000   0.59728349482479132
 -0.26768139568000000   0.59728619006067397
 -0.26767339568000000   0.59728888566595621
 -0.26766539568000000   0.59729158167431749
 -0.26765739568000000   0.59729427812254377
 -0.26764939568000000   0.59729697505048424
 -0.26764139568000000   0.59729967250098766
 -0.26763339568000000   0.59730237051981872
 -0.26762539568000000   0.59730506915555484
 -0.26761739568000000   0.59730776845946355
 -0.26760939568000000   0.59731046848536216
 -0.26760139568000000   0.59731316928945956
 -0.26759339568000000   0.59731587093018139
 -0.26758539568000000   0.59731857346798035
 -0.26757739568000000   0.59732127696513163
 -0.26756939568000000   0.59732398148551574
 -0.26756139568000000   0.59732668709438973
 -0.26755339568000000   0.59732939385814813
 -0.26754539568000000   0.59733210184407566
 -0.26753739568000000   0.59733481112009244
 -0.26752939568000000   0.59733752175449428
 -0.26752139568000000   0.59734023381568918
 -0.26751339568000000   0.59734294737193185
 -0.26750539568000000   0.59734566249105795
 -0.26749739568000000   0.59734837924022012
 -0.26748939568000000   0.59735109768562700
 -0.26748139568000000   0.59735381789228728
 -0.26747339568000000   0.59735653992376079
 -0.26746539568000000   0.59735926384191732
 -0.26745739568000000   0.59736198970670594
 -0.26744939568000000   0.59736471757593540
 -0.26744139568000000   0.59736744750506778
 -0.26743339568000000   0.59737017954702623
 -0.26742539568000000   0.59737291375201844
 -0.26741739568000000   0.59737565016737696
 -0.26740939568000000   0.59737838883741723
 -0.26740139568000000   0.59738112980331468
 -0.26739339568000000   0.59738387310300107
 -0.26738539568000000   0.59738661877108163
 -0.26737739568000000   0.59738936683877262
 -0.26736939568000000   0.59739211733386031
 -0.26736139568000000   0.59739487028068135
 -0.26735339568000000   0.59739762570012462
 -0.26734539568000000   0.59740038360965451
 -0.26733739568000000   0.59740314402335527
 -0.26732939568000000   0.59740590695199620
 -0.26732139568000000   0.59740867240311672
 -0.26731339568000000   0.59741144038113107
 -0.26730539568000000   0.59741421088745113
 -0.26729739568000000   0.59741698392062702
 -0.26728939568000000   0.59741975947650355
 -0.26728139568000000   0.59742253754839174
 -0.26727339568000000   0.59742531812725358
 -0.26726539568000000   0.59742810120189862
 -0.26725739568000000   0.59743088675919077
 -0.26724939568000000   0.59743367478426334
 -0.26724139568000000   0.59743646526074050
 -0.26723339568000000   0.59743925817096354
 -0.26722539568000000   0.59744205349621944
 -0.26721739568000000   0.59744485121697023
 -0.26720939568000000   0.59744765131308082
 -0.26720139568000000   0.59745045376404344
 -0.26719339568000000   0.59745325854919670
 -0.26718539568000000   0.59745606564793724
 -0.26717739568000000   0.59745887503992200
 -0.26716939568000000   0.59746168670525945
 -0.26716139568000000   0.59746450062468796
 -0.26715339568000000   0.59746731677973951
 -0.26714539568000000   0.59747013515288740
 -0.26713739568000000   0.59747295572767642
 -0.26712939568000000   0.59747577848883415
 -0.26712139568000000   0.59747860342236252
 -0.26711339568000000   0.59748143051560832
 -0.26710539568000000   0.59748425975731197
 -0.26709739568000000   0.59748709113763425
 -0.26708939568000000   0.59748992464815974
 -0.26708139568000000   0.59749276028187795
 -0.26707339568000000   0.59749559803314058
 -0.26706539568000000   0.59749843789759648
 -0.26705739568000000   0.59750127987210346
 -0.26704939568000000   0.59750412395461818
 -0.26704139568000000   0.59750697014406451
 -0.26703339568000000   0.59750981844018137
 -0.26702539568000000   0.59751266884335074
 -0.26701739568000000   0.59751552135440782
 -0.26700939568000000   0.59751837597443371
 -0.26700139568000000   0.59752123270453318
 -0.26699339568000000   0.59752409154559826
 -0.26698539568000000   0.59752695249806020
 -0.26697739568000000   0.59752981556163149
 -0.26696939568000000   0.59753268073503959
 -0.26696139568000000   0.59753554801575520
 -0.26695339568000000   0.59753841739971663
 -0.26694539568000000   0.59754128888105317
 -0.26693739568000000   0.59754416245180889
 -0.26692939568000000   0.59754703810167028
 -0.26692139568000000   0.59754991581769918
 -0.26691339568000000   0.59755279558407369
 -0.26690539568000000   0.59755567738183965
 -0.26689739568000000   0.59755856118867439
 -0.26688939568000000   0.59756144697866523
 -0.26688139568000000   0.59756433472210507
 -0.26687339568000000   0.59756722438530685
 -0.26686539568000000   0.59757011593043847
 -0.26685739568000000   0.59757300931538086
 -0.26684939568000000   0.59757590449360976
 -0.26684139568000000   0.59757880141410334
 -0.26683339568000000   0.59758170002127684
 -0.26682539568000000   0.59758460025494508
 -0.26681739568000000   0.59758750205031381
 -0.26680939568000000   0.59759040533800083
 -0.26680139568000000   0.59759331004408670
 -0.26679339568000000   0.59759621609019592
 -0.26678539568000000   0.59759912339360798
 -0.26677739568000000   0.59760203186739828
 -0.26676939568000000   0.59760494142060835
 -0.26676139568000000   0.59760785195844449
 -0.26675339568000000   0.59761076338250386
 -0.26674539568000000   0.59761367559102669
 -0.26673739568000000   0.59761658847917343
 -0.26672939568000000   0.59761950193932456
 -0.26672139568000000   0.59762241586140172
 -0.26671339568000000   0.59762533013320784
 -0.26670539568000000   0.59762824464078375
 -0.26669739568000000   0.59763115926877944
 -0.26668939568000000   0.59763407390083668
 -0.26668139568000000   0.59763698841998089
 -0.26667339568000000   0.59763990270901947
 -0.26666539568000000   0.59764281665094303
 -0.26665739568000000   0.59764573012932794
 -0.26664939568000000   0.59764864302873599
 -0.26664139568000000   0.59765155523510905
 -0.26663339568000000   0.59765446663615598
 -0.26662539568000000   0.59765737712172833
 -0.26661739568000000   0.59766028658418287
 -0.26660939568000000   0.59766319491872776
 -0.26660139568000000   0.59766610202375058
 -0.26659339568000000   0.59766900780112509
 -0.26658539568000000   0.59767191215649545
 -0.26657739568000000   0.59767481499953506
 -0.26656939568000000   0.59767771624417939
 -0.26656139568000000   0.59768061580883000
 -0.26655339568000000   0.59768351361652958
 -0.26654539568000000   0.59768640959510624
 -0.26653739568000000   0.59768930367728671
 -0.26652939568000000   0.59769219580077759
 -0.26652139568000000   0.59769508590831437
 -0.26651339568000000   0.59769797394767833
 -0.26650539568000000   0.59770085987168160
 -0.26649739568000000   0.59770374363812048
 -0.26648939568000000   0.59770662520969785
 -0.26648139568000000   0.59770950455391601
 -0.26647339568000000   0.59771238164294033
 -0.26646539568000000   0.59771525645343568
 -0.26645739568000000   0.59771812896637709
 -0.26644939568000000   0.59772099916683594
 -0.26644139568000000   0.59772386704374444
 -0.26643339568000000   0.59772673258963942
 -0.26642539568000000   0.59772959580038848
 -0.26641739568000000   0.59773245667490066
 -0.26640939568000000   0.59773531521482343
 -0.26640139568000000   0.59773817142422941
 -0.26639339568000000   0.59774102530929487
 -0.26638539568000000   0.59774387687797248
 -0.26637739568000000   0.59774672613966159
 -0.26636939568000000   0.59774957310487785
 -0.26636139568000000   0.59775241778492569
 -0.26635339568000000   0.59775526019157543
 -0.26634539568000000   0.59775810033674828
 -0.26633739568000000   0.59776093823221096
 -0.26632939568000000   0.59776377388928348
 -0.26632139568000000   0.59776660731856089
 -0.26631339568000000   0.59776943852965255
 -0.26630539568000000   0.59777226753093999
 -0.26629739568000000   0.59777509432935595
 -0.26628939568000000   0.59777791893018575
 -0.26628139568000000   0.59778074133689293
 -0.26627339568000000   0.59778356155097024
 -0.26626539568000000   0.59778637957181759
 -0.26625739568000000   0.59778919539664715
 -0.26624939568000000   0.59779200902041704
 -0.26624139568000000   0.59779482043579397
 -0.26623339568000000   0.59779762963314450
 -0.26622539568000000   0.59780043660055586
 -0.26621739568000000   0.59780324132388557
 -0.26620939568000000   0.59780604378683940
 -0.26620139568000000   0.59780884397107747
 -0.26619339568000000   0.59781164185634693
 -0.26618539568000000   0.59781443742064076
 -0.26617739568000000   0.59781723064038092
 -0.26616939568000000   0.59782002149062454
 -0.26616139568000000   0.59782280994529133
 -0.26615339568000000   0.59782559597741021
 -0.26614539568000000   0.59782837955938356
 -0.26613739568000000   0.59783116066326608
 -0.26612939568000000   0.59783393926105669
 -0.26612139568000000   0.59783671532500063
 -0.26611339568000000   0.59783948882789919
 -0.26610539568000000   0.59784225974342468
 -0.26609739568000000   0.59784502804643756
 -0.26608939568000000   0.59784779371330388
 -0.26608139568000000   0.59785055672220913
 -0.26607339568000000   0.59785331705346707
 -0.26606539568000000   0.59785607468981991
 -0.26605739568000000   0.59785882961672803
 -0.26604939568000000   0.59786158182264621
 -0.26604139568000000   0.59786433129928424
 -0.26603339568000000   0.59786707804184986
 -0.26602539568000000   0.59786982204927142
 -0.26601739568000000   0.59787256332439872
 -0.26600939568000000   0.59787530187418002
 -0.26600139568000000   0.59787803770981378
 -0.26599339568000000   0.59788077084687377
 -0.26598539568000000   0.59788350130540576
 -0.26597739568000000   0.59788622910999594
 -0.26596939568000000   0.59788895428980911
 -0.26596139568000000   0.59789167687859682
 -0.26595339568000000   0.59789439691467506
 -0.26594539568000000   0.59789711444087111
 -0.26593739568000000   0.59789982950443992
 -0.26592939568000000   0.59790254215695045
 -0.26592139568000000   0.59790525245414232
 -0.26591339568000000   0.59790796045575374
 -0.26590539568000000   0.59791066622532144
 -0.26589739568000000   0.59791336982995450
 -0.26588939568000000   0.59791607134008224
 -0.26588139568000000   0.59791877082917916
 -0.26587339568000000   0.59792146837346756
 -0.26586539568000000   0.59792416405160012
 -0.26585739568000000   0.59792685794432473
 -0.26584939568000000   0.59792955013413318
 -0.26584139568000000   0.59793224070489647
 -0.26583339568000000   0.59793492974148885
 -0.26582539568000000   0.59793761732940317
 -0.26581739568000000   0.59794030355435992
 -0.26580939568000000   0.59794298850191290
 -0.26580139568000000   0.59794567225705350
 -0.26579339568000000   0.59794835490381724
 -0.26578539568000000   0.59795103652489402
 -0.26577739568000000   0.59795371720124583
 -0.26576939568000000   0.59795639701173396
 -0.26576139568000000   0.59795907603275814
 -0.26575339568000000   0.59796175433791077
 -0.26574539568000000   0.59796443199764812
 -0.26573739568000000   0.59796710907898109
 -0.26572939568000000   0.59796978564518760
 -0.26572139568000000   0.59797246175554906
 -0.26571339568000000   0.59797513746511237
 -0.26570539568000000   0.59797781282448005
 -0.26569739568000000   0.59798048787962879
 -0.26568939568000000   0.59798316267175976
 -0.26568139568000000   0.59798583723717988
 -0.26567339568000000   0.59798851160721675
 -0.26566539568000000   0.59799118580816701
 -0.26565739568000000   0.59799385986127905
 -0.26564939568000000   0.59799653378277039
 -0.26564139568000000   0.59799920758387990
 -0.26563339568000000   0.59800188127095425
 -0.26562539568000000   0.59800455484556853
 -0.26561739568000000   0.59800722830468034
 -0.26560939568000000   0.59800990164081600
 -0.26560139568000000   0.59801257484228803
 -0.26559339568000000   0.59801524789344223
 -0.26558539568000000   0.59801792077493266
 -0.26557739568000000   0.59802059346402256
 -0.26556939568000000   0.59802326593490921
 -0.26556139568000000   0.59802593815907000
 -0.26555339568000000   0.59802861010562739
 -0.26554539568000000   0.59803128174173015
 -0.26553739568000000   0.59803395303294774
 -0.26552939568000000   0.59803662394367478
 -0.26552139568000000   0.59803929443754311
 -0.26551339568000000   0.59804196447783735
 -0.26550539568000000   0.59804463402791164
 -0.26549739568000000   0.59804730305160386
 -0.26548939568000000   0.59804997151364399
 -0.26548139568000000   0.59805263938005390
 -0.26547339568000000   0.59805530661853517
 -0.26546539568000000   0.59805797319884172
 -0.26545739568000000   0.59806063909313485
 -0.26544939568000000   0.59806330427631744
 -0.26544139568000000   0.59806596872634489
 -0.26543339568000000   0.59806863242451056
 -0.26542539568000000   0.59807129535570310
 -0.26541739568000000   0.59807395750863411
 -0.26540939568000000   0.59807661887603390
 -0.26540139568000000   0.59807927945481436
 -0.26539339568000000   0.59808193924619726
 -0.26538539568000000   0.59808459825580730
 -0.26537739568000000   0.59808725649372901
 -0.26536939568000000   0.59808991397452725
 -0.26536139568000000   0.59809257071723105
 -0.26535339568000000   0.59809522674528102
 -0.26534539568000000   0.59809788208644081
 -0.26533739568000000   0.59810053677267293
 -0.26532939568000000   0.59810319083998073
 -0.26532139568000000   0.59810584432821658
 -0.26531339568000000   0.59810849728085909
 -0.26530539568000000   0.59811114974475985
 -0.26529739568000000   0.59811380176986238
 -0.26528939568000000   0.59811645340889517
 -0.26528139568000000   0.59811910471704128
 -0.26527339568000000   0.59812175575158661
 -0.26526539568000000   0.59812440657155035
 -0.26525739568000000   0.59812705723729943
 -0.26524939568000000   0.59812970781015052
 -0.26524139568000000   0.59813235835196263
 -0.26523339568000000   0.59813500892472322
 -0.26522539568000000   0.59813765959013092
 -0.26521739568000000   0.59814031040917843
 -0.26520939568000000   0.59814296144173866
 -0.26520139568000000   0.59814561274615727
 -0.26519339568000000   0.59814826437885488
 -0.26518539568000000   0.59815091639394237
 -0.26517739568000000   0.59815356884285194
 -0.26516939568000000   0.59815622177398737
 -0.26516139568000000   0.59815887523239605
 -0.26515339568000000   0.59816152925946571
 -0.26514539568000000   0.59816418389264864
 -0.26513739568000000   0.59816683916521518
 -0.26512939568000000   0.59816949510603975
 -0.26512139568000000   0.59817215173942035
 -0.26511339568000000   0.59817480908493407
 -0.26510539568000000   0.59817746715732984
 -0.26509739568000000   0.59818012596645974
 -0.26508939568000000   0.59818278551724968
 -0.26508139568000000   0.59818544580971044
 -0.26507339568000000   0.59818810683898915
 -0.26506539568000000   0.59819076859546145
 -0.26505739568000000   0.59819343106486376
 -0.26504939568000000   0.59819609422846573
 -0.26504139568000000   0.59819875806328102
 -0.26503339568000000   0.59820142254231592
 -0.26502539568000000   0.59820408763485407
 -0.26501739568000000   0.59820675330677505
 -0.26500939568000000   0.59820941952090516
 -0.26500139568000000   0.59821208623739784
 -0.26499339568000000   0.59821475341414060
 -0.26498539568000000   0.59821742100718616
 -0.26497739568000000   0.59822008897120419
 -0.26496939568000000   0.59822275725995034
 -0.26496139568000000   0.59822542582674909
 -0.26495339568000000   0.59822809462498690
 -0.26494539568000000   0.59823076360861146
 -0.26493739568000000   0.59823343273263356
 -0.26492939568000000   0.59823610195362764
 -0.26492139568000000   0.59823877123022683
 -0.26491339568000000   0.59824144052360887
 -0.26490539568000000   0.59824410979796923
 -0.26489739568000000   0.59824677902097694
 -0.26488939568000000   0.59824944816421065
 -0.26488139568000000   0.59825211720357036
 -0.26487339568000000   0.59825478611966245
 -0.26486539568000000   0.59825745489815406
 -0.26485739568000000   0.59826012353009479
 -0.26484939568000000   0.59826279201220278
 -0.26484139568000000   0.59826546034711238
 -0.26483339568000000   0.59826812854358248
 -0.26482539568000000   0.59827079661666250
 -0.26481739568000000   0.59827346458781568
 -0.26480939568000000   0.59827613248499785
 -0.26480139568000000   0.59827880034269134
 -0.26479339568000000   0.59828146820189311
 -0.26478539568000000   0.59828413611005757
 -0.26477739568000000   0.59828680412099375
 -0.26476939568000000   0.59828947229471777
 -0.26476139568000000   0.59829214069726088
 -0.26475339568000000   0.59829480940043487
 -0.26474539568000000   0.59829747848155569
 -0.26473739568000000   0.59830014802312737
 -0.26472939568000000   0.59830281811248807
 -0.26472139568000000   0.59830548884142042
 -0.26471339568000000   0.59830816030572862
 -0.26470539568000000   0.59831083260478531
 -0.26469739568000000   0.59831350584105063
 -0.26468939568000000   0.59831618011956676
 -0.26468139568000000   0.59831885554743143
 -0.26467339568000000   0.59832153223325331
 -0.26466539568000000   0.59832421028659331
 -0.26465739568000000   0.59832688981739521
 -0.26464939568000000   0.59832957093540917
 -0.26464139568000000   0.59833225374961237
 -0.26463339568000000   0.59833493836763052
 -0.26462539568000000   0.59833762489516372
 -0.26461739568000000   0.59834031343542120
 -0.26460939568000000   0.59834300408856842
 -0.26460139568000000   0.59834569695119039
 -0.26459339568000000   0.59834839211577545
 -0.26458539568000000   0.59835108967022245
 -0.26457739568000000   0.59835378969737551
 -0.26456939568000000   0.59835649227458967
 -0.26456139568000000   0.59835919747333068
 -0.26455339568000000   0.59836190535881187
 -0.26454539568000000   0.59836461598967126
 -0.26453739568000000   0.59836732941769140
 -0.26452939568000000   0.59837004568756425
 -0.26452139568000000   0.59837276483670331
 -0.26451339568000000   0.59837548689510505
 -0.26450539568000000   0.59837821188525997
 -0.26449739568000000   0.59838093982211620
 -0.26448939568000000   0.59838367071309451
 -0.26448139568000000   0.59838640455815639
 -0.26447339568000000   0.59838914134992429
 -0.26446539568000000   0.59839188107385421
 -0.26445739568000000   0.59839462370845912
 -0.26444939568000000   0.59839736922558254
 -0.26444139568000000   0.59840011759071981
 -0.26443339568000000   0.59840286876338586
 -0.26442539568000000   0.59840562269752581
 -0.26441739568000000   0.59840837934196672
 -0.26440939568000000   0.59841113864090607
 -0.26440139568000000   0.59841390053443406
 -0.26439339568000000   0.59841666495908555
 -0.26438539568000000   0.59841943184841730
 -0.26437739568000000   0.59842220113360618
 -0.26436939568000000   0.59842497274406333
 -0.26436139568000000   0.59842774660805988
 -0.26435339568000000   0.59843052265335860
 -0.26434539568000000   0.59843330080784659
 -0.26433739568000000   0.59843608100016406
 -0.26432939568000000   0.59843886316032345
 -0.26432139568000000   0.59844164722031443
 -0.26431339568000000   0.59844443311468884
 -0.26430539568000000   0.59844722078112157
 -0.26429739568000000   0.59845001016094187
 -0.26428939568000000   0.59845280119963104
 -0.26428139568000000   0.59845559384728187
 -0.26427339568000000   0.59845838805901607
 -0.26426539568000000   0.59846118379535590
 -0.26425739568000000   0.59846398102254664
 -0.26424939568000000   0.59846677971282736
 -0.26424139568000000   0.59846957984464648
 -0.26423339568000000   0.59847238140282167
 -0.26422539568000000   0.59847518437864047
 -0.26421739568000000   0.59847798876990207
 -0.26420939568000000   0.59848079458089836
 -0.26420139568000000   0.59848360182233481
 -0.26419339568000000   0.59848641051119055
 -0.26418539568000000   0.59848922067051902
 -0.26417739568000000   0.59849203232918945
 -0.26416939568000000   0.59849484552157155
 -0.26416139568000000   0.59849766028716476
 -0.26415339568000000   0.59850047667017437
 -0.26414539568000000   0.59850329471903789
 -0.26413739568000000   0.59850611448590403
 -0.26412939568000000   0.59850893602606831
 -0.26412139568000000   0.59851175939736910
 -0.26411339568000000   0.59851458465954784
 -0.26410539568000000   0.59851741187357870
 -0.26409739568000000   0.59852024110097119
 -0.26408939568000000   0.59852307240305216
 -0.26408139568000000   0.59852590584023107
 -0.26407339568000000   0.59852874147125488
 -0.26406539568000000   0.59853157935245708
 -0.26405739568000000   0.59853441953700775
 -0.26404939568000000   0.59853726207416910
 -0.26404139568000000   0.59854010700856331
 -0.26403339568000000   0.59854295437945771
 -0.26402539568000000   0.59854580422007364
 -0.26401739568000000   0.59854865655692434
 -0.26400939568000000   0.59855151140918770
 -0.26400139568000000   0.59855436878811908
 -0.26399339568000000   0.59855722869651000
 -0.26398539568000000   0.59856009112819705
 -0.26397739568000000   0.59856295606762623
 -0.26396939568000000   0.59856582348947744
 -0.26396139568000000   0.59856869335835225
 -0.26395339568000000   0.59857156562852976
 -0.26394539568000000   0.59857444024379298
 -0.26393739568000000   0.59857731713732863
 -0.26392939568000000   0.59858019623170284
 -0.26392139568000000   0.59858307743891392
 -0.26391339568000000   0.59858596066052343
 -0.26390539568000000   0.59858884578786622
 -0.26389739568000000   0.59859173270233837
 -0.26388939568000000   0.59859462127576309
 -0.26388139568000000   0.59859751137083208
 -0.26387339568000000   0.59860040284162080
 -0.26386539568000000   0.59860329553417400
 -0.26385739568000000   0.59860618928715847
 -0.26384939568000000   0.59860908393257838
 -0.26384139568000000   0.59861197929654849
 -0.26383339568000000   0.59861487520011976
 -0.26382539568000000   0.59861777146015106
 -0.26381739568000000   0.59862066789022132
 -0.26380939568000000   0.59862356430157426
 -0.26380139568000000   0.59862646050408895
 -0.26379339568000000   0.59862935630726885
 -0.26378539568000000   0.59863225152124098
 -0.26377739568000000   0.59863514595775787
 -0.26376939568000000   0.59863803943119401
 -0.26376139568000000   0.59864093175952891
 -0.26375339568000000   0.59864382276530887
 -0.26374539568000000   0.59864671227658007
 -0.26373739568000000   0.59864960012778476
 -0.26372939568000000   0.59865248616061451
 -0.26372139568000000   0.59865537022481272
 -0.26371339568000000   0.59865825217892063
 -0.26370539568000000   0.59866113189096113
 -0.26369739568000000   0.59866400923905466
 -0.26368939568000000   0.59866688411196256
 -0.26368139568000000   0.59866975640955464
 -0.26367339568000000   0.59867262604319618
 -0.26366539568000000   0.59867549293605283
 -0.26365739568000000   0.59867835702331085
 -0.26364939568000000   0.59868121825231103
 -0.26364139568000000   0.59868407658259648
 -0.26363339568000000   0.59868693198587320
 -0.26362539568000000   0.59868978444588496
 -0.26361739568000000   0.59869263395820341
 -0.26360939568000000   0.59869548052993514
 -0.26360139568000000   0.59869832417934874
 -0.26359339568000000   0.59870116493542437
 -0.26358539568000000   0.59870400283732983
 -0.26357739568000000   0.59870683793382687
 -0.26356939568000000   0.59870967028261281
 -0.26356139568000000   0.59871249994960161
 -0.26355339568000000   0.59871532700815071
 -0.26354539568000000   0.59871815153823843
 -0.26353739568000000   0.59872097362559863
 -0.26352939568000000   0.59872379336081833
 -0.26352139568000000   0.59872661083840510
 -0.26351339568000000   0.59872942615583082
 -0.26350539568000000   0.59873223941255863
 -0.26349739568000000   0.59873505070905987
 -0.26348939568000000   0.59873786014582831
 -0.26348139568000000   0.59874066782239850
 -0.26347339568000000   0.59874347383637541
 -0.26346539568000000   0.59874627828248234
 -0.26345739568000000   0.59874908125163425
 -0.26344939568000000   0.59875188283004300
 -0.26344139568000000   0.59875468309836163
 -0.26343339568000000   0.59875748213087393
 -0.26342539568000000   0.59876027999473570
 -0.26341739568000000   0.59876307674927352
 -0.26340939568000000   0.59876587244534707
 -0.26340139568000000   0.59876866712478000
 -0.26339339568000000   0.59877146081986430
 -0.26338539568000000   0.59877425355294293
 -0.26337739568000000   0.59877704533607412
 -0.26336939568000000   0.59877983617078125
 -0.26336139568000000   0.59878262604789084
 -0.26335339568000000   0.59878541494746097
 -0.26334539568000000   0.59878820283880156
 -0.26333739568000000   0.59879098968058741
 -0.26332939568000000   0.59879377542106410
 -0.26332139568000000   0.59879655999834610
 -0.26331339568000000   0.59879934334080563
 -0.26330539568000000   0.59880212536755028
 -0.26329739568000000   0.59880490598898636
 -0.26328939568000000   0.59880768510746406
 -0.26328139568000000   0.59881046261800061
 -0.26327339568000000   0.59881323840907536
 -0.26326539568000000   0.59881601236349207
 -0.26325739568000000   0.59881878435930075
 -0.26324939568000000   0.59882155427077285
 -0.26324139568000000   0.59882432196942203
 -0.26323339568000000   0.59882708732506195
 -0.26322539568000000   0.59882985020689328
 -0.26321739568000000   0.59883261048461066
 -0.26320939568000000   0.59883536802952124
 -0.26320139568000000   0.59883812271566472
 -0.26319339568000000   0.59884087442092654
 -0.26318539568000000   0.59884362302813482
 -0.26317739568000000   0.59884636842613186
 -0.26316939568000000   0.59884911051081142
 -0.26316139568000000   0.59885184918611364
 -0.26315339568000000   0.59885458436496873
 -0.26314539568000000   0.59885731597018265
 -0.26313739568000000   0.59886004393525660
 -0.26312939568000000   0.59886276820513462
 -0.26312139568000000   0.59886548873687256
 -0.26311339568000000   0.59886820550022356
 -0.26310539568000000   0.59887091847813526
 -0.26309739568000000   0.59887362766715466
 -0.26308939568000000   0.59887633307773781
 -0.26308139568000000   0.59887903473446141
 -0.26307339568000000   0.59888173267613522
 -0.26306539568000000   0.59888442695581361
 -0.26305739568000000   0.59888711764070697
 -0.26304939568000000   0.59888980481199243
 -0.26304139568000000   0.59889248856452573
 -0.26303339568000000   0.59889516900645616
 -0.26302539568000000   0.59889784625874637
 -0.26301739568000000   0.59890052045460080
 -0.26300939568000000   0.59890319173880600
 -0.26300139568000000   0.59890586026698670
 -0.26299339568000000   0.59890852620478316
 -0.26298539568000000   0.59891118972695369
 -0.26297739568000000   0.59891385101640888
 -0.26296939568000000   0.59891651026318276
 -0.26296139568000000   0.59891916766334740
 -0.26295339568000000   0.59892182341787768
 -0.26294539568000000   0.59892447773147256
 -0.26293739568000000   0.59892713081134086
 -0.26292939568000000   0.59892978286595804
 -0.26292139568000000   0.59893243410380235
 -0.26291339568000000   0.59893508473207768
 -0.26290539568000000   0.59893773495543152
 -0.26289739568000000   0.59894038497467584
 -0.26288939568000000   0.59894303498551938
 -0.26288139568000000   0.59894568517731966
 -0.26287339568000000   0.59894833573186320
 -0.26286539568000000   0.59895098682218241
 -0.26285739568000000   0.59895363861141733
 -0.26284939568000000   0.59895629125173115
 -0.26284139568000000   0.59895894488328726
 -0.26283339568000000   0.59896159963329622
 -0.26282539568000000   0.59896425561514052
 -0.26281739568000000   0.59896691292758473
 -0.26280939568000000   0.59896957165407807
 -0.26280139568000000   0.59897223186215691
 -0.26279339568000000   0.59897489360295257
 -0.26278539568000000   0.59897755691081111
 -0.26277739568000000   0.59898022180302947
 -0.26276939568000000   0.59898288827971311
 -0.26276139568000000   0.59898555632375800
 -0.26275339568000000   0.59898822590095976
 -0.26274539568000000   0.59899089696025253
 -0.26273739568000000   0.59899356943407688
 -0.26272939568000000   0.59899624323887774
 -0.26272139568000000   0.59899891827573006
 -0.26271339568000000   0.59900159443108967
 -0.26270539568000000   0.59900427157766626
 -0.26269739568000000   0.59900694957541255
 -0.26268939568000000   0.59900962827262411
 -0.26268139568000000   0.59901230750714279
 -0.26267339568000000   0.59901498710765473
 -0.26266539568000000   0.59901766689507434
 -0.26265739568000000   0.59902034668400351
 -0.26264939568000000   0.59902302628425483
 -0.26264139568000000   0.59902570550242737
 -0.26263339568000000   0.59902838414352173
 -0.26262539568000000   0.59903106201258208
 -0.26261739568000000   0.59903373891635088
 -0.26260939568000000   0.59903641466492351
 -0.26260139568000000   0.59903908907338828
 -0.26259339568000000   0.59904176196343842
 -0.26258539568000000   0.59904443316494297
 -0.26257739568000000   0.59904710251746254
 -0.26256939568000000   0.59904976987169835
 -0.26256139568000000   0.59905243509086160
 -0.26255339568000000   0.59905509805195283
 -0.26254539568000000   0.59905775864693977
 -0.26253739568000000   0.59906041678382550
 -0.26252939568000000   0.59906307238759702
 -0.26252139568000000   0.59906572540104774
 -0.26251339568000000   0.59906837578546747
 -0.26250539568000000   0.59907102352119418
 -0.26249739568000000   0.59907366860802385
 -0.26248939568000000   0.59907631106547563
 -0.26248139568000000   0.59907895093290983
 -0.26247339568000000   0.59908158826949898
 -0.26246539568000000   0.59908422315405130
 -0.26245739568000000   0.59908685568468872
 -0.26244939568000000   0.59908948597838120
 -0.26244139568000000   0.59909211417034099
 -0.26243339568000000   0.59909474041328079
 -0.26242539568000000   0.59909736487654022
 -0.26241739568000000   0.59909998774508721
 -0.26240939568000000   0.59910260921839957
 -0.26240139568000000   0.59910522950923417
 -0.26239339568000000   0.59910784884229144
 -0.26238539568000000   0.59911046745278256
 -0.26237739568000000   0.59911308558490873
 -0.26236939568000000   0.59911570349026087
 -0.26236139568000000   0.59911832142614944
 -0.26235339568000000   0.59912093965387470
 -0.26234539568000000   0.59912355843694685
 -0.26233739568000000   0.59912617803926745
 -0.26232939568000000   0.59912879872328282
 -0.26232139568000000   0.59913142074812104
 -0.26231339568000000   0.59913404436772382
 -0.26230539568000000   0.59913666982898600
 -0.26229739568000000   0.59913929736991432
 -0.26228939568000000   0.59914192721781846
 -0.26228139568000000   0.59914455958754722
 -0.26227339568000000   0.59914719467978242
 -0.26226539568000000   0.59914983267940433
 -0.26225739568000000   0.59915247375394110
 -0.26224939568000000   0.59915511805211600
 -0.26224139568000000   0.59915776570250504
 -0.26223339568000000   0.59916041681231802
 -0.26222539568000000   0.59916307146631561
 -0.26221739568000000   0.59916572972587417
 -0.26220939568000000   0.59916839162820989
 -0.26220139568000000   0.59917105718577305
 -0.26219339568000000   0.59917372638582154
 -0.26218539568000000   0.59917639919018305
 -0.26217739568000000   0.59917907553521253
 -0.26216939568000000   0.59918175533195144
 -0.26216139568000000   0.59918443846649263
 -0.26215339568000000   0.59918712480055411
 -0.26214539568000000   0.59918981417226194
 -0.26213739568000000   0.59919250639714159
 -0.26212939568000000   0.59919520126931413
 -0.26212139568000000   0.59919789856289233
 -0.26211339568000000   0.59920059803356893
 -0.26210539568000000   0.59920329942038795
 -0.26209739568000000   0.59920600244768671
 -0.26208939568000000   0.59920870682719567
 -0.26208139568000000   0.59921141226027970
 -0.26207339568000000   0.59921411844030419
 -0.26206539568000000   0.59921682505510651
 -0.26205739568000000   0.59921953178955261
 -0.26204939568000000   0.59922223832815738
 -0.26204139568000000   0.59922494435774651
 -0.26203339568000000   0.59922764957013665
 -0.26202539568000000   0.59923035366481073
 -0.26201739568000000   0.59923305635156502
 -0.26200939568000000   0.59923575735310520
 -0.26200139568000000   0.59923845640756833
 -0.26199339568000000   0.59924115327094970
 -0.26198539568000000   0.59924384771941328
 -0.26197739568000000   0.59924653955146688
 -0.26196939568000000   0.59924922858998385
 -0.26196139568000000   0.59925191468405492
 -0.26195339568000000   0.59925459771065601
 -0.26194539568000000   0.59925727757611924
 -0.26193739568000000   0.59925995421739593
 -0.26192939568000000   0.59926262760310343
 -0.26192139568000000   0.59926529773434846
 -0.26191339568000000   0.59926796464532190
 -0.26190539568000000   0.59927062840366208
 -0.26189739568000000   0.59927328911058473
 -0.26188939568000000   0.59927594690078009
 -0.26188139568000000   0.59927860194207833
 -0.26187339568000000   0.59928125443488671
 -0.26186539568000000   0.59928390461140229
 -0.26185739568000000   0.59928655273460595
 -0.26184939568000000   0.59928919909704332
 -0.26184139568000000   0.59929184401940053
 -0.26183339568000000   0.59929448784888183
 -0.26182539568000000   0.59929713095739831
 -0.26181739568000000   0.59929977373957608
 -0.26180939568000000   0.59930241661059394
 -0.26180139568000000   0.59930506000386045
 -0.26179339568000000   0.59930770436854046
 -0.26178539568000000   0.59931035016694291
 -0.26177739568000000   0.59931299787178010
 -0.26176939568000000   0.59931564796331131
 -0.26176139568000000   0.59931830092638260
 -0.26175339568000000   0.59932095724737628
 -0.26174539568000000   0.59932361741108364
 -0.26173739568000000   0.59932628189751544
 -0.26172939568000000   0.59932895117866606
 -0.26172139568000000   0.59933162571524761
 -0.26171339568000000   0.59933430595341147
 -0.26170539568000000   0.59933699232147646
 -0.26169739568000000   0.59933968522668308
 -0.26168939568000000   0.59934238505199565
 -0.26168139568000000   0.59934509215297451
 -0.26167339568000000   0.59934780685474201
 -0.26166539568000000   0.59935052944906758
 -0.26165739568000000   0.59935326019159771
 -0.26164939568000000   0.59935599929925753
 -0.26164139568000000   0.59935874694785233
 -0.26163339568000000   0.59936150326989621
 -0.26162539568000000   0.59936426835269702
 -0.26161739568000000   0.59936704223672506
 -0.26160939568000000   0.59936982491429287
 -0.26160139568000000   0.59937261632857269
 -0.26159339568000000   0.59937541637297622
 -0.26158539568000000   0.59937822489091856
 -0.26157739568000000   0.59938104167598725
 -0.26156939568000000   0.59938386647253189
 -0.26156139568000000   0.59938669897668791
 -0.26155339568000000   0.59938953883784286
 -0.26154539568000000   0.59939238566054892
 -0.26153739568000000   0.59939523900688033
 -0.26152939568000000   0.59939809839922951
 -0.26152139568000000   0.59940096332352882
 -0.26151339568000000   0.59940383323288014
 -0.26150539568000000   0.59940670755156875
 -0.26149739568000000   0.59940958567943122
 -0.26148939568000000   0.59941246699654343
 -0.26148139568000000   0.59941535086818817
 -0.26147339568000000   0.59941823665005871
 -0.26146539568000000   0.59942112369364990
 -0.26145739568000000   0.59942401135178650
 -0.26144939568000000   0.59942689898423450
 -0.26144139568000000   0.59942978596334160
 -0.26143339568000000   0.59943267167965141
 -0.26142539568000000   0.59943555554743635
 -0.26141739568000000   0.59943843701009617
 -0.26140939568000000   0.59944131554537018
 -0.26140139568000000   0.59944419067031544
 -0.26139339568000000   0.59944706194600465
 -0.26138539568000000   0.59944992898190388
 -0.26137739568000000   0.59945279143989335
 -0.26136939568000000   0.59945564903789911
 -0.26136139568000000   0.59945850155310981
 -0.26135339568000000   0.59946134882475651
 -0.26134539568000000   0.59946419075643912
 -0.26133739568000000   0.59946702731798778
 -0.26132939568000000   0.59946985854685166
 -0.26132139568000000   0.59947268454901288
 -0.26131339568000000   0.59947550549942472
 -0.26130539568000000   0.59947832164197958
 -0.26129739568000000   0.59948113328901195
 -0.26128939568000000   0.59948394082034552
 -0.26128139568000000   0.59948674468189423
 -0.26127339568000000   0.59948954538382895
 -0.26126539568000000   0.59949234349832114
 -0.26125739568000000   0.59949513965687535
 -0.26124939568000000   0.59949793454726269
 -0.26124139568000000   0.59950072891006574
 -0.26123339568000000   0.59950352353484580
 -0.26122539568000000   0.59950631925594133
 -0.26121739568000000   0.59950911694790652
 -0.26120939568000000   0.59951191752059712
 -0.26120139568000000   0.59951472191391092
 -0.26119339568000000   0.59951753109218846
 -0.26118539568000000   0.59952034603828086
 -0.26117739568000000   0.59952316774729138
 -0.26116939568000000   0.59952599721999753
 -0.26116139568000000   0.59952883545596381
 -0.26115339568000000   0.59953168344635601
 -0.26114539568000000   0.59953454216647171
 -0.26113739568000000   0.59953741256800628
 -0.26112939568000000   0.59954029557107749
 -0.26112139568000000   0.59954319205603907
 -0.26111339568000000   0.59954610285511978
 -0.26110539568000000   0.59954902874393283
 -0.26109739568000000   0.59955197043290917
 -0.26108939568000000   0.59955492855871786
 -0.26108139568000000   0.59955790367574672
 -0.26107339568000000   0.59956089624772709
 -0.26106539568000000   0.59956390663959735
 -0.26105739568000000   0.59956693510970985
 -0.26104939568000000   0.59956998180249620
 -0.26104139568000000   0.59957304674171407
 -0.26103339568000000   0.59957612982440598
 -0.26102539568000000   0.59957923081570624
 -0.26101739568000000   0.59958234934463314
 -0.26100939568000000   0.59958548490100527
 -0.26100139568000000   0.59958863683361418
 -0.26099339568000000   0.59959180434977955
 -0.26098539568000000   0.59959498651639948
 -0.26097739568000000   0.59959818226259260
 -0.26096939568000000   0.59960139038400763
 -0.26096139568000000   0.59960460954885047
 -0.26095339568000000   0.59960783830565107
 -0.26094539568000000   0.59961107509275982
 -0.26093739568000000   0.59961431824953009
 -0.26092939568000000   0.59961756602910775
 -0.26092139568000000   0.59962081661271433
 -0.26091339568000000   0.59962406812527630
 -0.26090539568000000   0.59962731865222244
 -0.26089739568000000   0.59963056625724359
 -0.26088939568000000   0.59963380900078745
 -0.26088139568000000   0.59963704495904479
 -0.26087339568000000   0.59964027224317407
 -0.26086539568000000   0.59964348901850924
 -0.26085739568000000   0.59964669352350088
 -0.26084939568000000   0.59964988408815211
 -0.26084139568000000   0.59965305915173110
 -0.26083339568000000   0.59965621727956513
 -0.26082539568000000   0.59965935717875119
 -0.26081739568000000   0.59966247771265172
 -0.26080939568000000   0.59966557791407841
 -0.26080139568000000   0.59966865699710458
 -0.26079339568000000   0.59967171436748198
 -0.26078539568000000   0.59967474963167342
 -0.26077739568000000   0.59967776260454444
 -0.26076939568000000   0.59968075331578665
 -0.26076139568000000   0.59968372201517053
 -0.26075339568000000   0.59968666917674574
 -0.26074539568000000   0.59968959550212382
 -0.26073739568000000   0.59969250192298867
 -0.26072939568000000   0.59969538960298709
 -0.26072139568000000   0.59969825993915396
 -0.26071339568000000   0.59970111456302326
 -0.26070539568000000   0.59970395534157113
 -0.26069739568000000   0.59970678437812529
 -0.26068939568000000   0.59970960401336196
 -0.26068139568000000   0.59971241682649366
 -0.26067339568000000   0.59971522563672911
 -0.26066539568000000   0.59971803350506205
 -0.26065739568000000   0.59972084373641562
 -0.26064939568000000   0.59972365988213458
 -0.26064139568000000   0.59972648574277788
 -0.26063339568000000   0.59972932537111659
 -0.26062539568000000   0.59973218307518751
 -0.26061739568000000   0.59973506342118829
 -0.26060939568000000   0.59973797123592320
 -0.26060139568000000   0.59974091160841869
 -0.26059339568000000   0.59974388989022223
 -0.26058539568000000   0.59974691169377363
 -0.26057739568000000   0.59974998288809327
 -0.26056939568000000   0.59975310959086548
 -0.26056139568000000   0.59975629815580520
 -0.26055339568000000   0.59975955515398540
 -0.26054539568000000   0.59976288734757156
 -0.26053739568000000   0.59976630165416748
 -0.26052939568000000   0.59976980509973411
 -0.26052139568000000   0.59977340475781929
 -0.26051339568000000   0.59977710767265911
 -0.26050539568000000   0.59978092076362025
 -0.26049739568000000   0.59978485070850026
 -0.26048939568000000   0.59978890380345314
 -0.26048139568000000   0.59979308579784426
 -0.26047339568000000   0.59979740170324751
 -0.26046539568000000   0.59980185557716774
 -0.26045739568000000   0.59980645028398034
 -0.26044939568000000   0.59981118723805796
 -0.26044139568000000   0.59981606613707628
 -0.26043339568000000   0.59982108469691241
 -0.26042539568000000   0.59982623840310819
 -0.26041739568000000   0.59983152029712663
 -0.26040939568000000   0.59983692081801350
 -0.26040139568000000   0.59984242772090699
 -0.26039339568000000   0.59984802609245333
 -0.26038539568000000   0.59985369847908621
 -0.26037739568000000   0.59985942513716207
 -0.26036939568000000   0.59986518440446760
 -0.26036139568000000   0.59987095318157087
 -0.26035339568000000   0.59987670750030744
 -0.26034539568000000   0.59988242314710697
 -0.26033739568000000   0.59988807630249222
 -0.26032939568000000   0.59989364415608894
 -0.26032139568000000   0.59989910545924547
 -0.26031339568000000   0.59990444098438004
 -0.26030539568000000   0.59990963387021305
 -0.26029739568000000   0.59991466984341315
 -0.26028939568000000   0.59991953731818449
 -0.26028139568000000   0.59992422738453878
 -0.26027339568000000   0.59992873370256945
 -0.26026539568000000   0.59993305232369183
 -0.26025739568000000   0.59993718146075154
 -0.26024939568000000   0.59994112122768539
 -0.26024139568000000   0.59994487336673577
 -0.26023339568000000   0.59994844097775650
 -0.26022539568000000   0.59995182826047849
 -0.26021739568000000   0.59995504027713978
 -0.26020939568000000   0.59995808273988106
 -0.26020139568000000   0.59996096182488127
 -0.26019339568000000   0.59996368401337462
 -0.26018539568000000   0.59996625595840106
 -0.26017739568000000   0.59996868437531405
 -0.26016939568000000   0.59997097595360603
 -0.26016139568000000   0.59997313728742600
 -0.26015339568000000   0.59997517482216715
 -0.26014539568000000   0.59997709481463720
 -0.26013739568000000   0.59997890330453175
 -0.26012939568000000   0.59998060609517831
 -0.26012139568000000   0.59998220874177766
 -0.26011339568000000   0.59998371654562047
 -0.26010539568000000   0.59998513455299375
 -0.26009739568000000   0.59998646755770443
 -0.26008939568000000   0.59998772010633472
 -0.26008139568000000   0.59998889650550779
 -0.26007339568000000   0.59999000083058041
 -0.26006539568000000   0.59999103693529620
 -0.26005739568000000   0.59999200846203125
 -0.26004939568000000   0.59999291885234357
 -0.26004139568000000   0.59999377135760435
 -0.26003339568000000   0.59999456904954219
 -0.26002539568000000   0.59999531483057460
 -0.26001739568000000   0.59999601144383603
 -0.26000939568000000   0.59999666148283815
 -0.26000139568000000   0.59999726740072107
 -0.25999339568000000   0.59999783151906957
 -0.25998539568000000   0.59999835603628258
 -0.25997739568000000   0.59999884303549326
 -0.25996939568000000   0.59999929449204533
 -0.25996139568000000   0.59999971228053562
 -0.25995339568000000   0.60000009818143802
 -0.25994539568000000   0.60000045388732578
 -0.25993739568000000   0.60000078100871137
 -0.25992939568000000   0.60000108107952390
 -0.25992139568000000   0.60000135556224447
 -0.25991339568000000   0.60000160585272056
 -0.25990539568000000   0.60000183328467891
 -0.25989739568000000   0.60000203913395751
 -0.25988939568000000   0.60000222462247522
 -0.25988139568000000   0.60000239092195763
 -0.25987339568000000   0.60000253915743654
 -0.25986539568000000   0.60000267041053982
 -0.25985739568000000   0.60000278572258712
 -0.25984939568000000   0.60000288609750643
 -0.25984139568000000   0.60000297250458573
 -0.25983339568000000   0.60000304588107228
 -0.25982539568000000   0.60000310713463261
 -0.25981739568000000   0.60000315714568431
 -0.25980939568000000   0.60000319676961093
 -0.25980139568000000   0.60000322683886998
 -0.25979339568000000   0.60000324816500397
 -0.25978539568000000   0.60000326154056340
 -0.25977739568000000   0.60000326774095047
 -0.25976939568000000   0.60000326752619144
 -0.25976139568000000   0.60000326164264579
 -0.25975339568000000   0.60000325082465885
 -0.25974539568000000   0.60000323579616574
 -0.25973739568000000   0.60000321727225262
 -0.25972939568000000   0.60000319596068212
 -0.25972139568000000   0.60000317256338915
 -0.25971339568000000   0.60000314777795302
 -0.25970539568000000   0.60000312229905191
 -0.25969739568000000   0.60000309681990561
 -0.25968939568000000   0.60000307203371192
 -0.25968139568000000   0.60000304863508291
 -0.25967339568000000   0.60000302732148638
 -0.25966539568000000   0.60000300879469828
 -0.25965739568000000   0.60000299376227221
 -0.25964939568000000   0.60000298293903138
 -0.25964139568000000   0.60000297704858965
 -0.25963339568000000   0.60000297682490719
 -0.25962539568000000   0.60000298301388791
 -0.25961739568000000   0.60000299637502455
 -0.25960939568000000   0.60000301768309902
 -0.25960139568000000   0.60000304772994462
 -0.25959339568000000   0.60000308732627840
 -0.25958539568000000   0.60000313730361112
 -0.25957739568000000   0.60000319851624341
 -0.25956939568000000   0.60000327184335745
 -0.25956139568000000   0.60000335819121293
 -0.25955339568000000   0.60000345849545801
 -0.25954539568000000   0.60000357372356562
 -0.25953739568000000   0.60000370487740643
 -0.25952939568000000   0.60000385299597060
 -0.25952139568000000   0.60000401915825120
 -0.25951339568000000   0.60000420448630252
 -0.25950539568000000   0.60000441014848804
 -0.25949739568000000   0.60000463736293288
 -0.25948939568000000   0.60000488740119694
 -0.25948139568000000   0.60000516159218528
 -0.25947339568000000   0.60000546132631347
 -0.25946539568000000   0.60000578805994582
 -0.25945739568000000   0.60000614332012557
 -0.25944939568000000   0.60000652870961557
 -0.25944139568000000   0.60000694591226930
 -0.25943339568000000   0.60000739669875051
 -0.25942539568000000   0.60000788293262020
 -0.25941739568000000   0.60000840657680806
 -0.25940939568000000   0.60000896970048271
 -0.25940139568000000   0.60000957448633344
 -0.25939339568000000   0.60001022323827062
 -0.25938539568000000   0.60001091838954674
 -0.25937739568000000   0.60001166251129208
 -0.25936939568000000   0.60001245832144805
 -0.25936139568000000   0.60001330869406865
 -0.25935339568000000   0.60001421666894235
 -0.25934539568000000   0.60001518546146422
 -0.25933739568000000   0.60001621847266151
 -0.25932939568000000   0.60001731929923848
 -0.25932139568000000   0.60001849174346476
 -0.25931339568000000   0.60001973982267587
 -0.25930539568000000   0.60002106777808845
 -0.25929739568000000   0.60002248008255289
 -0.25928939568000000   0.60002398144676709
 -0.25928139568000000   0.60002557682336027
 -0.25927339568000000   0.60002727140811684
 -0.25926539568000000   0.60002907063745068
 -0.25925739568000000   0.60003098018105528
 -0.25924939568000000   0.60003300592844830
 -0.25924139568000000   0.60003515396790058
 -0.25923339568000000   0.60003743055599939
 -0.25922539568000000   0.60003984207585107
 -0.25921739568000000   0.60004239498170158
 -0.25920939568000000   0.60004509572756946
 -0.25920139568000000   0.60004795067738437
 -0.25919339568000000   0.60005096599415499
 -0.25918539568000000   0.60005414750592296
 -0.25917739568000000   0.60005750054676710
 -0.25916939568000000   0.60006102977199852
 -0.25916139568000000   0.60006473894801766
 -0.25915339568000000   0.60006863071916493
 -0.25914539568000000   0.60007270635632298
 -0.25913739568000000   0.60007696549499158
 -0.25912939568000000   0.60008140587392334
 -0.25912139568000000   0.60008602308891201
 -0.25911339568000000   0.60009081037954519
 -0.25910539568000000   0.60009575846910306
 -0.25909739568000000   0.60010085547863987
 -0.25908939568000000   0.60010608693498128
 -0.25908139568000000   0.60011143588841407
 -0.25907339568000000   0.60011688314909736
 -0.25906539568000000   0.60012240764203224
 -0.25905739568000000   0.60012798686970163
 -0.25904939568000000   0.60013359746063432
 -0.25904139568000000   0.60013921577281722
 -0.25903339568000000   0.60014481851465076
 -0.25902539568000000   0.60015038334412494
 -0.25901739568000000   0.60015588940945692
 -0.25900939568000000   0.60016131780109754
 -0.25900139568000000   0.60016665189459749
 -0.25899339568000000   0.60017187757471909
 -0.25898539568000000   0.60017698334174832
 -0.25897739568000000   0.60018196030986467
 -0.25896939568000000   0.60018680211382380
 -0.25896139568000000   0.60019150474382345
 -0.25895339568000000   0.60019606632945115
 -0.25894539568000000   0.60020048689256321
 -0.25893739568000000   0.60020476808647270
 -0.25892939567999999   0.60020891293557932
 -0.25892139567999999   0.60021292558609940
 -0.25891339567999999   0.60021681107525132
 -0.25890539567999999   0.60022057512336693
 -0.25889739567999999   0.60022422395105136
 -0.25888939567999999   0.60022776412172377
 -0.25888139567999999   0.60023120240859829
 -0.25887339567999999   0.60023454568433272
 -0.25886539567999999   0.60023780083109365
 -0.25885739567999999   0.60024097466857578
 -0.25884939567999999   0.60024407389749253
 -0.25884139567999999   0.60024710505616141
 -0.25883339567999999   0.60025007448799313
 -0.25882539567999999   0.60025298831791761
 -0.25881739567999999   0.60025585243602167
 -0.25880939567999999   0.60025867248691062
 -0.25880139567999999   0.60026145386352998
 -0.25879339567999999   0.60026420170438972
 -0.25878539567999999   0.60026692089331418
 -0.25877739567999999   0.60026961606100267
 -0.25876939567999999   0.60027229158782226
 -0.25876139567999999   0.60027495160737323
 -0.25875339567999999   0.60027760001046785
 -0.25874539567999999   0.60028024044924697
 -0.25873739567999999   0.60028287634123115
 -0.25872939567999999   0.60028551087316240
 -0.25872139567999999   0.60028814700454298
 -0.25871339567999999   0.60029078747082094
 -0.25870539567999999   0.60029343478620744
 -0.25869739567999999   0.60029609124614162
 -0.25868939567999999   0.60029875892944487
 -0.25868139567999999   0.60030143970022844
 -0.25867339567999999   0.60030413520963596
 -0.25866539567999999   0.60030684689751880
 -0.25865739567999999   0.60030957599415313
 -0.25864939567999999   0.60031232352211729
 -0.25864139567999999   0.60031509029845357
 -0.25863339567999999   0.60031787693724161
 -0.25862539567999999   0.60032068385270908
 -0.25861739567999999   0.60032351126300227
 -0.25860939567999999   0.60032635919473040
 -0.25860139567999999   0.60032922748838654
 -0.25859339567999999   0.60033211580473296
 -0.25858539567999999   0.60033502363222005
 -0.25857739567999999   0.60033795029548693
 -0.25856939567999999   0.60034089496496689
 -0.25856139567999999   0.60034385666759470
 -0.25855339567999999   0.60034683429858578
 -0.25854539567999999   0.60034982663422725
 -0.25853739567999999   0.60035283234559470
 -0.25852939567999999   0.60035585001308004
 -0.25852139567999999   0.60035887814159278
 -0.25851339567999999   0.60036191517627413
 -0.25850539567999999   0.60036495951854765
 -0.25849739567999999   0.60036800954231520
 -0.25848939567999999   0.60037106361010140
 -0.25848139567999999   0.60037412008894568
 -0.25847339567999999   0.60037717736584526
 -0.25846539567999999   0.60038023386256012
 -0.25845739567999999   0.60038328804960486
 -0.25844939567999999   0.60038633845926916
 -0.25844139567999999   0.60038938369753083
 -0.25843339567999999   0.60039242245474818
 -0.25842539567999999   0.60039545351504493
 -0.25841739567999999   0.60039847576432698
 -0.25840939567999999   0.60040148819689763
 -0.25840139567999999   0.60040448992066190
 -0.25839339567999999   0.60040748016093671
 -0.25838539567999999   0.60041045826290380
 -0.25837739567999999   0.60041342369276215
 -0.25836939567999999   0.60041637603765237
 -0.25836139567999999   0.60041931500443925
 -0.25835339567999999   0.60042224041744720
 -0.25834539567999999   0.60042515221525108
 -0.25833739567999999   0.60042805044662770
 -0.25832939567999999   0.60043093526577521
 -0.25832139567999999   0.60043380692690527
 -0.25831339567999999   0.60043666577831059
 -0.25830539567999999   0.60043951225600515
 -0.25829739567999999   0.60044234687702758
 -0.25828939567999999   0.60044517023249267
 -0.25828139567999999   0.60044798298046695
 -0.25827339567999999   0.60045078583873709
 -0.25826539567999999   0.60045357957753194
 -0.25825739567999999   0.60045636501225125
 -0.25824939567999999   0.60045914299624708
 -0.25824139567999999   0.60046191441369645
 -0.25823339567999999   0.60046468017259858
 -0.25822539567999999   0.60046744119792394
 -0.25821739567999999   0.60047019842493742
 -0.25820939567999999   0.60047295279271521
 -0.25820139567999999   0.60047570523786955
 -0.25819339567999999   0.60047845668849518
 -0.25818539567999999   0.60048120805834794
 -0.25817739567999999   0.60048396024126528
 -0.25816939567999999   0.60048671410583762
 -0.25816139567999999   0.60048947049033940
 -0.25815339567999999   0.60049223019792852
 -0.25814539567999999   0.60049499399212355
 -0.25813739567999999   0.60049776259256902
 -0.25812939567999999   0.60050053667109959
 -0.25812139567999999   0.60050331684811543
 -0.25811339567999999   0.60050610368928147
 -0.25810539567999999   0.60050889770256471
 -0.25809739567999999   0.60051169933562413
 -0.25808939567999999   0.60051450897356842
 -0.25808139567999999   0.60051732693709665
 -0.25807339567999999   0.60052015348103719
 -0.25806539567999999   0.60052298879329926
 -0.25805739567999999   0.60052583299425044
 -0.25804939567999999   0.60052868613653186
 -0.25804139567999999   0.60053154820532079
 -0.25803339567999999   0.60053441911904735
 -0.25802539567999999   0.60053729873056918
 -0.25801739567999999   0.60054018682880420
 -0.25800939567999999   0.60054308314081710
 -0.25800139567999999   0.60054598733435149
 -0.25799339567999999   0.60054889902079383
 -0.25798539567999999   0.60055181775855150
 -0.25797739567999999   0.60055474305682110
 -0.25796939567999999   0.60055767437971902
 -0.25796139567999999   0.60056061115074098
 -0.25795339567999999   0.60056355275751261
 -0.25794539567999999   0.60056649855678926
 -0.25793739567999999   0.60056944787965922
 -0.25792939567999999   0.60057240003690178
 -0.25792139567999999   0.60057535432444878
 -0.25791339567999999   0.60057831002889709
 -0.25790539567999999   0.60058126643301900
 -0.25789739567999999   0.60058422282121637
 -0.25788939567999999   0.60058717848486696
 -0.25788139567999999   0.60059013272751194
 -0.25787339567999999   0.60059308486983689
 -0.25786539567999999   0.60059603425440134
 -0.25785739567999999   0.60059898025007666
 -0.25784939567999999   0.60060192225615530
 -0.25784139567999999   0.60060485970610126
 -0.25783339567999999   0.60060779207091466
 -0.25782539567999999   0.60061071886209069
 -0.25781739567999999   0.60061363963415759
 -0.25780939567999999   0.60061655398678407
 -0.25780139567999999   0.60061946156645202
 -0.25779339567999999   0.60062236206769541
 -0.25778539567999999   0.60062525523391099
 -0.25777739567999999   0.60062814085775057
 -0.25776939567999999   0.60063101878110908
 -0.25776139567999999   0.60063388889472550
 -0.25775339567999999   0.60063675113741662
 -0.25774539567999999   0.60063960549496727
 -0.25773739567999999   0.60064245199870002
 -0.25772939567999999   0.60064529072375192
 -0.25772139567999999   0.60064812178708391
 -0.25771339567999999   0.60065094534525147
 -0.25770539567999999   0.60065376159196305
 -0.25769739567999999   0.60065657075545494
 -0.25768939567999999   0.60065937309570883
 -0.25768139567999999   0.60066216890153861
 -0.25767339567999999   0.60066495848757227
 -0.25766539567999999   0.60066774219115295
 -0.25765739567999999   0.60067052036918295
 -0.25764939567999999   0.60067329339493262
 -0.25764139567999999   0.60067606165483559
 -0.25763339567999999   0.60067882554528979
 -0.25762539567999999   0.60068158546948330
 -0.25761739567999999   0.60068434183426249
 -0.25760939567999999   0.60068709504705911
 -0.25760139567999999   0.60068984551289148
 -0.25759339567999999   0.60069259363145513
 -0.25758539567999999   0.60069533979431582
 -0.25757739567999999   0.60069808438221829
 -0.25756939567999999   0.60070082776252333
 -0.25756139567999999   0.60070357028678378
 -0.25755339567999999   0.60070631228847109
 -0.25754539567999999   0.60070905408086249
 -0.25753739567999999   0.60071179595509814
 -0.25752939567999999   0.60071453817841734
 -0.25752139567999999   0.60071728099258236
 -0.25751339567999999   0.60072002461249675
 -0.25750539567999999   0.60072276922502573
 -0.25749739567999999   0.60072551498802387
 -0.25748939567999999   0.60072826202957591
 -0.25748139567999999   0.60073101044745344
 -0.25747339567999999   0.60073376030879199
 -0.25746539567999999   0.60073651164998855
 -0.25745739567999999   0.60073926447682113
 -0.25744939567999999   0.60074201876478859
 -0.25744139567999999   0.60074477445966842
 -0.25743339567999999   0.60074753147828864
 -0.25742539567999999   0.60075028970950777
 -0.25741739567999999   0.60075304901539555
 -0.25740939567999999   0.60075580923260575
 -0.25740139567999999   0.60075857017392991
 -0.25739339567999999   0.60076133163002031
 -0.25738539567999999   0.60076409337126760
 -0.25737739567999999   0.60076685514981856
 -0.25736939567999999   0.60076961670171694
 -0.25736139567999999   0.60077237774914922
 -0.25735339567999999   0.60077513800277741
 -0.25734539567999999   0.60077789716413810
 -0.25733739567999999   0.60078065492808803
 -0.25732939567999999   0.60078341098527565
 -0.25732139567999999   0.60078616502461701
 -0.25731339567999999   0.60078891673575638
 -0.25730539567999999   0.60079166581148979
 -0.25729739567999999   0.60079441195013295
 -0.25728939567999999   0.60079715485781332
 -0.25728139567999999   0.60079989425066929
 -0.25727339567999999   0.60080262985693856
 -0.25726539567999999   0.60080536141892121
 -0.25725739567999999   0.60080808869480300
 -0.25724939567999999   0.60081081146032664
 -0.25724139567999999   0.60081352951030055
 -0.25723339567999999   0.60081624265993665
 -0.25722539567999999   0.60081895074600973
 -0.25721739567999999   0.60082165362783401
 -0.25720939567999999   0.60082435118805337
 -0.25720139567999999   0.60082704333324350
 -0.25719339567999999   0.60082972999432713
 -0.25718539567999999   0.60083241112680348
 -0.25717739567999999   0.60083508671079557
 -0.25716939567999999   0.60083775675092039
 -0.25716139567999999   0.60084042127598773
 -0.25715339567999999   0.60084308033853512
 -0.25714539567999999   0.60084573401420671
 -0.25713739567999999   0.60084838240098552
 -0.25712939567999999   0.60085102561828836
 -0.25712139567999999   0.60085366380593408
 -0.25711339567999999   0.60085629712299539
 -0.25710539567999999   0.60085892574654587
 -0.25709739567999999   0.60086154987031287
 -0.25708939567999999   0.60086416970324807
 -0.25708139567999999   0.60086678546802686
 -0.25707339567999999   0.60086939739948789
 -0.25706539567999999   0.60087200574302437
 -0.25705739567999999   0.60087461075293729
 -0.25704939567999999   0.60087721269076283
 -0.25704139567999999   0.60087981182358319
 -0.25703339567999999   0.60088240842233178
 -0.25702539567999999   0.60088500276010317
 -0.25701739567999999   0.60088759511047660
 -0.25700939567999999   0.60089018574586344
 -0.25700139567999999   0.60089277493588687
 -0.25699339567999999   0.60089536294580314
 -0.25698539567999999   0.60089795003497231
 -0.25697739567999999   0.60090053645538691
 -0.25696939567999999   0.60090312245026593
 -0.25696139567999999   0.60090570825272162
 -0.25695339567999999   0.60090829408450591
 -0.25694539567999999   0.60091088015484323
 -0.25693739567999999   0.60091346665935553
 -0.25692939567999999   0.60091605377908531
 -0.25692139567999999   0.60091864167962217
 -0.25691339567999999   0.60092123051033692
 -0.25690539567999999   0.60092382040372814
 -0.25689739567999999   0.60092641147488435
 -0.25688939567999999   0.60092900382106467
 -0.25688139567999999   0.60093159752140088
 -0.25687339567999999   0.60093419263672165
 -0.25686539567999999   0.60093678920950067
 -0.25685739567999999   0.60093938726392826
 -0.25684939567999999   0.60094198680610598
 -0.25684139567999999   0.60094458782436253
 -0.25683339567999999   0.60094719028968909
 -0.25682539567999999   0.60094979415629023
 -0.25681739567999999   0.60095239936224682
 -0.25680939567999999   0.60095500583028558
 -0.25680139567999999   0.60095761346865001
 -0.25679339567999999   0.60096022217206551
 -0.25678539567999999   0.60096283182279168
 -0.25677739567999999   0.60096544229175369
 -0.25676939567999999   0.60096805343974365
 -0.25676139567999999   0.60097066511868303
 -0.25675339567999999   0.60097327717293576
 -0.25674539567999999   0.60097588944066210
 -0.25673739567999999   0.60097850175520239
 -0.25672939567999999   0.60098111394647974
 -0.25672139567999999   0.60098372584241092
 -0.25671339567999999   0.60098633727031424
 -0.25670539567999999   0.60098894805830335
 -0.25669739567999999   0.60099155803665652
 -0.25668939567999999   0.60099416703915111
 -0.25668139567999999   0.60099677490435253
 -0.25667339567999999   0.60099938147684916
 -0.25666539567999999   0.60100198660842364
 -0.25665739567999999   0.60100459015915282
 -0.25664939567999999   0.60100719199842840
 -0.25664139567999999   0.60100979200589214
 -0.25663339567999999   0.60101239007227974
 -0.25662539567999999   0.60101498610016786
 -0.25661739567999999   0.60101758000462150
 -0.25660939567999999   0.60102017171373731
 -0.25660139567999999   0.60102276116908165
 -0.25659339567999999   0.60102534832602173
 -0.25658539567999999   0.60102793315394949
 -0.25657739567999999   0.60103051563639868
 -0.25656939567999999   0.60103309577105650
 -0.25656139567999999   0.60103567356967201
 -0.25655339567999999   0.60103824905786357
 -0.25654539567999999   0.60104082227482954
 -0.25653739567999999   0.60104339327296550
 -0.25652939567999999   0.60104596211739333
 -0.25652139567999999   0.60104852888540665
 -0.25651339567999999   0.60105109366583864
 -0.25650539567999999   0.60105365655835771
 -0.25649739567999999   0.60105621767269764
 -0.25648939567999999   0.60105877712782858
 -0.25648139567999999   0.60106133505107522
 -0.25647339567999999   0.60106389157718965
 -0.25646539567999999   0.60106644684738515
 -0.25645739567999999   0.60106900100833878
 -0.25644939567999999   0.60107155421116878
 -0.25644139567999999   0.60107410661039500
 -0.25643339567999999   0.60107665836288850
 -0.25642539567999999   0.60107920962681746
 -0.25641739567999999   0.60108176056059670
 -0.25640939567999999   0.60108431132184695
 -0.25640139567999999   0.60108686206637081
 -0.25639339567999999   0.60108941294715153
 -0.25638539567999999   0.60109196411338118
 -0.25637739567999999   0.60109451570952370
 -0.25636939567999999   0.60109706787441898
 -0.25636139567999999   0.60109962074043332
 -0.25635339567999999   0.60110217443266119
 -0.25634539567999999   0.60110472906818345
 -0.25633739567999999   0.60110728475538650
 -0.25632939567999999   0.60110984159334646
 -0.25632139567999999   0.60111239967128194
 -0.25631339567999999   0.60111495906807937
 -0.25630539567999999   0.60111751985189293
 -0.25629739567999999   0.60112008207982233
 -0.25628939567999999   0.60112264579767002
 -0.25628139567999999   0.60112521103977936
 -0.25627339567999999   0.60112777782895463
 -0.25626539567999999   0.60113034617646343
 -0.25625739567999999   0.60113291608212131
 -0.25624939567999999   0.60113548753445756
 -0.25624139567999999   0.60113806051096146
 -0.25623339567999999   0.60114063497840642
 -0.25622539567999999   0.60114321089325031
 -0.25621739567999999   0.60114578820210813
 -0.25620939567999999   0.60114836684229420
 -0.25620139567999999   0.60115094674242949
 -0.25619339567999999   0.60115352782310898
 -0.25618539567999999   0.60115610999762517
 -0.25617739567999999   0.60115869317274085
 -0.25616939567999999   0.60116127724950627
 -0.25616139567999999   0.60116386212411383
 -0.25615339567999999   0.60116644768878410
 -0.25614539567999999   0.60116903383267641
 -0.25613739567999999   0.60117162044281647
 -0.25612939567999999   0.60117420740503495
 -0.25612139567999999   0.60117679460490905
 -0.25611339567999999   0.60117938192870036
 -0.25610539567999999   0.60118196926428188
 -0.25609739567999999   0.60118455650204756
 -0.25608939567999999   0.60118714353579721
 -0.25608139567999999   0.60118973026359102
 -0.25607339567999999   0.60119231658856710
 -0.25606539567999999   0.60119490241971656
 -0.25605739567999999   0.60119748767261080
 -0.25604939567999999   0.60120007227007622
 -0.25604139567999999   0.60120265614281202
 -0.25603339567999999   0.60120523922994699
 -0.25602539567999999   0.60120782147953255
 -0.25601739567999999   0.60121040284896879
 -0.25600939567999999   0.60121298330536149
 -0.25600139567999999   0.60121556282580876
 -0.25599339567999999   0.60121814139761580
 -0.25598539567999999   0.60122071901843781
 -0.25597739567999999   0.60122329569635059
 -0.25596939567999999   0.60122587144984981
 -0.25596139567999999   0.60122844630777978
 -0.25595339567999999   0.60123102030919323
 -0.25594539567999999   0.60123359350314449
 -0.25593739567999999   0.60123616594841775
 -0.25592939567999999   0.60123873771319391
 -0.25592139567999999   0.60124130887465881
 -0.25591339567999999   0.60124387951855610
 -0.25590539567999999   0.60124644973868903
 -0.25589739567999999   0.60124901963637460
 -0.25588939567999999   0.60125158931985438
 -0.25588139567999999   0.60125415890366684
 -0.25587339567999999   0.60125672850798494
 -0.25586539567999999   0.60125929825792429
 -0.25585739567999999   0.60126186828282624
 -0.25584939567999999   0.60126443871552090
 -0.25584139567999999   0.60126700969157473
 -0.25583339567999999   0.60126958134852775
 -0.25582539567999999   0.60127215382512519
 -0.25581739567999999   0.60127472726054820
 -0.25580939567999999   0.60127730179364852
 -0.25580139567999999   0.60127987756219187
 -0.25579339567999999   0.60128245470211445
 -0.25578539567999999   0.60128503334679704
 -0.25577739567999999   0.60128761362636119
 -0.25576939567999999   0.60129019566699157
 -0.25576139567999999   0.60129277959028836
 -0.25575339567999999   0.60129536551265376
 -0.25574539567999999   0.60129795354471583
 -0.25573739567999999   0.60130054379079364
 -0.25572939567999999   0.60130313634840606
 -0.25572139567999999   0.60130573130782778
 -0.25571339567999999   0.60130832875169466
 -0.25570539567999999   0.60131092875466095
 -0.25569739567999999   0.60131353138310999
 -0.25568939567999999   0.60131613669492075
 -0.25568139567999999   0.60131874473929040
 -0.25567339567999999   0.60132135555661494
 -0.25566539567999999   0.60132396917842753
 -0.25565739567999999   0.60132658562739551
 -0.25564939567999999   0.60132920491737477
 -0.25564139567999999   0.60133182705352240
 -0.25563339567999999   0.60133445203246499
 -0.25562539567999999   0.60133707984252239
 -0.25561739567999999   0.60133971046398433
 -0.25560939567999999   0.60134234386943832
 -0.25560139567999999   0.60134498002414575
 -0.25559339567999999   0.60134761888646382
 -0.25558539567999999   0.60135026040830921
 -0.25557739567999999   0.60135290453566126
 -0.25556939567999999   0.60135555120909918
 -0.25556139567999999   0.60135820036437061
 -0.25555339567999999   0.60136085193298626
 -0.25554539567999999   0.60136350584283632
 -0.25553739567999999   0.60136616201882419
 -0.25552939567999999   0.60136882038351260
 -0.25552139567999999   0.60137148085777654
 -0.25551339567999999   0.60137414336145940
 -0.25550539567999999   0.60137680781402593
 -0.25549739567999999   0.60137947413520831
 -0.25548939567999999   0.60138214224563946
 -0.25548139567999999   0.60138481206746990
 -0.25547339567999999   0.60138748352496293
 -0.25546539567999999   0.60139015654506384
 -0.25545739567999999   0.60139283105793970
 -0.25544939567999999   0.60139550699748488
 -0.25544139567999999   0.60139818430178981
 -0.25543339567999999   0.60140086291356894
 -0.25542539567999999   0.60140354278054558
 -0.25541739567999999   0.60140622385579074
 -0.25540939567999999   0.60140890609801411
 -0.25540139567999999   0.60141158947180522
 -0.25539339567999999   0.60141427394782355
 -0.25538539567999999   0.60141695950293663
 -0.25537739567999999   0.60141964612030534
 -0.25536939567999999   0.60142233378941663
 -0.25536139567999999   0.60142502250606345
 -0.25535339567999999   0.60142771227227274
 -0.25534539567999999   0.60143040309618240
 -0.25533739567999999   0.60143309499186822
 -0.25532939567999999   0.60143578797912309
 -0.25532139567999999   0.60143848208318946
 -0.25531339567999999   0.60144117733444829
 -0.25530539567999999   0.60144387376806614
 -0.25529739567999999   0.60144657142360383
 -0.25528939567999999   0.60144927034458919
 -0.25528139567999999   0.60145197057805744
 -0.25527339567999999   0.60145467217406214
 -0.25526539567999999   0.60145737518516094
 -0.25525739567999999   0.60146007966587920
 -0.25524939567999999   0.60146278567215536
 -0.25524139567999999   0.60146549326077230
 -0.25523339567999999   0.60146820248877856
 -0.25522539567999999   0.60147091341290264
 -0.25521739567999999   0.60147362608896594
 -0.25520939567999999   0.60147634057129671
 -0.25520139567999999   0.60147905691215024
 -0.25519339567999999   0.60148177516113850
 -0.25518539567999999   0.60148449536467338
 -0.25517739567999999   0.60148721756542766
 -0.25516939567999999   0.60148994180181658
 -0.25516139567999999   0.60149266810750427
 -0.25515339567999999   0.60149539651093824
 -0.25514539567999999   0.60149812703491498
 -0.25513739567999999   0.60150085969617990
 -0.25512939567999999   0.60150359450506427
 -0.25512139567999999   0.60150633146516191
 -0.25511339567999999   0.60150907057304762
 -0.25510539567999999   0.60151181181803990
 -0.25509739567999999   0.60151455518200923
 -0.25508939567999999   0.60151730063923358
 -0.25508139567999999   0.60152004815630251
 -0.25507339567999999   0.60152279769207009
 -0.25506539567999999   0.60152554919765783
 -0.25505739567999999   0.60152830261650706
 -0.25504939567999999   0.60153105788448122
 -0.25504139567999999   0.60153381493001684
 -0.25503339567999999   0.60153657367432263
 -0.25502539567999999   0.60153933403162549
 -0.25501739567999999   0.60154209590946151
 -0.25500939567999999   0.60154485920901004
 -0.25500139567999999   0.60154762382546901
 -0.25499339567999999   0.60155038964846806
 -0.25498539567999999   0.60155315656251744
 -0.25497739567999999   0.60155592444748897
 -0.25496939567999999   0.60155869317912579
 -0.25496139567999999   0.60156146262957749
 -0.25495339567999999   0.60156423266795644
 -0.25494539567999999   0.60156700316091167
 -0.25493739567999999   0.60156977397321609
 -0.25492939567999999   0.60157254496836289
 -0.25492139567999999   0.60157531600916667
 -0.25491339567999999   0.60157808695836554
 -0.25490539567999999   0.60158085767921947
 -0.25489739567999999   0.60158362803610076
 -0.25488939567999999   0.60158639789507310
 -0.25488139567999999   0.60158916712445434
 -0.25487339567999999   0.60159193559535996
 -0.25486539567999999   0.60159470318222311
 -0.25485739567999999   0.60159746976328820
 -0.25484939567999999   0.60160023522107440
 -0.25484139567999999   0.60160299944280661
 -0.25483339567999999   0.60160576232081108
 -0.25482539567999999   0.60160852375287329
 -0.25481739567999999   0.60161128364255616
 -0.25480939567999999   0.60161404189947716
 -0.25480139567999999   0.60161679843954244
 -0.25479339567999999   0.60161955318513765
 -0.25478539567999999   0.60162230606527409
 -0.25477739567999999   0.60162505701569073
 -0.25476939567999999   0.60162780597891112
 -0.25476139567999999   0.60163055290425642
 -0.25475339567999999   0.60163329774781457
 -0.25474539567999999   0.60163604047236718
 -0.25473739567999999   0.60163878104727464
 -0.25472939567999999   0.60164151944832167
 -0.25472139567999999   0.60164425565752468
 -0.25471339567999999   0.60164698966290299
 -0.25470539567999999   0.60164972145821650
 -0.25469739567999999   0.60165245104267162
 -0.25468939567999999   0.60165517842059864
 -0.25468139567999999   0.60165790360110285
 -0.25467339567999999   0.60166062659769267
 -0.25466539567999999   0.60166334742788745
 -0.25465739567999999   0.60166606611280822
 -0.25464939567999999   0.60166878267675442
 -0.25464139567999999   0.60167149714676977
 -0.25463339567999999   0.60167420955220072
 -0.25462539567999999   0.60167691992425011
 -0.25461739567999999   0.60167962829553016
 -0.25460939567999999   0.60168233469961671
 -0.25460139567999999   0.60168503917060907
 -0.25459339567999999   0.60168774174269740
 -0.25458539567999999   0.60169044244974120
 -0.25457739567999999   0.60169314132486172
 -0.25456939567999999   0.60169583840005037
 -0.25456139567999999   0.60169853370579638
 -0.25455339567999999   0.60170122727073601
 -0.25454539567999999   0.60170391912132468
 -0.25453739567999999   0.60170660928153550
 -0.25452939567999999   0.60170929777258481
 -0.25452139567999999   0.60171198461268704
 -0.25451339567999999   0.60171466981684016
 -0.25450539567999999   0.60171735339664296
 -0.25449739567999999   0.60172003536014518
 -0.25448939567999999   0.60172271571173114
 -0.25448139567999999   0.60172539445203778
 -0.25447339567999999   0.60172807157790678
 -0.25446539567999999   0.60173074708237152
 -0.25445739567999999   0.60173342095467808
 -0.25444939567999999   0.60173609318034031
 -0.25444139567999999   0.60173876374122803
 -0.25443339567999999   0.60174143261568760
 -0.25442539567999999   0.60174409977869351
 -0.25441739567999999   0.60174676520203015
 -0.25440939567999999   0.60174942885450151
 -0.25440139567999999   0.60175209070216777
 -0.25439339567999999   0.60175475070860619
 -0.25438539567999999   0.60175740883519473
 -0.25437739567999999   0.60176006504141578
 -0.25436939567999999   0.60176271928517786
 -0.25436139567999999   0.60176537152315261
 -0.25435339567999999   0.60176802171112432
 -0.25434539567999999   0.60177066980434984
 -0.25433739567999999   0.60177331575792549
 -0.25432939567999999   0.60177595952715850
 -0.25432139567999999   0.60177860106794025
 -0.25431339567999999   0.60178124033711824
 -0.25430539567999999   0.60178387729286448
 -0.25429739567999999   0.60178651189503676
 -0.25428939567999999   0.60178914410553130
 -0.25428139567999999   0.60179177388862324
 -0.25427339567999999   0.60179440121129295
 -0.25426539567999999   0.60179702604353588
 -0.25425739567999999   0.60179964835865362
 -0.25424939567999999   0.60180226813352428
 -0.25424139567999999   0.60180488534885020
 -0.25423339567999999   0.60180749998938158
 -0.25422539567999999   0.60181011204411413
 -0.25421739567999999   0.60181272150646004
 -0.25420939567999999   0.60181532837439072
 -0.25420139567999999   0.60181793265055073
 -0.25419339567999999   0.60182053434234214
 -0.25418539567999999   0.60182313346197897
 -0.25417739567999999   0.60182573002651143
 -0.25416939567999999   0.60182832405782010
 -0.25416139567999999   0.60183091558258008
 -0.25415339567999999   0.60183350463219560
 -0.25414539567999999   0.60183609124270574
 -0.25413739567999999   0.60183867545466203
 -0.25412939567999999   0.60184125731297879
 -0.25412139567999999   0.60184383686675757
 -0.25411339567999999   0.60184641416908672
 -0.25410539567999999   0.60184898927681770
 -0.25409739567999999   0.60185156225031976
 -0.25408939567999999   0.60185413315321436
 -0.25408139567999999   0.60185670205209168
 -0.25407339567999999   0.60185926901621037
 -0.25406539567999999   0.60186183411718348
 -0.25405739567999999   0.60186439742865154
 -0.25404939567999999   0.60186695902594588
 -0.25404139567999999   0.60186951898574348
 -0.25403339567999999   0.60187207738571658
 -0.25402539567999999   0.60187463430417778
 -0.25401739567999999   0.60187718981972438
 -0.25400939567999999   0.60187974401088309
 -0.25400139567999999   0.60188229695575772
 -0.25399339567999999   0.60188484873168184
 -0.25398539567999999   0.60188739941487865
 -0.25397739567999999   0.60188994908012995
 -0.25396939567999999   0.60189249780045628
 -0.25396139567999999   0.60189504564681013
 -0.25395339567999999   0.60189759268778386
 -0.25394539567999999   0.60190013898933427
 -0.25393739567999999   0.60190268461452549
 -0.25392939567999999   0.60190522962329108
 -0.25392139567999999   0.60190777407221758
 -0.25391339567999999   0.60191031801435004
 -0.25390539567999999   0.60191286149902087
 -0.25389739567999999   0.60191540457170315
 -0.25388939567999999   0.60191794727388866
 -0.25388139567999999   0.60192048964299188
 -0.25387339567999999   0.60192303171227985
 -0.25386539567999999   0.60192557351082868
 -0.25385739567999999   0.60192811506350650
 -0.25384939567999999   0.60193065639098279
 -0.25384139567999999   0.60193319750976416
 -0.25383339567999999   0.60193573843225590
 -0.25382539567999999   0.60193827916684895
 -0.25381739567999999   0.60194081971803119
 -0.25380939567999999   0.60194336008652284
 -0.25380139567999999   0.60194590026943405
 -0.25379339567999999   0.60194844026044424
 -0.25378539567999999   0.60195098005000135
 -0.25377739567999999   0.60195351962553981
 -0.25376939567999999   0.60195605897171543
 -0.25376139567999999   0.60195859807065568
 -0.25375339567999999   0.60196113690222320
 -0.25374539567999999   0.60196367544429127
 -0.25373739567999999   0.60196621367302853
 -0.25372939567999999   0.60196875156319142
 -0.25372139567999999   0.60197128908842201
 -0.25371339567999999   0.60197382622154935
 -0.25370539567999999   0.60197636293489191
 -0.25369739567999999   0.60197889920055933
 -0.25368939567999999   0.60198143499075098
 -0.25368139567999999   0.60198397027804985
 -0.25367339567999999   0.60198650503570910
 -0.25366539567999999   0.60198903923792989
 -0.25365739567999999   0.60199157286012826
 -0.25364939567999999   0.60199410587918949
 -0.25364139567999999   0.60199663827370820
 -0.25363339567999999   0.60199917002421270
 -0.25362539567999999   0.60200170111337202
 -0.25361739567999999   0.60200423152618467
 -0.25360939567999999   0.60200676125014749
 -0.25360139567999999   0.60200929027540422
 -0.25359339567999999   0.60201181859487243
 -0.25358539567999999   0.60201434620434847
 -0.25357739567999999   0.60201687310258968
 -0.25356939567999999   0.60201939929137393
 -0.25356139567999999   0.60202192477553589
 -0.25355339567999999   0.60202444956298017
 -0.25354539567999999   0.60202697366467179
 -0.25353739567999999   0.60202949709460369
 -0.25352939567999999   0.60203201986974236
 -0.25352139567999999   0.60203454200995175
 -0.25351339567999999   0.60203706353789668
 -0.25350539567999999   0.60203958447892606
 -0.25349739567999999   0.60204210486093756
 -0.25348939567999999   0.60204462471422444
 -0.25348139567999999   0.60204714407130593
 -0.25347339567999999   0.60204966296674263
 -0.25346539567999999   0.60205218143693823
 -0.25345739567999999   0.60205469951992905
 -0.25344939567999999   0.60205721725516305
 -0.25344139567999999   0.60205973468327018
 -0.25343339567999999   0.60206225184582520
 -0.25342539567999999   0.60206476878510528
 -0.25341739567999999   0.60206728554384394
 -0.25340939567999999   0.60206980216498277
 -0.25340139567999999   0.60207231869142326
 -0.25339339567999999   0.60207483516578013
 -0.25338539567999999   0.60207735163013790
 -0.25337739567999999   0.60207986812581265
 -0.25336939567999999   0.60208238469312027
 -0.25336139567999999   0.60208490137115318
 -0.25335339567999999   0.60208741819756683
 -0.25334539567999999   0.60208993520837746
 -0.25333739567999999   0.60209245243777276
 -0.25332939567999999   0.60209496991793640
 -0.25332139567999999   0.60209748767888783
 -0.25331339567999999   0.60210000574833852
 -0.25330539567999999   0.60210252415156530
 -0.25329739567999999   0.60210504291130233
 -0.25328939567999999   0.60210756204765150
 -0.25328139567999999   0.60211008157801279
 -0.25327339567999999   0.60211260151703457
 -0.25326539567999999   0.60211512187658423
 -0.25325739567999999   0.60211764266573952
 -0.25324939567999999   0.60212016389080043
 -0.25324139567999999   0.60212268555532186
 -0.25323339567999999   0.60212520766016642
 -0.25322539567999999   0.60212773020357736
 -0.25321739567999999   0.60213025318127105
 -0.25320939567999999   0.60213277658654812
 -0.25320139567999999   0.60213530041042288
 -0.25319339567999999   0.60213782464176977
 -0.25318539567999999   0.60214034926748614
 -0.25317739567999999   0.60214287427266984
 -0.25316939567999999   0.60214539964081081
 -0.25316139567999999   0.60214792535399492
 -0.25315339567999999   0.60215045139311903
 -0.25314539567999999   0.60215297773811551
 -0.25313739567999999   0.60215550436818460
 -0.25312939567999999   0.60215803126203336
 -0.25312139567999999   0.60216055839811909
 -0.25311339567999999   0.60216308575489582
 -0.25310539567999999   0.60216561331106226
 -0.25309739567999999   0.60216814104580901
 -0.25308939567999999   0.60217066893906388
 -0.25308139567999999   0.60217319697173350
 -0.25307339567999999   0.60217572512593912
 -0.25306539567999999   0.60217825338524579
 -0.25305739567999999   0.60218078173488257
 -0.25304939567999999   0.60218331016195306
 -0.25304139567999999   0.60218583865563409
 -0.25303339567999999   0.60218836720736182
 -0.25302539567999999   0.60219089581100383
 -0.25301739567999999   0.60219342446301615
 -0.25300939567999999   0.60219595316258401
 -0.25300139567999999   0.60219848191174572
 -0.25299339567999999   0.60220101071549874
 -0.25298539567999999   0.60220353958188742
 -0.25297739567999999   0.60220606852207170
 -0.25296939567999999   0.60220859755037669
 -0.25296139567999999   0.60221112668432248
 -0.25295339567999999   0.60221365594463453
 -0.25294539567999999   0.60221618535523424
 -0.25293739567999999   0.60221871494321009
 -0.25292939567999999   0.60222124473876955
 -0.25292139567999999   0.60222377477517211
 -0.25291339567999999   0.60222630508864391
 -0.25290539567999999   0.60222883571827477
 -0.25289739567999999   0.60223136670589814
 -0.25288939567999999   0.60223389809595484
 -0.25288139567999999   0.60223642993534169
 -0.25287339567999999   0.60223896227324564
 -0.25286539567999999   0.60224149516096512
 -0.25285739567999999   0.60224402865171900
 -0.25284939567999999   0.60224656280044515
 -0.25284139567999999   0.60224909766358913
 -0.25283339567999999   0.60225163329888525
 -0.25282539567999999   0.60225416976513030
 -0.25281739567999999   0.60225670712195228
 -0.25280939567999999   0.60225924542957505
 -0.25280139567999999   0.60226178474858042
 -0.25279339567999999   0.60226432513966940
 -0.25278539567999999   0.60226686666342337
 -0.25277739567999999   0.60226940938006757
 -0.25276939567999999   0.60227195334923753
 -0.25276139567999999   0.60227449862974988
 -0.25275339567999999   0.60227704527937973
 -0.25274539567999999   0.60227959335464439
 -0.25273739567999999   0.60228214291059648
 -0.25272939567999999   0.60228469400062600
 -0.25272139567999999   0.60228724667627357
 -0.25271339567999999   0.60228980098705540
 -0.25270539567999999   0.60229235698030109
 -0.25269739567999999   0.60229491470100517
 -0.25268939567999999   0.60229747419169287
 -0.25268139567999999   0.60230003549230176
 -0.25267339567999999   0.60230259864007837
 -0.25266539567999999   0.60230516366949165
 -0.25265739567999999   0.60230773061216309
 -0.25264939567999999   0.60231029949681361
 -0.25264139567999999   0.60231287034922774
 -0.25263339567999999   0.60231544319223512
 -0.25262539567999999   0.60231801804570895
 -0.25261739567999999   0.60232059492658159
 -0.25260939567999999   0.60232317384887685
 -0.25260139567999999   0.60232575482375847
 -0.25259339567999999   0.60232833785959472
 -0.25258539567999999   0.60233092296203782
 -0.25257739567999999   0.60233351013411817
 -0.25256939567999999   0.60233609937635228
 -0.25256139567999999   0.60233869068686303
 -0.25255339567999999   0.60234128406151255
 -0.25254539567999999   0.60234387949404499
 -0.25253739567999999   0.60234647697623964
 -0.25252939567999999   0.60234907649807176
 -0.25252139567999999   0.60235167804788121
 -0.25251339567999999   0.60235428161254649
 -0.25250539567999999   0.60235688717766344
 -0.25249739567999999   0.60235949472772708
 -0.25248939567999999   0.60236210424631522
 -0.25248139567999999   0.60236471571627240
 -0.25247339567999999   0.60236732911989274
 -0.25246539567999999   0.60236994443910057
 -0.25245739567999999   0.60237256165562722
 -0.25244939567999999   0.60237518075118254
 -0.25244139567999999   0.60237780170762041
 -0.25243339567999999   0.60238042450709643
 -0.25242539567999999   0.60238304913221695
 -0.25241739567999999   0.60238567556617813
 -0.25240939567999999   0.60238830379289435
 -0.25240139567999999   0.60239093379711456
 -0.25239339567999999   0.60239356556452615
 -0.25238539567999999   0.60239619908184519
 -0.25237739567999999   0.60239883433689297
 -0.25236939567999999   0.60240147131865734
 -0.25236139567999999   0.60240411001733948
 -0.25235339567999999   0.60240675042438504
 -0.25234539567999999   0.60240939253249960
 -0.25233739567999999   0.60241203633564856
 -0.25232939567999999   0.60241468182904099
 -0.25232139567999999   0.60241732900909831
 -0.25231339567999999   0.60241997787340699
 -0.25230539567999999   0.60242262842065672
 -0.25229739567999999   0.60242528065056358
 -0.25228939567999999   0.60242793456377939
 -0.25228139567999999   0.60243059016178741
 -0.25227339567999999   0.60243324744678539
 -0.25226539567999999   0.60243590642155697
 -0.25225739567999999   0.60243856708933169
 -0.25224939567999999   0.60244122945363541
 -0.25224139567999999   0.60244389351813142
 -0.25223339567999999   0.60244655928645434
 -0.25222539567999999   0.60244922676203651
 -0.25221739567999999   0.60245189594792980
 -0.25220939567999999   0.60245456684662265
 -0.25220139567999999   0.60245723945985461
 -0.25219339567999999   0.60245991378842918
 -0.25218539567999999   0.60246258983202644
 -0.25217739567999999   0.60246526758901671
 -0.25216939567999999   0.60246794705627693
 -0.25216139567999999   0.60247062822901044
 -0.25215339567999999   0.60247331110057213
 -0.25214539567999999   0.60247599566229972
 -0.25213739567999999   0.60247868190335286
 -0.25212939567999999   0.60248136981056085
 -0.25212139567999999   0.60248405936828019
 -0.25211339567999999   0.60248675055826348
 -0.25210539567999999   0.60248944335953994
 -0.25209739567999999   0.60249213774830918
 -0.25208939567999999   0.60249483369784867
 -0.25208139567999999   0.60249753117843569
 -0.25207339567999999   0.60250023015728481
 -0.25206539567999999   0.60250293059850095
 -0.25205739567999999   0.60250563246304879
 -0.25204939567999999   0.60250833570873908
 -0.25204139567999999   0.60251104029023160
 -0.25203339567999999   0.60251374615905527
 -0.25202539567999999   0.60251645326364558
 -0.25201739567999999   0.60251916154939871
 -0.25200939567999999   0.60252187095874271
 -0.25200139567999999   0.60252458143122525
 -0.25199339567999999   0.60252729290361706
 -0.25198539567999999   0.60253000531003138
 -0.25197739567999999   0.60253271858205810
 -0.25196939567999999   0.60253543264891195
 -0.25196139567999999   0.60253814743759419
 -0.25195339567999999   0.60254086287306659
 -0.25194539567999999   0.60254357887843672
 -0.25193739567999999   0.60254629537515353
 -0.25192939567999999   0.60254901228321208
 -0.25192139567999999   0.60255172952136587
 -0.25191339567999999   0.60255444700734608
 -0.25190539567999999   0.60255716465808578
 -0.25189739567999999   0.60255988238994806
 -0.25188939567999999   0.60256260011895676
 -0.25188139567999999   0.60256531776102815
 -0.25187339567999999   0.60256803523220245
 -0.25186539567999999   0.60257075244887351
 -0.25185739567999999   0.60257346932801542
 -0.25184939567999999   0.60257618578740491
 -0.25184139567999999   0.60257890174583788
 -0.25183339567999999   0.60258161712333873
 -0.25182539567999999   0.60258433184136192
 -0.25181739567999999   0.60258704582298407
 -0.25180939567999999   0.60258975899308549
 -0.25180139567999999   0.60259247127852044
 -0.25179339567999999   0.60259518260827527
 -0.25178539567999999   0.60259789291361339
 -0.25177739567999999   0.60260060212820627
 -0.25176939567999999   0.60260331018825037
 -0.25176139567999999   0.60260601703256897
 -0.25175339567999999   0.60260872260269879
 -0.25174539567999999   0.60261142684296100
 -0.25173739567999999   0.60261412970051641
 -0.25172939567999999   0.60261683112540505
 -0.25172139567999999   0.60261953107056969
 -0.25171339567999999   0.60262222949186398
 -0.25170539567999999   0.60262492634804490
