 -0.26510969678000000   0.59731833797705895
 -0.26510169678000000   0.59732102898879325
 -0.26509369678000000   0.59732372095182499
 -0.26508569678000000   0.59732641388949786
 -0.26507769678000000   0.59732910782506485
 -0.26506969678000000   0.59733180278164111
 -0.26506169678000000   0.59733449878215676
 -0.26505369678000000   0.59733719584930959
 -0.26504569678000000   0.59733989400551847
 -0.26503769678000000   0.59734259327287704
 -0.26502969678000000   0.59734529367310843
 -0.26502169678000000   0.59734799522752093
 -0.26501369678000000   0.59735069795696505
 -0.26500569678000000   0.59735340188179211
 -0.26499769678000000   0.59735610702181425
 -0.26498969678000000   0.59735881339626676
 -0.26498169678000000   0.59736152102377212
 -0.26497369678000000   0.59736422992230652
 -0.26496569678000000   0.59736694010916858
 -0.26495769678000000   0.59736965160095064
 -0.26494969678000000   0.59737236441351284
 -0.26494169678000000   0.59737507856195959
 -0.26493369678000000   0.59737779406061909
 -0.26492569678000000   0.59738051092302568
 -0.26491769678000000   0.59738322916190498
 -0.26490969678000000   0.59738594878916192
 -0.26490169678000000   0.59738866981587181
 -0.26489369678000000   0.59739139225227410
 -0.26488569678000000   0.59739411610776914
 -0.26487769678000000   0.59739684139091758
 -0.26486969678000000   0.59739956810944242
 -0.26486169678000000   0.59740229627023379
 -0.26485369678000000   0.59740502587935597
 -0.26484569678000000   0.59740775694205689
 -0.26483769678000000   0.59741048946277963
 -0.26482969678000000   0.59741322344517607
 -0.26482169678000000   0.59741595889212216
 -0.26481369678000000   0.59741869580573489
 -0.26480569678000000   0.59742143418739064
 -0.26479769678000000   0.59742417403774459
 -0.26478969678000000   0.59742691535675138
 -0.26478169678000000   0.59742965814368601
 -0.26477369678000000   0.59743240239716565
 -0.26476569678000000   0.59743514811517146
 -0.26475769678000000   0.59743789529507053
 -0.26474969678000000   0.59744064393363741
 -0.26474169678000000   0.59744339402707547
 -0.26473369678000000   0.59744614557103718
 -0.26472569678000000   0.59744889856064393
 -0.26471769678000000   0.59745165299050427
 -0.26470969678000000   0.59745440885473116
 -0.26470169678000000   0.59745716614695755
 -0.26469369678000000   0.59745992486035029
 -0.26468569678000000   0.59746268498762226
 -0.26467769678000000   0.59746544652104241
 -0.26466969678000000   0.59746820945244369
 -0.26466169678000000   0.59747097377322899
 -0.26465369678000000   0.59747373947437442
 -0.26464569678000000   0.59747650654643045
 -0.26463769678000000   0.59747927497952068
 -0.26462969678000000   0.59748204476333802
 -0.26462169678000000   0.59748481588713860
 -0.26461369678000000   0.59748758833973320
 -0.26460569678000000   0.59749036210947634
 -0.26459769678000000   0.59749313718425322
 -0.26458969678000000   0.59749591355146426
 -0.26458169678000000   0.59749869119800782
 -0.26457369678000000   0.59750147011026085
 -0.26456569678000000   0.59750425027405787
 -0.26455769678000000   0.59750703167466823
 -0.26454969678000000   0.59750981429677217
 -0.26454169678000000   0.59751259812443554
 -0.26453369678000000   0.59751538314108368
 -0.26452569678000000   0.59751816932947456
 -0.26451769678000000   0.59752095667167143
 -0.26450969678000000   0.59752374514901532
 -0.26450169678000000   0.59752653474209767
 -0.26449369678000000   0.59752932543073319
 -0.26448569678000000   0.59753211719393351
 -0.26447769678000000   0.59753491000988168
 -0.26446969678000000   0.59753770385590777
 -0.26446169678000000   0.59754049870846632
 -0.26445369678000000   0.59754329454311507
 -0.26444569678000000   0.59754609133449605
 -0.26443769678000000   0.59754888905631903
 -0.26442969678000000   0.59755168768134715
 -0.26442169678000000   0.59755448718138569
 -0.26441369678000000   0.59755728752727366
 -0.26440569678000000   0.59756008868887862
 -0.26439769678000000   0.59756289063509500
 -0.26438969678000000   0.59756569333384573
 -0.26438169678000000   0.59756849675208782
 -0.26437369678000000   0.59757130085582160
 -0.26436569678000000   0.59757410561010388
 -0.26435769678000000   0.59757691097906514
 -0.26434969678000000   0.59757971692593068
 -0.26434169678000000   0.59758252341304576
 -0.26433369678000000   0.59758533040190487
 -0.26432569678000000   0.59758813785318479
 -0.26431769678000000   0.59759094572678175
 -0.26430969678000000   0.59759375398185223
 -0.26430169678000000   0.59759656257685740
 -0.26429369678000000   0.59759937146961131
 -0.26428569678000000   0.59760218061733218
 -0.26427769678000000   0.59760498997669695
 -0.26426969678000000   0.59760779950389866
 -0.26426169678000000   0.59761060915470663
 -0.26425369678000000   0.59761341888452888
 -0.26424569678000000   0.59761622864847673
 -0.26423769678000000   0.59761903840143123
 -0.26422969678000000   0.59762184809811106
 -0.26422169678000000   0.59762465769314144
 -0.26421369678000000   0.59762746714112414
 -0.26420569678000000   0.59763027639670769
 -0.26419769678000000   0.59763308541465781
 -0.26418969678000000   0.59763589414992759
 -0.26418169678000000   0.59763870255772711
 -0.26417369678000000   0.59764151059359197
 -0.26416569678000000   0.59764431821345076
 -0.26415769678000000   0.59764712537369050
 -0.26414969678000000   0.59764993203122066
 -0.26414169678000000   0.59765273814353428
 -0.26413369678000000   0.59765554366876703
 -0.26412569678000000   0.59765834856575312
 -0.26411769678000000   0.59766115279407804
 -0.26410969678000000   0.59766395631412813
 -0.26410169678000000   0.59766675908713639
 -0.26409369678000000   0.59766956107522456
 -0.26408569678000000   0.59767236224144116
 -0.26407769678000000   0.59767516254979559
 -0.26406969678000000   0.59767796196528776
 -0.26406169678000000   0.59768076045393367
 -0.26405369678000000   0.59768355798278643
 -0.26404569678000000   0.59768635451995303
 -0.26403769678000000   0.59768915003460659
 -0.26402969678000000   0.59769194449699441
 -0.26402169678000000   0.59769473787844156
 -0.26401369678000000   0.59769753015135046
 -0.26400569678000000   0.59770032128919613
 -0.26399769678000000   0.59770311126651779
 -0.26398969678000000   0.59770590005890647
 -0.26398169678000000   0.59770868764298910
 -0.26397369678000000   0.59771147399640939
 -0.26396569678000000   0.59771425909780537
 -0.26395769678000000   0.59771704292678425
 -0.26394969678000000   0.59771982546389461
 -0.26394169678000000   0.59772260669059638
 -0.26393369678000000   0.59772538658922872
 -0.26392569678000000   0.59772816514297633
 -0.26391769678000000   0.59773094233583439
 -0.26390969678000000   0.59773371815257244
 -0.26390169678000000   0.59773649257869761
 -0.26389369678000000   0.59773926560041742
 -0.26388569678000000   0.59774203720460265
 -0.26387769678000000   0.59774480737875049
 -0.26386969678000000   0.59774757611094811
 -0.26386169678000000   0.59775034338983753
 -0.26385369678000000   0.59775310920458131
 -0.26384569678000000   0.59775587354483005
 -0.26383769678000000   0.59775863640069144
 -0.26382969678000000   0.59776139776270154
 -0.26382169678000000   0.59776415762179820
 -0.26381369678000000   0.59776691596929692
 -0.26380569678000000   0.59776967279686946
 -0.26379769678000000   0.59777242809652529
 -0.26378969678000000   0.59777518186059590
 -0.26378169678000000   0.59777793408172225
 -0.26377369678000000   0.59778068475284539
 -0.26376569678000000   0.59778343386720031
 -0.26375769678000000   0.59778618141831295
 -0.26374969678000000   0.59778892740000062
 -0.26374169678000000   0.59779167180637559
 -0.26373369678000000   0.59779441463185164
 -0.26372569678000000   0.59779715587115418
 -0.26371769678000000   0.59779989551933281
 -0.26370969678000000   0.59780263357177714
 -0.26370169678000000   0.59780537002423509
 -0.26369369678000000   0.59780810487283375
 -0.26368569678000000   0.59781083811410259
 -0.26367769678000000   0.59781356974499861
 -0.26366969678000000   0.59781629976293351
 -0.26366169678000000   0.59781902816580225
 -0.26365369678000000   0.59782175495201297
 -0.26364569678000000   0.59782448012051791
 -0.26363769678000000   0.59782720367084504
 -0.26362969678000000   0.59782992560313002
 -0.26362169678000000   0.59783264591814829
 -0.26361369678000000   0.59783536461734684
 -0.26360569678000000   0.59783808170287545
 -0.26359769678000000   0.59784079717761707
 -0.26358969678000000   0.59784351104521698
 -0.26358169678000000   0.59784622331011026
 -0.26357369678000000   0.59784893397754778
 -0.26356569678000000   0.59785164305361979
 -0.26355769678000000   0.59785435054527724
 -0.26354969678000000   0.59785705646035044
 -0.26354169678000000   0.59785976080756489
 -0.26353369678000000   0.59786246359655387
 -0.26352569678000000   0.59786516483786784
 -0.26351769678000000   0.59786786454298021
 -0.26350969678000000   0.59787056272428960
 -0.26350169678000000   0.59787325939511825
 -0.26349369678000000   0.59787595456970642
 -0.26348569678000000   0.59787864826320311
 -0.26347769678000000   0.59788134049165234
 -0.26346969678000000   0.59788403127197589
 -0.26346169678000000   0.59788672062195152
 -0.26345369678000000   0.59788940856018758
 -0.26344569678000000   0.59789209510609340
 -0.26343769678000000   0.59789478027984610
 -0.26342969678000000   0.59789746410235340
 -0.26342169678000000   0.59790014659521319
 -0.26341369678000000   0.59790282778066939
 -0.26340569678000000   0.59790550768156479
 -0.26339769678000000   0.59790818632129103
 -0.26338969678000000   0.59791086372373552
 -0.26338169678000000   0.59791353991322630
 -0.26337369678000000   0.59791621491447452
 -0.26336569678000000   0.59791888875251500
 -0.26335769678000000   0.59792156145264546
 -0.26334969678000000   0.59792423304036443
 -0.26334169678000000   0.59792690354130825
 -0.26333369678000000   0.59792957298118774
 -0.26332569678000000   0.59793224138572447
 -0.26331769678000000   0.59793490878058752
 -0.26330969678000000   0.59793757519133063
 -0.26330169678000000   0.59794024064333035
 -0.26329369678000000   0.59794290516172563
 -0.26328569678000000   0.59794556877135880
 -0.26327769678000000   0.59794823149671888
 -0.26326969678000000   0.59795089336188700
 -0.26326169678000000   0.59795355439048461
 -0.26325369678000000   0.59795621460562466
 -0.26324569678000000   0.59795887402986601
 -0.26323769678000000   0.59796153268517143
 -0.26322969678000000   0.59796419059286939
 -0.26322169678000000   0.59796684777361984
 -0.26321369678000000   0.59796950424738417
 -0.26320569678000000   0.59797216003339970
 -0.26319769678000000   0.59797481515015864
 -0.26318969678000000   0.59797746961539156
 -0.26318169678000000   0.59798012344605587
 -0.26317369678000000   0.59798277665832884
 -0.26316569678000000   0.59798542926760571
 -0.26315769678000000   0.59798808128850229
 -0.26314969678000000   0.59799073273486262
 -0.26314169678000000   0.59799338361977118
 -0.26313369678000000   0.59799603395556964
 -0.26312569678000000   0.59799868375387834
 -0.26311769678000000   0.59800133302562170
 -0.26310969678000000   0.59800398178105798
 -0.26310169678000000   0.59800663002981279
 -0.26309369678000000   0.59800927778091632
 -0.26308569678000000   0.59801192504284388
 -0.26307769678000000   0.59801457182355947
 -0.26306969678000000   0.59801721813056201
 -0.26306169678000000   0.59801986397093418
 -0.26305369678000000   0.59802250935139306
 -0.26304569678000000   0.59802515427834261
 -0.26303769678000000   0.59802779875792736
 -0.26302969678000000   0.59803044279608697
 -0.26302169678000000   0.59803308639861142
 -0.26301369678000000   0.59803572957119613
 -0.26300569678000000   0.59803837231949697
 -0.26299769678000000   0.59804101464918443
 -0.26298969678000000   0.59804365656599683
 -0.26298169678000000   0.59804629807579197
 -0.26297369678000000   0.59804893918459701
 -0.26296569678000000   0.59805157989865619
 -0.26295769678000000   0.59805422022447592
 -0.26294969678000000   0.59805686016886710
 -0.26294169678000000   0.59805949973898428
 -0.26293369678000000   0.59806213894236144
 -0.26292569678000000   0.59806477778694391
 -0.26291769678000000   0.59806741628111667
 -0.26290969678000000   0.59807005443372838
 -0.26290169678000000   0.59807269225411116
 -0.26289369678000000   0.59807532975209606
 -0.26288569678000000   0.59807796693802404
 -0.26287769678000000   0.59808060382275237
 -0.26286969678000000   0.59808324041765649
 -0.26286169678000000   0.59808587673462727
 -0.26285369678000000   0.59808851278606385
 -0.26284569678000000   0.59809114858486189
 -0.26283769678000000   0.59809378414439755
 -0.26282969678000000   0.59809641947850729
 -0.26282169678000000   0.59809905460146363
 -0.26281369678000000   0.59810168952794711
 -0.26280569678000000   0.59810432427301449
 -0.26279769678000000   0.59810695885206399
 -0.26278969678000000   0.59810959328079712
 -0.26278169678000000   0.59811222757517801
 -0.26277369678000000   0.59811486175139024
 -0.26276569678000000   0.59811749582579170
 -0.26275769678000000   0.59812012981486780
 -0.26274969678000000   0.59812276373518322
 -0.26274169678000000   0.59812539760333298
 -0.26273369678000000   0.59812803143589303
 -0.26272569678000000   0.59813066524937046
 -0.26271769678000000   0.59813329906015448
 -0.26270969678000000   0.59813593288446772
 -0.26270169678000000   0.59813856673831911
 -0.26269369678000000   0.59814120063745785
 -0.26268569678000000   0.59814383459732974
 -0.26267769678000000   0.59814646863303560
 -0.26266969678000000   0.59814910275929239
 -0.26266169678000000   0.59815173699039753
 -0.26265369678000000   0.59815437134019632
 -0.26264569678000000   0.59815700582205328
 -0.26263769678000000   0.59815964044882717
 -0.26262969678000000   0.59816227523285048
 -0.26262169678000000   0.59816491018591309
 -0.26261369678000000   0.59816754531925056
 -0.26260569678000000   0.59817018064353725
 -0.26259769678000000   0.59817281616888421
 -0.26258969678000000   0.59817545190484210
 -0.26258169678000000   0.59817808786040888
 -0.26257369678000000   0.59818072404404276
 -0.26256569678000000   0.59818336046367999
 -0.26255769678000000   0.59818599712675738
 -0.26254969678000000   0.59818863404023986
 -0.26254169678000000   0.59819127121065252
 -0.26253369678000000   0.59819390864411713
 -0.26252569678000000   0.59819654634639288
 -0.26251769678000000   0.59819918432292114
 -0.26250969678000000   0.59820182257887389
 -0.26250169678000000   0.59820446111920546
 -0.26249369678000000   0.59820709994870754
 -0.26248569678000000   0.59820973907206656
 -0.26247769678000000   0.59821237849392353
 -0.26246969678000000   0.59821501821893570
 -0.26246169678000000   0.59821765825183961
 -0.26245369678000000   0.59822029859751517
 -0.26244569678000000   0.59822293926105019
 -0.26243769678000000   0.59822558024780493
 -0.26242969678000000   0.59822822156347638
 -0.26242169678000000   0.59823086321416149
 -0.26241369678000000   0.59823350520641890
 -0.26240569678000000   0.59823614754732912
 -0.26239769678000000   0.59823879024455215
 -0.26238969678000000   0.59824143330638238
 -0.26238169678000000   0.59824407674180035
 -0.26237369678000000   0.59824672056052078
 -0.26236569678000000   0.59824936477303666
 -0.26235769678000000   0.59825200939065897
 -0.26234969678000000   0.59825465442555157
 -0.26234169678000000   0.59825729989076107
 -0.26233369678000000   0.59825994580024151
 -0.26232569678000000   0.59826259216887312
 -0.26231769678000000   0.59826523901247576
 -0.26230969678000000   0.59826788634781597
 -0.26230169678000000   0.59827053419260815
 -0.26229369678000000   0.59827318256550952
 -0.26228569678000000   0.59827583148610872
 -0.26227769678000000   0.59827848097490832
 -0.26226969678000000   0.59828113105330093
 -0.26226169678000000   0.59828378174353936
 -0.26225369678000000   0.59828643306870048
 -0.26224569678000000   0.59828908505264349
 -0.26223769678000000   0.59829173771996213
 -0.26222969678000000   0.59829439109593190
 -0.26222169678000000   0.59829704520645172
 -0.26221369678000000   0.59829970007798084
 -0.26220569678000000   0.59830235573747122
 -0.26219769678000000   0.59830501221229589
 -0.26218969678000000   0.59830766953017327
 -0.26218169678000000   0.59831032771908844
 -0.26217369678000000   0.59831298680721139
 -0.26216569678000000   0.59831564682281300
 -0.26215769678000000   0.59831830779417891
 -0.26214969678000000   0.59832096974952243
 -0.26214169678000000   0.59832363271689605
 -0.26213369678000000   0.59832629672410308
 -0.26212569678000000   0.59832896179860925
 -0.26211769678000000   0.59833162796745517
 -0.26210969678000000   0.59833429525717005
 -0.26210169678000000   0.59833696369368714
 -0.26209369678000000   0.59833963330226167
 -0.26208569678000000   0.59834230410739148
 -0.26207769678000000   0.59834497613274109
 -0.26206969678000000   0.59834764940106944
 -0.26206169678000000   0.59835032393416201
 -0.26205369678000000   0.59835299975276765
 -0.26204569678000000   0.59835567687654011
 -0.26203769678000000   0.59835835532398548
 -0.26202969678000000   0.59836103511241500
 -0.26202169678000000   0.59836371625790412
 -0.26201369678000000   0.59836639877525759
 -0.26200569678000000   0.59836908267798123
 -0.26199769678000000   0.59837176797826029
 -0.26198969678000000   0.59837445468694437
 -0.26198169678000000   0.59837714281353941
 -0.26197369678000000   0.59837983236620623
 -0.26196569678000000   0.59838252335176614
 -0.26195769678000000   0.59838521577571295
 -0.26194969678000000   0.59838790964223186
 -0.26194169678000000   0.59839060495422455
 -0.26193369678000000   0.59839330171334054
 -0.26192569678000000   0.59839599992001453
 -0.26191769678000000   0.59839869957350915
 -0.26190969678000000   0.59840140067196327
 -0.26190169678000000   0.59840410321244482
 -0.26189369678000000   0.59840680719100837
 -0.26188569678000000   0.59840951260275645
 -0.26187769678000000   0.59841221944190446
 -0.26186969678000000   0.59841492770184845
 -0.26186169678000000   0.59841763737523538
 -0.26185369678000000   0.59842034845403514
 -0.26184569678000000   0.59842306092961389
 -0.26183769678000000   0.59842577479280788
 -0.26182969678000000   0.59842849003399764
 -0.26182169678000000   0.59843120664318120
 -0.26181369678000000   0.59843392461004654
 -0.26180569678000000   0.59843664392404196
 -0.26179769678000000   0.59843936457444428
 -0.26178969678000000   0.59844208655042412
 -0.26178169678000000   0.59844480984110755
 -0.26177369678000000   0.59844753443563393
 -0.26176569678000000   0.59845026032320910
 -0.26175769678000000   0.59845298749315374
 -0.26174969678000000   0.59845571593494609
 -0.26174169678000000   0.59845844563825923
 -0.26173369678000000   0.59846117659299183
 -0.26172569678000000   0.59846390878929276
 -0.26171769678000000   0.59846664221757889
 -0.26170969678000000   0.59846937686854586
 -0.26170169678000000   0.59847211273317203
 -0.26169369678000000   0.59847484980271514
 -0.26168569678000000   0.59847758806870175
 -0.26167769678000000   0.59848032752290958
 -0.26166969678000000   0.59848306815734276
 -0.26166169678000000   0.59848580996419993
 -0.26165369678000000   0.59848855293583582
 -0.26164569678000000   0.59849129706471605
 -0.26163769678000000   0.59849404234336573
 -0.26162969678000000   0.59849678876431220
 -0.26162169678000000   0.59849953632002218
 -0.26161369678000000   0.59850228500283388
 -0.26160569678000000   0.59850503480488452
 -0.26159769678000000   0.59850778571803372
 -0.26158969678000000   0.59851053773378360
 -0.26158169678000000   0.59851329084319566
 -0.26157369678000000   0.59851604503680581
 -0.26156569678000000   0.59851880030453748
 -0.26155769678000000   0.59852155663561394
 -0.26154969678000000   0.59852431401847054
 -0.26154169678000000   0.59852707244066712
 -0.26153369678000000   0.59852983188880214
 -0.26152569678000000   0.59853259234842823
 -0.26151769678000000   0.59853535380397073
 -0.26150969678000000   0.59853811623864960
 -0.26150169678000000   0.59854087963440518
 -0.26149369678000000   0.59854364397182891
 -0.26148569678000000   0.59854640923009932
 -0.26147769678000000   0.59854917538692429
 -0.26146969678000000   0.59855194241848936
 -0.26146169678000000   0.59855471029941389
 -0.26145369678000000   0.59855747900271439
 -0.26144569678000000   0.59856024849977620
 -0.26143769678000000   0.59856301876033356
 -0.26142969678000000   0.59856578975245875
 -0.26142169678000000   0.59856856144256012
 -0.26141369678000000   0.59857133379538984
 -0.26140569678000000   0.59857410677406086
 -0.26139769678000000   0.59857688034007377
 -0.26138969678000000   0.59857965445335324
 -0.26138169678000000   0.59858242907229413
 -0.26137369678000000   0.59858520415381709
 -0.26136569678000000   0.59858797965343344
 -0.26135769678000000   0.59859075552531928
 -0.26134969678000000   0.59859353172239822
 -0.26134169678000000   0.59859630819643254
 -0.26133369678000000   0.59859908489812231
 -0.26132569678000000   0.59860186177721179
 -0.26131769678000000   0.59860463878260274
 -0.26130969678000000   0.59860741586247398
 -0.26130169678000000   0.59861019296440634
 -0.26129369678000000   0.59861297003551239
 -0.26128569678000000   0.59861574702257034
 -0.26127769678000000   0.59861852387216103
 -0.26126969678000000   0.59862130053080725
 -0.26126169678000000   0.59862407694511470
 -0.26125369678000000   0.59862685306191355
 -0.26124569678000000   0.59862962882839967
 -0.26123769678000000   0.59863240419227483
 -0.26122969678000000   0.59863517910188484
 -0.26122169678000000   0.59863795350635477
 -0.26121369678000000   0.59864072735572040
 -0.26120569678000000   0.59864350060105503
 -0.26119769678000000   0.59864627319459100
 -0.26118969678000000   0.59864904508983475
 -0.26118169678000000   0.59865181624167530
 -0.26117369678000000   0.59865458660648471
 -0.26116569678000000   0.59865735614221060
 -0.26115769678000000   0.59866012480845961
 -0.26114969678000000   0.59866289256657160
 -0.26114169678000000   0.59866565937968398
 -0.26113369678000000   0.59866842521278588
 -0.26112569678000000   0.59867119003276166
 -0.26111769678000000   0.59867395380842379
 -0.26110969678000000   0.59867671651053476
 -0.26110169678000000   0.59867947811181792
 -0.26109369678000000   0.59868223858695726
 -0.26108569678000000   0.59868499791258631
 -0.26107769678000000   0.59868775606726608
 -0.26106969678000000   0.59869051303145254
 -0.26106169678000000   0.59869326878745349
 -0.26105369678000000   0.59869602331937586
 -0.26104569678000000   0.59869877661306313
 -0.26103769678000000   0.59870152865602390
 -0.26102969678000000   0.59870427943735197
 -0.26102169678000000   0.59870702894763849
 -0.26101369678000000   0.59870977717887705
 -0.26100569678000000   0.59871252412436232
 -0.26099769678000000   0.59871526977858293
 -0.26098969678000000   0.59871801413710957
 -0.26098169678000000   0.59872075719647915
 -0.26097369678000000   0.59872349895407558
 -0.26096569678000000   0.59872623940800870
 -0.26095769678000000   0.59872897855699151
 -0.26094969678000000   0.59873171640021727
 -0.26094169678000000   0.59873445293723698
 -0.26093369678000000   0.59873718816783838
 -0.26092569678000000   0.59873992209192736
 -0.26091769678000000   0.59874265470941259
 -0.26090969678000000   0.59874538602009423
 -0.26090169678000000   0.59874811602355783
 -0.26089369678000000   0.59875084471907382
 -0.26088569678000000   0.59875357210550388
 -0.26087769678000000   0.59875629818121418
 -0.26086969678000000   0.59875902294399716
 -0.26086169678000000   0.59876174639100145
 -0.26085369678000000   0.59876446851867135
 -0.26084569678000000   0.59876718932269561
 -0.26083769678000000   0.59876990879796670
 -0.26082969678000000   0.59877262693855017
 -0.26082169678000000   0.59877534373766499
 -0.26081369678000000   0.59877805918767474
 -0.26080569678000000   0.59878077328008972
 -0.26079769678000000   0.59878348600558036
 -0.26078969678000000   0.59878619735400148
 -0.26078169678000000   0.59878890731442753
 -0.26077369678000000   0.59879161587519844
 -0.26076569678000000   0.59879432302397599
 -0.26075769678000000   0.59879702874781006
 -0.26074969678000000   0.59879973303321449
 -0.26074169678000000   0.59880243586625203
 -0.26073369678000000   0.59880513723262757
 -0.26072569678000000   0.59880783711778925
 -0.26071769678000000   0.59881053550703657
 -0.26070969678000000   0.59881323238563475
 -0.26070169678000000   0.59881592773893437
 -0.26069369678000000   0.59881862155249565
 -0.26068569678000000   0.59882131381221623
 -0.26067769678000000   0.59882400450446153
 -0.26066969678000000   0.59882669361619670
 -0.26066169678000000   0.59882938113511932
 -0.26065369678000000   0.59883206704979139
 -0.26064569678000000   0.59883475134977016
 -0.26063769678000000   0.59883743402573621
 -0.26062969678000000   0.59884011506961822
 -0.26062169678000000   0.59884279447471310
 -0.26061369678000000   0.59884547223580067
 -0.26060569678000000   0.59884814834925214
 -0.26059769678000000   0.59885082281313079
 -0.26058969678000000   0.59885349562728499
 -0.26058169678000000   0.59885616679343194
 -0.26057369678000000   0.59885883631523178
 -0.26056569678000000   0.59886150419835133
 -0.26055769678000000   0.59886417045051681
 -0.26054969678000000   0.59886683508155493
 -0.26054169678000000   0.59886949810342221
 -0.26053369678000000   0.59887215953022158
 -0.26052569678000000   0.59887481937820677
 -0.26051769678000000   0.59887747766577332
 -0.26050969678000000   0.59888013441343703
 -0.26050169678000000   0.59888278964379916
 -0.26049369678000000   0.59888544338149874
 -0.26048569678000000   0.59888809565315207
 -0.26047769678000000   0.59889074648727966
 -0.26046969678000000   0.59889339591422088
 -0.26046169678000000   0.59889604396603693
 -0.26045369678000000   0.59889869067640223
 -0.26044569678000000   0.59890133608048539
 -0.26043769678000000   0.59890398021481974
 -0.26042969678000000   0.59890662311716474
 -0.26042169678000000   0.59890926482635866
 -0.26041369678000000   0.59891190538216366
 -0.26040569678000000   0.59891454482510398
 -0.26039769678000000   0.59891718319629842
 -0.26038969678000000   0.59891982053728781
 -0.26038169678000000   0.59892245688985906
 -0.26037369678000000   0.59892509229586627
 -0.26036569678000000   0.59892772679705048
 -0.26035769678000000   0.59893036043485903
 -0.26034969678000000   0.59893299325026577
 -0.26034169678000000   0.59893562528359315
 -0.26033369678000000   0.59893825657433744
 -0.26032569678000000   0.59894088716099841
 -0.26031769678000000   0.59894351708091428
 -0.26030969678000000   0.59894614637010341
 -0.26030169678000000   0.59894877506311344
 -0.26029369678000000   0.59895140319287950
 -0.26028569678000000   0.59895403079059173
 -0.26027769678000000   0.59895665788557387
 -0.26026969678000000   0.59895928450517330
 -0.26026169678000000   0.59896191067466338
 -0.26025369678000000   0.59896453641715924
 -0.26024569678000000   0.59896716175354718
 -0.26023769678000000   0.59896978670242870
 -0.26022969678000000   0.59897241128007945
 -0.26022169678000000   0.59897503550042337
 -0.26021369678000000   0.59897765937502281
 -0.26020569678000000   0.59898028291308429
 -0.26019769678000000   0.59898290612148024
 -0.26018969678000000   0.59898552900478684
 -0.26018169678000000   0.59898815156533755
 -0.26017369678000000   0.59899077380329221
 -0.26016569678000000   0.59899339571672156
 -0.26015769678000000   0.59899601730170640
 -0.26014969678000000   0.59899863855245087
 -0.26014169678000000   0.59900125946140960
 -0.26013369678000000   0.59900388001942721
 -0.26012569678000000   0.59900650021589011
 -0.26011769678000000   0.59900912003888881
 -0.26010969678000000   0.59901173947539044
 -0.26010169678000000   0.59901435851141975
 -0.26009369678000000   0.59901697713224774
 -0.26008569678000000   0.59901959532258643
 -0.26007769678000000   0.59902221306678871
 -0.26006969678000000   0.59902483034905139
 -0.26006169678000000   0.59902744715362061
 -0.26005369678000000   0.59903006346499787
 -0.26004569678000000   0.59903267926814509
 -0.26003769678000000   0.59903529454868759
 -0.26002969678000000   0.59903790929311313
 -0.26002169678000000   0.59904052348896598
 -0.26001369678000000   0.59904313712503413
 -0.26000569678000000   0.59904575019152876
 -0.25999769678000000   0.59904836268025421
 -0.25998969678000000   0.59905097458476734
 -0.25998169678000000   0.59905358590052532
 -0.25997369678000000   0.59905619662502004
 -0.25996569678000000   0.59905880675789898
 -0.25995769678000000   0.59906141630107077
 -0.25994969678000000   0.59906402525879520
 -0.25994169678000000   0.59906663363775648
 -0.25993369678000000   0.59906924144711945
 -0.25992569678000000   0.59907184869856796
 -0.25991769678000000   0.59907445540632522
 -0.25990969678000000   0.59907706158715571
 -0.25990169678000000   0.59907966726034856
 -0.25989369678000000   0.59908227244768241
 -0.25988569678000000   0.59908487717337175
 -0.25987769678000000   0.59908748146399503
 -0.25986969678000000   0.59909008534840505
 -0.25986169678000000   0.59909268885762179
 -0.25985369678000000   0.59909529202470864
 -0.25984569678000000   0.59909789488463244
 -0.25983769678000000   0.59910049747410849
 -0.25982969678000000   0.59910309983143127
 -0.25982169678000000   0.59910570199629186
 -0.25981369678000000   0.59910830400958353
 -0.25980569678000000   0.59911090591319645
 -0.25979769678000000   0.59911350774980302
 -0.25978969678000000   0.59911610956263507
 -0.25978169678000000   0.59911871139525462
 -0.25977369678000000   0.59912131329131967
 -0.25976569678000000   0.59912391529434639
 -0.25975769678000000   0.59912651744746981
 -0.25974969678000000   0.59912911979320407
 -0.25974169678000000   0.59913172237320451
 -0.25973369678000000   0.59913432522803294
 -0.25972569678000000   0.59913692839692788
 -0.25971769678000000   0.59913953191758142
 -0.25970969678000000   0.59914213582592446
 -0.25970169678000000   0.59914474015592191
 -0.25969369678000000   0.59914734493937941
 -0.25968569678000000   0.59914995020576319
 -0.25967769678000000   0.59915255598203439
 -0.25966969678000000   0.59915516229249940
 -0.25966169678000000   0.59915776915867743
 -0.25965369678000000   0.59916037659918659
 -0.25964569678000000   0.59916298462964930
 -0.25963769678000000   0.59916559326261853
 -0.25962969678000000   0.59916820250752509
 -0.25962169678000000   0.59917081237064730
 -0.25961369678000000   0.59917342285510296
 -0.25960569678000000   0.59917603396086467
 -0.25959769678000000   0.59917864568479828
 -0.25958969678000000   0.59918125802072487
 -0.25958169678000000   0.59918387095950573
 -0.25957369678000000   0.59918648448915090
 -0.25956569678000000   0.59918909859494997
 -0.25955769678000000   0.59919171325962513
 -0.25954969678000000   0.59919432846350549
 -0.25954169678000000   0.59919694418472180
 -0.25953369678000000   0.59919956039942045
 -0.25952569678000000   0.59920217708199557
 -0.25951769678000000   0.59920479420533777
 -0.25950969678000000   0.59920741174109793
 -0.25950169678000000   0.59921002965996457
 -0.25949369678000000   0.59921264793195278
 -0.25948569678000000   0.59921526652670289
 -0.25947769678000000   0.59921788541378698
 -0.25946969678000000   0.59922050456302088
 -0.25946169678000000   0.59922312394477987
 -0.25945369678000000   0.59922574353031556
 -0.25944569678000000   0.59922836329207174
 -0.25943769678000000   0.59923098320399731
 -0.25942969678000000   0.59923360324185330
 -0.25942169678000000   0.59923622338351262
 -0.25941369678000000   0.59923884360924951
 -0.25940569678000000   0.59924146390201700
 -0.25939769678000000   0.59924408424771009
 -0.25938969678000000   0.59924670463541274
 -0.25938169678000000   0.59924932505762646
 -0.25937369678000000   0.59925194551047907
 -0.25936569678000000   0.59925456599391144
 -0.25935769678000000   0.59925718651184126
 -0.25934969678000000   0.59925980707230158
 -0.25934169678000000   0.59926242768755371
 -0.25933369678000000   0.59926504837417272
 -0.25932569678000000   0.59926766915310494
 -0.25931769678000000   0.59927029004969656
 -0.25930969678000000   0.59927291109369279
 -0.25930169678000000   0.59927553231920720
 -0.25929369678000000   0.59927815376466099
 -0.25928569678000000   0.59928077547269222
 -0.25927769678000000   0.59928339749003530
 -0.25926969678000000   0.59928601986737067
 -0.25926169678000000   0.59928864265914592
 -0.25925369678000000   0.59929126592336860
 -0.25924569678000000   0.59929388972137154
 -0.25923769678000000   0.59929651411755256
 -0.25922969678000000   0.59929913917908892
 -0.25922169678000000   0.59930176497562860
 -0.25921369678000000   0.59930439157895978
 -0.25920569678000000   0.59930701906266044
 -0.25919769678000000   0.59930964750172979
 -0.25918969678000000   0.59931227697220397
 -0.25918169678000000   0.59931490755075767
 -0.25917369678000000   0.59931753931429455
 -0.25916569678000000   0.59932017233952853
 -0.25915769678000000   0.59932280670255858
 -0.25914969678000000   0.59932544247843955
 -0.25914169678000000   0.59932807974075193
 -0.25913369678000000   0.59933071856117289
 -0.25912569678000000   0.59933335900905185
 -0.25911769678000000   0.59933600115099302
 -0.25910969678000000   0.59933864505044788
 -0.25910169678000000   0.59934129076732051
 -0.25909369678000000   0.59934393835758839
 -0.25908569678000000   0.59934658787294164
 -0.25907769678000000   0.59934923936044323
 -0.25906969678000000   0.59935189286221299
 -0.25906169678000000   0.59935454841513781
 -0.25905369678000000   0.59935720605061065
 -0.25904569678000000   0.59935986579430038
 -0.25903769678000000   0.59936252766595503
 -0.25902969678000000   0.59936519167923997
 -0.25902169678000000   0.59936785784161325
 -0.25901369678000000   0.59937052615423926
 -0.25900569678000000   0.59937319661194257
 -0.25899769678000000   0.59937586920320243
 -0.25898969678000000   0.59937854391018949
 -0.25898169678000000   0.59938122070884464
 -0.25897369678000000   0.59938389956900084
 -0.25896569678000000   0.59938658045454734
 -0.25895769678000000   0.59938926332363649
 -0.25894969678000000   0.59939194812893226
 -0.25894169678000000   0.59939463481789937
 -0.25893369678000000   0.59939732333313202
 -0.25892569678000000   0.59940001361272034
 -0.25891769678000000   0.59940270559065292
 -0.25890969678000000   0.59940539919725290
 -0.25890169678000000   0.59940809435964528
 -0.25889369678000000   0.59941079100225263
 -0.25888569678000000   0.59941348904731598
 -0.25887769678000000   0.59941618841543762
 -0.25886969678000000   0.59941888902614243
 -0.25886169678000000   0.59942159079845380
 -0.25885369678000000   0.59942429365148011
 -0.25884569678000000   0.59942699750500811
 -0.25883769678000000   0.59942970228009856
 -0.25882969678000000   0.59943240789968018
 -0.25882169678000000   0.59943511428913755
 -0.25881369678000000   0.59943782137688839
 -0.25880569678000000   0.59944052909494639
 -0.25879769678000000   0.59944323737946486
 -0.25878969678000000   0.59944594617125738
 -0.25878169678000000   0.59944865541629118
 -0.25877369678000000   0.59945136506614963
 -0.25876569678000000   0.59945407507845962
 -0.25875769678000000   0.59945678541728104
 -0.25874969678000000   0.59945949605345429
 -0.25874169678000000   0.59946220696490353
 -0.25873369678000000   0.59946491813689226
 -0.25872569678000000   0.59946762956222914
 -0.25871769678000000   0.59947034124142199
 -0.25870969678000000   0.59947305318277751
 -0.25870169678000000   0.59947576540244611
 -0.25869369678000000   0.59947847792440987
 -0.25868569678000000   0.59948119078041318
 -0.25867769678000000   0.59948390400983564
 -0.25866969678000000   0.59948661765950680
 -0.25866169678000000   0.59948933178346325
 -0.25865369678000000   0.59949204644264842
 -0.25864569678000000   0.59949476170455623
 -0.25863769678000000   0.59949747764281946
 -0.25862969678000000   0.59950019433674498
 -0.25862169678000000   0.59950291187079733
 -0.25861369678000000   0.59950563033403308
 -0.25860569678000000   0.59950834981948866
 -0.25859769678000000   0.59951107042352438
 -0.25858969678000000   0.59951379224512793
 -0.25858169678000000   0.59951651538518089
 -0.25857369678000000   0.59951923994569216
 -0.25856569678000000   0.59952196602900200
 -0.25855769678000000   0.59952469373696162
 -0.25854969678000000   0.59952742317009234
 -0.25854169678000000   0.59953015442672963
 -0.25853369678000000   0.59953288760215695
 -0.25852569678000000   0.59953562278773460
 -0.25851769678000000   0.59953836007002934
 -0.25850969678000000   0.59954109952995015
 -0.25850169678000000   0.59954384124189639
 -0.25849369678000000   0.59954658527292395
 -0.25848569678000000   0.59954933168193577
 -0.25847769678000000   0.59955208051890258
 -0.25846969678000000   0.59955483182412059
 -0.25846169678000000   0.59955758562751165
 -0.25845369678000000   0.59956034194797270
 -0.25844569678000000   0.59956310079278013
 -0.25843769678000000   0.59956586215705503
 -0.25842969678000000   0.59956862602329569
 -0.25842169678000000   0.59957139236098186
 -0.25841369678000000   0.59957416112625685
 -0.25840569678000000   0.59957693226169204
 -0.25839769678000000   0.59957970569613809
 -0.25838969678000000   0.59958248134466721
 -0.25838169678000000   0.59958525910860968
 -0.25837369678000000   0.59958803887568765
 -0.25836569678000000   0.59959082052024827
 -0.25835769678000000   0.59959360390359794
 -0.25834969678000000   0.59959638887443850
 -0.25834169678000000   0.59959917526940510
 -0.25833369678000000   0.59960196291370537
 -0.25832569678000000   0.59960475162185806
 -0.25831769678000000   0.59960754119852880
 -0.25830969678000000   0.59961033143945973
 -0.25830169678000000   0.59961312213248883
 -0.25829369678000000   0.59961591305865394
 -0.25828569678000000   0.59961870399337576
 -0.25827769678000000   0.59962149470771329
 -0.25826969678000000   0.59962428496968449
 -0.25826169678000000   0.59962707454564395
 -0.25825369678000000   0.59962986320170951
 -0.25824569678000000   0.59963265070522830
 -0.25823769678000000   0.59963543682627297
 -0.25822969678000000   0.59963822133915825
 -0.25822169678000000   0.59964100402396736
 -0.25821369678000000   0.59964378466807863
 -0.25820569678000000   0.59964656306768126
 -0.25819769678000000   0.59964933902927041
 -0.25818969678000000   0.59965211237111110
 -0.25818169678000000   0.59965488292466098
 -0.25817369678000000   0.59965765053594257
 -0.25816569678000000   0.59966041506685487
 -0.25815769678000000   0.59966317639641653
 -0.25814969678000000   0.59966593442193128
 -0.25814169678000000   0.59966868906006834
 -0.25813369678000000   0.59967144024785043
 -0.25812569678000000   0.59967418794354291
 -0.25811769678000000   0.59967693212743808
 -0.25810969678000000   0.59967967280252949
 -0.25810169678000000   0.59968240999507162
 -0.25809369678000000   0.59968514375502123
 -0.25808569678000000   0.59968787415635677
 -0.25807769678000000   0.59969060129727376
 -0.25806969678000000   0.59969332530025349
 -0.25806169678000000   0.59969604631200413
 -0.25805369678000000   0.59969876450327260
 -0.25804569678000000   0.59970148006852750
 -0.25803769678000000   0.59970419322551207
 -0.25802969678000000   0.59970690421466810
 -0.25802169678000000   0.59970961329843117
 -0.25801369678000000   0.59971232076039782
 -0.25800569678000000   0.59971502690436604
 -0.25799769678000000   0.59971773205325040
 -0.25798969678000000   0.59972043654787304
 -0.25798169678000000   0.59972314074563254
 -0.25797369678000000   0.59972584501905219
 -0.25796569678000000   0.59972854975420996
 -0.25795769678000000   0.59973125534905219
 -0.25794969678000000   0.59973396221159349
 -0.25794169678000000   0.59973667075800541
 -0.25793369678000000   0.59973938141059699
 -0.25792569678000000   0.59974209459569037
 -0.25791769678000000   0.59974481074139505
 -0.25790969678000000   0.59974753027528525
 -0.25790169678000000   0.59975025362198506
 -0.25789369678000000   0.59975298120066669
 -0.25788569678000000   0.59975571342246839
 -0.25787769678000000   0.59975845068783880
 -0.25786969678000000   0.59976119338381626
 -0.25786169678000000   0.59976394188125217
 -0.25785369678000000   0.59976669653198878
 -0.25784569678000000   0.59976945766600358
 -0.25783769678000000   0.59977222558853324
 -0.25782969678000000   0.59977500057719195
 -0.25782169678000000   0.59977778287910068
 -0.25781369678000000   0.59978057270804503
 -0.25780569678000000   0.59978337024168140
 -0.25779769678000000   0.59978617561881257
 -0.25778969678000000   0.59978898893675538
 -0.25778169678000000   0.59979181024882459
 -0.25777369678000000   0.59979463956195827
 -0.25776569678000000   0.59979747683451127
 -0.25775769678000000   0.59980032197424388
 -0.25774969678000000   0.59980317483653338
 -0.25774169678000000   0.59980603522283677
 -0.25773369678000000   0.59980890287943168
 -0.25772569678000000   0.59981177749646290
 -0.25771769678000000   0.59981465870731992
 -0.25770969678000000   0.59981754608836932
 -0.25770169678000000   0.59982043915906373
 -0.25769369678000000   0.59982333738244585
 -0.25768569678000000   0.59982624016606300
 -0.25767769678000000   0.59982914686330290
 -0.25766969678000000   0.59983205677515817
 -0.25766169678000000   0.59983496915242053
 -0.25765369678000000   0.59983788319830184
 -0.25764569678000000   0.59984079807147260
 -0.25763769678000000   0.59984371288950308
 -0.25762969678000000   0.59984662673268681
 -0.25762169678000000   0.59984953864821965
 -0.25761369678000000   0.59985244765470318
 -0.25760569678000000   0.59985535274693508
 -0.25759769678000000   0.59985825290094533
 -0.25758969678000000   0.59986114707923233
 -0.25758169678000000   0.59986403423615014
 -0.25757369678000000   0.59986691332339573
 -0.25756569678000000   0.59986978329554271
 -0.25755769678000000   0.59987264311556820
 -0.25754969678000000   0.59987549176031944
 -0.25754169678000000   0.59987832822586755
 -0.25753369678000000   0.59988115153269889
 -0.25752569678000000   0.59988396073069628
 -0.25751769678000000   0.59988675490386734
 -0.25750969678000000   0.59988953317478048
 -0.25750169678000000   0.59989229470867483
 -0.25749369678000000   0.59989503871721562
 -0.25748569678000000   0.59989776446187169
 -0.25747769678000000   0.59990047125689840
 -0.25746969678000000   0.59990315847191454
 -0.25746169678000000   0.59990582553406761
 -0.25745369678000000   0.59990847192978749
 -0.25744569678000000   0.59991109720613358
 -0.25743769678000000   0.59991370097174513
 -0.25742969678000000   0.59991628289740885
 -0.25742169678000000   0.59991884271626165
 -0.25741369678000000   0.59992138022364926
 -0.25740569678000000   0.59992389527666436
 -0.25739769678000000   0.59992638779338941
 -0.25738969678000000   0.59992885775187142
 -0.25738169678000000   0.59993130518885577
 -0.25737369678000000   0.59993373019830789
 -0.25736569678000000   0.59993613292975011
 -0.25735769678000000   0.59993851358644148
 -0.25734969678000000   0.59994087242342735
 -0.25734169678000000   0.59994320974548373
 -0.25733369678000000   0.59994552590498088
 -0.25732569678000000   0.59994782129968853
 -0.25731769678000000   0.59995009637054334
 -0.25730969678000000   0.59995235159939762
 -0.25730169678000000   0.59995458750676649
 -0.25729369678000000   0.59995680464958816
 -0.25728569678000000   0.59995900361901100
 -0.25727769678000000   0.59996118503821875
 -0.25726969678000000   0.59996334956030292
 -0.25726169678000000   0.59996549786619099
 -0.25725369678000000   0.59996763066263613
 -0.25724569678000000   0.59996974868027332
 -0.25723769678000000   0.59997185267174526
 -0.25722969678000000   0.59997394340990013
 -0.25722169678000000   0.59997602168606159
 -0.25721369678000000   0.59997808830837158
 -0.25720569678000000   0.59998014410020378
 -0.25719769678000000   0.59998218989864657
 -0.25718969678000000   0.59998422655305182
 -0.25718169678000000   0.59998625492364654
 -0.25717369678000000   0.59998827588020315
 -0.25716569678000000   0.59999029030076357
 -0.25715769678000000   0.59999229907041238
 -0.25714969678000000   0.59999430308009329
 -0.25714169678000000   0.59999630322546355
 -0.25713369678000000   0.59999830040578002
 -0.25712569678000000   0.60000029552281090
 -0.25711769678000000   0.60000228947976669
 -0.25710969678000000   0.60000428318024408
 -0.25710169678000000   0.60000627752717602
 -0.25709369678000000   0.60000827342178187
 -0.25708569678000000   0.60001027176251054
 -0.25707769678000000   0.60001227344397079
 -0.25706969678000000   0.60001427935584188
 -0.25706169678000000   0.60001629038175857
 -0.25705369678000000   0.60001830739816448
 -0.25704569678000000   0.60002033127312779
 -0.25703769678000000   0.60002236286511417
 -0.25702969678000000   0.60002440302171129
 -0.25702169678000000   0.60002645257830066
 -0.25701369678000000   0.60002851235667209
 -0.25700569678000000   0.60003058316357731
 -0.25699769678000000   0.60003266578921957
 -0.25698969678000000   0.60003476100567666
 -0.25698169678000000   0.60003686956525611
 -0.25697369678000000   0.60003899219878132
 -0.25696569678000000   0.60004112961380959
 -0.25695769678000000   0.60004328249278270
 -0.25694969678000000   0.60004545149111332
 -0.25694169678000000   0.60004763723521064
 -0.25693369678000000   0.60004984032045089
 -0.25692569678000000   0.60005206130909935
 -0.25691769678000000   0.60005430072819243
 -0.25690969678000000   0.60005655906739007
 -0.25690169678000000   0.60005883677681006
 -0.25689369678000000   0.60006113426485822
 -0.25688569678000000   0.60006345189607004
 -0.25687769678000000   0.60006578998898078
 -0.25686969678000000   0.60006814881404369
 -0.25686169678000000   0.60007052859161682
 -0.25685369678000000   0.60007292949004097
 -0.25684569678000000   0.60007535162383288
 -0.25683769678000000   0.60007779505201876
 -0.25682969678000000   0.60008025977663378
 -0.25682169678000000   0.60008274574141515
 -0.25681369678000000   0.60008525283071519
 -0.25680569678000000   0.60008778086866138
 -0.25679769678000000   0.60009032961859014
 -0.25678969678000000   0.60009289878277905
 -0.25678169678000000   0.60009548800250156
 -0.25677369678000000   0.60009809685842547
 -0.25676569678000000   0.60010072487137400
 -0.25675769678000000   0.60010337150346458
 -0.25674969678000000   0.60010603615963764
 -0.25674169678000000   0.60010871818958188
 -0.25673369678000000   0.60011141689005919
 -0.25672569678000000   0.60011413150762637
 -0.25671769678000000   0.60011686124174548
 -0.25670969678000000   0.60011960524826970
 -0.25670169678000000   0.60012236264328503
 -0.25669369678000000   0.60012513250728329
 -0.25668569678000000   0.60012791388963625
 -0.25667769678000000   0.60013070581333559
 -0.25666969678000000   0.60013350727995911
 -0.25666169678000000   0.60013631727481936
 -0.25665369678000000   0.60013913477224748
 -0.25664569678000000   0.60014195874096303
 -0.25663769678000000   0.60014478814947826
 -0.25662969678000000   0.60014762197148496
 -0.25662169678000000   0.60015045919117200
 -0.25661369678000000   0.60015329880842266
 -0.25660569678000000   0.60015613984384334
 -0.25659769678000000   0.60015898134357674
 -0.25658969678000000   0.60016182238385800
 -0.25658169678000000   0.60016466207527461
 -0.25657369678000000   0.60016749956669700
 -0.25656569678000000   0.60017033404885097
 -0.25655769678000000   0.60017316475750931
 -0.25654969678000000   0.60017599097628461
 -0.25654169678000000   0.60017881203901213
 -0.25653369678000000   0.60018162733171569
 -0.25652569678000000   0.60018443629415600
 -0.25651769678000000   0.60018723842096540
 -0.25650969678000000   0.60019003326237743
 -0.25650169678000000   0.60019282042456428
 -0.25649369678000000   0.60019559956959832
 -0.25648569678000000   0.60019837041505754
 -0.25647769678000000   0.60020113273329679
 -0.25646969678000000   0.60020388635040928
 -0.25646169678000000   0.60020663114490394
 -0.25645369678000000   0.60020936704612512
 -0.25644569678000000   0.60021209403244224
 -0.25643769678000000   0.60021481212923615
 -0.25642969678000000   0.60021752140670965
 -0.25642169678000000   0.60022022197754801
 -0.25641369678000000   0.60022291399445536
 -0.25640569678000000   0.60022559764759079
 -0.25639769678000000   0.60022827316192723
 -0.25638969678000000   0.60023094079455463
 -0.25638169678000000   0.60023360083194713
 -0.25637369677999999   0.60023625358721269
 -0.25636569677999999   0.60023889939734171
 -0.25635769677999999   0.60024153862046997
 -0.25634969677999999   0.60024417163316902
 -0.25634169677999999   0.60024679882777640
 -0.25633369677999999   0.60024942060977647
 -0.25632569677999999   0.60025203739524061
 -0.25631769677999999   0.60025464960833574
 -0.25630969677999999   0.60025725767890762
 -0.25630169677999999   0.60025986204014530
 -0.25629369677999999   0.60026246312633182
 -0.25628569677999999   0.60026506137068587
 -0.25627769677999999   0.60026765720329774
 -0.25626969677999999   0.60027025104916337
 -0.25626169677999999   0.60027284332631867
 -0.25625369677999999   0.60027543444407698
 -0.25624569677999999   0.60027802480137121
 -0.25623769677999999   0.60028061478520275
 -0.25622969677999999   0.60028320476919856
 -0.25622169677999999   0.60028579511227746
 -0.25621369677999999   0.60028838615742744
 -0.25620569677999999   0.60029097823059404
 -0.25619769677999999   0.60029357163968167
 -0.25618969677999999   0.60029616667366778
 -0.25618169677999999   0.60029876360183114
 -0.25617369677999999   0.60030136267309378
 -0.25616569677999999   0.60030396411547795
 -0.25615769677999999   0.60030656813567715
 -0.25614969677999999   0.60030917491874153
 -0.25614169677999999   0.60031178462787707
 -0.25613369677999999   0.60031439740435778
 -0.25612569677999999   0.60031701336754955
 -0.25611769677999999   0.60031963261504475
 -0.25610969677999999   0.60032225522290474
 -0.25610169677999999   0.60032488124600880
 -0.25609369677999999   0.60032751071850614
 -0.25608569677999999   0.60033014365436773
 -0.25607769677999999   0.60033278004803418
 -0.25606969677999999   0.60033541987515521
 -0.25606169677999999   0.60033806309341586
 -0.25605369677999999   0.60034070964344401
 -0.25604569677999999   0.60034335944979319
 -0.25603769677999999   0.60034601242199435
 -0.25602969677999999   0.60034866845566959
 -0.25602169677999999   0.60035132743370082
 -0.25601369677999999   0.60035398922744515
 -0.25600569677999999   0.60035665369798952
 -0.25599769677999999   0.60035932069743603
 -0.25598969677999999   0.60036199007020953
 -0.25598169677999999   0.60036466165437882
 -0.25597369677999999   0.60036733528298299
 -0.25596569677999999   0.60037001078535400
 -0.25595769677999999   0.60037268798842708
 -0.25594969677999999   0.60037536671803064
 -0.25594169677999999   0.60037804680014737
 -0.25593369677999999   0.60038072806213881
 -0.25592569677999999   0.60038341033392601
 -0.25591769677999999   0.60038609344911915
 -0.25590969677999999   0.60038877724608971
 -0.25590169677999999   0.60039146156897930
 -0.25589369677999999   0.60039414626863966
 -0.25588569677999999   0.60039683120349928
 -0.25587769677999999   0.60039951624035243
 -0.25586969677999999   0.60040220125506745
 -0.25586169677999999   0.60040488613321130
 -0.25585369677999999   0.60040757077058858
 -0.25584569677999999   0.60041025507369379
 -0.25583769677999999   0.60041293896007582
 -0.25582969677999999   0.60041562235861498
 -0.25582169677999999   0.60041830520971324
 -0.25581369677999999   0.60042098746539856
 -0.25580569677999999   0.60042366908934544
 -0.25579769677999999   0.60042635005681385
 -0.25578969677999999   0.60042903035450936
 -0.25578169677999999   0.60043170998036757
 -0.25577369677999999   0.60043438894326676
 -0.25576569677999999   0.60043706726267244
 -0.25575769677999999   0.60043974496821811
 -0.25574969677999999   0.60044242209922705
 -0.25574169677999999   0.60044509870417936
 -0.25573369677999999   0.60044777484012982
 -0.25572569677999999   0.60045045057208090
 -0.25571769677999999   0.60045312597231685
 -0.25570969677999999   0.60045580111970333
 -0.25570169677999999   0.60045847609895833
 -0.25569369677999999   0.60046115099989956
 -0.25568569677999999   0.60046382591667307
 -0.25567769677999999   0.60046650094696901
 -0.25566969677999999   0.60046917619122876
 -0.25566169677999999   0.60047185175184914
 -0.25565369677999999   0.60047452773238799
 -0.25564569677999999   0.60047720423677621
 -0.25563769677999999   0.60047988136854058
 -0.25562969677999999   0.60048255923004187
 -0.25562169677999999   0.60048523792173243
 -0.25561369677999999   0.60048791754143727
 -0.25560569677999999   0.60049059818366247
 -0.25559769677999999   0.60049327993893448
 -0.25558969677999999   0.60049596289317372
 -0.25558169677999999   0.60049864712710553
 -0.25557369677999999   0.60050133271571167
 -0.25556569677999999   0.60050401972772455
 -0.25555769677999999   0.60050670822516680
 -0.25554969677999999   0.60050939826293858
 -0.25554169677999999   0.60051208988845380
 -0.25553369677999999   0.60051478314132727
 -0.25552569677999999   0.60051747805311408
 -0.25551769677999999   0.60052017464710155
 -0.25550969677999999   0.60052287293815526
 -0.25550169677999999   0.60052557293261845
 -0.25549369677999999   0.60052827462826583
 -0.25548569677999999   0.60053097801431049
 -0.25547769677999999   0.60053368307146408
 -0.25546969677999999   0.60053638977204869
 -0.25546169677999999   0.60053909808015955
 -0.25545369677999999   0.60054180795187667
 -0.25544569677999999   0.60054451933552377
 -0.25543769677999999   0.60054723217197212
 -0.25542969677999999   0.60054994639498692
 -0.25542169677999999   0.60055266193161350
 -0.25541369677999999   0.60055537870260036
 -0.25540569677999999   0.60055809662285581
 -0.25539769677999999   0.60056081560193487
 -0.25538969677999999   0.60056353554455282
 -0.25538169677999999   0.60056625635112172
 -0.25537369677999999   0.60056897791830595
 -0.25536569677999999   0.60057170013959286
 -0.25535769677999999   0.60057442290587461
 -0.25534969677999999   0.60057714610603705
 -0.25534169677999999   0.60057986962755150
 -0.25533369677999999   0.60058259335706575
 -0.25532569677999999   0.60058531718098987
 -0.25531769677999999   0.60058804098607324
 -0.25530969677999999   0.60059076465996905
 -0.25530169677999999   0.60059348809178257
 -0.25529369677999999   0.60059621117259975
 -0.25528569677999999   0.60059893379599306
 -0.25527769677999999   0.60060165585850141
 -0.25526969677999999   0.60060437726008138
 -0.25526169677999999   0.60060709790452764
 -0.25525369677999999   0.60060981769985957
 -0.25524569677999999   0.60061253655867293
 -0.25523769677999999   0.60061525439845447
 -0.25522969677999999   0.60061797114185822
 -0.25522169677999999   0.60062068671694231
 -0.25521369677999999   0.60062340105736618
 -0.25520569677999999   0.60062611410254663
 -0.25519769677999999   0.60062882579777362
 -0.25518969677999999   0.60063153609428544
 -0.25518169677999999   0.60063424494930373
 -0.25517369677999999   0.60063695232602921
 -0.25516569677999999   0.60063965819359876
 -0.25515769677999999   0.60064236252700550
 -0.25514969677999999   0.60064506530698284
 -0.25514169677999999   0.60064776651985432
 -0.25513369677999999   0.60065046615735118
 -0.25512569677999999   0.60065316421639940
 -0.25511769677999999   0.60065586069887853
 -0.25510969677999999   0.60065855561135445
 -0.25510169677999999   0.60066124896478871
 -0.25509369677999999   0.60066394077422648
 -0.25508569677999999   0.60066663105846625
 -0.25507769677999999   0.60066931983971337
 -0.25506969677999999   0.60067200714322041
 -0.25506169677999999   0.60067469299691700
 -0.25505369677999999   0.60067737743103166
 -0.25504569677999999   0.60068006047770844
 -0.25503769677999999   0.60068274217062117
 -0.25502969677999999   0.60068542254458745
 -0.25502169677999999   0.60068810163518549
 -0.25501369677999999   0.60069077947837605
 -0.25500569677999999   0.60069345611013159
 -0.25499769677999999   0.60069613156607561
 -0.25498969677999999   0.60069880588113372
 -0.25498169677999999   0.60070147908919889
 -0.25497369677999999   0.60070415122281274
 -0.25496569677999999   0.60070682231286483
 -0.25495769677999999   0.60070949238831129
 -0.25494969677999999   0.60071216147591475
 -0.25494169677999999   0.60071482960000677
 -0.25493369677999999   0.60071749678227371
 -0.25492569677999999   0.60072016304156773
 -0.25491769677999999   0.60072282839374302
 -0.25490969677999999   0.60072549285151860
 -0.25490169677999999   0.60072815642436804
 -0.25489369677999999   0.60073081911843597
 -0.25488569677999999   0.60073348093648240
 -0.25487769677999999   0.60073614187785411
 -0.25486969677999999   0.60073880193848319
 -0.25486169677999999   0.60074146111091241
 -0.25485369677999999   0.60074411938434684
 -0.25484569677999999   0.60074677674473089
 -0.25483769677999999   0.60074943317485006
 -0.25482969677999999   0.60075208865445631
 -0.25482169677999999   0.60075474316041582
 -0.25481369677999999   0.60075739666687793
 -0.25480569677999999   0.60076004914546375
 -0.25479769677999999   0.60076270056547288
 -0.25478969677999999   0.60076535089410671
 -0.25478169677999999   0.60076800009670619
 -0.25477369677999999   0.60077064813700268
 -0.25476569677999999   0.60077329497737971
 -0.25475769677999999   0.60077594057914364
 -0.25474969677999999   0.60077858490280143
 -0.25474169677999999   0.60078122790834321
 -0.25473369677999999   0.60078386955552805
 -0.25472569677999999   0.60078650980417030
 -0.25471769677999999   0.60078914861442511
 -0.25470969677999999   0.60079178594707061
 -0.25470169677999999   0.60079442176378526
 -0.25469369677999999   0.60079705602741825
 -0.25468569677999999   0.60079968870225117
 -0.25467769677999999   0.60080231975424935
 -0.25466969677999999   0.60080494915130109
 -0.25466169677999999   0.60080757686344368
 -0.25465369677999999   0.60081020286307403
 -0.25464569677999999   0.60081282712514370
 -0.25463769677999999   0.60081544962733615
 -0.25462969677999999   0.60081807035022612
 -0.25462169677999999   0.60082068927741953
 -0.25461369677999999   0.60082330639567381
 -0.25460569677999999   0.60082592169499759
 -0.25459769677999999   0.60082853516872980
 -0.25458969677999999   0.60083114681359751
 -0.25458169677999999   0.60083375662975263
 -0.25457369677999999   0.60083636462078752
 -0.25456569677999999   0.60083897079372941
 -0.25455769677999999   0.60084157515901428
 -0.25454969677999999   0.60084417773044042
 -0.25454169677999999   0.60084677852510225
 -0.25453369677999999   0.60084937756330512
 -0.25452569677999999   0.60085197486846201
 -0.25451769677999999   0.60085457046697263
 -0.25450969677999999   0.60085716438808646
 -0.25450169677999999   0.60085975666375036
 -0.25449369677999999   0.60086234732844213
 -0.25448569677999999   0.60086493641899123
 -0.25447769677999999   0.60086752397438783
 -0.25446969677999999   0.60087011003558183
 -0.25446169677999999   0.60087269464527278
 -0.25445369677999999   0.60087527784769259
 -0.25444569677999999   0.60087785968838214
 -0.25443769677999999   0.60088044021396337
 -0.25442969677999999   0.60088301947190845
 -0.25442169677999999   0.60088559751030701
 -0.25441369677999999   0.60088817437763376
 -0.25440569677999999   0.60089075012251681
 -0.25439769677999999   0.60089332479350906
 -0.25438969677999999   0.60089589843886350
 -0.25438169677999999   0.60089847110631394
 -0.25437369677999999   0.60090104284286226
 -0.25436569677999999   0.60090361369457365
 -0.25435769677999999   0.60090618370638080
 -0.25434969677999999   0.60090875292189828
 -0.25434169677999999   0.60091132138324786
 -0.25433369677999999   0.60091388913089608
 -0.25432569677999999   0.60091645620350455
 -0.25431769677999999   0.60091902263779399
 -0.25430969677999999   0.60092158846842253
 -0.25430169677999999   0.60092415372787898
 -0.25429369677999999   0.60092671844639142
 -0.25428569677999999   0.60092928265185146
 -0.25427769677999999   0.60093184636975465
 -0.25426969677999999   0.60093440962315696
 -0.25426169677999999   0.60093697243264749
 -0.25425369677999999   0.60093953481633763
 -0.25424569677999999   0.60094209678986588
 -0.25423769677999999   0.60094465836641890
 -0.25422969677999999   0.60094721955676780
 -0.25422169677999999   0.60094978036931957
 -0.25421369677999999   0.60095234081018319
 -0.25420569677999999   0.60095490088324935
 -0.25419769677999999   0.60095746059028365
 -0.25418969677999999   0.60096001993103224
 -0.25418169677999999   0.60096257890333876
 -0.25417369677999999   0.60096513750327236
 -0.25416569677999999   0.60096769572526510
 -0.25415769677999999   0.60097025356225811
 -0.25414969677999999   0.60097281100585530
 -0.25414169677999999   0.60097536804648355
 -0.25413369677999999   0.60097792467355815
 -0.25412569677999999   0.60098048087565234
 -0.25411769677999999   0.60098303664066980
 -0.25410969677999999   0.60098559195601892
 -0.25410169677999999   0.60098814680878742
 -0.25409369677999999   0.60099070118591661
 -0.25408569677999999   0.60099325507437344
 -0.25407769677999999   0.60099580846131995
 -0.25406969677999999   0.60099836133427840
 -0.25406169677999999   0.60100091368129139
 -0.25405369677999999   0.60100346549107577
 -0.25404569677999999   0.60100601675316935
 -0.25403769677999999   0.60100856745806983
 -0.25402969677999999   0.60101111759736460
 -0.25402169677999999   0.60101366716385104
 -0.25401369677999999   0.60101621615164659
 -0.25400569677999999   0.60101876455628770
 -0.25399769677999999   0.60102131237481748
 -0.25398969677999999   0.60102385960586156
 -0.25398169677999999   0.60102640624969140
 -0.25397369677999999   0.60102895230827545
 -0.25396569677999999   0.60103149778531740
 -0.25395769677999999   0.60103404268628172
 -0.25394969677999999   0.60103658701840653
 -0.25394169677999999   0.60103913079070365
 -0.25393369677999999   0.60104167401394625
 -0.25392569677999999   0.60104421670064413
 -0.25391769677999999   0.60104675886500729
 -0.25390969677999999   0.60104930052289772
 -0.25390169677999999   0.60105184169177036
 -0.25389369677999999   0.60105438239060345
 -0.25388569677999999   0.60105692263981917
 -0.25387769677999999   0.60105946246119475
 -0.25386969677999999   0.60106200187776553
 -0.25386169677999999   0.60106454091371994
 -0.25385369677999999   0.60106707959428768
 -0.25384569677999999   0.60106961794562189
 -0.25383769677999999   0.60107215599467614
 -0.25382969677999999   0.60107469376907701
 -0.25382169677999999   0.60107723129699337
 -0.25381369677999999   0.60107976860700321
 -0.25380569677999999   0.60108230572795897
 -0.25379769677999999   0.60108484268885225
 -0.25378969677999999   0.60108737951867890
 -0.25378169677999999   0.60108991624630534
 -0.25377369677999999   0.60109245290033705
 -0.25376569677999999   0.60109498950899012
 -0.25375769677999999   0.60109752609996666
 -0.25374969677999999   0.60110006270033496
 -0.25374169677999999   0.60110259933641497
 -0.25373369677999999   0.60110513603367015
 -0.25372569677999999   0.60110767281660619
 -0.25371769677999999   0.60111020970867705
 -0.25370969677999999   0.60111274673219943
 -0.25370169677999999   0.60111528390827564
 -0.25369369677999999   0.60111782125672555
 -0.25368569677999999   0.60112035879602817
 -0.25367769677999999   0.60112289654327298
 -0.25366969677999999   0.60112543451412124
 -0.25366169677999999   0.60112797272277777
 -0.25365369677999999   0.60113051118197304
 -0.25364569677999999   0.60113304990295559
 -0.25363769677999999   0.60113558889549530
 -0.25362969677999999   0.60113812816789650
 -0.25362169677999999   0.60114066772702177
 -0.25361369677999999   0.60114320757832542
 -0.25360569677999999   0.60114574772589693
 -0.25359769677999999   0.60114828817251349
 -0.25358969677999999   0.60115082891970185
 -0.25358169677999999   0.60115336996780826
 -0.25357369677999999   0.60115591131607673
 -0.25356569677999999   0.60115845296273451
 -0.25355769677999999   0.60116099490508440
 -0.25354969677999999   0.60116353713960324
 -0.25354169677999999   0.60116607966204565
 -0.25353369677999999   0.60116862246755274
 -0.25352569677999999   0.60117116555076451
 -0.25351769677999999   0.60117370890593554
 -0.25350969677999999   0.60117625252705308
 -0.25350169677999999   0.60117879640795652
 -0.25349369677999999   0.60118134054245790
 -0.25348569677999999   0.60118388492446203
 -0.25347769677999999   0.60118642954808601
 -0.25346969677999999   0.60118897440777691
 -0.25346169677999999   0.60119151949842713
 -0.25345369677999999   0.60119406481548646
 -0.25344569677999999   0.60119661035507034
 -0.25343769677999999   0.60119915611406339
 -0.25342969677999999   0.60120170209021772
 -0.25342169677999999   0.60120424828224526
 -0.25341369677999999   0.60120679468990371
 -0.25340569677999999   0.60120934131407550
 -0.25339769677999999   0.60121188815683907
 -0.25338969677999999   0.60121443522153252
 -0.25338169677999999   0.60121698251280870
 -0.25337369677999999   0.60121953003668189
 -0.25336569677999999   0.60122207780056569
 -0.25335769677999999   0.60122462581330151
 -0.25334969677999999   0.60122717408517837
 -0.25334169677999999   0.60122972262794313
 -0.25333369677999999   0.60123227145480150
 -0.25332569677999999   0.60123482058040998
 -0.25331769677999999   0.60123737002085852
 -0.25330969677999999   0.60123991979364437
 -0.25330169677999999   0.60124246991763710
 -0.25329369677999999   0.60124502041303527
 -0.25328569677999999   0.60124757130131483
 -0.25327769677999999   0.60125012260516993
 -0.25326969677999999   0.60125267434844620
 -0.25326169677999999   0.60125522655606729
 -0.25325369677999999   0.60125777925395494
 -0.25324569677999999   0.60126033246894316
 -0.25323769677999999   0.60126288622868719
 -0.25322969677999999   0.60126544056156770
 -0.25322169677999999   0.60126799549659092
 -0.25321369677999999   0.60127055106328519
 -0.25320569677999999   0.60127310729159493
 -0.25319769677999999   0.60127566421177215
 -0.25318969677999999   0.60127822185426666
 -0.25318169677999999   0.60128078024961554
 -0.25317369677999999   0.60128333942833208
 -0.25316569677999999   0.60128589942079567
 -0.25315769677999999   0.60128846025714247
 -0.25314969677999999   0.60129102196715813
 -0.25314169677999999   0.60129358458017278
 -0.25313369677999999   0.60129614812495903
 -0.25312569677999999   0.60129871262963365
 -0.25311769677999999   0.60130127812156329
 -0.25310969677999999   0.60130384462727487
 -0.25310169677999999   0.60130641217237113
 -0.25309369677999999   0.60130898078145174
 -0.25308569677999999   0.60131155047804039
 -0.25307769677999999   0.60131412128451824
 -0.25306969677999999   0.60131669322206404
 -0.25306169677999999   0.60131926631060113
 -0.25305369677999999   0.60132184056875183
 -0.25304569677999999   0.60132441601379887
 -0.25303769677999999   0.60132699266165462
 -0.25302969677999999   0.60132957052683771
 -0.25302169677999999   0.60133214962245726
 -0.25301369677999999   0.60133472996020490
 -0.25300569677999999   0.60133731155035403
 -0.25299769677999999   0.60133989440176675
 -0.25298969677999999   0.60134247852190790
 -0.25298169677999999   0.60134506391686620
 -0.25297369677999999   0.60134765059138221
 -0.25296569677999999   0.60135023854888268
 -0.25295769677999999   0.60135282779152128
 -0.25294969677999999   0.60135541832022483
 -0.25294169677999999   0.60135801013474518
 -0.25293369677999999   0.60136060323371590
 -0.25292569677999999   0.60136319761471342
 -0.25291769677999999   0.60136579327432218
 -0.25290969677999999   0.60136839020820329
 -0.25290169677999999   0.60137098841116587
 -0.25289369677999999   0.60137358787724104
 -0.25288569677999999   0.60137618859975756
 -0.25287769677999999   0.60137879057141854
 -0.25286969677999999   0.60138139378437904
 -0.25286169677999999   0.60138399823032359
 -0.25285369677999999   0.60138660390054313
 -0.25284569677999999   0.60138921078601106
 -0.25283769677999999   0.60139181887745747
 -0.25282969677999999   0.60139442816544131
 -0.25282169677999999   0.60139703864041987
 -0.25281369677999999   0.60139965029281497
 -0.25280569677999999   0.60140226311307573
 -0.25279769677999999   0.60140487709173706
 -0.25278969677999999   0.60140749221947372
 -0.25278169677999999   0.60141010848714961
 -0.25277369677999999   0.60141272588586173
 -0.25276569677999999   0.60141534440697879
 -0.25275769677999999   0.60141796404217402
 -0.25274969677999999   0.60142058478345204
 -0.25274169677999999   0.60142320662316963
 -0.25273369677999999   0.60142582955405030
 -0.25272569677999999   0.60142845356919251
 -0.25271769677999999   0.60143107866207152
 -0.25270969677999999   0.60143370482653504
 -0.25270169677999999   0.60143633205679243
 -0.25269369677999999   0.60143896034739788
 -0.25268569677999999   0.60144158969322760
 -0.25267769677999999   0.60144422008945090
 -0.25266969677999999   0.60144685153149611
 -0.25266169677999999   0.60144948401501066
 -0.25265369677999999   0.60145211753581659
 -0.25264569677999999   0.60145475208986101
 -0.25263769677999999   0.60145738767316241
 -0.25262969677999999   0.60146002428175299
 -0.25262169677999999   0.60146266191161753
 -0.25261369677999999   0.60146530055862907
 -0.25260569677999999   0.60146794021848213
 -0.25259769677999999   0.60147058088662377
 -0.25258969677999999   0.60147322255818317
 -0.25258169677999999   0.60147586522789979
 -0.25257369677999999   0.60147850889005136
 -0.25256569677999999   0.60148115353838155
 -0.25255769677999999   0.60148379916602816
 -0.25254969677999999   0.60148644576545252
 -0.25254169677999999   0.60148909332836987
 -0.25253369677999999   0.60149174184568242
 -0.25252569677999999   0.60149439130741432
 -0.25251769677999999   0.60149704170265004
 -0.25250969677999999   0.60149969301947576
 -0.25250169677999999   0.60150234524492509
 -0.25249369677999999   0.60150499836492863
 -0.25248569677999999   0.60150765236426839
 -0.25247769677999999   0.60151030722653725
 -0.25246969677999999   0.60151296293410351
 -0.25246169677999999   0.60151561946808128
 -0.25245369677999999   0.60151827680830663
 -0.25244569677999999   0.60152093493331967
 -0.25243769677999999   0.60152359382035300
 -0.25242969677999999   0.60152625344532654
 -0.25242169677999999   0.60152891378284860
 -0.25241369677999999   0.60153157480622365
 -0.25240569677999999   0.60153423648746648
 -0.25239769677999999   0.60153689879732279
 -0.25238969677999999   0.60153956170529626
 -0.25238169677999999   0.60154222517968172
 -0.25237369677999999   0.60154488918760465
 -0.25236569677999999   0.60154755369506631
 -0.25235769677999999   0.60155021866699481
 -0.25234969677999999   0.60155288406730118
 -0.25234169677999999   0.60155554985894107
 -0.25233369677999999   0.60155821600398072
 -0.25232569677999999   0.60156088246366754
 -0.25231769677999999   0.60156354919850457
 -0.25230969677999999   0.60156621616832870
 -0.25230169677999999   0.60156888333239177
 -0.25229369677999999   0.60157155064944442
 -0.25228569677999999   0.60157421807782230
 -0.25227769677999999   0.60157688557553377
 -0.25226969677999999   0.60157955310034892
 -0.25226169677999999   0.60158222060988932
 -0.25225369677999999   0.60158488806171801
 -0.25224569677999999   0.60158755541342904
 -0.25223769677999999   0.60159022262273657
 -0.25222969677999999   0.60159288964756240
 -0.25222169677999999   0.60159555644612193
 -0.25221369677999999   0.60159822297700789
 -0.25220569677999999   0.60160088919927157
 -0.25219769677999999   0.60160355507250076
 -0.25218969677999999   0.60160622055689455
 -0.25218169677999999   0.60160888561333406
 -0.25217369677999999   0.60161155020344923
 -0.25216569677999999   0.60161421428968102
 -0.25215769677999999   0.60161687783533895
 -0.25214969677999999   0.60161954080465364
 -0.25214169677999999   0.60162220316282409
 -0.25213369677999999   0.60162486487605973
 -0.25212569677999999   0.60162752591161688
 -0.25211769677999999   0.60163018623782958
 -0.25210969677999999   0.60163284582413479
 -0.25210169677999999   0.60163550464109194
 -0.25209369677999999   0.60163816266039673
 -0.25208569677999999   0.60164081985488931
 -0.25207769677999999   0.60164347619855693
 -0.25206969677999999   0.60164613166653116
 -0.25206169677999999   0.60164878623507976
 -0.25205369677999999   0.60165143988159364
 -0.25204569677999999   0.60165409258456865
 -0.25203769677999999   0.60165674432358306
 -0.25202969677999999   0.60165939507927039
 -0.25202169677999999   0.60166204483328832
 -0.25201369677999999   0.60166469356828385
 -0.25200569677999999   0.60166734126785498
 -0.25199769677999999   0.60166998791650935
 -0.25198969677999999   0.60167263349962017
 -0.25198169677999999   0.60167527800337984
 -0.25197369677999999   0.60167792141475171
 -0.25196569677999999   0.60168056372142019
 -0.25195769677999999   0.60168320491173977
 -0.25194969677999999   0.60168584497468345
 -0.25194169677999999   0.60168848389979056
 -0.25193369677999999   0.60169112167711492
 -0.25192569677999999   0.60169375829717327
 -0.25191769677999999   0.60169639375089468
 -0.25190969677999999   0.60169902802957107
 -0.25190169677999999   0.60170166112480924
 -0.25189369677999999   0.60170429302848495
 -0.25188569677999999   0.60170692373269909
 -0.25187769677999999   0.60170955322973634
 -0.25186969677999999   0.60171218151202674
 -0.25186169677999999   0.60171480857211028
 -0.25185369677999999   0.60171743440260454
 -0.25184569677999999   0.60172005899617619
 -0.25183769677999999   0.60172268234551573
 -0.25182969677999999   0.60172530444331631
 -0.25182169677999999   0.60172792528225637
 -0.25181369677999999   0.60173054485498621
 -0.25180569677999999   0.60173316315411863
 -0.25179769677999999   0.60173578017222378
 -0.25178969677999999   0.60173839590182789
 -0.25178169677999999   0.60174101033541612
 -0.25177369677999999   0.60174362346543948
 -0.25176569677999999   0.60174623528432546
 -0.25175769677999999   0.60174884578449262
 -0.25174969677999999   0.60175145495836855
 -0.25174169677999999   0.60175406279841162
 -0.25173369677999999   0.60175666929713565
 -0.25172569677999999   0.60175927444713787
 -0.25171769677999999   0.60176187824112955
 -0.25170969677999999   0.60176448067196920
 -0.25170169677999999   0.60176708173269807
 -0.25169369677999999   0.60176968141657763
 -0.25168569677999999   0.60177227971712864
 -0.25167769677999999   0.60177487662817178
 -0.25166969677999999   0.60177747214386909
 -0.25166169677999999   0.60178006625876631
 -0.25165369677999999   0.60178265896783546
 -0.25164569677999999   0.60178525026651767
 -0.25163769677999999   0.60178784015076546
 -0.25162969677999999   0.60179042861708462
 -0.25162169677999999   0.60179301566257512
 -0.25161369677999999   0.60179560128497064
 -0.25160569677999999   0.60179818548267669
 -0.25159769677999999   0.60180076825480676
 -0.25158969677999999   0.60180334960121638
 -0.25158169677999999   0.60180592952253484
 -0.25157369677999999   0.60180850802019405
 -0.25156569677999999   0.60181108509645471
 -0.25155769677999999   0.60181366075442925
 -0.25154969677999999   0.60181623499810153
 -0.25154169677999999   0.60181880783234311
 -0.25153369677999999   0.60182137926292581
 -0.25152569677999999   0.60182394929653060
 -0.25151769677999999   0.60182651794075268
 -0.25150969677999999   0.60182908520410270
 -0.25150169677999999   0.60183165109600386
 -0.25149369677999999   0.60183421562678531
 -0.25148569677999999   0.60183677880767137
 -0.25147769677999999   0.60183934065076699
 -0.25146969677999999   0.60184190116903924
 -0.25146169677999999   0.60184446037629515
 -0.25145369677999999   0.60184701828715560
 -0.25144569677999999   0.60184957491702608
 -0.25143769677999999   0.60185213028206362
 -0.25142969677999999   0.60185468439914083
 -0.25142169677999999   0.60185723728580669
 -0.25141369677999999   0.60185978896024464
 -0.25140569677999999   0.60186233944122798
 -0.25139769677999999   0.60186488874807300
 -0.25138969677999999   0.60186743690058990
 -0.25138169677999999   0.60186998391903200
 -0.25137369677999999   0.60187252982404327
 -0.25136569677999999   0.60187507463660465
 -0.25135769677999999   0.60187761837797945
 -0.25134969677999999   0.60188016106965791
 -0.25134169677999999   0.60188270273330146
 -0.25133369677999999   0.60188524339068701
 -0.25132569677999999   0.60188778306365124
 -0.25131769677999999   0.60189032177403559
 -0.25130969677999999   0.60189285954363197
 -0.25130169677999999   0.60189539639412958
 -0.25129369677999999   0.60189793234706314
 -0.25128569677999999   0.60190046742376273
 -0.25127769677999999   0.60190300164530561
 -0.25126969677999999   0.60190553503247003
 -0.25126169677999999   0.60190806760569164
 -0.25125369677999999   0.60191059938502233
 -0.25124569677999999   0.60191313039009195
 -0.25123769677999999   0.60191566064007302
 -0.25122969677999999   0.60191819015364846
 -0.25122169677999999   0.60192071894898284
 -0.25121369677999999   0.60192324704369683
 -0.25120569677999999   0.60192577445484522
 -0.25119769677999999   0.60192830119889858
 -0.25118969677999999   0.60193082729172850
 -0.25118169677999999   0.60193335274859660
 -0.25117369677999999   0.60193587758414708
 -0.25116569677999999   0.60193840181240315
 -0.25115769677999999   0.60194092544676690
 -0.25114969677999999   0.60194344850002294
 -0.25114169677999999   0.60194597098434554
 -0.25113369677999999   0.60194849291130903
 -0.25112569677999999   0.60195101429190170
 -0.25111769677999999   0.60195353513654285
 -0.25110969677999999   0.60195605545510264
 -0.25110169677999999   0.60195857525692508
 -0.25109369677999999   0.60196109455085357
 -0.25108569677999999   0.60196361334525874
 -0.25107769677999999   0.60196613164806876
 -0.25106969677999999   0.60196864946680153
 -0.25106169677999999   0.60197116680859872
 -0.25105369677999999   0.60197368368026118
 -0.25104569677999999   0.60197620008828592
 -0.25103769677999999   0.60197871603890373
 -0.25102969677999999   0.60198123153811789
 -0.25102169677999999   0.60198374659174321
 -0.25101369677999999   0.60198626120544521
 -0.25100569677999999   0.60198877538477954
 -0.25099769677999999   0.60199128913523071
 -0.25098969677999999   0.60199380246225072
 -0.25098169677999999   0.60199631537129650
 -0.25097369677999999   0.60199882786786649
 -0.25096569677999999   0.60200133995753592
 -0.25095769677999999   0.60200385164599070
 -0.25094969677999999   0.60200636293905941
 -0.25094169677999999   0.60200887384274356
 -0.25093369677999999   0.60201138436324574
 -0.25092569677999999   0.60201389450699554
 -0.25091769677999999   0.60201640428067307
 -0.25090969677999999   0.60201891369123013
 -0.25090169677999999   0.60202142274590844
 -0.25089369677999999   0.60202393145225561
 -0.25088569677999999   0.60202643981813799
 -0.25087769677999999   0.60202894785175087
 -0.25086969677999999   0.60203145556162581
 -0.25086169677999999   0.60203396295663506
 -0.25085369677999999   0.60203647004599322
 -0.25084569677999999   0.60203897683925596
 -0.25083769677999999   0.60204148334631614
 -0.25082969677999999   0.60204398957739700
 -0.25082169677999999   0.60204649554304293
 -0.25081369677999999   0.60204900125410761
 -0.25080569677999999   0.60205150672173980
 -0.25079769677999999   0.60205401195736682
 -0.25078969677999999   0.60205651697267594
 -0.25078169677999999   0.60205902177959387
 -0.25077369677999999   0.60206152639026435
 -0.25076569677999999   0.60206403081702422
 -0.25075769677999999   0.60206653507237818
 -0.25074969677999999   0.60206903916897209
 -0.25074169677999999   0.60207154311956569
 -0.25073369677999999   0.60207404693700413
 -0.25072569677999999   0.60207655063418924
 -0.25071769677999999   0.60207905422405044
 -0.25070969677999999   0.60208155771951538
 -0.25070169677999999   0.60208406113348096
 -0.25069369677999999   0.60208656447878448
 -0.25068569677999999   0.60208906776817549
 -0.25067769677999999   0.60209157101428834
 -0.25066969677999999   0.60209407422961578
 -0.25066169677999999   0.60209657742648366
 -0.25065369677999999   0.60209908061702712
 -0.25064569677999999   0.60210158381316819
 -0.25063769677999999   0.60210408702659526
 -0.25062969677999999   0.60210659026874431
 -0.25062169677999999   0.60210909355078223
 -0.25061369677999999   0.60211159688359222
 -0.25060569677999999   0.60211410027776159
 -0.25059769677999999   0.60211660374357171
 -0.25058969677999999   0.60211910729099060
 -0.25058169677999999   0.60212161092966787
 -0.25057369677999999   0.60212411466893236
 -0.25056569677999999   0.60212661851779217
 -0.25055769677999999   0.60212912248493744
 -0.25054969677999999   0.60213162657874566
 -0.25054169677999999   0.60213413080728947
 -0.25053369677999999   0.60213663517834711
 -0.25052569677999999   0.60213913969941510
 -0.25051769677999999   0.60214164437772367
 -0.25050969677999999   0.60214414922025398
 -0.25050169677999999   0.60214665423375800
 -0.25049369677999999   0.60214915942478011
 -0.25048569677999999   0.60215166479968074
 -0.25047769677999999   0.60215417036466180
 -0.25046969677999999   0.60215667612579365
 -0.25046169677999999   0.60215918208904356
 -0.25045369677999999   0.60216168826030536
 -0.25044569677999999   0.60216419464543012
 -0.25043769677999999   0.60216670125025787
 -0.25042969677999999   0.60216920808064968
 -0.25042169677999999   0.60217171514252044
 -0.25041369677999999   0.60217422244187168
 -0.25040569677999999   0.60217672998482457
 -0.25039769677999999   0.60217923777765252
 -0.25038969677999999   0.60218174582681355
 -0.25038169677999999   0.60218425413898192
 -0.25037369677999999   0.60218676272107890
 -0.25036569677999999   0.60218927158030262
 -0.25035769677999999   0.60219178072415654
 -0.25034969677999999   0.60219429016047659
 -0.25034169677999999   0.60219679989745661
 -0.25033369677999999   0.60219930994367216
 -0.25032569677999999   0.60220182030810213
 -0.25031769677999999   0.60220433100014849
 -0.25030969677999999   0.60220684202965383
 -0.25030169677999999   0.60220935340691635
 -0.25029369677999999   0.60221186514270246
 -0.25028569677999999   0.60221437724825709
 -0.25027769677999999   0.60221688973531091
 -0.25026969677999999   0.60221940261608533
 -0.25026169677999999   0.60222191590329443
 -0.25025369677999999   0.60222442961014434
 -0.25024569677999999   0.60222694375032980
 -0.25023769677999999   0.60222945833802780
 -0.25022969677999999   0.60223197338788880
 -0.25022169677999999   0.60223448891502486
 -0.25021369677999999   0.60223700493499545
 -0.25020569677999999   0.60223952146379046
 -0.25019769677999999   0.60224203851781083
 -0.25018969677999999   0.60224455611384665
 -0.25018169677999999   0.60224707426905316
 -0.25017369677999999   0.60224959300092432
 -0.25016569677999999   0.60225211232726457
 -0.25015769677999999   0.60225463226615861
 -0.25014969677999999   0.60225715283593947
 -0.25014169677999999   0.60225967405515493
 -0.25013369677999999   0.60226219594253273
 -0.25012569677999999   0.60226471851694435
 -0.25011769677999999   0.60226724179736797
 -0.25010969677999999   0.60226976580285047
 -0.25010169677999999   0.60227229055246881
 -0.25009369677999999   0.60227481606529103
 -0.25008569677999999   0.60227734236033700
 -0.25007769677999999   0.60227986945653899
 -0.25006969677999999   0.60228239737270258
 -0.25006169677999999   0.60228492612746783
 -0.25005369677999999   0.60228745573927097
 -0.25004569677999999   0.60228998622630684
 -0.25003769677999999   0.60229251760649222
 -0.25002969677999999   0.60229504989743023
 -0.25002169677999999   0.60229758311637597
 -0.25001369677999999   0.60230011728020358
 -0.25000569677999999   0.60230265240537473
 -0.24999769677999999   0.60230518850790892
 -0.24998969677999999   0.60230772560335545
 -0.24998169677999999   0.60231026370676746
 -0.24997369677999999   0.60231280283267763
 -0.24996569677999999   0.60231534299507648
 -0.24995769677999999   0.60231788420739227
 -0.24994969677999999   0.60232042648247355
 -0.24994169677999999   0.60232296983257367
 -0.24993369677999999   0.60232551426933777
 -0.24992569677999999   0.60232805980379194
 -0.24991769677999999   0.60233060644633468
 -0.24990969677999999   0.60233315420673074
 -0.24990169677999999   0.60233570309410703
 -0.24989369677999999   0.60233825311695087
 -0.24988569677999999   0.60234080428311036
 -0.24987769677999999   0.60234335659979677
 -0.24986969677999999   0.60234591007358890
 -0.24986169677999999   0.60234846471043947
 -0.24985369677999999   0.60235102051568307
 -0.24984569677999999   0.60235357749404595
 -0.24983769677999999   0.60235613564965734
 -0.24982969677999999   0.60235869498606207
 -0.24982169677999999   0.60236125550623445
 -0.24981369677999999   0.60236381721259344
 -0.24980569677999999   0.60236638010701848
 -0.24979769677999999   0.60236894419086647
 -0.24978969677999999   0.60237150946498894
 -0.24978169677999999   0.60237407592975008
 -0.24977369677999999   0.60237664358504486
 -0.24976569677999999   0.60237921243031723
 -0.24975769677999999   0.60238178246457851
 -0.24974969677999999   0.60238435368642524
 -0.24974169677999999   0.60238692609405699
 -0.24973369677999999   0.60238949968529340
 -0.24972569677999999   0.60239207445759070
 -0.24971769677999999   0.60239465040805737
 -0.24970969677999999   0.60239722753346872
 -0.24970169677999999   0.60239980583028065
 -0.24969369677999999   0.60240238529464192
 -0.24968569677999999   0.60240496592240533
 -0.24967769677999999   0.60240754770913735
 -0.24966969677999999   0.60241013065012637
 -0.24966169677999999   0.60241271474038927
 -0.24965369677999999   0.60241529997467645
 -0.24964569677999999   0.60241788634747511
 -0.24963769677999999   0.60242047385301092
 -0.24962969677999999   0.60242306248524782
 -0.24962169677999999   0.60242565223788620
 -0.24961369677999999   0.60242824310435930
 -0.24960569677999999   0.60243083507782785
 -0.24959769677999999   0.60243342815117315
 -0.24958969677999999   0.60243602231698840
 -0.24958169677999999   0.60243861756756846
 -0.24957369677999999   0.60244121389489820
 -0.24956569677999999   0.60244381129063938
 -0.24955769677999999   0.60244640974611622
 -0.24954969677999999   0.60244900925229972
 -0.24954169677999999   0.60245160979979092
 -0.24953369677999999   0.60245421137880326
 -0.24952569677999999   0.60245681397914395
 -0.24951769677999999   0.60245941759019478
 -0.24950969677999999   0.60246202220089239
 -0.24950169677999999   0.60246462779970812
 -0.24949369677999999   0.60246723437462762
 -0.24948569677999999   0.60246984191313035
 -0.24947769677999999   0.60247245040216949
 -0.24946969677999999   0.60247505982815173
 -0.24946169677999999   0.60247767017691775
 -0.24945369677999999   0.60248028143372323
 -0.24944569677999999   0.60248289358322076
 -0.24943769677999999   0.60248550660944253
 -0.24942969677999999   0.60248812049578418
 -0.24942169677999999   0.60249073522499006
 -0.24941369677999999   0.60249335077913962
 -0.24940569677999999   0.60249596713963567
 -0.24939769677999999   0.60249858428719399
 -0.24938969677999999   0.60250120220183502
 -0.24938169677999999   0.60250382086287739
 -0.24937369677999999   0.60250644024893332
 -0.24936569677999999   0.60250906033790636
 -0.24935769677999999   0.60251168110699125
 -0.24934969677999999   0.60251430253267586
 -0.24934169677999999   0.60251692459074586
 -0.24933369677999999   0.60251954725629127
 -0.24932569677999999   0.60252217050371576
 -0.24931769677999999   0.60252479430674812
 -0.24930969677999999   0.60252741863845629
 -0.24930169677999999   0.60253004347126375
 -0.24929369677999999   0.60253266877696804
 -0.24928569677999999   0.60253529452676201
 -0.24927769677999999   0.60253792069125694
 -0.24926969677999999   0.60254054724050805
 -0.24926169677999999   0.60254317414404209
 -0.24925369677999999   0.60254580137088689
 -0.24924569677999999   0.60254842888960279
 -0.24923769677999999   0.60255105666831608
 -0.24922969677999999   0.60255368467475372
 -0.24922169677999999   0.60255631287627994
 -0.24921369677999999   0.60255894123993401
 -0.24920569677999999   0.60256156973246922
 -0.24919769677999999   0.60256419832039307
 -0.24918969677999999   0.60256682697000824
 -0.24918169677999999   0.60256945564745424
 -0.24917369677999999   0.60257208431874969
 -0.24916569677999999   0.60257471294983497
 -0.24915769677999999   0.60257734150661496
 -0.24914969677999999   0.60257996995500183
 -0.24914169677999999   0.60258259826095777
 -0.24913369677999999   0.60258522639053714
 -0.24912569677999999   0.60258785430992830
 -0.24911769677999999   0.60259048198549459
