 -0.01137500000000000   0.49007865566847817
 -0.01125000000000000   0.49020704981813555
 -0.01112500000000000   0.49035255232189480
 -0.01100000000000000   0.49049783039511237
 -0.01087500000000000   0.49062637519967244
 -0.01075000000000000   0.49076393671395962
 -0.01062500000000000   0.49092465321951540
 -0.01050000000000000   0.49106492468145406
 -0.01037500000000000   0.49119420788173814
 -0.01025000000000000   0.49134556763949668
 -0.01012500000000000   0.49149938928094003
 -0.01000000000000000   0.49162904001217330
 -0.00987500000000000   0.49177432586586898
 -0.00975000000000000   0.49194470362087748
 -0.00962500000000000   0.49208779337439170
 -0.00950000000000000   0.49222222901115185
 -0.00937500000000000   0.49239100931114725
 -0.00925000000000000   0.49254733022440971
 -0.00912500000000000   0.49267913856537955
 -0.00900000000000000   0.49285240973657014
 -0.00887500000000000   0.49303013443584597
 -0.00875000000000000   0.49316584096626339
 -0.00862500000000000   0.49333687894939248
 -0.00850000000000000   0.49352292686001185
 -0.00837500000000000   0.49366230279376899
 -0.00825000000000000   0.49385657530923082
 -0.00812500000000000   0.49405611054528301
 -0.00800000000000000   0.49420278378092502
 -0.00787500000000000   0.49443164198597321
 -0.00775000000000000   0.49460982251514766
 -0.00762500000000000   0.49481264580839095
 -0.00750000000000000   0.49507431846892333
 -0.00737500000000000   0.49526427024226124
 -0.00725000000000000   0.49557583702951920
 -0.00712500000000000   0.49585666729774573
 -0.00700000000000000   0.49618788517947335
 -0.00687500000000000   0.49670459789874643
 -0.00675000000000000   0.49991618283467429
 -0.00662500000000000   0.49982792634788282
 -0.00650000000000000   0.50006151886319635
 -0.00637500000000000   0.50016043026226557
 -0.00625000000000000   0.49998117810783995
 -0.00612500000000000   0.49985127534008114
 -0.00600000000000000   0.49986573296958091
 -0.00587500000000000   0.49997087665088348
 -0.00575000000000000   0.50009020638768876
 -0.00562500000000000   0.50013360614134285
 -0.00550000000000000   0.50012556934147627
 -0.00537500000000000   0.50007659030250004
 -0.00525000000000000   0.50000568088880249
 -0.00512500000000000   0.49994225184662344
 -0.00500000000000000   0.49990326729289159
 -0.00487500000000000   0.49988811421303741
 -0.00475000000000000   0.49989143464758494
 -0.00462500000000000   0.49991267722321051
 -0.00450000000000000   0.49994093952893078
 -0.00437500000000000   0.49997295132429673
 -0.00425000000000000   0.50001118678408879
 -0.00412500000000000   0.50003679590737584
 -0.00400000000000000   0.50006088478807688
 -0.00387500000000000   0.50007222718103768
 -0.00375000000000000   0.50007990042538985
 -0.00362500000000000   0.50008023323268004
 -0.00350000000000000   0.50007606022268459
 -0.00337500000000000   0.50006751122993046
 -0.00325000000000000   0.50005585093764205
 -0.00312500000000000   0.50004651901660212
 -0.00300000000000000   0.50003307450328730
 -0.00287500000000000   0.50001983654778345
 -0.00275000000000000   0.50000758555676073
 -0.00262500000000000   0.50000132543926594
 -0.00250000000000000   0.49999203984681947
 -0.00237500000000000   0.49998452214707774
 -0.00225000000000000   0.49997875835759977
 -0.00212500000000000   0.49997463542044275
 -0.00200000000000000   0.49997450227617046
 -0.00187500000000000   0.49997268017175345
 -0.00175000000000000   0.49997195447643202
 -0.00162500000000000   0.49997213462727822
 -0.00150000000000000   0.49997304237492080
 -0.00137500000000000   0.49997451767478047
 -0.00125000000000000   0.49997642172974345
 -0.00112500000000000   0.49997863802202968
 -0.00100000000000000   0.49998107193377283
 -0.00087500000000000   0.49998385518910722
 -0.00075000000000000   0.49998643705040980
 -0.00062500000000000   0.49998909432135524
 -0.00050000000000000   0.49999179592955891
 -0.00037500000000000   0.49999452146525499
 -0.00025000000000000   0.49999725851772720
 -0.00012500000000000   0.50000000000000000
  0.00000000000000000   0.50000274148227280
  0.00012500000000000   0.50000547853474501
  0.00025000000000000   0.50000820407044109
  0.00037500000000000   0.50001090567864476
  0.00050000000000000   0.50001356294959020
  0.00062500000000000   0.50001614481089278
  0.00075000000000000   0.50001892806622717
  0.00087500000000000   0.50002136197797032
  0.00100000000000000   0.50002357827025655
  0.00112500000000000   0.50002548232521953
  0.00125000000000000   0.50002695762507920
  0.00137500000000000   0.50002786537272178
  0.00150000000000000   0.50002804552356798
  0.00162500000000000   0.50002731982824655
  0.00175000000000000   0.50002549772382954
  0.00187500000000000   0.50002536457955725
  0.00200000000000000   0.50002124164240023
  0.00212500000000000   0.50001547785292226
  0.00225000000000000   0.50000796015318052
  0.00237500000000000   0.49999867456073406
  0.00250000000000000   0.49999241444323926
  0.00262500000000000   0.49998016345221655
  0.00275000000000000   0.49996692549671270
  0.00287500000000000   0.49995348098339787
  0.00300000000000000   0.49994414906235795
  0.00312500000000000   0.49993248877006954
  0.00325000000000000   0.49992393977731541
  0.00337500000000000   0.49991976676731996
  0.00350000000000000   0.49992009957461015
  0.00362500000000000   0.49992777281896233
  0.00375000000000000   0.49993911521192312
  0.00387500000000000   0.49996320409262417
  0.00400000000000000   0.49998881321591121
  0.00412500000000000   0.50002704867570328
  0.00425000000000000   0.50005906047106922
  0.00437500000000000   0.50008732277678950
  0.00450000000000000   0.50010856535241506
  0.00462500000000000   0.50011188578696258
  0.00475000000000000   0.50009673270710840
  0.00487500000000000   0.50005774815337655
  0.00500000000000000   0.49999431911119749
  0.00512500000000000   0.49992340969749996
  0.00525000000000000   0.49987443065852372
  0.00537500000000000   0.49986639385865715
  0.00550000000000000   0.49990979361231124
  0.00562500000000000   0.50002912334911656
  0.00575000000000000   0.50013426703041910
  0.00587500000000000   0.50014872465991885
  0.00600000000000000   0.50001882189216003
  0.00612500000000000   0.49983956973773442
  0.00625000000000000   0.49993848113680371
  0.00637500000000000   0.50017207365211716
  0.00650000000000000   0.50008381716532603
  0.00662500000000000   0.50329540210125365
  0.00675000000000000   0.50381211482052671
  0.00687500000000000   0.50414333270225437
  0.00700000000000000   0.50442416297048086
  0.00712500000000000   0.50473572975773880
  0.00725000000000000   0.50492568153107669
  0.00737500000000000   0.50518735419160909
  0.00750000000000000   0.50539017748485236
  0.00762500000000000   0.50556835801402683
  0.00775000000000000   0.50579721621907501
  0.00787500000000000   0.50594388945471702
  0.00800000000000000   0.50614342469076922
  0.00812500000000000   0.50633769720623104
  0.00825000000000000   0.50647707313998818
  0.00837500000000000   0.50666312105060756
  0.00850000000000000   0.50683415903373661
  0.00862500000000000   0.50696986556415406
  0.00875000000000000   0.50714759026342990
  0.00887500000000000   0.50732086143462048
  0.00900000000000000   0.50745266977559032
  0.00912500000000000   0.50760899068885278
  0.00925000000000000   0.50777777098884817
  0.00937500000000000   0.50791220662560833
  0.00950000000000000   0.50805529637912253
  0.00962500000000000   0.50822567413413106
  0.00975000000000000   0.50837095998782673
  0.00987500000000000   0.50850061071905999
  0.01000000000000000   0.50865443236050335
  0.01012500000000000   0.50880579211826186
  0.01025000000000000   0.50893507531854596
  0.01037500000000000   0.50907534678048462
  0.01050000000000000   0.50923606328604040
  0.01062500000000000   0.50937362480032757
  0.01075000000000000   0.50950216960488764
  0.01087500000000000   0.50964744767810523
  0.01100000000000000   0.50979295018186446
  0.01112500000000000   0.50992134433152184
