 -0.01037500000000000   0.49005039929390188
 -0.01025000000000000   0.49017489170615540
 -0.01012500000000000   0.49030153032562556
 -0.01000000000000000   0.49042941042073237
 -0.00987500000000000   0.49055437069984279
 -0.00975000000000000   0.49067945123997992
 -0.00962500000000000   0.49080858198780867
 -0.00950000000000000   0.49093913325170857
 -0.00937500000000000   0.49106550681907409
 -0.00925000000000000   0.49118990324850384
 -0.00912500000000000   0.49131793858878396
 -0.00900000000000000   0.49144684526697957
 -0.00887500000000000   0.49157221827522576
 -0.00875000000000000   0.49169762162092202
 -0.00862500000000000   0.49182820139158067
 -0.00850000000000000   0.49196009550962898
 -0.00837500000000000   0.49208613430941148
 -0.00825000000000000   0.49221152652834978
 -0.00812500000000000   0.49234161225382769
 -0.00800000000000000   0.49247185109910980
 -0.00787500000000000   0.49259715719598110
 -0.00775000000000000   0.49272399882447622
 -0.00762500000000000   0.49285754574795179
 -0.00750000000000000   0.49299034279145662
 -0.00737500000000000   0.49311625065833625
 -0.00725000000000000   0.49324318677898889
 -0.00712500000000000   0.49337667823420719
 -0.00700000000000000   0.49350815033364537
 -0.00687500000000000   0.49363322983130435
 -0.00675000000000000   0.49376326220317095
 -0.00662500000000000   0.49390185918102890
 -0.00650000000000000   0.49403460321893343
 -0.00637500000000000   0.49416027672223037
 -0.00625000000000000   0.49429224316364831
 -0.00612500000000000   0.49443093141506997
 -0.00600000000000000   0.49456166827812736
 -0.00587500000000000   0.49468837335662874
 -0.00575000000000000   0.49482710457018312
 -0.00562500000000000   0.49497086141848040
 -0.00550000000000000   0.49510136533156627
 -0.00537500000000000   0.49523062615718363
 -0.00525000000000000   0.49537557263667087
 -0.00512500000000000   0.49551764392419620
 -0.00500000000000000   0.49564622357024598
 -0.00487500000000000   0.49578586688145705
 -0.00475000000000000   0.49594279746187288
 -0.00462500000000000   0.49608249331547598
 -0.00450000000000000   0.49621466091158849
 -0.00437500000000000   0.49637405450343886
 -0.00425000000000000   0.49653136930655549
 -0.00412500000000000   0.49666520145730711
 -0.00400000000000000   0.49682807755610468
 -0.00387500000000000   0.49701256390989982
 -0.00375000000000000   0.49715467117239435
 -0.00362500000000000   0.49733672879902658
 -0.00350000000000000   0.49754796579032860
 -0.00337500000000000   0.49771132452210603
 -0.00325000000000000   0.49801113942270635
 -0.00312500000000000   0.49825764793986951
 -0.00300000000000000   0.50011357998432976
 -0.00287500000000000   0.49992321667883872
 -0.00275000000000000   0.50011105690100900
 -0.00262500000000000   0.50012147004519394
 -0.00250000000000000   0.50006494879294815
 -0.00237500000000000   0.49999135294256950
 -0.00225000000000000   0.49994100064194621
 -0.00212500000000000   0.49991750939654138
 -0.00200000000000000   0.49991299908606389
 -0.00187500000000000   0.49991916722160991
 -0.00175000000000000   0.49993230329029726
 -0.00162500000000000   0.49994804344501069
 -0.00150000000000000   0.49996328218090605
 -0.00137500000000000   0.49997814051407254
 -0.00125000000000000   0.49998818688518951
 -0.00112500000000000   0.49999689111030663
 -0.00100000000000000   0.50000264946506866
 -0.00087500000000000   0.50000592624128911
 -0.00075000000000000   0.50000818944296929
 -0.00062500000000000   0.50000783691919595
 -0.00050000000000000   0.50000701246575504
 -0.00037500000000000   0.50000519330276901
 -0.00025000000000000   0.50000257623446646
 -0.00012500000000000   0.50000000000000000
  0.00000000000000000   0.49999742376553354
  0.00012500000000000   0.49999480669723099
  0.00025000000000000   0.49999298753424496
  0.00037500000000000   0.49999216308080405
  0.00050000000000000   0.49999181055703071
  0.00062500000000000   0.49999407375871089
  0.00075000000000000   0.49999735053493134
  0.00087500000000000   0.50000310888969337
  0.00100000000000000   0.50001181311481049
  0.00112500000000000   0.50002185948592746
  0.00125000000000000   0.50003671781909396
  0.00137500000000000   0.50005195655498931
  0.00150000000000000   0.50006769670970274
  0.00162500000000000   0.50008083277839009
  0.00175000000000000   0.50008700091393612
  0.00187500000000000   0.50008249060345862
  0.00200000000000000   0.50005899935805378
  0.00212500000000000   0.50000864705743049
  0.00225000000000000   0.49993505120705184
  0.00237500000000000   0.49987852995480606
  0.00250000000000000   0.49988894309899101
  0.00262500000000000   0.50007678332116133
  0.00275000000000000   0.49988642001567002
  0.00287500000000000   0.50174235206013056
  0.00300000000000000   0.50198886057729370
  0.00312500000000000   0.50228867547789399
  0.00325000000000000   0.50245203420967142
  0.00337500000000000   0.50266327120097346
  0.00350000000000000   0.50284532882760567
  0.00362500000000000   0.50298743609010020
  0.00375000000000000   0.50317192244389535
  0.00387500000000000   0.50333479854269291
  0.00400000000000000   0.50346863069344454
  0.00412500000000000   0.50362594549656116
  0.00425000000000000   0.50378533908841153
  0.00437500000000000   0.50391750668452403
  0.00450000000000000   0.50405720253812715
  0.00462500000000000   0.50421413311854298
  0.00475000000000000   0.50435377642975404
  0.00487500000000000   0.50448235607580382
  0.00500000000000000   0.50462442736332915
  0.00512500000000000   0.50476937384281640
  0.00525000000000000   0.50489863466843375
  0.00537500000000000   0.50502913858151961
  0.00550000000000000   0.50517289542981690
  0.00562500000000000   0.50531162664337128
  0.00575000000000000   0.50543833172187265
  0.00587500000000000   0.50556906858493005
  0.00600000000000000   0.50570775683635171
  0.00612500000000000   0.50583972327776965
  0.00625000000000000   0.50596539678106659
  0.00637500000000000   0.50609814081897112
  0.00650000000000000   0.50623673779682907
  0.00662500000000000   0.50636677016869567
  0.00675000000000000   0.50649184966635465
  0.00687500000000000   0.50662332176579283
  0.00700000000000000   0.50675681322101113
  0.00712500000000000   0.50688374934166377
  0.00725000000000000   0.50700965720854339
  0.00737500000000000   0.50714245425204823
  0.00750000000000000   0.50727600117552380
  0.00762500000000000   0.50740284280401892
  0.00775000000000000   0.50752814890089022
  0.00787500000000000   0.50765838774617233
  0.00800000000000000   0.50778847347165023
  0.00812500000000000   0.50791386569058854
  0.00825000000000000   0.50803990449037104
  0.00837500000000000   0.50817179860841935
  0.00850000000000000   0.50830237837907799
  0.00862500000000000   0.50842778172477426
  0.00875000000000000   0.50855315473302045
  0.00887500000000000   0.50868206141121606
  0.00900000000000000   0.50881009675149618
  0.00912500000000000   0.50893449318092593
  0.00925000000000000   0.50906086674829144
  0.00937500000000000   0.50919141801219134
  0.00950000000000000   0.50932054876002010
  0.00962500000000000   0.50944562930015723
  0.00975000000000000   0.50957058957926765
  0.00987500000000000   0.50969846967437445
  0.01000000000000000   0.50982510829384462
  0.01012500000000000   0.50994960070609813
