 -0.33985808037000000  -0.30704325771872386
 -0.31485808037000000   0.57544148452427254
 -0.31385808037000000   0.57139589254753378
 -0.31285808037000000   0.57135938009260508
 -0.31185808037000000   0.57138044465764803
 -0.31085808037000000   0.57136898368445926
 -0.30985808037000000   0.57140362310531761
 -0.30885808037000000   0.57140180154241504
 -0.30785808037000000   0.57136889665566650
 -0.30685808037000000   0.57137949241687772
 -0.30585808037000000   0.57135066327118903
 -0.30385808037000000   0.57139351576552694
 -0.29885808037000000   0.57896703336006282
 -0.29785808037000000   0.57897093952161509
 -0.29685808037000000   0.58068393106041194
 -0.29585808037000000   0.58334007534125928
 -0.29485808037000000   0.58329827313729526
 -0.29385808037000000   0.58331987087847350
 -0.29285808037000000   0.58332304776641504
 -0.29185808037000000   0.58332843738738505
 -0.29085808037000000   0.58331601715954387
 -0.28985808037000000   0.58533132984136820
 -0.28885808037000000   0.58620963065910894
 -0.28785808037000000   0.58741176303726206
 -0.28685808037000000   0.58823541590600274
 -0.28585808037000000   0.58823251221813637
 -0.28485808037000000   0.58927362092623919
 -0.28385808037000000   0.59024364099946229
 -0.28285808037000000   0.59092097573403437
 -0.28185808037000000   0.59187869252994787
 -0.28085808037000000   0.59254860383555229
 -0.27985808037000000   0.59378411547781850
 -0.27885808037000000   0.59930178620701118
 -0.27785808037000000   0.60005726755570651
 -0.27685808037000000   0.60002697358499829
 -0.27585808037000000   0.59995204653259432
 -0.27485808037000000   0.59995610164005345
 -0.27385808037000000   0.59997264705229374
 -0.27285808037000000   0.60004144460077631
 -0.27185808037000000   0.59999709046240984
 -0.27085808037000000   0.59999805343020411
 -0.26985808037000000   0.59999971556802557
 -0.26885808037000000   0.60001961290472758
 -0.26785808037000000   0.59997713395612598
 -0.26685808037000000   0.60001406548480459
 -0.26585808037000000   0.60001854317238792
 -0.26485808037000000   0.59999079414144722
 -0.26385808037000000   0.59999487516121625
 -0.26285808037000000   0.60000984352005703
 -0.26185808037000000   0.60001339308524082
 -0.26085808037000000   0.60000352061907194
 -0.25985808037000000   0.59999954028928777
 -0.25885808037000000   0.59999899559500840
 -0.25785808037000000   0.60000023011260871
 -0.25685808037000000   0.60000207140317106
 -0.25585808037000000   0.60000390634687575
 -0.25485808037000000   0.60000513155912025
 -0.25385808037000000   0.60000467303759951
 -0.25285808037000000   0.60000119097649774
 -0.25185808037000000   0.59999473602349248
 -0.25085808037000000   0.59998943731217353
 -0.24985808037000000   0.59999354680771362
 -0.24885808037000000   0.60001099500585021
 -0.24785808037000000   0.60002142255151271
 -0.24685808037000000   0.59999980174681834
 -0.24585808037000000   0.59997910640196794
 -0.24485808037000000   0.60001164931477334
 -0.24385808037000000   0.60002295470861161
 -0.24285808037000000   0.59998229930455949
 -0.24185808037000000   0.60000176427578575
 -0.24085808037000000   0.60001855919154985
 -0.23985808037000000   0.59997384909376112
 -0.23885808037000000   0.60001903423529011
 -0.23785808037000000   0.59998092123591706
 -0.23685808037000000   0.59996562635896978
 -0.23585808037000000   0.60005538515207648
 -0.23485808037000000   0.60003831780436575
 -0.23385808037000000   0.59995507983846960
 -0.23285808037000000   0.60004083516225508
 -0.23185808037000000   0.59993665092434010
 -0.23085808037000000   0.60395813648821780
 -0.22985808037000000   0.60530685424087001
 -0.22885808037000000   0.60607264297476258
 -0.22785808037000000   0.60666211777413606
 -0.22685808037000000   0.60713530690526288
 -0.22585808037000000   0.60760556683254169
 -0.22485808037000000   0.60801759416893638
 -0.22385808037000000   0.60837590495556996
 -0.22285808037000000   0.60878921277161056
 -0.22185808037000000   0.60911514980102008
 -0.22085808037000000   0.60943083856412051
 -0.21985808037000000   0.60980730459149223
 -0.21885808037000000   0.61010068154072389
 -0.21785808037000000   0.61038278552544136
 -0.21685808037000000   0.61073514389363261
 -0.21585808037000000   0.61101261258286006
 -0.21485808037000000   0.61126512505463996
 -0.21385808037000000   0.61154213904778064
 -0.21285808037000000   0.61185163106832060
 -0.21185808037000000   0.61209372330176942
 -0.21085808037000000   0.61233383580372856
 -0.20985808037000000   0.61262036588649716
 -0.20885808037000000   0.61288145921818068
 -0.20785808037000000   0.61310914663792912
 -0.20685808037000000   0.61332897242630859
 -0.20585808037000000   0.61360618707378908
 -0.20485808037000000   0.61384011832490407
 -0.20385808037000000   0.61405423320748262
 -0.20285808037000000   0.61426955354149346
 -0.20185808037000000   0.61448438165790844
 -0.20085808037000000   0.61474948942479784
 -0.19985808037000000   0.61494630922506850
 -0.19885808037000000   0.61517439036200058
 -0.19785808037000000   0.61535903584434650
 -0.19685808037000000   0.61547780344954732
 -0.19585808037000000   0.61575824928804048
 -0.19485808037000000   0.61594245610533351
 -0.19385808037000000   0.61613974034098027
 -0.19285808037000000   0.61631651401324085
 -0.19185808037000000   0.61651171933524681
 -0.19085808037000000   0.61673504366011586
 -0.18985808037000000   0.61690151685827039
 -0.18885808037000000   0.61707810639504284
 -0.18785808037000000   0.61724357159982061
 -0.18685808037000000   0.61740986593676636
 -0.18585808037000000   0.61762191508786420
 -0.18485808037000000   0.61779012190617772
 -0.18385808037000000   0.61793924369144944
 -0.18285808037000000   0.61810659674259690
 -0.18185808037000000   0.61825031309813820
 -0.18085808037000000   0.61840613769721016
 -0.17985808037000000   0.61858197993861683
 -0.17885808037000000   0.61875750934330235
 -0.17785808037000000   0.61889633463883609
 -0.17685808037000000   0.61903755414415848
 -0.17585808037000000   0.61918623207542750
 -0.17485808037000000   0.61931392944379682
 -0.17385808037000000   0.61945387607591275
 -0.17285808037000000   0.61962567652915106
 -0.17185808037000000   0.61976593457260046
 -0.17085808037000000   0.61988653372954271
 -0.16985808037000000   0.62001592924278223
 -0.16885808037000000   0.62014940046317254
 -0.16785808037000000   0.62026314105124900
 -0.16685808037000000   0.62038301282375710
 -0.16585808037000000   0.62052637536748504
 -0.16485808037000000   0.62066569373799282
 -0.16385808037000000   0.62077877952578162
 -0.16285808037000000   0.62089437801038394
 -0.16185808037000000   0.62099659828429983
 -0.16085808037000000   0.62111244852819820
 -0.15985808037000000   0.62122576518471815
 -0.15885808037000000   0.62132263257022027
 -0.15785808037000000   0.62142223315286861
 -0.15685808037000000   0.62153196689280043
