 -0.35064516486000000   0.53841347355779709
 -0.34964516486000000   0.54388939672626644
 -0.34864516486000000   0.54543195194477698
 -0.34764516486000000   0.54539448714676413
 -0.34664516486000000   0.54514701489356445
 -0.34564516486000000   0.55001369631468940
 -0.34464516486000000   0.55141143039175178
 -0.34364516486000000   0.55367614556216874
 -0.34264516486000000   0.55548171128551174
 -0.34164516486000000   0.55550609921029078
 -0.34064516486000000   0.55549696530752577
 -0.33964516486000000   0.55548025685406338
 -0.33864516486000000   0.55552479132997418
 -0.33764516486000000   0.55840213871496922
 -0.33664516486000000   0.55985911327780313
 -0.33564516486000000   0.56092008589000072
 -0.33464516486000000   0.56207854094189508
 -0.33364516486000000   0.56245998532366686
 -0.33264516486000000   0.56382614945484375
 -0.33164516486000000   0.56480022508923029
 -0.33064516486000000   0.56572122872676008
 -0.32964516486000000   0.56666608875801706
 -0.32864516486000000   0.56770411236570608
 -0.32764516486000000   0.56910600125951439
 -0.32664516486000000   0.57142576926118423
 -0.32564516486000000   0.57139216029539929
 -0.32464516486000000   0.57139775670831172
 -0.32364516486000000   0.57140998106266455
 -0.32264516486000000   0.57138186367555255
 -0.32164516486000000   0.57138719159847873
 -0.32064516486000000   0.57137172300105488
 -0.31964516486000000   0.57140542103581147
 -0.31864516486000000   0.57141287464660062
 -0.31764516486000000   0.57141164600891044
 -0.31664516486000000   0.57357651704627994
 -0.31564516486000000   0.57487874760243274
 -0.31464516486000000   0.57573111692184304
 -0.31364516486000000   0.57642268011638560
 -0.31264516486000000   0.57716911576316538
 -0.31164516486000000   0.57788921395008693
 -0.31064516486000000   0.57847818420287872
 -0.30964516486000000   0.57911898475752360
 -0.30864516486000000   0.57980179944981300
 -0.30764516486000000   0.58035363630300406
 -0.30664516486000000   0.58100079559136479
 -0.30564516486000000   0.58158098282984424
 -0.30464516486000000   0.58219852022510067
 -0.30364516486000000   0.58290932263947868
 -0.30264516486000000   0.58332114307806049
 -0.30164516486000000   0.58334453436221900
 -0.30064516486000000   0.58429876970945735
 -0.29964516486000000   0.58492617583177801
 -0.29864516486000000   0.58542382406389363
 -0.29764516486000000   0.58601632324069016
 -0.29664516486000000   0.58651790933558648
 -0.29564516486000000   0.58708345767563370
 -0.29464516486000000   0.58760914402480590
 -0.29364516486000000   0.58823216854758221
 -0.29264516486000000   0.58863384903771940
 -0.29164516486000000   0.58917257369093740
 -0.29064516486000000   0.58972021638269120
 -0.28964516486000000   0.59020847846155398
 -0.28864516486000000   0.59075981526759645
 -0.28764516486000000   0.59123989261370451
 -0.28664516486000000   0.59179196946661601
 -0.28564516486000000   0.59228100756104175
 -0.28464516486000000   0.59284478611540517
 -0.28364516486000000   0.59332568756230462
 -0.28264516486000000   0.59391469314149964
 -0.28164516486000000   0.59444700453709234
 -0.28064516486000000   0.59510352455623271
 -0.27964516486000000   0.59580560375974184
 -0.27864516486000000   0.59672887090796125
 -0.27764516486000000   0.60006920265182901
 -0.27664516486000000   0.60004486072941727
 -0.27564516486000000   0.60005058097398928
 -0.27464516486000000   0.59997844504676277
 -0.27364516486000000   0.60001025760680000
 -0.27264516486000000   0.60000305259444178
 -0.27164516486000000   0.60002790251082791
 -0.27064516486000000   0.59998359713738084
 -0.26964516486000000   0.59999242476207338
 -0.26864516486000000   0.60001763503210781
 -0.26764516486000000   0.60001627821274750
 -0.26664516486000000   0.60000973187695599
 -0.26564516486000000   0.60000588303800669
 -0.26464516486000000   0.60000455497686532
 -0.26364516486000000   0.60000324168010744
 -0.26264516486000000   0.59999952808550864
 -0.26164516486000000   0.59999326458656449
 -0.26064516486000000   0.59999555827511258
 -0.25964516486000000   0.60001456303566156
 -0.25864516486000000   0.60002783466712377
 -0.25764516486000000   0.59999156098630957
 -0.25664516486000000   0.59998560146506204
 -0.25564516486000000   0.60004333744618090
 -0.25464516486000000   0.59996266439098805
 -0.25364516486000000   0.60004462028196541
 -0.25264516486000000   0.60005389066948233
 -0.25164516486000000   0.60006990740203942
 -0.25064516486000000   0.59993407845158163
 -0.24964516486000000   0.60330893155099243
 -0.24864516486000000   0.60403375035981161
 -0.24764516486000000   0.60458051813166495
 -0.24664516486000000   0.60505736204519097
 -0.24564516486000000   0.60547994707524625
 -0.24464516486000000   0.60591935416473465
 -0.24364516486000000   0.60628695033840631
 -0.24264516486000000   0.60671818994656256
 -0.24164516486000000   0.60706129782697114
 -0.24064516486000000   0.60740339660599281
 -0.23964516486000000   0.60780248592324870
 -0.23864516486000000   0.60812238845448003
 -0.23764516486000000   0.60844260203159656
 -0.23664516486000000   0.60881964356558761
 -0.23564516486000000   0.60912102053463360
 -0.23464516486000000   0.60942420413043350
 -0.23364516486000000   0.60978614974880838
 -0.23264516486000000   0.61007420202633741
 -0.23164516486000000   0.61036322754717780
 -0.23064516486000000   0.61071107123284431
 -0.22964516486000000   0.61099465795891625
 -0.22864516486000000   0.61126876882018684
 -0.22764516486000000   0.61159399651045676
 -0.22664516486000000   0.61188020184466438
 -0.22564516486000000   0.61215259710895248
 -0.22464516486000000   0.61242939166476139
 -0.22364516486000000   0.61274617584204647
 -0.22264516486000000   0.61300419048051963
 -0.22164516486000000   0.61326988840404352
 -0.22064516486000000   0.61353373842841004
 -0.21964516486000000   0.61383859409534448
 -0.21864516486000000   0.61408472821755200
 -0.21764516486000000   0.61432862351113915
 -0.21664516486000000   0.61461775721358484
 -0.21564516486000000   0.61487939680697217
 -0.21464516486000000   0.61512198885040234
 -0.21364516486000000   0.61536359957282340
 -0.21264516486000000   0.61562319985749637
 -0.21164516486000000   0.61588484209304139
 -0.21064516486000000   0.61611425491076965
 -0.20964516486000000   0.61633926842957042
 -0.20864516486000000   0.61660520590248090
 -0.20764516486000000   0.61685087384131713
 -0.20664516486000000   0.61707111164578998
 -0.20564516486000000   0.61728735880560243
 -0.20464516486000000   0.61753572361493289
 -0.20364516486000000   0.61778062144943548
 -0.20264516486000000   0.61799358745440108
 -0.20164516486000000   0.61820928411825597
 -0.20064516486000000   0.61841551975718405
 -0.19964516486000000   0.61866665874031948
 -0.19864516486000000   0.61888223035754880
 -0.19764516486000000   0.61908455671202572
 -0.19664516486000000   0.61928311556269273
 -0.19564516486000000   0.61949774580699763
 -0.19464516486000000   0.61973362168905625
 -0.19364516486000000   0.61992509299716248
 -0.19264516486000000   0.62012264210000620
 -0.19164516486000000   0.62030927612536303
 -0.19064516486000000   0.62052642028112369
 -0.18964516486000000   0.62073974315286458
 -0.18864516486000000   0.62092039411129741
 -0.18764516486000000   0.62111134290517772
 -0.18664516486000000   0.62129253295377333
 -0.18564516486000000   0.62147591766972104
 -0.18464516486000000   0.62169209139984482
 -0.18364516486000000   0.62187525330254800
 -0.18264516486000000   0.62204680253966513
 -0.18164516486000000   0.62222233250929851
 -0.18064516486000000   0.62238987230092924
 -0.17964516486000000   0.62258667159320650
 -0.17864516486000000   0.62277443823022582
 -0.17764516486000000   0.62293537878117836
 -0.17664516486000000   0.62310331238888558
 -0.17564516486000000   0.62326247805708290
 -0.17464516486000000   0.62342773947942062
 -0.17364516486000000   0.62361900562138957
 -0.17264516486000000   0.62378602229416396
 -0.17164516486000000   0.62393887746008018
 -0.17064516486000000   0.62409923456177345
 -0.16964516486000000   0.62425186493250248
 -0.16864516486000000   0.62441828908664106
 -0.16764516486000000   0.62461231054358174
 -0.16664516486000000   0.62505086506369358
 -0.16564516486000000   0.62497942213079105
 -0.16464516486000000   0.62500032760942008
