 -0.27672422981000000   0.59522367131154705
 -0.27172422981000000   0.59976889113901770
 -0.26672422981000000   0.60005017816389069
 -0.26472422981000000   0.59998008385153615
 -0.26372422981000000   0.60003267713169322
 -0.26272422981000000   0.60003837697890663
 -0.26172422981000000   0.60001737498473204
 -0.26072422981000000   0.60001646583210906
 -0.25972422981000000   0.59997446798155688
 -0.25872422981000000   0.59997312353531026
 -0.25772422981000000   0.60000913899682869
 -0.25672422981000000   0.60002342763243425
 -0.25572422981000000   0.59997371518409271
 -0.25472422981000000   0.60000548947382563
 -0.25372422981000000   0.60001229105997739
 -0.25272422981000000   0.59997922740745597
 -0.25172422981000000   0.59998024159312397
 -0.25072422981000000   0.59999991495632259
 -0.24972422981000000   0.60001262959010753
 -0.24872422981000000   0.60000229820452908
 -0.24772422981000000   0.59999358569631302
 -0.24672422981000000   0.60000312944969533
 -0.24572422981000000   0.60000628825306326
 -0.24472422981000000   0.60000405289148198
 -0.24372422981000000   0.60000020900610648
 -0.24272422981000000   0.59999726848229986
 -0.24172422981000000   0.59999304760471806
 -0.24072422981000000   0.59999416404839719
 -0.23972422981000000   0.59999544582878540
 -0.23872422981000000   0.59999673134852156
 -0.23772422981000000   0.59999801527531035
 -0.23672422981000000   0.59999928871353750
 -0.23572422981000000   0.59999963048639576
 -0.23472422981000000   0.60000143036070678
 -0.23372422981000000   0.60000314406148096
 -0.23272422981000000   0.60000368271969272
 -0.23172422981000000   0.60000170748633013
 -0.23072422981000000   0.59999664170898152
 -0.22972422981000000   0.59998981231663514
 -0.22872422981000000   0.59998492569548678
 -0.22772422981000000   0.59998665001733784
 -0.22672422981000000   0.59999768403394794
 -0.22572422981000000   0.60001192374678593
 -0.22472422981000000   0.60001135771856874
 -0.22372422981000000   0.59999359830524373
 -0.22272422981000000   0.59997848228679380
 -0.22172422981000000   0.59998694937160986
 -0.22072422981000000   0.60001715881757750
 -0.21972422981000000   0.60001128190392055
 -0.21872422981000000   0.59999755716674574
 -0.21772422981000000   0.59997223466752621
 -0.21672422981000000   0.60000852256205187
 -0.21572422981000000   0.60000944796128487
 -0.21472422981000000   0.60002284073055790
 -0.21372422981000000   0.60002123269380336
 -0.21272422981000000   0.60001789663545077
 -0.21172422981000000   0.60001804370887430
 -0.21072422981000000   0.60001812522625594
 -0.20972422981000000   0.60003468396394053
 -0.20872422981000000   0.59996725296543581
 -0.20772422981000000   0.60000164145803469
 -0.20672422981000000   0.59997693236578257
 -0.20472422981000000   0.59995869201808652
 -0.19872422981000000   0.59958462152441057
 -0.19572422981000000   0.59904329191643022
 -0.19372422981000000   0.59997703620913611
 -0.19172422981000000   0.60541322928879911
 -0.19072422981000000   0.60633136332723881
 -0.18972422981000000   0.60693472373547281
 -0.18872422981000000   0.60733202805158921
 -0.18772422981000000   0.60776815040346096
 -0.18672422981000000   0.60806055672927856
 -0.18572422981000000   0.60833197852654959
 -0.18472422981000000   0.60861739933458874
 -0.18372422981000000   0.60891404443502489
 -0.18272422981000000   0.60913641212064082
 -0.18172422981000000   0.60934117703568282
 -0.18072422981000000   0.60960076149012849
 -0.17972422981000000   0.60979691818301888
 -0.17872422981000000   0.60996393990738870
 -0.17772422981000000   0.61016355318581545
 -0.17672422981000000   0.61031196213469497
 -0.17572422981000000   0.61048732013127177
 -0.17472422981000000   0.61068630669209472
 -0.17372422981000000   0.61082686175655539
 -0.17272422981000000   0.61095933874817642
 -0.17172422981000000   0.61117574255816072
 -0.17072422981000000   0.61127336023779668
 -0.16972422981000000   0.61139745465800834
 -0.16872422981000000   0.61155912084153661
 -0.16772422981000000   0.61170110843184609
 -0.16672422981000000   0.61181717723196716
 -0.16572422981000000   0.61191448763768808
 -0.16472422981000000   0.61204233779898394
 -0.16372422981000000   0.61216172700463358
 -0.16272422981000000   0.61227290657310630
 -0.16172422981000000   0.61235665867762188
 -0.16072422981000000   0.61245383259380115
 -0.15972422981000000   0.61255494142857615
 -0.15872422981000000   0.61268794946083355
 -0.15772422981000000   0.61278330970286841
 -0.15672422981000000   0.61286703963276013
 -0.15572422981000000   0.61293950427265744
 -0.15472422981000000   0.61301598771106503
 -0.15372422981000000   0.61310841372109787
 -0.15272422981000000   0.61319809806695602
 -0.15172422981000000   0.61326847491078330
 -0.15072422981000000   0.61334041015854508
 -0.14972422981000000   0.61339927176928831
 -0.14872422981000000   0.61346419989019948
 -0.14772422981000000   0.61352248290854702
 -0.14672422981000000   0.61359141692789050
 -0.14572422981000000   0.61367239017078009
 -0.14472422981000000   0.61374716516501110
 -0.14372422981000000   0.61380402217285020
 -0.14272422981000000   0.61385078878875514
 -0.14172422981000000   0.61389858633081062
 -0.14072422981000000   0.61394334090254608
 -0.13972422981000000   0.61398118208408248
 -0.13872422981000000   0.61401946278780941
