 -0.28830529968000000   0.59768638580713893
 -0.27130529968000000   0.59523166034714633
 -0.26930529968000000   0.59997724228929396
 -0.26830529968000000   0.58982668237289947
 -0.26730529968000000   0.59998009831944936
 -0.26530529968000000   0.60003815301210347
 -0.26430529968000000   0.60001658971162455
 -0.26330529968000000   0.60004029774913879
 -0.26230529968000000   0.60000102834474079
 -0.26130529968000000   0.60002817797005983
 -0.26030529968000000   0.59999165532979633
 -0.25930529968000000   0.59997835750499579
 -0.25830529968000000   0.59999697777700343
 -0.25730529968000000   0.60000143484184525
 -0.25630529968000000   0.59998806691566140
 -0.25530529968000000   0.59998349322387361
 -0.25430529968000000   0.60001414656433568
 -0.25330529968000000   0.59998327910253094
 -0.25230529968000000   0.59998620978132706
 -0.25130529968000000   0.60000357871918570
 -0.25030529968000000   0.60001100840839214
 -0.24930529968000000   0.60000449031964886
 -0.24830529968000000   0.59999530596257323
 -0.24730529968000000   0.59999082148725684
 -0.24630529968000000   0.59999059403846992
 -0.24530529968000000   0.59999235887022676
 -0.24430529968000000   0.59999811728615612
 -0.24330529968000000   0.59999855991478662
 -0.24230529968000000   0.59999819133361774
 -0.24130529968000000   0.59999746624513135
 -0.24030529968000000   0.59999674273097020
 -0.23930529968000000   0.59999484421055881
 -0.23830529968000000   0.59999378048335867
 -0.23730529968000000   0.59999341022964850
 -0.23630529968000000   0.59999447363813276
 -0.23530529968000000   0.59999771064885609
 -0.23430529968000000   0.60000302284686855
 -0.23330529968000000   0.60000799516871510
 -0.23230529968000000   0.60000816172770042
 -0.23130529968000000   0.60000070450979452
 -0.23030529968000000   0.59998897584538467
 -0.22930529968000000   0.59998245013635455
 -0.22830529968000000   0.59999034645445242
 -0.22730529968000000   0.60001132333748402
 -0.22630529968000000   0.60001550715753588
 -0.22530529968000000   0.59999226469388627
 -0.22430529968000000   0.59998307606486275
 -0.22330529968000000   0.59998020216481052
 -0.22230529968000000   0.60001910115459311
 -0.22130529968000000   0.60000656379918230
 -0.22030529968000000   0.59997393545325703
 -0.21930529968000000   0.60002187943609149
 -0.21830529968000000   0.60001680384210101
 -0.21730529968000000   0.60001806950351705
 -0.21630529968000000   0.60002925780595845
 -0.21530529968000000   0.59996845551097076
 -0.21430529968000000   0.60003633169505274
 -0.21330529968000000   0.59996555851897050
 -0.21230529968000000   0.60001631471751420
 -0.21130529968000000   0.60000566715038179
 -0.21030529968000000   0.59996378754436551
 -0.20930529968000000   0.60003945923755874
 -0.20730529968000000   0.59894659930728808
 -0.20430529968000000   0.59972407816832989
 -0.20030529968000000   0.59971669762407683
 -0.19730529968000000   0.60549490701552315
 -0.19630529968000000   0.60636668728338022
 -0.19530529968000000   0.60698165652802734
 -0.19430529968000000   0.60743710381230955
 -0.19330529968000000   0.60787904317635755
 -0.19230529968000000   0.60819167747336340
 -0.19130529968000000   0.60848975036510242
 -0.19030529968000000   0.60883042500657960
 -0.18930529968000000   0.60907860339816936
 -0.18830529968000000   0.60931534241156744
 -0.18730529968000000   0.60960753134339687
 -0.18630529968000000   0.60982082175718087
 -0.18530529968000000   0.61002452305667188
 -0.18430529968000000   0.61022511441427923
 -0.18330529968000000   0.61040713285799496
 -0.18230529968000000   0.61065670083608129
 -0.18130529968000000   0.61082364364150535
 -0.18030529968000000   0.61098328360039135
 -0.17930529968000000   0.61119069881559903
 -0.17830529968000000   0.61133437717539213
 -0.17730529968000000   0.61149964561857576
 -0.17630529968000000   0.61169241635063607
 -0.17530529968000000   0.61183208530845705
 -0.17430529968000000   0.61196612890853635
 -0.17330529968000000   0.61212044043842191
 -0.17230529968000000   0.61223527091755989
 -0.17130529968000000   0.61236277503123130
 -0.17030529968000000   0.61252788796160919
 -0.16930529968000000   0.61266776028665110
 -0.16830529968000000   0.61278840735682880
 -0.16730529968000000   0.61288945868201410
 -0.16630529968000000   0.61300726687852952
 -0.16530529968000000   0.61313184361180767
 -0.16430529968000000   0.61322825529509601
 -0.16330529968000000   0.61332589156482395
 -0.16230529968000000   0.61342372927976154
 -0.16130529968000000   0.61355686618793398
 -0.16030529968000000   0.61366917213144669
 -0.15930529968000000   0.61375664516022579
 -0.15830529968000000   0.61383654396483934
 -0.15730529968000000   0.61391599692454839
 -0.15630529968000000   0.61400525279255616
 -0.15530529968000000   0.61409971790159139
 -0.15430529968000000   0.61419014099582273
 -0.15330529968000000   0.61425745724933669
 -0.15230529968000000   0.61433290061973927
 -0.15130529968000000   0.61439857022928309
 -0.15030529968000000   0.61446456570284345
 -0.14930529968000000   0.61453042370594558
 -0.14830529968000000   0.61461275441844889
 -0.14730529968000000   0.61469722092555086
 -0.14630529968000000   0.61476499068507685
 -0.14530529968000000   0.61481793683767963
 -0.14430529968000000   0.61487040369061989
 -0.14330529968000000   0.61492010600174798
 -0.14230529968000000   0.61496215703965555
 -0.14130529968000000   0.61500591660690285
