 -0.35386527765000000   0.56099564656078823
 -0.35286527765000000   0.56146199146966019
 -0.35186527765000000   0.56191735258910961
 -0.35086527765000000   0.56238332530670097
 -0.34986527765000000   0.56283425422299844
 -0.34886527765000000   0.56329849283920186
 -0.34786527765000000   0.56374647561869808
 -0.34686527765000000   0.56420693782503312
 -0.34586527765000000   0.56465377953533692
 -0.34486527765000000   0.56510834105400201
 -0.34386527765000000   0.56555581135068331
 -0.34286527765000000   0.56600319537926898
 -0.34186527765000000   0.56645232918401024
 -0.34086527765000000   0.56689284067251865
 -0.33986527765000000   0.56733613705321381
 -0.33886527765000000   0.56778588172095503
 -0.33786527765000000   0.56822083059644885
 -0.33686527765000000   0.56866475433715258
 -0.33586527765000000   0.56910070861811727
 -0.33486527765000000   0.56953659159259713
 -0.33386527765000000   0.56997513481297675
 -0.33286527765000000   0.57040370037896876
 -0.33186527765000000   0.57084330530053888
 -0.33086527765000000   0.57126770107974590
 -0.32986527765000000   0.57170368210218568
 -0.32886527765000000   0.57212796463803926
 -0.32786527765000000   0.57255588861112467
 -0.32686527765000000   0.57298319945493824
 -0.32586527765000000   0.57340270542670121
 -0.32486527765000000   0.57383218693563245
 -0.32386527765000000   0.57424698681303875
 -0.32286527765000000   0.57467286840049924
 -0.32186527765000000   0.57508808637485184
 -0.32086527765000000   0.57550503165431604
 -0.31986527765000000   0.57592410184209740
 -0.31886527765000000   0.57633287577277883
 -0.31786527765000000   0.57675299143342876
 -0.31686527765000000   0.57715897319597513
 -0.31586527765000000   0.57757239092614665
 -0.31486527765000000   0.57798134568875769
 -0.31386527765000000   0.57838498110549450
 -0.31286527765000000   0.57879745684096870
 -0.31186527765000000   0.57919598667434767
 -0.31086527765000000   0.57960408951251438
 -0.30986527765000000   0.58000451626353879
 -0.30886527765000000   0.58040237782279092
 -0.30786527765000000   0.58080727268854049
 -0.30686527765000000   0.58119894664909086
 -0.30586527765000000   0.58160040343968862
 -0.30486527765000000   0.58199377261512492
 -0.30386527765000000   0.58238470733369991
 -0.30286527765000000   0.58278280122406151
 -0.30186527765000000   0.58316777816043530
 -0.30086527765000000   0.58356151990405188
 -0.29986527765000000   0.58394917450659156
 -0.29886527765000000   0.58433214349055724
 -0.29786527765000000   0.58472393139724451
 -0.29686527765000000   0.58510537312274115
 -0.29586527765000000   0.58548886958586648
 -0.29486527765000000   0.58586544042972383
 -0.29386527765000000   0.58625178309277991
 -0.29286527765000000   0.58662616593506409
 -0.29186527765000000   0.58700309135481001
 -0.29086527765000000   0.58738309646631160
 -0.28986527765000000   0.58775183734478382
 -0.28886527765000000   0.58812934107077920
 -0.28786527765000000   0.58850057956667852
 -0.28686527765000000   0.58886681667654089
 -0.28586527765000000   0.58924197701048251
 -0.28486527765000000   0.58960555313040435
 -0.28386527765000000   0.58997110146841622
 -0.28286527765000000   0.59034061263623828
 -0.28186527765000000   0.59069868843164186
 -0.28086527765000000   0.59106367890428600
 -0.27986527765000000   0.59142599381594930
 -0.27886527765000000   0.59178032666564705
 -0.27786527765000000   0.59214352717003931
 -0.27686527765000000   0.59249882917195494
 -0.27586527765000000   0.59285049029253029
 -0.27486527765000000   0.59321028652605008
 -0.27386527765000000   0.59355949249100048
 -0.27286527765000000   0.59390890839421026
 -0.27186527765000000   0.59426411469177572
 -0.27086527765000000   0.59460813795035319
 -0.26986527765000000   0.59495522494074250
 -0.26886527765000000   0.59530531682225815
 -0.26786527765000000   0.59564480338174267
 -0.26686527765000000   0.59598918105571013
 -0.26586527765000000   0.59633414587992081
 -0.26486527765000000   0.59666946322859406
 -0.26386527765000000   0.59701065932696302
 -0.26286527765000000   0.59735076332359425
 -0.26186527765000000   0.59768207153292424
 -0.26086527765000000   0.59801964379656014
 -0.25986527765000000   0.59835526539764225
 -0.25886527765000000   0.59868260985573295
 -0.25786527765000000   0.59901619241481593
 -0.25686527765000000   0.59934777140758457
 -0.25586527765000000   0.59967139404523097
 -0.25486527765000000   0.59999999999981350
 -0.25386527765000000   0.60032724900798116
 -0.25286527765000000   0.60064688890623133
 -0.25186527765000000   0.60097135132875036
 -0.25086527765000000   0.60129578155761222
 -0.24986527765000000   0.60161127134481575
 -0.24886527765000000   0.60193055642987482
 -0.24786527765000000   0.60225171611761420
 -0.24686527765000000   0.60256356927596282
 -0.24586527765000000   0.60287740515549324
 -0.24486527765000000   0.60319521928513097
 -0.24386527765000000   0.60350389835556128
 -0.24286527765000000   0.60381216076228280
 -0.24186527765000000   0.60412609710607910
 -0.24086527765000000   0.60443223450365010
 -0.23986527765000000   0.60473513621984290
 -0.23886527765000000   0.60504417348142484
 -0.23786527765000000   0.60534842779044787
 -0.23686527765000000   0.60564660029981525
 -0.23586527765000000   0.60594953066187015
 -0.23486527765000000   0.60625213371473358
 -0.23386527765000000   0.60654661075805724
 -0.23286527765000000   0.60684274739572061
 -0.23186527765000000   0.60714278759205885
 -0.23086527765000000   0.60743494419528727
 -0.22986527765000000   0.60772472743879620
 -0.22886527765000000   0.60801995290403952
 -0.22786527765000000   0.60831108212091625
 -0.22686527765000000   0.60859599955172385
 -0.22586527765000000   0.60888416730333704
 -0.22486527765000000   0.60917409687625725
 -0.22386527765000000   0.60945623068123964
 -0.22286527765000000   0.60973715547896326
 -0.22186527765000000   0.61002301508480170
 -0.22086527765000000   0.61029998752399276
 -0.21986527765000000   0.61058234688343131
 -0.21886527765000000   0.61086228743779439
 -0.21786527765000000   0.61113552973261580
 -0.21686527765000000   0.61140993611969977
 -0.21586527765000000   0.61168799566211663
 -0.21486527765000000   0.61195995776446542
 -0.21386527765000000   0.61222784763395171
 -0.21286527765000000   0.61249913451596938
 -0.21186527765000000   0.61277105712290589
 -0.21086527765000000   0.61303604686247877
 -0.20986527765000000   0.61329937176929318
 -0.20886527765000000   0.61356675992867578
 -0.20786527765000000   0.61383198193496798
 -0.20686527765000000   0.61409092615225782
 -0.20586527765000000   0.61434983756392430
 -0.20486527765000000   0.61461247398442061
 -0.20386527765000000   0.61487125680233459
 -0.20286527765000000   0.61512467318959459
 -0.20186527765000000   0.61537892986485733
 -0.20086527765000000   0.61563631165206373
 -0.19986527765000000   0.61588915764842543
 -0.19886527765000000   0.61613725923135654
 -0.19786527765000000   0.61638645715146285
 -0.19686527765000000   0.61663839521483321
 -0.19586527765000000   0.61688579662084951
 -0.19486527765000000   0.61712865559747042
 -0.19386527765000000   0.61737237689392579
 -0.19286527765000000   0.61761878491105837
 -0.19186527765000000   0.61786118508670493
 -0.19086527765000000   0.61809887713327435
 -0.18986527765000000   0.61833677626144454
 -0.18886527765000000   0.61857745843738126
 -0.18786527765000000   0.61881524450848107
 -0.18686527765000000   0.61904796618099625
 -0.18586527765000000   0.61927986525518578
 -0.18486527765000000   0.61951438799013450
 -0.18386527765000000   0.61974777096843758
 -0.18286527765000000   0.61997592622744370
 -0.18186527765000000   0.62020193599771800
 -0.18086527765000000   0.62042972715555278
 -0.17986527765000000   0.62065841639702437
 -0.17886527765000000   0.62088261387475128
 -0.17786527765000000   0.62110321118707661
 -0.17686527765000000   0.62132400161559702
 -0.17586527765000000   0.62154689150696012
 -0.17486527765000000   0.62176758475572618
 -0.17386527765000000   0.62198363282168050
 -0.17286527765000000   0.62219791423381411
 -0.17186527765000000   0.62241360153631167
 -0.17086527765000000   0.62263007131247569
 -0.16986527765000000   0.62284270209262537
 -0.16886527765000000   0.62305165244785430
 -0.16786527765000000   0.62325994426630753
 -0.16686527765000000   0.62346989248800956
 -0.16586527765000000   0.62367929118782014
 -0.16486527765000000   0.62388452154258062
 -0.16386527765000000   0.62408683039784809
 -0.16286527765000000   0.62428894166198251
 -0.16186527765000000   0.62449252233185950
 -0.16086527765000000   0.62469494658165921
 -0.15986527765000000   0.62489334864259994
 -0.15886527765000000   0.62508913084436312
 -0.15786527765000000   0.62528468759143722
 -0.15686527765000000   0.62548148433537779
 -0.15586527765000000   0.62567724652857128
 -0.15486527765000000   0.62586925129811398
