 -0.33970154137000000   0.55527465400427913
 -0.33670154137000000   0.55546599017101683
 -0.33570154137000000   0.55547810791879613
 -0.33470154137000000   0.55549118080730936
 -0.33370154137000000   0.55550316675570655
 -0.33270154137000000   0.55548413792798541
 -0.33170154137000000   0.55458553432401984
 -0.33070154137000000   0.56000637405853277
 -0.32970154137000000   0.56178090652580164
 -0.32870154137000000   0.56244796763817838
 -0.32770154137000000   0.56359221211327725
 -0.32670154137000000   0.56521925051944766
 -0.32570154137000000   0.56664597280198235
 -0.32470154137000000   0.56818996382579673
 -0.32370154137000000   0.57137647935560588
 -0.32270154137000000   0.57138143729879929
 -0.32170154137000000   0.57136362609415613
 -0.32070154137000000   0.57136464839963647
 -0.31970154137000000   0.57138386074236915
 -0.31870154137000000   0.57137563943113849
 -0.31770154137000000   0.57140797253902070
 -0.31670154137000000   0.57140399516825527
 -0.31570154137000000   0.57141108796178612
 -0.31470154137000000   0.57139954303981795
 -0.31370154137000000   0.57141761983754602
 -0.31270154137000000   0.57141812931983870
 -0.31170154137000000   0.57134529275508267
 -0.31070154137000000   0.57518571378441673
 -0.30970154137000000   0.57629904709337583
 -0.30870154137000000   0.57720559422366624
 -0.30770154137000000   0.57805191468669213
 -0.30670154137000000   0.57896589321453732
 -0.30570154137000000   0.57944412325931895
 -0.30470154137000000   0.58022942405941351
 -0.30370154137000000   0.58095047478770868
 -0.30270154137000000   0.58165341197957749
 -0.30170154137000000   0.58238768444562223
 -0.30070154137000000   0.58330993074213858
 -0.29970154137000000   0.58332320410444346
 -0.29870154137000000   0.58333111492157104
 -0.29770154137000000   0.58440350476263403
 -0.29670154137000000   0.58512620121033651
 -0.29570154137000000   0.58579252660839758
 -0.29470154137000000   0.58633322862415038
 -0.29370154137000000   0.58697779288451374
 -0.29270154137000000   0.58754387210669937
 -0.29170154137000000   0.58823286072804040
 -0.29070154137000000   0.58867069023600191
 -0.28970154137000000   0.58925462680575846
 -0.28870154137000000   0.58987894249954262
 -0.28770154137000000   0.59039128261350441
 -0.28670154137000000   0.59094055385164240
 -0.28570154137000000   0.59156069527303348
 -0.28470154137000000   0.59218236395742175
 -0.28370154137000000   0.59282546170775422
 -0.28270154137000000   0.59341045972995656
 -0.28170154137000000   0.59413292907453580
 -0.28070154137000000   0.59495447298473681
 -0.27970154137000000   0.59597198954047698
 -0.27870154137000000   0.59993596601045183
 -0.27770154137000000   0.60004642977246566
 -0.27670154137000000   0.60004203148049197
 -0.27570154137000000   0.59997884176042039
 -0.27470154137000000   0.60004583428772107
 -0.27370154137000000   0.59997138558713429
 -0.27270154137000000   0.60003600889474500
 -0.27170154137000000   0.59997440240514384
 -0.27070154137000000   0.60001646580308004
 -0.26970154137000000   0.60002163365579657
 -0.26870154137000000   0.59999198148970552
 -0.26770154137000000   0.59998832043002228
 -0.26670154137000000   0.59999479865752337
 -0.26570154137000000   0.60000322505307217
 -0.26470154137000000   0.60000660776256603
 -0.26370154137000000   0.60000604692523209
 -0.26270154137000000   0.60000391705254445
 -0.26170154137000000   0.60000179562978591
 -0.26070154137000000   0.60000119520665385
 -0.25970154137000000   0.60000901746115409
 -0.25870154137000000   0.60001607412275303
 -0.25770154137000000   0.60001719559152530
 -0.25670154137000000   0.60000144719558089
 -0.25570154137000000   0.59998214877738178
 -0.25470154137000000   0.60000186019205427
 -0.25370154137000000   0.60003307998854321
 -0.25270154137000000   0.59998042082859925
 -0.25170154137000000   0.60002777759440279
 -0.25070154137000000   0.59998635055118985
 -0.24970154137000000   0.60003729908380693
 -0.24870154137000000   0.59995650218298939
 -0.24770154137000000   0.59999124702949760
 -0.24670154137000000   0.59996145177657627
 -0.24570154137000000   0.60007657702665940
 -0.24470154137000000   0.60311903366173711
 -0.24370154137000000   0.60425334482955543
 -0.24270154137000000   0.60493848211773106
 -0.24170154137000000   0.60545512456437606
 -0.24070154137000000   0.60597569648376927
 -0.23970154137000000   0.60638514122274375
 -0.23870154137000000   0.60685108214459171
 -0.23770154137000000   0.60722008638403351
 -0.23670154137000000   0.60759899470767699
 -0.23570154137000000   0.60797696498814652
 -0.23470154137000000   0.60830583340153404
 -0.23370154137000000   0.60870320727193278
 -0.23270154137000000   0.60901965678072084
 -0.23170154137000000   0.60932385999569684
 -0.23070154137000000   0.60969650271633569
 -0.22970154137000000   0.60999540655887049
 -0.22870154137000000   0.61028082948217120
 -0.22770154137000000   0.61063503208277059
 -0.22670154137000000   0.61091978769439216
 -0.22570154137000000   0.61120286450508626
 -0.22470154137000000   0.61149515417372229
 -0.22370154137000000   0.61181929106588404
 -0.22270154137000000   0.61208342968737343
 -0.22170154137000000   0.61234142570197791
 -0.22070154137000000   0.61265457335369141
 -0.21970154137000000   0.61292329329640263
 -0.21870154137000000   0.61318134564027010
 -0.21770154137000000   0.61343119933970354
 -0.21670154137000000   0.61373757551802060
 -0.21570154137000000   0.61398091456571317
 -0.21470154137000000   0.61422823826765835
 -0.21370154137000000   0.61446956551615307
 -0.21270154137000000   0.61476334974009163
 -0.21170154137000000   0.61499320779616315
 -0.21070154137000000   0.61523651266148145
 -0.20970154137000000   0.61536770392210853
 -0.20870154137000000   0.61572586489467448
 -0.20770154137000000   0.61595016372562005
 -0.20670154137000000   0.61617654391187286
 -0.20570154137000000   0.61638923420600134
 -0.20470154137000000   0.61665557209507898
 -0.20370154137000000   0.61687671638378293
 -0.20270154137000000   0.61708782324176214
 -0.20170154137000000   0.61729064742188283
 -0.20070154137000000   0.61752551458275886
 -0.19970154137000000   0.61776189522946620
 -0.19870154137000000   0.61795677794881143
 -0.19770154137000000   0.61815987203906672
 -0.19670154137000000   0.61835560565501155
 -0.19570154137000000   0.61857798330569732
 -0.19470154137000000   0.61880195689992944
 -0.19370154137000000   0.61898527847112431
 -0.19270154137000000   0.61917950297182970
 -0.19170154137000000   0.61935901863337343
 -0.19070154137000000   0.61957625994334290
 -0.18970154137000000   0.61978104924401998
 -0.18870154137000000   0.61995379412742910
 -0.18770154137000000   0.62013774297393906
 -0.18670154137000000   0.62030652797634716
 -0.18570154137000000   0.62050272037164994
 -0.18470154137000000   0.62070528360878409
 -0.18370154137000000   0.62086918088032912
 -0.18270154137000000   0.62104076633791487
 -0.18170154137000000   0.62120338183229559
 -0.18070154137000000   0.62136983558364071
 -0.17970154137000000   0.62154695291260316
 -0.17870154137000000   0.62174069468155116
 -0.17770154137000000   0.62189737049135416
 -0.17670154137000000   0.62205139594448896
 -0.17570154137000000   0.62221013039004672
 -0.17470154137000000   0.62235610567657991
 -0.17370154137000000   0.62252112399563200
 -0.17270154137000000   0.62270109024632028
 -0.17170154137000000   0.62284862659061549
 -0.17070154137000000   0.62298916877266694
 -0.16970154137000000   0.62313881820497206
 -0.16870154137000000   0.62327521915213273
 -0.16770154137000000   0.62341763417515453
 -0.16670154137000000   0.62358512229722807
 -0.16570154137000000   0.62373583717568186
 -0.16470154137000000   0.62386642844735639
 -0.16370154137000000   0.62400182719699173
 -0.16270154137000000   0.62414216244948514
