 -0.31267951226000000   0.57134739000158872
 -0.31167951226000000   0.57134879769260283
 -0.31067951226000000   0.57137011229353985
 -0.30967951226000000   0.57135960112098704
 -0.30867951226000000   0.57140312468942687
 -0.30767951226000000   0.57136736296612112
 -0.30667951226000000   0.57136288047080868
 -0.30567951226000000   0.57136933389242697
 -0.30467951226000000   0.57140060087139428
 -0.30067951226000000   0.57094384162276047
 -0.29667951226000000   0.57897116806365755
 -0.29567951226000000   0.58067838798756661
 -0.29467951226000000   0.58258400890022901
 -0.29367951226000000   0.58329354180423121
 -0.29267951226000000   0.58332160325733783
 -0.29167951226000000   0.58329651646416203
 -0.29067951226000000   0.58332803042613564
 -0.28967951226000000   0.58333082619612074
 -0.28867951226000000   0.58530080265602951
 -0.28767951226000000   0.58619591360367844
 -0.28667951226000000   0.58823945288357427
 -0.28567951226000000   0.58823602480086152
 -0.28467951226000000   0.58823918529553005
 -0.28367951226000000   0.58978702678893914
 -0.28267951226000000   0.59093486318964008
 -0.28167951226000000   0.59092183259700071
 -0.28067951226000000   0.59256367973463672
 -0.27967951226000000   0.59377199863081878
 -0.27867951226000000   0.59471654834181310
 -0.27767951226000000   0.60007519178361318
 -0.27667951226000000   0.59996031580950807
 -0.27567951226000000   0.60005401893978851
 -0.27467951226000000   0.60005422005465788
 -0.27367951226000000   0.60004768402584317
 -0.27267951226000000   0.60000981847912077
 -0.27167951226000000   0.59996754522533459
 -0.27067951226000000   0.60003972339760002
 -0.26967951226000000   0.59997039425169134
 -0.26867951226000000   0.59997449863327237
 -0.26767951226000000   0.60002621121588230
 -0.26667951226000000   0.60001495096097070
 -0.26567951226000000   0.59998078576319322
 -0.26467951226000000   0.60000073279728772
 -0.26367951226000000   0.60001906360718770
 -0.26267951226000000   0.60001610615982986
 -0.26167951226000000   0.60000354862065830
 -0.26067951226000000   0.59999467111672797
 -0.25967951226000000   0.59999353367124054
 -0.25867951226000000   0.59999603901676558
 -0.25767951226000000   0.59999759116465815
 -0.25667951226000000   0.59999970947725186
 -0.25567951226000000   0.60000171144163091
 -0.25467951226000000   0.60000371530728467
 -0.25367951226000000   0.60000583289769887
 -0.25267951226000000   0.60000753027366529
 -0.25167951226000000   0.60000717855776487
 -0.25067951226000000   0.60000265443659771
 -0.24967951226000000   0.59999413582870123
 -0.24867951226000000   0.59998776013171882
 -0.24767951226000000   0.59999407467662298
 -0.24667951226000000   0.60001465862275493
 -0.24567951226000000   0.60001966507676466
 -0.24467951226000000   0.59999134403067642
 -0.24367951226000000   0.59998145490763840
 -0.24267951226000000   0.60002424123149519
 -0.24167951226000000   0.60000646250751872
 -0.24067951226000000   0.59997358952052671
 -0.23967951226000000   0.60003672452339698
 -0.23867951226000000   0.59999377530918577
 -0.23767951226000000   0.60000305198315820
 -0.23667951226000000   0.59999628166011772
 -0.23567951226000000   0.60004461223101954
 -0.23467951226000000   0.59995958591223458
 -0.23367951226000000   0.59999880801401656
 -0.23267951226000000   0.60004216419426543
 -0.23167951226000000   0.60004336051100667
 -0.23067951226000000   0.59996868141569654
 -0.22967951226000000   0.59997265298846922
 -0.22867951226000000   0.59959789264676990
 -0.22767951226000000   0.60504736964956872
 -0.22667951226000000   0.60596010201129488
 -0.22567951226000000   0.60653231403101323
 -0.22467951226000000   0.60710250206095337
 -0.22367951226000000   0.60753670622385177
 -0.22267951226000000   0.60798585758102662
 -0.22167951226000000   0.60835341598953151
 -0.22067951226000000   0.60875435909133519
 -0.21967951226000000   0.60909431776056225
 -0.21867951226000000   0.60940987718128333
 -0.21767951226000000   0.60979122608403453
 -0.21667951226000000   0.61007773421156658
 -0.21567951226000000   0.61036128358777615
 -0.21467951226000000   0.61070328999396607
 -0.21367951226000000   0.61098001559663573
 -0.21267951226000000   0.61123347908989209
 -0.21167951226000000   0.61149133421774492
 -0.21067951226000000   0.61181020458417940
 -0.20967951226000000   0.61204816826508252
 -0.20867951226000000   0.61229087319738366
 -0.20767951226000000   0.61253747123702492
 -0.20667951226000000   0.61282446255888839
 -0.20567951226000000   0.61304261457814917
 -0.20467951226000000   0.61326163465734401
 -0.20367951226000000   0.61349499473932417
 -0.20267951226000000   0.61376182482119628
 -0.20167951226000000   0.61396295934870775
 -0.20067951226000000   0.61417759977785546
 -0.19967951226000000   0.61437728555035674
 -0.19867951226000000   0.61462928854446360
 -0.19767951226000000   0.61484453505945360
 -0.19667951226000000   0.61503947529194283
 -0.19567951226000000   0.61530091442612752
 -0.19467951226000000   0.61536429738920980
 -0.19367951226000000   0.61559250026149561
 -0.19267951226000000   0.61580579006453538
 -0.19167951226000000   0.61598323777902343
 -0.19067951226000000   0.61617266574065172
 -0.18967951226000000   0.61633583557164223
 -0.18867951226000000   0.61652476725200163
 -0.18767951226000000   0.61673559206309832
 -0.18667951226000000   0.61689335914270907
 -0.18567951226000000   0.61705925967525733
 -0.18467951226000000   0.61722038984307048
 -0.18367951226000000   0.61737173993715911
 -0.18267951226000000   0.61756336147279765
 -0.18167951226000000   0.61773579335251291
 -0.18067951226000000   0.61787530518163004
 -0.17967951226000000   0.61802900974027566
 -0.17867951226000000   0.61817611879399525
 -0.17767951226000000   0.61831680605598601
 -0.17667951226000000   0.61845714474492430
 -0.17567951226000000   0.61863281113519823
 -0.17467951226000000   0.61878317531259877
 -0.17367951226000000   0.61890856622138310
 -0.17267951226000000   0.61904061314550447
 -0.17167951226000000   0.61917903465351337
 -0.17067951226000000   0.61929581835840132
 -0.16967951226000000   0.61941988002740674
 -0.16867951226000000   0.61957104551095439
 -0.16767951226000000   0.61971206054060890
 -0.16667951226000000   0.61982727478906029
 -0.16567951226000000   0.61993431738790252
 -0.16467951226000000   0.62005729670292412
 -0.16367951226000000   0.62017406005833319
 -0.16267951226000000   0.62027475308724101
 -0.16167951226000000   0.62038127459749878
 -0.16067951226000000   0.62050625049710450
 -0.15967951226000000   0.62061634673200119
 -0.15867951226000000   0.62074105230210169
 -0.15767951226000000   0.62084101349359485
 -0.15667951226000000   0.62093233645345871
 -0.15567951226000000   0.62102395925627873
