 -0.32139405346000000   0.30754067001597049
 -0.30239405346000000   0.57137208578221681
 -0.30139405346000000   0.57135570425349045
 -0.30039405346000000   0.57140029421839197
 -0.29339405346000000   0.58249846911254810
 -0.28639405346000000   0.58329271639806495
 -0.28539405346000000   0.58332228990485416
 -0.28439405346000000   0.58329949408263535
 -0.28039405346000000   0.58823256904471086
 -0.27939405346000000   0.58840993511928098
 -0.27839405346000000   0.59663596552955018
 -0.27739405346000000   0.59842738399009882
 -0.27639405346000000   0.58869922049509189
 -0.27439405346000000   0.59843313986952656
 -0.27339405346000000   0.59896502969457662
 -0.27239405346000000   0.59977155947539284
 -0.27139405346000000   0.60004298920764254
 -0.27039405346000000   0.60003716512734501
 -0.26939405346000000   0.60003131609370466
 -0.26839405346000000   0.59996970587052815
 -0.26739405346000000   0.60003537147342084
 -0.26639405346000000   0.60003658634504983
 -0.26539405346000000   0.59996953580957535
 -0.26439405346000000   0.60001643890238742
 -0.26339405346000000   0.59999382765021820
 -0.26239405346000000   0.59998721193846596
 -0.26139405346000000   0.60002409641319521
 -0.26039405346000000   0.59998908108469275
 -0.25939405346000000   0.59998490623748696
 -0.25839405346000000   0.60000947860136235
 -0.25739405346000000   0.60001446084244761
 -0.25639405346000000   0.59999873197150764
 -0.25539405346000000   0.59998942141354097
 -0.25439405346000000   0.59999032306711067
 -0.25339405346000000   0.59999542375046657
 -0.25239405346000000   0.59999978292419790
 -0.25139405346000000   0.60000176921585585
 -0.25039405346000000   0.60000182487021678
 -0.24939405346000000   0.60000085888230698
 -0.24839405346000000   0.59999952525274603
 -0.24739405346000000   0.59999820414841556
 -0.24639405346000000   0.59999724244280710
 -0.24539405346000000   0.59999485895210133
 -0.24439405346000000   0.59999413503988667
 -0.24339405346000000   0.59999556625909395
 -0.24239405346000000   0.60000045202045494
 -0.24139405346000000   0.59999854604369058
 -0.24039405346000000   0.60000855334720213
 -0.23939405346000000   0.60001384911236816
 -0.23839405346000000   0.60000604655743217
 -0.23739405346000000   0.59998827342085500
 -0.23639405346000000   0.59998301765569963
 -0.23539405346000000   0.60000505842981776
 -0.23439405346000000   0.60001793961865218
 -0.23339405346000000   0.60001317678827894
 -0.23239405346000000   0.59997825487210937
 -0.23139405346000000   0.59999410643671453
 -0.23039405346000000   0.60002848889008125
 -0.22939405346000000   0.59997920875521206
 -0.22839405346000000   0.59997438894231479
 -0.22739405346000000   0.60003469901740887
 -0.22639405346000000   0.59998365144823276
 -0.22539405346000000   0.60003241576274893
 -0.22439405346000000   0.59996697281760054
 -0.22339405346000000   0.59997205782979075
 -0.22239405346000000   0.59999207121865175
 -0.22139405346000000   0.59996160399870064
 -0.22039405346000000   0.59996419388015722
 -0.21939405346000000   0.59996214867825648
 -0.21839405346000000   0.59995280164739066
 -0.21739405346000000   0.59974038991959839
 -0.21639405346000000   0.59743675762495960
 -0.21539405346000000   0.59912108584166967
 -0.21439405346000000   0.59724320959490543
 -0.21239405346000000   0.60531551738793914
 -0.21139405346000000   0.60630352640890124
 -0.21039405346000000   0.60694588873472202
 -0.20939405346000000   0.60742969358968276
 -0.20839405346000000   0.60790000577570182
 -0.20739405346000000   0.60826468370259377
 -0.20639405346000000   0.60870904349331614
 -0.20539405346000000   0.60899783750205910
 -0.20439405346000000   0.60928768587199785
 -0.20339405346000000   0.60964769104617580
 -0.20239405346000000   0.60990234641670060
 -0.20139405346000000   0.61017839277547236
 -0.20039405346000000   0.61042094157368986
 -0.19939405346000000   0.61072881229923428
 -0.19839405346000000   0.61096990479587412
 -0.19739405346000000   0.61117179823181721
 -0.19639405346000000   0.61138807235450938
 -0.19539405346000000   0.61163541855280964
 -0.19439405346000000   0.61187941373761277
 -0.19339405346000000   0.61206839783482926
 -0.19239405346000000   0.61227201174004218
 -0.19139405346000000   0.61245106102158075
 -0.19039405346000000   0.61268136599032186
 -0.18939405346000000   0.61288652576211291
 -0.18839405346000000   0.61304826922952726
 -0.18739405346000000   0.61323878670330101
 -0.18639405346000000   0.61339210658939439
 -0.18539405346000000   0.61357590857932336
 -0.18439405346000000   0.61378097592741239
 -0.18339405346000000   0.61392992157295101
 -0.18239405346000000   0.61408798743392312
 -0.18139405346000000   0.61424627263981928
 -0.18039405346000000   0.61438595267545950
 -0.17939405346000000   0.61453258064905849
 -0.17839405346000000   0.61472597206200565
 -0.17739405346000000   0.61487016559495171
 -0.17639405346000000   0.61499139011282791
 -0.17539405346000000   0.61513439432544454
 -0.17439405346000000   0.61527086478975361
 -0.17339405346000000   0.61539296292074680
 -0.17239405346000000   0.61551789688091636
 -0.17139405346000000   0.61568385323499047
 -0.17039405346000000   0.61580846461500996
 -0.16939405346000000   0.61591707122356382
 -0.16839405346000000   0.61602917380059493
 -0.16739405346000000   0.61614862474708388
 -0.16639405346000000   0.61627057027392904
 -0.16539405346000000   0.61636670674895382
 -0.16439405346000000   0.61646736298281612
 -0.16339405346000000   0.61657535471433819
 -0.16239405346000000   0.61671027838392933
 -0.16139405346000000   0.61681703875242391
 -0.16039405346000000   0.61690918835151967
 -0.15939405346000000   0.61699085525129780
 -0.15839405346000000   0.61708495088708061
 -0.15739405346000000   0.61718597090752948
 -0.15639405346000000   0.61726607136568991
 -0.15539405346000000   0.61734533073028308
 -0.15439405346000000   0.61742482671831802
 -0.15339405346000000   0.61751800214531624
 -0.15239405346000000   0.61762146058354710
 -0.15139405346000000   0.61770598763987747
 -0.15039405346000000   0.61777634286809063
 -0.14939405346000000   0.61784384891139316
 -0.14839405346000000   0.61790489291092848
