 -0.27579598872000000   0.59844345852740000
 -0.26479598872000000   0.59768862301063778
 -0.25779598872000000   0.59996848338914276
 -0.25679598872000000   0.59974160315591260
 -0.25579598872000000   0.59997366933085731
 -0.25479598872000000   0.60002791698767991
 -0.25379598872000000   0.59997886582651800
 -0.25279598872000000   0.59999233449217726
 -0.25179598872000000   0.60002248571448685
 -0.25079598872000000   0.59997302546141395
 -0.24979598872000000   0.60000007598000598
 -0.24879598872000000   0.60001495586528559
 -0.24779598872000000   0.60000010610618528
 -0.24679598872000000   0.59997866077322865
 -0.24579598872000000   0.59998812276561285
 -0.24479598872000000   0.60000584377548904
 -0.24379598872000000   0.60000852697014051
 -0.24279598872000000   0.60000728332873748
 -0.24179598872000000   0.59999896749852800
 -0.24079598872000000   0.59999113300809331
 -0.23979598872000000   0.60000253769559046
 -0.23879598872000000   0.60000245814436201
 -0.23779598872000000   0.60000036027210163
 -0.23679598872000000   0.59999813555824518
 -0.23579598872000000   0.59999301192201581
 -0.23479598872000000   0.59999338026735312
 -0.23379598872000000   0.59999414880156568
 -0.23279598872000000   0.59999507334782927
 -0.23179598872000000   0.59999598938121971
 -0.23079598872000000   0.59999673650278259
 -0.22979598872000000   0.59999709690612167
 -0.22879598872000000   0.59999678134459456
 -0.22779598872000000   0.59999548961803539
 -0.22679598872000000   0.59999305115960241
 -0.22579598872000000   0.59998981308596957
 -0.22479598872000000   0.59998691874628090
 -0.22379598872000000   0.59998563728124761
 -0.22279598872000000   0.59998804731544583
 -0.22179598872000000   0.59999496731882658
 -0.22079598872000000   0.60000494860771358
 -0.21979598872000000   0.60000312126386763
 -0.21879598872000000   0.60001114906061602
 -0.21779598872000000   0.60000614477636499
 -0.21679598872000000   0.59999080914763223
 -0.21579598872000000   0.59997844117141058
 -0.21479598872000000   0.59998204487656316
 -0.21379598872000000   0.60000508793003531
 -0.21279598872000000   0.60001804149805367
 -0.21179598872000000   0.59999690105646357
 -0.21079598872000000   0.59997397404154908
 -0.20979598872000000   0.59998336098837777
 -0.20879598872000000   0.60002333921012570
 -0.20779598872000000   0.60000030241251399
 -0.20679598872000000   0.59997874786162947
 -0.20579598872000000   0.59998070774426618
 -0.20479598872000000   0.60001967276832156
 -0.20379598872000000   0.60002330842498703
 -0.20279598872000000   0.60001275357905514
 -0.20179598872000000   0.60001999746721215
 -0.20079598872000000   0.60001854103940972
 -0.19979598872000000   0.60001714971796464
 -0.19879598872000000   0.60001767641629449
 -0.19779598872000000   0.60001472494675900
 -0.19679598872000000   0.60001784109600431
 -0.19579598872000000   0.60003037018049224
 -0.19479598872000000   0.60008238226769814
 -0.19379598872000000   0.59964800797524554
 -0.19079598872000000   0.59953365111745494
 -0.18379598872000000   0.60000817972529837
 -0.17879598872000000   0.60435545312435996
 -0.17779598872000000   0.60582263199644253
 -0.17679598872000000   0.60638561884681743
 -0.17579598872000000   0.60686522444058814
 -0.17479598872000000   0.60723911674003371
 -0.17379598872000000   0.60749998081585753
 -0.17279598872000000   0.60780816164422086
 -0.17179598872000000   0.60801586332112610
 -0.17079598872000000   0.60826290795445149
 -0.16979598872000000   0.60843282413323280
 -0.16879598872000000   0.60860579937125536
 -0.16779598872000000   0.60886253853694163
 -0.16679598872000000   0.60899641922069244
 -0.16579598872000000   0.60916581524305223
 -0.16479598872000000   0.60931238043783998
 -0.16379598872000000   0.60944615979938347
 -0.16279598872000000   0.60957238993137482
 -0.16179598872000000   0.60976006648694286
 -0.16079598872000000   0.60987240888622544
 -0.15979598872000000   0.60997623749732206
 -0.15879598872000000   0.61008812691181228
 -0.15779598872000000   0.61020875118232415
 -0.15679598872000000   0.61031141903960388
 -0.15579598872000000   0.61039573407294788
 -0.15479598872000000   0.61048381410722064
 -0.15379598872000000   0.61058706805045420
 -0.15279598872000000   0.61069298890200508
 -0.15179598872000000   0.61079969440198833
 -0.15079598872000000   0.61086844569407401
 -0.14979598872000000   0.61094272831130269
 -0.14879598872000000   0.61099677760648889
 -0.14779598872000000   0.61104459878861150
 -0.14679598872000000   0.61118398904056042
 -0.14579598872000000   0.61125371190486373
 -0.14479598872000000   0.61131256543173736
 -0.14379598872000000   0.61135654342919918
 -0.14279598872000000   0.61140701755308508
 -0.14179598872000000   0.61145887513108488
 -0.14079598872000000   0.61150232612786411
 -0.13979598872000000   0.61154969498386916
 -0.13879598872000000   0.61160795863260038
 -0.13779598872000000   0.61167537453759614
 -0.13679598872000000   0.61169011819370045
 -0.13579598872000000   0.61173258894201200
 -0.13479598872000000   0.61177750033254108
 -0.13379598872000000   0.61181916251817832
 -0.13279598872000000   0.61185853604344681
