 -0.36389212699000000   0.55477772674446151
 -0.36289212699000000   0.55538670223336475
 -0.36189212699000000   0.55594717428501661
 -0.36089212699000000   0.55651835964826911
 -0.35989212699000000   0.55712900281842565
 -0.35889212699000000   0.55771768295558042
 -0.35789212699000000   0.55828898386258927
 -0.35689212699000000   0.55888706642436957
 -0.35589212699000000   0.55941653662736574
 -0.35489212699000000   0.56001824843721347
 -0.35389212699000000   0.56054743481630873
 -0.35289212699000000   0.56112833263237681
 -0.35189212699000000   0.56168931270999474
 -0.35089212699000000   0.56223276222339473
 -0.34989212699000000   0.56280500103688170
 -0.34889212699000000   0.56332546280681401
 -0.34789212699000000   0.56389129234644228
 -0.34689212699000000   0.56439439730805622
 -0.34589212699000000   0.56495701149526174
 -0.34489212699000000   0.56545509558403151
 -0.34389212699000000   0.56600883253206233
 -0.34289212699000000   0.56651680313309850
 -0.34189212699000000   0.56706163237759611
 -0.34089212699000000   0.56755454403311012
 -0.33989212699000000   0.56809388606514929
 -0.33889212699000000   0.56859469341858221
 -0.33789212699000000   0.56911975862229073
 -0.33689212699000000   0.56963014250121669
 -0.33589212699000000   0.57014180013969626
 -0.33489212699000000   0.57067562343914129
 -0.33389212699000000   0.57140031126297982
 -0.33289212699000000   0.57143620159438521
 -0.33189212699000000   0.57205572791456784
 -0.33089212699000000   0.57255054825370401
 -0.32989212699000000   0.57306769955098159
 -0.32889212699000000   0.57354089790742009
 -0.32789212699000000   0.57404453665139766
 -0.32689212699000000   0.57451007382324826
 -0.32589212699000000   0.57500743155936753
 -0.32489212699000000   0.57546544060896495
 -0.32389212699000000   0.57595953044977283
 -0.32289212699000000   0.57641271581158022
 -0.32189212699000000   0.57691221696899023
 -0.32089212699000000   0.57735090115197880
 -0.31989212699000000   0.57784249714174348
 -0.31889212699000000   0.57827988092572524
 -0.31789212699000000   0.57876022279793149
 -0.31689212699000000   0.57919913624752232
 -0.31589212699000000   0.57966414801141701
 -0.31489212699000000   0.58010851995961808
 -0.31389212699000000   0.58055495710618312
 -0.31289212699000000   0.58100903611075082
 -0.31189212699000000   0.58143494487337402
 -0.31089212699000000   0.58190870873651725
 -0.30989212699000000   0.58232287372466928
 -0.30889212699000000   0.58278642441990417
 -0.30789212699000000   0.58320899881132710
 -0.30689212699000000   0.58364260367191388
 -0.30589212699000000   0.58407986566107756
 -0.30489212699000000   0.58449201415757942
 -0.30389212699000000   0.58494505119728557
 -0.30289212699000000   0.58534584150138418
 -0.30189212699000000   0.58579997086444136
 -0.30089212699000000   0.58620314273980061
 -0.29989212699000000   0.58662241380168351
 -0.29889212699000000   0.58704620215535215
 -0.29789212699000000   0.58744223680774201
 -0.29689212699000000   0.58788384085862446
 -0.29589212699000000   0.58827850040973334
 -0.29489212699000000   0.58869107077398502
 -0.29389212699000000   0.58910278460216112
 -0.29289212699000000   0.58948879939945730
 -0.29189212699000000   0.58992162841304690
 -0.29089212699000000   0.59030066176895636
 -0.28989212699000000   0.59071708996539861
 -0.28889212699000000   0.59110728733585162
 -0.28789212699000000   0.59148892055259808
 -0.28689212699000000   0.59190966403772841
 -0.28589212699000000   0.59228025070506578
 -0.28489212699000000   0.59268484289593417
 -0.28389212699000000   0.59306906820769761
 -0.28289212699000000   0.59343967586015471
 -0.28189212699000000   0.59385233013137295
 -0.28089212699000000   0.59421334209826513
 -0.27989212699000000   0.59461245183303325
 -0.27889212699000000   0.59498742682933189
 -0.27789212699000000   0.59535159150260950
 -0.27689212699000000   0.59574822494211789
 -0.27589212699000000   0.59612394063494660
 -0.27489212699000000   0.59648298258871406
 -0.27389212699000000   0.59688813212910805
 -0.27289212699000000   0.59724722595823616
 -0.27189212699000000   0.59762771502243200
 -0.27089212699000000   0.59802222091877564
 -0.26989212699000000   0.59839852548747557
 -0.26889212699000000   0.59886012133613213
 -0.26789212699000000   0.59992410663048646
 -0.26689212699000000   0.59997272876486295
 -0.26589212699000000   0.60002028086593611
 -0.26489212699000000   0.60000476911273749
 -0.26389212699000000   0.59998927149048017
 -0.26289212699000000   0.60003623871641631
 -0.26189212699000000   0.60008686500394224
 -0.26089212699000000   0.60112058743028334
 -0.25989212699000000   0.60153748208679353
 -0.25889212699000000   0.60192396967917983
 -0.25789212699000000   0.60226778065210131
 -0.25689212699000000   0.60264337632600386
 -0.25589212699000000   0.60298315035726161
 -0.25489212699000000   0.60330903383176579
 -0.25389212699000000   0.60367139803109756
 -0.25289212699000000   0.60399698961197627
 -0.25189212699000000   0.60431469580845176
 -0.25089212699000000   0.60466883141165075
 -0.24989212699000000   0.60498540960433791
 -0.24889212699000000   0.60530341852783229
 -0.24789212699000000   0.60562688585034196
 -0.24689212699000000   0.60596301165877919
 -0.24589212699000000   0.60626601957869169
 -0.24489212699000000   0.60658051459471325
 -0.24389212699000000   0.60691366296753747
 -0.24289212699000000   0.60721136274975950
 -0.24189212699000000   0.60751568115883307
 -0.24089212699000000   0.60784656461628486
 -0.23989212699000000   0.60814037420885145
 -0.23889212699000000   0.60843462702291655
 -0.23789212699000000   0.60876090453936836
 -0.23689212699000000   0.60905352453267439
 -0.23589212699000000   0.60933963958702687
 -0.23489212699000000   0.60965500721524873
 -0.23389212699000000   0.60995118504056532
 -0.23289212699000000   0.61023203193123886
 -0.23189212699000000   0.61052843960001687
 -0.23089212699000000   0.61083355474108189
 -0.22989212699000000   0.61110965684246847
 -0.22889212699000000   0.61138856858717930
 -0.22789212699000000   0.61169571424738235
 -0.22689212699000000   0.61197188942205422
 -0.22589212699000000   0.61224153055399183
 -0.22489212699000000   0.61253243308405309
 -0.22389212699000000   0.61281954948216636
 -0.22289212699000000   0.61308711321928869
 -0.22189212699000000   0.61335170666483180
 -0.22089212699000000   0.61364274098514380
 -0.21989212699000000   0.61391515640515944
 -0.21889212699000000   0.61417378499190791
 -0.21789212699000000   0.61443876693673047
 -0.21689212699000000   0.61472496418807696
 -0.21589212699000000   0.61498219396164315
 -0.21489212699000000   0.61523460748127638
 -0.21389212699000000   0.61550210235584447
 -0.21289212699000000   0.61577560082192528
 -0.21189212699000000   0.61602394756055070
 -0.21089212699000000   0.61627063822343254
 -0.20989212699000000   0.61653751696984498
 -0.20889212699000000   0.61679861367221340
 -0.20789212699000000   0.61704031784187454
 -0.20689212699000000   0.61728151797027267
 -0.20589212699000000   0.61754385989532675
 -0.20489212699000000   0.61779583691604677
 -0.20389212699000000   0.61803140578832190
 -0.20289212699000000   0.61827110301736244
 -0.20189212699000000   0.61851064568554913
 -0.20089212699000000   0.61876823919600061
 -0.19989212699000000   0.61900269722017599
 -0.19889212699000000   0.61923084431208711
 -0.19789212699000000   0.61946193891604098
 -0.19689212699000000   0.61971226168483452
 -0.19589212699000000   0.61994352363561955
 -0.19489212699000000   0.62016560710280087
 -0.19389212699000000   0.62038769958682973
 -0.19289212699000000   0.62062792928630425
 -0.19189212699000000   0.62085922641108163
 -0.19089212699000000   0.62107531971033102
 -0.18989212699000000   0.62128993470282826
 -0.18889212699000000   0.62151518990674648
 -0.18789212699000000   0.62174789567170039
 -0.18689212699000000   0.62196027378068934
 -0.18589212699000000   0.62216911070505712
 -0.18489212699000000   0.62238010651791152
 -0.18389212699000000   0.62259664951517317
 -0.18289212699000000   0.62282149149581814
 -0.18189212699000000   0.62302734447136239
 -0.18089212699000000   0.62322881151892262
 -0.17989212699000000   0.62342952087468416
 -0.17889212699000000   0.62364357745192208
 -0.17789212699000000   0.62385624484616432
 -0.17689212699000000   0.62405260805381406
 -0.17589212699000000   0.62424686441471638
 -0.17489212699000000   0.62444116208417674
 -0.17389212699000000   0.62464890592566368
 -0.17289212699000000   0.62485275123418271
 -0.17189212699000000   0.62503578939820865
 -0.17089212699000000   0.62522525877271217
 -0.16989212699000000   0.62541222636184424
 -0.16889212699000000   0.62561010596873156
 -0.16789212699000000   0.62580702379493841
 -0.16689212699000000   0.62598928158384493
 -0.16589212699000000   0.62616897524111042
 -0.16489212699000000   0.62634698614237115
