 -0.25833310459000000   0.59343033296645646
 -0.25633310459000000   0.60004157053574561
 -0.25433310459000000   0.59997314931504511
 -0.25333310459000000   0.60002768612867544
 -0.25233310459000000   0.59997620667241189
 -0.25133310459000000   0.59999365525298611
 -0.25033310459000000   0.60002263479729604
 -0.24933310459000000   0.59997171309326570
 -0.24833310459000000   0.60000057168263439
 -0.24733310459000000   0.60001576376065712
 -0.24633310459000000   0.59999704580643979
 -0.24533310459000000   0.59997700192797734
 -0.24433310459000000   0.59998985460700816
 -0.24333310459000000   0.60000812021042915
 -0.24233310459000000   0.60000693214056016
 -0.24133310459000000   0.60000564241659329
 -0.24033310459000000   0.59999421470606010
 -0.23933310459000000   0.59998698037223738
 -0.23833310459000000   0.59998537597904302
 -0.23733310459000000   0.60000157380109679
 -0.23633310459000000   0.59999755459601579
 -0.23533310459000000   0.59999470530963533
 -0.23433310459000000   0.59999314200883702
 -0.23333310459000000   0.59999268159888720
 -0.23233310459000000   0.59999224038922469
 -0.23133310459000000   0.59999334723771707
 -0.23033310459000000   0.59999439679055007
 -0.22933310459000000   0.59999544513395799
 -0.22833310459000000   0.59999654527812836
 -0.22733310459000000   0.59999767269473317
 -0.22633310459000000   0.59999865434823546
 -0.22533310459000000   0.59999913010543139
 -0.22433310459000000   0.59999861748228158
 -0.22333310459000000   0.59999668786431347
 -0.22233310459000000   0.59999293911798013
 -0.22133310459000000   0.59998799651731501
 -0.22033310459000000   0.59998465025434515
 -0.21933310459000000   0.59998377521454592
 -0.21833310459000000   0.59998797549920710
 -0.21733310459000000   0.59999754546834114
 -0.21633310459000000   0.60000812951960766
 -0.21533310459000000   0.60000766627540181
 -0.21433310459000000   0.60001143397655912
 -0.21333310459000000   0.60000014168347281
 -0.21233310459000000   0.59998320553514649
 -0.21133310459000000   0.59997584931187783
 -0.21033310459000000   0.59998803070136982
 -0.20933310459000000   0.60001465208262078
 -0.20833310459000000   0.60001280620443498
 -0.20733310459000000   0.59998520132160971
 -0.20633310459000000   0.59997113574870516
 -0.20533310459000000   0.59999415315737717
 -0.20433310459000000   0.60002212347720441
 -0.20333310459000000   0.59998448403316308
 -0.20233310459000000   0.59996964814101615
 -0.20133310459000000   0.60000551517578375
 -0.19933310459000000   0.59996276635218479
 -0.19833310459000000   0.60002031860828751
 -0.19733310459000000   0.60001464957897759
 -0.19633310459000000   0.60001549032983601
 -0.19533310459000000   0.60001699955817791
 -0.19433310459000000   0.60001610501382236
 -0.19333310459000000   0.60001705059838864
 -0.19233310459000000   0.60001940542075519
 -0.19133310459000000   0.60001067180532079
 -0.19033310459000000   0.59999028496579687
 -0.18933310459000000   0.59997841542527924
 -0.18733310459000000   0.59914981265020119
 -0.17933310459000000   0.59752457896149331
 -0.17233310459000000   0.60535034163252735
 -0.17133310459000000   0.60610655558009051
 -0.17033310459000000   0.60651857419751348
 -0.16933310459000000   0.60692123182820413
 -0.16833310459000000   0.60721043920437701
 -0.16733310459000000   0.60745065662874348
 -0.16633310459000000   0.60772917763004738
 -0.16533310459000000   0.60793224464755438
 -0.16433310459000000   0.60810031343390694
 -0.16333310459000000   0.60829828931478316
 -0.16233310459000000   0.60843270579291430
 -0.16133310459000000   0.60857107904725860
 -0.16033310459000000   0.60880127043124368
 -0.15933310459000000   0.60892554080277011
 -0.15833310459000000   0.60902436271952019
 -0.15733310459000000   0.60916295148540808
 -0.15633310459000000   0.60929575679211408
 -0.15533310459000000   0.60938119212313646
 -0.15433310459000000   0.60948625693972159
 -0.15333310459000000   0.60958055506103374
 -0.15233310459000000   0.60972297480922765
 -0.15133310459000000   0.60981745367938221
 -0.15033310459000000   0.60989935738425239
 -0.14933310459000000   0.60997071686761096
 -0.14833310459000000   0.61003878811513393
 -0.14733310459000000   0.61013002989412406
 -0.14633310459000000   0.61020608021122666
 -0.14533310459000000   0.61028961272042642
 -0.14433310459000000   0.61035260543605287
 -0.14333310459000000   0.61039981927943307
 -0.14233310459000000   0.61045902392312641
 -0.14133310459000000   0.61051056781754306
 -0.14033310459000000   0.61055733087368627
 -0.13933310459000000   0.61061676025912194
 -0.13833310459000000   0.61068419611639126
 -0.13733310459000000   0.61074705048251984
 -0.13633310459000000   0.61078026696035884
 -0.13533310459000000   0.61081458793347227
 -0.13433310459000000   0.61084296808956391
 -0.13333310459000000   0.61087298582342329
 -0.13233310459000000   0.61090791098286244
 -0.13133310459000000   0.61094524216906640
 -0.13033310459000000   0.61099661185091896
