 -0.35203261823000000   0.49513851838261766
 -0.33803261823000000   0.55257843545740050
 -0.33703261823000000   0.55550989089288810
 -0.33603261823000000   0.55548677220441348
 -0.33503261823000000   0.55548949043835773
 -0.33403261823000000   0.55550194230016601
 -0.33303261823000000   0.55406160202153084
 -0.33103261823000000   0.56072540620363371
 -0.33003261823000000   0.56244115204530472
 -0.32903261823000000   0.56243972765747101
 -0.32803261823000000   0.56427332639492568
 -0.32703261823000000   0.56521465976956791
 -0.32603261823000000   0.56662667659546473
 -0.32503261823000000   0.56906599628668974
 -0.32403261823000000   0.57135012659071815
 -0.32303261823000000   0.57138558087478763
 -0.32203261823000000   0.57140299039667964
 -0.32103261823000000   0.57138580879122027
 -0.32003261823000000   0.57137692275013121
 -0.31903261823000000   0.57137791779925745
 -0.31803261823000000   0.57140947164066508
 -0.31703261823000000   0.57140000852124669
 -0.31603261823000000   0.57141855985301333
 -0.31503261823000000   0.57141784135645587
 -0.31403261823000000   0.57139729517997098
 -0.31303261823000000   0.57140611551849661
 -0.31203261823000000   0.57413759431692112
 -0.31103261823000000   0.57566991351810798
 -0.31003261823000000   0.57663411880325582
 -0.30903261823000000   0.57740170936996901
 -0.30803261823000000   0.57823959525550839
 -0.30703261823000000   0.57895071306086456
 -0.30603261823000000   0.57964644140813490
 -0.30503261823000000   0.58032559274318660
 -0.30403261823000000   0.58103584533065287
 -0.30303261823000000   0.58176084430828213
 -0.30203261823000000   0.58243767419752431
 -0.30103261823000000   0.58329251165114867
 -0.30003261823000000   0.58331878178252381
 -0.29903261823000000   0.58334004619245311
 -0.29803261823000000   0.58448491210702355
 -0.29703261823000000   0.58517376450711538
 -0.29603261823000000   0.58582701985094427
 -0.29503261823000000   0.58635167813981502
 -0.29403261823000000   0.58698527416132272
 -0.29303261823000000   0.58753901276542192
 -0.29203261823000000   0.58822450625598713
 -0.29103261823000000   0.58865927825193632
 -0.29003261823000000   0.58923282553696467
 -0.28903261823000000   0.58984117568495981
 -0.28803261823000000   0.59034833020907679
 -0.28703261823000000   0.59093786912319296
 -0.28603261823000000   0.59148622009281372
 -0.28503261823000000   0.59210825880185660
 -0.28403261823000000   0.59271094415057157
 -0.28303261823000000   0.59329996789156619
 -0.28203261823000000   0.59397159342309892
 -0.28103261823000000   0.59471039237989591
 -0.28003261823000000   0.59553093522596110
 -0.27903261823000000   0.59728916160511196
 -0.27803261823000000   0.59999169878773946
 -0.27703261823000000   0.59997530249212982
 -0.27603261823000000   0.59997226596907704
 -0.27503261823000000   0.59998290697229634
 -0.27403261823000000   0.60004318357680382
 -0.27303261823000000   0.59997011142263929
 -0.27203261823000000   0.60002864482400718
 -0.27103261823000000   0.60000462103825584
 -0.27003261823000000   0.59998166567262013
 -0.26903261823000000   0.60000894242705798
 -0.26803261823000000   0.60001826973104665
 -0.26703261823000000   0.60001614229472838
 -0.26603261823000000   0.60000770180490072
 -0.26503261823000000   0.60000306420681718
 -0.26403261823000000   0.60000258845408730
 -0.26303261823000000   0.60000402174933402
 -0.26203261823000000   0.60000544782999881
 -0.26103261823000000   0.60000183452137521
 -0.26003261823000000   0.59999676705077235
 -0.25903261823000000   0.59999118474289800
 -0.25803261823000000   0.59999412228654864
 -0.25703261823000000   0.60001372524171333
 -0.25603261823000000   0.60002631159931503
 -0.25503261823000000   0.59999379851817206
 -0.25403261823000000   0.59998195651683232
 -0.25303261823000000   0.60003711518176873
 -0.25203261823000000   0.59996757594372070
 -0.25103261823000000   0.60004725252441725
 -0.25003261823000000   0.59996062360875057
 -0.24903261823000000   0.60001732179291006
 -0.24803261823000000   0.60004527370104499
 -0.24703261823000000   0.59994522686906837
 -0.24603261823000000   0.60008364881641094
 -0.24503261823000000   0.60379438431456030
 -0.24403261823000000   0.60455998521940013
 -0.24303261823000000   0.60514685227094651
 -0.24203261823000000   0.60567499554225317
 -0.24103261823000000   0.60610618920091232
 -0.24003261823000000   0.60654423847855329
 -0.23903261823000000   0.60696098734212774
 -0.23803261823000000   0.60731442869683342
 -0.23703261823000000   0.60772644187449484
 -0.23603261823000000   0.60806812551258254
 -0.23503261823000000   0.60839307085487963
 -0.23403261823000000   0.60878384433273553
 -0.23303261823000000   0.60909129813041813
 -0.23203261823000000   0.60940107956564235
 -0.23103261823000000   0.60977085558117422
 -0.23003261823000000   0.61006221635094830
 -0.22903261823000000   0.61035171561441139
 -0.22803261823000000   0.61070527321884734
 -0.22703261823000000   0.61098607136582538
 -0.22603261823000000   0.61125978215979372
 -0.22503261823000000   0.61158450032042684
 -0.22403261823000000   0.61188453847519947
 -0.22303261823000000   0.61214556307134070
 -0.22203261823000000   0.61240553394522938
 -0.22103261823000000   0.61272816456400308
 -0.22003261823000000   0.61298349039765230
 -0.21903261823000000   0.61323928946098212
 -0.21803261823000000   0.61349768950927697
 -0.21703261823000000   0.61380517462994308
 -0.21603261823000000   0.61404563754177358
 -0.21503261823000000   0.61428624019669204
 -0.21403261823000000   0.61455222905980047
 -0.21303261823000000   0.61482933655873079
 -0.21203261823000000   0.61506122594452840
 -0.21103261823000000   0.61535123116845444
 -0.21003261823000000   0.61552681905817800
 -0.20903261823000000   0.61580016256992161
 -0.20803261823000000   0.61601998290017356
 -0.20703261823000000   0.61624497254293236
 -0.20603261823000000   0.61646843134664380
 -0.20503261823000000   0.61673720252098409
 -0.20403261823000000   0.61694647808196719
 -0.20303261823000000   0.61716408546238063
 -0.20203261823000000   0.61736892394594411
 -0.20103261823000000   0.61762504999457949
 -0.20003261823000000   0.61783690839815221
 -0.19903261823000000   0.61803942094166134
 -0.19803261823000000   0.61823553447619409
 -0.19703261823000000   0.61844145938767283
 -0.19603261823000000   0.61868458556340192
 -0.19503261823000000   0.61888443909194465
 -0.19403261823000000   0.61907487093167458
 -0.19303261823000000   0.61926280236631726
 -0.19203261823000000   0.61945655458183212
 -0.19103261823000000   0.61968630115987079
 -0.19003261823000000   0.61986968542197568
 -0.18903261823000000   0.62005165494362725
 -0.18803261823000000   0.62022908781620744
 -0.18703261823000000   0.62040989021086938
 -0.18603261823000000   0.62062671794857348
 -0.18503261823000000   0.62080490442720069
 -0.18403261823000000   0.62097266375947576
 -0.18303261823000000   0.62114570459197777
 -0.18203261823000000   0.62130785568460839
 -0.18103261823000000   0.62148302757385997
 -0.18003261823000000   0.62168429400692784
 -0.17903261823000000   0.62185338287748297
 -0.17803261823000000   0.62200730611637841
 -0.17703261823000000   0.62217112145211455
 -0.17603261823000000   0.62232109933647348
 -0.17503261823000000   0.62248335240641292
 -0.17403261823000000   0.62266996119738715
 -0.17303261823000000   0.62282561570754424
 -0.17203261823000000   0.62296871690017672
 -0.17103261823000000   0.62312177438162785
 -0.17003261823000000   0.62326280050472387
 -0.16903261823000000   0.62340775372646254
 -0.16803261823000000   0.62357860348693669
 -0.16703261823000000   0.62373446373114240
 -0.16603261823000000   0.62386888205886281
 -0.16503261823000000   0.62400860007865226
 -0.16403261823000000   0.62415236291619248
 -0.16303261823000000   0.62428695930628684
