 -0.24553899748000000   0.59691413166716924
 -0.23653899748000000   0.59646780255782703
 -0.23553899748000000   0.59646744914256597
 -0.23253899748000000   0.59649450962485624
 -0.22153899748000000   0.59995914369380012
 -0.22053899748000000   0.59999053298672559
 -0.21953899748000000   0.60000334082124370
 -0.21853899748000000   0.59996527793521586
 -0.21753899748000000   0.60000416864375981
 -0.21653899748000000   0.59997933102075194
 -0.21553899748000000   0.60000382866224910
 -0.21453899748000000   0.59996876288366392
 -0.21353899748000000   0.59997606717531533
 -0.21253899748000000   0.60000044515280255
 -0.21153899748000000   0.59998121569026619
 -0.21053899748000000   0.59996880971303616
 -0.20953899748000000   0.59997948142695613
 -0.20853899748000000   0.59999426924815038
 -0.20753899748000000   0.59999475005501338
 -0.20653899748000000   0.59998134986836307
 -0.20553899748000000   0.59997343767727422
 -0.20453899748000000   0.59997414965649729
 -0.20353899748000000   0.59997924647267890
 -0.20253899748000000   0.59998524323612080
 -0.20153899748000000   0.59998968880568336
 -0.20053899748000000   0.59999124772853252
 -0.19953899748000000   0.59999013190284495
 -0.19853899748000000   0.59998763836230854
 -0.19753899748000000   0.59998506779219845
 -0.19653899748000000   0.59998310554622429
 -0.19553899748000000   0.59998190349692437
 -0.19453899748000000   0.59998135581390111
 -0.19353899748000000   0.59998128330583299
 -0.19253899748000000   0.59998151824290475
 -0.19153899748000000   0.59998193292831743
 -0.19053899748000000   0.59998244175823779
 -0.18953899748000000   0.59998299272382182
 -0.18853899748000000   0.59998363382379844
 -0.18753899748000000   0.59998414316724979
 -0.18653899748000000   0.59998467584035220
 -0.18553899748000000   0.59998524865095684
 -0.18453899748000000   0.59998585902503751
 -0.18353899748000000   0.59998539727353673
 -0.18253899748000000   0.59998617899317809
 -0.18153899748000000   0.59998708018883989
 -0.18053899748000000   0.59998799095871797
 -0.17953899748000000   0.59998873352966564
 -0.17853899748000000   0.59998907938759325
 -0.17753899748000000   0.59998879852272427
 -0.17653899748000000   0.59998773230111453
 -0.17553899748000000   0.59998586287529638
 -0.17453899748000000   0.59998334228232990
 -0.17353899748000000   0.59998634114774360
 -0.17253899748000000   0.59998315340871357
 -0.17153899748000000   0.59997969472929348
 -0.17053899748000000   0.59997655693972028
 -0.16953899748000000   0.59997441130254150
 -0.16853899748000000   0.59997397340661075
 -0.16753899748000000   0.59997591312639032
 -0.16653899748000000   0.59998161811645637
 -0.16553899748000000   0.59998856489318422
 -0.16453899748000000   0.59999485189618432
 -0.16353899748000000   0.59999654403207594
 -0.16253899748000000   0.59999267761422981
 -0.16153899748000000   0.59998552625163313
 -0.16053899748000000   0.59997796760828663
 -0.15953899748000000   0.59997204458141405
 -0.15853899748000000   0.59996957838742273
 -0.15753899748000000   0.59997285821625478
 -0.15653899748000000   0.59998296370119781
 -0.15553899748000000   0.59999619206378412
 -0.15453899748000000   0.59999679020284278
 -0.15353899748000000   0.60000064582813681
 -0.15253899748000000   0.59999214525536226
 -0.15153899748000000   0.59998016615487066
 -0.15053899748000000   0.59997064202185606
 -0.14953899748000000   0.59996647768869621
 -0.14853899748000000   0.59997298087926231
 -0.14753899748000000   0.59999191896483691
 -0.14653899748000000   0.60000377099056358
 -0.14553899748000000   0.59999056703529681
 -0.14453899748000000   0.59996486743204294
 -0.14353899748000000   0.59996390514384510
 -0.14253899748000000   0.59996419929815674
 -0.14153899748000000   0.59996447277091457
 -0.14053899748000000   0.59996460999396569
 -0.13953899748000000   0.59998557074868235
 -0.13853899748000000   0.60000632535034803
 -0.13753899748000000   0.59998954243713448
 -0.13653899748000000   0.59997237457741750
 -0.13553899748000000   0.59996324662507678
 -0.13453899748000000   0.59997502046900859
 -0.13353899748000000   0.60000270038013269
 -0.13253899748000000   0.59999991051102050
 -0.13153899748000000   0.59998318376992420
 -0.13053899748000000   0.59996855426287599
 -0.12953899748000000   0.59999260713509945
 -0.12853899748000000   0.59997220038415398
 -0.12753899748000000   0.59996607497629486
 -0.12653899748000000   0.59996628936457377
 -0.12553899748000000   0.60000955086198347
 -0.12353899748000000   0.60000940509006643
 -0.12253899748000000   0.60001231230635649
 -0.12153899748000000   0.59995974792511311
 -0.12053899748000000   0.59995984550866345
 -0.11953899748000000   0.59995992951845845
 -0.11853899748000000   0.59995948431568517
 -0.11753899748000000   0.59996445299923567
 -0.11653899748000000   0.59995885179729319
 -0.11553899748000000   0.59996078604202341
 -0.11053899748000000   0.59996311728982903
 -0.10953899748000000   0.60000059103389921
