 -0.33205249626000000   0.56019082549672558
 -0.33105249626000000   0.55549045004183834
 -0.33005249626000000   0.55547804032886439
 -0.32705249626000000   0.55877414263452940
 -0.32605249626000000   0.56076934469187799
 -0.32505249626000000   0.56243166069182144
 -0.32405249626000000   0.56520781610319464
 -0.32305249626000000   0.56319482039785752
 -0.32205249626000000   0.56876722837807462
 -0.32105249626000000   0.57133753583224137
 -0.32005249626000000   0.57139642326846648
 -0.31905249626000000   0.57140651186073597
 -0.31805249626000000   0.57140267366499199
 -0.31705249626000000   0.57141025195625024
 -0.31605249626000000   0.57137611096073811
 -0.31505249626000000   0.57137404203527308
 -0.31405249626000000   0.57136699230318149
 -0.31305249626000000   0.57138809100705055
 -0.31205249626000000   0.57138782396177242
 -0.31105249626000000   0.57140255735054806
 -0.31005249626000000   0.57135362362494226
 -0.30905249626000000   0.57140440665245465
 -0.30805249626000000   0.57137212806158669
 -0.30705249626000000   0.57581037950355936
 -0.30605249626000000   0.57695240792352423
 -0.30505249626000000   0.57806040418583059
 -0.30405249626000000   0.57896326187271799
 -0.30305249626000000   0.57961063519824619
 -0.30205249626000000   0.58046250434656872
 -0.30105249626000000   0.58127821232276388
 -0.30005249626000000   0.58221256621101946
 -0.29905249626000000   0.58332790362849518
 -0.29805249626000000   0.58332268515389357
 -0.29705249626000000   0.58330851089913303
 -0.29605249626000000   0.58330170021433911
 -0.29505249626000000   0.58491938914700796
 -0.29405249626000000   0.58561937804600638
 -0.29305249626000000   0.58626993235260614
 -0.29205249626000000   0.58697753373109631
 -0.29105249626000000   0.58768568245730425
 -0.29005249626000000   0.58823259978354688
 -0.28905249626000000   0.58876557391283499
 -0.28805249626000000   0.58938311657331336
 -0.28705249626000000   0.59007505569324816
 -0.28605249626000000   0.59095058605827235
 -0.28505249626000000   0.59131089420523635
 -0.28405249626000000   0.59200916852593216
 -0.28305249626000000   0.59256768382187051
 -0.28205249626000000   0.59340590950838127
 -0.28105249626000000   0.59427932998875856
 -0.28005249626000000   0.59535046009139510
 -0.27905249626000000   0.60003637136619454
 -0.27805249626000000   0.59994994462640652
 -0.27705249626000000   0.60004271193104475
 -0.27605249626000000   0.60003848031523060
 -0.27505249626000000   0.59998834006708164
 -0.27405249626000000   0.59998922441534734
 -0.27305249626000000   0.60002918965537947
 -0.27205249626000000   0.59998343771318859
 -0.27105249626000000   0.60000501631989900
 -0.27005249626000000   0.60002468726997550
 -0.26905249626000000   0.59998409085173906
 -0.26805249626000000   0.59998562051985444
 -0.26705249626000000   0.60000668086921220
 -0.26605249626000000   0.60001707873164754
 -0.26505249626000000   0.60001292843142732
 -0.26405249626000000   0.60000613938182022
 -0.26305249626000000   0.59999973350586664
 -0.26205249626000000   0.60000107745041096
 -0.26105249626000000   0.60000338164612784
 -0.26005249626000000   0.60000568026054865
 -0.25905249626000000   0.60000702162225391
 -0.25805249626000000   0.60000565595806074
 -0.25705249626000000   0.59999972951493176
 -0.25605249626000000   0.59999109678265083
 -0.25505249626000000   0.59999663567009360
 -0.25405249626000000   0.60001733995170618
 -0.25305249626000000   0.60002205026251638
 -0.25205249626000000   0.59998056517078393
 -0.25105249626000000   0.59999996153298377
 -0.25005249626000000   0.60003287852627126
 -0.24905249626000000   0.59997188241353975
 -0.24805249626000000   0.60003300228726131
 -0.24705249626000000   0.59996489569203814
 -0.24605249626000000   0.60005022746611259
 -0.24505249626000000   0.59998465190893228
 -0.24405249626000000   0.59995171108276306
 -0.24305249626000000   0.59994938230191109
 -0.24205249626000000   0.60005029130173847
 -0.24105249626000000   0.59993263317431371
 -0.24005249626000000   0.60414625403032261
 -0.23905249626000000   0.60502251134130248
 -0.23805249626000000   0.60565496169844940
 -0.23705249626000000   0.60615630175140392
 -0.23605249626000000   0.60662114998785754
 -0.23505249626000000   0.60706863754279740
 -0.23405249626000000   0.60744462822584205
 -0.23305249626000000   0.60787665794427470
 -0.23205249626000000   0.60821891817641264
 -0.23105249626000000   0.60860068831291476
 -0.23005249626000000   0.60894009788297372
 -0.22905249626000000   0.60925250687438242
 -0.22805249626000000   0.60963105769403555
 -0.22705249626000000   0.60993214400801575
 -0.22605249626000000   0.61022800335150657
 -0.22505249626000000   0.61056535585770836
 -0.22405249626000000   0.61086421102432225
 -0.22305249626000000   0.61112800511294920
 -0.22205249626000000   0.61141955616382068
 -0.22105249626000000   0.61175537192030416
 -0.22005249626000000   0.61201783050717248
 -0.21905249626000000   0.61228213034534272
 -0.21805249626000000   0.61255726710523509
 -0.21705249626000000   0.61285848374884874
 -0.21605249626000000   0.61310209280469045
 -0.21505249626000000   0.61334242500444501
 -0.21405249626000000   0.61364462395832248
 -0.21305249626000000   0.61388592845152865
 -0.21205249626000000   0.61412996199892141
 -0.21105249626000000   0.61435725281312424
 -0.21005249626000000   0.61464106594317634
 -0.20905249626000000   0.61488107776862085
 -0.20805249626000000   0.61511361839133663
 -0.20705249626000000   0.61537098561758507
 -0.20605249626000000   0.61554524451226998
 -0.20505249626000000   0.61580318516368161
 -0.20405249626000000   0.61601512054936149
 -0.20305249626000000   0.61623357298514984
 -0.20205249626000000   0.61643972594731829
 -0.20105249626000000   0.61670021333738128
 -0.20005249626000000   0.61690109672394586
 -0.19905249626000000   0.61710564527087913
 -0.19805249626000000   0.61729641747305945
 -0.19705249626000000   0.61751908056700168
 -0.19605249626000000   0.61774659435156547
 -0.19505249626000000   0.61792888701764651
 -0.19405249626000000   0.61812474049790032
 -0.19305249626000000   0.61830278091333243
 -0.19205249626000000   0.61850060184192308
 -0.19105249626000000   0.61872830014651532
 -0.19005249626000000   0.61890493489683742
 -0.18905249626000000   0.61908296036988434
 -0.18805249626000000   0.61925621579772820
 -0.18705249626000000   0.61942955093092681
 -0.18605249626000000   0.61964362510013480
 -0.18505249626000000   0.61981927839666211
 -0.18405249626000000   0.61997893846656990
 -0.18305249626000000   0.62014998370261908
 -0.18205249626000000   0.62030376585017217
 -0.18105249626000000   0.62048051916958079
 -0.18005249626000000   0.62067315073291157
 -0.17905249626000000   0.62082618279652188
 -0.17805249626000000   0.62097800239473873
 -0.17705249626000000   0.62113506920564631
 -0.17605249626000000   0.62127713860109605
 -0.17505249626000000   0.62142994179905762
 -0.17405249626000000   0.62160182558218891
 -0.17305249626000000   0.62176860540223088
 -0.17205249626000000   0.62190586516880594
 -0.17105249626000000   0.62204411925280691
 -0.17005249626000000   0.62218878210107335
 -0.16905249626000000   0.62231763551920153
 -0.16805249626000000   0.62245478129272223
 -0.16705249626000000   0.62261745483094722
 -0.16605249626000000   0.62276067541304180
 -0.16505249626000000   0.62288388735634629
 -0.16405249626000000   0.62300944801577031
 -0.16305249626000000   0.62314187468919960
 -0.16205249626000000   0.62325995240916716
 -0.16105249626000000   0.62337934880643436
