 -0.35346298510000000   0.56110354687950254
 -0.35246298510000000   0.56156336571731046
 -0.35146298510000000   0.56202125711008347
 -0.35046298510000000   0.56248149720583055
 -0.34946298510000000   0.56293363247309132
 -0.34846298510000000   0.56339394172268604
 -0.34746298510000000   0.56384129920935456
 -0.34646298510000000   0.56429399008179910
 -0.34546298510000000   0.56475045776293754
 -0.34446298510000000   0.56519535112282844
 -0.34346298510000000   0.56564572665320723
 -0.34246298510000000   0.56609148181454946
 -0.34146298510000000   0.56653482725178284
 -0.34046298510000000   0.56698208055912572
 -0.33946298510000000   0.56741920044403057
 -0.33846298510000000   0.56786660532522412
 -0.33746298510000000   0.56829976765061162
 -0.33646298510000000   0.56874405390764088
 -0.33546298510000000   0.56917622539253156
 -0.33446298510000000   0.56961392824063731
 -0.33346298510000000   0.57004773742575328
 -0.33246298510000000   0.57047761979563209
 -0.33146298510000000   0.57091357851216706
 -0.33046298510000000   0.57133749801751190
 -0.32946298510000000   0.57177253180805199
 -0.32846298510000000   0.57219419798389095
 -0.32746298510000000   0.57262333384982054
 -0.32646298510000000   0.57304657462628031
 -0.32546298510000000   0.57346726233274866
 -0.32446298510000000   0.57389335161818164
 -0.32346298510000000   0.57430767414175666
 -0.32246298510000000   0.57473278477796139
 -0.32146298510000000   0.57514546236062435
 -0.32046298510000000   0.57556350546853253
 -0.31946298510000000   0.57597890137890862
 -0.31846298510000000   0.57638824148299796
 -0.31746298510000000   0.57680606719706434
 -0.31646298510000000   0.57721078822120779
 -0.31546298510000000   0.57762446542636873
 -0.31446298510000000   0.57803039752876032
 -0.31346298510000000   0.57843484387405588
 -0.31246298510000000   0.57884452517987142
 -0.31146298510000000   0.57924244403644422
 -0.31046298510000000   0.57965015164717010
 -0.30946298510000000   0.58004814675986097
 -0.30846298510000000   0.58044671565157882
 -0.30746298510000000   0.58084887841085307
 -0.30646298510000000   0.58124012854786447
 -0.30546298510000000   0.58164099599696432
 -0.30446298510000000   0.58203221881445857
 -0.30346298510000000   0.58242777744118411
 -0.30246298510000000   0.58281366783311613
 -0.30146298510000000   0.58320892820214047
 -0.30046298510000000   0.58359498640236462
 -0.29946298510000000   0.58398051357941382
 -0.29846298510000000   0.58437113386252373
 -0.29746298510000000   0.58475023090402521
 -0.29646298510000000   0.58513717854923623
 -0.29546298510000000   0.58551858364847337
 -0.29446298510000000   0.58589529827442553
 -0.29346298510000000   0.58628008749126517
 -0.29246298510000000   0.58665338491152156
 -0.29146298510000000   0.58703041333584144
 -0.29046298510000000   0.58740836740326961
 -0.28946298510000000   0.58777681912871857
 -0.28846298510000000   0.58815363783054016
 -0.28746298510000000   0.58852329920052340
 -0.28646298510000000   0.58888959604626511
 -0.28546298510000000   0.58926326896528824
 -0.28446298510000000   0.58962596880774960
 -0.28346298510000000   0.58999146049078282
 -0.28246298510000000   0.59035924241389892
 -0.28146298510000000   0.59071693857234714
 -0.28046298510000000   0.59108141939154643
 -0.27946298510000000   0.59144226226219382
 -0.27846298510000000   0.59179646337985026
 -0.27746298510000000   0.59215866184030412
 -0.27646298510000000   0.59251291382766022
 -0.27546298510000000   0.59286448757232263
 -0.27446298510000000   0.59322297987860136
 -0.27346298510000000   0.59357149928183333
 -0.27246298510000000   0.59392072591581047
 -0.27146298510000000   0.59427455753536691
 -0.27046298510000000   0.59461813927781401
 -0.26946298510000000   0.59496486401616247
 -0.26846298510000000   0.59531366514371325
 -0.26746298510000000   0.59565285332985731
 -0.26646298510000000   0.59599669446407816
 -0.26546298510000000   0.59634051466909894
 -0.26446298510000000   0.59667560754174389
 -0.26346298510000000   0.59701613264203738
 -0.26246298510000000   0.59735523801387944
 -0.26146298510000000   0.59768635475242131
 -0.26046298510000000   0.59802317260016599
 -0.25946298510000000   0.59835791042662628
 -0.25846298510000000   0.59868507307820836
 -0.25746298510000000   0.59901785686103669
 -0.25646298510000000   0.59934861028519022
 -0.25546298510000000   0.59967196023472297
 -0.25446298510000000   0.60000000000036949
 -0.25346298510000000   0.60032668942152791
 -0.25246298510000000   0.60064607295368571
 -0.25146298510000000   0.60096978454053770
 -0.25046298510000000   0.60129342675807150
 -0.24946298510000000   0.60160878482582942
 -0.24846298510000000   0.60192741896266521
 -0.24746298510000000   0.60224775975517301
 -0.24646298510000000   0.60255950867757305
 -0.24546298510000000   0.60287281133605522
 -0.24446298510000000   0.60318973946940493
 -0.24346298510000000   0.60349832176292631
 -0.24246298510000000   0.60380619552567445
 -0.24146298510000000   0.60411918325059707
 -0.24046298510000000   0.60442518767471713
 -0.23946298510000000   0.60472785580579648
 -0.23846298510000000   0.60503594752844205
 -0.23746298510000000   0.60533994715642892
 -0.23646298510000000   0.60563802868399746
 -0.23546298510000000   0.60594014563640972
 -0.23446298510000000   0.60624225740844747
 -0.23346298510000000   0.60653675222732571
 -0.23246298510000000   0.60683233667081174
 -0.23146298510000000   0.60713160069788596
 -0.23046298510000000   0.60742121612099996
 -0.22946298510000000   0.60771776645749763
 -0.22846298510000000   0.60800772058144566
 -0.22746298510000000   0.60829435343039411
 -0.22646298510000000   0.60858548324536200
 -0.22546298510000000   0.60887444066566657
 -0.22446298510000000   0.60915684127614264
 -0.22346298510000000   0.60944080183832746
 -0.22246298510000000   0.60972771953681888
 -0.22146298510000000   0.61000807162669738
 -0.22046298510000000   0.61028551475137143
 -0.21946298510000000   0.61056701876206178
 -0.21846298510000000   0.61084681032520620
 -0.21746298510000000   0.61112016663288501
 -0.21646298510000000   0.61139406654062659
 -0.21546298510000000   0.61167141938029556
 -0.21446298510000000   0.61194353495105889
 -0.21346298510000000   0.61221138969876877
 -0.21246298510000000   0.61248194063287880
 -0.21146298510000000   0.61275349831003696
 -0.21046298510000000   0.61301871442835402
 -0.20946298510000000   0.61328183233776618
 -0.20846298510000000   0.61354842693240291
 -0.20746298510000000   0.61381357834894198
 -0.20646298510000000   0.61407272338202590
 -0.20546298510000000   0.61433128476329872
 -0.20446298510000000   0.61459319054134736
 -0.20346298510000000   0.61485207982262845
 -0.20246298510000000   0.61510565798728515
 -0.20146298510000000   0.61535948122853209
 -0.20046298510000000   0.61561622136243126
 -0.19946298510000000   0.61586926074060954
 -0.19846298510000000   0.61611750713413492
 -0.19746298510000000   0.61636625384944918
 -0.19646298510000000   0.61661760505947362
 -0.19546298510000000   0.61686523080618125
 -0.19446298510000000   0.61710825153550929
 -0.19346298510000000   0.61735156487005967
 -0.19246298510000000   0.61759739007763167
 -0.19146298510000000   0.61783999914264432
 -0.19046298510000000   0.61807790276550525
 -0.18946298510000000   0.61831549519182202
 -0.18846298510000000   0.61855556856850694
 -0.18746298510000000   0.61879348350448095
 -0.18646298510000000   0.61902648785827745
 -0.18546298510000000   0.61925823284882338
 -0.18446298510000000   0.61949215034235474
 -0.18346298510000000   0.61972548614419627
 -0.18246298510000000   0.61995398719993156
 -0.18146298510000000   0.62018002439704522
 -0.18046298510000000   0.62040732398315136
 -0.17946298510000000   0.62063570575480823
 -0.17846298510000000   0.62086023171841990
 -0.17746298510000000   0.62108103590535057
 -0.17646298510000000   0.62130158222292935
 -0.17546298510000000   0.62152396862549048
 -0.17446298510000000   0.62174477403672973
 -0.17346298510000000   0.62196117036425917
 -0.17246298510000000   0.62217549572102029
 -0.17146298510000000   0.62239077251714518
 -0.17046298510000000   0.62260696183049061
 -0.16946298510000000   0.62281990734642043
 -0.16846298510000000   0.62302913528041391
 -0.16746298510000000   0.62323735417573856
 -0.16646298510000000   0.62344686900737126
 -0.16546298510000000   0.62365619216500138
 -0.16446298510000000   0.62386179106566533
 -0.16346298510000000   0.62406433027039976
 -0.16246298510000000   0.62426632347940397
 -0.16146298510000000   0.62446951392346397
 -0.16046298510000000   0.62467195954023652
 -0.15946298510000000   0.62487073806618684
 -0.15846298510000000   0.62506674789824332
 -0.15746298510000000   0.62526221428122062
 -0.15646298510000000   0.62545866841760033
 -0.15546298510000000   0.62565444663777459
 -0.15446298510000000   0.62584682364065417
