 -0.36503146366000000   0.47637886621101243
 -0.36403146366000000   0.48096072665805851
 -0.36303146366000000   0.53335658716841547
 -0.36203146366000000   0.53625980527007092
 -0.36103146366000000   0.53841886191480734
 -0.36003146366000000   0.54078612489231192
 -0.35903146366000000   0.54290985496865757
 -0.35803146366000000   0.54544555435579401
 -0.35703146366000000   0.54543361045596625
 -0.35603146366000000   0.54642826083104018
 -0.35503146366000000   0.54818696386305363
 -0.35403146366000000   0.54944957741464035
 -0.35303146366000000   0.55064080116482481
 -0.35203146366000000   0.55186873496262539
 -0.35103146366000000   0.55299149885321739
 -0.35003146366000000   0.55437209529446832
 -0.34903146366000000   0.55551205430514210
 -0.34803146366000000   0.55550748009679099
 -0.34703146366000000   0.55549295210974476
 -0.34603146366000000   0.55672185901268588
 -0.34503146366000000   0.55798092080721304
 -0.34403146366000000   0.55891967473153476
 -0.34303146366000000   0.55980356119387411
 -0.34203146366000000   0.56059674160406405
 -0.34103146366000000   0.56140870329696416
 -0.34003146366000000   0.56226306893689385
 -0.33903146366000000   0.56300524891037377
 -0.33803146366000000   0.56379785795284625
 -0.33703146366000000   0.56448605755203308
 -0.33603146366000000   0.56526405101397039
 -0.33503146366000000   0.56601472349940959
 -0.33403146366000000   0.56679545332532569
 -0.33303146366000000   0.56746225012657694
 -0.33203146366000000   0.56827323955423117
 -0.33103146366000000   0.56911328911177944
 -0.33003146366000000   0.57144329581974986
 -0.32903146366000000   0.57138392825589942
 -0.32803146366000000   0.57137288259107690
 -0.32703146366000000   0.57141425277356408
 -0.32603146366000000   0.57140565217303089
 -0.32503146366000000   0.57139694629226916
 -0.32403146366000000   0.57138712132373295
 -0.32303146366000000   0.57142289968615821
 -0.32203146366000000   0.57336290117492533
 -0.32103146366000000   0.57421412133336483
 -0.32003146366000000   0.57492882386225576
 -0.31903146366000000   0.57553062282014440
 -0.31803146366000000   0.57617252690986893
 -0.31703146366000000   0.57680621296586254
 -0.31603146366000000   0.57734202858718391
 -0.31503146366000000   0.57795171520984741
 -0.31403146366000000   0.57848764389911730
 -0.31303146366000000   0.57907604302507075
 -0.31203146366000000   0.57962569959116847
 -0.31103146366000000   0.58017792753132603
 -0.31003146366000000   0.58074756370896655
 -0.30903146366000000   0.58125230074908007
 -0.30803146366000000   0.58182436767633889
 -0.30703146366000000   0.58231252805682099
 -0.30603146366000000   0.58288985778702917
 -0.30503146366000000   0.58330839088170109
 -0.30403146366000000   0.58386153013691627
 -0.30303146366000000   0.58433148507522145
 -0.30203146366000000   0.58489302535990836
 -0.30103146366000000   0.58534467454822542
 -0.30003146366000000   0.58588703487606836
 -0.29903146366000000   0.58633045452692714
 -0.29803146366000000   0.58687695212043278
 -0.29703146366000000   0.58731762370452133
 -0.29603146366000000   0.58784620938656425
 -0.29503146366000000   0.58827939827579709
 -0.29403146366000000   0.58880117869575215
 -0.29303146366000000   0.58923852262299167
 -0.29203146366000000   0.58972968606971089
 -0.29103146366000000   0.59018913514992868
 -0.29003146366000000   0.59066224385394949
 -0.28903146366000000   0.59112498610695434
 -0.28803146366000000   0.59157333527380980
 -0.28703146366000000   0.59205931520228182
 -0.28603146366000000   0.59249937072141532
 -0.28503146366000000   0.59299045091233390
 -0.28403146366000000   0.59342648543226572
 -0.28303146366000000   0.59394984317409283
 -0.28203146366000000   0.59437677676098533
 -0.28103146366000000   0.59491245679085317
 -0.28003146366000000   0.59536051618654201
 -0.27903146366000000   0.59592642027654988
 -0.27803146366000000   0.59646088864099411
 -0.27703146366000000   0.59716421418358433
 -0.27603146366000000   0.59995796560781900
 -0.27503146366000000   0.60003432901214338
 -0.27403146366000000   0.60003295226903175
 -0.27303146366000000   0.60001629483712764
 -0.27203146366000000   0.60000657522310805
 -0.27103146366000000   0.59998038604217496
 -0.27003146366000000   0.60002196264176925
 -0.26903146366000000   0.60002013885682178
 -0.26803146366000000   0.60000847995095615
 -0.26703146366000000   0.60000422268886904
 -0.26603146366000000   0.60000504723868635
 -0.26503146366000000   0.60000587133983431
 -0.26403146366000000   0.60000175387549689
 -0.26303146366000000   0.59999057922197663
 -0.26203146366000000   0.59998455097315909
 -0.26103146366000000   0.60001441045320285
 -0.26003146366000000   0.60002986559112725
 -0.25903146366000000   0.59996592540315927
 -0.25803146366000000   0.60004499667034132
 -0.25703146366000000   0.60006182287508612
 -0.25603146366000000   0.59993936766234896
 -0.25503146366000000   0.60239039942573864
 -0.25403146366000000   0.60312265627243340
 -0.25303146366000000   0.60362645738210188
 -0.25203146366000000   0.60410000129489144
 -0.25103146366000000   0.60449976024188523
 -0.25003146366000000   0.60493075097658413
 -0.24903146366000000   0.60528920284545913
 -0.24803146366000000   0.60570351352560129
 -0.24703146366000000   0.60604992104036974
 -0.24603146366000000   0.60638921033693029
 -0.24503146366000000   0.60678067732948533
 -0.24403146366000000   0.60709938913895232
 -0.24303146366000000   0.60742644022916820
 -0.24203146366000000   0.60779631637144323
 -0.24103146366000000   0.60810304557204273
 -0.24003146366000000   0.60841655222054442
 -0.23903146366000000   0.60877441927134692
 -0.23803146366000000   0.60907836853310478
 -0.23703146366000000   0.60937017808611283
 -0.23603146366000000   0.60971795384238067
 -0.23503146366000000   0.61001423906411188
 -0.23403146366000000   0.61029893093127462
 -0.23303146366000000   0.61062695954615900
 -0.23203146366000000   0.61092461476263624
 -0.23103146366000000   0.61120451600240218
 -0.23003146366000000   0.61150028102641758
 -0.22903146366000000   0.61181783840558931
 -0.22803146366000000   0.61208637071578646
 -0.22703146366000000   0.61235327916967661
 -0.22603146366000000   0.61267219791451519
 -0.22503146366000000   0.61294167094812402
 -0.22403146366000000   0.61320455116815257
 -0.22303146366000000   0.61348304821769711
 -0.22203146366000000   0.61378092322026021
 -0.22103146366000000   0.61403373792552819
 -0.22003146366000000   0.61428823306584400
 -0.21903146366000000   0.61457116443807588
 -0.21803146366000000   0.61484784638548952
 -0.21703146366000000   0.61509372275170210
 -0.21603146366000000   0.61534158118558594
 -0.21503146366000000   0.61561099331094466
 -0.21403146366000000   0.61588001621884733
 -0.21303146366000000   0.61611714594265310
 -0.21203146366000000   0.61635146171943114
 -0.21103146366000000   0.61663312733546826
 -0.21003146366000000   0.61687989274265144
 -0.20903146366000000   0.61710796663988777
 -0.20803146366000000   0.61733558600720561
 -0.20703146366000000   0.61758253302527886
 -0.20603146366000000   0.61784227865865548
 -0.20503146366000000   0.61806255230765091
 -0.20403146366000000   0.61828353620149052
 -0.20303146366000000   0.61851521997536827
 -0.20203146366000000   0.61877148369309077
 -0.20103146366000000   0.61898503397425790
 -0.20003146366000000   0.61920075950955829
 -0.19903146366000000   0.61941415072854632
 -0.19803146366000000   0.61966446042942976
 -0.19703146366000000   0.61987807091784997
 -0.19603146366000000   0.62008518065961259
 -0.19503146366000000   0.62028688445132333
 -0.19403146366000000   0.62050037679001126
 -0.19303146366000000   0.62073950641964377
 -0.19203146366000000   0.62094311858183179
 -0.19103146366000000   0.62114094762513201
 -0.19003146366000000   0.62133412376116817
 -0.18903146366000000   0.62154301196841223
 -0.18803146366000000   0.62176700391942440
 -0.18703146366000000   0.62195599116053402
 -0.18603146366000000   0.62214675705459975
 -0.18503146366000000   0.62233066867603173
 -0.18403146366000000   0.62253324592031535
 -0.18303146366000000   0.62274498008367214
 -0.18203146366000000   0.62292508332832043
 -0.18103146366000000   0.62310734468436556
 -0.18003146366000000   0.62328322886043756
 -0.17903146366000000   0.62347139113590781
 -0.17803146366000000   0.62367703313704264
 -0.17703146366000000   0.62385301873684506
 -0.17603146366000000   0.62402573052241462
 -0.17503146366000000   0.62419802498130196
 -0.17403146366000000   0.62437105610758969
 -0.17303146366000000   0.62455782173267534
 -0.17203146366000000   0.62477868424643858
 -0.17103146366000000   0.62502200889158284
 -0.17003146366000000   0.62499935272535022
 -0.16903146366000000   0.62498157445399449
 -0.16803146366000000   0.62532559136285467
 -0.16703146366000000   0.62550162439225661
 -0.16603146366000000   0.62568718698140035
