 -0.26552708009000000   0.59982675152164640
 -0.26152708009000000   0.59998065368836859
 -0.26052708009000000   0.59996382522368687
 -0.25852708009000000   0.59861524473528186
 -0.25752708009000000   0.59998908688743476
 -0.25652708009000000   0.59998105267339435
 -0.25552708009000000   0.60002303266634886
 -0.25452708009000000   0.59997524873854456
 -0.25352708009000000   0.59999998220839222
 -0.25252708009000000   0.60001554522190753
 -0.25152708009000000   0.59997388856802008
 -0.25052708009000000   0.60000258682194323
 -0.24952708009000000   0.60001481384069825
 -0.24852708009000000   0.60000133424158445
 -0.24752708009000000   0.59998057638010151
 -0.24652708009000000   0.59998658597331487
 -0.24552708009000000   0.60000249541130370
 -0.24452708009000000   0.60000874461363538
 -0.24352708009000000   0.60000722497928201
 -0.24252708009000000   0.59998843165644846
 -0.24152708009000000   0.59999429992077013
 -0.24052708009000000   0.59999860768859477
 -0.23952708009000000   0.60000040470947503
 -0.23852708009000000   0.60000028215694246
 -0.23752708009000000   0.59999731620337657
 -0.23652708009000000   0.59999626045653547
 -0.23552708009000000   0.59999576487651122
 -0.23452708009000000   0.59999555318705205
 -0.23352708009000000   0.59999534213757554
 -0.23252708009000000   0.59999487187175428
 -0.23152708009000000   0.59999393426447288
 -0.23052708009000000   0.59999244482944284
 -0.22952708009000000   0.59999056952097960
 -0.22852708009000000   0.59998883057429058
 -0.22752708009000000   0.59998818008406337
 -0.22652708009000000   0.59998987883694574
 -0.22552708009000000   0.59999479796418531
 -0.22452708009000000   0.60000249278738170
 -0.22352708009000000   0.59999957221754098
 -0.22252708009000000   0.60000864396732959
 -0.22152708009000000   0.60000931132208300
 -0.22052708009000000   0.59999856738893968
 -0.21952708009000000   0.59998411029034423
 -0.21852708009000000   0.59997882919208166
 -0.21752708009000000   0.59999137972900324
 -0.21652708009000000   0.60001483540962625
 -0.21552708009000000   0.60001161795173967
 -0.21452708009000000   0.59998520286070444
 -0.21352708009000000   0.59997402354644280
 -0.21252708009000000   0.60000018269801720
 -0.21152708009000000   0.60002166193756116
 -0.21052708009000000   0.59998356429636173
 -0.20952708009000000   0.59997003401424302
 -0.20852708009000000   0.60000638096502161
 -0.20752708009000000   0.59998564054378193
 -0.20652708009000000   0.60000990044036434
 -0.20552708009000000   0.60002180023326216
 -0.20452708009000000   0.60001497186516109
 -0.20352708009000000   0.60001819801780752
 -0.20252708009000000   0.60001749320248001
 -0.20152708009000000   0.60001924239585968
 -0.20052708009000000   0.60003170884453030
 -0.19952708009000000   0.60003667756376491
 -0.19452708009000000   0.59832797737129226
 -0.18852708009000000   0.59997397953730920
 -0.18352708009000000   0.59996027438999475
 -0.18252708009000000   0.60503418034417454
 -0.18152708009000000   0.60610314817167496
 -0.18052708009000000   0.60660100217388010
 -0.17952708009000000   0.60703345644434477
 -0.17852708009000000   0.60739559439863070
 -0.17752708009000000   0.60776574124612206
 -0.17652708009000000   0.60799036975078103
 -0.17552708009000000   0.60826167799629239
 -0.17452708009000000   0.60845713989378448
 -0.17352708009000000   0.60876710936293601
 -0.17252708009000000   0.60892965891908489
 -0.17152708009000000   0.60909346672203889
 -0.17052708009000000   0.60927846097178551
 -0.16952708009000000   0.60942001937438710
 -0.16852708009000000   0.60958664351253303
 -0.16752708009000000   0.60978021725917977
 -0.16652708009000000   0.60991598559816474
 -0.16552708009000000   0.61002503776455777
 -0.16452708009000000   0.61017149711558912
 -0.16352708009000000   0.61030444214010753
 -0.16252708009000000   0.61040750930435584
 -0.16152708009000000   0.61051437630720413
 -0.16052708009000000   0.61066859178995761
 -0.15952708009000000   0.61078489853318679
 -0.15852708009000000   0.61088130734377031
 -0.15752708009000000   0.61096969947148168
 -0.15652708009000000   0.61103764542102627
 -0.15552708009000000   0.61120795349233638
 -0.15452708009000000   0.61129287120426487
 -0.15352708009000000   0.61135722772156863
 -0.15252708009000000   0.61143197197033632
 -0.15152708009000000   0.61150264643679415
 -0.15052708009000000   0.61158256199450480
 -0.14952708009000000   0.61168517945038225
 -0.14852708009000000   0.61177066002980477
 -0.14752708009000000   0.61183020931093032
 -0.14652708009000000   0.61189136688504106
 -0.14552708009000000   0.61194680115589066
 -0.14452708009000000   0.61199300957848698
 -0.14352708009000000   0.61205074063128996
 -0.14252708009000000   0.61212621601017043
 -0.14152708009000000   0.61217038265609831
 -0.14052708009000000   0.61220915659692149
 -0.13952708009000000   0.61225496119380129
 -0.13852708009000000   0.61230792721988452
 -0.13752708009000000   0.61235841743097537
 -0.13652708009000000   0.61240669650643717
 -0.13552708009000000   0.61245181915298630
 -0.13452708009000000   0.61248813722520367
