 -0.30097520978000000   0.57137513093414103
 -0.29997520978000000   0.57136765824587401
 -0.29897520978000000   0.57136931930865337
 -0.28497520978000000   0.58329213585412035
 -0.28397520978000000   0.59477522173308507
 -0.28097520978000000   0.59770765561068431
 -0.27797520978000000   0.59552395115423265
 -0.27697520978000000   0.59420686043008642
 -0.27497520978000000   0.59707035382146971
 -0.27397520978000000   0.58778727633379778
 -0.27297520978000000   0.59732310742716348
 -0.27197520978000000   0.59995001146159738
 -0.27097520978000000   0.59900219331969299
 -0.26997520978000000   0.60004949545130910
 -0.26897520978000000   0.60003413256347407
 -0.26797520978000000   0.59999017368850723
 -0.26697520978000000   0.59999764745282486
 -0.26597520978000000   0.59998330700057524
 -0.26497520978000000   0.60001974918895517
 -0.26397520978000000   0.60000398055646239
 -0.26297520978000000   0.59998790678721253
 -0.26197520978000000   0.60002278364080118
 -0.26097520978000000   0.59997604947917211
 -0.25997520978000000   0.60000530154914679
 -0.25897520978000000   0.60000842987967628
 -0.25797520978000000   0.59998429494753185
 -0.25697520978000000   0.59998820628492008
 -0.25597520978000000   0.60000659173965447
 -0.25497520978000000   0.60001258253177696
 -0.25397520978000000   0.60000472638104208
 -0.25297520978000000   0.59999594406936632
 -0.25197520978000000   0.59999241527974310
 -0.25097520978000000   0.59999286380206588
 -0.24997520978000000   0.59999480992031310
 -0.24897520978000000   0.59999671641067747
 -0.24797520978000000   0.59999810212561359
 -0.24697520978000000   0.59999910836211492
 -0.24597520978000000   0.60000011288739263
 -0.24497520978000000   0.59999888170349990
 -0.24397520978000000   0.60000003792401149
 -0.24297520978000000   0.60000254552467455
 -0.24197520978000000   0.60000597518598073
 -0.24097520978000000   0.60000836529032644
 -0.23997520978000000   0.60000653455038894
 -0.23897520978000000   0.60000864166317126
 -0.23797520978000000   0.59999900030771192
 -0.23697520978000000   0.59998686250356848
 -0.23597520978000000   0.59998530999413873
 -0.23497520978000000   0.60000333704938044
 -0.23397520978000000   0.60001853439430007
 -0.23297520978000000   0.60001234741184646
 -0.23197520978000000   0.59997988632603078
 -0.23097520978000000   0.59999039042357840
 -0.22997520978000000   0.60001413902803312
 -0.22897520978000000   0.60001654100544283
 -0.22797520978000000   0.59997336035706862
 -0.22697520978000000   0.60000728038771042
 -0.22597520978000000   0.60001718485135281
 -0.22497520978000000   0.59997453545376635
 -0.22397520978000000   0.60000445432010104
 -0.22297520978000000   0.60001965754508496
 -0.22197520978000000   0.59997587518398681
 -0.22097520978000000   0.59996495164135398
 -0.21997520978000000   0.60004170506796533
 -0.21897520978000000   0.59996839239393768
 -0.21797520978000000   0.59996357117312447
 -0.21697520978000000   0.59996371846594632
 -0.21597520978000000   0.59996385235409074
 -0.21497520978000000   0.60007352456358823
 -0.21397520978000000   0.59984418433169524
 -0.21197520978000000   0.59951971840210104
 -0.21097520978000000   0.59941999555479957
 -0.20997520978000000   0.60373653233570005
 -0.20897520978000000   0.60589552060373575
 -0.20797520978000000   0.60663366742238045
 -0.20697520978000000   0.60720009019898948
 -0.20597520978000000   0.60771105969972162
 -0.20497520978000000   0.60808114078415618
 -0.20397520978000000   0.60842752983370769
 -0.20297520978000000   0.60882309206460772
 -0.20197520978000000   0.60912521789154740
 -0.20097520978000000   0.60939739002671368
 -0.19997520978000000   0.60973891031254680
 -0.19897520978000000   0.60998920550086492
 -0.19797520978000000   0.61025210304804675
 -0.19697520978000000   0.61047640849222217
 -0.19597520978000000   0.61076817186697896
 -0.19497520978000000   0.61098930090125138
 -0.19397520978000000   0.61120003705696322
 -0.19297520978000000   0.61139805321767468
 -0.19197520978000000   0.61163097380111500
 -0.19097520978000000   0.61186389388409208
 -0.18997520978000000   0.61203942257356634
 -0.18897520978000000   0.61224192066074984
 -0.18797520978000000   0.61240667919426801
 -0.18697520978000000   0.61259525632120395
 -0.18597520978000000   0.61281816949350271
 -0.18497520978000000   0.61297479838819158
 -0.18397520978000000   0.61314325579348872
 -0.18297520978000000   0.61330479194136238
 -0.18197520978000000   0.61345238974604618
 -0.18097520978000000   0.61364451728117082
 -0.17997520978000000   0.61381195336437428
 -0.17897520978000000   0.61395917913944031
 -0.17797520978000000   0.61408976103693404
 -0.17697520978000000   0.61424463257089783
 -0.17597520978000000   0.61436785627091454
 -0.17497520978000000   0.61449790075863412
 -0.17397520978000000   0.61466196536508587
 -0.17297520978000000   0.61481024974478263
 -0.17197520978000000   0.61492912458612723
 -0.17097520978000000   0.61503727963999263
 -0.16997520978000000   0.61516648660717826
 -0.16897520978000000   0.61527700136695364
 -0.16797520978000000   0.61543151553737252
 -0.16697520978000000   0.61554712644710062
 -0.16597520978000000   0.61567382547062872
 -0.16497520978000000   0.61577425261758511
 -0.16397520978000000   0.61586429358722755
 -0.16297520978000000   0.61596570803409237
 -0.16197520978000000   0.61607667961006104
 -0.16097520978000000   0.61617366061001623
 -0.15997520978000000   0.61625602208351476
 -0.15897520978000000   0.61634422874608535
 -0.15797520978000000   0.61644128848611569
 -0.15697520978000000   0.61655821880038063
 -0.15597520978000000   0.61665312499731586
 -0.15497520978000000   0.61673168303295634
 -0.15397520978000000   0.61680525707027950
 -0.15297520978000000   0.61688608535642720
 -0.15197520978000000   0.61695318940583604
 -0.15097520978000000   0.61703370766349241
 -0.14997520978000000   0.61711633118348782
 -0.14897520978000000   0.61719242878184036
 -0.14797520978000000   0.61725301330901977
 -0.14697520978000000   0.61731218808950762
