 -0.33088665636000000   0.55548009979918271
 -0.32988665636000000   0.55547979656065193
 -0.32488665636000000   0.56244075044083436
 -0.32288665636000000   0.56401521123258168
 -0.32188665636000000   0.57047624382051439
 -0.32088665636000000   0.57136343361472258
 -0.31988665636000000   0.57141895900413799
 -0.31888665636000000   0.57139074586045932
 -0.31788665636000000   0.57137210868237145
 -0.31688665636000000   0.57136592387004727
 -0.31588665636000000   0.57137130947122011
 -0.31488665636000000   0.57137496646245175
 -0.31388665636000000   0.57138142533636024
 -0.31288665636000000   0.57136193938155164
 -0.31188665636000000   0.57136671415218107
 -0.31088665636000000   0.57135127162197312
 -0.30988665636000000   0.57136681429445235
 -0.30888665636000000   0.57136554457002792
 -0.30788665636000000   0.57143364785359306
 -0.30688665636000000   0.57581573397825558
 -0.30588665636000000   0.57694884531221031
 -0.30488665636000000   0.57797003096542358
 -0.30388665636000000   0.57896479034708874
 -0.30288665636000000   0.57950917485935325
 -0.30188665636000000   0.58041417820983894
 -0.30088665636000000   0.58125572105311795
 -0.29988665636000000   0.58220520300807299
 -0.29888665636000000   0.58333313962361317
 -0.29788665636000000   0.58332345573395094
 -0.29688665636000000   0.58329800093933150
 -0.29588665636000000   0.58331786338606240
 -0.29488665636000000   0.58489593507440826
 -0.29388665636000000   0.58560055637060714
 -0.29288665636000000   0.58625347022957074
 -0.29188665636000000   0.58698200217018359
 -0.29088665636000000   0.58771026738949426
 -0.28988665636000000   0.58823278667294770
 -0.28888665636000000   0.58877923704885272
 -0.28788665636000000   0.58940575501043495
 -0.28688665636000000   0.59010036460285131
 -0.28588665636000000   0.59093412346393554
 -0.28488665636000000   0.59133744521555650
 -0.28388665636000000   0.59206345661596881
 -0.28288665636000000   0.59275782693570449
 -0.28188665636000000   0.59349743728980081
 -0.28088665636000000   0.59436130557808800
 -0.27988665636000000   0.59558188722202018
 -0.27888665636000000   0.60007606646542741
 -0.27788665636000000   0.60002636925401816
 -0.27688665636000000   0.60004308433937421
 -0.27588665636000000   0.60003016816908532
 -0.27488665636000000   0.60004197716491435
 -0.27388665636000000   0.59996780623354141
 -0.27288665636000000   0.60003088707181177
 -0.27188665636000000   0.59997725917917519
 -0.27088665636000000   0.60003365284276803
 -0.26988665636000000   0.59998789672988663
 -0.26888665636000000   0.59998943284369078
 -0.26788665636000000   0.60000977370908872
 -0.26688665636000000   0.60002051267910282
 -0.26588665636000000   0.60000918723078003
 -0.26488665636000000   0.59999862941645274
 -0.26388665636000000   0.59999524540324711
 -0.26288665636000000   0.59999878965197058
 -0.26188665636000000   0.60000154144962068
 -0.26088665636000000   0.60000332982449014
 -0.25988665636000000   0.60000511886414689
 -0.25888665636000000   0.60000786484994900
 -0.25788665636000000   0.60001141541071309
 -0.25688665636000000   0.60001296008007467
 -0.25588665636000000   0.60000715452232865
 -0.25488665636000000   0.59999303656587118
 -0.25388665636000000   0.59999115870650780
 -0.25288665636000000   0.60001786359565439
 -0.25188665636000000   0.60002243978881008
 -0.25088665636000000   0.59997628076129528
 -0.24988665636000000   0.60001737736543323
 -0.24888665636000000   0.60001532944687412
 -0.24788665636000000   0.59997570280453600
 -0.24688665636000000   0.60003685405012206
 -0.24588665636000000   0.60000082759656882
 -0.24488665636000000   0.59996610263954416
 -0.24388665636000000   0.60003411384029194
 -0.24288665636000000   0.60004145139666128
 -0.24188665636000000   0.59995779279060369
 -0.24088665636000000   0.59993624329303839
 -0.23988665636000000   0.60389689133595553
 -0.23888665636000000   0.60487947410298426
 -0.23788665636000000   0.60555149449652461
 -0.23688665636000000   0.60606513799453459
 -0.23588665636000000   0.60652861335419878
 -0.23488665636000000   0.60700074210292920
 -0.23388665636000000   0.60738846042433789
 -0.23288665636000000   0.60783397859541010
 -0.23188665636000000   0.60817906592958691
 -0.23088665636000000   0.60853009640505032
 -0.22988665636000000   0.60889996773995290
 -0.22888665636000000   0.60921915907510676
 -0.22788665636000000   0.60958293949744821
 -0.22688665636000000   0.60989693394997008
 -0.22588665636000000   0.61019738760224862
 -0.22488665636000000   0.61051024330073759
 -0.22388665636000000   0.61083342890380399
 -0.22288665636000000   0.61110902262128993
 -0.22188665636000000   0.61138340474857890
 -0.22088665636000000   0.61171355331830838
 -0.21988665636000000   0.61198373917601173
 -0.21888665636000000   0.61225149804110114
 -0.21788665636000000   0.61251116502713137
 -0.21688665636000000   0.61282430888071776
 -0.21588665636000000   0.61306709035819757
 -0.21488665636000000   0.61330652592394897
 -0.21388665636000000   0.61360004815955395
 -0.21288665636000000   0.61385469594811411
 -0.21188665636000000   0.61409371855322703
 -0.21088665636000000   0.61432105213847646
 -0.20988665636000000   0.61459225890522529
 -0.20888665636000000   0.61484824345190421
 -0.20788665636000000   0.61507293747646815
 -0.20688665636000000   0.61538021529562664
 -0.20588665636000000   0.61547369143085065
 -0.20488665636000000   0.61576453612063690
 -0.20388665636000000   0.61597455511020666
 -0.20288665636000000   0.61619594870101240
 -0.20188665636000000   0.61639693608135898
 -0.20088665636000000   0.61665343785252434
 -0.19988665636000000   0.61686424775276942
 -0.19888665636000000   0.61706252355607146
 -0.19788665636000000   0.61725615853117036
 -0.19688665636000000   0.61746308091658195
 -0.19588665636000000   0.61770229462797229
 -0.19488665636000000   0.61788559715743991
 -0.19388665636000000   0.61807965126086222
 -0.19288665636000000   0.61825747449410489
 -0.19188665636000000   0.61846094524862417
 -0.19088665636000000   0.61867587487109693
 -0.18988665636000000   0.61886185830116052
 -0.18888665636000000   0.61903324813255696
 -0.18788665636000000   0.61921183989746089
 -0.18688665636000000   0.61937720243687853
 -0.18588665636000000   0.61958101512751826
 -0.18488665636000000   0.61976976992735630
 -0.18388665636000000   0.61992663833339013
 -0.18288665636000000   0.62009699952920814
 -0.18188665636000000   0.62025232268278408
 -0.18088665636000000   0.62041553076039069
 -0.17988665636000000   0.62061266541992685
 -0.17888665636000000   0.62077441553815000
 -0.17788665636000000   0.62091962681057151
 -0.17688665636000000   0.62107829459098197
 -0.17588665636000000   0.62122101842022606
 -0.17488665636000000   0.62137111740541495
 -0.17388665636000000   0.62152642845024072
 -0.17288665636000000   0.62170431698236786
 -0.17188665636000000   0.62184870419609842
 -0.17088665636000000   0.62198018186364128
 -0.16988665636000000   0.62212437860985488
 -0.16888665636000000   0.62225792656410551
 -0.16788665636000000   0.62238660679039229
 -0.16688665636000000   0.62253420496772069
 -0.16588665636000000   0.62269188066274606
 -0.16488665636000000   0.62282085304756888
 -0.16388665636000000   0.62293959842702777
 -0.16288665636000000   0.62306950843014580
 -0.16188665636000000   0.62319490267491252
 -0.16088665636000000   0.62330895139374093
