 -0.35982832036000000   0.55870614437019734
 -0.35882832036000000   0.55921055789607996
 -0.35782832036000000   0.55971614034717802
 -0.35682832036000000   0.56021270814131490
 -0.35582832036000000   0.56071681706067747
 -0.35482832036000000   0.56120683787263029
 -0.35382832036000000   0.56170845988326258
 -0.35282832036000000   0.56219314159376240
 -0.35182832036000000   0.56269136410907990
 -0.35082832036000000   0.56317178191899405
 -0.34982832036000000   0.56365397150898010
 -0.34882832036000000   0.56414684762980552
 -0.34782832036000000   0.56462004366793742
 -0.34682832036000000   0.56511070562358834
 -0.34582832036000000   0.56557810969518078
 -0.34482832036000000   0.56606731685463807
 -0.34382832036000000   0.56652860819056502
 -0.34282832036000000   0.56701681430435812
 -0.34182832036000000   0.56747208830556636
 -0.34082832036000000   0.56795922926007887
 -0.33982832036000000   0.56840910891802760
 -0.33882832036000000   0.56889434162687099
 -0.33782832036000000   0.56934003774232472
 -0.33682832036000000   0.56982157069395558
 -0.33582832036000000   0.57026491009022343
 -0.33482832036000000   0.57074026763658727
 -0.33382832036000000   0.57119103446750853
 -0.33282832036000000   0.57163050656246265
 -0.33182832036000000   0.57209644680033381
 -0.33082832036000000   0.57253475397851638
 -0.32982832036000000   0.57300147948064735
 -0.32882832036000000   0.57343235983945821
 -0.32782832036000000   0.57389792271712113
 -0.32682832036000000   0.57432586206174455
 -0.32582832036000000   0.57478328451605342
 -0.32482832036000000   0.57521326433762177
 -0.32382832036000000   0.57565620352898723
 -0.32282832036000000   0.57609353202016815
 -0.32182832036000000   0.57652092183413159
 -0.32082832036000000   0.57696753186535236
 -0.31982832036000000   0.57738430813694250
 -0.31882832036000000   0.57783392139682637
 -0.31782832036000000   0.57824710817762092
 -0.31682832036000000   0.57868718366730671
 -0.31582832036000000   0.57910471748652326
 -0.31482832036000000   0.57952650834573744
 -0.31382832036000000   0.57995564033754881
 -0.31282832036000000   0.58036260792718927
 -0.31182832036000000   0.58078446302918531
 -0.31082832036000000   0.58121388421458698
 -0.30982832036000000   0.58162270336825642
 -0.30882832036000000   0.58203187167101535
 -0.30782832036000000   0.58245449995445594
 -0.30682832036000000   0.58286846626093317
 -0.30582832036000000   0.58326432632500500
 -0.30482832036000000   0.58367622478011497
 -0.30382832036000000   0.58408339198225462
 -0.30282832036000000   0.58447575902736402
 -0.30182832036000000   0.58489542870736402
 -0.30082832036000000   0.58528162573390228
 -0.29982832036000000   0.58569027432041724
 -0.29882832036000000   0.58608501623883917
 -0.29782832036000000   0.58647139869579235
 -0.29682832036000000   0.58688161923136009
 -0.29582832036000000   0.58725987192580727
 -0.29482832036000000   0.58766079101052678
 -0.29382832036000000   0.58804765813933462
 -0.29282832036000000   0.58842552694362980
 -0.29182832036000000   0.58882820995848627
 -0.29082832036000000   0.58919932076611334
 -0.28982832036000000   0.58958844404145754
 -0.28882832036000000   0.58997168133982838
 -0.28782832036000000   0.59033935196475189
 -0.28682832036000000   0.59073447090405791
 -0.28582832036000000   0.59110036974433696
 -0.28482832036000000   0.59147364945768614
 -0.28382832036000000   0.59185727350077311
 -0.28282832036000000   0.59222889973046918
 -0.28182832036000000   0.59259351484851359
 -0.28082832036000000   0.59295394751947369
 -0.27982832036000000   0.59333688415402996
 -0.27882832036000000   0.59369049948494635
 -0.27782832036000000   0.59405604503103161
 -0.27682832036000000   0.59442630451988504
 -0.27582832036000000   0.59477444698015047
 -0.27482832036000000   0.59514499749773973
 -0.27382832036000000   0.59550113611490961
 -0.27282832036000000   0.59584681052192618
 -0.27182832036000000   0.59621729174021297
 -0.27082832036000000   0.59655820894832877
 -0.26982832036000000   0.59692266365597446
 -0.26882832036000000   0.59726133030393642
 -0.26782832036000000   0.59761384086141867
 -0.26682832036000000   0.59796875614176227
 -0.26582832036000000   0.59830409697493751
 -0.26482832036000000   0.59865975019481079
 -0.26382832036000000   0.59900812417998089
 -0.26282832036000000   0.59934744513267431
 -0.26182832036000000   0.59974707227404901
 -0.26082832036000000   0.60000349122700064
 -0.25982832036000000   0.60025288330911657
 -0.25882832036000000   0.60064194486559021
 -0.25782832036000000   0.60098546023624607
 -0.25682832036000000   0.60131101225517711
 -0.25582832036000000   0.60165582628446133
 -0.25482832036000000   0.60198487401657528
 -0.25382832036000000   0.60230246632928463
 -0.25282832036000000   0.60264016227361577
 -0.25182832036000000   0.60296381921008147
 -0.25082832036000000   0.60327620436967750
 -0.24982832036000000   0.60360743500331189
 -0.24882832036000000   0.60392782525928432
 -0.24782832036000000   0.60423534355800429
 -0.24682832036000000   0.60455923859164003
 -0.24582832036000000   0.60487788046563985
 -0.24482832036000000   0.60518079416626824
 -0.24382832036000000   0.60549612761294069
 -0.24282832036000000   0.60581411553183254
 -0.24182832036000000   0.60611291674619819
 -0.24082832036000000   0.60642931727049581
 -0.23982832036000000   0.60672507929763623
 -0.23882832036000000   0.60702894314191282
 -0.23782832036000000   0.60734247167489290
 -0.23682832036000000   0.60763520140238431
 -0.23582832036000000   0.60792924932013571
 -0.23482832036000000   0.60823997172650990
 -0.23382832036000000   0.60853219247606357
 -0.23282832036000000   0.60881857963163558
 -0.23182832036000000   0.60912066890110172
 -0.23082832036000000   0.60941575707784738
 -0.22982832036000000   0.60969711675306550
 -0.22882832036000000   0.60998610167171901
 -0.22782832036000000   0.61028434413053481
 -0.22682832036000000   0.61056346324465156
 -0.22582832036000000   0.61085453617080878
 -0.22482832036000000   0.61113206845739228
 -0.22382832036000000   0.61140593004967506
 -0.22282832036000000   0.61169413107942622
 -0.22182832036000000   0.61197634990008135
 -0.22082832036000000   0.61224510698894920
 -0.21982832036000000   0.61251818697800990
 -0.21882832036000000   0.61280359228140467
 -0.21782832036000000   0.61307244937774030
 -0.21682832036000000   0.61333575172342108
 -0.21582832036000000   0.61360969925472398
 -0.21482832036000000   0.61388543105417265
 -0.21382832036000000   0.61414534199683237
 -0.21282832036000000   0.61440463746030625
 -0.21182832036000000   0.61467716935722957
 -0.21082832036000000   0.61494208200712381
 -0.20982832036000000   0.61519544646131426
 -0.20882832036000000   0.61545132782321422
 -0.20782832036000000   0.61571938274579914
 -0.20682832036000000   0.61597521355858041
 -0.20582832036000000   0.61622283558219201
 -0.20482832036000000   0.61647480085027916
 -0.20382832036000000   0.61673684556931879
 -0.20282832036000000   0.61698542126320655
 -0.20182832036000000   0.61722749286400495
 -0.20082832036000000   0.61747438994908467
 -0.19982832036000000   0.61773019948288008
 -0.19882832036000000   0.61797287170666067
 -0.19782832036000000   0.61820939600009191
 -0.19682832036000000   0.61844997528484389
 -0.19582832036000000   0.61869966198816189
 -0.19482832036000000   0.61893759590275417
 -0.19382832036000000   0.61916860210624933
 -0.19282832036000000   0.61940191197115998
 -0.19182832036000000   0.61964501076005138
 -0.19082832036000000   0.61987949702504405
 -0.18982832036000000   0.62010520192789370
 -0.18882832036000000   0.62033099520121441
 -0.18782832036000000   0.62056588220784970
 -0.18682832036000000   0.62079811605524850
 -0.18582832036000000   0.62101922295453441
 -0.18482832036000000   0.62123816467315338
 -0.18382832036000000   0.62146274494440706
 -0.18282832036000000   0.62169219992027676
 -0.18182832036000000   0.62191058000005112
 -0.18082832036000000   0.62212370917895058
 -0.17982832036000000   0.62234739658595199
 -0.17882832036000000   0.62255795402858762
 -0.17782832036000000   0.62276804255834621
 -0.17682832036000000   0.62298491963634282
 -0.17582832036000000   0.62320274314996289
 -0.17482832036000000   0.62341013454353947
 -0.17382832036000000   0.62361368294504472
 -0.17282832036000000   0.62381826708452618
 -0.17182832036000000   0.62402992491461207
 -0.17082832036000000   0.62423845929810653
 -0.16982832036000000   0.62443785060052574
 -0.16882832036000000   0.62463462668512124
 -0.16782832036000000   0.62483300482628268
 -0.16682832036000000   0.62503762880635455
 -0.16582832036000000   0.62523834126643238
 -0.16482832036000000   0.62543073457005028
 -0.16382832036000000   0.62562070436673987
 -0.16282832036000000   0.62581173895416265
 -0.16182832036000000   0.62600854682131829
 -0.16082832036000000   0.62620280636188336
