 -0.30075104154000000   0.59552920119109937
 -0.27075104154000000   0.59936414434704339
 -0.26975104154000000   0.59974397989558597
 -0.26775104154000000   0.59988158235800982
 -0.26675104154000000   0.59953794783745151
 -0.26575104154000000   0.60000802027678868
 -0.26475104154000000   0.59997283017266930
 -0.26375104154000000   0.60004052430243319
 -0.26275104154000000   0.59996644197179297
 -0.26175104154000000   0.60003184780869278
 -0.26075104154000000   0.59997081453136157
 -0.25975104154000000   0.59997037878549167
 -0.25875104154000000   0.59997663572477735
 -0.25775104154000000   0.60002338164126303
 -0.25675104154000000   0.59997910511738300
 -0.25575104154000000   0.59999212361016022
 -0.25475104154000000   0.60001845166022115
 -0.25375104154000000   0.59999743925409984
 -0.25275104154000000   0.59998197609512785
 -0.25175104154000000   0.59999109269806413
 -0.25075104154000000   0.60000548500392220
 -0.24975104154000000   0.60000960233484581
 -0.24875104154000000   0.60000411514197217
 -0.24775104154000000   0.59999719356371249
 -0.24675104154000000   0.59999340503148345
 -0.24575104154000000   0.59999261559508658
 -0.24475104154000000   0.59999496735778602
 -0.24375104154000000   0.59999643101269971
 -0.24275104154000000   0.59999720624709235
 -0.24175104154000000   0.59999759395949536
 -0.24075104154000000   0.59999797642184968
 -0.23975104154000000   0.59999612420132566
 -0.23875104154000000   0.59999623653758757
 -0.23775104154000000   0.59999751234220648
 -0.23675104154000000   0.60000028126291955
 -0.23575104154000000   0.60000413910258839
 -0.23475104154000000   0.60000718799392541
 -0.23375104154000000   0.60000636989494307
 -0.23275104154000000   0.59999979451876689
 -0.23175104154000000   0.59998982419403341
 -0.23075104154000000   0.59998362140506263
 -0.22975104154000000   0.59998905858091271
 -0.22875104154000000   0.60000727561814662
 -0.22775104154000000   0.60001661116259846
 -0.22675104154000000   0.59999943940638648
 -0.22575104154000000   0.59999100768876056
 -0.22475104154000000   0.59997672709130388
 -0.22375104154000000   0.60000371088256092
 -0.22275104154000000   0.60002152521210021
 -0.22175104154000000   0.59997855715069772
 -0.22075104154000000   0.60001184943893561
 -0.21975104154000000   0.60002070701670847
 -0.21875104154000000   0.60001740155370071
 -0.21775104154000000   0.60002954819014428
 -0.21675104154000000   0.60002739719361281
 -0.21575104154000000   0.60002486526216046
 -0.21475104154000000   0.59999047398666516
 -0.21375104154000000   0.59998003591398499
 -0.21275104154000000   0.60002489656967984
 -0.21175104154000000   0.59996629150407466
 -0.21075104154000000   0.60000514198843374
 -0.20975104154000000   0.59890613317370578
 -0.20875104154000000   0.59869172835925991
 -0.20675104154000000   0.60006717056969256
 -0.20575104154000000   0.60003670951974352
 -0.20475104154000000   0.59854613651245098
 -0.20375104154000000   0.59995317437890334
 -0.20175104154000000   0.59762998495263913
 -0.20075104154000000   0.60001733697773600
 -0.19875104154000000   0.60454719499865728
 -0.19775104154000000   0.60600519589992724
 -0.19675104154000000   0.60676424865606041
 -0.19575104154000000   0.60726574106360603
 -0.19475104154000000   0.60771414036598725
 -0.19375104154000000   0.60804445657967877
 -0.19275104154000000   0.60835970684237033
 -0.19175104154000000   0.60868446341132187
 -0.19075104154000000   0.60897904823986877
 -0.18975104154000000   0.60922764515583887
 -0.18875104154000000   0.60947331958863957
 -0.18775104154000000   0.60975526990748422
 -0.18675104154000000   0.60996004857390392
 -0.18575104154000000   0.61018133646942426
 -0.18475104154000000   0.61035988153548651
 -0.18375104154000000   0.61060766626244104
 -0.18275104154000000   0.61079303835528713
 -0.18175104154000000   0.61094917005620942
 -0.18075104154000000   0.61116783289168210
 -0.17975104154000000   0.61130819857366964
 -0.17875104154000000   0.61147123402284759
 -0.17775104154000000   0.61167932551726227
 -0.17675104154000000   0.61182488889375915
 -0.17575104154000000   0.61196059082651840
 -0.17475104154000000   0.61211969448453047
 -0.17375104154000000   0.61223874467499192
 -0.17275104154000000   0.61237082350970889
 -0.17175104154000000   0.61254679281905388
 -0.17075104154000000   0.61268390906658363
 -0.16975104154000000   0.61281027566606820
 -0.16875104154000000   0.61291106528485955
 -0.16775104154000000   0.61303995710758416
 -0.16675104154000000   0.61316677109765192
 -0.16575104154000000   0.61325953787449325
 -0.16475104154000000   0.61336426181766365
 -0.16375104154000000   0.61348061025832578
 -0.16275104154000000   0.61362113354817160
 -0.16175104154000000   0.61371808581548880
 -0.16075104154000000   0.61380998496938552
 -0.15975104154000000   0.61388826297754246
 -0.15875104154000000   0.61398963375425820
 -0.15775104154000000   0.61409075234955603
 -0.15675104154000000   0.61418075024888262
 -0.15575104154000000   0.61425491500546037
 -0.15475104154000000   0.61432690534747244
 -0.15375104154000000   0.61440081344631107
 -0.15275104154000000   0.61447811750021907
 -0.15175104154000000   0.61455411172726294
 -0.15075104154000000   0.61464864648842394
 -0.14975104154000000   0.61473557706913800
 -0.14875104154000000   0.61480019220694917
 -0.14775104154000000   0.61485906957812221
 -0.14675104154000000   0.61491612634744526
 -0.14575104154000000   0.61496429848367305
 -0.14475104154000000   0.61501534922216676
 -0.14375104154000000   0.61507641232079727
 -0.14275104154000000   0.61513636434496030
 -0.14175104154000000   0.61518866506842982
