 -0.34916199261000000   0.56201867816379803
 -0.34816199261000000   0.56246537222436233
 -0.34716199261000000   0.56291041612603076
 -0.34616199261000000   0.56335443788668569
 -0.34516199261000000   0.56379705462190263
 -0.34416199261000000   0.56423835582785885
 -0.34316199261000000   0.56467856072419109
 -0.34216199261000000   0.56511716623071726
 -0.34116199261000000   0.56555489500174217
 -0.34016199261000000   0.56599090385188762
 -0.33916199261000000   0.56642603368464322
 -0.33816199261000000   0.56685957393468824
 -0.33716199261000000   0.56729199042974390
 -0.33616199261000000   0.56772314154136299
 -0.33516199261000000   0.56815281819274491
 -0.33416199261000000   0.56858154615801474
 -0.33316199261000000   0.56900857810131086
 -0.33216199261000000   0.56943474065065698
 -0.33116199261000000   0.56985929117473063
 -0.33016199261000000   0.57028273450315686
 -0.32916199261000000   0.57070491269315506
 -0.32816199261000000   0.57112560088109574
 -0.32716199261000000   0.57154535790089503
 -0.32616199261000000   0.57196342106293665
 -0.32516199261000000   0.57238057185672336
 -0.32416199261000000   0.57279620516207568
 -0.32316199261000000   0.57321059268509735
 -0.32216199261000000   0.57362387002380145
 -0.32116199261000000   0.57403553132866869
 -0.32016199261000000   0.57444631051241928
 -0.31916199261000000   0.57485545821170315
 -0.31816199261000000   0.57526351419887310
 -0.31716199261000000   0.57567031471413410
 -0.31616199261000000   0.57607559627766289
 -0.31516199261000000   0.57647996458738898
 -0.31416199261000000   0.57688267393024320
 -0.31316199261000000   0.57728435331548433
 -0.31216199261000000   0.57768471147131623
 -0.31116199261000000   0.57808359775378863
 -0.31016199261000000   0.57848154902571731
 -0.30916199261000000   0.57887784678804604
 -0.30816199261000000   0.57927311021209786
 -0.30716199261000000   0.57966706580979580
 -0.30616199261000000   0.58005953127113439
 -0.30516199261000000   0.58045106779238380
 -0.30416199261000000   0.58084097665061603
 -0.30316199261000000   0.58122978656714944
 -0.30216199261000000   0.58161737505009008
 -0.30116199261000000   0.58200340479633316
 -0.30016199261000000   0.58238851315646590
 -0.29916199261000000   0.58277206886199204
 -0.29816199261000000   0.58315438750756436
 -0.29716199261000000   0.58353562579974120
 -0.29616199261000000   0.58391523822074683
 -0.29516199261000000   0.58429387199231900
 -0.29416199261000000   0.58467112258191424
 -0.29316199261000000   0.58504693388754098
 -0.29216199261000000   0.58542178923620941
 -0.29116199261000000   0.58579505424246170
 -0.29016199261000000   0.58616714670176665
 -0.28916199261000000   0.58653810952266537
 -0.28816199261000000   0.58690746920148513
 -0.28716199261000000   0.58727583701826621
 -0.28616199261000000   0.58764284478779220
 -0.28516199261000000   0.58800838652776756
 -0.28416199261000000   0.58837297040374645
 -0.28316199261000000   0.58873602357741126
 -0.28216199261000000   0.58909779895411335
 -0.28116199261000000   0.58945853324780908
 -0.28016199261000000   0.58981766956351681
 -0.27916199261000000   0.59017568826021876
 -0.27816199261000000   0.59053252935842607
 -0.27716199261000000   0.59088779372779546
 -0.27616199261000000   0.59124203820958630
 -0.27516199261000000   0.59159496996934861
 -0.27416199261000000   0.59194639633797026
 -0.27316199261000000   0.59229683985362085
 -0.27216199261000000   0.59264586600441293
 -0.27116199261000000   0.59299347219153200
 -0.27016199261000000   0.59334009097593434
 -0.26916199261000000   0.59368522481545186
 -0.26816199261000000   0.59402901501795074
 -0.26716199261000000   0.59437179328603732
 -0.26616199261000000   0.59471305009225552
 -0.26516199261000000   0.59505301979471107
 -0.26416199261000000   0.59539194978983021
 -0.26316199261000000   0.59572934308643388
 -0.26216199261000000   0.59606548338070362
 -0.26116199261000000   0.59640056315257604
 -0.26016199261000000   0.59673410392920413
 -0.25916199261000000   0.59706640431962710
 -0.25816199261000000   0.59739763494537902
 -0.25716199261000000   0.59772733252432366
 -0.25616199261000000   0.59805578248983481
 -0.25516199261000000   0.59838316542072513
 -0.25416199261000000   0.59870902889993693
 -0.25316199261000000   0.59903361895085328
 -0.25216199261000000   0.59935715357369278
 -0.25116199261000000   0.59967919303782574
 -0.25016199261000000   0.59999991605419371
 -0.24916199261000000   0.60031959746931969
 -0.24816199261000000   0.60063782421829864
 -0.24716199261000000   0.60095467764458321
 -0.24616199261000000   0.60127049502191905
 -0.24516199261000000   0.60158491998866251
 -0.24416199261000000   0.60189790892811828
 -0.24316199261000000   0.60220984547990015
 -0.24216199261000000   0.60252047511927897
 -0.24116199261000000   0.60282961536929422
 -0.24016199261000000   0.60313765161312385
 -0.23916199261000000   0.60344448140245209
 -0.23816199261000000   0.60374980003931859
 -0.23716199261000000   0.60405392180421316
 -0.23616199261000000   0.60435692965469956
 -0.23516199261000000   0.60465845959727952
 -0.23416199261000000   0.60495867001421842
 -0.23316199261000000   0.60525781507431501
 -0.23216199261000000   0.60555558084851279
 -0.23116199261000000   0.60585191090788690
 -0.23016199261000000   0.60614714495874798
 -0.22916199261000000   0.60644114208108884
 -0.22816199261000000   0.60673364925086300
 -0.22716199261000000   0.60702494323732310
 -0.22616199261000000   0.60731512386912567
 -0.22516199261000000   0.60760386836218720
 -0.22416199261000000   0.60789124259411626
 -0.22316199261000000   0.60817752849790823
 -0.22216199261000000   0.60846252954402289
 -0.22116199261000000   0.60874606014793954
 -0.22016199261000000   0.60902839343590103
 -0.21916199261000000   0.60930959504490223
 -0.21816199261000000   0.60958937086767139
 -0.21716199261000000   0.60986777394068124
 -0.21616199261000000   0.61014506953763183
 -0.21516199261000000   0.61042111091504264
 -0.21416199261000000   0.61069569006526655
 -0.21316199261000000   0.61096901880132129
 -0.21216199261000000   0.61124123305590147
 -0.21116199261000000   0.61151208551380394
 -0.21016199261000000   0.61178151505464343
 -0.20916199261000000   0.61204977725520757
 -0.20816199261000000   0.61231686856237153
 -0.20716199261000000   0.61258254009371170
 -0.20616199261000000   0.61284685147713166
 -0.20516199261000000   0.61311003091590082
 -0.20416199261000000   0.61337197872967273
 -0.20316199261000000   0.61363248967285262
 -0.20216199261000000   0.61389169340639250
 -0.20116199261000000   0.61414977015310980
 -0.20016199261000000   0.61440657213967875
 -0.19916199261000000   0.61466194053959489
 -0.19816199261000000   0.61491603342986669
 -0.19716199261000000   0.61516899252151692
 -0.19616199261000000   0.61542065592305745
 -0.19516199261000000   0.61567089403036492
 -0.19416199261000000   0.61591986706619364
 -0.19316199261000000   0.61616769858128249
 -0.19216199261000000   0.61641423357778329
 -0.19116199261000000   0.61665935010868753
 -0.19016199261000000   0.61690319357761009
 -0.18916199261000000   0.61714588929383238
 -0.18816199261000000   0.61738730494735148
 -0.18716199261000000   0.61762730874544831
 -0.18616199261000000   0.61786601573133378
 -0.18516199261000000   0.61810356580506055
 -0.18416199261000000   0.61833986656998367
 -0.18316199261000000   0.61857476902767270
 -0.18216199261000000   0.61880833925273393
 -0.18116199261000000   0.61904073137061240
 -0.18016199261000000   0.61927191267101536
 -0.17916199261000000   0.61950172648157111
 -0.17816199261000000   0.61973017082331330
 -0.17716199261000000   0.61995739444887172
 -0.17616199261000000   0.62018343866871255
 -0.17516199261000000   0.62040817034575068
 -0.17416199261000000   0.62063151265473253
 -0.17316199261000000   0.62085356978540848
 -0.17216199261000000   0.62107444871488460
 -0.17116199261000000   0.62129408541927779
 -0.17016199261000000   0.62151235404862392
 -0.16916199261000000   0.62172927149629824
 -0.16816199261000000   0.62194496343905029
 -0.16716199261000000   0.62215946474676308
 -0.16616199261000000   0.62237266808436524
 -0.16516199261000000   0.62258449512152277
 -0.16416199261000000   0.62279501400867985
 -0.16316199261000000   0.62300433029941210
 -0.16216199261000000   0.62321242960679711
 -0.16116199261000000   0.62341920262053765
 -0.16016199261000000   0.62362460958525269
 -0.15916199261000000   0.62382873350464585
 -0.15816199261000000   0.62403165679506736
 -0.15716199261000000   0.62423334574657168
 -0.15616199261000000   0.62443370170515039
 -0.15516199261000000   0.62463270122686193
 -0.15416199261000000   0.62483042344437902
 -0.15316199261000000   0.62502693920075884
 -0.15216199261000000   0.62522221744964851
 -0.15116199261000000   0.62541617000430827
 -0.15016199261000000   0.62560877023532373
