 -0.26977557744000000   0.59836152647239471
 -0.25277557744000000   0.59987499088302426
 -0.24877557744000000   0.59982958738579818
 -0.24777557744000000   0.59996495808709992
 -0.24677557744000000   0.59999172842739576
 -0.24577557744000000   0.60002153027831328
 -0.24477557744000000   0.59997927308333018
 -0.24377557744000000   0.59997609978370665
 -0.24277557744000000   0.60001810226152467
 -0.24177557744000000   0.59999082787739644
 -0.24077557744000000   0.59997252397613205
 -0.23977557744000000   0.59997974844023650
 -0.23877557744000000   0.60000650250639153
 -0.23777557744000000   0.60000734444948987
 -0.23677557744000000   0.59998431036391402
 -0.23577557744000000   0.59997723993302826
 -0.23477557744000000   0.59998526808639466
 -0.23377557744000000   0.60000595799673638
 -0.23277557744000000   0.59999963323674512
 -0.23177557744000000   0.59999013525518266
 -0.23077557744000000   0.59998461018300589
 -0.22977557744000000   0.59998316185792219
 -0.22877557744000000   0.59998449214492299
 -0.22777557744000000   0.59998689485207391
 -0.22677557744000000   0.59998931730353077
 -0.22577557744000000   0.59999114825708758
 -0.22477557744000000   0.59999222691478589
 -0.22377557744000000   0.59999264616291344
 -0.22277557744000000   0.59999370170865831
 -0.22177557744000000   0.59999274523272516
 -0.22077557744000000   0.59999180147819517
 -0.21977557744000000   0.59999087503482739
 -0.21877557744000000   0.59998996766269236
 -0.21777557744000000   0.59999005289318577
 -0.21677557744000000   0.59998905320484177
 -0.21577557744000000   0.59998786704148406
 -0.21477557744000000   0.59998665347700779
 -0.21377557744000000   0.59998569727259397
 -0.21277557744000000   0.59998543767190789
 -0.21177557744000000   0.59998639771628724
 -0.21077557744000000   0.59998896145269006
 -0.20977557744000000   0.59999334283228531
 -0.20877557744000000   0.59999892812602729
 -0.20777557744000000   0.60000333801039520
 -0.20677557744000000   0.60000419065028010
 -0.20577557744000000   0.59999982500170799
 -0.20477557744000000   0.59999168846067291
 -0.20377557744000000   0.59998263895814806
 -0.20277557744000000   0.59997719698319477
 -0.20177557744000000   0.59997752574477211
 -0.20077557744000000   0.59997662932946302
 -0.19977557744000000   0.59998591141593585
 -0.19877557744000000   0.60000417387633210
 -0.19777557744000000   0.60001314224592466
 -0.19677557744000000   0.60000278816583577
 -0.19577557744000000   0.59998333842294794
 -0.19477557744000000   0.59997129091360289
 -0.19377557744000000   0.59997784077918116
 -0.19277557744000000   0.60000350008519547
 -0.19177557744000000   0.60001670503054139
 -0.19077557744000000   0.59999079817416988
 -0.18977557744000000   0.59996785529980428
 -0.18877557744000000   0.59996628005458145
 -0.18777557744000000   0.60001046276551253
 -0.18677557744000000   0.59997863262907329
 -0.18577557744000000   0.59981284814956608
 -0.18477557744000000   0.60001430472887324
 -0.18377557744000000   0.60001525412792641
 -0.18277557744000000   0.60000994792310054
 -0.18177557744000000   0.60000875030560171
 -0.18077557744000000   0.60001159311191495
 -0.17977557744000000   0.60001138351267305
 -0.17877557744000000   0.60001044094632974
 -0.17777557744000000   0.60000999168090179
 -0.17677557744000000   0.60001193335493044
 -0.17577557744000000   0.60001364718706973
 -0.17477557744000000   0.60000592296404255
 -0.17277557744000000   0.60002679355513187
 -0.17177557744000000   0.59992723507796085
 -0.17077557744000000   0.59996300788029374
 -0.16877557744000000   0.59978621906714792
 -0.16777557744000000   0.60003765748621599
 -0.14677557744000000   0.60491089613002972
 -0.14577557744000000   0.60536334252444251
 -0.14477557744000000   0.60569519081488893
 -0.14377557744000000   0.60599543370890561
 -0.14277557744000000   0.60619176036433462
 -0.14177557744000000   0.60637252874405599
 -0.14077557744000000   0.60652557051841138
 -0.13977557744000000   0.60668024548136763
 -0.13877557744000000   0.60680290876048882
 -0.13777557744000000   0.60687768746400829
 -0.13677557744000000   0.60700060798758098
 -0.13577557744000000   0.60710955397546401
 -0.13477557744000000   0.60715031446327901
 -0.13377557744000000   0.60723996085749549
 -0.13277557744000000   0.60732359805518223
 -0.13177557744000000   0.60740475619934358
 -0.13077557744000000   0.60746864440401706
 -0.12977557744000000   0.60750481357397992
 -0.12877557744000000   0.60754890657463778
 -0.12777557744000000   0.60760031280656114
 -0.12677557744000000   0.60763515991666089
 -0.12577557744000000   0.60766439870071412
 -0.12477557744000000   0.60770988073791015
 -0.12377557744000000   0.60773476359493740
 -0.12277557744000000   0.60776380813909171
 -0.12177557744000000   0.60779564677037735
 -0.12077557744000000   0.60782561195177346
