 -0.36427143894000000   0.55398292430898333
 -0.36327143894000000   0.55458713643663486
 -0.36227143894000000   0.55525868582721110
 -0.36127143894000000   0.55580308704626545
 -0.36027143894000000   0.55640321029328263
 -0.35927143894000000   0.55704420503507520
 -0.35827143894000000   0.55762158893839228
 -0.35727143894000000   0.55823089169837251
 -0.35627143894000000   0.55884481910822888
 -0.35527143894000000   0.55938422819547100
 -0.35427143894000000   0.55998853203883430
 -0.35327143894000000   0.56053845157130210
 -0.35227143894000000   0.56113367424144760
 -0.35127143894000000   0.56171160219303805
 -0.35027143894000000   0.56226012422550248
 -0.34927143894000000   0.56284527068216208
 -0.34827143894000000   0.56335914345925729
 -0.34727143894000000   0.56395126482467106
 -0.34627143894000000   0.56445923448313163
 -0.34527143894000000   0.56503103416236698
 -0.34427143894000000   0.56555288835273126
 -0.34327143894000000   0.56610598454983659
 -0.34227143894000000   0.56664936259149005
 -0.34127143894000000   0.56717019489533418
 -0.34027143894000000   0.56770286179208682
 -0.33927143894000000   0.56822727583484230
 -0.33827143894000000   0.56876886812885977
 -0.33727143894000000   0.56927106021492517
 -0.33627143894000000   0.56981903441273742
 -0.33527143894000000   0.57031190949488442
 -0.33427143894000000   0.57090100030927226
 -0.33327143894000000   0.57141848727857381
 -0.33227143894000000   0.57144984691226708
 -0.33127143894000000   0.57222495924833726
 -0.33027143894000000   0.57276665684073905
 -0.32927143894000000   0.57325302804751251
 -0.32827143894000000   0.57377400110702546
 -0.32727143894000000   0.57424120096437852
 -0.32627143894000000   0.57475559541507435
 -0.32527143894000000   0.57521676914539829
 -0.32427143894000000   0.57572335689102362
 -0.32327143894000000   0.57618483609533500
 -0.32227143894000000   0.57666133741909442
 -0.32127143894000000   0.57713602090319452
 -0.32027143894000000   0.57760306624944444
 -0.31927143894000000   0.57807697010796918
 -0.31827143894000000   0.57853290575223665
 -0.31727143894000000   0.57901143580507882
 -0.31627143894000000   0.57944833449189381
 -0.31527143894000000   0.57993526532149570
 -0.31427143894000000   0.58036961900540574
 -0.31327143894000000   0.58085301738804953
 -0.31227143894000000   0.58127967121375978
 -0.31127143894000000   0.58174921173117824
 -0.31027143894000000   0.58217952359068620
 -0.30927143894000000   0.58262941035476712
 -0.30827143894000000   0.58306950235729649
 -0.30727143894000000   0.58349714863648188
 -0.30627143894000000   0.58395767305400484
 -0.30527143894000000   0.58436565497542395
 -0.30427143894000000   0.58483106410825869
 -0.30327143894000000   0.58523759986113988
 -0.30227143894000000   0.58567302283281086
 -0.30127143894000000   0.58610207277451173
 -0.30027143894000000   0.58650863381225882
 -0.29927143894000000   0.58695636583265383
 -0.29827143894000000   0.58735076090830146
 -0.29727143894000000   0.58780026499080069
 -0.29627143894000000   0.58819381191253415
 -0.29527143894000000   0.58861858025364322
 -0.29427143894000000   0.58903344081385463
 -0.29327143894000000   0.58941887054156407
 -0.29227143894000000   0.58985816107568745
 -0.29127143894000000   0.59024270881924796
 -0.29027143894000000   0.59065214896528965
 -0.28927143894000000   0.59105897618416825
 -0.28827143894000000   0.59143651964334883
 -0.28727143894000000   0.59186620956415318
 -0.28627143894000000   0.59224100259833548
 -0.28527143894000000   0.59264235831283218
 -0.28427143894000000   0.59303707546185717
 -0.28327143894000000   0.59340814512522823
 -0.28227143894000000   0.59382821359933777
 -0.28127143894000000   0.59419445616797107
 -0.28027143894000000   0.59458945936975539
 -0.27927143894000000   0.59497466168201751
 -0.27827143894000000   0.59534041965664020
 -0.27727143894000000   0.59574355747453575
 -0.27627143894000000   0.59612443324485736
 -0.27527143894000000   0.59648798057775389
 -0.27427143894000000   0.59690118142957347
 -0.27327143894000000   0.59726585452356095
 -0.27227143894000000   0.59766113148412564
 -0.27127143894000000   0.59806350633595901
 -0.27027143894000000   0.59846690059121683
 -0.26927143894000000   0.59896414549827377
 -0.26827143894000000   0.59994470301785004
 -0.26727143894000000   0.60003550620137152
 -0.26627143894000000   0.59999758105216217
 -0.26527143894000000   0.60000489418777836
 -0.26427143894000000   0.60001221046394770
 -0.26327143894000000   0.59997503149046107
 -0.26227143894000000   0.60006364835285831
 -0.26127143894000000   0.60101923429782907
 -0.26027143894000000   0.60146637973372051
 -0.25927143894000000   0.60188456462062216
 -0.25827143894000000   0.60223965257468394
 -0.25727143894000000   0.60262165619625749
 -0.25627143894000000   0.60296880033086048
 -0.25527143894000000   0.60329770280872050
 -0.25427143894000000   0.60366640404114667
 -0.25327143894000000   0.60399366532311788
 -0.25227143894000000   0.60431470630019848
 -0.25127143894000000   0.60465592912993394
 -0.25027143894000000   0.60500078789119702
 -0.24927143894000000   0.60531141493890344
 -0.24827143894000000   0.60563838102649200
 -0.24727143894000000   0.60597367723689513
 -0.24627143894000000   0.60627808713336049
 -0.24527143894000000   0.60660153493787557
 -0.24427143894000000   0.60692951997049304
 -0.24327143894000000   0.60722799118478059
 -0.24227143894000000   0.60754042902103005
 -0.24127143894000000   0.60786773525343251
 -0.24027143894000000   0.60816061627274121
 -0.23927143894000000   0.60846104534811654
 -0.23827143894000000   0.60878795882307980
 -0.23727143894000000   0.60907669670504746
 -0.23627143894000000   0.60936578109573133
 -0.23527143894000000   0.60968614243831656
 -0.23427143894000000   0.60997900612320916
 -0.23327143894000000   0.61025999531202131
 -0.23227143894000000   0.61056210161276086
 -0.23127143894000000   0.61086400632808796
 -0.23027143894000000   0.61113996015967936
 -0.22927143894000000   0.61142155869281643
 -0.22827143894000000   0.61173011780870552
 -0.22727143894000000   0.61200383071907553
 -0.22627143894000000   0.61227358104188243
 -0.22527143894000000   0.61257024965827343
 -0.22427143894000000   0.61285278556303449
 -0.22327143894000000   0.61311747307955006
 -0.22227143894000000   0.61338847544044487
 -0.22127143894000000   0.61368100272542390
 -0.22027143894000000   0.61394905496754882
 -0.21927143894000000   0.61420741759610813
 -0.21827143894000000   0.61447623874083562
 -0.21727143894000000   0.61476158403157476
 -0.21627143894000000   0.61501642534006831
 -0.21527143894000000   0.61526845648911777
 -0.21427143894000000   0.61554108369914020
 -0.21327143894000000   0.61581067378571607
 -0.21227143894000000   0.61605790007091175
 -0.21127143894000000   0.61630471346881894
 -0.21027143894000000   0.61657598113439701
 -0.20927143894000000   0.61683244127777858
 -0.20827143894000000   0.61707931536890080
 -0.20727143894000000   0.61731885711175396
 -0.20627143894000000   0.61756784713812531
 -0.20527143894000000   0.61783187096871680
 -0.20427143894000000   0.61806886423299903
 -0.20327143894000000   0.61830223314499349
 -0.20227143894000000   0.61854440141241215
 -0.20127143894000000   0.61880153898337470
 -0.20027143894000000   0.61903287526232011
 -0.19927143894000000   0.61926021202361009
 -0.19827143894000000   0.61949286979962488
 -0.19727143894000000   0.61974390104113319
 -0.19627143894000000   0.61997157322139520
 -0.19527143894000000   0.62019287432450920
 -0.19427143894000000   0.62041507272466556
 -0.19327143894000000   0.62065742362880819
 -0.19227143894000000   0.62088507986232970
 -0.19127143894000000   0.62110003685997856
 -0.19027143894000000   0.62131364382365628
 -0.18927143894000000   0.62154093027178546
 -0.18827143894000000   0.62177177282787113
 -0.18727143894000000   0.62198187341442907
 -0.18627143894000000   0.62218965007824497
 -0.18527143894000000   0.62239948631773824
 -0.18427143894000000   0.62262658908650621
 -0.18327143894000000   0.62283920371511049
 -0.18227143894000000   0.62304062777232920
 -0.18127143894000000   0.62324061157667667
 -0.18027143894000000   0.62344829788962796
 -0.17927143894000000   0.62365959191020438
 -0.17827143894000000   0.62387034559886949
 -0.17727143894000000   0.62406489791975190
 -0.17627143894000000   0.62425798679644136
 -0.17527143894000000   0.62445127458898170
 -0.17427143894000000   0.62465945025872623
 -0.17327143894000000   0.62486216134059238
 -0.17227143894000000   0.62503958814204862
 -0.17127143894000000   0.62522986837457124
 -0.17027143894000000   0.62541565258648856
 -0.16927143894000000   0.62561308448359259
 -0.16827143894000000   0.62580908927776831
 -0.16727143894000000   0.62598966893545429
 -0.16627143894000000   0.62616802612557119
 -0.16527143894000000   0.62634439619381472
