 -0.32896837782000000   0.58370872037340606
 -0.30996837782000000   0.59261529127990343
 -0.29296837782000000   0.59857646972142576
 -0.28896837782000000   0.59611906770955072
 -0.26696837782000000   0.59566423871525664
 -0.26496837782000000   0.59899279245495076
 -0.26296837782000000   0.60003863826580245
 -0.26196837782000000   0.59921998265098473
 -0.26096837782000000   0.60001489280183679
 -0.25996837782000000   0.59997661752983550
 -0.25896837782000000   0.59997801047132147
 -0.25796837782000000   0.59999796352718485
 -0.25696837782000000   0.60002554960736364
 -0.25596837782000000   0.59997806712375367
 -0.25496837782000000   0.59999556007611878
 -0.25396837782000000   0.60001843110360988
 -0.25296837782000000   0.59998338471217511
 -0.25196837782000000   0.59997943493223530
 -0.25096837782000000   0.59999346032178366
 -0.24996837782000000   0.60001108263184279
 -0.24896837782000000   0.60000721617988311
 -0.24796837782000000   0.59998969083502549
 -0.24696837782000000   0.59999958759751780
 -0.24596837782000000   0.60000509945668302
 -0.24496837782000000   0.60000503185021432
 -0.24396837782000000   0.60000214546261461
 -0.24296837782000000   0.59999917051059790
 -0.24196837782000000   0.59999372852722857
 -0.24096837782000000   0.59999444928287703
 -0.23996837782000000   0.59999556488649104
 -0.23896837782000000   0.59999680052528681
 -0.23796837782000000   0.59999803109563375
 -0.23696837782000000   0.59999913105665422
 -0.23596837782000000   0.60000041835686269
 -0.23496837782000000   0.60000195014191237
 -0.23396837782000000   0.60000288691380802
 -0.23296837782000000   0.60000217109884360
 -0.23196837782000000   0.59999889062046092
 -0.23096837782000000   0.59999323009607080
 -0.22996837782000000   0.59998736309503685
 -0.22896837782000000   0.59998514473471368
 -0.22796837782000000   0.59999053673269664
 -0.22696837782000000   0.60000396066758111
 -0.22596837782000000   0.60001375841884651
 -0.22496837782000000   0.60000600243672601
 -0.22396837782000000   0.59998686483179850
 -0.22296837782000000   0.59997837828477993
 -0.22196837782000000   0.59999610645577776
 -0.22096837782000000   0.60002058418357351
 -0.21996837782000000   0.60000133721012441
 -0.21896837782000000   0.59998616452891741
 -0.21796837782000000   0.59997627360514597
 -0.21696837782000000   0.60002348927017866
 -0.21596837782000000   0.59999196438047044
 -0.21496837782000000   0.60002257799272673
 -0.21396837782000000   0.60002166544967696
 -0.21296837782000000   0.60001834742346591
 -0.21196837782000000   0.60001815644408879
 -0.21096837782000000   0.60003152362813291
 -0.20996837782000000   0.60003162715225765
 -0.20896837782000000   0.60001269117342118
 -0.20796837782000000   0.59998227852043865
 -0.20696837782000000   0.59998026168360330
 -0.20596837782000000   0.60001400729190153
 -0.20496837782000000   0.59997101943302875
 -0.20396837782000000   0.59987921962345647
 -0.20296837782000000   0.59996028235522505
 -0.19696837782000000   0.59998649634042015
 -0.19296837782000000   0.59881905799723142
 -0.19196837782000000   0.60579582147952041
 -0.19096837782000000   0.60649919624628953
 -0.18996837782000000   0.60702962324767307
 -0.18896837782000000   0.60746178842135232
 -0.18796837782000000   0.60786414102986826
 -0.18696837782000000   0.60815825815769814
 -0.18596837782000000   0.60843390187791431
 -0.18496837782000000   0.60877759517058929
 -0.18396837782000000   0.60898112706550288
 -0.18296837782000000   0.60921707174315061
 -0.18196837782000000   0.60941410545520300
 -0.18096837782000000   0.60968000333962444
 -0.17996837782000000   0.60986914097425079
 -0.17896837782000000   0.61005052238876447
 -0.17796837782000000   0.61022553876915845
 -0.17696837782000000   0.61038547257347928
 -0.17596837782000000   0.61060591526904587
 -0.17496837782000000   0.61076202281592593
 -0.17396837782000000   0.61088562106732065
 -0.17296837782000000   0.61102816109803473
 -0.17196837782000000   0.61122911321283183
 -0.17096837782000000   0.61134746880169370
 -0.16996837782000000   0.61148078468326896
 -0.16896837782000000   0.61165722472441430
 -0.16796837782000000   0.61177598271942410
 -0.16696837782000000   0.61187645089352892
 -0.16596837782000000   0.61200349451875172
 -0.16496837782000000   0.61213139053625877
 -0.16396837782000000   0.61222269257049480
 -0.16296837782000000   0.61232949345071585
 -0.16196837782000000   0.61243445978856830
 -0.16096837782000000   0.61253256406085092
 -0.15996837782000000   0.61266889436283803
 -0.15896837782000000   0.61277387834530564
 -0.15796837782000000   0.61286007680061546
 -0.15696837782000000   0.61293656005257323
 -0.15596837782000000   0.61301527587172565
 -0.15496837782000000   0.61311106474397376
 -0.15396837782000000   0.61320402642261296
 -0.15296837782000000   0.61327505106715496
 -0.15196837782000000   0.61333898703063630
 -0.15096837782000000   0.61341313566590843
 -0.14996837782000000   0.61348000090900732
 -0.14896837782000000   0.61354297594593691
 -0.14796837782000000   0.61362265636632812
 -0.14696837782000000   0.61370853908098179
 -0.14596837782000000   0.61377948859399799
 -0.14496837782000000   0.61383279127634748
 -0.14396837782000000   0.61388409682083183
 -0.14296837782000000   0.61393459239828406
 -0.14196837782000000   0.61397692935468429
 -0.14096837782000000   0.61401901666743459
 -0.13996837782000000   0.61406894852076368
 -0.13896837782000000   0.61412202599998445
