 -0.32792541966000000   0.55547525620431220
 -0.32692541966000000   0.55548124170047446
 -0.32192541966000000   0.56639808028693951
 -0.31892541966000000   0.57134869496949634
 -0.31792541966000000   0.57135688991135955
 -0.31692541966000000   0.57138034426417123
 -0.31592541966000000   0.57137130201085808
 -0.31492541966000000   0.57137132073609486
 -0.31392541966000000   0.57140369679692993
 -0.31292541966000000   0.57140536291189153
 -0.31192541966000000   0.57139880871470996
 -0.31092541966000000   0.57141311969411318
 -0.30992541966000000   0.57141361666239788
 -0.30892541966000000   0.57136855731986051
 -0.30792541966000000   0.57141315178755211
 -0.30692541966000000   0.57134378274099384
 -0.30592541966000000   0.56894984109686668
 -0.30492541966000000   0.57537594201285602
 -0.30392541966000000   0.57733169759610543
 -0.30292541966000000   0.57897412617025302
 -0.30192541966000000   0.57897260838355003
 -0.30092541966000000   0.58019583091888519
 -0.29992541966000000   0.58108711631371688
 -0.29892541966000000   0.58215136769351702
 -0.29792541966000000   0.58331082110442035
 -0.29692541966000000   0.58329778709541278
 -0.29592541966000000   0.58330497925537980
 -0.29492541966000000   0.58329265386690562
 -0.29392541966000000   0.58471964608991554
 -0.29292541966000000   0.58552623938936778
 -0.29192541966000000   0.58619716882192153
 -0.29092541966000000   0.58701907085735783
 -0.28992541966000000   0.58791245462903967
 -0.28892541966000000   0.58823081104514070
 -0.28792541966000000   0.58885971634720273
 -0.28692541966000000   0.58956170907417433
 -0.28592541966000000   0.59026867138643701
 -0.28492541966000000   0.59093831018071917
 -0.28392541966000000   0.59161050983708185
 -0.28292541966000000   0.59236986454206009
 -0.28192541966000000   0.59315438586098854
 -0.28092541966000000   0.59405767236885255
 -0.27992541966000000   0.59522637475983345
 -0.27892541966000000   0.59993457632396460
 -0.27792541966000000   0.59995457816946615
 -0.27692541966000000   0.60003642457013982
 -0.27592541966000000   0.60005169598056637
 -0.27492541966000000   0.59999258991338870
 -0.27392541966000000   0.59996673210747866
 -0.27292541966000000   0.60004222889668968
 -0.27192541966000000   0.59997071284593343
 -0.27092541966000000   0.60002488495373926
 -0.26992541966000000   0.60000346306626678
 -0.26892541966000000   0.59998144685420425
 -0.26792541966000000   0.60001539176220962
 -0.26692541966000000   0.60001979709178281
 -0.26592541966000000   0.59999997972762054
 -0.26492541966000000   0.59999089380544642
 -0.26392541966000000   0.59999825404807587
 -0.26292541966000000   0.60000411774611284
 -0.26192541966000000   0.60000584870109652
 -0.26092541966000000   0.60000493750802399
 -0.25992541966000000   0.60000303010591989
 -0.25892541966000000   0.60000113342658538
 -0.25792541966000000   0.60000020075807150
 -0.25692541966000000   0.59999758051905934
 -0.25592541966000000   0.60000087901522793
 -0.25492541966000000   0.60000978786227233
 -0.25392541966000000   0.60001844004365715
 -0.25292541966000000   0.60001200538638015
 -0.25192541966000000   0.59998905298198142
 -0.25092541966000000   0.59998076569408876
 -0.24992541966000000   0.60000961557510859
 -0.24892541966000000   0.60002639007259508
 -0.24792541966000000   0.59997437320292739
 -0.24692541966000000   0.60001325239326216
 -0.24592541966000000   0.59997818001106838
 -0.24492541966000000   0.60003161267074625
 -0.24392541966000000   0.60001358518367822
 -0.24292541966000000   0.59996067969707919
 -0.24192541966000000   0.60002479671541299
 -0.24092541966000000   0.60005046860834057
 -0.23992541966000000   0.60000763314030849
 -0.23892541966000000   0.60007382519772897
 -0.23792541966000000   0.60329045531137391
 -0.23692541966000000   0.60482497655244321
 -0.23592541966000000   0.60553994475162476
 -0.23492541966000000   0.60611485088706226
 -0.23392541966000000   0.60658661321969821
 -0.23292541966000000   0.60706984940012766
 -0.23192541966000000   0.60745652804466634
 -0.23092541966000000   0.60789328219786551
 -0.22992541966000000   0.60824058097363674
 -0.22892541966000000   0.60865200171113714
 -0.22792541966000000   0.60897970352368093
 -0.22692541966000000   0.60928926377405513
 -0.22592541966000000   0.60967208543380566
 -0.22492541966000000   0.60997261130066450
 -0.22392541966000000   0.61025985584650417
 -0.22292541966000000   0.61061494692677204
 -0.22192541966000000   0.61091551218108453
 -0.22092541966000000   0.61117351280715792
 -0.21992541966000000   0.61144928646982275
 -0.21892541966000000   0.61178328253752138
 -0.21792541966000000   0.61204046337259333
 -0.21692541966000000   0.61229770919949948
 -0.21592541966000000   0.61257770593973357
 -0.21492541966000000   0.61286837885927323
 -0.21392541966000000   0.61310835409062853
 -0.21292541966000000   0.61334377362067206
 -0.21192541966000000   0.61364165329669118
 -0.21092541966000000   0.61387837387390749
 -0.20992541966000000   0.61411676778119269
 -0.20892541966000000   0.61433867012528971
 -0.20792541966000000   0.61461097121432353
 -0.20692541966000000   0.61485596066318791
 -0.20592541966000000   0.61507772843910344
 -0.20492541966000000   0.61537730871754532
 -0.20392541966000000   0.61534759092162873
 -0.20292541966000000   0.61574732731611953
 -0.20192541966000000   0.61595192199848431
 -0.20092541966000000   0.61616955708660460
 -0.19992541966000000   0.61636394956358120
 -0.19892541966000000   0.61660567887061177
 -0.19792541966000000   0.61682443311038685
 -0.19692541966000000   0.61701175223428168
 -0.19592541966000000   0.61720722593987752
 -0.19492541966000000   0.61739277786362156
 -0.19392541966000000   0.61762978244627993
 -0.19292541966000000   0.61781950632966715
 -0.19192541966000000   0.61799787398839510
 -0.19092541966000000   0.61817926670588741
 -0.18992541966000000   0.61835303916534542
 -0.18892541966000000   0.61854985308717528
 -0.18792541966000000   0.61876009925049612
 -0.18692541966000000   0.61892346881813398
 -0.18592541966000000   0.61909538980980369
 -0.18492541966000000   0.61925872276698365
 -0.18392541966000000   0.61942167290934800
 -0.18292541966000000   0.61962435891408003
 -0.18192541966000000   0.61979441678905586
 -0.18092541966000000   0.61994244720085112
 -0.17992541966000000   0.62010569966847523
 -0.17892541966000000   0.62025192867330029
 -0.17792541966000000   0.62040474098508908
 -0.17692541966000000   0.62059126865564878
 -0.17592541966000000   0.62074804703631014
 -0.17492541966000000   0.62088375321007008
 -0.17392541966000000   0.62103231946510388
 -0.17292541966000000   0.62117277039050655
 -0.17192541966000000   0.62131232945488012
 -0.17092541966000000   0.62144708789488792
 -0.16992541966000000   0.62160812453656982
 -0.16892541966000000   0.62176151166061290
 -0.16792541966000000   0.62188836050124398
 -0.16692541966000000   0.62201213120831046
 -0.16592541966000000   0.62214716738513552
 -0.16492541966000000   0.62226818510648163
 -0.16392541966000000   0.62238665372113913
 -0.16292541966000000   0.62252033633211477
 -0.16192541966000000   0.62266762399766410
 -0.16092541966000000   0.62278847708679221
 -0.15992541966000000   0.62289709288903098
