 -0.34364748291000000   0.54538443068995658
 -0.34164748291000000   0.54999953593565289
 -0.34064748291000000   0.55176542754620363
 -0.33964748291000000   0.55550863871248867
 -0.33864748291000000   0.55547998209151692
 -0.33764748291000000   0.55549230873006342
 -0.33664748291000000   0.55548618034377908
 -0.33564748291000000   0.55551584022195324
 -0.33464748291000000   0.55451804228099449
 -0.33364748291000000   0.55935349746212211
 -0.33264748291000000   0.56085349366528847
 -0.33164748291000000   0.56245730598783099
 -0.33064748291000000   0.56244488186787370
 -0.32964748291000000   0.56410009658303962
 -0.32864748291000000   0.56521609189126861
 -0.32764748291000000   0.56634318256650498
 -0.32664748291000000   0.56753376926565611
 -0.32564748291000000   0.57143155869261816
 -0.32464748291000000   0.57142141009039646
 -0.32364748291000000   0.57138703146093120
 -0.32264748291000000   0.57137526370604603
 -0.32164748291000000   0.57137670154296622
 -0.32064748291000000   0.57137762877253112
 -0.31964748291000000   0.57140814239691379
 -0.31864748291000000   0.57140997781810694
 -0.31764748291000000   0.57139571315808078
 -0.31664748291000000   0.57139215408048208
 -0.31564748291000000   0.57140433706316214
 -0.31464748291000000   0.57143023965636289
 -0.31364748291000000   0.57398894638869000
 -0.31264748291000000   0.57534247184446888
 -0.31164748291000000   0.57627687790331924
 -0.31064748291000000   0.57708768089962534
 -0.30964748291000000   0.57788416974037620
 -0.30864748291000000   0.57857914827221006
 -0.30764748291000000   0.57920701306298151
 -0.30664748291000000   0.57993018284427447
 -0.30564748291000000   0.58055805820860231
 -0.30464748291000000   0.58122962758546020
 -0.30364748291000000   0.58191153709837596
 -0.30264748291000000   0.58258526101349113
 -0.30164748291000000   0.58330905511060308
 -0.30064748291000000   0.58331502096243648
 -0.29964748291000000   0.58395949075560135
 -0.29864748291000000   0.58466721871043240
 -0.29764748291000000   0.58526355615035630
 -0.29664748291000000   0.58589499372473077
 -0.29564748291000000   0.58639852916683636
 -0.29464748291000000   0.58701524065411441
 -0.29364748291000000   0.58754555215964514
 -0.29264748291000000   0.58823569862161549
 -0.29164748291000000   0.58864672626430289
 -0.29064748291000000   0.58919772081900745
 -0.28964748291000000   0.58978206400486961
 -0.28864748291000000   0.59029139905049906
 -0.28764748291000000   0.59094276058291844
 -0.28664748291000000   0.59136552342399069
 -0.28564748291000000   0.59197856977101196
 -0.28464748291000000   0.59250044833051940
 -0.28364748291000000   0.59310836337618083
 -0.28264748291000000   0.59373690439392603
 -0.28164748291000000   0.59430901069710409
 -0.28064748291000000   0.59505322734062290
 -0.27964748291000000   0.59594124283449071
 -0.27864748291000000   0.59997455302568777
 -0.27764748291000000   0.59994954209127297
 -0.27664748291000000   0.60001428290057238
 -0.27564748291000000   0.60000932066336120
 -0.27464748291000000   0.59996192600578229
 -0.27364748291000000   0.60003648195142585
 -0.27264748291000000   0.59998219746513093
 -0.27164748291000000   0.60003429227996802
 -0.27064748291000000   0.59999048526696395
 -0.26964748291000000   0.59998703694048874
 -0.26864748291000000   0.60001094072819250
 -0.26764748291000000   0.60001830490007103
 -0.26664748291000000   0.60001257489477407
 -0.26564748291000000   0.60000663817179466
 -0.26464748291000000   0.60000590312000402
 -0.26364748291000000   0.60000423644660775
 -0.26264748291000000   0.60000258901283795
 -0.26164748291000000   0.59999922386392786
 -0.26064748291000000   0.59999419365218788
 -0.25964748291000000   0.59999232657190471
 -0.25864748291000000   0.60000323207873465
 -0.25764748291000000   0.60002403581300450
 -0.25664748291000000   0.60001591186758044
 -0.25564748291000000   0.59997739595649043
 -0.25464748291000000   0.60002581582074511
 -0.25364748291000000   0.60000380424922243
 -0.25264748291000000   0.59999559416363144
 -0.25164748291000000   0.60001338511094999
 -0.25064748291000000   0.60005147413768017
 -0.24964748291000000   0.60003019120585075
 -0.24864748291000000   0.60006847138477219
 -0.24764748291000000   0.60007210599816660
 -0.24664748291000000   0.60371360781269992
 -0.24564748291000000   0.60440197832604314
 -0.24464748291000000   0.60499625664187682
 -0.24364748291000000   0.60545373229160977
 -0.24264748291000000   0.60593601354180316
 -0.24164748291000000   0.60632969852938940
 -0.24064748291000000   0.60678139156833266
 -0.23964748291000000   0.60714002940045305
 -0.23864748291000000   0.60748865828767039
 -0.23764748291000000   0.60789499483946964
 -0.23664748291000000   0.60822007539037746
 -0.23564748291000000   0.60856760748632773
 -0.23464748291000000   0.60891154651983899
 -0.23364748291000000   0.60922859546751566
 -0.23264748291000000   0.60955569296904980
 -0.23164748291000000   0.60988902414285763
 -0.23064748291000000   0.61018489328070137
 -0.22964748291000000   0.61049174868127757
 -0.22864748291000000   0.61082115151084328
 -0.22764748291000000   0.61110366888921103
 -0.22664748291000000   0.61137739445215186
 -0.22564748291000000   0.61171515712918567
 -0.22464748291000000   0.61198268075727460
 -0.22364748291000000   0.61225770442308184
 -0.22264748291000000   0.61253227068883825
 -0.22164748291000000   0.61284464762176425
 -0.22064748291000000   0.61309997961315988
 -0.21964748291000000   0.61335025076606593
 -0.21864748291000000   0.61364413047943955
 -0.21764748291000000   0.61391568619354361
 -0.21664748291000000   0.61416179881326313
 -0.21564748291000000   0.61440172203273641
 -0.21464748291000000   0.61470021507710317
 -0.21364748291000000   0.61493875076704945
 -0.21264748291000000   0.61518374520065486
 -0.21164748291000000   0.61536247013666183
 -0.21064748291000000   0.61568110130105027
 -0.20964748291000000   0.61592229377167308
 -0.20864748291000000   0.61615022233332353
 -0.20764748291000000   0.61636869053520816
 -0.20664748291000000   0.61663651290521913
 -0.20564748291000000   0.61686818164617814
 -0.20464748291000000   0.61708388819415509
 -0.20364748291000000   0.61729305261042707
 -0.20264748291000000   0.61753608349066631
 -0.20164748291000000   0.61777527924426436
 -0.20064748291000000   0.61797743699568755
 -0.19964748291000000   0.61818365364390318
 -0.19864748291000000   0.61838841220255192
 -0.19764748291000000   0.61862789933219435
 -0.19664748291000000   0.61884573259022213
 -0.19564748291000000   0.61903782137115941
 -0.19464748291000000   0.61923379922854359
 -0.19364748291000000   0.61942725033310448
 -0.19264748291000000   0.61966215862573966
 -0.19164748291000000   0.61985489042795501
 -0.19064748291000000   0.62004022064701590
 -0.18964748291000000   0.62022351563435277
 -0.18864748291000000   0.62040945609410178
 -0.18764748291000000   0.62063138977593734
 -0.18664748291000000   0.62081402094287840
 -0.18564748291000000   0.62098822321030004
 -0.18464748291000000   0.62116441349698665
 -0.18364748291000000   0.62133800264410863
 -0.18264748291000000   0.62151897482420669
 -0.18164748291000000   0.62172474799883546
 -0.18064748291000000   0.62189281059444566
 -0.17964748291000000   0.62205572158016948
 -0.17864748291000000   0.62222208849121871
 -0.17764748291000000   0.62237849930788506
 -0.17664748291000000   0.62256082765397835
 -0.17564748291000000   0.62274385468154520
 -0.17464748291000000   0.62289579160038285
 -0.17364748291000000   0.62305118969126284
 -0.17264748291000000   0.62320587248024195
 -0.17164748291000000   0.62335222579985983
 -0.17064748291000000   0.62352067008224777
 -0.16964748291000000   0.62369498182223804
 -0.16864748291000000   0.62384028234307987
 -0.16764748291000000   0.62398341360666772
 -0.16664748291000000   0.62413409911942751
 -0.16564748291000000   0.62427623777409343
 -0.16464748291000000   0.62443308864403422
 -0.16364748291000000   0.62461956312808667
