 -0.36267171830000000   0.55645941500811316
 -0.36167171830000000   0.55703540729082193
 -0.36067171830000000   0.55756827887423020
 -0.35967171830000000   0.55813558284978684
 -0.35867171830000000   0.55867982148777913
 -0.35767171830000000   0.55922126344981026
 -0.35667171830000000   0.55977753806612922
 -0.35567171830000000   0.56029054220092023
 -0.35467171830000000   0.56084741635736112
 -0.35367171830000000   0.56134637318112726
 -0.35267171830000000   0.56190635865410433
 -0.35167171830000000   0.56240167050050715
 -0.35067171830000000   0.56294903662426692
 -0.34967171830000000   0.56343857037727003
 -0.34867171830000000   0.56397969697429268
 -0.34767171830000000   0.56446916443748026
 -0.34667171830000000   0.56500127272518483
 -0.34567171830000000   0.56549275341586335
 -0.34467171830000000   0.56601419314012821
 -0.34367171830000000   0.56649930303180148
 -0.34267171830000000   0.56702527637808525
 -0.34167171830000000   0.56749968551860565
 -0.34067171830000000   0.56801917416982583
 -0.33967171830000000   0.56849114403567458
 -0.33867171830000000   0.56900470073367403
 -0.33767171830000000   0.56947389329477656
 -0.33667171830000000   0.56998301109577941
 -0.33567171830000000   0.57045098296577426
 -0.33467171830000000   0.57096423263457150
 -0.33367171830000000   0.57141659088204779
 -0.33267171830000000   0.57188389502684721
 -0.33167171830000000   0.57234800462645604
 -0.33067171830000000   0.57284817172192536
 -0.32967171830000000   0.57329955912147791
 -0.32867171830000000   0.57378875494820519
 -0.32767171830000000   0.57423855065111378
 -0.32667171830000000   0.57471669472013440
 -0.32567171830000000   0.57516785052889320
 -0.32467171830000000   0.57563266950377759
 -0.32367171830000000   0.57608825070511652
 -0.32267171830000000   0.57653817451264469
 -0.32167171830000000   0.57700058417158480
 -0.32067171830000000   0.57743667757277421
 -0.31967171830000000   0.57790588336808454
 -0.31867171830000000   0.57833599087780084
 -0.31767171830000000   0.57880514621969884
 -0.31667171830000000   0.57922963631093198
 -0.31567171830000000   0.57967692815518165
 -0.31467171830000000   0.58011682214289863
 -0.31367171830000000   0.58054191727195519
 -0.31267171830000000   0.58099476144241943
 -0.31167171830000000   0.58140700981976020
 -0.31067171830000000   0.58186522334275580
 -0.30967171830000000   0.58227283316742100
 -0.30867171830000000   0.58272005987886033
 -0.30767171830000000   0.58313222937130155
 -0.30667171830000000   0.58354703467146335
 -0.30567171830000000   0.58398738709915571
 -0.30467171830000000   0.58438606014727185
 -0.30367171830000000   0.58482983892340615
 -0.30267171830000000   0.58522676427585870
 -0.30167171830000000   0.58565111967459976
 -0.30067171830000000   0.58605261100604659
 -0.29967171830000000   0.58647427744574488
 -0.29867171830000000   0.58686341622898197
 -0.29767171830000000   0.58729596307921292
 -0.29667171830000000   0.58769065934678617
 -0.29567171830000000   0.58809271880902600
 -0.29467171830000000   0.58847858275232403
 -0.29367171830000000   0.58890163712108370
 -0.29267171830000000   0.58927936425775264
 -0.29167171830000000   0.58968941469866749
 -0.29067171830000000   0.59007975483378378
 -0.28967171830000000   0.59045530164867648
 -0.28867171830000000   0.59087028413647062
 -0.28767171830000000   0.59124068763047593
 -0.28667171830000000   0.59163420640720302
 -0.28567171830000000   0.59202134235819585
 -0.28467171830000000   0.59238787376471236
 -0.28367171830000000   0.59279385421421667
 -0.28267171830000000   0.59315733626991318
 -0.28167171830000000   0.59353930388565352
 -0.28067171830000000   0.59392026252612724
 -0.27967171830000000   0.59427781300604065
 -0.27867171830000000   0.59466015039924574
 -0.27767171830000000   0.59502768139474465
 -0.27667171830000000   0.59541284971237853
 -0.27567171830000000   0.59576391866955241
 -0.27467171830000000   0.59614612887451605
 -0.27367171830000000   0.59650895133758023
 -0.27267171830000000   0.59685917546481656
 -0.27167171830000000   0.59724674727647621
 -0.27067171830000000   0.59759441436126348
 -0.26967171830000000   0.59797266684809610
 -0.26867171830000000   0.59832385122376293
 -0.26767171830000000   0.59871526735950623
 -0.26667171830000000   0.59910531159885778
 -0.26567171830000000   0.60006405730553052
 -0.26467171830000000   0.60003184774865959
 -0.26367171830000000   0.60000438923446793
 -0.26267171830000000   0.59997695582522528
 -0.26167171830000000   0.59996030887277019
 -0.26067171830000000   0.60089183157142930
 -0.25967171830000000   0.60125927398285952
 -0.25867171830000000   0.60163293584160667
 -0.25767171830000000   0.60197924366601137
 -0.25667171830000000   0.60230658218047979
 -0.25567171830000000   0.60266489492691634
 -0.25467171830000000   0.60299434843419444
 -0.25367171830000000   0.60331326686800631
 -0.25267171830000000   0.60366338778561813
 -0.25167171830000000   0.60398411092194585
 -0.25067171830000000   0.60429697445204391
 -0.24967171830000000   0.60464028756172280
 -0.24867171830000000   0.60495553226403771
 -0.24767171830000000   0.60528332808644061
 -0.24667171830000000   0.60559140224309326
 -0.24567171830000000   0.60589672434368046
 -0.24467171830000000   0.60623084490593734
 -0.24367171830000000   0.60653631359270658
 -0.24267171830000000   0.60683489876172300
 -0.24167171830000000   0.60716093507344588
 -0.24067171830000000   0.60746609188144949
 -0.23967171830000000   0.60777504675081275
 -0.23867171830000000   0.60807535758354245
 -0.23767171830000000   0.60836520360018649
 -0.23667171830000000   0.60867656153147161
 -0.23567171830000000   0.60898081695694911
 -0.23467171830000000   0.60926582332634146
 -0.23367171830000000   0.60956123053534146
 -0.23267171830000000   0.60987065587586946
 -0.23167171830000000   0.61015219223986346
 -0.23067171830000000   0.61043424271607541
 -0.22967171830000000   0.61074104572637693
 -0.22867171830000000   0.61102425369466574
 -0.22767171830000000   0.61129865698195318
 -0.22667171830000000   0.61158969987933604
 -0.22567171830000000   0.61188185988329975
 -0.22467171830000000   0.61215192255259076
 -0.22367171830000000   0.61242463740506055
 -0.22267171830000000   0.61271956543295079
 -0.22167171830000000   0.61299108949114751
 -0.22067171830000000   0.61325492194910926
 -0.21967171830000000   0.61353235142971481
 -0.21867171830000000   0.61381538300061276
 -0.21767171830000000   0.61407552072529097
 -0.21667171830000000   0.61433500769206964
 -0.21567171830000000   0.61461509371474507
 -0.21467171830000000   0.61488213426686063
 -0.21367171830000000   0.61513550412400112
 -0.21267171830000000   0.61539277318815051
 -0.21167171830000000   0.61566875304010517
 -0.21067171830000000   0.61592367200787987
 -0.20967171830000000   0.61617112804104016
 -0.20867171830000000   0.61642624462002599
 -0.20767171830000000   0.61669460246783762
 -0.20667171830000000   0.61694093564020793
 -0.20567171830000000   0.61718258197131110
 -0.20467171830000000   0.61743374087932542
 -0.20367171830000000   0.61767834675804446
 -0.20267171830000000   0.61792935573249340
 -0.20167171830000000   0.61818486733094429
 -0.20067171830000000   0.61842063858722089
 -0.19967171830000000   0.61865362622470017
 -0.19867171830000000   0.61890633980427478
 -0.19767171830000000   0.61913629021857872
 -0.19667171830000000   0.61936695988749768
 -0.19567171830000000   0.61961353165820329
 -0.19467171830000000   0.61985119095170240
 -0.19367171830000000   0.62007553377341320
 -0.19267171830000000   0.62029884966108755
 -0.19167171830000000   0.62053434823301031
 -0.19067171830000000   0.62077105056298550
 -0.18967171830000000   0.62099078935499182
 -0.18867171830000000   0.62120775612490608
 -0.18767171830000000   0.62142996005370115
 -0.18667171830000000   0.62166377331603320
 -0.18567171830000000   0.62188222034060043
 -0.18467171830000000   0.62209342154949690
 -0.18367171830000000   0.62230432025085189
 -0.18267171830000000   0.62252702425604372
 -0.18167171830000000   0.62274847206487496
 -0.18067171830000000   0.62295515043249063
 -0.17967171830000000   0.62315922855418985
 -0.17867171830000000   0.62336570919752837
 -0.17767171830000000   0.62358402134155189
 -0.17667171830000000   0.62379295517950398
 -0.17567171830000000   0.62399151428117178
 -0.17467171830000000   0.62418850966767629
 -0.17367171830000000   0.62438973858590075
 -0.17267171830000000   0.62460055690783923
 -0.17167171830000000   0.62480032624066912
 -0.17067171830000000   0.62499151211106063
 -0.16967171830000000   0.62518062427331348
 -0.16867171830000000   0.62537451215919796
 -0.16767171830000000   0.62557714962856555
 -0.16667171830000000   0.62577003680584624
 -0.16567171830000000   0.62595436821791930
 -0.16467171830000000   0.62613719991110083
 -0.16367171830000000   0.62632151320005918
