 -0.29992549051000000   0.59908542950410993
 -0.26692549051000000   0.60000402349004037
 -0.26392549051000000   0.59997449976598707
 -0.26292549051000000   0.60003735578486265
 -0.26192549051000000   0.59997440152638064
 -0.26092549051000000   0.60003547385836392
 -0.25992549051000000   0.59998113897266761
 -0.25892549051000000   0.59997129708025148
 -0.25792549051000000   0.60001149509825186
 -0.25692549051000000   0.60002228682928572
 -0.25592549051000000   0.59997577377439790
 -0.25492549051000000   0.60000056929656242
 -0.25392549051000000   0.60001653259825773
 -0.25292549051000000   0.59998141961981753
 -0.25192549051000000   0.60000460063087168
 -0.25092549051000000   0.60001325442172438
 -0.24992549051000000   0.59999836597928261
 -0.24892549051000000   0.59998681051693501
 -0.24792549051000000   0.59998680643320378
 -0.24692549051000000   0.59999273847560250
 -0.24592549051000000   0.59999864601146116
 -0.24492549051000000   0.60000175007805341
 -0.24392549051000000   0.60000217811058901
 -0.24292549051000000   0.59999927893368384
 -0.24192549051000000   0.59999794526028773
 -0.24092549051000000   0.59999732353716881
 -0.23992549051000000   0.59999707239503007
 -0.23892549051000000   0.59999682287579793
 -0.23792549051000000   0.59999873890933043
 -0.23692549051000000   0.59999881480202501
 -0.23592549051000000   0.59999785425044743
 -0.23492549051000000   0.59999555811562872
 -0.23392549051000000   0.59999214673273247
 -0.23292549051000000   0.59998878998864325
 -0.23192549051000000   0.59998766148078684
 -0.23092549051000000   0.59999130038404092
 -0.22992549051000000   0.60000070583623114
 -0.22892549051000000   0.60001067983634404
 -0.22792549051000000   0.60001019877587176
 -0.22692549051000000   0.59999653206202769
 -0.22592549051000000   0.59998188115552092
 -0.22492549051000000   0.59998337356824572
 -0.22392549051000000   0.60000700163991759
 -0.22292549051000000   0.60001874247747912
 -0.22192549051000000   0.59999276799502142
 -0.22092549051000000   0.59998069606682395
 -0.21992549051000000   0.59998125075052204
 -0.21892549051000000   0.60002516214967178
 -0.21792549051000000   0.59998828220659949
 -0.21692549051000000   0.60002207004887738
 -0.21592549051000000   0.60001429215303561
 -0.21492549051000000   0.60001889674770697
 -0.21392549051000000   0.60001682265842330
 -0.21292549051000000   0.60003399403205369
 -0.21192549051000000   0.60002973202591260
 -0.21092549051000000   0.60003758253716409
 -0.20992549051000000   0.59996292807408409
 -0.20892549051000000   0.60002999992990477
 -0.20792549051000000   0.59999222917501956
 -0.20692549051000000   0.59996466732875020
 -0.20192549051000000   0.59977681989885409
 -0.20092549051000000   0.59967232406285537
 -0.19892549051000000   0.59926209164208450
 -0.19692549051000000   0.59807771590174854
 -0.19492549051000000   0.60393397216150322
 -0.19392549051000000   0.60593967362319290
 -0.19292549051000000   0.60661937542499311
 -0.19192549051000000   0.60716524042664604
 -0.19092549051000000   0.60753343227045923
 -0.18992549051000000   0.60795177700215633
 -0.18892549051000000   0.60826598258184350
 -0.18792549051000000   0.60851079779043097
 -0.18692549051000000   0.60886955657627140
 -0.18592549051000000   0.60908827169142734
 -0.18492549051000000   0.60930928247710735
 -0.18392549051000000   0.60957989357812531
 -0.18292549051000000   0.60979631415571424
 -0.18192549051000000   0.60997823238562929
 -0.18092549051000000   0.61018490421514508
 -0.17992549051000000   0.61034649205387418
 -0.17892549051000000   0.61056020403965597
 -0.17792549051000000   0.61074097368161670
 -0.17692549051000000   0.61087725778554737
 -0.17592549051000000   0.61102914208318106
 -0.17492549051000000   0.61123405335937514
 -0.17392549051000000   0.61136276236192254
 -0.17292549051000000   0.61152162952718558
 -0.17192549051000000   0.61169158996276364
 -0.17092549051000000   0.61181980792104432
 -0.16992549051000000   0.61193216540293013
 -0.16892549051000000   0.61207298147639926
 -0.16792549051000000   0.61219187684877021
 -0.16692549051000000   0.61230050080931752
 -0.16592549051000000   0.61241337731327413
 -0.16492549051000000   0.61254722590810182
 -0.16392549051000000   0.61268744021804013
 -0.16292549051000000   0.61278661388306962
 -0.16192549051000000   0.61287626970512949
 -0.16092549051000000   0.61297095152089310
 -0.15992549051000000   0.61308011905753798
 -0.15892549051000000   0.61318121373713425
 -0.15792549051000000   0.61325499964680652
 -0.15692549051000000   0.61334305214006636
 -0.15592549051000000   0.61342433137990452
 -0.15492549051000000   0.61350697275668655
 -0.15392549051000000   0.61361506802390465
 -0.15292549051000000   0.61371041726472243
 -0.15192549051000000   0.61378659820373077
 -0.15092549051000000   0.61385233900830211
 -0.14992549051000000   0.61391894409296367
 -0.14892549051000000   0.61397567862218965
 -0.14792549051000000   0.61403258183157247
 -0.14692549051000000   0.61410319661699604
 -0.14592549051000000   0.61417337644747314
 -0.14492549051000000   0.61424088118302826
 -0.14392549051000000   0.61429493667953145
 -0.14292549051000000   0.61433898842329219
 -0.14192549051000000   0.61438539425795533
 -0.14092549051000000   0.61443229930057055
 -0.13992549051000000   0.61447434642304807
