 -0.24372819385000000   0.59678543377720671
 -0.23072819385000000   0.59852407316648497
 -0.22572819385000000   0.59898793342819466
 -0.22372819385000000   0.59998610776757482
 -0.22272819385000000   0.59996018739624191
 -0.22172819385000000   0.60000901335482089
 -0.22072819385000000   0.60000238040316343
 -0.21972819385000000   0.60000219431318731
 -0.21872819385000000   0.59996798844561681
 -0.21772819385000000   0.60000171474247470
 -0.21672819385000000   0.60000049071273107
 -0.21572819385000000   0.59996809220506364
 -0.21472819385000000   0.59999121881988581
 -0.21372819385000000   0.59999966750858858
 -0.21272819385000000   0.59997706084317277
 -0.21172819385000000   0.59997125446180260
 -0.21072819385000000   0.59998200318235891
 -0.20972819385000000   0.59999422839789040
 -0.20872819385000000   0.59999629236979962
 -0.20772819385000000   0.59998670082454122
 -0.20672819385000000   0.59997763245296725
 -0.20572819385000000   0.59997436825450577
 -0.20472819385000000   0.59997575258294364
 -0.20372819385000000   0.59997944564380321
 -0.20272819385000000   0.59998359540344160
 -0.20172819385000000   0.59998699235718432
 -0.20072819385000000   0.59998902613254461
 -0.19972819385000000   0.59998965920326340
 -0.19872819385000000   0.59998925279147864
 -0.19772819385000000   0.59998829814290420
 -0.19672819385000000   0.59998720397804889
 -0.19572819385000000   0.59998621708403808
 -0.19472819385000000   0.59998544020418014
 -0.19372819385000000   0.59998488304358225
 -0.19272819385000000   0.59998357816656939
 -0.19172819385000000   0.59998383490550982
 -0.19072819385000000   0.59998413798492714
 -0.18972819385000000   0.59998443222976685
 -0.18872819385000000   0.59998466597833150
 -0.18772819385000000   0.59998478711534230
 -0.18672819385000000   0.59998630997095452
 -0.18572819385000000   0.59998659531090472
 -0.18472819385000000   0.59998665676039060
 -0.18372819385000000   0.59998640988269647
 -0.18272819385000000   0.59998578169615268
 -0.18172819385000000   0.59998473441977743
 -0.18072819385000000   0.59998328893595362
 -0.17972819385000000   0.59998154181840107
 -0.17872819385000000   0.59997967172144943
 -0.17772819385000000   0.59997793714552640
 -0.17672819385000000   0.59997667218127934
 -0.17572819385000000   0.59997626762640221
 -0.17472819385000000   0.59997713131367664
 -0.17372819385000000   0.59997546257228592
 -0.17272819385000000   0.59997676857815188
 -0.17172819385000000   0.59998010722790222
 -0.17072819385000000   0.59998534183749129
 -0.16972819385000000   0.59999139603863351
 -0.16872819385000000   0.59999581713974686
 -0.16772819385000000   0.59999626520507351
 -0.16672819385000000   0.59999252400051898
 -0.16572819385000000   0.59998621467019934
 -0.16472819385000000   0.59997932375823152
 -0.16372819385000000   0.59997365386164857
 -0.16272819385000000   0.59997062595946928
 -0.16172819385000000   0.59997074697430807
 -0.16072819385000000   0.59998591999859186
 -0.15972819385000000   0.59999498137454638
 -0.15872819385000000   0.60000119402227001
 -0.15772819385000000   0.59999772989188708
 -0.15672819385000000   0.59998787677889925
 -0.15572819385000000   0.59997732075545627
 -0.15472819385000000   0.59996944380566578
 -0.15372819385000000   0.59996700331131256
 -0.15272819385000000   0.59996689069437287
 -0.15172819385000000   0.59997462561647202
 -0.15072819385000000   0.59999241805523662
 -0.14972819385000000   0.60000507534991174
 -0.14872819385000000   0.59999808926277870
 -0.14772819385000000   0.59998176298962029
 -0.14672819385000000   0.59996957090528409
 -0.14572819385000000   0.59996418130043001
 -0.14472819385000000   0.59997391733378679
 -0.14372819385000000   0.60000174892393632
 -0.14272819385000000   0.60000119451329302
 -0.14172819385000000   0.59996258632725387
 -0.14072819385000000   0.59996221552124128
 -0.13972819385000000   0.59996172734053703
 -0.13872819385000000   0.59996199383656997
 -0.13772819385000000   0.59996227294282338
 -0.13672819385000000   0.59996533810020839
 -0.13572819385000000   0.59996702742686743
 -0.13472819385000000   0.59999909019320868
 -0.13372819385000000   0.59999815859126477
 -0.13272819385000000   0.59997346641221915
 -0.13172819385000000   0.59996386881310800
 -0.13072819385000000   0.59996209798309192
 -0.12972819385000000   0.60000973179747369
 -0.12872819385000000   0.60000068839777501
 -0.12772819385000000   0.59999891009027824
 -0.12672819385000000   0.59998245054644577
 -0.12572819385000000   0.59999868829667713
 -0.12372819385000000   0.59997746020532279
 -0.12072819385000000   0.59875023549244530
 -0.11972819385000000   0.59996115638553742
 -0.11772819385000000   0.59996036924440004
 -0.11672819385000000   0.59998837787164008
 -0.11472819385000000   0.59858243933342845
 -0.10572819385000000   0.59600499964174980
