 -0.26695776308000000   0.59936833378016191
 -0.26395776308000000   0.60000588062025141
 -0.26195776308000000   0.60003880914391575
 -0.26095776308000000   0.59990149998711704
 -0.25995776308000000   0.60001527516989781
 -0.25895776308000000   0.60002122630659877
 -0.25795776308000000   0.59996707058918796
 -0.25695776308000000   0.60002460756494536
 -0.25595776308000000   0.60000715538998376
 -0.25495776308000000   0.59997582008958638
 -0.25395776308000000   0.60002072137394923
 -0.25295776308000000   0.59998990062340228
 -0.25195776308000000   0.59998036911247910
 -0.25095776308000000   0.59999268499765942
 -0.24995776308000000   0.60001457846462190
 -0.24895776308000000   0.60000111078857122
 -0.24795776308000000   0.59998439381135520
 -0.24695776308000000   0.59998542971797094
 -0.24595776308000000   0.60000672474910554
 -0.24495776308000000   0.59999751560596244
 -0.24395776308000000   0.59999099497583353
 -0.24295776308000000   0.59998905514733860
 -0.24195776308000000   0.59999001497128452
 -0.24095776308000000   0.59999198174756121
 -0.23995776308000000   0.59999746984670676
 -0.23895776308000000   0.59999755664588100
 -0.23795776308000000   0.59999702523612877
 -0.23695776308000000   0.59999623294545672
 -0.23595776308000000   0.59999544493331144
 -0.23495776308000000   0.59999490445464741
 -0.23395776308000000   0.59999490326051241
 -0.23295776308000000   0.59999579391550585
 -0.23195776308000000   0.59999788236740432
 -0.23095776308000000   0.59999386552181965
 -0.22995776308000000   0.59999777130142187
 -0.22895776308000000   0.60000321019535881
 -0.22795776308000000   0.60000733537655521
 -0.22695776308000000   0.60000629844460977
 -0.22595776308000000   0.59999850870197107
 -0.22495776308000000   0.59998757804684515
 -0.22395776308000000   0.59998148241070976
 -0.22295776308000000   0.59998761894277459
 -0.22195776308000000   0.60000654161518627
 -0.22095776308000000   0.60001600770621871
 -0.21995776308000000   0.59999957190740656
 -0.21895776308000000   0.59997836554658160
 -0.21795776308000000   0.59998224117870562
 -0.21695776308000000   0.60001550056632742
 -0.21595776308000000   0.60001232255960446
 -0.21495776308000000   0.59999577594790493
 -0.21395776308000000   0.59997092986623626
 -0.21295776308000000   0.60001987772556049
 -0.21195776308000000   0.59998554344038337
 -0.21095776308000000   0.60002070002738968
 -0.20995776308000000   0.60001353048754594
 -0.20895776308000000   0.60002006508689530
 -0.20795776308000000   0.60001826724183693
 -0.20695776308000000   0.60001600313480598
 -0.20595776308000000   0.60003624890964701
 -0.20495776308000000   0.60003468184260686
 -0.20395776308000000   0.59996886479130308
 -0.20295776308000000   0.60003730125439484
 -0.20195776308000000   0.59903702503480899
 -0.20095776308000000   0.59996676485740123
 -0.18795776308000000   0.60518667719842694
 -0.18695776308000000   0.60619011548709458
 -0.18595776308000000   0.60679985014794425
 -0.18495776308000000   0.60724397827196710
 -0.18395776308000000   0.60755198674433898
 -0.18295776308000000   0.60793799376167307
 -0.18195776308000000   0.60820053990292888
 -0.18095776308000000   0.60844247772271958
 -0.17995776308000000   0.60877525111831296
 -0.17895776308000000   0.60896131348638010
 -0.17795776308000000   0.60916360643438441
 -0.17695776308000000   0.60934602552862248
 -0.17595776308000000   0.60953289882390306
 -0.17495776308000000   0.60976839902955250
 -0.17395776308000000   0.60992435421329729
 -0.17295776308000000   0.61008489009762579
 -0.17195776308000000   0.61025815069724357
 -0.17095776308000000   0.61038224123276724
 -0.16995776308000000   0.61052093485252041
 -0.16895776308000000   0.61071661628937870
 -0.16795776308000000   0.61084249826852564
 -0.16695776308000000   0.61094812655756249
 -0.16595776308000000   0.61105429594349680
 -0.16495776308000000   0.61125425219790630
 -0.16395776308000000   0.61133950248428143
 -0.16295776308000000   0.61144416371885165
 -0.16195776308000000   0.61155106052628145
 -0.16095776308000000   0.61169694152778108
 -0.15995776308000000   0.61180739122226701
 -0.15895776308000000   0.61190036089363711
 -0.15795776308000000   0.61197792728251647
 -0.15695776308000000   0.61206959516157074
 -0.15595776308000000   0.61217019200831115
 -0.15495776308000000   0.61226595233983712
 -0.15395776308000000   0.61233215331543667
 -0.15295776308000000   0.61240755312804890
 -0.15195776308000000   0.61247730560782270
 -0.15095776308000000   0.61255825011879269
 -0.14995776308000000   0.61265777731977244
 -0.14895776308000000   0.61274114499701590
 -0.14795776308000000   0.61276784665980692
 -0.14695776308000000   0.61285479496383324
 -0.14595776308000000   0.61293419793578999
 -0.14495776308000000   0.61299271529035894
 -0.14395776308000000   0.61304225413148758
 -0.14295776308000000   0.61309406728525096
 -0.14195776308000000   0.61313923363530403
 -0.14095776308000000   0.61317865558239572
 -0.13995776308000000   0.61322337067997890
 -0.13895776308000000   0.61327542668786895
 -0.13795776308000000   0.61333390325431980
 -0.13695776308000000   0.61336674616123176
