 -0.31989413481000000   0.59600382853858520
 -0.26489413481000000   0.59997444809085920
 -0.26289413481000000   0.59935514140082926
 -0.25989413481000000   0.59997318362832623
 -0.25689413481000000   0.59996282221546325
 -0.25589413481000000   0.59997570756443362
 -0.25489413481000000   0.60000337352703934
 -0.25389413481000000   0.59999939125485948
 -0.25289413481000000   0.59996822604685715
 -0.25189413481000000   0.60001719071443518
 -0.25089413481000000   0.59999452063915491
 -0.24989413481000000   0.59997715611922325
 -0.24889413481000000   0.60001475060256433
 -0.24789413481000000   0.60001598186833328
 -0.24689413481000000   0.59998591725630914
 -0.24589413481000000   0.59997977213929709
 -0.24489413481000000   0.59999746207264907
 -0.24389413481000000   0.60001008948983849
 -0.24289413481000000   0.60000326335473215
 -0.24189413481000000   0.60000305988257693
 -0.24089413481000000   0.59999289807413005
 -0.23989413481000000   0.59998754282937592
 -0.23889413481000000   0.60000345353891602
 -0.23789413481000000   0.60000108202616218
 -0.23689413481000000   0.59999818940822446
 -0.23589413481000000   0.59999598577459424
 -0.23489413481000000   0.59999475905862153
 -0.23389413481000000   0.59999267687222981
 -0.23289413481000000   0.59999372152661852
 -0.23189413481000000   0.59999482477242403
 -0.23089413481000000   0.59999592371093336
 -0.22989413481000000   0.59999695418266110
 -0.22889413481000000   0.59999777222904189
 -0.22789413481000000   0.59999810717279661
 -0.22689413481000000   0.59999758672519578
 -0.22589413481000000   0.59999584796454191
 -0.22489413481000000   0.59999267136250395
 -0.22389413481000000   0.59998870613310661
 -0.22289413481000000   0.59998566563507314
 -0.22189413481000000   0.59998490026603672
 -0.22089413481000000   0.59998866328520426
 -0.21989413481000000   0.59999742565124902
 -0.21889413481000000   0.60000758472099312
 -0.21789413481000000   0.60000691813094000
 -0.21689413481000000   0.60001151545304085
 -0.21589413481000000   0.60000150110977273
 -0.21489413481000000   0.59998483152371681
 -0.21389413481000000   0.59997660272241257
 -0.21289413481000000   0.59998753811732370
 -0.21189413481000000   0.60001391234721080
 -0.21089413481000000   0.60001359481909166
 -0.20989413481000000   0.59998621743300748
 -0.20889413481000000   0.59997183524553755
 -0.20789413481000000   0.59999543228175511
 -0.20689413481000000   0.60002230677409801
 -0.20589413481000000   0.59998408034789914
 -0.20489413481000000   0.59996944611607328
 -0.20389413481000000   0.60000737639787857
 -0.20289413481000000   0.59996404938002320
 -0.20189413481000000   0.60002411616912287
 -0.20089413481000000   0.60002057043848982
 -0.19989413481000000   0.60001976099894979
 -0.19889413481000000   0.60001521534687269
 -0.19789413481000000   0.60001684253786539
 -0.19689413481000000   0.60001846026033714
 -0.19589413481000000   0.60001737683436033
 -0.19489413481000000   0.60001286046617099
 -0.19389413481000000   0.60003045935850581
 -0.19289413481000000   0.60002595731132728
 -0.18589413481000000   0.59921905952215297
 -0.18189413481000000   0.59997358443592045
 -0.17589413481000000   0.60555464239200567
 -0.17489413481000000   0.60627472294924729
 -0.17389413481000000   0.60674470048605934
 -0.17289413481000000   0.60704539264395190
 -0.17189413481000000   0.60736596521813545
 -0.17089413481000000   0.60764980277316360
 -0.16989413481000000   0.60791776126033827
 -0.16889413481000000   0.60811521632746053
 -0.16789413481000000   0.60832350150272243
 -0.16689413481000000   0.60848018175012759
 -0.16589413481000000   0.60865475278046685
 -0.16489413481000000   0.60887815785551839
 -0.16389413481000000   0.60899907790889064
 -0.16289413481000000   0.60915759943083961
 -0.16189413481000000   0.60931176088307447
 -0.16089413481000000   0.60941434100909808
 -0.15989413481000000   0.60953201841162562
 -0.15889413481000000   0.60969123750755203
 -0.15789413481000000   0.60981805437432976
 -0.15689413481000000   0.60992357047217432
 -0.15589413481000000   0.61000245098045887
 -0.15489413481000000   0.61011439602750994
 -0.15389413481000000   0.61022238534535023
 -0.15289413481000000   0.61031066717299847
 -0.15189413481000000   0.61038259096886055
 -0.15089413481000000   0.61046872180810328
 -0.14989413481000000   0.61053939740211708
 -0.14889413481000000   0.61062460937764766
 -0.14789413481000000   0.61073043900475696
 -0.14689413481000000   0.61081066160948822
 -0.14589413481000000   0.61086701372869517
 -0.14489413481000000   0.61092806421677227
 -0.14389413481000000   0.61097921183557981
 -0.14289413481000000   0.61101901056998638
 -0.14189413481000000   0.61106217288331554
 -0.14089413481000000   0.61117668130481738
 -0.13989413481000000   0.61123188459111298
 -0.13889413481000000   0.61128376101730914
 -0.13789413481000000   0.61132224286751520
 -0.13689413481000000   0.61133559752215671
 -0.13589413481000000   0.61137167559507249
 -0.13489413481000000   0.61141446330839349
 -0.13389413481000000   0.61148564262256824
 -0.13289413481000000   0.61151263811692319
 -0.13189413481000000   0.61153973233192931
