 -0.36227766744000000   0.49967417807383265
 -0.35427766744000000   0.53841459214745044
 -0.35327766744000000   0.54171747315493754
 -0.35227766744000000   0.54540367349035179
 -0.35127766744000000   0.54539221458870142
 -0.35027766744000000   0.54538062295437360
 -0.34927766744000000   0.54882993465633508
 -0.34827766744000000   0.55001855568674319
 -0.34727766744000000   0.55176771767598763
 -0.34627766744000000   0.55353579912772103
 -0.34527766744000000   0.55548306235274633
 -0.34427766744000000   0.55551017896803614
 -0.34327766744000000   0.55549476769634227
 -0.34227766744000000   0.55551573925413183
 -0.34127766744000000   0.55556612955584311
 -0.34027766744000000   0.55844055302299563
 -0.33927766744000000   0.55957144903031939
 -0.33827766744000000   0.56055442477525448
 -0.33727766744000000   0.56153820206660371
 -0.33627766744000000   0.56245344422266868
 -0.33527766744000000   0.56327503924503696
 -0.33427766744000000   0.56417591676166458
 -0.33327766744000000   0.56505224447684986
 -0.33227766744000000   0.56593320984165744
 -0.33127766744000000   0.56678964537919657
 -0.33027766744000000   0.56762638624688475
 -0.32927766744000000   0.56868974167245417
 -0.32827766744000000   0.57133737014803256
 -0.32727766744000000   0.57140758045655738
 -0.32627766744000000   0.57139518012206938
 -0.32527766744000000   0.57141602457550795
 -0.32427766744000000   0.57140924043421525
 -0.32327766744000000   0.57138380332962230
 -0.32227766744000000   0.57137951549941493
 -0.32127766744000000   0.57137303486690114
 -0.32027766744000000   0.57135233431449268
 -0.31927766744000000   0.57136662448710374
 -0.31827766744000000   0.57414167763919003
 -0.31727766744000000   0.57499728098976146
 -0.31627766744000000   0.57578321291436967
 -0.31527766744000000   0.57639760617500327
 -0.31427766744000000   0.57708914354256086
 -0.31327766744000000   0.57776207342433994
 -0.31227766744000000   0.57833631321297903
 -0.31127766744000000   0.57896101156015476
 -0.31027766744000000   0.57953531425242543
 -0.30927766744000000   0.58014176769280708
 -0.30827766744000000   0.58074526995511150
 -0.30727766744000000   0.58128873429120829
 -0.30627766744000000   0.58189449009302468
 -0.30527766744000000   0.58241343173983063
 -0.30427766744000000   0.58333033992280244
 -0.30327766744000000   0.58332085339699076
 -0.30227766744000000   0.58397865002658902
 -0.30127766744000000   0.58451520908874506
 -0.30027766744000000   0.58507824333007685
 -0.29927766744000000   0.58560061342874660
 -0.29827766744000000   0.58613222801553432
 -0.29727766744000000   0.58665938605253997
 -0.29627766744000000   0.58716243595461014
 -0.29527766744000000   0.58769607111860033
 -0.29427766744000000   0.58824271772782875
 -0.29327766744000000   0.58870101417358372
 -0.29227766744000000   0.58918178551886852
 -0.29127766744000000   0.58970541089137891
 -0.29027766744000000   0.59017711245531074
 -0.28927766744000000   0.59069000942443831
 -0.28827766744000000   0.59117114813422460
 -0.28727766744000000   0.59167866263197958
 -0.28627766744000000   0.59216319814015387
 -0.28527766744000000   0.59267958381220026
 -0.28427766744000000   0.59316232376218352
 -0.28327766744000000   0.59370367757328078
 -0.28227766744000000   0.59419624902771814
 -0.28127766744000000   0.59476844003176987
 -0.28027766744000000   0.59530578711639397
 -0.27927766744000000   0.59595436583007076
 -0.27827766744000000   0.59673481547097224
 -0.27727766744000000   0.60008698021615631
 -0.27627766744000000   0.59995273510193898
 -0.27527766744000000   0.59999788391050977
 -0.27427766744000000   0.59996067036360164
 -0.27327766744000000   0.60004476428782119
 -0.27227766744000000   0.59997322915797467
 -0.27127766744000000   0.60001167145845562
 -0.27027766744000000   0.60002686544885874
 -0.26927766744000000   0.59999701711282819
 -0.26827766744000000   0.59999157581904361
 -0.26727766744000000   0.59999706301877365
 -0.26627766744000000   0.60000206301339236
 -0.26527766744000000   0.60000478010829979
 -0.26427766744000000   0.60000749872144588
 -0.26327766744000000   0.60001249634850287
 -0.26227766744000000   0.60001805908414213
 -0.26127766744000000   0.60001344916906943
 -0.26027766744000000   0.59998984228934994
 -0.25927766744000000   0.59998432905239793
 -0.25827766744000000   0.60003478582610430
 -0.25727766744000000   0.60000126786176372
 -0.25627766744000000   0.60000505330007193
 -0.25527766744000000   0.59996876154778675
 -0.25427766744000000   0.60001370529234716
 -0.25327766744000000   0.59994629373060330
 -0.25227766744000000   0.60242609921911971
 -0.25127766744000000   0.60336306964351518
 -0.25027766744000000   0.60399004176690233
 -0.24927766744000000   0.60446696282466171
 -0.24827766744000000   0.60494290564118590
 -0.24727766744000000   0.60534034293036528
 -0.24627766744000000   0.60578810607176044
 -0.24527766744000000   0.60614585733320126
 -0.24427766744000000   0.60652384999610191
 -0.24327766744000000   0.60689339310368834
 -0.24227766744000000   0.60722735224175815
 -0.24127766744000000   0.60761179344257893
 -0.24027766744000000   0.60795120560148820
 -0.23927766744000000   0.60826505550906962
 -0.23827766744000000   0.60859958499218001
 -0.23727766744000000   0.60893868350156374
 -0.23627766744000000   0.60924120054336569
 -0.23527766744000000   0.60956770921402768
 -0.23427766744000000   0.60989192035407625
 -0.23327766744000000   0.61018359187432355
 -0.23227766744000000   0.61047957376230545
 -0.23127766744000000   0.61082039735273268
 -0.23027766744000000   0.61109697408655713
 -0.22927766744000000   0.61137346201273946
 -0.22827766744000000   0.61170794443823195
 -0.22727766744000000   0.61197885114830397
 -0.22627766744000000   0.61225065088473549
 -0.22527766744000000   0.61254326544751288
 -0.22427766744000000   0.61284361293473075
 -0.22327766744000000   0.61310277656516709
 -0.22227766744000000   0.61336039339300886
 -0.22127766744000000   0.61367292338005580
 -0.22027766744000000   0.61393347249864168
 -0.21927766744000000   0.61418628517506087
 -0.21827766744000000   0.61443614469983503
 -0.21727766744000000   0.61473210580256812
 -0.21627766744000000   0.61498496373528187
 -0.21527766744000000   0.61523202218585097
 -0.21427766744000000   0.61546316021183286
 -0.21327766744000000   0.61575667411592380
 -0.21227766744000000   0.61599213367449622
 -0.21127766744000000   0.61622830880974069
 -0.21027766744000000   0.61646479256764336
 -0.20927766744000000   0.61674238889775115
 -0.20827766744000000   0.61696692097513761
 -0.20727766744000000   0.61719428087255309
 -0.20627766744000000   0.61742122121949114
 -0.20527766744000000   0.61768125588902010
 -0.20427766744000000   0.61791412966653791
 -0.20327766744000000   0.61812998890716313
 -0.20227766744000000   0.61834121082627862
 -0.20127766744000000   0.61858110079040032
 -0.20027766744000000   0.61882109682636933
 -0.19927766744000000   0.61902587937598543
 -0.19827766744000000   0.61923371277492760
 -0.19727766744000000   0.61944316926850788
 -0.19627766744000000   0.61968870330511829
 -0.19527766744000000   0.61989082530031984
 -0.19427766744000000   0.62009186830978270
 -0.19327766744000000   0.62028514835469771
 -0.19227766744000000   0.62050278919857289
 -0.19127766744000000   0.62072606644060794
 -0.19027766744000000   0.62092121274959546
 -0.18927766744000000   0.62110988170873339
 -0.18827766744000000   0.62129677797120588
 -0.18727766744000000   0.62148833611791100
 -0.18627766744000000   0.62171002674279086
 -0.18527766744000000   0.62189656626428008
 -0.18427766744000000   0.62207618820695368
 -0.18327766744000000   0.62225505403821058
 -0.18227766744000000   0.62243369092600484
 -0.18127766744000000   0.62264291652570022
 -0.18027766744000000   0.62282683028408073
 -0.17927766744000000   0.62299503535124975
 -0.17827766744000000   0.62316871097718155
 -0.17727766744000000   0.62333353826357776
 -0.17627766744000000   0.62351966274827089
 -0.17527766744000000   0.62371154038790077
 -0.17427766744000000   0.62387337345305444
 -0.17327766744000000   0.62403866388584402
 -0.17227766744000000   0.62420141667447221
 -0.17127766744000000   0.62436453197571559
 -0.17027766744000000   0.62456370931848921
 -0.16927766744000000   0.62476786925664523
 -0.16827766744000000   0.62499646063589408
 -0.16727766744000000   0.62500070603090554
 -0.16627766744000000   0.62501321716081628
 -0.16527766744000000   0.62516000598380528
