 -0.35850734465000000   0.55937338002973077
 -0.35750734465000000   0.55988127264378214
 -0.35650734465000000   0.56035386758162135
 -0.35550734465000000   0.56085819128944948
 -0.35450734465000000   0.56132723125519123
 -0.35350734465000000   0.56182801227790119
 -0.35250734465000000   0.56229362074016747
 -0.35150734465000000   0.56279067012676734
 -0.35050734465000000   0.56325318666385382
 -0.34950734465000000   0.56373281632219987
 -0.34850734465000000   0.56421912548967067
 -0.34750734465000000   0.56468226992749991
 -0.34650734465000000   0.56516141088528995
 -0.34550734465000000   0.56562486515495056
 -0.34450734465000000   0.56609564622771534
 -0.34350734465000000   0.56656067771668763
 -0.34250734465000000   0.56702232392982862
 -0.34150734465000000   0.56748992271893913
 -0.34050734465000000   0.56794255960211195
 -0.33950734465000000   0.56841282387115149
 -0.33850734465000000   0.56887397632409673
 -0.33750734465000000   0.56931484634739277
 -0.33650734465000000   0.56978519541684200
 -0.33550734465000000   0.57022469176741591
 -0.33450734465000000   0.57068679110340980
 -0.33350734465000000   0.57112872455858920
 -0.33250734465000000   0.57157604629666333
 -0.33150734465000000   0.57202429445724842
 -0.33050734465000000   0.57246197163902916
 -0.32950734465000000   0.57291518117443772
 -0.32850734465000000   0.57334331751793982
 -0.32750734465000000   0.57379896862903227
 -0.32650734465000000   0.57422259575324946
 -0.32550734465000000   0.57467256442400974
 -0.32450734465000000   0.57510148904683912
 -0.32350734465000000   0.57552677292114358
 -0.32250734465000000   0.57595752928732885
 -0.32150734465000000   0.57640036971606235
 -0.32050734465000000   0.57681469444513945
 -0.31950734465000000   0.57725673677256893
 -0.31850734465000000   0.57767028503023581
 -0.31750734465000000   0.57809935634584052
 -0.31650734465000000   0.57852022223013488
 -0.31550734465000000   0.57893291352883996
 -0.31450734465000000   0.57936392854372883
 -0.31350734465000000   0.57976749344646252
 -0.31250734465000000   0.58019741935795933
 -0.31150734465000000   0.58060161753639642
 -0.31050734465000000   0.58101552392434055
 -0.30950734465000000   0.58143012081447638
 -0.30850734465000000   0.58182842471837354
 -0.30750734465000000   0.58225122140335276
 -0.30650734465000000   0.58264789125669616
 -0.30550734465000000   0.58305786773741388
 -0.30450734465000000   0.58344924631503591
 -0.30350734465000000   0.58386572095153631
 -0.30250734465000000   0.58425439709709932
 -0.30150734465000000   0.58465670837078887
 -0.30050734465000000   0.58505556477708128
 -0.29950734465000000   0.58544043116763540
 -0.29850734465000000   0.58584878783732760
 -0.29750734465000000   0.58622962707026037
 -0.29650734465000000   0.58662435017554334
 -0.29550734465000000   0.58701581131212644
 -0.29450734465000000   0.58739272854044224
 -0.29350734465000000   0.58779315092980593
 -0.29250734465000000   0.58816755012528966
 -0.29150734465000000   0.58855449552004983
 -0.29050734465000000   0.58893707037653641
 -0.28950734465000000   0.58930666114921630
 -0.28850734465000000   0.58969913666934867
 -0.28750734465000000   0.59006679958010501
 -0.28650734465000000   0.59044060630331843
 -0.28550734465000000   0.59082318139525611
 -0.28450734465000000   0.59118370127768524
 -0.28350734465000000   0.59156369999787124
 -0.28250734465000000   0.59193117663745163
 -0.28150734465000000   0.59230385261004450
 -0.28050734465000000   0.59265994532196734
 -0.27950734465000000   0.59302511788330811
 -0.27850734465000000   0.59339579320634875
 -0.27750734465000000   0.59374621811067510
 -0.27650734465000000   0.59411471712594832
 -0.27550734465000000   0.59447321040671063
 -0.27450734465000000   0.59483382146397114
 -0.27350734465000000   0.59518257649976161
 -0.27250734465000000   0.59553163212160172
 -0.27150734465000000   0.59589649894108474
 -0.27050734465000000   0.59623807203630543
 -0.26950734465000000   0.59658764731871978
 -0.26850734465000000   0.59694459828293222
 -0.26750734465000000   0.59728108056768717
 -0.26650734465000000   0.59763082269335377
 -0.26550734465000000   0.59797956410472229
 -0.26450734465000000   0.59831227035107084
 -0.26350734465000000   0.59866179227141558
 -0.26250734465000000   0.59900417508642239
 -0.26150734465000000   0.59933612025582225
 -0.26050734465000000   0.59969960886399457
 -0.25950734465000000   0.60000305739605761
 -0.25850734465000000   0.60029753189668363
 -0.25750734465000000   0.60065477888866981
 -0.25650734465000000   0.60098897102088159
 -0.25550734465000000   0.60131050993396292
 -0.25450734465000000   0.60164839314997197
 -0.25350734465000000   0.60197469252203709
 -0.25250734465000000   0.60229045699125886
 -0.25150734465000000   0.60261536134128865
 -0.25050734465000000   0.60293972363888096
 -0.24950734465000000   0.60325589956107854
 -0.24850734465000000   0.60358021823484004
 -0.24750734465000000   0.60390136548036476
 -0.24650734465000000   0.60420782311435303
 -0.24550734465000000   0.60452454676357324
 -0.24450734465000000   0.60484424745688248
 -0.24350734465000000   0.60514679017638079
 -0.24250734465000000   0.60545526328161574
 -0.24150734465000000   0.60577330139142899
 -0.24050734465000000   0.60607294921770245
 -0.23950734465000000   0.60637327977787018
 -0.23850734465000000   0.60668779230876806
 -0.23750734465000000   0.60698627746597850
 -0.23650734465000000   0.60727961126887286
 -0.23550734465000000   0.60758703054285913
 -0.23450734465000000   0.60788654814484072
 -0.23350734465000000   0.60817469383596329
 -0.23250734465000000   0.60847156943703224
 -0.23150734465000000   0.60877290015873916
 -0.23050734465000000   0.60905794721073847
 -0.22950734465000000   0.60934417742863040
 -0.22850734465000000   0.60964328980473349
 -0.22750734465000000   0.60992862094131713
 -0.22650734465000000   0.61020735545815227
 -0.22550734465000000   0.61049675767185718
 -0.22450734465000000   0.61078565185082067
 -0.22350734465000000   0.61106046336668820
 -0.22250734465000000   0.61133741427709219
 -0.22150734465000000   0.61162592672541027
 -0.22050734465000000   0.61190143236537967
 -0.21950734465000000   0.61217033527891225
 -0.21850734465000000   0.61244791698891378
 -0.21750734465000000   0.61272808672120971
 -0.21650734465000000   0.61299401052637173
 -0.21550734465000000   0.61325911630759198
 -0.21450734465000000   0.61353555817931077
 -0.21350734465000000   0.61380503966470319
 -0.21250734465000000   0.61406425663053589
 -0.21150734465000000   0.61432660525051596
 -0.21050734465000000   0.61459851667733825
 -0.20950734465000000   0.61485869990713335
 -0.20850734465000000   0.61511234215634156
 -0.20750734465000000   0.61537167981656601
 -0.20650734465000000   0.61563070029878303
 -0.20550734465000000   0.61588300242805067
 -0.20450734465000000   0.61614518440657364
 -0.20350734465000000   0.61639964439950839
 -0.20250734465000000   0.61664517907587698
 -0.20150734465000000   0.61689257868189333
 -0.20050734465000000   0.61714908964702349
 -0.19950734465000000   0.61739734207197179
 -0.19850734465000000   0.61763739425145117
 -0.19750734465000000   0.61787908708177571
 -0.19650734465000000   0.61812946058948936
 -0.19550734465000000   0.61837264271151683
 -0.19450734465000000   0.61860736650677022
 -0.19350734465000000   0.61884268671051347
 -0.19250734465000000   0.61908628999935983
 -0.19150734465000000   0.61932543100483332
 -0.19050734465000000   0.61955514058881765
 -0.18950734465000000   0.61978385754738892
 -0.18850734465000000   0.62001954629542396
 -0.18750734465000000   0.62025528081701403
 -0.18650734465000000   0.62048072438729350
 -0.18550734465000000   0.62070317802595019
 -0.18450734465000000   0.62092975388051593
 -0.18350734465000000   0.62116129106911485
 -0.18250734465000000   0.62138396245538822
 -0.18150734465000000   0.62160088339746189
 -0.18050734465000000   0.62181843067707582
 -0.17950734465000000   0.62204259139088690
 -0.17850734465000000   0.62226403595441735
 -0.17750734465000000   0.62247670811423341
 -0.17650734465000000   0.62268700414006021
 -0.17550734465000000   0.62290055264733755
 -0.17450734465000000   0.62311883196361702
 -0.17350734465000000   0.62333002468289110
 -0.17250734465000000   0.62353501187492805
 -0.17150734465000000   0.62373913941812347
 -0.17050734465000000   0.62394777224538756
 -0.16950734465000000   0.62415836519281711
 -0.16850734465000000   0.62436102394626825
 -0.16750734465000000   0.62455908394768372
 -0.16650734465000000   0.62475684319728680
 -0.16550734465000000   0.62495912460903719
 -0.16450734465000000   0.62516212935611426
 -0.16350734465000000   0.62535759404934725
 -0.16250734465000000   0.62554893002647015
 -0.16150734465000000   0.62573979530514741
 -0.16050734465000000   0.62593945265326940
 -0.15950734465000000   0.62612693768388815
