 -0.33007401357000000   0.58329284943325250
 -0.30307401357000000   0.57136523956182956
 -0.30207401357000000   0.57136593513440060
 -0.30107401357000000   0.57135806410148381
 -0.29207401357000000   0.58728740970232330
 -0.28907401357000000   0.59193602568338983
 -0.28807401357000000   0.58688271071481119
 -0.28607401357000000   0.58332273134922110
 -0.28507401357000000   0.58329913637442107
 -0.28307401357000000   0.58655927603796991
 -0.28107401357000000   0.58822926205531091
 -0.28007401357000000   0.58707294403067941
 -0.27807401357000000   0.57939019912387384
 -0.27607401357000000   0.59986076356199358
 -0.27507401357000000   0.59884165873133790
 -0.27407401357000000   0.59889248453671128
 -0.27307401357000000   0.59849378042783217
 -0.27207401357000000   0.59996072033401413
 -0.27107401357000000   0.60000862754759586
 -0.27007401357000000   0.59996024203841451
 -0.26907401357000000   0.60002883453343621
 -0.26807401357000000   0.59998884700581884
 -0.26707401357000000   0.59997190996569189
 -0.26607401357000000   0.60003247050082977
 -0.26507401357000000   0.59997238576504514
 -0.26407401357000000   0.60001610116661865
 -0.26307401357000000   0.59999996593890559
 -0.26207401357000000   0.59998153856371841
 -0.26107401357000000   0.60001896426431011
 -0.26007401357000000   0.60000575706884772
 -0.25907401357000000   0.59998337637249075
 -0.25807401357000000   0.59999236461407337
 -0.25707401357000000   0.60000860135576733
 -0.25607401357000000   0.60001199416647360
 -0.25507401357000000   0.60000498073742045
 -0.25407401357000000   0.59999803169428413
 -0.25307401357000000   0.59999502990950902
 -0.25207401357000000   0.59999506770745946
 -0.25107401357000000   0.59999643606062046
 -0.25007401357000000   0.59999809846481436
 -0.24907401357000000   0.59999972588795502
 -0.24807401357000000   0.60000135357156236
 -0.24707401357000000   0.60000301144561049
 -0.24607401357000000   0.60000384763249854
 -0.24507401357000000   0.60000620263207427
 -0.24407401357000000   0.60000739060048578
 -0.24307401357000000   0.60000504869698038
 -0.24207401357000000   0.59999802646981829
 -0.24107401357000000   0.59999836526230545
 -0.24007401357000000   0.59998756177141711
 -0.23907401357000000   0.59998650006144748
 -0.23807401357000000   0.60000312284269037
 -0.23707401357000000   0.60001977362969928
 -0.23607401357000000   0.60000404767616301
 -0.23507401357000000   0.59999014791623947
 -0.23407401357000000   0.59997964351368284
 -0.23307401357000000   0.60001915809709107
 -0.23207401357000000   0.60001172466317980
 -0.23107401357000000   0.59997242487302580
 -0.23007401357000000   0.59999164559682949
 -0.22907401357000000   0.60002977203443548
 -0.22807401357000000   0.59997203769310849
 -0.22707401357000000   0.60003233274416639
 -0.22607401357000000   0.59996659791637498
 -0.22507401357000000   0.59997422535809384
 -0.22407401357000000   0.60000063389733873
 -0.22307401357000000   0.59996725300503394
 -0.22207401357000000   0.59996645345470538
 -0.22107401357000000   0.59996936952253600
 -0.22007401357000000   0.60003907152306208
 -0.21907401357000000   0.60000423953832909
 -0.21707401357000000   0.59829863369857061
 -0.21607401357000000   0.59879449224989038
 -0.21507401357000000   0.59906063793735549
 -0.21407401357000000   0.60485910359100762
 -0.21307401357000000   0.60606712898765972
 -0.21207401357000000   0.60679132766773331
 -0.21107401357000000   0.60728812750250827
 -0.21007401357000000   0.60780306563083178
 -0.20907401357000000   0.60819231621174057
 -0.20807401357000000   0.60859253379730877
 -0.20707401357000000   0.60890618687187130
 -0.20607401357000000   0.60922242050765839
 -0.20507401357000000   0.60956362850363284
 -0.20407401357000000   0.60984612418047300
 -0.20307401357000000   0.61012859660345001
 -0.20207401357000000   0.61037154075776416
 -0.20107401357000000   0.61067251030800410
 -0.20007401357000000   0.61093023317013306
 -0.19907401357000000   0.61111228312528203
 -0.19807401357000000   0.61136586118078204
 -0.19707401357000000   0.61160695453153403
 -0.19607401357000000   0.61186682321745296
 -0.19507401357000000   0.61206120582773964
 -0.19407401357000000   0.61227072193930809
 -0.19307401357000000   0.61245495888000495
 -0.19207401357000000   0.61270894332039991
 -0.19107401357000000   0.61290171878545890
 -0.19007401357000000   0.61307065697980242
 -0.18907401357000000   0.61326292923595810
 -0.18807401357000000   0.61342239248144628
 -0.18707401357000000   0.61362826413231563
 -0.18607401357000000   0.61382084489152170
 -0.18507401357000000   0.61396874602402372
 -0.18407401357000000   0.61414155398689840
 -0.18307401357000000   0.61429070318416721
 -0.18207401357000000   0.61444181942679552
 -0.18107401357000000   0.61464183395604100
 -0.18007401357000000   0.61480115156202717
 -0.17907401357000000   0.61493986528127665
 -0.17807401357000000   0.61507633298637548
 -0.17707401357000000   0.61523050377272446
 -0.17607401357000000   0.61536037090427698
 -0.17507401357000000   0.61547135095751625
 -0.17407401357000000   0.61564398146415367
 -0.17307401357000000   0.61578783968004319
 -0.17207401357000000   0.61590606435733465
 -0.17107401357000000   0.61602194774764546
 -0.17007401357000000   0.61615532736446698
 -0.16907401357000000   0.61627850454305275
 -0.16807401357000000   0.61637998918797059
 -0.16707401357000000   0.61648869860119983
 -0.16607401357000000   0.61661382422081594
 -0.16507401357000000   0.61675471476480781
 -0.16407401357000000   0.61685942570671628
 -0.16307401357000000   0.61695444215043336
 -0.16207401357000000   0.61704756701969514
 -0.16107401357000000   0.61715720344988620
 -0.16007401357000000   0.61726030719945451
 -0.15907401357000000   0.61734259968524697
 -0.15807401357000000   0.61742981891034096
 -0.15707401357000000   0.61751954652625613
 -0.15607401357000000   0.61764492877315100
 -0.15507401357000000   0.61773295097239317
 -0.15407401357000000   0.61781190476516824
 -0.15307401357000000   0.61788345604354129
 -0.15207401357000000   0.61795773306465013
 -0.15107401357000000   0.61804356379071191
 -0.15007401357000000   0.61812787155254014
 -0.14907401357000000   0.61819937707800426
