 -0.25562528383000000   0.59645648053995138
 -0.25162528383000000   0.60000118213986628
 -0.25062528383000000   0.59625047891721541
 -0.24962528383000000   0.59996633545878482
 -0.24862528383000000   0.60002286765788445
 -0.24762528383000000   0.59999059243557296
 -0.24662528383000000   0.59997230206791619
 -0.24562528383000000   0.60002011000179846
 -0.24462528383000000   0.59999093170407422
 -0.24362528383000000   0.59997385519583358
 -0.24262528383000000   0.59998660611205614
 -0.24162528383000000   0.60001402195544023
 -0.24062528383000000   0.59999571756252632
 -0.23962528383000000   0.59997665506611055
 -0.23862528383000000   0.59998311483756042
 -0.23762528383000000   0.59999969388480514
 -0.23662528383000000   0.60000730693822987
 -0.23562528383000000   0.59998587081985221
 -0.23462528383000000   0.59998137762404375
 -0.23362528383000000   0.59998358870275286
 -0.23262528383000000   0.59998859634943786
 -0.23162528383000000   0.59999345377536373
 -0.23062528383000000   0.59999664427994434
 -0.22962528383000000   0.59999783095743714
 -0.22862528383000000   0.59999757984037989
 -0.22762528383000000   0.59999423912298068
 -0.22662528383000000   0.59999321081034917
 -0.22562528383000000   0.59999270413673324
 -0.22462528383000000   0.59999254678747586
 -0.22362528383000000   0.59999255613709896
 -0.22262528383000000   0.59999343821672008
 -0.22162528383000000   0.59999419375848859
 -0.22062528383000000   0.59999473908001255
 -0.21962528383000000   0.59999490615209172
 -0.21862528383000000   0.59999449148365174
 -0.21762528383000000   0.59999330184655417
 -0.21662528383000000   0.59999121087052868
 -0.21562528383000000   0.59998836142349294
 -0.21462528383000000   0.59998557791018128
 -0.21362528383000000   0.59998359029321975
 -0.21262528383000000   0.59998340356244623
 -0.21162528383000000   0.59998630615478973
 -0.21062528383000000   0.59999254662219629
 -0.20962528383000000   0.60000128818896730
 -0.20862528383000000   0.60000700420812503
 -0.20762528383000000   0.60000554539983693
 -0.20662528383000000   0.59999624245077845
 -0.20562528383000000   0.59998414704467375
 -0.20462528383000000   0.59998602815784105
 -0.20362528383000000   0.59997636524420300
 -0.20262528383000000   0.59997773014975039
 -0.20162528383000000   0.59999310468153356
 -0.20062528383000000   0.60001372016694588
 -0.19962528383000000   0.60001065754909926
 -0.19862528383000000   0.59998854697495480
 -0.19762528383000000   0.59997166309683706
 -0.19662528383000000   0.59997768674908205
 -0.19562528383000000   0.60000646889962725
 -0.19462528383000000   0.60001334935330925
 -0.19362528383000000   0.59997859228444340
 -0.19262528383000000   0.59996954886082543
 -0.19162528383000000   0.59999145305753788
 -0.19062528383000000   0.60000190300004134
 -0.18962528383000000   0.59996117186168482
 -0.18862528383000000   0.60003465655841831
 -0.18762528383000000   0.60001799186610799
 -0.18662528383000000   0.60000869494332775
 -0.18562528383000000   0.60001508941033214
 -0.18462528383000000   0.60001355533649315
 -0.18362528383000000   0.60001288695217206
 -0.18262528383000000   0.60001277499162390
 -0.18162528383000000   0.60001116009814693
 -0.18062528383000000   0.60000961598404852
 -0.17962528383000000   0.60001684157325330
 -0.17862528383000000   0.59996393088573819
 -0.17762528383000000   0.60001216122104276
 -0.17662528383000000   0.60000622473476220
 -0.17562528383000000   0.59970126268374931
 -0.17362528383000000   0.59996716984238656
 -0.16862528383000000   0.59758147429661395
 -0.15562528383000000   0.60423251445484177
 -0.15462528383000000   0.60530182244876551
 -0.15362528383000000   0.60580774758993193
 -0.15262528383000000   0.60613337755639326
 -0.15162528383000000   0.60637826650961101
 -0.15062528383000000   0.60664069052310952
 -0.14962528383000000   0.60683860648561887
 -0.14862528383000000   0.60699478948798360
 -0.14762528383000000   0.60714350415022503
 -0.14662528383000000   0.60729900583309304
 -0.14562528383000000   0.60737671635813785
 -0.14462528383000000   0.60753071010724443
 -0.14362528383000000   0.60766118383748681
 -0.14262528383000000   0.60774945897653588
 -0.14162528383000000   0.60782951537908751
 -0.14062528383000000   0.60790420626022891
 -0.13962528383000000   0.60800180405912822
 -0.13862528383000000   0.60809200914183814
 -0.13762528383000000   0.60816219972426773
 -0.13662528383000000   0.60819864545581251
 -0.13562528383000000   0.60825134531701420
 -0.13462528383000000   0.60832813895863616
 -0.13362528383000000   0.60840596550303282
 -0.13262528383000000   0.60846872220776887
 -0.13162528383000000   0.60850899772062108
 -0.13062528383000000   0.60854216140174975
 -0.12962528383000000   0.60857859862849101
 -0.12862528383000000   0.60861784048385141
 -0.12762528383000000   0.60864823148442979
 -0.12662528383000000   0.60867344137062267
 -0.12562528383000000   0.60868455815289243
 -0.12462528383000000   0.60870045489916238
 -0.12362528383000000   0.60872606763810479
