 -0.27128734739000000   0.59922464846043203
 -0.27028734739000000   0.59941100324317710
 -0.26928734739000000   0.59996870414374618
 -0.26828734739000000   0.60003618734236096
 -0.26728734739000000   0.59827062860220218
 -0.26628734739000000   0.60004275269346245
 -0.26528734739000000   0.59997118170804783
 -0.26428734739000000   0.60003769639745915
 -0.26328734739000000   0.59997296780196148
 -0.26228734739000000   0.60002582677514956
 -0.26128734739000000   0.59997214503507970
 -0.26028734739000000   0.60002388626422726
 -0.25928734739000000   0.59997567826289106
 -0.25828734739000000   0.59999164466169090
 -0.25728734739000000   0.60002041413833438
 -0.25628734739000000   0.59999517062428923
 -0.25528734739000000   0.59998178111274896
 -0.25428734739000000   0.59999631303687171
 -0.25328734739000000   0.60001077986431927
 -0.25228734739000000   0.60000929985667152
 -0.25128734739000000   0.59999954432533363
 -0.25028734739000000   0.59999283359469330
 -0.24928734739000000   0.59999124571431812
 -0.24828734739000000   0.59999606910644396
 -0.24728734739000000   0.59999829184440178
 -0.24628734739000000   0.59999909501550920
 -0.24528734739000000   0.59999893171496344
 -0.24428734739000000   0.59999832515030554
 -0.24328734739000000   0.59999771761410094
 -0.24228734739000000   0.59999562109131824
 -0.24128734739000000   0.59999473994608424
 -0.24028734739000000   0.59999488270186181
 -0.23928734739000000   0.59999689167091250
 -0.23828734739000000   0.60000129326134846
 -0.23728734739000000   0.60000693129829134
 -0.23628734739000000   0.60000978356587826
 -0.23528734739000000   0.60000526741450361
 -0.23428734739000000   0.59999377400504286
 -0.23328734739000000   0.59998390362264540
 -0.23228734739000000   0.59998229335736700
 -0.23128734739000000   0.59999036018455731
 -0.23028734739000000   0.60001493839016876
 -0.22928734739000000   0.60001384052223503
 -0.22828734739000000   0.59998384286551025
 -0.22728734739000000   0.59998350748913515
 -0.22628734739000000   0.60001984815103394
 -0.22528734739000000   0.60001597949841159
 -0.22428734739000000   0.60001108613441236
 -0.22328734739000000   0.59997194473882053
 -0.22228734739000000   0.60002151667289173
 -0.22128734739000000   0.60000237033387416
 -0.22028734739000000   0.59997204955691415
 -0.21928734739000000   0.60003598865104237
 -0.21828734739000000   0.59998947224089570
 -0.21728734739000000   0.59997763575595920
 -0.21628734739000000   0.60003728317159612
 -0.21528734739000000   0.59751823255895206
 -0.21328734739000000   0.60000090979055059
 -0.21128734739000000   0.59995106834005330
 -0.21028734739000000   0.59995181601222372
 -0.20828734739000000   0.59825578926927494
 -0.20628734739000000   0.59841757403285994
 -0.20528734739000000   0.59812817539037407
 -0.20428734739000000   0.60387500047223017
 -0.20328734739000000   0.60594964268717389
 -0.20228734739000000   0.60670769911279182
 -0.20128734739000000   0.60722454535645146
 -0.20028734739000000   0.60771333198288212
 -0.19928734739000000   0.60806725128367288
 -0.19828734739000000   0.60839637055929993
 -0.19728734739000000   0.60879056745733239
 -0.19628734739000000   0.60905682249429999
 -0.19528734739000000   0.60932060755875671
 -0.19428734739000000   0.60964334137615471
 -0.19328734739000000   0.60986353430182225
 -0.19228734739000000   0.61011873277705350
 -0.19128734739000000   0.61032465288344904
 -0.19028734739000000   0.61059516542859306
 -0.18928734739000000   0.61080683753958831
 -0.18828734739000000   0.61099746820701570
 -0.18728734739000000   0.61121432781838127
 -0.18628734739000000   0.61138113483077498
 -0.18528734739000000   0.61156827574308994
 -0.18428734739000000   0.61179851221802654
 -0.18328734739000000   0.61195041158585837
 -0.18228734739000000   0.61212564486536062
 -0.18128734739000000   0.61230170991238804
 -0.18028734739000000   0.61244031446241230
 -0.17928734739000000   0.61260436195196719
 -0.17828734739000000   0.61280040395202579
 -0.17728734739000000   0.61294078653276519
 -0.17628734739000000   0.61307172857047105
 -0.17528734739000000   0.61322570571435673
 -0.17428734739000000   0.61333988394966220
 -0.17328734739000000   0.61348381164244556
 -0.17228734739000000   0.61365402334505642
 -0.17128734739000000   0.61377591943899495
 -0.17028734739000000   0.61387966132843894
 -0.16928734739000000   0.61400761828738021
 -0.16828734739000000   0.61412686964231896
 -0.16728734739000000   0.61425351511246918
 -0.16628734739000000   0.61435181483844814
 -0.16528734739000000   0.61445330921870369
 -0.16428734739000000   0.61460094773126080
 -0.16328734739000000   0.61470554114360840
 -0.16228734739000000   0.61479949272536958
 -0.16128734739000000   0.61488304691102763
 -0.16028734739000000   0.61497163866235542
 -0.15928734739000000   0.61507255529517111
 -0.15828734739000000   0.61516523381780704
 -0.15728734739000000   0.61523174108341812
 -0.15628734739000000   0.61529692352294960
 -0.15528734739000000   0.61546696343695769
 -0.15428734739000000   0.61555922025217878
 -0.15328734739000000   0.61564615185457875
 -0.15228734739000000   0.61571445191955050
 -0.15128734739000000   0.61578123255441205
 -0.15028734739000000   0.61584216420543578
 -0.14928734739000000   0.61590127571115810
 -0.14828734739000000   0.61596912457367481
 -0.14728734739000000   0.61603666833737501
 -0.14628734739000000   0.61610808900467195
 -0.14528734739000000   0.61617710671556229
 -0.14428734739000000   0.61623581050312441
