 -0.35133295474000000   0.56159668567899605
 -0.35033295474000000   0.56205252294349976
 -0.34933295474000000   0.56250057290189194
 -0.34833295474000000   0.56295405830291651
 -0.34733295474000000   0.56339973601098666
 -0.34633295474000000   0.56384959660444640
 -0.34533295474000000   0.56429403943137400
 -0.34433295474000000   0.56473925202404202
 -0.34333295474000000   0.56518322198078692
 -0.34233295474000000   0.56562357374238792
 -0.34133295474000000   0.56606693231374217
 -0.34033295474000000   0.56650323314442484
 -0.33933295474000000   0.56694469992588031
 -0.33833295474000000   0.56737850605941491
 -0.33733295474000000   0.56781617059426826
 -0.33633295474000000   0.56824913691121592
 -0.33533295474000000   0.56868165639478823
 -0.33433295474000000   0.56911459899107959
 -0.33333295474000000   0.56954218949944323
 -0.33233295474000000   0.56997421102041140
 -0.33133295474000000   0.57039858415289891
 -0.33033295474000000   0.57082731564154138
 -0.32933295474000000   0.57125069637829920
 -0.32833295474000000   0.57167412377611907
 -0.32733295474000000   0.57209775959871644
 -0.32633295474000000   0.57251603153331200
 -0.32533295474000000   0.57293877702032036
 -0.32433295474000000   0.57335410893512816
 -0.32333295474000000   0.57377296590738069
 -0.32233295474000000   0.57418796912184596
 -0.32133295474000000   0.57460106915766729
 -0.32033295474000000   0.57501643186183258
 -0.31933295474000000   0.57542502122235981
 -0.31833295474000000   0.57583817059591534
 -0.31733295474000000   0.57624536678518407
 -0.31633295474000000   0.57665304820760582
 -0.31533295474000000   0.57706090333640010
 -0.31433295474000000   0.57746319322545474
 -0.31333295474000000   0.57786992160218325
 -0.31233295474000000   0.57827005049393110
 -0.31133295474000000   0.57867168496662727
 -0.31033295474000000   0.57907250123517132
 -0.30933295474000000   0.57946837710296716
 -0.30833295474000000   0.57986846504150963
 -0.30733295474000000   0.58026199713454831
 -0.30633295474000000   0.58065695330922583
 -0.30533295474000000   0.58105131916366703
 -0.30433295474000000   0.58144050981245403
 -0.30333295474000000   0.58183386745591426
 -0.30233295474000000   0.58222121914522058
 -0.30133295474000000   0.58260890181996200
 -0.30033295474000000   0.58299731816627481
 -0.29933295474000000   0.58337973197871848
 -0.29833295474000000   0.58376600891037402
 -0.29733295474000000   0.58414776440689320
 -0.29633295474000000   0.58452769104810701
 -0.29533295474000000   0.58491028166077827
 -0.29433295474000000   0.58528632920182823
 -0.29333295474000000   0.58566472392123902
 -0.29233295474000000   0.58604156004034882
 -0.29133295474000000   0.58641376414396957
 -0.29033295474000000   0.58678974528115552
 -0.28933295474000000   0.58716051135703216
 -0.28833295474000000   0.58753024016737648
 -0.28733295474000000   0.58790213082141628
 -0.28633295474000000   0.58826773926015200
 -0.28533295474000000   0.58863535964214968
 -0.28433295474000000   0.58900198503710922
 -0.28333295474000000   0.58936356681566882
 -0.28233295474000000   0.58972856656769740
 -0.28133295474000000   0.59008968087990075
 -0.28033295474000000   0.59044804610077419
 -0.27933295474000000   0.59080955369366554
 -0.27833295474000000   0.59116552129286405
 -0.27733295474000000   0.59152102748802968
 -0.27633295474000000   0.59187831342506495
 -0.27533295474000000   0.59222966833229913
 -0.27433295474000000   0.59258229561219517
 -0.27333295474000000   0.59293498232452152
 -0.27233295474000000   0.59328217161178484
 -0.27133295474000000   0.59363168641534635
 -0.27033295474000000   0.59397970746086364
 -0.26933295474000000   0.59432301009300591
 -0.26833295474000000   0.59466912434519913
 -0.26733295474000000   0.59501259427904996
 -0.26633295474000000   0.59535213135688284
 -0.26533295474000000   0.59569460045977405
 -0.26433295474000000   0.59603370407503871
 -0.26333295474000000   0.59636948183832988
 -0.26233295474000000   0.59670813572083926
 -0.26133295474000000   0.59704306720795155
 -0.26033295474000000   0.59737502398707055
 -0.25933295474000000   0.59770975385482544
 -0.25833295474000000   0.59804069617768718
 -0.25733295474000000   0.59836874268665666
 -0.25633295474000000   0.59869946804369701
 -0.25533295474000000   0.59902659387783002
 -0.25433295474000000   0.59935064720680673
 -0.25333295474000000   0.59967728343903525
 -0.25233295474000000   0.60000074704151852
 -0.25133295474000000   0.60032074634853261
 -0.25033295474000000   0.60064315861551894
 -0.24933295474000000   0.60096313980576233
 -0.24833295474000000   0.60127912853986377
 -0.24733295474000000   0.60159713058799260
 -0.24633295474000000   0.60191373267817166
 -0.24533295474000000   0.60222581665541322
 -0.24433295474000000   0.60253920295029711
 -0.24333295474000000   0.60285244110608472
 -0.24233295474000000   0.60316085767876244
 -0.24133295474000000   0.60346945919336640
 -0.24033295474000000   0.60377915525316548
 -0.23933295474000000   0.60408424943448583
 -0.23833295474000000   0.60438805005746492
 -0.23733295474000000   0.60469376746256480
 -0.23633295474000000   0.60499591161787520
 -0.23533295474000000   0.60529515605341754
 -0.23433295474000000   0.60559673571780040
 -0.23333295474000000   0.60589336586039997
 -0.23233295474000000   0.60619176823012395
 -0.23133295474000000   0.60648863706166508
 -0.23033295474000000   0.60678130828995382
 -0.22933295474000000   0.60707445218305562
 -0.22833295474000000   0.60736825086762955
 -0.22733295474000000   0.60765782756679001
 -0.22633295474000000   0.60794575823079853
 -0.22533295474000000   0.60823537755790776
 -0.22433295474000000   0.60852252785427933
 -0.22333295474000000   0.60880605800524332
 -0.22233295474000000   0.60909034626047795
 -0.22133295474000000   0.60937481797790336
 -0.22033295474000000   0.60965520565944528
 -0.21933295474000000   0.60993403024571886
 -0.21833295474000000   0.61021433669575262
 -0.21733295474000000   0.61049251303392921
 -0.21633295474000000   0.61076701702153945
 -0.21533295474000000   0.61104171139347501
 -0.21433295474000000   0.61131706590878769
 -0.21333295474000000   0.61158888249435431
 -0.21233295474000000   0.61185826688639796
 -0.21133295474000000   0.61212870917644329
 -0.21033295474000000   0.61239842678876083
 -0.20933295474000000   0.61266431046516929
 -0.20833295474000000   0.61292892919897021
 -0.20733295474000000   0.61319470474366505
 -0.20633295474000000   0.61345860961986672
 -0.20533295474000000   0.61371896778210439
 -0.20433295474000000   0.61397884484504654
 -0.20333295474000000   0.61423959535134870
 -0.20233295474000000   0.61449781296533174
 -0.20133295474000000   0.61475288208282809
 -0.20033295474000000   0.61500786966260993
 -0.19933295474000000   0.61526340885834014
 -0.19833295474000000   0.61551615519177568
 -0.19733295474000000   0.61576602883778230
 -0.19633295474000000   0.61601592726113939
 -0.19533295474000000   0.61626619717815223
 -0.19433295474000000   0.61651368602042660
 -0.19333295474000000   0.61675838892920173
 -0.19233295474000000   0.61700300300546524
 -0.19133295474000000   0.61724798452523762
 -0.19033295474000000   0.61749040932807746
 -0.18933295474000000   0.61772997005651540
 -0.18833295474000000   0.61796913193779456
 -0.18733295474000000   0.61820876071528776
 -0.18633295474000000   0.61844628772495532
 -0.18533295474000000   0.61868079827497149
 -0.18433295474000000   0.61891440027375109
 -0.18333295474000000   0.61914850910634512
 -0.18233295474000000   0.61938123064275459
 -0.18133295474000000   0.61961088245349502
 -0.18033295474000000   0.61983894210782355
 -0.17933295474000000   0.62006727420611149
 -0.17833295474000000   0.62029509329933598
 -0.17733295474000000   0.62052015469592987
 -0.17633295474000000   0.62074288965846688
 -0.17533295474000000   0.62096524552926235
 -0.17433295474000000   0.62118775332589994
 -0.17333295474000000   0.62140840794000805
 -0.17233295474000000   0.62162625753458138
 -0.17133295474000000   0.62184273953857729
 -0.17033295474000000   0.62205932672535669
 -0.16933295474000000   0.62227532154731746
 -0.16833295474000000   0.62248880986831655
 -0.16733295474000000   0.62269995368964745
 -0.16633295474000000   0.62291033384663863
 -0.16533295474000000   0.62312079030924510
 -0.16433295474000000   0.62333002546734026
 -0.16333295474000000   0.62353664479960064
 -0.16233295474000000   0.62374131236926858
 -0.16133295474000000   0.62394545923327014
 -0.16033295474000000   0.62414950769937700
 -0.15933295474000000   0.62435205307505254
 -0.15833295474000000   0.62455206193540168
 -0.15733295474000000   0.62475028998253800
 -0.15633295474000000   0.62494799672820038
 -0.15533295474000000   0.62514549363299300
 -0.15433295474000000   0.62534151094422899
 -0.15333295474000000   0.62553509784117368
 -0.15233295474000000   0.62572686835950333
