 -0.36411732697000000   0.53335412354536488
 -0.36311732697000000   0.53626073119370002
 -0.36211732697000000   0.53841952838367572
 -0.36111732697000000   0.54047019298532007
 -0.36011732697000000   0.54248633307642708
 -0.35911732697000000   0.54537598559788271
 -0.35811732697000000   0.54539974432584611
 -0.35711732697000000   0.54543525742433477
 -0.35611732697000000   0.54792691863720742
 -0.35511732697000000   0.54914305635972659
 -0.35411732697000000   0.55029693722241265
 -0.35311732697000000   0.55140574018562958
 -0.35211732697000000   0.55251057449371863
 -0.35111732697000000   0.55373711608225816
 -0.35011732697000000   0.55549537606487529
 -0.34911732697000000   0.55551104694834409
 -0.34811732697000000   0.55549658318214400
 -0.34711732697000000   0.55547847856979599
 -0.34611732697000000   0.55746953267120385
 -0.34511732697000000   0.55843870654641015
 -0.34411732697000000   0.55933785247009885
 -0.34311732697000000   0.56019373713788574
 -0.34211732697000000   0.56101002905640684
 -0.34111732697000000   0.56184571302268435
 -0.34011732697000000   0.56246081960120133
 -0.33911732697000000   0.56331717777195076
 -0.33811732697000000   0.56406829165104647
 -0.33711732697000000   0.56485319119617721
 -0.33611732697000000   0.56550395197947087
 -0.33511732697000000   0.56626656324154767
 -0.33411732697000000   0.56701783681332805
 -0.33311732697000000   0.56776150842132087
 -0.33211732697000000   0.56846054792429581
 -0.33111732697000000   0.56933696678577476
 -0.33011732697000000   0.57136082700300330
 -0.32911732697000000   0.57136252927068144
 -0.32811732697000000   0.57139276985608618
 -0.32711732697000000   0.57138834050917742
 -0.32611732697000000   0.57141600750338993
 -0.32511732697000000   0.57139420302169907
 -0.32411732697000000   0.57139164061719337
 -0.32311732697000000   0.57253287033930162
 -0.32211732697000000   0.57374331152943597
 -0.32111732697000000   0.57441016030801030
 -0.32011732697000000   0.57509852885778591
 -0.31911732697000000   0.57575217984353345
 -0.31811732697000000   0.57630177831554812
 -0.31711732697000000   0.57693991246177151
 -0.31611732697000000   0.57746596894122332
 -0.31511732697000000   0.57806790591928895
 -0.31411732697000000   0.57864125355390974
 -0.31311732697000000   0.57918172256574732
 -0.31211732697000000   0.57975771478662581
 -0.31111732697000000   0.58026201799785654
 -0.31011732697000000   0.58084283831029355
 -0.30911732697000000   0.58132109773863206
 -0.30811732697000000   0.58190135929623212
 -0.30711732697000000   0.58237242603736376
 -0.30611732697000000   0.58294504274034960
 -0.30511732697000000   0.58332680005990761
 -0.30411732697000000   0.58391990954333847
 -0.30311732697000000   0.58438239900500383
 -0.30211732697000000   0.58493826813099456
 -0.30111732697000000   0.58538576551792928
 -0.30011732697000000   0.58592225807260826
 -0.29911732697000000   0.58637699906272739
 -0.29811732697000000   0.58690817021251591
 -0.29711732697000000   0.58734303837792700
 -0.29611732697000000   0.58786929787499770
 -0.29511732697000000   0.58830309822365809
 -0.29411732697000000   0.58881996289210725
 -0.29311732697000000   0.58925130805599008
 -0.29211732697000000   0.58974404383781561
 -0.29111732697000000   0.59019610265593600
 -0.29011732697000000   0.59066690387584356
 -0.28911732697000000   0.59112465505618639
 -0.28811732697000000   0.59156843857295988
 -0.28711732697000000   0.59205076116499970
 -0.28611732697000000   0.59248526527897838
 -0.28511732697000000   0.59297257479073524
 -0.28411732697000000   0.59340472445765828
 -0.28311732697000000   0.59392132191133975
 -0.28211732697000000   0.59434784362274891
 -0.28111732697000000   0.59486792120421865
 -0.28011732697000000   0.59531724729437859
 -0.27911732697000000   0.59586772366259157
 -0.27811732697000000   0.59635968190776492
 -0.27711732697000000   0.59701279673200043
 -0.27611732697000000   0.59797750601006593
 -0.27511732697000000   0.59994287228364894
 -0.27411732697000000   0.59997401036338464
 -0.27311732697000000   0.59997319964670122
 -0.27211732697000000   0.60002810730675374
 -0.27111732697000000   0.60001263546336161
 -0.27011732697000000   0.59998216412550258
 -0.26911732697000000   0.59999672780391430
 -0.26811732697000000   0.60001155602996173
 -0.26711732697000000   0.60001007240862363
 -0.26611732697000000   0.60000507511562597
 -0.26511732697000000   0.60000010428849844
 -0.26411732697000000   0.59999855510846923
 -0.26311732697000000   0.60000838202017976
 -0.26211732697000000   0.60002779352727050
 -0.26111732697000000   0.60001038066129517
 -0.26011732697000000   0.59997007010923758
 -0.25911732697000000   0.60004881406374107
 -0.25811732697000000   0.59996382658124541
 -0.25711732697000000   0.59994680685495974
 -0.25611732697000000   0.60008389544019674
 -0.25511732697000000   0.60259963608834180
 -0.25411732697000000   0.60321564641923625
 -0.25311732697000000   0.60373869306792777
 -0.25211732697000000   0.60415416567759750
 -0.25111732697000000   0.60456198404691420
 -0.25011732697000000   0.60497392355683162
 -0.24911732697000000   0.60532819838166546
 -0.24811732697000000   0.60574062455051346
 -0.24711732697000000   0.60607943813692607
 -0.24611732697000000   0.60641890982261876
 -0.24511732697000000   0.60680684411035206
 -0.24411732697000000   0.60712356720010410
 -0.24311732697000000   0.60745235943185848
 -0.24211732697000000   0.60781433282093313
 -0.24111732697000000   0.60812296623888093
 -0.24011732697000000   0.60843669664236924
 -0.23911732697000000   0.60879188489330753
 -0.23811732697000000   0.60909355193333070
 -0.23711732697000000   0.60938499248158717
 -0.23611732697000000   0.60973309398774251
 -0.23511732697000000   0.61002735899997664
 -0.23411732697000000   0.61031101994069936
 -0.23311732697000000   0.61064158496687907
 -0.23211732697000000   0.61093581371212679
 -0.23111732697000000   0.61121515001164733
 -0.23011732697000000   0.61151448305967200
 -0.22911732697000000   0.61182853803701074
 -0.22811732697000000   0.61209696301415290
 -0.22711732697000000   0.61236457201547889
 -0.22611732697000000   0.61268376183470124
 -0.22511732697000000   0.61295209737869702
 -0.22411732697000000   0.61321451279649560
 -0.22311732697000000   0.61349648947309200
 -0.22211732697000000   0.61379114136018424
 -0.22111732697000000   0.61404459348058799
 -0.22011732697000000   0.61429908362354228
 -0.21911732697000000   0.61458529476832175
 -0.21811732697000000   0.61485862368000735
 -0.21711732697000000   0.61510546274982975
 -0.21611732697000000   0.61535219050717951
 -0.21511732697000000   0.61563794788481710
 -0.21411732697000000   0.61588609843131534
 -0.21311732697000000   0.61612716358171076
 -0.21211732697000000   0.61636660143366514
 -0.21111732697000000   0.61664840340472905
 -0.21011732697000000   0.61689423718857898
 -0.20911732697000000   0.61712312020267263
 -0.20811732697000000   0.61735076793670884
 -0.20711732697000000   0.61760253022860509
 -0.20611732697000000   0.61785877651070364
 -0.20511732697000000   0.61807992817633249
 -0.20411732697000000   0.61830072054964885
 -0.20311732697000000   0.61853751819909135
 -0.20211732697000000   0.61879101127098082
 -0.20111732697000000   0.61900479592080254
 -0.20011732697000000   0.61922047624450786
 -0.19911732697000000   0.61943773027006991
 -0.19811732697000000   0.61968851196465621
 -0.19711732697000000   0.61989978899920773
 -0.19611732697000000   0.62010855242184522
 -0.19511732697000000   0.62031686020056111
 -0.19411732697000000   0.62052864077518581
 -0.19311732697000000   0.62076744023943243
 -0.19211732697000000   0.62096860264512236
 -0.19111732697000000   0.62116840485522349
 -0.19011732697000000   0.62136207126213061
 -0.18911732697000000   0.62157796262989353
 -0.18811732697000000   0.62179764608955000
 -0.18711732697000000   0.62198627699123805
 -0.18611732697000000   0.62217822273882967
 -0.18511732697000000   0.62236350901100003
 -0.18411732697000000   0.62257362952647655
 -0.18311732697000000   0.62277995048513599
 -0.18211732697000000   0.62295991891702308
 -0.18111732697000000   0.62314351811278794
 -0.18011732697000000   0.62332033165990340
 -0.17911732697000000   0.62351641469502017
 -0.17811732697000000   0.62371832190260509
 -0.17711732697000000   0.62389172573973942
 -0.17611732697000000   0.62406776554170290
 -0.17511732697000000   0.62423848858868058
 -0.17411732697000000   0.62441732899694010
 -0.17311732697000000   0.62460946183545442
 -0.17211732697000000   0.62483560028203147
 -0.17111732697000000   0.62501434921537255
 -0.17011732697000000   0.62498871378961298
 -0.16911732697000000   0.62519691851660275
 -0.16811732697000000   0.62538674872403090
 -0.16711732697000000   0.62556358554314745
 -0.16611732697000000   0.62574842582039256
