 -0.36508890045000000   0.55111668133278223
 -0.36408890045000000   0.55188112841781333
 -0.36308890045000000   0.55253715159747122
 -0.36208890045000000   0.55328465551663117
 -0.36108890045000000   0.55399222698979911
 -0.36008890045000000   0.55469774445661125
 -0.35908890045000000   0.55554218097943048
 -0.35808890045000000   0.55583874580143363
 -0.35708890045000000   0.55661514355368858
 -0.35608890045000000   0.55728722284129765
 -0.35508890045000000   0.55795679030366596
 -0.35408890045000000   0.55857173133231041
 -0.35308890045000000   0.55922231593270318
 -0.35208890045000000   0.55988105862024008
 -0.35108890045000000   0.56044577670106094
 -0.35008890045000000   0.56109014596482417
 -0.34908890045000000   0.56172617672266019
 -0.34808890045000000   0.56230441236881184
 -0.34708890045000000   0.56292775733183346
 -0.34608890045000000   0.56347230442896591
 -0.34508890045000000   0.56408940793918468
 -0.34408890045000000   0.56469514467684161
 -0.34308890045000000   0.56525393037050670
 -0.34208890045000000   0.56585732809660464
 -0.34108890045000000   0.56638602163842264
 -0.34008890045000000   0.56698125106884421
 -0.33908890045000000   0.56751997573557196
 -0.33808890045000000   0.56809735954797162
 -0.33708890045000000   0.56865147524168880
 -0.33608890045000000   0.56921956134315451
 -0.33508890045000000   0.56981383823061446
 -0.33408890045000000   0.57036728161172238
 -0.33308890045000000   0.57136608406780482
 -0.33208890045000000   0.57141040493637492
 -0.33108890045000000   0.57139626619580328
 -0.33008890045000000   0.57212334317839498
 -0.32908890045000000   0.57277577551176832
 -0.32808890045000000   0.57329822010758815
 -0.32708890045000000   0.57386289251183467
 -0.32608890045000000   0.57434542600342077
 -0.32508890045000000   0.57489490498635635
 -0.32408890045000000   0.57537702812376163
 -0.32308890045000000   0.57591710211555570
 -0.32208890045000000   0.57637906672620387
 -0.32108890045000000   0.57691205176197917
 -0.32008890045000000   0.57736854690169764
 -0.31908890045000000   0.57789868789777927
 -0.31808890045000000   0.57834857133294194
 -0.31708890045000000   0.57887538641548734
 -0.31608890045000000   0.57932410085588653
 -0.31508890045000000   0.57983434027185935
 -0.31408890045000000   0.58027799699471017
 -0.31308890045000000   0.58078112922254861
 -0.31208890045000000   0.58122129816286463
 -0.31108890045000000   0.58170664501813037
 -0.31008890045000000   0.58215794881240511
 -0.30908890045000000   0.58262309522152567
 -0.30808890045000000   0.58308413639223096
 -0.30708890045000000   0.58351246883641783
 -0.30608890045000000   0.58399519723897013
 -0.30508890045000000   0.58441591929774841
 -0.30408890045000000   0.58489982745057011
 -0.30308890045000000   0.58531276250151946
 -0.30208890045000000   0.58579278852556035
 -0.30108890045000000   0.58621029987071377
 -0.30008890045000000   0.58665279385698047
 -0.29908890045000000   0.58708793959531690
 -0.29808890045000000   0.58749937993393872
 -0.29708890045000000   0.58796369572547124
 -0.29608890045000000   0.58836175473942649
 -0.29508890045000000   0.58882390043118042
 -0.29408890045000000   0.58922172919475305
 -0.29308890045000000   0.58965974555857057
 -0.29208890045000000   0.59006939544648371
 -0.29108890045000000   0.59047351669676721
 -0.29008890045000000   0.59092029566863505
 -0.28908890045000000   0.59130662500285266
 -0.28808890045000000   0.59173808456408518
 -0.28708890045000000   0.59213599948551233
 -0.28608890045000000   0.59252636735173407
 -0.28508890045000000   0.59296244744140597
 -0.28408890045000000   0.59333948517077930
 -0.28308890045000000   0.59377340790048716
 -0.28208890045000000   0.59415561540797390
 -0.28108890045000000   0.59455239437216272
 -0.28008890045000000   0.59496585782798195
 -0.27908890045000000   0.59534178347085201
 -0.27808890045000000   0.59577904746080879
 -0.27708890045000000   0.59615627502406477
 -0.27608890045000000   0.59655332564077691
 -0.27508890045000000   0.59699260666664748
 -0.27408890045000000   0.59738290532569069
 -0.27308890045000000   0.59785440876761653
 -0.27208890045000000   0.59832341956700969
 -0.27108890045000000   0.59914352175041452
 -0.27008890045000000   0.60003955799227723
 -0.26908890045000000   0.59997820408842357
 -0.26808890045000000   0.59999233391090169
 -0.26708890045000000   0.60000945925755522
 -0.26608890045000000   0.60000513937513391
 -0.26508890045000000   0.60000080795833108
 -0.26408890045000000   0.60001772506788994
 -0.26308890045000000   0.60003318961737633
 -0.26208890045000000   0.59996463234452972
 -0.26108890045000000   0.59992716024214564
 -0.26008890045000000   0.60161403468057632
 -0.25908890045000000   0.60205955075155227
 -0.25808890045000000   0.60246263612858727
 -0.25708890045000000   0.60286681719521229
 -0.25608890045000000   0.60321874932061633
 -0.25508890045000000   0.60360551449458774
 -0.25408890045000000   0.60396357216996679
 -0.25308890045000000   0.60429098025235223
 -0.25208890045000000   0.60463411565080637
 -0.25108890045000000   0.60498811633722356
 -0.25008890045000000   0.60530587704617943
 -0.24908890045000000   0.60565397124085726
 -0.24808890045000000   0.60598521003845232
 -0.24708890045000000   0.60629393868228877
 -0.24608890045000000   0.60663664420847485
 -0.24508890045000000   0.60695809490058130
 -0.24408890045000000   0.60725972436837844
 -0.24308890045000000   0.60759273365127493
 -0.24208890045000000   0.60791265643479916
 -0.24108890045000000   0.60820813342485971
 -0.24008890045000000   0.60851865780300810
 -0.23908890045000000   0.60884574730557057
 -0.23808890045000000   0.60913454370854948
 -0.23708890045000000   0.60943043215163872
 -0.23608890045000000   0.60975868248609910
 -0.23508890045000000   0.61004267383838312
 -0.23408890045000000   0.61032620008964983
 -0.23308890045000000   0.61064922098386229
 -0.23208890045000000   0.61093609142942671
 -0.23108890045000000   0.61121264879984348
 -0.23008890045000000   0.61150595643023643
 -0.22908890045000000   0.61181119192372983
 -0.22808890045000000   0.61208168690221935
 -0.22708890045000000   0.61235373801636057
 -0.22608890045000000   0.61266219604027320
 -0.22508890045000000   0.61293325669642124
 -0.22408890045000000   0.61319717368079621
 -0.22308890045000000   0.61346953732051713
 -0.22208890045000000   0.61376857670986355
 -0.22108890045000000   0.61403547454792574
 -0.22008890045000000   0.61429293958497053
 -0.21908890045000000   0.61456136009724176
 -0.21808890045000000   0.61484942936493736
 -0.21708890045000000   0.61510185764770913
 -0.21608890045000000   0.61535203192972418
 -0.21508890045000000   0.61562733571300742
 -0.21408890045000000   0.61589550993615919
 -0.21308890045000000   0.61614064222687235
 -0.21208890045000000   0.61638530021123237
 -0.21108890045000000   0.61666015968475382
 -0.21008890045000000   0.61691277073616622
 -0.20908890045000000   0.61715181045524483
 -0.20808890045000000   0.61739140069473387
 -0.20708890045000000   0.61766032102983874
 -0.20608890045000000   0.61790301648631687
 -0.20508890045000000   0.61813570903933380
 -0.20408890045000000   0.61836882511232402
 -0.20308890045000000   0.61862974755925878
 -0.20208890045000000   0.61886653683601758
 -0.20108890045000000   0.61909265695354898
 -0.20008890045000000   0.61932032149455229
 -0.19908890045000000   0.61955796501768172
 -0.19808890045000000   0.61980628360542788
 -0.19708890045000000   0.62002641280012930
 -0.19608890045000000   0.62024472557574217
 -0.19508890045000000   0.62046712671314195
 -0.19408890045000000   0.62071164048430645
 -0.19308890045000000   0.62093047750439300
 -0.19208890045000000   0.62114243893485031
 -0.19108890045000000   0.62135251498786916
 -0.19008890045000000   0.62158284006571243
 -0.18908890045000000   0.62180802440454710
 -0.18808890045000000   0.62201286494593439
 -0.18708890045000000   0.62221690596231633
 -0.18608890045000000   0.62242450099189033
 -0.18508890045000000   0.62265182907483003
 -0.18408890045000000   0.62285826588183568
 -0.18308890045000000   0.62305572096145785
 -0.18208890045000000   0.62325129358943128
 -0.18108890045000000   0.62345624036148335
 -0.18008890045000000   0.62367353922254322
 -0.17908890045000000   0.62386839196206561
 -0.17808890045000000   0.62405881787969346
 -0.17708890045000000   0.62424683672208168
 -0.17608890045000000   0.62444513732593278
 -0.17508890045000000   0.62465453297545726
 -0.17408890045000000   0.62484518161760165
 -0.17308890045000000   0.62500930381451050
 -0.17208890045000000   0.62519202910684890
 -0.17108890045000000   0.62537988073628454
 -0.17008890045000000   0.62557079967708432
 -0.16908890045000000   0.62576760731471746
 -0.16808890045000000   0.62594497811751674
 -0.16708890045000000   0.62611836403224332
 -0.16608890045000000   0.62628986645395728
