 -0.32161492230000000   0.58117071517160356
 -0.30861492230000000   0.57137202232774978
 -0.30761492230000000   0.57135577723122425
 -0.30661492230000000   0.57136743270196074
 -0.30561492230000000   0.57136431421385982
 -0.30461492230000000   0.57136068359129126
 -0.30361492230000000   0.57140494107082608
 -0.30261492230000000   0.57137790762901422
 -0.29361492230000000   0.58296897700989407
 -0.29261492230000000   0.58377627496954791
 -0.29161492230000000   0.58332044728081951
 -0.29061492230000000   0.58329757779518108
 -0.28961492230000000   0.58329951316943853
 -0.28861492230000000   0.58330452302582169
 -0.28661492230000000   0.58531987142967729
 -0.28561492230000000   0.58496917510358141
 -0.28461492230000000   0.58822489604074895
 -0.28361492230000000   0.58823802051315591
 -0.28261492230000000   0.58822005355915056
 -0.28161492230000000   0.59049179201702925
 -0.28061492230000000   0.59093949161329757
 -0.27961492230000000   0.59692757391994390
 -0.27861492230000000   0.59265620593284543
 -0.27761492230000000   0.59994561666602352
 -0.27661492230000000   0.59976931115922384
 -0.27561492230000000   0.60003554812639224
 -0.27461492230000000   0.59996818618313540
 -0.27361492230000000   0.59998310170565526
 -0.27261492230000000   0.60004872087763676
 -0.27161492230000000   0.60001589886817960
 -0.27061492230000000   0.59996661338566316
 -0.26961492230000000   0.60003682224055024
 -0.26861492230000000   0.59997423624053457
 -0.26761492230000000   0.60003116545041874
 -0.26661492230000000   0.59998458062944379
 -0.26561492230000000   0.59999627536468752
 -0.26461492230000000   0.60002380624635474
 -0.26361492230000000   0.59999079974933582
 -0.26261492230000000   0.59998624808667606
 -0.26161492230000000   0.60000636375100853
 -0.26061492230000000   0.60001020471030027
 -0.25961492230000000   0.60001299518845849
 -0.25861492230000000   0.60000671827104665
 -0.25761492230000000   0.60000061383684285
 -0.25661492230000000   0.59999800026051557
 -0.25561492230000000   0.59999805553863685
 -0.25461492230000000   0.59999936707904536
 -0.25361492230000000   0.60000107983174137
 -0.25261492230000000   0.60000165188074808
 -0.25161492230000000   0.60000146607479335
 -0.25061492230000000   0.59999978957341860
 -0.24961492230000000   0.59999632177794790
 -0.24861492230000000   0.59999222310177997
 -0.24761492230000000   0.59999099376046436
 -0.24661492230000000   0.59999736377995408
 -0.24561492230000000   0.60001663117666329
 -0.24461492230000000   0.60000946485440100
 -0.24361492230000000   0.59998890588216961
 -0.24261492230000000   0.59998377719233879
 -0.24161492230000000   0.60001309840181360
 -0.24061492230000000   0.60002683129865023
 -0.23961492230000000   0.59999745626861905
 -0.23861492230000000   0.59997722440605701
 -0.23761492230000000   0.60003196415295197
 -0.23661492230000000   0.59998692935601536
 -0.23561492230000000   0.59999824340521149
 -0.23461492230000000   0.59996910931854631
 -0.23361492230000000   0.59996574933831559
 -0.23261492230000000   0.60004320518739710
 -0.23161492230000000   0.59997248069484624
 -0.23061492230000000   0.60000005715927623
 -0.22961492230000000   0.60004572542658833
 -0.22861492230000000   0.60005877069186041
 -0.22761492230000000   0.59995145531917140
 -0.22661492230000000   0.59994076226704273
 -0.22561492230000000   0.59996383894171217
 -0.22461492230000000   0.60006879544624232
 -0.22361492230000000   0.60472532964157199
 -0.22261492230000000   0.60587596348949832
 -0.22161492230000000   0.60650979153251144
 -0.22061492230000000   0.60711104913137158
 -0.21961492230000000   0.60756681222126450
 -0.21861492230000000   0.60801369474364184
 -0.21761492230000000   0.60837947406319473
 -0.21661492230000000   0.60879132887567098
 -0.21561492230000000   0.60911961961470329
 -0.21461492230000000   0.60942798727081813
 -0.21361492230000000   0.60980222445056908
 -0.21261492230000000   0.61008759733124953
 -0.21161492230000000   0.61036020901305679
 -0.21061492230000000   0.61069190694992302
 -0.20961492230000000   0.61096415410383069
 -0.20861492230000000   0.61119767876175267
 -0.20761492230000000   0.61145216866164655
 -0.20661492230000000   0.61176262416789353
 -0.20561492230000000   0.61199071663427533
 -0.20461492230000000   0.61223680824098473
 -0.20361492230000000   0.61245095090433196
 -0.20261492230000000   0.61273731018971018
 -0.20161492230000000   0.61294247870758746
 -0.20061492230000000   0.61316829180574735
 -0.19961492230000000   0.61336451440874639
 -0.19861492230000000   0.61362478318241774
 -0.19761492230000000   0.61383342468162361
 -0.19661492230000000   0.61402567566577727
 -0.19561492230000000   0.61422924289634540
 -0.19461492230000000   0.61440821793480515
 -0.19361492230000000   0.61464918339368309
 -0.19261492230000000   0.61484360451210304
 -0.19161492230000000   0.61502104084701848
 -0.19061492230000000   0.61522119791272689
 -0.18961492230000000   0.61536155852828851
 -0.18861492230000000   0.61548384807362189
 -0.18761492230000000   0.61573213035637511
 -0.18661492230000000   0.61588930310268360
 -0.18561492230000000   0.61606316824626749
 -0.18461492230000000   0.61623092103522938
 -0.18361492230000000   0.61637690124278857
 -0.18261492230000000   0.61655573051308926
 -0.18161492230000000   0.61673991863470761
 -0.18061492230000000   0.61688126316714860
 -0.17961492230000000   0.61702676855947437
 -0.17861492230000000   0.61717917404132978
 -0.17761492230000000   0.61730767789991410
 -0.17661492230000000   0.61745293249732517
 -0.17561492230000000   0.61763196224091594
 -0.17461492230000000   0.61776866914704279
 -0.17361492230000000   0.61788747000194313
 -0.17261492230000000   0.61802006212567710
 -0.17161492230000000   0.61815835165089002
 -0.17061492230000000   0.61827916702857088
 -0.16961492230000000   0.61839412358746414
 -0.16861492230000000   0.61852312684964372
 -0.16761492230000000   0.61867638044741987
 -0.16661492230000000   0.61879528212378801
 -0.16561492230000000   0.61890022710504279
 -0.16461492230000000   0.61900811385670856
 -0.16361492230000000   0.61912781259638871
 -0.16261492230000000   0.61923317407405508
 -0.16161492230000000   0.61932920724636100
 -0.16061492230000000   0.61943079620855636
 -0.15961492230000000   0.61955318650444915
 -0.15861492230000000   0.61967359407149773
 -0.15761492230000000   0.61977321363825046
 -0.15661492230000000   0.61986609864237415
 -0.15561492230000000   0.61995174741791768
 -0.15461492230000000   0.62003528839129621
 -0.15361492230000000   0.62013132735036235
