 -0.34995800683000000   0.56187279238999419
 -0.34895800683000000   0.56232167331208055
 -0.34795800683000000   0.56276911465482477
 -0.34695800683000000   0.56321454258858550
 -0.34595800683000000   0.56366019610730986
 -0.34495800683000000   0.56410239932942659
 -0.34395800683000000   0.56454586527696583
 -0.34295800683000000   0.56498538727294400
 -0.34195800683000000   0.56542600327469491
 -0.34095800683000000   0.56586349499662553
 -0.33995800683000000   0.56630066708902766
 -0.33895800683000000   0.56673655346565937
 -0.33795800683000000   0.56717013451310368
 -0.33695800683000000   0.56760429334322101
 -0.33595800683000000   0.56803474013824228
 -0.33495800683000000   0.56846645256977221
 -0.33395800683000000   0.56889461194118002
 -0.33295800683000000   0.56932298348797854
 -0.33195800683000000   0.56974957090564761
 -0.33095800683000000   0.57017421421588533
 -0.32995800683000000   0.57059923341087148
 -0.32895800683000000   0.57102063575494506
 -0.32795800683000000   0.57144322041095931
 -0.32695800683000000   0.57186243260002528
 -0.32595800683000000   0.57228150553260085
 -0.32495800683000000   0.57269931136585245
 -0.32395800683000000   0.57311460891103788
 -0.32295800683000000   0.57353072145741267
 -0.32195800683000000   0.57394311336027012
 -0.32095800683000000   0.57435628031632415
 -0.31995800683000000   0.57476700121700508
 -0.31895800683000000   0.57517629397650558
 -0.31795800683000000   0.57558567486282159
 -0.31695800683000000   0.57599157622227990
 -0.31595800683000000   0.57639849156188418
 -0.31495800683000000   0.57680242218377675
 -0.31395800683000000   0.57720553008583907
 -0.31295800683000000   0.57760824223072519
 -0.31195800683000000   0.57800772387606994
 -0.31095800683000000   0.57840820226669186
 -0.30995800683000000   0.57880558918578832
 -0.30895800683000000   0.57920226795855965
 -0.30795800683000000   0.57959849244009372
 -0.30695800683000000   0.57999150970979478
 -0.30595800683000000   0.58038545035635798
 -0.30495800683000000   0.58077650157082531
 -0.30395800683000000   0.58116651528743171
 -0.30295800683000000   0.58155642134329605
 -0.30195800683000000   0.58194296227321296
 -0.30095800683000000   0.58233021714375946
 -0.29995800683000000   0.58271516362946687
 -0.29895800683000000   0.58309832703986157
 -0.29795800683000000   0.58348195274226934
 -0.29695800683000000   0.58386217036473615
 -0.29595800683000000   0.58424246738504890
 -0.29495800683000000   0.58462153542368382
 -0.29395800683000000   0.58499784601506367
 -0.29295800683000000   0.58537493663583417
 -0.29195800683000000   0.58574921155553933
 -0.29095800683000000   0.58612227361041526
 -0.28995800683000000   0.58649544047573604
 -0.28895800683000000   0.58686529082398754
 -0.28795800683000000   0.58723526583692262
 -0.28695800683000000   0.58760398621805366
 -0.28595800683000000   0.58796994830844562
 -0.28495800683000000   0.58833657683663318
 -0.28395800683000000   0.58870073377229881
 -0.28295800683000000   0.58906319807582758
 -0.28195800683000000   0.58942607113992266
 -0.28095800683000000   0.58978583786249732
 -0.27995800683000000   0.59014495194590377
 -0.27895800683000000   0.59050374384071199
 -0.27795800683000000   0.59085938612853045
 -0.27695800683000000   0.59121510185473329
 -0.27595800683000000   0.59156965719593781
 -0.27495800683000000   0.59192140046230656
 -0.27395800683000000   0.59227357417334136
 -0.27295800683000000   0.59262388123409619
 -0.27195800683000000   0.59297186147419581
 -0.27095800683000000   0.59332034102196849
 -0.26995800683000000   0.59366646667473654
 -0.26895800683000000   0.59401073446826061
 -0.26795800683000000   0.59435540615516570
 -0.26695800683000000   0.59469744143441717
 -0.26595800683000000   0.59503798701889902
 -0.26495800683000000   0.59537878655053059
 -0.26395800683000000   0.59571681696798309
 -0.26295800683000000   0.59605359651690395
 -0.26195800683000000   0.59639049965865682
 -0.26095800683000000   0.59672459610713091
 -0.25995800683000000   0.59705755099782575
 -0.25895800683000000   0.59739055714508670
 -0.25795800683000000   0.59772077888340716
 -0.25695800683000000   0.59804984751064196
 -0.25595800683000000   0.59837896276921985
 -0.25495800683000000   0.59870536535490268
 -0.25395800683000000   0.59903049089803453
 -0.25295800683000000   0.59935571239742382
 -0.25195800683000000   0.59967835545664495
 -0.25095800683000000   0.59999949387580887
 -0.24995800683000000   0.60032079535325981
 -0.24895800683000000   0.60063974550641405
 -0.24795800683000000   0.60095687803294189
 -0.24695800683000000   0.60127419943857916
 -0.24595800683000000   0.60158952388862247
 -0.24495800683000000   0.60190267285106515
 -0.24395800683000000   0.60221591802891957
 -0.24295800683000000   0.60252766332633434
 -0.24195800683000000   0.60283690965403266
 -0.24095800683000000   0.60314596456521266
 -0.23995800683000000   0.60345411843438417
 -0.23895800683000000   0.60375960801853518
 -0.23795800683000000   0.60406438579739511
 -0.23695800683000000   0.60436883300790610
 -0.23595800683000000   0.60467075499614015
 -0.23495800683000000   0.60497126293434471
 -0.23395800683000000   0.60527176843682545
 -0.23295800683000000   0.60557028532801927
 -0.23195800683000000   0.60586668368032524
 -0.23095800683000000   0.60616295340982183
 -0.22995800683000000   0.60645807997876559
 -0.22895800683000000   0.60675068332682703
 -0.22795800683000000   0.60704252218317887
 -0.22695800683000000   0.60733401183348725
 -0.22595800683000000   0.60762318347655458
 -0.22495800683000000   0.60791067411911761
 -0.22395800683000000   0.60819805899660801
 -0.22295800683000000   0.60848397837111765
 -0.22195800683000000   0.60876752802954119
 -0.22095800683000000   0.60905041922155799
 -0.21995800683000000   0.60933282790478154
 -0.21895800683000000   0.60961297115290158
 -0.21795800683000000   0.60989143462517917
 -0.21695800683000000   0.61016969365942428
 -0.21595800683000000   0.61044665727340331
 -0.21495800683000000   0.61072126632026709
 -0.21395800683000000   0.61099493241700111
 -0.21295800683000000   0.61126825488793780
 -0.21195800683000000   0.61153964237521955
 -0.21095800683000000   0.61180901751138368
 -0.20995800683000000   0.61207789958022723
 -0.20895800683000000   0.61234602182861326
 -0.20795800683000000   0.61261192538903863
 -0.20695800683000000   0.61287624174270891
 -0.20595800683000000   0.61314021930545236
 -0.20495800683000000   0.61340303003183879
 -0.20395800683000000   0.61366359167400747
 -0.20295800683000000   0.61392289294437439
 -0.20195800683000000   0.61418183738387761
 -0.20095800683000000   0.61443934277380415
 -0.19995800683000000   0.61469466993059874
 -0.19895800683000000   0.61494892160093088
 -0.19795800683000000   0.61520274645289346
 -0.19695800683000000   0.61545500664615437
 -0.19595800683000000   0.61570516166533087
 -0.19495800683000000   0.61595429897027280
 -0.19395800683000000   0.61620295521191571
 -0.19295800683000000   0.61645004347537829
 -0.19195800683000000   0.61669506408244930
 -0.19095800683000000   0.61693901976829698
 -0.18995800683000000   0.61718247034434651
 -0.18895800683000000   0.61742445333240445
 -0.18795800683000000   0.61766437870846296
 -0.18695800683000000   0.61790309991738772
 -0.18595800683000000   0.61814129450558929
 -0.18495800683000000   0.61837821620398452
 -0.18395800683000000   0.61861310674866837
 -0.18295800683000000   0.61884657473540155
 -0.18195800683000000   0.61907943849759433
 -0.18095800683000000   0.61931129363192870
 -0.17995800683000000   0.61954123296591899
 -0.17895800683000000   0.61976949072971583
 -0.17795800683000000   0.61999694385849494
 -0.17695800683000000   0.62022364324898099
 -0.17595800683000000   0.62044870398925548
 -0.17495800683000000   0.62067187793016397
 -0.17395800683000000   0.62089389822454136
 -0.17295800683000000   0.62111526389841215
 -0.17195800683000000   0.62133542289775881
 -0.17095800683000000   0.62155369972317674
 -0.16995800683000000   0.62177040401794115
 -0.16895800683000000   0.62198626047378834
 -0.16795800683000000   0.62220130698352801
 -0.16695800683000000   0.62241481231948401
 -0.16595800683000000   0.62262647593979060
 -0.16495800683000000   0.62283683639995155
 -0.16395800683000000   0.62304643380982575
 -0.16295800683000000   0.62325502297728577
 -0.16195800683000000   0.62346193178979751
 -0.16095800683000000   0.62366710674280510
 -0.15995800683000000   0.62387111545367021
 -0.15895800683000000   0.62407434301007580
 -0.15795800683000000   0.62427644908582816
 -0.15695800683000000   0.62447685722146355
 -0.15595800683000000   0.62467559911339530
 -0.15495800683000000   0.62487319706190112
 -0.15395800683000000   0.62506997368223765
 -0.15295800683000000   0.62526561910852922
 -0.15195800683000000   0.62545961322367317
 -0.15095800683000000   0.62565195047542530
