 -0.35635119731000000   0.56024245715434018
 -0.35535119731000000   0.56071863943810714
 -0.35435119731000000   0.56119209981087202
 -0.35335119731000000   0.56166195915241831
 -0.35235119731000000   0.56213560457274021
 -0.35135119731000000   0.56259898136868284
 -0.35035119731000000   0.56307303909350881
 -0.34935119731000000   0.56353023917057144
 -0.34835119731000000   0.56400436597951908
 -0.34735119731000000   0.56445625486184567
 -0.34635119731000000   0.56492928375501385
 -0.34535119731000000   0.56537727766897277
 -0.34435119731000000   0.56584713197553371
 -0.34335119731000000   0.56629312294479059
 -0.34235119731000000   0.56675709963967298
 -0.34135119731000000   0.56720332372763323
 -0.34035119731000000   0.56765890799744006
 -0.33935119731000000   0.56810756134673731
 -0.33835119731000000   0.56855360927950617
 -0.33735119731000000   0.56900587131475247
 -0.33635119731000000   0.56944338615136264
 -0.33535119731000000   0.56988743410554698
 -0.33435119731000000   0.57034154812051138
 -0.33335119731000000   0.57077344397041647
 -0.33235119731000000   0.57121958685668882
 -0.33135119731000000   0.57165388277098886
 -0.33035119731000000   0.57208892229309248
 -0.32935119731000000   0.57252874753559689
 -0.32835119731000000   0.57295397396144590
 -0.32735119731000000   0.57339708333654254
 -0.32635119731000000   0.57382722406333983
 -0.32535119731000000   0.57424947514771096
 -0.32435119731000000   0.57467888041477717
 -0.32335119731000000   0.57510678656552732
 -0.32235119731000000   0.57552450338817486
 -0.32135119731000000   0.57595779403802179
 -0.32035119731000000   0.57636911228447961
 -0.31935119731000000   0.57679939178024909
 -0.31835119731000000   0.57721140842190605
 -0.31735119731000000   0.57762955665893194
 -0.31635119731000000   0.57804846809305149
 -0.31535119731000000   0.57845467659209353
 -0.31435119731000000   0.57887847963382473
 -0.31335119731000000   0.57928017563509285
 -0.31235119731000000   0.57969681959171835
 -0.31135119731000000   0.58010272633204201
 -0.31035119731000000   0.58050517208476757
 -0.30935119731000000   0.58091925935862769
 -0.30835119731000000   0.58131343434619610
 -0.30735119731000000   0.58172520288887685
 -0.30635119731000000   0.58212121163150811
 -0.30535119731000000   0.58251862257749257
 -0.30435119731000000   0.58292365629364938
 -0.30335119731000000   0.58331088846673286
 -0.30235119731000000   0.58371573618092619
 -0.30135119731000000   0.58410411741453564
 -0.30035119731000000   0.58449432901751916
 -0.29935119731000000   0.58489225384973694
 -0.29835119731000000   0.58527233071272920
 -0.29735119731000000   0.58566894323054130
 -0.29635119731000000   0.58605158737386198
 -0.29535119731000000   0.58643257178992058
 -0.29435119731000000   0.58681556557534569
 -0.29335119731000000   0.58720486477658065
 -0.29235119731000000   0.58758380846061958
 -0.29135119731000000   0.58795709298547426
 -0.29035119731000000   0.58834488553536177
 -0.28935119731000000   0.58871330269514320
 -0.28835119731000000   0.58909007133109066
 -0.28735119731000000   0.58946766667037635
 -0.28635119731000000   0.58983117753503967
 -0.28535119731000000   0.59021036590972626
 -0.28435119731000000   0.59057624273427711
 -0.28335119731000000   0.59093892265676320
 -0.28235119731000000   0.59131474155003585
 -0.28135119731000000   0.59167210619952270
 -0.28035119731000000   0.59203620894573940
 -0.27935119731000000   0.59240375421111036
 -0.27835119731000000   0.59275586574476201
 -0.27735119731000000   0.59312100229518287
 -0.27635119731000000   0.59347901062088636
 -0.27535119731000000   0.59382799367584572
 -0.27435119731000000   0.59419175861585724
 -0.27335119731000000   0.59454141936654937
 -0.27235119731000000   0.59488849999536598
 -0.27135119731000000   0.59524099166452392
 -0.27035119731000000   0.59559085770565427
 -0.26935119731000000   0.59594445331169153
 -0.26835119731000000   0.59628282442503704
 -0.26735119731000000   0.59663121037348530
 -0.26635119731000000   0.59697809444456778
 -0.26535119731000000   0.59731236613512664
 -0.26435119731000000   0.59765839264097302
 -0.26335119731000000   0.59799919584943815
 -0.26235119731000000   0.59832965774012798
 -0.26135119731000000   0.59867264098649997
 -0.26035119731000000   0.59900834062247224
 -0.25935119731000000   0.59933550043832778
 -0.25835119731000000   0.59967769468037908
 -0.25735119731000000   0.60000236567863063
 -0.25635119731000000   0.60031883123745969
 -0.25535119731000000   0.60065626885737770
 -0.25435119731000000   0.60098392354484306
 -0.25335119731000000   0.60130236979554375
 -0.25235119731000000   0.60163197538783257
 -0.25135119731000000   0.60195564650148594
 -0.25035119731000000   0.60226949157118475
 -0.24935119731000000   0.60259337506042602
 -0.24835119731000000   0.60291425785371968
 -0.24735119731000000   0.60322383841455855
 -0.24635119731000000   0.60354144613622080
 -0.24535119731000000   0.60386005790706017
 -0.24435119731000000   0.60416577267354654
 -0.24335119731000000   0.60447653322926888
 -0.24235119731000000   0.60479283358546604
 -0.24135119731000000   0.60509541006005395
 -0.24035119731000000   0.60539914713856005
 -0.23935119731000000   0.60571213647693759
 -0.23835119731000000   0.60601272250273418
 -0.23735119731000000   0.60630995591663667
 -0.23635119731000000   0.60661750852691058
 -0.23535119731000000   0.60691750605891705
 -0.23435119731000000   0.60720944072813111
 -0.23335119731000000   0.60750907542878686
 -0.23235119731000000   0.60780920215003281
 -0.23135119731000000   0.60809750124951915
 -0.23035119731000000   0.60838821808357599
 -0.22935119731000000   0.60868664272332049
 -0.22835119731000000   0.60897360486997547
 -0.22735119731000000   0.60926436905538003
 -0.22635119731000000   0.60954954587441900
 -0.22535119731000000   0.60982962334120367
 -0.22435119731000000   0.61011760816210456
 -0.22335119731000000   0.61040428897941545
 -0.22235119731000000   0.61068037255908621
 -0.22135119731000000   0.61095823027336707
 -0.22035119731000000   0.61124365257723033
 -0.21935119731000000   0.61151949143659964
 -0.21835119731000000   0.61178993722923873
 -0.21735119731000000   0.61206682028392615
 -0.21635119731000000   0.61234485331778695
 -0.21535119731000000   0.61261222153374347
 -0.21435119731000000   0.61287880149251651
 -0.21335119731000000   0.61315317706142914
 -0.21235119731000000   0.61342229562323206
 -0.21135119731000000   0.61368325864780006
 -0.21035119731000000   0.61394662279627914
 -0.20935119731000000   0.61421620529316788
 -0.20835119731000000   0.61447723286674055
 -0.20735119731000000   0.61473276048321851
 -0.20635119731000000   0.61499258449484547
 -0.20535119731000000   0.61525611944482527
 -0.20435119731000000   0.61551024775897376
 -0.20335119731000000   0.61576063366237069
 -0.20235119731000000   0.61601610347076160
 -0.20135119731000000   0.61627343679497399
 -0.20035119731000000   0.61652153567130879
 -0.19935119731000000   0.61676671281229441
 -0.19835119731000000   0.61701697744680075
 -0.19735119731000000   0.61726754070671465
 -0.19635119731000000   0.61750835683174387
 -0.19535119731000000   0.61775088683269381
 -0.19435119731000000   0.61799881205344785
 -0.19335119731000000   0.61824081515324574
 -0.19235119731000000   0.61847639846158157
 -0.19135119731000000   0.61871268406831155
 -0.19035119731000000   0.61895650918417977
 -0.18935119731000000   0.61918845559648183
 -0.18835119731000000   0.61941970583270590
 -0.18735119731000000   0.61965597221372604
 -0.18635119731000000   0.61989115640930274
 -0.18535119731000000   0.62011862508301481
 -0.18435119731000000   0.62034370566754152
 -0.18335119731000000   0.62057223288785895
 -0.18235119731000000   0.62080309966737704
 -0.18135119731000000   0.62102704114521233
 -0.18035119731000000   0.62124652846402867
 -0.17935119731000000   0.62146697243263218
 -0.17835119731000000   0.62169173703840055
 -0.17735119731000000   0.62191316425720237
 -0.17635119731000000   0.62212809356733591
 -0.17535119731000000   0.62234132915381251
 -0.17435119731000000   0.62255755890935789
 -0.17335119731000000   0.62277626120285986
 -0.17235119731000000   0.62298587003155957
 -0.17135119731000000   0.62319371532835605
 -0.17035119731000000   0.62340403864796223
 -0.16935119731000000   0.62361662700154964
 -0.16835119731000000   0.62382398525657333
 -0.16735119731000000   0.62402648165919145
 -0.16635119731000000   0.62422806230572216
 -0.16535119731000000   0.62443240212276431
 -0.16435119731000000   0.62463782266632561
 -0.16335119731000000   0.62483781305635176
 -0.16235119731000000   0.62503359509588890
 -0.16135119731000000   0.62522860184564054
 -0.16035119731000000   0.62542606329167387
 -0.15935119731000000   0.62562449116723593
 -0.15835119731000000   0.62581795219724982
 -0.15735119731000000   0.62600722170771278
