 -0.36445880957000000   0.55348514751277399
 -0.36345880957000000   0.55415756427349934
 -0.36245880957000000   0.55482358976497326
 -0.36145880957000000   0.55552551407662237
 -0.36045880957000000   0.55599997841676727
 -0.35945880957000000   0.55663407452791291
 -0.35845880957000000   0.55724173305403253
 -0.35745880957000000   0.55788042406906938
 -0.35645880957000000   0.55843268841535124
 -0.35545880957000000   0.55905287782973809
 -0.35445880957000000   0.55965086756051331
 -0.35345880957000000   0.56022486181160113
 -0.35245880957000000   0.56083437782030011
 -0.35145880957000000   0.56137356657570081
 -0.35045880957000000   0.56197101947098801
 -0.34945880957000000   0.56250958418042568
 -0.34845880957000000   0.56309490732416866
 -0.34745880957000000   0.56367061300709894
 -0.34645880957000000   0.56421106357795728
 -0.34545880957000000   0.56478323084835207
 -0.34445880957000000   0.56530929564815790
 -0.34345880957000000   0.56588155055062815
 -0.34245880957000000   0.56638348256636299
 -0.34145880957000000   0.56695106328797300
 -0.34045880957000000   0.56745926983328332
 -0.33945880957000000   0.56802036044131523
 -0.33845880957000000   0.56851953048211411
 -0.33745880957000000   0.56907349936726507
 -0.33645880957000000   0.56958919903999218
 -0.33545880957000000   0.57013155026433712
 -0.33445880957000000   0.57069981019191000
 -0.33345880957000000   0.57143214799160659
 -0.33245880957000000   0.57139130255329287
 -0.33145880957000000   0.57201809851382682
 -0.33045880957000000   0.57254916438589117
 -0.32945880957000000   0.57308566451988795
 -0.32845880957000000   0.57358103005023692
 -0.32745880957000000   0.57408960147600722
 -0.32645880957000000   0.57458206257629691
 -0.32545880957000000   0.57507540144032406
 -0.32445880957000000   0.57555819324112273
 -0.32345880957000000   0.57605356415396013
 -0.32245880957000000   0.57650878355920037
 -0.32145880957000000   0.57701384010559394
 -0.32045880957000000   0.57746273668479821
 -0.31945880957000000   0.57796383180922952
 -0.31845880957000000   0.57840574038436734
 -0.31745880957000000   0.57890404903073362
 -0.31645880957000000   0.57934213955433586
 -0.31545880957000000   0.57983848854264181
 -0.31445880957000000   0.58027606252258902
 -0.31345880957000000   0.58074803333402214
 -0.31245880957000000   0.58119098602637614
 -0.31145880957000000   0.58164525209667557
 -0.31045880957000000   0.58209618016575310
 -0.30945880957000000   0.58253153493194837
 -0.30845880957000000   0.58299315537615954
 -0.30745880957000000   0.58341210433065549
 -0.30645880957000000   0.58388857070886142
 -0.30545880957000000   0.58429957898342564
 -0.30445880957000000   0.58476129244040613
 -0.30345880957000000   0.58517956547147512
 -0.30245880957000000   0.58560055244368439
 -0.30145880957000000   0.58604598588273257
 -0.30045880957000000   0.58644916875710178
 -0.29945880957000000   0.58690658964581280
 -0.29845880957000000   0.58730256224745187
 -0.29745880957000000   0.58775061233800811
 -0.29645880957000000   0.58815016049275251
 -0.29545880957000000   0.58856799560305016
 -0.29445880957000000   0.58898727301398144
 -0.29345880957000000   0.58938203953941577
 -0.29245880957000000   0.58982149824412560
 -0.29145880957000000   0.59021057633452618
 -0.29045880957000000   0.59061552279362623
 -0.28945880957000000   0.59103188528582578
 -0.28845880957000000   0.59141000541201341
 -0.28745880957000000   0.59184209620894151
 -0.28645880957000000   0.59221987226484308
 -0.28545880957000000   0.59261919800497414
 -0.28445880957000000   0.59302034072583387
 -0.28345880957000000   0.59339210500340100
 -0.28245880957000000   0.59381590785481118
 -0.28145880957000000   0.59418428244000504
 -0.28045880957000000   0.59458000144405290
 -0.27945880957000000   0.59497030248220348
 -0.27845880957000000   0.59533671684790208
 -0.27745880957000000   0.59575351908620926
 -0.27645880957000000   0.59612757606067601
 -0.27545880957000000   0.59651328113323831
 -0.27445880957000000   0.59688081822691590
 -0.27345880957000000   0.59728041633523217
 -0.27245880957000000   0.59768439742590776
 -0.27145880957000000   0.59809489299526740
 -0.27045880957000000   0.59851477483941766
 -0.26945880957000000   0.59909540255903018
 -0.26845880957000000   0.60004946281862512
 -0.26745880957000000   0.59998325623238534
 -0.26645880957000000   0.59999066531563451
 -0.26545880957000000   0.60000495603783748
 -0.26445880957000000   0.60001925765952653
 -0.26345880957000000   0.60002696515815131
 -0.26245880957000000   0.59995850427405084
 -0.26145880957000000   0.60089078149359172
 -0.26045880957000000   0.60142239881688599
 -0.25945880957000000   0.60185710183981446
 -0.25845880957000000   0.60222028193126622
 -0.25745880957000000   0.60260485297673671
 -0.25645880957000000   0.60295734452803024
 -0.25545880957000000   0.60328838623858912
 -0.25445880957000000   0.60366059941375307
 -0.25345880957000000   0.60399028433784125
 -0.25245880957000000   0.60431253986524445
 -0.25145880957000000   0.60465573602974811
 -0.25045880957000000   0.60500256574051274
 -0.24945880957000000   0.60531270488848363
 -0.24845880957000000   0.60564683930290531
 -0.24745880957000000   0.60597899938538748
 -0.24645880957000000   0.60628416816080037
 -0.24545880957000000   0.60661003969476771
 -0.24445880957000000   0.60693775667005299
 -0.24345880957000000   0.60723680971664048
 -0.24245880957000000   0.60755153825450847
 -0.24145880957000000   0.60787850063016702
 -0.24045880957000000   0.60817168563820108
 -0.23945880957000000   0.60847388931251265
 -0.23845880957000000   0.60880112711609072
 -0.23745880957000000   0.60908954717394109
 -0.23645880957000000   0.60937995309910755
 -0.23545880957000000   0.60970206088511188
 -0.23445880957000000   0.60999334670413431
 -0.23345880957000000   0.61027438025722989
 -0.23245880957000000   0.61057978809991169
 -0.23145880957000000   0.61087958433767208
 -0.23045880957000000   0.61115562629832106
 -0.22945880957000000   0.61143901230076024
 -0.22845880957000000   0.61174772949605442
 -0.22745880957000000   0.61202040546430113
 -0.22645880957000000   0.61229034861305580
 -0.22545880957000000   0.61258994466396055
 -0.22445880957000000   0.61286991636883320
 -0.22345880957000000   0.61313456959094962
 -0.22245880957000000   0.61340751284241905
 -0.22145880957000000   0.61370224278143610
 -0.22045880957000000   0.61396659783538927
 -0.21945880957000000   0.61422474158848190
 -0.21845880957000000   0.61449605180461829
 -0.21745880957000000   0.61478020459600140
 -0.21645880957000000   0.61503408300468419
 -0.21545880957000000   0.61528597272112456
 -0.21445880957000000   0.61556137289900098
 -0.21345880957000000   0.61582844291229001
 -0.21245880957000000   0.61607528525301928
 -0.21145880957000000   0.61632355042555617
 -0.21045880957000000   0.61659562936807055
 -0.20945880957000000   0.61685352018060900
 -0.20845880957000000   0.61709617834875480
 -0.20745880957000000   0.61733527516433772
 -0.20645880957000000   0.61758617506092061
 -0.20545880957000000   0.61784923369610352
 -0.20445880957000000   0.61808490860353673
 -0.20345880957000000   0.61831777292025862
 -0.20245880957000000   0.61856156206665526
 -0.20145880957000000   0.61881790916259617
 -0.20045880957000000   0.61904781778628691
 -0.19945880957000000   0.61927463010254516
 -0.19845880957000000   0.61950828590969588
 -0.19745880957000000   0.61975923446682517
 -0.19645880957000000   0.61998516177020421
 -0.19545880957000000   0.62020599487151085
 -0.19445880957000000   0.62042831757410055
 -0.19345880957000000   0.62067149874600031
 -0.19245880957000000   0.62089722241947721
 -0.19145880957000000   0.62111162181500663
 -0.19045880957000000   0.62132465367695340
 -0.18945880957000000   0.62155291674645697
 -0.18845880957000000   0.62178258486715018
 -0.18745880957000000   0.62199158172361031
 -0.18645880957000000   0.62219871765339964
 -0.18545880957000000   0.62240844625983917
 -0.18445880957000000   0.62263583019815081
 -0.18345880957000000   0.62284697721231338
 -0.18245880957000000   0.62304770786415628
 -0.18145880957000000   0.62324693004730121
 -0.18045880957000000   0.62345461794969422
 -0.17945880957000000   0.62367286663940039
 -0.17845880957000000   0.62387159478983037
 -0.17745880957000000   0.62406905219638229
 -0.17645880957000000   0.62426147101451249
 -0.17545880957000000   0.62445406327802007
 -0.17445880957000000   0.62466228719256684
 -0.17345880957000000   0.62486464214219974
 -0.17245880957000000   0.62503855583318720
 -0.17145880957000000   0.62522933012642016
 -0.17045880957000000   0.62541440822204278
 -0.16945880957000000   0.62561129985595951
 -0.16845880957000000   0.62580701595688553
 -0.16745880957000000   0.62598673823569268
 -0.16645880957000000   0.62616431221238324
 -0.16545880957000000   0.62633972042857941
