 -0.32322788394000000   0.57135433790167613
 -0.32310788394000000   0.57136150115086307
 -0.32298788394000000   0.57138483726524561
 -0.32286788394000000   0.57140362811746035
 -0.32274788394000000   0.57140437536362462
 -0.32262788394000000   0.57138961828157302
 -0.32250788394000000   0.57138723653569120
 -0.32238788394000000   0.57137139794292994
 -0.32226788394000000   0.57136253142145812
 -0.32214788394000000   0.57136174369034834
 -0.32202788394000000   0.57136705216446661
 -0.32190788394000000   0.57137580108874703
 -0.32178788394000000   0.57138477503225273
 -0.32166788394000000   0.57139136226474479
 -0.32154788394000000   0.57139444642034019
 -0.32142788394000000   0.57139420704967241
 -0.32130788394000000   0.57139154466917301
 -0.32118788394000000   0.57138761235363243
 -0.32106788394000000   0.57138346652659044
 -0.32094788394000000   0.57137984328609166
 -0.32082788394000000   0.57137710281900625
 -0.32070788394000000   0.57137531308651955
 -0.32058788394000000   0.57137437311906551
 -0.32046788394000000   0.57137410953526015
 -0.32034788394000000   0.57137433552651519
 -0.32022788394000000   0.57137488249319597
 -0.32010788394000000   0.57137561462788199
 -0.31998788394000000   0.57137643315581384
 -0.31986788394000000   0.57137727440194567
 -0.31974788394000000   0.57137810445866751
 -0.31962788394000000   0.57137891235550117
 -0.31950788394000000   0.57137970291434217
 -0.31938788394000000   0.57138048984604360
 -0.31926788394000000   0.57138128915613054
 -0.31914788394000000   0.57138211262887739
 -0.31902788394000000   0.57138296107907471
 -0.31890788394000000   0.57138381722453057
 -0.31878788394000000   0.57138463846686323
 -0.31866788394000000   0.57140923167533710
 -0.31854788394000000   0.57140929866504451
 -0.31842788394000000   0.57140907605876019
 -0.31830788394000000   0.57141115936752246
 -0.31818788394000000   0.57141103219871184
 -0.31806788394000000   0.57141037435086022
 -0.31794788394000000   0.57140906000091039
 -0.31782788394000000   0.57140703642309613
 -0.31770788394000000   0.57140438869619491
 -0.31758788394000000   0.57140140213856730
 -0.31746788394000000   0.57139858809564802
 -0.31734788394000000   0.57139663615544526
 -0.31722788394000000   0.57139628960133994
 -0.31710788394000000   0.57139815366785784
 -0.31698788394000000   0.57140240956964655
 -0.31686788394000000   0.57140843903663988
 -0.31674788394000000   0.57141470461853947
 -0.31662788394000000   0.57141903362914454
 -0.31650788394000000   0.57141927642588744
 -0.31638788394000000   0.57141425604368243
 -0.31626788394000000   0.57140454450808500
 -0.31614788394000000   0.57139445519304432
 -0.31602788394000000   0.57138976653286437
 -0.31590788394000000   0.57139426504237968
 -0.31578788394000000   0.57140733836625272
 -0.31566788394000000   0.57142096429700898
 -0.31554788394000000   0.57142467990574889
 -0.31542788394000000   0.57141310709420772
 -0.31530788394000000   0.57139307250037455
 -0.31518788394000000   0.57138512384027399
 -0.31506788394000000   0.57139931029809084
 -0.31494788394000000   0.57142542803869904
 -0.31482788394000000   0.57137813143317114
 -0.31470788394000000   0.57134706086671135
 -0.31458788394000000   0.57136436966148744
 -0.31446788394000000   0.57141852791023153
 -0.31434788394000000   0.57139543295330676
 -0.31422788394000000   0.57135077733642788
 -0.31410788394000000   0.57135344381475708
 -0.31398788394000000   0.57142783790069152
 -0.31386788394000000   0.57136668958022087
 -0.31374788394000000   0.57138021498941165
 -0.31362788394000000   0.57139441730056424
 -0.31350788394000000   0.57134769952094283
 -0.31338788394000000   0.57135911935683186
 -0.31326788394000000   0.57143806888908995
 -0.31314788394000000   0.57142874010241057
 -0.31302788394000000   0.57319623534978754
 -0.31290788394000000   0.57390607390604839
 -0.31278788394000000   0.57419214445162193
 -0.31266788394000000   0.57443084520979981
 -0.31254788394000000   0.57465341218154176
 -0.31242788394000000   0.57484505299335628
 -0.31230788394000000   0.57499862213164255
 -0.31218788394000000   0.57510432606664165
 -0.31206788394000000   0.57523676777027162
 -0.31194788394000000   0.57536666307454844
 -0.31182788394000000   0.57547879555137085
 -0.31170788394000000   0.57565505344317767
 -0.31158788394000000   0.57579506588264169
 -0.31146788394000000   0.57589861509011877
 -0.31134788394000000   0.57598923655004810
 -0.31122788394000000   0.57610297150231486
 -0.31110788394000000   0.57621537610455224
 -0.31098788394000000   0.57630079659485723
 -0.31086788394000000   0.57638203536630938
 -0.31074788394000000   0.57650036028632968
 -0.31062788394000000   0.57666687314347134
 -0.31050788394000000   0.57679300279053150
 -0.31038788394000000   0.57692813179740739
 -0.31026788394000000   0.57694222221233670
 -0.31014788394000000   0.57692894930378346
 -0.31002788394000000   0.57710888102555029
 -0.30990788394000000   0.57720863664498093
 -0.30978788394000000   0.57730131174095186
 -0.30966788394000000   0.57737541046992738
 -0.30954788394000000   0.57745675522708061
 -0.30942788394000000   0.57756684550050615
 -0.30930788394000000   0.57771643492859243
 -0.30918788394000000   0.57782232511781033
 -0.30906788394000000   0.57789801785151776
 -0.30894788394000000   0.57796845603262647
 -0.30882788394000000   0.57805457527082193
 -0.30870788394000000   0.57814338097056543
 -0.30858788394000000   0.57823583356452784
 -0.30846788394000000   0.57830616381269380
 -0.30834788394000000   0.57837655716926118
 -0.30822788394000000   0.57847427718682096
 -0.30810788394000000   0.57860878471264912
 -0.30798788394000000   0.57875431642597191
 -0.30786788394000000   0.57896455948481387
 -0.30774788394000000   0.57894456399666345
 -0.30762788394000000   0.57895009893212926
 -0.30750788394000000   0.57895228468944930
 -0.30738788394000000   0.57897034591903647
 -0.30726788394000000   0.57896140432519824
 -0.30714788394000000   0.57917814127729276
 -0.30702788394000000   0.57928123069803709
 -0.30690788394000000   0.57935220333750102
 -0.30678788394000000   0.57942329310333400
 -0.30666788394000000   0.57951986639597678
 -0.30654788394000000   0.57964545870350615
 -0.30642788394000000   0.57975902626814427
 -0.30630788394000000   0.57984815501090459
 -0.30618788394000000   0.57991347291438415
 -0.30606788394000000   0.57997688019143543
 -0.30594788394000000   0.58005675177263293
 -0.30582788394000000   0.58013829221681867
 -0.30570788394000000   0.58021931698427589
 -0.30558788394000000   0.58029003265524357
 -0.30546788394000000   0.58035296469651397
 -0.30534788394000000   0.58042245785274376
 -0.30522788394000000   0.58051485022670391
 -0.30510788394000000   0.58066262042195571
 -0.30498788394000000   0.58073427102503856
 -0.30486788394000000   0.58082532493845297
 -0.30474788394000000   0.58089093650321717
 -0.30462788394000000   0.58095272755199564
 -0.30450788394000000   0.58102698825525525
 -0.30438788394000000   0.58110523173303185
 -0.30426788394000000   0.58118580227567415
 -0.30414788394000000   0.58126590505316752
 -0.30402788394000000   0.58132992456437803
 -0.30390788394000000   0.58139177997056400
 -0.30378788394000000   0.58146916894491795
 -0.30366788394000000   0.58156469578087179
 -0.30354788394000000   0.58169046591393456
 -0.30342788394000000   0.58178853598856942
 -0.30330788394000000   0.58186846167733684
 -0.30318788394000000   0.58193248357299384
 -0.30306788394000000   0.58199855520273677
 -0.30294788394000000   0.58208195797928786
 -0.30282788394000000   0.58216653014291777
 -0.30270788394000000   0.58225590434369402
 -0.30258788394000000   0.58232958540850768
 -0.30246788394000000   0.58240183399930178
 -0.30234788394000000   0.58250181692039568
 -0.30222788394000000   0.58267144774296737
 -0.30210788394000000   0.58284274122565756
 -0.30198788394000000   0.58331994019078255
 -0.30186788394000000   0.58332477292946738
 -0.30174788394000000   0.58328809051067443
 -0.30162788394000000   0.58330030337316764
 -0.30150788394000000   0.58331556682695577
 -0.30138788394000000   0.58331178791105689
 -0.30126788394000000   0.58330382923157427
 -0.30114788394000000   0.58329970099327532
 -0.30102788394000000   0.58329926570412804
 -0.30090788394000000   0.58330051588068057
 -0.30078788394000000   0.58330220588466521
 -0.30066788394000000   0.58330392236965487
 -0.30054788394000000   0.58332362454419372
 -0.30042788394000000   0.58332531104531577
 -0.30030788394000000   0.58332647178305898
 -0.30018788394000000   0.58332559148175401
 -0.30006788394000000   0.58332051596272314
 -0.29994788394000000   0.58331213020799512
 -0.29982788394000000   0.58331088373567491
 -0.29970788394000000   0.58333017528750803
 -0.29958788394000000   0.58333172021247192
 -0.29946788394000000   0.58330694731992545
 -0.29934788394000000   0.58333543167185314
 -0.29922788394000000   0.58392885141190753
 -0.29910788394000000   0.58403304425400738
 -0.29898788394000000   0.58413735508644249
 -0.29886788394000000   0.58422518748422956
 -0.29874788394000000   0.58429376498724186
 -0.29862788394000000   0.58437883153480181
 -0.29850788394000000   0.58444821475791636
 -0.29838788394000000   0.58453417122941943
 -0.29826788394000000   0.58463969393715359
 -0.29814788394000000   0.58475390108079756
 -0.29802788394000000   0.58483941514348623
 -0.29790788394000000   0.58491015310082108
 -0.29778788394000000   0.58496848480723627
 -0.29766788394000000   0.58502984270077191
 -0.29754788394000000   0.58510309215406338
 -0.29742788394000000   0.58517377019538963
 -0.29730788394000000   0.58524405768238867
 -0.29718788394000000   0.58530126939885817
 -0.29706788394000000   0.58535900573371060
 -0.29694788394000000   0.58543094719542572
 -0.29682788394000000   0.58551341062937212
 -0.29670788394000000   0.58562138977102811
 -0.29658788394000000   0.58569533793105203
 -0.29646788394000000   0.58578705541509856
 -0.29634788394000000   0.58586269714362659
 -0.29622788394000000   0.58592508183798045
 -0.29610788394000000   0.58597924209755317
 -0.29598788394000000   0.58603972255393421
 -0.29586788394000000   0.58610999260605228
 -0.29574788394000000   0.58618769439952608
 -0.29562788394000000   0.58623782944573211
 -0.29550788394000000   0.58629631444173178
 -0.29538788394000000   0.58635223628325626
 -0.29526788394000000   0.58642058775872456
 -0.29514788394000000   0.58649783341627482
 -0.29502788394000000   0.58659832198270698
 -0.29490788394000000   0.58669537682329000
 -0.29478788394000000   0.58676905148530715
 -0.29466788394000000   0.58684176300586144
 -0.29454788394000000   0.58691060000728387
 -0.29442788394000000   0.58696915776795714
 -0.29430788394000000   0.58702173389372739
 -0.29418788394000000   0.58708380622370188
 -0.29406788394000000   0.58715136487462194
 -0.29394788394000000   0.58721713723129625
 -0.29382788394000000   0.58728301724825540
 -0.29370788394000000   0.58733703718634238
 -0.29358788394000000   0.58739309677109107
 -0.29346788394000000   0.58746249243916539
 -0.29334788394000000   0.58753981161005518
 -0.29322788394000000   0.58764342409717097
 -0.29310788394000000   0.58773925152832900
 -0.29298788394000000   0.58781549604625309
 -0.29286788394000000   0.58788556974130951
 -0.29274788394000000   0.58794442091760366
 -0.29262788394000000   0.58802030815667041
 -0.29250788394000000   0.58821142084412274
 -0.29238788394000000   0.58824303807073354
 -0.29226788394000000   0.58823172598288437
 -0.29214788394000000   0.58823217100593603
 -0.29202788394000000   0.58823414089448918
 -0.29190788394000000   0.58822767236610387
 -0.29178788394000000   0.58822284944364700
 -0.29166788394000000   0.58838502385186326
 -0.29154788394000000   0.58847851860001497
 -0.29142788394000000   0.58857281150961441
 -0.29130788394000000   0.58868462941526516
 -0.29118788394000000   0.58876772223581582
 -0.29106788394000000   0.58884062647095487
 -0.29094788394000000   0.58889923824277924
 -0.29082788394000000   0.58895149744752707
 -0.29070788394000000   0.58901547156332512
 -0.29058788394000000   0.58908107804597170
 -0.29046788394000000   0.58914502882551313
 -0.29034788394000000   0.58921285763386722
 -0.29022788394000000   0.58927796939354467
 -0.29010788394000000   0.58932992680596665
 -0.28998788394000000   0.58938476104398956
 -0.28986788394000000   0.58945336494793051
 -0.28974788394000000   0.58952526370611299
 -0.28962788394000000   0.58959682309903099
 -0.28950788394000000   0.58969936306681862
 -0.28938788394000000   0.58978548900741046
 -0.28926788394000000   0.58985655178169362
 -0.28914788394000000   0.58992270466291946
 -0.28902788394000000   0.58997466071962404
 -0.28890788394000000   0.59002846140637331
 -0.28878788394000000   0.59009572498569211
 -0.28866788394000000   0.59015694959829035
 -0.28854788394000000   0.59022302606026749
 -0.28842788394000000   0.59028420318152012
 -0.28830788394000000   0.59033412227030578
 -0.28818788394000000   0.59039385941165634
 -0.28806788394000000   0.59046531617781591
 -0.28794788394000000   0.59054063030959278
 -0.28782788394000000   0.59064681451495961
 -0.28770788394000000   0.59072738128924682
 -0.28758788394000000   0.59080538584208061
 -0.28746788394000000   0.59094525059269602
 -0.28734788394000000   0.59093404811542250
 -0.28722788394000000   0.59093178276273399
 -0.28710788394000000   0.59101337971609607
 -0.28698788394000000   0.59109007905879529
 -0.28686788394000000   0.59115203761826234
 -0.28674788394000000   0.59122269333121088
 -0.28662788394000000   0.59128032142214771
 -0.28650788394000000   0.59133125785404145
 -0.28638788394000000   0.59139939299989637
 -0.28626788394000000   0.59146982854499439
 -0.28614788394000000   0.59155469366013696
 -0.28602788394000000   0.59166151526802620
 -0.28590788394000000   0.59173451156902397
 -0.28578788394000000   0.59180362514687751
 -0.28566788394000000   0.59187393447136259
 -0.28554788394000000   0.59194325777932304
 -0.28542788394000000   0.59199394619470190
 -0.28530788394000000   0.59205182715007085
 -0.28518788394000000   0.59212342897092686
 -0.28506788394000000   0.59218269375761684
 -0.28494788394000000   0.59225437769473549
 -0.28482788394000000   0.59231426621367634
 -0.28470788394000000   0.59236530738581590
 -0.28458788394000000   0.59243852540825971
 -0.28446788394000000   0.59251507410970041
 -0.28434788394000000   0.59256071093711972
 -0.28422788394000000   0.59267743924729301
 -0.28410788394000000   0.59277447460640526
 -0.28398788394000000   0.59284630330417167
 -0.28386788394000000   0.59292188080910500
 -0.28374788394000000   0.59297353139586687
 -0.28362788394000000   0.59303618710437164
 -0.28350788394000000   0.59311115874120244
 -0.28338788394000000   0.59317151217611699
 -0.28326788394000000   0.59325017538418608
 -0.28314788394000000   0.59330613428954538
 -0.28302788394000000   0.59336537279054702
 -0.28290788394000000   0.59344635533256035
 -0.28278788394000000   0.59352038413952895
 -0.28266788394000000   0.59362058816863594
 -0.28254788394000000   0.59373531756053495
 -0.28242788394000000   0.59379238032239172
 -0.28230788394000000   0.59388831034621040
 -0.28218788394000000   0.59394326095452609
 -0.28206788394000000   0.59401569075093760
 -0.28194788394000000   0.59409392240940497
 -0.28182788394000000   0.59416360121596456
 -0.28170788394000000   0.59424817590616633
 -0.28158788394000000   0.59430985291351944
 -0.28146788394000000   0.59438931474351887
 -0.28134788394000000   0.59447707548189833
 -0.28122788394000000   0.59456110919215107
 -0.28110788394000000   0.59468080878257014
 -0.28098788394000000   0.59479453077895838
 -0.28086788394000000   0.59488869371311288
 -0.28074788394000000   0.59497099266424685
 -0.28062788394000000   0.59504624203066881
 -0.28050788394000000   0.59515206733498822
 -0.28038788394000000   0.59522857305609958
 -0.28026788394000000   0.59533465002570091
 -0.28014788394000000   0.59541903534950981
 -0.28002788394000000   0.59553185277381002
 -0.27990788394000000   0.59571615505692227
 -0.27978788394000000   0.59582349171680406
 -0.27966788394000000   0.59595958802745586
 -0.27954788394000000   0.59609504751786569
 -0.27942788394000000   0.59622749632347408
 -0.27930788394000000   0.59636385762737587
 -0.27918788394000000   0.59657874272763103
 -0.27906788394000000   0.59690222641143313
 -0.27894788394000000   0.59723702263974098
 -0.27882788394000000   0.60009117293916482
 -0.27870788394000000   0.59996148612908590
 -0.27858788394000000   0.59993328834593234
 -0.27846788394000000   0.60008019816475693
 -0.27834788394000000   0.59994865446288825
 -0.27822788394000000   0.59998769584466964
 -0.27810788394000000   0.60007608991471764
 -0.27798788394000000   0.59998409354297630
 -0.27786788394000000   0.59994171029174777
 -0.27774788394000000   0.60000553628355897
 -0.27762788394000000   0.60006876969255108
 -0.27750788394000000   0.60004751136025356
 -0.27738788394000000   0.59997122545943636
 -0.27726788394000000   0.59994592523303960
 -0.27714788394000000   0.59998835712812296
 -0.27702788394000000   0.60004575270200582
 -0.27690788394000000   0.60006415271645653
 -0.27678788394000000   0.60004288647687749
 -0.27666788394000000   0.59999216852155758
 -0.27654788394000000   0.59995799668762608
 -0.27642788394000000   0.59995275365496484
 -0.27630788394000000   0.59997083129788333
 -0.27618788394000000   0.60000723987829334
 -0.27606788394000000   0.60004130073397473
 -0.27594788394000000   0.60005638751326892
 -0.27582788394000000   0.60005195523896199
 -0.27570788394000000   0.60002967808346159
 -0.27558788394000000   0.59999735352543103
 -0.27546788394000000   0.59997169223227196
 -0.27534788394000000   0.59995968146744282
 -0.27522788394000000   0.59996012072097053
 -0.27510788394000000   0.59998600566322117
 -0.27498788394000000   0.60001025976922564
 -0.27486788394000000   0.60003196904300500
 -0.27474788394000000   0.60004536335779370
 -0.27462788394000000   0.60004912210758101
 -0.27450788394000000   0.60004372644165568
 -0.27438788394000000   0.60001285422894559
 -0.27426788394000000   0.59999286230577628
 -0.27414788394000000   0.59997735471730652
 -0.27402788394000000   0.59996516287797276
 -0.27390788394000000   0.59996833270897526
 -0.27378788394000000   0.59997679448240259
 -0.27366788394000000   0.59998938845877619
 -0.27354788394000000   0.60000412273993660
 -0.27342788394000000   0.60001839462802649
 -0.27330788394000000   0.60002992188685700
 -0.27318788394000000   0.60003742832722654
 -0.27306788394000000   0.60004054793940761
 -0.27294788394000000   0.60003940837982965
 -0.27282788394000000   0.60003438902215605
 -0.27270788394000000   0.60002614507138790
 -0.27258788394000000   0.60001574176188272
 -0.27246788394000000   0.60000462459396669
 -0.27234788394000000   0.59999426083282349
 -0.27222788394000000   0.59998571020035799
 -0.27210788394000000   0.59997949934557232
 -0.27198788394000000   0.59997575658572976
 -0.27186788394000000   0.59997438904042002
 -0.27174788394000000   0.59997519984887064
 -0.27162788394000000   0.59997793695181301
 -0.27150788394000000   0.59998229738091263
 -0.27138788394000000   0.59998791598207280
 -0.27126788394000000   0.59999436189540509
 -0.27114788394000000   0.60000115978189735
 -0.27102788394000000   0.60000783497856210
 -0.27090788394000000   0.60001396733715084
 -0.27078788394000000   0.60001923239597899
 -0.27066788394000000   0.60002341742528557
 -0.27054788394000000   0.60002641415638404
 -0.27042788394000000   0.60002819882869226
 -0.27030788394000000   0.60002881032701527
 -0.27018788394000000   0.60002833269977460
 -0.27006788394000000   0.60002688354252647
 -0.26994788394000000   0.60002460676596783
 -0.26982788394000000   0.60002166705386937
 -0.26970788394000000   0.60002475843331367
 -0.26958788394000000   0.60002233948625965
 -0.26946788394000000   0.60001945509332133
 -0.26934788394000000   0.60001625550442980
 -0.26922788394000000   0.60001288844732556
 -0.26910788394000000   0.60000949153068307
 -0.26898788394000000   0.60000618551505880
 -0.26886788394000000   0.60000306960755192
 -0.26874788394000000   0.60000021937028431
 -0.26862788394000000   0.59999768710950074
 -0.26850788394000000   0.59999550409041065
 -0.26838788394000000   0.59999368375774496
 -0.26826788394000000   0.59999222525745352
 -0.26814788394000000   0.59999111678743743
 -0.26802788394000000   0.59999033853035527
 -0.26790788394000000   0.59998986508662924
 -0.26778788394000000   0.59998966742529519
 -0.26766788394000000   0.59998971441808352
 -0.26754788394000000   0.59998997403590618
 -0.26742788394000000   0.59999041428181006
 -0.26730788394000000   0.59999100392083594
 -0.26718788394000000   0.59999171305155365
 -0.26706788394000000   0.59999251354999077
 -0.26694788394000000   0.59999337940590807
 -0.26682788394000000   0.59999428696425207
 -0.26670788394000000   0.59999521508072614
 -0.26658788394000000   0.59999614519900022
 -0.26646788394000000   0.59999706135725008
 -0.26634788394000000   0.59999795013266482
 -0.26622788394000000   0.59999880053363780
 -0.26610788394000000   0.59999960385012880
 -0.26598788394000000   0.60000035347293218
 -0.26586788394000000   0.60000104469225725
 -0.26574788394000000   0.60000167448519315
 -0.26562788394000000   0.60000224130042736
 -0.26550788394000000   0.60000274484717096
 -0.26538788394000000   0.60000318589376143
 -0.26526788394000000   0.60000356607998240
 -0.26514788394000000   0.60000388774584014
 -0.26502788394000000   0.60000415377841597
 -0.26490788394000000   0.60000436747749148
 -0.26478788394000000   0.60000453243991433
 -0.26466788394000000   0.60000465246212384
 -0.26454788394000000   0.60000473145986020
 -0.26442788394000000   0.60000477340381571
 -0.26430788394000000   0.60000478226982310
 -0.26418788394000000   0.60000476200209239
 -0.26406788394000000   0.60000471648798240
 -0.26394788394000000   0.60000464954280967
 -0.26382788394000000   0.60000456490324169
 -0.26370788394000000   0.60000446622788178
 -0.26358788394000000   0.60000435710372113
 -0.26346788394000000   0.60000424105720282
 -0.26334788394000000   0.60000412156870683
 -0.26322788394000000   0.60000421519489503
 -0.26310788394000000   0.60000429289884308
 -0.26298788394000000   0.60000437768348209
 -0.26286788394000000   0.60000447306871812
 -0.26274788394000000   0.60000458254019774
 -0.26262788394000000   0.60000470953516042
 -0.26250788394000000   0.60000485742396274
 -0.26238788394000000   0.60000502948614474
 -0.26226788394000000   0.60000522887992407
 -0.26214788394000000   0.60000545860403337
 -0.26202788394000000   0.60000572145086980
 -0.26190788394000000   0.60000601995001241
 -0.26178788394000000   0.60000635630129724
 -0.26166788394000000   0.60000673229683435
 -0.26154788394000000   0.60000714923162474
 -0.26142788394000000   0.60000760780280188
 -0.26130788394000000   0.60000810799800160
 -0.26118788394000000   0.60000864897396463
 -0.26106788394000000   0.60000922892720566
 -0.26094788394000000   0.60000984495943483
 -0.26082788394000000   0.60001049294137044
 -0.26070788394000000   0.60001116737959795
 -0.26058788394000000   0.60001186129214765
 -0.26046788394000000   0.60001256609940542
 -0.26034788394000000   0.60001327153774835
 -0.26022788394000000   0.60001396560382299
 -0.26010788394000000   0.60001463453759530
 -0.25998788394000000   0.60001526285217682
 -0.25986788394000000   0.60001583341801768
 -0.25974788394000000   0.60001632760847447
 -0.25962788394000000   0.60001672551320393
 -0.25950788394000000   0.60001700622553687
 -0.25938788394000000   0.60001714821017089
 -0.25926788394000000   0.60001712975830446
 -0.25914788394000000   0.60001692953863515
 -0.25902788394000000   0.60001652725406488
 -0.25890788394000000   0.60001590441468483
 -0.25878788394000000   0.60001504523637065
 -0.25866788394000000   0.60001393766938029
 -0.25854788394000000   0.60001257455076677
 -0.25842788394000000   0.60001095485650542
 -0.25830788394000000   0.60000908500331835
 -0.25818788394000000   0.60000698011767259
 -0.25806788394000000   0.60000466515501333
 -0.25794788394000000   0.60000217572463062
 -0.25782788394000000   0.59999955846650286
 -0.25770788394000000   0.59999687084792993
 -0.25758788394000000   0.59999418030639063
 -0.25746788394000000   0.59999156275645722
 -0.25734788394000000   0.59998910058418720
 -0.25722788394000000   0.59998688034081542
 -0.25710788394000000   0.59998499038409304
 -0.25698788394000000   0.59998351867773533
 -0.25686788394000000   0.59998255084146141
 -0.25674788394000000   0.59998216835482185
 -0.25662788394000000   0.59998244658850035
 -0.25650788394000000   0.59998345210168833
 -0.25638788394000000   0.59998523843626850
 -0.25626788394000000   0.59998783954879746
 -0.25614788394000000   0.59999126017087616
 -0.25602788394000000   0.59999546297791599
 -0.25590788394000000   0.60000035382672073
 -0.25578788394000000   0.60000576864556835
 -0.25566788394000000   0.60001146834526408
 -0.25554788394000000   0.60001714884249624
 -0.25542788394000000   0.60002246815680322
 -0.25530788394000000   0.60002708283677814
 -0.25518788394000000   0.60003068025504906
 -0.25506788394000000   0.60003299738636278
 -0.25494788394000000   0.60003382597776645
 -0.25482788394000000   0.60003301207258506
 -0.25470788394000000   0.60003046035601588
 -0.25458788394000000   0.60002615246412570
 -0.25446788394000000   0.60002018362446408
 -0.25434788394000000   0.60001280848305511
 -0.25422788394000000   0.59999069010119034
 -0.25410788394000000   0.59998339192297281
 -0.25398788394000000   0.59997741400294779
 -0.25386788394000000   0.59997322285341399
 -0.25374788394000000   0.59997117914618717
 -0.25362788394000000   0.59997156979008385
 -0.25350788394000000   0.59997463264059606
 -0.25338788394000000   0.59998053284558627
 -0.25326788394000000   0.59998925147746105
 -0.25314788394000000   0.60000037116776996
 -0.25302788394000000   0.60001283864901759
 -0.25290788394000000   0.60002498472589828
 -0.25278788394000000   0.60003503630411133
 -0.25266788394000000   0.60004168393026802
 -0.25254788394000000   0.60004417817447648
 -0.25242788394000000   0.60004211104548625
 -0.25230788394000000   0.60003527981118979
 -0.25218788394000000   0.60002386866817747
 -0.25206788394000000   0.60000895636329436
 -0.25194788394000000   0.59999279328089298
 -0.25182788394000000   0.59997829263756684
 -0.25170788394000000   0.59996780416728897
 -0.25158788394000000   0.59996263912119544
 -0.25146788394000000   0.59996352312039564
 -0.25134788394000000   0.59997116141678814
 -0.25122788394000000   0.59998609214599969
 -0.25110788394000000   0.60000715364174594
 -0.25098788394000000   0.60002929217243877
 -0.25086788394000000   0.60003254753573992
 -0.25074788394000000   0.60004798788920060
 -0.25062788394000000   0.60005334256444084
 -0.25050788394000000   0.60004773728554392
 -0.25038788394000000   0.60003060307888437
 -0.25026788394000000   0.60000420169406090
 -0.25014788394000000   0.59997740763547930
 -0.25002788394000000   0.59995980727705114
 -0.24990788394000000   0.59995492004203286
 -0.24978788394000000   0.59996424228562462
 -0.24966788394000000   0.59999047058245157
 -0.24954788394000000   0.60002799135697758
 -0.24942788394000000   0.60005481339385172
 -0.24930788394000000   0.60006013374268682
 -0.24918788394000000   0.60004244332357982
 -0.24906788394000000   0.60000210607214742
 -0.24894788394000000   0.59996316381757834
 -0.24882788394000000   0.59994866542024824
 -0.24870788394000000   0.59996216817053320
 -0.24858788394000000   0.60001145167470284
 -0.24846788394000000   0.60005963903998569
 -0.24834788394000000   0.60006398989961296
 -0.24822788394000000   0.60001926716949606
 -0.24810788394000000   0.59995665351836738
 -0.24798788394000000   0.59994545490222713
 -0.24786788394000000   0.60000200260050274
 -0.24774788394000000   0.60006354425170239
 -0.24762788394000000   0.60005890262839289
 -0.24750788394000000   0.59995838059009666
 -0.24738788394000000   0.59995046610002354
 -0.24726788394000000   0.60007262732544898
 -0.24714788394000000   0.59999845356003235
 -0.24702788394000000   0.59994723117773269
 -0.24690788394000000   0.60006072998695336
 -0.24678788394000000   0.60006794185396825
 -0.24666788394000000   0.60008899222102895
 -0.24654788394000000   0.60265904534078790
 -0.24642788394000000   0.60297381074555726
 -0.24630788394000000   0.60316680460759458
 -0.24618788394000000   0.60332425396783827
 -0.24606788394000000   0.60348530017565788
 -0.24594788394000000   0.60366084757933692
 -0.24582788394000000   0.60376462196121449
 -0.24570788394000000   0.60389559066112603
 -0.24558788394000000   0.60395868141000611
 -0.24546788394000000   0.60407061832547236
 -0.24534788394000000   0.60413610703249364
 -0.24522788394000000   0.60423787895283425
 -0.24510788394000000   0.60428764633730536
 -0.24498788394000000   0.60438485134369953
 -0.24486788394000000   0.60445148598532900
 -0.24474788394000000   0.60454946121175289
 -0.24462788394000000   0.60465977097023702
 -0.24450788394000000   0.60471806333020272
 -0.24438788394000000   0.60480234514679104
 -0.24426788394000000   0.60485971383009781
 -0.24414788394000000   0.60490628752095941
 -0.24402788394000000   0.60498314719621006
 -0.24390788394000000   0.60503767163437475
 -0.24378788394000000   0.60509098904143806
 -0.24366788394000000   0.60516364309927642
 -0.24354788394000000   0.60520997785297943
 -0.24342788394000000   0.60525845951278291
 -0.24330788394000000   0.60531903846156681
 -0.24318788394000000   0.60538540929960045
 -0.24306788394000000   0.60543628722135309
 -0.24294788394000000   0.60550869302075514
 -0.24282788394000000   0.60559972030246108
 -0.24270788394000000   0.60565923208625728
 -0.24258788394000000   0.60571040349260074
 -0.24246788394000000   0.60577395609669968
 -0.24234788394000000   0.60582466158281197
 -0.24222788394000000   0.60586171725982670
 -0.24210788394000000   0.60591049576710196
 -0.24198788394000000   0.60596946341256804
 -0.24186788394000000   0.60601489532511208
 -0.24174788394000000   0.60605871241182676
 -0.24162788394000000   0.60611517125035225
 -0.24150788394000000   0.60616469171048698
 -0.24138788394000000   0.60620112853931581
 -0.24126788394000000   0.60624361189044847
 -0.24114788394000000   0.60629947448334391
 -0.24102788394000000   0.60635079406535215
 -0.24090788394000000   0.60639889732509331
 -0.24078788394000000   0.60644929564762505
 -0.24066788394000001   0.60651887382881793
 -0.24054788394000001   0.60659082436230873
 -0.24042788394000001   0.60664342227442591
 -0.24030788394000001   0.60668914733271850
 -0.24018788394000001   0.60674097571048044
 -0.24006788394000001   0.60679032131921430
 -0.23994788394000001   0.60683271177073733
 -0.23982788394000001   0.60688389817582219
 -0.23970788394000001   0.60693157884328800
 -0.23958788394000001   0.60696818147341792
 -0.23946788394000001   0.60700392194834923
 -0.23934788394000001   0.60704918070708097
 -0.23922788394000001   0.60709759831036899
 -0.23910788394000001   0.60713856476353135
 -0.23898788394000001   0.60717790647879596
 -0.23886788394000001   0.60722432884440980
 -0.23874788394000001   0.60727044229759408
 -0.23862788394000001   0.60730739501325832
 -0.23850788394000001   0.60734155710208814
 -0.23838788394000001   0.60738306115346623
 -0.23826788394000001   0.60743096311488488
 -0.23814788394000001   0.60747596734570346
 -0.23802788394000001   0.60751980876124616
 -0.23790788394000001   0.60757305698456171
 -0.23778788394000001   0.60763711797052004
 -0.23766788394000001   0.60769580926262436
 -0.23754788394000001   0.60774219744991836
 -0.23742788394000001   0.60778495416962773
 -0.23730788394000001   0.60783061292571438
 -0.23718788394000001   0.60787451951179560
 -0.23706788394000001   0.60791072042843433
 -0.23694788394000001   0.60794373565175994
 -0.23682788394000001   0.60798164362998151
 -0.23670788394000001   0.60802531043684154
 -0.23658788394000001   0.60806692620833290
 -0.23646788394000001   0.60810426071927900
 -0.23634788394000001   0.60814315788101128
 -0.23622788394000001   0.60818618103457368
 -0.23610788394000001   0.60822693290481224
 -0.23598788394000001   0.60826128169853820
 -0.23586788394000001   0.60829411149835116
 -0.23574788394000001   0.60833208948173056
 -0.23562788394000001   0.60837522890203584
 -0.23550788394000001   0.60841770206460279
 -0.23538788394000001   0.60845898634871534
 -0.23526788394000001   0.60850538774122776
 -0.23514788394000001   0.60856111588984047
 -0.23502788394000001   0.60861882508505858
 -0.23490788394000001   0.60866826187035715
 -0.23478788394000001   0.60871042928911942
 -0.23466788394000001   0.60874961852506014
 -0.23454788394000001   0.60879240301523936
 -0.23442788394000001   0.60883189703711950
 -0.23430788394000001   0.60886568729530876
 -0.23418788394000001   0.60889762503005720
 -0.23406788394000001   0.60893321879334364
 -0.23394788394000001   0.60897320953156981
 -0.23382788394000001   0.60901258097303469
 -0.23370788394000001   0.60904883530139726
 -0.23358788394000001   0.60908520001584969
 -0.23346788394000001   0.60912446523250417
 -0.23334788394000001   0.60916370106894837
 -0.23322788394000001   0.60919849114177014
 -0.23310788394000001   0.60922998887778343
 -0.23298788394000001   0.60926311769364644
 -0.23286788394000001   0.60930095274123108
 -0.23274788394000001   0.60933994773904491
 -0.23262788394000001   0.60938002707411978
 -0.23250788394000001   0.60941958911419434
 -0.23238788394000001   0.60945930092425893
 -0.23226788394000001   0.60950356641404422
 -0.23214788394000001   0.60955488438271412
 -0.23202788394000001   0.60960832180569082
 -0.23190788394000001   0.60965615903434069
 -0.23178788394000001   0.60969742999235779
 -0.23166788394000001   0.60973620678541574
 -0.23154788394000001   0.60977538094330507
 -0.23142788394000001   0.60981359792067259
 -0.23130788394000001   0.60984791443295551
 -0.23118788394000001   0.60987894348447455
 -0.23106788394000001   0.60991051053738075
 -0.23094788394000001   0.60994562747487186
 -0.23082788394000001   0.60998322888538552
 -0.23070788394000001   0.61001975156529603
 -0.23058788394000001   0.61005437991647574
 -0.23046788394000001   0.61008949645486204
 -0.23034788394000001   0.61012650846715898
 -0.23022788394000001   0.61016312570904842
 -0.23010788394000001   0.61019637770506687
 -0.22998788394000001   0.61022693672121570
 -0.22986788394000001   0.61025823031196534
 -0.22974788394000001   0.61029293659604977
 -0.22962788394000001   0.61033033601116942
 -0.22950788394000001   0.61036799043554554
 -0.22938788394000001   0.61040580435609988
 -0.22926788394000001   0.61044658958506602
 -0.22914788394000001   0.61049295399920866
 -0.22902788394000001   0.61054309018805776
 -0.22890788394000001   0.61059098679945841
 -0.22878788394000001   0.61063321945008761
 -0.22866788394000001   0.61067135286611852
 -0.22854788394000001   0.61070837442313020
 -0.22842788394000001   0.61074528934387399
 -0.22830788394000001   0.61078045454121846
 -0.22818788394000001   0.61081229852878257
 -0.22806788394000001   0.61084216077411424
 -0.22794788394000001   0.61087310666514715
 -0.22782788394000001   0.61090696160868633
 -0.22770788394000001   0.61094257051816311
 -0.22758788394000001   0.61097908282796007
 -0.22746788394000001   0.61101484255332785
 -0.22734788394000001   0.61104921601287538
 -0.22722788394000001   0.61108644439510452
 -0.22710788394000001   0.61111250624595246
 -0.22698788394000001   0.61114455693001929
 -0.22686788394000001   0.61118165552143886
 -0.22674788394000001   0.61121326743814755
 -0.22662788394000001   0.61124286765710223
 -0.22650788394000001   0.61127356764809956
 -0.22638788394000001   0.61130690931748904
 -0.22626788394000001   0.61134223012530344
 -0.22614788394000001   0.61137804523241189
 -0.22602788394000001   0.61141429740842516
 -0.22590788394000001   0.61145297418224614
 -0.22578788394000001   0.61149609341691292
 -0.22566788394000001   0.61154280364565905
 -0.22554788394000001   0.61158894029787705
 -0.22542788394000001   0.61163092111363305
 -0.22530788394000001   0.61166867687885354
 -0.22518788394000001   0.61170430740477418
 -0.22506788394000001   0.61173942128783962
 -0.22494788394000001   0.61177374014430731
 -0.22482788394000001   0.61180589165995446
 -0.22470788394000001   0.61183556846489294
 -0.22458788394000001   0.61186440360969393
 -0.22446788394000001   0.61189459961401952
 -0.22434788394000001   0.61193839930133378
 -0.22422788394000001   0.61196717380588024
 -0.22410788394000001   0.61199743274961311
 -0.22398788394000001   0.61202994270609103
 -0.22386788394000001   0.61206342768817324
 -0.22374788394000001   0.61209627698077377
 -0.22362788394000001   0.61212836945010189
 -0.22350788394000001   0.61216079504560347
 -0.22338788394000001   0.61219399442659515
 -0.22326788394000001   0.61222678466271453
 -0.22314788394000001   0.61225759063371615
 -0.22302788394000001   0.61228641992917574
 -0.22290788394000001   0.61231493376446613
 -0.22278788394000001   0.61234502181516982
 -0.22266788394000001   0.61237731300687554
 -0.22254788394000001   0.61241087787388549
 -0.22242788394000001   0.61244490058483415
 -0.22230788394000001   0.61247990798192002
 -0.22218788394000001   0.61251752717457302
 -0.22206788394000001   0.61255889032513604
 -0.22194788394000001   0.61260290758787603
 -0.22182788394000001   0.61264619831919462
 -0.22170788394000001   0.61268604986990555
 -0.22158788394000001   0.61272232695129761
 -0.22146788394000001   0.61275649889431500
 -0.22134788394000001   0.61278987199277141
 -0.22122788394000001   0.61282251272313259
 -0.22110788394000001   0.61285355017966325
 -0.22098788394000001   0.61288249973359496
 -0.22086788394000001   0.61291033208325436
 -0.22074788394000001   0.61293874282924657
 -0.22062788394000001   0.61296893144998143
 -0.22050788394000001   0.61300060960812835
 -0.22038788394000001   0.61303248201917915
 -0.22026788394000001   0.61306374458103387
 -0.22014788394000001   0.61309474300518655
 -0.22002788394000001   0.61312620627215109
 -0.21990788394000001   0.61315794376238484
 -0.21978788394000001   0.61318882698815144
 -0.21966788394000001   0.61321789104350407
 -0.21954788394000001   0.61324555741830144
 -0.21942788394000001   0.61327326218395102
 -0.21930788394000001   0.61331003872855329
 -0.21918788394000001   0.61333770726417168
 -0.21906788394000001   0.61336680819822269
 -0.21894788394000001   0.61339766025431061
 -0.21882788394000001   0.61342955503365846
 -0.21870788394000001   0.61346202931081702
 -0.21858788394000001   0.61349548953459563
 -0.21846788394000001   0.61353115616537670
 -0.21834788394000001   0.61356990973980698
 -0.21822788394000001   0.61361119916736703
 -0.21810788394000001   0.61365264429796902
 -0.21798788394000001   0.61369169237361076
 -0.21786788394000001   0.61372757911426886
 -0.21774788394000001   0.61376099890880204
 -0.21762788394000001   0.61379317090328996
 -0.21750788394000001   0.61382463075232163
 -0.21738788394000001   0.61385513335443986
 -0.21726788394000001   0.61388404573872844
 -0.21714788394000001   0.61391140441415445
 -0.21702788394000001   0.61393827068478376
 -0.21690788394000001   0.61396589202031506
 -0.21678788394000001   0.61399504776839301
 -0.21666788394000001   0.61402530485740260
 -0.21654788394000001   0.61405573558499752
 -0.21642788394000001   0.61408578498688676
 -0.21630788394000001   0.61411563604921052
 -0.21618788394000001   0.61414581299568694
 -0.21606788394000001   0.61417608198270603
 -0.21594788394000001   0.61420571543622059
 -0.21582788394000001   0.61423388235647043
 -0.21570788394000001   0.61426074031692810
 -0.21558788394000001   0.61428733235101594
 -0.21546788394000001   0.61431475027425546
 -0.21534788394000001   0.61434370629472587
 -0.21522788394000001   0.61437378628528130
 -0.21510788394000001   0.61440459378753427
 -0.21498788394000001   0.61443612728548779
 -0.21486788394000001   0.61446904464997861
 -0.21474788394000001   0.61450442197452535
 -0.21462788394000001   0.61454232767550326
 -0.21450788394000001   0.61458197836713718
 -0.21438788394000001   0.61462097440998866
 -0.21426788394000001   0.61465763572168210
 -0.21414788394000001   0.61469167548464774
 -0.21402788394000001   0.61472353610151896
 -0.21390788394000001   0.61475443331004717
 -0.21378788394000001   0.61478445254268055
 -0.21366788394000001   0.61481367395162274
 -0.21354788394000001   0.61484158311911779
 -0.21342788394000001   0.61486806084187516
 -0.21330788394000001   0.61489428088378346
 -0.21318788394000001   0.61492078769329677
 -0.21306788394000001   0.61494879979387135
 -0.21294788394000001   0.61497786898474247
 -0.21282788394000001   0.61500721431348353
 -0.21270788394000001   0.61503688573235385
 -0.21258788394000001   0.61506577661324763
 -0.21246788394000001   0.61509561788114716
 -0.21234788394000001   0.61512520735658036
 -0.21222788394000001   0.61515462372747827
 -0.21210788394000001   0.61518393523600256
 -0.21198788394000001   0.61521068096156955
 -0.21186788394000001   0.61524075668305055
 -0.21174788394000001   0.61526893333830499
 -0.21162788394000001   0.61532958440992541
 -0.21150788394000001   0.61536514028399802
 -0.21138788394000001   0.61536676248962638
 -0.21126788394000001   0.61536292244335931
 -0.21114788394000001   0.61535932709083420
 -0.21102788394000001   0.61536233093998803
 -0.21090788394000001   0.61540726996210638
 -0.21078788394000001   0.61547326395467298
 -0.21066788394000001   0.61551280859620416
 -0.21054788394000001   0.61555651909757169
 -0.21042788394000001   0.61559346262032566
 -0.21030788394000001   0.61562969759138647
 -0.21018788394000001   0.61566215637873048
 -0.21006788394000001   0.61569273937055551
 -0.20994788394000001   0.61572072993169424
 -0.20982788394000001   0.61575150980989399
 -0.20970788394000001   0.61578157294434804
 -0.20958788394000001   0.61581052891319829
 -0.20946788394000001   0.61583859270841233
 -0.20934788394000001   0.61586589698682837
 -0.20922788394000001   0.61589167018476331
 -0.20910788394000001   0.61591687921270957
 -0.20898788394000001   0.61594204934706354
 -0.20886788394000001   0.61596787153344197
 -0.20874788394000001   0.61599493406274855
 -0.20862788394000001   0.61602255066294721
 -0.20850788394000001   0.61605046301293813
 -0.20838788394000001   0.61607827503980100
 -0.20826788394000001   0.61610586617863213
 -0.20814788394000001   0.61613365440492605
 -0.20802788394000001   0.61616133399587391
 -0.20790788394000001   0.61618860744769669
 -0.20778788394000001   0.61621503050689060
 -0.20766788394000001   0.61624029216925568
 -0.20754788394000001   0.61626496104464449
 -0.20742788394000001   0.61628966815718810
 -0.20730788394000001   0.61631507394969217
 -0.20718788394000001   0.61634153801203869
 -0.20706788394000001   0.61636875040467016
 -0.20694788394000001   0.61639659372836086
 -0.20682788394000001   0.61642513732477224
 -0.20670788394000001   0.61645469953554556
 -0.20658788394000001   0.61648593245761341
 -0.20646788394000001   0.61651906971300445
 -0.20634788394000001   0.61655385807912490
 -0.20622788394000001   0.61658931020611193
 -0.20610788394000001   0.61662387419948033
 -0.20598788394000001   0.61665666018325583
 -0.20586788394000001   0.61668747728995023
 -0.20574788394000001   0.61671662552744322
 -0.20562788394000001   0.61674469456341129
 -0.20550788394000001   0.61677199971842302
 -0.20538788394000001   0.61679862761394964
 -0.20526788394000001   0.61682445572303283
 -0.20514788394000001   0.61684928883852688
 -0.20502788394000001   0.61687338663211915
 -0.20490788394000001   0.61689732665886610
 -0.20478788394000001   0.61692171228607417
 -0.20466788394000001   0.61694697721440981
 -0.20454788394000001   0.61697303970815760
 -0.20442788394000001   0.61699952293982310
 -0.20430788394000001   0.61702610387025266
 -0.20418788394000001   0.61705259204454774
 -0.20406788394000001   0.61707905473513538
 -0.20394788394000001   0.61710554115211747
 -0.20382788394000001   0.61713184921834999
 -0.20370788394000001   0.61715765617950323
 -0.20358788394000001   0.61718261560179877
 -0.20346788394000001   0.61720668494091254
 -0.20334788394000001   0.61723027364977451
