 -0.29321687414000000   0.59408299305289891
 -0.27953687414000000   0.59445113660892623
 -0.27845687414000000  -0.81240106914348441
 -0.27521687414000000   0.59239867362192386
 -0.27305687414000000   0.59940663953411201
 -0.27269687414000000   0.59955166050095519
 -0.27053687414000000   0.59817099293571592
 -0.27017687414000000   0.59823194669490668
 -0.26777687414000000   0.59350383307598122
 -0.26717687414000000   0.59788313265307597
 -0.26681687414000000   0.59752626186973144
 -0.26669687414000000   0.59935948011515964
 -0.26597687414000000   0.59835637414564690
 -0.26549687414000000   0.60003882427979876
 -0.26525687414000000   0.59980593481730571
 -0.26489687414000000   0.59897836772377285
 -0.26465687414000000   0.59997837761834928
 -0.26417687414000000   0.59997384147396607
 -0.26369687414000000   0.59954322341046878
 -0.26357687414000000   0.59995779710685928
 -0.26333687414000000   0.60004288595461687
 -0.26321687414000000   0.59996081170937467
 -0.26309687414000000   0.59979964871374198
 -0.26297687414000000   0.59955368098731253
 -0.26273687414000000   0.60001262161953988
 -0.26261687414000000   0.60001689775339881
 -0.26237687414000000   0.60003424125052910
 -0.26225687414000000   0.59909226207281292
 -0.26213687414000000   0.60000031221239656
 -0.26201687414000000   0.60003664357927391
 -0.26189687414000000   0.60003923088134581
 -0.26177687414000000   0.60003813284333588
 -0.26165687414000000   0.60003852285832208
 -0.26153687414000000   0.60003880405348193
 -0.26141687414000000   0.60003792272748084
 -0.26129687414000000   0.60003865262596109
 -0.26117687414000000   0.60003902339693123
 -0.26081687414000000   0.59869643508254045
 -0.26057687414000000   0.59945731213360629
 -0.26045687414000000   0.59997115016392957
 -0.26033687414000000   0.59998606989413309
 -0.26021687414000000   0.59996091146478151
 -0.26009687414000000   0.60000430115295707
 -0.25997687414000000   0.60001539279347236
 -0.25985687414000000   0.60001607148456924
 -0.25973687414000000   0.60001469660908284
 -0.25961687414000000   0.60001548907858669
 -0.25949687414000000   0.59997081360917835
 -0.25937687414000000   0.59998396724036744
 -0.25925687414000000   0.59998971153778658
 -0.25913687414000000   0.59998039546383475
 -0.25901687414000000   0.59999655059917836
 -0.25889687414000000   0.59997554099232250
 -0.25877687414000000   0.59996831099401572
 -0.25865687414000000   0.60002700263874031
 -0.25853687414000000   0.60003250720781804
 -0.25841687414000000   0.60000685476371925
 -0.25829687414000000   0.59999549249333901
 -0.25817687414000000   0.59997559108494901
 -0.25805687414000000   0.59997298447934341
 -0.25793687414000000   0.59996722925679414
 -0.25781687414000000   0.59996748314624857
 -0.25769687414000000   0.59997212727559395
 -0.25757687414000000   0.59997665245544000
 -0.25745687414000000   0.59998208758005711
 -0.25733687414000000   0.59999340471031623
 -0.25721687414000000   0.60000183643544997
 -0.25709687414000000   0.60000917532262491
 -0.25697687414000000   0.60001861228005608
 -0.25685687414000000   0.60002502251033615
 -0.25673687414000000   0.60002703390793826
 -0.25661687414000000   0.60002710524624657
 -0.25649687414000000   0.60002544623377775
 -0.25637687414000000   0.60001886912091690
 -0.25625687414000000   0.60000839891880152
 -0.25613687414000000   0.59999903553163821
 -0.25601687414000000   0.60001877254696745
 -0.25589687414000000   0.60000934009028844
 -0.25577687414000000   0.59999861225105797
 -0.25565687414000000   0.59998973883471820
 -0.25553687414000000   0.59998210010859999
 -0.25541687414000000   0.59997731165671008
 -0.25529687414000000   0.59997386032298562
 -0.25517687414000000   0.59997153524473653
 -0.25505687414000000   0.59997172154633471
 -0.25493687414000000   0.59997402845796719
 -0.25481687414000000   0.59997732772744049
 -0.25469687414000000   0.59998181056330973
 -0.25457687414000000   0.59998783961090264
 -0.25445687414000000   0.59999470662672513
 -0.25433687414000000   0.60000140903988481
 -0.25421687414000000   0.60000769978302235
 -0.25409687414000000   0.60001356322138449
 -0.25397687414000000   0.60001849184705447
 -0.25385687414000000   0.60002131124116876
 -0.25373687414000000   0.60002191646429024
 -0.25361687414000000   0.60002098477891035
 -0.25349687414000000   0.60001998030824246
 -0.25337687414000000   0.60001633385537106
 -0.25325687414000000   0.60000959332579486
 -0.25313687414000000   0.60000279332091966
 -0.25301687414000000   0.59999607579434120
 -0.25289687414000000   0.59999006336554152
 -0.25277687414000000   0.59998511924043835
 -0.25265687414000000   0.59998145576954340
 -0.25253687414000000   0.59997868794130238
 -0.25241687414000000   0.59997672978614457
 -0.25229687414000000   0.59997583783393388
 -0.25217687414000000   0.59997617748041946
 -0.25205687414000000   0.59997747472965023
 -0.25193687414000000   0.59997944166063356
 -0.25181687414000000   0.59998202765682053
 -0.25169687414000000   0.59998527620309830
 -0.25157687414000000   0.59998908795353430
 -0.25145687414000000   0.59999320292709615
 -0.25133687414000000   0.59998119463926133
 -0.25121687414000000   0.59998385866176794
 -0.25109687414000000   0.59998705984013435
 -0.25097687414000000   0.59999064314615442
 -0.25085687414000000   0.59999439797123162
 -0.25073687414000000   0.59999814158087389
 -0.25061687414000000   0.60000173726736943
 -0.25049687414000000   0.60000508591565316
 -0.25037687414000000   0.60000811542633231
 -0.25025687414000000   0.60001073880934134
 -0.25013687414000000   0.60001282798617900
 -0.25001687414000000   0.60001424726447680
 -0.24989687414000000   0.60001493435148041
 -0.24977687414000000   0.60001493485065224
 -0.24965687414000000   0.60001433898897313
 -0.24953687414000000   0.60001320147820513
 -0.24941687414000000   0.60001152777055180
 -0.24929687414000000   0.60000933170901403
 -0.24917687414000000   0.60000670013618112
 -0.24905687414000000   0.60000379274944414
 -0.24893687414000000   0.60000078581861508
 -0.24881687414000000   0.59999782632657358
 -0.24869687414000000   0.59999502380483916
 -0.24857687414000000   0.59999245863245674
 -0.24845687414000000   0.59999018362129812
 -0.24833687414000000   0.59998821926610074
 -0.24821687414000000   0.59998655805943082
 -0.24809687414000000   0.59998518238261922
 -0.24797687414000000   0.59998408294001554
 -0.24785687414000000   0.59998326474833867
 -0.24773687414000000   0.59998273909522256
 -0.24761687414000000   0.59998250927589510
 -0.24749687414000000   0.59998256103103458
 -0.24737687414000000   0.59998286409377621
 -0.24725687414000000   0.59998338210190028
 -0.24713687414000000   0.59998408273253730
 -0.24701687414000000   0.59998494212319844
 -0.24689687414000000   0.59998594304178611
 -0.24677687414000000   0.59998706987054742
 -0.24665687414000000   0.59998830411760301
 -0.24653687414000000   0.59998962274365791
 -0.24641687414000000   0.59999099937375215
 -0.24629687414000000   0.59999240686867629
 -0.24617687414000000   0.59999381959167902
 -0.24605687414000000   0.59999521461583311
 -0.24593687414000000   0.60000621768097266
 -0.24581687414000000   0.60000510511521247
 -0.24569687414000000   0.60000391267006150
 -0.24557687414000000   0.60000266788688015
 -0.24545687414000000   0.60000139827655066
 -0.24533687414000000   0.60000012933719835
 -0.24521687414000000   0.59999888326341738
 -0.24509687414000000   0.59999767841870372
 -0.24497687414000000   0.59999652934714202
 -0.24485687414000000   0.59999544704833066
 -0.24473687414000000   0.59999443933568578
 -0.24461687414000000   0.59999351121894056
 -0.24449687414000000   0.59999266532061522
 -0.24437687414000000   0.59999190233964441
 -0.24425687414000000   0.59999122154173515
 -0.24413687414000000   0.59999062122422177
 -0.24401687414000000   0.59999009909686921
 -0.24389687414000000   0.59998965254019096
 -0.24377687414000000   0.59998927873571757
 -0.24365687414000000   0.59998897469263893
 -0.24353687414000000   0.59998873721268499
 -0.24341687414000000   0.59998856283775733
 -0.24329687414000000   0.59998844781568603
 -0.24317687414000000   0.59998838810400189
 -0.24305687414000000   0.59998837941542209
 -0.24293687414000000   0.59998841729617490
 -0.24281687414000000   0.59998849722154644
 -0.24269687414000000   0.59998861469214929
 -0.24257687414000000   0.59998876531782600
 -0.24245687414000000   0.59998894488158531
 -0.24233687414000000   0.59998914938149490
 -0.24221687414000000   0.59998937505269217
 -0.24209687414000000   0.59998961837410185
 -0.24197687414000000   0.59998987606517765
 -0.24185687414000000   0.59999014507747573
 -0.24173687414000000   0.59999042258468198
 -0.24161687414000000   0.59999070597333794
 -0.24149687414000000   0.59999099283527844
 -0.24137687414000000   0.59999128096188024
 -0.24125687414000000   0.59999156833966939
 -0.24113687414000000   0.59999185314660091
 -0.24101687414000000   0.59999213374832247
 -0.24089687414000000   0.59999240869387058
 -0.24077687414000000   0.59999267671044226
 -0.24065687414000000   0.59999293669708086
 -0.24053687414000000   0.59999318771727765
 -0.24041687414000000   0.59999342899060766
 -0.24029687414000000   0.59999365988358866
 -0.24017687414000000   0.59999819499128711
 -0.24005687414000000   0.59999826024219441
 -0.23993687414000000   0.59999830829676305
 -0.23981687414000000   0.59999834013036704
 -0.23969687414000000   0.59999835672171964
 -0.23957687414000000   0.59999835904424888
 -0.23945687414000000   0.59999834805852202
 -0.23933687414000000   0.59999832470569885
 -0.23921687414000000   0.59999828990198551
 -0.23909687414000000   0.59999824453405092
 -0.23897687414000000   0.59999818945535804
 -0.23885687414000000   0.59999812548335417
 -0.23873687414000000   0.59999805339745726
 -0.23861687414000000   0.59999797393777130
 -0.23849687414000000   0.59999788780446134
 -0.23837687414000000   0.59999779565771847
 -0.23825687414000000   0.59999769811824675
 -0.23813687414000000   0.59999759576820682
 -0.23801687414000000   0.59999748915255456
 -0.23789687414000000   0.59999737878071774
 -0.23777687414000000   0.59999726512855819
 -0.23765687414000000   0.59999714864057149
 -0.23753687414000000   0.59999702973228130
 -0.23741687414000000   0.59999690879278947
 -0.23729687414000000   0.59999678618744729
 -0.23717687414000000   0.59999666226061737
 -0.23705687414000000   0.59999653733849845
 -0.23693687414000000   0.59999641173198936
 -0.23681687414000000   0.59999628573957023
 -0.23669687414000000   0.59999615965018228
 -0.23657687414000000   0.59999603374608892
 -0.23645687414000000   0.59999590830570304
 -0.23633687414000000   0.59999578360636668
 -0.23621687414000000   0.59999565992707048
 -0.23609687414000000   0.59999553755110110
 -0.23597687414000000   0.59999541676860547
 -0.23585687414000000   0.59999529787906111
 -0.23573687414000000   0.59999518119364170
 -0.23561687414000000   0.59999506703746707
 -0.23549687414000000   0.59999495575172618
 -0.23537687414000000   0.59999484769566119
 -0.23525687414000000   0.59999474324839956
 -0.23513687414000000   0.59999464281062033
 -0.23501687414000000   0.59999454680603902
 -0.23489687414000000   0.59999445568269455
 -0.23477687414000000   0.59999436991401971
 -0.23465687414000000   0.59999428999967542
 -0.23453687414000000   0.59999421646612733
 -0.23441687414000000   0.59999414986694234
 -0.23429687414000000   0.59999409078278153
 -0.23417687414000000   0.59999403982106570
 -0.23405687414000000   0.59999399761528980
 -0.23393687414000000   0.59999396482396324
 -0.23381687414000000   0.59999394212915438
 -0.23369687414000000   0.59999393023461909
 -0.23357687414000000   0.59999392986349478
 -0.23345687414000000   0.59999394175554249
 -0.23333687414000000   0.59999396666391932
 -0.23321687414000000   0.59999400535146138
 -0.23309687414000000   0.59999405858645202
 -0.23297687414000000   0.59999412713784142
 -0.23285687414000000   0.59999421176987022
 -0.23273687414000000   0.59999431323603226
 -0.23261687414000000   0.59999443227229016
 -0.23249687414000000   0.59999456958943398
 -0.23237687414000000   0.59999472586444923
 -0.23225687414000000   0.59999490173074031
 -0.23213687414000000   0.59999509776704166
 -0.23201687414000000   0.59999531448484649
 -0.23189687414000000   0.59999555231419390
 -0.23177687414000000   0.59999581158768356
 -0.23165687414000000   0.59999609252263251
 -0.23153687414000000   0.59999639520135134
 -0.23141687414000000   0.59999671954959561
 -0.23129687414000000   0.59999706531334256
 -0.23117687414000000   0.59999743203415407
 -0.23105687414000000   0.59999781902352090
 -0.23093687414000000   0.59999822533675000
 -0.23081687414000000   0.59999864974716915
 -0.23069687414000000   0.59999909072169108
 -0.23057687414000000   0.59999954639909970
 -0.23045687414000000   0.59999247307983167
 -0.23033687414000000   0.59999278943101229
 -0.23021687414000000   0.59999314097151434
 -0.23009687414000000   0.59999352842192373
 -0.22997687414000000   0.59999395229961757
 -0.22985687414000000   0.59999441286949946
 -0.22973687414000000   0.59999491008701589
 -0.22961687414000000   0.59999544353502372
 -0.22949687414000000   0.59999601235654209
 -0.22937687414000000   0.59999661518550909
 -0.22925687414000000   0.59999725007747634
 -0.22913687414000000   0.59999791444204254
 -0.22901687414000000   0.59999860497924890
 -0.22889687414000000   0.59999931762362714
 -0.22877687414000000   0.60000004750230750
 -0.22865687414000000   0.60000078891715696
 -0.22853687414000000   0.60000153536409757
 -0.22841687414000000   0.60000227960353120
 -0.22829687414000000   0.60000301379184886
 -0.22817687414000000   0.60000372967371718
 -0.22805687414000000   0.60000441881868227
 -0.22793687414000000   0.60000507286726261
 -0.22781687414000000   0.60000568373785757
 -0.22769687414000000   0.60000624374429308
 -0.22757687414000000   0.60000674558998960
 -0.22745687414000000   0.60000718223800247
 -0.22733687414000000   0.60000754669891945
 -0.22721687414000000   0.60000783181804816
 -0.22709687414000000   0.60000803016541222
 -0.22697687414000000   0.60000813412516463
 -0.22685687414000000   0.60000813623903904
 -0.22673687414000000   0.60000802978451242
 -0.22661687414000000   0.60000780947920781
 -0.22649687414000000   0.60000747213058938
 -0.22637687414000000   0.60000701703263856
 -0.22625687414000000   0.60000644597312445
 -0.22613687414000000   0.60000576284401212
 -0.22601687414000000   0.60000497299163541
 -0.22589687414000000   0.60000408253658552
 -0.22577687414000000   0.60000309789363710
 -0.22565687414000000   0.60000202563247747
 -0.22553687414000000   0.60000087268245810
 -0.22541687414000000   0.59999964675771103
 -0.22529687414000000   0.59999835681519751
 -0.22517687414000000   0.59999701338428542
 -0.22505687414000000   0.59999562870877453
 -0.22493687414000000   0.59999421676402568
 -0.22481687414000000   0.59999279326910382
 -0.22469687414000000   0.59999137573997062
 -0.22457687414000000   0.59998998343832429
 -0.22445687414000000   0.59998863688976642
 -0.22433687414000000   0.59998735667392719
 -0.22421687414000000   0.59998616156315677
 -0.22409687414000000   0.59998506668651943
 -0.22397687414000000   0.59998408278613515
 -0.22385687414000000   0.59998321736832658
 -0.22373687414000000   0.59998247766112984
 -0.22361687414000000   0.59998187428190343
 -0.22349687414000000   0.59998142389151902
 -0.22337687414000000   0.59998114910267094
 -0.22325687414000000   0.59998107471116040
 -0.22313687414000000   0.59998122110409580
 -0.22301687414000000   0.59998159792837596
 -0.22289687414000000   0.59998220197525848
 -0.22277687414000000   0.59998302116383416
 -0.22265687414000000   0.59998404269735315
 -0.22253687414000000   0.59998526102900264
 -0.22241687414000000   0.59998668146447859
 -0.22229687414000000   0.59998831706538196
 -0.22217687414000000   0.59999017939756087
 -0.22205687414000000   0.59999226754739780
 -0.22193687414000000   0.59999456218005076
 -0.22181687414000000   0.59999702755608799
 -0.22169687414000000   0.59999961652825615
 -0.22157687414000000   0.60000227149028056
 -0.22145687414000000   0.60000491976365487
 -0.22133687414000000   0.60000746903784482
 -0.22121687414000000   0.60000981271343463
 -0.22109687414000000   0.60001185104510371
 -0.22097687414000000   0.60001351996299745
 -0.22085687414000000   0.60001480346137249
 -0.22073687414000000   0.60001571532860303
 -0.22061687414000000   0.60001626599611669
 -0.22049687414000000   0.60001643803853455
 -0.22037687414000000   0.60001618643294903
 -0.22025687414000000   0.60001546335211994
 -0.22013687414000000   0.60001425220091111
 -0.22001687414000000   0.60001259089766356
 -0.21989687414000000   0.60001055698341247
 -0.21977687414000000   0.60000823129737967
 -0.21965687414000000   0.60000567675404241
 -0.21953687414000000   0.60000293768857576
 -0.21941687414000000   0.60000004759617593
 -0.21929687414000000   0.59999703981977053
 -0.21917687414000000   0.59999396595799980
 -0.21905687414000000   0.59999090068829489
 -0.21893687414000000   0.59998793188431679
 -0.21881687414000000   0.59998516159302094
 -0.21869687414000000   0.59998269194015633
 -0.21857687414000000   0.59998057519110736
 -0.21845687414000000   0.59997880159587901
 -0.21833687414000000   0.59997734698253908
 -0.21821687414000000   0.59997622155574198
 -0.21809687414000000   0.59997550161087567
 -0.21797687414000000   0.59997532633813613
 -0.21785687414000000   0.59997579821926555
 -0.21773687414000000   0.59997687788696907
 -0.21761687414000000   0.59997842893569138
 -0.21749687414000000   0.59998037501418997
 -0.21737687414000000   0.59998273156170388
 -0.21725687414000000   0.59998560987376105
 -0.21713687414000000   0.59998917445474392
 -0.21701687414000000   0.59999329655996620
 -0.21689687414000000   0.59999768605906143
 -0.21677687414000000   0.60000241678468627
 -0.21665687414000000   0.60000703859101662
 -0.21653687414000000   0.60001100449198111
 -0.21641687414000000   0.60001551375942163
 -0.21629687414000000   0.60002023668169785
 -0.21617687414000000   0.60002179887526472
 -0.21605687414000000   0.60002234723029857
 -0.21593687414000000   0.60002251876348388
 -0.21581687414000000   0.60002177348016329
 -0.21569687414000000   0.60002003625469227
 -0.21557687414000000   0.60001718509995959
 -0.21545687414000000   0.60001344324809723
 -0.21533687414000000   0.60000925816745435
 -0.21521687414000000   0.60000479275611844
 -0.21509687414000000   0.60000017316909625
 -0.21497687414000000   0.59999527405229614
 -0.21485687414000000   0.59999020365217439
 -0.21473687414000000   0.60000846509491750
 -0.21461687414000000   0.60000364673937256
 -0.21449687414000000   0.59999863520528481
 -0.21437687414000001   0.59999328313221548
 -0.21425687414000001   0.59998780771074061
 -0.21413687414000001   0.59998282068959635
 -0.21401687414000001   0.59997882648446607
 -0.21389687414000001   0.59997570561672650
 -0.21377687414000001   0.59997313513617945
 -0.21365687414000001   0.59997106244998941
 -0.21353687414000001   0.59997020193610910
 -0.21341687414000001   0.59997091648536987
 -0.21329687414000001   0.59997353440765944
 -0.21317687414000001   0.59997655628503480
 -0.21305687414000001   0.59998010595983264
 -0.21293687414000001   0.59998589424239999
 -0.21281687414000001   0.59999384905308193
 -0.21269687414000001   0.60000174511499941
 -0.21257687414000001   0.60000991918910111
 -0.21245687414000001   0.60001925765623483
 -0.21233687414000001   0.60002556517006676
 -0.21221687414000001   0.60002761078126986
 -0.21209687414000001   0.60002774898918482
 -0.21197687414000001   0.60002640938583007
 -0.21185687414000001   0.60002128678033234
 -0.21173687414000001   0.60001095035951370
 -0.21161687414000001   0.60000221016322513
 -0.21149687414000001   0.59998982313210557
 -0.21137687414000001   0.59997738675727439
 -0.21125687414000001   0.59996841499340955
 -0.21113687414000001   0.59997441136353415
 -0.21101687414000001   0.59997758201273547
 -0.21089687414000001   0.60001904159071410
 -0.21077687414000001   0.60000827840462556
 -0.21065687414000001   0.60002171693154633
 -0.21053687414000001   0.60002090389659328
 -0.21041687414000001   0.60002093083840002
 -0.21029687414000001   0.60002473358207149
 -0.21017687414000001   0.60002039874858900
 -0.21005687414000001   0.60001601808648664
 -0.20993687414000001   0.60001279990987088
 -0.20981687414000001   0.60001184336557926
 -0.20969687414000001   0.60001244143622639
 -0.20957687414000001   0.60001339128622445
 -0.20945687414000001   0.60001448387439194
 -0.20933687414000001   0.60001625134263638
 -0.20921687414000001   0.60001781999480885
 -0.20909687414000001   0.60001899970750949
 -0.20897687414000001   0.60001985423121343
 -0.20885687414000001   0.60002039285223881
 -0.20873687414000001   0.60002065476185846
 -0.20861687414000001   0.60002069756500725
 -0.20849687414000001   0.60002057964387281
 -0.20837687414000001   0.60002035294006788
 -0.20825687414000001   0.60002006278756638
 -0.20813687414000001   0.60001974689860415
 -0.20801687414000001   0.60001943317273589
 -0.20789687414000001   0.60001913910292250
 -0.20777687414000001   0.60001887297288790
 -0.20765687414000001   0.60001863577633293
 -0.20753687414000001   0.60001842316065096
 -0.20741687414000001   0.60001822714658402
 -0.20729687414000001   0.60001803756477331
 -0.20717687414000001   0.60001784324135437
 -0.20705687414000001   0.60001763303682844
 -0.20693687414000001   0.60001739689447492
 -0.20681687414000001   0.60001712707636508
 -0.20669687414000001   0.60001681974498209
 -0.20657687414000001   0.60001647698299814
 -0.20645687414000001   0.60001610933879523
 -0.20633687414000001   0.60001573930897138
 -0.20621687414000001   0.60001540629275997
 -0.20609687414000001   0.60001517059204328
 -0.20597687414000001   0.60001511085886748
 -0.20585687414000001   0.60003468746229117
 -0.20573687414000001   0.60003539201893698
 -0.20561687414000001   0.60003627828027091
 -0.20549687414000001   0.60003712528275522
 -0.20537687414000001   0.60003740665783240
 -0.20525687414000001   0.60003675876718622
 -0.20513687414000001   0.60003572595918342
 -0.20501687414000001   0.60003385020530000
 -0.20489687414000001   0.60003217544542669
 -0.20477687414000001   0.60003084007326520
 -0.20465687414000001   0.60003031110135395
 -0.20453687414000001   0.60003052291687937
 -0.20441687414000001   0.60003391127596224
 -0.20429687414000001   0.60003460328619289
 -0.20417687414000001   0.60003142686109339
 -0.20405687414000001   0.60002794452703883
 -0.20393687414000001   0.59996772703709147
 -0.20381687414000001   0.60002630406438891
 -0.20369687414000001   0.59999252670154052
 -0.20357687414000001   0.59999919975514486
 -0.20345687414000001   0.59999565753530342
 -0.20333687414000001   0.60003709784167979
 -0.20321687414000001   0.59997006427357914
 -0.20309687414000001   0.59996213967098610
 -0.20297687414000001   0.60002703878590241
 -0.20285687414000001   0.60003209587768243
 -0.20273687414000001   0.59997604540762966
 -0.20249687414000001   0.60003680274199491
 -0.20237687414000001   0.59948330336396252
 -0.20201687414000001   0.59996252557085843
 -0.20189687414000001   0.59996070070991091
 -0.20165687414000001   0.59996502493801212
 -0.20153687414000001   0.60005142319756531
 -0.20105687414000001   0.59795679309328048
 -0.20045687414000001   0.59938860046078248
 -0.20009687414000001   0.60003702113917154
 -0.19985687414000001   0.60003979289912597
 -0.19973687414000001   0.59996334246153191
 -0.19961687414000001   0.60004065793843329
 -0.19925687414000001   0.60002311418784777
 -0.19901687414000001   0.59997116545176603
 -0.19841687414000001   0.59980604863795499
 -0.19829687414000001   0.59977218697034893
 -0.19793687414000001   0.59837440260713939
 -0.19781687414000001   0.60003877137779544
 -0.19721687414000001   0.59921250723779138
 -0.19673687414000001   0.59765556908286964
 -0.19589687414000001   0.59706178574082427
 -0.19577687414000001   0.59857969591803032
 -0.19469687414000001   0.59938282703606959
 -0.19457687414000001   0.60001104338590841
 -0.19409687414000001   0.59995649704260089
 -0.19397687414000001   0.59901188292219939
 -0.19373687414000001   0.59985624877032667
 -0.19337687414000001   0.59989583914044544
 -0.19325687414000001   0.59890836617826183
 -0.19289687414000001   0.59898743152573956
 -0.19277687414000001   0.60003376675196761
 -0.19205687414000001   0.59941629513246248
 -0.19037687414000001   0.59884877596005026
 -0.18941687414000001   0.59999301756351421
 -0.18857687414000001   0.59909560442369954
 -0.18773687414000001   0.60432085084255371
 -0.18761687414000001   0.60480495270047143
 -0.18749687414000001   0.60501457487999658
 -0.18737687414000001   0.60518352299735927
 -0.18725687414000001   0.60536585904738036
 -0.18713687414000001   0.60551318853942191
 -0.18701687414000001   0.60563322453431736
 -0.18689687414000001   0.60580841051778904
 -0.18677687414000001   0.60588147650219564
 -0.18665687414000001   0.60598113895264491
 -0.18653687414000001   0.60610242988930034
 -0.18641687414000001   0.60616710734435279
 -0.18629687414000001   0.60624946735253092
 -0.18617687414000001   0.60632433178732980
 -0.18605687414000001   0.60635816264632076
 -0.18593687414000001   0.60644743475654484
 -0.18581687414000001   0.60650068620593718
 -0.18569687414000001   0.60655610382513047
 -0.18557687414000001   0.60664694485589707
 -0.18545687414000001   0.60676022649224301
 -0.18533687414000001   0.60680440223241360
 -0.18521687414000001   0.60684890056052123
 -0.18509687414000001   0.60691993409011884
 -0.18497687414000001   0.60696150467548343
 -0.18485687414000001   0.60698434088768313
 -0.18473687414000001   0.60702618897365140
 -0.18461687414000001   0.60708295827175721
 -0.18449687414000001   0.60717017196304961
 -0.18437687414000001   0.60722535717051067
 -0.18425687414000001   0.60727841730275483
 -0.18413687414000001   0.60730754742351038
 -0.18401687414000001   0.60732797416211612
 -0.18389687414000001   0.60736348305278274
 -0.18377687414000001   0.60741774200753347
 -0.18365687414000001   0.60745998337862902
 -0.18353687414000001   0.60748876388301438
 -0.18341687414000001   0.60752816993988629
 -0.18329687414000001   0.60756545307168072
 -0.18317687414000001   0.60763008823202079
 -0.18305687414000001   0.60770507946190191
 -0.18293687414000001   0.60775850884081805
 -0.18281687414000001   0.60778930349098614
 -0.18269687414000001   0.60781650027259391
 -0.18257687414000001   0.60785311270416515
 -0.18245687414000001   0.60789740248117070
 -0.18233687414000001   0.60793407731033175
 -0.18221687414000001   0.60795619461452130
 -0.18209687414000001   0.60797499955005507
 -0.18197687414000001   0.60800185721065941
 -0.18185687414000001   0.60804234214138280
 -0.18173687414000001   0.60808669725924184
 -0.18161687414000001   0.60811976204306110
 -0.18149687414000001   0.60814595848675836
 -0.18137687414000001   0.60817748275314084
 -0.18125687414000001   0.60821888982071849
 -0.18113687414000001   0.60825811428601025
 -0.18101687414000001   0.60828561511358435
 -0.18089687414000001   0.60830442416538813
 -0.18077687414000001   0.60832170109640802
 -0.18065687414000001   0.60834508550022724
 -0.18053687414000001   0.60837812006984498
 -0.18041687414000001   0.60841319890320478
 -0.18029687414000001   0.60844189739869789
 -0.18017687414000001   0.60846521263870409
 -0.18005687414000001   0.60848693900796510
 -0.17993687414000001   0.60851102699204164
 -0.17981687414000001   0.60854462475392220
 -0.17969687414000001   0.60858798503013235
 -0.17957687414000001   0.60862410856208654
 -0.17945687414000001   0.60864623934881851
 -0.17933687414000001   0.60876999451245655
 -0.17921687414000001   0.60878925679735778
 -0.17909687414000001   0.60880543314610255
 -0.17897687414000001   0.60882622160653711
 -0.17885687414000001   0.60884793358720628
 -0.17873687414000001   0.60887688484712180
 -0.17861687414000001   0.60890450209623563
 -0.17849687414000001   0.60892902948309886
 -0.17837687414000001   0.60894748865202003
 -0.17825687414000001   0.60896235486412532
 -0.17813687414000001   0.60897809206912293
 -0.17801687414000001   0.60899732056786557
 -0.17789687414000001   0.60902250902806586
 -0.17777687414000001   0.60905318803889788
 -0.17765687414000001   0.60908380642656459
 -0.17753687414000001   0.60911041030970063
 -0.17741687414000001   0.60913268187378257
 -0.17729687414000001   0.60915462784911788
 -0.17717687414000001   0.60917998204694052
 -0.17705687414000001   0.60920926232097152
 -0.17693687414000001   0.60923923893629702
 -0.17681687414000001   0.60926457730494095
 -0.17669687414000001   0.60928456358795392
