 -0.25428514663000000   0.60004869851254676
 -0.25344514663000000   0.59998614951280500
 -0.25188514663000000   0.59946025988711640
 -0.25032514663000000   0.59996807730388715
 -0.24996514663000000   0.59996756414289003
 -0.24912514663000000   0.59907493712909608
 -0.24840514663000000   0.59995385881329700
 -0.24732514663000000   0.59947196868447578
 -0.24684514663000000   0.60000682683740382
 -0.24660514663000000   0.59981558675764279
 -0.24468514663000000   0.59998827505908169
 -0.24384514663000000   0.59994300270138700
 -0.24372514663000000   0.59721068821875252
 -0.24360514663000000   0.60000838254957547
 -0.24288514663000000   0.59995186072451540
 -0.24264514663000000   0.60003299224066098
 -0.24252514663000000   0.60002578904990958
 -0.24240514663000000   0.59996376973284043
 -0.24228514663000000   0.60002772175359375
 -0.24216514663000000   0.60002566462145874
 -0.24204514663000000   0.60002147520074183
 -0.24192514663000000   0.60001986961658398
 -0.24180514663000000   0.60002202362818679
 -0.24168514663000000   0.60002085521559282
 -0.24156514663000000   0.60002039537559075
 -0.24144514663000000   0.60002027181269007
 -0.24132514663000000   0.60002027929016381
 -0.24120514663000000   0.60002024704521001
 -0.24108514663000000   0.60001998033427577
 -0.24096514663000000   0.60001801795585539
 -0.24084514663000000   0.60001959705000103
 -0.24072514663000000   0.60001883902000570
 -0.24060514663000000   0.60001817043184056
 -0.24048514663000000   0.60002739210834042
 -0.24036514663000000   0.60002571467690171
 -0.24012514663000000   0.60000565585908816
 -0.24000514663000000   0.59996476024574386
 -0.23988514663000000   0.60003417569171126
 -0.23976514663000000   0.59996014450959314
 -0.23964514663000000   0.59996034445631728
 -0.23952514663000000   0.59996084500895019
 -0.23940514663000000   0.59997124204814072
 -0.23928514663000000   0.59998668638454757
 -0.23916514663000000   0.59999400847509125
 -0.23904514663000000   0.59999632085391654
 -0.23892514663000000   0.60000783645644457
 -0.23880514663000000   0.60001321643782014
 -0.23868514663000000   0.60002319359013266
 -0.23856514663000000   0.60002345317230885
 -0.23844514663000000   0.60002336069329001
 -0.23832514663000000   0.60002320216773648
 -0.23820514663000000   0.60002129024935118
 -0.23808514663000000   0.60001911470705862
 -0.23796514663000000   0.60002107530700628
 -0.23784514663000000   0.60002191104638644
 -0.23772514663000000   0.60001902633301259
 -0.23760514663000000   0.60001887995066112
 -0.23748514663000000   0.60000938989062185
 -0.23736514663000000   0.59999997280862087
 -0.23724514663000000   0.60000129099755146
 -0.23712514663000000   0.59999185400789128
 -0.23700514663000000   0.59998425532499895
 -0.23688514663000000   0.59997465978048533
 -0.23676514663000000   0.59996929650975026
 -0.23664514663000000   0.59996999889799039
 -0.23652514663000000   0.59996174329026271
 -0.23640514663000000   0.59996423665147215
 -0.23628514663000000   0.59996418667587440
 -0.23616514663000000   0.59997017246270704
 -0.23604514663000000   0.60001024698652793
 -0.23592514663000000   0.59996760354081968
 -0.23580514663000000   0.59999624316947543
 -0.23568514663000000   0.59999124800439562
 -0.23556514663000000   0.59997769786900078
 -0.23544514663000000   0.59997399168747230
 -0.23532514663000000   0.59997276138227317
 -0.23520514663000000   0.59997077327560962
 -0.23508514663000000   0.59996777318834764
 -0.23496514663000000   0.59996622987663071
 -0.23484514663000000   0.59996610133093716
 -0.23472514663000000   0.59996703262165383
 -0.23460514663000000   0.59996881544963675
 -0.23448514663000000   0.59997060212751909
 -0.23436514663000000   0.59997212814999494
 -0.23424514663000000   0.59997386802774892
 -0.23412514663000000   0.59997644792606855
 -0.23400514663000000   0.59998014365458418
 -0.23388514663000000   0.59998421854658035
 -0.23376514663000000   0.59998773469764875
 -0.23364514663000000   0.59999075488817257
 -0.23352514663000000   0.59999387961270026
 -0.23340514663000000   0.59999752478678020
 -0.23328514663000000   0.60000145298086502
 -0.23316514663000000   0.60000496297785440
 -0.23304514663000000   0.60000763771515602
 -0.23292514663000000   0.60000954802694194
 -0.23280514663000000   0.60001086895425842
 -0.23268514663000000   0.60001171384809346
 -0.23256514663000000   0.60001211364311296
 -0.23244514663000000   0.60001188911558083
 -0.23232514663000000   0.60001077261636209
 -0.23220514663000000   0.60000857971395307
 -0.23208514663000000   0.60000539080362575
 -0.23196514663000000   0.60000163667632297
 -0.23184514663000000   0.59999780082838505
 -0.23172514663000000   0.59999403924520547
 -0.23160514663000000   0.59999030291899515
 -0.23148514663000000   0.59998662837868205
 -0.23136514663000000   0.59998322604996059
 -0.23124514663000000   0.59998031528447353
 -0.23112514663000000   0.59997794354166326
 -0.23100514663000000   0.59997600836504007
 -0.23088514663000000   0.59997437043482158
 -0.23076514663000000   0.59997297024678719
 -0.23064514663000000   0.59997186841439625
 -0.23052514663000000   0.59997118024603285
 -0.23040514663000000   0.59997096443913655
 -0.23028514663000000   0.59997118794380497
 -0.23016514663000000   0.59997176845851997
 -0.23004514663000000   0.59997260744946505
 -0.22992514663000000   0.59997364371030851
 -0.22980514663000000   0.59997203006601286
 -0.22968514663000000   0.59997167294498530
 -0.22956514663000000   0.59997169706934820
 -0.22944514663000000   0.59997205491978757
 -0.22932514663000000   0.59997267745629503
 -0.22920514663000000   0.59997350297395781
 -0.22908514663000000   0.59997450278056638
 -0.22896514663000000   0.59997567914386943
 -0.22884514663000000   0.59997704285810407
 -0.22872514663000000   0.59997859445880376
 -0.22860514663000000   0.59998031558484281
 -0.22848514663000000   0.59998216667104335
 -0.22836514663000000   0.59998409547243363
 -0.22824514663000000   0.59998605344081533
 -0.22812514663000000   0.59998800676132503
 -0.22800514663000000   0.59998993698199018
 -0.22788514663000000   0.59999183465175602
 -0.22776514663000000   0.59999369072629520
 -0.22764514663000000   0.59999548960732187
 -0.22752514663000000   0.59999720650887141
 -0.22740514663000000   0.59999880927368728
 -0.22728514663000000   0.60000026268135546
 -0.22716514663000000   0.60000153432147005
 -0.22704514663000000   0.60000260051236424
 -0.22692514663000000   0.60000344856452019
 -0.22680514663000000   0.60000407463065574
 -0.22668514663000000   0.60000448077261759
 -0.22656514663000000   0.60000467299135031
 -0.22644514663000000   0.60000465822803032
 -0.22632514663000000   0.60000444034913660
 -0.22620514663000000   0.60000401923063233
 -0.22608514663000000   0.60000339543061773
 -0.22596514663000000   0.60000257678057454
 -0.22584514663000000   0.60000158073754740
 -0.22572514663000000   0.60000043132888183
 -0.22560514663000000   0.59999915533220995
 -0.22548514663000000   0.59999778134567565
 -0.22536514663000000   0.59999634035151106
 -0.22524514663000000   0.59999486456980887
 -0.22512514663000000   0.59999338418452580
 -0.22500514663000000   0.59999192439573451
 -0.22488514663000000   0.59999050477110454
 -0.22476514663000000   0.59998914044161289
 -0.22464514663000000   0.59998784343785031
 -0.22452514663000000   0.59998662315520281
 -0.22440514663000000   0.59998548616937536
 -0.22428514663000000   0.59998443612647436
 -0.22416514663000000   0.59998347412225934
 -0.22404514663000000   0.59998259948255786
 -0.22392514663000000   0.59998181062718956
 -0.22380514663000000   0.59998110575980063
 -0.22368514663000000   0.59998048328064473
 -0.22356514663000000   0.59997994193000430
 -0.22344514663000000   0.59997948071561296
 -0.22332514663000000   0.59997909869225631
 -0.22320514663000000   0.59997879467217816
 -0.22308514663000000   0.59997856695074028
 -0.22296514663000000   0.59997841312076682
 -0.22284514663000000   0.59997833001758007
 -0.22272514663000000   0.59997831379567650
 -0.22260514663000000   0.59997836010336763
 -0.22248514663000000   0.59997846430403923
 -0.22236514663000000   0.59997862169322288
 -0.22224514663000000   0.59997882767401977
 -0.22212514663000000   0.59997907787188739
 -0.22200514663000000   0.59997936818685814
 -0.22188514663000000   0.59997969479324300
 -0.22176514663000000   0.59998005410302426
 -0.22164514663000000   0.59998044271050564
 -0.22152514663000000   0.59998085733393018
 -0.22140514663000000   0.59998129476604175
 -0.22128514663000000   0.59998175184097273
 -0.22116514663000000   0.59998222542021317
 -0.22104514663000000   0.59998271239646512
 -0.22092514663000000   0.59998320971142086
 -0.22080514663000000   0.59998371438214213
 -0.22068514663000000   0.59998422353064529
 -0.22056514663000000   0.59998473441216193
 -0.22044514663000000   0.59998524443889489
 -0.22032514663000000   0.59998575119752309
 -0.22020514663000000   0.59998625245994965
 -0.22008514663000000   0.59998674618770638
 -0.21996514663000000   0.59998723053100566
 -0.21984514663000000   0.59998770382371289
 -0.21972514663000000   0.59998816457556754
 -0.21960514663000000   0.59998861146287601
 -0.21948514663000000   0.59998904331869537
 -0.21936514663000000   0.59998945912327171
 -0.21924514663000000   0.59998985799523234
 -0.21912514663000000   0.59999023918378597
 -0.21900514663000000   0.59999060206198171
 -0.21888514663000000   0.59999094612092557
 -0.21876514663000000   0.59999127096475523
 -0.21864514663000000   0.59999157630612444
 -0.21852514663000000   0.59999186196194030
 -0.21840514663000000   0.59999212784911814
 -0.21828514663000000   0.59999237398016088
 -0.21816514663000000   0.59999260045842231
 -0.21804514663000000   0.59999280747296997
 -0.21792514663000000   0.59999299529301717
 -0.21780514663000000   0.59999316426194052
 -0.21768514663000000   0.59999331479093784
 -0.21756514663000000   0.59999344735240848
 -0.21744514663000000   0.59999356247315543
 -0.21732514663000000   0.59999366072751577
 -0.21720514663000000   0.59999374273052491
 -0.21708514663000000   0.59999380913121253
 -0.21696514663000000   0.59999386060611567
 -0.21684514663000000   0.59999389785307975
 -0.21672514663000000   0.59999392158540183
 -0.21660514663000000   0.59999393252635523
 -0.21648514663000000   0.59999393140411983
 -0.21636514663000000   0.59999391894713002
 -0.21624514663000000   0.59999389587984227
 -0.21612514663000000   0.59999386291891609
 -0.21600514663000000   0.59999382076979645
 -0.21588514663000000   0.59999377012368197
 -0.21576514663000000   0.59999371165486057
 -0.21564514663000000   0.59999364601839305
 -0.21552514663000000   0.59999357384812468
 -0.21540514663000000   0.59999349575500487
 -0.21528514663000000   0.59999341232569552
 -0.21516514663000000   0.59999332412144887
 -0.21504514663000000   0.59999323167723656
 -0.21492514663000000   0.59999313550111182
 -0.21480514663000000   0.59999303607378722
 -0.21468514663000000   0.59999293384841092
 -0.21456514663000000   0.59999282925052441
 -0.21444514663000000   0.59999272267818523
 -0.21432514663000000   0.59999261450223852
 -0.21420514663000000   0.59999250506672135
 -0.21408514663000000   0.59999239468938456
 -0.21396514663000000   0.59999228366231709
 -0.21384514663000000   0.59999217225265847
 -0.21372514663000000   0.59999206070338571
 -0.21360514663000000   0.59999194923416188
 -0.21348514663000000   0.59999183804223401
 -0.21336514663000000   0.59999172730336929
 -0.21324514663000000   0.59999161717281912
 -0.21312514663000000   0.59999150778630168
 -0.21300514663000000   0.59999139926099455
 -0.21288514663000000   0.59999129169652988
 -0.21276514663000000   0.59999118517598545
 -0.21264514663000000   0.59999107976686596
 -0.21252514663000000   0.59999097552206951
 -0.21240514663000000   0.59999087248083539
 -0.21228514663000000   0.59999077066966951
 -0.21216514663000000   0.59999067010324494
 -0.21204514663000000   0.59999057078527548
 -0.21192514663000000   0.59999047270936052
 -0.21180514663000000   0.59999037585980040
 -0.21168514663000000   0.59999028021238143
 -0.21156514663000000   0.59999018573513050
 -0.21144514663000000   0.59999009238903934
 -0.21132514663000000   0.59999000012875872
 -0.21120514663000000   0.59998990890326350
 -0.21108514663000000   0.59998981865648898
 -0.21096514663000000   0.59998972932793996
 -0.21084514663000000   0.59998964085327327
 -0.21072514663000000   0.59998955316485531
 -0.21060514663000000   0.59998946619229567
 -0.21048514663000000   0.59998937986295840
 -0.21036514663000000   0.59998929410245205
 -0.21024514663000000   0.59998920883510022
 -0.21012514663000000   0.59998912398439374
 -0.21000514663000000   0.59998903947342593
 -0.20988514663000000   0.59998895522531242
 -0.20976514663000000   0.59998887116359664
 -0.20964514663000000   0.59998878721264244
 -0.20952514663000000   0.59998870329801489
 -0.20940514663000000   0.59998861934685052
 -0.20928514663000000   0.59998853528821798
 -0.20916514663000000   0.59998845105347032
 -0.20904514663000000   0.59998836657658954
 -0.20892514663000000   0.59998828179452453
 -0.20880514663000000   0.59998819664752311
 -0.20868514663000000   0.59998811107945872
 -0.20856514663000000   0.59998802503815264
 -0.20844514663000000   0.59998793847569202
 -0.20832514663000000   0.59998785134874436
 -0.20820514663000000   0.59998776361886865
 -0.20808514663000000   0.59998767525282361
 -0.20796514663000000   0.59998763522148184
 -0.20784514663000000   0.59998756449240440
 -0.20772514663000000   0.59998749533047418
 -0.20760514663000000   0.59998742784600086
 -0.20748514663000000   0.59998736215361802
 -0.20736514663000000   0.59998729837244786
 -0.20724514663000000   0.59998723662624752
 -0.20712514663000000   0.59998717704353638
 -0.20700514663000000   0.59998711975770347
 -0.20688514663000000   0.59998706490709410
 -0.20676514663000000   0.59998701263507493
 -0.20664514663000000   0.59998696309007653
 -0.20652514663000000   0.59998691642561230
 -0.20640514663000000   0.59998687280027284
 -0.20628514663000000   0.59998683237769468
 -0.20616514663000000   0.59998679532650212
 -0.20604514663000000   0.59998676182022117
 -0.20592514663000000   0.59998673203716422
 -0.20580514663000000   0.59998670616028436
 -0.20568514663000000   0.59998668437699800
 -0.20556514663000000   0.59998666687897460
 -0.20544514663000000   0.59998665386189222
 -0.20532514663000000   0.59998664552515761
 -0.20520514663000000   0.59998664207158967
 -0.20508514663000000   0.59998664370706495
 -0.20496514663000000   0.59998665064012400
 -0.20484514663000000   0.59998666308153731
 -0.20472514663000000   0.59998668124382960
 -0.20460514663000000   0.59998670534076105
 -0.20448514663000000   0.59998673558676418
 -0.20436514663000000   0.59998677219633482
 -0.20424514663000000   0.59998681538337527
 -0.20412514663000000   0.59998686536048800
 -0.20400514663000000   0.59998692233821722
 -0.20388514663000000   0.59998698652423585
 -0.20376514663000000   0.59998705812247455
 -0.20364514663000000   0.59999176084606598
 -0.20352514663000000   0.59999192553348037
 -0.20340514663000000   0.59999209404691582
 -0.20328514663000000   0.59999226614173307
 -0.20316514663000000   0.59999244154505632
 -0.20304514663000000   0.59999261995480410
 -0.20292514663000000   0.59999280103881986
 -0.20280514663000000   0.59999298443412295
 -0.20268514663000000   0.59999316974630121
 -0.20256514663000000   0.59999335654906682
 -0.20244514663000000   0.59999354438399654
 -0.20232514663000000   0.59999373276047692
 -0.20220514663000000   0.59999392115587324
 -0.20208514663000000   0.59999410901593861
 -0.20196514663000000   0.59999429575547657
 -0.20184514663000000   0.59999448075926652
 -0.20172514663000000   0.59999466338325649
 -0.20160514663000000   0.59999484295602264
 -0.20148514663000000   0.59999501878048899
 -0.20136514663000000   0.59999519013589508
 -0.20124514663000000   0.59999535627999379
 -0.20112514663000000   0.59999551645145641
 -0.20100514663000000   0.59999566987245844
 -0.20088514663000000   0.59999581575141728
 -0.20076514663000000   0.59999595328585307
 -0.20064514663000000   0.59999608166534566
 -0.20052514663000000   0.59999620007456625
 -0.20040514663000000   0.59998455812944739
 -0.20028514663000000   0.59998430655517171
 -0.20016514663000000   0.59998405554481098
 -0.20004514663000000   0.59998380577832513
 -0.19992514663000000   0.59998355795998675
 -0.19980514663000000   0.59998331281688375
 -0.19968514663000000   0.59998307109741612
 -0.19956514663000000   0.59998283356986683
 -0.19944514663000000   0.59998260102113319
 -0.19932514663000000   0.59998237425570484
 -0.19920514663000000   0.59998215409496570
 -0.19908514663000000   0.59998194137687873
 -0.19896514663000000   0.59998173695608282
 -0.19884514663000000   0.59998154170439072
 -0.19872514663000000   0.59998135651162701
 -0.19860514663000000   0.59998118228668767
 -0.19848514663000000   0.59998101995864193
 -0.19836514663000000   0.59998087047763804
 -0.19824514663000000   0.59998073481532365
 -0.19812514663000000   0.59998061396445589
 -0.19800514663000000   0.59998050893736508
 -0.19788514663000000   0.59998042076295570
 -0.19776514663000000   0.59998035048198707
 -0.19764514663000000   0.59998029914047786
 -0.19752514663000000   0.59998026778122359
 -0.19740514663000000   0.59998025743359910
 -0.19728514663000000   0.59998026910202641
 -0.19716514663000000   0.59998030375370160
 -0.19704514663000000   0.59998036230636514
 -0.19692514663000000   0.59998044561703676
 -0.19680514663000000   0.59998055447268618
 -0.19668514663000000   0.59998068958374779
 -0.19656514663000000   0.59998085158119665
 -0.19644514663000000   0.59998104101758577
 -0.19632514663000000   0.59998125837202377
 -0.19620514663000000   0.59998150405858663
 -0.19608514663000000   0.59998177843716038
 -0.19596514663000000   0.59998208182525920
 -0.19584514663000000   0.59998241450900761
 -0.19572514663000000   0.59998277675125901
 -0.19560514663000000   0.59998316879478089
 -0.19548514663000000   0.59998359085860112
 -0.19536514663000000   0.59998404312600791
 -0.19524514663000000   0.59998452572334914
 -0.19512514663000000   0.59998503868967560
 -0.19500514663000000   0.59998558193835244
 -0.19488514663000000   0.59998615521287527
 -0.19476514663000000   0.59998675804003771
 -0.19464514663000000   0.59998738968402140
 -0.19452514663000000   0.59998804910467462
 -0.19440514663000000   0.59997982213104085
 -0.19428514663000000   0.59998010231360741
 -0.19416514663000000   0.59998042077218303
 -0.19404514663000000   0.59998077763185031
 -0.19392514663000000   0.59998117300655756
 -0.19380514663000000   0.59998160703853635
 -0.19368514663000000   0.59998207992351504
 -0.19356514663000000   0.59998259191596427
 -0.19344514663000000   0.59998314330962830
 -0.19332514663000000   0.59998373439004490
 -0.19320514663000000   0.59998436535821751
 -0.19308514663000000   0.59998503622870143
 -0.19296514663000000   0.59998574671116041
 -0.19284514663000000   0.59998649609075691
 -0.19272514663000000   0.59998728312680603
 -0.19260514663000000   0.59998810598726437
 -0.19248514663000000   0.59998896222622639
 -0.19236514663000000   0.59998984879399930
 -0.19224514663000000   0.59999076205168098
 -0.19212514663000000   0.59999169775576760
 -0.19200514663000000   0.59999265099247047
 -0.19188514663000000   0.59999361607540433
 -0.19176514663000000   0.59999458645884224
 -0.19164514663000000   0.59999555473627113
 -0.19152514663000000   0.59999651276939175
 -0.19140514663000000   0.59999745192847877
 -0.19128514663000000   0.59999836335659236
 -0.19116514663000000   0.59999923815046655
 -0.19104514663000000   0.60000006741242492
 -0.19092514663000000   0.60000084224764565
 -0.19080514663000000   0.60000155388067891
 -0.19068514663000000   0.60000219405177250
 -0.19056514663000000   0.60000275569100788
 -0.19044514663000000   0.60000323363386591
 -0.19032514663000000   0.60000362500687517
 -0.19020514663000000   0.60000392901317772
 -0.19008514663000000   0.60000414614735186
 -0.18996514663000000   0.60000427716738600
 -0.18984514663000000   0.60000432225893066
 -0.18972514663000000   0.60000428069959887
 -0.18960514663000000   0.60000415106241426
 -0.18948514663000000   0.60000393173800486
 -0.18936514663000000   0.60000362144956423
 -0.18924514663000000   0.60000321954921615
 -0.18912514663000000   0.60000272613131796
 -0.18900514663000000   0.60000214217104188
 -0.18888514663000000   0.60000146984452680
 -0.18876514663000000   0.60000071295873910
 -0.18864514663000000   0.59999987722448068
 -0.18852514663000000   0.59999897013127140
 -0.18840514663000000   0.59999800041676391
 -0.18828514663000000   0.59999697735300358
 -0.18816514663000000   0.59999591009347882
 -0.18804514663000000   0.59999480716335469
 -0.18792514663000000   0.59999367604320820
 -0.18780514663000000   0.59999252283517131
 -0.18768514663000000   0.59999135212289517
 -0.18756514663000000   0.59999016716099708
 -0.18744514663000001   0.59998897041341898
 -0.18732514663000001   0.59998776432668108
 -0.18720514663000001   0.59998655217818098
 -0.18708514663000001   0.59998533885836142
 -0.18696514663000001   0.59998413145638959
 -0.18684514663000001   0.59998293949482623
 -0.18672514663000001   0.59998177462015834
 -0.18660514663000001   0.59998064959538396
 -0.18648514663000001   0.59997957670694566
 -0.18636514663000001   0.59997856612545268
 -0.18624514663000001   0.59997762490271519
 -0.18612514663000001   0.59997675684167021
 -0.18600514663000001   0.59997596289601727
 -0.18588514663000001   0.59997524176174177
 -0.18576514663000001   0.59997459083842894
 -0.18564514663000001   0.59997400795998761
 -0.18552514663000001   0.59997349376330456
 -0.18540514663000001   0.59997305377396480
 -0.18528514663000001   0.59997269903413521
 -0.18516514663000001   0.59997244467362181
 -0.18504514663000001   0.59997230700972403
 -0.18492514663000001   0.59997230061597585
 -0.18480514663000001   0.59997243624187567
 -0.18468514663000001   0.59997271910630323
 -0.18456514663000001   0.59997314699489365
 -0.18444514663000001   0.59997370931364886
 -0.18432514663000001   0.59997438941280758
 -0.18420514663000001   0.59997517058449331
 -0.18408514663000001   0.59997604276356358
 -0.18396514663000001   0.59997700656975386
 -0.18384514663000001   0.59997807362295938
 -0.18372514663000001   0.59997926309492888
 -0.18360514663000001   0.59998059499110330
 -0.18348514663000001   0.59998208333551806
 -0.18336514663000001   0.59998373336187731
 -0.18324514663000001   0.59998554017179077
 -0.18312514663000001   0.59998748217557714
 -0.18300514663000001   0.59998951756388144
 -0.18288514663000001   0.59999160160328604
 -0.18276514663000001   0.59999371096784629
 -0.18264514663000001   0.59999584274059532
 -0.18252514663000001   0.59999799466051581
 -0.18240514663000001   0.60000015244391932
 -0.18228514663000001   0.60000228178600373
 -0.18216514663000001   0.60000431773754319
 -0.18204514663000001   0.60000617058078355
 -0.18192514663000001   0.60000775565654528
 -0.18180514663000001   0.60000901776829972
 -0.18168514663000001   0.60000993637327129
 -0.18156514663000001   0.60001052242480708
 -0.18144514663000001   0.60001080886269730
 -0.18132514663000001   0.60001083998746577
 -0.18120514663000001   0.60001066009861121
 -0.18108514663000001   0.60001029484574833
 -0.18096514663000001   0.60000974159693310
 -0.18084514663000001   0.60000898069423493
 -0.18072514663000001   0.60000798874983600
 -0.18060514663000001   0.60001092373606355
 -0.18048514663000001   0.60001146196508940
 -0.18036514663000001   0.60001164625402977
 -0.18024514663000001   0.60001154448691249
 -0.18012514663000001   0.60001121958121800
 -0.18000514663000001   0.60001069811247434
 -0.17988514663000001   0.60000996540696463
 -0.17976514663000001   0.60000898724963779
 -0.17964514663000001   0.60000772291943279
 -0.17952514663000001   0.60000611791307344
 -0.17940514663000001   0.60000412162443134
 -0.17928514663000001   0.60000174201445304
 -0.17916514663000001   0.59999910743171929
 -0.17904514663000001   0.59999644134634708
 -0.17892514663000001   0.59999393361653107
 -0.17880514663000001   0.59999162719875595
 -0.17868514663000001   0.59998940012263171
 -0.17856514663000001   0.59998703399838946
 -0.17844514663000001   0.59998432934341155
 -0.17832514663000001   0.59998129047918179
 -0.17820514663000001   0.59997828260703564
 -0.17808514663000001   0.59997576831379947
 -0.17796514663000001   0.59997387686021239
 -0.17784514663000001   0.59997240175668844
 -0.17772514663000001   0.59997101404554260
 -0.17760514663000001   0.59996942550246895
 -0.17748514663000001   0.59996779615331734
 -0.17736514663000001   0.59996685629866135
 -0.17724514663000001   0.59996708223319501
 -0.17712514663000001   0.59996924338274667
 -0.17700514663000001   0.59997257893532368
 -0.17688514663000001   0.59997510285591787
 -0.17676514663000001   0.59999267621459025
 -0.17664514663000001   0.60000928042180275
 -0.17652514663000001   0.59999289343510295
 -0.17640514663000001   0.59999408654728410
 -0.17628514663000001   0.59999783328575736
 -0.17616514663000001   0.60000273546758656
 -0.17604514663000001   0.60000624408844859
 -0.17592514663000001   0.60000751833436567
 -0.17580514663000001   0.60000785682177384
 -0.17568514663000001   0.60000748752734148
 -0.17556514663000001   0.60000628424797312
 -0.17544514663000001   0.60000448914951180
 -0.17532514663000001   0.60000253024636766
 -0.17520514663000001   0.60000061607066463
 -0.17508514663000001   0.59999910170151575
 -0.17496514663000001   0.59999802097119221
 -0.17484514663000001   0.59999732114381933
 -0.17472514663000001   0.59999695950275850
 -0.17460514663000001   0.59999687752070179
 -0.17448514663000001   0.59999699281067600
 -0.17436514663000001   0.59999726216687650
 -0.17424514663000001   0.59999765060872090
 -0.17412514663000001   0.59999811229142827
 -0.17400514663000001   0.59999861305009853
 -0.17388514663000001   0.59999913132196024
 -0.17376514663000001   0.59999964801315275
 -0.17364514663000001   0.60000014567415768
 -0.17352514663000001   0.60000061117646070
 -0.17340514663000001   0.60000103596476441
 -0.17328514663000001   0.60000141494621411
 -0.17316514663000001   0.60000174562700515
 -0.17304514663000001   0.60000202757708439
 -0.17292514663000001   0.60000226195084419
 -0.17280514663000001   0.60000245102314042
 -0.17268514663000001   0.60000259779767435
 -0.17256514663000001   0.60000270570963464
 -0.17244514663000001   0.60000277840878605
 -0.17232514663000001   0.60000281960205612
 -0.17220514663000001   0.60000283293915935
 -0.17208514663000001   0.60000282192964769
 -0.17196514663000001   0.60000278988324234
 -0.17184514663000001   0.60000273986795295
 -0.17172514663000001   0.60000267468249454
 -0.17160514663000001   0.60000259684082137
 -0.17148514663000001   0.60000250856730264
 -0.17136514663000001   0.60000241180136405
 -0.17124514663000001   0.60000230821050514
 -0.17112514663000001   0.60000219921060957
 -0.17100514663000001   0.60000208599247351
 -0.17088514663000001   0.60000196955352597
 -0.17076514663000001   0.60000185073381649
 -0.17064514663000001   0.60000173025549176
 -0.17052514663000001   0.60000160876515638
 -0.17040514663000001   0.60000148687869129
 -0.17028514663000001   0.60000136522826560
 -0.17016514663000001   0.60000124451140586
 -0.17004514663000001   0.60000112554206631
 -0.16992514663000001   0.60000100930366426
 -0.16980514663000001   0.60000089700399336
 -0.16968514663000001   0.60000079013179037
 -0.16956514663000001   0.60000069051448314
 -0.16944514663000001   0.60000060037624564
 -0.16932514663000001   0.60000052239485597
 -0.16920514663000001   0.60000045975488820
 -0.16908514663000001   0.60000041619332924
 -0.16896514663000001   0.60000039603161936
 -0.16884514663000001   0.60000040418502971
 -0.16872514663000001   0.60000044613536958
 -0.16860514663000001   0.60000052784461208
 -0.16848514663000001   0.60000065557376502
 -0.16836514663000001   0.60000083555650088
 -0.16824514663000001   0.60000107347453189
 -0.16812514663000001   0.60000137371067098
 -0.16800514663000001   0.60000173841123924
 -0.16788514663000001   0.60000216642001932
 -0.16776514663000001   0.60000265211840066
 -0.16764514663000001   0.60000318422425140
 -0.16752514663000001   0.60000374473939881
 -0.16740514663000001   0.60000430816869025
 -0.16728514663000001   0.60000484106328660
 -0.16716514663000001   0.60000530381309852
 -0.16704514663000001   0.60000565810628099
 -0.16692514663000001   0.60000587409019172
 -0.16680514663000001   0.60000592218846301
 -0.16668514663000001   0.60000576174641328
 -0.16656514663000001   0.60000535011239025
 -0.16644514663000001   0.60000464185582940
 -0.16632514663000001   0.60000362637066692
 -0.16620514663000001   0.60000226464587541
 -0.16608514663000001   0.60000048926590906
 -0.16596514663000001   0.59999848195658014
 -0.16584514663000001   0.59999673159330856
 -0.16572514663000001   0.59999524261871718
 -0.16560514663000001   0.59999449489210690
 -0.16548514663000001   0.59999501140687040
 -0.16536514663000001   0.59999806878792697
 -0.16524514663000001   0.60000489467990037
 -0.16512514663000001   0.60000901962528397
 -0.16500514663000001   0.60000782209907691
 -0.16488514663000001   0.59999211441827512
 -0.16476514663000001   0.59996265860854745
 -0.16464514663000001   0.59996441259962312
 -0.16452514663000001   0.59996343066093042
 -0.16440514663000001   0.59996911415735549
 -0.16428514663000001   0.59997341591217809
 -0.16416514663000001   0.59997512217667460
 -0.16404514663000001   0.59997874654926194
 -0.16392514663000001   0.59999201705150315
 -0.16380514663000001   0.59999671033754522
 -0.16368514663000001   0.60000004686674805
 -0.16356514663000001   0.60000587560422714
 -0.16344514663000001   0.60001284253831828
 -0.16332514663000001   0.60001972256736583
 -0.16320514663000001   0.60001975060046059
 -0.16308514663000001   0.60002070126918195
 -0.16296514663000001   0.60002142184962790
 -0.16284514663000001   0.60002247742115729
 -0.16272514663000001   0.60002243473610463
 -0.16260514663000001   0.60002107993673739
 -0.16248514663000001   0.60001713967602051
 -0.16236514663000001   0.60000786429824322
 -0.16224514663000001   0.60000369768730995
 -0.16212514663000001   0.60000237221480469
 -0.16200514663000001   0.59999701709132734
 -0.16188514663000001   0.59999349954635451
 -0.16176514663000001   0.59998817200100579
 -0.16164514663000001   0.59998879187280114
 -0.16152514663000001   0.59998940143459747
 -0.16140514663000001   0.59998599746995896
 -0.16128514663000001   0.59998064117644160
 -0.16116514663000001   0.59997739830746638
 -0.16104514663000001   0.59997430212801532
 -0.16092514663000001   0.59997453027553510
 -0.16080514663000001   0.59996309012146534
 -0.16068514663000001   0.59996205095795681
 -0.16056514663000001   0.59995921865117259
 -0.16044514663000001   0.59995953173278659
 -0.16032514663000001   0.59996172174056108
 -0.16020514663000001   0.59995939728782808
 -0.16008514663000001   0.59995961134221089
 -0.15996514663000001   0.59996682691535903
 -0.15984514663000001   0.59996478961523134
 -0.15972514663000001   0.59997363093202804
 -0.15960514663000001   0.59999313665479397
 -0.15948514663000001   0.59997354321621926
 -0.15936514663000001   0.59997462924904856
 -0.15924514663000001   0.59997430870210911
 -0.15912514663000001   0.59997424351955021
 -0.15900514663000001   0.59997419137223248
 -0.15888514663000001   0.59997404051722446
 -0.15876514663000001   0.59997396535776952
 -0.15864514663000001   0.59997449356654117
 -0.15852514663000001   0.59997733191113228
 -0.15840514663000001   0.60002763383638579
 -0.15828514663000001   0.59994028817344964
 -0.15816514663000001   0.60001888018252858
 -0.15804514663000001   0.59995854931329732
 -0.15792514663000001   0.59998599060589025
 -0.15780514663000001   0.60001386653505780
 -0.15768514663000001   0.60002013525200303
 -0.15756514663000001   0.60002683993804224
 -0.15744514663000001   0.59977957916501971
 -0.15732514663000001   0.60001678325083251
 -0.15720514663000001   0.59969060355464947
 -0.15708514663000001   0.59995945101657465
 -0.15684514663000001   0.59996177993955517
 -0.15672514663000001   0.59995750516877386
 -0.15660514663000001   0.59999706598993817
 -0.15648514663000001   0.60002267987387753
 -0.15588514663000001   0.60002495274268998
 -0.15576514663000001   0.59994810210955209
 -0.15444514663000001  -0.45499487988565045
 -0.15420514663000001   0.59997890212041215
 -0.15396514663000001   0.59995630035026083
 -0.15372514663000001   0.59995494530530178
 -0.15360514663000001   0.59999528834238573
 -0.15348514663000001   0.59995402521736726
 -0.15336514663000001   0.59998062448687502
 -0.15324514663000001   0.60001956001402006
 -0.15312514663000001   0.59995787502648318
 -0.15276514663000001   0.59997843398139222
 -0.15264514663000001   0.59995591450423181
 -0.15072514663000001   0.59996557454312730
 -0.15048514663000001   0.59981205697754464
 -0.15000514663000001   0.59999180881377892
