 -0.00015425000000000   0.49990040689794412
 -0.00015400000000000   0.49990097635747829
 -0.00015375000000000   0.49990155496265058
 -0.00015350000000000   0.49990212156601559
 -0.00015325000000000   0.49990271946813299
 -0.00015300000000000   0.49990330612921903
 -0.00015275000000000   0.49990388203270438
 -0.00015250000000000   0.49990449033652864
 -0.00015225000000000   0.49990508878429284
 -0.00015200000000000   0.49990572042600376
 -0.00015175000000000   0.49990632203610046
 -0.00015150000000000   0.49990695782977631
 -0.00015125000000000   0.49990758601793180
 -0.00015100000000000   0.49990824941508637
 -0.00015075000000000   0.49990888552952167
 -0.00015050000000000   0.49990955813612816
 -0.00015025000000000   0.49991022604524318
 -0.00015000000000000   0.49991091100697953
 -0.00014975000000000   0.49991159311987130
 -0.00014950000000000   0.49991229414160034
 -0.00014925000000000   0.49991301504011166
 -0.00014900000000000   0.49991373635758834
 -0.00014875000000000   0.49991445946925232
 -0.00014850000000000   0.49991520621699100
 -0.00014825000000000   0.49991597797187453
 -0.00014800000000000   0.49991675606582851
 -0.00014775000000000   0.49991754243443878
 -0.00014750000000000   0.49991835916310278
 -0.00014725000000000   0.49991918842537186
 -0.00014700000000000   0.49992003280874681
 -0.00014675000000000   0.49992091478875917
 -0.00014650000000000   0.49992179825649932
 -0.00014625000000000   0.49992270653497748
 -0.00014600000000000   0.49992366287760954
 -0.00014575000000000   0.49992463338776228
 -0.00014550000000000   0.49992562381490179
 -0.00014525000000000   0.49992665943443912
 -0.00014500000000000   0.49992774731988704
 -0.00014475000000000   0.49992885920657292
 -0.00014450000000000   0.49993002426250991
 -0.00014425000000000   0.49993123722341780
 -0.00014400000000000   0.49993251406163703
 -0.00014375000000000   0.49993387440317014
 -0.00014350000000000   0.49993530889895509
 -0.00014325000000000   0.49993685108436652
 -0.00014300000000000   0.49993851253206335
 -0.00014275000000000   0.49994032413766466
 -0.00014250000000000   0.49994233164058262
 -0.00014225000000000   0.49994460453364359
 -0.00014200000000000   0.49994726113011775
 -0.00014175000000000   0.49995053080005677
 -0.00014150000000000   0.49995499006554810
 -0.00014125000000000   0.49996336882152734
 -0.00014100000000000   0.50001703054286358
 -0.00014075000000000   0.50001832334828769
 -0.00014050000000000   0.50001901169717093
 -0.00014025000000000   0.50001947945242834
 -0.00014000000000000   0.50001982874084276
 -0.00013975000000000   0.50002010021128090
 -0.00013950000000000   0.50002032099340100
 -0.00013925000000000   0.50002050268687387
 -0.00013900000000000   0.50002065578509812
 -0.00013875000000000   0.50002078472279911
 -0.00013850000000000   0.50002089508929228
 -0.00013825000000000   0.50002098897278481
 -0.00013800000000000   0.50002106902272584
 -0.00013775000000000   0.50002114380613553
 -0.00013750000000000   0.50002120144422293
 -0.00013725000000000   0.50002125104446771
 -0.00013700000000000   0.50002129736014847
 -0.00013675000000000   0.50002133369466982
 -0.00013650000000000   0.50002136505365191
 -0.00013625000000000   0.50002139070828483
 -0.00013600000000000   0.50002141651430956
 -0.00013575000000000   0.50002143541780574
 -0.00013550000000000   0.50002144661363972
 -0.00013525000000000   0.50002145641426990
 -0.00013500000000000   0.50002146449804035
 -0.00013475000000000   0.50002146307063128
 -0.00013450000000000   0.50002146653815377
 -0.00013425000000000   0.50002146724420507
 -0.00013400000000000   0.50002145690102243
 -0.00013375000000000   0.50002145084132377
 -0.00013350000000000   0.50002144092120786
 -0.00013325000000000   0.50002143514498931
 -0.00013300000000000   0.50002142505453462
 -0.00013275000000000   0.50002141027922424
 -0.00013250000000000   0.50002139044609794
 -0.00013225000000000   0.50002137411834812
 -0.00013200000000000   0.50002135226842287
 -0.00013175000000000   0.50002133373332272
 -0.00013150000000000   0.50002130920900527
 -0.00013125000000000   0.50002128779929071
 -0.00013100000000000   0.50002126952639756
 -0.00013075000000000   0.50002124469659138
 -0.00013050000000000   0.50002121295410168
 -0.00013025000000000   0.50002119386814820
 -0.00013000000000000   0.50002116765712276
 -0.00012975000000000   0.50002113397921360
 -0.00012950000000000   0.50002110280122178
 -0.00012925000000000   0.50002107413773412
 -0.00012900000000000   0.50002104799480917
 -0.00012875000000000   0.50002101373064965
 -0.00012850000000000   0.50002098177615811
 -0.00012825000000000   0.50002095213642209
 -0.00012800000000000   0.50002091384266781
 -0.00012775000000000   0.50002087765641910
 -0.00012750000000000   0.50002084358405175
 -0.00012725000000000   0.50002081162671570
 -0.00012700000000000   0.50002078178072919
 -0.00012675000000000   0.50002074256538517
 -0.00012650000000000   0.50002070526201266
 -0.00012625000000000   0.50002066987131767
 -0.00012600000000000   0.50002062461498433
 -0.00012575000000000   0.50002059295336884
 -0.00012550000000000   0.50002055123243431
 -0.00012525000000000   0.50002051122969396
 -0.00012500000000000   0.50002047294438433
 -0.00012475000000000   0.50002043637290862
 -0.00012450000000000   0.50002040150902778
 -0.00012425000000000   0.50002035594251989
 -0.00012400000000000   0.50002031190137932
 -0.00012375000000000   0.50002028196707527
 -0.00012350000000000   0.50002024105854276
 -0.00012325000000000   0.50002020166533696
 -0.00012300000000000   0.50002015096257707
 -0.00012275000000000   0.50002011450954973
 -0.00012250000000000   0.50002006657389467
 -0.00012225000000000   0.50002003303962799
 -0.00012200000000000   0.50001998785882488
 -0.00012175000000000   0.50001994400806700
 -0.00012150000000000   0.50001990148348768
 -0.00012125000000000   0.50001986027984329
 -0.00012100000000000   0.50001982039059539
 -0.00012075000000000   0.50001976830940819
 -0.00012050000000000   0.50001973096470246
 -0.00012025000000000   0.50001968127322925
 -0.00012000000000000   0.50001964644695937
 -0.00011975000000000   0.50001959912825474
 -0.00011950000000000   0.50001955295206286
 -0.00011925000000000   0.50001950791434121
 -0.00011900000000000   0.50001946401012199
 -0.00011875000000000   0.50001942123356365
 -0.00011850000000000   0.50001937957799987
 -0.00011825000000000   0.50001933903598598
 -0.00011800000000000   0.50001928538681952
 -0.00011775000000000   0.50001924699796266
 -0.00011750000000000   0.50001919536777755
 -0.00011725000000000   0.50001915910547889
 -0.00011700000000000   0.50001910947625314
 -0.00011675000000000   0.50001906080820341
 -0.00011650000000000   0.50001901309759393
 -0.00011625000000000   0.50001898095643661
 -0.00011600000000000   0.50001893520115251
 -0.00011575000000000   0.50001889038607432
 -0.00011550000000000   0.50001883173445331
 -0.00011525000000000   0.50001878873503359
 -0.00011500000000000   0.50001874665905835
 -0.00011475000000000   0.50001870549918993
 -0.00011450000000000   0.50001865028070080
 -0.00011425000000000   0.50001861089255321
 -0.00011400000000000   0.50001855733512619
 -0.00011375000000000   0.50001851969400155
 -0.00011350000000000   0.50001846778054050
 -0.00011325000000000   0.50001843185873382
 -0.00011300000000000   0.50001838156909130
 -0.00011275000000000   0.50001833205865954
 -0.00011250000000000   0.50001828332350898
 -0.00011225000000000   0.50001823535937358
 -0.00011200000000000   0.50001818816166704
 -0.00011175000000000   0.50001814172549825
 -0.00011150000000000   0.50001809604568624
 -0.00011125000000000   0.50001805111677444
 -0.00011100000000000   0.50001800693304445
 -0.00011075000000000   0.50001796348852913
 -0.00011050000000000   0.50001792077702529
 -0.00011025000000000   0.50001787879210578
 -0.00011000000000000   0.50001782182423403
 -0.00010975000000000   0.50001778124761200
 -0.00010950000000000   0.50001772560269760
 -0.00010925000000000   0.50001768641356793
 -0.00010900000000000   0.50001763207719615
 -0.00010875000000000   0.50001759425311085
 -0.00010850000000000   0.50001754120914768
 -0.00010825000000000   0.50001750472617464
 -0.00010800000000000   0.50001745295692260
 -0.00010775000000000   0.50001740179970839
 -0.00010750000000000   0.50001736727613486
 -0.00010725000000000   0.50001731736611257
 -0.00010700000000000   0.50001726805609071
 -0.00010675000000000   0.50001721934226673
 -0.00010650000000000   0.50001717122067779
 -0.00010625000000000   0.50001712368720807
 -0.00010600000000000   0.50001707673759573
 -0.00010575000000000   0.50001703036743968
 -0.00010550000000000   0.50001698457220609
 -0.00010525000000000   0.50001693934723465
 -0.00010500000000000   0.50001689468774466
 -0.00010475000000000   0.50001685058884086
 -0.00010450000000000   0.50001680704551902
 -0.00010425000000000   0.50001676405267142
 -0.00010400000000000   0.50001670525642989
 -0.00010375000000000   0.50001666333671922
 -0.00010350000000000   0.50001662195297597
 -0.00010325000000000   0.50001656469300158
 -0.00010300000000000   0.50001652435666289
 -0.00010275000000000   0.50001648454094164
 -0.00010250000000000   0.50001642878755168
 -0.00010225000000000   0.50001638999180828
 -0.00010200000000000   0.50001633521545054
 -0.00010175000000000   0.50001629742143629
 -0.00010150000000000   0.50001624360871691
 -0.00010125000000000   0.50001620679756276
 -0.00010100000000000   0.50001615393438829
 -0.00010075000000000   0.50001610152937393
 -0.00010050000000000   0.50001606615830434
 -0.00010025000000000   0.50001601468173231
 -0.00010000000000000   0.50001596365425600
 -0.00009975000000000   0.50001592968148224
 -0.00009950000000000   0.50001587956002143
 -0.00009925000000000   0.50001582987791727
 -0.00009900000000000   0.50001578063217468
 -0.00009875000000000   0.50001574846042349
 -0.00009850000000000   0.50001570008978759
 -0.00009825000000000   0.50001565214499382
 -0.00009800000000000   0.50001560462279411
 -0.00009775000000000   0.50001555751988106
 -0.00009750000000000   0.50001551083289060
 -0.00009725000000000   0.50001546455840454
 -0.00009700000000000   0.50001541869295304
 -0.00009675000000000   0.50001537323301703
 -0.00009650000000000   0.50001532817503048
 -0.00009625000000000   0.50001528351538271
 -0.00009600000000000   0.50001523925042054
 -0.00009575000000000   0.50001519537645043
 -0.00009550000000000   0.50001515188974047
 -0.00009525000000000   0.50001510878652244
 -0.00009500000000000   0.50001504936021058
 -0.00009475000000000   0.50001500701653536
 -0.00009450000000000   0.50001496504580537
 -0.00009425000000000   0.50001492344411548
 -0.00009400000000000   0.50001486550125265
 -0.00009375000000000   0.50001482463361160
 -0.00009350000000000   0.50001478412405577
 -0.00009325000000000   0.50001474396857113
 -0.00009300000000000   0.50001468746839911
 -0.00009275000000000   0.50001464802035811
 -0.00009250000000000   0.50001460891510572
 -0.00009225000000000   0.50001455346575313
 -0.00009200000000000   0.50001451504782497
 -0.00009175000000000   0.50001446028248069
 -0.00009150000000000   0.50001442253877731
 -0.00009125000000000   0.50001438511889742
 -0.00009100000000000   0.50001433136496445
 -0.00009075000000000   0.50001429459845132
 -0.00009050000000000   0.50001424150293776
 -0.00009025000000000   0.50001420537623643
 -0.00009000000000000   0.50001415292884056
 -0.00008975000000000   0.50001410080003498
 -0.00008950000000000   0.50001406561844801
 -0.00008925000000000   0.50001401412273102
 -0.00008900000000000   0.50001397954720464
 -0.00008875000000000   0.50001392867375895
 -0.00008850000000000   0.50001387810783049
 -0.00008825000000000   0.50001384442810076
 -0.00008800000000000   0.50001379446868618
 -0.00008775000000000   0.50001374480999406
 -0.00008750000000000   0.50001371199637188
 -0.00008725000000000   0.50001366292806726
 -0.00008700000000000   0.50001361415348367
 -0.00008675000000000   0.50001356567050006
 -0.00008650000000000   0.50001353397530564
 -0.00008625000000000   0.50001348606120653
 -0.00008600000000000   0.50001343843146361
 -0.00008575000000000   0.50001339108387226
 -0.00008550000000000   0.50001334401620737
 -0.00008525000000000   0.50001331365423638
 -0.00008500000000000   0.50001326712824678
 -0.00008475000000000   0.50001322087469088
 -0.00008450000000000   0.50001317489127711
 -0.00008425000000000   0.50001312917569751
 -0.00008400000000000   0.50001308372562838
 -0.00008375000000000   0.50001303853873118
 -0.00008350000000000   0.50001299361265314
 -0.00008325000000000   0.50001294894502800
 -0.00008300000000000   0.50001292081068536
 -0.00008275000000000   0.50001287663537082
 -0.00008250000000000   0.50001283271069508
 -0.00008225000000000   0.50001278903425125
 -0.00008200000000000   0.50001274560362215
 -0.00008175000000000   0.50001270241638094
 -0.00008150000000000   0.50001264330704875
 -0.00008125000000000   0.50001260062046405
 -0.00008100000000000   0.50001255817053754
 -0.00008075000000000   0.50001251595480331
 -0.00008050000000000   0.50001247397078860
 -0.00008025000000000   0.50001243221601438
 -0.00008000000000000   0.50001239068799578
 -0.00007975000000000   0.50001234938424266
 -0.00007950000000000   0.50001230830226002
 -0.00007925000000000   0.50001226743954848
 -0.00007900000000000   0.50001221084650242
 -0.00007875000000000   0.50001217044182586
 -0.00007850000000000   0.50001213024944398
 -0.00007825000000000   0.50001209026683866
 -0.00007800000000000   0.50001205049148953
 -0.00007775000000000   0.50001199509204117
 -0.00007750000000000   0.50001195575335456
 -0.00007725000000000   0.50001191661486957
 -0.00007700000000000   0.50001187767405546
 -0.00007675000000000   0.50001182319958977
 -0.00007650000000000   0.50001178467832257
 -0.00007625000000000   0.50001174634762814
 -0.00007600000000000   0.50001170820497137
 -0.00007575000000000   0.50001165462749666
 -0.00007550000000000   0.50001161688710772
 -0.00007525000000000   0.50001157932763255
 -0.00007500000000000   0.50001152640752764
 -0.00007475000000000   0.50001148923752758
 -0.00007450000000000   0.50001145224130498
 -0.00007425000000000   0.50001139996313187
 -0.00007400000000000   0.50001136334352990
 -0.00007375000000000   0.50001132689056509
 -0.00007350000000000   0.50001127523869244
 -0.00007325000000000   0.50001123914944960
 -0.00007300000000000   0.50001118791217504
 -0.00007275000000000   0.50001115217833906
 -0.00007250000000000   0.50001111659939237
 -0.00007225000000000   0.50001106596250800
 -0.00007200000000000   0.50001103072602205
 -0.00007175000000000   0.50001098048715838
 -0.00007150000000000   0.50001094558478477
 -0.00007125000000000   0.50001089573742912
 -0.00007100000000000   0.50001086116081002
 -0.00007075000000000   0.50001081169840530
 -0.00007050000000000   0.50001077743917746
 -0.00007025000000000   0.50001072835512675
 -0.00007000000000000   0.50001069440492542
 -0.00006975000000000   0.50001064569259638
 -0.00006950000000000   0.50001061204305897
 -0.00006925000000000   0.50001056369578803
 -0.00006900000000000   0.50001051554111552
 -0.00006875000000000   0.50001048234965399
 -0.00006850000000000   0.50001043455043284
 -0.00006825000000000   0.50001040163913213
 -0.00006800000000000   0.50001035418862927
 -0.00006775000000000   0.50001032154915269
 -0.00006750000000000   0.50001027444061719
 -0.00006725000000000   0.50001022751462421
 -0.00006700000000000   0.50001019529131124
 -0.00006675000000000   0.50001014869754212
 -0.00006650000000000   0.50001010228206559
 -0.00006625000000000   0.50001007045729990
 -0.00006600000000000   0.50001002436425770
 -0.00006575000000000   0.50000997844521951
 -0.00006550000000000   0.50000994700141430
 -0.00006525000000000   0.50000990139498583
 -0.00006500000000000   0.50000985595823983
 -0.00006475000000000   0.50000982487785145
 -0.00006450000000000   0.50000977974386568
 -0.00006425000000000   0.50000973477521329
 -0.00006400000000000   0.50000968997057397
 -0.00006375000000000   0.50000965936499689
 -0.00006350000000000   0.50000961485020158
 -0.00006325000000000   0.50000957049503740
 -0.00006300000000000   0.50000952629816941
 -0.00006275000000000   0.50000949613728050
 -0.00006250000000000   0.50000945221731429
 -0.00006225000000000   0.50000940845123791
 -0.00006200000000000   0.50000936483770464
 -0.00006175000000000   0.50000933509152367
 -0.00006150000000000   0.50000929174194377
 -0.00006125000000000   0.50000924854048386
 -0.00006100000000000   0.50000920548578805
 -0.00006075000000000   0.50000916257649765
 -0.00006050000000000   0.50000911981125132
 -0.00006025000000000   0.50000909065948363
 -0.00006000000000000   0.50000904813910455
 -0.00005975000000000   0.50000900575832916
 -0.00005950000000000   0.50000896351579052
 -0.00005925000000000   0.50000892141011974
 -0.00005900000000000   0.50000887943994616
 -0.00005875000000000   0.50000883760389749
 -0.00005850000000000   0.50000880907342217
 -0.00005825000000000   0.50000876746012544
 -0.00005800000000000   0.50000872597650945
 -0.00005775000000000   0.50000868462119989
 -0.00005750000000000   0.50000864339282146
 -0.00005725000000000   0.50000860228999794
 -0.00005700000000000   0.50000856131135235
 -0.00005675000000000   0.50000852045550701
 -0.00005650000000000   0.50000847972108374
 -0.00005625000000000   0.50000843910670389
 -0.00005600000000000   0.50000839861098850
 -0.00005575000000000   0.50000835823255837
 -0.00005550000000000   0.50000831797003421
 -0.00005525000000000   0.50000827782203669
 -0.00005500000000000   0.50000823778718660
 -0.00005475000000000   0.50000819786410489
 -0.00005450000000000   0.50000815805141280
 -0.00005425000000000   0.50000811834773195
 -0.00005400000000000   0.50000807875168444
 -0.00005375000000000   0.50000803926189290
 -0.00005350000000000   0.50000799987698064
 -0.00005325000000000   0.50000796059557168
 -0.00005300000000000   0.50000792141629089
 -0.00005275000000000   0.50000788233776399
 -0.00005250000000000   0.50000784335861775
 -0.00005225000000000   0.50000780447747994
 -0.00005200000000000   0.50000776569297952
 -0.00005175000000000   0.50000772700374663
 -0.00005150000000000   0.50000768840841272
 -0.00005125000000000   0.50000764990561061
 -0.00005100000000000   0.50000761149397453
 -0.00005075000000000   0.50000757317214025
 -0.00005050000000000   0.50000753493874508
 -0.00005025000000000   0.50000749679242798
 -0.00005000000000000   0.50000744712611824
 -0.00004975000000000   0.50000740920039807
 -0.00004950000000000   0.50000737135790341
 -0.00004925000000000   0.50000733359727786
 -0.00004900000000000   0.50000729591716700
 -0.00004875000000000   0.50000725831621841
 -0.00004850000000000   0.50000722079308179
 -0.00004825000000000   0.50000718334640896
 -0.00004800000000000   0.50000713476525313
 -0.00004775000000000   0.50000709751974576
 -0.00004750000000000   0.50000706034687086
 -0.00004725000000000   0.50000702324528692
 -0.00004700000000000   0.50000698621365487
 -0.00004675000000000   0.50000694925063808
 -0.00004650000000000   0.50000690144828483
 -0.00004625000000000   0.50000686467200111
 -0.00004600000000000   0.50000682796052334
 -0.00004575000000000   0.50000679131252290
 -0.00004550000000000   0.50000675472667391
 -0.00004525000000000   0.50000670755113498
 -0.00004500000000000   0.50000667114009271
 -0.00004475000000000   0.50000663478741437
 -0.00004450000000000   0.50000659849178305
 -0.00004425000000000   0.50000655180733619
 -0.00004400000000000   0.50000651567707556
 -0.00004375000000000   0.50000647960009328
 -0.00004350000000000   0.50000644357508218
 -0.00004325000000000   0.50000639736537872
 -0.00004300000000000   0.50000636149632462
 -0.00004275000000000   0.50000632567549421
 -0.00004250000000000   0.50000628990159075
 -0.00004225000000000   0.50000624415022047
 -0.00004200000000000   0.50000620852288935
 -0.00004175000000000   0.50000617293876102
 -0.00004150000000000   0.50000613739654979
 -0.00004125000000000   0.50000609208705652
 -0.00004100000000000   0.50000605668206821
 -0.00004075000000000   0.50000602131529819
 -0.00004050000000000   0.50000597633781785
 -0.00004025000000000   0.50000594110136845
 -0.00004000000000000   0.50000590589945714
 -0.00003975000000000   0.50000586124504069
 -0.00003950000000000   0.50000582616656660
 -0.00003925000000000   0.50000579111897009
 -0.00003900000000000   0.50000574677864903
 -0.00003875000000000   0.50000571184762752
 -0.00003850000000000   0.50000567694384369
 -0.00003825000000000   0.50000563290863426
 -0.00003800000000000   0.50000559811458663
 -0.00003775000000000   0.50000556334415830
 -0.00003750000000000   0.50000551960506546
 -0.00003725000000000   0.50000548493755995
 -0.00003700000000000   0.50000544140711754
 -0.00003675000000000   0.50000540683809897
 -0.00003650000000000   0.50000537228675365
 -0.00003625000000000   0.50000532903761669
 -0.00003600000000000   0.50000529457798762
 -0.00003575000000000   0.50000525152795316
 -0.00003550000000000   0.50000521715562799
 -0.00003525000000000   0.50000518279508946
 -0.00003500000000000   0.50000514001152367
 -0.00003475000000000   0.50000510573156620
 -0.00003450000000000   0.50000506313752557
 -0.00003425000000000   0.50000502893376376
 -0.00003400000000000   0.50000498652548784
 -0.00003375000000000   0.50000495239354644
 -0.00003350000000000   0.50000491826527309
 -0.00003325000000000   0.50000487610278354
 -0.00003300000000000   0.50000484203968032
 -0.00003275000000000   0.50000480005335052
 -0.00003250000000000   0.50000476605107352
 -0.00003225000000000   0.50000472423713013
 -0.00003200000000000   0.50000469029134729
 -0.00003175000000000   0.50000464864601350
 -0.00003150000000000   0.50000461475240509
 -0.00003125000000000   0.50000457327190124
 -0.00003100000000000   0.50000453942616025
 -0.00003075000000000   0.50000449810670442
 -0.00003050000000000   0.50000446430453704
 -0.00003025000000000   0.50000442314234557
 -0.00003000000000000   0.50000438937947158
 -0.00002975000000000   0.50000434837075968
 -0.00002950000000000   0.50000431464291287
 -0.00002925000000000   0.50000427378389508
 -0.00002900000000000   0.50000424008682364
 -0.00002875000000000   0.50000419937371439
 -0.00002850000000000   0.50000416570318129
 -0.00002825000000000   0.50000412513219537
 -0.00002800000000000   0.50000408465834891
 -0.00002775000000000   0.50000405105133179
 -0.00002750000000000   0.50000401071407261
 -0.00002725000000000   0.50000397712313426
 -0.00002700000000000   0.50000393691867650
 -0.00002675000000000   0.50000390333963102
 -0.00002650000000000   0.50000386326419083
 -0.00002625000000000   0.50000382969286872
 -0.00002600000000000   0.50000378974266475
 -0.00002575000000000   0.50000374988178099
 -0.00002550000000000   0.50000371634616697
 -0.00002525000000000   0.50000367660497662
 -0.00002500000000000   0.50000364306678657
 -0.00002475000000000   0.50000360344151271
 -0.00002450000000000   0.50000356390122447
 -0.00002425000000000   0.50000353038350330
 -0.00002400000000000   0.50000349095358854
 -0.00002375000000000   0.50000345160608048
 -0.00002350000000000   0.50000341809977340
 -0.00002325000000000   0.50000337885709550
 -0.00002300000000000   0.50000334533194291
 -0.00002275000000000   0.50000330619032933
 -0.00002250000000000   0.50000326712675936
 -0.00002225000000000   0.50000323359797509
 -0.00002200000000000   0.50000319462993212
 -0.00002175000000000   0.50000315573733658
 -0.00002150000000000   0.50000312219597976
 -0.00002125000000000   0.50000308339337718
 -0.00002100000000000   0.50000304466362009
 -0.00002075000000000   0.50000301110079361
 -0.00002050000000000   0.50000297245549999
 -0.00002025000000000   0.50000293388044482
 -0.00002000000000000   0.50000290028729686
 -0.00001975000000000   0.50000286179118145
 -0.00001950000000000   0.50000282336269308
 -0.00001925000000000   0.50000278973041856
 -0.00001900000000000   0.50000275137535318
 -0.00001875000000000   0.50000271308529968
 -0.00001850000000000   0.50000267485942433
 -0.00001825000000000   0.50000264118300254
 -0.00001800000000000   0.50000260302325697
 -0.00001775000000000   0.50000256492506870
 -0.00001750000000000   0.50000253118917757
 -0.00001725000000000   0.50000249315161968
 -0.00001700000000000   0.50000245517299596
 -0.00001675000000000   0.50000241725246644
 -0.00001650000000000   0.50000238344550962
 -0.00001625000000000   0.50000234557833687
 -0.00001600000000000   0.50000230776663139
 -0.00001575000000000   0.50000227000954991
 -0.00001550000000000   0.50000223611629542
 -0.00001525000000000   0.50000219840531000
 -0.00001500000000000   0.50000216074631890
 -0.00001475000000000   0.50000212313847592
 -0.00001450000000000   0.50000208914379660
 -0.00001425000000000   0.50000205157480431
 -0.00001400000000000   0.50000201405432869
 -0.00001375000000000   0.50000197658152095
 -0.00001350000000000   0.50000193915553128
 -0.00001325000000000   0.50000190502921394
 -0.00001300000000000   0.50000186763306487
 -0.00001275000000000   0.50000183028110037
 -0.00001250000000000   0.50000179297246848
 -0.00001225000000000   0.50000175570631634
 -0.00001200000000000   0.50000172142508424
 -0.00001175000000000   0.50000168417978702
 -0.00001150000000000   0.50000164697433543
 -0.00001125000000000   0.50000160980787485
 -0.00001100000000000   0.50000157267954984
 -0.00001075000000000   0.50000153558850421
 -0.00001050000000000   0.50000150110390241
 -0.00001025000000000   0.50000146402297773
 -0.00001000000000000   0.50000142697669848
 -0.00000975000000000   0.50000138996420716
 -0.00000950000000000   0.50000135298464558
 -0.00000925000000000   0.50000131603715492
 -0.00000900000000000   0.50000127912087572
 -0.00000875000000000   0.50000124436819818
 -0.00000850000000000   0.50000120744957514
 -0.00000825000000000   0.50000117055953145
 -0.00000800000000000   0.50000113369720684
 -0.00000775000000000   0.50000109686174051
 -0.00000750000000000   0.50000106005227112
 -0.00000725000000000   0.50000102326793684
 -0.00000700000000000   0.50000098650787534
 -0.00000675000000000   0.50000095140377271
 -0.00000650000000000   0.50000091462719824
 -0.00000625000000000   0.50000087787226900
 -0.00000600000000000   0.50000084113812242
 -0.00000575000000000   0.50000080442389555
 -0.00000550000000000   0.50000076772872502
 -0.00000525000000000   0.50000073105174712
 -0.00000500000000000   0.50000069439209779
 -0.00000475000000000   0.50000065774891262
 -0.00000450000000000   0.50000062112132690
 -0.00000425000000000   0.50000058450847563
 -0.00000400000000000   0.50000054790949351
 -0.00000375000000000   0.50000051132351499
 -0.00000350000000000   0.50000047556665457
 -0.00000325000000000   0.50000043894131632
 -0.00000300000000000   0.50000040232636550
 -0.00000275000000000   0.50000036572093719
 -0.00000250000000000   0.50000032912416629
 -0.00000225000000000   0.50000029253518751
 -0.00000200000000000   0.50000025595313543
 -0.00000175000000000   0.50000021937714452
 -0.00000150000000000   0.50000018280634909
 -0.00000125000000000   0.50000014623988338
 -0.00000100000000000   0.50000010967688156
 -0.00000075000000000   0.50000007311647770
 -0.00000050000000000   0.50000003655780584
 -0.00000025000000000   0.50000000000000000
  0.00000000000000000   0.49999996344219415
  0.00000025000000000   0.49999992688352229
  0.00000050000000000   0.49999989032311843
  0.00000075000000000   0.49999985376011661
  0.00000100000000000   0.49999981719365090
  0.00000125000000000   0.49999978062285548
  0.00000150000000000   0.49999974404686456
  0.00000175000000000   0.49999970746481249
  0.00000200000000000   0.49999967087583371
  0.00000225000000000   0.49999963427906280
  0.00000250000000000   0.49999959767363449
  0.00000275000000000   0.49999956105868367
  0.00000300000000000   0.49999952443334542
  0.00000325000000000   0.49999948867648500
  0.00000350000000000   0.49999945209050648
  0.00000375000000000   0.49999941549152436
  0.00000400000000000   0.49999937887867309
  0.00000425000000000   0.49999934225108737
  0.00000450000000000   0.49999930560790220
  0.00000475000000000   0.49999926894825287
  0.00000500000000000   0.49999923227127497
  0.00000525000000000   0.49999919557610445
  0.00000550000000000   0.49999915886187757
  0.00000575000000000   0.49999912212773100
  0.00000600000000000   0.49999908537280176
  0.00000625000000000   0.49999904859622728
  0.00000650000000000   0.49999901349212465
  0.00000675000000000   0.49999897673206315
  0.00000700000000000   0.49999893994772887
  0.00000725000000000   0.49999890313825948
  0.00000750000000000   0.49999886630279315
  0.00000775000000000   0.49999882944046854
  0.00000800000000000   0.49999879255042485
  0.00000825000000000   0.49999875563180181
  0.00000850000000000   0.49999872087912427
  0.00000875000000000   0.49999868396284507
  0.00000900000000000   0.49999864701535441
  0.00000925000000000   0.49999861003579284
  0.00000950000000000   0.49999857302330151
  0.00000975000000000   0.49999853597702226
  0.00001000000000000   0.49999849889609759
  0.00001025000000000   0.49999846441149578
  0.00001050000000000   0.49999842732045015
  0.00001075000000000   0.49999839019212515
  0.00001100000000000   0.49999835302566456
  0.00001125000000000   0.49999831582021297
  0.00001150000000000   0.49999827857491575
  0.00001175000000000   0.49999824429368365
  0.00001200000000000   0.49999820702753151
  0.00001225000000000   0.49999816971889962
  0.00001250000000000   0.49999813236693513
  0.00001275000000000   0.49999809497078605
  0.00001300000000000   0.49999806084446871
  0.00001325000000000   0.49999802341847904
  0.00001350000000000   0.49999798594567130
  0.00001375000000000   0.49999794842519568
  0.00001400000000000   0.49999791085620339
  0.00001425000000000   0.49999787686152408
  0.00001450000000000   0.49999783925368109
  0.00001475000000000   0.49999780159468999
  0.00001500000000000   0.49999776388370457
  0.00001525000000000   0.49999772999045008
  0.00001550000000000   0.49999769223336860
  0.00001575000000000   0.49999765442166313
  0.00001600000000000   0.49999761655449038
  0.00001625000000000   0.49999758274753355
  0.00001650000000000   0.49999754482700403
  0.00001675000000000   0.49999750684838031
  0.00001700000000000   0.49999746881082242
  0.00001725000000000   0.49999743507493129
  0.00001750000000000   0.49999739697674302
  0.00001775000000000   0.49999735881699745
  0.00001800000000000   0.49999732514057566
  0.00001825000000000   0.49999728691470031
  0.00001850000000000   0.49999724862464681
  0.00001875000000000   0.49999721026958143
  0.00001900000000000   0.49999717663730691
  0.00001925000000000   0.49999713820881854
  0.00001950000000000   0.49999709971270313
  0.00001975000000000   0.49999706611955517
  0.00002000000000000   0.49999702754450001
  0.00002025000000000   0.49999698889920638
  0.00002050000000000   0.49999695533637990
  0.00002075000000000   0.49999691660662281
  0.00002100000000000   0.49999687780402024
  0.00002125000000000   0.49999684426266341
  0.00002150000000000   0.49999680537006788
  0.00002175000000000   0.49999676640202491
  0.00002200000000000   0.49999673287324064
  0.00002225000000000   0.49999669380967066
  0.00002250000000000   0.49999665466805708
  0.00002275000000000   0.49999662114290449
  0.00002300000000000   0.49999658190022659
  0.00002325000000000   0.49999654839391951
  0.00002350000000000   0.49999650904641145
  0.00002375000000000   0.49999646961649669
  0.00002400000000000   0.49999643609877552
  0.00002425000000000   0.49999639655848728
  0.00002450000000000   0.49999635693321343
  0.00002475000000000   0.49999632339502337
  0.00002500000000000   0.49999628365383302
  0.00002525000000000   0.49999625011821901
  0.00002550000000000   0.49999621025733525
  0.00002575000000000   0.49999617030713127
  0.00002600000000000   0.49999613673580916
  0.00002625000000000   0.49999609666036898
  0.00002650000000000   0.49999606308132350
  0.00002675000000000   0.49999602287686573
  0.00002700000000000   0.49999598928592738
  0.00002725000000000   0.49999594894866820
  0.00002750000000000   0.49999591534165108
  0.00002775000000000   0.49999587486780462
  0.00002800000000000   0.49999583429681870
  0.00002825000000000   0.49999580062628560
  0.00002850000000000   0.49999575991317635
  0.00002875000000000   0.49999572621610491
  0.00002900000000000   0.49999568535708712
  0.00002925000000000   0.49999565162924031
  0.00002950000000000   0.49999561062052841
  0.00002975000000000   0.49999557685765442
  0.00003000000000000   0.49999553569546296
  0.00003025000000000   0.49999550189329557
  0.00003050000000000   0.49999546057383974
  0.00003075000000000   0.49999542672809875
  0.00003100000000000   0.49999538524759490
  0.00003125000000000   0.49999535135398649
  0.00003150000000000   0.49999530970865270
  0.00003175000000000   0.49999527576286987
  0.00003200000000000   0.49999523394892647
  0.00003225000000000   0.49999519994664947
  0.00003250000000000   0.49999515796031968
  0.00003275000000000   0.49999512389721645
  0.00003300000000000   0.49999508173472690
  0.00003325000000000   0.49999504760645355
  0.00003350000000000   0.49999501347451215
  0.00003375000000000   0.49999497106623624
  0.00003400000000000   0.49999493686247442
  0.00003425000000000   0.49999489426843380
  0.00003450000000000   0.49999485998847632
  0.00003475000000000   0.49999481720491053
  0.00003500000000000   0.49999478284437200
  0.00003525000000000   0.49999474847204683
  0.00003550000000000   0.49999470542201237
  0.00003575000000000   0.49999467096238330
  0.00003600000000000   0.49999462771324634
  0.00003625000000000   0.49999459316190103
  0.00003650000000000   0.49999455859288245
  0.00003675000000000   0.49999451506244005
  0.00003700000000000   0.49999448039493453
  0.00003725000000000   0.49999443665584169
  0.00003750000000000   0.49999440188541337
  0.00003775000000000   0.49999436709136573
  0.00003800000000000   0.49999432305615630
  0.00003825000000000   0.49999428815237247
  0.00003850000000000   0.49999425322135097
  0.00003875000000000   0.49999420888102990
  0.00003900000000000   0.49999417383343339
  0.00003925000000000   0.49999413875495930
  0.00003950000000000   0.49999409410054285
  0.00003975000000000   0.49999405889863155
  0.00004000000000000   0.49999402366218214
  0.00004025000000000   0.49999397868470181
  0.00004050000000000   0.49999394331793178
  0.00004075000000000   0.49999390791294347
  0.00004100000000000   0.49999386260345020
  0.00004125000000000   0.49999382706123897
  0.00004150000000000   0.49999379147711065
  0.00004175000000000   0.49999375584977952
  0.00004200000000000   0.49999371009840924
  0.00004225000000000   0.49999367432450578
  0.00004250000000000   0.49999363850367538
  0.00004275000000000   0.49999360263462127
  0.00004300000000000   0.49999355642491781
  0.00004325000000000   0.49999352039990671
  0.00004350000000000   0.49999348432292443
  0.00004375000000000   0.49999344819266380
  0.00004400000000000   0.49999340150821694
  0.00004425000000000   0.49999336521258562
  0.00004450000000000   0.49999332885990727
  0.00004475000000000   0.49999329244886501
  0.00004500000000000   0.49999324527332608
  0.00004525000000000   0.49999320868747709
  0.00004550000000000   0.49999317203947665
  0.00004575000000000   0.49999313532799888
  0.00004600000000000   0.49999309855171516
  0.00004625000000000   0.49999305074936191
  0.00004650000000000   0.49999301378634512
  0.00004675000000000   0.49999297675471307
  0.00004700000000000   0.49999293965312913
  0.00004725000000000   0.49999290248025423
  0.00004750000000000   0.49999286523474686
  0.00004775000000000   0.49999281665359103
  0.00004800000000000   0.49999277920691820
  0.00004825000000000   0.49999274168378158
  0.00004850000000000   0.49999270408283299
  0.00004875000000000   0.49999266640272213
  0.00004900000000000   0.49999262864209658
  0.00004925000000000   0.49999259079960192
  0.00004950000000000   0.49999255287388175
  0.00004975000000000   0.49999250320757201
  0.00005000000000000   0.49999246506125491
  0.00005025000000000   0.49999242682785974
  0.00005050000000000   0.49999238850602546
  0.00005075000000000   0.49999235009438938
  0.00005100000000000   0.49999231159158727
  0.00005125000000000   0.49999227299625336
  0.00005150000000000   0.49999223430702047
  0.00005175000000000   0.49999219552252005
  0.00005200000000000   0.49999215664138224
  0.00005225000000000   0.49999211766223599
  0.00005250000000000   0.49999207858370910
  0.00005275000000000   0.49999203940442830
  0.00005300000000000   0.49999200012301935
  0.00005325000000000   0.49999196073810709
  0.00005350000000000   0.49999192124831555
  0.00005375000000000   0.49999188165226804
  0.00005400000000000   0.49999184194858719
  0.00005425000000000   0.49999180213589510
  0.00005450000000000   0.49999176221281339
  0.00005475000000000   0.49999172217796330
  0.00005500000000000   0.49999168202996579
  0.00005525000000000   0.49999164176744162
  0.00005550000000000   0.49999160138901149
  0.00005575000000000   0.49999156089329610
  0.00005600000000000   0.49999152027891625
  0.00005625000000000   0.49999147954449298
  0.00005650000000000   0.49999143868864765
  0.00005675000000000   0.49999139771000205
  0.00005700000000000   0.49999135660717853
  0.00005725000000000   0.49999131537880010
  0.00005750000000000   0.49999127402349055
  0.00005775000000000   0.49999123253987455
  0.00005800000000000   0.49999119092657782
  0.00005825000000000   0.49999116239610250
  0.00005850000000000   0.49999112056005383
  0.00005875000000000   0.49999107858988025
  0.00005900000000000   0.49999103648420947
  0.00005925000000000   0.49999099424167083
  0.00005950000000000   0.49999095186089544
  0.00005975000000000   0.49999090934051636
  0.00006000000000000   0.49999088018874867
  0.00006025000000000   0.49999083742350234
  0.00006050000000000   0.49999079451421194
  0.00006075000000000   0.49999075145951613
  0.00006100000000000   0.49999070825805621
  0.00006125000000000   0.49999066490847632
  0.00006150000000000   0.49999063516229535
  0.00006175000000000   0.49999059154876208
  0.00006200000000000   0.49999054778268570
  0.00006225000000000   0.49999050386271949
  0.00006250000000000   0.49999047370183058
  0.00006275000000000   0.49999042950496259
  0.00006300000000000   0.49999038514979841
  0.00006325000000000   0.49999034063500310
  0.00006350000000000   0.49999031002942602
  0.00006375000000000   0.49999026522478670
  0.00006400000000000   0.49999022025613431
  0.00006425000000000   0.49999017512214854
  0.00006450000000000   0.49999014404176016
  0.00006475000000000   0.49999009860501416
  0.00006500000000000   0.49999005299858569
  0.00006525000000000   0.49999002155478048
  0.00006550000000000   0.49998997563574229
  0.00006575000000000   0.49998992954270009
  0.00006600000000000   0.49998989771793441
  0.00006625000000000   0.49998985130245787
  0.00006650000000000   0.49998980470868875
  0.00006675000000000   0.49998977248537578
  0.00006700000000000   0.49998972555938280
  0.00006725000000000   0.49998967845084730
  0.00006750000000000   0.49998964581137071
  0.00006775000000000   0.49998959836086786
  0.00006800000000000   0.49998956544956714
  0.00006825000000000   0.49998951765034600
  0.00006850000000000   0.49998948445888447
  0.00006875000000000   0.49998943630421196
  0.00006900000000000   0.49998938795694102
  0.00006925000000000   0.49998935430740361
  0.00006950000000000   0.49998930559507457
  0.00006975000000000   0.49998927164487324
  0.00007000000000000   0.49998922256082253
  0.00007025000000000   0.49998918830159469
  0.00007050000000000   0.49998913883918997
  0.00007075000000000   0.49998910426257087
  0.00007100000000000   0.49998905441521522
  0.00007125000000000   0.49998901951284161
  0.00007150000000000   0.49998896927397794
  0.00007175000000000   0.49998893403749199
  0.00007200000000000   0.49998888340060762
  0.00007225000000000   0.49998884782166093
  0.00007250000000000   0.49998881208782494
  0.00007275000000000   0.49998876085055039
  0.00007300000000000   0.49998872476130755
  0.00007325000000000   0.49998867310943490
  0.00007350000000000   0.49998863665647009
  0.00007375000000000   0.49998860003686812
  0.00007400000000000   0.49998854775869501
  0.00007425000000000   0.49998851076247240
  0.00007450000000000   0.49998847359247235
  0.00007475000000000   0.49998842067236744
  0.00007500000000000   0.49998838311289227
  0.00007525000000000   0.49998834537250332
  0.00007550000000000   0.49998829179502862
  0.00007575000000000   0.49998825365237185
  0.00007600000000000   0.49998821532167742
  0.00007625000000000   0.49998817680041022
  0.00007650000000000   0.49998812232594452
  0.00007675000000000   0.49998808338513043
  0.00007700000000000   0.49998804424664543
  0.00007725000000000   0.49998800490795882
  0.00007750000000000   0.49998794950851046
  0.00007775000000000   0.49998790973316133
  0.00007800000000000   0.49998786975055601
  0.00007825000000000   0.49998782955817413
  0.00007850000000000   0.49998778915349757
  0.00007875000000000   0.49998773256045151
  0.00007900000000000   0.49998769169773997
  0.00007925000000000   0.49998765061575732
  0.00007950000000000   0.49998760931200421
  0.00007975000000000   0.49998756778398561
  0.00008000000000000   0.49998752602921138
  0.00008025000000000   0.49998748404519668
  0.00008050000000000   0.49998744182946245
  0.00008075000000000   0.49998739937953594
  0.00008100000000000   0.49998735669295124
  0.00008125000000000   0.49998729758361905
  0.00008150000000000   0.49998725439637784
  0.00008175000000000   0.49998721096574874
  0.00008200000000000   0.49998716728930491
  0.00008225000000000   0.49998712336462917
  0.00008250000000000   0.49998707918931462
  0.00008275000000000   0.49998705105497199
  0.00008300000000000   0.49998700638734685
  0.00008325000000000   0.49998696146126880
  0.00008350000000000   0.49998691627437161
  0.00008375000000000   0.49998687082430248
  0.00008400000000000   0.49998682510872287
  0.00008425000000000   0.49998677912530911
  0.00008450000000000   0.49998673287175321
  0.00008475000000000   0.49998668634576361
  0.00008500000000000   0.49998665598379262
  0.00008525000000000   0.49998660891612773
  0.00008550000000000   0.49998656156853638
  0.00008575000000000   0.49998651393879346
  0.00008600000000000   0.49998646602469434
  0.00008625000000000   0.49998643432949992
  0.00008650000000000   0.49998638584651632
  0.00008675000000000   0.49998633707193273
  0.00008700000000000   0.49998628800362811
  0.00008725000000000   0.49998625519000592
  0.00008750000000000   0.49998620553131380
  0.00008775000000000   0.49998615557189923
  0.00008800000000000   0.49998612189216949
  0.00008825000000000   0.49998607132624104
  0.00008850000000000   0.49998602045279535
  0.00008875000000000   0.49998598587726896
  0.00008900000000000   0.49998593438155198
  0.00008925000000000   0.49998589919996500
  0.00008950000000000   0.49998584707115942
  0.00008975000000000   0.49998579462376356
  0.00009000000000000   0.49998575849706223
  0.00009025000000000   0.49998570540154866
  0.00009050000000000   0.49998566863503554
  0.00009075000000000   0.49998561488110256
  0.00009100000000000   0.49998557746122268
  0.00009125000000000   0.49998553971751930
  0.00009150000000000   0.49998548495217502
  0.00009175000000000   0.49998544653424686
  0.00009200000000000   0.49998539108489427
  0.00009225000000000   0.49998535197964187
  0.00009250000000000   0.49998531253160088
  0.00009275000000000   0.49998525603142885
  0.00009300000000000   0.49998521587594421
  0.00009325000000000   0.49998517536638839
  0.00009350000000000   0.49998513449874733
  0.00009375000000000   0.49998507655588451
  0.00009400000000000   0.49998503495419462
  0.00009425000000000   0.49998499298346462
  0.00009450000000000   0.49998495063978941
  0.00009475000000000   0.49998489121347755
  0.00009500000000000   0.49998484811025951
  0.00009525000000000   0.49998480462354956
  0.00009550000000000   0.49998476074957944
  0.00009575000000000   0.49998471648461728
  0.00009600000000000   0.49998467182496951
  0.00009625000000000   0.49998462676698296
  0.00009650000000000   0.49998458130704694
  0.00009675000000000   0.49998453544159544
  0.00009700000000000   0.49998448916710939
  0.00009725000000000   0.49998444248011893
  0.00009750000000000   0.49998439537720587
  0.00009775000000000   0.49998434785500616
  0.00009800000000000   0.49998429991021240
  0.00009825000000000   0.49998425153957650
  0.00009850000000000   0.49998421936782531
  0.00009875000000000   0.49998417012208272
  0.00009900000000000   0.49998412043997855
  0.00009925000000000   0.49998407031851775
  0.00009950000000000   0.49998403634574399
  0.00009975000000000   0.49998398531826768
  0.00010000000000000   0.49998393384169565
  0.00010025000000000   0.49998389847062605
  0.00010050000000000   0.49998384606561170
  0.00010075000000000   0.49998379320243723
  0.00010100000000000   0.49998375639128307
  0.00010125000000000   0.49998370257856370
  0.00010150000000000   0.49998366478454945
  0.00010175000000000   0.49998361000819170
  0.00010200000000000   0.49998357121244830
  0.00010225000000000   0.49998351545905835
  0.00010250000000000   0.49998347564333709
  0.00010275000000000   0.49998343530699840
  0.00010300000000000   0.49998337804702401
  0.00010325000000000   0.49998333666328076
  0.00010350000000000   0.49998329474357009
  0.00010375000000000   0.49998323594732856
  0.00010400000000000   0.49998319295448096
  0.00010425000000000   0.49998314941115913
  0.00010450000000000   0.49998310531225532
  0.00010475000000000   0.49998306065276534
  0.00010500000000000   0.49998301542779390
  0.00010525000000000   0.49998296963256030
  0.00010550000000000   0.49998292326240425
  0.00010575000000000   0.49998287631279191
  0.00010600000000000   0.49998282877932219
  0.00010625000000000   0.49998278065773326
  0.00010650000000000   0.49998273194390927
  0.00010675000000000   0.49998268263388741
  0.00010700000000000   0.49998263272386512
  0.00010725000000000   0.49998259820029160
  0.00010750000000000   0.49998254704307739
  0.00010775000000000   0.49998249527382534
  0.00010800000000000   0.49998245879085231
  0.00010825000000000   0.49998240574688913
  0.00010850000000000   0.49998236792280383
  0.00010875000000000   0.49998231358643205
  0.00010900000000000   0.49998227439730238
  0.00010925000000000   0.49998221875238798
  0.00010950000000000   0.49998217817576596
  0.00010975000000000   0.49998212120789420
  0.00011000000000000   0.49998207922297469
  0.00011025000000000   0.49998203651147085
  0.00011050000000000   0.49998199306695553
  0.00011075000000000   0.49998194888322554
  0.00011100000000000   0.49998190395431375
  0.00011125000000000   0.49998185827450173
  0.00011150000000000   0.49998181183833294
  0.00011175000000000   0.49998176464062639
  0.00011200000000000   0.49998171667649100
  0.00011225000000000   0.49998166794134044
  0.00011250000000000   0.49998161843090868
  0.00011275000000000   0.49998156814126617
  0.00011300000000000   0.49998153221945948
  0.00011325000000000   0.49998148030599843
  0.00011350000000000   0.49998144266487379
  0.00011375000000000   0.49998138910744677
  0.00011400000000000   0.49998134971929918
  0.00011425000000000   0.49998129450081005
  0.00011450000000000   0.49998125334094162
  0.00011475000000000   0.49998121126496640
  0.00011500000000000   0.49998116826554668
  0.00011525000000000   0.49998110961392566
  0.00011550000000000   0.49998106479884747
  0.00011575000000000   0.49998101904356337
  0.00011600000000000   0.49998098690240605
  0.00011625000000000   0.49998093919179657
  0.00011650000000000   0.49998089052374684
  0.00011675000000000   0.49998084089452109
  0.00011700000000000   0.49998080463222243
  0.00011725000000000   0.49998075300203732
  0.00011750000000000   0.49998071461318046
  0.00011775000000000   0.49998066096401400
  0.00011800000000000   0.49998062042200011
  0.00011825000000000   0.49998057876643632
  0.00011850000000000   0.49998053598987799
  0.00011875000000000   0.49998049208565877
  0.00011900000000000   0.49998044704793712
  0.00011925000000000   0.49998040087174524
  0.00011950000000000   0.49998035355304060
  0.00011975000000000   0.49998031872677073
  0.00012000000000000   0.49998026903529752
  0.00012025000000000   0.49998023169059179
  0.00012050000000000   0.49998017960940459
  0.00012075000000000   0.49998013972015669
  0.00012100000000000   0.49998009851651230
  0.00012125000000000   0.49998005599193298
  0.00012150000000000   0.49998001214117510
  0.00012175000000000   0.49997996696037199
  0.00012200000000000   0.49997993342610531
  0.00012225000000000   0.49997988549045024
  0.00012250000000000   0.49997984903742291
  0.00012275000000000   0.49997979833466302
  0.00012300000000000   0.49997975894145721
  0.00012325000000000   0.49997971803292471
  0.00012350000000000   0.49997968809862066
  0.00012375000000000   0.49997964405748009
  0.00012400000000000   0.49997959849097219
  0.00012425000000000   0.49997956362709136
  0.00012450000000000   0.49997952705561564
  0.00012475000000000   0.49997948877030601
  0.00012500000000000   0.49997944876756567
  0.00012525000000000   0.49997940704663114
  0.00012550000000000   0.49997937538501565
  0.00012575000000000   0.49997933012868230
  0.00012600000000000   0.49997929473798731
  0.00012625000000000   0.49997925743461481
  0.00012650000000000   0.49997921821927079
  0.00012675000000000   0.49997918837328428
  0.00012700000000000   0.49997915641594823
  0.00012725000000000   0.49997912234358087
  0.00012750000000000   0.49997908615733218
  0.00012775000000000   0.49997904786357789
  0.00012800000000000   0.49997901822384187
  0.00012825000000000   0.49997898626935032
  0.00012850000000000   0.49997895200519081
  0.00012875000000000   0.49997892586226586
  0.00012900000000000   0.49997889719877819
  0.00012925000000000   0.49997886602078637
  0.00012950000000000   0.49997883234287721
  0.00012975000000000   0.49997880613185177
  0.00013000000000000   0.49997878704589830
  0.00013025000000000   0.49997875530340860
  0.00013050000000000   0.49997873047360241
  0.00013075000000000   0.49997871220070927
  0.00013100000000000   0.49997869079099471
  0.00013125000000000   0.49997866626667726
  0.00013150000000000   0.49997864773157710
  0.00013175000000000   0.49997862588165185
  0.00013200000000000   0.49997860955390202
  0.00013225000000000   0.49997858972077574
  0.00013250000000000   0.49997857494546534
  0.00013275000000000   0.49997856485501066
  0.00013300000000000   0.49997855907879212
  0.00013325000000000   0.49997854915867621
  0.00013350000000000   0.49997854309897754
  0.00013375000000000   0.49997853275579491
  0.00013400000000000   0.49997853346184621
  0.00013425000000000   0.49997853692936869
  0.00013450000000000   0.49997853550195962
  0.00013475000000000   0.49997854358573008
  0.00013500000000000   0.49997855338636026
  0.00013525000000000   0.49997856458219422
  0.00013550000000000   0.49997858348569041
  0.00013575000000000   0.49997860929171514
  0.00013600000000000   0.49997863494634806
  0.00013625000000000   0.49997866630533015
  0.00013650000000000   0.49997870263985152
  0.00013675000000000   0.49997874895553226
  0.00013700000000000   0.49997879855577704
  0.00013725000000000   0.49997885619386444
  0.00013750000000000   0.49997893097727413
  0.00013775000000000   0.49997901102721517
  0.00013800000000000   0.49997910491070770
  0.00013825000000000   0.49997921527720087
  0.00013850000000000   0.49997934421490185
  0.00013875000000000   0.49997949731312610
  0.00013900000000000   0.49997967900659898
  0.00013925000000000   0.49997989978871908
  0.00013950000000000   0.49998017125915722
  0.00013975000000000   0.49998052054757164
  0.00014000000000000   0.49998098830282906
  0.00014025000000000   0.49998167665171232
  0.00014050000000000   0.49998296945713649
  0.00014075000000000   0.50003663117847648
  0.00014100000000000   0.50004500993445323
  0.00014125000000000   0.50004946919994409
  0.00014150000000000   0.50005273886988291
  0.00014175000000000   0.50005539546635694
  0.00014200000000000   0.50005766835941783
  0.00014225000000000   0.50005967586233574
  0.00014250000000000   0.50006148746793702
  0.00014275000000000   0.50006314891563382
  0.00014300000000000   0.50006469110104523
  0.00014325000000000   0.50006612559683015
  0.00014350000000000   0.50006748593836324
  0.00014375000000000   0.50006876277658247
  0.00014400000000000   0.50006997573749033
  0.00014425000000000   0.50007114079342731
  0.00014450000000000   0.50007225268011317
  0.00014475000000000   0.50007334056556109
  0.00014500000000000   0.50007437618509842
  0.00014525000000000   0.50007536661223791
  0.00014550000000000   0.50007633712239065
  0.00014575000000000   0.50007729346502270
  0.00014600000000000   0.50007820174350086
  0.00014625000000000   0.50007908521124099
  0.00014650000000000   0.50007996719125336
  0.00014675000000000   0.50008081157462829
  0.00014700000000000   0.50008164083689737
  0.00014725000000000   0.50008245756556137
  0.00014750000000000   0.50008324393417163
  0.00014775000000000   0.50008402202812562
  0.00014800000000000   0.50008479378300914
  0.00014825000000000   0.50008554053074782
  0.00014850000000000   0.50008626364241179
  0.00014875000000000   0.50008698495988847
  0.00014900000000000   0.50008770585839980
  0.00014925000000000   0.50008840688012882
  0.00014950000000000   0.50008908899302060
  0.00014975000000000   0.50008977395475695
  0.00015000000000000   0.50009044186387196
  0.00015025000000000   0.50009111447047845
  0.00015050000000000   0.50009175058491375
  0.00015075000000000   0.50009241398206831
  0.00015100000000000   0.50009304217022381
  0.00015125000000000   0.50009367796389965
  0.00015150000000000   0.50009427957399635
  0.00015175000000000   0.50009491121570727
  0.00015200000000000   0.50009550966347147
  0.00015225000000000   0.50009611796729572
  0.00015250000000000   0.50009669387078107
  0.00015275000000000   0.50009728053186711
  0.00015300000000000   0.50009787843398451
  0.00015325000000000   0.50009844503734952
  0.00015350000000000   0.50009902364252181
  0.00015375000000000   0.50009959310205597
