 -0.00011725000000000   0.49990012231590287
 -0.00011700000000000   0.49990043719521105
 -0.00011675000000000   0.49990075278556461
 -0.00011650000000000   0.49990106248737498
 -0.00011625000000000   0.49990137953075276
 -0.00011600000000000   0.49990169071190247
 -0.00011575000000000   0.49990200924312561
 -0.00011550000000000   0.49990232193996110
 -0.00011525000000000   0.49990263541047009
 -0.00011500000000000   0.49990295624475554
 -0.00011475000000000   0.49990327128774273
 -0.00011450000000000   0.49990358713382032
 -0.00011425000000000   0.49990390379317903
 -0.00011400000000000   0.49990422127616655
 -0.00011375000000000   0.49990453959328956
 -0.00011350000000000   0.49990485875521559
 -0.00011325000000000   0.49990517877277493
 -0.00011300000000000   0.49990549965696248
 -0.00011275000000000   0.49990582141893961
 -0.00011250000000000   0.49990614407003583
 -0.00011225000000000   0.49990646762175065
 -0.00011200000000000   0.49990678557586361
 -0.00011175000000000   0.49990711097211538
 -0.00011150000000000   0.49990743730492809
 -0.00011125000000000   0.49990775809756850
 -0.00011100000000000   0.49990808634962332
 -0.00011075000000000   0.49990840910125068
 -0.00011050000000000   0.49990873932459494
 -0.00011025000000000   0.49990906408965838
 -0.00011000000000000   0.49990938988549539
 -0.00010975000000000   0.49990971672679844
 -0.00010950000000000   0.49991005106746643
 -0.00010925000000000   0.49991038003739380
 -0.00010900000000000   0.49991071009795652
 -0.00010875000000000   0.49991104126486464
 -0.00010850000000000   0.49991137355409534
 -0.00010825000000000   0.49991170698189667
 -0.00010800000000000   0.49991203517713327
 -0.00010775000000000   0.49991237094220031
 -0.00010750000000000   0.49991270789678572
 -0.00010725000000000   0.49991303969765265
 -0.00010700000000000   0.49991337909562643
 -0.00010675000000000   0.49991371339498669
 -0.00010650000000000   0.49991405531060958
 -0.00010625000000000   0.49991439218624808
 -0.00010600000000000   0.49991473038437779
 -0.00010575000000000   0.49991506992610152
 -0.00010550000000000   0.49991541083292092
 -0.00010525000000000   0.49991575312674348
 -0.00010500000000000   0.49991609682988947
 -0.00010475000000000   0.49991644196509874
 -0.00010450000000000   0.49991678855553748
 -0.00010425000000000   0.49991713038433158
 -0.00010400000000000   0.49991747997023539
 -0.00010375000000000   0.49991783108425091
 -0.00010350000000000   0.49991817754833060
 -0.00010325000000000   0.49991852561686317
 -0.00010300000000000   0.49991887531810644
 -0.00010275000000000   0.49991922668090308
 -0.00010250000000000   0.49991957973469264
 -0.00010225000000000   0.49991993450952344
 -0.00010200000000000   0.49992029103606441
 -0.00010175000000000   0.49992064934561671
 -0.00010150000000000   0.49992100336199871
 -0.00010125000000000   0.49992136535061643
 -0.00010100000000000   0.49992172314044421
 -0.00010075000000000   0.49992208894514680
 -0.00010050000000000   0.49992245065216268
 -0.00010025000000000   0.49992281438058128
 -0.00010000000000000   0.49992318016976328
 -0.00009975000000000   0.49992354204883256
 -0.00009950000000000   0.49992391209823948
 -0.00009925000000000   0.49992428433302393
 -0.00009900000000000   0.49992465283291059
 -0.00009875000000000   0.49992502363950866
 -0.00009850000000000   0.49992539680151757
 -0.00009825000000000   0.49992577236882173
 -0.00009800000000000   0.49992615039252065
 -0.00009775000000000   0.49992653092495874
 -0.00009750000000000   0.49992690815023163
 -0.00009725000000000   0.49992728802866916
 -0.00009700000000000   0.49992767646017846
 -0.00009675000000000   0.49992806181103405
 -0.00009650000000000   0.49992844419685005
 -0.00009625000000000   0.49992883530993165
 -0.00009600000000000   0.49992922939543300
 -0.00009575000000000   0.49992962077782773
 -0.00009550000000000   0.49993001531591842
 -0.00009525000000000   0.49993041308773033
 -0.00009500000000000   0.49993080848134782
 -0.00009475000000000   0.49993121298708921
 -0.00009450000000000   0.49993161532562518
 -0.00009425000000000   0.49993202128235575
 -0.00009400000000000   0.49993243095333794
 -0.00009375000000000   0.49993284443751007
 -0.00009350000000000   0.49993325627232578
 -0.00009325000000000   0.49993367217762556
 -0.00009300000000000   0.49993409226879777
 -0.00009275000000000   0.49993451116445988
 -0.00009250000000000   0.49993493453810092
 -0.00009225000000000   0.49993536252456022
 -0.00009200000000000   0.49993579526321912
 -0.00009175000000000   0.49993622749165997
 -0.00009150000000000   0.49993666482293073
 -0.00009125000000000   0.49993710742048290
 -0.00009100000000000   0.49993755012371492
 -0.00009075000000000   0.49993799849953796
 -0.00009050000000000   0.49993844746012455
 -0.00009025000000000   0.49993890254571388
 -0.00009000000000000   0.49993936397489310
 -0.00008975000000000   0.49993982677803377
 -0.00008950000000000   0.49994029645739830
 -0.00008925000000000   0.49994076813310291
 -0.00008900000000000   0.49994124728517003
 -0.00008875000000000   0.49994172913122926
 -0.00008850000000000   0.49994221913320570
 -0.00008825000000000   0.49994271261680749
 -0.00008800000000000   0.49994321004689821
 -0.00008775000000000   0.49994371687162804
 -0.00008750000000000   0.49994422860192054
 -0.00008725000000000   0.49994475068478986
 -0.00008700000000000   0.49994527393460024
 -0.00008675000000000   0.49994580872693676
 -0.00008650000000000   0.49994635088714910
 -0.00008625000000000   0.49994690117851767
 -0.00008600000000000   0.49994745574155554
 -0.00008575000000000   0.49994802489672421
 -0.00008550000000000   0.49994860489996786
 -0.00008525000000000   0.49994919227343154
 -0.00008500000000000   0.49994979285779407
 -0.00008475000000000   0.49995040797251513
 -0.00008450000000000   0.49995103466675876
 -0.00008425000000000   0.49995167472936908
 -0.00008400000000000   0.49995233015896294
 -0.00008375000000000   0.49995300320407818
 -0.00008350000000000   0.49995369641027109
 -0.00008325000000000   0.49995440854215352
 -0.00008300000000000   0.49995514312556319
 -0.00008275000000000   0.49995590022894546
 -0.00008250000000000   0.49995668877175585
 -0.00008225000000000   0.49995751053623615
 -0.00008200000000000   0.49995836495058253
 -0.00008175000000000   0.49995926102214665
 -0.00008150000000000   0.49996020984590616
 -0.00008125000000000   0.49996121130929909
 -0.00008100000000000   0.49996228130535038
 -0.00008075000000000   0.49996343919410314
 -0.00008050000000000   0.49996470256958967
 -0.00008025000000000   0.49996610915630906
 -0.00008000000000000   0.49996771188309427
 -0.00007975000000000   0.49996961344677741
 -0.00007950000000000   0.49997203430741802
 -0.00007925000000000   0.49997568174464429
 -0.00007900000000000   0.50000924599277443
 -0.00007875000000000   0.50001069488853535
 -0.00007850000000000   0.50001124966815950
 -0.00007825000000000   0.50001159779260693
 -0.00007800000000000   0.50001184615174968
 -0.00007775000000000   0.50001203604340479
 -0.00007750000000000   0.50001218567982896
 -0.00007725000000000   0.50001230791316761
 -0.00007700000000000   0.50001240779922580
 -0.00007675000000000   0.50001249065814301
 -0.00007650000000000   0.50001256017342204
 -0.00007625000000000   0.50001261925358172
 -0.00007600000000000   0.50001266855974379
 -0.00007575000000000   0.50001270875145422
 -0.00007550000000000   0.50001274338415260
 -0.00007525000000000   0.50001277066181651
 -0.00007500000000000   0.50001279304978118
 -0.00007475000000000   0.50001281178439238
 -0.00007450000000000   0.50001282501200923
 -0.00007425000000000   0.50001283563541486
 -0.00007400000000000   0.50001284177750689
 -0.00007375000000000   0.50001284485713211
 -0.00007350000000000   0.50001284645095763
 -0.00007325000000000   0.50001284461916933
 -0.00007300000000000   0.50001283911794453
 -0.00007275000000000   0.50001283352567813
 -0.00007250000000000   0.50001282391379685
 -0.00007225000000000   0.50001281400375659
 -0.00007200000000000   0.50001280172763433
 -0.00007175000000000   0.50001278899373785
 -0.00007150000000000   0.50001277365073174
 -0.00007125000000000   0.50001275553708464
 -0.00007100000000000   0.50001273882772509
 -0.00007075000000000   0.50001271915853565
 -0.00007050000000000   0.50001269859943279
 -0.00007025000000000   0.50001267708419960
 -0.00007000000000000   0.50001265454490613
 -0.00006975000000000   0.50001263091249953
 -0.00006950000000000   0.50001260611719019
 -0.00006925000000000   0.50001258008866888
 -0.00006900000000000   0.50001255516926856
 -0.00006875000000000   0.50001252893124098
 -0.00006850000000000   0.50001250130437619
 -0.00006825000000000   0.50001247221843929
 -0.00006800000000000   0.50001244160286462
 -0.00006775000000000   0.50001241193260914
 -0.00006750000000000   0.50001238321331512
 -0.00006725000000000   0.50001235026731266
 -0.00006700000000000   0.50001232079936021
 -0.00006675000000000   0.50001228697073889
 -0.00006650000000000   0.50001225396597080
 -0.00006625000000000   0.50001222178801693
 -0.00006600000000000   0.50001218773448678
 -0.00006575000000000   0.50001215446585153
 -0.00006550000000000   0.50001211923868656
 -0.00006525000000000   0.50001208475506684
 -0.00006500000000000   0.50001204823171105
 -0.00006475000000000   0.50001201241157443
 -0.00006450000000000   0.50001197729324735
 -0.00006425000000000   0.50001194003673948
 -0.00006400000000000   0.50001190344171512
 -0.00006375000000000   0.50001186463297563
 -0.00006350000000000   0.50001182933685231
 -0.00006325000000000   0.50001179178785083
 -0.00006300000000000   0.50001175193571261
 -0.00006275000000000   0.50001171266544488
 -0.00006250000000000   0.50001167397532728
 -0.00006225000000000   0.50001163586175662
 -0.00006200000000000   0.50001159534039029
 -0.00006175000000000   0.50001155835319473
 -0.00006150000000000   0.50001151591716158
 -0.00006125000000000   0.50001147700769754
 -0.00006100000000000   0.50001143559450070
 -0.00006075000000000   0.50001139772505507
 -0.00006050000000000   0.50001135731943873
 -0.00006025000000000   0.50001131433968298
 -0.00006000000000000   0.50001127490086075
 -0.00005975000000000   0.50001123285720264
 -0.00005950000000000   0.50001119126985133
 -0.00005925000000000   0.50001115013457866
 -0.00005900000000000   0.50001110633033303
 -0.00005875000000000   0.50001106607696444
 -0.00005850000000000   0.50001102312727348
 -0.00005825000000000   0.50001098059369522
 -0.00005800000000000   0.50001093847198673
 -0.00005775000000000   0.50001089675717076
 -0.00005750000000000   0.50001085227971112
 -0.00005725000000000   0.50001080818484096
 -0.00005700000000000   0.50001076764993022
 -0.00005675000000000   0.50001072431663838
 -0.00005650000000000   0.50001068135342223
 -0.00005625000000000   0.50001063555899556
 -0.00005600000000000   0.50001059331773129
 -0.00005575000000000   0.50001054822473198
 -0.00005550000000000   0.50001050668629099
 -0.00005525000000000   0.50001046227818454
 -0.00005500000000000   0.50001041820312897
 -0.00005475000000000   0.50001037123152815
 -0.00005450000000000   0.50001032780700735
 -0.00005425000000000   0.50001028470217383
 -0.00005400000000000   0.50001023867780793
 -0.00005375000000000   0.50001019619638332
 -0.00005350000000000   0.50001015078178704
 -0.00005325000000000   0.50001010566405236
 -0.00005300000000000   0.50001006083922711
 -0.00005275000000000   0.50001001630304400
 -0.00005250000000000   0.50000996880434299
 -0.00005225000000000   0.50000992483257225
 -0.00005200000000000   0.50000988113582761
 -0.00005175000000000   0.50000983446246088
 -0.00005150000000000   0.50000978805498842
 -0.00005125000000000   0.50000974515941292
 -0.00005100000000000   0.50000969927393935
 -0.00005075000000000   0.50000965364303497
 -0.00005050000000000   0.50000960826274522
 -0.00005025000000000   0.50000955988367683
 -0.00005000000000000   0.50000951499492580
 -0.00004975000000000   0.50000947034448168
 -0.00004950000000000   0.50000942268810267
 -0.00004925000000000   0.50000937850518829
 -0.00004900000000000   0.50000933131285456
 -0.00004875000000000   0.50000928434759844
 -0.00004850000000000   0.50000923760623366
 -0.00004825000000000   0.50000919431347280
 -0.00004800000000000   0.50000914800634069
 -0.00004775000000000   0.50000909869112939
 -0.00004750000000000   0.50000905281020546
 -0.00004725000000000   0.50000900713487504
 -0.00004700000000000   0.50000896166106721
 -0.00004675000000000   0.50000891318108060
 -0.00004650000000000   0.50000886810495368
 -0.00004625000000000   0.50000882002432948
 -0.00004600000000000   0.50000877533077273
 -0.00004575000000000   0.50000872763647596
 -0.00004550000000000   0.50000868013232865
 -0.00004525000000000   0.50000863281534811
 -0.00004500000000000   0.50000858884918387
 -0.00004475000000000   0.50000854189104657
 -0.00004450000000000   0.50000849510991001
 -0.00004425000000000   0.50000844535569279
 -0.00004400000000000   0.50000839892614198
 -0.00004375000000000   0.50000835266374507
 -0.00004350000000000   0.50000830656486643
 -0.00004325000000000   0.50000825750826514
 -0.00004300000000000   0.50000821173520226
 -0.00004275000000000   0.50000816301246137
 -0.00004250000000000   0.50000811755191912
 -0.00004225000000000   0.50000806915155246
 -0.00004200000000000   0.50000802398968210
 -0.00004175000000000   0.50000797589961508
 -0.00004150000000000   0.50000792796387299
 -0.00004125000000000   0.50000788017973585
 -0.00004100000000000   0.50000783254441597
 -0.00004075000000000   0.50000778505506174
 -0.00004050000000000   0.50000773770876139
 -0.00004025000000000   0.50000769050254645
 -0.00004000000000000   0.50000764343339530
 -0.00003975000000000   0.50000759649823642
 -0.00003950000000000   0.50000754969395165
 -0.00003925000000000   0.50000750301737929
 -0.00003900000000000   0.50000745350520237
 -0.00003875000000000   0.50000740708715023
 -0.00003850000000000   0.50000735784827449
 -0.00003825000000000   0.50000731167727918
 -0.00003800000000000   0.50000726270176138
 -0.00003775000000000   0.50000721676602500
 -0.00003750000000000   0.50000716804355078
 -0.00003725000000000   0.50000712233098385
 -0.00003700000000000   0.50000707385091014
 -0.00003675000000000   0.50000702549346630
 -0.00003650000000000   0.50000697725627240
 -0.00003625000000000   0.50000692913690795
 -0.00003600000000000   0.50000688113291431
 -0.00003575000000000   0.50000683604957401
 -0.00003550000000000   0.50000678825589291
 -0.00003525000000000   0.50000674056964097
 -0.00003500000000000   0.50000669022026068
 -0.00003475000000000   0.50000664275505684
 -0.00003450000000000   0.50000659538979029
 -0.00003425000000000   0.50000654812179408
 -0.00003400000000000   0.50000650094837919
 -0.00003375000000000   0.50000645116746252
 -0.00003350000000000   0.50000640419068621
 -0.00003325000000000   0.50000635730061691
 -0.00003300000000000   0.50000630783841351
 -0.00003275000000000   0.50000626112999668
 -0.00003250000000000   0.50000621187312142
 -0.00003225000000000   0.50000616533635989
 -0.00003200000000000   0.50000611627598287
 -0.00003175000000000   0.50000606990072857
 -0.00003150000000000   0.50000602102783369
 -0.00003125000000000   0.50000597225223637
 -0.00003100000000000   0.50000592610922016
 -0.00003075000000000   0.50000587750757318
 -0.00003050000000000   0.50000582899681345
 -0.00003025000000000   0.50000578057486145
 -0.00003000000000000   0.50000573223961646
 -0.00002975000000000   0.50000568398895787
 -0.00002950000000000   0.50000563826214826
 -0.00002925000000000   0.50000559015798655
 -0.00002900000000000   0.50000554213168005
 -0.00002875000000000   0.50000549418104637
 -0.00002850000000000   0.50000544392900587
 -0.00002825000000000   0.50000539614037596
 -0.00002800000000000   0.50000534842103444
 -0.00002775000000000   0.50000530076874484
 -0.00002750000000000   0.50000525318126117
 -0.00002725000000000   0.50000520565632898
 -0.00002700000000000   0.50000515592007121
 -0.00002675000000000   0.50000510853210958
 -0.00002650000000000   0.50000506120010543
 -0.00002625000000000   0.50000501170305101
 -0.00002600000000000   0.50000496449541313
 -0.00002575000000000   0.50000491515349744
 -0.00002550000000000   0.50000486806186730
 -0.00002525000000000   0.50000481886758877
 -0.00002500000000000   0.50000477188353625
 -0.00002475000000000   0.50000472282928996
 -0.00002450000000000   0.50000467594432735
 -0.00002425000000000   0.50000462702241916
 -0.00002400000000000   0.50000458022801448
 -0.00002375000000000   0.50000453143067443
 -0.00002350000000000   0.50000448270160073
 -0.00002325000000000   0.50000443403903084
 -0.00002300000000000   0.50000438742157687
 -0.00002275000000000   0.50000433886823365
 -0.00002250000000000   0.50000429037583565
 -0.00002225000000000   0.50000424194257825
 -0.00002200000000000   0.50000419356664701
 -0.00002175000000000   0.50000414524621844
 -0.00002150000000000   0.50000409697946071
 -0.00002125000000000   0.50000404876453430
 -0.00002100000000000   0.50000400059959276
 -0.00002075000000000   0.50000395248278329
 -0.00002050000000000   0.50000390441224747
 -0.00002025000000000   0.50000385638612186
 -0.00002000000000000   0.50000380840253862
 -0.00001975000000000   0.50000376045962618
 -0.00001950000000000   0.50000371255550981
 -0.00001925000000000   0.50000366468831221
 -0.00001900000000000   0.50000361519203984
 -0.00001875000000000   0.50000356741411136
 -0.00001850000000000   0.50000351966758802
 -0.00001825000000000   0.50000347195058390
 -0.00001800000000000   0.50000342267950249
 -0.00001775000000000   0.50000337503747142
 -0.00001750000000000   0.50000332741941677
 -0.00001725000000000   0.50000327830431891
 -0.00001700000000000   0.50000323075050843
 -0.00001675000000000   0.50000318173752680
 -0.00001650000000000   0.50000313424086094
 -0.00001625000000000   0.50000308532341192
 -0.00001600000000000   0.50000303787677175
 -0.00001575000000000   0.50000298904822440
 -0.00001550000000000   0.50000294164447971
 -0.00001525000000000   0.50000289289816396
 -0.00001500000000000   0.50000284420073580
 -0.00001475000000000   0.50000279685939579
 -0.00001450000000000   0.50000274823425596
 -0.00001425000000000   0.50000269965319923
 -0.00001400000000000   0.50000265235847317
 -0.00001375000000000   0.50000260383969409
 -0.00001350000000000   0.50000255536014891
 -0.00001325000000000   0.50000250691825179
 -0.00001300000000000   0.50000245966893075
 -0.00001275000000000   0.50000241127596277
 -0.00001250000000000   0.50000236291574957
 -0.00001225000000000   0.50000231458668910
 -0.00001200000000000   0.50000226628717547
 -0.00001175000000000   0.50000221801559930
 -0.00001150000000000   0.50000216977034821
 -0.00001125000000000   0.50000212154980720
 -0.00001100000000000   0.50000207335235912
 -0.00001075000000000   0.50000202517638501
 -0.00001050000000000   0.50000197702026459
 -0.00001025000000000   0.50000192888237658
 -0.00001000000000000   0.50000188076109918
 -0.00000975000000000   0.50000183265481042
 -0.00000950000000000   0.50000178371565303
 -0.00000925000000000   0.50000173565717493
 -0.00000900000000000   0.50000168760887421
 -0.00000875000000000   0.50000163956912850
 -0.00000850000000000   0.50000159153631721
 -0.00000825000000000   0.50000154277534419
 -0.00000800000000000   0.50000149477450630
 -0.00000775000000000   0.50000144677578903
 -0.00000750000000000   0.50000139811197028
 -0.00000725000000000   0.50000135013574227
 -0.00000700000000000   0.50000130215682876
 -0.00000675000000000   0.50000125357634705
 -0.00000650000000000   0.50000120561043174
 -0.00000625000000000   0.50000115708522390
 -0.00000600000000000   0.50000110912600465
 -0.00000575000000000   0.50000106064996021
 -0.00000550000000000   0.50000101269113689
 -0.00000525000000000   0.50000096425812194
 -0.00000500000000000   0.50000091629340217
 -0.00000475000000000   0.50000086789726507
 -0.00000450000000000   0.50000081992036986
 -0.00000425000000000   0.50000077155494701
 -0.00000400000000000   0.50000072321395063
 -0.00000375000000000   0.50000067521873783
 -0.00000350000000000   0.50000062689923163
 -0.00000325000000000   0.50000057859959125
 -0.00000300000000000   0.50000053031830570
 -0.00000275000000000   0.50000048228464873
 -0.00000250000000000   0.50000043401254397
 -0.00000225000000000   0.50000038575420629
 -0.00000200000000000   0.50000033750811376
 -0.00000175000000000   0.50000028927274172
 -0.00000150000000000   0.50000024104656311
 -0.00000125000000000   0.50000019292040699
 -0.00000100000000000   0.50000014468494882
 -0.00000075000000000   0.50000009645408153
 -0.00000050000000000   0.50000004822627539
 -0.00000025000000000   0.50000000000000000
  0.00000000000000000   0.49999995177372460
  0.00000025000000000   0.49999990354591846
  0.00000050000000000   0.49999985531505117
  0.00000075000000000   0.49999980707959300
  0.00000100000000000   0.49999975895343689
  0.00000125000000000   0.49999971072725827
  0.00000150000000000   0.49999966249188623
  0.00000175000000000   0.49999961424579370
  0.00000200000000000   0.49999956598745602
  0.00000225000000000   0.49999951771535126
  0.00000250000000000   0.49999946968169428
  0.00000275000000000   0.49999942140040874
  0.00000300000000000   0.49999937310076836
  0.00000325000000000   0.49999932478126216
  0.00000350000000000   0.49999927678604937
  0.00000375000000000   0.49999922844505298
  0.00000400000000000   0.49999918007963013
  0.00000425000000000   0.49999913210273492
  0.00000450000000000   0.49999908370659782
  0.00000475000000000   0.49999903574187805
  0.00000500000000000   0.49999898730886310
  0.00000525000000000   0.49999893935003978
  0.00000550000000000   0.49999889087399535
  0.00000575000000000   0.49999884291477609
  0.00000600000000000   0.49999879438956825
  0.00000625000000000   0.49999874642365294
  0.00000650000000000   0.49999869784317123
  0.00000675000000000   0.49999864986425772
  0.00000700000000000   0.49999860188802971
  0.00000725000000000   0.49999855322421096
  0.00000750000000000   0.49999850522549369
  0.00000775000000000   0.49999845722465580
  0.00000800000000000   0.49999840846368278
  0.00000825000000000   0.49999836043087149
  0.00000850000000000   0.49999831239112579
  0.00000875000000000   0.49999826434282506
  0.00000900000000000   0.49999821628434696
  0.00000925000000000   0.49999816734518957
  0.00000950000000000   0.49999811923890081
  0.00000975000000000   0.49999807111762341
  0.00001000000000000   0.49999802297973541
  0.00001025000000000   0.49999797482361498
  0.00001050000000000   0.49999792664764087
  0.00001075000000000   0.49999787845019279
  0.00001100000000000   0.49999783022965179
  0.00001125000000000   0.49999778198440069
  0.00001150000000000   0.49999773371282452
  0.00001175000000000   0.49999768541331089
  0.00001200000000000   0.49999763708425042
  0.00001225000000000   0.49999758872403722
  0.00001250000000000   0.49999754033106924
  0.00001275000000000   0.49999749308174820
  0.00001300000000000   0.49999744463985108
  0.00001325000000000   0.49999739616030590
  0.00001350000000000   0.49999734764152682
  0.00001375000000000   0.49999730034680076
  0.00001400000000000   0.49999725176574404
  0.00001425000000000   0.49999720314060420
  0.00001450000000000   0.49999715579926419
  0.00001475000000000   0.49999710710183603
  0.00001500000000000   0.49999705835552028
  0.00001525000000000   0.49999701095177559
  0.00001550000000000   0.49999696212322824
  0.00001575000000000   0.49999691467658807
  0.00001600000000000   0.49999686575913906
  0.00001625000000000   0.49999681826247319
  0.00001650000000000   0.49999676924949156
  0.00001675000000000   0.49999672169568108
  0.00001700000000000   0.49999667258058322
  0.00001725000000000   0.49999662496252857
  0.00001750000000000   0.49999657732049750
  0.00001775000000000   0.49999652804941609
  0.00001800000000000   0.49999648033241197
  0.00001825000000000   0.49999643258588863
  0.00001850000000000   0.49999638480796016
  0.00001875000000000   0.49999633531168778
  0.00001900000000000   0.49999628744449018
  0.00001925000000000   0.49999623954037381
  0.00001950000000000   0.49999619159746137
  0.00001975000000000   0.49999614361387814
  0.00002000000000000   0.49999609558775252
  0.00002025000000000   0.49999604751721670
  0.00002050000000000   0.49999599940040723
  0.00002075000000000   0.49999595123546569
  0.00002100000000000   0.49999590302053928
  0.00002125000000000   0.49999585475378155
  0.00002150000000000   0.49999580643335298
  0.00002175000000000   0.49999575805742174
  0.00002200000000000   0.49999570962416434
  0.00002225000000000   0.49999566113176634
  0.00002250000000000   0.49999561257842312
  0.00002275000000000   0.49999556596096915
  0.00002300000000000   0.49999551729839926
  0.00002325000000000   0.49999546856932556
  0.00002350000000000   0.49999541977198551
  0.00002375000000000   0.49999537297758083
  0.00002400000000000   0.49999532405567264
  0.00002425000000000   0.49999527717071002
  0.00002450000000000   0.49999522811646374
  0.00002475000000000   0.49999518113241122
  0.00002500000000000   0.49999513193813270
  0.00002525000000000   0.49999508484650255
  0.00002550000000000   0.49999503550458686
  0.00002575000000000   0.49999498829694898
  0.00002600000000000   0.49999493879989456
  0.00002625000000000   0.49999489146789041
  0.00002650000000000   0.49999484407992878
  0.00002675000000000   0.49999479434367101
  0.00002700000000000   0.49999474681873881
  0.00002725000000000   0.49999469923125515
  0.00002750000000000   0.49999465157896555
  0.00002775000000000   0.49999460385962403
  0.00002800000000000   0.49999455607099412
  0.00002825000000000   0.49999450581895362
  0.00002850000000000   0.49999445786831994
  0.00002875000000000   0.49999440984201344
  0.00002900000000000   0.49999436173785173
  0.00002925000000000   0.49999431601104211
  0.00002950000000000   0.49999426776038353
  0.00002975000000000   0.49999421942513854
  0.00003000000000000   0.49999417100318654
  0.00003025000000000   0.49999412249242681
  0.00003050000000000   0.49999407389077983
  0.00003075000000000   0.49999402774776362
  0.00003100000000000   0.49999397897216630
  0.00003125000000000   0.49999393009927142
  0.00003150000000000   0.49999388372401712
  0.00003175000000000   0.49999383466364010
  0.00003200000000000   0.49999378812687857
  0.00003225000000000   0.49999373887000332
  0.00003250000000000   0.49999369216158648
  0.00003275000000000   0.49999364269938308
  0.00003300000000000   0.49999359580931378
  0.00003325000000000   0.49999354883253747
  0.00003350000000000   0.49999349905162080
  0.00003375000000000   0.49999345187820591
  0.00003400000000000   0.49999340461020970
  0.00003425000000000   0.49999335724494315
  0.00003450000000000   0.49999330977973931
  0.00003475000000000   0.49999325943035902
  0.00003500000000000   0.49999321174410709
  0.00003525000000000   0.49999316395042598
  0.00003550000000000   0.49999311886708567
  0.00003575000000000   0.49999307086309204
  0.00003600000000000   0.49999302274372760
  0.00003625000000000   0.49999297450653368
  0.00003650000000000   0.49999292614908985
  0.00003675000000000   0.49999287766901614
  0.00003700000000000   0.49999283195644921
  0.00003725000000000   0.49999278323397499
  0.00003750000000000   0.49999273729823861
  0.00003775000000000   0.49999268832272081
  0.00003800000000000   0.49999264215172550
  0.00003825000000000   0.49999259291284976
  0.00003850000000000   0.49999254649479762
  0.00003875000000000   0.49999249698262070
  0.00003900000000000   0.49999245030604835
  0.00003925000000000   0.49999240350176357
  0.00003950000000000   0.49999235656660469
  0.00003975000000000   0.49999230949745353
  0.00004000000000000   0.49999226229123860
  0.00004025000000000   0.49999221494493825
  0.00004050000000000   0.49999216745558402
  0.00004075000000000   0.49999211982026414
  0.00004100000000000   0.49999207203612700
  0.00004125000000000   0.49999202410038492
  0.00004150000000000   0.49999197601031789
  0.00004175000000000   0.49999193084844753
  0.00004200000000000   0.49999188244808087
  0.00004225000000000   0.49999183698753862
  0.00004250000000000   0.49999178826479773
  0.00004275000000000   0.49999174249173484
  0.00004300000000000   0.49999169343513356
  0.00004325000000000   0.49999164733625492
  0.00004350000000000   0.49999160107385801
  0.00004375000000000   0.49999155464430720
  0.00004400000000000   0.49999150489008998
  0.00004425000000000   0.49999145810895342
  0.00004450000000000   0.49999141115081612
  0.00004475000000000   0.49999136718465188
  0.00004500000000000   0.49999131986767134
  0.00004525000000000   0.49999127236352402
  0.00004550000000000   0.49999122466922726
  0.00004575000000000   0.49999117997567051
  0.00004600000000000   0.49999113189504630
  0.00004625000000000   0.49999108681891939
  0.00004650000000000   0.49999103833893278
  0.00004675000000000   0.49999099286512495
  0.00004700000000000   0.49999094718979453
  0.00004725000000000   0.49999090130887060
  0.00004750000000000   0.49999085199365930
  0.00004775000000000   0.49999080568652719
  0.00004800000000000   0.49999076239376633
  0.00004825000000000   0.49999071565240156
  0.00004850000000000   0.49999066868714543
  0.00004875000000000   0.49999062149481169
  0.00004900000000000   0.49999057731189731
  0.00004925000000000   0.49999052965551831
  0.00004950000000000   0.49999048500507419
  0.00004975000000000   0.49999044011632316
  0.00005000000000000   0.49999039173725477
  0.00005025000000000   0.49999034635696502
  0.00005050000000000   0.49999030072606063
  0.00005075000000000   0.49999025484058707
  0.00005100000000000   0.49999021194501157
  0.00005125000000000   0.49999016553753911
  0.00005150000000000   0.49999011886417238
  0.00005175000000000   0.49999007516742774
  0.00005200000000000   0.49999003119565700
  0.00005225000000000   0.49998998369695598
  0.00005250000000000   0.49998993916077287
  0.00005275000000000   0.49998989433594763
  0.00005300000000000   0.49998984921821295
  0.00005325000000000   0.49998980380361667
  0.00005350000000000   0.49998976132219205
  0.00005375000000000   0.49998971529782616
  0.00005400000000000   0.49998967219299264
  0.00005425000000000   0.49998962876847184
  0.00005450000000000   0.49998958179687102
  0.00005475000000000   0.49998953772181545
  0.00005500000000000   0.49998949331370899
  0.00005525000000000   0.49998945177526801
  0.00005550000000000   0.49998940668226870
  0.00005575000000000   0.49998936444100442
  0.00005600000000000   0.49998931864657776
  0.00005625000000000   0.49998927568336161
  0.00005650000000000   0.49998923235006977
  0.00005675000000000   0.49998919181515902
  0.00005700000000000   0.49998914772028887
  0.00005725000000000   0.49998910324282923
  0.00005750000000000   0.49998906152801326
  0.00005775000000000   0.49998901940630477
  0.00005800000000000   0.49998897687272650
  0.00005825000000000   0.49998893392303555
  0.00005850000000000   0.49998889366966695
  0.00005875000000000   0.49998884986542132
  0.00005900000000000   0.49998880873014865
  0.00005925000000000   0.49998876714279735
  0.00005950000000000   0.49998872509913923
  0.00005975000000000   0.49998868566031700
  0.00006000000000000   0.49998864268056125
  0.00006025000000000   0.49998860227494492
  0.00006050000000000   0.49998856440549929
  0.00006075000000000   0.49998852299230245
  0.00006100000000000   0.49998848408283841
  0.00006125000000000   0.49998844164680525
  0.00006150000000000   0.49998840465960970
  0.00006175000000000   0.49998836413824336
  0.00006200000000000   0.49998832602467270
  0.00006225000000000   0.49998828733455511
  0.00006250000000000   0.49998824806428737
  0.00006275000000000   0.49998820821214915
  0.00006300000000000   0.49998817066314768
  0.00006325000000000   0.49998813536702436
  0.00006350000000000   0.49998809655828486
  0.00006375000000000   0.49998805996326050
  0.00006400000000000   0.49998802270675263
  0.00006425000000000   0.49998798758842555
  0.00006450000000000   0.49998795176828893
  0.00006475000000000   0.49998791524493314
  0.00006500000000000   0.49998788076131343
  0.00006525000000000   0.49998784553414845
  0.00006550000000000   0.49998781226551320
  0.00006575000000000   0.49998777821198306
  0.00006600000000000   0.49998774603402919
  0.00006625000000000   0.49998771302926110
  0.00006650000000000   0.49998767920063978
  0.00006675000000000   0.49998764973268732
  0.00006700000000000   0.49998761678668487
  0.00006725000000000   0.49998758806739084
  0.00006750000000000   0.49998755839713537
  0.00006775000000000   0.49998752778156069
  0.00006800000000000   0.49998749869562380
  0.00006825000000000   0.49998747106875900
  0.00006850000000000   0.49998744483073143
  0.00006875000000000   0.49998741991133111
  0.00006900000000000   0.49998739388280979
  0.00006925000000000   0.49998736908750046
  0.00006950000000000   0.49998734545509386
  0.00006975000000000   0.49998732291580038
  0.00007000000000000   0.49998730140056719
  0.00007025000000000   0.49998728084146434
  0.00007050000000000   0.49998726117227489
  0.00007075000000000   0.49998724446291534
  0.00007100000000000   0.49998722634926824
  0.00007125000000000   0.49998721100626213
  0.00007150000000000   0.49998719827236565
  0.00007175000000000   0.49998718599624339
  0.00007200000000000   0.49998717608620314
  0.00007225000000000   0.49998716647432185
  0.00007250000000000   0.49998716088205545
  0.00007275000000000   0.49998715538083066
  0.00007300000000000   0.49998715354904235
  0.00007325000000000   0.49998715514286788
  0.00007350000000000   0.49998715822249308
  0.00007375000000000   0.49998716436458512
  0.00007400000000000   0.49998717498799076
  0.00007425000000000   0.49998718821560762
  0.00007450000000000   0.49998720695021880
  0.00007475000000000   0.49998722933818347
  0.00007500000000000   0.49998725661584738
  0.00007525000000000   0.49998729124854576
  0.00007550000000000   0.49998733144025620
  0.00007575000000000   0.49998738074641826
  0.00007600000000000   0.49998743982657793
  0.00007625000000000   0.49998750934185698
  0.00007650000000000   0.49998759220077420
  0.00007675000000000   0.49998769208683238
  0.00007700000000000   0.49998781432017103
  0.00007725000000000   0.49998796395659522
  0.00007750000000000   0.49998815384825031
  0.00007775000000000   0.49998840220739308
  0.00007800000000000   0.49998875033184052
  0.00007825000000000   0.49998930511146469
  0.00007850000000000   0.49999075400722586
  0.00007875000000000   0.50002431825535684
  0.00007900000000000   0.50002796569258261
  0.00007925000000000   0.50003038655322307
  0.00007950000000000   0.50003228811690610
  0.00007975000000000   0.50003389084369128
  0.00008000000000000   0.50003529743041062
  0.00008025000000000   0.50003656080589712
  0.00008050000000000   0.50003771869464987
  0.00008075000000000   0.50003878869070113
  0.00008100000000000   0.50003979015409405
  0.00008125000000000   0.50004073897785354
  0.00008150000000000   0.50004163504941765
  0.00008175000000000   0.50004248946376403
  0.00008200000000000   0.50004331122824432
  0.00008225000000000   0.50004409977105469
  0.00008250000000000   0.50004485687443697
  0.00008275000000000   0.50004559145784663
  0.00008300000000000   0.50004630358972905
  0.00008325000000000   0.50004699679592196
  0.00008350000000000   0.50004766984103719
  0.00008375000000000   0.50004832527063105
  0.00008400000000000   0.50004896533324137
  0.00008425000000000   0.50004959202748500
  0.00008450000000000   0.50005020714220605
  0.00008475000000000   0.50005080772656858
  0.00008500000000000   0.50005139510003226
  0.00008525000000000   0.50005197510327591
  0.00008550000000000   0.50005254425844458
  0.00008575000000000   0.50005309882148244
  0.00008600000000000   0.50005364911285101
  0.00008625000000000   0.50005419127306334
  0.00008650000000000   0.50005472606539986
  0.00008675000000000   0.50005524931521024
  0.00008700000000000   0.50005577139807956
  0.00008725000000000   0.50005628312837205
  0.00008750000000000   0.50005678995310189
  0.00008775000000000   0.50005728738319261
  0.00008800000000000   0.50005778086679439
  0.00008825000000000   0.50005827086877084
  0.00008850000000000   0.50005875271483006
  0.00008875000000000   0.50005923186689718
  0.00008900000000000   0.50005970354260179
  0.00008925000000000   0.50006017322196632
  0.00008950000000000   0.50006063602510699
  0.00008975000000000   0.50006109745428620
  0.00009000000000000   0.50006155253987553
  0.00009025000000000   0.50006200150046213
  0.00009050000000000   0.50006244987628517
  0.00009075000000000   0.50006289257951719
  0.00009100000000000   0.50006333517706935
  0.00009125000000000   0.50006377250834011
  0.00009150000000000   0.50006420473678096
  0.00009175000000000   0.50006463747543986
  0.00009200000000000   0.50006506546189916
  0.00009225000000000   0.50006548883554020
  0.00009250000000000   0.50006590773120231
  0.00009275000000000   0.50006632782237451
  0.00009300000000000   0.50006674372767430
  0.00009325000000000   0.50006715556249000
  0.00009350000000000   0.50006756904666213
  0.00009375000000000   0.50006797871764432
  0.00009400000000000   0.50006838467437490
  0.00009425000000000   0.50006878701291086
  0.00009450000000000   0.50006919151865225
  0.00009475000000000   0.50006958691226974
  0.00009500000000000   0.50006998468408165
  0.00009525000000000   0.50007037922217234
  0.00009550000000000   0.50007077060456708
  0.00009575000000000   0.50007116469006842
  0.00009600000000000   0.50007155580315002
  0.00009625000000000   0.50007193818896602
  0.00009650000000000   0.50007232353982161
  0.00009675000000000   0.50007271197133091
  0.00009700000000000   0.50007309184976844
  0.00009725000000000   0.50007346907504132
  0.00009750000000000   0.50007384960747941
  0.00009775000000000   0.50007422763117833
  0.00009800000000000   0.50007460319848250
  0.00009825000000000   0.50007497636049140
  0.00009850000000000   0.50007534716708948
  0.00009875000000000   0.50007571566697613
  0.00009900000000000   0.50007608790176059
  0.00009925000000000   0.50007645795116750
  0.00009950000000000   0.50007681983023678
  0.00009975000000000   0.50007718561941878
  0.00010000000000000   0.50007754934783738
  0.00010025000000000   0.50007791105485326
  0.00010050000000000   0.50007827685955585
  0.00010075000000000   0.50007863464938364
  0.00010100000000000   0.50007899663800136
  0.00010125000000000   0.50007935065438335
  0.00010150000000000   0.50007970896393565
  0.00010175000000000   0.50008006549047662
  0.00010200000000000   0.50008042026530742
  0.00010225000000000   0.50008077331909698
  0.00010250000000000   0.50008112468189362
  0.00010275000000000   0.50008147438313689
  0.00010300000000000   0.50008182245166946
  0.00010325000000000   0.50008216891574916
  0.00010350000000000   0.50008252002976467
  0.00010375000000000   0.50008286961566848
  0.00010400000000000   0.50008321144446258
  0.00010425000000000   0.50008355803490131
  0.00010450000000000   0.50008390317011059
  0.00010475000000000   0.50008424687325658
  0.00010500000000000   0.50008458916707914
  0.00010525000000000   0.50008493007389853
  0.00010550000000000   0.50008526961562227
  0.00010575000000000   0.50008560781375198
  0.00010600000000000   0.50008594468939047
  0.00010625000000000   0.50008628660501337
  0.00010650000000000   0.50008662090437363
  0.00010675000000000   0.50008696030234740
  0.00010700000000000   0.50008729210321433
  0.00010725000000000   0.50008762905779975
  0.00010750000000000   0.50008796482286679
  0.00010775000000000   0.50008829301810339
  0.00010800000000000   0.50008862644590471
  0.00010825000000000   0.50008895873513542
  0.00010850000000000   0.50008928990204354
  0.00010875000000000   0.50008961996260625
  0.00010900000000000   0.50008994893253362
  0.00010925000000000   0.50009028327320162
  0.00010950000000000   0.50009061011450466
  0.00010975000000000   0.50009093591034167
  0.00011000000000000   0.50009126067540512
  0.00011025000000000   0.50009159089874937
  0.00011050000000000   0.50009191365037674
  0.00011075000000000   0.50009224190243156
  0.00011100000000000   0.50009256269507196
  0.00011125000000000   0.50009288902788467
  0.00011150000000000   0.50009321442413644
  0.00011175000000000   0.50009353237824940
  0.00011200000000000   0.50009385592996422
  0.00011225000000000   0.50009417858106044
  0.00011250000000000   0.50009450034303757
  0.00011275000000000   0.50009482122722513
  0.00011300000000000   0.50009514124478446
  0.00011325000000000   0.50009546040671049
  0.00011350000000000   0.50009577872383350
  0.00011375000000000   0.50009609620682102
  0.00011400000000000   0.50009641286617973
  0.00011425000000000   0.50009672871225732
  0.00011450000000000   0.50009704375524451
  0.00011475000000000   0.50009736458952996
  0.00011500000000000   0.50009767806003895
  0.00011525000000000   0.50009799075687444
  0.00011550000000000   0.50009830928809758
  0.00011575000000000   0.50009862046924729
  0.00011600000000000   0.50009893751262507
  0.00011625000000000   0.50009924721443544
  0.00011650000000000   0.50009956280478900
  0.00011675000000000   0.50009987768409717
