 -0.00019375000000000   0.49990025667265022
 -0.00019350000000000   0.49990144021841752
 -0.00019325000000000   0.49990266791605738
 -0.00019300000000000   0.49990394885458220
 -0.00019275000000000   0.49990529367577491
 -0.00019250000000000   0.49990667788630076
 -0.00019225000000000   0.49990811727673333
 -0.00019200000000000   0.49990963095775560
 -0.00019175000000000   0.49991124237751019
 -0.00019150000000000   0.49991294492983591
 -0.00019125000000000   0.49991477700228492
 -0.00019100000000000   0.49991671871037247
 -0.00019075000000000   0.49991884022022292
 -0.00019050000000000   0.49992117142416028
 -0.00019025000000000   0.49992375970582594
 -0.00019000000000000   0.49992674374188264
 -0.00018975000000000   0.49993025518556833
 -0.00018950000000000   0.49993469938440181
 -0.00018925000000000   0.49994095526888570
 -0.00018900000000000   0.49995535302516755
 -0.00018875000000000   0.50002234135887824
 -0.00018850000000000   0.50002369353412903
 -0.00018825000000000   0.50002445429150763
 -0.00018800000000000   0.50002497253191595
 -0.00018775000000000   0.50002536268352497
 -0.00018750000000000   0.50002566540078374
 -0.00018725000000000   0.50002590967698470
 -0.00018700000000000   0.50002610504645297
 -0.00018675000000000   0.50002626517811800
 -0.00018650000000000   0.50002640842916126
 -0.00018625000000000   0.50002652173585871
 -0.00018600000000000   0.50002661824979384
 -0.00018575000000000   0.50002669448639091
 -0.00018550000000000   0.50002676741750878
 -0.00018525000000000   0.50002682492403972
 -0.00018500000000000   0.50002686427669653
 -0.00018475000000000   0.50002690573355590
 -0.00018450000000000   0.50002693685462816
 -0.00018425000000000   0.50002695589592923
 -0.00018400000000000   0.50002697372723975
 -0.00018375000000000   0.50002698963961256
 -0.00018350000000000   0.50002700288121975
 -0.00018325000000000   0.50002699899731327
 -0.00018300000000000   0.50002700422005361
 -0.00018275000000000   0.50002699004928168
 -0.00018250000000000   0.50002698405257722
 -0.00018225000000000   0.50002697138620459
 -0.00018200000000000   0.50002696654979693
 -0.00018175000000000   0.50002693840629010
 -0.00018150000000000   0.50002691707748955
 -0.00018125000000000   0.50002690266916016
 -0.00018100000000000   0.50002687872290263
 -0.00018075000000000   0.50002684442473061
 -0.00018050000000000   0.50002681609175510
 -0.00018025000000000   0.50002679378635564
 -0.00018000000000000   0.50002675987129068
 -0.00017975000000000   0.50002673151585245
 -0.00017950000000000   0.50002669052915541
 -0.00017925000000000   0.50002665463578686
 -0.00017900000000000   0.50002662387027478
 -0.00017875000000000   0.50002657922945347
 -0.00017850000000000   0.50002653924560888
 -0.00017825000000000   0.50002650394379475
 -0.00017800000000000   0.50002647333414898
 -0.00017775000000000   0.50002642740220914
 -0.00017750000000000   0.50002638569503170
 -0.00017725000000000   0.50002634822400735
 -0.00017700000000000   0.50002629424997492
 -0.00017675000000000   0.50002624405241553
 -0.00017650000000000   0.50002619764760748
 -0.00017625000000000   0.50002615504300734
 -0.00017600000000000   0.50002611623794814
 -0.00017575000000000   0.50002605933195557
 -0.00017550000000000   0.50002600578120416
 -0.00017525000000000   0.50002595559487171
 -0.00017500000000000   0.50002590877584616
 -0.00017475000000000   0.50002586532119048
 -0.00017450000000000   0.50002582522257555
 -0.00017425000000000   0.50002576529300430
 -0.00017400000000000   0.50002570829818957
 -0.00017375000000000   0.50002565424242732
 -0.00017350000000000   0.50002560312566047
 -0.00017325000000000   0.50002555494377781
 -0.00017300000000000   0.50002550968889406
 -0.00017275000000000   0.50002546734961235
 -0.00017250000000000   0.50002540335507382
 -0.00017225000000000   0.50002534188128929
 -0.00017200000000000   0.50002530788639692
 -0.00017175000000000   0.50002525164669514
 -0.00017150000000000   0.50002519791839896
 -0.00017125000000000   0.50002514669539444
 -0.00017100000000000   0.50002507229935602
 -0.00017075000000000   0.50002502589794162
 -0.00017050000000000   0.50002498197626229
 -0.00017025000000000   0.50002491433997864
 -0.00017000000000000   0.50002487518963548
 -0.00016975000000000   0.50002481197282520
 -0.00016950000000000   0.50002475086733262
 -0.00016925000000000   0.50002469186983990
 -0.00016900000000000   0.50002463497533035
 -0.00016875000000000   0.50002458017718790
 -0.00016850000000000   0.50002452746729158
 -0.00016825000000000   0.50002447683610506
 -0.00016800000000000   0.50002442827276167
 -0.00016775000000000   0.50002435397152835
 -0.00016750000000000   0.50002430937622296
 -0.00016725000000000   0.50002423871678955
 -0.00016700000000000   0.50002419805341571
 -0.00016675000000000   0.50002413101601438
 -0.00016650000000000   0.50002409423969819
 -0.00016625000000000   0.50002403079582737
 -0.00016600000000000   0.50002396906102262
 -0.00016575000000000   0.50002390903008047
 -0.00016550000000000   0.50002385069687733
 -0.00016525000000000   0.50002379405441902
 -0.00016500000000000   0.50002373909488825
 -0.00016475000000000   0.50002368580968968
 -0.00016450000000000   0.50002363418949314
 -0.00016425000000000   0.50002358422427469
 -0.00016400000000000   0.50002350603267362
 -0.00016375000000000   0.50002345923622595
 -0.00016350000000000   0.50002341406516339
 -0.00016325000000000   0.50002334027199008
 -0.00016300000000000   0.50002329821772599
 -0.00016275000000000   0.50002322727936339
 -0.00016250000000000   0.50002318830425585
 -0.00016225000000000   0.50002312019685064
 -0.00016200000000000   0.50002305342858226
 -0.00016175000000000   0.50002301895462353
 -0.00016150000000000   0.50002295497746914
 -0.00016125000000000   0.50002289232293841
 -0.00016100000000000   0.50002283098579496
 -0.00016075000000000   0.50002277096034859
 -0.00016050000000000   0.50002274373442117
 -0.00016025000000000   0.50002268642041778
 -0.00016000000000000   0.50002263039510184
 -0.00015975000000000   0.50002257565122236
 -0.00015950000000000   0.50002249028039612
 -0.00015925000000000   0.50002243798293439
 -0.00015900000000000   0.50002238694640220
 -0.00015875000000000   0.50002233716221293
 -0.00015850000000000   0.50002228862149784
 -0.00015825000000000   0.50002220892715799
 -0.00015800000000000   0.50002216276838075
 -0.00015775000000000   0.50002211782802418
 -0.00015750000000000   0.50002204143228398
 -0.00015725000000000   0.50002199883067071
 -0.00015700000000000   0.50002195742019048
 -0.00015675000000000   0.50002188427738248
 -0.00015650000000000   0.50002184515802529
 -0.00015625000000000   0.50002177411840302
 -0.00015600000000000   0.50002173725819147
 -0.00015575000000000   0.50002166830028764
 -0.00015550000000000   0.50002160032386230
 -0.00015525000000000   0.50002156676626427
 -0.00015500000000000   0.50002150083881985
 -0.00015475000000000   0.50002143587959376
 -0.00015450000000000   0.50002140555251043
 -0.00015425000000000   0.50002134260595892
 -0.00015400000000000   0.50002128061257536
 -0.00015375000000000   0.50002121956783121
 -0.00015350000000000   0.50002115946701542
 -0.00015325000000000   0.50002113433602127
 -0.00015300000000000   0.50002107618404946
 -0.00015275000000000   0.50002101895843840
 -0.00015250000000000   0.50002096265385356
 -0.00015225000000000   0.50002090726481605
 -0.00015200000000000   0.50002085278570958
 -0.00015175000000000   0.50002079921078708
 -0.00015150000000000   0.50002074653417716
 -0.00015125000000000   0.50002069474989028
 -0.00015100000000000   0.50002064385182478
 -0.00015075000000000   0.50002059383377264
 -0.00015050000000000   0.50002054468942504
 -0.00015025000000000   0.50002046162580346
 -0.00015000000000000   0.50002041416107102
 -0.00014975000000000   0.50002036755267889
 -0.00014950000000000   0.50002032179394329
 -0.00014925000000000   0.50002027687810492
 -0.00014900000000000   0.50002019773706788
 -0.00014875000000000   0.50002015444832789
 -0.00014850000000000   0.50002011198379704
 -0.00014825000000000   0.50002003511370206
 -0.00014800000000000   0.50001999424422041
 -0.00014775000000000   0.50001995417960004
 -0.00014750000000000   0.50001987954618324
 -0.00014725000000000   0.50001984104315533
 -0.00014700000000000   0.50001980332508870
 -0.00014675000000000   0.50001973089165032
 -0.00014650000000000   0.50001969470052308
 -0.00014625000000000   0.50001962368837999
 -0.00014600000000000   0.50001958900172327
 -0.00014575000000000   0.50001951939550100
 -0.00014550000000000   0.50001948619039799
 -0.00014525000000000   0.50001941797414060
 -0.00014500000000000   0.50001938622727653
 -0.00014475000000000   0.50001931938449859
 -0.00014450000000000   0.50001925319254290
 -0.00014425000000000   0.50001922358594268
 -0.00014400000000000   0.50001915874355448
 -0.00014375000000000   0.50001913053709762
 -0.00014350000000000   0.50001906702663749
 -0.00014325000000000   0.50001900415004001
 -0.00014300000000000   0.50001897799938580
 -0.00014275000000000   0.50001891642918685
 -0.00014250000000000   0.50001885548231877
 -0.00014225000000000   0.50001879515570703
 -0.00014200000000000   0.50001877166971009
 -0.00014175000000000   0.50001871261524837
 -0.00014150000000000   0.50001865416990626
 -0.00014125000000000   0.50001859633040345
 -0.00014100000000000   0.50001857542072898
 -0.00014075000000000   0.50001851881788287
 -0.00014050000000000   0.50001846280924029
 -0.00014025000000000   0.50001840739134925
 -0.00014000000000000   0.50001835256071576
 -0.00013975000000000   0.50001829831380580
 -0.00013950000000000   0.50001824464704712
 -0.00013925000000000   0.50001819155683111
 -0.00013900000000000   0.50001817555520220
 -0.00013875000000000   0.50001812363062820
 -0.00013850000000000   0.50001807227018846
 -0.00013825000000000   0.50001802147016026
 -0.00013800000000000   0.50001797122679256
 -0.00013775000000000   0.50001792153630750
 -0.00013750000000000   0.50001787239490190
 -0.00013725000000000   0.50001782379874862
 -0.00013700000000000   0.50001777574399799
 -0.00013675000000000   0.50001772822677912
 -0.00013650000000000   0.50001768124320117
 -0.00013625000000000   0.50001763478935464
 -0.00013600000000000   0.50001758886131256
 -0.00013575000000000   0.50001754345513169
 -0.00013550000000000   0.50001746184246671
 -0.00013525000000000   0.50001741746267469
 -0.00013500000000000   0.50001737359402018
 -0.00013475000000000   0.50001733023249352
 -0.00013450000000000   0.50001728737407428
 -0.00013425000000000   0.50001724501473223
 -0.00013400000000000   0.50001720315042827
 -0.00013375000000000   0.50001716177711533
 -0.00013350000000000   0.50001708410685662
 -0.00013325000000000   0.50001704370719491
 -0.00013300000000000   0.50001700378744137
 -0.00013275000000000   0.50001696434351448
 -0.00013250000000000   0.50001692537132902
 -0.00013225000000000   0.50001685006481672
 -0.00013200000000000   0.50001681203313655
 -0.00013175000000000   0.50001677446196963
 -0.00013150000000000   0.50001673734721270
 -0.00013125000000000   0.50001666387841488
 -0.00013100000000000   0.50001662767763539
 -0.00013075000000000   0.50001659192195860
 -0.00013050000000000   0.50001651979691748
 -0.00013025000000000   0.50001648493562564
 -0.00013000000000000   0.50001645050808500
 -0.00012975000000000   0.50001637970517537
 -0.00012950000000000   0.50001634615226384
 -0.00012925000000000   0.50001631302172590
 -0.00012900000000000   0.50001624351887032
 -0.00012875000000000   0.50001621124308002
 -0.00012850000000000   0.50001617937827599
 -0.00012825000000000   0.50001611115300682
 -0.00012800000000000   0.50001608012297790
 -0.00012775000000000   0.50001604949255308
 -0.00012750000000000   0.50001598252206967
 -0.00012725000000000   0.50001595270638785
 -0.00012700000000000   0.50001588655389153
 -0.00012675000000000   0.50001585754016797
 -0.00012650000000000   0.50001579219663553
 -0.00012625000000000   0.50001576397205603
 -0.00012600000000000   0.50001569942836440
 -0.00012575000000000   0.50001567198009351
 -0.00012550000000000   0.50001564489825012
 -0.00012525000000000   0.50001558154221813
 -0.00012500000000000   0.50001555521658469
 -0.00012475000000000   0.50001549263628025
 -0.00012450000000000   0.50001546705401758
 -0.00012425000000000   0.50001540524005838
 -0.00012400000000000   0.50001534380282749
 -0.00012375000000000   0.50001531933127381
 -0.00012350000000000   0.50001525864708953
 -0.00012325000000000   0.50001523488760444
 -0.00012300000000000   0.50001517494692970
 -0.00012275000000000   0.50001515188669781
 -0.00012250000000000   0.50001509267995333
 -0.00012225000000000   0.50001507030618337
 -0.00012200000000000   0.50001501182375428
 -0.00012175000000000   0.50001495370086253
 -0.00012150000000000   0.50001493235592616
 -0.00012125000000000   0.50001487494368668
 -0.00012100000000000   0.50001485425407290
 -0.00012075000000000   0.50001479754279300
 -0.00012050000000000   0.50001474118139317
 -0.00012025000000000   0.50001472147579080
 -0.00012000000000000   0.50001466580155933
 -0.00011975000000000   0.50001461047149975
 -0.00011950000000000   0.50001459172352609
 -0.00011925000000000   0.50001453706678326
 -0.00011900000000000   0.50001448274844465
 -0.00011875000000000   0.50001446493180155
 -0.00011850000000000   0.50001441127288545
 -0.00011825000000000   0.50001435794655593
 -0.00011800000000000   0.50001434103505007
 -0.00011775000000000   0.50001428835422253
 -0.00011750000000000   0.50001423600012286
 -0.00011725000000000   0.50001421996768407
 -0.00011700000000000   0.50001416824515462
 -0.00011675000000000   0.50001411684346143
 -0.00011650000000000   0.50001406576088575
 -0.00011625000000000   0.50001405088010717
 -0.00011600000000000   0.50001400041097443
 -0.00011575000000000   0.50001395025502874
 -0.00011550000000000   0.50001390041053150
 -0.00011525000000000   0.50001388663720639
 -0.00011500000000000   0.50001383738802585
 -0.00011475000000000   0.50001378844433716
 -0.00011450000000000   0.50001373980438628
 -0.00011425000000000   0.50001369146641430
 -0.00011400000000000   0.50001367903190421
 -0.00011375000000000   0.50001363126693988
 -0.00011350000000000   0.50001358379797651
 -0.00011325000000000   0.50001353662324473
 -0.00011300000000000   0.50001348974097151
 -0.00011275000000000   0.50001347857874324
 -0.00011250000000000   0.50001343224723543
 -0.00011225000000000   0.50001338620220305
 -0.00011200000000000   0.50001334044186699
 -0.00011175000000000   0.50001329496444558
 -0.00011150000000000   0.50001324976815487
 -0.00011125000000000   0.50001324005989998
 -0.00011100000000000   0.50001319538805368
 -0.00011075000000000   0.50001315099136391
 -0.00011050000000000   0.50001310686804523
 -0.00011025000000000   0.50001306301631080
 -0.00011000000000000   0.50001301943437265
 -0.00010975000000000   0.50001297612044183
 -0.00010950000000000   0.50001293307272857
 -0.00010925000000000   0.50001289028944247
 -0.00010900000000000   0.50001288262675122
 -0.00010875000000000   0.50001284032932737
 -0.00010850000000000   0.50001279829039468
 -0.00010825000000000   0.50001275650816705
 -0.00010800000000000   0.50001271498085848
 -0.00010775000000000   0.50001267370668324
 -0.00010750000000000   0.50001263268385604
 -0.00010725000000000   0.50001259191059212
 -0.00010700000000000   0.50001255138510745
 -0.00010675000000000   0.50001251110561880
 -0.00010650000000000   0.50001247107034394
 -0.00010625000000000   0.50001243127750172
 -0.00010600000000000   0.50001239172531219
 -0.00010575000000000   0.50001235241199675
 -0.00010550000000000   0.50001231333577828
 -0.00010525000000000   0.50001227449488119
 -0.00010500000000000   0.50001223588753160
 -0.00010475000000000   0.50001219751195742
 -0.00010450000000000   0.50001215936638845
 -0.00010425000000000   0.50001212144905649
 -0.00010400000000000   0.50001208375819545
 -0.00010375000000000   0.50001204629204144
 -0.00010350000000000   0.50001200904883284
 -0.00010325000000000   0.50001197202681044
 -0.00010300000000000   0.50001193522421749
 -0.00010275000000000   0.50001189863929980
 -0.00010250000000000   0.50001186227030583
 -0.00010225000000000   0.50001182611548677
 -0.00010200000000000   0.50001179017309661
 -0.00010175000000000   0.50001175444139222
 -0.00010150000000000   0.50001171891863344
 -0.00010125000000000   0.50001168360308311
 -0.00010100000000000   0.50001164849300721
 -0.00010075000000000   0.50001161358667487
 -0.00010050000000000   0.50001157888235845
 -0.00010025000000000   0.50001154437833361
 -0.00010000000000000   0.50001151007287939
 -0.00009975000000000   0.50001147596427822
 -0.00009950000000000   0.50001140897815083
 -0.00009925000000000   0.50001137531390599
 -0.00009900000000000   0.50001134184178263
 -0.00009875000000000   0.50001130856007394
 -0.00009850000000000   0.50001127546707690
 -0.00009825000000000   0.50001124256109223
 -0.00009800000000000   0.50001120984042448
 -0.00009775000000000   0.50001117730338209
 -0.00009750000000000   0.50001114494827739
 -0.00009725000000000   0.50001111277342670
 -0.00009700000000000   0.50001104824839270
 -0.00009675000000000   0.50001101648874682
 -0.00009650000000000   0.50001098490469404
 -0.00009625000000000   0.50001095349456377
 -0.00009600000000000   0.50001092225668959
 -0.00009575000000000   0.50001089118940929
 -0.00009550000000000   0.50001086029106491
 -0.00009525000000000   0.50001079742618461
 -0.00009500000000000   0.50001076692307497
 -0.00009475000000000   0.50001073658429724
 -0.00009450000000000   0.50001070640820785
 -0.00009425000000000   0.50001067639316763
 -0.00009400000000000   0.50001064653754187
 -0.00009375000000000   0.50001058505482610
 -0.00009350000000000   0.50001055557756956
 -0.00009325000000000   0.50001052625517657
 -0.00009300000000000   0.50001049708602770
 -0.00009275000000000   0.50001046806850805
 -0.00009250000000000   0.50001040771200128
 -0.00009225000000000   0.50001037905902710
 -0.00009200000000000   0.50001035055317749
 -0.00009175000000000   0.50001032219285346
 -0.00009150000000000   0.50001029397646071
 -0.00009125000000000   0.50001023471812280
 -0.00009100000000000   0.50001020685255588
 -0.00009075000000000   0.50001017912646454
 -0.00009050000000000   0.50001015153827090
 -0.00009025000000000   0.50001012408640180
 -0.00009000000000000   0.50001006589819825
 -0.00008975000000000   0.50001003878355050
 -0.00008950000000000   0.50001001180082288
 -0.00008925000000000   0.50000998494845907
 -0.00008900000000000   0.50000992760465800
 -0.00008875000000000   0.50000990107884774
 -0.00008850000000000   0.50000987467903778
 -0.00008825000000000   0.50000984840368891
 -0.00008800000000000   0.50000979188704881
 -0.00008775000000000   0.50000976592766105
 -0.00008750000000000   0.50000974008841296
 -0.00008725000000000   0.50000971436778266
 -0.00008700000000000   0.50000965866108238
 -0.00008675000000000   0.50000963324590036
 -0.00008650000000000   0.50000960794505778
 -0.00008625000000000   0.50000955284618289
 -0.00008600000000000   0.50000952784310189
 -0.00008575000000000   0.50000950295011319
 -0.00008550000000000   0.50000947816572514
 -0.00008525000000000   0.50000942384710785
 -0.00008500000000000   0.50000939935011166
 -0.00008475000000000   0.50000937495751349
 -0.00008450000000000   0.50000932122515651
 -0.00008425000000000   0.50000929711236600
 -0.00008400000000000   0.50000927309980311
 -0.00008375000000000   0.50000921994464198
 -0.00008350000000000   0.50000919620434669
 -0.00008325000000000   0.50000917256014122
 -0.00008300000000000   0.50000911997312148
 -0.00008275000000000   0.50000909659368899
 -0.00008250000000000   0.50000907330624143
 -0.00008225000000000   0.50000902127832192
 -0.00008200000000000   0.50000899824819930
 -0.00008175000000000   0.50000897530598992
 -0.00008150000000000   0.50000892382814596
 -0.00008125000000000   0.50000890113586113
 -0.00008100000000000   0.50000887852745128
 -0.00008075000000000   0.50000882759067757
 -0.00008050000000000   0.50000880522484045
 -0.00008025000000000   0.50000878293887365
 -0.00008000000000000   0.50000873253418706
 -0.00007975000000000   0.50000871048349060
 -0.00007950000000000   0.50000868850869353
 -0.00007925000000000   0.50000863862713559
 -0.00007900000000000   0.50000861688035665
 -0.00007875000000000   0.50000856736160033
 -0.00007850000000000   0.50000854583817937
 -0.00007825000000000   0.50000852438417949
 -0.00007800000000000   0.50000847537398618
 -0.00007775000000000   0.50000845413617328
 -0.00007750000000000   0.50000843296389934
 -0.00007725000000000   0.50000838445338034
 -0.00007700000000000   0.50000836349017422
 -0.00007675000000000   0.50000831532767736
 -0.00007650000000000   0.50000829456895835
 -0.00007625000000000   0.50000827386944406
 -0.00007600000000000   0.50000822619216547
 -0.00007575000000000   0.50000820569010295
 -0.00007550000000000   0.50000815835172893
 -0.00007525000000000   0.50000813804258775
 -0.00007500000000000   0.50000811778640645
 -0.00007475000000000   0.50000807091887113
 -0.00007450000000000   0.50000805084866088
 -0.00007425000000000   0.50000800431094700
 -0.00007400000000000   0.50000798442222865
 -0.00007375000000000   0.50000793821083120
 -0.00007350000000000   0.50000791849914495
 -0.00007325000000000   0.50000789883185873
 -0.00007300000000000   0.50000785307146770
 -0.00007275000000000   0.50000783357438198
 -0.00007250000000000   0.50000778813127806
 -0.00007225000000000   0.50000776879998541
 -0.00007200000000000   0.50000772367068103
 -0.00007175000000000   0.50000770450079386
 -0.00007150000000000   0.50000765968180596
 -0.00007125000000000   0.50000764066895657
 -0.00007100000000000   0.50000759615680697
 -0.00007075000000000   0.50000757729664774
 -0.00007050000000000   0.50000755846782517
 -0.00007025000000000   0.50000751437606695
 -0.00007000000000000   0.50000749569328942
 -0.00006975000000000   0.50000745189943957
 -0.00006950000000000   0.50000743335841293
 -0.00006925000000000   0.50000738985901716
 -0.00006900000000000   0.50000737145546753
 -0.00006875000000000   0.50000732824707785
 -0.00006850000000000   0.50000730997675171
 -0.00006825000000000   0.50000726705592670
 -0.00006800000000000   0.50000724891459091
 -0.00006775000000000   0.50000720627789598
 -0.00006750000000000   0.50000718826133785
 -0.00006725000000000   0.50000714590534553
 -0.00006700000000000   0.50000712800937284
 -0.00006675000000000   0.50000708593066301
 -0.00006650000000000   0.50000706815110404
 -0.00006625000000000   0.50000702634626416
 -0.00006600000000000   0.50000700867896774
 -0.00006575000000000   0.50000696714459307
 -0.00006550000000000   0.50000694958542855
 -0.00006525000000000   0.50000690831812238
 -0.00006500000000000   0.50000689086297967
 -0.00006475000000000   0.50000684985935350
 -0.00006450000000000   0.50000683250414306
 -0.00006425000000000   0.50000679176081680
 -0.00006400000000000   0.50000677450146962
 -0.00006375000000000   0.50000673401507177
 -0.00006350000000000   0.50000671684753940
 -0.00006325000000000   0.50000667661470722
 -0.00006300000000000   0.50000663654412222
 -0.00006275000000000   0.50000661955234135
 -0.00006250000000000   0.50000657973049917
 -0.00006225000000000   0.50000656282062195
 -0.00006200000000000   0.50000652324417916
 -0.00006175000000000   0.50000650641222650
 -0.00006150000000000   0.50000646707784897
 -0.00006125000000000   0.50000645031986224
 -0.00006100000000000   0.50000641122422531
 -0.00006075000000000   0.50000637228436754
 -0.00006050000000000   0.50000635567605487
 -0.00006025000000000   0.50000631697015857
 -0.00006000000000000   0.50000630042611441
 -0.00005975000000000   0.50000626195087601
 -0.00005950000000000   0.50000624546721080
 -0.00005925000000000   0.50000620721933662
 -0.00005900000000000   0.50000619079218109
 -0.00005875000000000   0.50000615276838744
 -0.00005850000000000   0.50000611489392282
 -0.00005825000000000   0.50000609859090577
 -0.00005800000000000   0.50000606093579124
 -0.00005775000000000   0.50000604467979926
 -0.00005750000000000   0.50000600724077358
 -0.00005725000000000   0.50000596994755772
 -0.00005700000000000   0.50000595380181811
 -0.00005675000000000   0.50000591671998746
 -0.00005650000000000   0.50000590061190349
 -0.00005625000000000   0.50000586373821994
 -0.00005600000000000   0.50000582700683327
 -0.00005575000000000   0.50000581099527469
 -0.00005550000000000   0.50000577446735943
 -0.00005525000000000   0.50000575848420168
 -0.00005500000000000   0.50000572215654339
 -0.00005475000000000   0.50000568596767685
 -0.00005450000000000   0.50000567006747613
 -0.00005425000000000   0.50000563407421985
 -0.00005400000000000   0.50000561819327903
 -0.00005375000000000   0.50000558239244268
 -0.00005350000000000   0.50000554672690209
 -0.00005325000000000   0.50000553091550785
 -0.00005300000000000   0.50000549543777029
 -0.00005275000000000   0.50000546009327721
 -0.00005250000000000   0.50000544434350780
 -0.00005225000000000   0.50000540918221753
 -0.00005200000000000   0.50000539343734854
 -0.00005175000000000   0.50000535845610910
 -0.00005150000000000   0.50000532360463367
 -0.00005125000000000   0.50000530790822697
 -0.00005100000000000   0.50000527323223312
 -0.00005075000000000   0.50000523868395967
 -0.00005050000000000   0.50000522302823699
 -0.00005025000000000   0.50000518865089323
 -0.00005000000000000   0.50000515439922902
 -0.00004975000000000   0.50000513877646451
 -0.00004950000000000   0.50000510469119566
 -0.00004925000000000   0.50000507072956848
 -0.00004900000000000   0.50000505513208849
 -0.00004875000000000   0.50000502133234013
 -0.00004850000000000   0.50000498765419875
 -0.00004825000000000   0.50000497207438161
 -0.00004800000000000   0.50000493855362046
 -0.00004775000000000   0.50000490515243500
 -0.00004750000000000   0.50000488958271078
 -0.00004725000000000   0.50000485633442506
 -0.00004700000000000   0.50000482320368732
 -0.00004675000000000   0.50000480763653760
 -0.00004650000000000   0.50000477465423736
 -0.00004625000000000   0.50000474178746113
 -0.00004600000000000   0.50000472621541872
 -0.00004575000000000   0.50000469349263609
 -0.00004550000000000   0.50000466088335742
 -0.00004525000000000   0.50000464529900610
 -0.00004500000000000   0.50000461282929558
 -0.00004475000000000   0.50000458047107301
 -0.00004450000000000   0.50000456486704726
 -0.00004425000000000   0.50000453264398591
 -0.00004400000000000   0.50000450053040070
 -0.00004375000000000   0.50000446852567395
 -0.00004350000000000   0.50000445291657302
 -0.00004325000000000   0.50000442104122931
 -0.00004300000000000   0.50000438927273678
 -0.00004275000000000   0.50000437362701881
 -0.00004250000000000   0.50000434198354378
 -0.00004225000000000   0.50000431044491714
 -0.00004200000000000   0.50000427901052131
 -0.00004175000000000   0.50000426333742508
 -0.00004150000000000   0.50000423202231926
 -0.00004125000000000   0.50000420080944639
 -0.00004100000000000   0.50000418508305015
 -0.00004075000000000   0.50000415398514347
 -0.00004050000000000   0.50000412298747658
 -0.00004025000000000   0.50000409208943240
 -0.00004000000000000   0.50000407631368601
 -0.00003975000000000   0.50000404552493166
 -0.00003950000000000   0.50000401483381212
 -0.00003925000000000   0.50000398423971052
 -0.00003900000000000   0.50000396840222717
 -0.00003875000000000   0.50000393791176731
 -0.00003850000000000   0.50000390751634292
 -0.00003825000000000   0.50000389159987420
 -0.00003800000000000   0.50000386130383270
 -0.00003775000000000   0.50000383110084920
 -0.00003750000000000   0.50000380099030772
 -0.00003725000000000   0.50000378499063831
 -0.00003700000000000   0.50000375497388310
 -0.00003675000000000   0.50000372504759810
 -0.00003650000000000   0.50000369521116774
 -0.00003625000000000   0.50000366546397626
 -0.00003600000000000   0.50000364936798096
 -0.00003575000000000   0.50000361970765723
 -0.00003550000000000   0.50000359013460705
 -0.00003525000000000   0.50000356064821520
 -0.00003500000000000   0.50000354444195119
 -0.00003475000000000   0.50000351503689255
 -0.00003450000000000   0.50000348571653279
 -0.00003425000000000   0.50000345648025728
 -0.00003400000000000   0.50000344015184119
 -0.00003375000000000   0.50000341099139269
 -0.00003350000000000   0.50000338191307498
 -0.00003325000000000   0.50000335291627407
 -0.00003300000000000   0.50000332400037585
 -0.00003275000000000   0.50000330752746875
 -0.00003250000000000   0.50000327868058629
 -0.00003225000000000   0.50000324991265991
 -0.00003200000000000   0.50000322122307620
 -0.00003175000000000   0.50000320460165380
 -0.00003150000000000   0.50000317597564143
 -0.00003125000000000   0.50000314742603125
 -0.00003100000000000   0.50000311895221059
 -0.00003075000000000   0.50000309055356671
 -0.00003050000000000   0.50000307375503652
 -0.00003025000000000   0.50000304541322597
 -0.00003000000000000   0.50000301714465872
 -0.00002975000000000   0.50000298894872282
 -0.00002950000000000   0.50000296082480627
 -0.00002925000000000   0.50000294383130242
 -0.00002900000000000   0.50000291575752072
 -0.00002875000000000   0.50000288775383194
 -0.00002850000000000   0.50000285981962491
 -0.00002825000000000   0.50000283195428844
 -0.00002800000000000   0.50000281474811607
 -0.00002775000000000   0.50000278692625526
 -0.00002750000000000   0.50000275917134566
 -0.00002725000000000   0.50000273148277692
 -0.00002700000000000   0.50000270385993871
 -0.00002675000000000   0.50000267630222062
 -0.00002650000000000   0.50000265883758926
 -0.00002625000000000   0.50000263131542482
 -0.00002600000000000   0.50000260385646919
 -0.00002575000000000   0.50000257646011288
 -0.00002550000000000   0.50000254912574640
 -0.00002525000000000   0.50000252185276025
 -0.00002500000000000   0.50000250410472272
 -0.00002475000000000   0.50000247685942029
 -0.00002450000000000   0.50000244967359490
 -0.00002425000000000   0.50000242254663797
 -0.00002400000000000   0.50000239547794093
 -0.00002375000000000   0.50000236846689520
 -0.00002350000000000   0.50000235041077452
 -0.00002325000000000   0.50000232341959418
 -0.00002300000000000   0.50000229648416988
 -0.00002275000000000   0.50000226960389399
 -0.00002250000000000   0.50000224277815891
 -0.00002225000000000   0.50000221600635702
 -0.00002200000000000   0.50000218928788073
 -0.00002175000000000   0.50000217085803872
 -0.00002150000000000   0.50000214415038079
 -0.00002125000000000   0.50000211749416210
 -0.00002100000000000   0.50000209088877602
 -0.00002075000000000   0.50000206433361593
 -0.00002050000000000   0.50000203782807522
 -0.00002025000000000   0.50000201137154735
 -0.00002000000000000   0.50000198496342576
 -0.00001975000000000   0.50000196608045709
 -0.00001950000000000   0.50000193967290100
 -0.00001925000000000   0.50000191331187460
 -0.00001900000000000   0.50000188699677230
 -0.00001875000000000   0.50000186072698853
 -0.00001850000000000   0.50000183450191776
 -0.00001825000000000   0.50000180832095450
 -0.00001800000000000   0.50000178218349326
 -0.00001775000000000   0.50000176280506089
 -0.00001750000000000   0.50000173665799279
 -0.00001725000000000   0.50000171055255976
 -0.00001700000000000   0.50000168448815727
 -0.00001675000000000   0.50000165846418086
 -0.00001650000000000   0.50000163248002606
 -0.00001625000000000   0.50000160653508844
 -0.00001600000000000   0.50000158062876363
 -0.00001575000000000   0.50000155476044727
 -0.00001550000000000   0.50000153478706466
 -0.00001525000000000   0.50000150889779492
 -0.00001500000000000   0.50000148304467704
 -0.00001475000000000   0.50000145722710761
 -0.00001450000000000   0.50000143144448324
 -0.00001425000000000   0.50000140569620057
 -0.00001400000000000   0.50000137998165631
 -0.00001375000000000   0.50000135430024716
 -0.00001350000000000   0.50000132865136989
 -0.00001325000000000   0.50000130303442128
 -0.00001300000000000   0.50000127744879815
 -0.00001275000000000   0.50000125669940224
 -0.00001250000000000   0.50000123107908833
 -0.00001225000000000   0.50000120548825519
 -0.00001200000000000   0.50000117992630055
 -0.00001175000000000   0.50000115439262218
 -0.00001150000000000   0.50000112888661787
 -0.00001125000000000   0.50000110340768545
 -0.00001100000000000   0.50000107795522278
 -0.00001075000000000   0.50000105252862775
 -0.00001050000000000   0.50000102712729829
 -0.00001025000000000   0.50000100175063235
 -0.00001000000000000   0.50000097639802792
 -0.00000975000000000   0.50000095106888302
 -0.00000950000000000   0.50000092576259569
 -0.00000925000000000   0.50000090394150327
 -0.00000900000000000   0.50000087858322754
 -0.00000875000000000   0.50000085324597865
 -0.00000850000000000   0.50000082792915551
 -0.00000825000000000   0.50000080263215704
 -0.00000800000000000   0.50000077735438221
 -0.00000775000000000   0.50000075209522998
 -0.00000750000000000   0.50000072685409938
 -0.00000725000000000   0.50000070163038943
 -0.00000700000000000   0.50000067642349919
 -0.00000675000000000   0.50000065123282774
 -0.00000650000000000   0.50000062605777418
 -0.00000625000000000   0.50000060089773763
 -0.00000600000000000   0.50000057575211724
 -0.00000575000000000   0.50000055062031218
 -0.00000550000000000   0.50000052550172162
 -0.00000525000000000   0.50000050039574478
 -0.00000500000000000   0.50000047530178088
 -0.00000475000000000   0.50000045021922916
 -0.00000450000000000   0.50000042514748888
 -0.00000425000000000   0.50000040008595931
 -0.00000400000000000   0.50000037503403974
 -0.00000375000000000   0.50000034999112948
 -0.00000350000000000   0.50000032495662784
 -0.00000325000000000   0.50000029992993416
 -0.00000300000000000   0.50000027491044777
 -0.00000275000000000   0.50000024989756802
 -0.00000250000000000   0.50000022489069429
 -0.00000225000000000   0.50000019988922595
 -0.00000200000000000   0.50000017556652359
 -0.00000175000000000   0.50000015047779321
 -0.00000150000000000   0.50000012539266212
 -0.00000125000000000   0.50000010031053042
 -0.00000100000000000   0.50000007523079825
 -0.00000075000000000   0.50000005015286570
 -0.00000050000000000   0.50000002507613291
 -0.00000025000000000   0.50000000000000000
  0.00000000000000000   0.49999997492386708
  0.00000025000000000   0.49999994984713429
  0.00000050000000000   0.49999992476920175
  0.00000075000000000   0.49999989968946957
  0.00000100000000000   0.49999987460733788
  0.00000125000000000   0.49999984952220679
  0.00000150000000000   0.49999982443347640
  0.00000175000000000   0.49999980011077405
  0.00000200000000000   0.49999977510930570
  0.00000225000000000   0.49999975010243197
  0.00000250000000000   0.49999972508955223
  0.00000275000000000   0.49999970007006584
  0.00000300000000000   0.49999967504337215
  0.00000325000000000   0.49999965000887051
  0.00000350000000000   0.49999962496596025
  0.00000375000000000   0.49999959991404068
  0.00000400000000000   0.49999957485251112
  0.00000425000000000   0.49999954978077083
  0.00000450000000000   0.49999952469821911
  0.00000475000000000   0.49999949960425521
  0.00000500000000000   0.49999947449827837
  0.00000525000000000   0.49999944937968782
  0.00000550000000000   0.49999942424788276
  0.00000575000000000   0.49999939910226237
  0.00000600000000000   0.49999937394222582
  0.00000625000000000   0.49999934876717225
  0.00000650000000000   0.49999932357650080
  0.00000675000000000   0.49999929836961056
  0.00000700000000000   0.49999927314590062
  0.00000725000000000   0.49999924790477001
  0.00000750000000000   0.49999922264561779
  0.00000775000000000   0.49999919736784295
  0.00000800000000000   0.49999917207084448
  0.00000825000000000   0.49999914675402134
  0.00000850000000000   0.49999912141677245
  0.00000875000000000   0.49999909605849672
  0.00000900000000000   0.49999907423740430
  0.00000925000000000   0.49999904893111697
  0.00000950000000000   0.49999902360197207
  0.00000975000000000   0.49999899824936764
  0.00001000000000000   0.49999897287270170
  0.00001025000000000   0.49999894747137224
  0.00001050000000000   0.49999892204477721
  0.00001075000000000   0.49999889659231455
  0.00001100000000000   0.49999887111338213
  0.00001125000000000   0.49999884560737782
  0.00001150000000000   0.49999882007369945
  0.00001175000000000   0.49999879451174481
  0.00001200000000000   0.49999876892091167
  0.00001225000000000   0.49999874330059775
  0.00001250000000000   0.49999872255120184
  0.00001275000000000   0.49999869696557872
  0.00001300000000000   0.49999867134863011
  0.00001325000000000   0.49999864569975283
  0.00001350000000000   0.49999862001834368
  0.00001375000000000   0.49999859430379942
  0.00001400000000000   0.49999856855551676
  0.00001425000000000   0.49999854277289239
  0.00001450000000000   0.49999851695532295
  0.00001475000000000   0.49999849110220507
  0.00001500000000000   0.49999846521293533
  0.00001525000000000   0.49999844523955272
  0.00001550000000000   0.49999841937123636
  0.00001575000000000   0.49999839346491155
  0.00001600000000000   0.49999836751997394
  0.00001625000000000   0.49999834153581914
  0.00001650000000000   0.49999831551184272
  0.00001675000000000   0.49999828944744024
  0.00001700000000000   0.49999826334200721
  0.00001725000000000   0.49999823719493910
  0.00001750000000000   0.49999821781650673
  0.00001775000000000   0.49999819167904550
  0.00001800000000000   0.49999816549808224
  0.00001825000000000   0.49999813927301147
  0.00001850000000000   0.49999811300322770
  0.00001875000000000   0.49999808668812539
  0.00001900000000000   0.49999806032709899
  0.00001925000000000   0.49999803391954291
  0.00001950000000000   0.49999801503657423
  0.00001975000000000   0.49999798862845265
  0.00002000000000000   0.49999796217192477
  0.00002025000000000   0.49999793566638407
  0.00002050000000000   0.49999790911122398
  0.00002075000000000   0.49999788250583789
  0.00002100000000000   0.49999785584961920
  0.00002125000000000   0.49999782914196127
  0.00002150000000000   0.49999781071211927
  0.00002175000000000   0.49999778399364298
  0.00002200000000000   0.49999775722184109
  0.00002225000000000   0.49999773039610600
  0.00002250000000000   0.49999770351583012
  0.00002275000000000   0.49999767658040581
  0.00002300000000000   0.49999764958922547
  0.00002325000000000   0.49999763153310479
  0.00002350000000000   0.49999760452205907
  0.00002375000000000   0.49999757745336202
  0.00002400000000000   0.49999755032640509
  0.00002425000000000   0.49999752314057970
  0.00002450000000000   0.49999749589527727
  0.00002475000000000   0.49999747814723975
  0.00002500000000000   0.49999745087425360
  0.00002525000000000   0.49999742353988712
  0.00002550000000000   0.49999739614353080
  0.00002575000000000   0.49999736868457517
  0.00002600000000000   0.49999734116241074
  0.00002625000000000   0.49999732369777938
  0.00002650000000000   0.49999729614006129
  0.00002675000000000   0.49999726851722307
  0.00002700000000000   0.49999724082865434
  0.00002725000000000   0.49999721307374474
  0.00002750000000000   0.49999718525188393
  0.00002775000000000   0.49999716804571156
  0.00002800000000000   0.49999714018037508
  0.00002825000000000   0.49999711224616805
  0.00002850000000000   0.49999708424247927
  0.00002875000000000   0.49999705616869757
  0.00002900000000000   0.49999703917519372
  0.00002925000000000   0.49999701105127718
  0.00002950000000000   0.49999698285534128
  0.00002975000000000   0.49999695458677402
  0.00003000000000000   0.49999692624496348
  0.00003025000000000   0.49999690944643329
  0.00003050000000000   0.49999688104778941
  0.00003075000000000   0.49999685257396874
  0.00003100000000000   0.49999682402435856
  0.00003125000000000   0.49999679539834620
  0.00003150000000000   0.49999677877692380
  0.00003175000000000   0.49999675008734009
  0.00003200000000000   0.49999672131941370
  0.00003225000000000   0.49999669247253124
  0.00003250000000000   0.49999667599962415
  0.00003275000000000   0.49999664708372592
  0.00003300000000000   0.49999661808692501
  0.00003325000000000   0.49999658900860730
  0.00003350000000000   0.49999655984815880
  0.00003375000000000   0.49999654351974272
  0.00003400000000000   0.49999651428346721
  0.00003425000000000   0.49999648496310745
  0.00003450000000000   0.49999645555804880
  0.00003475000000000   0.49999643935178480
  0.00003500000000000   0.49999640986539294
  0.00003525000000000   0.49999638029234276
  0.00003550000000000   0.49999635063201904
  0.00003575000000000   0.49999633453602373
  0.00003600000000000   0.49999630478883226
  0.00003625000000000   0.49999627495240190
  0.00003650000000000   0.49999624502611689
  0.00003675000000000   0.49999621500936168
  0.00003700000000000   0.49999619900969228
  0.00003725000000000   0.49999616889915079
  0.00003750000000000   0.49999613869616730
  0.00003775000000000   0.49999610840012580
  0.00003800000000000   0.49999609248365708
  0.00003825000000000   0.49999606208823269
  0.00003850000000000   0.49999603159777283
  0.00003875000000000   0.49999601576028947
  0.00003900000000000   0.49999598516618787
  0.00003925000000000   0.49999595447506834
  0.00003950000000000   0.49999592368631399
  0.00003975000000000   0.49999590791056759
  0.00004000000000000   0.49999587701252341
  0.00004025000000000   0.49999584601485653
  0.00004050000000000   0.49999581491694984
  0.00004075000000000   0.49999579919055361
  0.00004100000000000   0.49999576797768074
  0.00004125000000000   0.49999573666257492
  0.00004150000000000   0.49999572098947868
  0.00004175000000000   0.49999568955508286
  0.00004200000000000   0.49999565801645621
  0.00004225000000000   0.49999562637298119
  0.00004250000000000   0.49999561072726321
  0.00004275000000000   0.49999557895877068
  0.00004300000000000   0.49999554708342697
  0.00004325000000000   0.49999553147432604
  0.00004350000000000   0.49999549946959930
  0.00004375000000000   0.49999546735601409
  0.00004400000000000   0.49999543513295273
  0.00004425000000000   0.49999541952892698
  0.00004450000000000   0.49999538717070442
  0.00004475000000000   0.49999535470099389
  0.00004500000000000   0.49999533911664258
  0.00004525000000000   0.49999530650736391
  0.00004550000000000   0.49999527378458128
  0.00004575000000000   0.49999525821253887
  0.00004600000000000   0.49999522534576264
  0.00004625000000000   0.49999519236346240
  0.00004650000000000   0.49999517679631267
  0.00004675000000000   0.49999514366557494
  0.00004700000000000   0.49999511041728922
  0.00004725000000000   0.49999509484756500
  0.00004750000000000   0.49999506144637954
  0.00004775000000000   0.49999502792561839
  0.00004800000000000   0.49999501234580125
  0.00004825000000000   0.49999497866765986
  0.00004850000000000   0.49999494486791150
  0.00004875000000000   0.49999492927043152
  0.00004900000000000   0.49999489530880433
  0.00004925000000000   0.49999486122353548
  0.00004950000000000   0.49999484560077098
  0.00004975000000000   0.49999481134910676
  0.00005000000000000   0.49999477697176300
  0.00005025000000000   0.49999476131604032
  0.00005050000000000   0.49999472676776687
  0.00005075000000000   0.49999469209177303
  0.00005100000000000   0.49999467639536632
  0.00005125000000000   0.49999464154389089
  0.00005150000000000   0.49999460656265145
  0.00005175000000000   0.49999459081778246
  0.00005200000000000   0.49999455565649220
  0.00005225000000000   0.49999453990672279
  0.00005250000000000   0.49999450456222970
  0.00005275000000000   0.49999446908449215
  0.00005300000000000   0.49999445327309790
  0.00005325000000000   0.49999441760755731
  0.00005350000000000   0.49999438180672096
  0.00005375000000000   0.49999436592578014
  0.00005400000000000   0.49999432993252387
  0.00005425000000000   0.49999431403232314
  0.00005450000000000   0.49999427784345660
  0.00005475000000000   0.49999424151579832
  0.00005500000000000   0.49999422553264056
  0.00005525000000000   0.49999418900472530
  0.00005550000000000   0.49999417299316673
  0.00005575000000000   0.49999413626178006
  0.00005600000000000   0.49999409938809650
  0.00005625000000000   0.49999408328001253
  0.00005650000000000   0.49999404619818188
  0.00005675000000000   0.49999403005244227
  0.00005700000000000   0.49999399275922641
  0.00005725000000000   0.49999395532020073
  0.00005750000000000   0.49999393906420875
  0.00005775000000000   0.49999390140909422
  0.00005800000000000   0.49999388510607717
  0.00005825000000000   0.49999384723161256
  0.00005850000000000   0.49999380920781890
  0.00005875000000000   0.49999379278066337
  0.00005900000000000   0.49999375453278919
  0.00005925000000000   0.49999373804912399
  0.00005950000000000   0.49999369957388558
  0.00005975000000000   0.49999368302984142
  0.00006000000000000   0.49999364432394512
  0.00006025000000000   0.49999362771563245
  0.00006050000000000   0.49999358877577468
  0.00006075000000000   0.49999354968013776
  0.00006100000000000   0.49999353292215102
  0.00006125000000000   0.49999349358777350
  0.00006150000000000   0.49999347675582084
  0.00006175000000000   0.49999343717937804
  0.00006200000000000   0.49999342026950082
  0.00006225000000000   0.49999338044765865
  0.00006250000000000   0.49999336345587778
  0.00006275000000000   0.49999332338529278
  0.00006300000000000   0.49999328315246060
  0.00006325000000000   0.49999326598492822
  0.00006350000000000   0.49999322549853037
  0.00006375000000000   0.49999320823918319
  0.00006400000000000   0.49999316749585693
  0.00006425000000000   0.49999315014064649
  0.00006450000000000   0.49999310913702032
  0.00006475000000000   0.49999309168187761
  0.00006500000000000   0.49999305041457144
  0.00006525000000000   0.49999303285540692
  0.00006550000000000   0.49999299132103225
  0.00006575000000000   0.49999297365373583
  0.00006600000000000   0.49999293184889595
  0.00006625000000000   0.49999291406933698
  0.00006650000000000   0.49999287199062716
  0.00006675000000000   0.49999285409465446
  0.00006700000000000   0.49999281173866215
  0.00006725000000000   0.49999279372210401
  0.00006750000000000   0.49999275108540909
  0.00006775000000000   0.49999273294407330
  0.00006800000000000   0.49999269002324828
  0.00006825000000000   0.49999267175292214
  0.00006850000000000   0.49999262854453246
  0.00006875000000000   0.49999261014098283
  0.00006900000000000   0.49999256664158706
  0.00006925000000000   0.49999254810056043
  0.00006950000000000   0.49999250430671057
  0.00006975000000000   0.49999248562393304
  0.00007000000000000   0.49999244153217483
  0.00007025000000000   0.49999242270335225
  0.00007050000000000   0.49999240384319302
  0.00007075000000000   0.49999235933104343
  0.00007100000000000   0.49999234031819404
  0.00007125000000000   0.49999229549920614
  0.00007150000000000   0.49999227632931896
  0.00007175000000000   0.49999223120001458
  0.00007200000000000   0.49999221186872193
  0.00007225000000000   0.49999216642561802
  0.00007250000000000   0.49999214692853229
  0.00007275000000000   0.49999210116814126
  0.00007300000000000   0.49999208150085504
  0.00007325000000000   0.49999206178916879
  0.00007350000000000   0.49999201557777135
  0.00007375000000000   0.49999199568905300
  0.00007400000000000   0.49999194915133911
  0.00007425000000000   0.49999192908112887
  0.00007450000000000   0.49999188221359354
  0.00007475000000000   0.49999186195741224
  0.00007500000000000   0.49999184164827106
  0.00007525000000000   0.49999179430989704
  0.00007550000000000   0.49999177380783452
  0.00007575000000000   0.49999172613055593
  0.00007600000000000   0.49999170543104164
  0.00007625000000000   0.49999168467232263
  0.00007650000000000   0.49999163650982578
  0.00007675000000000   0.49999161554661965
  0.00007700000000000   0.49999156703610065
  0.00007725000000000   0.49999154586382671
  0.00007750000000000   0.49999152462601381
  0.00007775000000000   0.49999147561582050
  0.00007800000000000   0.49999145416182062
  0.00007825000000000   0.49999143263839966
  0.00007850000000000   0.49999138311964334
  0.00007875000000000   0.49999136137286440
  0.00007900000000000   0.49999131149130646
  0.00007925000000000   0.49999128951650940
  0.00007950000000000   0.49999126746581293
  0.00007975000000000   0.49999121706112634
  0.00008000000000000   0.49999119477515954
  0.00008025000000000   0.49999117240932242
  0.00008050000000000   0.49999112147254871
  0.00008075000000000   0.49999109886413886
  0.00008100000000000   0.49999107617185403
  0.00008125000000000   0.49999102469401007
  0.00008150000000000   0.49999100175180070
  0.00008175000000000   0.49999097872167807
  0.00008200000000000   0.49999092669375856
  0.00008225000000000   0.49999090340631101
  0.00008250000000000   0.49999088002687851
  0.00008275000000000   0.49999082743985877
  0.00008300000000000   0.49999080379565330
  0.00008325000000000   0.49999078005535801
  0.00008350000000000   0.49999072690019689
  0.00008375000000000   0.49999070288763400
  0.00008400000000000   0.49999067877484348
  0.00008425000000000   0.49999062504248650
  0.00008450000000000   0.49999060064988833
  0.00008475000000000   0.49999057615289214
  0.00008500000000000   0.49999052183427485
  0.00008525000000000   0.49999049704988680
  0.00008550000000000   0.49999047215689810
  0.00008575000000000   0.49999044715381710
  0.00008600000000000   0.49999039205494221
  0.00008625000000000   0.49999036675409964
  0.00008650000000000   0.49999034133891761
  0.00008675000000000   0.49999028563221733
  0.00008700000000000   0.49999025991158703
  0.00008725000000000   0.49999023407233894
  0.00008750000000000   0.49999020811295118
  0.00008775000000000   0.49999015159631108
  0.00008800000000000   0.49999012532096221
  0.00008825000000000   0.49999009892115226
  0.00008850000000000   0.49999007239534199
  0.00008875000000000   0.49999001505154092
  0.00008900000000000   0.49998998819917711
  0.00008925000000000   0.49998996121644949
  0.00008950000000000   0.49998993410180174
  0.00008975000000000   0.49998987591359819
  0.00009000000000000   0.49998984846172910
  0.00009025000000000   0.49998982087353545
  0.00009050000000000   0.49998979314744411
  0.00009075000000000   0.49998976528187719
  0.00009100000000000   0.49998970602353929
  0.00009125000000000   0.49998967780714654
  0.00009150000000000   0.49998964944682250
  0.00009175000000000   0.49998962094097289
  0.00009200000000000   0.49998959228799871
  0.00009225000000000   0.49998953193149194
  0.00009250000000000   0.49998950291397229
  0.00009275000000000   0.49998947374482342
  0.00009300000000000   0.49998944442243044
  0.00009325000000000   0.49998941494517389
  0.00009350000000000   0.49998935346245812
  0.00009375000000000   0.49998932360683236
  0.00009400000000000   0.49998929359179214
  0.00009425000000000   0.49998926341570275
  0.00009450000000000   0.49998923307692502
  0.00009475000000000   0.49998920257381538
  0.00009500000000000   0.49998913970893508
  0.00009525000000000   0.49998910881059070
  0.00009550000000000   0.49998907774331040
  0.00009575000000000   0.49998904650543622
  0.00009600000000000   0.49998901509530595
  0.00009625000000000   0.49998898351125317
  0.00009650000000000   0.49998895175160729
  0.00009675000000000   0.49998888722657329
  0.00009700000000000   0.49998885505172260
  0.00009725000000000   0.49998882269661791
  0.00009750000000000   0.49998879015957551
  0.00009775000000000   0.49998875743890776
  0.00009800000000000   0.49998872453292309
  0.00009825000000000   0.49998869143992605
  0.00009850000000000   0.49998865815821736
  0.00009875000000000   0.49998862468609400
  0.00009900000000000   0.49998859102184916
  0.00009925000000000   0.49998852403572177
  0.00009950000000000   0.49998848992712060
  0.00009975000000000   0.49998845562166638
  0.00010000000000000   0.49998842111764154
  0.00010025000000000   0.49998838641332512
  0.00010050000000000   0.49998835150699278
  0.00010075000000000   0.49998831639691688
  0.00010100000000000   0.49998828108136656
  0.00010125000000000   0.49998824555860777
  0.00010150000000000   0.49998820982690338
  0.00010175000000000   0.49998817388451322
  0.00010200000000000   0.49998813772969416
  0.00010225000000000   0.49998810136070019
  0.00010250000000000   0.49998806477578250
  0.00010275000000000   0.49998802797318955
  0.00010300000000000   0.49998799095116715
  0.00010325000000000   0.49998795370795855
  0.00010350000000000   0.49998791624180454
  0.00010375000000000   0.49998787855094350
  0.00010400000000000   0.49998784063361154
  0.00010425000000000   0.49998780248804257
  0.00010450000000000   0.49998776411246839
  0.00010475000000000   0.49998772550511880
  0.00010500000000000   0.49998768666422171
  0.00010525000000000   0.49998764758800324
  0.00010550000000000   0.49998760827468780
  0.00010575000000000   0.49998756872249827
  0.00010600000000000   0.49998752892965604
  0.00010625000000000   0.49998748889438119
  0.00010650000000000   0.49998744861489254
  0.00010675000000000   0.49998740808940787
  0.00010700000000000   0.49998736731614395
  0.00010725000000000   0.49998732629331674
  0.00010750000000000   0.49998728501914151
  0.00010775000000000   0.49998724349183294
  0.00010800000000000   0.49998720170960531
  0.00010825000000000   0.49998715967067262
  0.00010850000000000   0.49998711737324877
  0.00010875000000000   0.49998710971055752
  0.00010900000000000   0.49998706692727142
  0.00010925000000000   0.49998702387955816
  0.00010950000000000   0.49998698056562734
  0.00010975000000000   0.49998693698368919
  0.00011000000000000   0.49998689313195476
  0.00011025000000000   0.49998684900863608
  0.00011050000000000   0.49998680461194631
  0.00011075000000000   0.49998675994010001
  0.00011100000000000   0.49998675023184512
  0.00011125000000000   0.49998670503555441
  0.00011150000000000   0.49998665955813300
  0.00011175000000000   0.49998661379779693
  0.00011200000000000   0.49998656775276456
  0.00011225000000000   0.49998652142125675
  0.00011250000000000   0.49998651025902848
  0.00011275000000000   0.49998646337675526
  0.00011300000000000   0.49998641620202347
  0.00011325000000000   0.49998636873306011
  0.00011350000000000   0.49998632096809578
  0.00011375000000000   0.49998630853358569
  0.00011400000000000   0.49998626019561371
  0.00011425000000000   0.49998621155566283
  0.00011450000000000   0.49998616261197414
  0.00011475000000000   0.49998611336279360
  0.00011500000000000   0.49998609958946849
  0.00011525000000000   0.49998604974497125
  0.00011550000000000   0.49998599958902556
  0.00011575000000000   0.49998594911989282
  0.00011600000000000   0.49998593423911424
  0.00011625000000000   0.49998588315653855
  0.00011650000000000   0.49998583175484537
  0.00011675000000000   0.49998578003231592
  0.00011700000000000   0.49998576399987712
  0.00011725000000000   0.49998571164577745
  0.00011750000000000   0.49998565896494992
  0.00011775000000000   0.49998564205344406
  0.00011800000000000   0.49998558872711454
  0.00011825000000000   0.49998553506819843
  0.00011850000000000   0.49998551725155533
  0.00011875000000000   0.49998546293321672
  0.00011900000000000   0.49998540827647390
  0.00011925000000000   0.49998538952850024
  0.00011950000000000   0.49998533419844066
  0.00011975000000000   0.49998527852420918
  0.00012000000000000   0.49998525881860682
  0.00012025000000000   0.49998520245720699
  0.00012050000000000   0.49998514574592708
  0.00012075000000000   0.49998512505631331
  0.00012100000000000   0.49998506764407383
  0.00012125000000000   0.49998504629913745
  0.00012150000000000   0.49998498817624571
  0.00012175000000000   0.49998492969381661
  0.00012200000000000   0.49998490732004666
  0.00012225000000000   0.49998484811330218
  0.00012250000000000   0.49998482505307029
  0.00012275000000000   0.49998476511239554
  0.00012300000000000   0.49998474135291045
  0.00012325000000000   0.49998468066872618
  0.00012350000000000   0.49998465619717250
  0.00012375000000000   0.49998459475994161
  0.00012400000000000   0.49998453294598240
  0.00012425000000000   0.49998450736371973
  0.00012450000000000   0.49998444478341530
  0.00012475000000000   0.49998441845778186
  0.00012500000000000   0.49998435510174987
  0.00012525000000000   0.49998432801990647
  0.00012550000000000   0.49998430057163559
  0.00012575000000000   0.49998423602794396
  0.00012600000000000   0.49998420780336445
  0.00012625000000000   0.49998414245983201
  0.00012650000000000   0.49998411344610846
  0.00012675000000000   0.49998404729361214
  0.00012700000000000   0.49998401747793032
  0.00012725000000000   0.49998395050744690
  0.00012750000000000   0.49998391987702208
  0.00012775000000000   0.49998388884699317
  0.00012800000000000   0.49998382062172400
  0.00012825000000000   0.49998378875691996
  0.00012850000000000   0.49998375648112967
  0.00012875000000000   0.49998368697827409
  0.00012900000000000   0.49998365384773615
  0.00012925000000000   0.49998362029482461
  0.00012950000000000   0.49998354949191498
  0.00012975000000000   0.49998351506437435
  0.00013000000000000   0.49998348020308251
  0.00013025000000000   0.49998340807804139
  0.00013050000000000   0.49998337232236459
  0.00013075000000000   0.49998333612158510
  0.00013100000000000   0.49998326265278728
  0.00013125000000000   0.49998322553803036
  0.00013150000000000   0.49998318796686344
  0.00013175000000000   0.49998314993518326
  0.00013200000000000   0.49998307462867096
  0.00013225000000000   0.49998303565648551
  0.00013250000000000   0.49998299621255862
  0.00013275000000000   0.49998295629280507
  0.00013300000000000   0.49998291589314336
  0.00013325000000000   0.49998283822288466
  0.00013350000000000   0.49998279684957172
  0.00013375000000000   0.49998275498526775
  0.00013400000000000   0.49998271262592570
  0.00013425000000000   0.49998266976750647
  0.00013450000000000   0.49998262640597980
  0.00013475000000000   0.49998258253732529
  0.00013500000000000   0.49998253815753328
  0.00013525000000000   0.49998245654486829
  0.00013550000000000   0.49998241113868742
  0.00013575000000000   0.49998236521064535
  0.00013600000000000   0.49998231875679882
  0.00013625000000000   0.49998227177322087
  0.00013650000000000   0.49998222425600199
  0.00013675000000000   0.49998217620125137
  0.00013700000000000   0.49998212760509808
  0.00013725000000000   0.49998207846369248
  0.00013750000000000   0.49998202877320742
  0.00013775000000000   0.49998197852983972
  0.00013800000000000   0.49998192772981152
  0.00013825000000000   0.49998187636937178
  0.00013850000000000   0.49998182444479778
  0.00013875000000000   0.49998180844316887
  0.00013900000000000   0.49998175535295286
  0.00013925000000000   0.49998170168619419
  0.00013950000000000   0.49998164743928423
  0.00013975000000000   0.49998159260865074
  0.00014000000000000   0.49998153719075969
  0.00014025000000000   0.49998148118211711
  0.00014050000000000   0.49998142457927100
  0.00014075000000000   0.49998140366959653
  0.00014100000000000   0.49998134583009372
  0.00014125000000000   0.49998128738475161
  0.00014150000000000   0.49998122833028989
  0.00014175000000000   0.49998120484429296
  0.00014200000000000   0.49998114451768122
  0.00014225000000000   0.49998108357081313
  0.00014250000000000   0.49998102200061419
  0.00014275000000000   0.49998099584995998
  0.00014300000000000   0.49998093297336250
  0.00014325000000000   0.49998086946290236
  0.00014350000000000   0.49998084125644550
  0.00014375000000000   0.49998077641405730
  0.00014400000000000   0.49998074680745707
  0.00014425000000000   0.49998068061550139
  0.00014450000000000   0.49998061377272346
  0.00014475000000000   0.49998058202585938
  0.00014500000000000   0.49998051380960200
  0.00014525000000000   0.49998048060449898
  0.00014550000000000   0.49998041099827671
  0.00014575000000000   0.49998037631161999
  0.00014600000000000   0.49998030529947690
  0.00014625000000000   0.49998026910834965
  0.00014650000000000   0.49998019667491127
  0.00014675000000000   0.49998015895684465
  0.00014700000000000   0.49998012045381674
  0.00014725000000000   0.49998004582039995
  0.00014750000000000   0.49998000575577957
  0.00014775000000000   0.49997996488629792
  0.00014800000000000   0.49997988801620294
  0.00014825000000000   0.49997984555167209
  0.00014850000000000   0.49997980226293210
  0.00014875000000000   0.49997972312189506
  0.00014900000000000   0.49997967820605669
  0.00014925000000000   0.49997963244732109
  0.00014950000000000   0.49997958583892896
  0.00014975000000000   0.49997953837419652
  0.00015000000000000   0.49997945531057494
  0.00015025000000000   0.49997940616622734
  0.00015050000000000   0.49997935614817520
  0.00015075000000000   0.49997930525010970
  0.00015100000000000   0.49997925346582282
  0.00015125000000000   0.49997920078921289
  0.00015150000000000   0.49997914721429040
  0.00015175000000000   0.49997909273518393
  0.00015200000000000   0.49997903734614643
  0.00015225000000000   0.49997898104156158
  0.00015250000000000   0.49997892381595052
  0.00015275000000000   0.49997886566397871
  0.00015300000000000   0.49997884053298456
  0.00015325000000000   0.49997878043216876
  0.00015350000000000   0.49997871938742462
  0.00015375000000000   0.49997865739404107
  0.00015400000000000   0.49997859444748955
  0.00015425000000000   0.49997856412040622
  0.00015450000000000   0.49997849916118013
  0.00015475000000000   0.49997843323373571
  0.00015500000000000   0.49997839967613767
  0.00015525000000000   0.49997833169971233
  0.00015550000000000   0.49997826274180851
  0.00015575000000000   0.49997822588159696
  0.00015600000000000   0.49997815484197469
  0.00015625000000000   0.49997811572261750
  0.00015650000000000   0.49997804257980950
  0.00015675000000000   0.49997800116932926
  0.00015700000000000   0.49997795856771600
  0.00015725000000000   0.49997788217197580
  0.00015750000000000   0.49997783723161922
  0.00015775000000000   0.49997779107284199
  0.00015800000000000   0.49997771137850214
  0.00015825000000000   0.49997766283778705
  0.00015850000000000   0.49997761305359778
  0.00015875000000000   0.49997756201706559
  0.00015900000000000   0.49997750971960386
  0.00015925000000000   0.49997742434877761
  0.00015950000000000   0.49997736960489814
  0.00015975000000000   0.49997731357958220
  0.00016000000000000   0.49997725626557880
  0.00016025000000000   0.49997722903965138
  0.00016050000000000   0.49997716901420502
  0.00016075000000000   0.49997710767706156
  0.00016100000000000   0.49997704502253084
  0.00016125000000000   0.49997698104537645
  0.00016150000000000   0.49997694657141771
  0.00016175000000000   0.49997687980314933
  0.00016200000000000   0.49997681169574412
  0.00016225000000000   0.49997677272063659
  0.00016250000000000   0.49997670178227399
  0.00016275000000000   0.49997665972800989
  0.00016300000000000   0.49997658593483659
  0.00016325000000000   0.49997654076377403
  0.00016350000000000   0.49997649396732635
  0.00016375000000000   0.49997641577572528
  0.00016400000000000   0.49997636581050683
  0.00016425000000000   0.49997631419031029
  0.00016450000000000   0.49997626090511172
  0.00016475000000000   0.49997620594558095
  0.00016500000000000   0.49997614930312265
  0.00016525000000000   0.49997609096991950
  0.00016550000000000   0.49997603093897736
  0.00016575000000000   0.49997596920417261
  0.00016600000000000   0.49997590576030179
  0.00016625000000000   0.49997586898398559
  0.00016650000000000   0.49997580194658426
  0.00016675000000000   0.49997576128321042
  0.00016700000000000   0.49997569062377701
  0.00016725000000000   0.49997564602847162
  0.00016750000000000   0.49997557172723830
  0.00016775000000000   0.49997552316389491
  0.00016800000000000   0.49997547253270840
  0.00016825000000000   0.49997541982281207
  0.00016850000000000   0.49997536502466962
  0.00016875000000000   0.49997530813016007
  0.00016900000000000   0.49997524913266735
  0.00016925000000000   0.49997518802717478
  0.00016950000000000   0.49997512481036449
  0.00016975000000000   0.49997508566002134
  0.00017000000000000   0.49997501802373769
  0.00017025000000000   0.49997497410205835
  0.00017050000000000   0.49997492770064395
  0.00017075000000000   0.49997485330460553
  0.00017100000000000   0.49997480208160102
  0.00017125000000000   0.49997474835330484
  0.00017150000000000   0.49997469211360305
  0.00017175000000000   0.49997465811871069
  0.00017200000000000   0.49997459664492615
  0.00017225000000000   0.49997453265038763
  0.00017250000000000   0.49997449031110591
  0.00017275000000000   0.49997444505622216
  0.00017300000000000   0.49997439687433950
  0.00017325000000000   0.49997434575757264
  0.00017350000000000   0.49997429170181040
  0.00017375000000000   0.49997423470699567
  0.00017400000000000   0.49997417477742442
  0.00017425000000000   0.49997413467880949
  0.00017450000000000   0.49997409122415381
  0.00017475000000000   0.49997404440512826
  0.00017500000000000   0.49997399421879581
  0.00017525000000000   0.49997394066804440
  0.00017550000000000   0.49997388376205183
  0.00017575000000000   0.49997384495699264
  0.00017600000000000   0.49997380235239249
  0.00017625000000000   0.49997375594758443
  0.00017650000000000   0.49997370575002504
  0.00017675000000000   0.49997365177599263
  0.00017700000000000   0.49997361430496827
  0.00017725000000000   0.49997357259779083
  0.00017750000000000   0.49997352666585099
  0.00017775000000000   0.49997349605620522
  0.00017800000000000   0.49997346075439109
  0.00017825000000000   0.49997342077054650
  0.00017850000000000   0.49997337612972519
  0.00017875000000000   0.49997334536421312
  0.00017900000000000   0.49997330947084456
  0.00017925000000000   0.49997326848414752
  0.00017950000000000   0.49997324012870928
  0.00017975000000000   0.49997320621364433
  0.00018000000000000   0.49997318390824486
  0.00018025000000000   0.49997315557526936
  0.00018050000000000   0.49997312127709734
  0.00018075000000000   0.49997309733083980
  0.00018100000000000   0.49997308292251042
  0.00018125000000000   0.49997306159370986
  0.00018150000000000   0.49997303345020304
  0.00018175000000000   0.49997302861379538
  0.00018200000000000   0.49997301594742274
  0.00018225000000000   0.49997300995071829
  0.00018250000000000   0.49997299577994635
  0.00018275000000000   0.49997300100268668
  0.00018300000000000   0.49997299711878022
  0.00018325000000000   0.49997301036038740
  0.00018350000000000   0.49997302627276022
  0.00018375000000000   0.49997304410407074
  0.00018400000000000   0.49997306314537182
  0.00018425000000000   0.49997309426644406
  0.00018450000000000   0.49997313572330342
  0.00018475000000000   0.49997317507596024
  0.00018500000000000   0.49997323258249119
  0.00018525000000000   0.49997330551360905
  0.00018550000000000   0.49997338175020613
  0.00018575000000000   0.49997347826414125
  0.00018600000000000   0.49997359157083870
  0.00018625000000000   0.49997373482188197
  0.00018650000000000   0.49997389495354701
  0.00018675000000000   0.49997409032301527
  0.00018700000000000   0.49997433459921624
  0.00018725000000000   0.49997463731647499
  0.00018750000000000   0.49997502746808401
  0.00018775000000000   0.49997554570849235
  0.00018800000000000   0.49997630646587095
  0.00018825000000000   0.49997765864112177
  0.00018850000000000   0.50004464697484114
  0.00018875000000000   0.50005904473111607
  0.00018900000000000   0.50006530061559932
  0.00018925000000000   0.50006974481443253
  0.00018950000000000   0.50007325625811802
  0.00018975000000000   0.50007624029417461
  0.00019000000000000   0.50007882857584022
  0.00019025000000000   0.50008115977977753
  0.00019050000000000   0.50008328128962793
  0.00019075000000000   0.50008522299771544
  0.00019100000000000   0.50008705507016442
  0.00019125000000000   0.50008875762249012
  0.00019150000000000   0.50009036904224470
  0.00019175000000000   0.50009188272326695
  0.00019200000000000   0.50009332211369950
  0.00019225000000000   0.50009470632422533
  0.00019250000000000   0.50009605114541803
  0.00019275000000000   0.50009733208394286
  0.00019300000000000   0.50009855978158270
  0.00019325000000000   0.50009974332734998
