 -0.00014575000000000   0.49990021885545158
 -0.00014550000000000   0.49990070463293028
 -0.00014525000000000   0.49990119586828494
 -0.00014500000000000   0.49990169271050893
 -0.00014475000000000   0.49990217734541671
 -0.00014450000000000   0.49990268589853298
 -0.00014425000000000   0.49990318262152288
 -0.00014400000000000   0.49990368566356034
 -0.00014375000000000   0.49990419521243384
 -0.00014350000000000   0.49990471146355854
 -0.00014325000000000   0.49990523462032126
 -0.00014300000000000   0.49990576489443764
 -0.00014275000000000   0.49990628475177301
 -0.00014250000000000   0.49990681224645072
 -0.00014225000000000   0.49990736532261283
 -0.00014200000000000   0.49990789116091102
 -0.00014175000000000   0.49990844311568545
 -0.00014150000000000   0.49990900377892961
 -0.00014125000000000   0.49990955591154150
 -0.00014100000000000   0.49991011745744450
 -0.00014075000000000   0.49991068875885421
 -0.00014050000000000   0.49991125275691150
 -0.00014025000000000   0.49991184471933647
 -0.00014000000000000   0.49991243025845079
 -0.00013975000000000   0.49991302722617102
 -0.00013950000000000   0.49991361885989481
 -0.00013925000000000   0.49991422297688416
 -0.00013900000000000   0.49991484010688040
 -0.00013875000000000   0.49991547080951782
 -0.00013850000000000   0.49991609868589731
 -0.00013825000000000   0.49991674150021928
 -0.00013800000000000   0.49991738307623264
 -0.00013775000000000   0.49991804116725022
 -0.00013750000000000   0.49991871658492971
 -0.00013725000000000   0.49991939354268353
 -0.00013700000000000   0.49992007321231799
 -0.00013675000000000   0.49992078988445304
 -0.00013650000000000   0.49992149517361637
 -0.00013625000000000   0.49992222349459217
 -0.00013600000000000   0.49992295996417721
 -0.00013575000000000   0.49992372251150590
 -0.00013550000000000   0.49992449673744625
 -0.00013525000000000   0.49992528478309142
 -0.00013500000000000   0.49992608901550934
 -0.00013475000000000   0.49992691206493172
 -0.00013450000000000   0.49992775686864069
 -0.00013425000000000   0.49992862672292598
 -0.00013400000000000   0.49992952534483391
 -0.00013375000000000   0.49993044175867836
 -0.00013350000000000   0.49993139628121569
 -0.00013325000000000   0.49993237960520242
 -0.00013300000000000   0.49993339871606976
 -0.00013275000000000   0.49993446178004175
 -0.00013250000000000   0.49993556411883845
 -0.00013225000000000   0.49993673202275039
 -0.00013200000000000   0.49993793790526438
 -0.00013175000000000   0.49993922861690839
 -0.00013150000000000   0.49994058694448323
 -0.00013125000000000   0.49994205807054983
 -0.00013100000000000   0.49994363241368020
 -0.00013075000000000   0.49994535874723400
 -0.00013050000000000   0.49994728989752973
 -0.00013025000000000   0.49994947417948241
 -0.00013000000000000   0.49995204051822728
 -0.00012975000000000   0.49995526018112839
 -0.00012950000000000   0.49995978303297099
 -0.00012925000000000   0.49997045855363024
 -0.00012900000000000   0.50001611316863570
 -0.00012875000000000   0.50001713257469796
 -0.00012850000000000   0.50001772081765521
 -0.00012825000000000   0.50001813253657225
 -0.00012800000000000   0.50001844178271545
 -0.00012775000000000   0.50001868662915047
 -0.00012750000000000   0.50001888526716935
 -0.00012725000000000   0.50001905063377963
 -0.00012700000000000   0.50001919195036406
 -0.00012675000000000   0.50001930962714987
 -0.00012650000000000   0.50001941183347444
 -0.00012625000000000   0.50001949651779751
 -0.00012600000000000   0.50001957388164816
 -0.00012575000000000   0.50001963859583471
 -0.00012550000000000   0.50001969353030646
 -0.00012525000000000   0.50001974211251049
 -0.00012500000000000   0.50001978349211023
 -0.00012475000000000   0.50001981675255619
 -0.00012450000000000   0.50001984607237027
 -0.00012425000000000   0.50001987090479453
 -0.00012400000000000   0.50001989066854079
 -0.00012375000000000   0.50001990475803635
 -0.00012350000000000   0.50001991826461835
 -0.00012325000000000   0.50001992511577788
 -0.00012300000000000   0.50001993662843422
 -0.00012275000000000   0.50001993461349353
 -0.00012250000000000   0.50001993674135992
 -0.00012225000000000   0.50001993675812115
 -0.00012200000000000   0.50001992789786740
 -0.00012175000000000   0.50001992272714879
 -0.00012150000000000   0.50001991459308572
 -0.00012125000000000   0.50001990320571805
 -0.00012100000000000   0.50001989523454177
 -0.00012075000000000   0.50001987658391961
 -0.00012050000000000   0.50001986099381220
 -0.00012025000000000   0.50001984850809794
 -0.00012000000000000   0.50001983175648438
 -0.00011975000000000   0.50001981045014770
 -0.00011950000000000   0.50001979191223618
 -0.00011925000000000   0.50001976845403216
 -0.00011900000000000   0.50001974760665166
 -0.00011875000000000   0.50001972147436082
 -0.00011850000000000   0.50001969779168355
 -0.00011825000000000   0.50001966846120466
 -0.00011800000000000   0.50001964141826041
 -0.00011775000000000   0.50001961667683353
 -0.00011750000000000   0.50001959424161837
 -0.00011725000000000   0.50001955715314554
 -0.00011700000000000   0.50001953060200627
 -0.00011675000000000   0.50001949753117377
 -0.00011650000000000   0.50001947518835759
 -0.00011625000000000   0.50001943732652817
 -0.00011600000000000   0.50001941019731911
 -0.00011575000000000   0.50001937604923101
 -0.00011550000000000   0.50001934371999220
 -0.00011525000000000   0.50001930404338915
 -0.00011500000000000   0.50001927527781586
 -0.00011475000000000   0.50001923900561574
 -0.00011450000000000   0.50001920439581386
 -0.00011425000000000   0.50001917144713290
 -0.00011400000000000   0.50001913060460889
 -0.00011375000000000   0.50001910089791291
 -0.00011350000000000   0.50001906314549632
 -0.00011325000000000   0.50001902689685690
 -0.00011300000000000   0.50001898230755258
 -0.00011275000000000   0.50001894899135031
 -0.00011250000000000   0.50001890718686034
 -0.00011225000000000   0.50001887678553572
 -0.00011200000000000   0.50001883775500856
 -0.00011175000000000   0.50001878989000159
 -0.00011150000000000   0.50001875348586179
 -0.00011125000000000   0.50001871841880233
 -0.00011100000000000   0.50001867431375108
 -0.00011075000000000   0.50001863141075933
 -0.00011050000000000   0.50001860020443335
 -0.00011025000000000   0.50001855975913787
 -0.00011000000000000   0.50001850989033493
 -0.00010975000000000   0.50001847176419568
 -0.00010950000000000   0.50001843481716499
 -0.00010925000000000   0.50001838825912700
 -0.00010900000000000   0.50001835359945168
 -0.00010875000000000   0.50001830920823819
 -0.00010850000000000   0.50001826586412899
 -0.00010825000000000   0.50001822356319737
 -0.00010800000000000   0.50001818230048761
 -0.00010775000000000   0.50001814207007443
 -0.00010750000000000   0.50001810286511919
 -0.00010725000000000   0.50001805347991392
 -0.00010700000000000   0.50001801626261148
 -0.00010675000000000   0.50001796875487737
 -0.00010650000000000   0.50001792215259293
 -0.00010625000000000   0.50001788784985786
 -0.00010600000000000   0.50001784309714490
 -0.00010575000000000   0.50001779923644108
 -0.00010550000000000   0.50001775626272316
 -0.00010525000000000   0.50001771417033282
 -0.00010500000000000   0.50001766133949486
 -0.00010475000000000   0.50001762095430507
 -0.00010450000000000   0.50001758143232916
 -0.00010425000000000   0.50001753103110558
 -0.00010400000000000   0.50001749318215064
 -0.00010375000000000   0.50001744436298431
 -0.00010350000000000   0.50001740816070476
 -0.00010325000000000   0.50001736090416424
 -0.00010300000000000   0.50001731440030052
 -0.00010275000000000   0.50001726864500830
 -0.00010250000000000   0.50001722363375534
 -0.00010225000000000   0.50001717936160421
 -0.00010200000000000   0.50001713582323302
 -0.00010175000000000   0.50001709301295525
 -0.00010150000000000   0.50001705092473878
 -0.00010125000000000   0.50001699738728665
 -0.00010100000000000   0.50001695669921007
 -0.00010075000000000   0.50001691671508495
 -0.00010050000000000   0.50001686517427738
 -0.00010025000000000   0.50001682655696089
 -0.00010000000000000   0.50001677631287534
 -0.00009975000000000   0.50001672669269149
 -0.00009950000000000   0.50001669007331393
 -0.00009925000000000   0.50001664172404203
 -0.00009900000000000   0.50001659398714041
 -0.00009875000000000   0.50001654685880848
 -0.00009850000000000   0.50001650033499790
 -0.00009825000000000   0.50001645441142428
 -0.00009800000000000   0.50001640908357854
 -0.00009775000000000   0.50001636434673782
 -0.00009750000000000   0.50001632019597588
 -0.00009725000000000   0.50001627662617316
 -0.00009700000000000   0.50001623363202652
 -0.00009675000000000   0.50001619120805841
 -0.00009650000000000   0.50001613668707833
 -0.00009625000000000   0.50001609537299722
 -0.00009600000000000   0.50001605461317465
 -0.00009575000000000   0.50001600168355938
 -0.00009550000000000   0.50001596200476750
 -0.00009525000000000   0.50001591010769326
 -0.00009500000000000   0.50001587149012407
 -0.00009475000000000   0.50001582061082324
 -0.00009450000000000   0.50001578303355834
 -0.00009425000000000   0.50001573315608458
 -0.00009400000000000   0.50001568376247000
 -0.00009375000000000   0.50001564770454140
 -0.00009350000000000   0.50001559928816673
 -0.00009325000000000   0.50001555134475702
 -0.00009300000000000   0.50001550387086030
 -0.00009275000000000   0.50001545686290226
 -0.00009250000000000   0.50001541031719178
 -0.00009225000000000   0.50001536422992619
 -0.00009200000000000   0.50001531859719648
 -0.00009175000000000   0.50001527341499222
 -0.00009150000000000   0.50001522867920637
 -0.00009125000000000   0.50001518438563992
 -0.00009100000000000   0.50001514053000633
 -0.00009075000000000   0.50001509710793587
 -0.00009050000000000   0.50001505411497977
 -0.00009025000000000   0.50001499853989448
 -0.00009000000000000   0.50001495638945545
 -0.00008975000000000   0.50001491465545163
 -0.00008950000000000   0.50001486030290472
 -0.00008925000000000   0.50001481938870049
 -0.00008900000000000   0.50001477887760522
 -0.00008875000000000   0.50001472572068364
 -0.00008850000000000   0.50001468600536462
 -0.00008825000000000   0.50001463362448961
 -0.00008800000000000   0.50001459468898180
 -0.00008775000000000   0.50001454307208142
 -0.00008750000000000   0.50001450489994091
 -0.00008725000000000   0.50001445403439838
 -0.00008700000000000   0.50001441660875000
 -0.00008675000000000   0.50001436648145154
 -0.00008650000000000   0.50001431671416499
 -0.00008625000000000   0.50001428038241297
 -0.00008600000000000   0.50001423133382015
 -0.00008575000000000   0.50001418263665863
 -0.00008550000000000   0.50001413428827172
 -0.00008525000000000   0.50001409936265498
 -0.00008500000000000   0.50001405170606408
 -0.00008475000000000   0.50001400438902713
 -0.00008450000000000   0.50001395740867966
 -0.00008425000000000   0.50001391076210841
 -0.00008400000000000   0.50001386444635349
 -0.00008375000000000   0.50001381845841051
 -0.00008350000000000   0.50001377279523256
 -0.00008325000000000   0.50001372745373221
 -0.00008300000000000   0.50001368243078342
 -0.00008275000000000   0.50001363772322336
 -0.00008250000000000   0.50001359332785425
 -0.00008225000000000   0.50001354924144507
 -0.00008200000000000   0.50001350546073327
 -0.00008175000000000   0.50001346198242637
 -0.00008150000000000   0.50001341880320363
 -0.00008125000000000   0.50001337591971748
 -0.00008100000000000   0.50001332032790593
 -0.00008075000000000   0.50001327803753916
 -0.00008050000000000   0.50001323603347808
 -0.00008025000000000   0.50001319431227428
 -0.00008000000000000   0.50001315287045967
 -0.00007975000000000   0.50001309875059519
 -0.00007950000000000   0.50001305787260324
 -0.00007925000000000   0.50001301726420784
 -0.00007900000000000   0.50001296399702416
 -0.00007875000000000   0.50001292393485578
 -0.00007850000000000   0.50001288413231131
 -0.00007825000000000   0.50001283169656398
 -0.00007800000000000   0.50001279242225254
 -0.00007775000000000   0.50001274052897566
 -0.00007750000000000   0.50001270177116429
 -0.00007725000000000   0.50001265041134335
 -0.00007700000000000   0.50001261215814750
 -0.00007675000000000   0.50001256132256523
 -0.00007650000000000   0.50001252356196569
 -0.00007625000000000   0.50001247324121953
 -0.00007600000000000   0.50001243596107828
 -0.00007575000000000   0.50001238614559704
 -0.00007550000000000   0.50001234933367229
 -0.00007525000000000   0.50001230001373174
 -0.00007500000000000   0.50001225094212802
 -0.00007475000000000   0.50001221482342991
 -0.00007450000000000   0.50001216623315843
 -0.00007425000000000   0.50001211788500189
 -0.00007400000000000   0.50001208243330128
 -0.00007375000000000   0.50001203455196410
 -0.00007350000000000   0.50001198690634901
 -0.00007325000000000   0.50001193949449819
 -0.00007300000000000   0.50001190490157595
 -0.00007275000000000   0.50001185793718813
 -0.00007250000000000   0.50001181119997168
 -0.00007225000000000   0.50001176468789975
 -0.00007200000000000   0.50001171839892852
 -0.00007175000000000   0.50001168482324724
 -0.00007150000000000   0.50001163895727037
 -0.00007125000000000   0.50001159330759692
 -0.00007100000000000   0.50001154787212854
 -0.00007075000000000   0.50001150264875335
 -0.00007050000000000   0.50001145763534668
 -0.00007025000000000   0.50001141282977160
 -0.00007000000000000   0.50001136822987964
 -0.00006975000000000   0.50001132383351132
 -0.00006950000000000   0.50001127963849677
 -0.00006925000000000   0.50001124792189623
 -0.00006900000000000   0.50001120410063053
 -0.00006875000000000   0.50001116047363886
 -0.00006850000000000   0.50001110482824646
 -0.00006825000000000   0.50001106160712797
 -0.00006800000000000   0.50001101857415670
 -0.00006775000000000   0.50001097572710524
 -0.00006750000000000   0.50001093306373995
 -0.00006725000000000   0.50001089058182148
 -0.00006700000000000   0.50001084827910517
 -0.00006675000000000   0.50001080615334152
 -0.00006650000000000   0.50001076420227662
 -0.00006625000000000   0.50001072242365257
 -0.00006600000000000   0.50001068081520787
 -0.00006575000000000   0.50001062743672052
 -0.00006550000000000   0.50001058619099642
 -0.00006525000000000   0.50001054510908958
 -0.00006500000000000   0.50001050418872315
 -0.00006475000000000   0.50001046342761862
 -0.00006450000000000   0.50001041101873996
 -0.00006425000000000   0.50001037060067611
 -0.00006400000000000   0.50001033033544794
 -0.00006375000000000   0.50001029022076905
 -0.00006350000000000   0.50001023856077578
 -0.00006325000000000   0.50001019877337573
 -0.00006300000000000   0.50001015913006431
 -0.00006275000000000   0.50001011962855257
 -0.00006250000000000   0.50001006869098579
 -0.00006225000000000   0.50001002950085837
 -0.00006200000000000   0.50000999044605140
 -0.00006175000000000   0.50000994003744116
 -0.00006150000000000   0.50000990128223381
 -0.00006125000000000   0.50000986265585998
 -0.00006100000000000   0.50000981276156618
 -0.00006075000000000   0.50000977442295964
 -0.00006050000000000   0.50000972487042005
 -0.00006025000000000   0.50000968681192292
 -0.00006000000000000   0.50000964887156586
 -0.00005975000000000   0.50000959980901573
 -0.00005950000000000   0.50000956213688218
 -0.00005925000000000   0.50000951340043372
 -0.00005900000000000   0.50000947598882943
 -0.00005875000000000   0.50000942757231132
 -0.00005850000000000   0.50000939041353145
 -0.00005825000000000   0.50000934231073041
 -0.00005800000000000   0.50000930539706342
 -0.00005775000000000   0.50000925760172863
 -0.00005750000000000   0.50000922092546004
 -0.00005725000000000   0.50000917343130729
 -0.00005700000000000   0.50000913698472325
 -0.00005675000000000   0.50000908978543887
 -0.00005650000000000   0.50000905356082958
 -0.00005625000000000   0.50000900665007430
 -0.00005600000000000   0.50000895989538983
 -0.00005575000000000   0.50000892401114978
 -0.00005550000000000   0.50000887753580067
 -0.00005525000000000   0.50000884185459338
 -0.00005500000000000   0.50000879565218430
 -0.00005475000000000   0.50000874959892496
 -0.00005450000000000   0.50000871423045347
 -0.00005425000000000   0.50000866844085334
 -0.00005400000000000   0.50000862279627375
 -0.00005375000000000   0.50000858772415676
 -0.00005350000000000   0.50000854233391369
 -0.00005325000000000   0.50000849708452706
 -0.00005300000000000   0.50000846229241030
 -0.00005275000000000   0.50000841728800606
 -0.00005250000000000   0.50000837242026466
 -0.00005225000000000   0.50000833789183425
 -0.00005200000000000   0.50000829325969941
 -0.00005175000000000   0.50000824876000939
 -0.00005150000000000   0.50000820439146366
 -0.00005125000000000   0.50000817020553243
 -0.00005100000000000   0.50000812606026771
 -0.00005075000000000   0.50000808204190060
 -0.00005050000000000   0.50000803814911778
 -0.00005025000000000   0.50000799438060228
 -0.00005000000000000   0.50000796059572019
 -0.00004975000000000   0.50000791703518963
 -0.00004950000000000   0.50000787359465253
 -0.00004925000000000   0.50000783027278246
 -0.00004900000000000   0.50000778706825020
 -0.00004875000000000   0.50000775364132062
 -0.00004850000000000   0.50000771062946656
 -0.00004825000000000   0.50000766773066062
 -0.00004800000000000   0.50000762494356710
 -0.00004775000000000   0.50000758226684827
 -0.00004750000000000   0.50000753969916442
 -0.00004725000000000   0.50000749723917411
 -0.00004700000000000   0.50000745488553422
 -0.00004675000000000   0.50000742197399830
 -0.00004650000000000   0.50000737978888670
 -0.00004625000000000   0.50000733770582600
 -0.00004600000000000   0.50000729572347090
 -0.00004575000000000   0.50000725384047508
 -0.00004550000000000   0.50000721205549137
 -0.00004525000000000   0.50000717036717180
 -0.00004500000000000   0.50000712877416776
 -0.00004475000000000   0.50000708727513011
 -0.00004450000000000   0.50000704586870930
 -0.00004425000000000   0.50000700455355546
 -0.00004400000000000   0.50000696332831852
 -0.00004375000000000   0.50000692219164833
 -0.00004350000000000   0.50000688114219475
 -0.00004325000000000   0.50000684017860776
 -0.00004300000000000   0.50000679929953755
 -0.00004275000000000   0.50000675850363462
 -0.00004250000000000   0.50000671778954992
 -0.00004225000000000   0.50000667715593487
 -0.00004200000000000   0.50000663660144151
 -0.00004175000000000   0.50000659612472258
 -0.00004150000000000   0.50000655572443159
 -0.00004125000000000   0.50000651539922294
 -0.00004100000000000   0.50000647514775196
 -0.00004075000000000   0.50000643496867507
 -0.00004050000000000   0.50000639486064977
 -0.00004025000000000   0.50000635482233480
 -0.00004000000000000   0.50000630668227349
 -0.00003975000000000   0.50000626682554816
 -0.00003950000000000   0.50000622703470310
 -0.00003925000000000   0.50000618730840008
 -0.00003900000000000   0.50000614764530247
 -0.00003875000000000   0.50000610804407532
 -0.00003850000000000   0.50000606850338544
 -0.00003825000000000   0.50000602902190145
 -0.00003800000000000   0.50000598179234542
 -0.00003775000000000   0.50000594247295130
 -0.00003750000000000   0.50000590320894589
 -0.00003725000000000   0.50000586399900329
 -0.00003700000000000   0.50000582484179979
 -0.00003675000000000   0.50000577815996586
 -0.00003650000000000   0.50000573915280737
 -0.00003625000000000   0.50000570019458339
 -0.00003600000000000   0.50000566128397710
 -0.00003575000000000   0.50000562241967410
 -0.00003550000000000   0.50000557625874905
 -0.00003525000000000   0.50000553753245162
 -0.00003500000000000   0.50000549884867076
 -0.00003475000000000   0.50000546020610021
 -0.00003450000000000   0.50000541445054130
 -0.00003425000000000   0.50000537593642708
 -0.00003400000000000   0.50000533745975275
 -0.00003375000000000   0.50000529901922114
 -0.00003350000000000   0.50000525365201943
 -0.00003325000000000   0.50000521533041066
 -0.00003300000000000   0.50000517704119340
 -0.00003275000000000   0.50000513878308041
 -0.00003250000000000   0.50000509378715249
 -0.00003225000000000   0.50000505563845274
 -0.00003200000000000   0.50000501751712798
 -0.00003175000000000   0.50000497279906096
 -0.00003150000000000   0.50000493478010765
 -0.00003125000000000   0.50000489678481651
 -0.00003100000000000   0.50000485233523827
 -0.00003075000000000   0.50000481443529074
 -0.00003050000000000   0.50000477655531038
 -0.00003025000000000   0.50000473236482067
 -0.00003000000000000   0.50000469457317308
 -0.00002975000000000   0.50000465679781685
 -0.00002950000000000   0.50000461285699238
 -0.00002925000000000   0.50000457516297790
 -0.00002900000000000   0.50000453139824250
 -0.00002875000000000   0.50000449378099881
 -0.00002850000000000   0.50000445617399369
 -0.00002825000000000   0.50000441264334978
 -0.00002800000000000   0.50000437510615924
 -0.00002775000000000   0.50000433174149467
 -0.00002750000000000   0.50000429426956623
 -0.00002725000000000   0.50000425680187894
 -0.00002700000000000   0.50000421365568099
 -0.00002675000000000   0.50000417624634164
 -0.00002650000000000   0.50000413325596778
 -0.00002625000000000   0.50000409590044717
 -0.00002600000000000   0.50000405306189044
 -0.00002575000000000   0.50000401575566830
 -0.00002550000000000   0.50000397306491402
 -0.00002525000000000   0.50000393580347970
 -0.00002500000000000   0.50000389853566888
 -0.00002475000000000   0.50000385603535952
 -0.00002450000000000   0.50000381880550983
 -0.00002425000000000   0.50000377644279088
 -0.00002400000000000   0.50000373924642286
 -0.00002375000000000   0.50000369701726331
 -0.00002350000000000   0.50000365984990947
 -0.00002325000000000   0.50000361775027423
 -0.00002300000000000   0.50000358060747969
 -0.00002275000000000   0.50000353863333029
 -0.00002250000000000   0.50000349674475404
 -0.00002225000000000   0.50000345965794875
 -0.00002200000000000   0.50000341788892439
 -0.00002175000000000   0.50000338081565880
 -0.00002150000000000   0.50000333916213852
 -0.00002125000000000   0.50000330209800282
 -0.00002100000000000   0.50000326055593797
 -0.00002075000000000   0.50000322349653768
 -0.00002050000000000   0.50000318206187939
 -0.00002025000000000   0.50000314070431689
 -0.00002000000000000   0.50000310367153581
 -0.00001975000000000   0.50000306241541807
 -0.00001950000000000   0.50000302537649779
 -0.00001925000000000   0.50000298421777434
 -0.00001900000000000   0.50000294313142775
 -0.00001875000000000   0.50000290610299700
 -0.00001850000000000   0.50000286510807366
 -0.00001825000000000   0.50000282806271783
 -0.00001800000000000   0.50000278715516962
 -0.00001775000000000   0.50000274631525281
 -0.00001750000000000   0.50000270926437248
 -0.00001725000000000   0.50000266850585647
 -0.00001700000000000   0.50000262781213898
 -0.00001675000000000   0.50000259074620514
 -0.00001650000000000   0.50000255012791253
 -0.00001625000000000   0.50000250957157659
 -0.00001600000000000   0.50000247248110231
 -0.00001575000000000   0.50000243199421580
 -0.00001550000000000   0.50000239156643622
 -0.00001525000000000   0.50000235444197930
 -0.00001500000000000   0.50000231407767607
 -0.00001475000000000   0.50000227376962318
 -0.00001450000000000   0.50000223660178871
 -0.00001425000000000   0.50000219635124337
 -0.00001400000000000   0.50000215615408588
 -0.00001375000000000   0.50000211600939418
 -0.00001350000000000   0.50000207878791617
 -0.00001325000000000   0.50000203869282404
 -0.00001300000000000   0.50000199864732703
 -0.00001275000000000   0.50000195865049807
 -0.00001250000000000   0.50000192135889663
 -0.00001225000000000   0.50000188140376457
 -0.00001200000000000   0.50000184149442340
 -0.00001175000000000   0.50000180162994170
 -0.00001150000000000   0.50000176425184037
 -0.00001125000000000   0.50000172442116238
 -0.00001100000000000   0.50000168463246183
 -0.00001075000000000   0.50000164488480346
 -0.00001050000000000   0.50000160740393691
 -0.00001025000000000   0.50000156768220271
 -0.00001000000000000   0.50000152799862538
 -0.00000975000000000   0.50000148835226640
 -0.00000950000000000   0.50000144874218603
 -0.00000925000000000   0.50000141112419120
 -0.00000900000000000   0.50000137153022576
 -0.00000875000000000   0.50000133196965036
 -0.00000850000000000   0.50000129244152262
 -0.00000825000000000   0.50000125294489916
 -0.00000800000000000   0.50000121347883560
 -0.00000775000000000   0.50000117567444341
 -0.00000750000000000   0.50000113621276662
 -0.00000725000000000   0.50000109677875924
 -0.00000700000000000   0.50000105737147501
 -0.00000675000000000   0.50000101798996686
 -0.00000650000000000   0.50000097863328688
 -0.00000625000000000   0.50000093930048640
 -0.00000600000000000   0.50000089999061602
 -0.00000575000000000   0.50000086190074509
 -0.00000550000000000   0.50000082257969502
 -0.00000525000000000   0.50000078327868535
 -0.00000500000000000   0.50000074399676581
 -0.00000475000000000   0.50000070473298552
 -0.00000450000000000   0.50000066548639302
 -0.00000425000000000   0.50000062625603635
 -0.00000400000000000   0.50000058704096303
 -0.00000375000000000   0.50000054784022012
 -0.00000350000000000   0.50000050865285424
 -0.00000325000000000   0.50000046947791159
 -0.00000300000000000   0.50000043031443799
 -0.00000275000000000   0.50000039170647249
 -0.00000250000000000   0.50000035250862420
 -0.00000225000000000   0.50000031331936451
 -0.00000200000000000   0.50000027413773981
 -0.00000175000000000   0.50000023496279623
 -0.00000150000000000   0.50000019579357971
 -0.00000125000000000   0.50000015662913600
 -0.00000100000000000   0.50000011746851073
 -0.00000075000000000   0.50000007831074937
 -0.00000050000000000   0.50000003915489734
 -0.00000025000000000   0.50000000000000000
  0.00000000000000000   0.49999996084510265
  0.00000025000000000   0.49999992168925062
  0.00000050000000000   0.49999988253148927
  0.00000075000000000   0.49999984337086399
  0.00000100000000000   0.49999980420642029
  0.00000125000000000   0.49999976503720376
  0.00000150000000000   0.49999972586226019
  0.00000175000000000   0.49999968668063548
  0.00000200000000000   0.49999964749137580
  0.00000225000000000   0.49999960829352750
  0.00000250000000000   0.49999956968556200
  0.00000275000000000   0.49999953052208840
  0.00000300000000000   0.49999949134714575
  0.00000325000000000   0.49999945215977987
  0.00000350000000000   0.49999941295903696
  0.00000375000000000   0.49999937374396364
  0.00000400000000000   0.49999933451360697
  0.00000425000000000   0.49999929526701448
  0.00000450000000000   0.49999925600323418
  0.00000475000000000   0.49999921672131464
  0.00000500000000000   0.49999917742030498
  0.00000525000000000   0.49999913809925490
  0.00000550000000000   0.49999910000938398
  0.00000575000000000   0.49999906069951359
  0.00000600000000000   0.49999902136671312
  0.00000625000000000   0.49999898201003313
  0.00000650000000000   0.49999894262852498
  0.00000675000000000   0.49999890322124075
  0.00000700000000000   0.49999886378723337
  0.00000725000000000   0.49999882432555658
  0.00000750000000000   0.49999878652116440
  0.00000775000000000   0.49999874705510083
  0.00000800000000000   0.49999870755847737
  0.00000825000000000   0.49999866803034964
  0.00000850000000000   0.49999862846977423
  0.00000875000000000   0.49999858887580879
  0.00000900000000000   0.49999855125781397
  0.00000925000000000   0.49999851164773359
  0.00000950000000000   0.49999847200137461
  0.00000975000000000   0.49999843231779729
  0.00001000000000000   0.49999839259606308
  0.00001025000000000   0.49999835511519653
  0.00001050000000000   0.49999831536753816
  0.00001075000000000   0.49999827557883761
  0.00001100000000000   0.49999823574815963
  0.00001125000000000   0.49999819837005830
  0.00001150000000000   0.49999815850557659
  0.00001175000000000   0.49999811859623542
  0.00001200000000000   0.49999807864110336
  0.00001225000000000   0.49999804134950192
  0.00001250000000000   0.49999800135267296
  0.00001275000000000   0.49999796130717595
  0.00001300000000000   0.49999792121208382
  0.00001325000000000   0.49999788399060582
  0.00001350000000000   0.49999784384591411
  0.00001375000000000   0.49999780364875663
  0.00001400000000000   0.49999776339821128
  0.00001425000000000   0.49999772623037682
  0.00001450000000000   0.49999768592232392
  0.00001475000000000   0.49999764555802069
  0.00001500000000000   0.49999760843356377
  0.00001525000000000   0.49999756800578420
  0.00001550000000000   0.49999752751889768
  0.00001575000000000   0.49999749042842340
  0.00001600000000000   0.49999744987208747
  0.00001625000000000   0.49999740925379486
  0.00001650000000000   0.49999737218786101
  0.00001675000000000   0.49999733149414352
  0.00001700000000000   0.49999729073562751
  0.00001725000000000   0.49999725368474718
  0.00001750000000000   0.49999721284483038
  0.00001775000000000   0.49999717193728216
  0.00001800000000000   0.49999713489192633
  0.00001825000000000   0.49999709389700299
  0.00001850000000000   0.49999705686857225
  0.00001875000000000   0.49999701578222565
  0.00001900000000000   0.49999697462350220
  0.00001925000000000   0.49999693758458192
  0.00001950000000000   0.49999689632846418
  0.00001975000000000   0.49999685929568310
  0.00002000000000000   0.49999681793812060
  0.00002025000000000   0.49999677650346232
  0.00002050000000000   0.49999673944406202
  0.00002075000000000   0.49999669790199717
  0.00002100000000000   0.49999666083786147
  0.00002125000000000   0.49999661918434119
  0.00002150000000000   0.49999658211107561
  0.00002175000000000   0.49999654034205124
  0.00002200000000000   0.49999650325524595
  0.00002225000000000   0.49999646136666970
  0.00002250000000000   0.49999641939252030
  0.00002275000000000   0.49999638224972576
  0.00002300000000000   0.49999634015009053
  0.00002325000000000   0.49999630298273668
  0.00002350000000000   0.49999626075357714
  0.00002375000000000   0.49999622355720911
  0.00002400000000000   0.49999618119449016
  0.00002425000000000   0.49999614396464047
  0.00002450000000000   0.49999610146433111
  0.00002475000000000   0.49999606419652029
  0.00002500000000000   0.49999602693508597
  0.00002525000000000   0.49999598424433169
  0.00002550000000000   0.49999594693810955
  0.00002575000000000   0.49999590409955282
  0.00002600000000000   0.49999586674403221
  0.00002625000000000   0.49999582375365835
  0.00002650000000000   0.49999578634431900
  0.00002675000000000   0.49999574319812105
  0.00002700000000000   0.49999570573043376
  0.00002725000000000   0.49999566825850532
  0.00002750000000000   0.49999562489384075
  0.00002775000000000   0.49999558735665021
  0.00002800000000000   0.49999554382600630
  0.00002825000000000   0.49999550621900119
  0.00002850000000000   0.49999546860175749
  0.00002875000000000   0.49999542483702209
  0.00002900000000000   0.49999538714300761
  0.00002925000000000   0.49999534320218314
  0.00002950000000000   0.49999530542682692
  0.00002975000000000   0.49999526763517932
  0.00003000000000000   0.49999522344468961
  0.00003025000000000   0.49999518556470925
  0.00003050000000000   0.49999514766476172
  0.00003075000000000   0.49999510321518349
  0.00003100000000000   0.49999506521989234
  0.00003125000000000   0.49999502720093903
  0.00003150000000000   0.49999498248287201
  0.00003175000000000   0.49999494436154725
  0.00003200000000000   0.49999490621284750
  0.00003225000000000   0.49999486121691958
  0.00003250000000000   0.49999482295880660
  0.00003275000000000   0.49999478466958933
  0.00003300000000000   0.49999474634798057
  0.00003325000000000   0.49999470098077886
  0.00003350000000000   0.49999466254024724
  0.00003375000000000   0.49999462406357291
  0.00003400000000000   0.49999458554945869
  0.00003425000000000   0.49999453979389978
  0.00003450000000000   0.49999450115132924
  0.00003475000000000   0.49999446246754837
  0.00003500000000000   0.49999442374125094
  0.00003525000000000   0.49999437758032589
  0.00003550000000000   0.49999433871602290
  0.00003575000000000   0.49999429980541660
  0.00003600000000000   0.49999426084719263
  0.00003625000000000   0.49999422184003413
  0.00003650000000000   0.49999417515820020
  0.00003675000000000   0.49999413600099670
  0.00003700000000000   0.49999409679105410
  0.00003725000000000   0.49999405752704869
  0.00003750000000000   0.49999401820765457
  0.00003775000000000   0.49999397097809854
  0.00003800000000000   0.49999393149661455
  0.00003825000000000   0.49999389195592467
  0.00003850000000000   0.49999385235469752
  0.00003875000000000   0.49999381269159991
  0.00003900000000000   0.49999377296529689
  0.00003925000000000   0.49999373317445183
  0.00003950000000000   0.49999369331772650
  0.00003975000000000   0.49999364517766520
  0.00004000000000000   0.49999360513935022
  0.00004025000000000   0.49999356503132492
  0.00004050000000000   0.49999352485224803
  0.00004075000000000   0.49999348460077705
  0.00004100000000000   0.49999344427556840
  0.00004125000000000   0.49999340387527741
  0.00004150000000000   0.49999336339855848
  0.00004175000000000   0.49999332284406512
  0.00004200000000000   0.49999328221045007
  0.00004225000000000   0.49999324149636537
  0.00004250000000000   0.49999320070046244
  0.00004275000000000   0.49999315982139223
  0.00004300000000000   0.49999311885780524
  0.00004325000000000   0.49999307780835166
  0.00004350000000000   0.49999303667168147
  0.00004375000000000   0.49999299544644453
  0.00004400000000000   0.49999295413129069
  0.00004425000000000   0.49999291272486988
  0.00004450000000000   0.49999287122583223
  0.00004475000000000   0.49999282963282819
  0.00004500000000000   0.49999278794450862
  0.00004525000000000   0.49999274615952491
  0.00004550000000000   0.49999270427652909
  0.00004575000000000   0.49999266229417399
  0.00004600000000000   0.49999262021111329
  0.00004625000000000   0.49999257802600170
  0.00004650000000000   0.49999254511446577
  0.00004675000000000   0.49999250276082588
  0.00004700000000000   0.49999246030083557
  0.00004725000000000   0.49999241773315172
  0.00004750000000000   0.49999237505643288
  0.00004775000000000   0.49999233226933938
  0.00004800000000000   0.49999228937053343
  0.00004825000000000   0.49999224635867937
  0.00004850000000000   0.49999221293174979
  0.00004875000000000   0.49999216972721753
  0.00004900000000000   0.49999212640534746
  0.00004925000000000   0.49999208296481036
  0.00004950000000000   0.49999203940427980
  0.00004975000000000   0.49999200561939771
  0.00005000000000000   0.49999196185088222
  0.00005025000000000   0.49999191795809939
  0.00005050000000000   0.49999187393973229
  0.00005075000000000   0.49999182979446756
  0.00005100000000000   0.49999179560853633
  0.00005125000000000   0.49999175123999061
  0.00005150000000000   0.49999170674030058
  0.00005175000000000   0.49999166210816574
  0.00005200000000000   0.49999162757973533
  0.00005225000000000   0.49999158271199393
  0.00005250000000000   0.49999153770758969
  0.00005275000000000   0.49999150291547293
  0.00005300000000000   0.49999145766608630
  0.00005325000000000   0.49999141227584323
  0.00005350000000000   0.49999137720372624
  0.00005375000000000   0.49999133155914665
  0.00005400000000000   0.49999128576954652
  0.00005425000000000   0.49999125040107503
  0.00005450000000000   0.49999120434781570
  0.00005475000000000   0.49999115814540660
  0.00005500000000000   0.49999112246419932
  0.00005525000000000   0.49999107598885021
  0.00005550000000000   0.49999104010461016
  0.00005575000000000   0.49999099334992569
  0.00005600000000000   0.49999094643917041
  0.00005625000000000   0.49999091021456112
  0.00005650000000000   0.49999086301527674
  0.00005675000000000   0.49999082656869270
  0.00005700000000000   0.49999077907453995
  0.00005725000000000   0.49999074239827136
  0.00005750000000000   0.49999069460293658
  0.00005775000000000   0.49999065768926959
  0.00005800000000000   0.49999060958646854
  0.00005825000000000   0.49999057242768867
  0.00005850000000000   0.49999052401117056
  0.00005875000000000   0.49999048659956627
  0.00005900000000000   0.49999043786311781
  0.00005925000000000   0.49999040019098426
  0.00005950000000000   0.49999035112843412
  0.00005975000000000   0.49999031318807707
  0.00006000000000000   0.49999027512957994
  0.00006025000000000   0.49999022557704035
  0.00006050000000000   0.49999018723843381
  0.00006075000000000   0.49999013734414001
  0.00006100000000000   0.49999009871776618
  0.00006125000000000   0.49999005996255883
  0.00006150000000000   0.49999000955394859
  0.00006175000000000   0.49998997049914162
  0.00006200000000000   0.49998993130901420
  0.00006225000000000   0.49998988037144742
  0.00006250000000000   0.49998984086993568
  0.00006275000000000   0.49998980122662426
  0.00006300000000000   0.49998976143922421
  0.00006325000000000   0.49998970977923094
  0.00006350000000000   0.49998966966455205
  0.00006375000000000   0.49998962939932388
  0.00006400000000000   0.49998958898126003
  0.00006425000000000   0.49998953657238137
  0.00006450000000000   0.49998949581127685
  0.00006475000000000   0.49998945489091041
  0.00006500000000000   0.49998941380900357
  0.00006525000000000   0.49998937256327947
  0.00006550000000000   0.49998931918479212
  0.00006575000000000   0.49998927757634742
  0.00006600000000000   0.49998923579772337
  0.00006625000000000   0.49998919384665847
  0.00006650000000000   0.49998915172089482
  0.00006675000000000   0.49998910941817850
  0.00006700000000000   0.49998906693626003
  0.00006725000000000   0.49998902427289475
  0.00006750000000000   0.49998898142584329
  0.00006775000000000   0.49998893839287202
  0.00006800000000000   0.49998889517175353
  0.00006825000000000   0.49998883952636113
  0.00006850000000000   0.49998879589936946
  0.00006875000000000   0.49998875207810376
  0.00006900000000000   0.49998872036150322
  0.00006925000000000   0.49998867616648867
  0.00006950000000000   0.49998863177012035
  0.00006975000000000   0.49998858717022839
  0.00007000000000000   0.49998854236465331
  0.00007025000000000   0.49998849735124663
  0.00007050000000000   0.49998845212787145
  0.00007075000000000   0.49998840669240306
  0.00007100000000000   0.49998836104272962
  0.00007125000000000   0.49998831517675275
  0.00007150000000000   0.49998828160107147
  0.00007175000000000   0.49998823531210024
  0.00007200000000000   0.49998818880002831
  0.00007225000000000   0.49998814206281186
  0.00007250000000000   0.49998809509842404
  0.00007275000000000   0.49998806050550180
  0.00007300000000000   0.49998801309365098
  0.00007325000000000   0.49998796544803589
  0.00007350000000000   0.49998791756669871
  0.00007375000000000   0.49998788211499810
  0.00007400000000000   0.49998783376684156
  0.00007425000000000   0.49998778517657008
  0.00007450000000000   0.49998774905787197
  0.00007475000000000   0.49998769998626825
  0.00007500000000000   0.49998765066632770
  0.00007525000000000   0.49998761385440295
  0.00007550000000000   0.49998756403892171
  0.00007575000000000   0.49998752675878045
  0.00007600000000000   0.49998747643803430
  0.00007625000000000   0.49998743867743476
  0.00007650000000000   0.49998738784185248
  0.00007675000000000   0.49998734958865664
  0.00007700000000000   0.49998729822883570
  0.00007725000000000   0.49998725947102433
  0.00007750000000000   0.49998720757774745
  0.00007775000000000   0.49998716830343601
  0.00007800000000000   0.49998711586768868
  0.00007825000000000   0.49998707606514421
  0.00007850000000000   0.49998703600297583
  0.00007875000000000   0.49998698273579215
  0.00007900000000000   0.49998694212739675
  0.00007925000000000   0.49998690124940480
  0.00007950000000000   0.49998684712954031
  0.00007975000000000   0.49998680568772571
  0.00008000000000000   0.49998676396652191
  0.00008025000000000   0.49998672196246083
  0.00008050000000000   0.49998667967209406
  0.00008075000000000   0.49998662408028251
  0.00008100000000000   0.49998658119679636
  0.00008125000000000   0.49998653801757362
  0.00008150000000000   0.49998649453926672
  0.00008175000000000   0.49998645075855491
  0.00008200000000000   0.49998640667214574
  0.00008225000000000   0.49998636227677663
  0.00008250000000000   0.49998631756921657
  0.00008275000000000   0.49998627254626777
  0.00008300000000000   0.49998622720476743
  0.00008325000000000   0.49998618154158947
  0.00008350000000000   0.49998613555364649
  0.00008375000000000   0.49998608923789158
  0.00008400000000000   0.49998604259132032
  0.00008425000000000   0.49998599561097285
  0.00008450000000000   0.49998594829393591
  0.00008475000000000   0.49998590063734500
  0.00008500000000000   0.49998586571172827
  0.00008525000000000   0.49998581736334136
  0.00008550000000000   0.49998576866617984
  0.00008575000000000   0.49998571961758702
  0.00008600000000000   0.49998568328583499
  0.00008625000000000   0.49998563351854845
  0.00008650000000000   0.49998558339124999
  0.00008675000000000   0.49998554596560161
  0.00008700000000000   0.49998549510005908
  0.00008725000000000   0.49998545692791857
  0.00008750000000000   0.49998540531101819
  0.00008775000000000   0.49998536637551037
  0.00008800000000000   0.49998531399463536
  0.00008825000000000   0.49998527427931635
  0.00008850000000000   0.49998522112239477
  0.00008875000000000   0.49998518061129950
  0.00008900000000000   0.49998513969709527
  0.00008925000000000   0.49998508534454835
  0.00008950000000000   0.49998504361054453
  0.00008975000000000   0.49998500146010551
  0.00009000000000000   0.49998494588502022
  0.00009025000000000   0.49998490289206412
  0.00009050000000000   0.49998485946999366
  0.00009075000000000   0.49998481561436007
  0.00009100000000000   0.49998477132079361
  0.00009125000000000   0.49998472658500777
  0.00009150000000000   0.49998468140280350
  0.00009175000000000   0.49998463577007379
  0.00009200000000000   0.49998458968280821
  0.00009225000000000   0.49998454313709772
  0.00009250000000000   0.49998449612913969
  0.00009275000000000   0.49998444865524296
  0.00009300000000000   0.49998440071183324
  0.00009325000000000   0.49998435229545859
  0.00009350000000000   0.49998431623752998
  0.00009375000000000   0.49998426684391540
  0.00009400000000000   0.49998421696644165
  0.00009425000000000   0.49998417938917674
  0.00009450000000000   0.49998412850987592
  0.00009475000000000   0.49998408989230672
  0.00009500000000000   0.49998403799523248
  0.00009525000000000   0.49998399831644061
  0.00009550000000000   0.49998394538682533
  0.00009575000000000   0.49998390462700276
  0.00009600000000000   0.49998386331292165
  0.00009625000000000   0.49998380879194157
  0.00009650000000000   0.49998376636797346
  0.00009675000000000   0.49998372337382682
  0.00009700000000000   0.49998367980402411
  0.00009725000000000   0.49998363565326216
  0.00009750000000000   0.49998359091642144
  0.00009775000000000   0.49998354558857570
  0.00009800000000000   0.49998349966500208
  0.00009825000000000   0.49998345314119150
  0.00009850000000000   0.49998340601285958
  0.00009875000000000   0.49998335827595795
  0.00009900000000000   0.49998330992668605
  0.00009925000000000   0.49998327330730850
  0.00009950000000000   0.49998322368712464
  0.00009975000000000   0.49998317344303909
  0.00010000000000000   0.49998313482572261
  0.00010025000000000   0.49998308328491504
  0.00010050000000000   0.49998304330078992
  0.00010075000000000   0.49998300261271333
  0.00010100000000000   0.49998294907526121
  0.00010125000000000   0.49998290698704474
  0.00010150000000000   0.49998286417676697
  0.00010175000000000   0.49998282063839577
  0.00010200000000000   0.49998277636624464
  0.00010225000000000   0.49998273135499169
  0.00010250000000000   0.49998268559969946
  0.00010275000000000   0.49998263909583575
  0.00010300000000000   0.49998259183929522
  0.00010325000000000   0.49998255563701567
  0.00010350000000000   0.49998250681784935
  0.00010375000000000   0.49998246896889440
  0.00010400000000000   0.49998241856767082
  0.00010425000000000   0.49998237904569492
  0.00010450000000000   0.49998233866050513
  0.00010475000000000   0.49998228582966716
  0.00010500000000000   0.49998224373727682
  0.00010525000000000   0.49998220076355890
  0.00010550000000000   0.49998215690285508
  0.00010575000000000   0.49998211215014212
  0.00010600000000000   0.49998207784740705
  0.00010625000000000   0.49998203124512261
  0.00010650000000000   0.49998198373738851
  0.00010675000000000   0.49998194652008606
  0.00010700000000000   0.49998189713488080
  0.00010725000000000   0.49998185792992555
  0.00010750000000000   0.49998181769951236
  0.00010775000000000   0.49998177643680262
  0.00010800000000000   0.49998173413587100
  0.00010825000000000   0.49998169079176179
  0.00010850000000000   0.49998164640054830
  0.00010875000000000   0.49998161174087298
  0.00010900000000000   0.49998156518283499
  0.00010925000000000   0.49998152823580431
  0.00010950000000000   0.49998149010966505
  0.00010975000000000   0.49998144024086212
  0.00011000000000000   0.49998139979556663
  0.00011025000000000   0.49998136858924065
  0.00011050000000000   0.49998132568624889
  0.00011075000000000   0.49998128158119765
  0.00011100000000000   0.49998124651413819
  0.00011125000000000   0.49998121010999839
  0.00011150000000000   0.49998116224499142
  0.00011175000000000   0.49998112321446425
  0.00011200000000000   0.49998109281313964
  0.00011225000000000   0.49998105100864966
  0.00011250000000000   0.49998101769244740
  0.00011275000000000   0.49998097310314307
  0.00011300000000000   0.49998093685450366
  0.00011325000000000   0.49998089910208707
  0.00011350000000000   0.49998086939539109
  0.00011375000000000   0.49998082855286709
  0.00011400000000000   0.49998079560418612
  0.00011425000000000   0.49998076099438425
  0.00011450000000000   0.49998072472218412
  0.00011475000000000   0.49998069595661083
  0.00011500000000000   0.49998065628000778
  0.00011525000000000   0.49998062395076898
  0.00011550000000000   0.49998058980268086
  0.00011575000000000   0.49998056267347180
  0.00011600000000000   0.49998052481164239
  0.00011625000000000   0.49998050246882621
  0.00011650000000000   0.49998046939799371
  0.00011675000000000   0.49998044284685444
  0.00011700000000000   0.49998040575838161
  0.00011725000000000   0.49998038332316645
  0.00011750000000000   0.49998035858173957
  0.00011775000000000   0.49998033153879532
  0.00011800000000000   0.49998030220831642
  0.00011825000000000   0.49998027852563916
  0.00011850000000000   0.49998025239334832
  0.00011875000000000   0.49998023154596782
  0.00011900000000000   0.49998020808776380
  0.00011925000000000   0.49998018954985226
  0.00011950000000000   0.49998016824351560
  0.00011975000000000   0.49998015149190203
  0.00012000000000000   0.49998013900618778
  0.00012025000000000   0.49998012341608037
  0.00012050000000000   0.49998010476545820
  0.00012075000000000   0.49998009679428193
  0.00012100000000000   0.49998008540691426
  0.00012125000000000   0.49998007727285119
  0.00012150000000000   0.49998007210213257
  0.00012175000000000   0.49998006324187882
  0.00012200000000000   0.49998006325864005
  0.00012225000000000   0.49998006538650644
  0.00012250000000000   0.49998006337156575
  0.00012275000000000   0.49998007488422208
  0.00012300000000000   0.49998008173538163
  0.00012325000000000   0.49998009524196362
  0.00012350000000000   0.49998010933145919
  0.00012375000000000   0.49998012909520545
  0.00012400000000000   0.49998015392762972
  0.00012425000000000   0.49998018324744378
  0.00012450000000000   0.49998021650788975
  0.00012475000000000   0.49998025788748947
  0.00012500000000000   0.49998030646969353
  0.00012525000000000   0.49998036140416526
  0.00012550000000000   0.49998042611835181
  0.00012575000000000   0.49998050348220246
  0.00012600000000000   0.49998058816652554
  0.00012625000000000   0.49998069037285011
  0.00012650000000000   0.49998080804963590
  0.00012675000000000   0.49998094936622036
  0.00012700000000000   0.49998111473283064
  0.00012725000000000   0.49998131337084951
  0.00012750000000000   0.49998155821728454
  0.00012775000000000   0.49998186746342773
  0.00012800000000000   0.49998227918234478
  0.00012825000000000   0.49998286742530206
  0.00012850000000000   0.49998388683136435
  0.00012875000000000   0.50002954144637672
  0.00012900000000000   0.50004021696703037
  0.00012925000000000   0.50004473981887244
  0.00012950000000000   0.50004795948177334
  0.00012975000000000   0.50005052582051813
  0.00013000000000000   0.50005271010247073
  0.00013025000000000   0.50005464125276639
  0.00013050000000000   0.50005636758632014
  0.00013075000000000   0.50005794192945049
  0.00013100000000000   0.50005941305551707
  0.00013125000000000   0.50006077138309189
  0.00013150000000000   0.50006206209473589
  0.00013175000000000   0.50006326797724985
  0.00013200000000000   0.50006443588116179
  0.00013225000000000   0.50006553821995847
  0.00013250000000000   0.50006660128393045
  0.00013275000000000   0.50006762039479779
  0.00013300000000000   0.50006860371878449
  0.00013325000000000   0.50006955824132182
  0.00013350000000000   0.50007047465516628
  0.00013375000000000   0.50007137327707420
  0.00013400000000000   0.50007224313135947
  0.00013425000000000   0.50007308793506845
  0.00013450000000000   0.50007391098449081
  0.00013475000000000   0.50007471521690874
  0.00013500000000000   0.50007550326255390
  0.00013525000000000   0.50007627748849425
  0.00013550000000000   0.50007704003582292
  0.00013575000000000   0.50007777650540796
  0.00013600000000000   0.50007850482638378
  0.00013625000000000   0.50007921011554710
  0.00013650000000000   0.50007992678768214
  0.00013675000000000   0.50008060645731660
  0.00013700000000000   0.50008128341507042
  0.00013725000000000   0.50008195883274991
  0.00013750000000000   0.50008261692376748
  0.00013775000000000   0.50008325849978084
  0.00013800000000000   0.50008390131410281
  0.00013825000000000   0.50008452919048229
  0.00013850000000000   0.50008515989311971
  0.00013875000000000   0.50008577702311595
  0.00013900000000000   0.50008638114010530
  0.00013925000000000   0.50008697277382909
  0.00013950000000000   0.50008756974154932
  0.00013975000000000   0.50008815528066363
  0.00014000000000000   0.50008874724308861
  0.00014025000000000   0.50008931124114589
  0.00014050000000000   0.50008988254255560
  0.00014075000000000   0.50009044408845860
  0.00014100000000000   0.50009099622107048
  0.00014125000000000   0.50009155688431464
  0.00014150000000000   0.50009210883908908
  0.00014175000000000   0.50009263467738726
  0.00014200000000000   0.50009318775354938
  0.00014225000000000   0.50009371524822708
  0.00014250000000000   0.50009423510556246
  0.00014275000000000   0.50009476537967884
  0.00014300000000000   0.50009528853644156
  0.00014325000000000   0.50009580478756625
  0.00014350000000000   0.50009631433643975
  0.00014375000000000   0.50009681737847721
  0.00014400000000000   0.50009731410146710
  0.00014425000000000   0.50009782265458338
  0.00014450000000000   0.50009830728949116
  0.00014475000000000   0.50009880413171515
  0.00014500000000000   0.50009929536706980
  0.00014525000000000   0.50009978114454850
