 -0.00020225000000000   0.49990089528463931
 -0.00020200000000000   0.49990235470829989
 -0.00020175000000000   0.49990387233234205
 -0.00020150000000000   0.49990546942110717
 -0.00020125000000000   0.49990717222830417
 -0.00020100000000000   0.49990893351437928
 -0.00020075000000000   0.49991087740341911
 -0.00020050000000000   0.49991294219739159
 -0.00020025000000000   0.49991520868257944
 -0.00020000000000000   0.49991767682928891
 -0.00019975000000000   0.49992048502538475
 -0.00019950000000000   0.49992369834130523
 -0.00019925000000000   0.49992755652081384
 -0.00019900000000000   0.49993251606442280
 -0.00019875000000000   0.49993996137530926
 -0.00019850000000000   0.50001978469279407
 -0.00019825000000000   0.50002374595736626
 -0.00019800000000000   0.50002491484899200
 -0.00019775000000000   0.50002562203399179
 -0.00019750000000000   0.50002611433534898
 -0.00019725000000000   0.50002648164334265
 -0.00019700000000000   0.50002677382436888
 -0.00019675000000000   0.50002700460989019
 -0.00019650000000000   0.50002719403207293
 -0.00019625000000000   0.50002735092154768
 -0.00019600000000000   0.50002747762965511
 -0.00019575000000000   0.50002758821264722
 -0.00019550000000000   0.50002767881829878
 -0.00019525000000000   0.50002775650875959
 -0.00019500000000000   0.50002781835652872
 -0.00019475000000000   0.50002786128382724
 -0.00019450000000000   0.50002790729420962
 -0.00019425000000000   0.50002794277636548
 -0.00019400000000000   0.50002796574953026
 -0.00019375000000000   0.50002798804595109
 -0.00019350000000000   0.50002799460020480
 -0.00019325000000000   0.50002799801082164
 -0.00019300000000000   0.50002799741120115
 -0.00019275000000000   0.50002800735216455
 -0.00019250000000000   0.50002799642002801
 -0.00019225000000000   0.50002797874572300
 -0.00019200000000000   0.50002796997337385
 -0.00019175000000000   0.50002795333377352
 -0.00019150000000000   0.50002792788694075
 -0.00019125000000000   0.50002791033278130
 -0.00019100000000000   0.50002788279970206
 -0.00019075000000000   0.50002786267096363
 -0.00019050000000000   0.50002783138089916
 -0.00019025000000000   0.50002780697832308
 -0.00019000000000000   0.50002777023442719
 -0.00018975000000000   0.50002773985011923
 -0.00018950000000000   0.50002769595022284
 -0.00018925000000000   0.50002765787996808
 -0.00018900000000000   0.50002762568288497
 -0.00018875000000000   0.50002757854158925
 -0.00018850000000000   0.50002753673426755
 -0.00018825000000000   0.50002750029067754
 -0.00018800000000000   0.50002744749647799
 -0.00018775000000000   0.50002739952917653
 -0.00018750000000000   0.50002735641459754
 -0.00018725000000000   0.50002731816450035
 -0.00018700000000000   0.50002726192535335
 -0.00018675000000000   0.50002721002184950
 -0.00018650000000000   0.50002716247062640
 -0.00018625000000000   0.50002711927795733
 -0.00018600000000000   0.50002708044059965
 -0.00018575000000000   0.50002702178220660
 -0.00018550000000000   0.50002696696926265
 -0.00018525000000000   0.50002691600965155
 -0.00018500000000000   0.50002686890396682
 -0.00018475000000000   0.50002680045630176
 -0.00018450000000000   0.50002676081634192
 -0.00018425000000000   0.50002669934325681
 -0.00018400000000000   0.50002664123427678
 -0.00018375000000000   0.50002658649150801
 -0.00018350000000000   0.50002653511207867
 -0.00018325000000000   0.50002648708849308
 -0.00018300000000000   0.50002641557457265
 -0.00018275000000000   0.50002637402664499
 -0.00018250000000000   0.50002630852833092
 -0.00018225000000000   0.50002624591745803
 -0.00018200000000000   0.50002618619387699
 -0.00018175000000000   0.50002612935408548
 -0.00018150000000000   0.50002607539144803
 -0.00018125000000000   0.50002602429640315
 -0.00018100000000000   0.50002597605665827
 -0.00018075000000000   0.50002590190629870
 -0.00018050000000000   0.50002585915746671
 -0.00018025000000000   0.50002579007846540
 -0.00018000000000000   0.50002572342080926
 -0.00017975000000000   0.50002568873891684
 -0.00017950000000000   0.50002562711327661
 -0.00017925000000000   0.50002556789044234
 -0.00017900000000000   0.50002551106265320
 -0.00017875000000000   0.50002542631688417
 -0.00017850000000000   0.50002537407873305
 -0.00017825000000000   0.50002532420865622
 -0.00017800000000000   0.50002527669237712
 -0.00017775000000000   0.50002520051331702
 -0.00017750000000000   0.50002515751145276
 -0.00017725000000000   0.50002508547857519
 -0.00017700000000000   0.50002501541405390
 -0.00017675000000000   0.50002497902710053
 -0.00017650000000000   0.50002491306689348
 -0.00017625000000000   0.50002484905718343
 -0.00017600000000000   0.50002478699158544
 -0.00017575000000000   0.50002472686265706
 -0.00017550000000000   0.50002466866195738
 -0.00017525000000000   0.50002461238010327
 -0.00017500000000000   0.50002455800682304
 -0.00017475000000000   0.50002447254894590
 -0.00017450000000000   0.50002442182334841
 -0.00017425000000000   0.50002437297566886
 -0.00017400000000000   0.50002429256149646
 -0.00017375000000000   0.50002424730809418
 -0.00017350000000000   0.50002417016960407
 -0.00017325000000000   0.50002412847082412
 -0.00017300000000000   0.50002405458429259
 -0.00017275000000000   0.50002401639531073
 -0.00017250000000000   0.50002394573169843
 -0.00017225000000000   0.50002387659123707
 -0.00017200000000000   0.50002384352859753
 -0.00017175000000000   0.50002377756299117
 -0.00017150000000000   0.50002371310042943
 -0.00017125000000000   0.50002365013453300
 -0.00017100000000000   0.50002358865841518
 -0.00017075000000000   0.50002352866470780
 -0.00017050000000000   0.50002347014558617
 -0.00017025000000000   0.50002341309279300
 -0.00017000000000000   0.50002335749766125
 -0.00016975000000000   0.50002330335113612
 -0.00016950000000000   0.50002325064379607
 -0.00016925000000000   0.50002316344959924
 -0.00016900000000000   0.50002311349063353
 -0.00016875000000000   0.50002306494422026
 -0.00016850000000000   0.50002298153322285
 -0.00016825000000000   0.50002293568976688
 -0.00016800000000000   0.50002289122934903
 -0.00016775000000000   0.50002281155547783
 -0.00016750000000000   0.50002276974692130
 -0.00016725000000000   0.50002269248912612
 -0.00016700000000000   0.50002265329786296
 -0.00016675000000000   0.50002257843379427
 -0.00016650000000000   0.50002254182324267
 -0.00016625000000000   0.50002246932833804
 -0.00016600000000000   0.50002239794813449
 -0.00016575000000000   0.50002236510781499
 -0.00016550000000000   0.50002229605931586
 -0.00016525000000000   0.50002222811033631
 -0.00016500000000000   0.50002219895781680
 -0.00016475000000000   0.50002213329901865
 -0.00016450000000000   0.50002206872252082
 -0.00016425000000000   0.50002200522314142
 -0.00016400000000000   0.50002194279549153
 -0.00016375000000000   0.50002188143398492
 -0.00016350000000000   0.50002182113284734
 -0.00016325000000000   0.50002176188612559
 -0.00016300000000000   0.50002170368769613
 -0.00016275000000000   0.50002164653127353
 -0.00016250000000000   0.50002159041041853
 -0.00016225000000000   0.50002153531854579
 -0.00016200000000000   0.50002148124893148
 -0.00016175000000000   0.50002142819472042
 -0.00016150000000000   0.50002137614893315
 -0.00016125000000000   0.50002132510447257
 -0.00016100000000000   0.50002127505413042
 -0.00016075000000000   0.50002122599059356
 -0.00016050000000000   0.50002113873536767
 -0.00016025000000000   0.50002109156579597
 -0.00016000000000000   0.50002104536288653
 -0.00015975000000000   0.50002100011893710
 -0.00015950000000000   0.50002091637995020
 -0.00015925000000000   0.50002087298251823
 -0.00015900000000000   0.50002083052275896
 -0.00015875000000000   0.50002074934938795
 -0.00015850000000000   0.50002070869962320
 -0.00015825000000000   0.50002066896552783
 -0.00015800000000000   0.50002059031863325
 -0.00015775000000000   0.50002055235647327
 -0.00015750000000000   0.50002047534007166
 -0.00015725000000000   0.50002043912514474
 -0.00015700000000000   0.50002036372277929
 -0.00015675000000000   0.50002032922981070
 -0.00015650000000000   0.50002025542429334
 -0.00015625000000000   0.50002022262749945
 -0.00015600000000000   0.50002015040097643
 -0.00015575000000000   0.50002011927412383
 -0.00015550000000000   0.50002004860813714
 -0.00015525000000000   0.50002001912459773
 -0.00015500000000000   0.50001995000014260
 -0.00015475000000000   0.50001988160429136
 -0.00015450000000000   0.50001985453052342
 -0.00015425000000000   0.50001978764868164
 -0.00015400000000000   0.50001972148427268
 -0.00015375000000000   0.50001969676405344
 -0.00015350000000000   0.50001963208506387
 -0.00015325000000000   0.50001956811174871
 -0.00015300000000000   0.50001950484068378
 -0.00015275000000000   0.50001948317044353
 -0.00015250000000000   0.50001942134645367
 -0.00015225000000000   0.50001936021227283
 -0.00015200000000000   0.50001929976424443
 -0.00015175000000000   0.50001923999865540
 -0.00015150000000000   0.50001922200414239
 -0.00015125000000000   0.50001916363660706
 -0.00015100000000000   0.50001910593837482
 -0.00015075000000000   0.50001904890554943
 -0.00015050000000000   0.50001899253418986
 -0.00015025000000000   0.50001893682031239
 -0.00015000000000000   0.50001888175989276
 -0.00014975000000000   0.50001882734886814
 -0.00014950000000000   0.50001877358313916
 -0.00014925000000000   0.50001876183585708
 -0.00014900000000000   0.50001870937841229
 -0.00014875000000000   0.50001865755223834
 -0.00014850000000000   0.50001860635312461
 -0.00014825000000000   0.50001855577683275
 -0.00014800000000000   0.50001850581909822
 -0.00014775000000000   0.50001845647563197
 -0.00014750000000000   0.50001836618541911
 -0.00014725000000000   0.50001831803774665
 -0.00014700000000000   0.50001827049275766
 -0.00014675000000000   0.50001822354606455
 -0.00014650000000000   0.50001817719326257
 -0.00014625000000000   0.50001813142993113
 -0.00014600000000000   0.50001808625163502
 -0.00014575000000000   0.50001804165392564
 -0.00014550000000000   0.50001799763234222
 -0.00014525000000000   0.50001795418241291
 -0.00014500000000000   0.50001786955190242
 -0.00014475000000000   0.50001782722562093
 -0.00014450000000000   0.50001778545879300
 -0.00014425000000000   0.50001774424689991
 -0.00014400000000000   0.50001770358541722
 -0.00014375000000000   0.50001762164911835
 -0.00014350000000000   0.50001758207496670
 -0.00014325000000000   0.50001754303883148
 -0.00014300000000000   0.50001750453616188
 -0.00014275000000000   0.50001746656240591
 -0.00014250000000000   0.50001738725083168
 -0.00014225000000000   0.50001735032732910
 -0.00014200000000000   0.50001731392022719
 -0.00014175000000000   0.50001723613093232
 -0.00014150000000000   0.50001720075250644
 -0.00014125000000000   0.50001716587791365
 -0.00014100000000000   0.50001708958740063
 -0.00014075000000000   0.50001705571970927
 -0.00014050000000000   0.50001702234325049
 -0.00014025000000000   0.50001694752748236
 -0.00014000000000000   0.50001691513599855
 -0.00013975000000000   0.50001688322313357
 -0.00013950000000000   0.50001680985760841
 -0.00013925000000000   0.50001677890768141
 -0.00013900000000000   0.50001674842376393
 -0.00013875000000000   0.50001667648358351
 -0.00013850000000000   0.50001664694049418
 -0.00013825000000000   0.50001657592711347
 -0.00013800000000000   0.50001654731075835
 -0.00013775000000000   0.50001647721436873
 -0.00013750000000000   0.50001644951061841
 -0.00013725000000000   0.50001642224418625
 -0.00013700000000000   0.50001635351599241
 -0.00013675000000000   0.50001632713997283
 -0.00013650000000000   0.50001625930267521
 -0.00013625000000000   0.50001623380291128
 -0.00013600000000000   0.50001616684635794
 -0.00013575000000000   0.50001614220868847
 -0.00013550000000000   0.50001607612264642
 -0.00013525000000000   0.50001605233291385
 -0.00013500000000000   0.50001598710707846
 -0.00013475000000000   0.50001596415113621
 -0.00013450000000000   0.50001589977514028
 -0.00013425000000000   0.50001587763885965
 -0.00013400000000000   0.50001581410228185
 -0.00013375000000000   0.50001575097679129
 -0.00013350000000000   0.50001573006393136
 -0.00013325000000000   0.50001566776309261
 -0.00013300000000000   0.50001564763550889
 -0.00013275000000000   0.50001558614878087
 -0.00013250000000000   0.50001552506283872
 -0.00013225000000000   0.50001550610925332
 -0.00013200000000000   0.50001544582246426
 -0.00013175000000000   0.50001542761993044
 -0.00013150000000000   0.50001536812167928
 -0.00013125000000000   0.50001530901368133
 -0.00013100000000000   0.50001529193592704
 -0.00013075000000000   0.50001523360138433
 -0.00013050000000000   0.50001517565087763
 -0.00013025000000000   0.50001515966896359
 -0.00013000000000000   0.50001510247677253
 -0.00012975000000000   0.50001504566233815
 -0.00012950000000000   0.50001503074743856
 -0.00012925000000000   0.50001497467614301
 -0.00012900000000000   0.50001491897627340
 -0.00012875000000000   0.50001490509969793
 -0.00012850000000000   0.50001485012777121
 -0.00012825000000000   0.50001479552089815
 -0.00012800000000000   0.50001474127723449
 -0.00012775000000000   0.50001472875998318
 -0.00012750000000000   0.50001467522450354
 -0.00012725000000000   0.50001462204581179
 -0.00012700000000000   0.50001461050122349
 -0.00012675000000000   0.50001455801552288
 -0.00012650000000000   0.50001450588016757
 -0.00012625000000000   0.50001445409327596
 -0.00012600000000000   0.50001440265296016
 -0.00012575000000000   0.50001439270895524
 -0.00012550000000000   0.50001434193731616
 -0.00012525000000000   0.50001429150577710
 -0.00012500000000000   0.50001424141243572
 -0.00012475000000000   0.50001423268313315
 -0.00012450000000000   0.50001418323878463
 -0.00012425000000000   0.50001413412615002
 -0.00012400000000000   0.50001408534331680
 -0.00012375000000000   0.50001403688836876
 -0.00012350000000000   0.50001398875938629
 -0.00012325000000000   0.50001398179780324
 -0.00012300000000000   0.50001393428908506
 -0.00012275000000000   0.50001388709984716
 -0.00012250000000000   0.50001384022816553
 -0.00012225000000000   0.50001379367211391
 -0.00012200000000000   0.50001374742976408
 -0.00012175000000000   0.50001370149918600
 -0.00012150000000000   0.50001369648364257
 -0.00012125000000000   0.50001365114025983
 -0.00012100000000000   0.50001360610218655
 -0.00012075000000000   0.50001356136749405
 -0.00012050000000000   0.50001351693425288
 -0.00012025000000000   0.50001347280053301
 -0.00012000000000000   0.50001342896440401
 -0.00011975000000000   0.50001338542393526
 -0.00011950000000000   0.50001334217719610
 -0.00011925000000000   0.50001329922225604
 -0.00011900000000000   0.50001329678687248
 -0.00011875000000000   0.50001325437297738
 -0.00011850000000000   0.50001321224448736
 -0.00011825000000000   0.50001317039947988
 -0.00011800000000000   0.50001312883603326
 -0.00011775000000000   0.50001308755222693
 -0.00011750000000000   0.50001304654614151
 -0.00011725000000000   0.50001300581585895
 -0.00011700000000000   0.50001296535946275
 -0.00011675000000000   0.50001292517503800
 -0.00011650000000000   0.50001288526067156
 -0.00011625000000000   0.50001284561445217
 -0.00011600000000000   0.50001280623447059
 -0.00011575000000000   0.50001276711881974
 -0.00011550000000000   0.50001272826559475
 -0.00011525000000000   0.50001268967289315
 -0.00011500000000000   0.50001265133881492
 -0.00011475000000000   0.50001261326146265
 -0.00011450000000000   0.50001257543894161
 -0.00011425000000000   0.50001253786935988
 -0.00011400000000000   0.50001250055082838
 -0.00011375000000000   0.50001246348146108
 -0.00011350000000000   0.50001242665937499
 -0.00011325000000000   0.50001239008269030
 -0.00011300000000000   0.50001235374953046
 -0.00011275000000000   0.50001231765802225
 -0.00011250000000000   0.50001228180629589
 -0.00011225000000000   0.50001224619248508
 -0.00011200000000000   0.50001221081472712
 -0.00011175000000000   0.50001217567116295
 -0.00011150000000000   0.50001214075993724
 -0.00011125000000000   0.50001210607919846
 -0.00011100000000000   0.50001203284808906
 -0.00011075000000000   0.50001199867639669
 -0.00011050000000000   0.50001196473011207
 -0.00011025000000000   0.50001193100739554
 -0.00011000000000000   0.50001189750641157
 -0.00010975000000000   0.50001186422532886
 -0.00010950000000000   0.50001183116232035
 -0.00010925000000000   0.50001179831556333
 -0.00010900000000000   0.50001176568323942
 -0.00010875000000000   0.50001173326353467
 -0.00010850000000000   0.50001170105463960
 -0.00010825000000000   0.50001163085447831
 -0.00010800000000000   0.50001159912027315
 -0.00010775000000000   0.50001156759188610
 -0.00010750000000000   0.50001153626752243
 -0.00010725000000000   0.50001150514539214
 -0.00010700000000000   0.50001147422370996
 -0.00010675000000000   0.50001144350069539
 -0.00010650000000000   0.50001141297457275
 -0.00010625000000000   0.50001134488825618
 -0.00010600000000000   0.50001131481237287
 -0.00010575000000000   0.50001128492846536
 -0.00010550000000000   0.50001125523477431
 -0.00010525000000000   0.50001122572954538
 -0.00010500000000000   0.50001119641102923
 -0.00010475000000000   0.50001112986502625
 -0.00010450000000000   0.50001110097880897
 -0.00010425000000000   0.50001107227444891
 -0.00010400000000000   0.50001104375021401
 -0.00010375000000000   0.50001101540437737
 -0.00010350000000000   0.50001098723521727
 -0.00010325000000000   0.50001092218591281
 -0.00010300000000000   0.50001089443128032
 -0.00010275000000000   0.50001086684853411
 -0.00010250000000000   0.50001083943597048
 -0.00010225000000000   0.50001081219189101
 -0.00010200000000000   0.50001074836250882
 -0.00010175000000000   0.50001072151841831
 -0.00010150000000000   0.50001069483807761
 -0.00010125000000000   0.50001066831980681
 -0.00010100000000000   0.50001060545271784
 -0.00010075000000000   0.50001057932304555
 -0.00010050000000000   0.50001055335075354
 -0.00010025000000000   0.50001052753418078
 -0.00010000000000000   0.50001050187167164
 -0.00009975000000000   0.50001044017203104
 -0.00009950000000000   0.50001041488382246
 -0.00009925000000000   0.50001038974504780
 -0.00009900000000000   0.50001036475407059
 -0.00009875000000000   0.50001030397563477
 -0.00009850000000000   0.50001027934776176
 -0.00009825000000000   0.50001025486310407
 -0.00009800000000000   0.50001023052004462
 -0.00009775000000000   0.50001017064480148
 -0.00009750000000000   0.50001014665374084
 -0.00009725000000000   0.50001012279974483
 -0.00009700000000000   0.50001006360130264
 -0.00009675000000000   0.50001004009119591
 -0.00009650000000000   0.50001001671365532
 -0.00009625000000000   0.50000999346709755
 -0.00009600000000000   0.50000993514084463
 -0.00009575000000000   0.50000991222723366
 -0.00009550000000000   0.50000988944015693
 -0.00009525000000000   0.50000983176823195
 -0.00009500000000000   0.50000980930610911
 -0.00009475000000000   0.50000978696610809
 -0.00009450000000000   0.50000976474667961
 -0.00009425000000000   0.50000970791609080
 -0.00009400000000000   0.50000968601084672
 -0.00009375000000000   0.50000966422181356
 -0.00009350000000000   0.50000960802317518
 -0.00009325000000000   0.50000958654045748
 -0.00009300000000000   0.50000956516962588
 -0.00009275000000000   0.50000950959355285
 -0.00009250000000000   0.50000948852122064
 -0.00009225000000000   0.50000946755648670
 -0.00009200000000000   0.50000941259361482
 -0.00009175000000000   0.50000939191961810
 -0.00009150000000000   0.50000937134896901
 -0.00009125000000000   0.50000931698995808
 -0.00009100000000000   0.50000929670233886
 -0.00009075000000000   0.50000927651385394
 -0.00009050000000000   0.50000922274939070
 -0.00009025000000000   0.50000920283628393
 -0.00009000000000000   0.50000918301813553
 -0.00008975000000000   0.50000912983893638
 -0.00008950000000000   0.50000911028857076
 -0.00008925000000000   0.50000905751329346
 -0.00008900000000000   0.50000903822583855
 -0.00008875000000000   0.50000901902653717
 -0.00008850000000000   0.50000896682145887
 -0.00008825000000000   0.50000894787756397
 -0.00008800000000000   0.50000892901774480
 -0.00008775000000000   0.50000887737366489
 -0.00008750000000000   0.50000885876180590
 -0.00008725000000000   0.50000880750641997
 -0.00008700000000000   0.50000878913773842
 -0.00008675000000000   0.50000877084648693
 -0.00008650000000000   0.50000872013716463
 -0.00008625000000000   0.50000870208173781
 -0.00008600000000000   0.50000865175172933
 -0.00008575000000000   0.50000863392740080
 -0.00008550000000000   0.50000861617395513
 -0.00008525000000000   0.50000856637516529
 -0.00008500000000000   0.50000854884555977
 -0.00008475000000000   0.50000849941674496
 -0.00008450000000000   0.50000848210631046
 -0.00008425000000000   0.50000846486030984
 -0.00008400000000000   0.50000841594796748
 -0.00008375000000000   0.50000839891397514
 -0.00008350000000000   0.50000835036231690
 -0.00008325000000000   0.50000833353572167
 -0.00008300000000000   0.50000828534117116
 -0.00008275000000000   0.50000826871738382
 -0.00008250000000000   0.50000825214920154
 -0.00008225000000000   0.50000820445082307
 -0.00008200000000000   0.50000818807841828
 -0.00008175000000000   0.50000814072792849
 -0.00008150000000000   0.50000812454677066
 -0.00008125000000000   0.50000807754061725
 -0.00008100000000000   0.50000806154619807
 -0.00008075000000000   0.50000801488083509
 -0.00008050000000000   0.50000799906866860
 -0.00008025000000000   0.50000798330105300
 -0.00008000000000000   0.50000793710617938
 -0.00007975000000000   0.50000792151395557
 -0.00007950000000000   0.50000787565075700
 -0.00007925000000000   0.50000786022949812
 -0.00007900000000000   0.50000781469445792
 -0.00007875000000000   0.50000779943975956
 -0.00007850000000000   0.50000775422936874
 -0.00007825000000000   0.50000773913684900
 -0.00007800000000000   0.50000769424760659
 -0.00007775000000000   0.50000767931290607
 -0.00007750000000000   0.50000763474131939
 -0.00007725000000000   0.50000761996010122
 -0.00007700000000000   0.50000757570268614
 -0.00007675000000000   0.50000756107063599
 -0.00007650000000000   0.50000751712391716
 -0.00007625000000000   0.50000750263674322
 -0.00007600000000000   0.50000745899725433
 -0.00007575000000000   0.50000744465068733
 -0.00007550000000000   0.50000740131497131
 -0.00007525000000000   0.50000738710476445
 -0.00007500000000000   0.50000734406937370
 -0.00007475000000000   0.50000732999130269
 -0.00007450000000000   0.50000728725279926
 -0.00007425000000000   0.50000727330266224
 -0.00007400000000000   0.50000723085761802
 -0.00007375000000000   0.50000721703123555
 -0.00007350000000000   0.50000717487623245
 -0.00007325000000000   0.50000716116944745
 -0.00007300000000000   0.50000711930107758
 -0.00007275000000000   0.50000710570975529
 -0.00007250000000000   0.50000706412462108
 -0.00007225000000000   0.50000705064464900
 -0.00007200000000000   0.50000700933936338
 -0.00007175000000000   0.50000699596665122
 -0.00007150000000000   0.50000695493783774
 -0.00007125000000000   0.50000694166831735
 -0.00007100000000000   0.50000690091261031
 -0.00007075000000000   0.50000686033078874
 -0.00007050000000000   0.50000684725628016
 -0.00007025000000000   0.50000680694274591
 -0.00007000000000000   0.50000679396147937
 -0.00006975000000000   0.50000675391289084
 -0.00006950000000000   0.50000674102087301
 -0.00006925000000000   0.50000670123389979
 -0.00006900000000000   0.50000668842715916
 -0.00006875000000000   0.50000664889848210
 -0.00006850000000000   0.50000660953725789
 -0.00006825000000000   0.50000659689938024
 -0.00006800000000000   0.50000655779168915
 -0.00006775000000000   0.50000654522936975
 -0.00006750000000000   0.50000650637191815
 -0.00006725000000000   0.50000649388125925
 -0.00006700000000000   0.50000645527076505
 -0.00006675000000000   0.50000641682277373
 -0.00006650000000000   0.50000640448108316
 -0.00006625000000000   0.50000636627533157
 -0.00006600000000000   0.50000635399575877
 -0.00006575000000000   0.50000631602899116
 -0.00006550000000000   0.50000630380771120
 -0.00006525000000000   0.50000626607668362
 -0.00006500000000000   0.50000622850323179
 -0.00006475000000000   0.50000621641137300
 -0.00006450000000000   0.50000617906899092
 -0.00006425000000000   0.50000616702605625
 -0.00006400000000000   0.50000612991152689
 -0.00006375000000000   0.50000609295110440
 -0.00006350000000000   0.50000608102388140
 -0.00006325000000000   0.50000604428667496
 -0.00006300000000000   0.50000603239912885
 -0.00006275000000000   0.50000599588194874
 -0.00006250000000000   0.50000595951541898
 -0.00006225000000000   0.50000594773004482
 -0.00006200000000000   0.50000591157893906
 -0.00006175000000000   0.50000587557646152
 -0.00006150000000000   0.50000586388527087
 -0.00006125000000000   0.50000582809363431
 -0.00006100000000000   0.50000581642761048
 -0.00006075000000000   0.50000578084366841
 -0.00006050000000000   0.50000574540491858
 -0.00006025000000000   0.50000573381980431
 -0.00006000000000000   0.50000569858420126
 -0.00005975000000000   0.50000566349177885
 -0.00005950000000000   0.50000565197973973
 -0.00005925000000000   0.50000561708593629
 -0.00005900000000000   0.50000560558485073
 -0.00005875000000000   0.50000557088656351
 -0.00005850000000000   0.50000553632804412
 -0.00005825000000000   0.50000552488702121
 -0.00005800000000000   0.50000549051952620
 -0.00005775000000000   0.50000545628979955
 -0.00005750000000000   0.50000544490115641
 -0.00005725000000000   0.50000541085798259
 -0.00005700000000000   0.50000537695058197
 -0.00005675000000000   0.50000536560669096
 -0.00005650000000000   0.50000533188139204
 -0.00005625000000000   0.50000529828987568
 -0.00005600000000000   0.50000528698316402
 -0.00005575000000000   0.50000525356931873
 -0.00005550000000000   0.50000522028727004
 -0.00005525000000000   0.50000520901021945
 -0.00005500000000000   0.50000517590143182
 -0.00005475000000000   0.50000514292245969
 -0.00005450000000000   0.50000513166760592
 -0.00005425000000000   0.50000509885750552
 -0.00005400000000000   0.50000506617524449
 -0.00005375000000000   0.50000505493517701
 -0.00005350000000000   0.50000502241741908
 -0.00005325000000000   0.50000499002552957
 -0.00005300000000000   0.50000497879289106
 -0.00005275000000000   0.50000494656115676
 -0.00005250000000000   0.50000491445332516
 -0.00005225000000000   0.50000490322081117
 -0.00005200000000000   0.50000487126880766
 -0.00005175000000000   0.50000483943874651
 -0.00005150000000000   0.50000482819910496
 -0.00005125000000000   0.50000479652056552
 -0.00005100000000000   0.50000476496201358
 -0.00005075000000000   0.50000475370804435
 -0.00005050000000000   0.50000472229672848
 -0.00005025000000000   0.50000469100345081
 -0.00005000000000000   0.50000465982761580
 -0.00004975000000000   0.50000464857769877
 -0.00004950000000000   0.50000461754348676
 -0.00004925000000000   0.50000458662477445
 -0.00004900000000000   0.50000457534398232
 -0.00004875000000000   0.50000454456265375
 -0.00004850000000000   0.50000451389488769
 -0.00004825000000000   0.50000448334008980
 -0.00004800000000000   0.50000447204158742
 -0.00004775000000000   0.50000444161861757
 -0.00004750000000000   0.50000441130668532
 -0.00004725000000000   0.50000439996102625
 -0.00004700000000000   0.50000436977672901
 -0.00004675000000000   0.50000433970154471
 -0.00004650000000000   0.50000430973488051
 -0.00004625000000000   0.50000429835008920
 -0.00004600000000000   0.50000426850556155
 -0.00004575000000000   0.50000423876763619
 -0.00004550000000000   0.50000420913572106
 -0.00004525000000000   0.50000419769973117
 -0.00004500000000000   0.50000416818448573
 -0.00004475000000000   0.50000413877333965
 -0.00004450000000000   0.50000412726514993
 -0.00004425000000000   0.50000409796655178
 -0.00004400000000000   0.50000406877014818
 -0.00004375000000000   0.50000403967534891
 -0.00004350000000000   0.50000402809505734
 -0.00004325000000000   0.50000399910739587
 -0.00004300000000000   0.50000397021944101
 -0.00004275000000000   0.50000394143060347
 -0.00004250000000000   0.50000392976643149
 -0.00004225000000000   0.50000390107935286
 -0.00004200000000000   0.50000387248950098
 -0.00004175000000000   0.50000384399628758
 -0.00004150000000000   0.50000383223655805
 -0.00004125000000000   0.50000380383975572
 -0.00004100000000000   0.50000377553770851
 -0.00004075000000000   0.50000374732982916
 -0.00004050000000000   0.50000371921553043
 -0.00004025000000000   0.50000370734617987
 -0.00004000000000000   0.50000367932168636
 -0.00003975000000000   0.50000365138889844
 -0.00003950000000000   0.50000362354722997
 -0.00003925000000000   0.50000361155644168
 -0.00003900000000000   0.50000358379929824
 -0.00003875000000000   0.50000355613140647
 -0.00003850000000000   0.50000352855218139
 -0.00003825000000000   0.50000351642859695
 -0.00003800000000000   0.50000348892864709
 -0.00003775000000000   0.50000346151550338
 -0.00003750000000000   0.50000343418858202
 -0.00003725000000000   0.50000340694729924
 -0.00003700000000000   0.50000339466807330
 -0.00003675000000000   0.50000336749957653
 -0.00003650000000000   0.50000334041486621
 -0.00003625000000000   0.50000331341335979
 -0.00003600000000000   0.50000328649447474
 -0.00003575000000000   0.50000327404224847
 -0.00003550000000000   0.50000324718970319
 -0.00003525000000000   0.50000322041793559
 -0.00003500000000000   0.50000319372636439
 -0.00003475000000000   0.50000316711440838
 -0.00003450000000000   0.50000315447199498
 -0.00003425000000000   0.50000312791997497
 -0.00003400000000000   0.50000310144573485
 -0.00003375000000000   0.50000307504869466
 -0.00003350000000000   0.50000304872827452
 -0.00003325000000000   0.50000303587865637
 -0.00003300000000000   0.50000300961181044
 -0.00003275000000000   0.50000298341975761
 -0.00003250000000000   0.50000295730191927
 -0.00003225000000000   0.50000293125771691
 -0.00003200000000000   0.50000291818404276
 -0.00003175000000000   0.50000289218709423
 -0.00003150000000000   0.50000286626196300
 -0.00003125000000000   0.50000284040807184
 -0.00003100000000000   0.50000281462484362
 -0.00003075000000000   0.50000278891170127
 -0.00003050000000000   0.50000277556817191
 -0.00003025000000000   0.50000274989477043
 -0.00003000000000000   0.50000272428964555
 -0.00002975000000000   0.50000269875222152
 -0.00002950000000000   0.50000267328192269
 -0.00002925000000000   0.50000264787817349
 -0.00002900000000000   0.50000263424105380
 -0.00002875000000000   0.50000260886958726
 -0.00002850000000000   0.50000258356287035
 -0.00002825000000000   0.50000255832032883
 -0.00002800000000000   0.50000253314138853
 -0.00002775000000000   0.50000250802547542
 -0.00002750000000000   0.50000249407129133
 -0.00002725000000000   0.50000246898025639
 -0.00002700000000000   0.50000244395045778
 -0.00002675000000000   0.50000241898132272
 -0.00002650000000000   0.50000239407227857
 -0.00002625000000000   0.50000236922275279
 -0.00002600000000000   0.50000234443217294
 -0.00002575000000000   0.50000233009628655
 -0.00002550000000000   0.50000230532202366
 -0.00002525000000000   0.50000228060492599
 -0.00002500000000000   0.50000225594442237
 -0.00002475000000000   0.50000223133994175
 -0.00002450000000000   0.50000220679091321
 -0.00002425000000000   0.50000218229676593
 -0.00002400000000000   0.50000216754796549
 -0.00002375000000000   0.50000214306164121
 -0.00002350000000000   0.50000211862842738
 -0.00002325000000000   0.50000209424775441
 -0.00002300000000000   0.50000206991905285
 -0.00002275000000000   0.50000204564175333
 -0.00002250000000000   0.50000202141528664
 -0.00002225000000000   0.50000200622273587
 -0.00002200000000000   0.50000198199566384
 -0.00002175000000000   0.50000195781766349
 -0.00002150000000000   0.50000193368816677
 -0.00002125000000000   0.50000190960660579
 -0.00002100000000000   0.50000188557241275
 -0.00002075000000000   0.50000186158501996
 -0.00002050000000000   0.50000183764385985
 -0.00002025000000000   0.50000181374836498
 -0.00002000000000000   0.50000179797057233
 -0.00001975000000000   0.50000177406374021
 -0.00001950000000000   0.50000175020082366
 -0.00001925000000000   0.50000172638125638
 -0.00001900000000000   0.50000170260447219
 -0.00001875000000000   0.50000167886990502
 -0.00001850000000000   0.50000165517698889
 -0.00001825000000000   0.50000163152515796
 -0.00001800000000000   0.50000160791384646
 -0.00001775000000000   0.50000158434248877
 -0.00001750000000000   0.50000156786784196
 -0.00001725000000000   0.50000154427333828
 -0.00001700000000000   0.50000152071705077
 -0.00001675000000000   0.50000149719841489
 -0.00001650000000000   0.50000147371686621
 -0.00001625000000000   0.50000145027184038
 -0.00001600000000000   0.50000142686277318
 -0.00001575000000000   0.50000140348910045
 -0.00001550000000000   0.50000138015025817
 -0.00001525000000000   0.50000135684568238
 -0.00001500000000000   0.50000133357480925
 -0.00001475000000000   0.50000131627433740
 -0.00001450000000000   0.50000129296745855
 -0.00001425000000000   0.50000126969255712
 -0.00001400000000000   0.50000124644907029
 -0.00001375000000000   0.50000122323643533
 -0.00001350000000000   0.50000120005408959
 -0.00001325000000000   0.50000117690147054
 -0.00001300000000000   0.50000115377801570
 -0.00001275000000000   0.50000113068316270
 -0.00001250000000000   0.50000110761634923
 -0.00001225000000000   0.50000108457701310
 -0.00001200000000000   0.50000106156459216
 -0.00001175000000000   0.50000103857852437
 -0.00001150000000000   0.50000102022836703
 -0.00001125000000000   0.50000099719125756
 -0.00001100000000000   0.50000097417878935
 -0.00001075000000000   0.50000095119040131
 -0.00001050000000000   0.50000092822553238
 -0.00001025000000000   0.50000090528362159
 -0.00001000000000000   0.50000088236410805
 -0.00000975000000000   0.50000085946643090
 -0.00000950000000000   0.50000083659002938
 -0.00000925000000000   0.50000081373434279
 -0.00000900000000000   0.50000079089881049
 -0.00000875000000000   0.50000076808287190
 -0.00000850000000000   0.50000074528596650
 -0.00000825000000000   0.50000072250753383
 -0.00000800000000000   0.50000069974701349
 -0.00000775000000000   0.50000067700384514
 -0.00000750000000000   0.50000065427746849
 -0.00000725000000000   0.50000063156732330
 -0.00000700000000000   0.50000060887284938
 -0.00000675000000000   0.50000058619348661
 -0.00000650000000000   0.50000056352867488
 -0.00000625000000000   0.50000054333876776
 -0.00000600000000000   0.50000052059894579
 -0.00000575000000000   0.50000049787198133
 -0.00000550000000000   0.50000047515731509
 -0.00000525000000000   0.50000045245438777
 -0.00000500000000000   0.50000042976264015
 -0.00000475000000000   0.50000040708151300
 -0.00000450000000000   0.50000038441044717
 -0.00000425000000000   0.50000036174888352
 -0.00000400000000000   0.50000033909626293
 -0.00000375000000000   0.50000031645202632
 -0.00000350000000000   0.50000029381561465
 -0.00000325000000000   0.50000027118646887
 -0.00000300000000000   0.50000024856403000
 -0.00000275000000000   0.50000022594773904
 -0.00000250000000000   0.50000020333703702
 -0.00000225000000000   0.50000018073136501
 -0.00000200000000000   0.50000015813016407
 -0.00000175000000000   0.50000013553287529
 -0.00000150000000000   0.50000011293893977
 -0.00000125000000000   0.50000009034779860
 -0.00000100000000000   0.50000006775889292
 -0.00000075000000000   0.50000004517166383
 -0.00000050000000000   0.50000002258555248
 -0.00000025000000000   0.50000000000000000
  0.00000000000000000   0.49999997741444751
  0.00000025000000000   0.49999995482833616
  0.00000050000000000   0.49999993224110708
  0.00000075000000000   0.49999990965220139
  0.00000100000000000   0.49999988706106023
  0.00000125000000000   0.49999986446712470
  0.00000150000000000   0.49999984186983592
  0.00000175000000000   0.49999981926863498
  0.00000200000000000   0.49999979666296297
  0.00000225000000000   0.49999977405226096
  0.00000250000000000   0.49999975143597000
  0.00000275000000000   0.49999972881353112
  0.00000300000000000   0.49999970618438535
  0.00000325000000000   0.49999968354797367
  0.00000350000000000   0.49999966090373707
  0.00000375000000000   0.49999963825111648
  0.00000400000000000   0.49999961558955282
  0.00000425000000000   0.49999959291848699
  0.00000450000000000   0.49999957023735985
  0.00000475000000000   0.49999954754561222
  0.00000500000000000   0.49999952484268491
  0.00000525000000000   0.49999950212801866
  0.00000550000000000   0.49999947940105421
  0.00000575000000000   0.49999945666123223
  0.00000600000000000   0.49999943647132511
  0.00000625000000000   0.49999941380651339
  0.00000650000000000   0.49999939112715061
  0.00000675000000000   0.49999936843267670
  0.00000700000000000   0.49999934572253151
  0.00000725000000000   0.49999932299615485
  0.00000750000000000   0.49999930025298650
  0.00000775000000000   0.49999927749246617
  0.00000800000000000   0.49999925471403350
  0.00000825000000000   0.49999923191712810
  0.00000850000000000   0.49999920910118950
  0.00000875000000000   0.49999918626565720
  0.00000900000000000   0.49999916340997061
  0.00000925000000000   0.49999914053356910
  0.00000950000000000   0.49999911763589195
  0.00000975000000000   0.49999909471637840
  0.00001000000000000   0.49999907177446762
  0.00001025000000000   0.49999904880959869
  0.00001050000000000   0.49999902582121064
  0.00001075000000000   0.49999900280874244
  0.00001100000000000   0.49999897977163296
  0.00001125000000000   0.49999896142147562
  0.00001150000000000   0.49999893843540783
  0.00001175000000000   0.49999891542298690
  0.00001200000000000   0.49999889238365076
  0.00001225000000000   0.49999886931683730
  0.00001250000000000   0.49999884622198429
  0.00001275000000000   0.49999882309852946
  0.00001300000000000   0.49999879994591040
  0.00001325000000000   0.49999877676356467
  0.00001350000000000   0.49999875355092970
  0.00001375000000000   0.49999873030744287
  0.00001400000000000   0.49999870703254144
  0.00001425000000000   0.49999868372566260
  0.00001450000000000   0.49999866642519075
  0.00001475000000000   0.49999864315431762
  0.00001500000000000   0.49999861984974183
  0.00001525000000000   0.49999859651089954
  0.00001550000000000   0.49999857313722682
  0.00001575000000000   0.49999854972815961
  0.00001600000000000   0.49999852628313378
  0.00001625000000000   0.49999850280158510
  0.00001650000000000   0.49999847928294923
  0.00001675000000000   0.49999845572666172
  0.00001700000000000   0.49999843213215803
  0.00001725000000000   0.49999841565751123
  0.00001750000000000   0.49999839208615353
  0.00001775000000000   0.49999836847484204
  0.00001800000000000   0.49999834482301111
  0.00001825000000000   0.49999832113009498
  0.00001850000000000   0.49999829739552780
  0.00001875000000000   0.49999827361874362
  0.00001900000000000   0.49999824979917634
  0.00001925000000000   0.49999822593625978
  0.00001950000000000   0.49999820202942766
  0.00001975000000000   0.49999818625163502
  0.00002000000000000   0.49999816235614014
  0.00002025000000000   0.49999813841498004
  0.00002050000000000   0.49999811442758725
  0.00002075000000000   0.49999809039339420
  0.00002100000000000   0.49999806631183322
  0.00002125000000000   0.49999804218233651
  0.00002150000000000   0.49999801800433615
  0.00002175000000000   0.49999799377726413
  0.00002200000000000   0.49999797858471336
  0.00002225000000000   0.49999795435824667
  0.00002250000000000   0.49999793008094715
  0.00002275000000000   0.49999790575224558
  0.00002300000000000   0.49999788137157261
  0.00002325000000000   0.49999785693835878
  0.00002350000000000   0.49999783245203451
  0.00002375000000000   0.49999781770323407
  0.00002400000000000   0.49999779320908678
  0.00002425000000000   0.49999776866005824
  0.00002450000000000   0.49999774405557763
  0.00002475000000000   0.49999771939507401
  0.00002500000000000   0.49999769467797634
  0.00002525000000000   0.49999766990371345
  0.00002550000000000   0.49999765556782705
  0.00002575000000000   0.49999763077724721
  0.00002600000000000   0.49999760592772143
  0.00002625000000000   0.49999758101867728
  0.00002650000000000   0.49999755604954222
  0.00002675000000000   0.49999753101974360
  0.00002700000000000   0.49999750592870866
  0.00002725000000000   0.49999749197452458
  0.00002750000000000   0.49999746685861146
  0.00002775000000000   0.49999744167967117
  0.00002800000000000   0.49999741643712964
  0.00002825000000000   0.49999739113041274
  0.00002850000000000   0.49999736575894619
  0.00002875000000000   0.49999735212182650
  0.00002900000000000   0.49999732671807731
  0.00002925000000000   0.49999730124777847
  0.00002950000000000   0.49999727571035444
  0.00002975000000000   0.49999725010522957
  0.00003000000000000   0.49999722443182809
  0.00003025000000000   0.49999721108829873
  0.00003050000000000   0.49999718537515638
  0.00003075000000000   0.49999715959192815
  0.00003100000000000   0.49999713373803699
  0.00003125000000000   0.49999710781290577
  0.00003150000000000   0.49999708181595724
  0.00003175000000000   0.49999706874228309
  0.00003200000000000   0.49999704269808073
  0.00003225000000000   0.49999701658024239
  0.00003250000000000   0.49999699038818956
  0.00003275000000000   0.49999696412134363
  0.00003300000000000   0.49999695127172548
  0.00003325000000000   0.49999692495130534
  0.00003350000000000   0.49999689855426515
  0.00003375000000000   0.49999687208002503
  0.00003400000000000   0.49999684552800501
  0.00003425000000000   0.49999683288559162
  0.00003450000000000   0.49999680627363561
  0.00003475000000000   0.49999677958206441
  0.00003500000000000   0.49999675281029681
  0.00003525000000000   0.49999672595775152
  0.00003550000000000   0.49999671350552526
  0.00003575000000000   0.49999668658664021
  0.00003600000000000   0.49999665958513379
  0.00003625000000000   0.49999663250042347
  0.00003650000000000   0.49999660533192669
  0.00003675000000000   0.49999659305270076
  0.00003700000000000   0.49999656581141797
  0.00003725000000000   0.49999653848449661
  0.00003750000000000   0.49999651107135291
  0.00003775000000000   0.49999648357140304
  0.00003800000000000   0.49999647144781861
  0.00003825000000000   0.49999644386859352
  0.00003850000000000   0.49999641620070176
  0.00003875000000000   0.49999638844355832
  0.00003900000000000   0.49999637645277003
  0.00003925000000000   0.49999634861110155
  0.00003950000000000   0.49999632067831363
  0.00003975000000000   0.49999629265382013
  0.00004000000000000   0.49999628078446956
  0.00004025000000000   0.49999625267017084
  0.00004050000000000   0.49999622446229149
  0.00004075000000000   0.49999619616024427
  0.00004100000000000   0.49999616776344195
  0.00004125000000000   0.49999615600371242
  0.00004150000000000   0.49999612751049902
  0.00004175000000000   0.49999609892064714
  0.00004200000000000   0.49999607023356850
  0.00004225000000000   0.49999605856939653
  0.00004250000000000   0.49999602978055899
  0.00004275000000000   0.49999600089260413
  0.00004300000000000   0.49999597190494265
  0.00004325000000000   0.49999596032465109
  0.00004350000000000   0.49999593122985182
  0.00004375000000000   0.49999590203344822
  0.00004400000000000   0.49999587273485006
  0.00004425000000000   0.49999586122666035
  0.00004450000000000   0.49999583181551427
  0.00004475000000000   0.49999580230026882
  0.00004500000000000   0.49999579086427894
  0.00004525000000000   0.49999576123236380
  0.00004550000000000   0.49999573149443844
  0.00004575000000000   0.49999570164991079
  0.00004600000000000   0.49999569026511949
  0.00004625000000000   0.49999566029845529
  0.00004650000000000   0.49999563022327098
  0.00004675000000000   0.49999560003897374
  0.00004700000000000   0.49999558869331467
  0.00004725000000000   0.49999555838138242
  0.00004750000000000   0.49999552795841257
  0.00004775000000000   0.49999551665991019
  0.00004800000000000   0.49999548610511231
  0.00004825000000000   0.49999545543734624
  0.00004850000000000   0.49999542465601767
  0.00004875000000000   0.49999541337522554
  0.00004900000000000   0.49999538245651323
  0.00004925000000000   0.49999535142230123
  0.00004950000000000   0.49999534017238420
  0.00004975000000000   0.49999530899654919
  0.00005000000000000   0.49999527770327151
  0.00005025000000000   0.49999524629195564
  0.00005050000000000   0.49999523503798642
  0.00005075000000000   0.49999520347943447
  0.00005100000000000   0.49999517180089504
  0.00005125000000000   0.49999516056125349
  0.00005150000000000   0.49999512873119234
  0.00005175000000000   0.49999509677918883
  0.00005200000000000   0.49999508554667483
  0.00005225000000000   0.49999505343884324
  0.00005250000000000   0.49999502120710893
  0.00005275000000000   0.49999500997447043
  0.00005300000000000   0.49999497758258092
  0.00005325000000000   0.49999494506482299
  0.00005350000000000   0.49999493382475550
  0.00005375000000000   0.49999490114249448
  0.00005400000000000   0.49999486833239407
  0.00005425000000000   0.49999485707754030
  0.00005450000000000   0.49999482409856817
  0.00005475000000000   0.49999479098978055
  0.00005500000000000   0.49999477971272995
  0.00005525000000000   0.49999474643068126
  0.00005550000000000   0.49999471301683597
  0.00005575000000000   0.49999470171012432
  0.00005600000000000   0.49999466811860795
  0.00005625000000000   0.49999463439330903
  0.00005650000000000   0.49999462304941802
  0.00005675000000000   0.49999458914201741
  0.00005700000000000   0.49999455509884359
  0.00005725000000000   0.49999454371020044
  0.00005750000000000   0.49999450948047379
  0.00005775000000000   0.49999447511297879
  0.00005800000000000   0.49999446367195587
  0.00005825000000000   0.49999442911343648
  0.00005850000000000   0.49999439441514926
  0.00005875000000000   0.49999438291406370
  0.00005900000000000   0.49999434802026026
  0.00005925000000000   0.49999433650822114
  0.00005950000000000   0.49999430141579874
  0.00005975000000000   0.49999426618019569
  0.00006000000000000   0.49999425459508142
  0.00006025000000000   0.49999421915633158
  0.00006050000000000   0.49999418357238951
  0.00006075000000000   0.49999417190636569
  0.00006100000000000   0.49999413611472913
  0.00006125000000000   0.49999412442353847
  0.00006150000000000   0.49999408842106094
  0.00006175000000000   0.49999405226995518
  0.00006200000000000   0.49999404048458101
  0.00006225000000000   0.49999400411805125
  0.00006250000000000   0.49999396760087115
  0.00006275000000000   0.49999395571332504
  0.00006300000000000   0.49999391897611860
  0.00006325000000000   0.49999390704889559
  0.00006350000000000   0.49999387008847310
  0.00006375000000000   0.49999383297394375
  0.00006400000000000   0.49999382093100908
  0.00006425000000000   0.49999378358862699
  0.00006450000000000   0.49999377149676820
  0.00006475000000000   0.49999373392331637
  0.00006500000000000   0.49999369619228879
  0.00006525000000000   0.49999368397100883
  0.00006550000000000   0.49999364600424122
  0.00006575000000000   0.49999363372466843
  0.00006600000000000   0.49999359551891684
  0.00006625000000000   0.49999358317722626
  0.00006650000000000   0.49999354472923494
  0.00006675000000000   0.49999350611874074
  0.00006700000000000   0.49999349362808185
  0.00006725000000000   0.49999345477063024
  0.00006750000000000   0.49999344220831084
  0.00006775000000000   0.49999340310061976
  0.00006800000000000   0.49999339046274211
  0.00006825000000000   0.49999335110151789
  0.00006850000000000   0.49999331157284084
  0.00006875000000000   0.49999329876610020
  0.00006900000000000   0.49999325897912698
  0.00006925000000000   0.49999324608710915
  0.00006950000000000   0.49999320603852062
  0.00006975000000000   0.49999319305725408
  0.00007000000000000   0.49999315274371983
  0.00007025000000000   0.49999313966921125
  0.00007050000000000   0.49999309908738969
  0.00007075000000000   0.49999305833168264
  0.00007100000000000   0.49999304506216225
  0.00007125000000000   0.49999300403334877
  0.00007150000000000   0.49999299066063661
  0.00007175000000000   0.49999294935535099
  0.00007200000000000   0.49999293587537892
  0.00007225000000000   0.49999289429024471
  0.00007250000000000   0.49999288069892241
  0.00007275000000000   0.49999283883055254
  0.00007300000000000   0.49999282512376754
  0.00007325000000000   0.49999278296876445
  0.00007350000000000   0.49999276914238198
  0.00007375000000000   0.49999272669733775
  0.00007400000000000   0.49999271274720074
  0.00007425000000000   0.49999267000869730
  0.00007450000000000   0.49999265593062629
  0.00007475000000000   0.49999261289523554
  0.00007500000000000   0.49999259868502869
  0.00007525000000000   0.49999255534931267
  0.00007550000000000   0.49999254100274566
  0.00007575000000000   0.49999249736325677
  0.00007600000000000   0.49999248287608283
  0.00007625000000000   0.49999243892936400
  0.00007650000000000   0.49999242429731385
  0.00007675000000000   0.49999238003989877
  0.00007700000000000   0.49999236525868061
  0.00007725000000000   0.49999232068709393
  0.00007750000000000   0.49999230575239341
  0.00007775000000000   0.49999226086315100
  0.00007800000000000   0.49999224577063126
  0.00007825000000000   0.49999220056024043
  0.00007850000000000   0.49999218530554208
  0.00007875000000000   0.49999213977050187
  0.00007900000000000   0.49999212434924299
  0.00007925000000000   0.49999207848604443
  0.00007950000000000   0.49999206289382062
  0.00007975000000000   0.49999201669894699
  0.00008000000000000   0.49999200093133139
  0.00008025000000000   0.49999198511916490
  0.00008050000000000   0.49999193845380192
  0.00008075000000000   0.49999192245938274
  0.00008100000000000   0.49999187545322934
  0.00008125000000000   0.49999185927207150
  0.00008150000000000   0.49999181192158171
  0.00008175000000000   0.49999179554917692
  0.00008200000000000   0.49999174785079845
  0.00008225000000000   0.49999173128261617
  0.00008250000000000   0.49999171465882883
  0.00008275000000000   0.49999166646427833
  0.00008300000000000   0.49999164963768309
  0.00008325000000000   0.49999160108602485
  0.00008350000000000   0.49999158405203251
  0.00008375000000000   0.49999153513969015
  0.00008400000000000   0.49999151789368954
  0.00008425000000000   0.49999150058325503
  0.00008450000000000   0.49999145115444023
  0.00008475000000000   0.49999143362483470
  0.00008500000000000   0.49999138382604487
  0.00008525000000000   0.49999136607259919
  0.00008550000000000   0.49999134824827066
  0.00008575000000000   0.49999129791826218
  0.00008600000000000   0.49999127986283536
  0.00008625000000000   0.49999122915351306
  0.00008650000000000   0.49999121086226158
  0.00008675000000000   0.49999119249358002
  0.00008700000000000   0.49999114123819410
  0.00008725000000000   0.49999112262633510
  0.00008750000000000   0.49999107098225519
  0.00008775000000000   0.49999105212243602
  0.00008800000000000   0.49999103317854113
  0.00008825000000000   0.49999098097346283
  0.00008850000000000   0.49999096177416144
  0.00008875000000000   0.49999094248670654
  0.00008900000000000   0.49999088971142923
  0.00008925000000000   0.49999087016106361
  0.00008950000000000   0.49999081698186446
  0.00008975000000000   0.49999079716371606
  0.00009000000000000   0.49999077725060930
  0.00009025000000000   0.49999072348614605
  0.00009050000000000   0.49999070329766113
  0.00009075000000000   0.49999068301004191
  0.00009100000000000   0.49999062865103098
  0.00009125000000000   0.49999060808038189
  0.00009150000000000   0.49999058740638517
  0.00009175000000000   0.49999053244351329
  0.00009200000000000   0.49999051147877935
  0.00009225000000000   0.49999049040644714
  0.00009250000000000   0.49999043483037411
  0.00009275000000000   0.49999041345954251
  0.00009300000000000   0.49999039197682481
  0.00009325000000000   0.49999033577818643
  0.00009350000000000   0.49999031398915327
  0.00009375000000000   0.49999029208390919
  0.00009400000000000   0.49999023525332038
  0.00009425000000000   0.49999021303389190
  0.00009450000000000   0.49999019069389088
  0.00009475000000000   0.49999016823176805
  0.00009500000000000   0.49999011055984306
  0.00009525000000000   0.49999008777276634
  0.00009550000000000   0.49999006485915536
  0.00009575000000000   0.49999000653290244
  0.00009600000000000   0.49998998328634467
  0.00009625000000000   0.49998995990880408
  0.00009650000000000   0.49998993639869735
  0.00009675000000000   0.49998987720025516
  0.00009700000000000   0.49998985334625915
  0.00009725000000000   0.49998982935519851
  0.00009750000000000   0.49998976947995537
  0.00009775000000000   0.49998974513689592
  0.00009800000000000   0.49998972065223822
  0.00009825000000000   0.49998969602436522
  0.00009850000000000   0.49998963524592940
  0.00009875000000000   0.49998961025495219
  0.00009900000000000   0.49998958511617753
  0.00009925000000000   0.49998955982796896
  0.00009950000000000   0.49998949812832835
  0.00009975000000000   0.49998947246581921
  0.00010000000000000   0.49998944664924645
  0.00010025000000000   0.49998942067695445
  0.00010050000000000   0.49998939454728216
  0.00010075000000000   0.49998933168019318
  0.00010100000000000   0.49998930516192238
  0.00010125000000000   0.49998927848158168
  0.00010150000000000   0.49998925163749117
  0.00010175000000000   0.49998918780810898
  0.00010200000000000   0.49998916056402951
  0.00010225000000000   0.49998913315146589
  0.00010250000000000   0.49998910556871967
  0.00010275000000000   0.49998907781408718
  0.00010300000000000   0.49998901276478271
  0.00010325000000000   0.49998898459562262
  0.00010350000000000   0.49998895624978598
  0.00010375000000000   0.49998892772555108
  0.00010400000000000   0.49998889902119101
  0.00010425000000000   0.49998887013497374
  0.00010450000000000   0.49998880358897076
  0.00010475000000000   0.49998877427045461
  0.00010500000000000   0.49998874476522568
  0.00010525000000000   0.49998871507153463
  0.00010550000000000   0.49998868518762712
  0.00010575000000000   0.49998865511174381
  0.00010600000000000   0.49998858702542724
  0.00010625000000000   0.49998855649930460
  0.00010650000000000   0.49998852577629003
  0.00010675000000000   0.49998849485460785
  0.00010700000000000   0.49998846373247756
  0.00010725000000000   0.49998843240811389
  0.00010750000000000   0.49998840087972684
  0.00010775000000000   0.49998836914552168
  0.00010800000000000   0.49998829894536039
  0.00010825000000000   0.49998826673646532
  0.00010850000000000   0.49998823431676057
  0.00010875000000000   0.49998820168443666
  0.00010900000000000   0.49998816883767964
  0.00010925000000000   0.49998813577467113
  0.00010950000000000   0.49998810249358842
  0.00010975000000000   0.49998806899260445
  0.00011000000000000   0.49998803526988792
  0.00011025000000000   0.49998800132360330
  0.00011050000000000   0.49998796715191093
  0.00011075000000000   0.49998789392080153
  0.00011100000000000   0.49998785924006275
  0.00011125000000000   0.49998782432883704
  0.00011150000000000   0.49998778918527287
  0.00011175000000000   0.49998775380751491
  0.00011200000000000   0.49998771819370410
  0.00011225000000000   0.49998768234197773
  0.00011250000000000   0.49998764625046953
  0.00011275000000000   0.49998760991730968
  0.00011300000000000   0.49998757334062500
  0.00011325000000000   0.49998753651853891
  0.00011350000000000   0.49998749944917160
  0.00011375000000000   0.49998746213064011
  0.00011400000000000   0.49998742456105837
  0.00011425000000000   0.49998738673853734
  0.00011450000000000   0.49998734866118507
  0.00011475000000000   0.49998731032710685
  0.00011500000000000   0.49998727173440524
  0.00011525000000000   0.49998723288118025
  0.00011550000000000   0.49998719376552939
  0.00011575000000000   0.49998715438554782
  0.00011600000000000   0.49998711473932843
  0.00011625000000000   0.49998707482496198
  0.00011650000000000   0.49998703464053723
  0.00011675000000000   0.49998699418414103
  0.00011700000000000   0.49998695345385848
  0.00011725000000000   0.49998691244777306
  0.00011750000000000   0.49998687116396672
  0.00011775000000000   0.49998682960052011
  0.00011800000000000   0.49998678775551262
  0.00011825000000000   0.49998674562702261
  0.00011850000000000   0.49998670321312751
  0.00011875000000000   0.49998670077774395
  0.00011900000000000   0.49998665782280389
  0.00011925000000000   0.49998661457606473
  0.00011950000000000   0.49998657103559598
  0.00011975000000000   0.49998652719946698
  0.00012000000000000   0.49998648306574711
  0.00012025000000000   0.49998643863250594
  0.00012050000000000   0.49998639389781344
  0.00012075000000000   0.49998634885974016
  0.00012100000000000   0.49998630351635742
  0.00012125000000000   0.49998629850081398
  0.00012150000000000   0.49998625257023591
  0.00012175000000000   0.49998620632788608
  0.00012200000000000   0.49998615977183446
  0.00012225000000000   0.49998611290015283
  0.00012250000000000   0.49998606571091492
  0.00012275000000000   0.49998601820219675
  0.00012300000000000   0.49998601124061370
  0.00012325000000000   0.49998596311163122
  0.00012350000000000   0.49998591465668319
  0.00012375000000000   0.49998586587384996
  0.00012400000000000   0.49998581676121535
  0.00012425000000000   0.49998576731686684
  0.00012450000000000   0.49998575858756426
  0.00012475000000000   0.49998570849422288
  0.00012500000000000   0.49998565806268383
  0.00012525000000000   0.49998560729104475
  0.00012550000000000   0.49998559734703982
  0.00012575000000000   0.49998554590672402
  0.00012600000000000   0.49998549411983241
  0.00012625000000000   0.49998544198447710
  0.00012650000000000   0.49998538949877650
  0.00012675000000000   0.49998537795418819
  0.00012700000000000   0.49998532477549645
  0.00012725000000000   0.49998527124001681
  0.00012750000000000   0.49998525872276550
  0.00012775000000000   0.49998520447910184
  0.00012800000000000   0.49998514987222878
  0.00012825000000000   0.49998509490030205
  0.00012850000000000   0.49998508102372659
  0.00012875000000000   0.49998502532385698
  0.00012900000000000   0.49998496925256142
  0.00012925000000000   0.49998495433766184
  0.00012950000000000   0.49998489752322746
  0.00012975000000000   0.49998484033103640
  0.00013000000000000   0.49998482434912236
  0.00013025000000000   0.49998476639861566
  0.00013050000000000   0.49998470806407295
  0.00013075000000000   0.49998469098631866
  0.00013100000000000   0.49998463187832071
  0.00013125000000000   0.49998457238006955
  0.00013150000000000   0.49998455417753573
  0.00013175000000000   0.49998449389074667
  0.00013200000000000   0.49998447493716127
  0.00013225000000000   0.49998441385121912
  0.00013250000000000   0.49998435236449110
  0.00013275000000000   0.49998433223690738
  0.00013300000000000   0.49998426993606863
  0.00013325000000000   0.49998424902320869
  0.00013350000000000   0.49998418589771814
  0.00013375000000000   0.49998412236114034
  0.00013400000000000   0.49998410022485970
  0.00013425000000000   0.49998403584886377
  0.00013450000000000   0.49998401289292152
  0.00013475000000000   0.49998394766708614
  0.00013500000000000   0.49998392387735357
  0.00013525000000000   0.49998385779131151
  0.00013550000000000   0.49998383315364204
  0.00013575000000000   0.49998376619708871
  0.00013600000000000   0.49998374069732478
  0.00013625000000000   0.49998367286002716
  0.00013650000000000   0.49998364648400757
  0.00013675000000000   0.49998357775581373
  0.00013700000000000   0.49998355048938158
  0.00013725000000000   0.49998352278563126
  0.00013750000000000   0.49998345268924163
  0.00013775000000000   0.49998342407288652
  0.00013800000000000   0.49998335305950581
  0.00013825000000000   0.49998332351641647
  0.00013850000000000   0.49998325157623605
  0.00013875000000000   0.49998322109231858
  0.00013900000000000   0.49998319014239158
  0.00013925000000000   0.49998311677686642
  0.00013950000000000   0.49998308486400143
  0.00013975000000000   0.49998305247251763
  0.00014000000000000   0.49998297765674949
  0.00014025000000000   0.49998294428029072
  0.00014050000000000   0.49998291041259935
  0.00014075000000000   0.49998283412208634
  0.00014100000000000   0.49998279924749354
  0.00014125000000000   0.49998276386906766
  0.00014150000000000   0.49998268607977279
  0.00014175000000000   0.49998264967267088
  0.00014200000000000   0.49998261274916831
  0.00014225000000000   0.49998253343759408
  0.00014250000000000   0.49998249546383810
  0.00014275000000000   0.49998245696116851
  0.00014300000000000   0.49998241792503328
  0.00014325000000000   0.49998237835088164
  0.00014350000000000   0.49998229641458277
  0.00014375000000000   0.49998225575310008
  0.00014400000000000   0.49998221454120699
  0.00014425000000000   0.49998217277437905
  0.00014450000000000   0.49998213044809756
  0.00014475000000000   0.49998204581758707
  0.00014500000000000   0.49998200236765776
  0.00014525000000000   0.49998195834607434
  0.00014550000000000   0.49998191374836496
  0.00014575000000000   0.49998186857006885
  0.00014600000000000   0.49998182280673741
  0.00014625000000000   0.49998177645393544
  0.00014650000000000   0.49998172950724232
  0.00014675000000000   0.49998168196225333
  0.00014700000000000   0.49998163381458087
  0.00014725000000000   0.49998154352436801
  0.00014750000000000   0.49998149418090176
  0.00014775000000000   0.49998144422316724
  0.00014800000000000   0.49998139364687537
  0.00014825000000000   0.49998134244776164
  0.00014850000000000   0.49998129062158769
  0.00014875000000000   0.49998123816414290
  0.00014900000000000   0.49998122641686082
  0.00014925000000000   0.49998117265113184
  0.00014950000000000   0.49998111824010722
  0.00014975000000000   0.49998106317968759
  0.00015000000000000   0.49998100746581012
  0.00015025000000000   0.49998095109445055
  0.00015050000000000   0.49998089406162516
  0.00015075000000000   0.49998083636339292
  0.00015100000000000   0.49998077799585759
  0.00015125000000000   0.49998076000134458
  0.00015150000000000   0.49998070023575556
  0.00015175000000000   0.49998063978772715
  0.00015200000000000   0.49998057865354632
  0.00015225000000000   0.49998051682955645
  0.00015250000000000   0.49998049515931620
  0.00015275000000000   0.49998043188825127
  0.00015300000000000   0.49998036791493611
  0.00015325000000000   0.49998030323594654
  0.00015350000000000   0.49998027851572730
  0.00015375000000000   0.49998021235131835
  0.00015400000000000   0.49998014546947656
  0.00015425000000000   0.49998011839570862
  0.00015450000000000   0.49998004999985738
  0.00015475000000000   0.49997998087540225
  0.00015500000000000   0.49997995139186284
  0.00015525000000000   0.49997988072587615
  0.00015550000000000   0.49997984959902355
  0.00015575000000000   0.49997977737250053
  0.00015600000000000   0.49997974457570664
  0.00015625000000000   0.49997967077018928
  0.00015650000000000   0.49997963627722069
  0.00015675000000000   0.49997956087485524
  0.00015700000000000   0.49997952465992832
  0.00015725000000000   0.49997944764352672
  0.00015750000000000   0.49997940968136673
  0.00015775000000000   0.49997933103447215
  0.00015800000000000   0.49997929130037678
  0.00015825000000000   0.49997925065061203
  0.00015850000000000   0.49997916947724102
  0.00015875000000000   0.49997912701748175
  0.00015900000000000   0.49997908362004979
  0.00015925000000000   0.49997899988106288
  0.00015950000000000   0.49997895463711345
  0.00015975000000000   0.49997890843420401
  0.00016000000000000   0.49997886126463231
  0.00016025000000000   0.49997877400940641
  0.00016050000000000   0.49997872494586956
  0.00016075000000000   0.49997867489552741
  0.00016100000000000   0.49997862385106683
  0.00016125000000000   0.49997857180527955
  0.00016150000000000   0.49997851875106850
  0.00016175000000000   0.49997846468145419
  0.00016200000000000   0.49997840958958145
  0.00016225000000000   0.49997835346872644
  0.00016250000000000   0.49997829631230385
  0.00016275000000000   0.49997823811387439
  0.00016300000000000   0.49997817886715263
  0.00016325000000000   0.49997811856601506
  0.00016350000000000   0.49997805720450845
  0.00016375000000000   0.49997799477685856
  0.00016400000000000   0.49997793127747916
  0.00016425000000000   0.49997786670098133
  0.00016450000000000   0.49997780104218318
  0.00016475000000000   0.49997777188966367
  0.00016500000000000   0.49997770394068412
  0.00016525000000000   0.49997763489218499
  0.00016550000000000   0.49997760205186549
  0.00016575000000000   0.49997753067166194
  0.00016600000000000   0.49997745817675730
  0.00016625000000000   0.49997742156620570
  0.00016650000000000   0.49997734670213702
  0.00016675000000000   0.49997730751087385
  0.00016700000000000   0.49997723025307868
  0.00016725000000000   0.49997718844452215
  0.00016750000000000   0.49997710877065095
  0.00016775000000000   0.49997706431023310
  0.00016800000000000   0.49997701846677713
  0.00016825000000000   0.49997693505577972
  0.00016850000000000   0.49997688650936645
  0.00016875000000000   0.49997683655040074
  0.00016900000000000   0.49997674935620391
  0.00016925000000000   0.49997669664886387
  0.00016950000000000   0.49997664250233873
  0.00016975000000000   0.49997658690720697
  0.00017000000000000   0.49997652985441380
  0.00017025000000000   0.49997647133529218
  0.00017050000000000   0.49997641134158480
  0.00017075000000000   0.49997634986546698
  0.00017100000000000   0.49997628689957055
  0.00017125000000000   0.49997622243700880
  0.00017150000000000   0.49997615647140244
  0.00017175000000000   0.49997612340876290
  0.00017200000000000   0.49997605426830156
  0.00017225000000000   0.49997598360468924
  0.00017250000000000   0.49997594541570739
  0.00017275000000000   0.49997587152917586
  0.00017300000000000   0.49997582983039591
  0.00017325000000000   0.49997575269190579
  0.00017350000000000   0.49997570743850352
  0.00017375000000000   0.49997562702433111
  0.00017400000000000   0.49997557817665156
  0.00017425000000000   0.49997552745105407
  0.00017450000000000   0.49997544199317694
  0.00017475000000000   0.49997538761989671
  0.00017500000000000   0.49997533133804259
  0.00017525000000000   0.49997527313734291
  0.00017550000000000   0.49997521300841453
  0.00017575000000000   0.49997515094281654
  0.00017600000000000   0.49997508693310649
  0.00017625000000000   0.49997502097289945
  0.00017650000000000   0.49997498458594607
  0.00017675000000000   0.49997491452142478
  0.00017700000000000   0.49997484248854722
  0.00017725000000000   0.49997479948668296
  0.00017750000000000   0.49997472330762286
  0.00017775000000000   0.49997467579134375
  0.00017800000000000   0.49997462592126692
  0.00017825000000000   0.49997457368311580
  0.00017850000000000   0.49997448893734677
  0.00017875000000000   0.49997443210955762
  0.00017900000000000   0.49997437288672337
  0.00017925000000000   0.49997431126108314
  0.00017950000000000   0.49997427657919071
  0.00017975000000000   0.49997420992153457
  0.00018000000000000   0.49997414084253326
  0.00018025000000000   0.49997409809370127
  0.00018050000000000   0.49997402394334169
  0.00018075000000000   0.49997397570359682
  0.00018100000000000   0.49997392460855194
  0.00018125000000000   0.49997387064591449
  0.00018150000000000   0.49997381380612297
  0.00018175000000000   0.49997375408254195
  0.00018200000000000   0.49997369147166905
  0.00018225000000000   0.49997362597335499
  0.00018250000000000   0.49997358442542732
  0.00018275000000000   0.49997351291150689
  0.00018300000000000   0.49997346488792130
  0.00018325000000000   0.49997341350849196
  0.00018350000000000   0.49997335876572319
  0.00018375000000000   0.49997330065674316
  0.00018400000000000   0.49997323918365806
  0.00018425000000000   0.49997319954369821
  0.00018450000000000   0.49997313109603315
  0.00018475000000000   0.49997308399034843
  0.00018500000000000   0.49997303303073732
  0.00018525000000000   0.49997297821779337
  0.00018550000000000   0.49997291955940032
  0.00018575000000000   0.49997288072204264
  0.00018600000000000   0.49997283752937358
  0.00018625000000000   0.49997278997815047
  0.00018650000000000   0.49997273807464663
  0.00018675000000000   0.49997268183549962
  0.00018700000000000   0.49997264358540243
  0.00018725000000000   0.49997260047082343
  0.00018750000000000   0.49997255250352198
  0.00018775000000000   0.49997249970932243
  0.00018800000000000   0.49997246326573242
  0.00018825000000000   0.49997242145841071
  0.00018850000000000   0.49997237431711499
  0.00018875000000000   0.49997234212003188
  0.00018900000000000   0.49997230404977712
  0.00018925000000000   0.49997226014988074
  0.00018950000000000   0.49997222976557278
  0.00018975000000000   0.49997219302167688
  0.00019000000000000   0.49997216861910080
  0.00019025000000000   0.49997213732903632
  0.00019050000000000   0.49997211720029790
  0.00019075000000000   0.49997208966721866
  0.00019100000000000   0.49997207211305923
  0.00019125000000000   0.49997204666622643
  0.00019150000000000   0.49997203002662612
  0.00019175000000000   0.49997202125427697
  0.00019200000000000   0.49997200357997194
  0.00019225000000000   0.49997199264783541
  0.00019250000000000   0.49997200258879883
  0.00019275000000000   0.49997200198917832
  0.00019300000000000   0.49997200539979516
  0.00019325000000000   0.49997201195404888
  0.00019350000000000   0.49997203425046971
  0.00019375000000000   0.49997205722363448
  0.00019400000000000   0.49997209270579035
  0.00019425000000000   0.49997213871617272
  0.00019450000000000   0.49997218164347124
  0.00019475000000000   0.49997224349124037
  0.00019500000000000   0.49997232118170119
  0.00019525000000000   0.49997241178735274
  0.00019550000000000   0.49997252237034485
  0.00019575000000000   0.49997264907845228
  0.00019600000000000   0.49997280596792702
  0.00019625000000000   0.49997299539010976
  0.00019650000000000   0.49997322617563108
  0.00019675000000000   0.49997351835665733
  0.00019700000000000   0.49997388566465098
  0.00019725000000000   0.49997437796600819
  0.00019750000000000   0.49997508515100798
  0.00019775000000000   0.49997625404263373
  0.00019800000000000   0.49998021530720632
  0.00019825000000000   0.50006003862469305
  0.00019850000000000   0.50006748393557846
  0.00019875000000000   0.50007244347918706
  0.00019900000000000   0.50007630165869546
  0.00019925000000000   0.50007951497461585
  0.00019950000000000   0.50008232317071159
  0.00019975000000000   0.50008479131742101
  0.00020000000000000   0.50008705780260882
  0.00020025000000000   0.50008912259658126
  0.00020050000000000   0.50009106648562106
  0.00020075000000000   0.50009282777169615
  0.00020100000000000   0.50009453057889313
  0.00020125000000000   0.50009612766765823
  0.00020150000000000   0.50009764529170037
  0.00020175000000000   0.50009910471536096
