 -0.01162500000000000   0.49012279129979011
 -0.01150000000000000   0.49025700890312626
 -0.01137500000000000   0.49041502737464249
 -0.01125000000000000   0.49055484792674112
 -0.01112500000000000   0.49068556398431296
 -0.01100000000000000   0.49084557247856863
 -0.01087500000000000   0.49100812067364448
 -0.01075000000000000   0.49114022718752874
 -0.01062500000000000   0.49128506989516659
 -0.01050000000000000   0.49145380678248127
 -0.01037500000000000   0.49159397076800634
 -0.01025000000000000   0.49173436791500789
 -0.01012500000000000   0.49191668319860335
 -0.01000000000000000   0.49207354206935862
 -0.00987500000000000   0.49220988480286569
 -0.00975000000000000   0.49239126629471681
 -0.00962500000000000   0.49255677038815653
 -0.00950000000000000   0.49269427116554169
 -0.00937500000000000   0.49289296071253366
 -0.00925000000000000   0.49307296937010514
 -0.00912500000000000   0.49321601272907325
 -0.00900000000000000   0.49343019228446700
 -0.00887500000000000   0.49360023268628003
 -0.00875000000000000   0.49377310898923642
 -0.00862500000000000   0.49402227971266001
 -0.00850000000000000   0.49418016567193240
 -0.00837500000000000   0.49444193096480810
 -0.00825000000000000   0.49463607001674861
 -0.00812500000000000   0.49492430822420711
 -0.00800000000000000   0.49515997679484146
 -0.00787500000000000   0.49553956059625732
 -0.00775000000000000   0.49590629656894738
 -0.00762500000000000   0.49650827891765190
 -0.00750000000000000   0.50018845134798002
 -0.00737500000000000   0.49997643559049217
 -0.00725000000000000   0.50014070289614848
 -0.00712500000000000   0.49984306057810803
 -0.00700000000000000   0.49987884362978592
 -0.00687500000000000   0.50009116056684895
 -0.00675000000000000   0.50015731572394469
 -0.00662500000000000   0.50010957672232478
 -0.00650000000000000   0.49997732412747801
 -0.00637500000000000   0.49988122419882048
 -0.00625000000000000   0.49985985162378348
 -0.00612500000000000   0.49988623153361151
 -0.00600000000000000   0.49995094405874851
 -0.00587500000000000   0.50002757540124760
 -0.00575000000000000   0.50009127773279901
 -0.00562500000000000   0.50011609488714036
 -0.00550000000000000   0.50011731827106202
 -0.00537500000000000   0.50010060175367510
 -0.00525000000000000   0.50006376128497916
 -0.00512500000000000   0.50002546478993937
 -0.00500000000000000   0.49997943583726560
 -0.00487500000000000   0.49994934365884022
 -0.00475000000000000   0.49992302906128981
 -0.00462500000000000   0.49991217282887501
 -0.00450000000000000   0.49990769655116008
 -0.00437500000000000   0.49991273959944586
 -0.00425000000000000   0.49992177990521882
 -0.00412500000000000   0.49993796140262105
 -0.00400000000000000   0.49995757291305776
 -0.00387500000000000   0.49997194820144420
 -0.00375000000000000   0.49999187348484120
 -0.00362500000000000   0.50000999850402510
 -0.00350000000000000   0.50002530968511943
 -0.00337500000000000   0.50003242142768149
 -0.00325000000000000   0.50004203174477157
 -0.00312500000000000   0.50004854577444021
 -0.00300000000000000   0.50005226959242293
 -0.00287500000000000   0.50005359850685002
 -0.00275000000000000   0.50005223115149734
 -0.00262500000000000   0.50005077598831964
 -0.00250000000000000   0.50004807442311527
 -0.00237500000000000   0.50004448445889994
 -0.00225000000000000   0.50004032389738426
 -0.00212500000000000   0.50003586512705968
 -0.00200000000000000   0.50003133296230713
 -0.00187500000000000   0.50002690510829826
 -0.00175000000000000   0.50002477966593400
 -0.00162500000000000   0.50002093384467236
 -0.00150000000000000   0.50001742071059971
 -0.00137500000000000   0.50001427958868917
 -0.00125000000000000   0.50001152551242851
 -0.00112500000000000   0.50000915420752110
 -0.00100000000000000   0.50000714654849450
 -0.00087500000000000   0.50000547235900501
 -0.00075000000000000   0.50000409351862696
 -0.00062500000000000   0.50000296640383713
 -0.00050000000000000   0.50000204373172160
 -0.00037500000000000   0.50000127589730946
 -0.00025000000000000   0.50000061190536013
 -0.00012500000000000   0.50000000000000000
  0.00000000000000000   0.49999938809463987
  0.00012500000000000   0.49999872410269054
  0.00025000000000000   0.49999795626827840
  0.00037500000000000   0.49999703359616287
  0.00050000000000000   0.49999590648137304
  0.00062500000000000   0.49999452764099499
  0.00075000000000000   0.49999285345150550
  0.00087500000000000   0.49999084579247890
  0.00100000000000000   0.49998847448757149
  0.00112500000000000   0.49998572041131083
  0.00125000000000000   0.49998257928940029
  0.00137500000000000   0.49997906615532764
  0.00150000000000000   0.49997522033406600
  0.00162500000000000   0.49997309489170174
  0.00175000000000000   0.49996866703769287
  0.00187500000000000   0.49996413487294032
  0.00200000000000000   0.49995967610261574
  0.00212500000000000   0.49995551554110006
  0.00225000000000000   0.49995192557688473
  0.00237500000000000   0.49994922401168036
  0.00250000000000000   0.49994776884850266
  0.00262500000000000   0.49994640149314998
  0.00275000000000000   0.49994773040757707
  0.00287500000000000   0.49995145422555979
  0.00300000000000000   0.49995796825522843
  0.00312500000000000   0.49996757857231851
  0.00325000000000000   0.49997469031488057
  0.00337500000000000   0.49999000149597490
  0.00350000000000000   0.50000812651515880
  0.00362500000000000   0.50002805179855581
  0.00375000000000000   0.50004242708694224
  0.00387500000000000   0.50006203859737895
  0.00400000000000000   0.50007822009478118
  0.00412500000000000   0.50008726040055414
  0.00425000000000000   0.50009230344883992
  0.00437500000000000   0.50008782717112499
  0.00450000000000000   0.50007697093871019
  0.00462500000000000   0.50005065634115977
  0.00475000000000000   0.50002056416273439
  0.00487500000000000   0.49997453521006063
  0.00500000000000000   0.49993623871502083
  0.00512500000000000   0.49989939824632490
  0.00525000000000000   0.49988268172893798
  0.00537500000000000   0.49988390511285964
  0.00550000000000000   0.49990872226720100
  0.00562500000000000   0.49997242459875240
  0.00575000000000000   0.50004905594125151
  0.00587500000000000   0.50011376846638849
  0.00600000000000000   0.50014014837621652
  0.00612500000000000   0.50011877580117951
  0.00625000000000000   0.50002267587252197
  0.00637500000000000   0.49989042327767521
  0.00650000000000000   0.49984268427605532
  0.00662500000000000   0.49990883943315107
  0.00675000000000000   0.50012115637021410
  0.00687500000000000   0.50015693942189196
  0.00700000000000000   0.49985929710385150
  0.00712500000000000   0.50002356440950787
  0.00725000000000000   0.49981154865202001
  0.00737500000000000   0.50349172108234826
  0.00750000000000000   0.50409370343105281
  0.00762500000000000   0.50446043940374271
  0.00775000000000000   0.50484002320515856
  0.00787500000000000   0.50507569177579293
  0.00800000000000000   0.50536392998325141
  0.00812500000000000   0.50555806903519195
  0.00825000000000000   0.50581983432806763
  0.00837500000000000   0.50597772028734000
  0.00850000000000000   0.50622689101076362
  0.00862500000000000   0.50639976731371999
  0.00875000000000000   0.50656980771553304
  0.00887500000000000   0.50678398727092679
  0.00900000000000000   0.50692703062989488
  0.00912500000000000   0.50710703928746634
  0.00925000000000000   0.50730572883445833
  0.00937500000000000   0.50744322961184348
  0.00950000000000000   0.50760873370528324
  0.00962500000000000   0.50779011519713433
  0.00975000000000000   0.50792645793064142
  0.00987500000000000   0.50808331680139668
  0.01000000000000000   0.50826563208499214
  0.01012500000000000   0.50840602923199368
  0.01025000000000000   0.50854619321751876
  0.01037500000000000   0.50871493010483345
  0.01050000000000000   0.50885977281247127
  0.01062500000000000   0.50899187932635555
  0.01075000000000000   0.50915442752143141
  0.01087500000000000   0.50931443601568704
  0.01100000000000000   0.50944515207325889
  0.01112500000000000   0.50958497262535753
  0.01125000000000000   0.50974299109687376
  0.01137500000000000   0.50987720870020992
