 -0.00011000000000000   0.49990004360783595
 -0.00010975000000000   0.49990032605967647
 -0.00010950000000000   0.49990060882823838
 -0.00010925000000000   0.49990089191650850
 -0.00010900000000000   0.49990117532750376
 -0.00010875000000000   0.49990145906427133
 -0.00010850000000000   0.49990174312988865
 -0.00010825000000000   0.49990202752746342
 -0.00010800000000000   0.49990231226013365
 -0.00010775000000000   0.49990259358711894
 -0.00010750000000000   0.49990287900271671
 -0.00010725000000000   0.49990316476314196
 -0.00010700000000000   0.49990345087165813
 -0.00010675000000000   0.49990373359904282
 -0.00010650000000000   0.49990402041738786
 -0.00010625000000000   0.49990430759394885
 -0.00010600000000000   0.49990459140897538
 -0.00010575000000000   0.49990487931633650
 -0.00010550000000000   0.49990516387535922
 -0.00010525000000000   0.49990545252795448
 -0.00010500000000000   0.49990573784609888
 -0.00010475000000000   0.49990602355075922
 -0.00010450000000000   0.49990631335137815
 -0.00010425000000000   0.49990659983860455
 -0.00010400000000000   0.49990688672446402
 -0.00010375000000000   0.49990717770776076
 -0.00010350000000000   0.49990746540040400
 -0.00010325000000000   0.49990775350420505
 -0.00010300000000000   0.49990804202348051
 -0.00010275000000000   0.49990833096259586
 -0.00010250000000000   0.49990862032596564
 -0.00010225000000000   0.49990891011805371
 -0.00010200000000000   0.49990920034337338
 -0.00010175000000000   0.49990949100648761
 -0.00010150000000000   0.49990978211200908
 -0.00010125000000000   0.49991007366460038
 -0.00010100000000000   0.49991036201676847
 -0.00010075000000000   0.49991065448261110
 -0.00010050000000000   0.49991094741001218
 -0.00010025000000000   0.49991123716412974
 -0.00010000000000000   0.49991153103481604
 -0.00009975000000000   0.49991182538203489
 -0.00009950000000000   0.49991211658533626
 -0.00009925000000000   0.49991240828459691
 -0.00009900000000000   0.49991270410450973
 -0.00009875000000000   0.49991299680946457
 -0.00009850000000000   0.49991329002765594
 -0.00009825000000000   0.49991358736969559
 -0.00009800000000000   0.49991388162816054
 -0.00009775000000000   0.49991417641777403
 -0.00009750000000000   0.49991447174472259
 -0.00009725000000000   0.49991476761526862
 -0.00009700000000000   0.49991506403575096
 -0.00009675000000000   0.49991536101258519
 -0.00009650000000000   0.49991565855226409
 -0.00009625000000000   0.49991595666135792
 -0.00009600000000000   0.49991625178760345
 -0.00009575000000000   0.49991655106186062
 -0.00009550000000000   0.49991685092598259
 -0.00009525000000000   0.49991714784437138
 -0.00009500000000000   0.49991744891609254
 -0.00009475000000000   0.49991774706755218
 -0.00009450000000000   0.49991804937622669
 -0.00009425000000000   0.49991834879156463
 -0.00009400000000000   0.49991864885306493
 -0.00009375000000000   0.49991895307808751
 -0.00009350000000000   0.49991925445145231
 -0.00009325000000000   0.49991955649586630
 -0.00009300000000000   0.49991985921994037
 -0.00009275000000000   0.49992016263239913
 -0.00009250000000000   0.49992046326310144
 -0.00009225000000000   0.49992076808592564
 -0.00009200000000000   0.49992107362433269
 -0.00009175000000000   0.49992137988751837
 -0.00009150000000000   0.49992168343209161
 -0.00009125000000000   0.49992199118122412
 -0.00009100000000000   0.49992229624447543
 -0.00009075000000000   0.49992260208529909
 -0.00009050000000000   0.49992291214279225
 -0.00009025000000000   0.49992321956553362
 -0.00009000000000000   0.49992352779867241
 -0.00008975000000000   0.49992383685358540
 -0.00008950000000000   0.49992414674181232
 -0.00008925000000000   0.49992445747505732
 -0.00008900000000000   0.49992476567935390
 -0.00008875000000000   0.49992507814688100
 -0.00008850000000000   0.49992539149597047
 -0.00008825000000000   0.49992570237605352
 -0.00008800000000000   0.49992601753537593
 -0.00008775000000000   0.49992633026760389
 -0.00008750000000000   0.49992664394997671
 -0.00008725000000000   0.49992695859700063
 -0.00008700000000000   0.49992727422340672
 -0.00008675000000000   0.49992759084415357
 -0.00008650000000000   0.49992790847442975
 -0.00008625000000000   0.49992822712965620
 -0.00008600000000000   0.49992854353251484
 -0.00008575000000000   0.49992886429510693
 -0.00008550000000000   0.49992918285498698
 -0.00008525000000000   0.49992950252313801
 -0.00008500000000000   0.49992982331786981
 -0.00008475000000000   0.49993014525779687
 -0.00008450000000000   0.49993046836184270
 -0.00008425000000000   0.49993079264924389
 -0.00008400000000000   0.49993111813955391
 -0.00008375000000000   0.49993144163617055
 -0.00008350000000000   0.49993176639465564
 -0.00008325000000000   0.49993209563849227
 -0.00008300000000000   0.49993242297978954
 -0.00008275000000000   0.49993275165086032
 -0.00008250000000000   0.49993308167536145
 -0.00008225000000000   0.49993340991514793
 -0.00008200000000000   0.49993374273061658
 -0.00008175000000000   0.49993407383105312
 -0.00008150000000000   0.49993440640629401
 -0.00008125000000000   0.49993474048447909
 -0.00008100000000000   0.49993507609428186
 -0.00008075000000000   0.49993541326491894
 -0.00008050000000000   0.49993575202615907
 -0.00008025000000000   0.49993608932603332
 -0.00008000000000000   0.49993642830088621
 -0.00007975000000000   0.49993676898485380
 -0.00007950000000000   0.49993711141276012
 -0.00007925000000000   0.49993745562013061
 -0.00007900000000000   0.49993779861309861
 -0.00007875000000000   0.49993814348273836
 -0.00007850000000000   0.49993849327909546
 -0.00007825000000000   0.49993883901575816
 -0.00007800000000000   0.49993918976319479
 -0.00007775000000000   0.49993953958080005
 -0.00007750000000000   0.49993989447734278
 -0.00007725000000000   0.49994024561028559
 -0.00007700000000000   0.49994060192062793
 -0.00007675000000000   0.49994096049553750
 -0.00007650000000000   0.49994131847446188
 -0.00007625000000000   0.49994167885289497
 -0.00007600000000000   0.49994203879905926
 -0.00007575000000000   0.49994240416843305
 -0.00007550000000000   0.49994276925578009
 -0.00007525000000000   0.49994313416560412
 -0.00007500000000000   0.49994350468728329
 -0.00007475000000000   0.49994387520011064
 -0.00007450000000000   0.49994424863363571
 -0.00007425000000000   0.49994462226807311
 -0.00007400000000000   0.49994499901399473
 -0.00007375000000000   0.49994537895976669
 -0.00007350000000000   0.49994576219619759
 -0.00007325000000000   0.49994614333413043
 -0.00007300000000000   0.49994653074866508
 -0.00007275000000000   0.49994691907373215
 -0.00007250000000000   0.49994731116649816
 -0.00007225000000000   0.49994770446154899
 -0.00007200000000000   0.49994810179916564
 -0.00007175000000000   0.49994850065877944
 -0.00007150000000000   0.49994890386568723
 -0.00007125000000000   0.49994930894712613
 -0.00007100000000000   0.49994971871490858
 -0.00007075000000000   0.49995013074813517
 -0.00007050000000000   0.49995054784619969
 -0.00007025000000000   0.49995096764537331
 -0.00007000000000000   0.49995139040053670
 -0.00006975000000000   0.49995181638025399
 -0.00006950000000000   0.49995224837050588
 -0.00006925000000000   0.49995268413792066
 -0.00006900000000000   0.49995312400485807
 -0.00006875000000000   0.49995357075795218
 -0.00006850000000000   0.49995401986015442
 -0.00006825000000000   0.49995447416583400
 -0.00006800000000000   0.49995493648175604
 -0.00006775000000000   0.49995540247547062
 -0.00006750000000000   0.49995587504107188
 -0.00006725000000000   0.49995635471002744
 -0.00006700000000000   0.49995684205841937
 -0.00006675000000000   0.49995733543969956
 -0.00006650000000000   0.49995783785957334
 -0.00006625000000000   0.49995834784475248
 -0.00006600000000000   0.49995886849770300
 -0.00006575000000000   0.49995939638688703
 -0.00006550000000000   0.49995993698193181
 -0.00006525000000000   0.49996048718186021
 -0.00006500000000000   0.49996105052247569
 -0.00006475000000000   0.49996162647373531
 -0.00006450000000000   0.49996221685794498
 -0.00006425000000000   0.49996282174513255
 -0.00006400000000000   0.49996344557030814
 -0.00006375000000000   0.49996408914123229
 -0.00006350000000000   0.49996475386476812
 -0.00006325000000000   0.49996544188273771
 -0.00006300000000000   0.49996615807393490
 -0.00006275000000000   0.49996690654072029
 -0.00006250000000000   0.49996769116020254
 -0.00006225000000000   0.49996851802477376
 -0.00006200000000000   0.49996939788990767
 -0.00006175000000000   0.49997033929575914
 -0.00006150000000000   0.49997135794906062
 -0.00006125000000000   0.49997247784851334
 -0.00006100000000000   0.49997373578788162
 -0.00006075000000000   0.49997519355138637
 -0.00006050000000000   0.49997697464812295
 -0.00006025000000000   0.49997939924958826
 -0.00006000000000000   0.49998429116267020
 -0.00005975000000000   0.50000802972768637
 -0.00005950000000000   0.50000861565962738
 -0.00005925000000000   0.50000893943900491
 -0.00005900000000000   0.50000915787746533
 -0.00005875000000000   0.50000931870091521
 -0.00005850000000000   0.50000944176553038
 -0.00005825000000000   0.50000953857377469
 -0.00005800000000000   0.50000961638677055
 -0.00005775000000000   0.50000967893365489
 -0.00005750000000000   0.50000972941564337
 -0.00005725000000000   0.50000977000275022
 -0.00005700000000000   0.50000980234717446
 -0.00005675000000000   0.50000982822596431
 -0.00005650000000000   0.50000984741724314
 -0.00005625000000000   0.50000986184232612
 -0.00005600000000000   0.50000987210078246
 -0.00005575000000000   0.50000987802424796
 -0.00005550000000000   0.50000988022467515
 -0.00005525000000000   0.50000987937471851
 -0.00005500000000000   0.50000987533674502
 -0.00005475000000000   0.50000986884771357
 -0.00005450000000000   0.50000985979603046
 -0.00005425000000000   0.50000984899553785
 -0.00005400000000000   0.50000983637024202
 -0.00005375000000000   0.50000982183382120
 -0.00005350000000000   0.50000980529262634
 -0.00005325000000000   0.50000978664710320
 -0.00005300000000000   0.50000976682830656
 -0.00005275000000000   0.50000974578321347
 -0.00005250000000000   0.50000972452344440
 -0.00005225000000000   0.50000970086699523
 -0.00005200000000000   0.50000967580305585
 -0.00005175000000000   0.50000965038481443
 -0.00005150000000000   0.50000962346045385
 -0.00005125000000000   0.50000959611077983
 -0.00005100000000000   0.50000956831201018
 -0.00005075000000000   0.50000953886448093
 -0.00005050000000000   0.50000950888910367
 -0.00005025000000000   0.50000947835917983
 -0.00005000000000000   0.50000944603382508
 -0.00004975000000000   0.50000941429979590
 -0.00004950000000000   0.50000938192719800
 -0.00004925000000000   0.50000934888738891
 -0.00004900000000000   0.50000931389250246
 -0.00004875000000000   0.50000927942223769
 -0.00004850000000000   0.50000924419961655
 -0.00004825000000000   0.50000920948783564
 -0.00004800000000000   0.50000917268724387
 -0.00004775000000000   0.50000913636178071
 -0.00004750000000000   0.50000909919317819
 -0.00004725000000000   0.50000906248276889
 -0.00004700000000000   0.50000902489377438
 -0.00004675000000000   0.50000898640079456
 -0.00004650000000000   0.50000894832993264
 -0.00004625000000000   0.50000890932117315
 -0.00004600000000000   0.50000886935038478
 -0.00004575000000000   0.50000882976737261
 -0.00004550000000000   0.50000879056983327
 -0.00004525000000000   0.50000875036941582
 -0.00004500000000000   0.50000870914470789
 -0.00004475000000000   0.50000866827224609
 -0.00004450000000000   0.50000862774911477
 -0.00004425000000000   0.50000858616404470
 -0.00004400000000000   0.50000854491072974
 -0.00004375000000000   0.50000850256866523
 -0.00004350000000000   0.50000846054184526
 -0.00004325000000000   0.50000841882631974
 -0.00004300000000000   0.50000837598927330
 -0.00004275000000000   0.50000833344764088
 -0.00004250000000000   0.50000828976181522
 -0.00004225000000000   0.50000824635678883
 -0.00004200000000000   0.50000820322894575
 -0.00004175000000000   0.50000815892887487
 -0.00004150000000000   0.50000811633991088
 -0.00004125000000000   0.50000807111598543
 -0.00004100000000000   0.50000802759488353
 -0.00004075000000000   0.50000798287119120
 -0.00004050000000000   0.50000793839073113
 -0.00004025000000000   0.50000789414924176
 -0.00004000000000000   0.50000784868510985
 -0.00003975000000000   0.50000780490707077
 -0.00003950000000000   0.50000775989602644
 -0.00003925000000000   0.50000771364628453
 -0.00003900000000000   0.50000766906981992
 -0.00003875000000000   0.50000762324561573
 -0.00003850000000000   0.50000757762781754
 -0.00003825000000000   0.50000753221214990
 -0.00003800000000000   0.50000748553741048
 -0.00003775000000000   0.50000743905740602
 -0.00003750000000000   0.50000739276866511
 -0.00003725000000000   0.50000734666724497
 -0.00003700000000000   0.50000730074876532
 -0.00003675000000000   0.50000725500844040
 -0.00003650000000000   0.50000720799320925
 -0.00003625000000000   0.50000716115147204
 -0.00003600000000000   0.50000711447939274
 -0.00003575000000000   0.50000706797278479
 -0.00003550000000000   0.50000702018741539
 -0.00003525000000000   0.50000697400220762
 -0.00003500000000000   0.50000692653557129
 -0.00003475000000000   0.50000687922369063
 -0.00003450000000000   0.50000683206274029
 -0.00003425000000000   0.50000678362357086
 -0.00003400000000000   0.50000673675664807
 -0.00003375000000000   0.50000668861055821
 -0.00003350000000000   0.50000664202160579
 -0.00003325000000000   0.50000659415384687
 -0.00003300000000000   0.50000654642134198
 -0.00003275000000000   0.50000649741896703
 -0.00003250000000000   0.50000644995076530
 -0.00003225000000000   0.50000640260634499
 -0.00003200000000000   0.50000635399519985
 -0.00003175000000000   0.50000630551022343
 -0.00003150000000000   0.50000625714818799
 -0.00003125000000000   0.50000620890569225
 -0.00003100000000000   0.50000616077917357
 -0.00003075000000000   0.50000611276491973
 -0.00003050000000000   0.50000606350391007
 -0.00003025000000000   0.50000601570965386
 -0.00003000000000000   0.50000596667330591
 -0.00002975000000000   0.50000591774709740
 -0.00002950000000000   0.50000586892795131
 -0.00002925000000000   0.50000582021266184
 -0.00002900000000000   0.50000577159790357
 -0.00002875000000000   0.50000572308024019
 -0.00002850000000000   0.50000567465613299
 -0.00002825000000000   0.50000562502454502
 -0.00002800000000000   0.50000557678493809
 -0.00002775000000000   0.50000552734550443
 -0.00002750000000000   0.50000547800085775
 -0.00002725000000000   0.50000542874810698
 -0.00002700000000000   0.50000537958426712
 -0.00002675000000000   0.50000533050626603
 -0.00002650000000000   0.50000528151095100
 -0.00002625000000000   0.50000523259509495
 -0.00002600000000000   0.50000518252568887
 -0.00002575000000000   0.50000513376800293
 -0.00002550000000000   0.50000508386684669
 -0.00002525000000000   0.50000503525489490
 -0.00002500000000000   0.50000498551055890
 -0.00002475000000000   0.50000493584432931
 -0.00002450000000000   0.50000488625346219
 -0.00002425000000000   0.50000483673515055
 -0.00002400000000000   0.50000478728652914
 -0.00002375000000000   0.50000473790467921
 -0.00002350000000000   0.50000468858663296
 -0.00002325000000000   0.50000463819608292
 -0.00002300000000000   0.50000458900682633
 -0.00002275000000000   0.50000453875796281
 -0.00002250000000000   0.50000448968614200
 -0.00002225000000000   0.50000443956848691
 -0.00002200000000000   0.50000438951705377
 -0.00002175000000000   0.50000433952934350
 -0.00002150000000000   0.50000428960281092
 -0.00002125000000000   0.50000423973486837
 -0.00002100000000000   0.50000418992288924
 -0.00002075000000000   0.50000414016421134
 -0.00002050000000000   0.50000409045614021
 -0.00002025000000000   0.50000404079595234
 -0.00002000000000000   0.50000399017688878
 -0.00001975000000000   0.50000394061557644
 -0.00001950000000000   0.50000389011122818
 -0.00001925000000000   0.50000383966566051
 -0.00001900000000000   0.50000379023910795
 -0.00001875000000000   0.50000373989387761
 -0.00001850000000000   0.50000368960041254
 -0.00001825000000000   0.50000363935638166
 -0.00001800000000000   0.50000358915942458
 -0.00001775000000000   0.50000353900715420
 -0.00001750000000000   0.50000348889715922
 -0.00001725000000000   0.50000343882700659
 -0.00001700000000000   0.50000338879424394
 -0.00001675000000000   0.50000333879640188
 -0.00001650000000000   0.50000328798190486
 -0.00001625000000000   0.50000323805870432
 -0.00001600000000000   0.50000318733720360
 -0.00001575000000000   0.50000313747920493
 -0.00001550000000000   0.50000308684184092
 -0.00001525000000000   0.50000303624890022
 -0.00001500000000000   0.50000298647723042
 -0.00001475000000000   0.50000293595499944
 -0.00001450000000000   0.50000288547062999
 -0.00001425000000000   0.50000283502194979
 -0.00001400000000000   0.50000278460676918
 -0.00001375000000000   0.50000273422288296
 -0.00001350000000000   0.50000268386807233
 -0.00001325000000000   0.50000263354010660
 -0.00001300000000000   0.50000258255588705
 -0.00001275000000000   0.50000253228770882
 -0.00001250000000000   0.50000248203973715
 -0.00001225000000000   0.50000243116651369
 -0.00001200000000000   0.50000238096530913
 -0.00001175000000000   0.50000233015971524
 -0.00001150000000000   0.50000227999657001
 -0.00001125000000000   0.50000222925030782
 -0.00001100000000000   0.50000217853682867
 -0.00001075000000000   0.50000212842113768
 -0.00001050000000000   0.50000207775448524
 -0.00001025000000000   0.50000202711447756
 -0.00001000000000000   0.50000197649908248
 -0.00000975000000000   0.50000192590625728
 -0.00000950000000000   0.50000187533395015
 -0.00000925000000000   0.50000182478010160
 -0.00000900000000000   0.50000177424264591
 -0.00000875000000000   0.50000172371951248
 -0.00000850000000000   0.50000167275956587
 -0.00000825000000000   0.50000162227234346
 -0.00000800000000000   0.50000157179327480
 -0.00000775000000000   0.50000152091113895
 -0.00000750000000000   0.50000147045581039
 -0.00000725000000000   0.50000141962002192
 -0.00000700000000000   0.50000136918031709
 -0.00000675000000000   0.50000131838300625
 -0.00000650000000000   0.50000126760860201
 -0.00000625000000000   0.50000121718403823
 -0.00000600000000000   0.50000116643627939
 -0.00000575000000000   0.50000111570558005
 -0.00000550000000000   0.50000106498999943
 -0.00000525000000000   0.50000101428759027
 -0.00000500000000000   0.50000096359640006
 -0.00000475000000000   0.50000091291447222
 -0.00000450000000000   0.50000086223984733
 -0.00000425000000000   0.50000081157056431
 -0.00000400000000000   0.50000076090466164
 -0.00000375000000000   0.50000071004752614
 -0.00000350000000000   0.50000065939630235
 -0.00000325000000000   0.50000060874259647
 -0.00000300000000000   0.50000055793296441
 -0.00000275000000000   0.50000050728227865
 -0.00000250000000000   0.50000045649924733
 -0.00000225000000000   0.50000040584381465
 -0.00000200000000000   0.50000035507970204
 -0.00000175000000000   0.50000030432902314
 -0.00000150000000000   0.50000025365886758
 -0.00000125000000000   0.50000020291556575
 -0.00000100000000000   0.50000015217994629
 -0.00000075000000000   0.50000010145009258
 -0.00000050000000000   0.50000005072408458
 -0.00000025000000000   0.50000000000000000
  0.00000000000000000   0.49999994927591541
  0.00000025000000000   0.49999989854990741
  0.00000050000000000   0.49999984782005370
  0.00000075000000000   0.49999979708443424
  0.00000100000000000   0.49999974634113241
  0.00000125000000000   0.49999969567097685
  0.00000150000000000   0.49999964492029795
  0.00000175000000000   0.49999959415618533
  0.00000200000000000   0.49999954350075266
  0.00000225000000000   0.49999949271772134
  0.00000250000000000   0.49999944206703558
  0.00000275000000000   0.49999939125740352
  0.00000300000000000   0.49999934060369764
  0.00000325000000000   0.49999928995247385
  0.00000350000000000   0.49999923909533835
  0.00000375000000000   0.49999918842943568
  0.00000400000000000   0.49999913776015266
  0.00000425000000000   0.49999908708552777
  0.00000450000000000   0.49999903640359993
  0.00000475000000000   0.49999898571240972
  0.00000500000000000   0.49999893501000056
  0.00000525000000000   0.49999888429441994
  0.00000550000000000   0.49999883356372060
  0.00000575000000000   0.49999878281596176
  0.00000600000000000   0.49999873239139798
  0.00000625000000000   0.49999868161699374
  0.00000650000000000   0.49999863081968290
  0.00000675000000000   0.49999858037997807
  0.00000700000000000   0.49999852954418960
  0.00000725000000000   0.49999847908886104
  0.00000750000000000   0.49999842820672519
  0.00000775000000000   0.49999837772765653
  0.00000800000000000   0.49999832724043412
  0.00000825000000000   0.49999827628048751
  0.00000850000000000   0.49999822575735408
  0.00000875000000000   0.49999817521989839
  0.00000900000000000   0.49999812466604984
  0.00000925000000000   0.49999807409374271
  0.00000950000000000   0.49999802350091751
  0.00000975000000000   0.49999797288552243
  0.00001000000000000   0.49999792224551475
  0.00001025000000000   0.49999787157886231
  0.00001050000000000   0.49999782146317132
  0.00001075000000000   0.49999777074969217
  0.00001100000000000   0.49999772000342999
  0.00001125000000000   0.49999766984028475
  0.00001150000000000   0.49999761903469086
  0.00001175000000000   0.49999756883348630
  0.00001200000000000   0.49999751796026284
  0.00001225000000000   0.49999746771229117
  0.00001250000000000   0.49999741744411294
  0.00001275000000000   0.49999736645989339
  0.00001300000000000   0.49999731613192766
  0.00001325000000000   0.49999726577711703
  0.00001350000000000   0.49999721539323082
  0.00001375000000000   0.49999716497805020
  0.00001400000000000   0.49999711452937000
  0.00001425000000000   0.49999706404500055
  0.00001450000000000   0.49999701352276957
  0.00001475000000000   0.49999696375109976
  0.00001500000000000   0.49999691315815907
  0.00001525000000000   0.49999686252079506
  0.00001550000000000   0.49999681266279639
  0.00001575000000000   0.49999676194129568
  0.00001600000000000   0.49999671201809513
  0.00001625000000000   0.49999666120359811
  0.00001650000000000   0.49999661120575605
  0.00001675000000000   0.49999656117299340
  0.00001700000000000   0.49999651110284077
  0.00001725000000000   0.49999646099284579
  0.00001750000000000   0.49999641084057541
  0.00001775000000000   0.49999636064361833
  0.00001800000000000   0.49999631039958745
  0.00001825000000000   0.49999626010612238
  0.00001850000000000   0.49999620976089204
  0.00001875000000000   0.49999616033433947
  0.00001900000000000   0.49999610988877181
  0.00001925000000000   0.49999605938442355
  0.00001950000000000   0.49999600982311121
  0.00001975000000000   0.49999595920404764
  0.00002000000000000   0.49999590954385977
  0.00002025000000000   0.49999585983578865
  0.00002050000000000   0.49999581007711075
  0.00002075000000000   0.49999576026513162
  0.00002100000000000   0.49999571039718907
  0.00002125000000000   0.49999566047065649
  0.00002150000000000   0.49999561048294622
  0.00002175000000000   0.49999556043151308
  0.00002200000000000   0.49999551031385799
  0.00002225000000000   0.49999546124203718
  0.00002250000000000   0.49999541099317365
  0.00002275000000000   0.49999536180391707
  0.00002300000000000   0.49999531141336704
  0.00002325000000000   0.49999526209532078
  0.00002350000000000   0.49999521271347084
  0.00002375000000000   0.49999516326484944
  0.00002400000000000   0.49999511374653780
  0.00002425000000000   0.49999506415567068
  0.00002450000000000   0.49999501448944109
  0.00002475000000000   0.49999496474510509
  0.00002500000000000   0.49999491613315329
  0.00002525000000000   0.49999486623199706
  0.00002550000000000   0.49999481747431112
  0.00002575000000000   0.49999476740490504
  0.00002600000000000   0.49999471848904899
  0.00002625000000000   0.49999466949373395
  0.00002650000000000   0.49999462041573287
  0.00002675000000000   0.49999457125189300
  0.00002700000000000   0.49999452199914223
  0.00002725000000000   0.49999447265449556
  0.00002750000000000   0.49999442321506190
  0.00002775000000000   0.49999437497545497
  0.00002800000000000   0.49999432534386700
  0.00002825000000000   0.49999427691975980
  0.00002850000000000   0.49999422840209642
  0.00002875000000000   0.49999417978733815
  0.00002900000000000   0.49999413107204868
  0.00002925000000000   0.49999408225290259
  0.00002950000000000   0.49999403332669408
  0.00002975000000000   0.49999398429034613
  0.00003000000000000   0.49999393649608992
  0.00003025000000000   0.49999388723508026
  0.00003050000000000   0.49999383922082641
  0.00003075000000000   0.49999379109430775
  0.00003100000000000   0.49999374285181199
  0.00003125000000000   0.49999369448977655
  0.00003150000000000   0.49999364600480014
  0.00003175000000000   0.49999359739365500
  0.00003200000000000   0.49999355004923469
  0.00003225000000000   0.49999350258103296
  0.00003250000000000   0.49999345357865801
  0.00003275000000000   0.49999340584615312
  0.00003300000000000   0.49999335797839420
  0.00003325000000000   0.49999331138944178
  0.00003350000000000   0.49999326324335191
  0.00003375000000000   0.49999321637642913
  0.00003400000000000   0.49999316793725970
  0.00003425000000000   0.49999312077630936
  0.00003450000000000   0.49999307346442869
  0.00003475000000000   0.49999302599779237
  0.00003500000000000   0.49999297981258460
  0.00003525000000000   0.49999293202721521
  0.00003550000000000   0.49999288552060725
  0.00003575000000000   0.49999283884852795
  0.00003600000000000   0.49999279200679074
  0.00003625000000000   0.49999274499155959
  0.00003650000000000   0.49999269925123467
  0.00003675000000000   0.49999265333275502
  0.00003700000000000   0.49999260723133488
  0.00003725000000000   0.49999256094259396
  0.00003750000000000   0.49999251446258951
  0.00003775000000000   0.49999246778785008
  0.00003800000000000   0.49999242237218245
  0.00003825000000000   0.49999237675438427
  0.00003850000000000   0.49999233093018006
  0.00003875000000000   0.49999228635371546
  0.00003900000000000   0.49999224010397355
  0.00003925000000000   0.49999219509292921
  0.00003950000000000   0.49999215131489014
  0.00003975000000000   0.49999210585075822
  0.00004000000000000   0.49999206160926886
  0.00004025000000000   0.49999201712880879
  0.00004050000000000   0.49999197240511646
  0.00004075000000000   0.49999192888401455
  0.00004100000000000   0.49999188366008910
  0.00004125000000000   0.49999184107112512
  0.00004150000000000   0.49999179677105424
  0.00004175000000000   0.49999175364321116
  0.00004200000000000   0.49999171023818476
  0.00004225000000000   0.49999166655235910
  0.00004250000000000   0.49999162401072669
  0.00004275000000000   0.49999158117368025
  0.00004300000000000   0.49999153945815472
  0.00004325000000000   0.49999149743133476
  0.00004350000000000   0.49999145508927024
  0.00004375000000000   0.49999141383595529
  0.00004400000000000   0.49999137225088522
  0.00004425000000000   0.49999133172775390
  0.00004450000000000   0.49999129085529210
  0.00004475000000000   0.49999124963058417
  0.00004500000000000   0.49999120943016672
  0.00004525000000000   0.49999117023262738
  0.00004550000000000   0.49999113064961521
  0.00004575000000000   0.49999109067882684
  0.00004600000000000   0.49999105167006734
  0.00004625000000000   0.49999101359920542
  0.00004650000000000   0.49999097510622561
  0.00004675000000000   0.49999093751723110
  0.00004700000000000   0.49999090080682179
  0.00004725000000000   0.49999086363821927
  0.00004750000000000   0.49999082731275611
  0.00004775000000000   0.49999079051216434
  0.00004800000000000   0.49999075580038344
  0.00004825000000000   0.49999072057776230
  0.00004850000000000   0.49999068610749753
  0.00004875000000000   0.49999065111261108
  0.00004900000000000   0.49999061807280199
  0.00004925000000000   0.49999058570020409
  0.00004950000000000   0.49999055396617492
  0.00004975000000000   0.49999052164082015
  0.00005000000000000   0.49999049111089632
  0.00005025000000000   0.49999046113551905
  0.00005050000000000   0.49999043168798981
  0.00005075000000000   0.49999040388922016
  0.00005100000000000   0.49999037653954613
  0.00005125000000000   0.49999034961518556
  0.00005150000000000   0.49999032419694413
  0.00005175000000000   0.49999029913300476
  0.00005200000000000   0.49999027547655559
  0.00005225000000000   0.49999025421678652
  0.00005250000000000   0.49999023317169343
  0.00005275000000000   0.49999021335289679
  0.00005300000000000   0.49999019470737365
  0.00005325000000000   0.49999017816617879
  0.00005350000000000   0.49999016362975797
  0.00005375000000000   0.49999015100446213
  0.00005400000000000   0.49999014020396953
  0.00005425000000000   0.49999013115228642
  0.00005450000000000   0.49999012466325498
  0.00005475000000000   0.49999012062528148
  0.00005500000000000   0.49999011977532484
  0.00005525000000000   0.49999012197575203
  0.00005550000000000   0.49999012789921753
  0.00005575000000000   0.49999013815767386
  0.00005600000000000   0.49999015258275686
  0.00005625000000000   0.49999017177403567
  0.00005650000000000   0.49999019765282554
  0.00005675000000000   0.49999022999724977
  0.00005700000000000   0.49999027058435663
  0.00005725000000000   0.49999032106634510
  0.00005750000000000   0.49999038361322944
  0.00005775000000000   0.49999046142622530
  0.00005800000000000   0.49999055823446962
  0.00005825000000000   0.49999068129908478
  0.00005850000000000   0.49999084212253467
  0.00005875000000000   0.49999106056099509
  0.00005900000000000   0.49999138434037265
  0.00005925000000000   0.49999197027231371
  0.00005950000000000   0.50001570883733204
  0.00005975000000000   0.50002060075041241
  0.00006000000000000   0.50002302535187747
  0.00006025000000000   0.50002480644861396
  0.00006050000000000   0.50002626421211866
  0.00006075000000000   0.50002752215148692
  0.00006100000000000   0.50002864205093960
  0.00006125000000000   0.50002966070424105
  0.00006150000000000   0.50003060211009252
  0.00006175000000000   0.50003148197522642
  0.00006200000000000   0.50003230883979762
  0.00006225000000000   0.50003309345927986
  0.00006250000000000   0.50003384192606525
  0.00006275000000000   0.50003455811726244
  0.00006300000000000   0.50003524613523202
  0.00006325000000000   0.50003591085876784
  0.00006350000000000   0.50003655442969199
  0.00006375000000000   0.50003717825486757
  0.00006400000000000   0.50003778314205514
  0.00006425000000000   0.50003837352626482
  0.00006450000000000   0.50003894947752442
  0.00006475000000000   0.50003951281813990
  0.00006500000000000   0.50004006301806830
  0.00006525000000000   0.50004060361311307
  0.00006550000000000   0.50004113150229710
  0.00006575000000000   0.50004165215524762
  0.00006600000000000   0.50004216214042676
  0.00006625000000000   0.50004266456030054
  0.00006650000000000   0.50004315794158073
  0.00006675000000000   0.50004364528997266
  0.00006700000000000   0.50004412495892821
  0.00006725000000000   0.50004459752452947
  0.00006750000000000   0.50004506351824404
  0.00006775000000000   0.50004552583416609
  0.00006800000000000   0.50004598013984567
  0.00006825000000000   0.50004642924204791
  0.00006850000000000   0.50004687599514201
  0.00006875000000000   0.50004731586207942
  0.00006900000000000   0.50004775162949421
  0.00006925000000000   0.50004818361974610
  0.00006950000000000   0.50004860959946338
  0.00006975000000000   0.50004903235462677
  0.00007000000000000   0.50004945215380038
  0.00007025000000000   0.50004986925186491
  0.00007050000000000   0.50005028128509150
  0.00007075000000000   0.50005069105287394
  0.00007100000000000   0.50005109613431285
  0.00007125000000000   0.50005149934122063
  0.00007150000000000   0.50005189820083443
  0.00007175000000000   0.50005229553845108
  0.00007200000000000   0.50005268883350192
  0.00007225000000000   0.50005308092626793
  0.00007250000000000   0.50005346925133500
  0.00007275000000000   0.50005385666586964
  0.00007300000000000   0.50005423780380249
  0.00007325000000000   0.50005462104023338
  0.00007350000000000   0.50005500098600534
  0.00007375000000000   0.50005537773192696
  0.00007400000000000   0.50005575136636436
  0.00007425000000000   0.50005612479988942
  0.00007450000000000   0.50005649531271678
  0.00007475000000000   0.50005686583439595
  0.00007500000000000   0.50005723074421998
  0.00007525000000000   0.50005759583156702
  0.00007550000000000   0.50005796120094081
  0.00007575000000000   0.50005832114710510
  0.00007600000000000   0.50005868152553819
  0.00007625000000000   0.50005903950446256
  0.00007650000000000   0.50005939807937214
  0.00007675000000000   0.50005975438971448
  0.00007700000000000   0.50006010552265728
  0.00007725000000000   0.50006046041920001
  0.00007750000000000   0.50006081023680527
  0.00007775000000000   0.50006116098424190
  0.00007800000000000   0.50006150672090459
  0.00007825000000000   0.50006185651726171
  0.00007850000000000   0.50006220138690145
  0.00007875000000000   0.50006254437986945
  0.00007900000000000   0.50006288858723995
  0.00007925000000000   0.50006323101514626
  0.00007950000000000   0.50006357169911385
  0.00007975000000000   0.50006391067396674
  0.00008000000000000   0.50006424797384099
  0.00008025000000000   0.50006458673508113
  0.00008050000000000   0.50006492390571820
  0.00008075000000000   0.50006525951552097
  0.00008100000000000   0.50006559359370605
  0.00008125000000000   0.50006592616894694
  0.00008150000000000   0.50006625726938348
  0.00008175000000000   0.50006659008485213
  0.00008200000000000   0.50006691832463861
  0.00008225000000000   0.50006724834913974
  0.00008250000000000   0.50006757702021052
  0.00008275000000000   0.50006790436150778
  0.00008300000000000   0.50006823360534442
  0.00008325000000000   0.50006855836382951
  0.00008350000000000   0.50006888186044615
  0.00008375000000000   0.50006920735075617
  0.00008400000000000   0.50006953163815736
  0.00008425000000000   0.50006985474220318
  0.00008450000000000   0.50007017668213024
  0.00008475000000000   0.50007049747686204
  0.00008500000000000   0.50007081714501308
  0.00008525000000000   0.50007113570489313
  0.00008550000000000   0.50007145646748521
  0.00008575000000000   0.50007177287034386
  0.00008600000000000   0.50007209152557030
  0.00008625000000000   0.50007240915584649
  0.00008650000000000   0.50007272577659333
  0.00008675000000000   0.50007304140299943
  0.00008700000000000   0.50007335605002335
  0.00008725000000000   0.50007366973239617
  0.00008750000000000   0.50007398246462412
  0.00008775000000000   0.50007429762394653
  0.00008800000000000   0.50007460850402959
  0.00008825000000000   0.50007492185311905
  0.00008850000000000   0.50007523432064615
  0.00008875000000000   0.50007554252494274
  0.00008900000000000   0.50007585325818774
  0.00008925000000000   0.50007616314641465
  0.00008950000000000   0.50007647220132764
  0.00008975000000000   0.50007678043446643
  0.00009000000000000   0.50007708785720780
  0.00009025000000000   0.50007739791470096
  0.00009050000000000   0.50007770375552462
  0.00009075000000000   0.50007800881877593
  0.00009100000000000   0.50007831656790844
  0.00009125000000000   0.50007862011248168
  0.00009150000000000   0.50007892637566736
  0.00009175000000000   0.50007923191407442
  0.00009200000000000   0.50007953673689862
  0.00009225000000000   0.50007983736760093
  0.00009250000000000   0.50008014078005968
  0.00009275000000000   0.50008044350413375
  0.00009300000000000   0.50008074554854774
  0.00009325000000000   0.50008104692191253
  0.00009350000000000   0.50008135114693512
  0.00009375000000000   0.50008165120843542
  0.00009400000000000   0.50008195062377336
  0.00009425000000000   0.50008225293244787
  0.00009450000000000   0.50008255108390751
  0.00009475000000000   0.50008285215562867
  0.00009500000000000   0.50008314907401746
  0.00009525000000000   0.50008344893813943
  0.00009550000000000   0.50008374821239660
  0.00009575000000000   0.50008404333864213
  0.00009600000000000   0.50008434144773596
  0.00009625000000000   0.50008463898741486
  0.00009650000000000   0.50008493596424909
  0.00009675000000000   0.50008523238473143
  0.00009700000000000   0.50008552825527746
  0.00009725000000000   0.50008582358222601
  0.00009750000000000   0.50008611837183951
  0.00009775000000000   0.50008641263030446
  0.00009800000000000   0.50008670997234411
  0.00009825000000000   0.50008700319053548
  0.00009850000000000   0.50008729589549032
  0.00009875000000000   0.50008759171540314
  0.00009900000000000   0.50008788341466379
  0.00009925000000000   0.50008817461796516
  0.00009950000000000   0.50008846896518401
  0.00009975000000000   0.50008876283587031
  0.00010000000000000   0.50008905258998787
  0.00010025000000000   0.50008934551738895
  0.00010050000000000   0.50008963798323158
  0.00010075000000000   0.50008992633539966
  0.00010100000000000   0.50009021788799097
  0.00010125000000000   0.50009050899351244
  0.00010150000000000   0.50009079965662667
  0.00010175000000000   0.50009108988194634
  0.00010200000000000   0.50009137967403441
  0.00010225000000000   0.50009166903740419
  0.00010250000000000   0.50009195797651954
  0.00010275000000000   0.50009224649579499
  0.00010300000000000   0.50009253459959604
  0.00010325000000000   0.50009282229223929
  0.00010350000000000   0.50009311327553602
  0.00010375000000000   0.50009340016139550
  0.00010400000000000   0.50009368664862190
  0.00010425000000000   0.50009397644924083
  0.00010450000000000   0.50009426215390116
  0.00010475000000000   0.50009454747204556
  0.00010500000000000   0.50009483612464083
  0.00010525000000000   0.50009512068366355
  0.00010550000000000   0.50009540859102467
  0.00010575000000000   0.50009569240605119
  0.00010600000000000   0.50009597958261218
  0.00010625000000000   0.50009626640095723
  0.00010650000000000   0.50009654912834192
  0.00010675000000000   0.50009683523685808
  0.00010700000000000   0.50009712099728334
  0.00010725000000000   0.50009740641288111
  0.00010750000000000   0.50009768773986639
  0.00010775000000000   0.50009797247253663
  0.00010800000000000   0.50009825687011139
  0.00010825000000000   0.50009854093572871
  0.00010850000000000   0.50009882467249628
  0.00010875000000000   0.50009910808349155
  0.00010900000000000   0.50009939117176166
  0.00010925000000000   0.50009967394032358
  0.00010950000000000   0.50009995639216410
