 -0.00024050000000000   0.49990119349702352
 -0.00024025000000000   0.49990472941280309
 -0.00024000000000000   0.49990893116803936
 -0.00023975000000000   0.49991414253255616
 -0.00023950000000000   0.49992137266710690
 -0.00023925000000000   0.49993520682325992
 -0.00023900000000000   0.50002673619097310
 -0.00023875000000000   0.50002856476838728
 -0.00023850000000000   0.50002949216259557
 -0.00023825000000000   0.50003009688182047
 -0.00023800000000000   0.50003053719471021
 -0.00023775000000000   0.50003086664915097
 -0.00023750000000000   0.50003110940042930
 -0.00023725000000000   0.50003131724357737
 -0.00023700000000000   0.50003146476519806
 -0.00023675000000000   0.50003159478456252
 -0.00023650000000000   0.50003170101242313
 -0.00023625000000000   0.50003177657391137
 -0.00023600000000000   0.50003183118966932
 -0.00023575000000000   0.50003187741018295
 -0.00023550000000000   0.50003191215838487
 -0.00023525000000000   0.50003193220331743
 -0.00023500000000000   0.50003195400413681
 -0.00023475000000000   0.50003195577548948
 -0.00023450000000000   0.50003193408781053
 -0.00023425000000000   0.50003192909362014
 -0.00023400000000000   0.50003191881905668
 -0.00023375000000000   0.50003187867878256
 -0.00023350000000000   0.50003185261565993
 -0.00023325000000000   0.50003184091658664
 -0.00023300000000000   0.50003179406872656
 -0.00023275000000000   0.50003175964089586
 -0.00023250000000000   0.50003171178870059
 -0.00023225000000000   0.50003167555849666
 -0.00023200000000000   0.50003162392908494
 -0.00023175000000000   0.50003155534421986
 -0.00023150000000000   0.50003149654867473
 -0.00023125000000000   0.50003144766211073
 -0.00023100000000000   0.50003140875123067
 -0.00023075000000000   0.50003135003482466
 -0.00023050000000000   0.50003127002237039
 -0.00023025000000000   0.50003119810908651
 -0.00023000000000000   0.50003113437221706
 -0.00022975000000000   0.50003107885704079
 -0.00022950000000000   0.50003099922470270
 -0.00022925000000000   0.50003095975503791
 -0.00022900000000000   0.50003086195964851
 -0.00022875000000000   0.50003080438448018
 -0.00022850000000000   0.50003071994924236
 -0.00022825000000000   0.50003067670683485
 -0.00022800000000000   0.50003060572704857
 -0.00022775000000000   0.50003050568317419
 -0.00022750000000000   0.50003044731231875
 -0.00022725000000000   0.50003035901271233
 -0.00022700000000000   0.50003027638480630
 -0.00022675000000000   0.50003019944402213
 -0.00022650000000000   0.50003012819474400
 -0.00022625000000000   0.50003006263120809
 -0.00022600000000000   0.50003000273832894
 -0.00022575000000000   0.50002990959550695
 -0.00022550000000000   0.50002982131418534
 -0.00022525000000000   0.50002973790316490
 -0.00022500000000000   0.50002965936383055
 -0.00022475000000000   0.50002958569070029
 -0.00022450000000000   0.50002951687193912
 -0.00022425000000000   0.50002945288984002
 -0.00022400000000000   0.50002935214235158
 -0.00022375000000000   0.50002929744487437
 -0.00022350000000000   0.50002920523733034
 -0.00022325000000000   0.50002911710103661
 -0.00022300000000000   0.50002903303377373
 -0.00022275000000000   0.50002895302901991
 -0.00022250000000000   0.50002887707624544
 -0.00022225000000000   0.50002880516118995
 -0.00022200000000000   0.50002869286278929
 -0.00022175000000000   0.50002862866788257
 -0.00022150000000000   0.50002856845956481
 -0.00022125000000000   0.50002846685814652
 -0.00022100000000000   0.50002836856884760
 -0.00022075000000000   0.50002831964001973
 -0.00022050000000000   0.50002822830487145
 -0.00022025000000000   0.50002814026386985
 -0.00022000000000000   0.50002805550937025
 -0.00021975000000000   0.50002797403143570
 -0.00021950000000000   0.50002789581798121
 -0.00021925000000000   0.50002782085491079
 -0.00021900000000000   0.50002774912624716
 -0.00021875000000000   0.50002768061425486
 -0.00021850000000000   0.50002756660707217
 -0.00021825000000000   0.50002750422142572
 -0.00021800000000000   0.50002744499865059
 -0.00021775000000000   0.50002733941497219
 -0.00021750000000000   0.50002728622382838
 -0.00021725000000000   0.50002718610214814
 -0.00021700000000000   0.50002708854695939
 -0.00021675000000000   0.50002704416804400
 -0.00021650000000000   0.50002695201343932
 -0.00021625000000000   0.50002686240064033
 -0.00021600000000000   0.50002677532153683
 -0.00021575000000000   0.50002669076688357
 -0.00021550000000000   0.50002660872636509
 -0.00021525000000000   0.50002652918865751
 -0.00021500000000000   0.50002645214148769
 -0.00021475000000000   0.50002637757168957
 -0.00021450000000000   0.50002630546525797
 -0.00021425000000000   0.50002623580739986
 -0.00021400000000000   0.50002616858258328
 -0.00021375000000000   0.50002605025296574
 -0.00021350000000000   0.50002598764716068
 -0.00021325000000000   0.50002592743023456
 -0.00021300000000000   0.50002581539332212
 -0.00021275000000000   0.50002575972033015
 -0.00021250000000000   0.50002570638641968
 -0.00021225000000000   0.50002560056757380
 -0.00021200000000000   0.50002555169151309
 -0.00021175000000000   0.50002544988466539
 -0.00021150000000000   0.50002534994770787
 -0.00021125000000000   0.50002530757540943
 -0.00021100000000000   0.50002521159818604
 -0.00021075000000000   0.50002517353572972
 -0.00021050000000000   0.50002508147454351
 -0.00021025000000000   0.50002499124528204
 -0.00021000000000000   0.50002490284101749
 -0.00020975000000000   0.50002481625434631
 -0.00020950000000000   0.50002478850710008
 -0.00020925000000000   0.50002470572820821
 -0.00020900000000000   0.50002462473709402
 -0.00020875000000000   0.50002454552475260
 -0.00020850000000000   0.50002446808181553
 -0.00020825000000000   0.50002439239857086
 -0.00020800000000000   0.50002431846498231
 -0.00020775000000000   0.50002424627070762
 -0.00020750000000000   0.50002417580511623
 -0.00020725000000000   0.50002410705730619
 -0.00020700000000000   0.50002404001612046
 -0.00020675000000000   0.50002397467016240
 -0.00020650000000000   0.50002385193409465
 -0.00020625000000000   0.50002378980255679
 -0.00020600000000000   0.50002372933500089
 -0.00020575000000000   0.50002367051915754
 -0.00020550000000000   0.50002361334258722
 -0.00020525000000000   0.50002349796124529
 -0.00020500000000000   0.50002344390497635
 -0.00020475000000000   0.50002339145371349
 -0.00020450000000000   0.50002328031944505
 -0.00020425000000000   0.50002323093035156
 -0.00020400000000000   0.50002318311055178
 -0.00020375000000000   0.50002307616325248
 -0.00020350000000000   0.50002303134441013
 -0.00020325000000000   0.50002292708988686
 -0.00020300000000000   0.50002288523218448
 -0.00020275000000000   0.50002278364488258
 -0.00020250000000000   0.50002274470739555
 -0.00020225000000000   0.50002264576033321
 -0.00020200000000000   0.50002260970117077
 -0.00020175000000000   0.50002251336608405
 -0.00020150000000000   0.50002248014251931
 -0.00020125000000000   0.50002238638999696
 -0.00020100000000000   0.50002229383978726
 -0.00020075000000000   0.50002226475819525
 -0.00020050000000000   0.50002217474786270
 -0.00020025000000000   0.50002208592295299
 -0.00020000000000000   0.50002206089299572
 -0.00019975000000000   0.50002197456309970
 -0.00019950000000000   0.50002188940054695
 -0.00019925000000000   0.50002186832986106
 -0.00019900000000000   0.50002178561563985
 -0.00019875000000000   0.50002170404966876
 -0.00019850000000000   0.50002162362641068
 -0.00019825000000000   0.50002154434021286
 -0.00019800000000000   0.50002152964099447
 -0.00019775000000000   0.50002145272594801
 -0.00019750000000000   0.50002137692744585
 -0.00019725000000000   0.50002130223946524
 -0.00019700000000000   0.50002122865589401
 -0.00019675000000000   0.50002115617053542
 -0.00019650000000000   0.50002108477711277
 -0.00019625000000000   0.50002101446927396
 -0.00019600000000000   0.50002100944351883
 -0.00019575000000000   0.50002094137983593
 -0.00019550000000000   0.50002087437963850
 -0.00019525000000000   0.50002080843634876
 -0.00019500000000000   0.50002074354333340
 -0.00019475000000000   0.50002067969390719
 -0.00019450000000000   0.50002061688133657
 -0.00019425000000000   0.50002055509884298
 -0.00019400000000000   0.50002049433960616
 -0.00019375000000000   0.50002036965488764
 -0.00019350000000000   0.50002031085173305
 -0.00019325000000000   0.50002025305349801
 -0.00019300000000000   0.50002019625319603
 -0.00019275000000000   0.50002014044381409
 -0.00019250000000000   0.50002008561831524
 -0.00019225000000000   0.50002003176964108
 -0.00019200000000000   0.50001997889071428
 -0.00019175000000000   0.50001992697444084
 -0.00019150000000000   0.50001981044073674
 -0.00019125000000000   0.50001976037884971
 -0.00019100000000000   0.50001971126034234
 -0.00019075000000000   0.50001966307804956
 -0.00019050000000000   0.50001961582480044
 -0.00019025000000000   0.50001950360979111
 -0.00019000000000000   0.50001945815387568
 -0.00018975000000000   0.50001941360743092
 -0.00018950000000000   0.50001936996325604
 -0.00018925000000000   0.50001926110294947
 -0.00018900000000000   0.50001921921035583
 -0.00018875000000000   0.50001917820031354
 -0.00018850000000000   0.50001913806561993
 -0.00018825000000000   0.50001903249214703
 -0.00018800000000000   0.50001899406267735
 -0.00018775000000000   0.50001895648877586
 -0.00018750000000000   0.50001885330938612
 -0.00018725000000000   0.50001881740658718
 -0.00018700000000000   0.50001878233956079
 -0.00018675000000000   0.50001868151711146
 -0.00018650000000000   0.50001864808686986
 -0.00018625000000000   0.50001861547262728
 -0.00018600000000000   0.50001851696922167
 -0.00018575000000000   0.50001848595732921
 -0.00018550000000000   0.50001838895027605
 -0.00018525000000000   0.50001835951883914
 -0.00018500000000000   0.50001833087109696
 -0.00018475000000000   0.50001823612043846
 -0.00018450000000000   0.50001820901863641
 -0.00018425000000000   0.50001811572515312
 -0.00018400000000000   0.50001809014733459
 -0.00018375000000000   0.50001799829579648
 -0.00018350000000000   0.50001797421999596
 -0.00018325000000000   0.50001788379500938
 -0.00018300000000000   0.50001786119926936
 -0.00018275000000000   0.50001777218529770
 -0.00018250000000000   0.50001775104768438
 -0.00018225000000000   0.50001766342906743
 -0.00018200000000000   0.50001764372768526
 -0.00018175000000000   0.50001755748865748
 -0.00018150000000000   0.50001753920166265
 -0.00018125000000000   0.50001745432637029
 -0.00018100000000000   0.50001743743198316
 -0.00018075000000000   0.50001735390450032
 -0.00018050000000000   0.50001727101971956
 -0.00018025000000000   0.50001725618536064
 -0.00018000000000000   0.50001717462590972
 -0.00017975000000000   0.50001716113130755
 -0.00017950000000000   0.50001708088110870
 -0.00017925000000000   0.50001700125810929
 -0.00017900000000000   0.50001698974771649
 -0.00017875000000000   0.50001691141123778
 -0.00017850000000000   0.50001690118823244
 -0.00017825000000000   0.50001682412212928
 -0.00017800000000000   0.50001674766737516
 -0.00017775000000000   0.50001673935340811
 -0.00017750000000000   0.50001666414616891
 -0.00017725000000000   0.50001658954095169
 -0.00017700000000000   0.50001658309197917
 -0.00017675000000000   0.50001650971137079
 -0.00017650000000000   0.50001643692337093
 -0.00017625000000000   0.50001643229564826
 -0.00017600000000000   0.50001636070934113
 -0.00017575000000000   0.50001628970616220
 -0.00017550000000000   0.50001628685628030
 -0.00017525000000000   0.50001621703189996
 -0.00017500000000000   0.50001614778111853
 -0.00017475000000000   0.50001607910120732
 -0.00017450000000000   0.50001607857120985
 -0.00017425000000000   0.50001601104042076
 -0.00017400000000000   0.50001594407091767
 -0.00017375000000000   0.50001587765993832
 -0.00017350000000000   0.50001587937674885
 -0.00017325000000000   0.50001581408529535
 -0.00017300000000000   0.50001574934275348
 -0.00017275000000000   0.50001568514633688
 -0.00017250000000000   0.50001568903772810
 -0.00017225000000000   0.50001562593137962
 -0.00017200000000000   0.50001556336154034
 -0.00017175000000000   0.50001550132540813
 -0.00017150000000000   0.50001543982017473
 -0.00017125000000000   0.50001544634474384
 -0.00017100000000000   0.50001538589351950
 -0.00017075000000000   0.50001532596359290
 -0.00017050000000000   0.50001526655214936
 -0.00017025000000000   0.50001520765637041
 -0.00017000000000000   0.50001514927343428
 -0.00016975000000000   0.50001515882912404
 -0.00016950000000000   0.50001510145772648
 -0.00016925000000000   0.50001504458961982
 -0.00016900000000000   0.50001498822198549
 -0.00016875000000000   0.50001493235200359
 -0.00016850000000000   0.50001487697685329
 -0.00016825000000000   0.50001482209371318
 -0.00016800000000000   0.50001476769976170
 -0.00016775000000000   0.50001478108821006
 -0.00016750000000000   0.50001472765059060
 -0.00016725000000000   0.50001467469271694
 -0.00016700000000000   0.50001462221178123
 -0.00016675000000000   0.50001457020497698
 -0.00016650000000000   0.50001451866949940
 -0.00016625000000000   0.50001446760254568
 -0.00016600000000000   0.50001441700131527
 -0.00016575000000000   0.50001436686301022
 -0.00016550000000000   0.50001431718483536
 -0.00016525000000000   0.50001426796399868
 -0.00016500000000000   0.50001421919771149
 -0.00016475000000000   0.50001423789929680
 -0.00016450000000000   0.50001419000940338
 -0.00016425000000000   0.50001414256485658
 -0.00016400000000000   0.50001409556289305
 -0.00016375000000000   0.50001404900075386
 -0.00016350000000000   0.50001400287568472
 -0.00016325000000000   0.50001395718493617
 -0.00016300000000000   0.50001391192576378
 -0.00016275000000000   0.50001386709542835
 -0.00016250000000000   0.50001382269119610
 -0.00016225000000000   0.50001377871033884
 -0.00016200000000000   0.50001373515013414
 -0.00016175000000000   0.50001369200786551
 -0.00016150000000000   0.50001364928082257
 -0.00016125000000000   0.50001360696630118
 -0.00016100000000000   0.50001356506160361
 -0.00016075000000000   0.50001352356403867
 -0.00016050000000000   0.50001348247092187
 -0.00016025000000000   0.50001344177957554
 -0.00016000000000000   0.50001340148732894
 -0.00015975000000000   0.50001336159151844
 -0.00015950000000000   0.50001332208948758
 -0.00015925000000000   0.50001328297858722
 -0.00015900000000000   0.50001324425617562
 -0.00015875000000000   0.50001313970729125
 -0.00015850000000000   0.50001310179656276
 -0.00015825000000000   0.50001306426710670
 -0.00015800000000000   0.50001302711630514
 -0.00015775000000000   0.50001299034154814
 -0.00015750000000000   0.50001295394023385
 -0.00015725000000000   0.50001291790976857
 -0.00015700000000000   0.50001288224756683
 -0.00015675000000000   0.50001284695105147
 -0.00015650000000000   0.50001281201765370
 -0.00015625000000000   0.50001277744481316
 -0.00015600000000000   0.50001274322997798
 -0.00015575000000000   0.50001270937060486
 -0.00015550000000000   0.50001261021010918
 -0.00015525000000000   0.50001257710497969
 -0.00015500000000000   0.50001254434831274
 -0.00015475000000000   0.50001251193759404
 -0.00015450000000000   0.50001247987031816
 -0.00015425000000000   0.50001244814398861
 -0.00015400000000000   0.50001241675611784
 -0.00015375000000000   0.50001238570422727
 -0.00015350000000000   0.50001235498584735
 -0.00015325000000000   0.50001225937989073
 -0.00015300000000000   0.50001222937726204
 -0.00015275000000000   0.50001219970131726
 -0.00015250000000000   0.50001217034961816
 -0.00015225000000000   0.50001214131973570
 -0.00015200000000000   0.50001211260925005
 -0.00015175000000000   0.50001208421575063
 -0.00015150000000000   0.50001199128034565
 -0.00015125000000000   0.50001196357347949
 -0.00015100000000000   0.50001193617691498
 -0.00015075000000000   0.50001190908827407
 -0.00015050000000000   0.50001188230518801
 -0.00015025000000000   0.50001185582529743
 -0.00015000000000000   0.50001176511611529
 -0.00014975000000000   0.50001173929846317
 -0.00014950000000000   0.50001171377744776
 -0.00014925000000000   0.50001168855074289
 -0.00014900000000000   0.50001166361603178
 -0.00014875000000000   0.50001157472103889
 -0.00014850000000000   0.50001155042870463
 -0.00014825000000000   0.50001152642191121
 -0.00014800000000000   0.50001150269837551
 -0.00014775000000000   0.50001147925582375
 -0.00014750000000000   0.50001139213518730
 -0.00014725000000000   0.50001136931541671
 -0.00014700000000000   0.50001134677028555
 -0.00014675000000000   0.50001132449755391
 -0.00014650000000000   0.50001123877433531
 -0.00014625000000000   0.50001121710909658
 -0.00014600000000000   0.50001119570999843
 -0.00014575000000000   0.50001117457483491
 -0.00014550000000000   0.50001115370140935
 -0.00014525000000000   0.50001106968207046
 -0.00014500000000000   0.50001104939704262
 -0.00014475000000000   0.50001102936760515
 -0.00014450000000000   0.50001100959159528
 -0.00014425000000000   0.50001092691479141
 -0.00014400000000000   0.50001090771228756
 -0.00014375000000000   0.50001088875715117
 -0.00014350000000000   0.50001087004725326
 -0.00014325000000000   0.50001078868908885
 -0.00014300000000000   0.50001077053798496
 -0.00014275000000000   0.50001075262614729
 -0.00014250000000000   0.50001073495148049
 -0.00014225000000000   0.50001065488820439
 -0.00014200000000000   0.50001063775780300
 -0.00014175000000000   0.50001062085868829
 -0.00014150000000000   0.50001054176225405
 -0.00014125000000000   0.50001052539682095
 -0.00014100000000000   0.50001050925685411
 -0.00014075000000000   0.50001049334031582
 -0.00014050000000000   0.50001041549815122
 -0.00014025000000000   0.50001040010108598
 -0.00014000000000000   0.50001038492171688
 -0.00013975000000000   0.50001030801710266
 -0.00013950000000000   0.50001029334685220
 -0.00013925000000000   0.50001027888862918
 -0.00013900000000000   0.50001020290935115
 -0.00013875000000000   0.50001018894998923
 -0.00013850000000000   0.50001017519704968
 -0.00013825000000000   0.50001016164857528
 -0.00013800000000000   0.50001008686670863
 -0.00013775000000000   0.50001007380335126
 -0.00013750000000000   0.50001006093894095
 -0.00013725000000000   0.50000998705360306
 -0.00013700000000000   0.50000997466428845
 -0.00013675000000000   0.50000996246846583
 -0.00013650000000000   0.50000988946765147
 -0.00013625000000000   0.50000987773700239
 -0.00013600000000000   0.50000986619445291
 -0.00013575000000000   0.50000979406622339
 -0.00013550000000000   0.50000978297902492
 -0.00013525000000000   0.50000977207459595
 -0.00013500000000000   0.50000970080708260
 -0.00013475000000000   0.50000969034828201
 -0.00013450000000000   0.50000968006698270
 -0.00013425000000000   0.50000960964838998
 -0.00013400000000000   0.50000959980309643
 -0.00013375000000000   0.50000952996416773
 -0.00013350000000000   0.50000952054870579
 -0.00013325000000000   0.50000951130218992
 -0.00013300000000000   0.50000944229313680
 -0.00013275000000000   0.50000943346699131
 -0.00013250000000000   0.50000942480468458
 -0.00013225000000000   0.50000935661390747
 -0.00013200000000000   0.50000934836260990
 -0.00013175000000000   0.50000928073238840
 -0.00013150000000000   0.50000927288608596
 -0.00013125000000000   0.50000926519532761
 -0.00013100000000000   0.50000919836464537
 -0.00013075000000000   0.50000919106968224
 -0.00013050000000000   0.50000918392531319
 -0.00013025000000000   0.50000911788278420
 -0.00013000000000000   0.50000911112510972
 -0.00012975000000000   0.50000904562429717
 -0.00012950000000000   0.50000903924746388
 -0.00012925000000000   0.50000903301318458
 -0.00012900000000000   0.50000896828212512
 -0.00012875000000000   0.50000896241974638
 -0.00012850000000000   0.50000889821889177
 -0.00012825000000000   0.50000889272265914
 -0.00012800000000000   0.50000888736109526
 -0.00012775000000000   0.50000882391180848
 -0.00012750000000000   0.50000881890760890
 -0.00012725000000000   0.50000875597713019
 -0.00012700000000000   0.50000875132463902
 -0.00012675000000000   0.50000868890861089
 -0.00012650000000000   0.50000868460220976
 -0.00012625000000000   0.50000868041973809
 -0.00012600000000000   0.50000861873039659
 -0.00012575000000000   0.50000861488545080
 -0.00012550000000000   0.50000855369932665
 -0.00012525000000000   0.50000855018638609
 -0.00012500000000000   0.50000848949917925
 -0.00012475000000000   0.50000848631276058
 -0.00012450000000000   0.50000848323981920
 -0.00012425000000000   0.50000842325484334
 -0.00012400000000000   0.50000842050007395
 -0.00012375000000000   0.50000836100295619
 -0.00012350000000000   0.50000835856097188
 -0.00012325000000000   0.50000829954747398
 -0.00012300000000000   0.50000829741292475
 -0.00012275000000000   0.50000823887882491
 -0.00012250000000000   0.50000823704639751
 -0.00012225000000000   0.50000817898749064
 -0.00012200000000000   0.50000817745190848
 -0.00012175000000000   0.50000817601399923
 -0.00012150000000000   0.50000811862002956
 -0.00012125000000000   0.50000811747094172
 -0.00012100000000000   0.50000806054138638
 -0.00012075000000000   0.50000805967593729
 -0.00012050000000000   0.50000800320665837
 -0.00012025000000000   0.50000800261970139
 -0.00012000000000000   0.50000794660657890
 -0.00011975000000000   0.50000794629300323
 -0.00011950000000000   0.50000789073193534
 -0.00011925000000000   0.50000789068666584
 -0.00011900000000000   0.50000783557356906
 -0.00011875000000000   0.50000783579156606
 -0.00011850000000000   0.50000778112237550
 -0.00011825000000000   0.50000778159863461
 -0.00011800000000000   0.50000772736930412
 -0.00011775000000000   0.50000772809885601
 -0.00011750000000000   0.50000767430535839
 -0.00011725000000000   0.50000767528326861
 -0.00011700000000000   0.50000762192159573
 -0.00011675000000000   0.50000762314296447
 -0.00011650000000000   0.50000757020912746
 -0.00011625000000000   0.50000757166908933
 -0.00011600000000000   0.50000751915911869
 -0.00011575000000000   0.50000752085284249
 -0.00011550000000000   0.50000746876278821
 -0.00011525000000000   0.50000747068547673
 -0.00011500000000000   0.50000741901140841
 -0.00011475000000000   0.50000742115829813
 -0.00011450000000000   0.50000736989630506
 -0.00011425000000000   0.50000737226266597
 -0.00011400000000000   0.50000732140885723
 -0.00011375000000000   0.50000732398999255
 -0.00011350000000000   0.50000727354049707
 -0.00011325000000000   0.50000727633174302
 -0.00011300000000000   0.50000722628270966
 -0.00011275000000000   0.50000722927943518
 -0.00011250000000000   0.50000717962703278
 -0.00011225000000000   0.50000718282463930
 -0.00011200000000000   0.50000713356505672
 -0.00011175000000000   0.50000713695897789
 -0.00011150000000000   0.50000708808842403
 -0.00011125000000000   0.50000703945687395
 -0.00011100000000000   0.50000704318882932
 -0.00011075000000000   0.50000699494089525
 -0.00011050000000000   0.50000699885801900
 -0.00011025000000000   0.50000695098995597
 -0.00011000000000000   0.50000695508779101
 -0.00010975000000000   0.50000690759587426
 -0.00010950000000000   0.50000691186999458
 -0.00010925000000000   0.50000686475051953
 -0.00010900000000000   0.50000686919652991
 -0.00010875000000000   0.50000682244581219
 -0.00010850000000000   0.50000677592532792
 -0.00010825000000000   0.50000678067372332
 -0.00010800000000000   0.50000673451672148
 -0.00010775000000000   0.50000673942627444
 -0.00010750000000000   0.50000669362911733
 -0.00010725000000000   0.50000669869553716
 -0.00010700000000000   0.50000665325460724
 -0.00010675000000000   0.50000660803847630
 -0.00010650000000000   0.50000661338533271
 -0.00010625000000000   0.50000656852024104
 -0.00010600000000000   0.50000657401348468
 -0.00010575000000000   0.50000652949586155
 -0.00010550000000000   0.50000653513130317
 -0.00010525000000000   0.50000649095759793
 -0.00010500000000000   0.50000644700331957
 -0.00010475000000000   0.50000645289775895
 -0.00010450000000000   0.50000640928229831
 -0.00010425000000000   0.50000641530870174
 -0.00010400000000000   0.50000637202855489
 -0.00010375000000000   0.50000637818283145
 -0.00010350000000000   0.50000633523451434
 -0.00010325000000000   0.50000629250031767
 -0.00010300000000000   0.50000629889264927
 -0.00010275000000000   0.50000625648527027
 -0.00010250000000000   0.50000626299547947
 -0.00010225000000000   0.50000622091148057
 -0.00010200000000000   0.50000617903789662
 -0.00010175000000000   0.50000618577153488
 -0.00010150000000000   0.50000614421638044
 -0.00010125000000000   0.50000615105806593
 -0.00010100000000000   0.50000610981794962
 -0.00010075000000000   0.50000606878457520
 -0.00010050000000000   0.50000607583530236
 -0.00010025000000000   0.50000603511207696
 -0.00010000000000000   0.50000604226118244
 -0.00009975000000000   0.50000600184476056
 -0.00009950000000000   0.50000596163144078
 -0.00009925000000000   0.50000596897543420
 -0.00009900000000000   0.50000592906409016
 -0.00009875000000000   0.50000588935373521
 -0.00009850000000000   0.50000589688428246
 -0.00009825000000000   0.50000585747111039
 -0.00009800000000000   0.50000586508493390
 -0.00009775000000000   0.50000582596567085
 -0.00009750000000000   0.50000578704380965
 -0.00009725000000000   0.50000579483039554
 -0.00009700000000000   0.50000575619771145
 -0.00009675000000000   0.50000576405830668
 -0.00009650000000000   0.50000572571157067
 -0.00009625000000000   0.50000568755868410
 -0.00009600000000000   0.50000569557847107
 -0.00009575000000000   0.50000565770686120
 -0.00009550000000000   0.50000562002703569
 -0.00009525000000000   0.50000562819802089
 -0.00009500000000000   0.50000559079483527
 -0.00009475000000000   0.50000555358137939
 -0.00009450000000000   0.50000556189564471
 -0.00009425000000000   0.50000552495422635
 -0.00009400000000000   0.50000553332271030
 -0.00009375000000000   0.50000549665019547
 -0.00009350000000000   0.50000546016393236
 -0.00009325000000000   0.50000546866259206
 -0.00009300000000000   0.50000543244068959
 -0.00009275000000000   0.50000539640301463
 -0.00009250000000000   0.50000540502412910
 -0.00009225000000000   0.50000536924630590
 -0.00009200000000000   0.50000533365069688
 -0.00009175000000000   0.50000534238661689
 -0.00009150000000000   0.50000530704638457
 -0.00009125000000000   0.50000527188636407
 -0.00009100000000000   0.50000528072951115
 -0.00009075000000000   0.50000524582042597
 -0.00009050000000000   0.50000521108956124
 -0.00009025000000000   0.50000522003242674
 -0.00009000000000000   0.50000518554808941
 -0.00008975000000000   0.50000515123999228
 -0.00008950000000000   0.50000516027513634
 -0.00008925000000000   0.50000512620919193
 -0.00008900000000000   0.50000509231751862
 -0.00008875000000000   0.50000510143756927
 -0.00008850000000000   0.50000506778370701
 -0.00008825000000000   0.50000503430215794
 -0.00008800000000000   0.50000504349981006
 -0.00008775000000000   0.50000501025176318
 -0.00008750000000000   0.50000497717408278
 -0.00008725000000000   0.50000498644209717
 -0.00008700000000000   0.50000495359364263
 -0.00008675000000000   0.50000492091361913
 -0.00008650000000000   0.50000493024482155
 -0.00008625000000000   0.50000489778977984
 -0.00008600000000000   0.50000486550124500
 -0.00008575000000000   0.50000487488852518
 -0.00008550000000000   0.50000484282076009
 -0.00008525000000000   0.50000481091758895
 -0.00008500000000000   0.50000482035389966
 -0.00008475000000000   0.50000478866731795
 -0.00008450000000000   0.50000475714342856
 -0.00008425000000000   0.50000476662178466
 -0.00008400000000000   0.50000473531033583
 -0.00008375000000000   0.50000470415968893
 -0.00008350000000000   0.50000467316927271
 -0.00008325000000000   0.50000468273084238
 -0.00008300000000000   0.50000465194744111
 -0.00008275000000000   0.50000462132239382
 -0.00008250000000000   0.50000463091001097
 -0.00008225000000000   0.50000460048790055
 -0.00008200000000000   0.50000457022227864
 -0.00008175000000000   0.50000457982915810
 -0.00008150000000000   0.50000454976242549
 -0.00008125000000000   0.50000451985032712
 -0.00008100000000000   0.50000449009229942
 -0.00008075000000000   0.50000449975251534
 -0.00008050000000000   0.50000447018808003
 -0.00008025000000000   0.50000444077587481
 -0.00008000000000000   0.50000445043980909
 -0.00007975000000000   0.50000442121721734
 -0.00007950000000000   0.50000439214502624
 -0.00007925000000000   0.50000436322267757
 -0.00007900000000000   0.50000437291955660
 -0.00007875000000000   0.50000434418161181
 -0.00007850000000000   0.50000431559169367
 -0.00007825000000000   0.50000432527705124
 -0.00007800000000000   0.50000429686762515
 -0.00007775000000000   0.50000426860442093
 -0.00007750000000000   0.50000424048688586
 -0.00007725000000000   0.50000425018519372
 -0.00007700000000000   0.50000422224302655
 -0.00007675000000000   0.50000419444473731
 -0.00007650000000000   0.50000420411657719
 -0.00007625000000000   0.50000417648980948
 -0.00007600000000000   0.50000414900513940
 -0.00007575000000000   0.50000412166201979
 -0.00007550000000000   0.50000413132719881
 -0.00007525000000000   0.50000410415056003
 -0.00007500000000000   0.50000407711370484
 -0.00007475000000000   0.50000405021608910
 -0.00007450000000000   0.50000405986359506
 -0.00007425000000000   0.50000403312746558
 -0.00007400000000000   0.50000400652882202
 -0.00007375000000000   0.50000398006712325
 -0.00007350000000000   0.50000398968606207
 -0.00007325000000000   0.50000396338090051
 -0.00007300000000000   0.50000393721094351
 -0.00007275000000000   0.50000391117565296
 -0.00007250000000000   0.50000392075524621
 -0.00007225000000000   0.50000389487158869
 -0.00007200000000000   0.50000386912087058
 -0.00007175000000000   0.50000387863490278
 -0.00007150000000000   0.50000385303213932
 -0.00007125000000000   0.50000382756059865
 -0.00007100000000000   0.50000380221974837
 -0.00007075000000000   0.50000381167579584
 -0.00007050000000000   0.50000378647807391
 -0.00007025000000000   0.50000376140933874
 -0.00007000000000000   0.50000373646906097
 -0.00006975000000000   0.50000371165671173
 -0.00006950000000000   0.50000372105471820
 -0.00006925000000000   0.50000369637955211
 -0.00006900000000000   0.50000367183062635
 -0.00006875000000000   0.50000364740741513
 -0.00006850000000000   0.50000365672407109
 -0.00006825000000000   0.50000363243331169
 -0.00006800000000000   0.50000360826659135
 -0.00006775000000000   0.50000358422338732
 -0.00006750000000000   0.50000359344845707
 -0.00006725000000000   0.50000356953301508
 -0.00006700000000000   0.50000354573942649
 -0.00006675000000000   0.50000352206717163
 -0.00006650000000000   0.50000353119052113
 -0.00006625000000000   0.50000350764137934
 -0.00006600000000000   0.50000348421192080
 -0.00006575000000000   0.50000346090162889
 -0.00006550000000000   0.50000343770998749
 -0.00006525000000000   0.50000344672143583
 -0.00006500000000000   0.50000342364717656
 -0.00006475000000000   0.50000340068993214
 -0.00006450000000000   0.50000337784918949
 -0.00006425000000000   0.50000338673652493
 -0.00006400000000000   0.50000336400860408
 -0.00006375000000000   0.50000334139556143
 -0.00006350000000000   0.50000331889688693
 -0.00006325000000000   0.50000329651207103
 -0.00006300000000000   0.50000330525991635
 -0.00006275000000000   0.50000328298229842
 -0.00006250000000000   0.50000326081692996
 -0.00006225000000000   0.50000323876330443
 -0.00006200000000000   0.50000324736512378
 -0.00006175000000000   0.50000322541422112
 -0.00006150000000000   0.50000320357346400
 -0.00006125000000000   0.50000318184234886
 -0.00006100000000000   0.50000316022037267
 -0.00006075000000000   0.50000316865569854
 -0.00006050000000000   0.50000314713092436
 -0.00006025000000000   0.50000312571370575
 -0.00006000000000000   0.50000310440354262
 -0.00005975000000000   0.50000308319993541
 -0.00005950000000000   0.50000309145403095
 -0.00005925000000000   0.50000307034215999
 -0.00005900000000000   0.50000304933527534
 -0.00005875000000000   0.50000302843288037
 -0.00005850000000000   0.50000300763447894
 -0.00005825000000000   0.50000301569277460
 -0.00005800000000000   0.50000299498069751
 -0.00005775000000000   0.50000297437105790
 -0.00005750000000000   0.50000295386336252
 -0.00005725000000000   0.50000293345711868
 -0.00005700000000000   0.50000294130520747
 -0.00005675000000000   0.50000292097992866
 -0.00005650000000000   0.50000290075455856
 -0.00005625000000000   0.50000288062860733
 -0.00005600000000000   0.50000286060158562
 -0.00005575000000000   0.50000286822521852
 -0.00005550000000000   0.50000284827385387
 -0.00005525000000000   0.50000282841988896
 -0.00005500000000000   0.50000280866283726
 -0.00005475000000000   0.50000278900221273
 -0.00005450000000000   0.50000276943752987
 -0.00005425000000000   0.50000277679706874
 -0.00005400000000000   0.50000275730175355
 -0.00005375000000000   0.50000273790086527
 -0.00005350000000000   0.50000271859392113
 -0.00005325000000000   0.50000269938043890
 -0.00005300000000000   0.50000270648475027
 -0.00005275000000000   0.50000268733543590
 -0.00005250000000000   0.50000266827808111
 -0.00005225000000000   0.50000264931220638
 -0.00005200000000000   0.50000263043733270
 -0.00005175000000000   0.50000261165298154
 -0.00005150000000000   0.50000261845678493
 -0.00005125000000000   0.50000259973043752
 -0.00005100000000000   0.50000258109312464
 -0.00005075000000000   0.50000256254437044
 -0.00005050000000000   0.50000254408369956
 -0.00005025000000000   0.50000252571063715
 -0.00005000000000000   0.50000253219443641
 -0.00004975000000000   0.50000251387327883
 -0.00004950000000000   0.50000249563825567
 -0.00004925000000000   0.50000247748889468
 -0.00004900000000000   0.50000245942472409
 -0.00004875000000000   0.50000244144527263
 -0.00004850000000000   0.50000244758980488
 -0.00004825000000000   0.50000242965622249
 -0.00004800000000000   0.50000241180589876
 -0.00004775000000000   0.50000239403836495
 -0.00004750000000000   0.50000237635315282
 -0.00004725000000000   0.50000235874979461
 -0.00004700000000000   0.50000236453602178
 -0.00004675000000000   0.50000234697255799
 -0.00004650000000000   0.50000232948950082
 -0.00004625000000000   0.50000231208638496
 -0.00004600000000000   0.50000229476274563
 -0.00004575000000000   0.50000227751811848
 -0.00004550000000000   0.50000226035203965
 -0.00004525000000000   0.50000226571657092
 -0.00004500000000000   0.50000224858350030
 -0.00004475000000000   0.50000223152754541
 -0.00004450000000000   0.50000221454824478
 -0.00004425000000000   0.50000219764513743
 -0.00004400000000000   0.50000218081776281
 -0.00004375000000000   0.50000216406566085
 -0.00004350000000000   0.50000216898329629
 -0.00004325000000000   0.50000215225739296
 -0.00004300000000000   0.50000213560534389
 -0.00004275000000000   0.50000211902669134
 -0.00004250000000000   0.50000210252097800
 -0.00004225000000000   0.50000208608774703
 -0.00004200000000000   0.50000206972654203
 -0.00004175000000000   0.50000207417239935
 -0.00004150000000000   0.50000205783065693
 -0.00004125000000000   0.50000204155953575
 -0.00004100000000000   0.50000202535858164
 -0.00004075000000000   0.50000200922734090
 -0.00004050000000000   0.50000199316536024
 -0.00004025000000000   0.50000197717218681
 -0.00004000000000000   0.50000198112168732
 -0.00003975000000000   0.50000196514131093
 -0.00003950000000000   0.50000194922835017
 -0.00003925000000000   0.50000193338235434
 -0.00003900000000000   0.50000191760287320
 -0.00003875000000000   0.50000190188945689
 -0.00003850000000000   0.50000188624165599
 -0.00003825000000000   0.50000187065902151
 -0.00003800000000000   0.50000187402890917
 -0.00003775000000000   0.50000185845154365
 -0.00003750000000000   0.50000184293796719
 -0.00003725000000000   0.50000182748773284
 -0.00003700000000000   0.50000181210039408
 -0.00003675000000000   0.50000179677550478
 -0.00003650000000000   0.50000178151261923
 -0.00003625000000000   0.50000176631129209
 -0.00003600000000000   0.50000175117107845
 -0.00003575000000000   0.50000175386683452
 -0.00003550000000000   0.50000173872352610
 -0.00003525000000000   0.50000172363996893
 -0.00003500000000000   0.50000170861572006
 -0.00003475000000000   0.50000169365033690
 -0.00003450000000000   0.50000167874337727
 -0.00003425000000000   0.50000166389439936
 -0.00003400000000000   0.50000164910296172
 -0.00003375000000000   0.50000163436862332
 -0.00003350000000000   0.50000163635135613
 -0.00003325000000000   0.50000162160565792
 -0.00003300000000000   0.50000160691571096
 -0.00003275000000000   0.50000159228107605
 -0.00003250000000000   0.50000157770131433
 -0.00003225000000000   0.50000156317598734
 -0.00003200000000000   0.50000154870465697
 -0.00003175000000000   0.50000153428688545
 -0.00003150000000000   0.50000151992223540
 -0.00003125000000000   0.50000152115357655
 -0.00003100000000000   0.50000150676939438
 -0.00003075000000000   0.50000149243699907
 -0.00003050000000000   0.50000147815595496
 -0.00003025000000000   0.50000146392582671
 -0.00003000000000000   0.50000144974617934
 -0.00002975000000000   0.50000143561657823
 -0.00002950000000000   0.50000142153658906
 -0.00002925000000000   0.50000140750577785
 -0.00002900000000000   0.50000139352371098
 -0.00002875000000000   0.50000137958995513
 -0.00002850000000000   0.50000137987884795
 -0.00002825000000000   0.50000136591569854
 -0.00002800000000000   0.50000135199954063
 -0.00002775000000000   0.50000133812994250
 -0.00002750000000000   0.50000132430647274
 -0.00002725000000000   0.50000131052870027
 -0.00002700000000000   0.50000129679619432
 -0.00002675000000000   0.50000128310852443
 -0.00002650000000000   0.50000126946526043
 -0.00002625000000000   0.50000125586597246
 -0.00002600000000000   0.50000124231023098
 -0.00002575000000000   0.50000124160108653
 -0.00002550000000000   0.50000122800620834
 -0.00002525000000000   0.50000121445357088
 -0.00002500000000000   0.50000120094274608
 -0.00002475000000000   0.50000118747330610
 -0.00002450000000000   0.50000117404482342
 -0.00002425000000000   0.50000116065687079
 -0.00002400000000000   0.50000114730902123
 -0.00002375000000000   0.50000113400084806
 -0.00002350000000000   0.50000112073192486
 -0.00002325000000000   0.50000110750182548
 -0.00002300000000000   0.50000109431012405
 -0.00002275000000000   0.50000108115639495
 -0.00002250000000000   0.50000107921961055
 -0.00002225000000000   0.50000106601537574
 -0.00002200000000000   0.50000105284782212
 -0.00002175000000000   0.50000103971652538
 -0.00002150000000000   0.50000102662106143
 -0.00002125000000000   0.50000101356100645
 -0.00002100000000000   0.50000100053593687
 -0.00002075000000000   0.50000098754542935
 -0.00002050000000000   0.50000097458906079
 -0.00002025000000000   0.50000096166640835
 -0.00002000000000000   0.50000094877704940
 -0.00001975000000000   0.50000093592056157
 -0.00001950000000000   0.50000092309652270
 -0.00001925000000000   0.50000091030451085
 -0.00001900000000000   0.50000089754410435
 -0.00001875000000000   0.50000089411643756
 -0.00001850000000000   0.50000088129257795
 -0.00001825000000000   0.50000086849904715
 -0.00001800000000000   0.50000085573542457
 -0.00001775000000000   0.50000084300128979
 -0.00001750000000000   0.50000083029622263
 -0.00001725000000000   0.50000081761980310
 -0.00001700000000000   0.50000080497161142
 -0.00001675000000000   0.50000079235122800
 -0.00001650000000000   0.50000077975823344
 -0.00001625000000000   0.50000076719220857
 -0.00001600000000000   0.50000075465273437
 -0.00001575000000000   0.50000074213939202
 -0.00001550000000000   0.50000072965176290
 -0.00001525000000000   0.50000071718942855
 -0.00001500000000000   0.50000070475197071
 -0.00001475000000000   0.50000069233897128
 -0.00001450000000000   0.50000067995001235
 -0.00001425000000000   0.50000066758467617
 -0.00001400000000000   0.50000065524254515
 -0.00001375000000000   0.50000064971559279
 -0.00001350000000000   0.50000063729298991
 -0.00001325000000000   0.50000062489233153
 -0.00001300000000000   0.50000061251320091
 -0.00001275000000000   0.50000060015518146
 -0.00001250000000000   0.50000058781785674
 -0.00001225000000000   0.50000057550081046
 -0.00001200000000000   0.50000056320362647
 -0.00001175000000000   0.50000055092588877
 -0.00001150000000000   0.50000053866718148
 -0.00001125000000000   0.50000052642708888
 -0.00001100000000000   0.50000051420519536
 -0.00001075000000000   0.50000050200108547
 -0.00001050000000000   0.50000048981434385
 -0.00001025000000000   0.50000047764455530
 -0.00001000000000000   0.50000046549130471
 -0.00000975000000000   0.50000045335417710
 -0.00000950000000000   0.50000044123275762
 -0.00000925000000000   0.50000042912663152
 -0.00000900000000000   0.50000041703538416
 -0.00000875000000000   0.50000040495860101
 -0.00000850000000000   0.50000039289586763
 -0.00000825000000000   0.50000038084676970
 -0.00000800000000000   0.50000036881089300
 -0.00000775000000000   0.50000035678782339
 -0.00000750000000000   0.50000034477714682
 -0.00000725000000000   0.50000033277844935
 -0.00000700000000000   0.50000032079131710
 -0.00000675000000000   0.50000030881533630
 -0.00000650000000000   0.50000029685009325
 -0.00000625000000000   0.50000028489517431
 -0.00000600000000000   0.50000027295016594
 -0.00000575000000000   0.50000026378378327
 -0.00000550000000000   0.50000025173151057
 -0.00000525000000000   0.50000023968790478
 -0.00000500000000000   0.50000022765255280
 -0.00000475000000000   0.50000021562504157
 -0.00000450000000000   0.50000020360495809
 -0.00000425000000000   0.50000019159188942
 -0.00000400000000000   0.50000017958542265
 -0.00000375000000000   0.50000016758514494
 -0.00000350000000000   0.50000015559064347
 -0.00000325000000000   0.50000014360150550
 -0.00000300000000000   0.50000013161731829
 -0.00000275000000000   0.50000011963766916
 -0.00000250000000000   0.50000010766214545
 -0.00000225000000000   0.50000009569033453
 -0.00000200000000000   0.50000008372182381
 -0.00000175000000000   0.50000007175620070
 -0.00000150000000000   0.50000005979305266
 -0.00000125000000000   0.50000004783196713
 -0.00000100000000000   0.50000003587253161
 -0.00000075000000000   0.50000002391433359
 -0.00000050000000000   0.50000001195696055
 -0.00000025000000000   0.50000000000000000
  0.00000000000000000   0.49999998804303945
  0.00000025000000000   0.49999997608566641
  0.00000050000000000   0.49999996412746838
  0.00000075000000000   0.49999995216803286
  0.00000100000000000   0.49999994020694734
  0.00000125000000000   0.49999992824379930
  0.00000150000000000   0.49999991627817619
  0.00000175000000000   0.49999990430966547
  0.00000200000000000   0.49999989233785455
  0.00000225000000000   0.49999988036233084
  0.00000250000000000   0.49999986838268171
  0.00000275000000000   0.49999985639849450
  0.00000300000000000   0.49999984440935653
  0.00000325000000000   0.49999983241485507
  0.00000350000000000   0.49999982041457735
  0.00000375000000000   0.49999980840811058
  0.00000400000000000   0.49999979639504190
  0.00000425000000000   0.49999978437495842
  0.00000450000000000   0.49999977234744719
  0.00000475000000000   0.49999976031209522
  0.00000500000000000   0.49999974826848943
  0.00000525000000000   0.49999973621621673
  0.00000550000000000   0.49999972704983406
  0.00000575000000000   0.49999971510482569
  0.00000600000000000   0.49999970314990675
  0.00000625000000000   0.49999969118466370
  0.00000650000000000   0.49999967920868290
  0.00000675000000000   0.49999966722155065
  0.00000700000000000   0.49999965522285318
  0.00000725000000000   0.49999964321217661
  0.00000750000000000   0.49999963118910700
  0.00000775000000000   0.49999961915323029
  0.00000800000000000   0.49999960710413237
  0.00000825000000000   0.49999959504139899
  0.00000850000000000   0.49999958296461584
  0.00000875000000000   0.49999957087336847
  0.00000900000000000   0.49999955876724237
  0.00000925000000000   0.49999954664582290
  0.00000950000000000   0.49999953450869529
  0.00000975000000000   0.49999952235544470
  0.00001000000000000   0.49999951018565615
  0.00001025000000000   0.49999949799891453
  0.00001050000000000   0.49999948579480463
  0.00001075000000000   0.49999947357291112
  0.00001100000000000   0.49999946133281852
  0.00001125000000000   0.49999944907411123
  0.00001150000000000   0.49999943679637353
  0.00001175000000000   0.49999942449918954
  0.00001200000000000   0.49999941218214326
  0.00001225000000000   0.49999939984481854
  0.00001250000000000   0.49999938748679909
  0.00001275000000000   0.49999937510766847
  0.00001300000000000   0.49999936270701009
  0.00001325000000000   0.49999935028440720
  0.00001350000000000   0.49999934475745484
  0.00001375000000000   0.49999933241532383
  0.00001400000000000   0.49999932004998765
  0.00001425000000000   0.49999930766102872
  0.00001450000000000   0.49999929524802929
  0.00001475000000000   0.49999928281057145
  0.00001500000000000   0.49999927034823710
  0.00001525000000000   0.49999925786060798
  0.00001550000000000   0.49999924534726563
  0.00001575000000000   0.49999923280779143
  0.00001600000000000   0.49999922024176655
  0.00001625000000000   0.49999920764877200
  0.00001650000000000   0.49999919502838858
  0.00001675000000000   0.49999918238019690
  0.00001700000000000   0.49999916970377737
  0.00001725000000000   0.49999915699871021
  0.00001750000000000   0.49999914426457543
  0.00001775000000000   0.49999913150095284
  0.00001800000000000   0.49999911870742205
  0.00001825000000000   0.49999910588356244
  0.00001850000000000   0.49999910245589565
  0.00001875000000000   0.49999908969548914
  0.00001900000000000   0.49999907690347730
  0.00001925000000000   0.49999906407943843
  0.00001950000000000   0.49999905122295060
  0.00001975000000000   0.49999903833359165
  0.00002000000000000   0.49999902541093921
  0.00002025000000000   0.49999901245457065
  0.00002050000000000   0.49999899946406313
  0.00002075000000000   0.49999898643899354
  0.00002100000000000   0.49999897337893857
  0.00002125000000000   0.49999896028347462
  0.00002150000000000   0.49999894715217787
  0.00002175000000000   0.49999893398462426
  0.00002200000000000   0.49999892078038945
  0.00002225000000000   0.49999891884360504
  0.00002250000000000   0.49999890568987595
  0.00002275000000000   0.49999889249817451
  0.00002300000000000   0.49999887926807513
  0.00002325000000000   0.49999886599915193
  0.00002350000000000   0.49999885269097877
  0.00002375000000000   0.49999883934312921
  0.00002400000000000   0.49999882595517658
  0.00002425000000000   0.49999881252669390
  0.00002450000000000   0.49999879905725392
  0.00002475000000000   0.49999878554642911
  0.00002500000000000   0.49999877199379166
  0.00002525000000000   0.49999875839891347
  0.00002550000000000   0.49999875768976902
  0.00002575000000000   0.49999874413402754
  0.00002600000000000   0.49999873053473957
  0.00002625000000000   0.49999871689147557
  0.00002650000000000   0.49999870320380567
  0.00002675000000000   0.49999868947129972
  0.00002700000000000   0.49999867569352726
  0.00002725000000000   0.49999866187005750
  0.00002750000000000   0.49999864800045937
  0.00002775000000000   0.49999863408430145
  0.00002800000000000   0.49999862012115205
  0.00002825000000000   0.49999862041004487
  0.00002850000000000   0.49999860647628902
  0.00002875000000000   0.49999859249422215
  0.00002900000000000   0.49999857846341094
  0.00002925000000000   0.49999856438342177
  0.00002950000000000   0.49999855025382065
  0.00002975000000000   0.49999853607417329
  0.00003000000000000   0.49999852184404504
  0.00003025000000000   0.49999850756300092
  0.00003050000000000   0.49999849323060561
  0.00003075000000000   0.49999847884642345
  0.00003100000000000   0.49999848007776460
  0.00003125000000000   0.49999846571311454
  0.00003150000000000   0.49999845129534303
  0.00003175000000000   0.49999843682401265
  0.00003200000000000   0.49999842229868567
  0.00003225000000000   0.49999840771892395
  0.00003250000000000   0.49999839308428903
  0.00003275000000000   0.49999837839434207
  0.00003300000000000   0.49999836364864387
  0.00003325000000000   0.49999836563137668
  0.00003350000000000   0.49999835089703828
  0.00003375000000000   0.49999833610560064
  0.00003400000000000   0.49999832125662272
  0.00003425000000000   0.49999830634966309
  0.00003450000000000   0.49999829138427994
  0.00003475000000000   0.49999827636003107
  0.00003500000000000   0.49999826127647390
  0.00003525000000000   0.49999824613316547
  0.00003550000000000   0.49999824882892154
  0.00003575000000000   0.49999823368870791
  0.00003600000000000   0.49999821848738077
  0.00003625000000000   0.49999820322449521
  0.00003650000000000   0.49999818789960592
  0.00003675000000000   0.49999817251226716
  0.00003700000000000   0.49999815706203281
  0.00003725000000000   0.49999814154845635
  0.00003750000000000   0.49999812597109083
  0.00003775000000000   0.49999812934097848
  0.00003800000000000   0.49999811375834400
  0.00003825000000000   0.49999809811054311
  0.00003850000000000   0.49999808239712680
  0.00003875000000000   0.49999806661764566
  0.00003900000000000   0.49999805077164983
  0.00003925000000000   0.49999803485868906
  0.00003950000000000   0.49999801887831267
  0.00003975000000000   0.49999802282781319
  0.00004000000000000   0.49999800683463976
  0.00004025000000000   0.49999799077265910
  0.00004050000000000   0.49999797464141835
  0.00004075000000000   0.49999795844046425
  0.00004100000000000   0.49999794216934307
  0.00004125000000000   0.49999792582760065
  0.00004150000000000   0.49999793027345797
  0.00004175000000000   0.49999791391225297
  0.00004200000000000   0.49999789747902200
  0.00004225000000000   0.49999788097330866
  0.00004250000000000   0.49999786439465611
  0.00004275000000000   0.49999784774260704
  0.00004300000000000   0.49999783101670370
  0.00004325000000000   0.49999783593433915
  0.00004350000000000   0.49999781918223718
  0.00004375000000000   0.49999780235486256
  0.00004400000000000   0.49999778545175521
  0.00004425000000000   0.49999776847245459
  0.00004450000000000   0.49999775141649970
  0.00004475000000000   0.49999773428342908
  0.00004500000000000   0.49999773964796035
  0.00004525000000000   0.49999772248188151
  0.00004550000000000   0.49999770523725436
  0.00004575000000000   0.49999768791361503
  0.00004600000000000   0.49999767051049918
  0.00004625000000000   0.49999765302744200
  0.00004650000000000   0.49999763546397822
  0.00004675000000000   0.49999764125020539
  0.00004700000000000   0.49999762364684718
  0.00004725000000000   0.49999760596163505
  0.00004750000000000   0.49999758819410124
  0.00004775000000000   0.49999757034377750
  0.00004800000000000   0.49999755241019512
  0.00004825000000000   0.49999755855472736
  0.00004850000000000   0.49999754057527591
  0.00004875000000000   0.49999752251110532
  0.00004900000000000   0.49999750436174432
  0.00004925000000000   0.49999748612672116
  0.00004950000000000   0.49999746780556358
  0.00004975000000000   0.49999747428936285
  0.00005000000000000   0.49999745591630044
  0.00005025000000000   0.49999743745562956
  0.00005050000000000   0.49999741890687536
  0.00005075000000000   0.49999740026956248
  0.00005100000000000   0.49999738154321507
  0.00005125000000000   0.49999738834701845
  0.00005150000000000   0.49999736956266730
  0.00005175000000000   0.49999735068779361
  0.00005200000000000   0.49999733172191888
  0.00005225000000000   0.49999731266456410
  0.00005250000000000   0.49999729351524973
  0.00005275000000000   0.49999730061956109
  0.00005300000000000   0.49999728140607887
  0.00005325000000000   0.49999726209913473
  0.00005350000000000   0.49999724269824644
  0.00005375000000000   0.49999722320293126
  0.00005400000000000   0.49999723056247013
  0.00005425000000000   0.49999721099778727
  0.00005450000000000   0.49999719133716274
  0.00005475000000000   0.49999717158011103
  0.00005500000000000   0.49999715172614612
  0.00005525000000000   0.49999713177478148
  0.00005550000000000   0.49999713939841437
  0.00005575000000000   0.49999711937139266
  0.00005600000000000   0.49999709924544143
  0.00005625000000000   0.49999707902007134
  0.00005650000000000   0.49999705869479252
  0.00005675000000000   0.49999706654288132
  0.00005700000000000   0.49999704613663747
  0.00005725000000000   0.49999702562894210
  0.00005750000000000   0.49999700501930248
  0.00005775000000000   0.49999698430722539
  0.00005800000000000   0.49999699236552106
  0.00005825000000000   0.49999697156711963
  0.00005850000000000   0.49999695066472465
  0.00005875000000000   0.49999692965784001
  0.00005900000000000   0.49999690854596904
  0.00005925000000000   0.49999691680006459
  0.00005950000000000   0.49999689559645738
  0.00005975000000000   0.49999687428629425
  0.00006000000000000   0.49999685286907563
  0.00006025000000000   0.49999683134430145
  0.00006050000000000   0.49999683977962733
  0.00006075000000000   0.49999681815765114
  0.00006100000000000   0.49999679642653600
  0.00006125000000000   0.49999677458577888
  0.00006150000000000   0.49999675263487622
  0.00006175000000000   0.49999676123669557
  0.00006200000000000   0.49999673918307004
  0.00006225000000000   0.49999671701770158
  0.00006250000000000   0.49999669474008365
  0.00006275000000000   0.49999670348792896
  0.00006300000000000   0.49999668110311307
  0.00006325000000000   0.49999665860443857
  0.00006350000000000   0.49999663599139591
  0.00006375000000000   0.49999661326347507
  0.00006400000000000   0.49999662215081050
  0.00006425000000000   0.49999659931006785
  0.00006450000000000   0.49999657635282343
  0.00006475000000000   0.49999655327856417
  0.00006500000000000   0.49999656229001250
  0.00006525000000000   0.49999653909837111
  0.00006550000000000   0.49999651578807920
  0.00006575000000000   0.49999649235862065
  0.00006600000000000   0.49999646880947887
  0.00006625000000000   0.49999647793282836
  0.00006650000000000   0.49999645426057351
  0.00006675000000000   0.49999643046698492
  0.00006700000000000   0.49999640655154292
  0.00006725000000000   0.49999641577661267
  0.00006750000000000   0.49999639173340865
  0.00006775000000000   0.49999636756668830
  0.00006800000000000   0.49999634327592891
  0.00006825000000000   0.49999635259258487
  0.00006850000000000   0.49999632816937365
  0.00006875000000000   0.49999630362044789
  0.00006900000000000   0.49999627894528179
  0.00006925000000000   0.49999628834328826
  0.00006950000000000   0.49999626353093903
  0.00006975000000000   0.49999623859066126
  0.00007000000000000   0.49999621352192608
  0.00007025000000000   0.49999618832420415
  0.00007050000000000   0.49999619778025162
  0.00007075000000000   0.49999617243940135
  0.00007100000000000   0.49999614696786068
  0.00007125000000000   0.49999612136509721
  0.00007150000000000   0.49999613087912942
  0.00007175000000000   0.49999610512841131
  0.00007200000000000   0.49999607924475379
  0.00007225000000000   0.49999608882434703
  0.00007250000000000   0.49999606278905649
  0.00007275000000000   0.49999603661909948
  0.00007300000000000   0.49999601031393792
  0.00007325000000000   0.49999601993287674
  0.00007350000000000   0.49999599347117798
  0.00007375000000000   0.49999596687253442
  0.00007400000000000   0.49999594013640493
  0.00007425000000000   0.49999594978391090
  0.00007450000000000   0.49999592288629515
  0.00007475000000000   0.49999589584943997
  0.00007500000000000   0.49999586867280118
  0.00007525000000000   0.49999587833798020
  0.00007550000000000   0.49999585099486059
  0.00007575000000000   0.49999582351019051
  0.00007600000000000   0.49999579588342280
  0.00007625000000000   0.49999580555526269
  0.00007650000000000   0.49999577775697345
  0.00007675000000000   0.49999574981480627
  0.00007700000000000   0.49999575951311414
  0.00007725000000000   0.49999573139557907
  0.00007750000000000   0.49999570313237485
  0.00007775000000000   0.49999567472294875
  0.00007800000000000   0.49999568440830633
  0.00007825000000000   0.49999565581838818
  0.00007850000000000   0.49999562708044340
  0.00007875000000000   0.49999563677732242
  0.00007900000000000   0.49999560785497376
  0.00007925000000000   0.49999557878278265
  0.00007950000000000   0.49999554956019091
  0.00007975000000000   0.49999555922412519
  0.00008000000000000   0.49999552981191997
  0.00008025000000000   0.49999550024748466
  0.00008050000000000   0.49999550990770058
  0.00008075000000000   0.49999548014967287
  0.00008100000000000   0.49999545023757451
  0.00008125000000000   0.49999542017084190
  0.00008150000000000   0.49999542977772135
  0.00008175000000000   0.49999539951209944
  0.00008200000000000   0.49999536908998902
  0.00008225000000000   0.49999537867760618
  0.00008250000000000   0.49999534805255888
  0.00008275000000000   0.49999531726915761
  0.00008300000000000   0.49999532683072729
  0.00008325000000000   0.49999529584031107
  0.00008350000000000   0.49999526468966416
  0.00008375000000000   0.49999523337821534
  0.00008400000000000   0.49999524285657144
  0.00008425000000000   0.49999521133268204
  0.00008450000000000   0.49999517964610034
  0.00008475000000000   0.49999518908241105
  0.00008500000000000   0.49999515717923991
  0.00008525000000000   0.49999512511147482
  0.00008550000000000   0.49999513449875499
  0.00008575000000000   0.49999510221022015
  0.00008600000000000   0.49999506975517845
  0.00008625000000000   0.49999507908638086
  0.00008650000000000   0.49999504640635737
  0.00008675000000000   0.49999501355790282
  0.00008700000000000   0.49999502282591721
  0.00008725000000000   0.49999498974823682
  0.00008750000000000   0.49999495650018993
  0.00008775000000000   0.49999496569784205
  0.00008800000000000   0.49999493221629298
  0.00008825000000000   0.49999489856243073
  0.00008850000000000   0.49999490768248138
  0.00008875000000000   0.49999487379080806
  0.00008900000000000   0.49999483972486365
  0.00008925000000000   0.49999484876000772
  0.00008950000000000   0.49999481445191059
  0.00008975000000000   0.49999477996757326
  0.00009000000000000   0.49999478891043875
  0.00009025000000000   0.49999475417957403
  0.00009050000000000   0.49999471927048884
  0.00009075000000000   0.49999472811363592
  0.00009100000000000   0.49999469295361542
  0.00009125000000000   0.49999465761338311
  0.00009150000000000   0.49999466634930311
  0.00009175000000000   0.49999463075369409
  0.00009200000000000   0.49999459497587089
  0.00009225000000000   0.49999460359698536
  0.00009250000000000   0.49999456755931041
  0.00009275000000000   0.49999453133740793
  0.00009300000000000   0.49999453983606763
  0.00009325000000000   0.49999450334980452
  0.00009350000000000   0.49999446667728969
  0.00009375000000000   0.49999447504577364
  0.00009400000000000   0.49999443810435529
  0.00009425000000000   0.49999444641862060
  0.00009450000000000   0.49999440920516473
  0.00009475000000000   0.49999437180197910
  0.00009500000000000   0.49999437997296431
  0.00009525000000000   0.49999434229313880
  0.00009550000000000   0.49999430442152893
  0.00009575000000000   0.49999431244131590
  0.00009600000000000   0.49999427428842933
  0.00009625000000000   0.49999423594169331
  0.00009650000000000   0.49999424380228854
  0.00009675000000000   0.49999420516960445
  0.00009700000000000   0.49999421295619035
  0.00009725000000000   0.49999417403432914
  0.00009750000000000   0.49999413491506609
  0.00009775000000000   0.49999414252888961
  0.00009800000000000   0.49999410311571754
  0.00009825000000000   0.49999411064626478
  0.00009850000000000   0.49999407093590984
  0.00009875000000000   0.49999403102456579
  0.00009900000000000   0.49999403836855921
  0.00009925000000000   0.49999399815523943
  0.00009950000000000   0.49999395773881755
  0.00009975000000000   0.49999396488792303
  0.00010000000000000   0.49999392416469763
  0.00010025000000000   0.49999393121542479
  0.00010050000000000   0.49999389018205038
  0.00010075000000000   0.49999384894193406
  0.00010100000000000   0.49999385578361955
  0.00010125000000000   0.49999381422846511
  0.00010150000000000   0.49999382096210337
  0.00010175000000000   0.49999377908851943
  0.00010200000000000   0.49999373700452052
  0.00010225000000000   0.49999374351472972
  0.00010250000000000   0.49999370110735073
  0.00010275000000000   0.49999370749968232
  0.00010300000000000   0.49999366476548565
  0.00010325000000000   0.49999362181716855
  0.00010350000000000   0.49999362797144510
  0.00010375000000000   0.49999358469129825
  0.00010400000000000   0.49999359071770169
  0.00010425000000000   0.49999354710224104
  0.00010450000000000   0.49999355299668042
  0.00010475000000000   0.49999350904240206
  0.00010500000000000   0.49999346486869683
  0.00010525000000000   0.49999347050413844
  0.00010550000000000   0.49999342598651531
  0.00010575000000000   0.49999343147975895
  0.00010600000000000   0.49999338661466728
  0.00010625000000000   0.49999339196152369
  0.00010650000000000   0.49999334674539275
  0.00010675000000000   0.49999330130446284
  0.00010700000000000   0.49999330637088266
  0.00010725000000000   0.49999326057372555
  0.00010750000000000   0.49999326548327851
  0.00010775000000000   0.49999321932627667
  0.00010800000000000   0.49999322407467207
  0.00010825000000000   0.49999317755418781
  0.00010850000000000   0.49999313080347008
  0.00010875000000000   0.49999313524948046
  0.00010900000000000   0.49999308813000542
  0.00010925000000000   0.49999309240412573
  0.00010950000000000   0.49999304491220898
  0.00010975000000000   0.49999304901004402
  0.00011000000000000   0.49999300114198099
  0.00011025000000000   0.49999300505910475
  0.00011050000000000   0.49999295681117067
  0.00011075000000000   0.49999296054312604
  0.00011100000000000   0.49999291191157597
  0.00011125000000000   0.49999286304102210
  0.00011150000000000   0.49999286643494328
  0.00011175000000000   0.49999281717536069
  0.00011200000000000   0.49999282037296721
  0.00011225000000000   0.49999277072056481
  0.00011250000000000   0.49999277371729033
  0.00011275000000000   0.49999272366825698
  0.00011300000000000   0.49999272645950292
  0.00011325000000000   0.49999267601000744
  0.00011350000000000   0.49999267859114277
  0.00011375000000000   0.49999262773733402
  0.00011400000000000   0.49999263010369493
  0.00011425000000000   0.49999257884170186
  0.00011450000000000   0.49999258098859158
  0.00011475000000000   0.49999252931452326
  0.00011500000000000   0.49999253123721178
  0.00011525000000000   0.49999247914715750
  0.00011550000000000   0.49999248084088131
  0.00011575000000000   0.49999242833091066
  0.00011600000000000   0.49999242979087253
  0.00011625000000000   0.49999237685703552
  0.00011650000000000   0.49999237807840426
  0.00011675000000000   0.49999232471673138
  0.00011700000000000   0.49999232569464161
  0.00011725000000000   0.49999227190114398
  0.00011750000000000   0.49999227263069587
  0.00011775000000000   0.49999221840136538
  0.00011800000000000   0.49999221887762449
  0.00011825000000000   0.49999216420843393
  0.00011850000000000   0.49999216442643093
  0.00011875000000000   0.49999210931333415
  0.00011900000000000   0.49999210926806465
  0.00011925000000000   0.49999205370699676
  0.00011950000000000   0.49999205339342109
  0.00011975000000000   0.49999199738029861
  0.00012000000000000   0.49999199679334162
  0.00012025000000000   0.49999194032406270
  0.00012050000000000   0.49999193945861361
  0.00012075000000000   0.49999188252905827
  0.00012100000000000   0.49999188137997043
  0.00012125000000000   0.49999182398600076
  0.00012150000000000   0.49999182254809151
  0.00012175000000000   0.49999182101250935
  0.00012200000000000   0.49999176295360248
  0.00012225000000000   0.49999176112117509
  0.00012250000000000   0.49999170258707524
  0.00012275000000000   0.49999170045252601
  0.00012300000000000   0.49999164143902811
  0.00012325000000000   0.49999163899704381
  0.00012350000000000   0.49999157949992604
  0.00012375000000000   0.49999157674515665
  0.00012400000000000   0.49999151676018079
  0.00012425000000000   0.49999151368723941
  0.00012450000000000   0.49999151050082074
  0.00012475000000000   0.49999144981361391
  0.00012500000000000   0.49999144630067335
  0.00012525000000000   0.49999138511454919
  0.00012550000000000   0.49999138126960340
  0.00012575000000000   0.49999131958026190
  0.00012600000000000   0.49999131539779023
  0.00012625000000000   0.49999131109138910
  0.00012650000000000   0.49999124867536097
  0.00012675000000000   0.49999124402286980
  0.00012700000000000   0.49999118109239109
  0.00012725000000000   0.49999117608819151
  0.00012750000000000   0.49999111263890474
  0.00012775000000000   0.49999110727734085
  0.00012800000000000   0.49999110178110822
  0.00012825000000000   0.49999103758025361
  0.00012850000000000   0.49999103171787487
  0.00012875000000000   0.49999096698681541
  0.00012900000000000   0.49999096075253611
  0.00012925000000000   0.49999095437570282
  0.00012950000000000   0.49999088887489027
  0.00012975000000000   0.49999088211721579
  0.00013000000000000   0.49999081607468680
  0.00013025000000000   0.49999080893031775
  0.00013050000000000   0.49999080163535462
  0.00013075000000000   0.49999073480467238
  0.00013100000000000   0.49999072711391403
  0.00013125000000000   0.49999071926761160
  0.00013150000000000   0.49999065163739009
  0.00013175000000000   0.49999064338609252
  0.00013200000000000   0.49999057519531541
  0.00013225000000000   0.49999056653300868
  0.00013250000000000   0.49999055770686319
  0.00013275000000000   0.49999048869781007
  0.00013300000000000   0.49999047945129420
  0.00013325000000000   0.49999047003583226
  0.00013350000000000   0.49999040019690356
  0.00013375000000000   0.49999039035161001
  0.00013400000000000   0.49999031993301729
  0.00013425000000000   0.49999030965171799
  0.00013450000000000   0.49999029919291739
  0.00013475000000000   0.49999022792540404
  0.00013500000000000   0.49999021702097507
  0.00013525000000000   0.49999020593377660
  0.00013550000000000   0.49999013380554709
  0.00013575000000000   0.49999012226299760
  0.00013600000000000   0.49999011053234853
  0.00013625000000000   0.49999003753153416
  0.00013650000000000   0.49999002533571154
  0.00013675000000000   0.49999001294639693
  0.00013700000000000   0.49998993906105904
  0.00013725000000000   0.49998992619664873
  0.00013750000000000   0.49998991313329136
  0.00013775000000000   0.49998983835142471
  0.00013800000000000   0.49998982480295031
  0.00013825000000000   0.49998981105001076
  0.00013850000000000   0.49998979709064884
  0.00013875000000000   0.49998972111137081
  0.00013900000000000   0.49998970665314779
  0.00013925000000000   0.49998969198289733
  0.00013950000000000   0.49998961507828311
  0.00013975000000000   0.49998959989891401
  0.00014000000000000   0.49998958450184877
  0.00014025000000000   0.49998950665968417
  0.00014050000000000   0.49998949074314588
  0.00014075000000000   0.49998947460317904
  0.00014100000000000   0.49998945823774594
  0.00014125000000000   0.49998937914131170
  0.00014150000000000   0.49998936224219699
  0.00014175000000000   0.49998934511179560
  0.00014200000000000   0.49998926504851950
  0.00014225000000000   0.49998924737385270
  0.00014250000000000   0.49998922946201503
  0.00014275000000000   0.49998921131091114
  0.00014300000000000   0.49998912995274673
  0.00014325000000000   0.49998911124284882
  0.00014350000000000   0.49998909228771243
  0.00014375000000000   0.49998907308520858
  0.00014400000000000   0.49998899040840471
  0.00014425000000000   0.49998897063239484
  0.00014450000000000   0.49998895060295737
  0.00014475000000000   0.49998893031792953
  0.00014500000000000   0.49998884629859064
  0.00014525000000000   0.49998882542516508
  0.00014550000000000   0.49998880429000156
  0.00014575000000000   0.49998878289090341
  0.00014600000000000   0.49998876122566468
  0.00014625000000000   0.49998867550244608
  0.00014650000000000   0.49998865322971444
  0.00014675000000000   0.49998863068458328
  0.00014700000000000   0.49998860786481269
  0.00014725000000000   0.49998852074417624
  0.00014750000000000   0.49998849730162448
  0.00014775000000000   0.49998847357808878
  0.00014800000000000   0.49998844957129537
  0.00014825000000000   0.49998842527896109
  0.00014850000000000   0.49998833638396821
  0.00014875000000000   0.49998831144925710
  0.00014900000000000   0.49998828622255223
  0.00014925000000000   0.49998826070153681
  0.00014950000000000   0.49998823488388470
  0.00014975000000000   0.49998814417470255
  0.00015000000000000   0.49998811769481198
  0.00015025000000000   0.49998809091172592
  0.00015050000000000   0.49998806382308500
  0.00015075000000000   0.49998803642652050
  0.00015100000000000   0.49998800871965434
  0.00015125000000000   0.49998791578424936
  0.00015150000000000   0.49998788739074994
  0.00015175000000000   0.49998785868026429
  0.00015200000000000   0.49998782965038183
  0.00015225000000000   0.49998780029868272
  0.00015250000000000   0.49998777062273795
  0.00015275000000000   0.49998774062010926
  0.00015300000000000   0.49998764501415264
  0.00015325000000000   0.49998761429577272
  0.00015350000000000   0.49998758324388215
  0.00015375000000000   0.49998755185601138
  0.00015400000000000   0.49998752012968183
  0.00015425000000000   0.49998748806240595
  0.00015450000000000   0.49998745565168725
  0.00015475000000000   0.49998742289502030
  0.00015500000000000   0.49998738978989081
  0.00015525000000000   0.49998729062939513
  0.00015550000000000   0.49998725677002201
  0.00015575000000000   0.49998722255518683
  0.00015600000000000   0.49998718798234628
  0.00015625000000000   0.49998715304894851
  0.00015650000000000   0.49998711775243316
  0.00015675000000000   0.49998708209023142
  0.00015700000000000   0.49998704605976614
  0.00015725000000000   0.49998700965845185
  0.00015750000000000   0.49998697288369485
  0.00015775000000000   0.49998693573289328
  0.00015800000000000   0.49998689820343722
  0.00015825000000000   0.49998686029270874
  0.00015850000000000   0.49998675574382437
  0.00015875000000000   0.49998671702141277
  0.00015900000000000   0.49998667791051240
  0.00015925000000000   0.49998663840848154
  0.00015950000000000   0.49998659851267104
  0.00015975000000000   0.49998655822042445
  0.00016000000000000   0.49998651752907811
  0.00016025000000000   0.49998647643596132
  0.00016050000000000   0.49998643493839638
  0.00016075000000000   0.49998639303369880
  0.00016100000000000   0.49998635071917742
  0.00016125000000000   0.49998630799213447
  0.00016150000000000   0.49998626484986585
  0.00016175000000000   0.49998622128966115
  0.00016200000000000   0.49998617730880388
  0.00016225000000000   0.49998613290457163
  0.00016250000000000   0.49998608807423620
  0.00016275000000000   0.49998604281506382
  0.00016300000000000   0.49998599712431527
  0.00016325000000000   0.49998595099924613
  0.00016350000000000   0.49998590443710694
  0.00016375000000000   0.49998585743514341
  0.00016400000000000   0.49998580999059660
  0.00016425000000000   0.49998576210070319
  0.00016450000000000   0.49998578080228850
  0.00016475000000000   0.49998573203600131
  0.00016500000000000   0.49998568281516462
  0.00016525000000000   0.49998563313698977
  0.00016550000000000   0.49998558299868471
  0.00016575000000000   0.49998553239745431
  0.00016600000000000   0.49998548133050058
  0.00016625000000000   0.49998542979502300
  0.00016650000000000   0.49998537778821876
  0.00016675000000000   0.49998532530728304
  0.00016700000000000   0.49998527234940938
  0.00016725000000000   0.49998521891178993
  0.00016750000000000   0.49998523230023829
  0.00016775000000000   0.49998517790628680
  0.00016800000000000   0.49998512302314670
  0.00016825000000000   0.49998506764799639
  0.00016850000000000   0.49998501177801450
  0.00016875000000000   0.49998495541038017
  0.00016900000000000   0.49998489854227350
  0.00016925000000000   0.49998484117087594
  0.00016950000000000   0.49998485072656571
  0.00016975000000000   0.49998479234362958
  0.00017000000000000   0.49998473344785063
  0.00017025000000000   0.49998467403640709
  0.00017050000000000   0.49998461410648049
  0.00017075000000000   0.49998455365525615
  0.00017100000000000   0.49998456017982525
  0.00017125000000000   0.49998449867459185
  0.00017150000000000   0.49998443663845964
  0.00017175000000000   0.49998437406862037
  0.00017200000000000   0.49998431096227189
  0.00017225000000000   0.49998431485366311
  0.00017250000000000   0.49998425065724651
  0.00017275000000000   0.49998418591470464
  0.00017300000000000   0.49998412062325113
  0.00017325000000000   0.49998412234006167
  0.00017350000000000   0.49998405592908232
  0.00017375000000000   0.49998398895957922
  0.00017400000000000   0.49998392142879014
  0.00017425000000000   0.49998392089879266
  0.00017450000000000   0.49998385221888146
  0.00017475000000000   0.49998378296810003
  0.00017500000000000   0.49998371314371969
  0.00017525000000000   0.49998371029383778
  0.00017550000000000   0.49998363929065886
  0.00017575000000000   0.49998356770435172
  0.00017600000000000   0.49998356307662905
  0.00017625000000000   0.49998349028862920
  0.00017650000000000   0.49998341690802082
  0.00017675000000000   0.49998341045904829
  0.00017700000000000   0.49998333585383107
  0.00017725000000000   0.49998326064659187
  0.00017750000000000   0.49998325233262482
  0.00017775000000000   0.49998317587787070
  0.00017800000000000   0.49998309881176755
  0.00017825000000000   0.49998308858876220
  0.00017850000000000   0.49998301025228350
  0.00017875000000000   0.49998299874189069
  0.00017900000000000   0.49998291911889128
  0.00017925000000000   0.49998283886869244
  0.00017950000000000   0.49998282537409026
  0.00017975000000000   0.49998274381463935
  0.00018000000000000   0.49998272898028042
  0.00018025000000000   0.49998264609549966
  0.00018050000000000   0.49998256256801682
  0.00018075000000000   0.49998254567362969
  0.00018100000000000   0.49998246079833733
  0.00018125000000000   0.49998244251134250
  0.00018150000000000   0.49998235627231472
  0.00018175000000000   0.49998233657093255
  0.00018200000000000   0.49998224895231560
  0.00018225000000000   0.49998222781470228
  0.00018250000000000   0.49998213880073062
  0.00018275000000000   0.49998211620499060
  0.00018300000000000   0.49998202578000402
  0.00018325000000000   0.49998200170420350
  0.00018350000000000   0.49998190985266539
  0.00018375000000000   0.49998188427484687
  0.00018400000000000   0.49998179098136357
  0.00018425000000000   0.49998176387956153
  0.00018450000000000   0.49998166912890302
  0.00018475000000000   0.49998164048116084
  0.00018500000000000   0.49998161104972393
  0.00018525000000000   0.49998151404267077
  0.00018550000000000   0.49998148303077830
  0.00018575000000000   0.49998138452737270
  0.00018600000000000   0.49998135191313012
  0.00018625000000000   0.49998131848288853
  0.00018650000000000   0.49998121766043919
  0.00018675000000000   0.49998118259341280
  0.00018700000000000   0.49998114669061386
  0.00018725000000000   0.49998104351122412
  0.00018750000000000   0.49998100593732263
  0.00018775000000000   0.49998096750785295
  0.00018800000000000   0.49998086193438006
  0.00018825000000000   0.49998082179968644
  0.00018850000000000   0.49998078078964415
  0.00018875000000000   0.49998073889705051
  0.00018900000000000   0.49998063003674394
  0.00018925000000000   0.49998058639256906
  0.00018950000000000   0.49998054184612430
  0.00018975000000000   0.49998049639020887
  0.00019000000000000   0.49998038417519954
  0.00019025000000000   0.49998033692195042
  0.00019050000000000   0.49998028873965764
  0.00019075000000000   0.49998023962115027
  0.00019100000000000   0.49998018955926324
  0.00019125000000000   0.49998007302555914
  0.00019150000000000   0.49998002110928571
  0.00019175000000000   0.49997996823035891
  0.00019200000000000   0.49997991438168475
  0.00019225000000000   0.49997985955618588
  0.00019250000000000   0.49997980374680395
  0.00019275000000000   0.49997974694650197
  0.00019300000000000   0.49997968914826693
  0.00019325000000000   0.49997963034511234
  0.00019350000000000   0.49997950566039381
  0.00019375000000000   0.49997944490115700
  0.00019400000000000   0.49997938311866341
  0.00019425000000000   0.49997932030609278
  0.00019450000000000   0.49997925645666658
  0.00019475000000000   0.49997919156365122
  0.00019500000000000   0.49997912562036147
  0.00019525000000000   0.49997905862016405
  0.00019550000000000   0.49997899055648115
  0.00019575000000000   0.49997898553072602
  0.00019600000000000   0.49997891522288720
  0.00019625000000000   0.49997884382946456
  0.00019650000000000   0.49997877134410596
  0.00019675000000000   0.49997869776053473
  0.00019700000000000   0.49997862307255413
  0.00019725000000000   0.49997854727405197
  0.00019750000000000   0.49997847035900551
  0.00019775000000000   0.49997845565978712
  0.00019800000000000   0.49997837637358929
  0.00019825000000000   0.49997829595033122
  0.00019850000000000   0.49997821438436013
  0.00019875000000000   0.49997813167013892
  0.00019900000000000   0.49997811059945303
  0.00019925000000000   0.49997802543690029
  0.00019950000000000   0.49997793910700425
  0.00019975000000000   0.49997791407704699
  0.00020000000000000   0.49997782525213727
  0.00020025000000000   0.49997773524180473
  0.00020050000000000   0.49997770616021272
  0.00020075000000000   0.49997761361000301
  0.00020100000000000   0.49997751985748067
  0.00020125000000000   0.49997748663391593
  0.00020150000000000   0.49997739029882920
  0.00020175000000000   0.49997735423966677
  0.00020200000000000   0.49997725529260442
  0.00020225000000000   0.49997721635511740
  0.00020250000000000   0.49997711476781550
  0.00020275000000000   0.49997707291011311
  0.00020300000000000   0.49997696865558984
  0.00020325000000000   0.49997692383674750
  0.00020350000000000   0.49997681688944819
  0.00020375000000000   0.49997676906964841
  0.00020400000000000   0.49997671968055492
  0.00020425000000000   0.49997660854628648
  0.00020450000000000   0.49997655609502363
  0.00020475000000000   0.49997650203875468
  0.00020500000000000   0.49997638665741276
  0.00020525000000000   0.49997632948084244
  0.00020550000000000   0.49997627066499908
  0.00020575000000000   0.49997621019744318
  0.00020600000000000   0.49997614806590532
  0.00020625000000000   0.49997602532983757
  0.00020650000000000   0.49997595998387953
  0.00020675000000000   0.49997589294269378
  0.00020700000000000   0.49997582419488375
  0.00020725000000000   0.49997575372929236
  0.00020750000000000   0.49997568153501767
  0.00020775000000000   0.49997560760142912
  0.00020800000000000   0.49997553191818445
  0.00020825000000000   0.49997545447524737
  0.00020850000000000   0.49997537526290595
  0.00020875000000000   0.49997529427179176
  0.00020900000000000   0.49997521149289989
  0.00020925000000000   0.49997518374565366
  0.00020950000000000   0.49997509715898249
  0.00020975000000000   0.49997500875471793
  0.00021000000000000   0.49997491852545647
  0.00021025000000000   0.49997482646427026
  0.00021050000000000   0.49997478840181393
  0.00021075000000000   0.49997469242459054
  0.00021100000000000   0.49997465005229210
  0.00021125000000000   0.49997455011533459
  0.00021150000000000   0.49997444830848688
  0.00021175000000000   0.49997439943242617
  0.00021200000000000   0.49997429361358028
  0.00021225000000000   0.49997424027966982
  0.00021250000000000   0.49997418460667785
  0.00021275000000000   0.49997407256976542
  0.00021300000000000   0.49997401235283929
  0.00021325000000000   0.49997394974703423
  0.00021350000000000   0.49997383141741668
  0.00021375000000000   0.49997376419260011
  0.00021400000000000   0.49997369453474200
  0.00021425000000000   0.49997362242831040
  0.00021450000000000   0.49997354785851228
  0.00021475000000000   0.49997347081134246
  0.00021500000000000   0.49997339127363488
  0.00021525000000000   0.49997330923311640
  0.00021550000000000   0.49997322467846314
  0.00021575000000000   0.49997313759935964
  0.00021600000000000   0.49997304798656065
  0.00021625000000000   0.49997295583195598
  0.00021650000000000   0.49997291145304058
  0.00021675000000000   0.49997281389785183
  0.00021700000000000   0.49997271377617159
  0.00021725000000000   0.49997266058502778
  0.00021750000000000   0.49997255500134938
  0.00021775000000000   0.49997249577857425
  0.00021800000000000   0.49997243339292780
  0.00021825000000000   0.49997231938574510
  0.00021850000000000   0.49997225087375281
  0.00021875000000000   0.49997217914508918
  0.00021900000000000   0.49997210418201876
  0.00021925000000000   0.49997202596856428
  0.00021950000000000   0.49997194449062972
  0.00021975000000000   0.49997185973613012
  0.00022000000000000   0.49997177169512851
  0.00022025000000000   0.49997168035998024
  0.00022050000000000   0.49997163143115237
  0.00022075000000000   0.49997153314185344
  0.00022100000000000   0.49997143154043516
  0.00022125000000000   0.49997137133211740
  0.00022150000000000   0.49997130713721067
  0.00022175000000000   0.49997119483881002
  0.00022200000000000   0.49997112292375453
  0.00022225000000000   0.49997104697098006
  0.00022250000000000   0.49997096696622624
  0.00022275000000000   0.49997088289896335
  0.00022300000000000   0.49997079476266963
  0.00022325000000000   0.49997070255512559
  0.00022350000000000   0.49997064785764839
  0.00022375000000000   0.49997054711015995
  0.00022400000000000   0.49997048312806084
  0.00022425000000000   0.49997041430929968
  0.00022450000000000   0.49997034063616941
  0.00022475000000000   0.49997026209683506
  0.00022500000000000   0.49997017868581462
  0.00022525000000000   0.49997009040449302
  0.00022550000000000   0.49996999726167102
  0.00022575000000000   0.49996993736879188
  0.00022600000000000   0.49996987180525596
  0.00022625000000000   0.49996980055597785
  0.00022650000000000   0.49996972361519366
  0.00022675000000000   0.49996964098728764
  0.00022700000000000   0.49996955268768122
  0.00022725000000000   0.49996949431682577
  0.00022750000000000   0.49996939427295140
  0.00022775000000000   0.49996932329316511
  0.00022800000000000   0.49996928005075761
  0.00022825000000000   0.49996919561551979
  0.00022850000000000   0.49996913804035146
  0.00022875000000000   0.49996904024496206
  0.00022900000000000   0.49996900077529726
  0.00022925000000000   0.49996892114295918
  0.00022950000000000   0.49996886562778289
  0.00022975000000000   0.49996880189091345
  0.00023000000000000   0.49996872997762957
  0.00023025000000000   0.49996864996517531
  0.00023050000000000   0.49996859124876929
  0.00023075000000000   0.49996855233788923
  0.00023100000000000   0.49996850345132524
  0.00023125000000000   0.49996844465578009
  0.00023150000000000   0.49996837607091502
  0.00023175000000000   0.49996832444150329
  0.00023200000000000   0.49996828821129937
  0.00023225000000000   0.49996824035910410
  0.00023250000000000   0.49996820593127339
  0.00023275000000000   0.49996815908341332
  0.00023300000000000   0.49996814738434003
  0.00023325000000000   0.49996812132121740
  0.00023350000000000   0.49996808118094327
  0.00023375000000000   0.49996807090637982
  0.00023400000000000   0.49996806591218944
  0.00023425000000000   0.49996804422451048
  0.00023450000000000   0.49996804599586313
  0.00023475000000000   0.49996806779668252
  0.00023500000000000   0.49996808784161508
  0.00023525000000000   0.49996812258981700
  0.00023550000000000   0.49996816881033063
  0.00023575000000000   0.49996822342608859
  0.00023600000000000   0.49996829898757683
  0.00023625000000000   0.49996840521543744
  0.00023650000000000   0.49996853523480190
  0.00023675000000000   0.49996868275642258
  0.00023700000000000   0.49996889059957066
  0.00023725000000000   0.49996913335084901
  0.00023750000000000   0.49996946280528976
  0.00023775000000000   0.49996990311817948
  0.00023800000000000   0.49997050783740442
  0.00023825000000000   0.49997143523161271
  0.00023850000000000   0.49997326380902692
  0.00023875000000000   0.50006479317674568
  0.00023900000000000   0.50007862733289495
  0.00023925000000000   0.50008585746744494
  0.00023950000000000   0.50009106883196148
  0.00023975000000000   0.50009527058719760
  0.00024000000000000   0.50009880650297704
