 -0.00013200000000000   0.49990009823236745
 -0.00013175000000000   0.49990049285739749
 -0.00013150000000000   0.49990087727516003
 -0.00013125000000000   0.49990127644170079
 -0.00013100000000000   0.49990166550677240
 -0.00013075000000000   0.49990205696590763
 -0.00013050000000000   0.49990245086514162
 -0.00013025000000000   0.49990284725168228
 -0.00013000000000000   0.49990324617394124
 -0.00012975000000000   0.49990364768156511
 -0.00012950000000000   0.49990405182546723
 -0.00012925000000000   0.49990445865785985
 -0.00012900000000000   0.49990486823228653
 -0.00012875000000000   0.49990526828973306
 -0.00012850000000000   0.49990568353337351
 -0.00012825000000000   0.49990608940648689
 -0.00012800000000000   0.49990649828606468
 -0.00012775000000000   0.49990692249236495
 -0.00012750000000000   0.49990733756566753
 -0.00012725000000000   0.49990775584425291
 -0.00012700000000000   0.49990817739860355
 -0.00012675000000000   0.49990859011664654
 -0.00012650000000000   0.49990901846353054
 -0.00012625000000000   0.49990945031159629
 -0.00012600000000000   0.49990987361505525
 -0.00012575000000000   0.49991030062326711
 -0.00012550000000000   0.49991074351471655
 -0.00012525000000000   0.49991117818188114
 -0.00012500000000000   0.49991161682726399
 -0.00012475000000000   0.49991205954836795
 -0.00012450000000000   0.49991249444841153
 -0.00012425000000000   0.49991294565406326
 -0.00012400000000000   0.49991338929967108
 -0.00012375000000000   0.49991384942742158
 -0.00012350000000000   0.49991430227930988
 -0.00012325000000000   0.49991475993009163
 -0.00012300000000000   0.49991521066146915
 -0.00012275000000000   0.49991567833509914
 -0.00012250000000000   0.49991615121295225
 -0.00012225000000000   0.49991661768283296
 -0.00012200000000000   0.49991708971858861
 -0.00012175000000000   0.49991756748370182
 -0.00012150000000000   0.49991805114778464
 -0.00012125000000000   0.49991852925234377
 -0.00012100000000000   0.49991901368578811
 -0.00012075000000000   0.49991950464869130
 -0.00012050000000000   0.49992000234971351
 -0.00012025000000000   0.49992050700597157
 -0.00012000000000000   0.49992100738129451
 -0.00011975000000000   0.49992151525880923
 -0.00011950000000000   0.49992203089721054
 -0.00011925000000000   0.49992255456644078
 -0.00011900000000000   0.49992307524686212
 -0.00011875000000000   0.49992360463275736
 -0.00011850000000000   0.49992414304803995
 -0.00011825000000000   0.49992467966175815
 -0.00011800000000000   0.49992522610534858
 -0.00011775000000000   0.49992578276992639
 -0.00011750000000000   0.49992633904117070
 -0.00011725000000000   0.49992690649454266
 -0.00011700000000000   0.49992747468001788
 -0.00011675000000000   0.49992805514638948
 -0.00011650000000000   0.49992863762341207
 -0.00011625000000000   0.49992923364632398
 -0.00011600000000000   0.49992984386001126
 -0.00011575000000000   0.49993045831028648
 -0.00011550000000000   0.49993107793945938
 -0.00011525000000000   0.49993171428147629
 -0.00011500000000000   0.49993235778389051
 -0.00011475000000000   0.49993300963464493
 -0.00011450000000000   0.49993367112454203
 -0.00011425000000000   0.49993435390712371
 -0.00011400000000000   0.49993504913588023
 -0.00011375000000000   0.49993575850636189
 -0.00011350000000000   0.49993647390071677
 -0.00011325000000000   0.49993721746578755
 -0.00011300000000000   0.49993797162596524
 -0.00011275000000000   0.49993874897805245
 -0.00011250000000000   0.49993955245238509
 -0.00011225000000000   0.49994036635722312
 -0.00011200000000000   0.49994121394427306
 -0.00011175000000000   0.49994209032785499
 -0.00011150000000000   0.49994300097216248
 -0.00011125000000000   0.49994393421972035
 -0.00011100000000000   0.49994491619998440
 -0.00011075000000000   0.49994593850385035
 -0.00011050000000000   0.49994701307041392
 -0.00011025000000000   0.49994814615061909
 -0.00011000000000000   0.49994934843749385
 -0.00010975000000000   0.49995062874023079
 -0.00010950000000000   0.49995201329538164
 -0.00010925000000000   0.49995352661818833
 -0.00010900000000000   0.49995520236665889
 -0.00010875000000000   0.49995711018459399
 -0.00010850000000000   0.49995933784382843
 -0.00010825000000000   0.49996211547940399
 -0.00010800000000000   0.49996600343875487
 -0.00010775000000000   0.49997498916088834
 -0.00010750000000000   0.50001371012626868
 -0.00010725000000000   0.50001460244308194
 -0.00010700000000000   0.50001511775269641
 -0.00010675000000000   0.50001547659259503
 -0.00010650000000000   0.50001574798809206
 -0.00010625000000000   0.50001596193138172
 -0.00010600000000000   0.50001613629248125
 -0.00010575000000000   0.50001627975778359
 -0.00010550000000000   0.50001640255255083
 -0.00010525000000000   0.50001650503502226
 -0.00010500000000000   0.50001659246215592
 -0.00010475000000000   0.50001666586841016
 -0.00010450000000000   0.50001673198950274
 -0.00010425000000000   0.50001678725862572
 -0.00010400000000000   0.50001683346401664
 -0.00010375000000000   0.50001687580857974
 -0.00010350000000000   0.50001691070012845
 -0.00010325000000000   0.50001693735645614
 -0.00010300000000000   0.50001696171882597
 -0.00010275000000000   0.50001698351797378
 -0.00010250000000000   0.50001699887784274
 -0.00010225000000000   0.50001701085015263
 -0.00010200000000000   0.50001701908578486
 -0.00010175000000000   0.50001702321992914
 -0.00010150000000000   0.50001702680427247
 -0.00010125000000000   0.50001702970906602
 -0.00010100000000000   0.50001702770224549
 -0.00010075000000000   0.50001702455953765
 -0.00010050000000000   0.50001701587616899
 -0.00010025000000000   0.50001700991061324
 -0.00010000000000000   0.50001699792103382
 -0.00009975000000000   0.50001698846969777
 -0.00009950000000000   0.50001697250203286
 -0.00009925000000000   0.50001695887785116
 -0.00009900000000000   0.50001694294076131
 -0.00009875000000000   0.50001692928042485
 -0.00009850000000000   0.50001690826140633
 -0.00009825000000000   0.50001688930399677
 -0.00009800000000000   0.50001686746713750
 -0.00009775000000000   0.50001684760890146
 -0.00009750000000000   0.50001682465213745
 -0.00009725000000000   0.50001680358064478
 -0.00009700000000000   0.50001677919121912
 -0.00009675000000000   0.50001675131288149
 -0.00009650000000000   0.50001672511493769
 -0.00009625000000000   0.50001670060832222
 -0.00009600000000000   0.50001667234710516
 -0.00009575000000000   0.50001664567640592
 -0.00009550000000000   0.50001661503811062
 -0.00009525000000000   0.50001658589070029
 -0.00009500000000000   0.50001655256413270
 -0.00009475000000000   0.50001652635903467
 -0.00009450000000000   0.50001649009505566
 -0.00009425000000000   0.50001646095885506
 -0.00009400000000000   0.50001642733956143
 -0.00009375000000000   0.50001639502018079
 -0.00009350000000000   0.50001636400024818
 -0.00009325000000000   0.50001632825316020
 -0.00009300000000000   0.50001629370878941
 -0.00009275000000000   0.50001626036697660
 -0.00009250000000000   0.50001622822434332
 -0.00009225000000000   0.50001619107286986
 -0.00009200000000000   0.50001615502735098
 -0.00009175000000000   0.50001612008614747
 -0.00009150000000000   0.50001607990947404
 -0.00009125000000000   0.50001604712739164
 -0.00009100000000000   0.50001600902057368
 -0.00009075000000000   0.50001597192302909
 -0.00009050000000000   0.50001593583111514
 -0.00009025000000000   0.50001589420539842
 -0.00009000000000000   0.50001586007545544
 -0.00008975000000000   0.50001582032796907
 -0.00008950000000000   0.50001578149455128
 -0.00008925000000000   0.50001574357135523
 -0.00008900000000000   0.50001570655306316
 -0.00008875000000000   0.50001566368614045
 -0.00008850000000000   0.50001562164511389
 -0.00008825000000000   0.50001558724862315
 -0.00008800000000000   0.50001554688604474
 -0.00008775000000000   0.50001550733806683
 -0.00008750000000000   0.50001546168661014
 -0.00008725000000000   0.50001542372491908
 -0.00008700000000000   0.50001538656135566
 -0.00008675000000000   0.50001534319126074
 -0.00008650000000000   0.50001530055117393
 -0.00008625000000000   0.50001525863773342
 -0.00008600000000000   0.50001521744672640
 -0.00008575000000000   0.50001517697313863
 -0.00008550000000000   0.50001513721120139
 -0.00008525000000000   0.50001509098806454
 -0.00008500000000000   0.50001505261009703
 -0.00008475000000000   0.50001500770919273
 -0.00008450000000000   0.50001497069189042
 -0.00008425000000000   0.50001492709505740
 -0.00008400000000000   0.50001488412994237
 -0.00008375000000000   0.50001484179206793
 -0.00008350000000000   0.50001480007641074
 -0.00008325000000000   0.50001475162340026
 -0.00008300000000000   0.50001471111812274
 -0.00008275000000000   0.50001467121872727
 -0.00008250000000000   0.50001462450595777
 -0.00008225000000000   0.50001458578520167
 -0.00008200000000000   0.50001454020289120
 -0.00008175000000000   0.50001449516807055
 -0.00008150000000000   0.50001445067704773
 -0.00008125000000000   0.50001440672573519
 -0.00008100000000000   0.50001436330967068
 -0.00008075000000000   0.50001432042403714
 -0.00008050000000000   0.50001427806368167
 -0.00008025000000000   0.50001423622313367
 -0.00008000000000000   0.50001418730929026
 -0.00007975000000000   0.50001414648144128
 -0.00007950000000000   0.50001409853933167
 -0.00007925000000000   0.50001405870451491
 -0.00007900000000000   0.50001401171891828
 -0.00007875000000000   0.50001397285529672
 -0.00007850000000000   0.50001392680880363
 -0.00007825000000000   0.50001388121771805
 -0.00007800000000000   0.50001383607825634
 -0.00007775000000000   0.50001379138639695
 -0.00007750000000000   0.50001374713789247
 -0.00007725000000000   0.50001370332828109
 -0.00007700000000000   0.50001365995289772
 -0.00007675000000000   0.50001361700688456
 -0.00007650000000000   0.50001356673472985
 -0.00007625000000000   0.50001352462804450
 -0.00007600000000000   0.50001348293626677
 -0.00007575000000000   0.50001343388159881
 -0.00007550000000000   0.50001339300218766
 -0.00007525000000000   0.50001334473636461
 -0.00007500000000000   0.50001329685374565
 -0.00007475000000000   0.50001325715851455
 -0.00007450000000000   0.50001321004288085
 -0.00007425000000000   0.50001316330045240
 -0.00007400000000000   0.50001311692794982
 -0.00007375000000000   0.50001307874642394
 -0.00007350000000000   0.50001303310835670
 -0.00007325000000000   0.50001298782851741
 -0.00007300000000000   0.50001294290309857
 -0.00007275000000000   0.50001289048975895
 -0.00007250000000000   0.50001284626028101
 -0.00007225000000000   0.50001280237407703
 -0.00007200000000000   0.50001275882688625
 -0.00007175000000000   0.50001271561435161
 -0.00007150000000000   0.50001266488526072
 -0.00007125000000000   0.50001262233232214
 -0.00007100000000000   0.50001258010135025
 -0.00007075000000000   0.50001253034189507
 -0.00007050000000000   0.50001248874708556
 -0.00007025000000000   0.50001243961592779
 -0.00007000000000000   0.50001239864139493
 -0.00006975000000000   0.50001235012583968
 -0.00006950000000000   0.50001230191165093
 -0.00006925000000000   0.50001226184175130
 -0.00006900000000000   0.50001221422371723
 -0.00006875000000000   0.50001216689823477
 -0.00006850000000000   0.50001211986248439
 -0.00006825000000000   0.50001208094630741
 -0.00006800000000000   0.50001203447922226
 -0.00006775000000000   0.50001198829216079
 -0.00006750000000000   0.50001194238202080
 -0.00006725000000000   0.50001189674563530
 -0.00006700000000000   0.50001185137977570
 -0.00006675000000000   0.50001180628115483
 -0.00006650000000000   0.50001176144642990
 -0.00006625000000000   0.50001171687220534
 -0.00006600000000000   0.50001166476835779
 -0.00006575000000000   0.50001162071358720
 -0.00006550000000000   0.50001157690955131
 -0.00006525000000000   0.50001153335266135
 -0.00006500000000000   0.50001149003928882
 -0.00006475000000000   0.50001143921782916
 -0.00006450000000000   0.50001139639277845
 -0.00006425000000000   0.50001134606576211
 -0.00006400000000000   0.50001130371676897
 -0.00006375000000000   0.50001126159393484
 -0.00006350000000000   0.50001121198895457
 -0.00006325000000000   0.50001117032251110
 -0.00006300000000000   0.50001112118633839
 -0.00006275000000000   0.50001107996325551
 -0.00006250000000000   0.50001103128529943
 -0.00006225000000000   0.50001098283532361
 -0.00006200000000000   0.50001094226165524
 -0.00006175000000000   0.50001089425407094
 -0.00006150000000000   0.50001084646733225
 -0.00006125000000000   0.50001080651421509
 -0.00006100000000000   0.50001075915340977
 -0.00006075000000000   0.50001071200598849
 -0.00006050000000000   0.50001066506959844
 -0.00006025000000000   0.50001061834185230
 -0.00006000000000000   0.50001057937251598
 -0.00005975000000000   0.50001053304286475
 -0.00005950000000000   0.50001048691393445
 -0.00005925000000000   0.50001044098322178
 -0.00005900000000000   0.50001039524819632
 -0.00005875000000000   0.50001034970630183
 -0.00005850000000000   0.50001030435495765
 -0.00005825000000000   0.50001025919155993
 -0.00005800000000000   0.50001021421348294
 -0.00005775000000000   0.50001016941808029
 -0.00005750000000000   0.50001012480268608
 -0.00005725000000000   0.50001007297350120
 -0.00005700000000000   0.50001002872784008
 -0.00005675000000000   0.50000998465457974
 -0.00005650000000000   0.50000994075098127
 -0.00005625000000000   0.50000989701429177
 -0.00005600000000000   0.50000984613297837
 -0.00005575000000000   0.50000980274202876
 -0.00005550000000000   0.50000975951011985
 -0.00005525000000000   0.50000971643444654
 -0.00005500000000000   0.50000966627577768
 -0.00005475000000000   0.50000962352620782
 -0.00005450000000000   0.50000957372177456
 -0.00005425000000000   0.50000953128876909
 -0.00005400000000000   0.50000948899871030
 -0.00005375000000000   0.50000943970475672
 -0.00005350000000000   0.50000939771629781
 -0.00005325000000000   0.50000934875653150
 -0.00005300000000000   0.50000930705987077
 -0.00005275000000000   0.50000925842621615
 -0.00005250000000000   0.50000921701146524
 -0.00005225000000000   0.50000916869572148
 -0.00005200000000000   0.50000912755291758
 -0.00005175000000000   0.50000907954677116
 -0.00005150000000000   0.50000903170064691
 -0.00005125000000000   0.50000899096092526
 -0.00005100000000000   0.50000894341216056
 -0.00005075000000000   0.50000889601787915
 -0.00005050000000000   0.50000885565964273
 -0.00005025000000000   0.50000880855026276
 -0.00005000000000000   0.50000876158970271
 -0.00004975000000000   0.50000872159116940
 -0.00004950000000000   0.50000867490286849
 -0.00004925000000000   0.50000862835761754
 -0.00004900000000000   0.50000858195360453
 -0.00004875000000000   0.50000853568900475
 -0.00004850000000000   0.50000849626249025
 -0.00004825000000000   0.50000845024924224
 -0.00004800000000000   0.50000840436948653
 -0.00004775000000000   0.50000835862135836
 -0.00004750000000000   0.50000831300298317
 -0.00004725000000000   0.50000826751247710
 -0.00004700000000000   0.50000822214794754
 -0.00004675000000000   0.50000817690749362
 -0.00004650000000000   0.50000813178920675
 -0.00004625000000000   0.50000808679117108
 -0.00004600000000000   0.50000804191146402
 -0.00004575000000000   0.50000799714815665
 -0.00004550000000000   0.50000795249931423
 -0.00004525000000000   0.50000790796299663
 -0.00004500000000000   0.50000786353725876
 -0.00004475000000000   0.50000781922015100
 -0.00004450000000000   0.50000777500971964
 -0.00004425000000000   0.50000773090400725
 -0.00004400000000000   0.50000768690105309
 -0.00004375000000000   0.50000764299889353
 -0.00004350000000000   0.50000759300034439
 -0.00004325000000000   0.50000754932248240
 -0.00004300000000000   0.50000750573979697
 -0.00004275000000000   0.50000746225031232
 -0.00004250000000000   0.50000741885205159
 -0.00004225000000000   0.50000736948447897
 -0.00004200000000000   0.50000732629277753
 -0.00004175000000000   0.50000728318663238
 -0.00004150000000000   0.50000724016406163
 -0.00004125000000000   0.50000719127726124
 -0.00004100000000000   0.50000714844702444
 -0.00004075000000000   0.50000710569467097
 -0.00004050000000000   0.50000705715764806
 -0.00004025000000000   0.50000701458702776
 -0.00004000000000000   0.50000697208858923
 -0.00003975000000000   0.50000692388748772
 -0.00003950000000000   0.50000688156013352
 -0.00003925000000000   0.50000683358329692
 -0.00003900000000000   0.50000679142007362
 -0.00003875000000000   0.50000674931960093
 -0.00003850000000000   0.50000670165555893
 -0.00003825000000000   0.50000665970851634
 -0.00003800000000000   0.50000661225367616
 -0.00003775000000000   0.50000657045307716
 -0.00003750000000000   0.50000652320145860
 -0.00003725000000000   0.50000648154030805
 -0.00003700000000000   0.50000643448589491
 -0.00003675000000000   0.50000639295719315
 -0.00003650000000000   0.50000634609393764
 -0.00003625000000000   0.50000630469068445
 -0.00003600000000000   0.50000625801251140
 -0.00003575000000000   0.50000621143861812
 -0.00003550000000000   0.50000617022852065
 -0.00003525000000000   0.50000612383079613
 -0.00003500000000000   0.50000608272885729
 -0.00003475000000000   0.50000603650116824
 -0.00003450000000000   0.50000599037082158
 -0.00003425000000000   0.50000594943660713
 -0.00003400000000000   0.50000590346729559
 -0.00003375000000000   0.50000585759116587
 -0.00003350000000000   0.50000581680954608
 -0.00003325000000000   0.50000577108541149
 -0.00003300000000000   0.50000572545026608
 -0.00003275000000000   0.50000567990278399
 -0.00003250000000000   0.50000563931391819
 -0.00003225000000000   0.50000559390647023
 -0.00003200000000000   0.50000554858245599
 -0.00003175000000000   0.50000550334053458
 -0.00003150000000000   0.50000546291808637
 -0.00003125000000000   0.50000541780419666
 -0.00003100000000000   0.50000537276814305
 -0.00003075000000000   0.50000532780857290
 -0.00003050000000000   0.50000528292413026
 -0.00003025000000000   0.50000523811345617
 -0.00003000000000000   0.50000519791139667
 -0.00002975000000000   0.50000515321089498
 -0.00002950000000000   0.50000510857987676
 -0.00002925000000000   0.50000506401697577
 -0.00002900000000000   0.50000501952082360
 -0.00002875000000000   0.50000497509004986
 -0.00002850000000000   0.50000493072328236
 -0.00002825000000000   0.50000488641914726
 -0.00002800000000000   0.50000484217626927
 -0.00002775000000000   0.50000479799327178
 -0.00002750000000000   0.50000475386877703
 -0.00002725000000000   0.50000470980140628
 -0.00002700000000000   0.50000466578977996
 -0.00002675000000000   0.50000462183251782
 -0.00002650000000000   0.50000457792823908
 -0.00002625000000000   0.50000453407556258
 -0.00002600000000000   0.50000449027310695
 -0.00002575000000000   0.50000444651949071
 -0.00002550000000000   0.50000440281333244
 -0.00002525000000000   0.50000435915325092
 -0.00002500000000000   0.50000431553786524
 -0.00002475000000000   0.50000427196579498
 -0.00002450000000000   0.50000422843566032
 -0.00002425000000000   0.50000418494608215
 -0.00002400000000000   0.50000414149568225
 -0.00002375000000000   0.50000409442931583
 -0.00002350000000000   0.50000405109031001
 -0.00002325000000000   0.50000400778647226
 -0.00002300000000000   0.50000396451642629
 -0.00002275000000000   0.50000392127879726
 -0.00002250000000000   0.50000387807221194
 -0.00002225000000000   0.50000383146120432
 -0.00002200000000000   0.50000378835048305
 -0.00002175000000000   0.50000374526679820
 -0.00002150000000000   0.50000370220878140
 -0.00002125000000000   0.50000365917506651
 -0.00002100000000000   0.50000361291585566
 -0.00002075000000000   0.50000356996507915
 -0.00002050000000000   0.50000352703460827
 -0.00002025000000000   0.50000348412308400
 -0.00002000000000000   0.50000343813037844
 -0.00001975000000000   0.50000339529149514
 -0.00001950000000000   0.50000335246757557
 -0.00001925000000000   0.50000330667078798
 -0.00001900000000000   0.50000326391184043
 -0.00001875000000000   0.50000322116388520
 -0.00001850000000000   0.50000317555236744
 -0.00001825000000000   0.50000313286171741
 -0.00001800000000000   0.50000309017810263
 -0.00001775000000000   0.50000304474115493
 -0.00001750000000000   0.50000300210718649
 -0.00001725000000000   0.50000295947631340
 -0.00001700000000000   0.50000291420319349
 -0.00001675000000000   0.50000287161432149
 -0.00001650000000000   0.50000282645646629
 -0.00001625000000000   0.50000278390455670
 -0.00001600000000000   0.50000274134923484
 -0.00001575000000000   0.50000269633734848
 -0.00001550000000000   0.50000265381137344
 -0.00001525000000000   0.50000260890301466
 -0.00001500000000000   0.50000256640136398
 -0.00001475000000000   0.50000252159186484
 -0.00001450000000000   0.50000247910952322
 -0.00001425000000000   0.50000243439420351
 -0.00001400000000000   0.50000239192616434
 -0.00001375000000000   0.50000234730033318
 -0.00001350000000000   0.50000230484160003
 -0.00001325000000000   0.50000226030055748
 -0.00001300000000000   0.50000221784614557
 -0.00001275000000000   0.50000217338518416
 -0.00001250000000000   0.50000213093012180
 -0.00001225000000000   0.50000208654452802
 -0.00001200000000000   0.50000204221385055
 -0.00001175000000000   0.50000199976891389
 -0.00001150000000000   0.50000195550660730
 -0.00001125000000000   0.50000191304867943
 -0.00001100000000000   0.50000186885001676
 -0.00001075000000000   0.50000182470061400
 -0.00001050000000000   0.50000178223443140
 -0.00001025000000000   0.50000173814165021
 -0.00001000000000000   0.50000169409473320
 -0.00000975000000000   0.50000165160933258
 -0.00000950000000000   0.50000160761200301
 -0.00000925000000000   0.50000156365712623
 -0.00000900000000000   0.50000152114158481
 -0.00000875000000000   0.50000147722925433
 -0.00000850000000000   0.50000143335595206
 -0.00000825000000000   0.50000139079939435
 -0.00000800000000000   0.50000134696159489
 -0.00000775000000000   0.50000130315938820
 -0.00000750000000000   0.50000125939165080
 -0.00000725000000000   0.50000121677724755
 -0.00000700000000000   0.50000117303565124
 -0.00000675000000000   0.50000112932507555
 -0.00000650000000000   0.50000108564439004
 -0.00000625000000000   0.50000104295301709
 -0.00000600000000000   0.50000099928911290
 -0.00000575000000000   0.50000095565164104
 -0.00000550000000000   0.50000091203946552
 -0.00000525000000000   0.50000086845144856
 -0.00000500000000000   0.50000082488645070
 -0.00000475000000000   0.50000078206447776
 -0.00000450000000000   0.50000073850226257
 -0.00000425000000000   0.50000069495959873
 -0.00000400000000000   0.50000065143534320
 -0.00000375000000000   0.50000060792835162
 -0.00000350000000000   0.50000056443747846
 -0.00000325000000000   0.50000052096157707
 -0.00000300000000000   0.50000047794043503
 -0.00000275000000000   0.50000043445103030
 -0.00000250000000000   0.50000039097312796
 -0.00000225000000000   0.50000034750558006
 -0.00000200000000000   0.50000030404723789
 -0.00000175000000000   0.50000026059695215
 -0.00000150000000000   0.50000021715357293
 -0.00000125000000000   0.50000017371594989
 -0.00000100000000000   0.50000013028293226
 -0.00000075000000000   0.50000008685336897
 -0.00000050000000000   0.50000004342610871
 -0.00000025000000000   0.50000000000000002
  0.00000000000000000   0.49999995657389128
  0.00000025000000000   0.49999991314663102
  0.00000050000000000   0.49999986971706773
  0.00000075000000000   0.49999982628405010
  0.00000100000000000   0.49999978284642706
  0.00000125000000000   0.49999973940304785
  0.00000150000000000   0.49999969595276210
  0.00000175000000000   0.49999965249441993
  0.00000200000000000   0.49999960902687203
  0.00000225000000000   0.49999956554896969
  0.00000250000000000   0.49999952205956496
  0.00000275000000000   0.49999947903842292
  0.00000300000000000   0.49999943556252153
  0.00000325000000000   0.49999939207164838
  0.00000350000000000   0.49999934856465680
  0.00000375000000000   0.49999930504040125
  0.00000400000000000   0.49999926149773742
  0.00000425000000000   0.49999921793552223
  0.00000450000000000   0.49999917511354929
  0.00000475000000000   0.49999913154855143
  0.00000500000000000   0.49999908796053447
  0.00000525000000000   0.49999904434835895
  0.00000550000000000   0.49999900071088709
  0.00000575000000000   0.49999895704698290
  0.00000600000000000   0.49999891435560995
  0.00000625000000000   0.49999887067492445
  0.00000650000000000   0.49999882696434875
  0.00000675000000000   0.49999878322275244
  0.00000700000000000   0.49999874060834919
  0.00000725000000000   0.49999869684061179
  0.00000750000000000   0.49999865303840511
  0.00000775000000000   0.49999860920060564
  0.00000800000000000   0.49999856664404793
  0.00000825000000000   0.49999852277074566
  0.00000850000000000   0.49999847885841518
  0.00000875000000000   0.49999843634287377
  0.00000900000000000   0.49999839238799698
  0.00000925000000000   0.49999834839066741
  0.00000950000000000   0.49999830590526680
  0.00000975000000000   0.49999826185834977
  0.00001000000000000   0.49999821776556859
  0.00001025000000000   0.49999817529938599
  0.00001050000000000   0.49999813114998323
  0.00001075000000000   0.49999808695132056
  0.00001100000000000   0.49999804449339269
  0.00001125000000000   0.49999800023108610
  0.00001150000000000   0.49999795778614944
  0.00001175000000000   0.49999791345547197
  0.00001200000000000   0.49999786906987819
  0.00001225000000000   0.49999782661481584
  0.00001250000000000   0.49999778215385442
  0.00001275000000000   0.49999773969944251
  0.00001300000000000   0.49999769515839996
  0.00001325000000000   0.49999765269966681
  0.00001350000000000   0.49999760807383566
  0.00001375000000000   0.49999756560579649
  0.00001400000000000   0.49999752089047677
  0.00001425000000000   0.49999747840813515
  0.00001450000000000   0.49999743359863601
  0.00001475000000000   0.49999739109698533
  0.00001500000000000   0.49999734618862656
  0.00001525000000000   0.49999730366265152
  0.00001550000000000   0.49999725865076515
  0.00001575000000000   0.49999721609544328
  0.00001600000000000   0.49999717354353370
  0.00001625000000000   0.49999712838567851
  0.00001650000000000   0.49999708579680650
  0.00001675000000000   0.49999704052368660
  0.00001700000000000   0.49999699789281350
  0.00001725000000000   0.49999695525884506
  0.00001750000000000   0.49999690982189736
  0.00001775000000000   0.49999686713828259
  0.00001800000000000   0.49999682444763255
  0.00001825000000000   0.49999677883611479
  0.00001850000000000   0.49999673608815956
  0.00001875000000000   0.49999669332921201
  0.00001900000000000   0.49999664753242442
  0.00001925000000000   0.49999660470850485
  0.00001950000000000   0.49999656186962155
  0.00001975000000000   0.49999651587691599
  0.00002000000000000   0.49999647296539172
  0.00002025000000000   0.49999643003492084
  0.00002050000000000   0.49999638708414433
  0.00002075000000000   0.49999634082493349
  0.00002100000000000   0.49999629779121859
  0.00002125000000000   0.49999625473320179
  0.00002150000000000   0.49999621164951694
  0.00002175000000000   0.49999616853879567
  0.00002200000000000   0.49999612192778806
  0.00002225000000000   0.49999607872120273
  0.00002250000000000   0.49999603548357370
  0.00002275000000000   0.49999599221352773
  0.00002300000000000   0.49999594890968999
  0.00002325000000000   0.49999590557068416
  0.00002350000000000   0.49999585850431774
  0.00002375000000000   0.49999581505391784
  0.00002400000000000   0.49999577156433967
  0.00002425000000000   0.49999572803420501
  0.00002450000000000   0.49999568446213475
  0.00002475000000000   0.49999564084674908
  0.00002500000000000   0.49999559718666755
  0.00002525000000000   0.49999555348050928
  0.00002550000000000   0.49999550972689304
  0.00002575000000000   0.49999546592443741
  0.00002600000000000   0.49999542207176092
  0.00002625000000000   0.49999537816748218
  0.00002650000000000   0.49999533421022003
  0.00002675000000000   0.49999529019859371
  0.00002700000000000   0.49999524613122296
  0.00002725000000000   0.49999520200672821
  0.00002750000000000   0.49999515782373072
  0.00002775000000000   0.49999511358085273
  0.00002800000000000   0.49999506927671763
  0.00002825000000000   0.49999502490995013
  0.00002850000000000   0.49999498047917639
  0.00002875000000000   0.49999493598302422
  0.00002900000000000   0.49999489142012323
  0.00002925000000000   0.49999484678910501
  0.00002950000000000   0.49999480208860332
  0.00002975000000000   0.49999476188654382
  0.00003000000000000   0.49999471707586973
  0.00003025000000000   0.49999467219142709
  0.00003050000000000   0.49999462723185694
  0.00003075000000000   0.49999458219580333
  0.00003100000000000   0.49999453708191362
  0.00003125000000000   0.49999449665946541
  0.00003150000000000   0.49999445141754400
  0.00003175000000000   0.49999440609352976
  0.00003200000000000   0.49999436068608180
  0.00003225000000000   0.49999432009721600
  0.00003250000000000   0.49999427454973391
  0.00003275000000000   0.49999422891458850
  0.00003300000000000   0.49999418319045392
  0.00003325000000000   0.49999414240883412
  0.00003350000000000   0.49999409653270440
  0.00003375000000000   0.49999405056339286
  0.00003400000000000   0.49999400962917841
  0.00003425000000000   0.49999396349883175
  0.00003450000000000   0.49999391727114270
  0.00003475000000000   0.49999387616920386
  0.00003500000000000   0.49999382977147934
  0.00003525000000000   0.49999378856138187
  0.00003550000000000   0.49999374198748860
  0.00003575000000000   0.49999369530931553
  0.00003600000000000   0.49999365390606235
  0.00003625000000000   0.49999360704280684
  0.00003650000000000   0.49999356551410508
  0.00003675000000000   0.49999351845969194
  0.00003700000000000   0.49999347679854139
  0.00003725000000000   0.49999342954692283
  0.00003750000000000   0.49999338774632383
  0.00003775000000000   0.49999334029148365
  0.00003800000000000   0.49999329834444107
  0.00003825000000000   0.49999325068039906
  0.00003850000000000   0.49999320857992637
  0.00003875000000000   0.49999316641670307
  0.00003900000000000   0.49999311843986647
  0.00003925000000000   0.49999307611251227
  0.00003950000000000   0.49999302791141076
  0.00003975000000000   0.49999298541297223
  0.00004000000000000   0.49999294284235193
  0.00004025000000000   0.49999289430532903
  0.00004050000000000   0.49999285155297556
  0.00004075000000000   0.49999280872273875
  0.00004100000000000   0.49999275983593836
  0.00004125000000000   0.49999271681336761
  0.00004150000000000   0.49999267370722246
  0.00004175000000000   0.49999263051552102
  0.00004200000000000   0.49999258114794840
  0.00004225000000000   0.49999253774968767
  0.00004250000000000   0.49999249426020302
  0.00004275000000000   0.49999245067751758
  0.00004300000000000   0.49999240699965560
  0.00004325000000000   0.49999235700110646
  0.00004350000000000   0.49999231309894690
  0.00004375000000000   0.49999226909599274
  0.00004400000000000   0.49999222499028035
  0.00004425000000000   0.49999218077984899
  0.00004450000000000   0.49999213646274123
  0.00004475000000000   0.49999209203700336
  0.00004500000000000   0.49999204750068576
  0.00004525000000000   0.49999200285184334
  0.00004550000000000   0.49999195808853597
  0.00004575000000000   0.49999191320882891
  0.00004600000000000   0.49999186821079324
  0.00004625000000000   0.49999182309250637
  0.00004650000000000   0.49999177785205245
  0.00004675000000000   0.49999173248752289
  0.00004700000000000   0.49999168699701682
  0.00004725000000000   0.49999164137864163
  0.00004750000000000   0.49999159563051346
  0.00004775000000000   0.49999154975075775
  0.00004800000000000   0.49999150373750974
  0.00004825000000000   0.49999146431099524
  0.00004850000000000   0.49999141804639546
  0.00004875000000000   0.49999137164238245
  0.00004900000000000   0.49999132509713150
  0.00004925000000000   0.49999127840883059
  0.00004950000000000   0.49999123841029728
  0.00004975000000000   0.49999119144973723
  0.00005000000000000   0.49999114434035726
  0.00005025000000000   0.49999110398212084
  0.00005050000000000   0.49999105658783944
  0.00005075000000000   0.49999100903907473
  0.00005100000000000   0.49999096829935308
  0.00005125000000000   0.49999092045322883
  0.00005150000000000   0.49999087244708241
  0.00005175000000000   0.49999083130427851
  0.00005200000000000   0.49999078298853475
  0.00005225000000000   0.49999074157378384
  0.00005250000000000   0.49999069294012922
  0.00005275000000000   0.49999065124346849
  0.00005300000000000   0.49999060228370218
  0.00005325000000000   0.49999056029524327
  0.00005350000000000   0.49999051100128969
  0.00005375000000000   0.49999046871123090
  0.00005400000000000   0.49999042627822543
  0.00005425000000000   0.49999037647379217
  0.00005450000000000   0.49999033372422231
  0.00005475000000000   0.49999028356555345
  0.00005500000000000   0.49999024048988014
  0.00005525000000000   0.49999019725797123
  0.00005550000000000   0.49999015386702162
  0.00005575000000000   0.49999010298570822
  0.00005600000000000   0.49999005924901872
  0.00005625000000000   0.49999001534542025
  0.00005650000000000   0.49998997127215991
  0.00005675000000000   0.49998992702649879
  0.00005700000000000   0.49998987519731391
  0.00005725000000000   0.49998983058191970
  0.00005750000000000   0.49998978578651705
  0.00005775000000000   0.49998974080844006
  0.00005800000000000   0.49998969564504234
  0.00005825000000000   0.49998965029369816
  0.00005850000000000   0.49998960475180367
  0.00005875000000000   0.49998955901677821
  0.00005900000000000   0.49998951308606554
  0.00005925000000000   0.49998946695713524
  0.00005950000000000   0.49998942062748401
  0.00005975000000000   0.49998938165814768
  0.00006000000000000   0.49998933493040154
  0.00006025000000000   0.49998928799401150
  0.00006050000000000   0.49998924084659021
  0.00006075000000000   0.49998919348578490
  0.00006100000000000   0.49998915353266773
  0.00006125000000000   0.49998910574592905
  0.00006150000000000   0.49998905773834475
  0.00006175000000000   0.49998901716467638
  0.00006200000000000   0.49998896871470056
  0.00006225000000000   0.49998892003674448
  0.00006250000000000   0.49998887881366160
  0.00006275000000000   0.49998882967748888
  0.00006300000000000   0.49998878801104543
  0.00006325000000000   0.49998873840606515
  0.00006350000000000   0.49998869628323101
  0.00006375000000000   0.49998865393423788
  0.00006400000000000   0.49998860360722154
  0.00006425000000000   0.49998856078217083
  0.00006450000000000   0.49998850996071116
  0.00006475000000000   0.49998846664733863
  0.00006500000000000   0.49998842309044868
  0.00006525000000000   0.49998837928641279
  0.00006550000000000   0.49998833523164219
  0.00006575000000000   0.49998828312779464
  0.00006600000000000   0.49998823855357009
  0.00006625000000000   0.49998819371884516
  0.00006650000000000   0.49998814862022429
  0.00006675000000000   0.49998810325436469
  0.00006700000000000   0.49998805761797919
  0.00006725000000000   0.49998801170783920
  0.00006750000000000   0.49998796552077772
  0.00006775000000000   0.49998791905369258
  0.00006800000000000   0.49998788013751559
  0.00006825000000000   0.49998783310176522
  0.00006850000000000   0.49998778577628276
  0.00006875000000000   0.49998773815824869
  0.00006900000000000   0.49998769808834906
  0.00006925000000000   0.49998764987416030
  0.00006950000000000   0.49998760135860506
  0.00006975000000000   0.49998756038407219
  0.00007000000000000   0.49998751125291443
  0.00007025000000000   0.49998746965810492
  0.00007050000000000   0.49998741989864973
  0.00007075000000000   0.49998737766767785
  0.00007100000000000   0.49998733511473927
  0.00007125000000000   0.49998728438564838
  0.00007150000000000   0.49998724117311373
  0.00007175000000000   0.49998719762592296
  0.00007200000000000   0.49998715373971898
  0.00007225000000000   0.49998710951024104
  0.00007250000000000   0.49998705709690142
  0.00007275000000000   0.49998701217148258
  0.00007300000000000   0.49998696689164328
  0.00007325000000000   0.49998692125357605
  0.00007350000000000   0.49998688307205017
  0.00007375000000000   0.49998683669954759
  0.00007400000000000   0.49998678995711914
  0.00007425000000000   0.49998674284148544
  0.00007450000000000   0.49998670314625434
  0.00007475000000000   0.49998665526363538
  0.00007500000000000   0.49998660699781232
  0.00007525000000000   0.49998656611840118
  0.00007550000000000   0.49998651706373322
  0.00007575000000000   0.49998647537195548
  0.00007600000000000   0.49998643326527013
  0.00007625000000000   0.49998638299311542
  0.00007650000000000   0.49998634004710227
  0.00007675000000000   0.49998629667171889
  0.00007700000000000   0.49998625286210752
  0.00007725000000000   0.49998620861360303
  0.00007750000000000   0.49998616392174364
  0.00007775000000000   0.49998611878228193
  0.00007800000000000   0.49998607319119636
  0.00007825000000000   0.49998602714470327
  0.00007850000000000   0.49998598828108171
  0.00007875000000000   0.49998594129548508
  0.00007900000000000   0.49998590146066832
  0.00007925000000000   0.49998585351855870
  0.00007950000000000   0.49998581269070973
  0.00007975000000000   0.49998576377686632
  0.00008000000000000   0.49998572193631832
  0.00008025000000000   0.49998567957596284
  0.00008050000000000   0.49998563669032930
  0.00008075000000000   0.49998559327426480
  0.00008100000000000   0.49998554932295226
  0.00008125000000000   0.49998550483192943
  0.00008150000000000   0.49998545979710879
  0.00008175000000000   0.49998541421479832
  0.00008200000000000   0.49998537549404222
  0.00008225000000000   0.49998532878127272
  0.00008250000000000   0.49998528888187724
  0.00008275000000000   0.49998524837659972
  0.00008300000000000   0.49998519992358924
  0.00008325000000000   0.49998515820793205
  0.00008350000000000   0.49998511587005762
  0.00008375000000000   0.49998507290494259
  0.00008400000000000   0.49998502930810957
  0.00008425000000000   0.49998499229080725
  0.00008450000000000   0.49998494738990296
  0.00008475000000000   0.49998490901193544
  0.00008500000000000   0.49998486278879860
  0.00008525000000000   0.49998482302686136
  0.00008550000000000   0.49998478255327358
  0.00008575000000000   0.49998474136226656
  0.00008600000000000   0.49998469944882605
  0.00008625000000000   0.49998465680873924
  0.00008650000000000   0.49998461343864433
  0.00008675000000000   0.49998457627508090
  0.00008700000000000   0.49998453831338983
  0.00008725000000000   0.49998449266193316
  0.00008750000000000   0.49998445311395524
  0.00008775000000000   0.49998441275137683
  0.00008800000000000   0.49998437835488610
  0.00008825000000000   0.49998433631385953
  0.00008850000000000   0.49998429344693681
  0.00008875000000000   0.49998425642864475
  0.00008900000000000   0.49998421850544870
  0.00008925000000000   0.49998417967203092
  0.00008950000000000   0.49998413992454454
  0.00008975000000000   0.49998410579460156
  0.00009000000000000   0.49998406416888484
  0.00009025000000000   0.49998402807697089
  0.00009050000000000   0.49998399097942630
  0.00009075000000000   0.49998395287260834
  0.00009100000000000   0.49998392009052594
  0.00009125000000000   0.49998387991385251
  0.00009150000000000   0.49998384497264900
  0.00009175000000000   0.49998380892713012
  0.00009200000000000   0.49998377177565666
  0.00009225000000000   0.49998373963302338
  0.00009250000000000   0.49998370629121057
  0.00009275000000000   0.49998367174683978
  0.00009300000000000   0.49998363599975180
  0.00009325000000000   0.49998360497981919
  0.00009350000000000   0.49998357266043855
  0.00009375000000000   0.49998353904114492
  0.00009400000000000   0.49998350990494432
  0.00009425000000000   0.49998347364096532
  0.00009450000000000   0.49998344743586728
  0.00009475000000000   0.49998341410929969
  0.00009500000000000   0.49998338496188936
  0.00009525000000000   0.49998335432359406
  0.00009550000000000   0.49998332765289481
  0.00009575000000000   0.49998329939167776
  0.00009600000000000   0.49998327488506229
  0.00009625000000000   0.49998324868711849
  0.00009650000000000   0.49998322080878086
  0.00009675000000000   0.49998319641935521
  0.00009700000000000   0.49998317534786254
  0.00009725000000000   0.49998315239109852
  0.00009750000000000   0.49998313253286248
  0.00009775000000000   0.49998311069600321
  0.00009800000000000   0.49998309173859366
  0.00009825000000000   0.49998307071957513
  0.00009850000000000   0.49998305705923867
  0.00009875000000000   0.49998304112214883
  0.00009900000000000   0.49998302749796712
  0.00009925000000000   0.49998301153030221
  0.00009950000000000   0.49998300207896616
  0.00009975000000000   0.49998299008938673
  0.00010000000000000   0.49998298412383099
  0.00010025000000000   0.49998297544046233
  0.00010050000000000   0.49998297229775449
  0.00010075000000000   0.49998297029093396
  0.00010100000000000   0.49998297319572751
  0.00010125000000000   0.49998297678007084
  0.00010150000000000   0.49998298091421512
  0.00010175000000000   0.49998298914984735
  0.00010200000000000   0.49998300112215724
  0.00010225000000000   0.49998301648202619
  0.00010250000000000   0.49998303828117401
  0.00010275000000000   0.49998306264354384
  0.00010300000000000   0.49998308929987153
  0.00010325000000000   0.49998312419142024
  0.00010350000000000   0.49998316653598335
  0.00010375000000000   0.49998321274137426
  0.00010400000000000   0.49998326801049724
  0.00010425000000000   0.49998333413158982
  0.00010450000000000   0.49998340753784407
  0.00010475000000000   0.49998349496497772
  0.00010500000000000   0.49998359744744916
  0.00010525000000000   0.49998372024221640
  0.00010550000000000   0.49998386370751874
  0.00010575000000000   0.49998403806861826
  0.00010600000000000   0.49998425201190794
  0.00010625000000000   0.49998452340740497
  0.00010650000000000   0.49998488224730360
  0.00010675000000000   0.49998539755691808
  0.00010700000000000   0.49998628987373138
  0.00010725000000000   0.50002501083911780
  0.00010750000000000   0.50003399656124628
  0.00010775000000000   0.50003788452059673
  0.00010800000000000   0.50004066215617210
  0.00010825000000000   0.50004288981540645
  0.00010850000000000   0.50004479763334152
  0.00010875000000000   0.50004647338181202
  0.00010900000000000   0.50004798670461867
  0.00010925000000000   0.50004937125976949
  0.00010950000000000   0.50005065156250641
  0.00010975000000000   0.50005185384938115
  0.00011000000000000   0.50005298692958631
  0.00011025000000000   0.50005406149614988
  0.00011050000000000   0.50005508380001581
  0.00011075000000000   0.50005606578027985
  0.00011100000000000   0.50005699902783771
  0.00011125000000000   0.50005790967214519
  0.00011150000000000   0.50005878605572712
  0.00011175000000000   0.50005963364277705
  0.00011200000000000   0.50006044754761507
  0.00011225000000000   0.50006125102194771
  0.00011250000000000   0.50006202837403491
  0.00011275000000000   0.50006278253421260
  0.00011300000000000   0.50006352609928337
  0.00011325000000000   0.50006424149363826
  0.00011350000000000   0.50006495086411991
  0.00011375000000000   0.50006564609287642
  0.00011400000000000   0.50006632887545811
  0.00011425000000000   0.50006699036535520
  0.00011450000000000   0.50006764221610961
  0.00011475000000000   0.50006828571852383
  0.00011500000000000   0.50006892206054073
  0.00011525000000000   0.50006954168971364
  0.00011550000000000   0.50007015613998886
  0.00011575000000000   0.50007076635367614
  0.00011600000000000   0.50007136237658804
  0.00011625000000000   0.50007194485361063
  0.00011650000000000   0.50007252531998222
  0.00011675000000000   0.50007309350545745
  0.00011700000000000   0.50007366095882941
  0.00011725000000000   0.50007421723007371
  0.00011750000000000   0.50007477389465153
  0.00011775000000000   0.50007532033824195
  0.00011800000000000   0.50007585695196015
  0.00011825000000000   0.50007639536724275
  0.00011850000000000   0.50007692475313797
  0.00011875000000000   0.50007744543355931
  0.00011900000000000   0.50007796910278955
  0.00011925000000000   0.50007848474119086
  0.00011950000000000   0.50007899261870558
  0.00011975000000000   0.50007949299402853
  0.00012000000000000   0.50007999765028659
  0.00012025000000000   0.50008049535130879
  0.00012050000000000   0.50008098631421198
  0.00012075000000000   0.50008147074765632
  0.00012100000000000   0.50008194885221545
  0.00012125000000000   0.50008243251629826
  0.00012150000000000   0.50008291028141147
  0.00012175000000000   0.50008338231716713
  0.00012200000000000   0.50008384878704783
  0.00012225000000000   0.50008432166490094
  0.00012250000000000   0.50008478933853093
  0.00012275000000000   0.50008524006990845
  0.00012300000000000   0.50008569772069020
  0.00012325000000000   0.50008615057257850
  0.00012350000000000   0.50008661070032900
  0.00012375000000000   0.50008705434593682
  0.00012400000000000   0.50008750555158854
  0.00012425000000000   0.50008794045163212
  0.00012450000000000   0.50008838317273608
  0.00012475000000000   0.50008882181811894
  0.00012500000000000   0.50008925648528353
  0.00012525000000000   0.50008969937673296
  0.00012550000000000   0.50009012638494483
  0.00012575000000000   0.50009054968840378
  0.00012600000000000   0.50009098153646953
  0.00012625000000000   0.50009140988335353
  0.00012650000000000   0.50009182260139652
  0.00012675000000000   0.50009224415574716
  0.00012700000000000   0.50009266243433254
  0.00012725000000000   0.50009307750763512
  0.00012750000000000   0.50009350171393539
  0.00012775000000000   0.50009391059351319
  0.00012800000000000   0.50009431646662656
  0.00012825000000000   0.50009473171026700
  0.00012850000000000   0.50009513176771354
  0.00012875000000000   0.50009554134214022
  0.00012900000000000   0.50009594817453284
  0.00012925000000000   0.50009635231843496
  0.00012950000000000   0.50009675382605882
  0.00012975000000000   0.50009715274831778
  0.00013000000000000   0.50009754913485845
  0.00013025000000000   0.50009794303409243
  0.00013050000000000   0.50009833449322766
  0.00013075000000000   0.50009872355829928
  0.00013100000000000   0.50009912272484003
  0.00013125000000000   0.50009950714260258
  0.00013150000000000   0.50009990176763262
