 -0.00020450000000000   0.49990052445829930
 -0.00020425000000000   0.49990202023306738
 -0.00020400000000000   0.49990358549469732
 -0.00020375000000000   0.49990524450276452
 -0.00020350000000000   0.49990702750008170
 -0.00020325000000000   0.49990889090357854
 -0.00020300000000000   0.49991092787132697
 -0.00020275000000000   0.49991312710352028
 -0.00020250000000000   0.49991550875045848
 -0.00020225000000000   0.49991818157212196
 -0.00020200000000000   0.49992122391305751
 -0.00020175000000000   0.49992481380915162
 -0.00020150000000000   0.49992924796731399
 -0.00020125000000000   0.49993537870808140
 -0.00020100000000000   0.49994696467160187
 -0.00020075000000000   0.50002308280208753
 -0.00020050000000000   0.50002473356077082
 -0.00020025000000000   0.50002559795556620
 -0.00020000000000000   0.50002617049447452
 -0.00019975000000000   0.50002658550529863
 -0.00019950000000000   0.50002691128754214
 -0.00019925000000000   0.50002716517925627
 -0.00019900000000000   0.50002737273221850
 -0.00019875000000000   0.50002754131715135
 -0.00019850000000000   0.50002768154116712
 -0.00019825000000000   0.50002779725312275
 -0.00019800000000000   0.50002789388902471
 -0.00019775000000000   0.50002797857335740
 -0.00019750000000000   0.50002804834460348
 -0.00019725000000000   0.50002810006662639
 -0.00019700000000000   0.50002814322344904
 -0.00019675000000000   0.50002817587095167
 -0.00019650000000000   0.50002820961442496
 -0.00019625000000000   0.50002822963318269
 -0.00019600000000000   0.50002823381556891
 -0.00019575000000000   0.50002824984044706
 -0.00019550000000000   0.50002824743758781
 -0.00019525000000000   0.50002825587684459
 -0.00019500000000000   0.50002824322077229
 -0.00019475000000000   0.50002824030098389
 -0.00019450000000000   0.50002821358985950
 -0.00019425000000000   0.50002819546482591
 -0.00019400000000000   0.50002818608614998
 -0.00019375000000000   0.50002816760051562
 -0.00019350000000000   0.50002813904322487
 -0.00019325000000000   0.50002809944199501
 -0.00019300000000000   0.50002808590671024
 -0.00019275000000000   0.50002804143876528
 -0.00019250000000000   0.50002802318150172
 -0.00019225000000000   0.50002797209848944
 -0.00019200000000000   0.50002794735049646
 -0.00019175000000000   0.50002790859150792
 -0.00019150000000000   0.50002785489696892
 -0.00019125000000000   0.50002782800314193
 -0.00019100000000000   0.50002778561716586
 -0.00019075000000000   0.50002772684055301
 -0.00019050000000000   0.50002769527042760
 -0.00019025000000000   0.50002764675497960
 -0.00019000000000000   0.50002760325170237
 -0.00018975000000000   0.50002754165970342
 -0.00018950000000000   0.50002750794539818
 -0.00018925000000000   0.50002745559572983
 -0.00018900000000000   0.50002740774070633
 -0.00018875000000000   0.50002736438648203
 -0.00018850000000000   0.50002730103976699
 -0.00018825000000000   0.50002724165934757
 -0.00018800000000000   0.50002721130262112
 -0.00018775000000000   0.50002713485218249
 -0.00018750000000000   0.50002708743295271
 -0.00018725000000000   0.50002704399626380
 -0.00018700000000000   0.50002697847405136
 -0.00018675000000000   0.50002691642624289
 -0.00018650000000000   0.50002688442821837
 -0.00018625000000000   0.50002682958645974
 -0.00018600000000000   0.50002675117249106
 -0.00018575000000000   0.50002670303936385
 -0.00018550000000000   0.50002665836428534
 -0.00018525000000000   0.50002658940185182
 -0.00018500000000000   0.50002652342217812
 -0.00018475000000000   0.50002648863680165
 -0.00018450000000000   0.50002642885481579
 -0.00018425000000000   0.50002637204496980
 -0.00018400000000000   0.50002628933551868
 -0.00018375000000000   0.50002623824306347
 -0.00018350000000000   0.50002619010005508
 -0.00018325000000000   0.50002611539177918
 -0.00018300000000000   0.50002607291982374
 -0.00018275000000000   0.50002600344988557
 -0.00018250000000000   0.50002593648069736
 -0.00018225000000000   0.50002587200985691
 -0.00018200000000000   0.50002584056200526
 -0.00018175000000000   0.50002575054279841
 -0.00018150000000000   0.50002569353135469
 -0.00018125000000000   0.50002563898805203
 -0.00018100000000000   0.50002558690080159
 -0.00018075000000000   0.50002553725592221
 -0.00018050000000000   0.50002545838231244
 -0.00018025000000000   0.50002541342001202
 -0.00018000000000000   0.50002533883988200
 -0.00017975000000000   0.50002529851417156
 -0.00017950000000000   0.50002522820094069
 -0.00017925000000000   0.50002515991386326
 -0.00017900000000000   0.50002509364829408
 -0.00017875000000000   0.50002502939837669
 -0.00017850000000000   0.50002496715711043
 -0.00017825000000000   0.50002490691641450
 -0.00017800000000000   0.50002484866718894
 -0.00017775000000000   0.50002479239937278
 -0.00017750000000000   0.50002473810199945
 -0.00017725000000000   0.50002468576324953
 -0.00017700000000000   0.50002460132723928
 -0.00017675000000000   0.50002455273327155
 -0.00017650000000000   0.50002450606292547
 -0.00017625000000000   0.50002442681205181
 -0.00017600000000000   0.50002438382494859
 -0.00017575000000000   0.50002430793778937
 -0.00017550000000000   0.50002423363744418
 -0.00017525000000000   0.50002419603740022
 -0.00017500000000000   0.50002412506083803
 -0.00017475000000000   0.50002405565499487
 -0.00017450000000000   0.50002402333901467
 -0.00017425000000000   0.50002395720579593
 -0.00017400000000000   0.50002389262179630
 -0.00017375000000000   0.50002382958019663
 -0.00017350000000000   0.50002376807366254
 -0.00017325000000000   0.50002370809437114
 -0.00017300000000000   0.50002364963403661
 -0.00017275000000000   0.50002359268393483
 -0.00017250000000000   0.50002353723492681
 -0.00017225000000000   0.50002344657744504
 -0.00017200000000000   0.50002339399104939
 -0.00017175000000000   0.50002334287989284
 -0.00017150000000000   0.50002329323334694
 -0.00017125000000000   0.50002320785914112
 -0.00017100000000000   0.50002316101307066
 -0.00017075000000000   0.50002311560158264
 -0.00017050000000000   0.50002303409372038
 -0.00017025000000000   0.50002299143083989
 -0.00017000000000000   0.50002291242262500
 -0.00016975000000000   0.50002287247317984
 -0.00016950000000000   0.50002279594212441
 -0.00016925000000000   0.50002275866879831
 -0.00016900000000000   0.50002268459006395
 -0.00016875000000000   0.50002261166418719
 -0.00016850000000000   0.50002257830025127
 -0.00016825000000000   0.50002250778871570
 -0.00016800000000000   0.50002243841471376
 -0.00016775000000000   0.50002240887585006
 -0.00016750000000000   0.50002234187389972
 -0.00016725000000000   0.50002227599200038
 -0.00016700000000000   0.50002221122489604
 -0.00016675000000000   0.50002214756711179
 -0.00016650000000000   0.50002208501296415
 -0.00016625000000000   0.50002206281757724
 -0.00016600000000000   0.50002200254615689
 -0.00016575000000000   0.50002194335734320
 -0.00016550000000000   0.50002188524474671
 -0.00016525000000000   0.50002182820181514
 -0.00016500000000000   0.50002177222184169
 -0.00016475000000000   0.50002171729797292
 -0.00016450000000000   0.50002162356737457
 -0.00016425000000000   0.50002157066041618
 -0.00016400000000000   0.50002151879080063
 -0.00016375000000000   0.50002146795113162
 -0.00016350000000000   0.50002141813390219
 -0.00016325000000000   0.50002136933150107
 -0.00016300000000000   0.50002128121179739
 -0.00016275000000000   0.50002123435682840
 -0.00016250000000000   0.50002118849571471
 -0.00016225000000000   0.50002114362045855
 -0.00016200000000000   0.50002105911526850
 -0.00016175000000000   0.50002101613798849
 -0.00016150000000000   0.50002097412445532
 -0.00016125000000000   0.50002089225563962
 -0.00016100000000000   0.50002085210208808
 -0.00016075000000000   0.50002081288946387
 -0.00016050000000000   0.50002073361609861
 -0.00016025000000000   0.50002069622393441
 -0.00016000000000000   0.50002061862511035
 -0.00015975000000000   0.50002058302776995
 -0.00015950000000000   0.50002050708630681
 -0.00015925000000000   0.50002047325758662
 -0.00015900000000000   0.50002039895557224
 -0.00015875000000000   0.50002036686876576
 -0.00015850000000000   0.50002029418762287
 -0.00015825000000000   0.50002022226972713
 -0.00015800000000000   0.50002019273612960
 -0.00015775000000000   0.50002012241215538
 -0.00015750000000000   0.50002009455383231
 -0.00015725000000000   0.50002002580375911
 -0.00015700000000000   0.50001995779796367
 -0.00015675000000000   0.50001993239599137
 -0.00015650000000000   0.50001986593513090
 -0.00015625000000000   0.50001980020670612
 -0.00015600000000000   0.50001973520728203
 -0.00015575000000000   0.50001971298911584
 -0.00015550000000000   0.50001964949569068
 -0.00015525000000000   0.50001958671867641
 -0.00015500000000000   0.50001952465438429
 -0.00015475000000000   0.50001950551857146
 -0.00015450000000000   0.50001944491980761
 -0.00015425000000000   0.50001938502056246
 -0.00015400000000000   0.50001932581693667
 -0.00015375000000000   0.50001926730497948
 -0.00015350000000000   0.50001920948069126
 -0.00015325000000000   0.50001915234002573
 -0.00015300000000000   0.50001913836259928
 -0.00015275000000000   0.50001908261632169
 -0.00015250000000000   0.50001902753962337
 -0.00015225000000000   0.50001897312831156
 -0.00015200000000000   0.50001891937815734
 -0.00015175000000000   0.50001886628489754
 -0.00015150000000000   0.50001881384423665
 -0.00015125000000000   0.50001876205184860
 -0.00015100000000000   0.50001871090337858
 -0.00015075000000000   0.50001866039444467
 -0.00015050000000000   0.50001861052063960
 -0.00015025000000000   0.50001856127753223
 -0.00015000000000000   0.50001851266066922
 -0.00014975000000000   0.50001846466557643
 -0.00014950000000000   0.50001841728776044
 -0.00014925000000000   0.50001832761218750
 -0.00014900000000000   0.50001828143882624
 -0.00014875000000000   0.50001823587055775
 -0.00014850000000000   0.50001819090281005
 -0.00014825000000000   0.50001814653099862
 -0.00014800000000000   0.50001810275052762
 -0.00014775000000000   0.50001805955679105
 -0.00014750000000000   0.50001801694517383
 -0.00014725000000000   0.50001793185001159
 -0.00014700000000000   0.50001789038307866
 -0.00014675000000000   0.50001784948565853
 -0.00014650000000000   0.50001780915309676
 -0.00014625000000000   0.50001776938073506
 -0.00014600000000000   0.50001768703132574
 -0.00014575000000000   0.50001764836606772
 -0.00014550000000000   0.50001761024823618
 -0.00014525000000000   0.50001757267315343
 -0.00014500000000000   0.50001749245821534
 -0.00014475000000000   0.50001745596016105
 -0.00014450000000000   0.50001741999199358
 -0.00014425000000000   0.50001734133633379
 -0.00014400000000000   0.50001730642299515
 -0.00014375000000000   0.50001727202663348
 -0.00014350000000000   0.50001719490601125
 -0.00014325000000000   0.50001716154209220
 -0.00014300000000000   0.50001712868221415
 -0.00014275000000000   0.50001705307185794
 -0.00014250000000000   0.50001702122189548
 -0.00014225000000000   0.50001698986303169
 -0.00014200000000000   0.50001691573771459
 -0.00014175000000000   0.50001688536614015
 -0.00014150000000000   0.50001681220554437
 -0.00014125000000000   0.50001678280684257
 -0.00014100000000000   0.50001675387803767
 -0.00014075000000000   0.50001668216076037
 -0.00014050000000000   0.50001665418209711
 -0.00014025000000000   0.50001658340334540
 -0.00014000000000000   0.50001655636033268
 -0.00013975000000000   0.50001648650990261
 -0.00013950000000000   0.50001646038802822
 -0.00013925000000000   0.50001639145561151
 -0.00013900000000000   0.50001636624035135
 -0.00013875000000000   0.50001629821554636
 -0.00013850000000000   0.50001627389237313
 -0.00013825000000000   0.50001620676469524
 -0.00013800000000000   0.50001618331908660
 -0.00013775000000000   0.50001611707797805
 -0.00013750000000000   0.50001609449542420
 -0.00013725000000000   0.50001602913026342
 -0.00013700000000000   0.50001600739627423
 -0.00013675000000000   0.50001594289638463
 -0.00013650000000000   0.50001592199649631
 -0.00013625000000000   0.50001585835115460
 -0.00013600000000000   0.50001583827093592
 -0.00013575000000000   0.50001577546937993
 -0.00013550000000000   0.50001571308188517
 -0.00013525000000000   0.50001569422587421
 -0.00013500000000000   0.50001563266690412
 -0.00013475000000000   0.50001561459547027
 -0.00013450000000000   0.50001555385417868
 -0.00013425000000000   0.50001549351623454
 -0.00013400000000000   0.50001547661855841
 -0.00013375000000000   0.50001541708289164
 -0.00013350000000000   0.50001535794424625
 -0.00013325000000000   0.50001534219066326
 -0.00013300000000000   0.50001528383882946
 -0.00013275000000000   0.50001522587762350
 -0.00013250000000000   0.50001521123858073
 -0.00013225000000000   0.50001515404867690
 -0.00013200000000000   0.50001509724295120
 -0.00013175000000000   0.50001508368903089
 -0.00013150000000000   0.50001502763907345
 -0.00013125000000000   0.50001497196679876
 -0.00013100000000000   0.50001491667033189
 -0.00013075000000000   0.50001490453669241
 -0.00013050000000000   0.50001484997579675
 -0.00013025000000000   0.50001479578415934
 -0.00013000000000000   0.50001478466831308
 -0.00012975000000000   0.50001473119670690
 -0.00012950000000000   0.50001467808778542
 -0.00012925000000000   0.50001462533963314
 -0.00012900000000000   0.50001457295032778
 -0.00012875000000000   0.50001456350818016
 -0.00012850000000000   0.50001451181404297
 -0.00012825000000000   0.50001446047214154
 -0.00012800000000000   0.50001440948053774
 -0.00012775000000000   0.50001440131039260
 -0.00012750000000000   0.50001435099381949
 -0.00012725000000000   0.50001430102092237
 -0.00012700000000000   0.50001425138975179
 -0.00012675000000000   0.50001420209835427
 -0.00012650000000000   0.50001419546685830
 -0.00012625000000000   0.50001414682576907
 -0.00012600000000000   0.50001409851782925
 -0.00012575000000000   0.50001405054107916
 -0.00012550000000000   0.50001400289355638
 -0.00012525000000000   0.50001395557329601
 -0.00012500000000000   0.50001390857833092
 -0.00012475000000000   0.50001390400627653
 -0.00012450000000000   0.50001385762775667
 -0.00012425000000000   0.50001381156792500
 -0.00012400000000000   0.50001376582481439
 -0.00012375000000000   0.50001372039645658
 -0.00012350000000000   0.50001367528088238
 -0.00012325000000000   0.50001363047612183
 -0.00012300000000000   0.50001358598020447
 -0.00012275000000000   0.50001354179115948
 -0.00012250000000000   0.50001353968569621
 -0.00012225000000000   0.50001349607039007
 -0.00012200000000000   0.50001345275540508
 -0.00012175000000000   0.50001340973877696
 -0.00012150000000000   0.50001336701854198
 -0.00012125000000000   0.50001332459273703
 -0.00012100000000000   0.50001328245939990
 -0.00012075000000000   0.50001324061656935
 -0.00012050000000000   0.50001319906228533
 -0.00012025000000000   0.50001315779458907
 -0.00012000000000000   0.50001311681152327
 -0.00011975000000000   0.50001307611113225
 -0.00011950000000000   0.50001303569146204
 -0.00011925000000000   0.50001299555056056
 -0.00011900000000000   0.50001295568647775
 -0.00011875000000000   0.50001291609726567
 -0.00011850000000000   0.50001287678097864
 -0.00011825000000000   0.50001283773567337
 -0.00011800000000000   0.50001279895940905
 -0.00011775000000000   0.50001276045024750
 -0.00011750000000000   0.50001272220625324
 -0.00011725000000000   0.50001268422549366
 -0.00011700000000000   0.50001264650603903
 -0.00011675000000000   0.50001260904596269
 -0.00011650000000000   0.50001257184334110
 -0.00011625000000000   0.50001253489625394
 -0.00011600000000000   0.50001249820278423
 -0.00011575000000000   0.50001246176101837
 -0.00011550000000000   0.50001242556904627
 -0.00011525000000000   0.50001238962496141
 -0.00011500000000000   0.50001235392686094
 -0.00011475000000000   0.50001231847284573
 -0.00011450000000000   0.50001228326102048
 -0.00011425000000000   0.50001224828949376
 -0.00011400000000000   0.50001221355637812
 -0.00011375000000000   0.50001217905979009
 -0.00011350000000000   0.50001214479785034
 -0.00011325000000000   0.50001211076868367
 -0.00011300000000000   0.50001207697041910
 -0.00011275000000000   0.50001200337540906
 -0.00011250000000000   0.50001197008844034
 -0.00011225000000000   0.50001193702723346
 -0.00011200000000000   0.50001190418993099
 -0.00011175000000000   0.50001187157468001
 -0.00011150000000000   0.50001183917963221
 -0.00011125000000000   0.50001180700294391
 -0.00011100000000000   0.50001177504277610
 -0.00011075000000000   0.50001174329729449
 -0.00011050000000000   0.50001167221467997
 -0.00011025000000000   0.50001164095216867
 -0.00011000000000000   0.50001160989928163
 -0.00010975000000000   0.50001157905420035
 -0.00010950000000000   0.50001154841511126
 -0.00010925000000000   0.50001151798020577
 -0.00010900000000000   0.50001148774768033
 -0.00010875000000000   0.50001145771573642
 -0.00010850000000000   0.50001138878189340
 -0.00010825000000000   0.50001135920812175
 -0.00010800000000000   0.50001132982995076
 -0.00010775000000000   0.50001130064559919
 -0.00010750000000000   0.50001127165329098
 -0.00010725000000000   0.50001124285125533
 -0.00010700000000000   0.50001117548315074
 -0.00010675000000000   0.50001114712110603
 -0.00010650000000000   0.50001111894441746
 -0.00010625000000000   0.50001109095133238
 -0.00010600000000000   0.50001106314010346
 -0.00010575000000000   0.50001099704849762
 -0.00010550000000000   0.50001096966238092
 -0.00010525000000000   0.50001094245325958
 -0.00010500000000000   0.50001091541940505
 -0.00010475000000000   0.50001088855909419
 -0.00010450000000000   0.50001082371411663
 -0.00010425000000000   0.50001079726416795
 -0.00010400000000000   0.50001077098296053
 -0.00010375000000000   0.50001074486879047
 -0.00010350000000000   0.50001071891995940
 -0.00010325000000000   0.50001065529177212
 -0.00010300000000000   0.50001062973869350
 -0.00010275000000000   0.50001060434621210
 -0.00010250000000000   0.50001057911264915
 -0.00010225000000000   0.50001051644442068
 -0.00010200000000000   0.50001049159517101
 -0.00010175000000000   0.50001046690014624
 -0.00010150000000000   0.50001044235768745
 -0.00010125000000000   0.50001038063114090
 -0.00010100000000000   0.50001035646164702
 -0.00010075000000000   0.50001033244007493
 -0.00010050000000000   0.50001030856478571
 -0.00010025000000000   0.50001024776167828
 -0.00010000000000000   0.50001022424810080
 -0.00009975000000000   0.50001020087621231
 -0.00009950000000000   0.50001017764439405
 -0.00009925000000000   0.50001011774653123
 -0.00009900000000000   0.50001009486527056
 -0.00009875000000000   0.50001007211953730
 -0.00009850000000000   0.50001001290030159
 -0.00009825000000000   0.50000999049698146
 -0.00009800000000000   0.50000996822468287
 -0.00009775000000000   0.50000994608182200
 -0.00009750000000000   0.50000988773654633
 -0.00009725000000000   0.50000986592512019
 -0.00009700000000000   0.50000984423867799
 -0.00009675000000000   0.50000978654935501
 -0.00009650000000000   0.50000976518632898
 -0.00009625000000000   0.50000974394387080
 -0.00009600000000000   0.50000968690099319
 -0.00009575000000000   0.50000966597398639
 -0.00009550000000000   0.50000964516316931
 -0.00009525000000000   0.50000958875724923
 -0.00009500000000000   0.50000956825397363
 -0.00009475000000000   0.50000954786254778
 -0.00009450000000000   0.50000949208412022
 -0.00009425000000000   0.50000947199238188
 -0.00009400000000000   0.50000945200819158
 -0.00009375000000000   0.50000939684781759
 -0.00009350000000000   0.50000937715551764
 -0.00009325000000000   0.50000935756650242
 -0.00009300000000000   0.50000930301477199
 -0.00009275000000000   0.50000928370990756
 -0.00009250000000000   0.50000926450410300
 -0.00009225000000000   0.50000921055163783
 -0.00009200000000000   0.50000919162230276
 -0.00009175000000000   0.50000917278784118
 -0.00009150000000000   0.50000911942529720
 -0.00009125000000000   0.50000910085968264
 -0.00009100000000000   0.50000904790452161
 -0.00009075000000000   0.50000902960286336
 -0.00009050000000000   0.50000901138925827
 -0.00009025000000000   0.50000895900885998
 -0.00009000000000000   0.50000894105168386
 -0.00008975000000000   0.50000892317847532
 -0.00008950000000000   0.50000887136359000
 -0.00008925000000000   0.50000885373934317
 -0.00008900000000000   0.50000880231651899
 -0.00008875000000000   0.50000878493643668
 -0.00008850000000000   0.50000876763366496
 -0.00008825000000000   0.50000871676134358
 -0.00008800000000000   0.50000869969536614
 -0.00008775000000000   0.50000864920567622
 -0.00008750000000000   0.50000863237175455
 -0.00008725000000000   0.50000861560858729
 -0.00008700000000000   0.50000856565449006
 -0.00008675000000000   0.50000854911610616
 -0.00008650000000000   0.50000849953525877
 -0.00008625000000000   0.50000848321697913
 -0.00008600000000000   0.50000843400577363
 -0.00008575000000000   0.50000841790294165
 -0.00008550000000000   0.50000840186189078
 -0.00008525000000000   0.50000835316575675
 -0.00008500000000000   0.50000833733301690
 -0.00008475000000000   0.50000828899721558
 -0.00008450000000000   0.50000827336819033
 -0.00008425000000000   0.50000822538913797
 -0.00008400000000000   0.50000820995925373
 -0.00008375000000000   0.50000819458236841
 -0.00008350000000000   0.50000814709807898
 -0.00008325000000000   0.50000813191333428
 -0.00008300000000000   0.50000808477656764
 -0.00008275000000000   0.50000806977945053
 -0.00008250000000000   0.50000802298665139
 -0.00008225000000000   0.50000800817267182
 -0.00008200000000000   0.50000796172029240
 -0.00008175000000000   0.50000794708498339
 -0.00008150000000000   0.50000790096948370
 -0.00008125000000000   0.50000788650840134
 -0.00008100000000000   0.50000784072624953
 -0.00008075000000000   0.50000782643497301
 -0.00008050000000000   0.50000778098264565
 -0.00008025000000000   0.50000776685677729
 -0.00008000000000000   0.50000775276581225
 -0.00007975000000000   0.50000770776592486
 -0.00007950000000000   0.50000769383365379
 -0.00007925000000000   0.50000764915455848
 -0.00007900000000000   0.50000763537664423
 -0.00007875000000000   0.50000759101485323
 -0.00007850000000000   0.50000757738698170
 -0.00007825000000000   0.50000753333901672
 -0.00007800000000000   0.50000751985689685
 -0.00007775000000000   0.50000747611928925
 -0.00007750000000000   0.50000746277865300
 -0.00007725000000000   0.50000741934794407
 -0.00007700000000000   0.50000740614454635
 -0.00007675000000000   0.50000736301728745
 -0.00007650000000000   0.50000734994690611
 -0.00007625000000000   0.50000730711965890
 -0.00007600000000000   0.50000729417809466
 -0.00007575000000000   0.50000725164743121
 -0.00007550000000000   0.50000720930158905
 -0.00007525000000000   0.50000719659301064
 -0.00007500000000000   0.50000715453885952
 -0.00007475000000000   0.50000714194883695
 -0.00007450000000000   0.50000710018297216
 -0.00007425000000000   0.50000708770738353
 -0.00007400000000000   0.50000704622641137
 -0.00007375000000000   0.50000703386115740
 -0.00007350000000000   0.50000699266169533
 -0.00007325000000000   0.50000698040269933
 -0.00007300000000000   0.50000693948137607
 -0.00007275000000000   0.50000692732458381
 -0.00007250000000000   0.50000688667803945
 -0.00007225000000000   0.50000684620690950
 -0.00007200000000000   0.50000683424430524
 -0.00007175000000000   0.50000679404314242
 -0.00007150000000000   0.50000678217282707
 -0.00007125000000000   0.50000674223829711
 -0.00007100000000000   0.50000673045629244
 -0.00007075000000000   0.50000669078507283
 -0.00007050000000000   0.50000667908742270
 -0.00007025000000000   0.50000663967620275
 -0.00007000000000000   0.50000660043397111
 -0.00006975000000000   0.50000658890445394
 -0.00006950000000000   0.50000654991747031
 -0.00006925000000000   0.50000653846262731
 -0.00006900000000000   0.50000649972760783
 -0.00006875000000000   0.50000648834355758
 -0.00006850000000000   0.50000644985723047
 -0.00006825000000000   0.50000641153495121
 -0.00006800000000000   0.50000640029921878
 -0.00006775000000000   0.50000636222092844
 -0.00006750000000000   0.50000635104648703
 -0.00006725000000000   0.50000631320894137
 -0.00006700000000000   0.50000627553196671
 -0.00006675000000000   0.50000626449195010
 -0.00006650000000000   0.50000622705105092
 -0.00006625000000000   0.50000621606294833
 -0.00006600000000000   0.50000617885490834
 -0.00006575000000000   0.50000614180397473
 -0.00006550000000000   0.50000613093657842
 -0.00006525000000000   0.50000609411386989
 -0.00006500000000000   0.50000608328913397
 -0.00006475000000000   0.50000604669146250
 -0.00006450000000000   0.50000601024744632
 -0.00006425000000000   0.50000599952987102
 -0.00006400000000000   0.50000596330629357
 -0.00006375000000000   0.50000595262224701
 -0.00006350000000000   0.50000591661594877
 -0.00006325000000000   0.50000588075986939
 -0.00006300000000000   0.50000587016960887
 -0.00006275000000000   0.50000583452624669
 -0.00006250000000000   0.50000579903109330
 -0.00006225000000000   0.50000578852672783
 -0.00006200000000000   0.50000575323975010
 -0.00006175000000000   0.50000574275458775
 -0.00006150000000000   0.50000570767267109
 -0.00006125000000000   0.50000567273555074
 -0.00006100000000000   0.50000566232317614
 -0.00006075000000000   0.50000562758661234
 -0.00006050000000000   0.50000559299284728
 -0.00006025000000000   0.50000558264552443
 -0.00006000000000000   0.50000554824783228
 -0.00005975000000000   0.50000551399094578
 -0.00005950000000000   0.50000550370099516
 -0.00005925000000000   0.50000546963571894
 -0.00005900000000000   0.50000545934577710
 -0.00005875000000000   0.50000542546905813
 -0.00005850000000000   0.50000539172976792
 -0.00005825000000000   0.50000538148444869
 -0.00005800000000000   0.50000534792929064
 -0.00005775000000000   0.50000531450958258
 -0.00005750000000000   0.50000530430135733
 -0.00005725000000000   0.50000527106137756
 -0.00005700000000000   0.50000523795487413
 -0.00005675000000000   0.50000522777626915
 -0.00005650000000000   0.50000519484511140
 -0.00005625000000000   0.50000516204546158
 -0.00005600000000000   0.50000515188905768
 -0.00005575000000000   0.50000511926039224
 -0.00005550000000000   0.50000508676127173
 -0.00005525000000000   0.50000507661970375
 -0.00005500000000000   0.50000504428722763
 -0.00005475000000000   0.50000501208233895
 -0.00005450000000000   0.50000500194829533
 -0.00005425000000000   0.50000496990573240
 -0.00005400000000000   0.50000493798880502
 -0.00005375000000000   0.50000490619692061
 -0.00005350000000000   0.50000489609612841
 -0.00005325000000000   0.50000486446091886
 -0.00005300000000000   0.50000483294880679
 -0.00005275000000000   0.50000482283874425
 -0.00005250000000000   0.50000479147903617
 -0.00005225000000000   0.50000476024048594
 -0.00005200000000000   0.50000475011401490
 -0.00005175000000000   0.50000471902361906
 -0.00005150000000000   0.50000468805244739
 -0.00005125000000000   0.50000465719990919
 -0.00005100000000000   0.50000464707523562
 -0.00005075000000000   0.50000461636528646
 -0.00005050000000000   0.50000458577204396
 -0.00005025000000000   0.50000457561455944
 -0.00005000000000000   0.50000454515970398
 -0.00004975000000000   0.50000451481963445
 -0.00004950000000000   0.50000448459376169
 -0.00004925000000000   0.50000447441650569
 -0.00004900000000000   0.50000444432351365
 -0.00004875000000000   0.50000441434280477
 -0.00004850000000000   0.50000440411660173
 -0.00004825000000000   0.50000437426461889
 -0.00004800000000000   0.50000434452301180
 -0.00004775000000000   0.50000431489119308
 -0.00004750000000000   0.50000430462399113
 -0.00004725000000000   0.50000427511545089
 -0.00004700000000000   0.50000424571479891
 -0.00004675000000000   0.50000423538277442
 -0.00004650000000000   0.50000420610129310
 -0.00004625000000000   0.50000417692580624
 -0.00004600000000000   0.50000414785572846
 -0.00004575000000000   0.50000413746181171
 -0.00004550000000000   0.50000410850551527
 -0.00004525000000000   0.50000407965274152
 -0.00004500000000000   0.50000405090290611
 -0.00004475000000000   0.50000404043532761
 -0.00004450000000000   0.50000401179391633
 -0.00004425000000000   0.50000398325356446
 -0.00004400000000000   0.50000395481368874
 -0.00004375000000000   0.50000394426078178
 -0.00004350000000000   0.50000391592400489
 -0.00004325000000000   0.50000388768583274
 -0.00004300000000000   0.50000385954568323
 -0.00004275000000000   0.50000384889588246
 -0.00004250000000000   0.50000382085353817
 -0.00004225000000000   0.50000379290735263
 -0.00004200000000000   0.50000376505674493
 -0.00004175000000000   0.50000373730113416
 -0.00004150000000000   0.50000372654052048
 -0.00004125000000000   0.50000369887617735
 -0.00004100000000000   0.50000367130497604
 -0.00004075000000000   0.50000364382633688
 -0.00004050000000000   0.50000363294320145
 -0.00004025000000000   0.50000360555060529
 -0.00004000000000000   0.50000357824872374
 -0.00003975000000000   0.50000355103697840
 -0.00003950000000000   0.50000354002007417
 -0.00003925000000000   0.50000351288917805
 -0.00003900000000000   0.50000348584657816
 -0.00003875000000000   0.50000345889169740
 -0.00003850000000000   0.50000343202395875
 -0.00003825000000000   0.50000342085067831
 -0.00003800000000000   0.50000339405737021
 -0.00003775000000000   0.50000336734937302
 -0.00003750000000000   0.50000334072611102
 -0.00003725000000000   0.50000331418700862
 -0.00003700000000000   0.50000330284016933
 -0.00003675000000000   0.50000327636912255
 -0.00003650000000000   0.50000324998041290
 -0.00003625000000000   0.50000322367346613
 -0.00003600000000000   0.50000319744770807
 -0.00003575000000000   0.50000318591029894
 -0.00003550000000000   0.50000315974626477
 -0.00003525000000000   0.50000313366160557
 -0.00003500000000000   0.50000310765574853
 -0.00003475000000000   0.50000308172812098
 -0.00003450000000000   0.50000306998329969
 -0.00003425000000000   0.50000304411110690
 -0.00003400000000000   0.50000301831533852
 -0.00003375000000000   0.50000299259542321
 -0.00003350000000000   0.50000296695078977
 -0.00003325000000000   0.50000295498187968
 -0.00003300000000000   0.50000292938643390
 -0.00003275000000000   0.50000290386447348
 -0.00003250000000000   0.50000287841542861
 -0.00003225000000000   0.50000285303872958
 -0.00003200000000000   0.50000282773380681
 -0.00003175000000000   0.50000281549549969
 -0.00003150000000000   0.50000279023234038
 -0.00003125000000000   0.50000276503917055
 -0.00003100000000000   0.50000273991542202
 -0.00003075000000000   0.50000271486052670
 -0.00003050000000000   0.50000268987391667
 -0.00003025000000000   0.50000267734273086
 -0.00003000000000000   0.50000265239051562
 -0.00002975000000000   0.50000262750480849
 -0.00002950000000000   0.50000260268504291
 -0.00002925000000000   0.50000257793065244
 -0.00002900000000000   0.50000255324107079
 -0.00002875000000000   0.50000254039378432
 -0.00002850000000000   0.50000251573128324
 -0.00002825000000000   0.50000249113182324
 -0.00002800000000000   0.50000246659483941
 -0.00002775000000000   0.50000244211976693
 -0.00002750000000000   0.50000241770604116
 -0.00002725000000000   0.50000240451968607
 -0.00002700000000000   0.50000238012577993
 -0.00002675000000000   0.50000235579146202
 -0.00002650000000000   0.50000233151616904
 -0.00002625000000000   0.50000230729933779
 -0.00002600000000000   0.50000228314040524
 -0.00002575000000000   0.50000225903880848
 -0.00002550000000000   0.50000224544594037
 -0.00002525000000000   0.50000222135576796
 -0.00002500000000000   0.50000219732118313
 -0.00002475000000000   0.50000217334162428
 -0.00002450000000000   0.50000214941652997
 -0.00002425000000000   0.50000212554533888
 -0.00002400000000000   0.50000210172748984
 -0.00002375000000000   0.50000207796242182
 -0.00002350000000000   0.50000206388281036
 -0.00002325000000000   0.50000204011966069
 -0.00002300000000000   0.50000201640755492
 -0.00002275000000000   0.50000199274593330
 -0.00002250000000000   0.50000196913423620
 -0.00002225000000000   0.50000194557190413
 -0.00002200000000000   0.50000192205837775
 -0.00002175000000000   0.50000189859309783
 -0.00002150000000000   0.50000188398737488
 -0.00002125000000000   0.50000186051458893
 -0.00002100000000000   0.50000183708832308
 -0.00002075000000000   0.50000181370801934
 -0.00002050000000000   0.50000179037311984
 -0.00002025000000000   0.50000176708306687
 -0.00002000000000000   0.50000174383730282
 -0.00001975000000000   0.50000172063527022
 -0.00001950000000000   0.50000169747641174
 -0.00001925000000000   0.50000168224569767
 -0.00001900000000000   0.50000165906882901
 -0.00001875000000000   0.50000163593341948
 -0.00001850000000000   0.50000161283891293
 -0.00001825000000000   0.50000158978475329
 -0.00001800000000000   0.50000156677038466
 -0.00001775000000000   0.50000154379525121
 -0.00001750000000000   0.50000152085879728
 -0.00001725000000000   0.50000149796046728
 -0.00001700000000000   0.50000147509970579
 -0.00001675000000000   0.50000145227595745
 -0.00001650000000000   0.50000143623918125
 -0.00001625000000000   0.50000141338471573
 -0.00001600000000000   0.50000139056556125
 -0.00001575000000000   0.50000136778116357
 -0.00001550000000000   0.50000134503096857
 -0.00001525000000000   0.50000132231442223
 -0.00001500000000000   0.50000129963097063
 -0.00001475000000000   0.50000127698005998
 -0.00001450000000000   0.50000125436113658
 -0.00001425000000000   0.50000123177364682
 -0.00001400000000000   0.50000120921703723
 -0.00001375000000000   0.50000118669075441
 -0.00001350000000000   0.50000116970296441
 -0.00001325000000000   0.50000114713224841
 -0.00001300000000000   0.50000112459017001
 -0.00001275000000000   0.50000110207617682
 -0.00001250000000000   0.50000107958971653
 -0.00001225000000000   0.50000105713023695
 -0.00001200000000000   0.50000103469718596
 -0.00001175000000000   0.50000101229001153
 -0.00001150000000000   0.50000098990816172
 -0.00001125000000000   0.50000096755108467
 -0.00001100000000000   0.50000094521822863
 -0.00001075000000000   0.50000092290904188
 -0.00001050000000000   0.50000090062297284
 -0.00001025000000000   0.50000087835946997
 -0.00001000000000000   0.50000085611798182
 -0.00000975000000000   0.50000083389795702
 -0.00000950000000000   0.50000081169884427
 -0.00000925000000000   0.50000079326520308
 -0.00000900000000000   0.50000077100246150
 -0.00000875000000000   0.50000074875895880
 -0.00000850000000000   0.50000072653414456
 -0.00000825000000000   0.50000070432746840
 -0.00000800000000000   0.50000068213838001
 -0.00000775000000000   0.50000065996632914
 -0.00000750000000000   0.50000063781076560
 -0.00000725000000000   0.50000061567113924
 -0.00000700000000000   0.50000059354690000
 -0.00000675000000000   0.50000057143749785
 -0.00000650000000000   0.50000054934238282
 -0.00000625000000000   0.50000052726100498
 -0.00000600000000000   0.50000050519281447
 -0.00000575000000000   0.50000048313726145
 -0.00000550000000000   0.50000046109379615
 -0.00000525000000000   0.50000043906186882
 -0.00000500000000000   0.50000041704092978
 -0.00000475000000000   0.50000039503042935
 -0.00000450000000000   0.50000037302981793
 -0.00000425000000000   0.50000035103854592
 -0.00000400000000000   0.50000032905606378
 -0.00000375000000000   0.50000030708182198
 -0.00000350000000000   0.50000028511527103
 -0.00000325000000000   0.50000026315586147
 -0.00000300000000000   0.50000024120304387
 -0.00000275000000000   0.50000021925626881
 -0.00000250000000000   0.50000019731498689
 -0.00000225000000000   0.50000017537864875
 -0.00000200000000000   0.50000015344670503
 -0.00000175000000000   0.50000013151860640
 -0.00000150000000000   0.50000010959380353
 -0.00000125000000000   0.50000008767174711
 -0.00000100000000000   0.50000006575188784
 -0.00000075000000000   0.50000004383367642
 -0.00000050000000000   0.50000002191656357
 -0.00000025000000000   0.50000000000000000
  0.00000000000000000   0.49999997808343643
  0.00000025000000000   0.49999995616632358
  0.00000050000000000   0.49999993424811216
  0.00000075000000000   0.49999991232825288
  0.00000100000000000   0.49999989040619647
  0.00000125000000000   0.49999986848139359
  0.00000150000000000   0.49999984655329496
  0.00000175000000000   0.49999982462135125
  0.00000200000000000   0.49999980268501311
  0.00000225000000000   0.49999978074373119
  0.00000250000000000   0.49999975879695613
  0.00000275000000000   0.49999973684413852
  0.00000300000000000   0.49999971488472897
  0.00000325000000000   0.49999969291817802
  0.00000350000000000   0.49999967094393622
  0.00000375000000000   0.49999964896145407
  0.00000400000000000   0.49999962697018206
  0.00000425000000000   0.49999960496957064
  0.00000450000000000   0.49999958295907022
  0.00000475000000000   0.49999956093813117
  0.00000500000000000   0.49999953890620385
  0.00000525000000000   0.49999951686273854
  0.00000550000000000   0.49999949480718553
  0.00000575000000000   0.49999947273899501
  0.00000600000000000   0.49999945065761718
  0.00000625000000000   0.49999942856250214
  0.00000650000000000   0.49999940645309999
  0.00000675000000000   0.49999938432886075
  0.00000700000000000   0.49999936218923440
  0.00000725000000000   0.49999934003367085
  0.00000750000000000   0.49999931786161998
  0.00000775000000000   0.49999929567253159
  0.00000800000000000   0.49999927346585543
  0.00000825000000000   0.49999925124104120
  0.00000850000000000   0.49999922899753850
  0.00000875000000000   0.49999920673479691
  0.00000900000000000   0.49999918830115573
  0.00000925000000000   0.49999916610204297
  0.00000950000000000   0.49999914388201817
  0.00000975000000000   0.49999912164053002
  0.00001000000000000   0.49999909937702715
  0.00001025000000000   0.49999907709095811
  0.00001050000000000   0.49999905478177137
  0.00001075000000000   0.49999903244891532
  0.00001100000000000   0.49999901009183828
  0.00001125000000000   0.49999898770998847
  0.00001150000000000   0.49999896530281404
  0.00001175000000000   0.49999894286976304
  0.00001200000000000   0.49999892041028346
  0.00001225000000000   0.49999889792382318
  0.00001250000000000   0.49999887540982998
  0.00001275000000000   0.49999885286775158
  0.00001300000000000   0.49999883029703558
  0.00001325000000000   0.49999881330924559
  0.00001350000000000   0.49999879078296277
  0.00001375000000000   0.49999876822635317
  0.00001400000000000   0.49999874563886342
  0.00001425000000000   0.49999872301994001
  0.00001450000000000   0.49999870036902936
  0.00001475000000000   0.49999867768557777
  0.00001500000000000   0.49999865496903142
  0.00001525000000000   0.49999863221883642
  0.00001550000000000   0.49999860943443875
  0.00001575000000000   0.49999858661528427
  0.00001600000000000   0.49999856376081875
  0.00001625000000000   0.49999854772404254
  0.00001650000000000   0.49999852490029421
  0.00001675000000000   0.49999850203953271
  0.00001700000000000   0.49999847914120272
  0.00001725000000000   0.49999845620474878
  0.00001750000000000   0.49999843322961534
  0.00001775000000000   0.49999841021524670
  0.00001800000000000   0.49999838716108707
  0.00001825000000000   0.49999836406658051
  0.00001850000000000   0.49999834093117099
  0.00001875000000000   0.49999831775430232
  0.00001900000000000   0.49999830252358826
  0.00001925000000000   0.49999827936472977
  0.00001950000000000   0.49999825616269717
  0.00001975000000000   0.49999823291693313
  0.00002000000000000   0.49999820962688015
  0.00002025000000000   0.49999818629198066
  0.00002050000000000   0.49999816291167692
  0.00002075000000000   0.49999813948541107
  0.00002100000000000   0.49999811601262512
  0.00002125000000000   0.49999810140690217
  0.00002150000000000   0.49999807794162225
  0.00002175000000000   0.49999805442809586
  0.00002200000000000   0.49999803086576380
  0.00002225000000000   0.49999800725406670
  0.00002250000000000   0.49999798359244508
  0.00002275000000000   0.49999795988033931
  0.00002300000000000   0.49999793611718963
  0.00002325000000000   0.49999792203757818
  0.00002350000000000   0.49999789827251015
  0.00002375000000000   0.49999787445466112
  0.00002400000000000   0.49999785058347003
  0.00002425000000000   0.49999782665837571
  0.00002450000000000   0.49999780267881687
  0.00002475000000000   0.49999777864423204
  0.00002500000000000   0.49999775455405963
  0.00002525000000000   0.49999774096119151
  0.00002550000000000   0.49999771685959476
  0.00002575000000000   0.49999769270066221
  0.00002600000000000   0.49999766848383096
  0.00002625000000000   0.49999764420853797
  0.00002650000000000   0.49999761987422007
  0.00002675000000000   0.49999759548031393
  0.00002700000000000   0.49999758229395884
  0.00002725000000000   0.49999755788023307
  0.00002750000000000   0.49999753340516059
  0.00002775000000000   0.49999750886817675
  0.00002800000000000   0.49999748426871676
  0.00002825000000000   0.49999745960621567
  0.00002850000000000   0.49999744675892920
  0.00002875000000000   0.49999742206934756
  0.00002900000000000   0.49999739731495709
  0.00002925000000000   0.49999737249519150
  0.00002950000000000   0.49999734760948437
  0.00002975000000000   0.49999732265726913
  0.00003000000000000   0.49999731012608332
  0.00003025000000000   0.49999728513947329
  0.00003050000000000   0.49999726008457798
  0.00003075000000000   0.49999723496082945
  0.00003100000000000   0.49999720976765962
  0.00003125000000000   0.49999718450450031
  0.00003150000000000   0.49999717226619319
  0.00003175000000000   0.49999714696127042
  0.00003200000000000   0.49999712158457139
  0.00003225000000000   0.49999709613552651
  0.00003250000000000   0.49999707061356610
  0.00003275000000000   0.49999704501812032
  0.00003300000000000   0.49999703304921023
  0.00003325000000000   0.49999700740457679
  0.00003350000000000   0.49999698168466148
  0.00003375000000000   0.49999695588889309
  0.00003400000000000   0.49999693001670031
  0.00003425000000000   0.49999691827187901
  0.00003450000000000   0.49999689234425146
  0.00003475000000000   0.49999686633839443
  0.00003500000000000   0.49999684025373523
  0.00003525000000000   0.49999681408970105
  0.00003550000000000   0.49999680255229192
  0.00003575000000000   0.49999677632653386
  0.00003600000000000   0.49999675001958709
  0.00003625000000000   0.49999672363087745
  0.00003650000000000   0.49999669715983067
  0.00003675000000000   0.49999668581299138
  0.00003700000000000   0.49999665927388897
  0.00003725000000000   0.49999663265062698
  0.00003750000000000   0.49999660594262978
  0.00003775000000000   0.49999657914932168
  0.00003800000000000   0.49999656797604125
  0.00003825000000000   0.49999654110830260
  0.00003850000000000   0.49999651415342184
  0.00003875000000000   0.49999648711082195
  0.00003900000000000   0.49999645997992583
  0.00003925000000000   0.49999644896302160
  0.00003950000000000   0.49999642175127626
  0.00003975000000000   0.49999639444939470
  0.00004000000000000   0.49999636705679855
  0.00004025000000000   0.49999635617366312
  0.00004050000000000   0.49999632869502396
  0.00004075000000000   0.49999630112382264
  0.00004100000000000   0.49999627345947952
  0.00004125000000000   0.49999626269886584
  0.00004150000000000   0.49999623494325507
  0.00004175000000000   0.49999620709264736
  0.00004200000000000   0.49999617914646182
  0.00004225000000000   0.49999615110411754
  0.00004250000000000   0.49999614045431677
  0.00004275000000000   0.49999611231416725
  0.00004300000000000   0.49999608407599510
  0.00004325000000000   0.49999605573921822
  0.00004350000000000   0.49999604518631125
  0.00004375000000000   0.49999601674643554
  0.00004400000000000   0.49999598820608366
  0.00004425000000000   0.49999595956467238
  0.00004450000000000   0.49999594909709389
  0.00004475000000000   0.49999592034725848
  0.00004500000000000   0.49999589149448472
  0.00004525000000000   0.49999586253818829
  0.00004550000000000   0.49999585214427154
  0.00004575000000000   0.49999582307419376
  0.00004600000000000   0.49999579389870690
  0.00004625000000000   0.49999576461722557
  0.00004650000000000   0.49999575428520108
  0.00004675000000000   0.49999572488454911
  0.00004700000000000   0.49999569537600886
  0.00004725000000000   0.49999568510880691
  0.00004750000000000   0.49999565547698820
  0.00004775000000000   0.49999562573538111
  0.00004800000000000   0.49999559588339826
  0.00004825000000000   0.49999558565719523
  0.00004850000000000   0.49999555567648634
  0.00004875000000000   0.49999552558349430
  0.00004900000000000   0.49999551540623831
  0.00004925000000000   0.49999548518036555
  0.00004950000000000   0.49999545484029602
  0.00004975000000000   0.49999542438544056
  0.00005000000000000   0.49999541422795604
  0.00005025000000000   0.49999538363471353
  0.00005050000000000   0.49999535292476438
  0.00005075000000000   0.49999534280009080
  0.00005100000000000   0.49999531194755261
  0.00005125000000000   0.49999528097638094
  0.00005150000000000   0.49999524988598510
  0.00005175000000000   0.49999523975951406
  0.00005200000000000   0.49999520852096382
  0.00005225000000000   0.49999517716125574
  0.00005250000000000   0.49999516705119320
  0.00005275000000000   0.49999513553908113
  0.00005300000000000   0.49999510390387158
  0.00005325000000000   0.49999509380307938
  0.00005350000000000   0.49999506201119497
  0.00005375000000000   0.49999503009426760
  0.00005400000000000   0.49999499805170466
  0.00005425000000000   0.49999498791766105
  0.00005450000000000   0.49999495571277237
  0.00005475000000000   0.49999492338029625
  0.00005500000000000   0.49999491323872827
  0.00005525000000000   0.49999488073960775
  0.00005550000000000   0.49999484811094231
  0.00005575000000000   0.49999483795453841
  0.00005600000000000   0.49999480515488860
  0.00005625000000000   0.49999477222373084
  0.00005650000000000   0.49999476204512587
  0.00005675000000000   0.49999472893862243
  0.00005700000000000   0.49999469569864266
  0.00005725000000000   0.49999468549041741
  0.00005750000000000   0.49999465207070936
  0.00005775000000000   0.49999461851555130
  0.00005800000000000   0.49999460827023208
  0.00005825000000000   0.49999457453094186
  0.00005850000000000   0.49999454065422289
  0.00005875000000000   0.49999453036428106
  0.00005900000000000   0.49999449629900483
  0.00005925000000000   0.49999448600905421
  0.00005950000000000   0.49999445175216771
  0.00005975000000000   0.49999441735447556
  0.00006000000000000   0.49999440700715271
  0.00006025000000000   0.49999437241338765
  0.00006050000000000   0.49999433767682385
  0.00006075000000000   0.49999432726444925
  0.00006100000000000   0.49999429232732890
  0.00006125000000000   0.49999425724541224
  0.00006150000000000   0.49999424676024989
  0.00006175000000000   0.49999421147327216
  0.00006200000000000   0.49999420096890669
  0.00006225000000000   0.49999416547375330
  0.00006250000000000   0.49999412983039113
  0.00006275000000000   0.49999411924013061
  0.00006300000000000   0.49999408338405123
  0.00006325000000000   0.49999404737775298
  0.00006350000000000   0.49999403669370642
  0.00006375000000000   0.49999400047012897
  0.00006400000000000   0.49999398975255367
  0.00006425000000000   0.49999395330853749
  0.00006450000000000   0.49999391671086602
  0.00006475000000000   0.49999390588613011
  0.00006500000000000   0.49999386906342158
  0.00006525000000000   0.49999385819602526
  0.00006550000000000   0.49999382114509165
  0.00006575000000000   0.49999378393705167
  0.00006600000000000   0.49999377294894907
  0.00006625000000000   0.49999373550804989
  0.00006650000000000   0.49999372446803329
  0.00006675000000000   0.49999368679105862
  0.00006700000000000   0.49999364895351297
  0.00006725000000000   0.49999363777907155
  0.00006750000000000   0.49999359970078121
  0.00006775000000000   0.49999358846504878
  0.00006800000000000   0.49999355014276952
  0.00006825000000000   0.49999351165644242
  0.00006850000000000   0.49999350027239216
  0.00006875000000000   0.49999346153737268
  0.00006900000000000   0.49999345008252969
  0.00006925000000000   0.49999341109554606
  0.00006950000000000   0.49999339956602888
  0.00006975000000000   0.49999336032379725
  0.00007000000000000   0.49999332091257729
  0.00007025000000000   0.49999330921492716
  0.00007050000000000   0.49999326954370756
  0.00007075000000000   0.49999325776170288
  0.00007100000000000   0.49999321782717292
  0.00007125000000000   0.49999320595685758
  0.00007150000000000   0.49999316575569475
  0.00007175000000000   0.49999315379309049
  0.00007200000000000   0.49999311332196054
  0.00007225000000000   0.49999307267541619
  0.00007250000000000   0.49999306051862392
  0.00007275000000000   0.49999301959730067
  0.00007300000000000   0.49999300733830466
  0.00007325000000000   0.49999296613884259
  0.00007350000000000   0.49999295377358862
  0.00007375000000000   0.49999291229261647
  0.00007400000000000   0.49999289981702783
  0.00007425000000000   0.49999285805116304
  0.00007450000000000   0.49999284546114047
  0.00007475000000000   0.49999280340698936
  0.00007500000000000   0.49999279069841095
  0.00007525000000000   0.49999274835256878
  0.00007550000000000   0.49999270582190534
  0.00007575000000000   0.49999269288034110
  0.00007600000000000   0.49999265005309388
  0.00007625000000000   0.49999263698271254
  0.00007650000000000   0.49999259385545365
  0.00007675000000000   0.49999258065205592
  0.00007700000000000   0.49999253722134699
  0.00007725000000000   0.49999252388071074
  0.00007750000000000   0.49999248014310314
  0.00007775000000000   0.49999246666098328
  0.00007800000000000   0.49999242261301829
  0.00007825000000000   0.49999240898514676
  0.00007850000000000   0.49999236462335576
  0.00007875000000000   0.49999235084544151
  0.00007900000000000   0.49999230616634620
  0.00007925000000000   0.49999229223407513
  0.00007950000000000   0.49999224723418774
  0.00007975000000000   0.49999223314322270
  0.00008000000000000   0.49999221901735435
  0.00008025000000000   0.49999217356502698
  0.00008050000000000   0.49999215927375046
  0.00008075000000000   0.49999211349159866
  0.00008100000000000   0.49999209903051629
  0.00008125000000000   0.49999205291501660
  0.00008150000000000   0.49999203827970759
  0.00008175000000000   0.49999199182732817
  0.00008200000000000   0.49999197701334860
  0.00008225000000000   0.49999193022054947
  0.00008250000000000   0.49999191522343235
  0.00008275000000000   0.49999186808666571
  0.00008300000000000   0.49999185290192101
  0.00008325000000000   0.49999180541763158
  0.00008350000000000   0.49999179004074626
  0.00008375000000000   0.49999177461086202
  0.00008400000000000   0.49999172663180966
  0.00008425000000000   0.49999171100278441
  0.00008450000000000   0.49999166266698310
  0.00008475000000000   0.49999164683424324
  0.00008500000000000   0.49999159813810922
  0.00008525000000000   0.49999158209705834
  0.00008550000000000   0.49999156599422636
  0.00008575000000000   0.49999151678302086
  0.00008600000000000   0.49999150046474122
  0.00008625000000000   0.49999145088389383
  0.00008650000000000   0.49999143434550993
  0.00008675000000000   0.49999138439141270
  0.00008700000000000   0.49999136762824544
  0.00008725000000000   0.49999135079432377
  0.00008750000000000   0.49999130030463385
  0.00008775000000000   0.49999128323865641
  0.00008800000000000   0.49999123236633503
  0.00008825000000000   0.49999121506356332
  0.00008850000000000   0.49999119768348100
  0.00008875000000000   0.49999114626065682
  0.00008900000000000   0.49999112863641000
  0.00008925000000000   0.49999107682152468
  0.00008950000000000   0.49999105894831613
  0.00008975000000000   0.49999104099114001
  0.00009000000000000   0.49999098861074172
  0.00009025000000000   0.49999097039713663
  0.00009050000000000   0.49999095209547838
  0.00009075000000000   0.49999089914031735
  0.00009100000000000   0.49999088057470279
  0.00009125000000000   0.49999082721215881
  0.00009150000000000   0.49999080837769723
  0.00009175000000000   0.49999078944836216
  0.00009200000000000   0.49999073549589699
  0.00009225000000000   0.49999071629009243
  0.00009250000000000   0.49999069698522800
  0.00009275000000000   0.49999064243349757
  0.00009300000000000   0.49999062284448235
  0.00009325000000000   0.49999060315218240
  0.00009350000000000   0.49999054799180841
  0.00009375000000000   0.49999052800761811
  0.00009400000000000   0.49999050791587977
  0.00009425000000000   0.49999045213745222
  0.00009450000000000   0.49999043174602635
  0.00009475000000000   0.49999041124275077
  0.00009500000000000   0.49999035483683068
  0.00009525000000000   0.49999033402601360
  0.00009550000000000   0.49999031309900680
  0.00009575000000000   0.49999025605612919
  0.00009600000000000   0.49999023481367102
  0.00009625000000000   0.49999021345064498
  0.00009650000000000   0.49999015576132200
  0.00009675000000000   0.49999013407487980
  0.00009700000000000   0.49999011226345366
  0.00009725000000000   0.49999005391817800
  0.00009750000000000   0.49999003177531712
  0.00009775000000000   0.49999000950301853
  0.00009800000000000   0.49998998709969840
  0.00009825000000000   0.49998992788046269
  0.00009850000000000   0.49998990513472943
  0.00009875000000000   0.49998988225346876
  0.00009900000000000   0.49998982235560594
  0.00009925000000000   0.49998979912378768
  0.00009950000000000   0.49998977575189919
  0.00009975000000000   0.49998975223832171
  0.00010000000000000   0.49998969143521428
  0.00010025000000000   0.49998966755992506
  0.00010050000000000   0.49998964353835297
  0.00010075000000000   0.49998961936885909
  0.00010100000000000   0.49998955764231254
  0.00010125000000000   0.49998953309985374
  0.00010150000000000   0.49998950840482898
  0.00010175000000000   0.49998948355557931
  0.00010200000000000   0.49998942088735084
  0.00010225000000000   0.49998939565378789
  0.00010250000000000   0.49998937026130649
  0.00010275000000000   0.49998934470822787
  0.00010300000000000   0.49998928108004059
  0.00010325000000000   0.49998925513120952
  0.00010350000000000   0.49998922901703946
  0.00010375000000000   0.49998920273583204
  0.00010400000000000   0.49998917628588336
  0.00010425000000000   0.49998911144090580
  0.00010450000000000   0.49998908458059495
  0.00010475000000000   0.49998905754674041
  0.00010500000000000   0.49998903033761907
  0.00010525000000000   0.49998900295150237
  0.00010550000000000   0.49998893685989653
  0.00010575000000000   0.49998890904866761
  0.00010600000000000   0.49998888105558253
  0.00010625000000000   0.49998885287889396
  0.00010650000000000   0.49998882451684925
  0.00010675000000000   0.49998875714874467
  0.00010700000000000   0.49998872834670901
  0.00010725000000000   0.49998869935440080
  0.00010750000000000   0.49998867017004923
  0.00010775000000000   0.49998864079187824
  0.00010800000000000   0.49998861121810659
  0.00010825000000000   0.49998854228426357
  0.00010850000000000   0.49998851225231967
  0.00010875000000000   0.49998848201979422
  0.00010900000000000   0.49998845158488873
  0.00010925000000000   0.49998842094579964
  0.00010950000000000   0.49998839010071835
  0.00010975000000000   0.49998835904783132
  0.00011000000000000   0.49998832778532002
  0.00011025000000000   0.49998825670270550
  0.00011050000000000   0.49998822495722389
  0.00011075000000000   0.49998819299705608
  0.00011100000000000   0.49998816082036778
  0.00011125000000000   0.49998812842531998
  0.00011150000000000   0.49998809581006900
  0.00011175000000000   0.49998806297276652
  0.00011200000000000   0.49998802991155965
  0.00011225000000000   0.49998799662459093
  0.00011250000000000   0.49998792302958089
  0.00011275000000000   0.49998788923131632
  0.00011300000000000   0.49998785520214965
  0.00011325000000000   0.49998782094020990
  0.00011350000000000   0.49998778644362188
  0.00011375000000000   0.49998775171050622
  0.00011400000000000   0.49998771673897951
  0.00011425000000000   0.49998768152715426
  0.00011450000000000   0.49998764607313905
  0.00011475000000000   0.49998761037503858
  0.00011500000000000   0.49998757443095372
  0.00011525000000000   0.49998753823898162
  0.00011550000000000   0.49998750179721576
  0.00011575000000000   0.49998746510374604
  0.00011600000000000   0.49998742815665889
  0.00011625000000000   0.49998739095403730
  0.00011650000000000   0.49998735349396096
  0.00011675000000000   0.49998731577450633
  0.00011700000000000   0.49998727779374674
  0.00011725000000000   0.49998723954975249
  0.00011750000000000   0.49998720104059094
  0.00011775000000000   0.49998716226432662
  0.00011800000000000   0.49998712321902135
  0.00011825000000000   0.49998708390273432
  0.00011850000000000   0.49998704431352224
  0.00011875000000000   0.49998700444943943
  0.00011900000000000   0.49998696430853795
  0.00011925000000000   0.49998692388886775
  0.00011950000000000   0.49998688318847672
  0.00011975000000000   0.49998684220541092
  0.00012000000000000   0.49998680093771466
  0.00012025000000000   0.49998675938343063
  0.00012050000000000   0.49998671754060009
  0.00012075000000000   0.49998667540726296
  0.00012100000000000   0.49998663298145802
  0.00012125000000000   0.49998659026122302
  0.00012150000000000   0.49998654724459491
  0.00012175000000000   0.49998650392960992
  0.00012200000000000   0.49998646031430378
  0.00012225000000000   0.49998645820884051
  0.00012250000000000   0.49998641401979552
  0.00012275000000000   0.49998636952387816
  0.00012300000000000   0.49998632471911761
  0.00012325000000000   0.49998627960354341
  0.00012350000000000   0.49998623417518560
  0.00012375000000000   0.49998618843207499
  0.00012400000000000   0.49998614237224331
  0.00012425000000000   0.49998609599372346
  0.00012450000000000   0.49998609142166907
  0.00012475000000000   0.49998604442670398
  0.00012500000000000   0.49998599710644361
  0.00012525000000000   0.49998594945892083
  0.00012550000000000   0.49998590148217074
  0.00012575000000000   0.49998585317423092
  0.00012600000000000   0.49998580453314169
  0.00012625000000000   0.49998579790164572
  0.00012650000000000   0.49998574861024819
  0.00012675000000000   0.49998569897907761
  0.00012700000000000   0.49998564900618050
  0.00012725000000000   0.49998559868960738
  0.00012750000000000   0.49998559051946225
  0.00012775000000000   0.49998553952785845
  0.00012800000000000   0.49998548818595702
  0.00012825000000000   0.49998543649181982
  0.00012850000000000   0.49998542704967220
  0.00012875000000000   0.49998537466036685
  0.00012900000000000   0.49998532191221456
  0.00012925000000000   0.49998526880329308
  0.00012950000000000   0.49998521533168690
  0.00012975000000000   0.49998520421584065
  0.00013000000000000   0.49998515002420323
  0.00013025000000000   0.49998509546330758
  0.00013050000000000   0.49998508332966810
  0.00013075000000000   0.49998502803320123
  0.00013100000000000   0.49998497236092654
  0.00013125000000000   0.49998491631096909
  0.00013150000000000   0.49998490275704879
  0.00013175000000000   0.49998484595132309
  0.00013200000000000   0.49998478876141926
  0.00013225000000000   0.49998477412237648
  0.00013250000000000   0.49998471616117053
  0.00013275000000000   0.49998465780933673
  0.00013300000000000   0.49998464205575374
  0.00013325000000000   0.49998458291710835
  0.00013350000000000   0.49998452338144157
  0.00013375000000000   0.49998450648376545
  0.00013400000000000   0.49998444614582131
  0.00013425000000000   0.49998438540452971
  0.00013450000000000   0.49998436733309587
  0.00013475000000000   0.49998430577412578
  0.00013500000000000   0.49998428691811482
  0.00013525000000000   0.49998422453062005
  0.00013550000000000   0.49998416172906406
  0.00013575000000000   0.49998414164884539
  0.00013600000000000   0.49998407800350367
  0.00013625000000000   0.49998405710361535
  0.00013650000000000   0.49998399260372576
  0.00013675000000000   0.49998397086973656
  0.00013700000000000   0.49998390550457579
  0.00013725000000000   0.49998388292202193
  0.00013750000000000   0.49998381668091339
  0.00013775000000000   0.49998379323530474
  0.00013800000000000   0.49998372610762685
  0.00013825000000000   0.49998370178445363
  0.00013850000000000   0.49998363375964864
  0.00013875000000000   0.49998360854438847
  0.00013900000000000   0.49998353961197176
  0.00013925000000000   0.49998351349009737
  0.00013950000000000   0.49998344363966730
  0.00013975000000000   0.49998341659665458
  0.00014000000000000   0.49998334581790288
  0.00014025000000000   0.49998331783923961
  0.00014050000000000   0.49998324612196232
  0.00014075000000000   0.49998321719315741
  0.00014100000000000   0.49998318779445561
  0.00014125000000000   0.49998311463385983
  0.00014150000000000   0.49998308426228539
  0.00014175000000000   0.49998301013696829
  0.00014200000000000   0.49998297877810450
  0.00014225000000000   0.49998294692814204
  0.00014250000000000   0.49998287131778583
  0.00014275000000000   0.49998283845790779
  0.00014300000000000   0.49998280509398874
  0.00014325000000000   0.49998272797336651
  0.00014350000000000   0.49998269357700483
  0.00014375000000000   0.49998265866366620
  0.00014400000000000   0.49998258000800641
  0.00014425000000000   0.49998254403983894
  0.00014450000000000   0.49998250754178465
  0.00014475000000000   0.49998242732684656
  0.00014500000000000   0.49998238975176380
  0.00014525000000000   0.49998235163393226
  0.00014550000000000   0.49998231296867424
  0.00014575000000000   0.49998223061926493
  0.00014600000000000   0.49998219084690322
  0.00014625000000000   0.49998215051434146
  0.00014650000000000   0.49998210961692133
  0.00014675000000000   0.49998206814998839
  0.00014700000000000   0.49998198305482615
  0.00014725000000000   0.49998194044320893
  0.00014750000000000   0.49998189724947236
  0.00014775000000000   0.49998185346900137
  0.00014800000000000   0.49998180909718993
  0.00014825000000000   0.49998176412944223
  0.00014850000000000   0.49998171856117374
  0.00014875000000000   0.49998167238781249
  0.00014900000000000   0.49998158271223954
  0.00014925000000000   0.49998153533442356
  0.00014950000000000   0.49998148733933077
  0.00014975000000000   0.49998143872246775
  0.00015000000000000   0.49998138947936039
  0.00015025000000000   0.49998133960555531
  0.00015050000000000   0.49998128909662141
  0.00015075000000000   0.49998123794815138
  0.00015100000000000   0.49998118615576333
  0.00015125000000000   0.49998113371510243
  0.00015150000000000   0.49998108062184264
  0.00015175000000000   0.49998102687168842
  0.00015200000000000   0.49998097246037661
  0.00015225000000000   0.49998091738367829
  0.00015250000000000   0.49998086163740070
  0.00015275000000000   0.49998084765997425
  0.00015300000000000   0.49998079051930872
  0.00015325000000000   0.49998073269502050
  0.00015350000000000   0.49998067418306332
  0.00015375000000000   0.49998061497943751
  0.00015400000000000   0.49998055508019237
  0.00015425000000000   0.49998049448142852
  0.00015450000000000   0.49998047534561569
  0.00015475000000000   0.49998041328132357
  0.00015500000000000   0.49998035050430931
  0.00015525000000000   0.49998028701088414
  0.00015550000000000   0.49998026479271795
  0.00015575000000000   0.49998019979329385
  0.00015600000000000   0.49998013406486908
  0.00015625000000000   0.49998006760400860
  0.00015650000000000   0.49998004220203631
  0.00015675000000000   0.49997997419624088
  0.00015700000000000   0.49997990544616767
  0.00015725000000000   0.49997987758784460
  0.00015750000000000   0.49997980726387038
  0.00015775000000000   0.49997977773027285
  0.00015800000000000   0.49997970581237711
  0.00015825000000000   0.49997963313123422
  0.00015850000000000   0.49997960104442775
  0.00015875000000000   0.49997952674241336
  0.00015900000000000   0.49997949291369317
  0.00015925000000000   0.49997941697223003
  0.00015950000000000   0.49997938137488963
  0.00015975000000000   0.49997930377606557
  0.00016000000000000   0.49997926638390136
  0.00016025000000000   0.49997918711053611
  0.00016050000000000   0.49997914789791190
  0.00016075000000000   0.49997910774436035
  0.00016100000000000   0.49997902587554466
  0.00016125000000000   0.49997898386201149
  0.00016150000000000   0.49997894088473147
  0.00016175000000000   0.49997885637954143
  0.00016200000000000   0.49997881150428527
  0.00016225000000000   0.49997876564317158
  0.00016250000000000   0.49997871878820260
  0.00016275000000000   0.49997863066849891
  0.00016300000000000   0.49997858186609779
  0.00016325000000000   0.49997853204886836
  0.00016350000000000   0.49997848120919935
  0.00016375000000000   0.49997842933958380
  0.00016400000000000   0.49997837643262540
  0.00016425000000000   0.49997828270202706
  0.00016450000000000   0.49997822777815829
  0.00016475000000000   0.49997817179818483
  0.00016500000000000   0.49997811475525327
  0.00016525000000000   0.49997805664265678
  0.00016550000000000   0.49997799745384309
  0.00016575000000000   0.49997793718242274
  0.00016600000000000   0.49997791498703583
  0.00016625000000000   0.49997785243288819
  0.00016650000000000   0.49997778877510394
  0.00016675000000000   0.49997772400799959
  0.00016700000000000   0.49997765812610026
  0.00016725000000000   0.49997759112414992
  0.00016750000000000   0.49997756158528622
  0.00016775000000000   0.49997749221128428
  0.00016800000000000   0.49997742169974871
  0.00016825000000000   0.49997738833581279
  0.00016850000000000   0.49997731540993603
  0.00016875000000000   0.49997724133120167
  0.00016900000000000   0.49997720405787557
  0.00016925000000000   0.49997712752682014
  0.00016950000000000   0.49997708757737497
  0.00016975000000000   0.49997700856916009
  0.00017000000000000   0.49997696590627960
  0.00017025000000000   0.49997688439841733
  0.00017050000000000   0.49997683898692932
  0.00017075000000000   0.49997679214085885
  0.00017100000000000   0.49997670676665303
  0.00017125000000000   0.49997665712010713
  0.00017150000000000   0.49997660600895059
  0.00017175000000000   0.49997655342255494
  0.00017200000000000   0.49997646276507316
  0.00017225000000000   0.49997640731606515
  0.00017250000000000   0.49997635036596337
  0.00017275000000000   0.49997629190562884
  0.00017300000000000   0.49997623192633743
  0.00017325000000000   0.49997617041980334
  0.00017350000000000   0.49997610737820367
  0.00017375000000000   0.49997604279420404
  0.00017400000000000   0.49997597666098531
  0.00017425000000000   0.49997594434500511
  0.00017450000000000   0.49997587493916195
  0.00017475000000000   0.49997580396259976
  0.00017500000000000   0.49997576636255580
  0.00017525000000000   0.49997569206221061
  0.00017550000000000   0.49997561617505138
  0.00017575000000000   0.49997557318794816
  0.00017600000000000   0.49997549393707451
  0.00017625000000000   0.49997544726672842
  0.00017650000000000   0.49997539867276069
  0.00017675000000000   0.49997531423675045
  0.00017700000000000   0.49997526189800052
  0.00017725000000000   0.49997520760062720
  0.00017750000000000   0.49997515133281104
  0.00017775000000000   0.49997509308358547
  0.00017800000000000   0.49997503284288954
  0.00017825000000000   0.49997497060162328
  0.00017850000000000   0.49997490635170589
  0.00017875000000000   0.49997484008613672
  0.00017900000000000   0.49997477179905928
  0.00017925000000000   0.49997470148582841
  0.00017950000000000   0.49997466116011797
  0.00017975000000000   0.49997458657998795
  0.00018000000000000   0.49997454161768753
  0.00018025000000000   0.49997446274407776
  0.00018050000000000   0.49997441309919839
  0.00018075000000000   0.49997436101194794
  0.00018100000000000   0.49997430646864529
  0.00018125000000000   0.49997424945720156
  0.00018150000000000   0.49997415943799471
  0.00018175000000000   0.49997412799014307
  0.00018200000000000   0.49997406351930262
  0.00018225000000000   0.49997399655011441
  0.00018250000000000   0.49997392708017623
  0.00018275000000000   0.49997388460822079
  0.00018300000000000   0.49997380989994489
  0.00018325000000000   0.49997376175693650
  0.00018350000000000   0.49997371066448129
  0.00018375000000000   0.49997362795503017
  0.00018400000000000   0.49997357114518417
  0.00018425000000000   0.49997351136319833
  0.00018450000000000   0.49997347657782185
  0.00018475000000000   0.49997341059814816
  0.00018500000000000   0.49997334163571463
  0.00018525000000000   0.49997329696063612
  0.00018550000000000   0.49997324882750891
  0.00018575000000000   0.49997317041354022
  0.00018600000000000   0.49997311557178160
  0.00018625000000000   0.49997308357375708
  0.00018650000000000   0.49997302152594860
  0.00018675000000000   0.49997295600373617
  0.00018700000000000   0.49997291256704726
  0.00018725000000000   0.49997286514781748
  0.00018750000000000   0.49997278869737884
  0.00018775000000000   0.49997275834065240
  0.00018800000000000   0.49997269896023298
  0.00018825000000000   0.49997263561351793
  0.00018850000000000   0.49997259225929364
  0.00018875000000000   0.49997254440427013
  0.00018900000000000   0.49997249205460178
  0.00018925000000000   0.49997245834029655
  0.00018950000000000   0.49997239674829759
  0.00018975000000000   0.49997235324502036
  0.00019000000000000   0.49997230472957236
  0.00019025000000000   0.49997227315944695
  0.00019050000000000   0.49997221438283410
  0.00019075000000000   0.49997217199685804
  0.00019100000000000   0.49997214510303105
  0.00019125000000000   0.49997209140849205
  0.00019150000000000   0.49997205264950350
  0.00019175000000000   0.49997202790151053
  0.00019200000000000   0.49997197681849825
  0.00019225000000000   0.49997195856123469
  0.00019250000000000   0.49997191409328973
  0.00019275000000000   0.49997190055800496
  0.00019300000000000   0.49997186095677511
  0.00019325000000000   0.49997183239948434
  0.00019350000000000   0.49997181391384999
  0.00019375000000000   0.49997180453517406
  0.00019400000000000   0.49997178641014046
  0.00019425000000000   0.49997175969901607
  0.00019450000000000   0.49997175677922766
  0.00019475000000000   0.49997174412315538
  0.00019500000000000   0.49997175256241215
  0.00019525000000000   0.49997175015955290
  0.00019550000000000   0.49997176618443105
  0.00019575000000000   0.49997177036681728
  0.00019600000000000   0.49997179038557502
  0.00019625000000000   0.49997182412904829
  0.00019650000000000   0.49997185677655092
  0.00019675000000000   0.49997189993337358
  0.00019700000000000   0.49997195165539648
  0.00019725000000000   0.49997202142664256
  0.00019750000000000   0.49997210611097525
  0.00019775000000000   0.49997220274687722
  0.00019800000000000   0.49997231845883284
  0.00019825000000000   0.49997245868284862
  0.00019850000000000   0.49997262726778146
  0.00019875000000000   0.49997283482074370
  0.00019900000000000   0.49997308871245782
  0.00019925000000000   0.49997341449470133
  0.00019950000000000   0.49997382950552543
  0.00019975000000000   0.49997440204443377
  0.00020000000000000   0.49997526643922916
  0.00020025000000000   0.49997691719791250
  0.00020050000000000   0.50005303532840314
  0.00020075000000000   0.50006462129192026
  0.00020100000000000   0.50007075203268710
  0.00020125000000000   0.50007518619084922
  0.00020150000000000   0.50007877608694317
  0.00020175000000000   0.50008181842787861
  0.00020200000000000   0.50008449124954201
  0.00020225000000000   0.50008687289648019
  0.00020250000000000   0.50008907212867344
  0.00020275000000000   0.50009110909642181
  0.00020300000000000   0.50009297249991863
  0.00020325000000000   0.50009475549723580
  0.00020350000000000   0.50009641450530298
  0.00020375000000000   0.50009797976693289
  0.00020400000000000   0.50009947554170096
