 -0.00013625000000000   0.49990027477951759
 -0.00013600000000000   0.49990069067331840
 -0.00013575000000000   0.49990110960625497
 -0.00013550000000000   0.49990153164225325
 -0.00013525000000000   0.49990195684702004
 -0.00013500000000000   0.49990238528809343
 -0.00013475000000000   0.49990280289952211
 -0.00013450000000000   0.49990323804259999
 -0.00013425000000000   0.49990366253364919
 -0.00013400000000000   0.49990410467839688
 -0.00013375000000000   0.49990453636307947
 -0.00013350000000000   0.49990497177640649
 -0.00013325000000000   0.49990541100569069
 -0.00013300000000000   0.49990585414096274
 -0.00013275000000000   0.49990630127506126
 -0.00013250000000000   0.49990673852520332
 -0.00013225000000000   0.49990719397204135
 -0.00013200000000000   0.49990763977916185
 -0.00013175000000000   0.49990810395447948
 -0.00013150000000000   0.49990855875559480
 -0.00013125000000000   0.49990901823806979
 -0.00013100000000000   0.49990948252462896
 -0.00013075000000000   0.49990995174223103
 -0.00013050000000000   0.49991041222823917
 -0.00013025000000000   0.49991089173870940
 -0.00013000000000000   0.49991136285243024
 -0.00012975000000000   0.49991183951724722
 -0.00012950000000000   0.49991232189279940
 -0.00012925000000000   0.49991281014475052
 -0.00012900000000000   0.49991330444504022
 -0.00012875000000000   0.49991379138027363
 -0.00012850000000000   0.49991429836089500
 -0.00012825000000000   0.49991479843164275
 -0.00012800000000000   0.49991530539555698
 -0.00012775000000000   0.49991580601702634
 -0.00012750000000000   0.49991632747964672
 -0.00012725000000000   0.49991684314993846
 -0.00012700000000000   0.49991736674515236
 -0.00012675000000000   0.49991789853866232
 -0.00012650000000000   0.49991842555596140
 -0.00012625000000000   0.49991897466898101
 -0.00012600000000000   0.49991951971978851
 -0.00012575000000000   0.49992006118597610
 -0.00012550000000000   0.49992062573481508
 -0.00012525000000000   0.49992118754632256
 -0.00012500000000000   0.49992174717977207
 -0.00012475000000000   0.49992233109660317
 -0.00012450000000000   0.49992291385355400
 -0.00012425000000000   0.49992349611839683
 -0.00012400000000000   0.49992409136950835
 -0.00012375000000000   0.49992470019662246
 -0.00012350000000000   0.49992531057632802
 -0.00012325000000000   0.49992593596361189
 -0.00012300000000000   0.49992656456877270
 -0.00012275000000000   0.49992720984673869
 -0.00012250000000000   0.49992786027630956
 -0.00012225000000000   0.49992852933012945
 -0.00012200000000000   0.49992920580219069
 -0.00012175000000000   0.49992989105578731
 -0.00012150000000000   0.49993058657556998
 -0.00012125000000000   0.49993130598280457
 -0.00012100000000000   0.49993203889776080
 -0.00012075000000000   0.49993277548073035
 -0.00012050000000000   0.49993354162060539
 -0.00012025000000000   0.49993432783695869
 -0.00012000000000000   0.49993512534164568
 -0.00011975000000000   0.49993594890447789
 -0.00011950000000000   0.49993679071619301
 -0.00011925000000000   0.49993766624352698
 -0.00011900000000000   0.49993856900750020
 -0.00011875000000000   0.49993949379191478
 -0.00011850000000000   0.49994046910917974
 -0.00011825000000000   0.49994147052734716
 -0.00011800000000000   0.49994252910421455
 -0.00011775000000000   0.49994362534356514
 -0.00011750000000000   0.49994478475746068
 -0.00011725000000000   0.49994601608319012
 -0.00011700000000000   0.49994733401130065
 -0.00011675000000000   0.49994874295884964
 -0.00011650000000000   0.49995028014798738
 -0.00011625000000000   0.49995197645101133
 -0.00011600000000000   0.49995388389089335
 -0.00011575000000000   0.49995609527167645
 -0.00011550000000000   0.49995878363343150
 -0.00011525000000000   0.49996236462729426
 -0.00011500000000000   0.49996854848364901
 -0.00011475000000000   0.50001395947443419
 -0.00011450000000000   0.50001520852860864
 -0.00011425000000000   0.50001584030700869
 -0.00011400000000000   0.50001625998408016
 -0.00011375000000000   0.50001657077802800
 -0.00011350000000000   0.50001681438530579
 -0.00011325000000000   0.50001701017763290
 -0.00011300000000000   0.50001717178339224
 -0.00011275000000000   0.50001730551654124
 -0.00011250000000000   0.50001742166490966
 -0.00011225000000000   0.50001751834415765
 -0.00011200000000000   0.50001760221731856
 -0.00011175000000000   0.50001767498940270
 -0.00011150000000000   0.50001773538507136
 -0.00011125000000000   0.50001778878535096
 -0.00011100000000000   0.50001783440334674
 -0.00011075000000000   0.50001787501004329
 -0.00011050000000000   0.50001790624565165
 -0.00011025000000000   0.50001793488863279
 -0.00011000000000000   0.50001795660068589
 -0.00010975000000000   0.50001797888658191
 -0.00010950000000000   0.50001799323585964
 -0.00010925000000000   0.50001800321962493
 -0.00010900000000000   0.50001801281960667
 -0.00010875000000000   0.50001801736494785
 -0.00010850000000000   0.50001802101444494
 -0.00010825000000000   0.50001801887529828
 -0.00010800000000000   0.50001802010358068
 -0.00010775000000000   0.50001801497784532
 -0.00010750000000000   0.50001800801991698
 -0.00010725000000000   0.50001799902953190
 -0.00010700000000000   0.50001798780263770
 -0.00010675000000000   0.50001797413231588
 -0.00010650000000000   0.50001796316282438
 -0.00010625000000000   0.50001794950187262
 -0.00010600000000000   0.50001793293902679
 -0.00010575000000000   0.50001791326274952
 -0.00010550000000000   0.50001789594016661
 -0.00010525000000000   0.50001787524371963
 -0.00010500000000000   0.50001785679539658
 -0.00010475000000000   0.50001783470975673
 -0.00010450000000000   0.50001780877917510
 -0.00010425000000000   0.50001778485366195
 -0.00010400000000000   0.50001776294861123
 -0.00010375000000000   0.50001773687886295
 -0.00010350000000000   0.50001771270901358
 -0.00010325000000000   0.50001768411650911
 -0.00010300000000000   0.50001765730403755
 -0.00010275000000000   0.50001762581299380
 -0.00010250000000000   0.50001759598359139
 -0.00010225000000000   0.50001756782261000
 -0.00010200000000000   0.50001753467185148
 -0.00010175000000000   0.50001750307048470
 -0.00010150000000000   0.50001747302244346
 -0.00010125000000000   0.50001744452665067
 -0.00010100000000000   0.50001741068190026
 -0.00010075000000000   0.50001737827174817
 -0.00010050000000000   0.50001734027782446
 -0.00010025000000000   0.50001731068156290
 -0.00010000000000000   0.50001727538699415
 -0.00009975000000000   0.50001724141196232
 -0.00009950000000000   0.50001720151584311
 -0.00009925000000000   0.50001717012297115
 -0.00009900000000000   0.50001713269851924
 -0.00009875000000000   0.50001709648002988
 -0.00009850000000000   0.50001706146468579
 -0.00009825000000000   0.50001702015452100
 -0.00009800000000000   0.50001698748707866
 -0.00009775000000000   0.50001694842043057
 -0.00009750000000000   0.50001691044572256
 -0.00009725000000000   0.50001687355938881
 -0.00009700000000000   0.50001683775605254
 -0.00009675000000000   0.50001679526186398
 -0.00009650000000000   0.50001675375182642
 -0.00009625000000000   0.50001672108504051
 -0.00009600000000000   0.50001668158029516
 -0.00009575000000000   0.50001663510550432
 -0.00009550000000000   0.50001659750374198
 -0.00009525000000000   0.50001656086506355
 -0.00009500000000000   0.50001651712171993
 -0.00009475000000000   0.50001647425229538
 -0.00009450000000000   0.50001644039727320
 -0.00009425000000000   0.50001639930504293
 -0.00009400000000000   0.50001635907362478
 -0.00009375000000000   0.50001631144810808
 -0.00009350000000000   0.50001627289018255
 -0.00009325000000000   0.50001623517619769
 -0.00009300000000000   0.50001618994955885
 -0.00009275000000000   0.50001614548824514
 -0.00009250000000000   0.50001611021160598
 -0.00009225000000000   0.50001606730518689
 -0.00009200000000000   0.50001602515110051
 -0.00009175000000000   0.50001598374433070
 -0.00009150000000000   0.50001593453523280
 -0.00009125000000000   0.50001589458026721
 -0.00009100000000000   0.50001585535587610
 -0.00009075000000000   0.50001580822644096
 -0.00009050000000000   0.50001577042121154
 -0.00009025000000000   0.50001572464537785
 -0.00009000000000000   0.50001567952400258
 -0.00008975000000000   0.50001563505342454
 -0.00008950000000000   0.50001559122949537
 -0.00008925000000000   0.50001554804760528
 -0.00008900000000000   0.50001550550270754
 -0.00008875000000000   0.50001546358934199
 -0.00008850000000000   0.50001542230165734
 -0.00008825000000000   0.50001537274881719
 -0.00008800000000000   0.50001533267751501
 -0.00008775000000000   0.50001528428405342
 -0.00008750000000000   0.50001524540818673
 -0.00008725000000000   0.50001519815835135
 -0.00008700000000000   0.50001516045431681
 -0.00008675000000000   0.50001511432968723
 -0.00008650000000000   0.50001506874931495
 -0.00008625000000000   0.50001502370923518
 -0.00008600000000000   0.50001497920519481
 -0.00008575000000000   0.50001493523266698
 -0.00008550000000000   0.50001489178686496
 -0.00008525000000000   0.50001484886275550
 -0.00008500000000000   0.50001480645507168
 -0.00008475000000000   0.50001475541293467
 -0.00008450000000000   0.50001471401169228
 -0.00008425000000000   0.50001467311117076
 -0.00008400000000000   0.50001462351957787
 -0.00008375000000000   0.50001458359635502
 -0.00008350000000000   0.50001453494543368
 -0.00008325000000000   0.50001448674981094
 -0.00008300000000000   0.50001444825278187
 -0.00008275000000000   0.50001440097457507
 -0.00008250000000000   0.50001435414111276
 -0.00008225000000000   0.50001430774893217
 -0.00008200000000000   0.50001426179439697
 -0.00008175000000000   0.50001421627370551
 -0.00008150000000000   0.50001417118289878
 -0.00008125000000000   0.50001412651786798
 -0.00008100000000000   0.50001408227436195
 -0.00008075000000000   0.50001403844799415
 -0.00008050000000000   0.50001399503424957
 -0.00008025000000000   0.50001395202849123
 -0.00008000000000000   0.50001390007033733
 -0.00007975000000000   0.50001385786452042
 -0.00007950000000000   0.50001381605319372
 -0.00007925000000000   0.50001376525863036
 -0.00007900000000000   0.50001372422251166
 -0.00007875000000000   0.50001367418266332
 -0.00007850000000000   0.50001363390489208
 -0.00007825000000000   0.50001358460666465
 -0.00007800000000000   0.50001354506959466
 -0.00007775000000000   0.50001349649905156
 -0.00007750000000000   0.50001344828309193
 -0.00007725000000000   0.50001340982677025
 -0.00007700000000000   0.50001336231715378
 -0.00007675000000000   0.50001331515251134
 -0.00007650000000000   0.50001326832978106
 -0.00007625000000000   0.50001322184581263
 -0.00007600000000000   0.50001318510865575
 -0.00007575000000000   0.50001313929335792
 -0.00007550000000000   0.50001309380597132
 -0.00007525000000000   0.50001304864304135
 -0.00007500000000000   0.50001300380104372
 -0.00007475000000000   0.50001294986942413
 -0.00007450000000000   0.50001290566196233
 -0.00007425000000000   0.50001286176533202
 -0.00007400000000000   0.50001281817575305
 -0.00007375000000000   0.50001277488939169
 -0.00007350000000000   0.50001272250637492
 -0.00007325000000000   0.50001267982245002
 -0.00007300000000000   0.50001263743075540
 -0.00007275000000000   0.50001259532726113
 -0.00007250000000000   0.50001254413257487
 -0.00007225000000000   0.50001250260412237
 -0.00007200000000000   0.50001245198463632
 -0.00007175000000000   0.50001241101773062
 -0.00007150000000000   0.50001236096289349
 -0.00007125000000000   0.50001232054367555
 -0.00007100000000000   0.50001227104251840
 -0.00007075000000000   0.50001223115680212
 -0.00007050000000000   0.50001218219797559
 -0.00007025000000000   0.50001213350700247
 -0.00007000000000000   0.50001209440309179
 -0.00006975000000000   0.50001204623751090
 -0.00006950000000000   0.50001199833221928
 -0.00006925000000000   0.50001195997876400
 -0.00006900000000000   0.50001191258120785
 -0.00006875000000000   0.50001186543600626
 -0.00006850000000000   0.50001181854067160
 -0.00006825000000000   0.50001177189267701
 -0.00006800000000000   0.50001173473346368
 -0.00006775000000000   0.50001168856332986
 -0.00006750000000000   0.50001164263207638
 -0.00006725000000000   0.50001159693704426
 -0.00006700000000000   0.50001155147554355
 -0.00006675000000000   0.50001150624485478
 -0.00006650000000000   0.50001146124223049
 -0.00006625000000000   0.50001141646489659
 -0.00006600000000000   0.50001137191005382
 -0.00006575000000000   0.50001132757487905
 -0.00006550000000000   0.50001128345652658
 -0.00006525000000000   0.50001123044324797
 -0.00006500000000000   0.50001118676587312
 -0.00006475000000000   0.50001114329724137
 -0.00006450000000000   0.50001110003442221
 -0.00006425000000000   0.50001105697446868
 -0.00006400000000000   0.50001100507702233
 -0.00006375000000000   0.50001096243271672
 -0.00006350000000000   0.50001091998289422
 -0.00006325000000000   0.50001087772454592
 -0.00006300000000000   0.50001082668189517
 -0.00006275000000000   0.50001078481841896
 -0.00006250000000000   0.50001073419379030
 -0.00006225000000000   0.50001069271512605
 -0.00006200000000000   0.50001065141375640
 -0.00006175000000000   0.50001060139653830
 -0.00006150000000000   0.50001056046411833
 -0.00006125000000000   0.50001051084421755
 -0.00006100000000000   0.50001047027037610
 -0.00006075000000000   0.50001042103944649
 -0.00006050000000000   0.50001038081370813
 -0.00006025000000000   0.50001033196325726
 -0.00006000000000000   0.50001029207505560
 -0.00005975000000000   0.50001024359645852
 -0.00005950000000000   0.50001020403514881
 -0.00005925000000000   0.50001015591966112
 -0.00005900000000000   0.50001010798996224
 -0.00005875000000000   0.50001006891330246
 -0.00005850000000000   0.50001002133387907
 -0.00005825000000000   0.50000997393449721
 -0.00005800000000000   0.50000993531952019
 -0.00005775000000000   0.50000988825734453
 -0.00005750000000000   0.50000984136932975
 -0.00005725000000000   0.50000979465364675
 -0.00005700000000000   0.50000975662879374
 -0.00005675000000000   0.50000971023288347
 -0.00005650000000000   0.50000966400326992
 -0.00005625000000000   0.50000961793807054
 -0.00005600000000000   0.50000957203538967
 -0.00005575000000000   0.50000953469973593
 -0.00005550000000000   0.50000948909483152
 -0.00005525000000000   0.50000944364625586
 -0.00005500000000000   0.50000939835207202
 -0.00005475000000000   0.50000935321033286
 -0.00005450000000000   0.50000930821908160
 -0.00005425000000000   0.50000926337635234
 -0.00005400000000000   0.50000921868017059
 -0.00005375000000000   0.50000917412855377
 -0.00005350000000000   0.50000912971951172
 -0.00005325000000000   0.50000908545104718
 -0.00005300000000000   0.50000904132115625
 -0.00005275000000000   0.50000899732782885
 -0.00005250000000000   0.50000895346904922
 -0.00005225000000000   0.50000890974279628
 -0.00005200000000000   0.50000886614704412
 -0.00005175000000000   0.50000882267976239
 -0.00005150000000000   0.50000877933891673
 -0.00005125000000000   0.50000873612246914
 -0.00005100000000000   0.50000868509972744
 -0.00005075000000000   0.50000864215481697
 -0.00005050000000000   0.50000859932851278
 -0.00005025000000000   0.50000855661876180
 -0.00005000000000000   0.50000851402350918
 -0.00004975000000000   0.50000847154069872
 -0.00004950000000000   0.50000842140627513
 -0.00004925000000000   0.50000837917306440
 -0.00004900000000000   0.50000833704643627
 -0.00004875000000000   0.50000829502432803
 -0.00004850000000000   0.50000824545673080
 -0.00004825000000000   0.50000820366963992
 -0.00004800000000000   0.50000816198118084
 -0.00004775000000000   0.50000811282750848
 -0.00004750000000000   0.50000807136321168
 -0.00004725000000000   0.50000802999164414
 -0.00004700000000000   0.50000798123801744
 -0.00004675000000000   0.50000794007969958
 -0.00004650000000000   0.50000789900820202
 -0.00004625000000000   0.50000785064057652
 -0.00004600000000000   0.50000780977137487
 -0.00004575000000000   0.50000776166131285
 -0.00004550000000000   0.50000772098727724
 -0.00004525000000000   0.50000768039030430
 -0.00004500000000000   0.50000763264285637
 -0.00004475000000000   0.50000759223005281
 -0.00004450000000000   0.50000754472499993
 -0.00004425000000000   0.50000750448920769
 -0.00004400000000000   0.50000745722054478
 -0.00004375000000000   0.50000741715459857
 -0.00004350000000000   0.50000737011628524
 -0.00004325000000000   0.50000733021301644
 -0.00004300000000000   0.50000728339898119
 -0.00004275000000000   0.50000724365122146
 -0.00004250000000000   0.50000719705536564
 -0.00004225000000000   0.50000715058061333
 -0.00004200000000000   0.50000711107215214
 -0.00004175000000000   0.50000706480666758
 -0.00004150000000000   0.50000702543604181
 -0.00004125000000000   0.50000697937366779
 -0.00004100000000000   0.50000693342554265
 -0.00004075000000000   0.50000689426829504
 -0.00004050000000000   0.50000684851428010
 -0.00004025000000000   0.50000680287040960
 -0.00004000000000000   0.50000676391113599
 -0.00003975000000000   0.50000671845233354
 -0.00003950000000000   0.50000667309953751
 -0.00003925000000000   0.50000663432285625
 -0.00003900000000000   0.50000658914605527
 -0.00003875000000000   0.50000654407109467
 -0.00003850000000000   0.50000649909666795
 -0.00003825000000000   0.50000646055360213
 -0.00003800000000000   0.50000641574319467
 -0.00003775000000000   0.50000637102912260
 -0.00003750000000000   0.50000632641006569
 -0.00003725000000000   0.50000628188469997
 -0.00003700000000000   0.50000624360689530
 -0.00003675000000000   0.50000619923064394
 -0.00003650000000000   0.50000615494385465
 -0.00003625000000000   0.50000611074519337
 -0.00003600000000000   0.50000606663332319
 -0.00003575000000000   0.50000602857974634
 -0.00003550000000000   0.50000598460206340
 -0.00003525000000000   0.50000594070692450
 -0.00003500000000000   0.50000589689298598
 -0.00003475000000000   0.50000585315890214
 -0.00003450000000000   0.50000580950332536
 -0.00003425000000000   0.50000576592490629
 -0.00003400000000000   0.50000572242229398
 -0.00003375000000000   0.50000567899413601
 -0.00003350000000000   0.50000563563907869
 -0.00003325000000000   0.50000559235576715
 -0.00003300000000000   0.50000554914284552
 -0.00003275000000000   0.50000550599895705
 -0.00003250000000000   0.50000546841151248
 -0.00003225000000000   0.50000542536366789
 -0.00003200000000000   0.50000538238060035
 -0.00003175000000000   0.50000533946095383
 -0.00003150000000000   0.50000529126748153
 -0.00003125000000000   0.50000524850926814
 -0.00003100000000000   0.50000520581057731
 -0.00003075000000000   0.50000516317005004
 -0.00003050000000000   0.50000512058632754
 -0.00003025000000000   0.50000507805805146
 -0.00003000000000000   0.50000503558386395
 -0.00002975000000000   0.50000499316240774
 -0.00002950000000000   0.50000495079232633
 -0.00002925000000000   0.50000490847226405
 -0.00002900000000000   0.50000486620086616
 -0.00002875000000000   0.50000482397677900
 -0.00002850000000000   0.50000478179865004
 -0.00002825000000000   0.50000473483743133
 -0.00002800000000000   0.50000469278788389
 -0.00002775000000000   0.50000465078037982
 -0.00002750000000000   0.50000460881356960
 -0.00002725000000000   0.50000456688610535
 -0.00002700000000000   0.50000452499664096
 -0.00002675000000000   0.50000447855587799
 -0.00002650000000000   0.50000443677992613
 -0.00002625000000000   0.50000439503806622
 -0.00002600000000000   0.50000435332895753
 -0.00002575000000000   0.50000431165126153
 -0.00002550000000000   0.50000426561833645
 -0.00002525000000000   0.50000422404162915
 -0.00002500000000000   0.50000418249243923
 -0.00002475000000000   0.50000414096943540
 -0.00002450000000000   0.50000409524929459
 -0.00002425000000000   0.50000405381731509
 -0.00002400000000000   0.50000401240763988
 -0.00002375000000000   0.50000397101894627
 -0.00002350000000000   0.50000392559327340
 -0.00002325000000000   0.50000388428564761
 -0.00002300000000000   0.50000384299513934
 -0.00002275000000000   0.50000379778766075
 -0.00002250000000000   0.50000375657082028
 -0.00002225000000000   0.50000371536724733
 -0.00002200000000000   0.50000367036780837
 -0.00002175000000000   0.50000362923051123
 -0.00002150000000000   0.50000358810264786
 -0.00002125000000000   0.50000354330105357
 -0.00002100000000000   0.50000350223208656
 -0.00002075000000000   0.50000345756968074
 -0.00002050000000000   0.50000341655476031
 -0.00002025000000000   0.50000337554294550
 -0.00002000000000000   0.50000333106146095
 -0.00001975000000000   0.50000329009633899
 -0.00001950000000000   0.50000324574296754
 -0.00001925000000000   0.50000320481970169
 -0.00001900000000000   0.50000316389326564
 -0.00001875000000000   0.50000311970380793
 -0.00001850000000000   0.50000307881191150
 -0.00001825000000000   0.50000303473942566
 -0.00001800000000000   0.50000299387725274
 -0.00001775000000000   0.50000294991731897
 -0.00001750000000000   0.50000290908006185
 -0.00001725000000000   0.50000286522825050
 -0.00001700000000000   0.50000282441111103
 -0.00001675000000000   0.50000278066298386
 -0.00001650000000000   0.50000273986117457
 -0.00001625000000000   0.50000269621228593
 -0.00001600000000000   0.50000265542103112
 -0.00001575000000000   0.50000261186692919
 -0.00001550000000000   0.50000257108146602
 -0.00001525000000000   0.50000252761769392
 -0.00001500000000000   0.50000248421829567
 -0.00001475000000000   0.50000244345537042
 -0.00001450000000000   0.50000240013970599
 -0.00001425000000000   0.50000235937076120
 -0.00001400000000000   0.50000231613436151
 -0.00001375000000000   0.50000227535468303
 -0.00001350000000000   0.50000223219307792
 -0.00001325000000000   0.50000218908840827
 -0.00001300000000000   0.50000214830668836
 -0.00001275000000000   0.50000210527018865
 -0.00001250000000000   0.50000206228744594
 -0.00001225000000000   0.50000202149324289
 -0.00001200000000000   0.50000197857203549
 -0.00001175000000000   0.50000193570139238
 -0.00001150000000000   0.50000189488430261
 -0.00001125000000000   0.50000185206855375
 -0.00001100000000000   0.50000180930016410
 -0.00001075000000000   0.50000176844982707
 -0.00001050000000000   0.50000172572968766
 -0.00001025000000000   0.50000168305369178
 -0.00001000000000000   0.50000164215979497
 -0.00000975000000000   0.50000159952540580
 -0.00000950000000000   0.50000155693193561
 -0.00000925000000000   0.50000151437833453
 -0.00000900000000000   0.50000147342571610
 -0.00000875000000000   0.50000143090490020
 -0.00000850000000000   0.50000138842071751
 -0.00000825000000000   0.50000134597211194
 -0.00000800000000000   0.50000130494264929
 -0.00000775000000000   0.50000126251801030
 -0.00000750000000000   0.50000122012570417
 -0.00000725000000000   0.50000117776466959
 -0.00000700000000000   0.50000113543384355
 -0.00000675000000000   0.50000109429448243
 -0.00000650000000000   0.50000105197662829
 -0.00000625000000000   0.50000100968573045
 -0.00000600000000000   0.50000096742072190
 -0.00000575000000000   0.50000092518053427
 -0.00000550000000000   0.50000088296409783
 -0.00000525000000000   0.50000084166515543
 -0.00000500000000000   0.50000079944853067
 -0.00000475000000000   0.50000075725239984
 -0.00000450000000000   0.50000071507569068
 -0.00000425000000000   0.50000067291732986
 -0.00000400000000000   0.50000063077624309
 -0.00000375000000000   0.50000058865135515
 -0.00000350000000000   0.50000054654158999
 -0.00000325000000000   0.50000050498310461
 -0.00000300000000000   0.50000046285567428
 -0.00000275000000000   0.50000042074011042
 -0.00000250000000000   0.50000037863533626
 -0.00000225000000000   0.50000033654027444
 -0.00000200000000000   0.50000029445384712
 -0.00000175000000000   0.50000025237497597
 -0.00000150000000000   0.50000021030258228
 -0.00000125000000000   0.50000016823558699
 -0.00000100000000000   0.50000012617291076
 -0.00000075000000000   0.50000008411347403
 -0.00000050000000000   0.50000004205619706
 -0.00000025000000000   0.50000000000000000
  0.00000000000000000   0.49999995794380293
  0.00000025000000000   0.49999991588652596
  0.00000050000000000   0.49999987382708923
  0.00000075000000000   0.49999983176441300
  0.00000100000000000   0.49999978969741771
  0.00000125000000000   0.49999974762502402
  0.00000150000000000   0.49999970554615287
  0.00000175000000000   0.49999966345972555
  0.00000200000000000   0.49999962136466374
  0.00000225000000000   0.49999957925988957
  0.00000250000000000   0.49999953714432572
  0.00000275000000000   0.49999949501689538
  0.00000300000000000   0.49999945345841000
  0.00000325000000000   0.49999941134864483
  0.00000350000000000   0.49999936922375690
  0.00000375000000000   0.49999932708267013
  0.00000400000000000   0.49999928492430931
  0.00000425000000000   0.49999924274760015
  0.00000450000000000   0.49999920055146933
  0.00000475000000000   0.49999915833484456
  0.00000500000000000   0.49999911703590216
  0.00000525000000000   0.49999907481946572
  0.00000550000000000   0.49999903257927809
  0.00000575000000000   0.49999899031426954
  0.00000600000000000   0.49999894802337170
  0.00000625000000000   0.49999890570551756
  0.00000650000000000   0.49999886456615644
  0.00000675000000000   0.49999882223533040
  0.00000700000000000   0.49999877987429582
  0.00000725000000000   0.49999873748198969
  0.00000750000000000   0.49999869505735070
  0.00000775000000000   0.49999865402788805
  0.00000800000000000   0.49999861157928248
  0.00000825000000000   0.49999856909509979
  0.00000850000000000   0.49999852657428389
  0.00000875000000000   0.49999848562166546
  0.00000900000000000   0.49999844306806438
  0.00000925000000000   0.49999840047459419
  0.00000950000000000   0.49999835784020502
  0.00000975000000000   0.49999831694630821
  0.00001000000000000   0.49999827427031233
  0.00001025000000000   0.49999823155017292
  0.00001050000000000   0.49999819069983589
  0.00001075000000000   0.49999814793144625
  0.00001100000000000   0.49999810511569738
  0.00001125000000000   0.49999806429860761
  0.00001150000000000   0.49999802142796451
  0.00001175000000000   0.49999797850675710
  0.00001200000000000   0.49999793771255406
  0.00001225000000000   0.49999789472981134
  0.00001250000000000   0.49999785169331164
  0.00001275000000000   0.49999781091159172
  0.00001300000000000   0.49999776780692207
  0.00001325000000000   0.49999772464531696
  0.00001350000000000   0.49999768386563848
  0.00001375000000000   0.49999764062923879
  0.00001400000000000   0.49999759986029400
  0.00001425000000000   0.49999755654462957
  0.00001450000000000   0.49999751578170432
  0.00001475000000000   0.49999747238230608
  0.00001500000000000   0.49999742891853397
  0.00001525000000000   0.49999738813307080
  0.00001550000000000   0.49999734457896887
  0.00001575000000000   0.49999730378771406
  0.00001600000000000   0.49999726013882542
  0.00001625000000000   0.49999721933701614
  0.00001650000000000   0.49999717558888896
  0.00001675000000000   0.49999713477174949
  0.00001700000000000   0.49999709091993815
  0.00001725000000000   0.49999705008268102
  0.00001750000000000   0.49999700612274725
  0.00001775000000000   0.49999696526057433
  0.00001800000000000   0.49999692118808849
  0.00001825000000000   0.49999688029619206
  0.00001850000000000   0.49999683610673435
  0.00001875000000000   0.49999679518029830
  0.00001900000000000   0.49999675425703245
  0.00001925000000000   0.49999670990366100
  0.00001950000000000   0.49999666893853904
  0.00001975000000000   0.49999662445705450
  0.00002000000000000   0.49999658344523969
  0.00002025000000000   0.49999654243031926
  0.00002050000000000   0.49999649776791343
  0.00002075000000000   0.49999645669894642
  0.00002100000000000   0.49999641189735214
  0.00002125000000000   0.49999637076948876
  0.00002150000000000   0.49999632963219162
  0.00002175000000000   0.49999628463275266
  0.00002200000000000   0.49999624342917971
  0.00002225000000000   0.49999620221233924
  0.00002250000000000   0.49999615700486065
  0.00002275000000000   0.49999611571435239
  0.00002300000000000   0.49999607440672659
  0.00002325000000000   0.49999602898105372
  0.00002350000000000   0.49999598759236011
  0.00002375000000000   0.49999594618268490
  0.00002400000000000   0.49999590475070540
  0.00002425000000000   0.49999585903056459
  0.00002450000000000   0.49999581750756076
  0.00002475000000000   0.49999577595837084
  0.00002500000000000   0.49999573438166354
  0.00002525000000000   0.49999568834873846
  0.00002550000000000   0.49999564667104247
  0.00002575000000000   0.49999560496193377
  0.00002600000000000   0.49999556322007386
  0.00002625000000000   0.49999552144412201
  0.00002650000000000   0.49999547500335903
  0.00002675000000000   0.49999543311389464
  0.00002700000000000   0.49999539118643039
  0.00002725000000000   0.49999534921962017
  0.00002750000000000   0.49999530721211610
  0.00002775000000000   0.49999526516256866
  0.00002800000000000   0.49999521820134995
  0.00002825000000000   0.49999517602322100
  0.00002850000000000   0.49999513379913383
  0.00002875000000000   0.49999509152773594
  0.00002900000000000   0.49999504920767366
  0.00002925000000000   0.49999500683759225
  0.00002950000000000   0.49999496441613605
  0.00002975000000000   0.49999492194194852
  0.00003000000000000   0.49999487941367245
  0.00003025000000000   0.49999483682994996
  0.00003050000000000   0.49999479418942268
  0.00003075000000000   0.49999475149073186
  0.00003100000000000   0.49999470873251846
  0.00003125000000000   0.49999466053904616
  0.00003150000000000   0.49999461761939964
  0.00003175000000000   0.49999457463633210
  0.00003200000000000   0.49999453158848751
  0.00003225000000000   0.49999449400104294
  0.00003250000000000   0.49999445085715447
  0.00003275000000000   0.49999440764423284
  0.00003300000000000   0.49999436436092131
  0.00003325000000000   0.49999432100586398
  0.00003350000000000   0.49999427757770602
  0.00003375000000000   0.49999423407509370
  0.00003400000000000   0.49999419049667463
  0.00003425000000000   0.49999414684109785
  0.00003450000000000   0.49999410310701401
  0.00003475000000000   0.49999405929307549
  0.00003500000000000   0.49999401539793659
  0.00003525000000000   0.49999397142025365
  0.00003550000000000   0.49999393336667680
  0.00003575000000000   0.49999388925480662
  0.00003600000000000   0.49999384505614534
  0.00003625000000000   0.49999380076935605
  0.00003650000000000   0.49999375639310469
  0.00003675000000000   0.49999371811530002
  0.00003700000000000   0.49999367358993429
  0.00003725000000000   0.49999362897087739
  0.00003750000000000   0.49999358425680532
  0.00003775000000000   0.49999353944639786
  0.00003800000000000   0.49999350090333204
  0.00003825000000000   0.49999345592890532
  0.00003850000000000   0.49999341085394472
  0.00003875000000000   0.49999336567714374
  0.00003900000000000   0.49999332690046248
  0.00003925000000000   0.49999328154766645
  0.00003950000000000   0.49999323608886400
  0.00003975000000000   0.49999319712959039
  0.00004000000000000   0.49999315148571989
  0.00004025000000000   0.49999310573170495
  0.00004050000000000   0.49999306657445734
  0.00004075000000000   0.49999302062633220
  0.00004100000000000   0.49999297456395818
  0.00004125000000000   0.49999293519333241
  0.00004150000000000   0.49999288892784785
  0.00004175000000000   0.49999284941938666
  0.00004200000000000   0.49999280294463436
  0.00004225000000000   0.49999275634877853
  0.00004250000000000   0.49999271660101881
  0.00004275000000000   0.49999266978698356
  0.00004300000000000   0.49999262988371475
  0.00004325000000000   0.49999258284540142
  0.00004350000000000   0.49999254277945521
  0.00004375000000000   0.49999249551079230
  0.00004400000000000   0.49999245527500005
  0.00004425000000000   0.49999240776994718
  0.00004450000000000   0.49999236735714362
  0.00004475000000000   0.49999231960969569
  0.00004500000000000   0.49999227901272275
  0.00004525000000000   0.49999223833868713
  0.00004550000000000   0.49999219022862512
  0.00004575000000000   0.49999214935942347
  0.00004600000000000   0.49999210099179797
  0.00004625000000000   0.49999205992030041
  0.00004650000000000   0.49999201876198255
  0.00004675000000000   0.49999197000835586
  0.00004700000000000   0.49999192863678831
  0.00004725000000000   0.49999188717249151
  0.00004750000000000   0.49999183801881915
  0.00004775000000000   0.49999179633036007
  0.00004800000000000   0.49999175454326919
  0.00004825000000000   0.49999170497567196
  0.00004850000000000   0.49999166295356372
  0.00004875000000000   0.49999162082693559
  0.00004900000000000   0.49999157859372486
  0.00004925000000000   0.49999152845930128
  0.00004950000000000   0.49999148597649081
  0.00004975000000000   0.49999144338123819
  0.00005000000000000   0.49999140067148721
  0.00005025000000000   0.49999135784518302
  0.00005050000000000   0.49999131490027255
  0.00005075000000000   0.49999126387753085
  0.00005100000000000   0.49999122066108326
  0.00005125000000000   0.49999117732023760
  0.00005150000000000   0.49999113385295587
  0.00005175000000000   0.49999109025720371
  0.00005200000000000   0.49999104653095077
  0.00005225000000000   0.49999100267217114
  0.00005250000000000   0.49999095867884374
  0.00005275000000000   0.49999091454895281
  0.00005300000000000   0.49999087028048827
  0.00005325000000000   0.49999082587144622
  0.00005350000000000   0.49999078131982940
  0.00005375000000000   0.49999073662364765
  0.00005400000000000   0.49999069178091839
  0.00005425000000000   0.49999064678966713
  0.00005450000000000   0.49999060164792797
  0.00005475000000000   0.49999055635374413
  0.00005500000000000   0.49999051090516847
  0.00005525000000000   0.49999046530026406
  0.00005550000000000   0.49999042796461032
  0.00005575000000000   0.49999038206192945
  0.00005600000000000   0.49999033599673007
  0.00005625000000000   0.49999028976711652
  0.00005650000000000   0.49999024337120625
  0.00005675000000000   0.49999020534635324
  0.00005700000000000   0.49999015863067024
  0.00005725000000000   0.49999011174265546
  0.00005750000000000   0.49999006468047980
  0.00005775000000000   0.49999002606550278
  0.00005800000000000   0.49998997866612091
  0.00005825000000000   0.49998993108669753
  0.00005850000000000   0.49998989201003774
  0.00005875000000000   0.49998984408033887
  0.00005900000000000   0.49998979596485118
  0.00005925000000000   0.49998975640354147
  0.00005950000000000   0.49998970792494439
  0.00005975000000000   0.49998966803674273
  0.00006000000000000   0.49998961918629186
  0.00006025000000000   0.49998957896055349
  0.00006050000000000   0.49998952972962389
  0.00006075000000000   0.49998948915578243
  0.00006100000000000   0.49998943953588166
  0.00006125000000000   0.49998939860346168
  0.00006150000000000   0.49998934858624358
  0.00006175000000000   0.49998930728487394
  0.00006200000000000   0.49998926580620968
  0.00006225000000000   0.49998921518158103
  0.00006250000000000   0.49998917331810482
  0.00006275000000000   0.49998912227545406
  0.00006300000000000   0.49998908001710577
  0.00006325000000000   0.49998903756728327
  0.00006350000000000   0.49998899492297766
  0.00006375000000000   0.49998894302553131
  0.00006400000000000   0.49998889996557778
  0.00006425000000000   0.49998885670275862
  0.00006450000000000   0.49998881323412686
  0.00006475000000000   0.49998876955675202
  0.00006500000000000   0.49998871654347341
  0.00006525000000000   0.49998867242512094
  0.00006550000000000   0.49998862808994616
  0.00006575000000000   0.49998858353510340
  0.00006600000000000   0.49998853875776950
  0.00006625000000000   0.49998849375514521
  0.00006650000000000   0.49998844852445644
  0.00006675000000000   0.49998840306295573
  0.00006700000000000   0.49998835736792361
  0.00006725000000000   0.49998831143667012
  0.00006750000000000   0.49998826526653631
  0.00006775000000000   0.49998822810732298
  0.00006800000000000   0.49998818145932839
  0.00006825000000000   0.49998813456399372
  0.00006850000000000   0.49998808741879214
  0.00006875000000000   0.49998804002123599
  0.00006900000000000   0.49998800166778071
  0.00006925000000000   0.49998795376248909
  0.00006950000000000   0.49998790559690820
  0.00006975000000000   0.49998786649299752
  0.00007000000000000   0.49998781780202440
  0.00007025000000000   0.49998776884319787
  0.00007050000000000   0.49998772895748158
  0.00007075000000000   0.49998767945632444
  0.00007100000000000   0.49998763903710649
  0.00007125000000000   0.49998758898226937
  0.00007150000000000   0.49998754801536366
  0.00007175000000000   0.49998749739587761
  0.00007200000000000   0.49998745586742512
  0.00007225000000000   0.49998740467273886
  0.00007250000000000   0.49998736256924459
  0.00007275000000000   0.49998732017754996
  0.00007300000000000   0.49998727749362507
  0.00007325000000000   0.49998722511060830
  0.00007350000000000   0.49998718182424694
  0.00007375000000000   0.49998713823466797
  0.00007400000000000   0.49998709433803765
  0.00007425000000000   0.49998705013057586
  0.00007450000000000   0.49998699619895626
  0.00007475000000000   0.49998695135695864
  0.00007500000000000   0.49998690619402867
  0.00007525000000000   0.49998686070664206
  0.00007550000000000   0.49998681489134424
  0.00007575000000000   0.49998677815418736
  0.00007600000000000   0.49998673167021893
  0.00007625000000000   0.49998668484748865
  0.00007650000000000   0.49998663768284621
  0.00007675000000000   0.49998659017322974
  0.00007700000000000   0.49998655171690806
  0.00007725000000000   0.49998650350094843
  0.00007750000000000   0.49998645493040532
  0.00007775000000000   0.49998641539333534
  0.00007800000000000   0.49998636609510791
  0.00007825000000000   0.49998632581733666
  0.00007850000000000   0.49998627577748832
  0.00007875000000000   0.49998623474136962
  0.00007900000000000   0.49998618394680627
  0.00007925000000000   0.49998614213547956
  0.00007950000000000   0.49998609992966266
  0.00007975000000000   0.49998604797150875
  0.00008000000000000   0.49998600496575041
  0.00008025000000000   0.49998596155200583
  0.00008050000000000   0.49998591772563804
  0.00008075000000000   0.49998587348213200
  0.00008100000000000   0.49998582881710120
  0.00008125000000000   0.49998578372629447
  0.00008150000000000   0.49998573820560302
  0.00008175000000000   0.49998569225106781
  0.00008200000000000   0.49998564585888722
  0.00008225000000000   0.49998559902542491
  0.00008250000000000   0.49998555174721812
  0.00008275000000000   0.49998551325018905
  0.00008300000000000   0.49998546505456631
  0.00008325000000000   0.49998541640364497
  0.00008350000000000   0.49998537648042211
  0.00008375000000000   0.49998532688882922
  0.00008400000000000   0.49998528598830770
  0.00008425000000000   0.49998524458706531
  0.00008450000000000   0.49998519354492831
  0.00008475000000000   0.49998515113724448
  0.00008500000000000   0.49998510821313503
  0.00008525000000000   0.49998506476733300
  0.00008550000000000   0.49998502079480517
  0.00008575000000000   0.49998497629076481
  0.00008600000000000   0.49998493125068504
  0.00008625000000000   0.49998488567031276
  0.00008650000000000   0.49998483954568317
  0.00008675000000000   0.49998480184164864
  0.00008700000000000   0.49998475459181324
  0.00008725000000000   0.49998471571594657
  0.00008750000000000   0.49998466732248496
  0.00008775000000000   0.49998462725118279
  0.00008800000000000   0.49998457769834265
  0.00008825000000000   0.49998453641065799
  0.00008850000000000   0.49998449449729245
  0.00008875000000000   0.49998445195239471
  0.00008900000000000   0.49998440877050461
  0.00008925000000000   0.49998436494657544
  0.00008950000000000   0.49998432047599741
  0.00008975000000000   0.49998427535462214
  0.00009000000000000   0.49998422957878845
  0.00009025000000000   0.49998419177355902
  0.00009050000000000   0.49998414464412388
  0.00009075000000000   0.49998410541973277
  0.00009100000000000   0.49998406546476718
  0.00009125000000000   0.49998401625566929
  0.00009150000000000   0.49998397484889948
  0.00009175000000000   0.49998393269481309
  0.00009200000000000   0.49998388978839400
  0.00009225000000000   0.49998385451175484
  0.00009250000000000   0.49998381005044114
  0.00009275000000000   0.49998376482380230
  0.00009300000000000   0.49998372710981743
  0.00009325000000000   0.49998368855189190
  0.00009350000000000   0.49998364092637521
  0.00009375000000000   0.49998360069495706
  0.00009400000000000   0.49998355960272679
  0.00009425000000000   0.49998352574770461
  0.00009450000000000   0.49998348287828005
  0.00009475000000000   0.49998343913493644
  0.00009500000000000   0.49998340249625800
  0.00009525000000000   0.49998336489449567
  0.00009550000000000   0.49998331841970482
  0.00009575000000000   0.49998327891495948
  0.00009600000000000   0.49998324624817357
  0.00009625000000000   0.49998320473813601
  0.00009650000000000   0.49998316224394744
  0.00009675000000000   0.49998312644061118
  0.00009700000000000   0.49998308955427742
  0.00009725000000000   0.49998305157956941
  0.00009750000000000   0.49998301251292132
  0.00009775000000000   0.49998297984547898
  0.00009800000000000   0.49998293853531419
  0.00009825000000000   0.49998290351997010
  0.00009850000000000   0.49998286730148074
  0.00009875000000000   0.49998282987702883
  0.00009900000000000   0.49998279848415687
  0.00009925000000000   0.49998275858803766
  0.00009950000000000   0.49998272461300583
  0.00009975000000000   0.49998268931843708
  0.00010000000000000   0.49998265972217552
  0.00010025000000000   0.49998262172825181
  0.00010050000000000   0.49998258931809972
  0.00010075000000000   0.49998255547334932
  0.00010100000000000   0.49998252697755651
  0.00010125000000000   0.49998249692951527
  0.00010150000000000   0.49998246532814849
  0.00010175000000000   0.49998243217738998
  0.00010200000000000   0.49998240401640859
  0.00010225000000000   0.49998237418700618
  0.00010250000000000   0.49998234269596243
  0.00010275000000000   0.49998231588349087
  0.00010300000000000   0.49998228729098640
  0.00010325000000000   0.49998226312113703
  0.00010350000000000   0.49998223705138875
  0.00010375000000000   0.49998221514633803
  0.00010400000000000   0.49998219122082488
  0.00010425000000000   0.49998216529024324
  0.00010450000000000   0.49998214320460339
  0.00010475000000000   0.49998212475628034
  0.00010500000000000   0.49998210405983336
  0.00010525000000000   0.49998208673725046
  0.00010550000000000   0.49998206706097319
  0.00010575000000000   0.49998205049812736
  0.00010600000000000   0.49998203683717560
  0.00010625000000000   0.49998202586768410
  0.00010650000000000   0.49998201219736228
  0.00010675000000000   0.49998200097046808
  0.00010700000000000   0.49998199198008299
  0.00010725000000000   0.49998198502215465
  0.00010750000000000   0.49998197989641930
  0.00010775000000000   0.49998198112470170
  0.00010800000000000   0.49998197898555503
  0.00010825000000000   0.49998198263505212
  0.00010850000000000   0.49998198718039331
  0.00010875000000000   0.49998199678037505
  0.00010900000000000   0.49998200676414034
  0.00010925000000000   0.49998202111341806
  0.00010950000000000   0.49998204339931410
  0.00010975000000000   0.49998206511136718
  0.00011000000000000   0.49998209375434833
  0.00011025000000000   0.49998212498995669
  0.00011050000000000   0.49998216559665323
  0.00011075000000000   0.49998221121464902
  0.00011100000000000   0.49998226461492863
  0.00011125000000000   0.49998232501059729
  0.00011150000000000   0.49998239778268141
  0.00011175000000000   0.49998248165584233
  0.00011200000000000   0.49998257833509032
  0.00011225000000000   0.49998269448345874
  0.00011250000000000   0.49998282821660775
  0.00011275000000000   0.49998298982236708
  0.00011300000000000   0.49998318561469419
  0.00011325000000000   0.49998342922197199
  0.00011350000000000   0.49998374001591983
  0.00011375000000000   0.49998415969299131
  0.00011400000000000   0.49998479147139138
  0.00011425000000000   0.49998604052556591
  0.00011450000000000   0.50003145151635346
  0.00011475000000000   0.50003763537270680
  0.00011500000000000   0.50004121636656918
  0.00011525000000000   0.50004390472832411
  0.00011550000000000   0.50004611610910710
  0.00011575000000000   0.50004802354898906
  0.00011600000000000   0.50004971985201296
  0.00011625000000000   0.50005125704115069
  0.00011650000000000   0.50005266598869964
  0.00011675000000000   0.50005398391681016
  0.00011700000000000   0.50005521524253958
  0.00011725000000000   0.50005637465643510
  0.00011750000000000   0.50005747089578568
  0.00011775000000000   0.50005852947265306
  0.00011800000000000   0.50005953089082047
  0.00011825000000000   0.50006050620808541
  0.00011850000000000   0.50006143099249998
  0.00011875000000000   0.50006233375647321
  0.00011900000000000   0.50006320928380716
  0.00011925000000000   0.50006405109552228
  0.00011950000000000   0.50006487465835446
  0.00011975000000000   0.50006567216304146
  0.00012000000000000   0.50006645837939476
  0.00012025000000000   0.50006722451926980
  0.00012050000000000   0.50006796110223935
  0.00012075000000000   0.50006869401719556
  0.00012100000000000   0.50006941342443016
  0.00012125000000000   0.50007010894421282
  0.00012150000000000   0.50007079419780944
  0.00012175000000000   0.50007147066987068
  0.00012200000000000   0.50007213972369056
  0.00012225000000000   0.50007279015326143
  0.00012250000000000   0.50007343543122743
  0.00012275000000000   0.50007406403638823
  0.00012300000000000   0.50007468942367210
  0.00012325000000000   0.50007529980337766
  0.00012350000000000   0.50007590863049176
  0.00012375000000000   0.50007650388160328
  0.00012400000000000   0.50007708614644611
  0.00012425000000000   0.50007766890339694
  0.00012450000000000   0.50007825282022803
  0.00012475000000000   0.50007881245367754
  0.00012500000000000   0.50007937426518502
  0.00012525000000000   0.50007993881402400
  0.00012550000000000   0.50008048028021159
  0.00012575000000000   0.50008102533101908
  0.00012600000000000   0.50008157444403870
  0.00012625000000000   0.50008210146133778
  0.00012650000000000   0.50008263325484774
  0.00012675000000000   0.50008315685006163
  0.00012700000000000   0.50008367252035338
  0.00012725000000000   0.50008419398297376
  0.00012750000000000   0.50008469460444312
  0.00012775000000000   0.50008520156835734
  0.00012800000000000   0.50008570163910509
  0.00012825000000000   0.50008620861972646
  0.00012850000000000   0.50008669555495987
  0.00012875000000000   0.50008718985524957
  0.00012900000000000   0.50008767810720069
  0.00012925000000000   0.50008816048275287
  0.00012950000000000   0.50008863714756985
  0.00012975000000000   0.50008910826129068
  0.00013000000000000   0.50008958777176091
  0.00013025000000000   0.50009004825776906
  0.00013050000000000   0.50009051747537113
  0.00013075000000000   0.50009098176193029
  0.00013100000000000   0.50009144124440529
  0.00013125000000000   0.50009189604552059
  0.00013150000000000   0.50009236022083822
  0.00013175000000000   0.50009280602795873
  0.00013200000000000   0.50009326147479676
  0.00013225000000000   0.50009369872493882
  0.00013250000000000   0.50009414585903734
  0.00013275000000000   0.50009458899430939
  0.00013300000000000   0.50009502822359359
  0.00013325000000000   0.50009546363692061
  0.00013350000000000   0.50009589532160320
  0.00013375000000000   0.50009633746635088
  0.00013400000000000   0.50009676195740009
  0.00013425000000000   0.50009719710047797
  0.00013450000000000   0.50009761471190664
  0.00013475000000000   0.50009804315298003
  0.00013500000000000   0.50009846835774682
  0.00013525000000000   0.50009889039374509
  0.00013550000000000   0.50009930932668167
  0.00013575000000000   0.50009972522048247
