 -0.00022000000000000   0.49990085842514615
 -0.00021975000000000   0.49990301269935338
 -0.00021950000000000   0.49990531841987132
 -0.00021925000000000   0.49990788263988395
 -0.00021900000000000   0.49991072034003565
 -0.00021875000000000   0.49991394133843387
 -0.00021850000000000   0.49991774681425797
 -0.00021825000000000   0.49992245235866775
 -0.00021800000000000   0.49992887418082344
 -0.00021775000000000   0.49994057985101963
 -0.00021750000000000   0.50002450468380594
 -0.00021725000000000   0.50002635825456288
 -0.00021700000000000   0.50002728469691677
 -0.00021675000000000   0.50002788684758171
 -0.00021650000000000   0.50002832809623476
 -0.00021625000000000   0.50002865663346429
 -0.00021600000000000   0.50002891717891087
 -0.00021575000000000   0.50002913256292024
 -0.00021550000000000   0.50002930149446879
 -0.00021525000000000   0.50002943582540709
 -0.00021500000000000   0.50002955191468408
 -0.00021475000000000   0.50002964475542439
 -0.00021450000000000   0.50002970896570591
 -0.00021425000000000   0.50002978140460013
 -0.00021400000000000   0.50002981741858218
 -0.00021375000000000   0.50002985705066400
 -0.00021350000000000   0.50002988365399045
 -0.00021325000000000   0.50002991102979101
 -0.00021300000000000   0.50002992126972739
 -0.00021275000000000   0.50002992913703397
 -0.00021250000000000   0.50002991560820578
 -0.00021225000000000   0.50002991486101829
 -0.00021200000000000   0.50002990830795269
 -0.00021175000000000   0.50002989476003955
 -0.00021150000000000   0.50002987302026365
 -0.00021125000000000   0.50002984188436681
 -0.00021100000000000   0.50002982092917074
 -0.00021075000000000   0.50002978908764108
 -0.00021050000000000   0.50002976681900307
 -0.00021025000000000   0.50002973214527674
 -0.00021000000000000   0.50002968386964147
 -0.00020975000000000   0.50002964375876174
 -0.00020950000000000   0.50002961190209064
 -0.00020925000000000   0.50002956459114094
 -0.00020900000000000   0.50002952484419885
 -0.00020875000000000   0.50002946813894011
 -0.00020850000000000   0.50002941831020312
 -0.00020825000000000   0.50002937540907194
 -0.00020800000000000   0.50002931371674379
 -0.00020775000000000   0.50002925825880657
 -0.00020750000000000   0.50002920907426175
 -0.00020725000000000   0.50002916618177534
 -0.00020700000000000   0.50002910236344556
 -0.00020675000000000   0.50002904414949876
 -0.00020650000000000   0.50002899156151662
 -0.00020625000000000   0.50002894460649663
 -0.00020600000000000   0.50002887465800700
 -0.00020575000000000   0.50002880967088333
 -0.00020550000000000   0.50002874966272486
 -0.00020525000000000   0.50002869464028167
 -0.00020500000000000   0.50002864460033516
 -0.00020475000000000   0.50002856924573731
 -0.00020450000000000   0.50002849822606038
 -0.00020425000000000   0.50002843155392589
 -0.00020400000000000   0.50002836923422712
 -0.00020375000000000   0.50002831126470918
 -0.00020350000000000   0.50002825763650982
 -0.00020325000000000   0.50002817616420300
 -0.00020300000000000   0.50002813090783009
 -0.00020275000000000   0.50002805720275782
 -0.00020250000000000   0.50002798722373025
 -0.00020225000000000   0.50002792097003813
 -0.00020200000000000   0.50002785843632598
 -0.00020175000000000   0.50002779961291695
 -0.00020150000000000   0.50002771029486948
 -0.00020125000000000   0.50002765860169318
 -0.00020100000000000   0.50002761057719448
 -0.00020075000000000   0.50002753123463512
 -0.00020050000000000   0.50002745501292732
 -0.00020025000000000   0.50002738191092973
 -0.00020000000000000   0.50002731192446441
 -0.00019975000000000   0.50002724504651009
 -0.00019950000000000   0.50002718126738485
 -0.00019925000000000   0.50002712057491878
 -0.00019900000000000   0.50002706295461709
 -0.00019875000000000   0.50002697136199734
 -0.00019850000000000   0.50002691962331670
 -0.00019825000000000   0.50002683339939626
 -0.00019800000000000   0.50002678749306184
 -0.00019775000000000   0.50002670661291115
 -0.00019750000000000   0.50002662826642339
 -0.00019725000000000   0.50002659089873647
 -0.00019700000000000   0.50002651783905801
 -0.00019675000000000   0.50002644728835794
 -0.00019650000000000   0.50002637923775138
 -0.00019625000000000   0.50002631367693221
 -0.00019600000000000   0.50002625059425804
 -0.00019575000000000   0.50002615023203157
 -0.00019550000000000   0.50002609187406068
 -0.00019525000000000   0.50002603595875846
 -0.00019500000000000   0.50002594209761667
 -0.00019475000000000   0.50002589084562871
 -0.00019450000000000   0.50002584199097103
 -0.00019425000000000   0.50002575457231829
 -0.00019400000000000   0.50002566913241037
 -0.00019375000000000   0.50002562705750753
 -0.00019350000000000   0.50002554578084099
 -0.00019325000000000   0.50002546646637819
 -0.00019300000000000   0.50002543105103606
 -0.00019275000000000   0.50002535584159706
 -0.00019250000000000   0.50002528257019972
 -0.00019225000000000   0.50002521122911279
 -0.00019200000000000   0.50002514180988757
 -0.00019175000000000   0.50002507430339673
 -0.00019150000000000   0.50002500869987157
 -0.00019125000000000   0.50002494498893767
 -0.00019100000000000   0.50002488315964899
 -0.00019075000000000   0.50002482320052043
 -0.00019050000000000   0.50002472141964855
 -0.00019025000000000   0.50002466501861242
 -0.00019000000000000   0.50002461045518330
 -0.00018975000000000   0.50002455771595572
 -0.00018950000000000   0.50002446247774337
 -0.00018925000000000   0.50002441321824027
 -0.00018900000000000   0.50002432111117358
 -0.00018875000000000   0.50002427529149202
 -0.00018850000000000   0.50002418629197391
 -0.00018825000000000   0.50002414386900408
 -0.00018800000000000   0.50002405794996635
 -0.00018775000000000   0.50002401887774346
 -0.00018750000000000   0.50002393600899168
 -0.00018725000000000   0.50002390023901911
 -0.00018700000000000   0.50002382038755069
 -0.00018675000000000   0.50002374195174522
 -0.00018650000000000   0.50002366492639200
 -0.00018625000000000   0.50002363553067369
 -0.00018600000000000   0.50002356145709834
 -0.00018575000000000   0.50002348877251551
 -0.00018550000000000   0.50002341747047466
 -0.00018525000000000   0.50002334754424136
 -0.00018500000000000   0.50002327898681136
 -0.00018475000000000   0.50002321179092420
 -0.00018450000000000   0.50002314594907625
 -0.00018425000000000   0.50002308145353335
 -0.00018400000000000   0.50002301829634283
 -0.00018375000000000   0.50002295646934525
 -0.00018350000000000   0.50002289596418560
 -0.00018325000000000   0.50002283677232399
 -0.00018300000000000   0.50002277888504614
 -0.00018275000000000   0.50002272229347329
 -0.00018250000000000   0.50002266698857175
 -0.00018225000000000   0.50002261296116210
 -0.00018200000000000   0.50002251195218931
 -0.00018175000000000   0.50002246036271579
 -0.00018150000000000   0.50002241002549913
 -0.00018125000000000   0.50002236093082381
 -0.00018100000000000   0.50002226440648169
 -0.00018075000000000   0.50002221769052146
 -0.00018050000000000   0.50002217219029904
 -0.00018025000000000   0.50002207893668015
 -0.00018000000000000   0.50002203576940244
 -0.00017975000000000   0.50002199379009067
 -0.00017950000000000   0.50002190375882654
 -0.00017925000000000   0.50002186406461252
 -0.00017900000000000   0.50002177610906480
 -0.00017875000000000   0.50002173866888738
 -0.00017850000000000   0.50002165276867015
 -0.00017825000000000   0.50002161755070678
 -0.00017800000000000   0.50002153368445282
 -0.00017775000000000   0.50002150065621022
 -0.00017750000000000   0.50002141880166463
 -0.00017725000000000   0.50002133788809299
 -0.00017700000000000   0.50002130806417042
 -0.00017675000000000   0.50002122913000227
 -0.00017650000000000   0.50002120141460736
 -0.00017625000000000   0.50002112443567709
 -0.00017600000000000   0.50002104837513700
 -0.00017575000000000   0.50002102374606932
 -0.00017550000000000   0.50002094960580796
 -0.00017525000000000   0.50002087636975872
 -0.00017500000000000   0.50002080403383184
 -0.00017475000000000   0.50002078340362546
 -0.00017450000000000   0.50002071294089409
 -0.00017425000000000   0.50002064336313316
 -0.00017400000000000   0.50002057466592316
 -0.00017375000000000   0.50002055791086366
 -0.00017350000000000   0.50002049103778891
 -0.00017325000000000   0.50002042502932283
 -0.00017300000000000   0.50002035988077495
 -0.00017275000000000   0.50002029558738898
 -0.00017250000000000   0.50002023214434607
 -0.00017225000000000   0.50002016954676798
 -0.00017200000000000   0.50002010778972009
 -0.00017175000000000   0.50002009841527626
 -0.00017150000000000   0.50002003838397958
 -0.00017125000000000   0.50001997917607878
 -0.00017100000000000   0.50001992078646615
 -0.00017075000000000   0.50001986320999122
 -0.00017050000000000   0.50001980644146327
 -0.00017025000000000   0.50001975047565380
 -0.00017000000000000   0.50001969530729883
 -0.00016975000000000   0.50001964093110122
 -0.00016950000000000   0.50001958734173284
 -0.00016925000000000   0.50001953453383671
 -0.00016900000000000   0.50001943040559176
 -0.00016875000000000   0.50001937910574402
 -0.00016850000000000   0.50001932857292215
 -0.00016825000000000   0.50001927880165312
 -0.00016800000000000   0.50001922978644491
 -0.00016775000000000   0.50001918152178829
 -0.00016750000000000   0.50001913400215838
 -0.00016725000000000   0.50001908722201635
 -0.00016700000000000   0.50001904117581093
 -0.00016675000000000   0.50001894340704928
 -0.00016650000000000   0.50001889878871187
 -0.00016625000000000   0.50001885488919882
 -0.00016600000000000   0.50001881170290546
 -0.00016575000000000   0.50001876922422188
 -0.00016550000000000   0.50001867482840260
 -0.00016525000000000   0.50001863373273465
 -0.00016500000000000   0.50001859332933978
 -0.00016475000000000   0.50001855361258234
 -0.00016450000000000   0.50001846183845243
 -0.00016425000000000   0.50001842346876985
 -0.00016400000000000   0.50001838577027123
 -0.00016375000000000   0.50001829590910491
 -0.00016350000000000   0.50001825953115014
 -0.00016325000000000   0.50001822380886385
 -0.00016300000000000   0.50001818873660565
 -0.00016275000000000   0.50001810140362499
 -0.00016250000000000   0.50001806761522800
 -0.00016225000000000   0.50001803446132196
 -0.00016200000000000   0.50001794897214830
 -0.00016175000000000   0.50001791707513028
 -0.00016150000000000   0.50001783277904811
 -0.00016125000000000   0.50001780212175922
 -0.00016100000000000   0.50001777207350304
 -0.00016075000000000   0.50001768957251581
 -0.00016050000000000   0.50001766073683232
 -0.00016025000000000   0.50001757939845703
 -0.00016000000000000   0.50001755175806160
 -0.00015975000000000   0.50001747157042231
 -0.00015950000000000   0.50001744510799302
 -0.00015925000000000   0.50001741921931634
 -0.00015900000000000   0.50001734075725501
 -0.00015875000000000   0.50001731601933300
 -0.00015850000000000   0.50001723867633019
 -0.00015825000000000   0.50001721507183019
 -0.00015800000000000   0.50001713883558175
 -0.00015775000000000   0.50001711634717566
 -0.00015750000000000   0.50001704120527812
 -0.00015725000000000   0.50001701981565284
 -0.00015700000000000   0.50001694575561622
 -0.00015675000000000   0.50001692544748336
 -0.00015650000000000   0.50001685245674326
 -0.00015625000000000   0.50001677998102037
 -0.00015600000000000   0.50001676127877711
 -0.00015575000000000   0.50001668985460342
 -0.00015550000000000   0.50001667219182547
 -0.00015525000000000   0.50001660180647313
 -0.00015500000000000   0.50001658516600378
 -0.00015475000000000   0.50001651580670814
 -0.00015450000000000   0.50001644694495757
 -0.00015425000000000   0.50001643182542069
 -0.00015400000000000   0.50001636397165691
 -0.00015375000000000   0.50001634983277174
 -0.00015350000000000   0.50001628297415351
 -0.00015325000000000   0.50001621660044551
 -0.00015300000000000   0.50001620392266469
 -0.00015275000000000   0.50001613852589806
 -0.00015250000000000   0.50001607360659539
 -0.00015225000000000   0.50001606235479989
 -0.00015200000000000   0.50001599839417738
 -0.00015175000000000   0.50001593490349879
 -0.00015150000000000   0.50001592504274845
 -0.00015125000000000   0.50001586249245762
 -0.00015100000000000   0.50001580040453102
 -0.00015075000000000   0.50001573877680133
 -0.00015050000000000   0.50001573073425354
 -0.00015025000000000   0.50001567002315257
 -0.00015000000000000   0.50001560976459836
 -0.00014975000000000   0.50001560303322437
 -0.00014950000000000   0.50001554367300185
 -0.00014925000000000   0.50001548475764536
 -0.00014900000000000   0.50001542628493486
 -0.00014875000000000   0.50001542126797925
 -0.00014850000000000   0.50001536366986307
 -0.00014825000000000   0.50001530650667766
 -0.00014800000000000   0.50001524977618089
 -0.00014775000000000   0.50001524641553702
 -0.00014750000000000   0.50001519053595978
 -0.00014725000000000   0.50001513508133924
 -0.00014700000000000   0.50001508004941739
 -0.00014675000000000   0.50001502543793068
 -0.00014650000000000   0.50001502408300191
 -0.00014625000000000   0.50001497029339182
 -0.00014600000000000   0.50001491691647922
 -0.00014575000000000   0.50001486394999161
 -0.00014550000000000   0.50001481139165272
 -0.00014525000000000   0.50001475923918284
 -0.00014500000000000   0.50001476019023008
 -0.00014475000000000   0.50001470882533409
 -0.00014450000000000   0.50001465785858637
 -0.00014425000000000   0.50001460728770548
 -0.00014400000000000   0.50001455711040805
 -0.00014375000000000   0.50001450732440905
 -0.00014350000000000   0.50001445792742207
 -0.00014325000000000   0.50001446142760802
 -0.00014300000000000   0.50001441277882654
 -0.00014275000000000   0.50001436451138627
 -0.00014250000000000   0.50001431662300617
 -0.00014225000000000   0.50001426911140507
 -0.00014200000000000   0.50001422197430190
 -0.00014175000000000   0.50001417520941592
 -0.00014150000000000   0.50001412881446699
 -0.00014125000000000   0.50001408278717571
 -0.00014100000000000   0.50001403712526375
 -0.00014075000000000   0.50001399182645397
 -0.00014050000000000   0.50001394688847067
 -0.00014025000000000   0.50001395444442917
 -0.00014000000000000   0.50001391018937404
 -0.00013975000000000   0.50001386628761304
 -0.00013950000000000   0.50001382273688527
 -0.00013925000000000   0.50001377953493206
 -0.00013900000000000   0.50001373667949727
 -0.00013875000000000   0.50001369416832734
 -0.00013850000000000   0.50001365199917156
 -0.00013825000000000   0.50001361016978213
 -0.00013800000000000   0.50001356867791439
 -0.00013775000000000   0.50001352752132695
 -0.00013750000000000   0.50001348669778179
 -0.00013725000000000   0.50001344620504446
 -0.00013700000000000   0.50001340604088420
 -0.00013675000000000   0.50001336620307403
 -0.00013650000000000   0.50001332668939093
 -0.00013625000000000   0.50001328749761594
 -0.00013600000000000   0.50001324862553429
 -0.00013575000000000   0.50001321007093548
 -0.00013550000000000   0.50001317183161346
 -0.00013525000000000   0.50001313390536664
 -0.00013500000000000   0.50001309628999810
 -0.00013475000000000   0.50001305898331562
 -0.00013450000000000   0.50001302198313178
 -0.00013425000000000   0.50001298528726411
 -0.00013400000000000   0.50001294889353510
 -0.00013375000000000   0.50001291279977235
 -0.00013350000000000   0.50001282596169494
 -0.00013325000000000   0.50001279051033447
 -0.00013300000000000   0.50001275535300523
 -0.00013275000000000   0.50001272048755085
 -0.00013250000000000   0.50001268591182049
 -0.00013225000000000   0.50001265162366892
 -0.00013200000000000   0.50001261762095659
 -0.00013175000000000   0.50001258390154968
 -0.00013150000000000   0.50001255046332016
 -0.00013125000000000   0.50001251730414586
 -0.00013100000000000   0.50001248442191053
 -0.00013075000000000   0.50001245181450388
 -0.00013050000000000   0.50001236901926198
 -0.00013025000000000   0.50001233701060082
 -0.00013000000000000   0.50001230527096549
 -0.00012975000000000   0.50001227379826562
 -0.00012950000000000   0.50001224259041710
 -0.00012925000000000   0.50001221164534209
 -0.00012900000000000   0.50001218096096908
 -0.00012875000000000   0.50001215053523291
 -0.00012850000000000   0.50001212036607481
 -0.00012825000000000   0.50001204046702084
 -0.00012800000000000   0.50001201086466504
 -0.00012775000000000   0.50001198151320226
 -0.00012750000000000   0.50001195241059568
 -0.00012725000000000   0.50001192355481504
 -0.00012700000000000   0.50001189494383671
 -0.00012675000000000   0.50001181691801677
 -0.00012650000000000   0.50001178885317360
 -0.00012625000000000   0.50001176102752991
 -0.00012600000000000   0.50001173343908500
 -0.00012575000000000   0.50001170608584495
 -0.00012550000000000   0.50001167896582255
 -0.00012525000000000   0.50001160276352479
 -0.00012500000000000   0.50001157616920636
 -0.00012475000000000   0.50001154980259038
 -0.00012450000000000   0.50001152366171338
 -0.00012425000000000   0.50001149774461873
 -0.00012400000000000   0.50001142302904745
 -0.00012375000000000   0.50001139762097880
 -0.00012350000000000   0.50001137243125173
 -0.00012325000000000   0.50001134745793383
 -0.00012300000000000   0.50001132269909959
 -0.00012275000000000   0.50001124943686750
 -0.00012250000000000   0.50001122517056251
 -0.00012225000000000   0.50001120111337738
 -0.00012200000000000   0.50001117726341116
 -0.00012175000000000   0.50001115361876982
 -0.00012150000000000   0.50001108177660049
 -0.00012125000000000   0.50001105860818451
 -0.00012100000000000   0.50001103563980857
 -0.00012075000000000   0.50001101286960344
 -0.00012050000000000   0.50001094214720175
 -0.00012025000000000   0.50001091984048074
 -0.00012000000000000   0.50001089772670809
 -0.00011975000000000   0.50001087580403952
 -0.00011950000000000   0.50001080618112873
 -0.00011925000000000   0.50001078470932549
 -0.00011900000000000   0.50001076342346719
 -0.00011875000000000   0.50001074232173455
 -0.00011850000000000   0.50001067377810923
 -0.00011825000000000   0.50001065311474982
 -0.00011800000000000   0.50001063263042095
 -0.00011775000000000   0.50001061232332834
 -0.00011750000000000   0.50001054483886991
 -0.00011725000000000   0.50001052495778874
 -0.00011700000000000   0.50001050524891323
 -0.00011675000000000   0.50001043855704273
 -0.00011650000000000   0.50001041926516480
 -0.00011625000000000   0.50001040014050859
 -0.00011600000000000   0.50001033423072569
 -0.00011575000000000   0.50001031551412002
 -0.00011550000000000   0.50001029695979912
 -0.00011525000000000   0.50001027856602991
 -0.00011500000000000   0.50001021366647759
 -0.00011475000000000   0.50001019566872334
 -0.00011450000000000   0.50001017782664901
 -0.00011425000000000   0.50001011368432033
 -0.00011400000000000   0.50001009622948077
 -0.00011375000000000   0.50001007892549655
 -0.00011350000000000   0.50001001552999736
 -0.00011325000000000   0.50000999860453837
 -0.00011300000000000   0.50000998182515739
 -0.00011275000000000   0.50000991916613003
 -0.00011250000000000   0.50000990275663625
 -0.00011225000000000   0.50000988648849036
 -0.00011200000000000   0.50000982455561717
 -0.00011175000000000   0.50000980864879272
 -0.00011150000000000   0.50000979287863322
 -0.00011125000000000   0.50000973166163966
 -0.00011100000000000   0.50000971624430874
 -0.00011075000000000   0.50000970095900687
 -0.00011050000000000   0.50000964044766450
 -0.00011025000000000   0.50000962550677174
 -0.00011000000000000   0.50000961069331904
 -0.00010975000000000   0.50000955087744824
 -0.00010950000000000   0.50000953640005897
 -0.00010925000000000   0.50000947706171554
 -0.00010900000000000   0.50000946291503990
 -0.00010875000000000   0.50000944888834028
 -0.00010850000000000   0.50000939022899598
 -0.00010825000000000   0.50000937652478349
 -0.00010800000000000   0.50000936293608041
 -0.00010775000000000   0.50000930494568783
 -0.00010750000000000   0.50000929167131991
 -0.00010725000000000   0.50000923414187474
 -0.00010700000000000   0.50000922117660986
 -0.00010675000000000   0.50000920831958862
 -0.00010650000000000   0.50000915144283075
 -0.00010625000000000   0.50000913888688084
 -0.00010600000000000   0.50000908246089569
 -0.00010575000000000   0.50000907020085836
 -0.00010550000000000   0.50000905804192050
 -0.00010525000000000   0.50000900225249549
 -0.00010500000000000   0.50000899038155902
 -0.00010475000000000   0.50000893503280081
 -0.00010450000000000   0.50000892344478078
 -0.00010425000000000   0.50000891195083649
 -0.00010400000000000   0.50000885722265730
 -0.00010375000000000   0.50000884600383870
 -0.00010350000000000   0.50000879170629577
 -0.00010325000000000   0.50000878075759193
 -0.00010300000000000   0.50000876989605915
 -0.00010275000000000   0.50000871620326772
 -0.00010250000000000   0.50000870560417900
 -0.00010225000000000   0.50000865233207443
 -0.00010200000000000   0.50000864199049285
 -0.00010175000000000   0.50000858913525773
 -0.00010150000000000   0.50000857904627456
 -0.00010125000000000   0.50000852660410105
 -0.00010100000000000   0.50000851676283573
 -0.00010075000000000   0.50000850699668659
 -0.00010050000000000   0.50000845513152614
 -0.00010025000000000   0.50000844560563482
 -0.00010000000000000   0.50000839414373413
 -0.00009975000000000   0.50000838485329379
 -0.00009950000000000   0.50000833379088695
 -0.00009925000000000   0.50000832473111886
 -0.00009900000000000   0.50000827406445101
 -0.00009875000000000   0.50000826523060453
 -0.00009850000000000   0.50000821495593225
 -0.00009825000000000   0.50000820634328477
 -0.00009800000000000   0.50000819779153181
 -0.00009775000000000   0.50000814806073325
 -0.00009750000000000   0.50000813972297207
 -0.00009725000000000   0.50000809037456353
 -0.00009700000000000   0.50000808224614423
 -0.00009675000000000   0.50000803327642931
 -0.00009650000000000   0.50000802535272976
 -0.00009625000000000   0.50000797675802458
 -0.00009600000000000   0.50000796903445033
 -0.00009575000000000   0.50000792081108378
 -0.00009550000000000   0.50000791328306800
 -0.00009525000000000   0.50000786542738190
 -0.00009500000000000   0.50000785809038527
 -0.00009475000000000   0.50000781059873462
 -0.00009450000000000   0.50000780344824526
 -0.00009425000000000   0.50000775631699839
 -0.00009400000000000   0.50000774934853172
 -0.00009375000000000   0.50000770257407051
 -0.00009350000000000   0.50000769578316916
 -0.00009325000000000   0.50000764936188915
 -0.00009300000000000   0.50000764274412285
 -0.00009275000000000   0.50000759667243344
 -0.00009250000000000   0.50000759022339885
 -0.00009225000000000   0.50000754449772341
 -0.00009200000000000   0.50000753821304408
 -0.00009175000000000   0.50000749282982009
 -0.00009150000000000   0.50000748670514622
 -0.00009125000000000   0.50000744166082540
 -0.00009100000000000   0.50000743569183380
 -0.00009075000000000   0.50000739098288218
 -0.00009050000000000   0.50000734648130806
 -0.00009025000000000   0.50000734078817415
 -0.00009000000000000   0.50000729661693126
 -0.00008975000000000   0.50000729106892583
 -0.00008950000000000   0.50000724722451273
 -0.00008925000000000   0.50000724181740246
 -0.00008900000000000   0.50000719829633244
 -0.00008875000000000   0.50000719302590997
 -0.00008850000000000   0.50000714982471110
 -0.00008825000000000   0.50000714468679487
 -0.00008800000000000   0.50000710180201007
 -0.00008775000000000   0.50000705911646023
 -0.00008750000000000   0.50000705422063119
 -0.00008725000000000   0.50000701184655324
 -0.00008700000000000   0.50000700707301675
 -0.00008675000000000   0.50000696500698754
 -0.00008650000000000   0.50000696035164927
 -0.00008625000000000   0.50000691859026075
 -0.00008600000000000   0.50000691404905143
 -0.00008575000000000   0.50000687258891063
 -0.00008550000000000   0.50000683132144099
 -0.00008525000000000   0.50000682699551495
 -0.00008500000000000   0.50000678602443208
 -0.00008475000000000   0.50000678180269132
 -0.00008450000000000   0.50000674112463694
 -0.00008425000000000   0.50000673700309705
 -0.00008400000000000   0.50000669661472806
 -0.00008375000000000   0.50000665641400494
 -0.00008350000000000   0.50000665248741743
 -0.00008325000000000   0.50000661257158257
 -0.00008300000000000   0.50000660873545636
 -0.00008275000000000   0.50000656910120172
 -0.00008250000000000   0.50000656535163529
 -0.00008225000000000   0.50000652599566802
 -0.00008200000000000   0.50000648682236360
 -0.00008175000000000   0.50000648324782603
 -0.00008150000000000   0.50000644434807681
 -0.00008125000000000   0.50000644085055898
 -0.00008100000000000   0.50000640222110736
 -0.00008075000000000   0.50000636377082504
 -0.00008050000000000   0.50000636043439214
 -0.00008025000000000   0.50000632224972083
 -0.00008000000000000   0.50000631898090628
 -0.00007975000000000   0.50000628105862365
 -0.00007950000000000   0.50000624331203814
 -0.00007925000000000   0.50000624019056176
 -0.00007900000000000   0.50000620270172429
 -0.00007875000000000   0.50000616538656167
 -0.00007850000000000   0.50000616240432461
 -0.00007825000000000   0.50000612534229541
 -0.00007800000000000   0.50000612241295763
 -0.00007775000000000   0.50000608560089493
 -0.00007750000000000   0.50000604895906928
 -0.00007725000000000   0.50000604615553095
 -0.00007700000000000   0.50000600975910349
 -0.00007675000000000   0.50000600699941109
 -0.00007650000000000   0.50000597084525003
 -0.00007625000000000   0.50000593485791192
 -0.00007600000000000   0.50000593221076802
 -0.00007575000000000   0.50000589646117437
 -0.00007550000000000   0.50000586087641264
 -0.00007525000000000   0.50000585833400688
 -0.00007500000000000   0.50000582298249400
 -0.00007475000000000   0.50000578779382890
 -0.00007450000000000   0.50000578534841481
 -0.00007425000000000   0.50000575038852930
 -0.00007400000000000   0.50000574796757181
 -0.00007375000000000   0.50000571323340893
 -0.00007350000000000   0.50000567865873080
 -0.00007325000000000   0.50000567632191451
 -0.00007300000000000   0.50000564196853601
 -0.00007275000000000   0.50000560777267889
 -0.00007250000000000   0.50000560551242638
 -0.00007225000000000   0.50000557153347217
 -0.00007200000000000   0.50000553771008337
 -0.00007175000000000   0.50000553551887875
 -0.00007150000000000   0.50000550190802241
 -0.00007125000000000   0.50000546845078306
 -0.00007100000000000   0.50000546632117127
 -0.00007075000000000   0.50000543307212014
 -0.00007050000000000   0.50000539997474524
 -0.00007025000000000   0.50000539789933138
 -0.00007000000000000   0.50000536500582660
 -0.00006975000000000   0.50000533226206505
 -0.00006950000000000   0.50000533023351372
 -0.00006925000000000   0.50000529768933024
 -0.00006900000000000   0.50000526529296484
 -0.00006875000000000   0.50000526330399945
 -0.00006850000000000   0.50000523110294603
 -0.00006825000000000   0.50000519904779346
 -0.00006800000000000   0.50000519709119556
 -0.00006775000000000   0.50000516522711474
 -0.00006750000000000   0.50000513350702552
 -0.00006725000000000   0.50000513157563409
 -0.00006700000000000   0.50000510004240210
 -0.00006675000000000   0.50000506865126054
 -0.00006650000000000   0.50000506673797131
 -0.00006625000000000   0.50000503552949805
 -0.00006600000000000   0.50000500446122213
 -0.00006575000000000   0.50000497353257135
 -0.00006550000000000   0.50000497166921577
 -0.00006525000000000   0.50000494091775706
 -0.00006500000000000   0.50000491030404001
 -0.00006475000000000   0.50000490844249084
 -0.00006450000000000   0.50000487800183434
 -0.00006425000000000   0.50000484769704424
 -0.00006400000000000   0.50000484583038025
 -0.00006375000000000   0.50000481569454427
 -0.00006350000000000   0.50000478569270767
 -0.00006325000000000   0.50000475582430276
 -0.00006300000000000   0.50000475397709740
 -0.00006275000000000   0.50000472427227398
 -0.00006250000000000   0.50000469469902507
 -0.00006225000000000   0.50000469283082352
 -0.00006200000000000   0.50000466341710595
 -0.00006175000000000   0.50000463413311397
 -0.00006150000000000   0.50000460497828316
 -0.00006125000000000   0.50000460310868429
 -0.00006100000000000   0.50000457410808293
 -0.00006075000000000   0.50000454523480378
 -0.00006050000000000   0.50000454332860661
 -0.00006025000000000   0.50000451460556212
 -0.00006000000000000   0.50000448600800914
 -0.00005975000000000   0.50000445753538670
 -0.00005950000000000   0.50000445560729720
 -0.00005925000000000   0.50000442727967719
 -0.00005900000000000   0.50000439907516702
 -0.00005875000000000   0.50000437099320755
 -0.00005850000000000   0.50000436903170005
 -0.00005825000000000   0.50000434108954923
 -0.00005800000000000   0.50000431326813841
 -0.00005775000000000   0.50000431124608277
 -0.00005750000000000   0.50000428356057014
 -0.00005725000000000   0.50000425599399505
 -0.00005700000000000   0.50000422854580200
 -0.00005675000000000   0.50000422647037808
 -0.00005650000000000   0.50000419915295720
 -0.00005625000000000   0.50000417195212587
 -0.00005600000000000   0.50000414486733058
 -0.00005575000000000   0.50000414272731465
 -0.00005550000000000   0.50000411576820284
 -0.00005525000000000   0.50000408892334451
 -0.00005500000000000   0.50000406219218813
 -0.00005475000000000   0.50000405997646226
 -0.00005450000000000   0.50000403336593761
 -0.00005425000000000   0.50000400686734226
 -0.00005400000000000   0.50000398048012671
 -0.00005375000000000   0.50000397817767695
 -0.00005350000000000   0.50000395190607784
 -0.00005325000000000   0.50000392574409575
 -0.00005300000000000   0.50000389969118320
 -0.00005275000000000   0.50000389729109776
 -0.00005250000000000   0.50000387134882239
 -0.00005225000000000   0.50000384551386360
 -0.00005200000000000   0.50000381978567596
 -0.00005175000000000   0.50000379416371431
 -0.00005150000000000   0.50000379165464916
 -0.00005125000000000   0.50000376613718292
 -0.00005100000000000   0.50000374072420125
 -0.00005075000000000   0.50000371541516105
 -0.00005050000000000   0.50000371278431162
 -0.00005025000000000   0.50000368757486577
 -0.00005000000000000   0.50000366246762964
 -0.00004975000000000   0.50000363746206222
 -0.00004950000000000   0.50000363469883511
 -0.00004925000000000   0.50000360978799543
 -0.00004900000000000   0.50000358497710229
 -0.00004875000000000   0.50000356026561675
 -0.00004850000000000   0.50000353565300016
 -0.00004825000000000   0.50000353273792271
 -0.00004800000000000   0.50000350821402716
 -0.00004775000000000   0.50000348378728966
 -0.00004750000000000   0.50000345945717364
 -0.00004725000000000   0.50000343522314282
 -0.00004700000000000   0.50000343214007509
 -0.00004675000000000   0.50000340798880813
 -0.00004650000000000   0.50000338393192663
 -0.00004625000000000   0.50000335996889640
 -0.00004600000000000   0.50000333609918351
 -0.00004575000000000   0.50000333283215756
 -0.00004550000000000   0.50000330903929996
 -0.00004525000000000   0.50000328533807100
 -0.00004500000000000   0.50000326172793885
 -0.00004475000000000   0.50000323820837196
 -0.00004450000000000   0.50000323474158787
 -0.00004425000000000   0.50000321129301538
 -0.00004400000000000   0.50000318793333031
 -0.00004375000000000   0.50000316466200319
 -0.00004350000000000   0.50000314147850486
 -0.00004325000000000   0.50000313779632679
 -0.00004300000000000   0.50000311467800868
 -0.00004275000000000   0.50000309164585221
 -0.00004250000000000   0.50000306869933025
 -0.00004225000000000   0.50000304583791599
 -0.00004200000000000   0.50000304192486831
 -0.00004175000000000   0.50000301912286588
 -0.00004150000000000   0.50000299640431451
 -0.00004125000000000   0.50000297376868941
 -0.00004100000000000   0.50000295121546610
 -0.00004075000000000   0.50000292874412039
 -0.00004050000000000   0.50000292455669453
 -0.00004025000000000   0.50000290213791491
 -0.00004000000000000   0.50000287979936829
 -0.00003975000000000   0.50000285754053248
 -0.00003950000000000   0.50000283536088560
 -0.00003925000000000   0.50000283090911329
 -0.00003900000000000   0.50000280877636053
 -0.00003875000000000   0.50000278672116218
 -0.00003850000000000   0.50000276474299834
 -0.00003825000000000   0.50000274284134942
 -0.00003800000000000   0.50000272101569612
 -0.00003775000000000   0.50000271624985724
 -0.00003750000000000   0.50000269446436334
 -0.00003725000000000   0.50000267275324206
 -0.00003700000000000   0.50000265111597603
 -0.00003675000000000   0.50000262955204819
 -0.00003650000000000   0.50000260806094179
 -0.00003625000000000   0.50000258664214037
 -0.00003600000000000   0.50000258150212620
 -0.00003575000000000   0.50000256011571194
 -0.00003550000000000   0.50000253879999247
 -0.00003525000000000   0.50000251755445322
 -0.00003500000000000   0.50000249637857991
 -0.00003475000000000   0.50000247527185858
 -0.00003450000000000   0.50000246977197498
 -0.00003425000000000   0.50000244869102847
 -0.00003400000000000   0.50000242767763463
 -0.00003375000000000   0.50000240673128132
 -0.00003350000000000   0.50000238585145670
 -0.00003325000000000   0.50000236503764922
 -0.00003300000000000   0.50000234428934762
 -0.00003275000000000   0.50000233836252315
 -0.00003250000000000   0.50000231763236077
 -0.00003225000000000   0.50000229696611704
 -0.00003200000000000   0.50000227636328246
 -0.00003175000000000   0.50000225582334786
 -0.00003150000000000   0.50000223534580432
 -0.00003125000000000   0.50000221493014322
 -0.00003100000000000   0.50000220854847556
 -0.00003075000000000   0.50000218814338760
 -0.00003050000000000   0.50000216779860647
 -0.00003025000000000   0.50000214751362528
 -0.00003000000000000   0.50000212728793740
 -0.00002975000000000   0.50000210712103649
 -0.00002950000000000   0.50000208701241647
 -0.00002925000000000   0.50000206696157153
 -0.00002900000000000   0.50000206004279149
 -0.00002875000000000   0.50000203999396192
 -0.00002850000000000   0.50000202000134442
 -0.00002825000000000   0.50000200006443483
 -0.00002800000000000   0.50000198018272926
 -0.00002775000000000   0.50000196035572409
 -0.00002750000000000   0.50000194058291595
 -0.00002725000000000   0.50000192086380174
 -0.00002700000000000   0.50000190119787863
 -0.00002675000000000   0.50000189364682845
 -0.00002650000000000   0.50000187397339683
 -0.00002625000000000   0.50000185435160661
 -0.00002600000000000   0.50000183478095648
 -0.00002575000000000   0.50000181526094543
 -0.00002550000000000   0.50000179579107267
 -0.00002525000000000   0.50000177637083766
 -0.00002500000000000   0.50000175699974013
 -0.00002475000000000   0.50000173767728001
 -0.00002450000000000   0.50000172944968055
 -0.00002425000000000   0.50000171011028513
 -0.00002400000000000   0.50000169081799002
 -0.00002375000000000   0.50000167157229663
 -0.00002350000000000   0.50000165237270662
 -0.00002325000000000   0.50000163321872189
 -0.00002300000000000   0.50000161410984455
 -0.00002275000000000   0.50000159504557695
 -0.00002250000000000   0.50000157602542166
 -0.00002225000000000   0.50000155704888149
 -0.00002200000000000   0.50000154803117524
 -0.00002175000000000   0.50000152902733670
 -0.00002150000000000   0.50000151006558914
 -0.00002125000000000   0.50000149114543672
 -0.00002100000000000   0.50000147226638381
 -0.00002075000000000   0.50000145342793500
 -0.00002050000000000   0.50000143462959509
 -0.00002025000000000   0.50000141587086909
 -0.00002000000000000   0.50000139715126219
 -0.00001975000000000   0.50000137847027981
 -0.00001950000000000   0.50000135982742758
 -0.00001925000000000   0.50000134989080429
 -0.00001900000000000   0.50000133120937780
 -0.00001875000000000   0.50000131256457041
 -0.00001850000000000   0.50000129395588898
 -0.00001825000000000   0.50000127538284056
 -0.00001800000000000   0.50000125684493238
 -0.00001775000000000   0.50000123834167186
 -0.00001750000000000   0.50000121987256660
 -0.00001725000000000   0.50000120143712437
 -0.00001700000000000   0.50000118303485315
 -0.00001675000000000   0.50000116466526106
 -0.00001650000000000   0.50000114632785642
 -0.00001625000000000   0.50000112802214772
 -0.00001600000000000   0.50000110974764361
 -0.00001575000000000   0.50000109858148985
 -0.00001550000000000   0.50000108025423207
 -0.00001525000000000   0.50000106195668263
 -0.00001500000000000   0.50000104368835124
 -0.00001475000000000   0.50000102544874782
 -0.00001450000000000   0.50000100723738240
 -0.00001425000000000   0.50000098905376519
 -0.00001400000000000   0.50000097089740653
 -0.00001375000000000   0.50000095276781693
 -0.00001350000000000   0.50000093466450702
 -0.00001325000000000   0.50000091658698759
 -0.00001300000000000   0.50000089853476956
 -0.00001275000000000   0.50000088050736401
 -0.00001250000000000   0.50000086250428212
 -0.00001225000000000   0.50000084452503523
 -0.00001200000000000   0.50000082656913482
 -0.00001175000000000   0.50000080863609246
 -0.00001150000000000   0.50000079072541988
 -0.00001125000000000   0.50000077786356357
 -0.00001100000000000   0.50000075988214844
 -0.00001075000000000   0.50000074192162288
 -0.00001050000000000   0.50000072398149950
 -0.00001025000000000   0.50000070606129098
 -0.00001000000000000   0.50000068816051015
 -0.00000975000000000   0.50000067027866993
 -0.00000950000000000   0.50000065241528333
 -0.00000925000000000   0.50000063456986348
 -0.00000900000000000   0.50000061674192361
 -0.00000875000000000   0.50000059893097704
 -0.00000850000000000   0.50000058113653719
 -0.00000825000000000   0.50000056335811756
 -0.00000800000000000   0.50000054559523176
 -0.00000775000000000   0.50000052784739345
 -0.00000750000000000   0.50000051011411642
 -0.00000725000000000   0.50000049239491450
 -0.00000700000000000   0.50000047468930163
 -0.00000675000000000   0.50000045699679181
 -0.00000650000000000   0.50000043931689911
 -0.00000625000000000   0.50000042164913768
 -0.00000600000000000   0.50000040399302173
 -0.00000575000000000   0.50000038634806555
 -0.00000550000000000   0.50000036871378347
 -0.00000525000000000   0.50000035108968990
 -0.00000500000000000   0.50000033347529929
 -0.00000475000000000   0.50000031587012616
 -0.00000450000000000   0.50000029827368508
 -0.00000425000000000   0.50000028068549066
 -0.00000400000000000   0.50000026310505757
 -0.00000375000000000   0.50000024553190050
 -0.00000350000000000   0.50000022796553420
 -0.00000325000000000   0.50000021040547346
 -0.00000300000000000   0.50000019285123310
 -0.00000275000000000   0.50000017644569565
 -0.00000250000000000   0.50000015878731435
 -0.00000225000000000   0.50000014113329476
 -0.00000200000000000   0.50000012348315218
 -0.00000175000000000   0.50000010583640195
 -0.00000150000000000   0.50000008819255940
 -0.00000125000000000   0.50000007055113990
 -0.00000100000000000   0.50000005291165882
 -0.00000075000000000   0.50000003527363155
 -0.00000050000000000   0.50000001763657347
 -0.00000025000000000   0.50000000000000000
  0.00000000000000000   0.49999998236342652
  0.00000025000000000   0.49999996472636845
  0.00000050000000000   0.49999994708834117
  0.00000075000000000   0.49999992944886009
  0.00000100000000000   0.49999991180744059
  0.00000125000000000   0.49999989416359805
  0.00000150000000000   0.49999987651684781
  0.00000175000000000   0.49999985886670524
  0.00000200000000000   0.49999984121268565
  0.00000225000000000   0.49999982355430435
  0.00000250000000000   0.49999980714876690
  0.00000275000000000   0.49999978959452654
  0.00000300000000000   0.49999977203446580
  0.00000325000000000   0.49999975446809950
  0.00000350000000000   0.49999973689494243
  0.00000375000000000   0.49999971931450933
  0.00000400000000000   0.49999970172631492
  0.00000425000000000   0.49999968412987383
  0.00000450000000000   0.49999966652470071
  0.00000475000000000   0.49999964891031010
  0.00000500000000000   0.49999963128621653
  0.00000525000000000   0.49999961365193445
  0.00000550000000000   0.49999959600697826
  0.00000575000000000   0.49999957835086232
  0.00000600000000000   0.49999956068310089
  0.00000625000000000   0.49999954300320819
  0.00000650000000000   0.49999952531069836
  0.00000675000000000   0.49999950760508549
  0.00000700000000000   0.49999948988588358
  0.00000725000000000   0.49999947215260654
  0.00000750000000000   0.49999945440476824
  0.00000775000000000   0.49999943664188243
  0.00000800000000000   0.49999941886346281
  0.00000825000000000   0.49999940106902295
  0.00000850000000000   0.49999938325807638
  0.00000875000000000   0.49999936543013652
  0.00000900000000000   0.49999934758471667
  0.00000925000000000   0.49999932972133007
  0.00000950000000000   0.49999931183948984
  0.00000975000000000   0.49999929393870901
  0.00001000000000000   0.49999927601850050
  0.00001025000000000   0.49999925807837711
  0.00001050000000000   0.49999924011785156
  0.00001075000000000   0.49999922213643643
  0.00001100000000000   0.49999920927458012
  0.00001125000000000   0.49999919136390753
  0.00001150000000000   0.49999917343086518
  0.00001175000000000   0.49999915547496476
  0.00001200000000000   0.49999913749571788
  0.00001225000000000   0.49999911949263599
  0.00001250000000000   0.49999910146523044
  0.00001275000000000   0.49999908341301241
  0.00001300000000000   0.49999906533549298
  0.00001325000000000   0.49999904723218307
  0.00001350000000000   0.49999902910259346
  0.00001375000000000   0.49999901094623481
  0.00001400000000000   0.49999899276261759
  0.00001425000000000   0.49999897455125218
  0.00001450000000000   0.49999895631164875
  0.00001475000000000   0.49999893804331737
  0.00001500000000000   0.49999891974576792
  0.00001525000000000   0.49999890141851014
  0.00001550000000000   0.49999889025235638
  0.00001575000000000   0.49999887197785227
  0.00001600000000000   0.49999885367214357
  0.00001625000000000   0.49999883533473894
  0.00001650000000000   0.49999881696514685
  0.00001675000000000   0.49999879856287563
  0.00001700000000000   0.49999878012743340
  0.00001725000000000   0.49999876165832814
  0.00001750000000000   0.49999874315506761
  0.00001775000000000   0.49999872461715943
  0.00001800000000000   0.49999870604411102
  0.00001825000000000   0.49999868743542959
  0.00001850000000000   0.49999866879062220
  0.00001875000000000   0.49999865010919570
  0.00001900000000000   0.49999864017257242
  0.00001925000000000   0.49999862152972019
  0.00001950000000000   0.49999860284873781
  0.00001975000000000   0.49999858412913091
  0.00002000000000000   0.49999856537040490
  0.00002025000000000   0.49999854657206499
  0.00002050000000000   0.49999852773361618
  0.00002075000000000   0.49999850885456328
  0.00002100000000000   0.49999848993441086
  0.00002125000000000   0.49999847097266329
  0.00002150000000000   0.49999845196882476
  0.00002175000000000   0.49999844295111851
  0.00002200000000000   0.49999842397457834
  0.00002225000000000   0.49999840495442305
  0.00002250000000000   0.49999838589015545
  0.00002275000000000   0.49999836678127811
  0.00002300000000000   0.49999834762729337
  0.00002325000000000   0.49999832842770337
  0.00002350000000000   0.49999830918200998
  0.00002375000000000   0.49999828988971486
  0.00002400000000000   0.49999827055031944
  0.00002425000000000   0.49999826232271998
  0.00002450000000000   0.49999824300025987
  0.00002475000000000   0.49999822362916233
  0.00002500000000000   0.49999820420892733
  0.00002525000000000   0.49999818473905457
  0.00002550000000000   0.49999816521904352
  0.00002575000000000   0.49999814564839339
  0.00002600000000000   0.49999812602660316
  0.00002625000000000   0.49999810635317155
  0.00002650000000000   0.49999809880212137
  0.00002675000000000   0.49999807913619826
  0.00002700000000000   0.49999805941708405
  0.00002725000000000   0.49999803964427591
  0.00002750000000000   0.49999801981727074
  0.00002775000000000   0.49999799993556517
  0.00002800000000000   0.49999797999865558
  0.00002825000000000   0.49999796000603808
  0.00002850000000000   0.49999793995720851
  0.00002875000000000   0.49999793303842846
  0.00002900000000000   0.49999791298758353
  0.00002925000000000   0.49999789287896350
  0.00002950000000000   0.49999787271206259
  0.00002975000000000   0.49999785248637472
  0.00003000000000000   0.49999783220139353
  0.00003025000000000   0.49999781185661240
  0.00003050000000000   0.49999779145152444
  0.00003075000000000   0.49999778506985677
  0.00003100000000000   0.49999776465419568
  0.00003125000000000   0.49999774417665214
  0.00003150000000000   0.49999772363671753
  0.00003175000000000   0.49999770303388296
  0.00003200000000000   0.49999768236763922
  0.00003225000000000   0.49999766163747685
  0.00003250000000000   0.49999765571065238
  0.00003275000000000   0.49999763496235078
  0.00003300000000000   0.49999761414854330
  0.00003325000000000   0.49999759326871868
  0.00003350000000000   0.49999757232236537
  0.00003375000000000   0.49999755130897152
  0.00003400000000000   0.49999753022802502
  0.00003425000000000   0.49999752472814142
  0.00003450000000000   0.49999750362142008
  0.00003475000000000   0.49999748244554678
  0.00003500000000000   0.49999746120000752
  0.00003525000000000   0.49999743988428805
  0.00003550000000000   0.49999741849787379
  0.00003575000000000   0.49999741335785963
  0.00003600000000000   0.49999739193905821
  0.00003625000000000   0.49999737044795180
  0.00003650000000000   0.49999734888402397
  0.00003675000000000   0.49999732724675794
  0.00003700000000000   0.49999730553563666
  0.00003725000000000   0.49999728375014276
  0.00003750000000000   0.49999727898430387
  0.00003775000000000   0.49999725715865057
  0.00003800000000000   0.49999723525700165
  0.00003825000000000   0.49999721327883782
  0.00003850000000000   0.49999719122363947
  0.00003875000000000   0.49999716909088670
  0.00003900000000000   0.49999716463911439
  0.00003925000000000   0.49999714245946752
  0.00003950000000000   0.49999712020063171
  0.00003975000000000   0.49999709786208508
  0.00004000000000000   0.49999707544330547
  0.00004025000000000   0.49999707125587960
  0.00004050000000000   0.49999704878453390
  0.00004075000000000   0.49999702623131058
  0.00004100000000000   0.49999700359568549
  0.00004125000000000   0.49999698087713411
  0.00004150000000000   0.49999695807513169
  0.00004175000000000   0.49999695416208401
  0.00004200000000000   0.49999693130066975
  0.00004225000000000   0.49999690835414779
  0.00004250000000000   0.49999688532199131
  0.00004275000000000   0.49999686220367321
  0.00004300000000000   0.49999685852149514
  0.00004325000000000   0.49999683533799681
  0.00004350000000000   0.49999681206666969
  0.00004375000000000   0.49999678870698462
  0.00004400000000000   0.49999676525841213
  0.00004425000000000   0.49999676179162803
  0.00004450000000000   0.49999673827206115
  0.00004475000000000   0.49999671466192900
  0.00004500000000000   0.49999669096070003
  0.00004525000000000   0.49999666716784244
  0.00004550000000000   0.49999666390081648
  0.00004575000000000   0.49999664003110360
  0.00004600000000000   0.49999661606807336
  0.00004625000000000   0.49999659201119187
  0.00004650000000000   0.49999656785992491
  0.00004675000000000   0.49999656477685717
  0.00004700000000000   0.49999654054282635
  0.00004725000000000   0.49999651621271034
  0.00004750000000000   0.49999649178597284
  0.00004775000000000   0.49999646726207729
  0.00004800000000000   0.49999646434699984
  0.00004825000000000   0.49999643973438324
  0.00004850000000000   0.49999641502289770
  0.00004875000000000   0.49999639021200456
  0.00004900000000000   0.49999636530116489
  0.00004925000000000   0.49999636253793777
  0.00004950000000000   0.49999633753237036
  0.00004975000000000   0.49999631242513423
  0.00005000000000000   0.49999628721568838
  0.00005025000000000   0.49999628458483894
  0.00005050000000000   0.49999625927579875
  0.00005075000000000   0.49999623386281708
  0.00005100000000000   0.49999620834535083
  0.00005125000000000   0.49999620583628569
  0.00005150000000000   0.49999618021432403
  0.00005175000000000   0.49999615448613640
  0.00005200000000000   0.49999612865117761
  0.00005225000000000   0.49999610270890224
  0.00005250000000000   0.49999610030881679
  0.00005275000000000   0.49999607425590425
  0.00005300000000000   0.49999604809392215
  0.00005325000000000   0.49999602182232304
  0.00005350000000000   0.49999601951987329
  0.00005375000000000   0.49999599313265774
  0.00005400000000000   0.49999596663406239
  0.00005425000000000   0.49999594002353773
  0.00005450000000000   0.49999593780781186
  0.00005475000000000   0.49999591107665549
  0.00005500000000000   0.49999588423179716
  0.00005525000000000   0.49999585727268535
  0.00005550000000000   0.49999585513266941
  0.00005575000000000   0.49999582804787412
  0.00005600000000000   0.49999580084704279
  0.00005625000000000   0.49999577352962192
  0.00005650000000000   0.49999577145419799
  0.00005675000000000   0.49999574400600495
  0.00005700000000000   0.49999571643942985
  0.00005725000000000   0.49999568875391723
  0.00005750000000000   0.49999568673186159
  0.00005775000000000   0.49999565891045077
  0.00005800000000000   0.49999563096829995
  0.00005825000000000   0.49999562900679244
  0.00005850000000000   0.49999560092483298
  0.00005875000000000   0.49999557272032280
  0.00005900000000000   0.49999554439270279
  0.00005925000000000   0.49999554246461329
  0.00005950000000000   0.49999551399199086
  0.00005975000000000   0.49999548539443788
  0.00006000000000000   0.49999545667139338
  0.00006025000000000   0.49999545476519621
  0.00006050000000000   0.49999542589191706
  0.00006075000000000   0.49999539689131571
  0.00006100000000000   0.49999539502171683
  0.00006125000000000   0.49999536586688603
  0.00006150000000000   0.49999533658289405
  0.00006175000000000   0.49999530716917648
  0.00006200000000000   0.49999530530097492
  0.00006225000000000   0.49999527572772601
  0.00006250000000000   0.49999524602290260
  0.00006275000000000   0.49999524417569724
  0.00006300000000000   0.49999521430729233
  0.00006325000000000   0.49999518430545573
  0.00006350000000000   0.49999515416961974
  0.00006375000000000   0.49999515230295575
  0.00006400000000000   0.49999512199816566
  0.00006425000000000   0.49999509155750915
  0.00006450000000000   0.49999508969595999
  0.00006475000000000   0.49999505908224294
  0.00006500000000000   0.49999502833078423
  0.00006525000000000   0.49999502646742865
  0.00006550000000000   0.49999499553877787
  0.00006575000000000   0.49999496447050195
  0.00006600000000000   0.49999493326202869
  0.00006625000000000   0.49999493134873945
  0.00006650000000000   0.49999489995759789
  0.00006675000000000   0.49999486842436591
  0.00006700000000000   0.49999486649297447
  0.00006725000000000   0.49999483477288526
  0.00006750000000000   0.49999480290880443
  0.00006775000000000   0.49999480095220653
  0.00006800000000000   0.49999476889705396
  0.00006825000000000   0.49999473669600054
  0.00006850000000000   0.49999473470703516
  0.00006875000000000   0.49999470231066976
  0.00006900000000000   0.49999466976648628
  0.00006925000000000   0.49999466773793495
  0.00006950000000000   0.49999463499417340
  0.00006975000000000   0.49999460210066862
  0.00007000000000000   0.49999460002525475
  0.00007025000000000   0.49999456692787986
  0.00007050000000000   0.49999453367882873
  0.00007075000000000   0.49999453154921693
  0.00007100000000000   0.49999449809197759
  0.00007125000000000   0.49999446448112124
  0.00007150000000000   0.49999446228991663
  0.00007175000000000   0.49999442846652783
  0.00007200000000000   0.49999439448757361
  0.00007225000000000   0.49999439222732111
  0.00007250000000000   0.49999435803146398
  0.00007275000000000   0.49999432367808548
  0.00007300000000000   0.49999432134126919
  0.00007325000000000   0.49999428676659107
  0.00007350000000000   0.49999425203242819
  0.00007375000000000   0.49999424961147070
  0.00007400000000000   0.49999421465158518
  0.00007425000000000   0.49999421220617109
  0.00007450000000000   0.49999417701750600
  0.00007475000000000   0.49999414166599312
  0.00007500000000000   0.49999413912358735
  0.00007525000000000   0.49999410353882563
  0.00007550000000000   0.49999406778923198
  0.00007575000000000   0.49999406514208808
  0.00007600000000000   0.49999402915474997
  0.00007625000000000   0.49999399300058891
  0.00007650000000000   0.49999399024089650
  0.00007675000000000   0.49999395384446904
  0.00007700000000000   0.49999395104093072
  0.00007725000000000   0.49999391439910507
  0.00007750000000000   0.49999387758704236
  0.00007775000000000   0.49999387465770459
  0.00007800000000000   0.49999383759567538
  0.00007825000000000   0.49999383461343833
  0.00007850000000000   0.49999379729827571
  0.00007875000000000   0.49999375980943824
  0.00007900000000000   0.49999375668796185
  0.00007925000000000   0.49999371894137634
  0.00007950000000000   0.49999368101909371
  0.00007975000000000   0.49999367775027916
  0.00008000000000000   0.49999363956560785
  0.00008025000000000   0.49999363622917496
  0.00008050000000000   0.49999359777889263
  0.00008075000000000   0.49999355914944101
  0.00008100000000000   0.49999355565192318
  0.00008125000000000   0.49999351675217397
  0.00008150000000000   0.49999351317763639
  0.00008175000000000   0.49999347400433197
  0.00008200000000000   0.49999343464836471
  0.00008225000000000   0.49999343089879828
  0.00008250000000000   0.49999339126454363
  0.00008275000000000   0.49999338742841742
  0.00008300000000000   0.49999334751258256
  0.00008325000000000   0.49999334358599505
  0.00008350000000000   0.49999330338527194
  0.00008375000000000   0.49999326299690294
  0.00008400000000000   0.49999325887536306
  0.00008425000000000   0.49999321819730867
  0.00008450000000000   0.49999321397556792
  0.00008475000000000   0.49999317300448505
  0.00008500000000000   0.49999316867855901
  0.00008525000000000   0.49999312741108936
  0.00008550000000000   0.49999308595094856
  0.00008575000000000   0.49999308140973924
  0.00008600000000000   0.49999303964835073
  0.00008625000000000   0.49999303499301245
  0.00008650000000000   0.49999299292698325
  0.00008675000000000   0.49999298815344676
  0.00008700000000000   0.49999294577936880
  0.00008725000000000   0.49999294088353977
  0.00008750000000000   0.49999289819798993
  0.00008775000000000   0.49999285531320513
  0.00008800000000000   0.49999285017528889
  0.00008825000000000   0.49999280697409002
  0.00008850000000000   0.49999280170366756
  0.00008875000000000   0.49999275818259753
  0.00008900000000000   0.49999275277548727
  0.00008925000000000   0.49999270893107417
  0.00008950000000000   0.49999270338306873
  0.00008975000000000   0.49999265921182584
  0.00009000000000000   0.49999265351869193
  0.00009025000000000   0.49999260901711781
  0.00009050000000000   0.49999256430816620
  0.00009075000000000   0.49999255833917460
  0.00009100000000000   0.49999251329485377
  0.00009125000000000   0.49999250717017990
  0.00009150000000000   0.49999246178695592
  0.00009175000000000   0.49999245550227658
  0.00009200000000000   0.49999240977660114
  0.00009225000000000   0.49999240332756655
  0.00009250000000000   0.49999235725587715
  0.00009275000000000   0.49999235063811084
  0.00009300000000000   0.49999230421683083
  0.00009325000000000   0.49999229742592949
  0.00009350000000000   0.49999225065146827
  0.00009375000000000   0.49999224368300160
  0.00009400000000000   0.49999219655175474
  0.00009425000000000   0.49999218940126537
  0.00009450000000000   0.49999214190961472
  0.00009475000000000   0.49999213457261809
  0.00009500000000000   0.49999208671693199
  0.00009525000000000   0.49999207918891621
  0.00009550000000000   0.49999203096554966
  0.00009575000000000   0.49999202324197541
  0.00009600000000000   0.49999197464727024
  0.00009625000000000   0.49999196672357068
  0.00009650000000000   0.49999191775385577
  0.00009675000000000   0.49999190962543647
  0.00009700000000000   0.49999186027702793
  0.00009725000000000   0.49999185193926675
  0.00009750000000000   0.49999180220846819
  0.00009775000000000   0.49999179365671522
  0.00009800000000000   0.49999178504406774
  0.00009825000000000   0.49999173476939546
  0.00009850000000000   0.49999172593554898
  0.00009875000000000   0.49999167526888113
  0.00009900000000000   0.49999166620911304
  0.00009925000000000   0.49999161514670620
  0.00009950000000000   0.49999160585626586
  0.00009975000000000   0.49999155439436518
  0.00010000000000000   0.49999154486847385
  0.00010025000000000   0.49999149300331340
  0.00010050000000000   0.49999148323716427
  0.00010075000000000   0.49999147339589895
  0.00010100000000000   0.49999142095372543
  0.00010125000000000   0.49999141086474226
  0.00010150000000000   0.49999135800950714
  0.00010175000000000   0.49999134766792557
  0.00010200000000000   0.49999129439582100
  0.00010225000000000   0.49999128379673228
  0.00010250000000000   0.49999123010394085
  0.00010275000000000   0.49999121924240806
  0.00010300000000000   0.49999120829370422
  0.00010325000000000   0.49999115399616129
  0.00010350000000000   0.49999114277734270
  0.00010375000000000   0.49999108804916350
  0.00010400000000000   0.49999107655521922
  0.00010425000000000   0.49999106496719918
  0.00010450000000000   0.49999100961844097
  0.00010475000000000   0.49999099774750451
  0.00010500000000000   0.49999094195807949
  0.00010525000000000   0.49999092979914164
  0.00010550000000000   0.49999091753910430
  0.00010575000000000   0.49999086111311915
  0.00010600000000000   0.49999084855716925
  0.00010625000000000   0.49999079168041138
  0.00010650000000000   0.49999077882339014
  0.00010675000000000   0.49999076585812525
  0.00010700000000000   0.49999070832868008
  0.00010725000000000   0.49999069505431216
  0.00010750000000000   0.49999063706391958
  0.00010775000000000   0.49999062347521651
  0.00010800000000000   0.49999060977100401
  0.00010825000000000   0.49999055111165971
  0.00010850000000000   0.49999053708496009
  0.00010875000000000   0.49999052293828445
  0.00010900000000000   0.49999046359994102
  0.00010925000000000   0.49999044912255176
  0.00010950000000000   0.49999038930668095
  0.00010975000000000   0.49999037449322825
  0.00011000000000000   0.49999035955233549
  0.00011025000000000   0.49999029904099312
  0.00011050000000000   0.49999028375569126
  0.00011075000000000   0.49999026833836033
  0.00011100000000000   0.49999020712136677
  0.00011125000000000   0.49999019135120727
  0.00011150000000000   0.49999017544438282
  0.00011175000000000   0.49999011351150963
  0.00011200000000000   0.49999009724336374
  0.00011225000000000   0.49999008083386996
  0.00011250000000000   0.49999001817484260
  0.00011275000000000   0.49999000139546162
  0.00011300000000000   0.49998998447000264
  0.00011325000000000   0.49998992107450344
  0.00011350000000000   0.49998990377051922
  0.00011375000000000   0.49998988631567966
  0.00011400000000000   0.49998982217335099
  0.00011425000000000   0.49998980433127665
  0.00011450000000000   0.49998978633352240
  0.00011475000000000   0.49998972143397008
  0.00011500000000000   0.49998970304020087
  0.00011525000000000   0.49998968448587997
  0.00011550000000000   0.49998966576927430
  0.00011575000000000   0.49998959985949140
  0.00011600000000000   0.49998958073483520
  0.00011625000000000   0.49998956144295726
  0.00011650000000000   0.49998949475108677
  0.00011675000000000   0.49998947504221125
  0.00011700000000000   0.49998945516113008
  0.00011725000000000   0.49998938767667165
  0.00011750000000000   0.49998936736957904
  0.00011775000000000   0.49998934688525017
  0.00011800000000000   0.49998932622189076
  0.00011825000000000   0.49998925767826544
  0.00011850000000000   0.49998923657653280
  0.00011875000000000   0.49998921529067450
  0.00011900000000000   0.49998919381887126
  0.00011925000000000   0.49998912419596047
  0.00011950000000000   0.49998910227329190
  0.00011975000000000   0.49998908015951925
  0.00012000000000000   0.49998905785279824
  0.00012025000000000   0.49998898713039655
  0.00012050000000000   0.49998896436019142
  0.00012075000000000   0.49998894139181548
  0.00012100000000000   0.49998891822339950
  0.00012125000000000   0.49998884638123017
  0.00012150000000000   0.49998882273658883
  0.00012175000000000   0.49998879888662261
  0.00012200000000000   0.49998877482943748
  0.00012225000000000   0.49998875056313249
  0.00012250000000000   0.49998867730090040
  0.00012275000000000   0.49998865254206616
  0.00012300000000000   0.49998862756874826
  0.00012325000000000   0.49998860237902119
  0.00012350000000000   0.49998857697095254
  0.00012375000000000   0.49998850225538126
  0.00012400000000000   0.49998847633828660
  0.00012425000000000   0.49998845019740961
  0.00012450000000000   0.49998842383079363
  0.00012475000000000   0.49998839723647520
  0.00012500000000000   0.49998832103417744
  0.00012525000000000   0.49998829391415504
  0.00012550000000000   0.49998826656091499
  0.00012575000000000   0.49998823897247009
  0.00012600000000000   0.49998821114682639
  0.00012625000000000   0.49998818308198321
  0.00012650000000000   0.49998810505616328
  0.00012675000000000   0.49998807644518495
  0.00012700000000000   0.49998804758940431
  0.00012725000000000   0.49998801848679773
  0.00012750000000000   0.49998798913533495
  0.00012775000000000   0.49998795953297915
  0.00012800000000000   0.49998787963392518
  0.00012825000000000   0.49998784946476709
  0.00012850000000000   0.49998781903903091
  0.00012875000000000   0.49998778835465790
  0.00012900000000000   0.49998775740958289
  0.00012925000000000   0.49998772620173437
  0.00012950000000000   0.49998769472903450
  0.00012975000000000   0.49998766298939917
  0.00013000000000000   0.49998763098073800
  0.00013025000000000   0.49998754818549611
  0.00013050000000000   0.49998751557808945
  0.00013075000000000   0.49998748269585413
  0.00013100000000000   0.49998744953667983
  0.00013125000000000   0.49998741609845031
  0.00013150000000000   0.49998738237904340
  0.00013175000000000   0.49998734837633107
  0.00013200000000000   0.49998731408817950
  0.00013225000000000   0.49998727951244914
  0.00013250000000000   0.49998724464699476
  0.00013275000000000   0.49998720948966552
  0.00013300000000000   0.49998717403830505
  0.00013325000000000   0.49998708720022764
  0.00013350000000000   0.49998705110646489
  0.00013375000000000   0.49998701471273588
  0.00013400000000000   0.49998697801686821
  0.00013425000000000   0.49998694101668437
  0.00013450000000000   0.49998690371000189
  0.00013475000000000   0.49998686609463335
  0.00013500000000000   0.49998682816838653
  0.00013525000000000   0.49998678992906450
  0.00013550000000000   0.49998675137446570
  0.00013575000000000   0.49998671250238405
  0.00013600000000000   0.49998667331060906
  0.00013625000000000   0.49998663379692596
  0.00013650000000000   0.49998659395911579
  0.00013675000000000   0.49998655379495553
  0.00013700000000000   0.49998651330221820
  0.00013725000000000   0.49998647247867304
  0.00013750000000000   0.49998643132208560
  0.00013775000000000   0.49998638983021786
  0.00013800000000000   0.49998634800082843
  0.00013825000000000   0.49998630583167265
  0.00013850000000000   0.49998626332050272
  0.00013875000000000   0.49998622046506792
  0.00013900000000000   0.49998617726311472
  0.00013925000000000   0.49998613371238694
  0.00013950000000000   0.49998608981062595
  0.00013975000000000   0.49998604555557082
  0.00014000000000000   0.49998605311152932
  0.00014025000000000   0.49998600817354602
  0.00014050000000000   0.49998596287473623
  0.00014075000000000   0.49998591721282427
  0.00014100000000000   0.49998587118553300
  0.00014125000000000   0.49998582479058406
  0.00014150000000000   0.49998577802569809
  0.00014175000000000   0.49998573088859492
  0.00014200000000000   0.49998568337699382
  0.00014225000000000   0.49998563548861372
  0.00014250000000000   0.49998558722117344
  0.00014275000000000   0.49998553857239196
  0.00014300000000000   0.49998554207257792
  0.00014325000000000   0.49998549267559093
  0.00014350000000000   0.49998544288959193
  0.00014375000000000   0.49998539271229450
  0.00014400000000000   0.49998534214141362
  0.00014425000000000   0.49998529117466589
  0.00014450000000000   0.49998523980976990
  0.00014475000000000   0.49998524076081715
  0.00014500000000000   0.49998518860834726
  0.00014525000000000   0.49998513605000838
  0.00014550000000000   0.49998508308352077
  0.00014575000000000   0.49998502970660817
  0.00014600000000000   0.49998497591699808
  0.00014625000000000   0.49998497456206930
  0.00014650000000000   0.49998491995058260
  0.00014675000000000   0.49998486491866075
  0.00014700000000000   0.49998480946404021
  0.00014725000000000   0.49998475358446297
  0.00014750000000000   0.49998475022381910
  0.00014775000000000   0.49998469349332233
  0.00014800000000000   0.49998463633013691
  0.00014825000000000   0.49998457873202074
  0.00014850000000000   0.49998457371506513
  0.00014875000000000   0.49998451524235462
  0.00014900000000000   0.49998445632699814
  0.00014925000000000   0.49998439696677562
  0.00014950000000000   0.49998439023540162
  0.00014975000000000   0.49998432997684742
  0.00015000000000000   0.49998426926574645
  0.00015025000000000   0.49998426122319866
  0.00015050000000000   0.49998419959546896
  0.00015075000000000   0.49998413750754236
  0.00015100000000000   0.49998407495725154
  0.00015125000000000   0.49998406509650119
  0.00015150000000000   0.49998400160582261
  0.00015175000000000   0.49998393764520010
  0.00015200000000000   0.49998392639340459
  0.00015225000000000   0.49998386147410193
  0.00015250000000000   0.49998379607733530
  0.00015275000000000   0.49998378339955447
  0.00015300000000000   0.49998371702584648
  0.00015325000000000   0.49998365016722824
  0.00015350000000000   0.49998363602834307
  0.00015375000000000   0.49998356817457930
  0.00015400000000000   0.49998355305504241
  0.00015425000000000   0.49998348419329185
  0.00015450000000000   0.49998341483399620
  0.00015475000000000   0.49998339819352685
  0.00015500000000000   0.49998332780817451
  0.00015525000000000   0.49998331014539656
  0.00015550000000000   0.49998323872122288
  0.00015575000000000   0.49998322001897961
  0.00015600000000000   0.49998314754325673
  0.00015625000000000   0.49998307455251662
  0.00015650000000000   0.49998305424438376
  0.00015675000000000   0.49998298018434714
  0.00015700000000000   0.49998295879472187
  0.00015725000000000   0.49998288365282432
  0.00015750000000000   0.49998286116441824
  0.00015775000000000   0.49998278492816979
  0.00015800000000000   0.49998276132366979
  0.00015825000000000   0.49998268398066698
  0.00015850000000000   0.49998265924274497
  0.00015875000000000   0.49998258078068364
  0.00015900000000000   0.49998255489200696
  0.00015925000000000   0.49998252842957768
  0.00015950000000000   0.49998244824193838
  0.00015975000000000   0.49998242060154295
  0.00016000000000000   0.49998233926316767
  0.00016025000000000   0.49998231042748417
  0.00016050000000000   0.49998222792649695
  0.00016075000000000   0.49998219787824077
  0.00016100000000000   0.49998216722095188
  0.00016125000000000   0.49998208292486971
  0.00016150000000000   0.49998205102785168
  0.00016175000000000   0.49998196553867803
  0.00016200000000000   0.49998193238477198
  0.00016225000000000   0.49998189859637499
  0.00016250000000000   0.49998181126339433
  0.00016275000000000   0.49998177619113613
  0.00016300000000000   0.49998174046884984
  0.00016325000000000   0.49998170409089507
  0.00016350000000000   0.49998161422972874
  0.00016375000000000   0.49998157653123013
  0.00016400000000000   0.49998153816154755
  0.00016425000000000   0.49998144638741764
  0.00016450000000000   0.49998140667066021
  0.00016475000000000   0.49998136626726534
  0.00016500000000000   0.49998132517159738
  0.00016525000000000   0.49998123077577810
  0.00016550000000000   0.49998118829709453
  0.00016575000000000   0.49998114511080116
  0.00016600000000000   0.49998110121128811
  0.00016625000000000   0.49998105659295070
  0.00016650000000000   0.49998095882418906
  0.00016675000000000   0.49998091277798363
  0.00016700000000000   0.49998086599784160
  0.00016725000000000   0.49998081847821170
  0.00016750000000000   0.49998077021355507
  0.00016775000000000   0.49998072119834687
  0.00016800000000000   0.49998067142707783
  0.00016825000000000   0.49998062089425596
  0.00016850000000000   0.49998056959440822
  0.00016875000000000   0.49998046546616327
  0.00016900000000000   0.49998041265826714
  0.00016925000000000   0.49998035906889876
  0.00016950000000000   0.49998030469270115
  0.00016975000000000   0.49998024952434618
  0.00017000000000000   0.49998019355853671
  0.00017025000000000   0.49998013679000876
  0.00017050000000000   0.49998007921353383
  0.00017075000000000   0.49998002082392120
  0.00017100000000000   0.49997996161602040
  0.00017125000000000   0.49997990158472372
  0.00017150000000000   0.49997989221027989
  0.00017175000000000   0.49997983045323200
  0.00017200000000000   0.49997976785565390
  0.00017225000000000   0.49997970441261099
  0.00017250000000000   0.49997964011922502
  0.00017275000000000   0.49997957497067715
  0.00017300000000000   0.49997950896221107
  0.00017325000000000   0.49997944208913631
  0.00017350000000000   0.49997942533407682
  0.00017375000000000   0.49997935663686682
  0.00017400000000000   0.49997928705910589
  0.00017425000000000   0.49997921659637451
  0.00017450000000000   0.49997919596616814
  0.00017475000000000   0.49997912363024126
  0.00017500000000000   0.49997905039419202
  0.00017525000000000   0.49997897625393066
  0.00017550000000000   0.49997895162486298
  0.00017575000000000   0.49997887556432289
  0.00017600000000000   0.49997879858539262
  0.00017625000000000   0.49997877086999771
  0.00017650000000000   0.49997869193582956
  0.00017675000000000   0.49997866211190698
  0.00017700000000000   0.49997858119833534
  0.00017725000000000   0.49997849934378976
  0.00017750000000000   0.49997846631554716
  0.00017775000000000   0.49997838244929320
  0.00017800000000000   0.49997834723132983
  0.00017825000000000   0.49997826133111259
  0.00017850000000000   0.49997822389093518
  0.00017875000000000   0.49997813593538745
  0.00017900000000000   0.49997809624117344
  0.00017925000000000   0.49997800620990931
  0.00017950000000000   0.49997796423059753
  0.00017975000000000   0.49997792106331983
  0.00018000000000000   0.49997782780970094
  0.00018025000000000   0.49997778230947852
  0.00018050000000000   0.49997773559351829
  0.00018075000000000   0.49997763906917617
  0.00018100000000000   0.49997758997450085
  0.00018125000000000   0.49997753963728419
  0.00018150000000000   0.49997748804781067
  0.00018175000000000   0.49997738703883788
  0.00018200000000000   0.49997733301142823
  0.00018225000000000   0.49997727770652668
  0.00018250000000000   0.49997722111495383
  0.00018275000000000   0.49997716322767599
  0.00018300000000000   0.49997710403581438
  0.00018325000000000   0.49997704353065472
  0.00018350000000000   0.49997698170365715
  0.00018375000000000   0.49997691854646663
  0.00018400000000000   0.49997685405092372
  0.00018425000000000   0.49997678820907578
  0.00018450000000000   0.49997672101318861
  0.00018475000000000   0.49997665245575861
  0.00018500000000000   0.49997658252952531
  0.00018525000000000   0.49997651122748447
  0.00018550000000000   0.49997643854290164
  0.00018575000000000   0.49997636446932629
  0.00018600000000000   0.49997633507360797
  0.00018625000000000   0.49997625804825475
  0.00018650000000000   0.49997617961244928
  0.00018675000000000   0.49997609976098087
  0.00018700000000000   0.49997606399100830
  0.00018725000000000   0.49997598112225651
  0.00018750000000000   0.49997594205003363
  0.00018775000000000   0.49997585613099589
  0.00018800000000000   0.49997581370802606
  0.00018825000000000   0.49997572470850795
  0.00018850000000000   0.49997567888882639
  0.00018875000000000   0.49997558678175970
  0.00018900000000000   0.49997553752225660
  0.00018925000000000   0.49997544228404425
  0.00018950000000000   0.49997538954481667
  0.00018975000000000   0.49997533498138755
  0.00019000000000000   0.49997527858035142
  0.00019025000000000   0.49997517679947954
  0.00019050000000000   0.49997511684035099
  0.00019075000000000   0.49997505501106231
  0.00019100000000000   0.49997499130012841
  0.00019125000000000   0.49997492569660324
  0.00019150000000000   0.49997485819011240
  0.00019175000000000   0.49997478877088718
  0.00019200000000000   0.49997471742980026
  0.00019225000000000   0.49997464415840291
  0.00019250000000000   0.49997456894896392
  0.00019275000000000   0.49997453353362178
  0.00019300000000000   0.49997445421915898
  0.00019325000000000   0.49997437294249245
  0.00019350000000000   0.49997433086758960
  0.00019375000000000   0.49997424542768168
  0.00019400000000000   0.49997415800902894
  0.00019425000000000   0.49997410915437126
  0.00019450000000000   0.49997405790238331
  0.00019475000000000   0.49997396404124151
  0.00019500000000000   0.49997390812593929
  0.00019525000000000   0.49997384976796840
  0.00019550000000000   0.49997374940574194
  0.00019575000000000   0.49997368632306776
  0.00019600000000000   0.49997362076224859
  0.00019625000000000   0.49997355271164203
  0.00019650000000000   0.49997348216094196
  0.00019675000000000   0.49997340910126350
  0.00019700000000000   0.49997337173357659
  0.00019725000000000   0.49997329338708882
  0.00019750000000000   0.49997321250693813
  0.00019775000000000   0.49997316660060371
  0.00019800000000000   0.49997308037668327
  0.00019825000000000   0.49997302863800263
  0.00019850000000000   0.49997293704538287
  0.00019875000000000   0.49997287942508119
  0.00019900000000000   0.49997281873261511
  0.00019925000000000   0.49997275495348988
  0.00019950000000000   0.49997268807553556
  0.00019975000000000   0.49997261808907023
  0.00020000000000000   0.49997254498707264
  0.00020025000000000   0.49997246876536486
  0.00020050000000000   0.49997238942280549
  0.00020075000000000   0.49997234139830679
  0.00020100000000000   0.49997228970513048
  0.00020125000000000   0.49997220038708302
  0.00020150000000000   0.49997214156367398
  0.00020175000000000   0.49997207902996184
  0.00020200000000000   0.49997201277626973
  0.00020225000000000   0.49997194279724215
  0.00020250000000000   0.49997186909216988
  0.00020275000000000   0.49997182383579697
  0.00020300000000000   0.49997174236349015
  0.00020325000000000   0.49997168873529079
  0.00020350000000000   0.49997163076577284
  0.00020375000000000   0.49997156844607409
  0.00020400000000000   0.49997150177393959
  0.00020425000000000   0.49997143075426266
  0.00020450000000000   0.49997135539966480
  0.00020475000000000   0.49997130535971830
  0.00020500000000000   0.49997125033727511
  0.00020525000000000   0.49997119032911663
  0.00020550000000000   0.49997112534199297
  0.00020575000000000   0.49997105539350334
  0.00020600000000000   0.49997100843848335
  0.00020625000000000   0.49997095585050121
  0.00020650000000000   0.49997089763655440
  0.00020675000000000   0.49997083381822462
  0.00020700000000000   0.49997079092573821
  0.00020725000000000   0.49997074174119340
  0.00020750000000000   0.49997068628325618
  0.00020775000000000   0.49997062459092803
  0.00020800000000000   0.49997058168979685
  0.00020825000000000   0.49997053186105985
  0.00020850000000000   0.49997047515580112
  0.00020875000000000   0.49997043540885901
  0.00020900000000000   0.49997038809790933
  0.00020925000000000   0.49997035624123822
  0.00020950000000000   0.49997031613035849
  0.00020975000000000   0.49997026785472322
  0.00021000000000000   0.49997023318099690
  0.00021025000000000   0.49997021091235888
  0.00021050000000000   0.49997017907082922
  0.00021075000000000   0.49997015811563315
  0.00021100000000000   0.49997012697973631
  0.00021125000000000   0.49997010523996041
  0.00021150000000000   0.49997009169204728
  0.00021175000000000   0.49997008513898167
  0.00021200000000000   0.49997008439179418
  0.00021225000000000   0.49997007086296599
  0.00021250000000000   0.49997007873027256
  0.00021275000000000   0.49997008897020896
  0.00021300000000000   0.49997011634600951
  0.00021325000000000   0.49997014294933596
  0.00021350000000000   0.49997018258141777
  0.00021375000000000   0.49997021859539984
  0.00021400000000000   0.49997029103429405
  0.00021425000000000   0.49997035524457556
  0.00021450000000000   0.49997044808531588
  0.00021475000000000   0.49997056417459288
  0.00021500000000000   0.49997069850553117
  0.00021525000000000   0.49997086743707972
  0.00021550000000000   0.49997108282108910
  0.00021575000000000   0.49997134336653568
  0.00021600000000000   0.49997167190376521
  0.00021625000000000   0.49997211315241824
  0.00021650000000000   0.49997271530308321
  0.00021675000000000   0.49997364174543709
  0.00021700000000000   0.49997549531619409
  0.00021725000000000   0.50005942014898460
  0.00021750000000000   0.50007112581917818
  0.00021775000000000   0.50007754764133330
  0.00021800000000000   0.50008225318574282
  0.00021825000000000   0.50008605866156678
  0.00021850000000000   0.50008927965996491
  0.00021875000000000   0.50009211736011657
  0.00021900000000000   0.50009468158012913
  0.00021925000000000   0.50009698730064702
  0.00021950000000000   0.50009914157485422
