 -0.00010125000000000   0.49990000090762615
 -0.00010100000000000   0.49990025409233677
 -0.00010075000000000   0.49990050691966687
 -0.00010050000000000   0.49990076015212825
 -0.00010025000000000   0.49990101302805620
 -0.00010000000000000   0.49990126592862885
 -0.00009975000000000   0.49990151923411424
 -0.00009950000000000   0.49990177218431420
 -0.00009925000000000   0.49990202515968944
 -0.00009900000000000   0.49990227853969198
 -0.00009875000000000   0.49990253156574163
 -0.00009850000000000   0.49990278461750673
 -0.00009825000000000   0.49990303769517214
 -0.00009800000000000   0.49990329117704389
 -0.00009775000000000   0.49990354430681225
 -0.00009750000000000   0.49990379746303354
 -0.00009725000000000   0.49990405064589691
 -0.00009700000000000   0.49990430385559263
 -0.00009675000000000   0.49990455709231204
 -0.00009650000000000   0.49990481035624756
 -0.00009625000000000   0.49990506364759267
 -0.00009600000000000   0.49990531696654187
 -0.00009575000000000   0.49990557031329068
 -0.00009550000000000   0.49990582368803566
 -0.00009525000000000   0.49990607709097430
 -0.00009500000000000   0.49990633052230508
 -0.00009475000000000   0.49990658398222741
 -0.00009450000000000   0.49990683709729644
 -0.00009425000000000   0.49990709061540451
 -0.00009400000000000   0.49990734416272001
 -0.00009375000000000   0.49990759773944615
 -0.00009350000000000   0.49990785097356082
 -0.00009325000000000   0.49990810461016968
 -0.00009300000000000   0.49990835827681701
 -0.00009275000000000   0.49990861160260424
 -0.00009250000000000   0.49990886533043563
 -0.00009225000000000   0.49990911871855496
 -0.00009200000000000   0.49990937250845700
 -0.00009175000000000   0.49990962595984684
 -0.00009150000000000   0.49990987981271478
 -0.00009125000000000   0.49991013332832409
 -0.00009100000000000   0.49991038724506140
 -0.00009075000000000   0.49991064082584936
 -0.00009050000000000   0.49991089443974603
 -0.00009025000000000   0.49991114808700726
 -0.00009000000000000   0.49991140213484819
 -0.00008975000000000   0.49991165584926186
 -0.00008950000000000   0.49991190959780414
 -0.00008925000000000   0.49991216338073671
 -0.00008900000000000   0.49991241719832276
 -0.00008875000000000   0.49991267105082690
 -0.00008850000000000   0.49991292530287689
 -0.00008825000000000   0.49991317922558362
 -0.00008800000000000   0.49991343318399619
 -0.00008775000000000   0.49991368681536568
 -0.00008750000000000   0.49991394084647815
 -0.00008725000000000   0.49991419491412520
 -0.00008700000000000   0.49991444901858077
 -0.00008675000000000   0.49991470316011999
 -0.00008650000000000   0.49991495733901916
 -0.00008625000000000   0.49991521119532477
 -0.00008600000000000   0.49991546545034951
 -0.00008575000000000   0.49991571974358696
 -0.00008550000000000   0.49991597371653765
 -0.00008525000000000   0.49991622808766719
 -0.00008500000000000   0.49991648214003546
 -0.00008475000000000   0.49991673659025974
 -0.00008450000000000   0.49991699072331994
 -0.00008425000000000   0.49991724525385249
 -0.00008400000000000   0.49991749946889205
 -0.00008375000000000   0.49991775372560866
 -0.00008350000000000   0.49991800837927549
 -0.00008325000000000   0.49991826271994347
 -0.00008300000000000   0.49991851710330775
 -0.00008275000000000   0.49991877152971735
 -0.00008250000000000   0.49991902599952312
 -0.00008225000000000   0.49991928051307771
 -0.00008200000000000   0.49991953507073547
 -0.00008175000000000   0.49991978967285249
 -0.00008150000000000   0.49992004431978647
 -0.00008125000000000   0.49992029901189675
 -0.00008100000000000   0.49992055374954418
 -0.00008075000000000   0.49992080853309114
 -0.00008050000000000   0.49992106336290143
 -0.00008025000000000   0.49992131789152960
 -0.00008000000000000   0.49992157281565237
 -0.00007975000000000   0.49992182778715998
 -0.00007950000000000   0.49992208246039059
 -0.00007925000000000   0.49992233752853163
 -0.00007900000000000   0.49992259230033678
 -0.00007875000000000   0.49992284746668934
 -0.00007850000000000   0.49992310233874103
 -0.00007825000000000   0.49992335726179072
 -0.00007800000000000   0.49992361223628426
 -0.00007775000000000   0.49992386760473567
 -0.00007750000000000   0.49992412268290999
 -0.00007725000000000   0.49992437781385599
 -0.00007700000000000   0.49992463299802793
 -0.00007675000000000   0.49992488823588207
 -0.00007650000000000   0.49992514352787667
 -0.00007625000000000   0.49992539887447188
 -0.00007600000000000   0.49992565427612967
 -0.00007575000000000   0.49992590939634630
 -0.00007550000000000   0.49992616491027200
 -0.00007525000000000   0.49992642048068279
 -0.00007500000000000   0.49992667577303534
 -0.00007475000000000   0.49992693145865360
 -0.00007450000000000   0.49992718686849330
 -0.00007425000000000   0.49992744267131594
 -0.00007400000000000   0.49992769820075442
 -0.00007375000000000   0.49992795379107021
 -0.00007350000000000   0.49992820944282527
 -0.00007325000000000   0.49992846548710190
 -0.00007300000000000   0.49992872126278696
 -0.00007275000000000   0.49992897710158379
 -0.00007250000000000   0.49992923300406385
 -0.00007225000000000   0.49992948897080081
 -0.00007200000000000   0.49992974467536806
 -0.00007175000000000   0.49993000077314119
 -0.00007150000000000   0.49993025693693577
 -0.00007125000000000   0.49993051284241632
 -0.00007100000000000   0.49993076914088809
 -0.00007075000000000   0.49993102518366411
 -0.00007050000000000   0.49993128161928436
 -0.00007025000000000   0.49993153780196324
 -0.00007000000000000   0.49993179405589091
 -0.00006975000000000   0.49993205070242946
 -0.00006950000000000   0.49993230710024138
 -0.00006925000000000   0.49993256357135353
 -0.00006900000000000   0.49993282011646603
 -0.00006875000000000   0.49993307673628157
 -0.00006850000000000   0.49993333311464314
 -0.00006825000000000   0.49993358988684952
 -0.00006800000000000   0.49993384673591734
 -0.00006775000000000   0.49993410334801199
 -0.00006750000000000   0.49993436035391787
 -0.00006725000000000   0.49993461712591383
 -0.00006700000000000   0.49993487397937744
 -0.00006675000000000   0.49993513122674362
 -0.00006650000000000   0.49993538824491649
 -0.00006625000000000   0.49993564534703108
 -0.00006600000000000   0.49993590253393083
 -0.00006575000000000   0.49993615980646205
 -0.00006550000000000   0.49993641685793365
 -0.00006525000000000   0.49993667430521117
 -0.00006500000000000   0.49993693184071630
 -0.00006475000000000   0.49993718916029315
 -0.00006450000000000   0.49993744657153391
 -0.00006425000000000   0.49993770437907734
 -0.00006400000000000   0.49993796197587311
 -0.00006375000000000   0.49993821966727033
 -0.00006350000000000   0.49993847745426952
 -0.00006325000000000   0.49993873533787444
 -0.00006300000000000   0.49993899331909187
 -0.00006275000000000   0.49993925110044143
 -0.00006250000000000   0.49993950928093710
 -0.00006225000000000   0.49993976726532850
 -0.00006200000000000   0.49994002564935294
 -0.00006175000000000   0.49994028384124132
 -0.00006150000000000   0.49994054213896429
 -0.00006125000000000   0.49994080054369547
 -0.00006100000000000   0.49994105905661208
 -0.00006075000000000   0.49994131767889469
 -0.00006050000000000   0.49994157612098622
 -0.00006025000000000   0.49994183496662679
 -0.00006000000000000   0.49994209363630033
 -0.00005975000000000   0.49994235271026995
 -0.00005950000000000   0.49994261161272547
 -0.00005925000000000   0.49994287063397472
 -0.00005900000000000   0.49994312977538405
 -0.00005875000000000   0.49994338903832346
 -0.00005850000000000   0.49994364814072528
 -0.00005825000000000   0.49994390765196659
 -0.00005800000000000   0.49994416700737951
 -0.00005775000000000   0.49994442649196729
 -0.00005750000000000   0.49994468610729703
 -0.00005725000000000   0.49994494585494034
 -0.00005700000000000   0.49994520573647287
 -0.00005675000000000   0.49994546575347392
 -0.00005650000000000   0.49994572563153194
 -0.00005625000000000   0.49994598592543691
 -0.00005600000000000   0.49994624608573610
 -0.00005575000000000   0.49994650639021470
 -0.00005550000000000   0.49994676684066850
 -0.00005525000000000   0.49994702716765519
 -0.00005500000000000   0.49994728791662017
 -0.00005475000000000   0.49994754854778549
 -0.00005450000000000   0.49994780933441940
 -0.00005425000000000   0.49994807054593324
 -0.00005400000000000   0.49994833138222425
 -0.00005375000000000   0.49994859264747286
 -0.00005350000000000   0.49994885407634422
 -0.00005325000000000   0.49994911540776292
 -0.00005300000000000   0.49994937690922031
 -0.00005275000000000   0.49994963858300774
 -0.00005250000000000   0.49994990043142162
 -0.00005225000000000   0.49995016219757012
 -0.00005200000000000   0.49995042440343003
 -0.00005175000000000   0.49995068653398494
 -0.00005150000000000   0.49995094885099387
 -0.00005125000000000   0.49995121110192258
 -0.00005100000000000   0.49995147380079965
 -0.00005075000000000   0.49995173644102061
 -0.00005050000000000   0.49995199928054824
 -0.00005025000000000   0.49995226232224569
 -0.00005000000000000   0.49995252556898164
 -0.00004975000000000   0.49995278877499348
 -0.00004950000000000   0.49995305219422393
 -0.00004925000000000   0.49995331582984708
 -0.00004900000000000   0.49995357968504329
 -0.00004875000000000   0.49995384351865942
 -0.00004850000000000   0.49995410758068871
 -0.00004825000000000   0.49995437187463746
 -0.00004800000000000   0.49995463640401874
 -0.00004775000000000   0.49995490093242834
 -0.00004750000000000   0.49995516570587111
 -0.00004725000000000   0.49995543072820713
 -0.00004700000000000   0.49995569576660646
 -0.00004675000000000   0.49995596106412185
 -0.00004650000000000   0.49995622662498189
 -0.00004625000000000   0.49995649245342342
 -0.00004600000000000   0.49995675832154249
 -0.00004575000000000   0.49995702446843081
 -0.00004550000000000   0.49995729089871565
 -0.00004525000000000   0.49995755738837336
 -0.00004500000000000   0.49995782417342077
 -0.00004475000000000   0.49995809103234788
 -0.00004450000000000   0.49995835842474514
 -0.00004425000000000   0.49995862590391262
 -0.00004400000000000   0.49995889347895900
 -0.00004375000000000   0.49995916138090515
 -0.00004350000000000   0.49995942961567672
 -0.00004325000000000   0.49995969796974648
 -0.00004300000000000   0.49995996667130227
 -0.00004275000000000   0.49996023572675440
 -0.00004250000000000   0.49996050492678448
 -0.00004225000000000   0.49996077449655471
 -0.00004200000000000   0.49996104422968009
 -0.00004175000000000   0.49996131434932455
 -0.00004150000000000   0.49996158465201135
 -0.00004125000000000   0.49996185535901145
 -0.00004100000000000   0.49996212626976454
 -0.00004075000000000   0.49996239760372340
 -0.00004050000000000   0.49996266936944547
 -0.00004025000000000   0.49996294137099299
 -0.00004000000000000   0.49996321362141493
 -0.00003975000000000   0.49996348633627257
 -0.00003950000000000   0.49996375932449533
 -0.00003925000000000   0.49996403279985794
 -0.00003900000000000   0.49996430657459327
 -0.00003875000000000   0.49996458066356392
 -0.00003850000000000   0.49996485527797957
 -0.00003825000000000   0.49996513023514664
 -0.00003800000000000   0.49996540574462385
 -0.00003775000000000   0.49996568143527147
 -0.00003750000000000   0.49996595790043215
 -0.00003725000000000   0.49996623458191081
 -0.00003700000000000   0.49996651187818117
 -0.00003675000000000   0.49996678961763555
 -0.00003650000000000   0.49996706781999968
 -0.00003625000000000   0.49996734650564765
 -0.00003600000000000   0.49996762587843227
 -0.00003575000000000   0.49996790577481650
 -0.00003550000000000   0.49996818603766285
 -0.00003525000000000   0.49996846705174246
 -0.00003500000000000   0.49996874866024313
 -0.00003475000000000   0.49996903088863187
 -0.00003450000000000   0.49996931376340370
 -0.00003425000000000   0.49996959731214723
 -0.00003400000000000   0.49996988156361211
 -0.00003375000000000   0.49997016654777826
 -0.00003350000000000   0.49997045229592709
 -0.00003325000000000   0.49997073867356359
 -0.00003300000000000   0.49997102605076443
 -0.00003275000000000   0.49997131413040605
 -0.00003250000000000   0.49997160295442692
 -0.00003225000000000   0.49997189288929924
 -0.00003200000000000   0.49997218349242596
 -0.00003175000000000   0.49997247529137967
 -0.00003150000000000   0.49997276801369876
 -0.00003125000000000   0.49997306171225455
 -0.00003100000000000   0.49997335644250837
 -0.00003075000000000   0.49997365241532774
 -0.00003050000000000   0.49997394953690620
 -0.00003025000000000   0.49997424787231928
 -0.00003000000000000   0.49997454763802219
 -0.00002975000000000   0.49997484861005557
 -0.00002950000000000   0.49997515101490328
 -0.00002925000000000   0.49997545479196257
 -0.00002900000000000   0.49997576017469041
 -0.00002875000000000   0.49997606725647557
 -0.00002850000000000   0.49997637599910812
 -0.00002825000000000   0.49997668651439381
 -0.00002800000000000   0.49997699905655776
 -0.00002775000000000   0.49997731348332925
 -0.00002750000000000   0.49997763006903845
 -0.00002725000000000   0.49997794883342192
 -0.00002700000000000   0.49997826994282568
 -0.00002675000000000   0.49997859370331327
 -0.00002650000000000   0.49997892005701376
 -0.00002625000000000   0.49997924934472767
 -0.00002600000000000   0.49997958167907350
 -0.00002575000000000   0.49997991732135694
 -0.00002550000000000   0.49998025644242826
 -0.00002525000000000   0.49998059948022694
 -0.00002500000000000   0.49998094644943801
 -0.00002475000000000   0.49998129798238540
 -0.00002450000000000   0.49998165420082559
 -0.00002425000000000   0.49998201573392159
 -0.00002400000000000   0.49998238306205339
 -0.00002375000000000   0.49998275665390911
 -0.00002350000000000   0.49998313729536300
 -0.00002325000000000   0.49998352560222117
 -0.00002300000000000   0.49998392265653920
 -0.00002275000000000   0.49998432945478656
 -0.00002250000000000   0.49998474736015960
 -0.00002225000000000   0.49998517799078733
 -0.00002200000000000   0.49998562325572375
 -0.00002175000000000   0.49998608578677063
 -0.00002150000000000   0.49998656884685722
 -0.00002125000000000   0.49998707682665396
 -0.00002100000000000   0.49998761561043217
 -0.00002075000000000   0.49998819405344241
 -0.00002050000000000   0.49998882515296801
 -0.00002025000000000   0.49998953077057766
 -0.00002000000000000   0.49999035123217525
 -0.00001975000000000   0.49999137861043832
 -0.00001950000000000   0.49999294395554012
 -0.00001925000000000   0.50000269335174104
 -0.00001900000000000   0.50000299300310017
 -0.00001875000000000   0.50000311004456530
 -0.00001850000000000   0.50000317146386938
 -0.00001825000000000   0.50000320468151199
 -0.00001800000000000   0.50000322056941152
 -0.00001775000000000   0.50000322463715585
 -0.00001750000000000   0.50000322013409491
 -0.00001725000000000   0.50000320906580971
 -0.00001700000000000   0.50000319283776738
 -0.00001675000000000   0.50000317239942271
 -0.00001650000000000   0.50000314848081270
 -0.00001625000000000   0.50000312162761706
 -0.00001600000000000   0.50000309225807668
 -0.00001575000000000   0.50000306071680580
 -0.00001550000000000   0.50000302728320853
 -0.00001525000000000   0.50000299222229751
 -0.00001500000000000   0.50000295564777753
 -0.00001475000000000   0.50000291775606522
 -0.00001450000000000   0.50000287869032236
 -0.00001425000000000   0.50000283853897566
 -0.00001400000000000   0.50000279743484478
 -0.00001375000000000   0.50000275540740850
 -0.00001350000000000   0.50000271258289580
 -0.00001325000000000   0.50000266898429350
 -0.00001300000000000   0.50000262473392449
 -0.00001275000000000   0.50000257985042770
 -0.00001250000000000   0.50000253435049729
 -0.00001225000000000   0.50000248830060154
 -0.00001200000000000   0.50000244176592202
 -0.00001175000000000   0.50000239475930333
 -0.00001150000000000   0.50000234729285205
 -0.00001125000000000   0.50000229942842974
 -0.00001100000000000   0.50000225112654708
 -0.00001075000000000   0.50000220249733856
 -0.00001050000000000   0.50000215354940985
 -0.00001025000000000   0.50000210424264916
 -0.00001000000000000   0.50000205468256373
 -0.00000975000000000   0.50000200478117818
 -0.00000950000000000   0.50000195464161910
 -0.00000925000000000   0.50000190422438173
 -0.00000900000000000   0.50000185358291148
 -0.00000875000000000   0.50000180272348737
 -0.00000850000000000   0.50000175165242814
 -0.00000825000000000   0.50000170037615248
 -0.00000800000000000   0.50000164890121577
 -0.00000775000000000   0.50000159723432961
 -0.00000750000000000   0.50000154542183630
 -0.00000725000000000   0.50000149342931159
 -0.00000700000000000   0.50000144130129609
 -0.00000675000000000   0.50000138900572943
 -0.00000650000000000   0.50000133662031909
 -0.00000625000000000   0.50000128404432185
 -0.00000600000000000   0.50000123138727851
 -0.00000575000000000   0.50000117861868365
 -0.00000550000000000   0.50000112571301233
 -0.00000525000000000   0.50000107273663730
 -0.00000500000000000   0.50000101966297794
 -0.00000475000000000   0.50000096647076238
 -0.00000450000000000   0.50000091321893385
 -0.00000425000000000   0.50000085988510411
 -0.00000400000000000   0.50000080647458066
 -0.00000375000000000   0.50000075301355071
 -0.00000350000000000   0.50000069948392344
 -0.00000325000000000   0.50000064589127926
 -0.00000300000000000   0.50000059224128441
 -0.00000275000000000   0.50000053855469967
 -0.00000250000000000   0.50000048481942146
 -0.00000225000000000   0.50000043104133036
 -0.00000200000000000   0.50000037723694929
 -0.00000175000000000   0.50000032339872760
 -0.00000150000000000   0.50000026953270666
 -0.00000125000000000   0.50000021565712030
 -0.00000100000000000   0.50000016175535273
 -0.00000075000000000   0.50000010784416583
 -0.00000050000000000   0.50000005392365532
 -0.00000025000000000   0.50000000000000000
  0.00000000000000000   0.49999994607634467
  0.00000025000000000   0.49999989215583416
  0.00000050000000000   0.49999983824464726
  0.00000075000000000   0.49999978434287969
  0.00000100000000000   0.49999973046729333
  0.00000125000000000   0.49999967660127239
  0.00000150000000000   0.49999962276305070
  0.00000175000000000   0.49999956895866963
  0.00000200000000000   0.49999951518057852
  0.00000225000000000   0.49999946144530032
  0.00000250000000000   0.49999940775871558
  0.00000275000000000   0.49999935410872073
  0.00000300000000000   0.49999930051607654
  0.00000325000000000   0.49999924698644928
  0.00000350000000000   0.49999919352541933
  0.00000375000000000   0.49999914011489588
  0.00000400000000000   0.49999908678106614
  0.00000425000000000   0.49999903352923761
  0.00000450000000000   0.49999898033702204
  0.00000475000000000   0.49999892726336269
  0.00000500000000000   0.49999887428698767
  0.00000525000000000   0.49999882138131633
  0.00000550000000000   0.49999876861272148
  0.00000575000000000   0.49999871595567815
  0.00000600000000000   0.49999866337968090
  0.00000625000000000   0.49999861099427056
  0.00000650000000000   0.49999855869870390
  0.00000675000000000   0.49999850657068839
  0.00000700000000000   0.49999845457816369
  0.00000725000000000   0.49999840276567038
  0.00000750000000000   0.49999835109878421
  0.00000775000000000   0.49999829962384751
  0.00000800000000000   0.49999824834757185
  0.00000825000000000   0.49999819727651263
  0.00000850000000000   0.49999814641708850
  0.00000875000000000   0.49999809577561826
  0.00000900000000000   0.49999804535838088
  0.00000925000000000   0.49999799521882182
  0.00000950000000000   0.49999794531743625
  0.00000975000000000   0.49999789575735083
  0.00001000000000000   0.49999784645059014
  0.00001025000000000   0.49999779750266143
  0.00001050000000000   0.49999774887345292
  0.00001075000000000   0.49999770057157025
  0.00001100000000000   0.49999765270714794
  0.00001125000000000   0.49999760524069667
  0.00001150000000000   0.49999755823407797
  0.00001175000000000   0.49999751169939845
  0.00001200000000000   0.49999746564950270
  0.00001225000000000   0.49999742014957229
  0.00001250000000000   0.49999737526607551
  0.00001275000000000   0.49999733101570649
  0.00001300000000000   0.49999728741710420
  0.00001325000000000   0.49999724459259149
  0.00001350000000000   0.49999720256515522
  0.00001375000000000   0.49999716146102433
  0.00001400000000000   0.49999712130967763
  0.00001425000000000   0.49999708224393478
  0.00001450000000000   0.49999704435222247
  0.00001475000000000   0.49999700777770248
  0.00001500000000000   0.49999697271679146
  0.00001525000000000   0.49999693928319419
  0.00001550000000000   0.49999690774192331
  0.00001575000000000   0.49999687837238293
  0.00001600000000000   0.49999685151918730
  0.00001625000000000   0.49999682760057728
  0.00001650000000000   0.49999680716223261
  0.00001675000000000   0.49999679093419028
  0.00001700000000000   0.49999677986590508
  0.00001725000000000   0.49999677536284415
  0.00001750000000000   0.49999677943058849
  0.00001775000000000   0.49999679531848800
  0.00001800000000000   0.49999682853613062
  0.00001825000000000   0.49999688995543470
  0.00001850000000000   0.49999700699689985
  0.00001875000000000   0.49999730664825904
  0.00001900000000000   0.50000705604446035
  0.00001925000000000   0.50000862138956190
  0.00001950000000000   0.50000964876782494
  0.00001975000000000   0.50001046922942250
  0.00002000000000000   0.50001117484703212
  0.00002025000000000   0.50001180594655771
  0.00002050000000000   0.50001238438956795
  0.00002075000000000   0.50001292317334615
  0.00002100000000000   0.50001343115314288
  0.00002125000000000   0.50001391421322947
  0.00002150000000000   0.50001437674427633
  0.00002175000000000   0.50001482200921276
  0.00002200000000000   0.50001525263984048
  0.00002225000000000   0.50001567054521351
  0.00002250000000000   0.50001607734346087
  0.00002275000000000   0.50001647439777891
  0.00002300000000000   0.50001686270463707
  0.00002325000000000   0.50001724334609097
  0.00002350000000000   0.50001761693794668
  0.00002375000000000   0.50001798426607848
  0.00002400000000000   0.50001834579917447
  0.00002425000000000   0.50001870201761467
  0.00002450000000000   0.50001905355056205
  0.00002475000000000   0.50001940051977313
  0.00002500000000000   0.50001974355757180
  0.00002525000000000   0.50002008267864312
  0.00002550000000000   0.50002041832092657
  0.00002575000000000   0.50002075065527239
  0.00002600000000000   0.50002107994298630
  0.00002625000000000   0.50002140629668679
  0.00002650000000000   0.50002173005717438
  0.00002675000000000   0.50002205116657814
  0.00002700000000000   0.50002236993096161
  0.00002725000000000   0.50002268651667081
  0.00002750000000000   0.50002300094344230
  0.00002775000000000   0.50002331348560625
  0.00002800000000000   0.50002362400089194
  0.00002825000000000   0.50002393274352449
  0.00002850000000000   0.50002423982530964
  0.00002875000000000   0.50002454520803749
  0.00002900000000000   0.50002484898509677
  0.00002925000000000   0.50002515138994448
  0.00002950000000000   0.50002545236197787
  0.00002975000000000   0.50002575212768078
  0.00003000000000000   0.50002605046309386
  0.00003025000000000   0.50002634758467232
  0.00003050000000000   0.50002664355749169
  0.00003075000000000   0.50002693828774551
  0.00003100000000000   0.50002723198630130
  0.00003125000000000   0.50002752470862039
  0.00003150000000000   0.50002781650757410
  0.00003175000000000   0.50002810711070082
  0.00003200000000000   0.50002839704557313
  0.00003225000000000   0.50002868586959400
  0.00003250000000000   0.50002897394923563
  0.00003275000000000   0.50002926132643646
  0.00003300000000000   0.50002954770407297
  0.00003325000000000   0.50002983345222180
  0.00003350000000000   0.50003011843638794
  0.00003375000000000   0.50003040268785283
  0.00003400000000000   0.50003068623659636
  0.00003425000000000   0.50003096911136818
  0.00003450000000000   0.50003125133975692
  0.00003475000000000   0.50003153294825759
  0.00003500000000000   0.50003181396233720
  0.00003525000000000   0.50003209422518355
  0.00003550000000000   0.50003237412156778
  0.00003575000000000   0.50003265349435241
  0.00003600000000000   0.50003293218000037
  0.00003625000000000   0.50003321038236450
  0.00003650000000000   0.50003348812181888
  0.00003675000000000   0.50003376541808924
  0.00003700000000000   0.50003404209956790
  0.00003725000000000   0.50003431856472858
  0.00003750000000000   0.50003459425537620
  0.00003775000000000   0.50003486976485341
  0.00003800000000000   0.50003514472202048
  0.00003825000000000   0.50003541933643613
  0.00003850000000000   0.50003569342540678
  0.00003875000000000   0.50003596720014211
  0.00003900000000000   0.50003624067550473
  0.00003925000000000   0.50003651366372748
  0.00003950000000000   0.50003678637858512
  0.00003975000000000   0.50003705862900706
  0.00004000000000000   0.50003733063055458
  0.00004025000000000   0.50003760239627665
  0.00004050000000000   0.50003787373023551
  0.00004075000000000   0.50003814464098860
  0.00004100000000000   0.50003841534798870
  0.00004125000000000   0.50003868565067550
  0.00004150000000000   0.50003895577031996
  0.00004175000000000   0.50003922550344534
  0.00004200000000000   0.50003949507321557
  0.00004225000000000   0.50003976427324565
  0.00004250000000000   0.50004003332869777
  0.00004275000000000   0.50004030203025356
  0.00004300000000000   0.50004057038432332
  0.00004325000000000   0.50004083861909490
  0.00004350000000000   0.50004110652104105
  0.00004375000000000   0.50004137409608742
  0.00004400000000000   0.50004164157525490
  0.00004425000000000   0.50004190896765217
  0.00004450000000000   0.50004217582657928
  0.00004475000000000   0.50004244261162669
  0.00004500000000000   0.50004270910128439
  0.00004525000000000   0.50004297553156923
  0.00004550000000000   0.50004324167845755
  0.00004575000000000   0.50004350754657662
  0.00004600000000000   0.50004377337501816
  0.00004625000000000   0.50004403893587819
  0.00004650000000000   0.50004430423339359
  0.00004675000000000   0.50004456927179292
  0.00004700000000000   0.50004483429412894
  0.00004725000000000   0.50004509906757171
  0.00004750000000000   0.50004536359598131
  0.00004775000000000   0.50004562812536258
  0.00004800000000000   0.50004589241931134
  0.00004825000000000   0.50004615648134063
  0.00004850000000000   0.50004642031495676
  0.00004875000000000   0.50004668417015297
  0.00004900000000000   0.50004694780577612
  0.00004925000000000   0.50004721122500657
  0.00004950000000000   0.50004747443101841
  0.00004975000000000   0.50004773767775436
  0.00005000000000000   0.50004800071945180
  0.00005025000000000   0.50004826355897944
  0.00005050000000000   0.50004852619920040
  0.00005075000000000   0.50004878889807746
  0.00005100000000000   0.50004905114900618
  0.00005125000000000   0.50004931346601511
  0.00005150000000000   0.50004957559657002
  0.00005175000000000   0.50004983780242992
  0.00005200000000000   0.50005009956857843
  0.00005225000000000   0.50005036141699231
  0.00005250000000000   0.50005062309077974
  0.00005275000000000   0.50005088459223713
  0.00005300000000000   0.50005114592365582
  0.00005325000000000   0.50005140735252718
  0.00005350000000000   0.50005166861777580
  0.00005375000000000   0.50005192945406681
  0.00005400000000000   0.50005219066558064
  0.00005425000000000   0.50005245145221455
  0.00005450000000000   0.50005271208337987
  0.00005475000000000   0.50005297283234486
  0.00005500000000000   0.50005323315933155
  0.00005525000000000   0.50005349360978535
  0.00005550000000000   0.50005375391426395
  0.00005575000000000   0.50005401407456314
  0.00005600000000000   0.50005427436846810
  0.00005625000000000   0.50005453424652612
  0.00005650000000000   0.50005479426352718
  0.00005675000000000   0.50005505414505971
  0.00005700000000000   0.50005531389270301
  0.00005725000000000   0.50005557350803276
  0.00005750000000000   0.50005583299262053
  0.00005775000000000   0.50005609234803346
  0.00005800000000000   0.50005635185927476
  0.00005825000000000   0.50005661096167659
  0.00005850000000000   0.50005687022461599
  0.00005875000000000   0.50005712936602532
  0.00005900000000000   0.50005738838727458
  0.00005925000000000   0.50005764728973009
  0.00005950000000000   0.50005790636369971
  0.00005975000000000   0.50005816503337326
  0.00006000000000000   0.50005842387901382
  0.00006025000000000   0.50005868232110535
  0.00006050000000000   0.50005894094338796
  0.00006075000000000   0.50005919945630457
  0.00006100000000000   0.50005945786103576
  0.00006125000000000   0.50005971615875873
  0.00006150000000000   0.50005997435064710
  0.00006175000000000   0.50006023273467154
  0.00006200000000000   0.50006049071906294
  0.00006225000000000   0.50006074889955861
  0.00006250000000000   0.50006100668090817
  0.00006275000000000   0.50006126466212561
  0.00006300000000000   0.50006152254573053
  0.00006325000000000   0.50006178033272971
  0.00006350000000000   0.50006203802412693
  0.00006375000000000   0.50006229562092271
  0.00006400000000000   0.50006255342846613
  0.00006425000000000   0.50006281083970689
  0.00006450000000000   0.50006306815928374
  0.00006475000000000   0.50006332569478887
  0.00006500000000000   0.50006358314206640
  0.00006525000000000   0.50006384019353799
  0.00006550000000000   0.50006409746606921
  0.00006575000000000   0.50006435465296896
  0.00006600000000000   0.50006461175508355
  0.00006625000000000   0.50006486877325642
  0.00006650000000000   0.50006512602062261
  0.00006675000000000   0.50006538287408622
  0.00006700000000000   0.50006563964608217
  0.00006725000000000   0.50006589665198805
  0.00006750000000000   0.50006615326408270
  0.00006775000000000   0.50006641011315052
  0.00006800000000000   0.50006666688535690
  0.00006825000000000   0.50006692326371847
  0.00006850000000000   0.50006717988353401
  0.00006875000000000   0.50006743642864651
  0.00006900000000000   0.50006769289975866
  0.00006925000000000   0.50006794929757058
  0.00006950000000000   0.50006820594410913
  0.00006975000000000   0.50006846219803680
  0.00007000000000000   0.50006871838071569
  0.00007025000000000   0.50006897481633593
  0.00007050000000000   0.50006923085911195
  0.00007075000000000   0.50006948715758372
  0.00007100000000000   0.50006974306306427
  0.00007125000000000   0.50006999922685885
  0.00007150000000000   0.50007025532463198
  0.00007175000000000   0.50007051102919924
  0.00007200000000000   0.50007076699593619
  0.00007225000000000   0.50007102289841625
  0.00007250000000000   0.50007127873721308
  0.00007275000000000   0.50007153451289815
  0.00007300000000000   0.50007179055717478
  0.00007325000000000   0.50007204620892983
  0.00007350000000000   0.50007230179924562
  0.00007375000000000   0.50007255732868410
  0.00007400000000000   0.50007281313150674
  0.00007425000000000   0.50007306854134644
  0.00007450000000000   0.50007332422696470
  0.00007475000000000   0.50007357951931725
  0.00007500000000000   0.50007383508972804
  0.00007525000000000   0.50007409060365374
  0.00007550000000000   0.50007434572387037
  0.00007575000000000   0.50007460112552816
  0.00007600000000000   0.50007485647212337
  0.00007625000000000   0.50007511176411797
  0.00007650000000000   0.50007536700197212
  0.00007675000000000   0.50007562218614405
  0.00007700000000000   0.50007587731709005
  0.00007725000000000   0.50007613239526437
  0.00007750000000000   0.50007638776371578
  0.00007775000000000   0.50007664273820932
  0.00007800000000000   0.50007689766125901
  0.00007825000000000   0.50007715253331070
  0.00007850000000000   0.50007740769966326
  0.00007875000000000   0.50007766247146841
  0.00007900000000000   0.50007791753960945
  0.00007925000000000   0.50007817221284006
  0.00007950000000000   0.50007842718434767
  0.00007975000000000   0.50007868210847044
  0.00008000000000000   0.50007893663709861
  0.00008025000000000   0.50007919146690890
  0.00008050000000000   0.50007944625045586
  0.00008075000000000   0.50007970098810330
  0.00008100000000000   0.50007995568021357
  0.00008125000000000   0.50008021032714755
  0.00008150000000000   0.50008046492926457
  0.00008175000000000   0.50008071948692233
  0.00008200000000000   0.50008097400047692
  0.00008225000000000   0.50008122847028269
  0.00008250000000000   0.50008148289669229
  0.00008275000000000   0.50008173728005657
  0.00008300000000000   0.50008199162072455
  0.00008325000000000   0.50008224627439138
  0.00008350000000000   0.50008250053110799
  0.00008375000000000   0.50008275474614754
  0.00008400000000000   0.50008300927668011
  0.00008425000000000   0.50008326340974029
  0.00008450000000000   0.50008351785996458
  0.00008475000000000   0.50008377191233285
  0.00008500000000000   0.50008402628346239
  0.00008525000000000   0.50008428025641308
  0.00008550000000000   0.50008453454965054
  0.00008575000000000   0.50008478880467528
  0.00008600000000000   0.50008504266098088
  0.00008625000000000   0.50008529683988005
  0.00008650000000000   0.50008555098141927
  0.00008675000000000   0.50008580508587484
  0.00008700000000000   0.50008605915352189
  0.00008725000000000   0.50008631318463436
  0.00008750000000000   0.50008656681600385
  0.00008775000000000   0.50008682077441642
  0.00008800000000000   0.50008707469712314
  0.00008825000000000   0.50008732894917314
  0.00008850000000000   0.50008758280167728
  0.00008875000000000   0.50008783661926333
  0.00008900000000000   0.50008809040219590
  0.00008925000000000   0.50008834415073817
  0.00008950000000000   0.50008859786515185
  0.00008975000000000   0.50008885191299278
  0.00009000000000000   0.50008910556025401
  0.00009025000000000   0.50008935917415067
  0.00009050000000000   0.50008961275493864
  0.00009075000000000   0.50008986667167595
  0.00009100000000000   0.50009012018728526
  0.00009125000000000   0.50009037404015320
  0.00009150000000000   0.50009062749154304
  0.00009175000000000   0.50009088128144508
  0.00009200000000000   0.50009113466956441
  0.00009225000000000   0.50009138839739580
  0.00009250000000000   0.50009164172318303
  0.00009275000000000   0.50009189538983036
  0.00009300000000000   0.50009214902643922
  0.00009325000000000   0.50009240226055389
  0.00009350000000000   0.50009265583728003
  0.00009375000000000   0.50009290938459553
  0.00009400000000000   0.50009316290270360
  0.00009425000000000   0.50009341601777263
  0.00009450000000000   0.50009366947769496
  0.00009475000000000   0.50009392290902574
  0.00009500000000000   0.50009417631196438
  0.00009525000000000   0.50009442968670935
  0.00009550000000000   0.50009468303345817
  0.00009575000000000   0.50009493635240737
  0.00009600000000000   0.50009518964375248
  0.00009625000000000   0.50009544290768800
  0.00009650000000000   0.50009569614440741
  0.00009675000000000   0.50009594935410313
  0.00009700000000000   0.50009620253696650
  0.00009725000000000   0.50009645569318779
  0.00009750000000000   0.50009670882295615
  0.00009775000000000   0.50009696230482790
  0.00009800000000000   0.50009721538249330
  0.00009825000000000   0.50009746843425841
  0.00009850000000000   0.50009772146030806
  0.00009875000000000   0.50009797484031060
  0.00009900000000000   0.50009822781568584
  0.00009925000000000   0.50009848076588580
  0.00009950000000000   0.50009873407137119
  0.00009975000000000   0.50009898697194384
  0.00010000000000000   0.50009923984787179
  0.00010025000000000   0.50009949308033317
  0.00010050000000000   0.50009974590766327
  0.00010075000000000   0.50009999909237389
