 -0.00014250000000000   0.49990019507538317
 -0.00014225000000000   0.49990064857064478
 -0.00014200000000000   0.49990112324767366
 -0.00014175000000000   0.49990158580936266
 -0.00014150000000000   0.49990205308462687
 -0.00014125000000000   0.49990252519482808
 -0.00014100000000000   0.49990300226555800
 -0.00014075000000000   0.49990348442679695
 -0.00014050000000000   0.49990395523946907
 -0.00014025000000000   0.49990444801838460
 -0.00014000000000000   0.49990492978329491
 -0.00013975000000000   0.49990541726471344
 -0.00013950000000000   0.49990591062556290
 -0.00013925000000000   0.49990641003504167
 -0.00013900000000000   0.49990691566889089
 -0.00013875000000000   0.49990742770966998
 -0.00013850000000000   0.49990792998541604
 -0.00013825000000000   0.49990843912241808
 -0.00013800000000000   0.49990895533597188
 -0.00013775000000000   0.49990947885045488
 -0.00013750000000000   0.49991000989975708
 -0.00013725000000000   0.49991054872772721
 -0.00013700000000000   0.49991107943232055
 -0.00013675000000000   0.49991161852259600
 -0.00013650000000000   0.49991216628933177
 -0.00013625000000000   0.49991272303670642
 -0.00013600000000000   0.49991327308726707
 -0.00013575000000000   0.49991383286792214
 -0.00013550000000000   0.49991440274450455
 -0.00013525000000000   0.49991498310104073
 -0.00013500000000000   0.49991555853029247
 -0.00013475000000000   0.49991614538221749
 -0.00013450000000000   0.49991674412322297
 -0.00013425000000000   0.49991733958923685
 -0.00013400000000000   0.49991794808140273
 -0.00013375000000000   0.49991857017111093
 -0.00013350000000000   0.49991919098217430
 -0.00013325000000000   0.49991982678084230
 -0.00013300000000000   0.49992047827389370
 -0.00013275000000000   0.49992113093875248
 -0.00013250000000000   0.49992178580965599
 -0.00013225000000000   0.49992245914596268
 -0.00013200000000000   0.49992315192847613
 -0.00013175000000000   0.49992385023549963
 -0.00013150000000000   0.49992455547829042
 -0.00013125000000000   0.49992528400439177
 -0.00013100000000000   0.49992602250353701
 -0.00013075000000000   0.49992677281146683
 -0.00013050000000000   0.49992753694727288
 -0.00013025000000000   0.49992831714298112
 -0.00013000000000000   0.49992913019754261
 -0.00012975000000000   0.49992995013219226
 -0.00012950000000000   0.49993079446934365
 -0.00012925000000000   0.49993166670371563
 -0.00012900000000000   0.49993257079051260
 -0.00012875000000000   0.49993348390267842
 -0.00012850000000000   0.49993443918131606
 -0.00012825000000000   0.49993544270148714
 -0.00012800000000000   0.49993646200022462
 -0.00012775000000000   0.49993753313927309
 -0.00012750000000000   0.49993865408223314
 -0.00012725000000000   0.49993983850955662
 -0.00012700000000000   0.49994107848387239
 -0.00012675000000000   0.49994239655472440
 -0.00012650000000000   0.49994380967395272
 -0.00012625000000000   0.49994533353603212
 -0.00012600000000000   0.49994700056057680
 -0.00012575000000000   0.49994883704607221
 -0.00012550000000000   0.49995092965890542
 -0.00012525000000000   0.49995337789781263
 -0.00012500000000000   0.49995639772277065
 -0.00012475000000000   0.49996057185952725
 -0.00012450000000000   0.49996906907607008
 -0.00012425000000000   0.50001541387182348
 -0.00012400000000000   0.50001649542879682
 -0.00012375000000000   0.50001709708266721
 -0.00012350000000000   0.50001751218655795
 -0.00012325000000000   0.50001782211628220
 -0.00012300000000000   0.50001806833662188
 -0.00012275000000000   0.50001826463307526
 -0.00012250000000000   0.50001843058080117
 -0.00012225000000000   0.50001856875236690
 -0.00012200000000000   0.50001868537061990
 -0.00012175000000000   0.50001878810017253
 -0.00012150000000000   0.50001887156134463
 -0.00012125000000000   0.50001894850269584
 -0.00012100000000000   0.50001901017483082
 -0.00012075000000000   0.50001906705809825
 -0.00012050000000000   0.50001911424047806
 -0.00012025000000000   0.50001915496709827
 -0.00012000000000000   0.50001918843760328
 -0.00011975000000000   0.50001921850148684
 -0.00011950000000000   0.50001923984887869
 -0.00011925000000000   0.50001926150515380
 -0.00011900000000000   0.50001927823104978
 -0.00011875000000000   0.50001928947167045
 -0.00011850000000000   0.50001930000518256
 -0.00011825000000000   0.50001930415631203
 -0.00011800000000000   0.50001930692761741
 -0.00011775000000000   0.50001930808802196
 -0.00011750000000000   0.50001930739563006
 -0.00011725000000000   0.50001929866962315
 -0.00011700000000000   0.50001929341057109
 -0.00011675000000000   0.50001928553946859
 -0.00011650000000000   0.50001927479620385
 -0.00011625000000000   0.50001926728426020
 -0.00011600000000000   0.50001925011808159
 -0.00011575000000000   0.50001923586453241
 -0.00011550000000000   0.50001921789461891
 -0.00011525000000000   0.50001920271660327
 -0.00011500000000000   0.50001918349448483
 -0.00011475000000000   0.50001916692679884
 -0.00011450000000000   0.50001913893136213
 -0.00011425000000000   0.50001912041257449
 -0.00011400000000000   0.50001909718759752
 -0.00011375000000000   0.50001907632852078
 -0.00011350000000000   0.50001905043809998
 -0.00011325000000000   0.50001901926409679
 -0.00011300000000000   0.50001899773484015
 -0.00011275000000000   0.50001897077292110
 -0.00011250000000000   0.50001893813693284
 -0.00011225000000000   0.50001890742008145
 -0.00011200000000000   0.50001887863283526
 -0.00011175000000000   0.50001885177882482
 -0.00011150000000000   0.50001881878982919
 -0.00011125000000000   0.50001878758506373
 -0.00011100000000000   0.50001875816685735
 -0.00011075000000000   0.50001872224006006
 -0.00011050000000000   0.50001868795373100
 -0.00011025000000000   0.50001865531076333
 -0.00011000000000000   0.50001862430981294
 -0.00010975000000000   0.50001858636644306
 -0.00010950000000000   0.50001854992318326
 -0.00010925000000000   0.50001851498116100
 -0.00010900000000000   0.50001848153818919
 -0.00010875000000000   0.50001844073511177
 -0.00010850000000000   0.50001841021722543
 -0.00010825000000000   0.50001837220444853
 -0.00010800000000000   0.50001833554941200
 -0.00010775000000000   0.50001830024838082
 -0.00010750000000000   0.50001825713182271
 -0.00010725000000000   0.50001822446806103
 -0.00010700000000000   0.50001818386095059
 -0.00010675000000000   0.50001814447264773
 -0.00010650000000000   0.50001810629991216
 -0.00010625000000000   0.50001806933771696
 -0.00010600000000000   0.50001802407019696
 -0.00010575000000000   0.50001798946169666
 -0.00010550000000000   0.50001794642855699
 -0.00010525000000000   0.50001790447836192
 -0.00010500000000000   0.50001786360810319
 -0.00010475000000000   0.50001782381343219
 -0.00010450000000000   0.50001778508874100
 -0.00010425000000000   0.50001774742723883
 -0.00010400000000000   0.50001770090065646
 -0.00010375000000000   0.50001766530272184
 -0.00010350000000000   0.50001762073336307
 -0.00010325000000000   0.50001757711034974
 -0.00010300000000000   0.50001753443009678
 -0.00010275000000000   0.50001749268808816
 -0.00010250000000000   0.50001745187893000
 -0.00010225000000000   0.50001741199640084
 -0.00010200000000000   0.50001736274701055
 -0.00010175000000000   0.50001732466180036
 -0.00010150000000000   0.50001727711257481
 -0.00010125000000000   0.50001724080078391
 -0.00010100000000000   0.50001719493464849
 -0.00010075000000000   0.50001714988082081
 -0.00010050000000000   0.50001710563535408
 -0.00010025000000000   0.50001706219368821
 -0.00010000000000000   0.50001701955068274
 -0.00009975000000000   0.50001697770064824
 -0.00009950000000000   0.50001693663737609
 -0.00009925000000000   0.50001689635416704
 -0.00009900000000000   0.50001684610528436
 -0.00009875000000000   0.50001680733525349
 -0.00009850000000000   0.50001675851990509
 -0.00009825000000000   0.50001672123914806
 -0.00009800000000000   0.50001667383973307
 -0.00009775000000000   0.50001662712301264
 -0.00009750000000000   0.50001658108526662
 -0.00009725000000000   0.50001653572238130
 -0.00009700000000000   0.50001649102986912
 -0.00009675000000000   0.50001644700288762
 -0.00009650000000000   0.50001640363625754
 -0.00009625000000000   0.50001636092448017
 -0.00009600000000000   0.50001631886175395
 -0.00009575000000000   0.50001627744199032
 -0.00009550000000000   0.50001622550751502
 -0.00009525000000000   0.50001618533699016
 -0.00009500000000000   0.50001613458842126
 -0.00009475000000000   0.50001609564636423
 -0.00009450000000000   0.50001604606848177
 -0.00009425000000000   0.50001600833210541
 -0.00009400000000000   0.50001595990762774
 -0.00009375000000000   0.50001591203965520
 -0.00009350000000000   0.50001586472471471
 -0.00009325000000000   0.50001582931971243
 -0.00009300000000000   0.50001578312122250
 -0.00009275000000000   0.50001573746252737
 -0.00009250000000000   0.50001569233931133
 -0.00009225000000000   0.50001564774706882
 -0.00009200000000000   0.50001560368111359
 -0.00009175000000000   0.50001554866749406
 -0.00009150000000000   0.50001550562627301
 -0.00009125000000000   0.50001546309766346
 -0.00009100000000000   0.50001542107632681
 -0.00009075000000000   0.50001536802472737
 -0.00009050000000000   0.50001532699368006
 -0.00009025000000000   0.50001528645440162
 -0.00009000000000000   0.50001523483104894
 -0.00008975000000000   0.50001519525380107
 -0.00008950000000000   0.50001514455658701
 -0.00008925000000000   0.50001509430696000
 -0.00008900000000000   0.50001505613630002
 -0.00008875000000000   0.50001500679157905
 -0.00008850000000000   0.50001496953424823
 -0.00008825000000000   0.50001492107821387
 -0.00008800000000000   0.50001487305316314
 -0.00008775000000000   0.50001482545589297
 -0.00008750000000000   0.50001477828308529
 -0.00008725000000000   0.50001473153131214
 -0.00008700000000000   0.50001469690105556
 -0.00008675000000000   0.50001465098893110
 -0.00008650000000000   0.50001460548583906
 -0.00008625000000000   0.50001456038797232
 -0.00008600000000000   0.50001450396090594
 -0.00008575000000000   0.50001445965780428
 -0.00008550000000000   0.50001441574906115
 -0.00008525000000000   0.50001437223053470
 -0.00008500000000000   0.50001432909801225
 -0.00008475000000000   0.50001428634721388
 -0.00008450000000000   0.50001423221671310
 -0.00008425000000000   0.50001419021853608
 -0.00008400000000000   0.50001414858986413
 -0.00008375000000000   0.50001409556020659
 -0.00008350000000000   0.50001405466212326
 -0.00008325000000000   0.50001401412077419
 -0.00008300000000000   0.50001396216540467
 -0.00008275000000000   0.50001392233149347
 -0.00008250000000000   0.50001387107347539
 -0.00008225000000000   0.50001383193164250
 -0.00008200000000000   0.50001378135913368
 -0.00008175000000000   0.50001374289361054
 -0.00008150000000000   0.50001369299429851
 -0.00008125000000000   0.50001364342434035
 -0.00008100000000000   0.50001360595009353
 -0.00008075000000000   0.50001355703495302
 -0.00008050000000000   0.50001350844107220
 -0.00008025000000000   0.50001347192327383
 -0.00008000000000000   0.50001342396494093
 -0.00007975000000000   0.50001337631931612
 -0.00007950000000000   0.50001332898373813
 -0.00007925000000000   0.50001328195549744
 -0.00007900000000000   0.50001323523183837
 -0.00007875000000000   0.50001320054025169
 -0.00007850000000000   0.50001315441299728
 -0.00007825000000000   0.50001310858100417
 -0.00007800000000000   0.50001306304136051
 -0.00007775000000000   0.50001301779111779
 -0.00007750000000000   0.50001297282729254
 -0.00007725000000000   0.50001292814686808
 -0.00007700000000000   0.50001288374679612
 -0.00007675000000000   0.50001283962399839
 -0.00007650000000000   0.50001278411187004
 -0.00007625000000000   0.50001274054544830
 -0.00007600000000000   0.50001269724762156
 -0.00007575000000000   0.50001265421519858
 -0.00007550000000000   0.50001261144496549
 -0.00007525000000000   0.50001256893368717
 -0.00007500000000000   0.50001251507452337
 -0.00007475000000000   0.50001247308677549
 -0.00007450000000000   0.50001243134883514
 -0.00007425000000000   0.50001238985738704
 -0.00007400000000000   0.50001233705349818
 -0.00007375000000000   0.50001229606310933
 -0.00007350000000000   0.50001225530982369
 -0.00007325000000000   0.50001220327328340
 -0.00007300000000000   0.50001216300407909
 -0.00007275000000000   0.50001211146864525
 -0.00007250000000000   0.50001207167243363
 -0.00007225000000000   0.50001203209755881
 -0.00007200000000000   0.50001198129508392
 -0.00007175000000000   0.50001194217567877
 -0.00007150000000000   0.50001189185189090
 -0.00007125000000000   0.50001185317653146
 -0.00007100000000000   0.50001180332241248
 -0.00007075000000000   0.50001176507956216
 -0.00007050000000000   0.50001171568593433
 -0.00007025000000000   0.50001166652383461
 -0.00007000000000000   0.50001162892149915
 -0.00006975000000000   0.50001158020645228
 -0.00006950000000000   0.50001154300793418
 -0.00006925000000000   0.50001149473041401
 -0.00006900000000000   0.50001144667429592
 -0.00006875000000000   0.50001141007424712
 -0.00006850000000000   0.50001136244172629
 -0.00006825000000000   0.50001131502443612
 -0.00006800000000000   0.50001126782047819
 -0.00006775000000000   0.50001123198974360
 -0.00006750000000000   0.50001118519079541
 -0.00006725000000000   0.50001113859881957
 -0.00006700000000000   0.50001109221185268
 -0.00006675000000000   0.50001104602791536
 -0.00006650000000000   0.50001101110550421
 -0.00006625000000000   0.50001096530307876
 -0.00006600000000000   0.50001091969713083
 -0.00006575000000000   0.50001087428562984
 -0.00006550000000000   0.50001082906653252
 -0.00006525000000000   0.50001078403778360
 -0.00006500000000000   0.50001073919731634
 -0.00006475000000000   0.50001069454305318
 -0.00006450000000000   0.50001065007290628
 -0.00006425000000000   0.50001061664390133
 -0.00006400000000000   0.50001057251265911
 -0.00006375000000000   0.50001052855873790
 -0.00006350000000000   0.50001048478001950
 -0.00006325000000000   0.50001044117437809
 -0.00006300000000000   0.50001038700039060
 -0.00006275000000000   0.50001034375984896
 -0.00006250000000000   0.50001030068641530
 -0.00006225000000000   0.50001025777793290
 -0.00006200000000000   0.50001021503223976
 -0.00006175000000000   0.50001017244716905
 -0.00006150000000000   0.50001013002054956
 -0.00006125000000000   0.50001008775020604
 -0.00006100000000000   0.50001004563395967
 -0.00006075000000000   0.50001000366962844
 -0.00006050000000000   0.50000995137360775
 -0.00006025000000000   0.50000990973622092
 -0.00006000000000000   0.50000986824458833
 -0.00005975000000000   0.50000982689651421
 -0.00005950000000000   0.50000978568980143
 -0.00005925000000000   0.50000973427813021
 -0.00005900000000000   0.50000969337921953
 -0.00005875000000000   0.50000965261545165
 -0.00005850000000000   0.50000961198462284
 -0.00005825000000000   0.50000956125454667
 -0.00005800000000000   0.50000952091619049
 -0.00005775000000000   0.50000948070452490
 -0.00005750000000000   0.50000943047340549
 -0.00005725000000000   0.50000939054282342
 -0.00005700000000000   0.50000935073266784
 -0.00005675000000000   0.50000930098629884
 -0.00005650000000000   0.50000926144577536
 -0.00005625000000000   0.50000922201940674
 -0.00005600000000000   0.50000917274340296
 -0.00005575000000000   0.50000913357516924
 -0.00005550000000000   0.50000909451481880
 -0.00005525000000000   0.50000904569464236
 -0.00005500000000000   0.50000900688089926
 -0.00005475000000000   0.50000895836437022
 -0.00005450000000000   0.50000891978975965
 -0.00005425000000000   0.50000887157083012
 -0.00005400000000000   0.50000883322786348
 -0.00005375000000000   0.50000878530044134
 -0.00005350000000000   0.50000874718162030
 -0.00005325000000000   0.50000869953957366
 -0.00005300000000000   0.50000866163739405
 -0.00005275000000000   0.50000861427455550
 -0.00005250000000000   0.50000857658151098
 -0.00005225000000000   0.50000852949168168
 -0.00005200000000000   0.50000849200026727
 -0.00005175000000000   0.50000844517722080
 -0.00005150000000000   0.50000840787993624
 -0.00005125000000000   0.50000836131742237
 -0.00005100000000000   0.50000831489737329
 -0.00005075000000000   0.50000827789852359
 -0.00005050000000000   0.50000823172991951
 -0.00005025000000000   0.50000819490675578
 -0.00005000000000000   0.50000814898329488
 -0.00004975000000000   0.50000810319540211
 -0.00004950000000000   0.50000806664371917
 -0.00004925000000000   0.50000802109180200
 -0.00004900000000000   0.50000797567133554
 -0.00004875000000000   0.50000793937514701
 -0.00004850000000000   0.50000789418145083
 -0.00004825000000000   0.50000784911505567
 -0.00004800000000000   0.50000781305840544
 -0.00004775000000000   0.50000776820954771
 -0.00004750000000000   0.50000772348381431
 -0.00004725000000000   0.50000767887991122
 -0.00004700000000000   0.50000764313334307
 -0.00004675000000000   0.50000759873482194
 -0.00004650000000000   0.50000755445392271
 -0.00004625000000000   0.50000751028933769
 -0.00004600000000000   0.50000747482528763
 -0.00004575000000000   0.50000743085390066
 -0.00004550000000000   0.50000738699459607
 -0.00004525000000000   0.50000734324605523
 -0.00004500000000000   0.50000729960695639
 -0.00004475000000000   0.50000726446954611
 -0.00004450000000000   0.50000722100852726
 -0.00004425000000000   0.50000717765269761
 -0.00004400000000000   0.50000713440072769
 -0.00004375000000000   0.50000709125128565
 -0.00004350000000000   0.50000704820303747
 -0.00004325000000000   0.50000700525464705
 -0.00004300000000000   0.50000697052375357
 -0.00004275000000000   0.50000692773247402
 -0.00004250000000000   0.50000688503678458
 -0.00004225000000000   0.50000684243534547
 -0.00004200000000000   0.50000679992681549
 -0.00004175000000000   0.50000675750985226
 -0.00004150000000000   0.50000671518311227
 -0.00004125000000000   0.50000667294525104
 -0.00004100000000000   0.50000663079492324
 -0.00004075000000000   0.50000658873078281
 -0.00004050000000000   0.50000654675148310
 -0.00004025000000000   0.50000650485567695
 -0.00004000000000000   0.50000646304201686
 -0.00003975000000000   0.50000642130915504
 -0.00003950000000000   0.50000637965574359
 -0.00003925000000000   0.50000633808043456
 -0.00003900000000000   0.50000629658188006
 -0.00003875000000000   0.50000625515873240
 -0.00003850000000000   0.50000621380964418
 -0.00003825000000000   0.50000617253326836
 -0.00003800000000000   0.50000613132825840
 -0.00003775000000000   0.50000609019326835
 -0.00003750000000000   0.50000604912695293
 -0.00003725000000000   0.50000600812796763
 -0.00003700000000000   0.50000596719496883
 -0.00003675000000000   0.50000592632661385
 -0.00003650000000000   0.50000588552156107
 -0.00003625000000000   0.50000584477847000
 -0.00003600000000000   0.50000580409600138
 -0.00003575000000000   0.50000575656309067
 -0.00003550000000000   0.50000571604247533
 -0.00003525000000000   0.50000567557863973
 -0.00003500000000000   0.50000563517024772
 -0.00003475000000000   0.50000559481596484
 -0.00003450000000000   0.50000555451445832
 -0.00003425000000000   0.50000551426439722
 -0.00003400000000000   0.50000546746149783
 -0.00003375000000000   0.50000542735613863
 -0.00003350000000000   0.50000538729839248
 -0.00003325000000000   0.50000534728693387
 -0.00003300000000000   0.50000530732043944
 -0.00003275000000000   0.50000526101641548
 -0.00003250000000000   0.50000522118246561
 -0.00003225000000000   0.50000518138966012
 -0.00003200000000000   0.50000514163668259
 -0.00003175000000000   0.50000510192221912
 -0.00003150000000000   0.50000505608967013
 -0.00003125000000000   0.50000501649559949
 -0.00003100000000000   0.50000497693624126
 -0.00003075000000000   0.50000493741028986
 -0.00003050000000000   0.50000489194299268
 -0.00003025000000000   0.50000485252778904
 -0.00003000000000000   0.50000481314220743
 -0.00002975000000000   0.50000476794747881
 -0.00002950000000000   0.50000472866549269
 -0.00002925000000000   0.50000468940935674
 -0.00002900000000000   0.50000465017778175
 -0.00002875000000000   0.50000460531796931
 -0.00002850000000000   0.50000456618037592
 -0.00002825000000000   0.50000452706359392
 -0.00002800000000000   0.50000448245384028
 -0.00002775000000000   0.50000444342391267
 -0.00002750000000000   0.50000440441106370
 -0.00002725000000000   0.50000436004174781
 -0.00002700000000000   0.50000432110864060
 -0.00002675000000000   0.50000428218889771
 -0.00002650000000000   0.50000423805037076
 -0.00002625000000000   0.50000419920327486
 -0.00002600000000000   0.50000415522753588
 -0.00002575000000000   0.50000411644843987
 -0.00002550000000000   0.50000407767658711
 -0.00002525000000000   0.50000403391566753
 -0.00002500000000000   0.50000399520475217
 -0.00002475000000000   0.50000395159622448
 -0.00002450000000000   0.50000391294161639
 -0.00002425000000000   0.50000387428818503
 -0.00002400000000000   0.50000383087844685
 -0.00002375000000000   0.50000379227430092
 -0.00002350000000000   0.50000374900650733
 -0.00002325000000000   0.50000371044703915
 -0.00002300000000000   0.50000366731706017
 -0.00002275000000000   0.50000362879767081
 -0.00002250000000000   0.50000358580136809
 -0.00002225000000000   0.50000354731746816
 -0.00002200000000000   0.50000350445069596
 -0.00002175000000000   0.50000346599770646
 -0.00002150000000000   0.50000342325631257
 -0.00002125000000000   0.50000338482966564
 -0.00002100000000000   0.50000334220949227
 -0.00002075000000000   0.50000330380463199
 -0.00002050000000000   0.50000326130151663
 -0.00002025000000000   0.50000322291389976
 -0.00002000000000000   0.50000318052367606
 -0.00001975000000000   0.50000314214877278
 -0.00001950000000000   0.50000309986727137
 -0.00001925000000000   0.50000306150056600
 -0.00001900000000000   0.50000301932361531
 -0.00001875000000000   0.50000297722086433
 -0.00001850000000000   0.50000293888403408
 -0.00001825000000000   0.50000289687968290
 -0.00001800000000000   0.50000285853986877
 -0.00001775000000000   0.50000281662973962
 -0.00001750000000000   0.50000277828247685
 -0.00001725000000000   0.50000273646239249
 -0.00001700000000000   0.50000269470963419
 -0.00001675000000000   0.50000265636901801
 -0.00001650000000000   0.50000261470013569
 -0.00001625000000000   0.50000257309565244
 -0.00001600000000000   0.50000253475182946
 -0.00001575000000000   0.50000249322504648
 -0.00001550000000000   0.50000245485613619
 -0.00001525000000000   0.50000241340287755
 -0.00001500000000000   0.50000237200907479
 -0.00001475000000000   0.50000233362059372
 -0.00001450000000000   0.50000229229413766
 -0.00001425000000000   0.50000225102418332
 -0.00001400000000000   0.50000221260639059
 -0.00001375000000000   0.50000217139760489
 -0.00001350000000000   0.50000213024235815
 -0.00001325000000000   0.50000208913969512
 -0.00001300000000000   0.50000205068530453
 -0.00001275000000000   0.50000200963561906
 -0.00001250000000000   0.50000196863554288
 -0.00001225000000000   0.50000193012930220
 -0.00001200000000000   0.50000188917602961
 -0.00001175000000000   0.50000184826938607
 -0.00001150000000000   0.50000180740840645
 -0.00001125000000000   0.50000176883570703
 -0.00001100000000000   0.50000172801334435
 -0.00001075000000000   0.50000168723365737
 -0.00001050000000000   0.50000164649567602
 -0.00001025000000000   0.50000160783960398
 -0.00001000000000000   0.50000156713206037
 -0.00000975000000000   0.50000152646322818
 -0.00000950000000000   0.50000148583213305
 -0.00000925000000000   0.50000144523779917
 -0.00000900000000000   0.50000140646706366
 -0.00000875000000000   0.50000136589297841
 -0.00000850000000000   0.50000132535265400
 -0.00000825000000000   0.50000128484511116
 -0.00000800000000000   0.50000124436936937
 -0.00000775000000000   0.50000120545791265
 -0.00000750000000000   0.50000116499225000
 -0.00000725000000000   0.50000112455538475
 -0.00000700000000000   0.50000108414633372
 -0.00000675000000000   0.50000104376411269
 -0.00000650000000000   0.50000100340773642
 -0.00000625000000000   0.50000096307621870
 -0.00000600000000000   0.50000092394536719
 -0.00000575000000000   0.50000088360975073
 -0.00000550000000000   0.50000084329598718
 -0.00000525000000000   0.50000080300308875
 -0.00000500000000000   0.50000076273006688
 -0.00000475000000000   0.50000072247593228
 -0.00000450000000000   0.50000068223969494
 -0.00000425000000000   0.50000064202036420
 -0.00000400000000000   0.50000060181694878
 -0.00000375000000000   0.50000056234528977
 -0.00000350000000000   0.50000052211963676
 -0.00000325000000000   0.50000048190689728
 -0.00000300000000000   0.50000044170607982
 -0.00000275000000000   0.50000040151619243
 -0.00000250000000000   0.50000036133624274
 -0.00000225000000000   0.50000032116523801
 -0.00000200000000000   0.50000028100218520
 -0.00000175000000000   0.50000024084609095
 -0.00000150000000000   0.50000020069596165
 -0.00000125000000000   0.50000016055080349
 -0.00000100000000000   0.50000012040962244
 -0.00000075000000000   0.50000008027142436
 -0.00000050000000000   0.50000004013521499
 -0.00000025000000000   0.50000000000000000
  0.00000000000000000   0.49999995986478500
  0.00000025000000000   0.49999991972857563
  0.00000050000000000   0.49999987959037755
  0.00000075000000000   0.49999983944919651
  0.00000100000000000   0.49999979930403834
  0.00000125000000000   0.49999975915390904
  0.00000150000000000   0.49999971899781479
  0.00000175000000000   0.49999967883476198
  0.00000200000000000   0.49999963866375725
  0.00000225000000000   0.49999959848380756
  0.00000250000000000   0.49999955829392017
  0.00000275000000000   0.49999951809310271
  0.00000300000000000   0.49999947788036324
  0.00000325000000000   0.49999943765471022
  0.00000350000000000   0.49999939818305122
  0.00000375000000000   0.49999935797963579
  0.00000400000000000   0.49999931776030506
  0.00000425000000000   0.49999927752406772
  0.00000450000000000   0.49999923726993311
  0.00000475000000000   0.49999919699691124
  0.00000500000000000   0.49999915670401281
  0.00000525000000000   0.49999911639024926
  0.00000550000000000   0.49999907605463281
  0.00000575000000000   0.49999903692378129
  0.00000600000000000   0.49999899659226358
  0.00000625000000000   0.49999895623588730
  0.00000650000000000   0.49999891585366627
  0.00000675000000000   0.49999887544461524
  0.00000700000000000   0.49999883500774999
  0.00000725000000000   0.49999879454208734
  0.00000750000000000   0.49999875563063063
  0.00000775000000000   0.49999871515488883
  0.00000800000000000   0.49999867464734599
  0.00000825000000000   0.49999863410702158
  0.00000850000000000   0.49999859353293633
  0.00000875000000000   0.49999855476220082
  0.00000900000000000   0.49999851416786694
  0.00000925000000000   0.49999847353677181
  0.00000950000000000   0.49999843286793962
  0.00000975000000000   0.49999839216039602
  0.00001000000000000   0.49999835350432397
  0.00001025000000000   0.49999831276634262
  0.00001050000000000   0.49999827198665565
  0.00001075000000000   0.49999823116429297
  0.00001100000000000   0.49999819259159354
  0.00001125000000000   0.49999815173061392
  0.00001150000000000   0.49999811082397038
  0.00001175000000000   0.49999806987069779
  0.00001200000000000   0.49999803136445711
  0.00001225000000000   0.49999799036438093
  0.00001250000000000   0.49999794931469546
  0.00001275000000000   0.49999791086030488
  0.00001300000000000   0.49999786975764184
  0.00001325000000000   0.49999782860239510
  0.00001350000000000   0.49999778739360940
  0.00001375000000000   0.49999774897581667
  0.00001400000000000   0.49999770770586234
  0.00001425000000000   0.49999766637940627
  0.00001450000000000   0.49999762799092520
  0.00001475000000000   0.49999758659712245
  0.00001500000000000   0.49999754514386381
  0.00001525000000000   0.49999750677495352
  0.00001550000000000   0.49999746524817053
  0.00001575000000000   0.49999742690434755
  0.00001600000000000   0.49999738529986430
  0.00001625000000000   0.49999734363098198
  0.00001650000000000   0.49999730529036580
  0.00001675000000000   0.49999726353760751
  0.00001700000000000   0.49999722171752314
  0.00001725000000000   0.49999718337026038
  0.00001750000000000   0.49999714146013122
  0.00001775000000000   0.49999710312031710
  0.00001800000000000   0.49999706111596592
  0.00001825000000000   0.49999702277913566
  0.00001850000000000   0.49999698067638468
  0.00001875000000000   0.49999693849943399
  0.00001900000000000   0.49999690013272862
  0.00001925000000000   0.49999685785122721
  0.00001950000000000   0.49999681947632393
  0.00001975000000000   0.49999677708610023
  0.00002000000000000   0.49999673869848336
  0.00002025000000000   0.49999669619536800
  0.00002050000000000   0.49999665779050772
  0.00002075000000000   0.49999661517033435
  0.00002100000000000   0.49999657674368742
  0.00002125000000000   0.49999653400229353
  0.00002150000000000   0.49999649554930403
  0.00002175000000000   0.49999645268253183
  0.00002200000000000   0.49999641419863191
  0.00002225000000000   0.49999637120232919
  0.00002250000000000   0.49999633268293982
  0.00002275000000000   0.49999628955296084
  0.00002300000000000   0.49999625099349266
  0.00002325000000000   0.49999620772569908
  0.00002350000000000   0.49999616912155314
  0.00002375000000000   0.49999612571181496
  0.00002400000000000   0.49999608705838360
  0.00002425000000000   0.49999604840377551
  0.00002450000000000   0.49999600479524782
  0.00002475000000000   0.49999596608433247
  0.00002500000000000   0.49999592232341288
  0.00002525000000000   0.49999588355156013
  0.00002550000000000   0.49999584477246411
  0.00002575000000000   0.49999580079672513
  0.00002600000000000   0.49999576194962923
  0.00002625000000000   0.49999571781110228
  0.00002650000000000   0.49999567889135940
  0.00002675000000000   0.49999563995825219
  0.00002700000000000   0.49999559558893629
  0.00002725000000000   0.49999555657608732
  0.00002750000000000   0.49999551754615971
  0.00002775000000000   0.49999547293640608
  0.00002800000000000   0.49999543381962407
  0.00002825000000000   0.49999539468203068
  0.00002850000000000   0.49999534982221824
  0.00002875000000000   0.49999531059064325
  0.00002900000000000   0.49999527133450730
  0.00002925000000000   0.49999523205252119
  0.00002950000000000   0.49999518685779257
  0.00002975000000000   0.49999514747221095
  0.00003000000000000   0.49999510805700731
  0.00003025000000000   0.49999506258971013
  0.00003050000000000   0.49999502306375873
  0.00003075000000000   0.49999498350440050
  0.00003100000000000   0.49999494391032986
  0.00003125000000000   0.49999489807778087
  0.00003150000000000   0.49999485836331740
  0.00003175000000000   0.49999481861033987
  0.00003200000000000   0.49999477881753438
  0.00003225000000000   0.49999473898358451
  0.00003250000000000   0.49999469267956055
  0.00003275000000000   0.49999465271306613
  0.00003300000000000   0.49999461270160751
  0.00003325000000000   0.49999457264386136
  0.00003350000000000   0.49999453253850216
  0.00003375000000000   0.49999448573560277
  0.00003400000000000   0.49999444548554167
  0.00003425000000000   0.49999440518403516
  0.00003450000000000   0.49999436482975227
  0.00003475000000000   0.49999432442136027
  0.00003500000000000   0.49999428395752466
  0.00003525000000000   0.49999424343690932
  0.00003550000000000   0.49999419590399861
  0.00003575000000000   0.49999415522152999
  0.00003600000000000   0.49999411447843892
  0.00003625000000000   0.49999407367338614
  0.00003650000000000   0.49999403280503116
  0.00003675000000000   0.49999399187203236
  0.00003700000000000   0.49999395087304707
  0.00003725000000000   0.49999390980673165
  0.00003750000000000   0.49999386867174159
  0.00003775000000000   0.49999382746673164
  0.00003800000000000   0.49999378619035582
  0.00003825000000000   0.49999374484126759
  0.00003850000000000   0.49999370341811993
  0.00003875000000000   0.49999366191956543
  0.00003900000000000   0.49999362034425640
  0.00003925000000000   0.49999357869084495
  0.00003950000000000   0.49999353695798313
  0.00003975000000000   0.49999349514432304
  0.00004000000000000   0.49999345324851689
  0.00004025000000000   0.49999341126921718
  0.00004050000000000   0.49999336920507675
  0.00004075000000000   0.49999332705474895
  0.00004100000000000   0.49999328481688772
  0.00004125000000000   0.49999324249014773
  0.00004150000000000   0.49999320007318450
  0.00004175000000000   0.49999315756465453
  0.00004200000000000   0.49999311496321541
  0.00004225000000000   0.49999307226752597
  0.00004250000000000   0.49999302947624642
  0.00004275000000000   0.49999299474535294
  0.00004300000000000   0.49999295179696252
  0.00004325000000000   0.49999290874871434
  0.00004350000000000   0.49999286559927230
  0.00004375000000000   0.49999282234730237
  0.00004400000000000   0.49999277899147273
  0.00004425000000000   0.49999273553045388
  0.00004450000000000   0.49999270039304360
  0.00004475000000000   0.49999265675394476
  0.00004500000000000   0.49999261300540392
  0.00004525000000000   0.49999256914609933
  0.00004550000000000   0.49999252517471235
  0.00004575000000000   0.49999248971066230
  0.00004600000000000   0.49999244554607728
  0.00004625000000000   0.49999240126517805
  0.00004650000000000   0.49999235686665692
  0.00004675000000000   0.49999232112008877
  0.00004700000000000   0.49999227651618568
  0.00004725000000000   0.49999223179045228
  0.00004750000000000   0.49999218694159455
  0.00004775000000000   0.49999215088494432
  0.00004800000000000   0.49999210581854916
  0.00004825000000000   0.49999206062485298
  0.00004850000000000   0.49999202432866445
  0.00004875000000000   0.49999197890819799
  0.00004900000000000   0.49999193335628082
  0.00004925000000000   0.49999189680459788
  0.00004950000000000   0.49999185101670512
  0.00004975000000000   0.49999180509324421
  0.00005000000000000   0.49999176827008048
  0.00005025000000000   0.49999172210147640
  0.00005050000000000   0.49999168510262670
  0.00005075000000000   0.49999163868257762
  0.00005100000000000   0.49999159212006375
  0.00005125000000000   0.49999155482277919
  0.00005150000000000   0.49999150799973272
  0.00005175000000000   0.49999147050831831
  0.00005200000000000   0.49999142341848901
  0.00005225000000000   0.49999138572544449
  0.00005250000000000   0.49999133836260595
  0.00005275000000000   0.49999130046042633
  0.00005300000000000   0.49999125281837969
  0.00005325000000000   0.49999121469955866
  0.00005350000000000   0.49999116677213651
  0.00005375000000000   0.49999112842916987
  0.00005400000000000   0.49999108021024034
  0.00005425000000000   0.49999104163562977
  0.00005450000000000   0.49999099311910073
  0.00005475000000000   0.49999095430535763
  0.00005500000000000   0.49999090548518119
  0.00005525000000000   0.49999086642483075
  0.00005550000000000   0.49999082725659703
  0.00005575000000000   0.49999077798059325
  0.00005600000000000   0.49999073855422463
  0.00005625000000000   0.49999069901370115
  0.00005650000000000   0.49999064926733215
  0.00005675000000000   0.49999060945717657
  0.00005700000000000   0.49999056952659450
  0.00005725000000000   0.49999051929547509
  0.00005750000000000   0.49999047908380950
  0.00005775000000000   0.49999043874545332
  0.00005800000000000   0.49999038801537715
  0.00005825000000000   0.49999034738454834
  0.00005850000000000   0.49999030662078046
  0.00005875000000000   0.49999026572186978
  0.00005900000000000   0.49999021431019856
  0.00005925000000000   0.49999017310348578
  0.00005950000000000   0.49999013175541165
  0.00005975000000000   0.49999009026377907
  0.00006000000000000   0.49999004862639224
  0.00006025000000000   0.49998999633037155
  0.00006050000000000   0.49998995436604032
  0.00006075000000000   0.49998991224979395
  0.00006100000000000   0.49998986997945043
  0.00006125000000000   0.49998982755283093
  0.00006150000000000   0.49998978496776023
  0.00006175000000000   0.49998974222206709
  0.00006200000000000   0.49998969931358469
  0.00006225000000000   0.49998965624015103
  0.00006250000000000   0.49998961299960939
  0.00006275000000000   0.49998955882562190
  0.00006300000000000   0.49998951521998048
  0.00006325000000000   0.49998947144126209
  0.00006350000000000   0.49998942748734088
  0.00006375000000000   0.49998938335609866
  0.00006400000000000   0.49998934992709371
  0.00006425000000000   0.49998930545694681
  0.00006450000000000   0.49998926080268365
  0.00006475000000000   0.49998921596221639
  0.00006500000000000   0.49998917093346747
  0.00006525000000000   0.49998912571437015
  0.00006550000000000   0.49998908030286915
  0.00006575000000000   0.49998903469692123
  0.00006600000000000   0.49998898889449578
  0.00006625000000000   0.49998895397208463
  0.00006650000000000   0.49998890778814731
  0.00006675000000000   0.49998886140118041
  0.00006700000000000   0.49998881480920458
  0.00006725000000000   0.49998876801025639
  0.00006750000000000   0.49998873217952180
  0.00006775000000000   0.49998868497556387
  0.00006800000000000   0.49998863755827369
  0.00006825000000000   0.49998858992575287
  0.00006850000000000   0.49998855332570407
  0.00006875000000000   0.49998850526958597
  0.00006900000000000   0.49998845699206581
  0.00006925000000000   0.49998841979354771
  0.00006950000000000   0.49998837107850084
  0.00006975000000000   0.49998833347616538
  0.00007000000000000   0.49998828431406565
  0.00007025000000000   0.49998823492043783
  0.00007050000000000   0.49998819667758751
  0.00007075000000000   0.49998814682346852
  0.00007100000000000   0.49998810814810909
  0.00007125000000000   0.49998805782432122
  0.00007150000000000   0.49998801870491607
  0.00007175000000000   0.49998796790244118
  0.00007200000000000   0.49998792832756636
  0.00007225000000000   0.49998788853135474
  0.00007250000000000   0.49998783699592090
  0.00007275000000000   0.49998779672671659
  0.00007300000000000   0.49998774469017629
  0.00007325000000000   0.49998770393689066
  0.00007350000000000   0.49998766294650181
  0.00007375000000000   0.49998761014261295
  0.00007400000000000   0.49998756865116484
  0.00007425000000000   0.49998752691322450
  0.00007450000000000   0.49998748492547661
  0.00007475000000000   0.49998743106631282
  0.00007500000000000   0.49998738855503449
  0.00007525000000000   0.49998734578480141
  0.00007550000000000   0.49998730275237842
  0.00007575000000000   0.49998725945455169
  0.00007600000000000   0.49998721588812994
  0.00007625000000000   0.49998716037600160
  0.00007650000000000   0.49998711625320387
  0.00007675000000000   0.49998707185313191
  0.00007700000000000   0.49998702717270745
  0.00007725000000000   0.49998698220888220
  0.00007750000000000   0.49998693695863947
  0.00007775000000000   0.49998689141899582
  0.00007800000000000   0.49998684558700271
  0.00007825000000000   0.49998679945974829
  0.00007850000000000   0.49998676476816162
  0.00007875000000000   0.49998671804450254
  0.00007900000000000   0.49998667101626185
  0.00007925000000000   0.49998662368068386
  0.00007950000000000   0.49998657603505906
  0.00007975000000000   0.49998652807672616
  0.00008000000000000   0.49998649155892779
  0.00008025000000000   0.49998644296504697
  0.00008050000000000   0.49998639404990646
  0.00008075000000000   0.49998635657565963
  0.00008100000000000   0.49998630700570148
  0.00008125000000000   0.49998625710638945
  0.00008150000000000   0.49998621864086631
  0.00008175000000000   0.49998616806835749
  0.00008200000000000   0.49998612892652459
  0.00008225000000000   0.49998607766850652
  0.00008250000000000   0.49998603783459532
  0.00008275000000000   0.49998598587922580
  0.00008300000000000   0.49998594533787673
  0.00008325000000000   0.49998590443979339
  0.00008350000000000   0.49998585141013585
  0.00008375000000000   0.49998580978146391
  0.00008400000000000   0.49998576778328689
  0.00008425000000000   0.49998571365278611
  0.00008450000000000   0.49998567090198774
  0.00008475000000000   0.49998562776946528
  0.00008500000000000   0.49998558425093884
  0.00008525000000000   0.49998554034219570
  0.00008550000000000   0.49998549603909405
  0.00008575000000000   0.49998543961202767
  0.00008600000000000   0.49998539451416093
  0.00008625000000000   0.49998534901106888
  0.00008650000000000   0.49998530309894442
  0.00008675000000000   0.49998526846868785
  0.00008700000000000   0.49998522171691470
  0.00008725000000000   0.49998517454410701
  0.00008750000000000   0.49998512694683684
  0.00008775000000000   0.49998507892178611
  0.00008800000000000   0.49998503046575175
  0.00008825000000000   0.49998499320842094
  0.00008850000000000   0.49998494386369996
  0.00008875000000000   0.49998490569303999
  0.00008900000000000   0.49998485544341297
  0.00008925000000000   0.49998480474619892
  0.00008950000000000   0.49998476516895104
  0.00008975000000000   0.49998471354559837
  0.00009000000000000   0.49998467300631993
  0.00009025000000000   0.49998463197527262
  0.00009050000000000   0.49998457892367318
  0.00009075000000000   0.49998453690233652
  0.00009100000000000   0.49998449437372698
  0.00009125000000000   0.49998445133250592
  0.00009150000000000   0.49998439631888639
  0.00009175000000000   0.49998435225293116
  0.00009200000000000   0.49998430766068865
  0.00009225000000000   0.49998426253747262
  0.00009250000000000   0.49998421687877748
  0.00009275000000000   0.49998417068028755
  0.00009300000000000   0.49998413527528527
  0.00009325000000000   0.49998408796034478
  0.00009350000000000   0.49998404009237224
  0.00009375000000000   0.49998399166789457
  0.00009400000000000   0.49998395393151822
  0.00009425000000000   0.49998390435363575
  0.00009450000000000   0.49998386541157872
  0.00009475000000000   0.49998381466300983
  0.00009500000000000   0.49998377449248496
  0.00009525000000000   0.49998372255800966
  0.00009550000000000   0.49998368113824603
  0.00009575000000000   0.49998363907551981
  0.00009600000000000   0.49998359636374245
  0.00009625000000000   0.49998355299711237
  0.00009650000000000   0.49998350897013086
  0.00009675000000000   0.49998346427761868
  0.00009700000000000   0.49998341891473336
  0.00009725000000000   0.49998337287698735
  0.00009750000000000   0.49998332616026691
  0.00009775000000000   0.49998327876085192
  0.00009800000000000   0.49998324148009489
  0.00009825000000000   0.49998319266474649
  0.00009850000000000   0.49998315389471562
  0.00009875000000000   0.49998310364583294
  0.00009900000000000   0.49998306336262389
  0.00009925000000000   0.49998302229935174
  0.00009950000000000   0.49998298044931724
  0.00009975000000000   0.49998293780631178
  0.00010000000000000   0.49998289436464590
  0.00010025000000000   0.49998285011917917
  0.00010050000000000   0.49998280506535149
  0.00010075000000000   0.49998275919921607
  0.00010100000000000   0.49998272288742518
  0.00010125000000000   0.49998267533819963
  0.00010150000000000   0.49998263725298943
  0.00010175000000000   0.49998258800359914
  0.00010200000000000   0.49998254812106997
  0.00010225000000000   0.49998250731191182
  0.00010250000000000   0.49998246556990320
  0.00010275000000000   0.49998242288965024
  0.00010300000000000   0.49998237926663691
  0.00010325000000000   0.49998233469727814
  0.00010350000000000   0.49998229909934353
  0.00010375000000000   0.49998225257276115
  0.00010400000000000   0.49998221491125899
  0.00010425000000000   0.49998217618656779
  0.00010450000000000   0.49998213639189679
  0.00010475000000000   0.49998209552163805
  0.00010500000000000   0.49998205357144299
  0.00010525000000000   0.49998201053830332
  0.00010550000000000   0.49998197592980302
  0.00010575000000000   0.49998193066228302
  0.00010600000000000   0.49998189370008782
  0.00010625000000000   0.49998185552735225
  0.00010650000000000   0.49998181613904939
  0.00010675000000000   0.49998177553193895
  0.00010700000000000   0.49998174286817727
  0.00010725000000000   0.49998169975161916
  0.00010750000000000   0.49998166445058799
  0.00010775000000000   0.49998162779555145
  0.00010800000000000   0.49998158978277455
  0.00010825000000000   0.49998155926488822
  0.00010850000000000   0.49998151846181079
  0.00010875000000000   0.49998148501883898
  0.00010900000000000   0.49998145007681673
  0.00010925000000000   0.49998141363355692
  0.00010950000000000   0.49998137569018703
  0.00010975000000000   0.49998134468923664
  0.00011000000000000   0.49998131204626898
  0.00011025000000000   0.49998127775993993
  0.00011050000000000   0.49998124183314262
  0.00011075000000000   0.49998121241493626
  0.00011100000000000   0.49998118121017078
  0.00011125000000000   0.49998114822117517
  0.00011150000000000   0.49998112136716472
  0.00011175000000000   0.49998109257991852
  0.00011200000000000   0.49998106186306714
  0.00011225000000000   0.49998102922707889
  0.00011250000000000   0.49998100226515983
  0.00011275000000000   0.49998098073590319
  0.00011300000000000   0.49998094956190000
  0.00011325000000000   0.49998092367147919
  0.00011350000000000   0.49998090281240246
  0.00011375000000000   0.49998087958742549
  0.00011400000000000   0.49998086106863785
  0.00011425000000000   0.49998083307320114
  0.00011450000000000   0.49998081650551516
  0.00011475000000000   0.49998079728339670
  0.00011500000000000   0.49998078210538107
  0.00011525000000000   0.49998076413546757
  0.00011550000000000   0.49998074988191839
  0.00011575000000000   0.49998073271573978
  0.00011600000000000   0.49998072520379612
  0.00011625000000000   0.49998071446053139
  0.00011650000000000   0.49998070658942889
  0.00011675000000000   0.49998070133037683
  0.00011700000000000   0.49998069260436992
  0.00011725000000000   0.49998069191197801
  0.00011750000000000   0.49998069307238256
  0.00011775000000000   0.49998069584368794
  0.00011800000000000   0.49998069999481742
  0.00011825000000000   0.49998071052832952
  0.00011850000000000   0.49998072176895019
  0.00011875000000000   0.49998073849484617
  0.00011900000000000   0.49998076015112129
  0.00011925000000000   0.49998078149851314
  0.00011950000000000   0.49998081156239669
  0.00011975000000000   0.49998084503290171
  0.00012000000000000   0.49998088575952192
  0.00012025000000000   0.49998093294190172
  0.00012050000000000   0.49998098982516917
  0.00012075000000000   0.49998105149730414
  0.00012100000000000   0.49998112843865536
  0.00012125000000000   0.49998121189982745
  0.00012150000000000   0.49998131462938009
  0.00012175000000000   0.49998143124763308
  0.00012200000000000   0.49998156941919882
  0.00012225000000000   0.49998173536692471
  0.00012250000000000   0.49998193166337810
  0.00012275000000000   0.49998217788371778
  0.00012300000000000   0.49998248781344204
  0.00012325000000000   0.49998290291733278
  0.00012350000000000   0.49998350457120321
  0.00012375000000000   0.49998458612817659
  0.00012400000000000   0.50003093092393414
  0.00012425000000000   0.50003942814047401
  0.00012450000000000   0.50004360227723017
  0.00012475000000000   0.50004662210218796
  0.00012500000000000   0.50004907034109506
  0.00012525000000000   0.50005116295392821
  0.00012550000000000   0.50005299943942359
  0.00012575000000000   0.50005466646396823
  0.00012600000000000   0.50005619032604760
  0.00012625000000000   0.50005760344527588
  0.00012650000000000   0.50005892151612788
  0.00012675000000000   0.50006016149044364
  0.00012700000000000   0.50006134591776710
  0.00012725000000000   0.50006246686072715
  0.00012750000000000   0.50006353799977559
  0.00012775000000000   0.50006455729851306
  0.00012800000000000   0.50006556081868414
  0.00012825000000000   0.50006651609732177
  0.00012850000000000   0.50006742920948758
  0.00012875000000000   0.50006833329628454
  0.00012900000000000   0.50006920553065651
  0.00012925000000000   0.50007004986780791
  0.00012950000000000   0.50007086980245755
  0.00012975000000000   0.50007168285701904
  0.00013000000000000   0.50007246305272727
  0.00013025000000000   0.50007322718853332
  0.00013050000000000   0.50007397749646313
  0.00013075000000000   0.50007471599560837
  0.00013100000000000   0.50007544452170972
  0.00013125000000000   0.50007614976450050
  0.00013150000000000   0.50007684807152399
  0.00013175000000000   0.50007754085403745
  0.00013200000000000   0.50007821419034414
  0.00013225000000000   0.50007886906124764
  0.00013250000000000   0.50007952172610643
  0.00013275000000000   0.50008017321915781
  0.00013300000000000   0.50008080901782582
  0.00013325000000000   0.50008142982888919
  0.00013350000000000   0.50008205191859737
  0.00013375000000000   0.50008266041076326
  0.00013400000000000   0.50008325587677714
  0.00013425000000000   0.50008385461778262
  0.00013450000000000   0.50008444146970763
  0.00013475000000000   0.50008501689895937
  0.00013500000000000   0.50008559725549556
  0.00013525000000000   0.50008616713207797
  0.00013550000000000   0.50008672691273304
  0.00013575000000000   0.50008727696329368
  0.00013600000000000   0.50008783371066833
  0.00013625000000000   0.50008838147740410
  0.00013650000000000   0.50008892056767954
  0.00013675000000000   0.50008945127227288
  0.00013700000000000   0.50008999010024302
  0.00013725000000000   0.50009052114954522
  0.00013750000000000   0.50009104466402821
  0.00013775000000000   0.50009156087758201
  0.00013800000000000   0.50009207001458405
  0.00013825000000000   0.50009257229033011
  0.00013850000000000   0.50009308433110920
  0.00013875000000000   0.50009358996495841
  0.00013900000000000   0.50009408937443718
  0.00013925000000000   0.50009458273528665
  0.00013950000000000   0.50009507021670517
  0.00013975000000000   0.50009555198161548
  0.00014000000000000   0.50009604476053102
  0.00014025000000000   0.50009651557320314
  0.00014050000000000   0.50009699773444208
  0.00014075000000000   0.50009747480517200
  0.00014100000000000   0.50009794691537321
  0.00014125000000000   0.50009841419063742
  0.00014150000000000   0.50009887675232642
  0.00014175000000000   0.50009935142935530
  0.00014200000000000   0.50009980492461691
