 -0.00018725000000000   0.49990098236354692
 -0.00018700000000000   0.49990201889586820
 -0.00018675000000000   0.49990311667497642
 -0.00018650000000000   0.49990428120911272
 -0.00018625000000000   0.49990544941487737
 -0.00018600000000000   0.49990666411597057
 -0.00018575000000000   0.49990790011418952
 -0.00018550000000000   0.49990920282436602
 -0.00018525000000000   0.49991058495784186
 -0.00018500000000000   0.49991199458784479
 -0.00018475000000000   0.49991351848897591
 -0.00018450000000000   0.49991511369876348
 -0.00018425000000000   0.49991677864197527
 -0.00018400000000000   0.49991858619624353
 -0.00018375000000000   0.49992052507251302
 -0.00018350000000000   0.49992263774410616
 -0.00018325000000000   0.49992496857117666
 -0.00018300000000000   0.49992758871322442
 -0.00018275000000000   0.49993061697768493
 -0.00018250000000000   0.49993425802648637
 -0.00018225000000000   0.49993891815938918
 -0.00018200000000000   0.49994606794543306
 -0.00018175000000000   0.50001913352773809
 -0.00018150000000000   0.50002214882392032
 -0.00018125000000000   0.50002320874616787
 -0.00018100000000000   0.50002386230345616
 -0.00018075000000000   0.50002432277449717
 -0.00018050000000000   0.50002467230062141
 -0.00018025000000000   0.50002495333990764
 -0.00018000000000000   0.50002517741451847
 -0.00017975000000000   0.50002536073856931
 -0.00017950000000000   0.50002551760094623
 -0.00017925000000000   0.50002564247362281
 -0.00017900000000000   0.50002575449913427
 -0.00017875000000000   0.50002584200987143
 -0.00017850000000000   0.50002591909339819
 -0.00017825000000000   0.50002599313741163
 -0.00017800000000000   0.50002604300508770
 -0.00017775000000000   0.50002608575545885
 -0.00017750000000000   0.50002613060186550
 -0.00017725000000000   0.50002615506634288
 -0.00017700000000000   0.50002617922971875
 -0.00017675000000000   0.50002620250097274
 -0.00017650000000000   0.50002621225556247
 -0.00017625000000000   0.50002621916704936
 -0.00017600000000000   0.50002622255144646
 -0.00017575000000000   0.50002622170459637
 -0.00017550000000000   0.50002622912838185
 -0.00017525000000000   0.50002621796029445
 -0.00017500000000000   0.50002620038192901
 -0.00017475000000000   0.50002618976349800
 -0.00017450000000000   0.50002618621521043
 -0.00017425000000000   0.50002616053954129
 -0.00017400000000000   0.50002614101141152
 -0.00017375000000000   0.50002612771296471
 -0.00017350000000000   0.50002608980384815
 -0.00017325000000000   0.50002607292226059
 -0.00017300000000000   0.50002604594784364
 -0.00017275000000000   0.50002600815975019
 -0.00017250000000000   0.50002599181221320
 -0.00017225000000000   0.50002594750737474
 -0.00017200000000000   0.50002592471625225
 -0.00017175000000000   0.50002588977558864
 -0.00017150000000000   0.50002585943727047
 -0.00017125000000000   0.50002581605415438
 -0.00017100000000000   0.50002577685114725
 -0.00017075000000000   0.50002574185146973
 -0.00017050000000000   0.50002569270769515
 -0.00017025000000000   0.50002566593608928
 -0.00017000000000000   0.50002562460167170
 -0.00016975000000000   0.50002558707386254
 -0.00016950000000000   0.50002553414107899
 -0.00016925000000000   0.50002550403782164
 -0.00016900000000000   0.50002545812114640
 -0.00016875000000000   0.50002541561363557
 -0.00016850000000000   0.50002535647547979
 -0.00016825000000000   0.50002532060170386
 -0.00016800000000000   0.50002526769822941
 -0.00016775000000000   0.50002521781671474
 -0.00016750000000000   0.50002517096186017
 -0.00016725000000000   0.50002512713312361
 -0.00016700000000000   0.50002508632509982
 -0.00016675000000000   0.50002502713777387
 -0.00016650000000000   0.50002499217864659
 -0.00016625000000000   0.50002493846840834
 -0.00016600000000000   0.50002488739913835
 -0.00016575000000000   0.50002483896913247
 -0.00016550000000000   0.50002479317325074
 -0.00016525000000000   0.50002472754229139
 -0.00016500000000000   0.50002468683398490
 -0.00016475000000000   0.50002464873316608
 -0.00016450000000000   0.50002459028471731
 -0.00016425000000000   0.50002453410323788
 -0.00016400000000000   0.50002448018725979
 -0.00016375000000000   0.50002442853292109
 -0.00016350000000000   0.50002437913411493
 -0.00016325000000000   0.50002433198263025
 -0.00016300000000000   0.50002428706828460
 -0.00016275000000000   0.50002422032075298
 -0.00016250000000000   0.50002417971325586
 -0.00016225000000000   0.50002411695317225
 -0.00016200000000000   0.50002405609885835
 -0.00016175000000000   0.50002402182006248
 -0.00016150000000000   0.50002396492128937
 -0.00016125000000000   0.50002390991354229
 -0.00016100000000000   0.50002385679080447
 -0.00016075000000000   0.50002380554573855
 -0.00016050000000000   0.50002375616976335
 -0.00016025000000000   0.50002368315716422
 -0.00016000000000000   0.50002363736933410
 -0.00015975000000000   0.50002359342301523
 -0.00015950000000000   0.50002352542013920
 -0.00015925000000000   0.50002348501190249
 -0.00015900000000000   0.50002342027240454
 -0.00015875000000000   0.50002338336224757
 -0.00015850000000000   0.50002332186084326
 -0.00015825000000000   0.50002326190055391
 -0.00015800000000000   0.50002320347680789
 -0.00015775000000000   0.50002314658421281
 -0.00015750000000000   0.50002309121659877
 -0.00015725000000000   0.50002303736705958
 -0.00015700000000000   0.50002298502799218
 -0.00015675000000000   0.50002293419113430
 -0.00015650000000000   0.50002288484760039
 -0.00015625000000000   0.50002283698791594
 -0.00015600000000000   0.50002276304729368
 -0.00015575000000000   0.50002271803247967
 -0.00015550000000000   0.50002267447366634
 -0.00015525000000000   0.50002260449227680
 -0.00015500000000000   0.50002256372925768
 -0.00015475000000000   0.50002249631726959
 -0.00015450000000000   0.50002245831486146
 -0.00015425000000000   0.50002239344945289
 -0.00015400000000000   0.50002232979047362
 -0.00015375000000000   0.50002229582366229
 -0.00015350000000000   0.50002223467365226
 -0.00015325000000000   0.50002217471437535
 -0.00015300000000000   0.50002211594086593
 -0.00015275000000000   0.50002205834776496
 -0.00015250000000000   0.50002203087718210
 -0.00015225000000000   0.50002197571904755
 -0.00015200000000000   0.50002192171999825
 -0.00015175000000000   0.50002186887331933
 -0.00015150000000000   0.50002178787562055
 -0.00015125000000000   0.50002173723270753
 -0.00015100000000000   0.50002168772318301
 -0.00015075000000000   0.50002163933916664
 -0.00015050000000000   0.50002159207253125
 -0.00015025000000000   0.50002154591491609
 -0.00015000000000000   0.50002147107870464
 -0.00014975000000000   0.50002142705062427
 -0.00014950000000000   0.50002138410794570
 -0.00014925000000000   0.50002131223456631
 -0.00014900000000000   0.50002127138043521
 -0.00014875000000000   0.50002120142459357
 -0.00014850000000000   0.50002116263133607
 -0.00014825000000000   0.50002109457496189
 -0.00014800000000000   0.50002105781335030
 -0.00014775000000000   0.50002099163666841
 -0.00014750000000000   0.50002095687607811
 -0.00014725000000000   0.50002089255776403
 -0.00014700000000000   0.50002082911877322
 -0.00014675000000000   0.50002079728364309
 -0.00014650000000000   0.50002073567080871
 -0.00014625000000000   0.50002067492399611
 -0.00014600000000000   0.50002061503920788
 -0.00014575000000000   0.50002058699024969
 -0.00014550000000000   0.50002052888577670
 -0.00014525000000000   0.50002047162811228
 -0.00014500000000000   0.50002041521264601
 -0.00014475000000000   0.50002035963462532
 -0.00014450000000000   0.50002030488916194
 -0.00014425000000000   0.50002025097123819
 -0.00014400000000000   0.50002019787571303
 -0.00014375000000000   0.50002014559732793
 -0.00014350000000000   0.50002009413071248
 -0.00014325000000000   0.50002004347038988
 -0.00014300000000000   0.50001999361078217
 -0.00014275000000000   0.50001994454621537
 -0.00014250000000000   0.50001989627092432
 -0.00014225000000000   0.50001984877905746
 -0.00014200000000000   0.50001980206468138
 -0.00014175000000000   0.50001975612178522
 -0.00014150000000000   0.50001967908191548
 -0.00014125000000000   0.50001963462950530
 -0.00014100000000000   0.50001959093196940
 -0.00014075000000000   0.50001954798300800
 -0.00014050000000000   0.50001947374006638
 -0.00014025000000000   0.50001943224226965
 -0.00014000000000000   0.50001939147558830
 -0.00013975000000000   0.50001931927388636
 -0.00013950000000000   0.50001927992821763
 -0.00013925000000000   0.50001924129566633
 -0.00013900000000000   0.50001917110228894
 -0.00013875000000000   0.50001913385943990
 -0.00013850000000000   0.50001906496473962
 -0.00013825000000000   0.50001902909126676
 -0.00013800000000000   0.50001896148141421
 -0.00013775000000000   0.50001892695655492
 -0.00013750000000000   0.50001886061716456
 -0.00013725000000000   0.50001882741976593
 -0.00013700000000000   0.50001876233594383
 -0.00013675000000000   0.50001873044450576
 -0.00013650000000000   0.50001866660089450
 -0.00013625000000000   0.50001863599361009
 -0.00013600000000000   0.50001857337443084
 -0.00013575000000000   0.50001851133893429
 -0.00013550000000000   0.50001848261831612
 -0.00013525000000000   0.50001842178437960
 -0.00013500000000000   0.50001839429373483
 -0.00013475000000000   0.50001833464466217
 -0.00013450000000000   0.50001827556288639
 -0.00013425000000000   0.50001821704557841
 -0.00013400000000000   0.50001819195909037
 -0.00013375000000000   0.50001813459522310
 -0.00013350000000000   0.50001807778558978
 -0.00013325000000000   0.50001802152717127
 -0.00013300000000000   0.50001799876389232
 -0.00013275000000000   0.50001794362632963
 -0.00013250000000000   0.50001788902928374
 -0.00013225000000000   0.50001783496957613
 -0.00013200000000000   0.50001778144398928
 -0.00013175000000000   0.50001772844926845
 -0.00013150000000000   0.50001770902869472
 -0.00013125000000000   0.50001765710553696
 -0.00013100000000000   0.50001760570198577
 -0.00013075000000000   0.50001755481466699
 -0.00013050000000000   0.50001750444017698
 -0.00013025000000000   0.50001745457508406
 -0.00013000000000000   0.50001740521592994
 -0.00012975000000000   0.50001735635923103
 -0.00012950000000000   0.50001730800147984
 -0.00012925000000000   0.50001726013914620
 -0.00012900000000000   0.50001721276867855
 -0.00012875000000000   0.50001716588650512
 -0.00012850000000000   0.50001711948903515
 -0.00012825000000000   0.50001707357265997
 -0.00012800000000000   0.50001702813375416
 -0.00012775000000000   0.50001698316867658
 -0.00012750000000000   0.50001693867377145
 -0.00012725000000000   0.50001689464536931
 -0.00012700000000000   0.50001685107978807
 -0.00012675000000000   0.50001680797333387
 -0.00012650000000000   0.50001673211128584
 -0.00012625000000000   0.50001668991562167
 -0.00012600000000000   0.50001664816899021
 -0.00012575000000000   0.50001660686764906
 -0.00012550000000000   0.50001656600784854
 -0.00012525000000000   0.50001652558583246
 -0.00012500000000000   0.50001645238020742
 -0.00012475000000000   0.50001641283233445
 -0.00012450000000000   0.50001637371193212
 -0.00012425000000000   0.50001633501521579
 -0.00012400000000000   0.50001629673839800
 -0.00012375000000000   0.50001622567550556
 -0.00012350000000000   0.50001618824188042
 -0.00012325000000000   0.50001615121771845
 -0.00012300000000000   0.50001611459921791
 -0.00012275000000000   0.50001604520177508
 -0.00012250000000000   0.50001600940171939
 -0.00012225000000000   0.50001597399682453
 -0.00012200000000000   0.50001590581777805
 -0.00012175000000000   0.50001587121305175
 -0.00012150000000000   0.50001583699294974
 -0.00012125000000000   0.50001577001188064
 -0.00012100000000000   0.50001573657353244
 -0.00012075000000000   0.50001570350925176
 -0.00012050000000000   0.50001563770534992
 -0.00012025000000000   0.50001560540430267
 -0.00012000000000000   0.50001557346676019
 -0.00011975000000000   0.50001550881887814
 -0.00011950000000000   0.50001547762597312
 -0.00011925000000000   0.50001541373286528
 -0.00011900000000000   0.50001538327271985
 -0.00011875000000000   0.50001535315875714
 -0.00011850000000000   0.50001529038669868
 -0.00011825000000000   0.50001526098681730
 -0.00011800000000000   0.50001519894748036
 -0.00011775000000000   0.50001517024974399
 -0.00011750000000000   0.50001510893452451
 -0.00011725000000000   0.50001508092697968
 -0.00011700000000000   0.50001502032719521
 -0.00011675000000000   0.50001499299787809
 -0.00011650000000000   0.50001493310477577
 -0.00011625000000000   0.50001490644171856
 -0.00011600000000000   0.50001484724648262
 -0.00011575000000000   0.50001482123771956
 -0.00011550000000000   0.50001476273147857
 -0.00011525000000000   0.50001473736505160
 -0.00011500000000000   0.50001467953888524
 -0.00011475000000000   0.50001465480284932
 -0.00011450000000000   0.50001459764779483
 -0.00011425000000000   0.50001457353022293
 -0.00011400000000000   0.50001451703728127
 -0.00011375000000000   0.50001446087523796
 -0.00011350000000000   0.50001443768641070
 -0.00011325000000000   0.50001438217367530
 -0.00011300000000000   0.50001435957425133
 -0.00011275000000000   0.50001430470174475
 -0.00011250000000000   0.50001425015105366
 -0.00011225000000000   0.50001422843850895
 -0.00011200000000000   0.50001417451511194
 -0.00011175000000000   0.50001412090815571
 -0.00011150000000000   0.50001410005782656
 -0.00011125000000000   0.50001404706516728
 -0.00011100000000000   0.50001402675831284
 -0.00011075000000000   0.50001397437080530
 -0.00011050000000000   0.50001392229040824
 -0.00011025000000000   0.50001387051553821
 -0.00011000000000000   0.50001385131593325
 -0.00010975000000000   0.50001380012924339
 -0.00010950000000000   0.50001374924255858
 -0.00010925000000000   0.50001373083165042
 -0.00010900000000000   0.50001368052005548
 -0.00010875000000000   0.50001363050291054
 -0.00010850000000000   0.50001361285640853
 -0.00010825000000000   0.50001356340125951
 -0.00010800000000000   0.50001351423497951
 -0.00010775000000000   0.50001346535592868
 -0.00010750000000000   0.50001344871135610
 -0.00010725000000000   0.50001340037725492
 -0.00010700000000000   0.50001335232477145
 -0.00010675000000000   0.50001330455224959
 -0.00010650000000000   0.50001325705802829
 -0.00010625000000000   0.50001324162377015
 -0.00010600000000000   0.50001319465349317
 -0.00010575000000000   0.50001314795587823
 -0.00010550000000000   0.50001310152925273
 -0.00010525000000000   0.50001305537194029
 -0.00010500000000000   0.50001304108540812
 -0.00010475000000000   0.50001299543107284
 -0.00010450000000000   0.50001295004040055
 -0.00010425000000000   0.50001290491170750
 -0.00010400000000000   0.50001286004330721
 -0.00010375000000000   0.50001281543351067
 -0.00010350000000000   0.50001280245621500
 -0.00010325000000000   0.50001275832455100
 -0.00010300000000000   0.50001271444584160
 -0.00010275000000000   0.50001267081839483
 -0.00010250000000000   0.50001262744051714
 -0.00010225000000000   0.50001258431051352
 -0.00010200000000000   0.50001254142668770
 -0.00010175000000000   0.50001252987889966
 -0.00010150000000000   0.50001248744458571
 -0.00010125000000000   0.50001244525082050
 -0.00010100000000000   0.50001240329590923
 -0.00010075000000000   0.50001236157815657
 -0.00010050000000000   0.50001232009586689
 -0.00010025000000000   0.50001227884734431
 -0.00010000000000000   0.50001223783089292
 -0.00009975000000000   0.50001219704481689
 -0.00009950000000000   0.50001215648742060
 -0.00009925000000000   0.50001211615700880
 -0.00009900000000000   0.50001207605188671
 -0.00009875000000000   0.50001203617036017
 -0.00009850000000000   0.50001199651073573
 -0.00009825000000000   0.50001198755472678
 -0.00009800000000000   0.50001194828913693
 -0.00009775000000000   0.50001190923990326
 -0.00009750000000000   0.50001187040534066
 -0.00009725000000000   0.50001183178376531
 -0.00009700000000000   0.50001179337349475
 -0.00009675000000000   0.50001175517284799
 -0.00009650000000000   0.50001171718014560
 -0.00009625000000000   0.50001167939370986
 -0.00009600000000000   0.50001164181186478
 -0.00009575000000000   0.50001160443293626
 -0.00009550000000000   0.50001156725525210
 -0.00009525000000000   0.50001153027714220
 -0.00009500000000000   0.50001149349693854
 -0.00009475000000000   0.50001145691297532
 -0.00009450000000000   0.50001139075818535
 -0.00009425000000000   0.50001135461305027
 -0.00009400000000000   0.50001131865958421
 -0.00009375000000000   0.50001128289612736
 -0.00009350000000000   0.50001124732102249
 -0.00009325000000000   0.50001121193261508
 -0.00009300000000000   0.50001117672925338
 -0.00009275000000000   0.50001114170928846
 -0.00009250000000000   0.50001110687107429
 -0.00009225000000000   0.50001107221296776
 -0.00009200000000000   0.50001103773332881
 -0.00009175000000000   0.50001100343052043
 -0.00009150000000000   0.50001096930290876
 -0.00009125000000000   0.50001093534886309
 -0.00009100000000000   0.50001090156675597
 -0.00009075000000000   0.50001083897160320
 -0.00009050000000000   0.50001080558574490
 -0.00009025000000000   0.50001077236732293
 -0.00009000000000000   0.50001073931472015
 -0.00008975000000000   0.50001070642632290
 -0.00008950000000000   0.50001067370052108
 -0.00008925000000000   0.50001064113570820
 -0.00008900000000000   0.50001060873028136
 -0.00008875000000000   0.50001054793834533
 -0.00008850000000000   0.50001051590702108
 -0.00008825000000000   0.50001048403063178
 -0.00008800000000000   0.50001045230758660
 -0.00008775000000000   0.50001042073629851
 -0.00008750000000000   0.50001038931518437
 -0.00008725000000000   0.50001035804266495
 -0.00008700000000000   0.50001029877263618
 -0.00008675000000000   0.50001026785507940
 -0.00008650000000000   0.50001023708171842
 -0.00008625000000000   0.50001020645098723
 -0.00008600000000000   0.50001017596132388
 -0.00008575000000000   0.50001014561117054
 -0.00008550000000000   0.50001008760666244
 -0.00008525000000000   0.50001005759529678
 -0.00008500000000000   0.50001002771909101
 -0.00008475000000000   0.50000999797650136
 -0.00008450000000000   0.50000996836598827
 -0.00008425000000000   0.50000991139188618
 -0.00008400000000000   0.50000988210689343
 -0.00008375000000000   0.50000985294966968
 -0.00008350000000000   0.50000982391869005
 -0.00008325000000000   0.50000976775741087
 -0.00008300000000000   0.50000973904153264
 -0.00008275000000000   0.50000971044762532
 -0.00008250000000000   0.50000968197417914
 -0.00008225000000000   0.50000965361968871
 -0.00008200000000000   0.50000959844023445
 -0.00008175000000000   0.50000957038775244
 -0.00008150000000000   0.50000954244999997
 -0.00008125000000000   0.50000951462548719
 -0.00008100000000000   0.50000946022069398
 -0.00008075000000000   0.50000943268791336
 -0.00008050000000000   0.50000940526418380
 -0.00008025000000000   0.50000937794803125
 -0.00008000000000000   0.50000932430111600
 -0.00007975000000000   0.50000929726648802
 -0.00007950000000000   0.50000927033528715
 -0.00007925000000000   0.50000921725739846
 -0.00007900000000000   0.50000919060025115
 -0.00007875000000000   0.50000916404240913
 -0.00007850000000000   0.50000913758242607
 -0.00007825000000000   0.50000908523344042
 -0.00007800000000000   0.50000905903742823
 -0.00007775000000000   0.50000903293519365
 -0.00007750000000000   0.50000898113414790
 -0.00007725000000000   0.50000895528850265
 -0.00007700000000000   0.50000892953258293
 -0.00007675000000000   0.50000887827059887
 -0.00007650000000000   0.50000885276392577
 -0.00007625000000000   0.50000882734295589
 -0.00007600000000000   0.50000880200628325
 -0.00007575000000000   0.50000875143213371
 -0.00007550000000000   0.50000872633481903
 -0.00007525000000000   0.50000870131782152
 -0.00007500000000000   0.50000865126171218
 -0.00007475000000000   0.50000862647683011
 -0.00007450000000000   0.50000860176831570
 -0.00007425000000000   0.50000855222140291
 -0.00007400000000000   0.50000852773780436
 -0.00007375000000000   0.50000847854341758
 -0.00007350000000000   0.50000845428010943
 -0.00007325000000000   0.50000843008672014
 -0.00007300000000000   0.50000838138713115
 -0.00007275000000000   0.50000835740690244
 -0.00007250000000000   0.50000833349272418
 -0.00007225000000000   0.50000828527912665
 -0.00007200000000000   0.50000826157102472
 -0.00007175000000000   0.50000823792513633
 -0.00007150000000000   0.50000819018874555
 -0.00007125000000000   0.50000816674189558
 -0.00007100000000000   0.50000811933785095
 -0.00007075000000000   0.50000809608550902
 -0.00007050000000000   0.50000807288911491
 -0.00007025000000000   0.50000802594797068
 -0.00007000000000000   0.50000800293912179
 -0.00006975000000000   0.50000795632128945
 -0.00006950000000000   0.50000793349549990
 -0.00006925000000000   0.50000791071947551
 -0.00006900000000000   0.50000786455029060
 -0.00006875000000000   0.50000784195043969
 -0.00006850000000000   0.50000779609555210
 -0.00006825000000000   0.50000777366743466
 -0.00006800000000000   0.50000775128298346
 -0.00006775000000000   0.50000770586255348
 -0.00006750000000000   0.50000768364302840
 -0.00006725000000000   0.50000763852790775
 -0.00006700000000000   0.50000761646891585
 -0.00006675000000000   0.50000757165562831
 -0.00006650000000000   0.50000754975279438
 -0.00006625000000000   0.50000752788525948
 -0.00006600000000000   0.50000748348683260
 -0.00006575000000000   0.50000746176875835
 -0.00006550000000000   0.50000741766321979
 -0.00006525000000000   0.50000739609027940
 -0.00006500000000000   0.50000735227416644
 -0.00006475000000000   0.50000733084205140
 -0.00006450000000000   0.50000728731190484
 -0.00006425000000000   0.50000726601632506
 -0.00006400000000000   0.50000722276868953
 -0.00006375000000000   0.50000720160537348
 -0.00006350000000000   0.50000718046457246
 -0.00006325000000000   0.50000713760149266
 -0.00006300000000000   0.50000711658643210
 -0.00006275000000000   0.50000707399700195
 -0.00006250000000000   0.50000705310346020
 -0.00006225000000000   0.50000701078424443
 -0.00006200000000000   0.50000699000801878
 -0.00006175000000000   0.50000694795558737
 -0.00006150000000000   0.50000692729249407
 -0.00006125000000000   0.50000688550342258
 -0.00006100000000000   0.50000686494929694
 -0.00006075000000000   0.50000682342016673
 -0.00006050000000000   0.50000680297086321
 -0.00006025000000000   0.50000676169826178
 -0.00006000000000000   0.50000674134965400
 -0.00005975000000000   0.50000670033017517
 -0.00005950000000000   0.50000668007815604
 -0.00005925000000000   0.50000663930840023
 -0.00005900000000000   0.50000661914888192
 -0.00005875000000000   0.50000657862545638
 -0.00005850000000000   0.50000655855437041
 -0.00005825000000000   0.50000651827388940
 -0.00005800000000000   0.50000649828718667
 -0.00005775000000000   0.50000645824627171
 -0.00005750000000000   0.50000641835917478
 -0.00005725000000000   0.50000639853520254
 -0.00005700000000000   0.50000635888281834
 -0.00005675000000000   0.50000633913330817
 -0.00005650000000000   0.50000629971227386
 -0.00005625000000000   0.50000628003324213
 -0.00005600000000000   0.50000624084020280
 -0.00005575000000000   0.50000622122768533
 -0.00005550000000000   0.50000618225929417
 -0.00005525000000000   0.50000616270934627
 -0.00005500000000000   0.50000612396226472
 -0.00005475000000000   0.50000608536098236
 -0.00005450000000000   0.50000606594185908
 -0.00005425000000000   0.50000602755707682
 -0.00005400000000000   0.50000600819084986
 -0.00005375000000000   0.50000597001924735
 -0.00005350000000000   0.50000595070203781
 -0.00005325000000000   0.50000591274030343
 -0.00005300000000000   0.50000587491931461
 -0.00005275000000000   0.50000585571308291
 -0.00005250000000000   0.50000581809718333
 -0.00005225000000000   0.50000579893045206
 -0.00005200000000000   0.50000576151634964
 -0.00005175000000000   0.50000572423941927
 -0.00005150000000000   0.50000570516971747
 -0.00005125000000000   0.50000566808982778
 -0.00005100000000000   0.50000564905021946
 -0.00005075000000000   0.50000561216409868
 -0.00005050000000000   0.50000559315081695
 -0.00005025000000000   0.50000555645520275
 -0.00005000000000000   0.50000551989171944
 -0.00004975000000000   0.50000550095613964
 -0.00004950000000000   0.50000546457844184
 -0.00004925000000000   0.50000542833077873
 -0.00004900000000000   0.50000540946478450
 -0.00004875000000000   0.50000537339819929
 -0.00004850000000000   0.50000535454381453
 -0.00004825000000000   0.50000531865507814
 -0.00004800000000000   0.50000528289281573
 -0.00004775000000000   0.50000526409452123
 -0.00004750000000000   0.50000522850542613
 -0.00004725000000000   0.50000519304071153
 -0.00004700000000000   0.50000517429052882
 -0.00004675000000000   0.50000513899431455
 -0.00004650000000000   0.50000512024129780
 -0.00004625000000000   0.50000508511038945
 -0.00004600000000000   0.50000505010031143
 -0.00004575000000000   0.50000503138214936
 -0.00004550000000000   0.50000499653273785
 -0.00004525000000000   0.50000496180206800
 -0.00004500000000000   0.50000494311091992
 -0.00004475000000000   0.50000490853629257
 -0.00004450000000000   0.50000487407831992
 -0.00004425000000000   0.50000485540639556
 -0.00004400000000000   0.50000482109985708
 -0.00004375000000000   0.50000478690788833
 -0.00004350000000000   0.50000476824744775
 -0.00004325000000000   0.50000473420232077
 -0.00004300000000000   0.50000470026968077
 -0.00004275000000000   0.50000468161303430
 -0.00004250000000000   0.50000464782265984
 -0.00004225000000000   0.50000461414269207
 -0.00004200000000000   0.50000459548220017
 -0.00004175000000000   0.50000456193993810
 -0.00004150000000000   0.50000452850600505
 -0.00004125000000000   0.50000450983407825
 -0.00004100000000000   0.50000447653330766
 -0.00004075000000000   0.50000444333879128
 -0.00004050000000000   0.50000442464788996
 -0.00004025000000000   0.50000439158200954
 -0.00004000000000000   0.50000435862031154
 -0.00003975000000000   0.50000433990294587
 -0.00003950000000000   0.50000430706537424
 -0.00003925000000000   0.50000427432991643
 -0.00003900000000000   0.50000424169593395
 -0.00003875000000000   0.50000422296282216
 -0.00003850000000000   0.50000419044704676
 -0.00003825000000000   0.50000415803068129
 -0.00003800000000000   0.50000413925386403
 -0.00003775000000000   0.50000410695123388
 -0.00003750000000000   0.50000407474595184
 -0.00003725000000000   0.50000404263737877
 -0.00003700000000000   0.50000402382210006
 -0.00003675000000000   0.50000399182138886
 -0.00003650000000000   0.50000395991532853
 -0.00003625000000000   0.50000394103935867
 -0.00003600000000000   0.50000390923672694
 -0.00003575000000000   0.50000387752669183
 -0.00003550000000000   0.50000384590861391
 -0.00003525000000000   0.50000382697179216
 -0.00003500000000000   0.50000379545131624
 -0.00003475000000000   0.50000376402074740
 -0.00003450000000000   0.50000373267944601
 -0.00003425000000000   0.50000371366914110
 -0.00003400000000000   0.50000368241964104
 -0.00003375000000000   0.50000365125736268
 -0.00003350000000000   0.50000362018166630
 -0.00003325000000000   0.50000360108534783
 -0.00003300000000000   0.50000357009567827
 -0.00003275000000000   0.50000353919054948
 -0.00003250000000000   0.50000350836932176
 -0.00003225000000000   0.50000348917455976
 -0.00003200000000000   0.50000345843361069
 -0.00003175000000000   0.50000342777452619
 -0.00003150000000000   0.50000339719666664
 -0.00003125000000000   0.50000337789113104
 -0.00003100000000000   0.50000334738782849
 -0.00003075000000000   0.50000331696371926
 -0.00003050000000000   0.50000328661816389
 -0.00003025000000000   0.50000325635052272
 -0.00003000000000000   0.50000323691293063
 -0.00002975000000000   0.50000320671276446
 -0.00002950000000000   0.50000317658848633
 -0.00002925000000000   0.50000314653945683
 -0.00002900000000000   0.50000312696372588
 -0.00002875000000000   0.50000309697650788
 -0.00002850000000000   0.50000306706251751
 -0.00002825000000000   0.50000303722111569
 -0.00002800000000000   0.50000300745166313
 -0.00002775000000000   0.50000298771000661
 -0.00002750000000000   0.50000295799535238
 -0.00002725000000000   0.50000292835063227
 -0.00002700000000000   0.50000289877520739
 -0.00002675000000000   0.50000286926843872
 -0.00002650000000000   0.50000284934229779
 -0.00002625000000000   0.50000281988335171
 -0.00002600000000000   0.50000279049105267
 -0.00002575000000000   0.50000276116476209
 -0.00002550000000000   0.50000273190384127
 -0.00002525000000000   0.50000271177483155
 -0.00002500000000000   0.50000268255479513
 -0.00002475000000000   0.50000265339812543
 -0.00002450000000000   0.50000262430418425
 -0.00002425000000000   0.50000259527233328
 -0.00002400000000000   0.50000256630193412
 -0.00002375000000000   0.50000254592437647
 -0.00002350000000000   0.50000251698660270
 -0.00002325000000000   0.50000248810828461
 -0.00002300000000000   0.50000245928878435
 -0.00002275000000000   0.50000243052746399
 -0.00002250000000000   0.50000240182368549
 -0.00002225000000000   0.50000238117164397
 -0.00002200000000000   0.50000235249228191
 -0.00002175000000000   0.50000232386847264
 -0.00002150000000000   0.50000229529957878
 -0.00002125000000000   0.50000226678496285
 -0.00002100000000000   0.50000223832398728
 -0.00002075000000000   0.50000221737180393
 -0.00002050000000000   0.50000218892708587
 -0.00002025000000000   0.50000216053402629
 -0.00002000000000000   0.50000213219198829
 -0.00001975000000000   0.50000210390033495
 -0.00001950000000000   0.50000207565842926
 -0.00001925000000000   0.50000204746563413
 -0.00001900000000000   0.50000202614696459
 -0.00001875000000000   0.50000199796098041
 -0.00001850000000000   0.50000196982213292
 -0.00001825000000000   0.50000194172978577
 -0.00001800000000000   0.50000191368330256
 -0.00001775000000000   0.50000188568204684
 -0.00001750000000000   0.50000185772538212
 -0.00001725000000000   0.50000183600607097
 -0.00001700000000000   0.50000180804683461
 -0.00001675000000000   0.50000178013022346
 -0.00001650000000000   0.50000175225560177
 -0.00001625000000000   0.50000172442233375
 -0.00001600000000000   0.50000169662978357
 -0.00001575000000000   0.50000166887731539
 -0.00001550000000000   0.50000164116429329
 -0.00001525000000000   0.50000161349008137
 -0.00001500000000000   0.50000159123302567
 -0.00001475000000000   0.50000156354428062
 -0.00001450000000000   0.50000153589238970
 -0.00001425000000000   0.50000150827671776
 -0.00001400000000000   0.50000148069662963
 -0.00001375000000000   0.50000145315149013
 -0.00001350000000000   0.50000142564066403
 -0.00001325000000000   0.50000139816351607
 -0.00001300000000000   0.50000137071941101
 -0.00001275000000000   0.50000134330771357
 -0.00001250000000000   0.50000132039904070
 -0.00001225000000000   0.50000129295963426
 -0.00001200000000000   0.50000126555069000
 -0.00001175000000000   0.50000123817157343
 -0.00001150000000000   0.50000121082165006
 -0.00001125000000000   0.50000118350028537
 -0.00001100000000000   0.50000115620684483
 -0.00001075000000000   0.50000112894069391
 -0.00001050000000000   0.50000110170119804
 -0.00001025000000000   0.50000107448772267
 -0.00001000000000000   0.50000104729963322
 -0.00000975000000000   0.50000102013629510
 -0.00000950000000000   0.50000099299707373
 -0.00000925000000000   0.50000096916935741
 -0.00000900000000000   0.50000094198546784
 -0.00000875000000000   0.50000091482376263
 -0.00000850000000000   0.50000088768360799
 -0.00000825000000000   0.50000086056437015
 -0.00000800000000000   0.50000083346541530
 -0.00000775000000000   0.50000080638610963
 -0.00000750000000000   0.50000077932581934
 -0.00000725000000000   0.50000075228391062
 -0.00000700000000000   0.50000072525974964
 -0.00000675000000000   0.50000069825270259
 -0.00000650000000000   0.50000067126213563
 -0.00000625000000000   0.50000064428741492
 -0.00000600000000000   0.50000061732790665
 -0.00000575000000000   0.50000059038297697
 -0.00000550000000000   0.50000056345199204
 -0.00000525000000000   0.50000053653431802
 -0.00000500000000000   0.50000050962932106
 -0.00000475000000000   0.50000048273636732
 -0.00000450000000000   0.50000045585482296
 -0.00000425000000000   0.50000042898405412
 -0.00000400000000000   0.50000040349462149
 -0.00000375000000000   0.50000037655214393
 -0.00000350000000000   0.50000034961852899
 -0.00000325000000000   0.50000032269314365
 -0.00000300000000000   0.50000029577535486
 -0.00000275000000000   0.50000026886452959
 -0.00000250000000000   0.50000024196003478
 -0.00000225000000000   0.50000021506123739
 -0.00000200000000000   0.50000018816750438
 -0.00000175000000000   0.50000016127820271
 -0.00000150000000000   0.50000013439269932
 -0.00000125000000000   0.50000010751036116
 -0.00000100000000000   0.50000008063055521
 -0.00000075000000000   0.50000005375264839
 -0.00000050000000000   0.50000002687600767
 -0.00000025000000000   0.50000000000000000
  0.00000000000000000   0.49999997312399233
  0.00000025000000000   0.49999994624735161
  0.00000050000000000   0.49999991936944479
  0.00000075000000000   0.49999989248963883
  0.00000100000000000   0.49999986560730068
  0.00000125000000000   0.49999983872179729
  0.00000150000000000   0.49999981183249561
  0.00000175000000000   0.49999978493876260
  0.00000200000000000   0.49999975803996522
  0.00000225000000000   0.49999973113547041
  0.00000250000000000   0.49999970422464513
  0.00000275000000000   0.49999967730685634
  0.00000300000000000   0.49999965038147100
  0.00000325000000000   0.49999962344785607
  0.00000350000000000   0.49999959650537850
  0.00000375000000000   0.49999957101594588
  0.00000400000000000   0.49999954414517704
  0.00000425000000000   0.49999951726363267
  0.00000450000000000   0.49999949037067894
  0.00000475000000000   0.49999946346568198
  0.00000500000000000   0.49999943654800796
  0.00000525000000000   0.49999940961702303
  0.00000550000000000   0.49999938267209335
  0.00000575000000000   0.49999935571258507
  0.00000600000000000   0.49999932873786437
  0.00000625000000000   0.49999930174729741
  0.00000650000000000   0.49999927474025035
  0.00000675000000000   0.49999924771608937
  0.00000700000000000   0.49999922067418065
  0.00000725000000000   0.49999919361389036
  0.00000750000000000   0.49999916653458470
  0.00000775000000000   0.49999913943562985
  0.00000800000000000   0.49999911231639200
  0.00000825000000000   0.49999908517623737
  0.00000850000000000   0.49999905801453216
  0.00000875000000000   0.49999903083064258
  0.00000900000000000   0.49999900700292626
  0.00000925000000000   0.49999897986370489
  0.00000950000000000   0.49999895270036678
  0.00000975000000000   0.49999892551227732
  0.00001000000000000   0.49999889829880196
  0.00001025000000000   0.49999887105930609
  0.00001050000000000   0.49999884379315516
  0.00001075000000000   0.49999881649971463
  0.00001100000000000   0.49999878917834993
  0.00001125000000000   0.49999876182842656
  0.00001150000000000   0.49999873444930999
  0.00001175000000000   0.49999870704036573
  0.00001200000000000   0.49999867960095929
  0.00001225000000000   0.49999865669228643
  0.00001250000000000   0.49999862928058898
  0.00001275000000000   0.49999860183648392
  0.00001300000000000   0.49999857435933597
  0.00001325000000000   0.49999854684850986
  0.00001350000000000   0.49999851930337036
  0.00001375000000000   0.49999849172328223
  0.00001400000000000   0.49999846410761030
  0.00001425000000000   0.49999843645571937
  0.00001450000000000   0.49999840876697432
  0.00001475000000000   0.49999838650991863
  0.00001500000000000   0.49999835883570670
  0.00001525000000000   0.49999833112268461
  0.00001550000000000   0.49999830337021642
  0.00001575000000000   0.49999827557766625
  0.00001600000000000   0.49999824774439823
  0.00001625000000000   0.49999821986977653
  0.00001650000000000   0.49999819195316538
  0.00001675000000000   0.49999816399392903
  0.00001700000000000   0.49999814227461788
  0.00001725000000000   0.49999811431795315
  0.00001750000000000   0.49999808631669744
  0.00001775000000000   0.49999805827021423
  0.00001800000000000   0.49999803017786708
  0.00001825000000000   0.49999800203901959
  0.00001850000000000   0.49999797385303540
  0.00001875000000000   0.49999795253436587
  0.00001900000000000   0.49999792434157074
  0.00001925000000000   0.49999789609966504
  0.00001950000000000   0.49999786780801170
  0.00001975000000000   0.49999783946597371
  0.00002000000000000   0.49999781107291412
  0.00002025000000000   0.49999778262819606
  0.00002050000000000   0.49999776167601271
  0.00002075000000000   0.49999773321503715
  0.00002100000000000   0.49999770470042121
  0.00002125000000000   0.49999767613152735
  0.00002150000000000   0.49999764750771809
  0.00002175000000000   0.49999761882835603
  0.00002200000000000   0.49999759817631451
  0.00002225000000000   0.49999756947253601
  0.00002250000000000   0.49999754071121564
  0.00002275000000000   0.49999751189171539
  0.00002300000000000   0.49999748301339729
  0.00002325000000000   0.49999745407562353
  0.00002350000000000   0.49999743369806588
  0.00002375000000000   0.49999740472766671
  0.00002400000000000   0.49999737569581575
  0.00002425000000000   0.49999734660187457
  0.00002450000000000   0.49999731744520486
  0.00002475000000000   0.49999728822516845
  0.00002500000000000   0.49999726809615873
  0.00002525000000000   0.49999723883523790
  0.00002550000000000   0.49999720950894733
  0.00002575000000000   0.49999718011664828
  0.00002600000000000   0.49999715065770221
  0.00002625000000000   0.49999713073156128
  0.00002650000000000   0.49999710122479260
  0.00002675000000000   0.49999707164936772
  0.00002700000000000   0.49999704200464761
  0.00002725000000000   0.49999701228999339
  0.00002750000000000   0.49999699254833686
  0.00002775000000000   0.49999696277888431
  0.00002800000000000   0.49999693293748249
  0.00002825000000000   0.49999690302349212
  0.00002850000000000   0.49999687303627412
  0.00002875000000000   0.49999685346054317
  0.00002900000000000   0.49999682341151366
  0.00002925000000000   0.49999679328723553
  0.00002950000000000   0.49999676308706936
  0.00002975000000000   0.49999674364947727
  0.00003000000000000   0.49999671338183610
  0.00003025000000000   0.49999668303628073
  0.00003050000000000   0.49999665261217150
  0.00003075000000000   0.49999662210886895
  0.00003100000000000   0.49999660280333335
  0.00003125000000000   0.49999657222547380
  0.00003150000000000   0.49999654156638930
  0.00003175000000000   0.49999651082544024
  0.00003200000000000   0.49999649163067823
  0.00003225000000000   0.49999646080945051
  0.00003250000000000   0.49999642990432172
  0.00003275000000000   0.49999639891465217
  0.00003300000000000   0.49999637981833369
  0.00003325000000000   0.49999634874263732
  0.00003350000000000   0.49999631758035896
  0.00003375000000000   0.49999628633085890
  0.00003400000000000   0.49999626732055398
  0.00003425000000000   0.49999623597925260
  0.00003450000000000   0.49999620454868375
  0.00003475000000000   0.49999617302820783
  0.00003500000000000   0.49999615409138608
  0.00003525000000000   0.49999612247330816
  0.00003550000000000   0.49999609076327305
  0.00003575000000000   0.49999605896064132
  0.00003600000000000   0.49999604008467146
  0.00003625000000000   0.49999600817861113
  0.00003650000000000   0.49999597617789994
  0.00003675000000000   0.49999595736262122
  0.00003700000000000   0.49999592525404815
  0.00003725000000000   0.49999589304876611
  0.00003750000000000   0.49999586074613596
  0.00003775000000000   0.49999584196931870
  0.00003800000000000   0.49999580955295324
  0.00003825000000000   0.49999577703717783
  0.00003850000000000   0.49999575830406604
  0.00003875000000000   0.49999572567008356
  0.00003900000000000   0.49999569293462575
  0.00003925000000000   0.49999566009705413
  0.00003950000000000   0.49999564137968845
  0.00003975000000000   0.49999560841799045
  0.00004000000000000   0.49999557535211003
  0.00004025000000000   0.49999555666120872
  0.00004050000000000   0.49999552346669233
  0.00004075000000000   0.49999549016592174
  0.00004100000000000   0.49999547149399494
  0.00004125000000000   0.49999543806006189
  0.00004150000000000   0.49999540451779982
  0.00004175000000000   0.49999538585730793
  0.00004200000000000   0.49999535217734015
  0.00004225000000000   0.49999531838696569
  0.00004250000000000   0.49999529973031922
  0.00004275000000000   0.49999526579767923
  0.00004300000000000   0.49999523175255224
  0.00004325000000000   0.49999521309211167
  0.00004350000000000   0.49999517890014292
  0.00004375000000000   0.49999514459360443
  0.00004400000000000   0.49999512592168007
  0.00004425000000000   0.49999509146370742
  0.00004450000000000   0.49999505688908007
  0.00004475000000000   0.49999503819793200
  0.00004500000000000   0.49999500346726214
  0.00004525000000000   0.49999496861785063
  0.00004550000000000   0.49999494989968857
  0.00004575000000000   0.49999491488961054
  0.00004600000000000   0.49999487975870219
  0.00004625000000000   0.49999486100568544
  0.00004650000000000   0.49999482570947117
  0.00004675000000000   0.49999480695928846
  0.00004700000000000   0.49999477149457386
  0.00004725000000000   0.49999473590547877
  0.00004750000000000   0.49999471710718426
  0.00004775000000000   0.49999468134492185
  0.00004800000000000   0.49999464545618546
  0.00004825000000000   0.49999462660180071
  0.00004850000000000   0.49999459053521550
  0.00004875000000000   0.49999457166922126
  0.00004900000000000   0.49999453542155815
  0.00004925000000000   0.49999449904386035
  0.00004950000000000   0.49999448010828056
  0.00004975000000000   0.49999444354479724
  0.00005000000000000   0.49999440684918304
  0.00005025000000000   0.49999438783590132
  0.00005050000000000   0.49999435094978054
  0.00005075000000000   0.49999433191017221
  0.00005100000000000   0.49999429483028253
  0.00005125000000000   0.49999427576058072
  0.00005150000000000   0.49999423848365036
  0.00005175000000000   0.49999420106954794
  0.00005200000000000   0.49999418190281666
  0.00005225000000000   0.49999414428691709
  0.00005250000000000   0.49999412508068539
  0.00005275000000000   0.49999408725969656
  0.00005300000000000   0.49999404929796219
  0.00005325000000000   0.49999402998075265
  0.00005350000000000   0.49999399180915013
  0.00005375000000000   0.49999397244292317
  0.00005400000000000   0.49999393405814092
  0.00005425000000000   0.49999391463901763
  0.00005450000000000   0.49999387603773528
  0.00005475000000000   0.49999383729065372
  0.00005500000000000   0.49999381774070583
  0.00005525000000000   0.49999377877231467
  0.00005550000000000   0.49999375915979720
  0.00005575000000000   0.49999371996675787
  0.00005600000000000   0.49999370028772613
  0.00005625000000000   0.49999366086669182
  0.00005650000000000   0.49999364111718165
  0.00005675000000000   0.49999360146479746
  0.00005700000000000   0.49999358164082521
  0.00005725000000000   0.49999354175372829
  0.00005750000000000   0.49999350171281332
  0.00005775000000000   0.49999348172611060
  0.00005800000000000   0.49999344144562958
  0.00005825000000000   0.49999342137454362
  0.00005850000000000   0.49999338085111807
  0.00005875000000000   0.49999336069159976
  0.00005900000000000   0.49999331992184396
  0.00005925000000000   0.49999329966982482
  0.00005950000000000   0.49999325865034599
  0.00005975000000000   0.49999323830173822
  0.00006000000000000   0.49999319702913678
  0.00006025000000000   0.49999317657983326
  0.00006050000000000   0.49999313505070305
  0.00006075000000000   0.49999311449657742
  0.00006100000000000   0.49999307270750592
  0.00006125000000000   0.49999305204441262
  0.00006150000000000   0.49999300999198121
  0.00006175000000000   0.49999298921575556
  0.00006200000000000   0.49999294689653979
  0.00006225000000000   0.49999292600299804
  0.00006250000000000   0.49999288341356790
  0.00006275000000000   0.49999286239850733
  0.00006300000000000   0.49999281953542753
  0.00006325000000000   0.49999279839462652
  0.00006350000000000   0.49999277723131047
  0.00006375000000000   0.49999273398367494
  0.00006400000000000   0.49999271268809515
  0.00006425000000000   0.49999266915794859
  0.00006450000000000   0.49999264772583355
  0.00006475000000000   0.49999260390972060
  0.00006500000000000   0.49999258233678021
  0.00006525000000000   0.49999253823124164
  0.00006550000000000   0.49999251651316739
  0.00006575000000000   0.49999247211474052
  0.00006600000000000   0.49999245024720561
  0.00006625000000000   0.49999242834437169
  0.00006650000000000   0.49999238353108414
  0.00006675000000000   0.49999236147209224
  0.00006700000000000   0.49999231635697159
  0.00006725000000000   0.49999229413744651
  0.00006750000000000   0.49999224871701654
  0.00006775000000000   0.49999222633256533
  0.00006800000000000   0.49999220390444790
  0.00006825000000000   0.49999215804956030
  0.00006850000000000   0.49999213544970939
  0.00006875000000000   0.49999208928052448
  0.00006900000000000   0.49999206650450009
  0.00006925000000000   0.49999204367871054
  0.00006950000000000   0.49999199706087820
  0.00006975000000000   0.49999197405202931
  0.00007000000000000   0.49999192711088508
  0.00007025000000000   0.49999190391449097
  0.00007050000000000   0.49999188066214905
  0.00007075000000000   0.49999183325810441
  0.00007100000000000   0.49999180981125444
  0.00007125000000000   0.49999176207486366
  0.00007150000000000   0.49999173842897527
  0.00007175000000000   0.49999171472087334
  0.00007200000000000   0.49999166650727581
  0.00007225000000000   0.49999164259309755
  0.00007250000000000   0.49999161861286884
  0.00007275000000000   0.49999156991327985
  0.00007300000000000   0.49999154571989056
  0.00007325000000000   0.49999152145658241
  0.00007350000000000   0.49999147226219563
  0.00007375000000000   0.49999144777859708
  0.00007400000000000   0.49999139823168429
  0.00007425000000000   0.49999137352316988
  0.00007450000000000   0.49999134873828781
  0.00007475000000000   0.49999129868217848
  0.00007500000000000   0.49999127366518096
  0.00007525000000000   0.49999124856786628
  0.00007550000000000   0.49999119799371675
  0.00007575000000000   0.49999117265704410
  0.00007600000000000   0.49999114723607422
  0.00007625000000000   0.49999112172940112
  0.00007650000000000   0.49999107046741706
  0.00007675000000000   0.49999104471149734
  0.00007700000000000   0.49999101886585209
  0.00007725000000000   0.49999096706480634
  0.00007750000000000   0.49999094096257176
  0.00007775000000000   0.49999091476655957
  0.00007800000000000   0.49999086241757392
  0.00007825000000000   0.49999083595759087
  0.00007850000000000   0.49999080939974884
  0.00007875000000000   0.49999078274260153
  0.00007900000000000   0.49999072966471284
  0.00007925000000000   0.49999070273351197
  0.00007950000000000   0.49999067569888399
  0.00007975000000000   0.49999062205196874
  0.00008000000000000   0.49999059473581619
  0.00008025000000000   0.49999056731208663
  0.00008050000000000   0.49999053977930601
  0.00008075000000000   0.49999048537451281
  0.00008100000000000   0.49999045755000003
  0.00008125000000000   0.49999042961224756
  0.00008150000000000   0.49999040155976554
  0.00008175000000000   0.49999034638031129
  0.00008200000000000   0.49999031802582085
  0.00008225000000000   0.49999028955237467
  0.00008250000000000   0.49999026095846735
  0.00008275000000000   0.49999023224258913
  0.00008300000000000   0.49999017608130995
  0.00008325000000000   0.49999014705033031
  0.00008350000000000   0.49999011789310656
  0.00008375000000000   0.49999008860811382
  0.00008400000000000   0.49999003163401172
  0.00008425000000000   0.49999000202349863
  0.00008450000000000   0.49998997228090898
  0.00008475000000000   0.49998994240470321
  0.00008500000000000   0.49998991239333755
  0.00008525000000000   0.49998985438882945
  0.00008550000000000   0.49998982403867611
  0.00008575000000000   0.49998979354901277
  0.00008600000000000   0.49998976291828157
  0.00008625000000000   0.49998973214492059
  0.00008650000000000   0.49998970122736381
  0.00008675000000000   0.49998964195733504
  0.00008700000000000   0.49998961068481562
  0.00008725000000000   0.49998957926370149
  0.00008750000000000   0.49998954769241339
  0.00008775000000000   0.49998951596936821
  0.00008800000000000   0.49998948409297892
  0.00008825000000000   0.49998945206165466
  0.00008850000000000   0.49998939126971863
  0.00008875000000000   0.49998935886429179
  0.00008900000000000   0.49998932629947891
  0.00008925000000000   0.49998929357367709
  0.00008950000000000   0.49998926068527984
  0.00008975000000000   0.49998922763267706
  0.00009000000000000   0.49998919441425509
  0.00009025000000000   0.49998916102839678
  0.00009050000000000   0.49998909843324402
  0.00009075000000000   0.49998906465113690
  0.00009100000000000   0.49998903069709123
  0.00009125000000000   0.49998899656947956
  0.00009150000000000   0.49998896226667118
  0.00009175000000000   0.49998892778703224
  0.00009200000000000   0.49998889312892571
  0.00009225000000000   0.49998885829071152
  0.00009250000000000   0.49998882327074661
  0.00009275000000000   0.49998878806738491
  0.00009300000000000   0.49998875267897750
  0.00009325000000000   0.49998871710387263
  0.00009350000000000   0.49998868134041578
  0.00009375000000000   0.49998864538694972
  0.00009400000000000   0.49998860924181463
  0.00009425000000000   0.49998854308702467
  0.00009450000000000   0.49998850650306145
  0.00009475000000000   0.49998846972285779
  0.00009500000000000   0.49998843274474789
  0.00009525000000000   0.49998839556706374
  0.00009550000000000   0.49998835818813521
  0.00009575000000000   0.49998832060629013
  0.00009600000000000   0.49998828281985439
  0.00009625000000000   0.49998824482715200
  0.00009650000000000   0.49998820662650524
  0.00009675000000000   0.49998816821623468
  0.00009700000000000   0.49998812959465933
  0.00009725000000000   0.49998809076009673
  0.00009750000000000   0.49998805171086306
  0.00009775000000000   0.49998801244527321
  0.00009800000000000   0.49998800348926426
  0.00009825000000000   0.49998796382963982
  0.00009850000000000   0.49998792394811328
  0.00009875000000000   0.49998788384299119
  0.00009900000000000   0.49998784351257939
  0.00009925000000000   0.49998780295518310
  0.00009950000000000   0.49998776216910707
  0.00009975000000000   0.49998772115265568
  0.00010000000000000   0.49998767990413310
  0.00010025000000000   0.49998763842184341
  0.00010050000000000   0.49998759670409076
  0.00010075000000000   0.49998755474917949
  0.00010100000000000   0.49998751255541428
  0.00010125000000000   0.49998747012110033
  0.00010150000000000   0.49998745857331229
  0.00010175000000000   0.49998741568948647
  0.00010200000000000   0.49998737255948284
  0.00010225000000000   0.49998732918160516
  0.00010250000000000   0.49998728555415839
  0.00010275000000000   0.49998724167544899
  0.00010300000000000   0.49998719754378498
  0.00010325000000000   0.49998718456648932
  0.00010350000000000   0.49998713995669278
  0.00010375000000000   0.49998709508829248
  0.00010400000000000   0.49998704995959943
  0.00010425000000000   0.49998700456892715
  0.00010450000000000   0.49998695891459187
  0.00010475000000000   0.49998694462805970
  0.00010500000000000   0.49998689847074725
  0.00010525000000000   0.49998685204412176
  0.00010550000000000   0.49998680534650682
  0.00010575000000000   0.49998675837622983
  0.00010600000000000   0.49998674294197170
  0.00010625000000000   0.49998669544775040
  0.00010650000000000   0.49998664767522854
  0.00010675000000000   0.49998659962274507
  0.00010700000000000   0.49998655128864389
  0.00010725000000000   0.49998653464407131
  0.00010750000000000   0.49998648576502048
  0.00010775000000000   0.49998643659874048
  0.00010800000000000   0.49998638714359146
  0.00010825000000000   0.49998636949708944
  0.00010850000000000   0.49998631947994451
  0.00010875000000000   0.49998626916834956
  0.00010900000000000   0.49998625075744141
  0.00010925000000000   0.49998619987075660
  0.00010950000000000   0.49998614868406674
  0.00010975000000000   0.49998612948446178
  0.00011000000000000   0.49998607770959175
  0.00011025000000000   0.49998602562919469
  0.00011050000000000   0.49998597324168714
  0.00011075000000000   0.49998595293483271
  0.00011100000000000   0.49998589994217343
  0.00011125000000000   0.49998587909184427
  0.00011150000000000   0.49998582548488804
  0.00011175000000000   0.49998577156149104
  0.00011200000000000   0.49998574984894632
  0.00011225000000000   0.49998569529825523
  0.00011250000000000   0.49998564042574865
  0.00011275000000000   0.49998561782632469
  0.00011300000000000   0.49998556231358929
  0.00011325000000000   0.49998553912476202
  0.00011350000000000   0.49998548296271871
  0.00011375000000000   0.49998542646977706
  0.00011400000000000   0.49998540235220516
  0.00011425000000000   0.49998534519715067
  0.00011450000000000   0.49998532046111475
  0.00011475000000000   0.49998526263494839
  0.00011500000000000   0.49998523726852142
  0.00011525000000000   0.49998517876228043
  0.00011550000000000   0.49998515275351737
  0.00011575000000000   0.49998509355828143
  0.00011600000000000   0.49998506689522422
  0.00011625000000000   0.49998500700212190
  0.00011650000000000   0.49998497967280477
  0.00011675000000000   0.49998491907302031
  0.00011700000000000   0.49998489106547548
  0.00011725000000000   0.49998482975025599
  0.00011750000000000   0.49998480105251963
  0.00011775000000000   0.49998473901318268
  0.00011800000000000   0.49998470961330131
  0.00011825000000000   0.49998464684124284
  0.00011850000000000   0.49998461672728014
  0.00011875000000000   0.49998458626713471
  0.00011900000000000   0.49998452237402687
  0.00011925000000000   0.49998449118112184
  0.00011950000000000   0.49998442653323980
  0.00011975000000000   0.49998439459569732
  0.00012000000000000   0.49998436229465007
  0.00012025000000000   0.49998429649074823
  0.00012050000000000   0.49998426342646754
  0.00012075000000000   0.49998422998811934
  0.00012100000000000   0.49998416300705025
  0.00012125000000000   0.49998412878694824
  0.00012150000000000   0.49998409418222193
  0.00012175000000000   0.49998402600317545
  0.00012200000000000   0.49998399059828059
  0.00012225000000000   0.49998395479822491
  0.00012250000000000   0.49998388540078208
  0.00012275000000000   0.49998384878228154
  0.00012300000000000   0.49998381175811957
  0.00012325000000000   0.49998377432449443
  0.00012350000000000   0.49998370326160199
  0.00012375000000000   0.49998366498478419
  0.00012400000000000   0.49998362628806786
  0.00012425000000000   0.49998358716766554
  0.00012450000000000   0.49998354761979257
  0.00012475000000000   0.49998347441416753
  0.00012500000000000   0.49998343399215144
  0.00012525000000000   0.49998339313235092
  0.00012550000000000   0.49998335183100977
  0.00012575000000000   0.49998331008437832
  0.00012600000000000   0.49998326788871414
  0.00012625000000000   0.49998319202666611
  0.00012650000000000   0.49998314892021191
  0.00012675000000000   0.49998310535463067
  0.00012700000000000   0.49998306132622854
  0.00012725000000000   0.49998301683132340
  0.00012750000000000   0.49998297186624582
  0.00012775000000000   0.49998292642734001
  0.00012800000000000   0.49998288051096483
  0.00012825000000000   0.49998283411349486
  0.00012850000000000   0.49998278723132144
  0.00012875000000000   0.49998273986085379
  0.00012900000000000   0.49998269199852015
  0.00012925000000000   0.49998264364076895
  0.00012950000000000   0.49998259478407005
  0.00012975000000000   0.49998254542491592
  0.00013000000000000   0.49998249555982301
  0.00013025000000000   0.49998244518533299
  0.00013050000000000   0.49998239429801422
  0.00013075000000000   0.49998234289446303
  0.00013100000000000   0.49998229097130526
  0.00013125000000000   0.49998227155073153
  0.00013150000000000   0.49998221855601070
  0.00013175000000000   0.49998216503042385
  0.00013200000000000   0.49998211097071624
  0.00013225000000000   0.49998205637367035
  0.00013250000000000   0.49998200123610766
  0.00013275000000000   0.49998197847282871
  0.00013300000000000   0.49998192221441021
  0.00013325000000000   0.49998186540477689
  0.00013350000000000   0.49998180804090962
  0.00013375000000000   0.49998178295442157
  0.00013400000000000   0.49998172443711359
  0.00013425000000000   0.49998166535533782
  0.00013450000000000   0.49998160570626515
  0.00013475000000000   0.49998157821562039
  0.00013500000000000   0.49998151738168387
  0.00013525000000000   0.49998148866106570
  0.00013550000000000   0.49998142662556915
  0.00013575000000000   0.49998136400638989
  0.00013600000000000   0.49998133339910548
  0.00013625000000000   0.49998126955549422
  0.00013650000000000   0.49998123766405615
  0.00013675000000000   0.49998117258023405
  0.00013700000000000   0.49998113938283542
  0.00013725000000000   0.49998107304344506
  0.00013750000000000   0.49998103851858578
  0.00013775000000000   0.49998097090873322
  0.00013800000000000   0.49998093503526036
  0.00013825000000000   0.49998086614056009
  0.00013850000000000   0.49998082889771104
  0.00013875000000000   0.49998075870433365
  0.00013900000000000   0.49998072007178235
  0.00013925000000000   0.49998068072611362
  0.00013950000000000   0.49998060852441168
  0.00013975000000000   0.49998056775773033
  0.00014000000000000   0.49998052625993359
  0.00014025000000000   0.49998045201699198
  0.00014050000000000   0.49998040906803059
  0.00014075000000000   0.49998036537049468
  0.00014100000000000   0.49998032091808451
  0.00014125000000000   0.49998024387821476
  0.00014150000000000   0.49998019793531860
  0.00014175000000000   0.49998015122094252
  0.00014200000000000   0.49998010372907566
  0.00014225000000000   0.49998005545378461
  0.00014250000000000   0.49998000638921781
  0.00014275000000000   0.49997995652961010
  0.00014300000000000   0.49997990586928750
  0.00014325000000000   0.49997985440267205
  0.00014350000000000   0.49997980212428694
  0.00014375000000000   0.49997974902876179
  0.00014400000000000   0.49997969511083804
  0.00014425000000000   0.49997964036537466
  0.00014450000000000   0.49997958478735397
  0.00014475000000000   0.49997952837188771
  0.00014500000000000   0.49997947111422328
  0.00014525000000000   0.49997941300975029
  0.00014550000000000   0.49997938496079210
  0.00014575000000000   0.49997932507600387
  0.00014600000000000   0.49997926432919127
  0.00014625000000000   0.49997920271635689
  0.00014650000000000   0.49997917088122676
  0.00014675000000000   0.49997910744223595
  0.00014700000000000   0.49997904312392187
  0.00014725000000000   0.49997900836333158
  0.00014750000000000   0.49997894218664969
  0.00014775000000000   0.49997890542503809
  0.00014800000000000   0.49997883736866391
  0.00014825000000000   0.49997879857540641
  0.00014850000000000   0.49997872861956477
  0.00014875000000000   0.49997868776543367
  0.00014900000000000   0.49997861589205428
  0.00014925000000000   0.49997857294937571
  0.00014950000000000   0.49997852892129534
  0.00014975000000000   0.49997845408508390
  0.00015000000000000   0.49997840792746873
  0.00015025000000000   0.49997836066083334
  0.00015050000000000   0.49997831227681697
  0.00015075000000000   0.49997826276729245
  0.00015100000000000   0.49997821212437943
  0.00015125000000000   0.49997813112668065
  0.00015150000000000   0.49997807828000173
  0.00015175000000000   0.49997802428095242
  0.00015200000000000   0.49997796912281787
  0.00015225000000000   0.49997794165223502
  0.00015250000000000   0.49997788405913405
  0.00015275000000000   0.49997782528562462
  0.00015300000000000   0.49997776532634771
  0.00015325000000000   0.49997770417633769
  0.00015350000000000   0.49997767020952635
  0.00015375000000000   0.49997760655054709
  0.00015400000000000   0.49997754168513852
  0.00015425000000000   0.49997750368273038
  0.00015450000000000   0.49997743627074230
  0.00015475000000000   0.49997739550772318
  0.00015500000000000   0.49997732552633363
  0.00015525000000000   0.49997728196752032
  0.00015550000000000   0.49997723695270630
  0.00015575000000000   0.49997716301208404
  0.00015600000000000   0.49997711515239959
  0.00015625000000000   0.49997706580886568
  0.00015650000000000   0.49997701497200780
  0.00015675000000000   0.49997696263294040
  0.00015700000000000   0.49997690878340120
  0.00015725000000000   0.49997685341578716
  0.00015750000000000   0.49997679652319209
  0.00015775000000000   0.49997673809944606
  0.00015800000000000   0.49997667813915672
  0.00015825000000000   0.49997661663775240
  0.00015850000000000   0.49997657972759544
  0.00015875000000000   0.49997651498809748
  0.00015900000000000   0.49997647457986078
  0.00015925000000000   0.49997640657698475
  0.00015950000000000   0.49997636263066587
  0.00015975000000000   0.49997631684283576
  0.00016000000000000   0.49997624383023663
  0.00016025000000000   0.49997619445426143
  0.00016050000000000   0.49997614320919551
  0.00016075000000000   0.49997609008645769
  0.00016100000000000   0.49997603507871060
  0.00016125000000000   0.49997597817993749
  0.00016150000000000   0.49997594390114162
  0.00016175000000000   0.49997588304682772
  0.00016200000000000   0.49997582028674412
  0.00016225000000000   0.49997577967924700
  0.00016250000000000   0.49997571293171537
  0.00016275000000000   0.49997566801736973
  0.00016300000000000   0.49997562086588504
  0.00016325000000000   0.49997557146707888
  0.00016350000000000   0.49997551981274019
  0.00016375000000000   0.49997546589676210
  0.00016400000000000   0.49997540971528266
  0.00016425000000000   0.49997535126683389
  0.00016450000000000   0.49997531316601507
  0.00016475000000000   0.49997527245770859
  0.00016500000000000   0.49997520682674922
  0.00016525000000000   0.49997516103086751
  0.00016550000000000   0.49997511260086162
  0.00016575000000000   0.49997506153159164
  0.00016600000000000   0.49997500782135338
  0.00016625000000000   0.49997497286222610
  0.00016650000000000   0.49997491367490016
  0.00016675000000000   0.49997487286687635
  0.00016700000000000   0.49997482903813980
  0.00016725000000000   0.49997478218328523
  0.00016750000000000   0.49997473230177056
  0.00016775000000000   0.49997467939829612
  0.00016800000000000   0.49997464352452018
  0.00016825000000000   0.49997458438636440
  0.00016850000000000   0.49997454187885357
  0.00016875000000000   0.49997449596217833
  0.00016900000000000   0.49997446585892098
  0.00016925000000000   0.49997441292613743
  0.00016950000000000   0.49997437539832827
  0.00016975000000000   0.49997433406391069
  0.00017000000000000   0.49997430729230482
  0.00017025000000000   0.49997425814853024
  0.00017050000000000   0.49997422314885273
  0.00017075000000000   0.49997418394584558
  0.00017100000000000   0.49997414056272949
  0.00017125000000000   0.49997411022441132
  0.00017150000000000   0.49997407528374772
  0.00017175000000000   0.49997405249262523
  0.00017200000000000   0.49997400818778678
  0.00017225000000000   0.49997399184024978
  0.00017250000000000   0.49997395405215633
  0.00017275000000000   0.49997392707773938
  0.00017300000000000   0.49997391019615181
  0.00017325000000000   0.49997387228703526
  0.00017350000000000   0.49997385898858845
  0.00017375000000000   0.49997383946045867
  0.00017400000000000   0.49997381378478953
  0.00017425000000000   0.49997381023650196
  0.00017450000000000   0.49997379961807095
  0.00017475000000000   0.49997378203970551
  0.00017500000000000   0.49997377087161813
  0.00017525000000000   0.49997377829540359
  0.00017550000000000   0.49997377744855351
  0.00017575000000000   0.49997378083295061
  0.00017600000000000   0.49997378774443750
  0.00017625000000000   0.49997379749902724
  0.00017650000000000   0.49997382077028122
  0.00017675000000000   0.49997384493365707
  0.00017700000000000   0.49997386939813446
  0.00017725000000000   0.49997391424454111
  0.00017750000000000   0.49997395699491226
  0.00017775000000000   0.49997400686258832
  0.00017800000000000   0.49997408090660177
  0.00017825000000000   0.49997415799012853
  0.00017850000000000   0.49997424550086568
  0.00017875000000000   0.49997435752637715
  0.00017900000000000   0.49997448239905374
  0.00017925000000000   0.49997463926143067
  0.00017950000000000   0.49997482258548150
  0.00017975000000000   0.49997504666009232
  0.00018000000000000   0.49997532769937855
  0.00018025000000000   0.49997567722550279
  0.00018050000000000   0.49997613769654381
  0.00018075000000000   0.49997679125383211
  0.00018100000000000   0.49997785117607970
  0.00018125000000000   0.49998086647226215
  0.00018150000000000   0.50005393205456913
  0.00018175000000000   0.50006108184061206
  0.00018200000000000   0.50006574197351448
  0.00018225000000000   0.50006938302231575
  0.00018250000000000   0.50007241128677619
  0.00018275000000000   0.50007503142882384
  0.00018300000000000   0.50007736225589427
  0.00018325000000000   0.50007947492748737
  0.00018350000000000   0.50008141380375683
  0.00018375000000000   0.50008322135802506
  0.00018400000000000   0.50008488630123683
  0.00018425000000000   0.50008648151102438
  0.00018450000000000   0.50008800541215549
  0.00018475000000000   0.50008941504215842
  0.00018500000000000   0.50009079717563422
  0.00018525000000000   0.50009209988581072
  0.00018550000000000   0.50009333588402966
  0.00018575000000000   0.50009455058512285
  0.00018600000000000   0.50009571879088749
  0.00018625000000000   0.50009688332502378
  0.00018650000000000   0.50009798110413199
  0.00018675000000000   0.50009901763645327
