 -0.01062500000000000   0.49005349652180589
 -0.01050000000000000   0.49017773396477735
 -0.01037500000000000   0.49030769738717276
 -0.01025000000000000   0.49043976438978875
 -0.01012500000000000   0.49056623595142383
 -0.01000000000000000   0.49069178420045226
 -0.00987500000000000   0.49082660661852753
 -0.00975000000000000   0.49096206401418709
 -0.00962500000000000   0.49108926465704938
 -0.00950000000000000   0.49121504258067004
 -0.00937500000000000   0.49134865529607843
 -0.00925000000000000   0.49148231533617371
 -0.00912500000000000   0.49160755040263706
 -0.00900000000000000   0.49173671102059529
 -0.00887500000000000   0.49187664610855379
 -0.00875000000000000   0.49201261972364011
 -0.00862500000000000   0.49213822618486135
 -0.00850000000000000   0.49226859084160737
 -0.00837500000000000   0.49240779413393035
 -0.00825000000000000   0.49254023244185321
 -0.00812500000000000   0.49266633298280973
 -0.00800000000000000   0.49280370339941728
 -0.00787500000000000   0.49294875506481754
 -0.00775000000000000   0.49308084873329174
 -0.00762500000000000   0.49320837840186874
 -0.00750000000000000   0.49335039714166655
 -0.00737500000000000   0.49349303828292839
 -0.00725000000000000   0.49362054191618401
 -0.00712500000000000   0.49375585157153456
 -0.00700000000000000   0.49390916093600721
 -0.00687500000000000   0.49405183864576575
 -0.00675000000000000   0.49417912912493955
 -0.00662500000000000   0.49432533554553318
 -0.00650000000000000   0.49448027823122809
 -0.00637500000000000   0.49461336061119992
 -0.00625000000000000   0.49475177337286598
 -0.00612500000000000   0.49492006722092942
 -0.00600000000000000   0.49506986864528779
 -0.00587500000000000   0.49520283071447874
 -0.00575000000000000   0.49537190154183401
 -0.00562500000000000   0.49553752192046654
 -0.00550000000000000   0.49567275412769683
 -0.00537500000000000   0.49585273010402866
 -0.00525000000000000   0.49604129481967804
 -0.00512500000000000   0.49618403085782198
 -0.00500000000000000   0.49639172943134720
 -0.00487500000000000   0.49658730029669990
 -0.00475000000000000   0.49676517856233411
 -0.00462500000000000   0.49704995563650568
 -0.00450000000000000   0.49725754279998851
 -0.00437500000000000   0.49762465882744994
 -0.00425000000000000   0.49830277416699543
 -0.00412500000000000   0.50010995962887993
 -0.00400000000000000   0.49984693915717575
 -0.00387500000000000   0.49992632086118444
 -0.00375000000000000   0.50008378225129520
 -0.00362500000000000   0.50013131706330669
 -0.00350000000000000   0.50011095943623693
 -0.00337500000000000   0.50005554060037136
 -0.00325000000000000   0.49998400107078922
 -0.00312500000000000   0.49993667153266548
 -0.00300000000000000   0.49991000851475242
 -0.00287500000000000   0.49990243999404995
 -0.00275000000000000   0.49990927698349838
 -0.00262500000000000   0.49992569787357707
 -0.00250000000000000   0.49994417611527424
 -0.00237500000000000   0.49996619689197897
 -0.00225000000000000   0.49998660073719498
 -0.00212500000000000   0.50000365202017039
 -0.00200000000000000   0.50001972203166085
 -0.00187500000000000   0.50002852018782221
 -0.00175000000000000   0.50003394447395155
 -0.00162500000000000   0.50003827783761984
 -0.00150000000000000   0.50003851847475377
 -0.00137500000000000   0.50003813153667391
 -0.00125000000000000   0.50003556942975452
 -0.00112500000000000   0.50003271134759684
 -0.00100000000000000   0.50002910547033994
 -0.00087500000000000   0.50002504589719271
 -0.00075000000000000   0.50002090392789212
 -0.00062500000000000   0.50001667002366523
 -0.00050000000000000   0.50001243745035080
 -0.00037500000000000   0.50000824867091884
 -0.00025000000000000   0.50000410908201502
 -0.00012500000000000   0.50000000000000000
  0.00000000000000000   0.49999589091798497
  0.00012500000000000   0.49999175132908116
  0.00025000000000000   0.49998756254964920
  0.00037500000000000   0.49998332997633477
  0.00050000000000000   0.49997909607210788
  0.00062500000000000   0.49997495410280729
  0.00075000000000000   0.49997089452966006
  0.00087500000000000   0.49996728865240316
  0.00100000000000000   0.49996443057024548
  0.00112500000000000   0.49996186846332609
  0.00125000000000000   0.49996148152524623
  0.00137500000000000   0.49996172216238016
  0.00150000000000000   0.49996605552604845
  0.00162500000000000   0.49997147981217779
  0.00175000000000000   0.49998027796833916
  0.00187500000000000   0.49999634797982962
  0.00200000000000000   0.50001339926280502
  0.00212500000000000   0.50003380310802104
  0.00225000000000000   0.50005582388472576
  0.00237500000000000   0.50007430212642294
  0.00250000000000000   0.50009072301650162
  0.00262500000000000   0.50009756000595006
  0.00275000000000000   0.50008999148524758
  0.00287500000000000   0.50006332846733452
  0.00300000000000000   0.50001599892921077
  0.00312500000000000   0.49994445939962863
  0.00325000000000000   0.49988904056376306
  0.00337500000000000   0.49986868293669331
  0.00350000000000000   0.49991621774870481
  0.00362500000000000   0.50007367913881559
  0.00375000000000000   0.50015306084282425
  0.00387500000000000   0.49989004037111998
  0.00400000000000000   0.50169722583300517
  0.00412500000000000   0.50237534117255008
  0.00425000000000000   0.50274245720001151
  0.00437500000000000   0.50295004436349435
  0.00450000000000000   0.50323482143766593
  0.00462500000000000   0.50341269970330012
  0.00475000000000000   0.50360827056865284
  0.00487500000000000   0.50381596914217804
  0.00500000000000000   0.50395870518032198
  0.00512500000000000   0.50414726989597137
  0.00525000000000000   0.50432724587230319
  0.00537500000000000   0.50446247807953349
  0.00550000000000000   0.50462809845816602
  0.00562500000000000   0.50479716928552128
  0.00575000000000000   0.50493013135471223
  0.00587500000000000   0.50507993277907061
  0.00600000000000000   0.50524822662713404
  0.00612500000000000   0.50538663938880010
  0.00625000000000000   0.50551972176877194
  0.00637500000000000   0.50567466445446684
  0.00650000000000000   0.50582087087506046
  0.00662500000000000   0.50594816135423427
  0.00675000000000000   0.50609083906399281
  0.00687500000000000   0.50624414842846545
  0.00700000000000000   0.50637945808381601
  0.00712500000000000   0.50650696171707162
  0.00725000000000000   0.50664960285833348
  0.00737500000000000   0.50679162159813128
  0.00750000000000000   0.50691915126670827
  0.00762500000000000   0.50705124493518249
  0.00775000000000000   0.50719629660058274
  0.00787500000000000   0.50733366701719029
  0.00800000000000000   0.50745976755814680
  0.00812500000000000   0.50759220586606967
  0.00825000000000000   0.50773140915839265
  0.00837500000000000   0.50786177381513866
  0.00850000000000000   0.50798738027635991
  0.00862500000000000   0.50812335389144622
  0.00875000000000000   0.50826328897940473
  0.00887500000000000   0.50839244959736295
  0.00900000000000000   0.50851768466382631
  0.00912500000000000   0.50865134470392159
  0.00925000000000000   0.50878495741932998
  0.00937500000000000   0.50891073534295065
  0.00950000000000000   0.50903793598581293
  0.00962500000000000   0.50917339338147249
  0.00975000000000000   0.50930821579954776
  0.00987500000000000   0.50943376404857619
  0.01000000000000000   0.50956023561021127
  0.01012500000000000   0.50969230261282726
  0.01025000000000000   0.50982226603522267
  0.01037500000000000   0.50994650347819412
