 -0.00011325000000000   0.49990022343638886
 -0.00011300000000000   0.49990052023545690
 -0.00011275000000000   0.49990081751620056
 -0.00011250000000000   0.49990111528361635
 -0.00011225000000000   0.49990140846703305
 -0.00011200000000000   0.49990170722724964
 -0.00011175000000000   0.49990200648966573
 -0.00011150000000000   0.49990230119432866
 -0.00011125000000000   0.49990260148169955
 -0.00011100000000000   0.49990290228734674
 -0.00011075000000000   0.49990319856368105
 -0.00011050000000000   0.49990350042760279
 -0.00011025000000000   0.49990379778156137
 -0.00011000000000000   0.49990409568474095
 -0.00010975000000000   0.49990439918243530
 -0.00010950000000000   0.49990469819977468
 -0.00010925000000000   0.49990499778523066
 -0.00010900000000000   0.49990530297106241
 -0.00010875000000000   0.49990560370863141
 -0.00010850000000000   0.49990590503395891
 -0.00010825000000000   0.49990620695383091
 -0.00010800000000000   0.49990650947512349
 -0.00010775000000000   0.49990681260480358
 -0.00010750000000000   0.49990711634992969
 -0.00010725000000000   0.49990742071765269
 -0.00010700000000000   0.49990772571521638
 -0.00010675000000000   0.49990803134995824
 -0.00010650000000000   0.49990833762930996
 -0.00010625000000000   0.49990864456079806
 -0.00010600000000000   0.49990894718670871
 -0.00010575000000000   0.49990925545214224
 -0.00010550000000000   0.49990956439316496
 -0.00010525000000000   0.49990986906961296
 -0.00010500000000000   0.49991017939326160
 -0.00010475000000000   0.49991048548044035
 -0.00010450000000000   0.49991079228833590
 -0.00010425000000000   0.49991110475372370
 -0.00010400000000000   0.49991141302603841
 -0.00010375000000000   0.49991172204691027
 -0.00010350000000000   0.49991203673406250
 -0.00010325000000000   0.49991234727534794
 -0.00010300000000000   0.49991265859424129
 -0.00010275000000000   0.49991297070080918
 -0.00010250000000000   0.49991328360526442
 -0.00010225000000000   0.49991359731796742
 -0.00010200000000000   0.49991390698094250
 -0.00010175000000000   0.49991422234963718
 -0.00010150000000000   0.49991453855893799
 -0.00010125000000000   0.49991485561982100
 -0.00010100000000000   0.49991516870414858
 -0.00010075000000000   0.49991548751110219
 -0.00010050000000000   0.49991580237936844
 -0.00010025000000000   0.49991612297985298
 -0.00010000000000000   0.49991643968180417
 -0.00009975000000000   0.49991675732299268
 -0.00009950000000000   0.49991707591684691
 -0.00009925000000000   0.49991739547701114
 -0.00009900000000000   0.49991771601734844
 -0.00009875000000000   0.49991803755194347
 -0.00009850000000000   0.49991836009510526
 -0.00009825000000000   0.49991868366136983
 -0.00009800000000000   0.49991900826550275
 -0.00009775000000000   0.49991933392250156
 -0.00009750000000000   0.49991965591969187
 -0.00009725000000000   0.49991998373951196
 -0.00009700000000000   0.49992030794925894
 -0.00009675000000000   0.49992063329438386
 -0.00009650000000000   0.49992096448740035
 -0.00009625000000000   0.49992129214874066
 -0.00009600000000000   0.49992162099940984
 -0.00009575000000000   0.49992195105819690
 -0.00009550000000000   0.49992228234421750
 -0.00009525000000000   0.49992261022996447
 -0.00009500000000000   0.49992294404045486
 -0.00009475000000000   0.49992327913816999
 -0.00009450000000000   0.49992361092744562
 -0.00009425000000000   0.49992394867468989
 -0.00009400000000000   0.49992428317829133
 -0.00009375000000000   0.49992461907802127
 -0.00009350000000000   0.49992495639794616
 -0.00009325000000000   0.49992529516258743
 -0.00009300000000000   0.49992563539692934
 -0.00009275000000000   0.49992597712642669
 -0.00009250000000000   0.49992631584510433
 -0.00009225000000000   0.49992666065706054
 -0.00009200000000000   0.49992700253555224
 -0.00009175000000000   0.49992735054091909
 -0.00009150000000000   0.49992769569555331
 -0.00009125000000000   0.49992804253923160
 -0.00009100000000000   0.49992838664053752
 -0.00009075000000000   0.49992873697164620
 -0.00009050000000000   0.49992908908979634
 -0.00009025000000000   0.49992943860362413
 -0.00009000000000000   0.49992979441408445
 -0.00008975000000000   0.49993014771905027
 -0.00008950000000000   0.49993050298246677
 -0.00008925000000000   0.49993086024405739
 -0.00008900000000000   0.49993121518401036
 -0.00008875000000000   0.49993157658072662
 -0.00008850000000000   0.49993193576857200
 -0.00008825000000000   0.49993229715473491
 -0.00008800000000000   0.49993266078709340
 -0.00008775000000000   0.49993302671464620
 -0.00008750000000000   0.49993339498753949
 -0.00008725000000000   0.49993376139488549
 -0.00008700000000000   0.49993413028383914
 -0.00008675000000000   0.49993450171225697
 -0.00008650000000000   0.49993487573943775
 -0.00008625000000000   0.49993525242616068
 -0.00008600000000000   0.49993562764759043
 -0.00008575000000000   0.49993600569013544
 -0.00008550000000000   0.49993638662400343
 -0.00008525000000000   0.49993677052126182
 -0.00008500000000000   0.49993715333195114
 -0.00008475000000000   0.49993753929304897
 -0.00008450000000000   0.49993792848790158
 -0.00008425000000000   0.49993832100219260
 -0.00008400000000000   0.49993871286779745
 -0.00008375000000000   0.49993910827200192
 -0.00008350000000000   0.49993950731407802
 -0.00008325000000000   0.49993991009624066
 -0.00008300000000000   0.49994031274354038
 -0.00008275000000000   0.49994071939060938
 -0.00008250000000000   0.49994112621262326
 -0.00008225000000000   0.49994153731942391
 -0.00008200000000000   0.49994195284487653
 -0.00008175000000000   0.49994236904255945
 -0.00008150000000000   0.49994278998788102
 -0.00008125000000000   0.49994321199125640
 -0.00008100000000000   0.49994363910754035
 -0.00008075000000000   0.49994407151299452
 -0.00008050000000000   0.49994450561094883
 -0.00008025000000000   0.49994494542521051
 -0.00008000000000000   0.49994538743019496
 -0.00007975000000000   0.49994583191837880
 -0.00007950000000000   0.49994628288964890
 -0.00007925000000000   0.49994673693343857
 -0.00007900000000000   0.49994719803986554
 -0.00007875000000000   0.49994766288427669
 -0.00007850000000000   0.49994813185766931
 -0.00007825000000000   0.49994860894366906
 -0.00007800000000000   0.49994909096807000
 -0.00007775000000000   0.49994957840753900
 -0.00007750000000000   0.49995007177319187
 -0.00007725000000000   0.49995057161489805
 -0.00007700000000000   0.49995107852604784
 -0.00007675000000000   0.49995159314884151
 -0.00007650000000000   0.49995211618016938
 -0.00007625000000000   0.49995264837816323
 -0.00007600000000000   0.49995318727303370
 -0.00007575000000000   0.49995373713816474
 -0.00007550000000000   0.49995429574461457
 -0.00007525000000000   0.49995486750301284
 -0.00007500000000000   0.49995545048616700
 -0.00007475000000000   0.49995604618304223
 -0.00007450000000000   0.49995665625699864
 -0.00007425000000000   0.49995727953824565
 -0.00007400000000000   0.49995792126706839
 -0.00007375000000000   0.49995858090600781
 -0.00007350000000000   0.49995926136776518
 -0.00007325000000000   0.49995996030767153
 -0.00007300000000000   0.49996068757190789
 -0.00007275000000000   0.49996144231373322
 -0.00007250000000000   0.49996222775207623
 -0.00007225000000000   0.49996304858373076
 -0.00007200000000000   0.49996391400858167
 -0.00007175000000000   0.49996482805286994
 -0.00007150000000000   0.49996580135281928
 -0.00007125000000000   0.49996685014938239
 -0.00007100000000000   0.49996798789884325
 -0.00007075000000000   0.49996924800376225
 -0.00007050000000000   0.49997067345178595
 -0.00007025000000000   0.49997234334150100
 -0.00007000000000000   0.49997442340674116
 -0.00006975000000000   0.49997738302384715
 -0.00006950000000000   0.49998761491238019
 -0.00006925000000000   0.50000936835017212
 -0.00006900000000000   0.50000993775845371
 -0.00006875000000000   0.50001027549156067
 -0.00006850000000000   0.50001051128290384
 -0.00006825000000000   0.50001068770620428
 -0.00006800000000000   0.50001082538581418
 -0.00006775000000000   0.50001093567845566
 -0.00006750000000000   0.50001102543740589
 -0.00006725000000000   0.50001109961153838
 -0.00006700000000000   0.50001116016015096
 -0.00006675000000000   0.50001121089967814
 -0.00006650000000000   0.50001125235144233
 -0.00006625000000000   0.50001128596918009
 -0.00006600000000000   0.50001131337193409
 -0.00006575000000000   0.50001133529931454
 -0.00006550000000000   0.50001135144110539
 -0.00006525000000000   0.50001136372315249
 -0.00006500000000000   0.50001137312410471
 -0.00006475000000000   0.50001137706312510
 -0.00006450000000000   0.50001137891969754
 -0.00006425000000000   0.50001137859402518
 -0.00006400000000000   0.50001137464876786
 -0.00006375000000000   0.50001136819845732
 -0.00006350000000000   0.50001136046851242
 -0.00006325000000000   0.50001134998329226
 -0.00006300000000000   0.50001133800730420
 -0.00006275000000000   0.50001132445170278
 -0.00006250000000000   0.50001130773657670
 -0.00006225000000000   0.50001129070683017
 -0.00006200000000000   0.50001127333759699
 -0.00006175000000000   0.50001125403634781
 -0.00006150000000000   0.50001123269632128
 -0.00006125000000000   0.50001121081674707
 -0.00006100000000000   0.50001118672789002
 -0.00006075000000000   0.50001116362676311
 -0.00006050000000000   0.50001113818725259
 -0.00006025000000000   0.50001111199576608
 -0.00006000000000000   0.50001108500730726
 -0.00005975000000000   0.50001105717601990
 -0.00005950000000000   0.50001102845552514
 -0.00005925000000000   0.50001099879913387
 -0.00005900000000000   0.50001096815995528
 -0.00005875000000000   0.50001093830421152
 -0.00005850000000000   0.50001090740831936
 -0.00005825000000000   0.50001087542590196
 -0.00005800000000000   0.50001084231064335
 -0.00005775000000000   0.50001080989639047
 -0.00005750000000000   0.50001077629100183
 -0.00005725000000000   0.50001074144959180
 -0.00005700000000000   0.50001070725392171
 -0.00005675000000000   0.50001067176477021
 -0.00005650000000000   0.50001063689385494
 -0.00005625000000000   0.50001060067292109
 -0.00005600000000000   0.50001056504163796
 -0.00005575000000000   0.50001052800527456
 -0.00005550000000000   0.50001049152986295
 -0.00005525000000000   0.50001045359599066
 -0.00005500000000000   0.50001041619489125
 -0.00005475000000000   0.50001037728357803
 -0.00005450000000000   0.50001033887775502
 -0.00005425000000000   0.50001030097459843
 -0.00005400000000000   0.50001026149843505
 -0.00005375000000000   0.50001022249775345
 -0.00005350000000000   0.50001018187742161
 -0.00005325000000000   0.50001014170686755
 -0.00005300000000000   0.50001010198311936
 -0.00005275000000000   0.50001006058260531
 -0.00005250000000000   0.50001001960426122
 -0.00005225000000000   0.50000997904481742
 -0.00005200000000000   0.50000993889953672
 -0.00005175000000000   0.50000989701371246
 -0.00005150000000000   0.50000985551900459
 -0.00005125000000000   0.50000981224652164
 -0.00005100000000000   0.50000977151579972
 -0.00005075000000000   0.50000972898593695
 -0.00005050000000000   0.50000968681774991
 -0.00005025000000000   0.50000964281821246
 -0.00005000000000000   0.50000960135546347
 -0.00004975000000000   0.50000955804210758
 -0.00004950000000000   0.50000951506266315
 -0.00004925000000000   0.50000947241252282
 -0.00004900000000000   0.50000942787636295
 -0.00004875000000000   0.50000938365232087
 -0.00004850000000000   0.50000933973691971
 -0.00004825000000000   0.50000929612599112
 -0.00004800000000000   0.50000925281472232
 -0.00004775000000000   0.50000920757037295
 -0.00004750000000000   0.50000916484204913
 -0.00004725000000000   0.50000912016706455
 -0.00004700000000000   0.50000907576869896
 -0.00004675000000000   0.50000902940681092
 -0.00004650000000000   0.50000898554783946
 -0.00004625000000000   0.50000893971334124
 -0.00004600000000000   0.50000889637548643
 -0.00004575000000000   0.50000885105198196
 -0.00004550000000000   0.50000880597674812
 -0.00004525000000000   0.50000875890536472
 -0.00004500000000000   0.50000871431460207
 -0.00004475000000000   0.50000866771868714
 -0.00004450000000000   0.50000862359505726
 -0.00004425000000000   0.50000857745917888
 -0.00004400000000000   0.50000853154716186
 -0.00004375000000000   0.50000848585497588
 -0.00004350000000000   0.50000843814292198
 -0.00004325000000000   0.50000839288033318
 -0.00004300000000000   0.50000834782453737
 -0.00004275000000000   0.50000830074282901
 -0.00004250000000000   0.50000825386422348
 -0.00004225000000000   0.50000820718527849
 -0.00004200000000000   0.50000816070231113
 -0.00004175000000000   0.50000811441141310
 -0.00004150000000000   0.50000806830846514
 -0.00004125000000000   0.50000802017631545
 -0.00004100000000000   0.50000797444155414
 -0.00004075000000000   0.50000792667663262
 -0.00004050000000000   0.50000788129386993
 -0.00004025000000000   0.50000783388178847
 -0.00004000000000000   0.50000778664230429
 -0.00003975000000000   0.50000773957191442
 -0.00003950000000000   0.50000769266695558
 -0.00003925000000000   0.50000764374418908
 -0.00003900000000000   0.50000759716484784
 -0.00003875000000000   0.50000755073963826
 -0.00003850000000000   0.50000750230177642
 -0.00003825000000000   0.50000745618003613
 -0.00003800000000000   0.50000740805008541
 -0.00003775000000000   0.50000736007152246
 -0.00003750000000000   0.50000731224124887
 -0.00003725000000000   0.50000726455604502
 -0.00003700000000000   0.50000721701257768
 -0.00003675000000000   0.50000716960740728
 -0.00003650000000000   0.50000712233699492
 -0.00003625000000000   0.50000707309149276
 -0.00003600000000000   0.50000702608832406
 -0.00003575000000000   0.50000697920922136
 -0.00003550000000000   0.50000693036792530
 -0.00003525000000000   0.50000688165935435
 -0.00003500000000000   0.50000683514988174
 -0.00003475000000000   0.50000678669127124
 -0.00003450000000000   0.50000673835661188
 -0.00003425000000000   0.50000669014296321
 -0.00003400000000000   0.50000664204730827
 -0.00003375000000000   0.50000659406655853
 -0.00003350000000000   0.50000654619755871
 -0.00003325000000000   0.50000649642827189
 -0.00003300000000000   0.50000644878328618
 -0.00003275000000000   0.50000640124060946
 -0.00003250000000000   0.50000635181638978
 -0.00003225000000000   0.50000630447948489
 -0.00003200000000000   0.50000625527414210
 -0.00003175000000000   0.50000620617841419
 -0.00003150000000000   0.50000615913290399
 -0.00003125000000000   0.50000611023948774
 -0.00003100000000000   0.50000606144771268
 -0.00003075000000000   0.50000601275493676
 -0.00003050000000000   0.50000596415846786
 -0.00003025000000000   0.50000591565556715
 -0.00003000000000000   0.50000586724345231
 -0.00002975000000000   0.50000581891930072
 -0.00002950000000000   0.50000576882223787
 -0.00002925000000000   0.50000572067750156
 -0.00002900000000000   0.50000567261235143
 -0.00002875000000000   0.50000562279985849
 -0.00002850000000000   0.50000557489798081
 -0.00002825000000000   0.50000552526622558
 -0.00002800000000000   0.50000547751671463
 -0.00002775000000000   0.50000542805586403
 -0.00002750000000000   0.50000537868223524
 -0.00002725000000000   0.50000533114752558
 -0.00002700000000000   0.50000528192983849
 -0.00002675000000000   0.50000523279218364
 -0.00002650000000000   0.50000518373219704
 -0.00002625000000000   0.50000513474748405
 -0.00002600000000000   0.50000508583562161
 -0.00002575000000000   0.50000503699416038
 -0.00002550000000000   0.50000498822062676
 -0.00002525000000000   0.50000493951252496
 -0.00002500000000000   0.50000489086733894
 -0.00002475000000000   0.50000484065733725
 -0.00002450000000000   0.50000479214460104
 -0.00002425000000000   0.50000474368735297
 -0.00002400000000000   0.50000469369845219
 -0.00002375000000000   0.50000464535932892
 -0.00002350000000000   0.50000459551090096
 -0.00002325000000000   0.50000454728031734
 -0.00002300000000000   0.50000449756361661
 -0.00002275000000000   0.50000444791601887
 -0.00002250000000000   0.50000439983798300
 -0.00002225000000000   0.50000435030891998
 -0.00002200000000000   0.50000430084261190
 -0.00002175000000000   0.50000425143697741
 -0.00002150000000000   0.50000420208991556
 -0.00002125000000000   0.50000415279930721
 -0.00002100000000000   0.50000410356301651
 -0.00002075000000000   0.50000405437889227
 -0.00002050000000000   0.50000400524476935
 -0.00002025000000000   0.50000395615846998
 -0.00002000000000000   0.50000390711780508
 -0.00001975000000000   0.50000385812057553
 -0.00001950000000000   0.50000380916457341
 -0.00001925000000000   0.50000375893744255
 -0.00001900000000000   0.50000371007328193
 -0.00001875000000000   0.50000366124383600
 -0.00001850000000000   0.50000361118312342
 -0.00001825000000000   0.50000356243290080
 -0.00001800000000000   0.50000351247809721
 -0.00001775000000000   0.50000346379869724
 -0.00001750000000000   0.50000341394201230
 -0.00001725000000000   0.50000336532497248
 -0.00001700000000000   0.50000331555852317
 -0.00001675000000000   0.50000326584188922
 -0.00001650000000000   0.50000321731116402
 -0.00001625000000000   0.50000316767294992
 -0.00001600000000000   0.50000311807882859
 -0.00001575000000000   0.50000306852692259
 -0.00001550000000000   0.50000301901534347
 -0.00001525000000000   0.50000296954219267
 -0.00001500000000000   0.50000292010556258
 -0.00001475000000000   0.50000287070353737
 -0.00001450000000000   0.50000282133419402
 -0.00001425000000000   0.50000277199560313
 -0.00001400000000000   0.50000272268582988
 -0.00001375000000000   0.50000267340293489
 -0.00001350000000000   0.50000262414497504
 -0.00001325000000000   0.50000257491000439
 -0.00001300000000000   0.50000252478963667
 -0.00001275000000000   0.50000247561217468
 -0.00001250000000000   0.50000242645194283
 -0.00001225000000000   0.50000237645146886
 -0.00001200000000000   0.50000232733749140
 -0.00001175000000000   0.50000227823496176
 -0.00001150000000000   0.50000222833821228
 -0.00001125000000000   0.50000217927061764
 -0.00001100000000000   0.50000212943949926
 -0.00001075000000000   0.50000208039932694
 -0.00001050000000000   0.50000203062667333
 -0.00001025000000000   0.50000198088902615
 -0.00001000000000000   0.50000193188500689
 -0.00000975000000000   0.50000188219509189
 -0.00000950000000000   0.50000183253493221
 -0.00000925000000000   0.50000178290279635
 -0.00000900000000000   0.50000173392708194
 -0.00000875000000000   0.50000168432830695
 -0.00000850000000000   0.50000163475224335
 -0.00000825000000000   0.50000158519713924
 -0.00000800000000000   0.50000153566123832
 -0.00000775000000000   0.50000148614278056
 -0.00000750000000000   0.50000143664000287
 -0.00000725000000000   0.50000138715113982
 -0.00000700000000000   0.50000133767442426
 -0.00000675000000000   0.50000128820808799
 -0.00000650000000000   0.50000123829785049
 -0.00000625000000000   0.50000118886501778
 -0.00000600000000000   0.50000113943729580
 -0.00000575000000000   0.50000109001291457
 -0.00000550000000000   0.50000104020934324
 -0.00000525000000000   0.50000099080454208
 -0.00000500000000000   0.50000094139780659
 -0.00000475000000000   0.50000089166070506
 -0.00000450000000000   0.50000084226309614
 -0.00000425000000000   0.50000079256768069
 -0.00000400000000000   0.50000074317224299
 -0.00000375000000000   0.50000069351170029
 -0.00000350000000000   0.50000064411147931
 -0.00000325000000000   0.50000059447896927
 -0.00000300000000000   0.50000054506702121
 -0.00000275000000000   0.50000049545568684
 -0.00000250000000000   0.50000044586140018
 -0.00000225000000000   0.50000039642806562
 -0.00000200000000000   0.50000034684467765
 -0.00000175000000000   0.50000029727323065
 -0.00000150000000000   0.50000024771202659
 -0.00000125000000000   0.50000019815936381
 -0.00000100000000000   0.50000014866815226
 -0.00000075000000000   0.50000009910925753
 -0.00000050000000000   0.50000004955377545
 -0.00000025000000000   0.50000000000000000
  0.00000000000000000   0.49999995044622455
  0.00000025000000000   0.49999990089074247
  0.00000050000000000   0.49999985133184773
  0.00000075000000000   0.49999980184063618
  0.00000100000000000   0.49999975228797340
  0.00000125000000000   0.49999970272676934
  0.00000150000000000   0.49999965315532234
  0.00000175000000000   0.49999960357193437
  0.00000200000000000   0.49999955413859981
  0.00000225000000000   0.49999950454431316
  0.00000250000000000   0.49999945493297878
  0.00000275000000000   0.49999940552103073
  0.00000300000000000   0.49999935588852068
  0.00000325000000000   0.49999930648829970
  0.00000350000000000   0.49999925682775700
  0.00000375000000000   0.49999920743231930
  0.00000400000000000   0.49999915773690385
  0.00000425000000000   0.49999910833929493
  0.00000450000000000   0.49999905860219340
  0.00000475000000000   0.49999900919545791
  0.00000500000000000   0.49999895979065675
  0.00000525000000000   0.49999890998708542
  0.00000550000000000   0.49999886056270419
  0.00000575000000000   0.49999881113498221
  0.00000600000000000   0.49999876170214950
  0.00000625000000000   0.49999871179191200
  0.00000650000000000   0.49999866232557573
  0.00000675000000000   0.49999861284886017
  0.00000700000000000   0.49999856335999712
  0.00000725000000000   0.49999851385721943
  0.00000750000000000   0.49999846433876167
  0.00000775000000000   0.49999841480286075
  0.00000800000000000   0.49999836524775664
  0.00000825000000000   0.49999831567169304
  0.00000850000000000   0.49999826607291805
  0.00000875000000000   0.49999821709720364
  0.00000900000000000   0.49999816746506778
  0.00000925000000000   0.49999811780490810
  0.00000950000000000   0.49999806811499310
  0.00000975000000000   0.49999801911097384
  0.00001000000000000   0.49999796937332666
  0.00001025000000000   0.49999791960067305
  0.00001050000000000   0.49999787056050073
  0.00001075000000000   0.49999782072938235
  0.00001100000000000   0.49999777166178771
  0.00001125000000000   0.49999772176503823
  0.00001150000000000   0.49999767266250859
  0.00001175000000000   0.49999762354853113
  0.00001200000000000   0.49999757354805716
  0.00001225000000000   0.49999752438782531
  0.00001250000000000   0.49999747521036332
  0.00001275000000000   0.49999742508999560
  0.00001300000000000   0.49999737585502495
  0.00001325000000000   0.49999732659706510
  0.00001350000000000   0.49999727731417010
  0.00001375000000000   0.49999722800439686
  0.00001400000000000   0.49999717866580597
  0.00001425000000000   0.49999712929646262
  0.00001450000000000   0.49999707989443741
  0.00001475000000000   0.49999703045780732
  0.00001500000000000   0.49999698098465652
  0.00001525000000000   0.49999693147307740
  0.00001550000000000   0.49999688192117140
  0.00001575000000000   0.49999683232705007
  0.00001600000000000   0.49999678268883597
  0.00001625000000000   0.49999673415811077
  0.00001650000000000   0.49999668444147682
  0.00001675000000000   0.49999663467502751
  0.00001700000000000   0.49999658605798769
  0.00001725000000000   0.49999653620130275
  0.00001750000000000   0.49999648752190278
  0.00001775000000000   0.49999643756709919
  0.00001800000000000   0.49999638881687657
  0.00001825000000000   0.49999633875616399
  0.00001850000000000   0.49999628992671806
  0.00001875000000000   0.49999624106255744
  0.00001900000000000   0.49999619083542658
  0.00001925000000000   0.49999614187942446
  0.00001950000000000   0.49999609288219491
  0.00001975000000000   0.49999604384153001
  0.00002000000000000   0.49999599475523065
  0.00002025000000000   0.49999594562110772
  0.00002050000000000   0.49999589643698348
  0.00002075000000000   0.49999584720069278
  0.00002100000000000   0.49999579791008443
  0.00002125000000000   0.49999574856302258
  0.00002150000000000   0.49999569915738810
  0.00002175000000000   0.49999564969108001
  0.00002200000000000   0.49999560016201699
  0.00002225000000000   0.49999555208398112
  0.00002250000000000   0.49999550243638338
  0.00002275000000000   0.49999545271968264
  0.00002300000000000   0.49999540448909903
  0.00002325000000000   0.49999535464067107
  0.00002350000000000   0.49999530630154780
  0.00002375000000000   0.49999525631264703
  0.00002400000000000   0.49999520785539895
  0.00002425000000000   0.49999515934266274
  0.00002450000000000   0.49999510913266105
  0.00002475000000000   0.49999506048747503
  0.00002500000000000   0.49999501177937323
  0.00002525000000000   0.49999496300583961
  0.00002550000000000   0.49999491416437838
  0.00002575000000000   0.49999486525251594
  0.00002600000000000   0.49999481626780295
  0.00002625000000000   0.49999476720781635
  0.00002650000000000   0.49999471807016150
  0.00002675000000000   0.49999466885247441
  0.00002700000000000   0.49999462131776475
  0.00002725000000000   0.49999457194413596
  0.00002750000000000   0.49999452248328536
  0.00002775000000000   0.49999447473377441
  0.00002800000000000   0.49999442510201918
  0.00002825000000000   0.49999437720014150
  0.00002850000000000   0.49999432738764856
  0.00002875000000000   0.49999427932249843
  0.00002900000000000   0.49999423117776212
  0.00002925000000000   0.49999418108069927
  0.00002950000000000   0.49999413275654768
  0.00002975000000000   0.49999408434443284
  0.00003000000000000   0.49999403584153213
  0.00003025000000000   0.49999398724506323
  0.00003050000000000   0.49999393855228731
  0.00003075000000000   0.49999388976051225
  0.00003100000000000   0.49999384086709600
  0.00003125000000000   0.49999379382158580
  0.00003150000000000   0.49999374472585789
  0.00003175000000000   0.49999369552051510
  0.00003200000000000   0.49999364818361021
  0.00003225000000000   0.49999359875939053
  0.00003250000000000   0.49999355121671381
  0.00003275000000000   0.49999350357172810
  0.00003300000000000   0.49999345380244128
  0.00003325000000000   0.49999340593344146
  0.00003350000000000   0.49999335795269172
  0.00003375000000000   0.49999330985703678
  0.00003400000000000   0.49999326164338811
  0.00003425000000000   0.49999321330872875
  0.00003450000000000   0.49999316485011825
  0.00003475000000000   0.49999311834064564
  0.00003500000000000   0.49999306963207469
  0.00003525000000000   0.49999302079077863
  0.00003550000000000   0.49999297391167593
  0.00003575000000000   0.49999292690850723
  0.00003600000000000   0.49999287766300508
  0.00003625000000000   0.49999283039259271
  0.00003650000000000   0.49999278298742231
  0.00003675000000000   0.49999273544395497
  0.00003700000000000   0.49999268775875112
  0.00003725000000000   0.49999263992847752
  0.00003750000000000   0.49999259194991458
  0.00003775000000000   0.49999254381996387
  0.00003800000000000   0.49999249769822357
  0.00003825000000000   0.49999244926036173
  0.00003850000000000   0.49999240283515215
  0.00003875000000000   0.49999235625581091
  0.00003900000000000   0.49999230733304441
  0.00003925000000000   0.49999226042808557
  0.00003950000000000   0.49999221335769570
  0.00003975000000000   0.49999216611821152
  0.00004000000000000   0.49999211870613006
  0.00004025000000000   0.49999207332336737
  0.00004050000000000   0.49999202555844584
  0.00004075000000000   0.49999197982368454
  0.00004100000000000   0.49999193169153485
  0.00004125000000000   0.49999188558858689
  0.00004150000000000   0.49999183929768886
  0.00004175000000000   0.49999179281472150
  0.00004200000000000   0.49999174613577650
  0.00004225000000000   0.49999169925717097
  0.00004250000000000   0.49999165217546262
  0.00004275000000000   0.49999160711966680
  0.00004300000000000   0.49999156185707802
  0.00004325000000000   0.49999151414502411
  0.00004350000000000   0.49999146845283813
  0.00004375000000000   0.49999142254082111
  0.00004400000000000   0.49999137640494273
  0.00004425000000000   0.49999133228131285
  0.00004450000000000   0.49999128568539791
  0.00004475000000000   0.49999124109463527
  0.00004500000000000   0.49999119402325187
  0.00004525000000000   0.49999114894801803
  0.00004550000000000   0.49999110362451356
  0.00004575000000000   0.49999106028665875
  0.00004600000000000   0.49999101445216053
  0.00004625000000000   0.49999097059318907
  0.00004650000000000   0.49999092423130103
  0.00004675000000000   0.49999087983293544
  0.00004700000000000   0.49999083515795086
  0.00004725000000000   0.49999079242962704
  0.00004750000000000   0.49999074718527767
  0.00004775000000000   0.49999070387400886
  0.00004800000000000   0.49999066026308027
  0.00004825000000000   0.49999061634767911
  0.00004850000000000   0.49999057212363704
  0.00004875000000000   0.49999052758747717
  0.00004900000000000   0.49999048493733684
  0.00004925000000000   0.49999044195789241
  0.00004950000000000   0.49999039864453652
  0.00004975000000000   0.49999035718178753
  0.00005000000000000   0.49999031318225008
  0.00005025000000000   0.49999027101406304
  0.00005050000000000   0.49999022848420027
  0.00005075000000000   0.49999018775347835
  0.00005100000000000   0.49999014448099540
  0.00005125000000000   0.49999010298628753
  0.00005150000000000   0.49999006110046326
  0.00005175000000000   0.49999002095518257
  0.00005200000000000   0.49998998039573877
  0.00005225000000000   0.49998993941739468
  0.00005250000000000   0.49998989801688063
  0.00005275000000000   0.49998985829313244
  0.00005300000000000   0.49998981812257838
  0.00005325000000000   0.49998977750224654
  0.00005350000000000   0.49998973850156494
  0.00005375000000000   0.49998969902540156
  0.00005400000000000   0.49998966112224497
  0.00005425000000000   0.49998962271642196
  0.00005450000000000   0.49998958380510874
  0.00005475000000000   0.49998954640400933
  0.00005500000000000   0.49998950847013704
  0.00005525000000000   0.49998947199472543
  0.00005550000000000   0.49998943495836203
  0.00005575000000000   0.49998939932707889
  0.00005600000000000   0.49998936310614505
  0.00005625000000000   0.49998932823522978
  0.00005650000000000   0.49998929274607828
  0.00005675000000000   0.49998925855040819
  0.00005700000000000   0.49998922370899816
  0.00005725000000000   0.49998919010360952
  0.00005750000000000   0.49998915768935664
  0.00005775000000000   0.49998912457409802
  0.00005800000000000   0.49998909259168062
  0.00005825000000000   0.49998906169578846
  0.00005850000000000   0.49998903184004470
  0.00005875000000000   0.49998900120086612
  0.00005900000000000   0.49998897154447485
  0.00005925000000000   0.49998894282398008
  0.00005950000000000   0.49998891499269273
  0.00005975000000000   0.49998888800423391
  0.00006000000000000   0.49998886181274740
  0.00006025000000000   0.49998883637323687
  0.00006050000000000   0.49998881327210997
  0.00006075000000000   0.49998878918325291
  0.00006100000000000   0.49998876730367871
  0.00006125000000000   0.49998874596365218
  0.00006150000000000   0.49998872666240299
  0.00006175000000000   0.49998870929316982
  0.00006200000000000   0.49998869226342328
  0.00006225000000000   0.49998867554829721
  0.00006250000000000   0.49998866199269578
  0.00006275000000000   0.49998865001670773
  0.00006300000000000   0.49998863953148757
  0.00006325000000000   0.49998863180154267
  0.00006350000000000   0.49998862535123212
  0.00006375000000000   0.49998862140597480
  0.00006400000000000   0.49998862108030245
  0.00006425000000000   0.49998862293687489
  0.00006450000000000   0.49998862687589529
  0.00006475000000000   0.49998863627684749
  0.00006500000000000   0.49998864855889460
  0.00006525000000000   0.49998866470068544
  0.00006550000000000   0.49998868662806589
  0.00006575000000000   0.49998871403081989
  0.00006600000000000   0.49998874764855766
  0.00006625000000000   0.49998878910032185
  0.00006650000000000   0.49998883983984903
  0.00006675000000000   0.49998890038846161
  0.00006700000000000   0.49998897456259410
  0.00006725000000000   0.49998906432154434
  0.00006750000000000   0.49998917461418582
  0.00006775000000000   0.49998931229379572
  0.00006800000000000   0.49998948871709616
  0.00006825000000000   0.49998972450843934
  0.00006850000000000   0.49999006224154631
  0.00006875000000000   0.49999063164982795
  0.00006900000000000   0.50001238508764919
  0.00006925000000000   0.50002261697615371
  0.00006950000000000   0.50002557659325933
  0.00006975000000000   0.50002765665849939
  0.00007000000000000   0.50002932654821438
  0.00007025000000000   0.50003075199623804
  0.00007050000000000   0.50003201210115701
  0.00007075000000000   0.50003314985061782
  0.00007100000000000   0.50003419864718094
  0.00007125000000000   0.50003517194713025
  0.00007150000000000   0.50003608599141852
  0.00007175000000000   0.50003695141626942
  0.00007200000000000   0.50003777224792394
  0.00007225000000000   0.50003855768626694
  0.00007250000000000   0.50003931242809227
  0.00007275000000000   0.50004003969232862
  0.00007300000000000   0.50004073863223496
  0.00007325000000000   0.50004141909399233
  0.00007350000000000   0.50004207873293174
  0.00007375000000000   0.50004272046175448
  0.00007400000000000   0.50004334374300148
  0.00007425000000000   0.50004395381695789
  0.00007450000000000   0.50004454951383312
  0.00007475000000000   0.50004513249698728
  0.00007500000000000   0.50004570425538554
  0.00007525000000000   0.50004626286183537
  0.00007550000000000   0.50004681272696641
  0.00007575000000000   0.50004735162183688
  0.00007600000000000   0.50004788381983073
  0.00007625000000000   0.50004840685115859
  0.00007650000000000   0.50004892147395225
  0.00007675000000000   0.50004942838510205
  0.00007700000000000   0.50004992822680823
  0.00007725000000000   0.50005042159246110
  0.00007750000000000   0.50005090903193009
  0.00007775000000000   0.50005139105633103
  0.00007800000000000   0.50005186814233078
  0.00007825000000000   0.50005233711572340
  0.00007850000000000   0.50005280196013455
  0.00007875000000000   0.50005326306656151
  0.00007900000000000   0.50005371711035118
  0.00007925000000000   0.50005416808162129
  0.00007950000000000   0.50005461256980512
  0.00007975000000000   0.50005505457478958
  0.00008000000000000   0.50005549438905125
  0.00008025000000000   0.50005592848700556
  0.00008050000000000   0.50005636089245973
  0.00008075000000000   0.50005678800874368
  0.00008100000000000   0.50005721001211906
  0.00008125000000000   0.50005763095744063
  0.00008150000000000   0.50005804715512355
  0.00008175000000000   0.50005846268057617
  0.00008200000000000   0.50005887378737682
  0.00008225000000000   0.50005928060939069
  0.00008250000000000   0.50005968725645970
  0.00008275000000000   0.50006008990375941
  0.00008300000000000   0.50006049268592206
  0.00008325000000000   0.50006089172799816
  0.00008350000000000   0.50006128713220262
  0.00008375000000000   0.50006167899780747
  0.00008400000000000   0.50006207151209850
  0.00008425000000000   0.50006246070695110
  0.00008450000000000   0.50006284666804893
  0.00008475000000000   0.50006322947873825
  0.00008500000000000   0.50006361337599664
  0.00008525000000000   0.50006399430986463
  0.00008550000000000   0.50006437235240964
  0.00008575000000000   0.50006474757383938
  0.00008600000000000   0.50006512426056232
  0.00008625000000000   0.50006549828774310
  0.00008650000000000   0.50006586971616093
  0.00008675000000000   0.50006623860511458
  0.00008700000000000   0.50006660501246058
  0.00008725000000000   0.50006697328535386
  0.00008750000000000   0.50006733921290666
  0.00008775000000000   0.50006770284526516
  0.00008800000000000   0.50006806423142806
  0.00008825000000000   0.50006842341927345
  0.00008850000000000   0.50006878481598970
  0.00008875000000000   0.50006913975594268
  0.00008900000000000   0.50006949701753329
  0.00008925000000000   0.50006985228094979
  0.00008950000000000   0.50007020558591561
  0.00008975000000000   0.50007056139637593
  0.00009000000000000   0.50007091091020372
  0.00009025000000000   0.50007126302835386
  0.00009050000000000   0.50007161335946254
  0.00009075000000000   0.50007195746076846
  0.00009100000000000   0.50007230430444675
  0.00009125000000000   0.50007264945908097
  0.00009150000000000   0.50007299746444782
  0.00009175000000000   0.50007333934293953
  0.00009200000000000   0.50007368415489573
  0.00009225000000000   0.50007402287357337
  0.00009250000000000   0.50007436460307071
  0.00009275000000000   0.50007470483741263
  0.00009300000000000   0.50007504360205390
  0.00009325000000000   0.50007538092197879
  0.00009350000000000   0.50007571682170873
  0.00009375000000000   0.50007605132531017
  0.00009400000000000   0.50007638907255444
  0.00009425000000000   0.50007672086183007
  0.00009450000000000   0.50007705595954520
  0.00009475000000000   0.50007738977003559
  0.00009500000000000   0.50007771765578256
  0.00009525000000000   0.50007804894180315
  0.00009550000000000   0.50007837900059022
  0.00009575000000000   0.50007870785125940
  0.00009600000000000   0.50007903551259971
  0.00009625000000000   0.50007936670561619
  0.00009650000000000   0.50007969205074111
  0.00009675000000000   0.50008001626048810
  0.00009700000000000   0.50008034408030819
  0.00009725000000000   0.50008066607749850
  0.00009750000000000   0.50008099173449731
  0.00009775000000000   0.50008131633863023
  0.00009800000000000   0.50008163990489480
  0.00009825000000000   0.50008196244805659
  0.00009850000000000   0.50008228398265161
  0.00009875000000000   0.50008260452298891
  0.00009900000000000   0.50008292408315314
  0.00009925000000000   0.50008324267700737
  0.00009950000000000   0.50008356031819588
  0.00009975000000000   0.50008387702014707
  0.00010000000000000   0.50008419762063161
  0.00010025000000000   0.50008451248889787
  0.00010050000000000   0.50008483129585148
  0.00010075000000000   0.50008514438017905
  0.00010100000000000   0.50008546144106206
  0.00010125000000000   0.50008577765036287
  0.00010150000000000   0.50008609301905755
  0.00010175000000000   0.50008640268203263
  0.00010200000000000   0.50008671639473563
  0.00010225000000000   0.50008702929919087
  0.00010250000000000   0.50008734140575876
  0.00010275000000000   0.50008765272465211
  0.00010300000000000   0.50008796326593755
  0.00010325000000000   0.50008827795308978
  0.00010350000000000   0.50008858697396164
  0.00010375000000000   0.50008889524627635
  0.00010400000000000   0.50008920771166415
  0.00010425000000000   0.50008951451955970
  0.00010450000000000   0.50008982060673845
  0.00010475000000000   0.50009013093038710
  0.00010500000000000   0.50009043560683509
  0.00010525000000000   0.50009074454785781
  0.00010550000000000   0.50009105281329134
  0.00010575000000000   0.50009135543920199
  0.00010600000000000   0.50009166237069009
  0.00010625000000000   0.50009196865004181
  0.00010650000000000   0.50009227428478367
  0.00010675000000000   0.50009257928234736
  0.00010700000000000   0.50009288365007035
  0.00010725000000000   0.50009318739519647
  0.00010750000000000   0.50009349052487656
  0.00010775000000000   0.50009379304616914
  0.00010800000000000   0.50009409496604114
  0.00010825000000000   0.50009439629136864
  0.00010850000000000   0.50009469702893763
  0.00010875000000000   0.50009500221476939
  0.00010900000000000   0.50009530180022537
  0.00010925000000000   0.50009560081756474
  0.00010950000000000   0.50009590431525910
  0.00010975000000000   0.50009620221843867
  0.00011000000000000   0.50009649957239725
  0.00011025000000000   0.50009680143631900
  0.00011050000000000   0.50009709771265331
  0.00011075000000000   0.50009739851830050
  0.00011100000000000   0.50009769880567139
  0.00011125000000000   0.50009799351033432
  0.00011150000000000   0.50009829277275040
  0.00011175000000000   0.50009859153296700
  0.00011200000000000   0.50009888471638370
  0.00011225000000000   0.50009918248379948
  0.00011250000000000   0.50009947976454315
  0.00011275000000000   0.50009977656361119
