 -0.00014100000000000   0.49990003956663113
 -0.00014075000000000   0.49990047713423934
 -0.00014050000000000   0.49990093479561015
 -0.00014025000000000   0.49990138051562572
 -0.00014000000000000   0.49990184649224425
 -0.00013975000000000   0.49990230076378944
 -0.00013950000000000   0.49990275947763416
 -0.00013925000000000   0.49990322274541790
 -0.00013900000000000   0.49990369068256345
 -0.00013875000000000   0.49990416340841459
 -0.00013850000000000   0.49990462514160293
 -0.00013825000000000   0.49990510784667570
 -0.00013800000000000   0.49990557986770712
 -0.00013775000000000   0.49990605725316609
 -0.00013750000000000   0.49990654015210146
 -0.00013725000000000   0.49990702871914084
 -0.00013700000000000   0.49990752311472174
 -0.00013675000000000   0.49990802350532984
 -0.00013650000000000   0.49990851435969941
 -0.00013625000000000   0.49990902730295366
 -0.00013600000000000   0.49990953114532962
 -0.00013575000000000   0.49991004179454314
 -0.00013550000000000   0.49991055946263943
 -0.00013525000000000   0.49991106882598671
 -0.00013500000000000   0.49991160124623257
 -0.00013475000000000   0.49991212591177347
 -0.00013450000000000   0.49991265862953306
 -0.00013425000000000   0.49991319967372669
 -0.00013400000000000   0.49991373397460247
 -0.00013375000000000   0.49991429259562908
 -0.00013350000000000   0.49991484518486185
 -0.00013325000000000   0.49991540744261957
 -0.00013300000000000   0.49991596455248631
 -0.00013275000000000   0.49991653217285640
 -0.00013250000000000   0.49991711071975962
 -0.00013225000000000   0.49991770063079154
 -0.00013200000000000   0.49991828738773860
 -0.00013175000000000   0.49991888658049186
 -0.00013150000000000   0.49991949874371243
 -0.00013125000000000   0.49992010963666628
 -0.00013100000000000   0.49992073480532067
 -0.00013075000000000   0.49992136022409685
 -0.00013050000000000   0.49992200142624587
 -0.00013025000000000   0.49992265918516337
 -0.00013000000000000   0.49992331985297169
 -0.00012975000000000   0.49992398455495124
 -0.00012950000000000   0.49992466884230163
 -0.00012925000000000   0.49992535954500697
 -0.00012900000000000   0.49992607226750000
 -0.00012875000000000   0.49992679422681808
 -0.00012850000000000   0.49992752712560681
 -0.00012825000000000   0.49992828672719358
 -0.00012800000000000   0.49992904721066609
 -0.00012775000000000   0.49992983853259032
 -0.00012750000000000   0.49993063574850738
 -0.00012725000000000   0.49993145548301220
 -0.00012700000000000   0.49993230092536325
 -0.00012675000000000   0.49993317567497220
 -0.00012650000000000   0.49993407072852946
 -0.00012625000000000   0.49993500413908563
 -0.00012600000000000   0.49993595573685558
 -0.00012575000000000   0.49993695806148707
 -0.00012550000000000   0.49993799366081094
 -0.00012525000000000   0.49993907251981468
 -0.00012500000000000   0.49994019451496225
 -0.00012475000000000   0.49994138670270076
 -0.00012450000000000   0.49994264386663127
 -0.00012425000000000   0.49994399036579050
 -0.00012400000000000   0.49994542435452649
 -0.00012375000000000   0.49994697981257105
 -0.00012350000000000   0.49994869875868186
 -0.00012325000000000   0.49995060493555012
 -0.00012300000000000   0.49995280736231130
 -0.00012275000000000   0.49995542415284504
 -0.00012250000000000   0.49995879294740876
 -0.00012225000000000   0.49996391872885676
 -0.00012200000000000   0.50001366113457910
 -0.00012175000000000   0.50001572670582476
 -0.00012150000000000   0.50001651331047920
 -0.00012125000000000   0.50001700897338600
 -0.00012100000000000   0.50001736679470854
 -0.00012075000000000   0.50001764063495824
 -0.00012050000000000   0.50001785970872045
 -0.00012025000000000   0.50001803874731687
 -0.00012000000000000   0.50001819000162647
 -0.00011975000000000   0.50001831620910441
 -0.00011950000000000   0.50001842383779906
 -0.00011925000000000   0.50001851738282852
 -0.00011900000000000   0.50001859510585549
 -0.00011875000000000   0.50001866616987337
 -0.00011850000000000   0.50001872202977641
 -0.00011825000000000   0.50001877288596589
 -0.00011800000000000   0.50001881811190465
 -0.00011775000000000   0.50001885699038171
 -0.00011750000000000   0.50001888874630530
 -0.00011725000000000   0.50001891256251362
 -0.00011700000000000   0.50001893695065777
 -0.00011675000000000   0.50001895219579945
 -0.00011650000000000   0.50001896726555531
 -0.00011625000000000   0.50001897695114423
 -0.00011600000000000   0.50001898587450109
 -0.00011575000000000   0.50001898855849967
 -0.00011550000000000   0.50001898983864711
 -0.00011525000000000   0.50001898949478209
 -0.00011500000000000   0.50001898729696231
 -0.00011475000000000   0.50001898300866653
 -0.00011450000000000   0.50001897056624969
 -0.00011425000000000   0.50001896126799541
 -0.00011400000000000   0.50001895517740086
 -0.00011375000000000   0.50001894009092267
 -0.00011350000000000   0.50001892791190216
 -0.00011325000000000   0.50001891236236775
 -0.00011300000000000   0.50001889319238580
 -0.00011275000000000   0.50001887666315580
 -0.00011250000000000   0.50001885620361976
 -0.00011225000000000   0.50001883825719379
 -0.00011200000000000   0.50001881606842818
 -0.00011175000000000   0.50001878939150982
 -0.00011150000000000   0.50001876493927477
 -0.00011125000000000   0.50001874273093071
 -0.00011100000000000   0.50001871565566884
 -0.00011075000000000   0.50001869068328630
 -0.00011050000000000   0.50001866782167526
 -0.00011025000000000   0.50001863971835831
 -0.00011000000000000   0.50001860614262888
 -0.00010975000000000   0.50001858190495493
 -0.00010950000000000   0.50001855205328387
 -0.00010925000000000   0.50001851636526889
 -0.00010900000000000   0.50001849010702306
 -0.00010875000000000   0.50001845787208150
 -0.00010850000000000   0.50001842733021940
 -0.00010825000000000   0.50001839053048950
 -0.00010800000000000   0.50001835528579534
 -0.00010775000000000   0.50001832160025873
 -0.00010750000000000   0.50001828947390005
 -0.00010725000000000   0.50001825890294151
 -0.00010700000000000   0.50001822159887540
 -0.00010675000000000   0.50001818571750425
 -0.00010650000000000   0.50001815125789310
 -0.00010625000000000   0.50001810973868748
 -0.00010600000000000   0.50001807805549121
 -0.00010575000000000   0.50001803918473661
 -0.00010550000000000   0.50001800160363231
 -0.00010525000000000   0.50001796530954849
 -0.00010500000000000   0.50001793029760826
 -0.00010475000000000   0.50001788773557836
 -0.00010450000000000   0.50001785521977076
 -0.00010425000000000   0.50001781503532332
 -0.00010400000000000   0.50001777600520117
 -0.00010375000000000   0.50001773812536715
 -0.00010350000000000   0.50001769229526957
 -0.00010325000000000   0.50001765665326754
 -0.00010300000000000   0.50001761294732563
 -0.00010275000000000   0.50001757952118993
 -0.00010250000000000   0.50001753792408061
 -0.00010225000000000   0.50001749734836022
 -0.00010200000000000   0.50001745778927342
 -0.00010175000000000   0.50001740980480040
 -0.00010150000000000   0.50001737222062508
 -0.00010125000000000   0.50001732610628410
 -0.00010100000000000   0.50001729047590859
 -0.00010075000000000   0.50001724621727544
 -0.00010050000000000   0.50001720285606049
 -0.00010025000000000   0.50001716038840188
 -0.00010000000000000   0.50001711880957706
 -0.00009975000000000   0.50001707811405170
 -0.00009950000000000   0.50001703829552605
 -0.00009925000000000   0.50001698948560008
 -0.00009900000000000   0.50001695136869739
 -0.00009875000000000   0.50001690417098239
 -0.00009850000000000   0.50001686773163599
 -0.00009825000000000   0.50001682212859687
 -0.00009800000000000   0.50001677729551998
 -0.00009775000000000   0.50001673322836635
 -0.00009750000000000   0.50001668992252637
 -0.00009725000000000   0.50001664737285028
 -0.00009700000000000   0.50001660557367736
 -0.00009675000000000   0.50001656451886359
 -0.00009650000000000   0.50001652420180817
 -0.00009625000000000   0.50001647434527881
 -0.00009600000000000   0.50001643546015835
 -0.00009575000000000   0.50001638696274804
 -0.00009550000000000   0.50001633912072805
 -0.00009525000000000   0.50001630233015031
 -0.00009500000000000   0.50001625582157660
 -0.00009475000000000   0.50001620995655099
 -0.00009450000000000   0.50001616473098147
 -0.00009425000000000   0.50001612014042585
 -0.00009400000000000   0.50001607618010957
 -0.00009375000000000   0.50001603284494259
 -0.00009350000000000   0.50001599012953558
 -0.00009325000000000   0.50001594802821552
 -0.00009300000000000   0.50001589591160642
 -0.00009275000000000   0.50001585500387368
 -0.00009250000000000   0.50001581469326750
 -0.00009225000000000   0.50001576428731000
 -0.00009200000000000   0.50001572513894901
 -0.00009175000000000   0.50001567584316766
 -0.00009150000000000   0.50001563783483510
 -0.00009125000000000   0.50001558963225822
 -0.00009100000000000   0.50001554195765776
 -0.00009075000000000   0.50001549480760461
 -0.00009050000000000   0.50001544817845228
 -0.00009025000000000   0.50001541291029565
 -0.00009000000000000   0.50001536732887798
 -0.00008975000000000   0.50001532225482805
 -0.00008950000000000   0.50001527768374394
 -0.00008925000000000   0.50001522270461223
 -0.00008900000000000   0.50001517911335315
 -0.00008875000000000   0.50001513601219301
 -0.00008850000000000   0.50001509339608290
 -0.00008825000000000   0.50001505125983561
 -0.00008800000000000   0.50001499862580517
 -0.00008775000000000   0.50001495742745215
 -0.00008750000000000   0.50001491669389399
 -0.00008725000000000   0.50001486541572922
 -0.00008700000000000   0.50001482559255454
 -0.00008675000000000   0.50001477519354674
 -0.00008650000000000   0.50001472522001924
 -0.00008625000000000   0.50001468672775475
 -0.00008600000000000   0.50001463761258656
 -0.00008575000000000   0.50001458891370869
 -0.00008550000000000   0.50001455171073248
 -0.00008525000000000   0.50001450384729840
 -0.00008500000000000   0.50001445638992064
 -0.00008475000000000   0.50001440933534825
 -0.00008450000000000   0.50001436268022608
 -0.00008425000000000   0.50001432753350463
 -0.00008400000000000   0.50001428167311897
 -0.00008375000000000   0.50001423620048427
 -0.00008350000000000   0.50001419111188636
 -0.00008325000000000   0.50001413527223130
 -0.00008300000000000   0.50001409093809583
 -0.00008275000000000   0.50001404697738539
 -0.00008250000000000   0.50001400338606862
 -0.00008225000000000   0.50001396016004714
 -0.00008200000000000   0.50001391729515893
 -0.00008175000000000   0.50001386364019613
 -0.00008150000000000   0.50001382148859858
 -0.00008125000000000   0.50001377968624133
 -0.00008100000000000   0.50001372707811938
 -0.00008075000000000   0.50001368596756081
 -0.00008050000000000   0.50001364519382710
 -0.00008025000000000   0.50001359360650171
 -0.00008000000000000   0.50001355350201512
 -0.00007975000000000   0.50001350257741516
 -0.00007950000000000   0.50001346312721479
 -0.00007925000000000   0.50001341285373298
 -0.00007900000000000   0.50001337404247051
 -0.00007875000000000   0.50001332440805302
 -0.00007850000000000   0.50001327508698014
 -0.00007825000000000   0.50001323721221921
 -0.00007800000000000   0.50001318851221881
 -0.00007775000000000   0.50001314011761299
 -0.00007750000000000   0.50001310314545019
 -0.00007725000000000   0.50001305535307966
 -0.00007700000000000   0.50001300785771906
 -0.00007675000000000   0.50001296065675448
 -0.00007650000000000   0.50001291374752612
 -0.00007625000000000   0.50001286712733029
 -0.00007600000000000   0.50001283187721226
 -0.00007575000000000   0.50001278582101228
 -0.00007550000000000   0.50001274004473040
 -0.00007525000000000   0.50001269454551471
 -0.00007500000000000   0.50001264932047849
 -0.00007475000000000   0.50001260436670191
 -0.00007450000000000   0.50001255968123358
 -0.00007425000000000   0.50001251526109219
 -0.00007400000000000   0.50001247110326803
 -0.00007375000000000   0.50001242720472446
 -0.00007350000000000   0.50001237256969797
 -0.00007325000000000   0.50001232919351841
 -0.00007300000000000   0.50001228606804031
 -0.00007275000000000   0.50001224319012562
 -0.00007250000000000   0.50001220055661625
 -0.00007225000000000   0.50001214722659998
 -0.00007200000000000   0.50001210508870914
 -0.00007175000000000   0.50001206318628159
 -0.00007150000000000   0.50001202151608369
 -0.00007125000000000   0.50001196918969915
 -0.00007100000000000   0.50001192799310662
 -0.00007075000000000   0.50001188701957369
 -0.00007050000000000   0.50001183542260937
 -0.00007025000000000   0.50001179490605656
 -0.00007000000000000   0.50001174378564088
 -0.00006975000000000   0.50001170371520511
 -0.00006950000000000   0.50001166385243687
 -0.00006925000000000   0.50001161342755736
 -0.00006900000000000   0.50001157399376706
 -0.00006875000000000   0.50001152402333363
 -0.00006850000000000   0.50001148500734242
 -0.00006825000000000   0.50001143548246782
 -0.00006800000000000   0.50001139687299122
 -0.00006775000000000   0.50001134778463709
 -0.00006750000000000   0.50001129891656899
 -0.00006725000000000   0.50001126090928992
 -0.00006700000000000   0.50001121246449955
 -0.00006675000000000   0.50001117483567264
 -0.00006650000000000   0.50001112680479242
 -0.00006625000000000   0.50001107898418622
 -0.00006600000000000   0.50001103137202550
 -0.00006575000000000   0.50001099449601039
 -0.00006550000000000   0.50001094727978485
 -0.00006525000000000   0.50001090026585541
 -0.00006500000000000   0.50001086391840986
 -0.00006475000000000   0.50001081728639869
 -0.00006450000000000   0.50001077085040848
 -0.00006425000000000   0.50001072460849689
 -0.00006400000000000   0.50001067855870646
 -0.00006375000000000   0.50001064305968559
 -0.00006350000000000   0.50001059736871312
 -0.00006325000000000   0.50001055186340590
 -0.00006300000000000   0.50001050654175825
 -0.00006275000000000   0.50001046140175258
 -0.00006250000000000   0.50001041644135996
 -0.00006225000000000   0.50001037165854074
 -0.00006200000000000   0.50001032705124508
 -0.00006175000000000   0.50001028261741351
 -0.00006150000000000   0.50001023835497750
 -0.00006125000000000   0.50001019426185995
 -0.00006100000000000   0.50001015033597572
 -0.00006075000000000   0.50001010657523214
 -0.00006050000000000   0.50001006297752946
 -0.00006025000000000   0.50001001954076138
 -0.00006000000000000   0.50000997626281547
 -0.00005975000000000   0.50000993314157364
 -0.00005950000000000   0.50000989017491259
 -0.00005925000000000   0.50000984736070421
 -0.00005900000000000   0.50000980469681604
 -0.00005875000000000   0.50000976218111166
 -0.00005850000000000   0.50000971981145107
 -0.00005825000000000   0.50000966776120449
 -0.00005800000000000   0.50000962570647809
 -0.00005775000000000   0.50000958379174599
 -0.00005750000000000   0.50000954201485313
 -0.00005725000000000   0.50000950037364280
 -0.00005700000000000   0.50000944917753771
 -0.00005675000000000   0.50000940783243669
 -0.00005650000000000   0.50000936661690654
 -0.00005625000000000   0.50000932552878275
 -0.00005600000000000   0.50000927499057946
 -0.00005575000000000   0.50000923418347496
 -0.00005550000000000   0.50000919349763199
 -0.00005525000000000   0.50000915293088349
 -0.00005500000000000   0.50000910302486285
 -0.00005475000000000   0.50000906272391738
 -0.00005450000000000   0.50000902253590388
 -0.00005425000000000   0.50000897309218727
 -0.00005400000000000   0.50000893315868017
 -0.00005375000000000   0.50000889333193543
 -0.00005350000000000   0.50000884433624714
 -0.00005325000000000   0.50000880475266790
 -0.00005300000000000   0.50000875605537121
 -0.00005275000000000   0.50000871670759743
 -0.00005250000000000   0.50000867745640696
 -0.00005225000000000   0.50000862918339269
 -0.00005200000000000   0.50000859015661844
 -0.00005175000000000   0.50000854216665759
 -0.00005150000000000   0.50000850335690712
 -0.00005125000000000   0.50000845564394012
 -0.00005100000000000   0.50000841704381197
 -0.00005075000000000   0.50000836960174074
 -0.00005050000000000   0.50000833120382826
 -0.00005025000000000   0.50000828402652046
 -0.00005000000000000   0.50000824582341547
 -0.00004975000000000   0.50000819890470847
 -0.00004950000000000   0.50000816088900478
 -0.00004925000000000   0.50000811422270955
 -0.00004900000000000   0.50000806769466324
 -0.00004875000000000   0.50000802996691112
 -0.00004850000000000   0.50000798368226801
 -0.00004825000000000   0.50000794612368990
 -0.00004800000000000   0.50000790007620348
 -0.00004775000000000   0.50000785416011346
 -0.00004750000000000   0.50000781686282810
 -0.00004725000000000   0.50000777117479799
 -0.00004700000000000   0.50000772561406847
 -0.00004675000000000   0.50000768856225246
 -0.00004650000000000   0.50000764322044389
 -0.00004625000000000   0.50000759800180579
 -0.00004600000000000   0.50000756117965938
 -0.00004575000000000   0.50000751617077167
 -0.00004550000000000   0.50000747128089537
 -0.00004525000000000   0.50000742650873900
 -0.00004500000000000   0.50000738998333817
 -0.00004475000000000   0.50000734540884861
 -0.00004450000000000   0.50000730094788594
 -0.00004425000000000   0.50000725659914428
 -0.00004400000000000   0.50000722034315976
 -0.00004375000000000   0.50000717617996702
 -0.00004350000000000   0.50000713212477679
 -0.00004325000000000   0.50000708817627167
 -0.00004300000000000   0.50000705216248467
 -0.00004275000000000   0.50000700838739702
 -0.00004250000000000   0.50000696471475845
 -0.00004225000000000   0.50000692114324264
 -0.00004200000000000   0.50000687767152067
 -0.00004175000000000   0.50000683429826111
 -0.00004150000000000   0.50000679102213027
 -0.00004125000000000   0.50000675540320486
 -0.00004100000000000   0.50000671227960979
 -0.00004075000000000   0.50000666924888698
 -0.00004050000000000   0.50000662630969801
 -0.00004025000000000   0.50000658346070289
 -0.00004000000000000   0.50000654070056015
 -0.00003975000000000   0.50000649802792703
 -0.00003950000000000   0.50000645544145955
 -0.00003925000000000   0.50000641293981272
 -0.00003900000000000   0.50000637052164060
 -0.00003875000000000   0.50000632818559646
 -0.00003850000000000   0.50000628593033289
 -0.00003825000000000   0.50000624375450196
 -0.00003800000000000   0.50000620165675528
 -0.00003775000000000   0.50000615963574416
 -0.00003750000000000   0.50000611769011973
 -0.00003725000000000   0.50000607581853302
 -0.00003700000000000   0.50000603401963509
 -0.00003675000000000   0.50000599229207714
 -0.00003650000000000   0.50000595063451064
 -0.00003625000000000   0.50000590904558737
 -0.00003600000000000   0.50000586752395960
 -0.00003575000000000   0.50000582606828015
 -0.00003550000000000   0.50000578467720247
 -0.00003525000000000   0.50000574334938081
 -0.00003500000000000   0.50000570208347024
 -0.00003475000000000   0.50000566087812679
 -0.00003450000000000   0.50000561973200752
 -0.00003425000000000   0.50000557864377063
 -0.00003400000000000   0.50000553761207553
 -0.00003375000000000   0.50000549029923751
 -0.00003350000000000   0.50000544942034565
 -0.00003325000000000   0.50000540859414022
 -0.00003300000000000   0.50000536781928377
 -0.00003275000000000   0.50000532709444055
 -0.00003250000000000   0.50000528641827651
 -0.00003225000000000   0.50000524578945944
 -0.00003200000000000   0.50000519917138994
 -0.00003175000000000   0.50000515867812728
 -0.00003150000000000   0.50000511822836683
 -0.00003125000000000   0.50000507782078192
 -0.00003100000000000   0.50000503745404806
 -0.00003075000000000   0.50000499130920798
 -0.00003050000000000   0.50000495106579736
 -0.00003025000000000   0.50000491085940604
 -0.00003000000000000   0.50000487068871662
 -0.00002975000000000   0.50000483055241428
 -0.00002950000000000   0.50000478485305650
 -0.00002925000000000   0.50000474482785348
 -0.00002900000000000   0.50000470483322459
 -0.00002875000000000   0.50000465940337506
 -0.00002850000000000   0.50000461951263619
 -0.00002825000000000   0.50000457964866951
 -0.00002800000000000   0.50000453981017522
 -0.00002775000000000   0.50000449471141380
 -0.00002750000000000   0.50000445496711315
 -0.00002725000000000   0.50000441524450296
 -0.00002700000000000   0.50000437039252092
 -0.00002675000000000   0.50000433075691105
 -0.00002650000000000   0.50000429113922507
 -0.00002625000000000   0.50000424652429595
 -0.00002600000000000   0.50000420698642818
 -0.00002575000000000   0.50000416746273477
 -0.00002550000000000   0.50000412307509849
 -0.00002525000000000   0.50000408362405605
 -0.00002500000000000   0.50000404418345718
 -0.00002475000000000   0.50000400001332599
 -0.00002450000000000   0.50000396063822918
 -0.00002425000000000   0.50000391662171220
 -0.00002400000000000   0.50000387730742971
 -0.00002375000000000   0.50000383799744086
 -0.00002350000000000   0.50000379418222009
 -0.00002325000000000   0.50000375492593009
 -0.00002300000000000   0.50000371125375393
 -0.00002275000000000   0.50000367204649281
 -0.00002250000000000   0.50000362851317927
 -0.00002225000000000   0.50000358935028405
 -0.00002200000000000   0.50000355018317837
 -0.00002175000000000   0.50000350682845620
 -0.00002150000000000   0.50000346769865988
 -0.00002125000000000   0.50000342447216098
 -0.00002100000000000   0.50000338537503696
 -0.00002075000000000   0.50000334227255140
 -0.00002050000000000   0.50000330320347274
 -0.00002025000000000   0.50000326022078358
 -0.00002000000000000   0.50000322117513435
 -0.00001975000000000   0.50000317830801859
 -0.00001950000000000   0.50000313928119470
 -0.00001925000000000   0.50000309652542427
 -0.00001900000000000   0.50000305751283429
 -0.00001875000000000   0.50000301486417692
 -0.00001850000000000   0.50000297229016032
 -0.00001825000000000   0.50000293331546301
 -0.00001800000000000   0.50000289084231718
 -0.00001775000000000   0.50000285187048090
 -0.00001750000000000   0.50000280949396271
 -0.00001725000000000   0.50000277052044240
 -0.00001700000000000   0.50000272823630765
 -0.00001675000000000   0.50000268601983609
 -0.00001650000000000   0.50000264706057865
 -0.00001625000000000   0.50000260493022110
 -0.00001600000000000   0.50000256595801982
 -0.00001575000000000   0.50000252390952875
 -0.00001550000000000   0.50000248192369405
 -0.00001525000000000   0.50000244294902393
 -0.00001500000000000   0.50000240103877463
 -0.00001475000000000   0.50000235918818679
 -0.00001450000000000   0.50000232020108310
 -0.00001425000000000   0.50000227841979377
 -0.00001400000000000   0.50000223940193210
 -0.00001375000000000   0.50000219768569719
 -0.00001350000000000   0.50000215602407124
 -0.00001325000000000   0.50000211441608345
 -0.00001300000000000   0.50000207537438131
 -0.00001275000000000   0.50000203382311141
 -0.00001250000000000   0.50000199232245405
 -0.00001225000000000   0.50000195323867744
 -0.00001200000000000   0.50000191178844938
 -0.00001175000000000   0.50000187038580070
 -0.00001150000000000   0.50000183125016561
 -0.00001125000000000   0.50000178989166212
 -0.00001100000000000   0.50000174857769858
 -0.00001075000000000   0.50000170730728899
 -0.00001050000000000   0.50000166810437937
 -0.00001025000000000   0.50000162686977934
 -0.00001000000000000   0.50000158567568540
 -0.00000975000000000   0.50000154452110640
 -0.00000950000000000   0.50000150523374172
 -0.00000925000000000   0.50000146410664393
 -0.00000900000000000   0.50000142301600703
 -0.00000875000000000   0.50000138196083545
 -0.00000850000000000   0.50000134094013216
 -0.00000825000000000   0.50000130153594528
 -0.00000800000000000   0.50000126053234660
 -0.00000775000000000   0.50000121956015589
 -0.00000750000000000   0.50000117861837260
 -0.00000725000000000   0.50000113770599497
 -0.00000700000000000   0.50000109682201997
 -0.00000675000000000   0.50000105725288873
 -0.00000650000000000   0.50000101637360232
 -0.00000625000000000   0.50000097551965383
 -0.00000600000000000   0.50000093469003780
 -0.00000575000000000   0.50000089388374779
 -0.00000550000000000   0.50000085309977640
 -0.00000525000000000   0.50000081233711532
 -0.00000500000000000   0.50000077253626602
 -0.00000475000000000   0.50000073176386012
 -0.00000450000000000   0.50000069100969948
 -0.00000425000000000   0.50000065027277453
 -0.00000400000000000   0.50000060955207502
 -0.00000375000000000   0.50000056884659001
 -0.00000350000000000   0.50000052815530797
 -0.00000325000000000   0.50000048747721681
 -0.00000300000000000   0.50000044681130387
 -0.00000275000000000   0.50000040615655602
 -0.00000250000000000   0.50000036551195967
 -0.00000225000000000   0.50000032487650086
 -0.00000200000000000   0.50000028424916520
 -0.00000175000000000   0.50000024392649227
 -0.00000150000000000   0.50000020326278405
 -0.00000125000000000   0.50000016260414442
 -0.00000100000000000   0.50000012194955988
 -0.00000075000000000   0.50000008129801682
 -0.00000050000000000   0.50000004064850147
 -0.00000025000000000   0.50000000000000000
  0.00000000000000000   0.49999995935149852
  0.00000025000000000   0.49999991870198317
  0.00000050000000000   0.49999987805044011
  0.00000075000000000   0.49999983739585557
  0.00000100000000000   0.49999979673721594
  0.00000125000000000   0.49999975607350773
  0.00000150000000000   0.49999971575083479
  0.00000175000000000   0.49999967512349914
  0.00000200000000000   0.49999963448804032
  0.00000225000000000   0.49999959384344398
  0.00000250000000000   0.49999955318869613
  0.00000275000000000   0.49999951252278318
  0.00000300000000000   0.49999947184469202
  0.00000325000000000   0.49999943115340999
  0.00000350000000000   0.49999939044792498
  0.00000375000000000   0.49999934972722546
  0.00000400000000000   0.49999930899030051
  0.00000425000000000   0.49999926823613987
  0.00000450000000000   0.49999922746373398
  0.00000475000000000   0.49999918766288467
  0.00000500000000000   0.49999914690022360
  0.00000525000000000   0.49999910611625220
  0.00000550000000000   0.49999906530996220
  0.00000575000000000   0.49999902448034617
  0.00000600000000000   0.49999898362639767
  0.00000625000000000   0.49999894274711126
  0.00000650000000000   0.49999890317798002
  0.00000675000000000   0.49999886229400502
  0.00000700000000000   0.49999882138162739
  0.00000725000000000   0.49999878043984411
  0.00000750000000000   0.49999873946765339
  0.00000775000000000   0.49999869846405471
  0.00000800000000000   0.49999865905986783
  0.00000825000000000   0.49999861803916454
  0.00000850000000000   0.49999857698399297
  0.00000875000000000   0.49999853589335606
  0.00000900000000000   0.49999849476625827
  0.00000925000000000   0.49999845547889359
  0.00000950000000000   0.49999841432431459
  0.00000975000000000   0.49999837313022065
  0.00001000000000000   0.49999833189562062
  0.00001025000000000   0.49999829269271101
  0.00001050000000000   0.49999825142230141
  0.00001075000000000   0.49999821010833787
  0.00001100000000000   0.49999816874983438
  0.00001125000000000   0.49999812961419929
  0.00001150000000000   0.49999808821155061
  0.00001175000000000   0.49999804676132255
  0.00001200000000000   0.49999800767754594
  0.00001225000000000   0.49999796617688858
  0.00001250000000000   0.49999792462561868
  0.00001275000000000   0.49999788558391655
  0.00001300000000000   0.49999784397592875
  0.00001325000000000   0.49999780231430281
  0.00001350000000000   0.49999776059806790
  0.00001375000000000   0.49999772158020622
  0.00001400000000000   0.49999767979891689
  0.00001425000000000   0.49999764081181321
  0.00001450000000000   0.49999759896122536
  0.00001475000000000   0.49999755705097607
  0.00001500000000000   0.49999751807630594
  0.00001525000000000   0.49999747609047124
  0.00001550000000000   0.49999743404198017
  0.00001575000000000   0.49999739506977889
  0.00001600000000000   0.49999735293942134
  0.00001625000000000   0.49999731398016390
  0.00001650000000000   0.49999727176369234
  0.00001675000000000   0.49999722947955759
  0.00001700000000000   0.49999719050603728
  0.00001725000000000   0.49999714812951909
  0.00001750000000000   0.49999710915768282
  0.00001775000000000   0.49999706668453698
  0.00001800000000000   0.49999702770983967
  0.00001825000000000   0.49999698513582307
  0.00001850000000000   0.49999694248716570
  0.00001875000000000   0.49999690347457572
  0.00001900000000000   0.49999686071880529
  0.00001925000000000   0.49999682169198140
  0.00001950000000000   0.49999677882486564
  0.00001975000000000   0.49999673977921642
  0.00002000000000000   0.49999669679652725
  0.00002025000000000   0.49999665772744859
  0.00002050000000000   0.49999661462496303
  0.00002075000000000   0.49999657552783901
  0.00002100000000000   0.49999653230134011
  0.00002125000000000   0.49999649317154380
  0.00002150000000000   0.49999644981682163
  0.00002175000000000   0.49999641064971594
  0.00002200000000000   0.49999637148682073
  0.00002225000000000   0.49999632795350718
  0.00002250000000000   0.49999628874624606
  0.00002275000000000   0.49999624507406990
  0.00002300000000000   0.49999620581777991
  0.00002325000000000   0.49999616200255913
  0.00002350000000000   0.49999612269257028
  0.00002375000000000   0.49999608337828779
  0.00002400000000000   0.49999603936177081
  0.00002425000000000   0.49999599998667400
  0.00002450000000000   0.49999595581654281
  0.00002475000000000   0.49999591637594394
  0.00002500000000000   0.49999587692490150
  0.00002525000000000   0.49999583253726522
  0.00002550000000000   0.49999579301357181
  0.00002575000000000   0.49999575347570404
  0.00002600000000000   0.49999570886077493
  0.00002625000000000   0.49999566924308894
  0.00002650000000000   0.49999562960747907
  0.00002675000000000   0.49999558475549703
  0.00002700000000000   0.49999554503288685
  0.00002725000000000   0.49999550528858619
  0.00002750000000000   0.49999546018982477
  0.00002775000000000   0.49999542035133048
  0.00002800000000000   0.49999538048736380
  0.00002825000000000   0.49999534059662493
  0.00002850000000000   0.49999529516677540
  0.00002875000000000   0.49999525517214651
  0.00002900000000000   0.49999521514694349
  0.00002925000000000   0.49999516944758571
  0.00002950000000000   0.49999512931128337
  0.00002975000000000   0.49999508914059395
  0.00003000000000000   0.49999504893420263
  0.00003025000000000   0.49999500869079201
  0.00003050000000000   0.49999496254595193
  0.00003075000000000   0.49999492217921807
  0.00003100000000000   0.49999488177163316
  0.00003125000000000   0.49999484132187271
  0.00003150000000000   0.49999480082861006
  0.00003175000000000   0.49999475421054055
  0.00003200000000000   0.49999471358172348
  0.00003225000000000   0.49999467290555944
  0.00003250000000000   0.49999463218071622
  0.00003275000000000   0.49999459140585978
  0.00003300000000000   0.49999455057965434
  0.00003325000000000   0.49999450970076248
  0.00003350000000000   0.49999446238792446
  0.00003375000000000   0.49999442135622936
  0.00003400000000000   0.49999438026799247
  0.00003425000000000   0.49999433912187320
  0.00003450000000000   0.49999429791652975
  0.00003475000000000   0.49999425665061918
  0.00003500000000000   0.49999421532279752
  0.00003525000000000   0.49999417393171985
  0.00003550000000000   0.49999413247604039
  0.00003575000000000   0.49999409095441262
  0.00003600000000000   0.49999404936548935
  0.00003625000000000   0.49999400770792285
  0.00003650000000000   0.49999396598036490
  0.00003675000000000   0.49999392418146697
  0.00003700000000000   0.49999388230988026
  0.00003725000000000   0.49999384036425583
  0.00003750000000000   0.49999379834324471
  0.00003775000000000   0.49999375624549803
  0.00003800000000000   0.49999371406966710
  0.00003825000000000   0.49999367181440354
  0.00003850000000000   0.49999362947835939
  0.00003875000000000   0.49999358706018727
  0.00003900000000000   0.49999354455854044
  0.00003925000000000   0.49999350197207297
  0.00003950000000000   0.49999345929943984
  0.00003975000000000   0.49999341653929710
  0.00004000000000000   0.49999337369030198
  0.00004025000000000   0.49999333075111302
  0.00004050000000000   0.49999328772039020
  0.00004075000000000   0.49999324459679513
  0.00004100000000000   0.49999320897786972
  0.00004125000000000   0.49999316570173888
  0.00004150000000000   0.49999312232847933
  0.00004175000000000   0.49999307885675735
  0.00004200000000000   0.49999303528524154
  0.00004225000000000   0.49999299161260297
  0.00004250000000000   0.49999294783751532
  0.00004275000000000   0.49999291182372832
  0.00004300000000000   0.49999286787522320
  0.00004325000000000   0.49999282382003297
  0.00004350000000000   0.49999277965684023
  0.00004375000000000   0.49999274340085571
  0.00004400000000000   0.49999269905211405
  0.00004425000000000   0.49999265459115138
  0.00004450000000000   0.49999261001666183
  0.00004475000000000   0.49999257349126099
  0.00004500000000000   0.49999252871910462
  0.00004525000000000   0.49999248382922832
  0.00004550000000000   0.49999243882034061
  0.00004575000000000   0.49999240199819420
  0.00004600000000000   0.49999235677955610
  0.00004625000000000   0.49999231143774754
  0.00004650000000000   0.49999227438593152
  0.00004675000000000   0.49999222882520200
  0.00004700000000000   0.49999218313717189
  0.00004725000000000   0.49999214583988653
  0.00004750000000000   0.49999209992379651
  0.00004775000000000   0.49999205387631009
  0.00004800000000000   0.49999201631773198
  0.00004825000000000   0.49999197003308887
  0.00004850000000000   0.49999193230533675
  0.00004875000000000   0.49999188577729044
  0.00004900000000000   0.49999183911099521
  0.00004925000000000   0.49999180109529152
  0.00004950000000000   0.49999175417658452
  0.00004975000000000   0.49999171597347954
  0.00005000000000000   0.49999166879617173
  0.00005025000000000   0.49999163039825925
  0.00005050000000000   0.49999158295618802
  0.00005075000000000   0.49999154435605987
  0.00005100000000000   0.49999149664309287
  0.00005125000000000   0.49999145783334240
  0.00005150000000000   0.49999140984338155
  0.00005175000000000   0.49999137081660730
  0.00005200000000000   0.49999132254359303
  0.00005225000000000   0.49999128329240255
  0.00005250000000000   0.49999124394462879
  0.00005275000000000   0.49999119524733209
  0.00005300000000000   0.49999115566375285
  0.00005325000000000   0.49999110666806456
  0.00005350000000000   0.49999106684131982
  0.00005375000000000   0.49999102690781271
  0.00005400000000000   0.49999097746409611
  0.00005425000000000   0.49999093727608260
  0.00005450000000000   0.49999089697513714
  0.00005475000000000   0.49999084706911650
  0.00005500000000000   0.49999080650236800
  0.00005525000000000   0.49999076581652503
  0.00005550000000000   0.49999072500942053
  0.00005575000000000   0.49999067447121724
  0.00005600000000000   0.49999063338309345
  0.00005625000000000   0.49999059216756330
  0.00005650000000000   0.49999055082246228
  0.00005675000000000   0.49999049962635719
  0.00005700000000000   0.49999045798514686
  0.00005725000000000   0.49999041620825400
  0.00005750000000000   0.49999037429352191
  0.00005775000000000   0.49999033223879550
  0.00005800000000000   0.49999028018854892
  0.00005825000000000   0.49999023781888833
  0.00005850000000000   0.49999019530318395
  0.00005875000000000   0.49999015263929578
  0.00005900000000000   0.49999010982508740
  0.00005925000000000   0.49999006685842635
  0.00005950000000000   0.49999002373718452
  0.00005975000000000   0.49998998045923861
  0.00006000000000000   0.49998993702247053
  0.00006025000000000   0.49998989342476785
  0.00006050000000000   0.49998984966402427
  0.00006075000000000   0.49998980573814004
  0.00006100000000000   0.49998976164502249
  0.00006125000000000   0.49998971738258648
  0.00006150000000000   0.49998967294875491
  0.00006175000000000   0.49998962834145925
  0.00006200000000000   0.49998958355864003
  0.00006225000000000   0.49998953859824741
  0.00006250000000000   0.49998949345824174
  0.00006275000000000   0.49998944813659409
  0.00006300000000000   0.49998940263128687
  0.00006325000000000   0.49998935694031440
  0.00006350000000000   0.49998932144129353
  0.00006375000000000   0.49998927539150310
  0.00006400000000000   0.49998922914959151
  0.00006425000000000   0.49998918271360130
  0.00006450000000000   0.49998913608159013
  0.00006475000000000   0.49998909973414458
  0.00006500000000000   0.49998905272021513
  0.00006525000000000   0.49998900550398959
  0.00006550000000000   0.49998896862797449
  0.00006575000000000   0.49998892101581377
  0.00006600000000000   0.49998887319520757
  0.00006625000000000   0.49998882516432735
  0.00006650000000000   0.49998878753550044
  0.00006675000000000   0.49998873909071007
  0.00006700000000000   0.49998870108343100
  0.00006725000000000   0.49998865221536290
  0.00006750000000000   0.49998860312700877
  0.00006775000000000   0.49998856451753217
  0.00006800000000000   0.49998851499265757
  0.00006825000000000   0.49998847597666636
  0.00006850000000000   0.49998842600623293
  0.00006875000000000   0.49998838657244262
  0.00006900000000000   0.49998833614756311
  0.00006925000000000   0.49998829628479487
  0.00006950000000000   0.49998825621435910
  0.00006975000000000   0.49998820509394342
  0.00007000000000000   0.49998816457739062
  0.00007025000000000   0.49998811298042630
  0.00007050000000000   0.49998807200689336
  0.00007075000000000   0.49998803081030084
  0.00007100000000000   0.49998797848391630
  0.00007125000000000   0.49998793681371840
  0.00007150000000000   0.49998789491129085
  0.00007175000000000   0.49998785277340001
  0.00007200000000000   0.49998779944338374
  0.00007225000000000   0.49998775680987437
  0.00007250000000000   0.49998771393195968
  0.00007275000000000   0.49998767080648158
  0.00007300000000000   0.49998762743030202
  0.00007325000000000   0.49998757279527552
  0.00007350000000000   0.49998752889673195
  0.00007375000000000   0.49998748473890780
  0.00007400000000000   0.49998744031876641
  0.00007425000000000   0.49998739563329808
  0.00007450000000000   0.49998735067952149
  0.00007475000000000   0.49998730545448528
  0.00007500000000000   0.49998725995526959
  0.00007525000000000   0.49998721417898771
  0.00007550000000000   0.49998716812278772
  0.00007575000000000   0.49998713287266970
  0.00007600000000000   0.49998708625247387
  0.00007625000000000   0.49998703934324551
  0.00007650000000000   0.49998699214228093
  0.00007675000000000   0.49998694464692033
  0.00007700000000000   0.49998689685454979
  0.00007725000000000   0.49998685988238700
  0.00007750000000000   0.49998681148778118
  0.00007775000000000   0.49998676278778078
  0.00007800000000000   0.49998672491301985
  0.00007825000000000   0.49998667559194697
  0.00007850000000000   0.49998662595752947
  0.00007875000000000   0.49998658714626701
  0.00007900000000000   0.49998653687278520
  0.00007925000000000   0.49998649742258483
  0.00007950000000000   0.49998644649798486
  0.00007975000000000   0.49998640639349828
  0.00008000000000000   0.49998635480617289
  0.00008025000000000   0.49998631403243917
  0.00008050000000000   0.49998627292188061
  0.00008075000000000   0.49998622031375866
  0.00008100000000000   0.49998617851140141
  0.00008125000000000   0.49998613635980386
  0.00008150000000000   0.49998608270484105
  0.00008175000000000   0.49998603983995285
  0.00008200000000000   0.49998599661393137
  0.00008225000000000   0.49998595302261460
  0.00008250000000000   0.49998590906190415
  0.00008275000000000   0.49998586472776868
  0.00008300000000000   0.49998580888811362
  0.00008325000000000   0.49998576379951571
  0.00008350000000000   0.49998571832688102
  0.00008375000000000   0.49998567246649535
  0.00008400000000000   0.49998563731977390
  0.00008425000000000   0.49998559066465174
  0.00008450000000000   0.49998554361007934
  0.00008475000000000   0.49998549615270159
  0.00008500000000000   0.49998544828926751
  0.00008525000000000   0.49998541108629130
  0.00008550000000000   0.49998536238741342
  0.00008575000000000   0.49998531327224523
  0.00008600000000000   0.49998527477998074
  0.00008625000000000   0.49998522480645324
  0.00008650000000000   0.49998517440744544
  0.00008675000000000   0.49998513458427077
  0.00008700000000000   0.49998508330610600
  0.00008725000000000   0.49998504257254784
  0.00008750000000000   0.49998500137419481
  0.00008775000000000   0.49998494874016437
  0.00008800000000000   0.49998490660391709
  0.00008825000000000   0.49998486398780698
  0.00008850000000000   0.49998482088664683
  0.00008875000000000   0.49998477729538776
  0.00008900000000000   0.49998472231625604
  0.00008925000000000   0.49998467774517193
  0.00008950000000000   0.49998463267112201
  0.00008975000000000   0.49998458708970433
  0.00009000000000000   0.49998455182154771
  0.00009025000000000   0.49998450519239537
  0.00009050000000000   0.49998445804234222
  0.00009075000000000   0.49998441036774176
  0.00009100000000000   0.49998436216516489
  0.00009125000000000   0.49998432415683232
  0.00009150000000000   0.49998427486105097
  0.00009175000000000   0.49998423571268999
  0.00009200000000000   0.49998418530673249
  0.00009225000000000   0.49998414499612630
  0.00009250000000000   0.49998410408839356
  0.00009275000000000   0.49998405197178447
  0.00009300000000000   0.49998400987046440
  0.00009325000000000   0.49998396715505740
  0.00009350000000000   0.49998392381989041
  0.00009375000000000   0.49998387985957414
  0.00009400000000000   0.49998383526901852
  0.00009425000000000   0.49998379004344899
  0.00009450000000000   0.49998374417842339
  0.00009475000000000   0.49998369766984967
  0.00009500000000000   0.49998366087927193
  0.00009525000000000   0.49998361303725194
  0.00009550000000000   0.49998356453984163
  0.00009575000000000   0.49998352565472117
  0.00009600000000000   0.49998347579819181
  0.00009625000000000   0.49998343548113639
  0.00009650000000000   0.49998339442632262
  0.00009675000000000   0.49998335262714970
  0.00009700000000000   0.49998331007747361
  0.00009725000000000   0.49998326677163363
  0.00009750000000000   0.49998322270448000
  0.00009775000000000   0.49998317787140311
  0.00009800000000000   0.49998313226836400
  0.00009825000000000   0.49998309582901759
  0.00009850000000000   0.49998304863130259
  0.00009875000000000   0.49998301051439990
  0.00009900000000000   0.49998296170447393
  0.00009925000000000   0.49998292188594828
  0.00009950000000000   0.49998288119042293
  0.00009975000000000   0.49998283961159810
  0.00010000000000000   0.49998279714393949
  0.00010025000000000   0.49998275378272455
  0.00010050000000000   0.49998270952409139
  0.00010075000000000   0.49998267389371588
  0.00010100000000000   0.49998262777937489
  0.00010125000000000   0.49998259019519958
  0.00010150000000000   0.49998254221072656
  0.00010175000000000   0.49998250265163976
  0.00010200000000000   0.49998246207591937
  0.00010225000000000   0.49998242047881006
  0.00010250000000000   0.49998238705267434
  0.00010275000000000   0.49998234334673245
  0.00010300000000000   0.49998230770473040
  0.00010325000000000   0.49998226187463283
  0.00010350000000000   0.49998222399479881
  0.00010375000000000   0.49998218496467666
  0.00010400000000000   0.49998214478022923
  0.00010425000000000   0.49998211226442162
  0.00010450000000000   0.49998206970239172
  0.00010475000000000   0.49998203469045149
  0.00010500000000000   0.49998199839636767
  0.00010525000000000   0.49998196081526338
  0.00010550000000000   0.49998192194450877
  0.00010575000000000   0.49998189026131250
  0.00010600000000000   0.49998184874210688
  0.00010625000000000   0.49998181428249574
  0.00010650000000000   0.49998177840112458
  0.00010675000000000   0.49998174109705847
  0.00010700000000000   0.49998171052609993
  0.00010725000000000   0.49998167839974125
  0.00010750000000000   0.49998164471420463
  0.00010775000000000   0.49998160946951048
  0.00010800000000000   0.49998157266978057
  0.00010825000000000   0.49998154212791848
  0.00010850000000000   0.49998150989297691
  0.00010875000000000   0.49998148363473110
  0.00010900000000000   0.49998144794671611
  0.00010925000000000   0.49998141809504505
  0.00010950000000000   0.49998139385737109
  0.00010975000000000   0.49998136028164165
  0.00011000000000000   0.49998133217832473
  0.00011025000000000   0.49998130931671368
  0.00011050000000000   0.49998128434433114
  0.00011075000000000   0.49998125726906927
  0.00011100000000000   0.49998123506072520
  0.00011125000000000   0.49998121060849016
  0.00011150000000000   0.49998118393157180
  0.00011175000000000   0.49998116174280618
  0.00011200000000000   0.49998114379638022
  0.00011225000000000   0.49998112333684418
  0.00011250000000000   0.49998110680761418
  0.00011275000000000   0.49998108763763223
  0.00011300000000000   0.49998107208809782
  0.00011325000000000   0.49998105990907731
  0.00011350000000000   0.49998104482259911
  0.00011375000000000   0.49998103873200457
  0.00011400000000000   0.49998102943375030
  0.00011425000000000   0.49998101699133344
  0.00011450000000000   0.49998101270303767
  0.00011475000000000   0.49998101050521788
  0.00011500000000000   0.49998101016135287
  0.00011525000000000   0.49998101144150031
  0.00011550000000000   0.49998101412549888
  0.00011575000000000   0.49998102304885575
  0.00011600000000000   0.49998103273444466
  0.00011625000000000   0.49998104780420054
  0.00011650000000000   0.49998106304934221
  0.00011675000000000   0.49998108743748636
  0.00011700000000000   0.49998111125369468
  0.00011725000000000   0.49998114300961826
  0.00011750000000000   0.49998118188809533
  0.00011775000000000   0.49998122711403409
  0.00011800000000000   0.49998127797022357
  0.00011825000000000   0.49998133383012661
  0.00011850000000000   0.49998140489414449
  0.00011875000000000   0.49998148261717145
  0.00011900000000000   0.49998157616220092
  0.00011925000000000   0.49998168379089557
  0.00011950000000000   0.49998180999837351
  0.00011975000000000   0.49998196125268311
  0.00012000000000000   0.49998214029127953
  0.00012025000000000   0.49998235936504175
  0.00012050000000000   0.49998263320529145
  0.00012075000000000   0.49998299102661398
  0.00012100000000000   0.49998348668952081
  0.00012125000000000   0.49998427329417529
  0.00012150000000000   0.49998633886542121
  0.00012175000000000   0.50003608127114493
  0.00012200000000000   0.50004120705259215
  0.00012225000000000   0.50004457584715564
  0.00012250000000000   0.50004719263768923
  0.00012275000000000   0.50004939506445033
  0.00012300000000000   0.50005130124131855
  0.00012325000000000   0.50005302018742929
  0.00012350000000000   0.50005457564547383
  0.00012375000000000   0.50005600963420980
  0.00012400000000000   0.50005735613336899
  0.00012425000000000   0.50005861329729951
  0.00012450000000000   0.50005980548503799
  0.00012475000000000   0.50006092748018553
  0.00012500000000000   0.50006200633918928
  0.00012525000000000   0.50006304193851313
  0.00012550000000000   0.50006404426314462
  0.00012575000000000   0.50006499586091457
  0.00012600000000000   0.50006592927147072
  0.00012625000000000   0.50006682432502797
  0.00012650000000000   0.50006769907463691
  0.00012675000000000   0.50006854451698796
  0.00012700000000000   0.50006936425149278
  0.00012725000000000   0.50007016146740984
  0.00012750000000000   0.50007095278933406
  0.00012775000000000   0.50007171327280657
  0.00012800000000000   0.50007247287439333
  0.00012825000000000   0.50007320577318206
  0.00012850000000000   0.50007392773250014
  0.00012875000000000   0.50007464045499316
  0.00012900000000000   0.50007533115769850
  0.00012925000000000   0.50007601544504889
  0.00012950000000000   0.50007668014702844
  0.00012975000000000   0.50007734081483676
  0.00013000000000000   0.50007799857375425
  0.00013025000000000   0.50007863977590327
  0.00013050000000000   0.50007926519467945
  0.00013075000000000   0.50007989036333384
  0.00013100000000000   0.50008050125628769
  0.00013125000000000   0.50008111341950825
  0.00013150000000000   0.50008171261226152
  0.00013175000000000   0.50008229936920857
  0.00013200000000000   0.50008288928024049
  0.00013225000000000   0.50008346782714371
  0.00013250000000000   0.50008403544751380
  0.00013275000000000   0.50008459255738053
  0.00013300000000000   0.50008515481513825
  0.00013325000000000   0.50008570740437102
  0.00013350000000000   0.50008626602539762
  0.00013375000000000   0.50008680032627340
  0.00013400000000000   0.50008734137046704
  0.00013425000000000   0.50008787408822662
  0.00013450000000000   0.50008839875376752
  0.00013475000000000   0.50008893117401338
  0.00013500000000000   0.50008944053736066
  0.00013525000000000   0.50008995820545695
  0.00013550000000000   0.50009046885467046
  0.00013575000000000   0.50009097269704642
  0.00013600000000000   0.50009148564030068
  0.00013625000000000   0.50009197649467025
  0.00013650000000000   0.50009247688527835
  0.00013675000000000   0.50009297128085925
  0.00013700000000000   0.50009345984789862
  0.00013725000000000   0.50009394274683399
  0.00013750000000000   0.50009442013229296
  0.00013775000000000   0.50009489215332438
  0.00013800000000000   0.50009537485839715
  0.00013825000000000   0.50009583659158549
  0.00013850000000000   0.50009630931743663
  0.00013875000000000   0.50009677725458218
  0.00013900000000000   0.50009724052236592
  0.00013925000000000   0.50009769923621064
  0.00013950000000000   0.50009815350775583
  0.00013975000000000   0.50009861948437435
  0.00014000000000000   0.50009906520438992
  0.00014025000000000   0.50009952286576074
  0.00014050000000000   0.50009996043336894
