 -0.00013050000000000   0.49990025902248039
 -0.00013025000000000   0.49990064449030967
 -0.00013000000000000   0.49990103201445994
 -0.00012975000000000   0.49990140975282039
 -0.00012950000000000   0.49990178964135300
 -0.00012925000000000   0.49990218358188881
 -0.00012900000000000   0.49990256788215994
 -0.00012875000000000   0.49990295445420662
 -0.00012850000000000   0.49990334334081384
 -0.00012825000000000   0.49990373458582492
 -0.00012800000000000   0.49990412823416814
 -0.00012775000000000   0.49990452433188382
 -0.00012750000000000   0.49990492292615160
 -0.00012725000000000   0.49990532406531804
 -0.00012700000000000   0.49990571604976505
 -0.00012675000000000   0.49990612244633254
 -0.00012650000000000   0.49990651982086506
 -0.00012625000000000   0.49990693168792698
 -0.00012600000000000   0.49990733467569954
 -0.00012575000000000   0.49990774056463171
 -0.00012550000000000   0.49990814941630863
 -0.00012525000000000   0.49990856129401644
 -0.00012500000000000   0.49990897626279151
 -0.00012475000000000   0.49990939438947032
 -0.00012450000000000   0.49990981574274007
 -0.00012425000000000   0.49991022882489954
 -0.00012400000000000   0.49991065686929313
 -0.00012375000000000   0.49991107683205032
 -0.00012350000000000   0.49991150036319226
 -0.00012325000000000   0.49991192754693449
 -0.00012300000000000   0.49991235847005995
 -0.00012275000000000   0.49991279322200322
 -0.00012250000000000   0.49991323189493620
 -0.00012225000000000   0.49991366318035927
 -0.00012200000000000   0.49991411001236264
 -0.00012175000000000   0.49991454970803190
 -0.00012150000000000   0.49991499378162120
 -0.00012125000000000   0.49991544234757810
 -0.00012100000000000   0.49991589552417521
 -0.00012075000000000   0.49991635343364883
 -0.00012050000000000   0.49991680497640455
 -0.00012025000000000   0.49991726156837787
 -0.00012000000000000   0.49991773452803478
 -0.00011975000000000   0.49991820162412168
 -0.00011950000000000   0.49991866309920086
 -0.00011925000000000   0.49991914137441518
 -0.00011900000000000   0.49991961441928251
 -0.00011875000000000   0.49992009352824741
 -0.00011850000000000   0.49992057888976236
 -0.00011825000000000   0.49992107069966665
 -0.00011800000000000   0.49992156916150900
 -0.00011775000000000   0.49992206361280914
 -0.00011750000000000   0.49992256523447577
 -0.00011725000000000   0.49992306346072797
 -0.00011700000000000   0.49992358020579379
 -0.00011675000000000   0.49992409415991293
 -0.00011650000000000   0.49992461642050124
 -0.00011625000000000   0.49992513664476535
 -0.00011600000000000   0.49992566588881615
 -0.00011575000000000   0.49992620450074718
 -0.00011550000000000   0.49992675284529016
 -0.00011525000000000   0.49992730084515477
 -0.00011500000000000   0.49992784905873819
 -0.00011475000000000   0.49992841882880294
 -0.00011450000000000   0.49992898984059007
 -0.00011425000000000   0.49992956276844195
 -0.00011400000000000   0.49993014853878365
 -0.00011375000000000   0.49993073759763075
 -0.00011350000000000   0.49993134086336450
 -0.00011325000000000   0.49993194900094140
 -0.00011300000000000   0.49993257293319836
 -0.00011275000000000   0.49993319366594837
 -0.00011250000000000   0.49993384204501567
 -0.00011225000000000   0.49993448952583906
 -0.00011200000000000   0.49993515703709143
 -0.00011175000000000   0.49993582652015812
 -0.00011150000000000   0.49993651888335735
 -0.00011125000000000   0.49993722613652589
 -0.00011100000000000   0.49993794078642575
 -0.00011075000000000   0.49993868383093798
 -0.00011050000000000   0.49993943892947844
 -0.00011025000000000   0.49994020901624631
 -0.00011000000000000   0.49994100642515734
 -0.00010975000000000   0.49994183458677845
 -0.00010950000000000   0.49994267980402426
 -0.00010925000000000   0.49994355599738768
 -0.00010900000000000   0.49994446027659890
 -0.00010875000000000   0.49994540813468056
 -0.00010850000000000   0.49994639089176628
 -0.00010825000000000   0.49994741896329017
 -0.00010800000000000   0.49994849700464566
 -0.00010775000000000   0.49994964118953177
 -0.00010750000000000   0.49995086428267272
 -0.00010725000000000   0.49995217104276524
 -0.00010700000000000   0.49995358528082115
 -0.00010675000000000   0.49995514067859372
 -0.00010650000000000   0.49995687966095439
 -0.00010625000000000   0.49995887486253176
 -0.00010600000000000   0.49996127070225333
 -0.00010575000000000   0.49996436800220724
 -0.00010550000000000   0.49996922435402032
 -0.00010525000000000   0.50001237101151837
 -0.00010500000000000   0.50001390624394968
 -0.00010475000000000   0.50001456884272166
 -0.00010450000000000   0.50001499335180011
 -0.00010425000000000   0.50001530276032324
 -0.00010400000000000   0.50001554172203629
 -0.00010375000000000   0.50001573236793722
 -0.00010350000000000   0.50001588927181994
 -0.00010325000000000   0.50001601949278503
 -0.00010300000000000   0.50001612906748296
 -0.00010275000000000   0.50001622284852146
 -0.00010250000000000   0.50001630413124000
 -0.00010225000000000   0.50001637165229108
 -0.00010200000000000   0.50001643190195055
 -0.00010175000000000   0.50001648141112894
 -0.00010150000000000   0.50001652477758184
 -0.00010125000000000   0.50001656138149360
 -0.00010100000000000   0.50001659359500394
 -0.00010075000000000   0.50001661780017424
 -0.00010050000000000   0.50001663971872223
 -0.00010025000000000   0.50001665574917361
 -0.00010000000000000   0.50001667219236550
 -0.00009975000000000   0.50001668196493826
 -0.00009950000000000   0.50001668807652099
 -0.00009925000000000   0.50001669018241942
 -0.00009900000000000   0.50001669169197623
 -0.00009875000000000   0.50001669248349229
 -0.00009850000000000   0.50001668850570768
 -0.00009825000000000   0.50001668338069176
 -0.00009800000000000   0.50001667696167067
 -0.00009775000000000   0.50001666909565791
 -0.00009750000000000   0.50001665541666363
 -0.00009725000000000   0.50001664411450504
 -0.00009700000000000   0.50001663088755231
 -0.00009675000000000   0.50001661557262615
 -0.00009650000000000   0.50001659800551357
 -0.00009625000000000   0.50001657802085596
 -0.00009600000000000   0.50001656007088565
 -0.00009575000000000   0.50001653950307354
 -0.00009550000000000   0.50001652089193124
 -0.00009525000000000   0.50001649945713237
 -0.00009500000000000   0.50001647503624086
 -0.00009475000000000   0.50001645238211615
 -0.00009450000000000   0.50001642653629168
 -0.00009425000000000   0.50001639733672953
 -0.00009400000000000   0.50001637480241720
 -0.00009375000000000   0.50001634368145718
 -0.00009350000000000   0.50001631924317729
 -0.00009325000000000   0.50001629115639122
 -0.00009300000000000   0.50001625926990117
 -0.00009275000000000   0.50001622878370571
 -0.00009250000000000   0.50001619970336404
 -0.00009225000000000   0.50001616657972174
 -0.00009200000000000   0.50001614026653991
 -0.00009175000000000   0.50001610427242732
 -0.00009150000000000   0.50001607508892841
 -0.00009125000000000   0.50001604158148906
 -0.00009100000000000   0.50001600929397021
 -0.00009075000000000   0.50001597250123792
 -0.00009050000000000   0.50001593683816173
 -0.00009025000000000   0.50001590230597742
 -0.00009000000000000   0.50001586890279755
 -0.00008975000000000   0.50001583072819182
 -0.00008950000000000   0.50001579953352470
 -0.00008925000000000   0.50001576348125652
 -0.00008900000000000   0.50001572244970142
 -0.00008875000000000   0.50001568842925435
 -0.00008850000000000   0.50001564934565935
 -0.00008825000000000   0.50001561121289085
 -0.00008800000000000   0.50001557402843312
 -0.00008775000000000   0.50001553778791548
 -0.00008750000000000   0.50001550248523639
 -0.00008725000000000   0.50001546184985801
 -0.00008700000000000   0.50001542207549967
 -0.00008675000000000   0.50001538315928729
 -0.00008650000000000   0.50001534509691050
 -0.00008625000000000   0.50001530788271443
 -0.00008600000000000   0.50001526508408066
 -0.00008575000000000   0.50001522306138507
 -0.00008550000000000   0.50001518830418326
 -0.00008525000000000   0.50001514785524623
 -0.00008500000000000   0.50001510162127095
 -0.00008475000000000   0.50001506266922385
 -0.00008450000000000   0.50001502447134487
 -0.00008425000000000   0.50001498039112402
 -0.00008400000000000   0.50001494366014671
 -0.00008375000000000   0.50001490098499436
 -0.00008350000000000   0.50001485899138118
 -0.00008325000000000   0.50001481767499043
 -0.00008300000000000   0.50001477703076491
 -0.00008275000000000   0.50001473027227525
 -0.00008250000000000   0.50001469093598794
 -0.00008225000000000   0.50001465225454242
 -0.00008200000000000   0.50001460737813617
 -0.00008175000000000   0.50001456310313793
 -0.00008150000000000   0.50001451942616789
 -0.00008125000000000   0.50001447634327819
 -0.00008100000000000   0.50001443384998427
 -0.00008075000000000   0.50001439194129465
 -0.00008050000000000   0.50001435061173927
 -0.00008025000000000   0.50001430985539649
 -0.00008000000000000   0.50001426266214567
 -0.00007975000000000   0.50001422302143175
 -0.00007950000000000   0.50001417689846672
 -0.00007925000000000   0.50001413129413900
 -0.00007900000000000   0.50001409328082880
 -0.00007875000000000   0.50001404872070797
 -0.00007850000000000   0.50001400466673306
 -0.00007825000000000   0.50001396111451848
 -0.00007800000000000   0.50001391805934731
 -0.00007775000000000   0.50001387549618907
 -0.00007750000000000   0.50001382626229472
 -0.00007725000000000   0.50001378465816978
 -0.00007700000000000   0.50001374353060294
 -0.00007675000000000   0.50001369568179147
 -0.00007650000000000   0.50001365548394723
 -0.00007625000000000   0.50001360853289926
 -0.00007600000000000   0.50001356201732601
 -0.00007575000000000   0.50001351593398255
 -0.00007550000000000   0.50001347753045729
 -0.00007525000000000   0.50001343231144916
 -0.00007500000000000   0.50001338751229939
 -0.00007475000000000   0.50001334312886124
 -0.00007450000000000   0.50001329915678683
 -0.00007425000000000   0.50001324829940404
 -0.00007400000000000   0.50001320513154091
 -0.00007375000000000   0.50001316236202337
 -0.00007350000000000   0.50001311998578504
 -0.00007325000000000   0.50001307068114114
 -0.00007300000000000   0.50001302907537018
 -0.00007275000000000   0.50001298051972443
 -0.00007250000000000   0.50001293966669587
 -0.00007225000000000   0.50001289184599095
 -0.00007200000000000   0.50001284438297915
 -0.00007175000000000   0.50001280462580002
 -0.00007150000000000   0.50001275787544183
 -0.00007125000000000   0.50001271147253180
 -0.00007100000000000   0.50001266541371692
 -0.00007075000000000   0.50001261969551388
 -0.00007050000000000   0.50001257431431537
 -0.00007025000000000   0.50001252926639621
 -0.00007000000000000   0.50001248454791920
 -0.00006975000000000   0.50001244015494084
 -0.00006950000000000   0.50001239608341671
 -0.00006925000000000   0.50001235232920684
 -0.00006900000000000   0.50001230152144880
 -0.00006875000000000   0.50001225839318607
 -0.00006850000000000   0.50001221557016310
 -0.00006825000000000   0.50001216568406749
 -0.00006800000000000   0.50001212346467625
 -0.00006775000000000   0.50001207417600288
 -0.00006750000000000   0.50001203254508476
 -0.00006725000000000   0.50001198384172004
 -0.00006700000000000   0.50001194278349805
 -0.00006675000000000   0.50001189465265967
 -0.00006650000000000   0.50001184680288598
 -0.00006625000000000   0.50001180657910303
 -0.00006600000000000   0.50001175928235185
 -0.00006575000000000   0.50001171225777726
 -0.00006550000000000   0.50001166550253350
 -0.00006525000000000   0.50001161901370423
 -0.00006500000000000   0.50001158011047818
 -0.00006475000000000   0.50001153414051935
 -0.00006450000000000   0.50001148842710225
 -0.00006425000000000   0.50001144296706938
 -0.00006400000000000   0.50001139775720810
 -0.00006375000000000   0.50001134550403711
 -0.00006350000000000   0.50001130079319204
 -0.00006325000000000   0.50001125632326553
 -0.00006300000000000   0.50001121209084282
 -0.00006275000000000   0.50001116809246732
 -0.00006250000000000   0.50001112432464289
 -0.00006225000000000   0.50001107354318746
 -0.00006200000000000   0.50001103023836669
 -0.00006175000000000   0.50001098715403167
 -0.00006150000000000   0.50001093707378525
 -0.00006125000000000   0.50001089443391567
 -0.00006100000000000   0.50001084480930896
 -0.00006075000000000   0.50001080260158072
 -0.00006050000000000   0.50001075342266519
 -0.00006025000000000   0.50001071163446905
 -0.00006000000000000   0.50001066289096404
 -0.00005975000000000   0.50001062150943656
 -0.00005950000000000   0.50001057319076030
 -0.00005925000000000   0.50001052508435151
 -0.00005900000000000   0.50001048429811169
 -0.00005875000000000   0.50001043660073977
 -0.00005850000000000   0.50001038910847259
 -0.00005825000000000   0.50001034181904839
 -0.00005800000000000   0.50001030178948769
 -0.00005775000000000   0.50001025488755094
 -0.00005750000000000   0.50001020818090665
 -0.00005725000000000   0.50001016166716691
 -0.00005700000000000   0.50001011534391424
 -0.00005675000000000   0.50001006920870306
 -0.00005650000000000   0.50001002325906107
 -0.00005625000000000   0.50000997749249059
 -0.00005600000000000   0.50000993190646991
 -0.00005575000000000   0.50000988649845453
 -0.00005550000000000   0.50000984126587843
 -0.00005525000000000   0.50000979620615526
 -0.00005500000000000   0.50000975131667953
 -0.00005475000000000   0.50000970659482775
 -0.00005450000000000   0.50000966203795951
 -0.00005425000000000   0.50000961764341862
 -0.00005400000000000   0.50000957340853410
 -0.00005375000000000   0.50000952253421883
 -0.00005350000000000   0.50000947863043143
 -0.00005325000000000   0.50000943487865657
 -0.00005300000000000   0.50000939127616813
 -0.00005275000000000   0.50000934109530256
 -0.00005250000000000   0.50000929780480711
 -0.00005225000000000   0.50000925465578782
 -0.00005200000000000   0.50000920497624183
 -0.00005175000000000   0.50000916212479236
 -0.00005150000000000   0.50000911277351188
 -0.00005125000000000   0.50000907021016598
 -0.00005100000000000   0.50000902777519889
 -0.00005075000000000   0.50000897889457143
 -0.00005050000000000   0.50000893673291577
 -0.00005025000000000   0.50000888816043910
 -0.00005000000000000   0.50000884626240494
 -0.00004975000000000   0.50000879798999286
 -0.00004950000000000   0.50000874987274828
 -0.00004925000000000   0.50000870836527458
 -0.00004900000000000   0.50000866053617094
 -0.00004875000000000   0.50000861926816739
 -0.00004850000000000   0.50000857171885581
 -0.00004825000000000   0.50000852431549618
 -0.00004800000000000   0.50000848340246830
 -0.00004775000000000   0.50000843626661039
 -0.00004750000000000   0.50000838927109588
 -0.00004725000000000   0.50000834241416177
 -0.00004700000000000   0.50000830195118910
 -0.00004675000000000   0.50000825534533978
 -0.00004650000000000   0.50000820887232365
 -0.00004625000000000   0.50000816253032987
 -0.00004600000000000   0.50000811631753597
 -0.00004575000000000   0.50000807023210836
 -0.00004550000000000   0.50000803038997341
 -0.00004525000000000   0.50000798453086403
 -0.00004500000000000   0.50000793879321194
 -0.00004475000000000   0.50000789317514951
 -0.00004450000000000   0.50000784767480070
 -0.00004425000000000   0.50000780229028164
 -0.00004400000000000   0.50000775701970106
 -0.00004375000000000   0.50000771186116084
 -0.00004350000000000   0.50000766681275643
 -0.00004325000000000   0.50000762187257734
 -0.00004300000000000   0.50000757703870760
 -0.00004275000000000   0.50000753230922620
 -0.00004250000000000   0.50000748768220751
 -0.00004225000000000   0.50000744315572172
 -0.00004200000000000   0.50000739872783522
 -0.00004175000000000   0.50000734865633547
 -0.00004150000000000   0.50000730444744410
 -0.00004125000000000   0.50000726033161360
 -0.00004100000000000   0.50000721630689503
 -0.00004075000000000   0.50000717237133767
 -0.00004050000000000   0.50000712852298930
 -0.00004025000000000   0.50000707918086778
 -0.00004000000000000   0.50000703553035385
 -0.00003975000000000   0.50000699196144325
 -0.00003950000000000   0.50000694847217735
 -0.00003925000000000   0.50000689959183648
 -0.00003900000000000   0.50000685628630655
 -0.00003875000000000   0.50000681305478843
 -0.00003850000000000   0.50000676451002000
 -0.00003825000000000   0.50000672145172109
 -0.00003800000000000   0.50000667846178811
 -0.00003775000000000   0.50000663023878137
 -0.00003750000000000   0.50000658741149818
 -0.00003725000000000   0.50000654464693051
 -0.00003700000000000   0.50000649673172121
 -0.00003675000000000   0.50000645411919819
 -0.00003650000000000   0.50000640640965033
 -0.00003625000000000   0.50000636394224011
 -0.00003600000000000   0.50000631643241313
 -0.00003575000000000   0.50000627410316963
 -0.00003550000000000   0.50000622678708123
 -0.00003525000000000   0.50000618458904855
 -0.00003500000000000   0.50000613746067940
 -0.00003475000000000   0.50000609538689612
 -0.00003450000000000   0.50000604844019436
 -0.00003425000000000   0.50000600648369761
 -0.00003400000000000   0.50000595971258320
 -0.00003375000000000   0.50000591786641260
 -0.00003350000000000   0.50000587126478152
 -0.00003325000000000   0.50000582475966274
 -0.00003300000000000   0.50000578308371118
 -0.00003275000000000   0.50000573673910718
 -0.00003250000000000   0.50000569048686618
 -0.00003225000000000   0.50000564896604496
 -0.00003200000000000   0.50000560286529751
 -0.00003175000000000   0.50000555685272517
 -0.00003150000000000   0.50000551547195342
 -0.00003125000000000   0.50000546960181344
 -0.00003100000000000   0.50000542381562855
 -0.00003075000000000   0.50000538255985049
 -0.00003050000000000   0.50000533690700880
 -0.00003025000000000   0.50000529133387608
 -0.00003000000000000   0.50000524583910277
 -0.00002975000000000   0.50000520042133508
 -0.00002950000000000   0.50000515936572930
 -0.00002925000000000   0.50000511406636069
 -0.00002900000000000   0.50000506883971430
 -0.00002875000000000   0.50000502368442480
 -0.00002850000000000   0.50000497859912366
 -0.00002825000000000   0.50000493358243935
 -0.00002800000000000   0.50000489272126118
 -0.00002775000000000   0.50000484780505768
 -0.00002750000000000   0.50000480295316058
 -0.00002725000000000   0.50000475816419147
 -0.00002700000000000   0.50000471343676987
 -0.00002675000000000   0.50000466876951343
 -0.00002650000000000   0.50000462416103812
 -0.00002625000000000   0.50000457960995838
 -0.00002600000000000   0.50000453511488732
 -0.00002575000000000   0.50000449067443687
 -0.00002550000000000   0.50000444628721792
 -0.00002525000000000   0.50000440195184058
 -0.00002500000000000   0.50000435766691421
 -0.00002475000000000   0.50000431343104771
 -0.00002450000000000   0.50000426924284955
 -0.00002425000000000   0.50000422510092804
 -0.00002400000000000   0.50000418100389140
 -0.00002375000000000   0.50000413695034796
 -0.00002350000000000   0.50000409293890626
 -0.00002325000000000   0.50000404896817524
 -0.00002300000000000   0.50000400503676436
 -0.00002275000000000   0.50000396114328375
 -0.00002250000000000   0.50000391728634435
 -0.00002225000000000   0.50000387016684957
 -0.00002200000000000   0.50000382641483107
 -0.00002175000000000   0.50000378269530442
 -0.00002150000000000   0.50000373900688229
 -0.00002125000000000   0.50000369534817884
 -0.00002100000000000   0.50000365171780983
 -0.00002075000000000   0.50000360502972543
 -0.00002050000000000   0.50000356148856197
 -0.00002025000000000   0.50000351797168600
 -0.00002000000000000   0.50000347447771820
 -0.00001975000000000   0.50000342806353161
 -0.00001950000000000   0.50000338464834905
 -0.00001925000000000   0.50000334125203438
 -0.00001900000000000   0.50000329787321518
 -0.00001875000000000   0.50000325171350359
 -0.00001850000000000   0.50000320840303847
 -0.00001825000000000   0.50000316510604118
 -0.00001800000000000   0.50000312182114812
 -0.00001775000000000   0.50000307589635168
 -0.00001750000000000   0.50000303266938664
 -0.00001725000000000   0.50000298945051652
 -0.00001700000000000   0.50000294369754976
 -0.00001675000000000   0.50000290052884297
 -0.00001650000000000   0.50000285489585454
 -0.00001625000000000   0.50000281177219249
 -0.00001600000000000   0.50000276864999497
 -0.00001575000000000   0.50000272317075526
 -0.00001550000000000   0.50000268008585207
 -0.00001525000000000   0.50000263471470119
 -0.00001500000000000   0.50000259166198012
 -0.00001475000000000   0.50000254860414067
 -0.00001450000000000   0.50000250336853603
 -0.00001425000000000   0.50000246033515923
 -0.00001400000000000   0.50000241519566557
 -0.00001375000000000   0.50000237218165650
 -0.00001350000000000   0.50000232713350685
 -0.00001325000000000   0.50000228413377842
 -0.00001300000000000   0.50000223917219380
 -0.00001275000000000   0.50000219618166840
 -0.00001250000000000   0.50000215130185959
 -0.00001225000000000   0.50000210831547068
 -0.00001200000000000   0.50000206351263993
 -0.00001175000000000   0.50000201876475118
 -0.00001150000000000   0.50000197579467637
 -0.00001125000000000   0.50000193111664002
 -0.00001100000000000   0.50000188813811954
 -0.00001075000000000   0.50000184352511869
 -0.00001050000000000   0.50000180053313231
 -0.00001025000000000   0.50000175598034730
 -0.00001000000000000   0.50000171147440076
 -0.00000975000000000   0.50000166847250289
 -0.00000950000000000   0.50000162401960670
 -0.00000925000000000   0.50000157961007575
 -0.00000900000000000   0.50000153658711202
 -0.00000875000000000   0.50000149222345355
 -0.00000850000000000   0.50000144789967100
 -0.00000825000000000   0.50000140484452854
 -0.00000800000000000   0.50000136055943350
 -0.00000775000000000   0.50000131631071161
 -0.00000750000000000   0.50000127209721716
 -0.00000725000000000   0.50000122899510536
 -0.00000700000000000   0.50000118481074365
 -0.00000675000000000   0.50000114065809030
 -0.00000650000000000   0.50000109653599163
 -0.00000625000000000   0.50000105336735691
 -0.00000600000000000   0.50000100926483165
 -0.00000575000000000   0.50000096518933023
 -0.00000550000000000   0.50000092113969252
 -0.00000525000000000   0.50000087788510213
 -0.00000500000000000   0.50000083384548583
 -0.00000475000000000   0.50000078982819511
 -0.00000450000000000   0.50000074583206487
 -0.00000425000000000   0.50000070185592841
 -0.00000400000000000   0.50000065789861748
 -0.00000375000000000   0.50000061395896242
 -0.00000350000000000   0.50000057053699420
 -0.00000325000000000   0.50000052659070372
 -0.00000300000000000   0.50000048265852327
 -0.00000275000000000   0.50000043873928078
 -0.00000250000000000   0.50000039483180320
 -0.00000225000000000   0.50000035093491656
 -0.00000200000000000   0.50000030704744612
 -0.00000175000000000   0.50000026316821641
 -0.00000150000000000   0.50000021929605133
 -0.00000125000000000   0.50000017542977428
 -0.00000100000000000   0.50000013156820816
 -0.00000075000000000   0.50000008771017557
 -0.00000050000000000   0.50000004385449880
 -0.00000025000000000   0.50000000000000002
  0.00000000000000000   0.49999995614550119
  0.00000025000000000   0.49999991228982442
  0.00000050000000000   0.49999986843179183
  0.00000075000000000   0.49999982457022571
  0.00000100000000000   0.49999978070394866
  0.00000125000000000   0.49999973683178359
  0.00000150000000000   0.49999969295255387
  0.00000175000000000   0.49999964906508343
  0.00000200000000000   0.49999960516819680
  0.00000225000000000   0.49999956126071921
  0.00000250000000000   0.49999951734147672
  0.00000275000000000   0.49999947340929627
  0.00000300000000000   0.49999942946300579
  0.00000325000000000   0.49999938604103757
  0.00000350000000000   0.49999934210138251
  0.00000375000000000   0.49999929814407159
  0.00000400000000000   0.49999925416793512
  0.00000425000000000   0.49999921017180489
  0.00000450000000000   0.49999916615451416
  0.00000475000000000   0.49999912211489786
  0.00000500000000000   0.49999907886030747
  0.00000525000000000   0.49999903481066976
  0.00000550000000000   0.49999899073516834
  0.00000575000000000   0.49999894663264308
  0.00000600000000000   0.49999890346400836
  0.00000625000000000   0.49999885934190969
  0.00000650000000000   0.49999881518925634
  0.00000675000000000   0.49999877100489463
  0.00000700000000000   0.49999872790278283
  0.00000725000000000   0.49999868368928838
  0.00000750000000000   0.49999863944056649
  0.00000775000000000   0.49999859515547145
  0.00000800000000000   0.49999855210032900
  0.00000825000000000   0.49999850777654644
  0.00000850000000000   0.49999846341288798
  0.00000875000000000   0.49999842038992424
  0.00000900000000000   0.49999837598039329
  0.00000925000000000   0.49999833152749710
  0.00000950000000000   0.49999828852559923
  0.00000975000000000   0.49999824401965269
  0.00001000000000000   0.49999819946686768
  0.00001025000000000   0.49999815647488130
  0.00001050000000000   0.49999811186188044
  0.00001075000000000   0.49999806888335997
  0.00001100000000000   0.49999802420532362
  0.00001125000000000   0.49999798123524881
  0.00001150000000000   0.49999793648736006
  0.00001175000000000   0.49999789168452931
  0.00001200000000000   0.49999784869814040
  0.00001225000000000   0.49999780381833160
  0.00001250000000000   0.49999776082780619
  0.00001275000000000   0.49999771586622157
  0.00001300000000000   0.49999767286649314
  0.00001325000000000   0.49999762781834349
  0.00001350000000000   0.49999758480433442
  0.00001375000000000   0.49999753966484076
  0.00001400000000000   0.49999749663146396
  0.00001425000000000   0.49999745139585933
  0.00001450000000000   0.49999740833801987
  0.00001475000000000   0.49999736528529880
  0.00001500000000000   0.49999731991414792
  0.00001525000000000   0.49999727682924474
  0.00001550000000000   0.49999723135000502
  0.00001575000000000   0.49999718822780750
  0.00001600000000000   0.49999714510414545
  0.00001625000000000   0.49999709947115702
  0.00001650000000000   0.49999705630245023
  0.00001675000000000   0.49999701054948347
  0.00001700000000000   0.49999696733061335
  0.00001725000000000   0.49999692410364832
  0.00001750000000000   0.49999687817885187
  0.00001775000000000   0.49999683489395881
  0.00001800000000000   0.49999679159696152
  0.00001825000000000   0.49999674828649639
  0.00001850000000000   0.49999670212678481
  0.00001875000000000   0.49999665874796562
  0.00001900000000000   0.49999661535165094
  0.00001925000000000   0.49999657193646839
  0.00001950000000000   0.49999652552228179
  0.00001975000000000   0.49999648202831399
  0.00002000000000000   0.49999643851143802
  0.00002025000000000   0.49999639497027456
  0.00002050000000000   0.49999634828219016
  0.00002075000000000   0.49999630465182115
  0.00002100000000000   0.49999626099311770
  0.00002125000000000   0.49999621730469557
  0.00002150000000000   0.49999617358516892
  0.00002175000000000   0.49999612983315042
  0.00002200000000000   0.49999608271365564
  0.00002225000000000   0.49999603885671624
  0.00002250000000000   0.49999599496323563
  0.00002275000000000   0.49999595103182476
  0.00002300000000000   0.49999590706109374
  0.00002325000000000   0.49999586304965203
  0.00002350000000000   0.49999581899610859
  0.00002375000000000   0.49999577489907195
  0.00002400000000000   0.49999573075715044
  0.00002425000000000   0.49999568656895229
  0.00002450000000000   0.49999564233308578
  0.00002475000000000   0.49999559804815941
  0.00002500000000000   0.49999555371278207
  0.00002525000000000   0.49999550932556313
  0.00002550000000000   0.49999546488511267
  0.00002575000000000   0.49999542039004160
  0.00002600000000000   0.49999537583896187
  0.00002625000000000   0.49999533123048656
  0.00002650000000000   0.49999528656323012
  0.00002675000000000   0.49999524183580852
  0.00002700000000000   0.49999519704683941
  0.00002725000000000   0.49999515219494231
  0.00002750000000000   0.49999510727873881
  0.00002775000000000   0.49999506641756064
  0.00002800000000000   0.49999502140087633
  0.00002825000000000   0.49999497631557519
  0.00002850000000000   0.49999493116028569
  0.00002875000000000   0.49999488593363930
  0.00002900000000000   0.49999484063427069
  0.00002925000000000   0.49999479957866491
  0.00002950000000000   0.49999475416089723
  0.00002975000000000   0.49999470866612391
  0.00003000000000000   0.49999466309299119
  0.00003025000000000   0.49999461744014950
  0.00003050000000000   0.49999457618437144
  0.00003075000000000   0.49999453039818655
  0.00003100000000000   0.49999448452804657
  0.00003125000000000   0.49999444314727482
  0.00003150000000000   0.49999439713470248
  0.00003175000000000   0.49999435103395503
  0.00003200000000000   0.49999430951313381
  0.00003225000000000   0.49999426326089281
  0.00003250000000000   0.49999421691628881
  0.00003275000000000   0.49999417524033725
  0.00003300000000000   0.49999412873521847
  0.00003325000000000   0.49999408213358740
  0.00003350000000000   0.49999404028741679
  0.00003375000000000   0.49999399351630238
  0.00003400000000000   0.49999395155980563
  0.00003425000000000   0.49999390461310387
  0.00003450000000000   0.49999386253932059
  0.00003475000000000   0.49999381541095144
  0.00003500000000000   0.49999377321291876
  0.00003525000000000   0.49999372589683037
  0.00003550000000000   0.49999368356758686
  0.00003575000000000   0.49999363605775989
  0.00003600000000000   0.49999359359034966
  0.00003625000000000   0.49999354588080181
  0.00003650000000000   0.49999350326827878
  0.00003675000000000   0.49999345535306948
  0.00003700000000000   0.49999341258850181
  0.00003725000000000   0.49999336976121862
  0.00003750000000000   0.49999332153821188
  0.00003775000000000   0.49999327854827890
  0.00003800000000000   0.49999323548997998
  0.00003825000000000   0.49999318694521156
  0.00003850000000000   0.49999314371369344
  0.00003875000000000   0.49999310040816351
  0.00003900000000000   0.49999305152782264
  0.00003925000000000   0.49999300803855674
  0.00003950000000000   0.49999296446964614
  0.00003975000000000   0.49999292081913221
  0.00004000000000000   0.49999287147701069
  0.00004025000000000   0.49999282762866232
  0.00004050000000000   0.49999278369310495
  0.00004075000000000   0.49999273966838639
  0.00004100000000000   0.49999269555255589
  0.00004125000000000   0.49999265134366452
  0.00004150000000000   0.49999260127216477
  0.00004175000000000   0.49999255684427827
  0.00004200000000000   0.49999251231779248
  0.00004225000000000   0.49999246769077379
  0.00004250000000000   0.49999242296129239
  0.00004275000000000   0.49999237812742265
  0.00004300000000000   0.49999233318724356
  0.00004325000000000   0.49999228813883915
  0.00004350000000000   0.49999224298029893
  0.00004375000000000   0.49999219770971835
  0.00004400000000000   0.49999215232519929
  0.00004425000000000   0.49999210682485048
  0.00004450000000000   0.49999206120678805
  0.00004475000000000   0.49999201546913596
  0.00004500000000000   0.49999196961002658
  0.00004525000000000   0.49999192976789163
  0.00004550000000000   0.49999188368246402
  0.00004575000000000   0.49999183746967012
  0.00004600000000000   0.49999179112767634
  0.00004625000000000   0.49999174465466020
  0.00004650000000000   0.49999169804881088
  0.00004675000000000   0.49999165758583822
  0.00004700000000000   0.49999161072890411
  0.00004725000000000   0.49999156373338960
  0.00004750000000000   0.49999151659753169
  0.00004775000000000   0.49999147568450381
  0.00004800000000000   0.49999142828114418
  0.00004825000000000   0.49999138073183260
  0.00004850000000000   0.49999133946382905
  0.00004875000000000   0.49999129163472541
  0.00004900000000000   0.49999125012725171
  0.00004925000000000   0.49999120201000712
  0.00004950000000000   0.49999115373759505
  0.00004975000000000   0.49999111183956089
  0.00005000000000000   0.49999106326708421
  0.00005025000000000   0.49999102110542856
  0.00005050000000000   0.49999097222480110
  0.00005075000000000   0.49999092978983400
  0.00005100000000000   0.49999088722648810
  0.00005125000000000   0.49999083787520763
  0.00005150000000000   0.49999079502375817
  0.00005175000000000   0.49999074534421217
  0.00005200000000000   0.49999070219519288
  0.00005225000000000   0.49999065890469743
  0.00005250000000000   0.49999060872383186
  0.00005275000000000   0.49999056512134342
  0.00005300000000000   0.49999052136956856
  0.00005325000000000   0.49999047746578116
  0.00005350000000000   0.49999042659146590
  0.00005375000000000   0.49999038235658137
  0.00005400000000000   0.49999033796204048
  0.00005425000000000   0.49999029340517224
  0.00005450000000000   0.49999024868332046
  0.00005475000000000   0.49999020379384473
  0.00005500000000000   0.49999015873412156
  0.00005525000000000   0.49999011350154546
  0.00005550000000000   0.49999006809353008
  0.00005575000000000   0.49999002250750940
  0.00005600000000000   0.49998997674093892
  0.00005625000000000   0.49998993079129693
  0.00005650000000000   0.49998988465608575
  0.00005675000000000   0.49998983833283308
  0.00005700000000000   0.49998979181909334
  0.00005725000000000   0.49998974511244905
  0.00005750000000000   0.49998969821051230
  0.00005775000000000   0.49998965818095160
  0.00005800000000000   0.49998961089152740
  0.00005825000000000   0.49998956339926022
  0.00005850000000000   0.49998951570188830
  0.00005875000000000   0.49998947491564847
  0.00005900000000000   0.49998942680923969
  0.00005925000000000   0.49998937849056343
  0.00005950000000000   0.49998933710903595
  0.00005975000000000   0.49998928836553093
  0.00006000000000000   0.49998924657733479
  0.00006025000000000   0.49998919739841927
  0.00006050000000000   0.49998915519069102
  0.00006075000000000   0.49998910556608431
  0.00006100000000000   0.49998906292621474
  0.00006125000000000   0.49998901284596832
  0.00006150000000000   0.49998896976163330
  0.00006175000000000   0.49998892645681253
  0.00006200000000000   0.49998887567535709
  0.00006225000000000   0.49998883190753267
  0.00006250000000000   0.49998878790915716
  0.00006275000000000   0.49998874367673446
  0.00006300000000000   0.49998869920680794
  0.00006325000000000   0.49998865449596288
  0.00006350000000000   0.49998860224279189
  0.00006375000000000   0.49998855703293061
  0.00006400000000000   0.49998851157289774
  0.00006425000000000   0.49998846585948063
  0.00006450000000000   0.49998841988952180
  0.00006475000000000   0.49998838098629576
  0.00006500000000000   0.49998833449746649
  0.00006525000000000   0.49998828774222273
  0.00006550000000000   0.49998824071764814
  0.00006575000000000   0.49998819342089696
  0.00006600000000000   0.49998815319711401
  0.00006625000000000   0.49998810534734032
  0.00006650000000000   0.49998805721650194
  0.00006675000000000   0.49998801615827995
  0.00006700000000000   0.49998796745491523
  0.00006725000000000   0.49998792582399711
  0.00006750000000000   0.49998787653532374
  0.00006775000000000   0.49998783431593249
  0.00006800000000000   0.49998778442983689
  0.00006825000000000   0.49998774160681391
  0.00006850000000000   0.49998769847855118
  0.00006875000000000   0.49998764767079315
  0.00006900000000000   0.49998760391658328
  0.00006925000000000   0.49998755984505915
  0.00006950000000000   0.49998751545208078
  0.00006975000000000   0.49998747073360378
  0.00007000000000000   0.49998742568568462
  0.00007025000000000   0.49998738030448611
  0.00007050000000000   0.49998733458628307
  0.00007075000000000   0.49998728852746819
  0.00007100000000000   0.49998724212455816
  0.00007125000000000   0.49998719537419997
  0.00007150000000000   0.49998715561702083
  0.00007175000000000   0.49998710815400903
  0.00007200000000000   0.49998706033330412
  0.00007225000000000   0.49998701948027555
  0.00007250000000000   0.49998697092462980
  0.00007275000000000   0.49998692931885884
  0.00007300000000000   0.49998688001421494
  0.00007325000000000   0.49998683763797662
  0.00007350000000000   0.49998679486845907
  0.00007375000000000   0.49998675170059594
  0.00007400000000000   0.49998670084321315
  0.00007425000000000   0.49998665687113875
  0.00007450000000000   0.49998661248770060
  0.00007475000000000   0.49998656768855083
  0.00007500000000000   0.49998652246954269
  0.00007525000000000   0.49998648406601744
  0.00007550000000000   0.49998643798267397
  0.00007575000000000   0.49998639146710072
  0.00007600000000000   0.49998634451605275
  0.00007625000000000   0.49998630431820852
  0.00007650000000000   0.49998625646939705
  0.00007675000000000   0.49998621534183020
  0.00007700000000000   0.49998617373770526
  0.00007725000000000   0.49998612450381092
  0.00007750000000000   0.49998608194065267
  0.00007775000000000   0.49998603888548150
  0.00007800000000000   0.49998599533326692
  0.00007825000000000   0.49998595127929201
  0.00007850000000000   0.49998590671917118
  0.00007875000000000   0.49998586870586099
  0.00007900000000000   0.49998582310153327
  0.00007925000000000   0.49998577697856823
  0.00007950000000000   0.49998573733785431
  0.00007975000000000   0.49998569014460349
  0.00008000000000000   0.49998564938826071
  0.00008025000000000   0.49998560805870534
  0.00008050000000000   0.49998556615001572
  0.00008075000000000   0.49998552365672180
  0.00008100000000000   0.49998548057383210
  0.00008125000000000   0.49998543689686205
  0.00008150000000000   0.49998539262186382
  0.00008175000000000   0.49998534774545756
  0.00008200000000000   0.49998530906401204
  0.00008225000000000   0.49998526972772474
  0.00008250000000000   0.49998522296923508
  0.00008275000000000   0.49998518232500955
  0.00008300000000000   0.49998514100861881
  0.00008325000000000   0.49998509901500562
  0.00008350000000000   0.49998505633985327
  0.00008375000000000   0.49998501960887597
  0.00008400000000000   0.49998497552865511
  0.00008425000000000   0.49998493733077613
  0.00008450000000000   0.49998489837872903
  0.00008475000000000   0.49998485214475376
  0.00008500000000000   0.49998481169581672
  0.00008525000000000   0.49998477693861491
  0.00008550000000000   0.49998473491591932
  0.00008575000000000   0.49998469211728555
  0.00008600000000000   0.49998465490308948
  0.00008625000000000   0.49998461684071269
  0.00008650000000000   0.49998457792450031
  0.00008675000000000   0.49998453815014197
  0.00008700000000000   0.49998449751476359
  0.00008725000000000   0.49998446221208450
  0.00008750000000000   0.49998442597156686
  0.00008775000000000   0.49998438878710914
  0.00008800000000000   0.49998435065434063
  0.00008825000000000   0.49998431157074564
  0.00008850000000000   0.49998427755029856
  0.00008875000000000   0.49998423651874346
  0.00008900000000000   0.49998420046647529
  0.00008925000000000   0.49998416927180816
  0.00008950000000000   0.49998413109720242
  0.00008975000000000   0.49998409769402256
  0.00009000000000000   0.49998406316183825
  0.00009025000000000   0.49998402749876207
  0.00009050000000000   0.49998399070602977
  0.00009075000000000   0.49998395841851093
  0.00009100000000000   0.49998392491107157
  0.00009125000000000   0.49998389572757266
  0.00009150000000000   0.49998385973346007
  0.00009175000000000   0.49998383342027825
  0.00009200000000000   0.49998380029663594
  0.00009225000000000   0.49998377121629428
  0.00009250000000000   0.49998374073009881
  0.00009275000000000   0.49998370884360876
  0.00009300000000000   0.49998368075682270
  0.00009325000000000   0.49998365631854280
  0.00009350000000000   0.49998362519758278
  0.00009375000000000   0.49998360266327046
  0.00009400000000000   0.49998357346370829
  0.00009425000000000   0.49998354761788383
  0.00009450000000000   0.49998352496375912
  0.00009475000000000   0.49998350054286762
  0.00009500000000000   0.49998347910806874
  0.00009525000000000   0.49998346049692644
  0.00009550000000000   0.49998343992911433
  0.00009575000000000   0.49998342197914402
  0.00009600000000000   0.49998340199448641
  0.00009625000000000   0.49998338442737383
  0.00009650000000000   0.49998336911244767
  0.00009675000000000   0.49998335588549493
  0.00009700000000000   0.49998334458333635
  0.00009725000000000   0.49998333090434207
  0.00009750000000000   0.49998332303832931
  0.00009775000000000   0.49998331661930822
  0.00009800000000000   0.49998331149429231
  0.00009825000000000   0.49998330751650768
  0.00009850000000000   0.49998330830802375
  0.00009875000000000   0.49998330981758056
  0.00009900000000000   0.49998331192347899
  0.00009925000000000   0.49998331803506171
  0.00009950000000000   0.49998332780763448
  0.00009975000000000   0.49998334425082636
  0.00010000000000000   0.49998336028127774
  0.00010025000000000   0.49998338219982575
  0.00010050000000000   0.49998340640499605
  0.00010075000000000   0.49998343861850639
  0.00010100000000000   0.49998347522241814
  0.00010125000000000   0.49998351858887103
  0.00010150000000000   0.49998356809804943
  0.00010175000000000   0.49998362834770890
  0.00010200000000000   0.49998369586875999
  0.00010225000000000   0.49998377715147853
  0.00010250000000000   0.49998387093251702
  0.00010275000000000   0.49998398050721495
  0.00010300000000000   0.49998411072818004
  0.00010325000000000   0.49998426763206276
  0.00010350000000000   0.49998445827796370
  0.00010375000000000   0.49998469723967675
  0.00010400000000000   0.49998500664819990
  0.00010425000000000   0.49998543115727834
  0.00010450000000000   0.49998609375605035
  0.00010475000000000   0.49998762898848185
  0.00010500000000000   0.50003077564598131
  0.00010525000000000   0.50003563199779364
  0.00010550000000000   0.50003872929774729
  0.00010575000000000   0.50004112513746874
  0.00010600000000000   0.50004312033904602
  0.00010625000000000   0.50004485932140664
  0.00010650000000000   0.50004641471917919
  0.00010675000000000   0.50004782895723504
  0.00010700000000000   0.50004913571732753
  0.00010725000000000   0.50005035881046847
  0.00010750000000000   0.50005150299535456
  0.00010775000000000   0.50005258103671005
  0.00010800000000000   0.50005360910823393
  0.00010825000000000   0.50005459186531963
  0.00010850000000000   0.50005553972340129
  0.00010875000000000   0.50005644400261250
  0.00010900000000000   0.50005732019597591
  0.00010925000000000   0.50005816541322173
  0.00010950000000000   0.50005899357484281
  0.00010975000000000   0.50005979098375384
  0.00011000000000000   0.50006056107052170
  0.00011025000000000   0.50006131616906217
  0.00011050000000000   0.50006205921357439
  0.00011075000000000   0.50006277386347426
  0.00011100000000000   0.50006348111664280
  0.00011125000000000   0.50006417347984201
  0.00011150000000000   0.50006484296290870
  0.00011175000000000   0.50006551047416107
  0.00011200000000000   0.50006615795498446
  0.00011225000000000   0.50006680633405175
  0.00011250000000000   0.50006742706680176
  0.00011275000000000   0.50006805099905872
  0.00011300000000000   0.50006865913663561
  0.00011325000000000   0.50006926240236936
  0.00011350000000000   0.50006985146121647
  0.00011375000000000   0.50007043723155816
  0.00011400000000000   0.50007101015941004
  0.00011425000000000   0.50007158117119717
  0.00011450000000000   0.50007215094126192
  0.00011475000000000   0.50007269915484533
  0.00011500000000000   0.50007324715470995
  0.00011525000000000   0.50007379549925292
  0.00011550000000000   0.50007433411118395
  0.00011575000000000   0.50007486335523475
  0.00011600000000000   0.50007538357949886
  0.00011625000000000   0.50007590584008717
  0.00011650000000000   0.50007641979420630
  0.00011675000000000   0.50007693653927213
  0.00011700000000000   0.50007743476552433
  0.00011725000000000   0.50007793638719095
  0.00011750000000000   0.50007843083849109
  0.00011775000000000   0.50007892930033345
  0.00011800000000000   0.50007942111023773
  0.00011825000000000   0.50007990647175268
  0.00011850000000000   0.50008038558071758
  0.00011875000000000   0.50008085862558490
  0.00011900000000000   0.50008133690079922
  0.00011925000000000   0.50008179837587840
  0.00011950000000000   0.50008226547196530
  0.00011975000000000   0.50008273843162222
  0.00012000000000000   0.50008319502359553
  0.00012025000000000   0.50008364656635125
  0.00012050000000000   0.50008410447582487
  0.00012075000000000   0.50008455765242199
  0.00012100000000000   0.50008500621837887
  0.00012125000000000   0.50008545029196818
  0.00012150000000000   0.50008588998763743
  0.00012175000000000   0.50008633681964081
  0.00012200000000000   0.50008676810506388
  0.00012225000000000   0.50008720677799686
  0.00012250000000000   0.50008764152994013
  0.00012275000000000   0.50008807245306559
  0.00012300000000000   0.50008849963680781
  0.00012325000000000   0.50008892316794975
  0.00012350000000000   0.50008934313070694
  0.00012375000000000   0.50008977117510053
  0.00012400000000000   0.50009018425726001
  0.00012425000000000   0.50009060561052976
  0.00012450000000000   0.50009102373720856
  0.00012475000000000   0.50009143870598363
  0.00012500000000000   0.50009185058369144
  0.00012525000000000   0.50009225943536836
  0.00012550000000000   0.50009266532430052
  0.00012575000000000   0.50009306831207309
  0.00012600000000000   0.50009348017913501
  0.00012625000000000   0.50009387755366753
  0.00012650000000000   0.50009428395023502
  0.00012675000000000   0.50009467593468203
  0.00012700000000000   0.50009507707384847
  0.00012725000000000   0.50009547566811625
  0.00012750000000000   0.50009587176583193
  0.00012775000000000   0.50009626541417515
  0.00012800000000000   0.50009665665918622
  0.00012825000000000   0.50009704554579345
  0.00012850000000000   0.50009743211784012
  0.00012875000000000   0.50009781641811125
  0.00012900000000000   0.50009821035864706
  0.00012925000000000   0.50009859024717968
  0.00012950000000000   0.50009896798554013
  0.00012975000000000   0.50009935550969039
  0.00013000000000000   0.50009974097751967
