 -0.01012500000000000   0.49005974440457225
 -0.01000000000000000   0.49018434427997971
 -0.00987500000000000   0.49030919725149914
 -0.00975000000000000   0.49043398697087091
 -0.00962500000000000   0.49055856674197298
 -0.00950000000000000   0.49068360649367279
 -0.00937500000000000   0.49080919240578372
 -0.00925000000000000   0.49093473558372270
 -0.00912500000000000   0.49105952766282451
 -0.00900000000000000   0.49118416468394895
 -0.00887500000000000   0.49130916141868160
 -0.00875000000000000   0.49143408504547078
 -0.00862500000000000   0.49155874332825570
 -0.00850000000000000   0.49168370866022385
 -0.00837500000000000   0.49180952465447365
 -0.00825000000000000   0.49193520155834546
 -0.00812500000000000   0.49206011101216145
 -0.00800000000000000   0.49218477339523696
 -0.00787500000000000   0.49230993826874535
 -0.00775000000000000   0.49243509571008830
 -0.00762500000000000   0.49255981364939203
 -0.00750000000000000   0.49268478625944315
 -0.00737500000000000   0.49281070243479524
 -0.00725000000000000   0.49293676608662424
 -0.00712500000000000   0.49306182266509495
 -0.00700000000000000   0.49318650979809555
 -0.00687500000000000   0.49331190431061014
 -0.00675000000000000   0.49343741818727743
 -0.00662500000000000   0.49356224766605468
 -0.00650000000000000   0.49368722891057567
 -0.00637500000000000   0.49381348799297359
 -0.00625000000000000   0.49393992396228014
 -0.00612500000000000   0.49406512949860095
 -0.00600000000000000   0.49418994775933741
 -0.00587500000000000   0.49431572468059673
 -0.00575000000000000   0.49444178409497649
 -0.00562500000000000   0.49456675975727651
 -0.00550000000000000   0.49469186806250885
 -0.00537500000000000   0.49481861096330893
 -0.00525000000000000   0.49494574510464318
 -0.00512500000000000   0.49507125090657248
 -0.00500000000000000   0.49519617593329214
 -0.00487500000000000   0.49532264390561689
 -0.00475000000000000   0.49544958753930457
 -0.00462500000000000   0.49557490534356466
 -0.00450000000000000   0.49570022005892888
 -0.00437500000000000   0.49582789978336511
 -0.00425000000000000   0.49595627630628424
 -0.00412500000000000   0.49608221223004141
 -0.00400000000000000   0.49620744040729880
 -0.00387500000000000   0.49633537772649826
 -0.00375000000000000   0.49646399877166193
 -0.00362500000000000   0.49658993099827112
 -0.00350000000000000   0.49671581621895404
 -0.00337500000000000   0.49684587928212776
 -0.00325000000000000   0.49697658297677632
 -0.00312500000000000   0.49710309368257512
 -0.00300000000000000   0.49722963374496978
 -0.00287500000000000   0.49736147371203980
 -0.00275000000000000   0.49749378503343875
 -0.00262500000000000   0.49762061905503278
 -0.00250000000000000   0.49774949616230346
 -0.00237500000000000   0.49788723067771001
 -0.00225000000000000   0.49802352828118762
 -0.00212500000000000   0.49815144069739823
 -0.00200000000000000   0.49828660397442037
 -0.00187500000000000   0.49843563063562979
 -0.00175000000000000   0.49857624880760943
 -0.00162500000000000   0.49871092050640579
 -0.00150000000000000   0.49888039064860222
 -0.00137500000000000   0.49906154073724826
 -0.00125000000000000   0.49923977045020426
 -0.00112500000000000   0.49990607145210625
 -0.00100000000000000   0.49999010340096208
 -0.00087500000000000   0.50003500822266463
 -0.00075000000000000   0.50004571053798750
 -0.00062500000000000   0.50004243351745493
 -0.00050000000000000   0.50003354645942442
 -0.00037500000000000   0.50002271658059439
 -0.00025000000000000   0.50001138105410613
 -0.00012500000000000   0.50000000000000000
  0.00000000000000000   0.49998861894589387
  0.00012500000000000   0.49997728341940561
  0.00025000000000000   0.49996645354057558
  0.00037500000000000   0.49995756648254507
  0.00050000000000000   0.49995428946201250
  0.00062500000000000   0.49996499177733538
  0.00075000000000000   0.50000989659903794
  0.00087500000000000   0.50009392854789378
  0.00100000000000000   0.50076022954979578
  0.00112500000000000   0.50093845926275176
  0.00125000000000000   0.50111960935139781
  0.00137500000000000   0.50128907949359423
  0.00150000000000000   0.50142375119239059
  0.00162500000000000   0.50156436936437024
  0.00175000000000000   0.50171339602557965
  0.00187500000000000   0.50184855930260179
  0.00200000000000000   0.50197647171881240
  0.00212500000000000   0.50211276932229001
  0.00225000000000000   0.50225050383769656
  0.00237500000000000   0.50237938094496724
  0.00250000000000000   0.50250621496656127
  0.00262500000000000   0.50263852628796022
  0.00275000000000000   0.50277036625503024
  0.00287500000000000   0.50289690631742490
  0.00300000000000000   0.50302341702322370
  0.00312500000000000   0.50315412071787225
  0.00325000000000000   0.50328418378104598
  0.00337500000000000   0.50341006900172889
  0.00350000000000000   0.50353600122833808
  0.00362500000000000   0.50366462227350176
  0.00375000000000000   0.50379255959270121
  0.00387500000000000   0.50391778776995861
  0.00400000000000000   0.50404372369371577
  0.00412500000000000   0.50417210021663490
  0.00425000000000000   0.50429977994107114
  0.00437500000000000   0.50442509465643536
  0.00450000000000000   0.50455041246069545
  0.00462500000000000   0.50467735609438312
  0.00475000000000000   0.50480382406670788
  0.00487500000000000   0.50492874909342753
  0.00500000000000000   0.50505425489535684
  0.00512500000000000   0.50518138903669109
  0.00525000000000000   0.50530813193749117
  0.00537500000000000   0.50543324024272351
  0.00550000000000000   0.50555821590502353
  0.00562500000000000   0.50568427531940328
  0.00575000000000000   0.50581005224066261
  0.00587500000000000   0.50593487050139907
  0.00600000000000000   0.50606007603771988
  0.00612500000000000   0.50618651200702643
  0.00625000000000000   0.50631277108942435
  0.00637500000000000   0.50643775233394533
  0.00650000000000000   0.50656258181272259
  0.00662500000000000   0.50668809568938988
  0.00675000000000000   0.50681349020190446
  0.00687500000000000   0.50693817733490507
  0.00700000000000000   0.50706323391337578
  0.00712500000000000   0.50718929756520478
  0.00725000000000000   0.50731521374055687
  0.00737500000000000   0.50744018635060799
  0.00750000000000000   0.50756490428991171
  0.00762500000000000   0.50769006173125466
  0.00775000000000000   0.50781522660476306
  0.00787500000000000   0.50793988898783856
  0.00800000000000000   0.50806479844165455
  0.00812500000000000   0.50819047534552637
  0.00825000000000000   0.50831629133977617
  0.00837500000000000   0.50844125667174432
  0.00850000000000000   0.50856591495452924
  0.00862500000000000   0.50869083858131842
  0.00875000000000000   0.50881583531605107
  0.00887500000000000   0.50894047233717551
  0.00900000000000000   0.50906526441627732
  0.00912500000000000   0.50919080759421630
  0.00925000000000000   0.50931639350632723
  0.00937500000000000   0.50944143325802704
  0.00950000000000000   0.50956601302912911
  0.00962500000000000   0.50969080274850088
  0.00975000000000000   0.50981565572002030
  0.00987500000000000   0.50994025559542777
