 -0.00016350000000000   0.49990022970365152
 -0.00016325000000000   0.49990088432827042
 -0.00016300000000000   0.49990155421148471
 -0.00016275000000000   0.49990224003534087
 -0.00016250000000000   0.49990291736750192
 -0.00016225000000000   0.49990363735962413
 -0.00016200000000000   0.49990432554092786
 -0.00016175000000000   0.49990505813320522
 -0.00016150000000000   0.49990578608179411
 -0.00016125000000000   0.49990653549805986
 -0.00016100000000000   0.49990728274984502
 -0.00016075000000000   0.49990805401587242
 -0.00016050000000000   0.49990885065808831
 -0.00016025000000000   0.49990964963088762
 -0.00016000000000000   0.49991045283458680
 -0.00015975000000000   0.49991128669521579
 -0.00015950000000000   0.49991212896590372
 -0.00015925000000000   0.49991300629873471
 -0.00015900000000000   0.49991389713475163
 -0.00015875000000000   0.49991480457618536
 -0.00015850000000000   0.49991573208932885
 -0.00015825000000000   0.49991670716735324
 -0.00015800000000000   0.49991768686682407
 -0.00015775000000000   0.49991869991792821
 -0.00015750000000000   0.49991975202965399
 -0.00015725000000000   0.49992084976455214
 -0.00015700000000000   0.49992197803436670
 -0.00015675000000000   0.49992314640829618
 -0.00015650000000000   0.49992436617896823
 -0.00015625000000000   0.49992565082942254
 -0.00015600000000000   0.49992699498080410
 -0.00015575000000000   0.49992839822721673
 -0.00015550000000000   0.49992990883239694
 -0.00015525000000000   0.49993151905143269
 -0.00015500000000000   0.49993325524775404
 -0.00015475000000000   0.49993516207574884
 -0.00015450000000000   0.49993723616502977
 -0.00015425000000000   0.49993960640223376
 -0.00015400000000000   0.49994235212336440
 -0.00015375000000000   0.49994568176052698
 -0.00015350000000000   0.49995010359304177
 -0.00015325000000000   0.49995750486680043
 -0.00015300000000000   0.50001775436978776
 -0.00015275000000000   0.50001944779647169
 -0.00015250000000000   0.50002025645667500
 -0.00015225000000000   0.50002078427440539
 -0.00015200000000000   0.50002117027150800
 -0.00015175000000000   0.50002147064951465
 -0.00015150000000000   0.50002171293366988
 -0.00015125000000000   0.50002190995497306
 -0.00015100000000000   0.50002207844479128
 -0.00015075000000000   0.50002221359926040
 -0.00015050000000000   0.50002233186052987
 -0.00015025000000000   0.50002243626102986
 -0.00015000000000000   0.50002252446979229
 -0.00014975000000000   0.50002260020732396
 -0.00014950000000000   0.50002266149444707
 -0.00014925000000000   0.50002271302066887
 -0.00014900000000000   0.50002276036344413
 -0.00014875000000000   0.50002280269531121
 -0.00014850000000000   0.50002283911790358
 -0.00014825000000000   0.50002286098359740
 -0.00014800000000000   0.50002288251134871
 -0.00014775000000000   0.50002290335949505
 -0.00014750000000000   0.50002291479795314
 -0.00014725000000000   0.50002292435735359
 -0.00014700000000000   0.50002293162042906
 -0.00014675000000000   0.50002293615357372
 -0.00014650000000000   0.50002293751248197
 -0.00014625000000000   0.50002293524581555
 -0.00014600000000000   0.50002292889732139
 -0.00014575000000000   0.50002291800672848
 -0.00014550000000000   0.50002291200309639
 -0.00014525000000000   0.50002290089578839
 -0.00014500000000000   0.50002288422079795
 -0.00014475000000000   0.50002287192923126
 -0.00014450000000000   0.50002285349165927
 -0.00014425000000000   0.50002282844480761
 -0.00014400000000000   0.50002280725472114
 -0.00014375000000000   0.50002278996339488
 -0.00014350000000000   0.50002276535615127
 -0.00014325000000000   0.50002274438659280
 -0.00014300000000000   0.50002271552351105
 -0.00014275000000000   0.50002269003629097
 -0.00014250000000000   0.50002265608037619
 -0.00014225000000000   0.50002263725628113
 -0.00014200000000000   0.50002260969656235
 -0.00014175000000000   0.50002257297995083
 -0.00014150000000000   0.50002253912842551
 -0.00014125000000000   0.50002250815849055
 -0.00014100000000000   0.50002248007756529
 -0.00014075000000000   0.50002244202666229
 -0.00014050000000000   0.50002240660306018
 -0.00014025000000000   0.50002237381464235
 -0.00014000000000000   0.50002234366251953
 -0.00013975000000000   0.50002230275515825
 -0.00013950000000000   0.50002226422861849
 -0.00013925000000000   0.50002222808783554
 -0.00013900000000000   0.50002219433255281
 -0.00013875000000000   0.50002214906139013
 -0.00013850000000000   0.50002211995254279
 -0.00013825000000000   0.50002207908318334
 -0.00013800000000000   0.50002204035095953
 -0.00013775000000000   0.50002198937591785
 -0.00013750000000000   0.50002195480170582
 -0.00013725000000000   0.50002190774505473
 -0.00013700000000000   0.50002187731503209
 -0.00013675000000000   0.50002183417290985
 -0.00013650000000000   0.50002179292492098
 -0.00013625000000000   0.50002175356694409
 -0.00013600000000000   0.50002170094067148
 -0.00013575000000000   0.50002166524730514
 -0.00013550000000000   0.50002161606273958
 -0.00013525000000000   0.50002158400943859
 -0.00013500000000000   0.50002153825307518
 -0.00013475000000000   0.50002149415041488
 -0.00013450000000000   0.50002145169687180
 -0.00013425000000000   0.50002139502296466
 -0.00013400000000000   0.50002135575981095
 -0.00013375000000000   0.50002131812629075
 -0.00013350000000000   0.50002126597216919
 -0.00013325000000000   0.50002123148919372
 -0.00013300000000000   0.50002118229158888
 -0.00013275000000000   0.50002113451591136
 -0.00013250000000000   0.50002108815823252
 -0.00013225000000000   0.50002104321339865
 -0.00013200000000000   0.50002099967510135
 -0.00013175000000000   0.50002095753594428
 -0.00013150000000000   0.50002089994103763
 -0.00013125000000000   0.50002086050261816
 -0.00013100000000000   0.50002080542450486
 -0.00013075000000000   0.50002076866013984
 -0.00013050000000000   0.50002071608259077
 -0.00013025000000000   0.50002068195848041
 -0.00013000000000000   0.50002063185824224
 -0.00012975000000000   0.50002058294606311
 -0.00012950000000000   0.50002053521707865
 -0.00012925000000000   0.50002048866569272
 -0.00012900000000000   0.50002044328561654
 -0.00012875000000000   0.50002039906990608
 -0.00012850000000000   0.50002033824174753
 -0.00012825000000000   0.50002029627045143
 -0.00012800000000000   0.50002025544211860
 -0.00012775000000000   0.50002019777399921
 -0.00012750000000000   0.50002015915113946
 -0.00012725000000000   0.50002010353971127
 -0.00012700000000000   0.50002006709299432
 -0.00012675000000000   0.50002001351826490
 -0.00012650000000000   0.50001996091748587
 -0.00012625000000000   0.50001992765271504
 -0.00012600000000000   0.50001987705424405
 -0.00012575000000000   0.50001982741454211
 -0.00012550000000000   0.50001977872857389
 -0.00012525000000000   0.50001973099090581
 -0.00012500000000000   0.50001968419572602
 -0.00012475000000000   0.50001963833686338
 -0.00012450000000000   0.50001959340780576
 -0.00012425000000000   0.50001953057810643
 -0.00012400000000000   0.50001948744168969
 -0.00012375000000000   0.50001944521603696
 -0.00012350000000000   0.50001938490729015
 -0.00012325000000000   0.50001934444052668
 -0.00012300000000000   0.50001930486284939
 -0.00012275000000000   0.50001924703770493
 -0.00012250000000000   0.50001920918006188
 -0.00012225000000000   0.50001915296556435
 -0.00012200000000000   0.50001909751960369
 -0.00012175000000000   0.50001906217800001
 -0.00012150000000000   0.50001900831527584
 -0.00012125000000000   0.50001895520943020
 -0.00012100000000000   0.50001892232370196
 -0.00012075000000000   0.50001887076947808
 -0.00012050000000000   0.50001881995842075
 -0.00012025000000000   0.50001876988620650
 -0.00012000000000000   0.50001872054830997
 -0.00011975000000000   0.50001867194001328
 -0.00011950000000000   0.50001862405641500
 -0.00011925000000000   0.50001857689243884
 -0.00011900000000000   0.50001853044284194
 -0.00011875000000000   0.50001848470222299
 -0.00011850000000000   0.50001843966502986
 -0.00011825000000000   0.50001839532556717
 -0.00011800000000000   0.50001833174790022
 -0.00011775000000000   0.50001828875960029
 -0.00011750000000000   0.50001824645289774
 -0.00011725000000000   0.50001820482157420
 -0.00011700000000000   0.50001814380113177
 -0.00011675000000000   0.50001810348164553
 -0.00011650000000000   0.50001804369199883
 -0.00011625000000000   0.50001800466485719
 -0.00011600000000000   0.50001796628373698
 -0.00011575000000000   0.50001790833741869
 -0.00011550000000000   0.50001787121608318
 -0.00011525000000000   0.50001781446366567
 -0.00011500000000000   0.50001775828219148
 -0.00011475000000000   0.50001772300622988
 -0.00011450000000000   0.50001766799626614
 -0.00011425000000000   0.50001763392619756
 -0.00011400000000000   0.50001758007076897
 -0.00011375000000000   0.50001752676963451
 -0.00011350000000000   0.50001747401975417
 -0.00011325000000000   0.50001744229275617
 -0.00011300000000000   0.50001739066426882
 -0.00011275000000000   0.50001733957589815
 -0.00011250000000000   0.50001728902423709
 -0.00011225000000000   0.50001723900579283
 -0.00011200000000000   0.50001721008811429
 -0.00011175000000000   0.50001716114675519
 -0.00011150000000000   0.50001711272630523
 -0.00011125000000000   0.50001706482297842
 -0.00011100000000000   0.50001701743292018
 -0.00011075000000000   0.50001697055221048
 -0.00011050000000000   0.50001692417686686
 -0.00011025000000000   0.50001687830284744
 -0.00011000000000000   0.50001683292605369
 -0.00010975000000000   0.50001678804233325
 -0.00010950000000000   0.50001672292092399
 -0.00010925000000000   0.50001667900212298
 -0.00010900000000000   0.50001663556485679
 -0.00010875000000000   0.50001659260477076
 -0.00010850000000000   0.50001655011746902
 -0.00010825000000000   0.50001650809851679
 -0.00010800000000000   0.50001644575219587
 -0.00010775000000000   0.50001640465505005
 -0.00010750000000000   0.50001636401387840
 -0.00010725000000000   0.50001632382409968
 -0.00010700000000000   0.50001626325974367
 -0.00010675000000000   0.50001622396196423
 -0.00010650000000000   0.50001618510276430
 -0.00010625000000000   0.50001612583752814
 -0.00010600000000000   0.50001608784771494
 -0.00010575000000000   0.50001602942624783
 -0.00010550000000000   0.50001599229111262
 -0.00010525000000000   0.50001593470290437
 -0.00010500000000000   0.50001589840746763
 -0.00010475000000000   0.50001586252039628
 -0.00010450000000000   0.50001580617070119
 -0.00010425000000000   0.50001577109940090
 -0.00010400000000000   0.50001571555419947
 -0.00010375000000000   0.50001566039939086
 -0.00010350000000000   0.50001562653086437
 -0.00010325000000000   0.50001557216409317
 -0.00010300000000000   0.50001553907316136
 -0.00010275000000000   0.50001548548245684
 -0.00010250000000000   0.50001543227019655
 -0.00010225000000000   0.50001540032633666
 -0.00010200000000000   0.50001534787274029
 -0.00010175000000000   0.50001531666725944
 -0.00010150000000000   0.50001526495982784
 -0.00010125000000000   0.50001521361808157
 -0.00010100000000000   0.50001516263976458
 -0.00010075000000000   0.50001513288879815
 -0.00010050000000000   0.50001508263296248
 -0.00010025000000000   0.50001503273268140
 -0.00010000000000000   0.50001498318558646
 -0.00009975000000000   0.50001495483026361
 -0.00009950000000000   0.50001490598128885
 -0.00009925000000000   0.50001485747735216
 -0.00009900000000000   0.50001480931599052
 -0.00009875000000000   0.50001476149471769
 -0.00009850000000000   0.50001471401102514
 -0.00009825000000000   0.50001468765456439
 -0.00009800000000000   0.50001464083228227
 -0.00009775000000000   0.50001459433910035
 -0.00009750000000000   0.50001454817243907
 -0.00009725000000000   0.50001450232970119
 -0.00009700000000000   0.50001445680827270
 -0.00009675000000000   0.50001441160552365
 -0.00009650000000000   0.50001436671880892
 -0.00009625000000000   0.50001432214546908
 -0.00009600000000000   0.50001427788283109
 -0.00009575000000000   0.50001423392820911
 -0.00009550000000000   0.50001419027890520
 -0.00009525000000000   0.50001414693221002
 -0.00009500000000000   0.50001410388540353
 -0.00009475000000000   0.50001406113575570
 -0.00009450000000000   0.50001401868052709
 -0.00009425000000000   0.50001397651696952
 -0.00009400000000000   0.50001393464232673
 -0.00009375000000000   0.50001389305383488
 -0.00009350000000000   0.50001383120757319
 -0.00009325000000000   0.50001379020365149
 -0.00009300000000000   0.50001374947823672
 -0.00009275000000000   0.50001370902853381
 -0.00009250000000000   0.50001366885174298
 -0.00009225000000000   0.50001362894506027
 -0.00009200000000000   0.50001358930567801
 -0.00009175000000000   0.50001352951990167
 -0.00009150000000000   0.50001349043199157
 -0.00009125000000000   0.50001345160358152
 -0.00009100000000000   0.50001341303184731
 -0.00009075000000000   0.50001335438036067
 -0.00009050000000000   0.50001331634138166
 -0.00009025000000000   0.50001327855121396
 -0.00009000000000000   0.50001324100702411
 -0.00008975000000000   0.50001318346006684
 -0.00008950000000000   0.50001314642968852
 -0.00008925000000000   0.50001310963738110
 -0.00008900000000000   0.50001307308030842
 -0.00008875000000000   0.50001301660742113
 -0.00008850000000000   0.50001298054504779
 -0.00008825000000000   0.50001294470997928
 -0.00008800000000000   0.50001288902401968
 -0.00008775000000000   0.50001285366952884
 -0.00008750000000000   0.50001279850163503
 -0.00008725000000000   0.50001276361865229
 -0.00008700000000000   0.50001272894992004
 -0.00008675000000000   0.50001267454159238
 -0.00008650000000000   0.50001264033014211
 -0.00008625000000000   0.50001258642247982
 -0.00008600000000000   0.50001255265917135
 -0.00008575000000000   0.50001251909705489
 -0.00008550000000000   0.50001246592101556
 -0.00008525000000000   0.50001243279276203
 -0.00008500000000000   0.50001238009959950
 -0.00008475000000000   0.50001234739603128
 -0.00008450000000000   0.50001229517877573
 -0.00008425000000000   0.50001226289070437
 -0.00008400000000000   0.50001221114233486
 -0.00008375000000000   0.50001217926056568
 -0.00008350000000000   0.50001212797401534
 -0.00008325000000000   0.50001209648935170
 -0.00008300000000000   0.50001204565751269
 -0.00008275000000000   0.50001201456076011
 -0.00008250000000000   0.50001196417648838
 -0.00008225000000000   0.50001193345845839
 -0.00008200000000000   0.50001188351457819
 -0.00008175000000000   0.50001185316609197
 -0.00008150000000000   0.50001180365540015
 -0.00008125000000000   0.50001175436986902
 -0.00008100000000000   0.50001172458256214
 -0.00008075000000000   0.50001167571987992
 -0.00008050000000000   0.50001164627966900
 -0.00008025000000000   0.50001159783257200
 -0.00008000000000000   0.50001154960309037
 -0.00007975000000000   0.50001152069154018
 -0.00007950000000000   0.50001147286720768
 -0.00007925000000000   0.50001142525601036
 -0.00007900000000000   0.50001139685390891
 -0.00007875000000000   0.50001134963737781
 -0.00007850000000000   0.50001130262946044
 -0.00007825000000000   0.50001127471763568
 -0.00007800000000000   0.50001122809386653
 -0.00007775000000000   0.50001118167415462
 -0.00007750000000000   0.50001115423348863
 -0.00007725000000000   0.50001110818738271
 -0.00007700000000000   0.50001106234074827
 -0.00007675000000000   0.50001101669221117
 -0.00007650000000000   0.50001098986860565
 -0.00007625000000000   0.50001094457988271
 -0.00007600000000000   0.50001089948463634
 -0.00007575000000000   0.50001085458147652
 -0.00007550000000000   0.50001082834222652
 -0.00007525000000000   0.50001078378506423
 -0.00007500000000000   0.50001073941534174
 -0.00007475000000000   0.50001069523165623
 -0.00007450000000000   0.50001066954422345
 -0.00007425000000000   0.50001062569271514
 -0.00007400000000000   0.50001058202257930
 -0.00007375000000000   0.50001053853240310
 -0.00007350000000000   0.50001049522077060
 -0.00007325000000000   0.50001047019264536
 -0.00007300000000000   0.50001042719612633
 -0.00007275000000000   0.50001038437347192
 -0.00007250000000000   0.50001034172325939
 -0.00007225000000000   0.50001029924406370
 -0.00007200000000000   0.50001025693445766
 -0.00007175000000000   0.50001023264485973
 -0.00007150000000000   0.50001019063008678
 -0.00007125000000000   0.50001014878021867
 -0.00007100000000000   0.50001010709382483
 -0.00007075000000000   0.50001006556947324
 -0.00007050000000000   0.50001002420573058
 -0.00007025000000000   0.50000998300116234
 -0.00007000000000000   0.50000994195433298
 -0.00006975000000000   0.50000990106380602
 -0.00006950000000000   0.50000987778427809
 -0.00006925000000000   0.50000983715867400
 -0.00006900000000000   0.50000979668469867
 -0.00006875000000000   0.50000975636091665
 -0.00006850000000000   0.50000971618589212
 -0.00006825000000000   0.50000967615818903
 -0.00006800000000000   0.50000963627637122
 -0.00006775000000000   0.50000959653900249
 -0.00006750000000000   0.50000955694464674
 -0.00006725000000000   0.50000951749186807
 -0.00006700000000000   0.50000947817923085
 -0.00006675000000000   0.50000943900529986
 -0.00006650000000000   0.50000939996864034
 -0.00006625000000000   0.50000936106781813
 -0.00006600000000000   0.50000932230139973
 -0.00006575000000000   0.50000928366795240
 -0.00006550000000000   0.50000924516604422
 -0.00006525000000000   0.50000920679424425
 -0.00006500000000000   0.50000916855112253
 -0.00006475000000000   0.50000913043525019
 -0.00006450000000000   0.50000909244519955
 -0.00006425000000000   0.50000905457954420
 -0.00006400000000000   0.50000901683685900
 -0.00006375000000000   0.50000897921572028
 -0.00006350000000000   0.50000894171470580
 -0.00006325000000000   0.50000890433239488
 -0.00006300000000000   0.50000886706736845
 -0.00006275000000000   0.50000882991820913
 -0.00006250000000000   0.50000877676708398
 -0.00006225000000000   0.50000873989765077
 -0.00006200000000000   0.50000870314011678
 -0.00006175000000000   0.50000866649306923
 -0.00006150000000000   0.50000862995509738
 -0.00006125000000000   0.50000859352479255
 -0.00006100000000000   0.50000855720074819
 -0.00006075000000000   0.50000852098155995
 -0.00006050000000000   0.50000848486582571
 -0.00006025000000000   0.50000844885214565
 -0.00006000000000000   0.50000839733862036
 -0.00005975000000000   0.50000836157978199
 -0.00005950000000000   0.50000832591905927
 -0.00005925000000000   0.50000829035505950
 -0.00005900000000000   0.50000825488639254
 -0.00005875000000000   0.50000821951167085
 -0.00005850000000000   0.50000818422950955
 -0.00005825000000000   0.50000813380970039
 -0.00005800000000000   0.50000809876518377
 -0.00005775000000000   0.50000806380931813
 -0.00005750000000000   0.50000802894072715
 -0.00005725000000000   0.50000799415803740
 -0.00005700000000000   0.50000795945987834
 -0.00005675000000000   0.50000790994204572
 -0.00005650000000000   0.50000787546692294
 -0.00005625000000000   0.50000784107245150
 -0.00005600000000000   0.50000780675727054
 -0.00005575000000000   0.50000777252002228
 -0.00005550000000000   0.50000772373200457
 -0.00005525000000000   0.50000768970575269
 -0.00005500000000000   0.50000765575358188
 -0.00005475000000000   0.50000762187414481
 -0.00005450000000000   0.50000757366004363
 -0.00005425000000000   0.50000753998210160
 -0.00005400000000000   0.50000750637306478
 -0.00005375000000000   0.50000747283159689
 -0.00005350000000000   0.50000742517532947
 -0.00005325000000000   0.50000739182588831
 -0.00005300000000000   0.50000735854021254
 -0.00005275000000000   0.50000732531697746
 -0.00005250000000000   0.50000727820241870
 -0.00005225000000000   0.50000724516178080
 -0.00005200000000000   0.50000721217980678
 -0.00005175000000000   0.50000716547249824
 -0.00005150000000000   0.50000713266618049
 -0.00005125000000000   0.50000709991476935
 -0.00005100000000000   0.50000706721696097
 -0.00005075000000000   0.50000702102334409
 -0.00005050000000000   0.50000698849183824
 -0.00005025000000000   0.50000695601020735
 -0.00005000000000000   0.50000691020326813
 -0.00004975000000000   0.50000687788105360
 -0.00004950000000000   0.50000684560500766
 -0.00004925000000000   0.50000680017602311
 -0.00004900000000000   0.50000676805253223
 -0.00004875000000000   0.50000673597152582
 -0.00004850000000000   0.50000669091176273
 -0.00004825000000000   0.50000665897647674
 -0.00004800000000000   0.50000662708001405
 -0.00004775000000000   0.50000658238073257
 -0.00004750000000000   0.50000655062318405
 -0.00004725000000000   0.50000651890082123
 -0.00004700000000000   0.50000647455327827
 -0.00004675000000000   0.50000644296305337
 -0.00004650000000000   0.50000641140440078
 -0.00004625000000000   0.50000636739985320
 -0.00004600000000000   0.50000633596659376
 -0.00004575000000000   0.50000629220326638
 -0.00004550000000000   0.50000626089102565
 -0.00004525000000000   0.50000622960443119
 -0.00004500000000000   0.50000618616975436
 -0.00004475000000000   0.50000615499748560
 -0.00004450000000000   0.50000611179484182
 -0.00004425000000000   0.50000608073255374
 -0.00004400000000000   0.50000604969005108
 -0.00004375000000000   0.50000600680171364
 -0.00004350000000000   0.50000597586255413
 -0.00004325000000000   0.50000593319704994
 -0.00004300000000000   0.50000590235692050
 -0.00004275000000000   0.50000585991065491
 -0.00004250000000000   0.50000582916525444
 -0.00004225000000000   0.50000579843156848
 -0.00004200000000000   0.50000575627966917
 -0.00004175000000000   0.50000572563415572
 -0.00004150000000000   0.50000568369228781
 -0.00004125000000000   0.50000565313068087
 -0.00004100000000000   0.50000561139524429
 -0.00004075000000000   0.50000558091329108
 -0.00004050000000000   0.50000553938068419
 -0.00004025000000000   0.50000550897414545
 -0.00004000000000000   0.50000546764076555
 -0.00003975000000000   0.50000543730541588
 -0.00003950000000000   0.50000539616765969
 -0.00003925000000000   0.50000536589928783
 -0.00003900000000000   0.50000532495355196
 -0.00003875000000000   0.50000529474796110
 -0.00003850000000000   0.50000525399064246
 -0.00003825000000000   0.50000522384365054
 -0.00003800000000000   0.50000518327114679
 -0.00003775000000000   0.50000515317858672
 -0.00003750000000000   0.50000511278729668
 -0.00003725000000000   0.50000508274501663
 -0.00003700000000000   0.50000504253134069
 -0.00003675000000000   0.50000501253520433
 -0.00003650000000000   0.50000497249554479
 -0.00003625000000000   0.50000494254143153
 -0.00003600000000000   0.50000490267219302
 -0.00003575000000000   0.50000487275599826
 -0.00003550000000000   0.50000483305358806
 -0.00003525000000000   0.50000480317122338
 -0.00003500000000000   0.50000476363205179
 -0.00003475000000000   0.50000472420352955
 -0.00003450000000000   0.50000469439992583
 -0.00003425000000000   0.50000465512941766
 -0.00003400000000000   0.50000462534957208
 -0.00003375000000000   0.50000458623349386
 -0.00003350000000000   0.50000455647337321
 -0.00003325000000000   0.50000451750814497
 -0.00003300000000000   0.50000447864792207
 -0.00003275000000000   0.50000444894577941
 -0.00003250000000000   0.50000441023118684
 -0.00003225000000000   0.50000438053882761
 -0.00003200000000000   0.50000434196629381
 -0.00003175000000000   0.50000431227974247
 -0.00003150000000000   0.50000427384570105
 -0.00003125000000000   0.50000423551099665
 -0.00003100000000000   0.50000420586188983
 -0.00003075000000000   0.50000416766046898
 -0.00003050000000000   0.50000412955599986
 -0.00003025000000000   0.50000409993567219
 -0.00003000000000000   0.50000406195928130
 -0.00002975000000000   0.50000403232914119
 -0.00002950000000000   0.50000399447727914
 -0.00002925000000000   0.50000395671832673
 -0.00002900000000000   0.50000392710255931
 -0.00002875000000000   0.50000388946294163
 -0.00002850000000000   0.50000385191383685
 -0.00002825000000000   0.50000382230389408
 -0.00002800000000000   0.50000378486893596
 -0.00002775000000000   0.50000375523380777
 -0.00002750000000000   0.50000371790946796
 -0.00002725000000000   0.50000368067158759
 -0.00002700000000000   0.50000365102808998
 -0.00002675000000000   0.50000361389565485
 -0.00002650000000000   0.50000357684727475
 -0.00002625000000000   0.50000354718698324
 -0.00002600000000000   0.50000351023888356
 -0.00002575000000000   0.50000347337243194
 -0.00002550000000000   0.50000343658687227
 -0.00002525000000000   0.50000340691564124
 -0.00002500000000000   0.50000337022355316
 -0.00002475000000000   0.50000333360994575
 -0.00002450000000000   0.50000330390247653
 -0.00002425000000000   0.50000326737719513
 -0.00002400000000000   0.50000323092798162
 -0.00002375000000000   0.50000320117600268
 -0.00002350000000000   0.50000316480998030
 -0.00002325000000000   0.50000312851761191
 -0.00002300000000000   0.50000309229813428
 -0.00002275000000000   0.50000306249859971
 -0.00002250000000000   0.50000302635553837
 -0.00002225000000000   0.50000299028295154
 -0.00002200000000000   0.50000296041981584
 -0.00002175000000000   0.50000292441853515
 -0.00002150000000000   0.50000288848531257
 -0.00002125000000000   0.50000285261938070
 -0.00002100000000000   0.50000282268345148
 -0.00002075000000000   0.50000278688207961
 -0.00002050000000000   0.50000275114558091
 -0.00002025000000000   0.50000271547318576
 -0.00002000000000000   0.50000268545019348
 -0.00001975000000000   0.50000264983562904
 -0.00001950000000000   0.50000261428275011
 -0.00001925000000000   0.50000257879078508
 -0.00001900000000000   0.50000254866656206
 -0.00001875000000000   0.50000251322571673
 -0.00001850000000000   0.50000247784336741
 -0.00001825000000000   0.50000244251874069
 -0.00001800000000000   0.50000240725106238
 -0.00001775000000000   0.50000237699902481
 -0.00001750000000000   0.50000234177413186
 -0.00001725000000000   0.50000230660376938
 -0.00001700000000000   0.50000227148716168
 -0.00001675000000000   0.50000224110239505
 -0.00001650000000000   0.50000220602190509
 -0.00001625000000000   0.50000217099275337
 -0.00001600000000000   0.50000213601416292
 -0.00001575000000000   0.50000210108535611
 -0.00001550000000000   0.50000207053372161
 -0.00001525000000000   0.50000203563275045
 -0.00001500000000000   0.50000200077914789
 -0.00001475000000000   0.50000196597213523
 -0.00001450000000000   0.50000193121093322
 -0.00001425000000000   0.50000189649476202
 -0.00001400000000000   0.50000186572938641
 -0.00001375000000000   0.50000183103116680
 -0.00001350000000000   0.50000179637556497
 -0.00001325000000000   0.50000176176180030
 -0.00001300000000000   0.50000172718909169
 -0.00001275000000000   0.50000169265665750
 -0.00001250000000000   0.50000166164697724
 -0.00001225000000000   0.50000162712265291
 -0.00001200000000000   0.50000159263619310
 -0.00001175000000000   0.50000155818681568
 -0.00001150000000000   0.50000152377373804
 -0.00001125000000000   0.50000148939617719
 -0.00001100000000000   0.50000145505334967
 -0.00001075000000000   0.50000142373270489
 -0.00001050000000000   0.50000138938656946
 -0.00001025000000000   0.50000135507276178
 -0.00001000000000000   0.50000132079049819
 -0.00000975000000000   0.50000128653899464
 -0.00000950000000000   0.50000125231746673
 -0.00000925000000000   0.50000121812512970
 -0.00000900000000000   0.50000118396119848
 -0.00000875000000000   0.50000114982488766
 -0.00000850000000000   0.50000111806559622
 -0.00000825000000000   0.50000108391139369
 -0.00000800000000000   0.50000104978241241
 -0.00000775000000000   0.50000101567786709
 -0.00000750000000000   0.50000098159697214
 -0.00000725000000000   0.50000094753894172
 -0.00000700000000000   0.50000091350298972
 -0.00000675000000000   0.50000087948832978
 -0.00000650000000000   0.50000084549417530
 -0.00000625000000000   0.50000081151973946
 -0.00000600000000000   0.50000077756423521
 -0.00000575000000000   0.50000074362687530
 -0.00000550000000000   0.50000071120377406
 -0.00000525000000000   0.50000067722923342
 -0.00000500000000000   0.50000064327044863
 -0.00000475000000000   0.50000060932663298
 -0.00000450000000000   0.50000057539699959
 -0.00000425000000000   0.50000054148076140
 -0.00000400000000000   0.50000050757713123
 -0.00000375000000000   0.50000047368532174
 -0.00000350000000000   0.50000043980454548
 -0.00000325000000000   0.50000040593401486
 -0.00000300000000000   0.50000037207294218
 -0.00000275000000000   0.50000033822053966
 -0.00000250000000000   0.50000030437601938
 -0.00000225000000000   0.50000027053859338
 -0.00000200000000000   0.50000023670747360
 -0.00000175000000000   0.50000020288187190
 -0.00000150000000000   0.50000016906100010
 -0.00000125000000000   0.50000013524406997
 -0.00000100000000000   0.50000010143029322
 -0.00000075000000000   0.50000006761888154
 -0.00000050000000000   0.50000003380904659
 -0.00000025000000000   0.50000000000000000
  0.00000000000000000   0.49999996619095341
  0.00000025000000000   0.49999993238111845
  0.00000050000000000   0.49999989856970677
  0.00000075000000000   0.49999986475593002
  0.00000100000000000   0.49999983093899989
  0.00000125000000000   0.49999979711812809
  0.00000150000000000   0.49999976329252640
  0.00000175000000000   0.49999972946140661
  0.00000200000000000   0.49999969562398061
  0.00000225000000000   0.49999966177946034
  0.00000250000000000   0.49999962792705781
  0.00000275000000000   0.49999959406598513
  0.00000300000000000   0.49999956019545451
  0.00000325000000000   0.49999952631467825
  0.00000350000000000   0.49999949242286876
  0.00000375000000000   0.49999945851923859
  0.00000400000000000   0.49999942460300040
  0.00000425000000000   0.49999939067336701
  0.00000450000000000   0.49999935672955136
  0.00000475000000000   0.49999932277076658
  0.00000500000000000   0.49999928879622594
  0.00000525000000000   0.49999925637312470
  0.00000550000000000   0.49999922243576478
  0.00000575000000000   0.49999918848026054
  0.00000600000000000   0.49999915450582469
  0.00000625000000000   0.49999912051167022
  0.00000650000000000   0.49999908649701027
  0.00000675000000000   0.49999905246105827
  0.00000700000000000   0.49999901840302785
  0.00000725000000000   0.49999898432213291
  0.00000750000000000   0.49999895021758759
  0.00000775000000000   0.49999891608860631
  0.00000800000000000   0.49999888193440377
  0.00000825000000000   0.49999885017511234
  0.00000850000000000   0.49999881603880151
  0.00000875000000000   0.49999878187487029
  0.00000900000000000   0.49999874768253327
  0.00000925000000000   0.49999871346100536
  0.00000950000000000   0.49999867920950180
  0.00000975000000000   0.49999864492723821
  0.00001000000000000   0.49999861061343054
  0.00001025000000000   0.49999857626729510
  0.00001050000000000   0.49999854494665033
  0.00001075000000000   0.49999851060382281
  0.00001100000000000   0.49999847622626195
  0.00001125000000000   0.49999844181318432
  0.00001150000000000   0.49999840736380689
  0.00001175000000000   0.49999837287734709
  0.00001200000000000   0.49999833835302275
  0.00001225000000000   0.49999830734334250
  0.00001250000000000   0.49999827281090830
  0.00001275000000000   0.49999823823819969
  0.00001300000000000   0.49999820362443503
  0.00001325000000000   0.49999816896883320
  0.00001350000000000   0.49999813427061358
  0.00001375000000000   0.49999810350523798
  0.00001400000000000   0.49999806878906677
  0.00001425000000000   0.49999803402786476
  0.00001450000000000   0.49999799922085211
  0.00001475000000000   0.49999796436724954
  0.00001500000000000   0.49999792946627839
  0.00001525000000000   0.49999789891464388
  0.00001550000000000   0.49999786398583708
  0.00001575000000000   0.49999782900724662
  0.00001600000000000   0.49999779397809490
  0.00001625000000000   0.49999775889760494
  0.00001650000000000   0.49999772851283831
  0.00001675000000000   0.49999769339623061
  0.00001700000000000   0.49999765822586813
  0.00001725000000000   0.49999762300097519
  0.00001750000000000   0.49999759274893761
  0.00001775000000000   0.49999755748125931
  0.00001800000000000   0.49999752215663258
  0.00001825000000000   0.49999748677428326
  0.00001850000000000   0.49999745133343794
  0.00001875000000000   0.49999742120921492
  0.00001900000000000   0.49999738571724988
  0.00001925000000000   0.49999735016437096
  0.00001950000000000   0.49999731454980651
  0.00001975000000000   0.49999728452681424
  0.00002000000000000   0.49999724885441908
  0.00002025000000000   0.49999721311792038
  0.00002050000000000   0.49999717731654851
  0.00002075000000000   0.49999714738061929
  0.00002100000000000   0.49999711151468743
  0.00002125000000000   0.49999707558146484
  0.00002150000000000   0.49999703958018415
  0.00002175000000000   0.49999700971704845
  0.00002200000000000   0.49999697364446162
  0.00002225000000000   0.49999693750140028
  0.00002250000000000   0.49999690770186572
  0.00002275000000000   0.49999687148238808
  0.00002300000000000   0.49999683519001970
  0.00002325000000000   0.49999679882399732
  0.00002350000000000   0.49999676907201838
  0.00002375000000000   0.49999673262280486
  0.00002400000000000   0.49999669609752346
  0.00002425000000000   0.49999666639005424
  0.00002450000000000   0.49999662977644684
  0.00002475000000000   0.49999659308435875
  0.00002500000000000   0.49999656341312772
  0.00002525000000000   0.49999652662756806
  0.00002550000000000   0.49999648976111643
  0.00002575000000000   0.49999645281301675
  0.00002600000000000   0.49999642315272524
  0.00002625000000000   0.49999638610434515
  0.00002650000000000   0.49999634897191001
  0.00002675000000000   0.49999631932841241
  0.00002700000000000   0.49999628209053203
  0.00002725000000000   0.49999624476619222
  0.00002750000000000   0.49999621513106404
  0.00002775000000000   0.49999617769610591
  0.00002800000000000   0.49999614808616314
  0.00002825000000000   0.49999611053705837
  0.00002850000000000   0.49999607289744069
  0.00002875000000000   0.49999604328167326
  0.00002900000000000   0.49999600552272086
  0.00002925000000000   0.49999596767085881
  0.00002950000000000   0.49999593804071869
  0.00002975000000000   0.49999590006432780
  0.00003000000000000   0.49999587044400013
  0.00003025000000000   0.49999583233953102
  0.00003050000000000   0.49999579413811016
  0.00003075000000000   0.49999576448900334
  0.00003100000000000   0.49999572615429894
  0.00003125000000000   0.49999568772025752
  0.00003150000000000   0.49999565803370619
  0.00003175000000000   0.49999561946117238
  0.00003200000000000   0.49999558976881315
  0.00003225000000000   0.49999555105422058
  0.00003250000000000   0.49999552135207792
  0.00003275000000000   0.49999548249185502
  0.00003300000000000   0.49999544352662678
  0.00003325000000000   0.49999541376650613
  0.00003350000000000   0.49999537465042792
  0.00003375000000000   0.49999534487058233
  0.00003400000000000   0.49999530560007416
  0.00003425000000000   0.49999527579647044
  0.00003450000000000   0.49999523636794820
  0.00003475000000000   0.49999519682877661
  0.00003500000000000   0.49999516694641193
  0.00003525000000000   0.49999512724400173
  0.00003550000000000   0.49999509732780697
  0.00003575000000000   0.49999505745856846
  0.00003600000000000   0.49999502750445521
  0.00003625000000000   0.49999498746479567
  0.00003650000000000   0.49999495746865931
  0.00003675000000000   0.49999491725498336
  0.00003700000000000   0.49999488721270331
  0.00003725000000000   0.49999484682141327
  0.00003750000000000   0.49999481672885320
  0.00003775000000000   0.49999477615634945
  0.00003800000000000   0.49999474600935753
  0.00003825000000000   0.49999470525203889
  0.00003850000000000   0.49999467504644804
  0.00003875000000000   0.49999463410071217
  0.00003900000000000   0.49999460383234031
  0.00003925000000000   0.49999456269458412
  0.00003950000000000   0.49999453235923445
  0.00003975000000000   0.49999449102585454
  0.00004000000000000   0.49999446061931581
  0.00004025000000000   0.49999441908670891
  0.00004050000000000   0.49999438860475570
  0.00004075000000000   0.49999434686931912
  0.00004100000000000   0.49999431630771219
  0.00004125000000000   0.49999427436584427
  0.00004150000000000   0.49999424372033083
  0.00004175000000000   0.49999420156843151
  0.00004200000000000   0.49999417083474555
  0.00004225000000000   0.49999414008934509
  0.00004250000000000   0.49999409764307949
  0.00004275000000000   0.49999406680295005
  0.00004300000000000   0.49999402413744586
  0.00004325000000000   0.49999399319828635
  0.00004350000000000   0.49999395030994891
  0.00004375000000000   0.49999391926744625
  0.00004400000000000   0.49999388820515817
  0.00004425000000000   0.49999384500251439
  0.00004450000000000   0.49999381383024563
  0.00004475000000000   0.49999377039556881
  0.00004500000000000   0.49999373910897434
  0.00004525000000000   0.49999370779673361
  0.00004550000000000   0.49999366403340623
  0.00004575000000000   0.49999363260014679
  0.00004600000000000   0.49999358859559922
  0.00004625000000000   0.49999355703694662
  0.00004650000000000   0.49999352544672172
  0.00004675000000000   0.49999348109917877
  0.00004700000000000   0.49999344937681594
  0.00004725000000000   0.49999341761926742
  0.00004750000000000   0.49999337291998595
  0.00004775000000000   0.49999334102352325
  0.00004800000000000   0.49999330908823726
  0.00004825000000000   0.49999326402847417
  0.00004850000000000   0.49999323194746777
  0.00004875000000000   0.49999319982397688
  0.00004900000000000   0.49999315439499233
  0.00004925000000000   0.49999312211894639
  0.00004950000000000   0.49999308979673186
  0.00004975000000000   0.49999304398979264
  0.00005000000000000   0.49999301150816175
  0.00005025000000000   0.49999297897665590
  0.00005050000000000   0.49999293278303902
  0.00005075000000000   0.49999290008523064
  0.00005100000000000   0.49999286733381950
  0.00005125000000000   0.49999283452750175
  0.00005150000000000   0.49999278782019321
  0.00005175000000000   0.49999275483821919
  0.00005200000000000   0.49999272179758130
  0.00005225000000000   0.49999267468302254
  0.00005250000000000   0.49999264145978745
  0.00005275000000000   0.49999260817411168
  0.00005300000000000   0.49999257482467052
  0.00005325000000000   0.49999252716840311
  0.00005350000000000   0.49999249362693521
  0.00005375000000000   0.49999246001789839
  0.00005400000000000   0.49999242633995637
  0.00005425000000000   0.49999237812585518
  0.00005450000000000   0.49999234424641811
  0.00005475000000000   0.49999231029424730
  0.00005500000000000   0.49999227626799542
  0.00005525000000000   0.49999222747997771
  0.00005550000000000   0.49999219324272945
  0.00005575000000000   0.49999215892754849
  0.00005600000000000   0.49999212453307705
  0.00005625000000000   0.49999209005795427
  0.00005650000000000   0.49999204054012165
  0.00005675000000000   0.49999200584196259
  0.00005700000000000   0.49999197105927284
  0.00005725000000000   0.49999193619068186
  0.00005750000000000   0.49999190123481622
  0.00005775000000000   0.49999186619029960
  0.00005800000000000   0.49999181577049044
  0.00005825000000000   0.49999178048832914
  0.00005850000000000   0.49999174511360745
  0.00005875000000000   0.49999170964494049
  0.00005900000000000   0.49999167408094072
  0.00005925000000000   0.49999163842021800
  0.00005950000000000   0.49999160266137963
  0.00005975000000000   0.49999155114785434
  0.00006000000000000   0.49999151513417428
  0.00006025000000000   0.49999147901844004
  0.00006050000000000   0.49999144279925180
  0.00006075000000000   0.49999140647520744
  0.00006100000000000   0.49999137004490261
  0.00006125000000000   0.49999133350693076
  0.00006150000000000   0.49999129685988321
  0.00006175000000000   0.49999126010234922
  0.00006200000000000   0.49999122323291601
  0.00006225000000000   0.49999117008179087
  0.00006250000000000   0.49999113293263154
  0.00006275000000000   0.49999109566760511
  0.00006300000000000   0.49999105828529419
  0.00006325000000000   0.49999102078427971
  0.00006350000000000   0.49999098316314099
  0.00006375000000000   0.49999094542045580
  0.00006400000000000   0.49999090755480044
  0.00006425000000000   0.49999086956474980
  0.00006450000000000   0.49999083144887746
  0.00006475000000000   0.49999079320575574
  0.00006500000000000   0.49999075483395577
  0.00006525000000000   0.49999071633204759
  0.00006550000000000   0.49999067769860026
  0.00006575000000000   0.49999063893218186
  0.00006600000000000   0.49999060003135965
  0.00006625000000000   0.49999056099470013
  0.00006650000000000   0.49999052182076914
  0.00006675000000000   0.49999048250813192
  0.00006700000000000   0.49999044305535325
  0.00006725000000000   0.49999040346099750
  0.00006750000000000   0.49999036372362877
  0.00006775000000000   0.49999032384181096
  0.00006800000000000   0.49999028381410787
  0.00006825000000000   0.49999024363908334
  0.00006850000000000   0.49999020331530132
  0.00006875000000000   0.49999016284132599
  0.00006900000000000   0.49999012221572190
  0.00006925000000000   0.49999009893619397
  0.00006950000000000   0.49999005804566702
  0.00006975000000000   0.49999001699883765
  0.00007000000000000   0.49998997579426941
  0.00007025000000000   0.49998993443052675
  0.00007050000000000   0.49998989290617516
  0.00007075000000000   0.49998985121978132
  0.00007100000000000   0.49998980936991321
  0.00007125000000000   0.49998976735514026
  0.00007150000000000   0.49998974306554233
  0.00007175000000000   0.49998970075593629
  0.00007200000000000   0.49998965827674060
  0.00007225000000000   0.49998961562652807
  0.00007250000000000   0.49998957280387366
  0.00007275000000000   0.49998952980735463
  0.00007300000000000   0.49998950477922939
  0.00007325000000000   0.49998946146759689
  0.00007350000000000   0.49998941797742069
  0.00007375000000000   0.49998937430728485
  0.00007400000000000   0.49998933045577653
  0.00007425000000000   0.49998930476834376
  0.00007450000000000   0.49998926058465825
  0.00007475000000000   0.49998921621493576
  0.00007500000000000   0.49998917165777347
  0.00007525000000000   0.49998914541852347
  0.00007550000000000   0.49998910051536366
  0.00007575000000000   0.49998905542011728
  0.00007600000000000   0.49998901013139434
  0.00007625000000000   0.49998898330778882
  0.00007650000000000   0.49998893765925172
  0.00007675000000000   0.49998889181261728
  0.00007700000000000   0.49998884576651136
  0.00007725000000000   0.49998881832584537
  0.00007750000000000   0.49998877190613346
  0.00007775000000000   0.49998872528236431
  0.00007800000000000   0.49998869737053955
  0.00007825000000000   0.49998865036262218
  0.00007850000000000   0.49998860314609108
  0.00007875000000000   0.49998857474398963
  0.00007900000000000   0.49998852713279231
  0.00007925000000000   0.49998847930845981
  0.00007950000000000   0.49998845039690961
  0.00007975000000000   0.49998840216742798
  0.00008000000000000   0.49998835372033099
  0.00008025000000000   0.49998832428012007
  0.00008050000000000   0.49998827541743785
  0.00008075000000000   0.49998824563013097
  0.00008100000000000   0.49998819634459983
  0.00008125000000000   0.49998814683390802
  0.00008150000000000   0.49998811648542180
  0.00008175000000000   0.49998806654154160
  0.00008200000000000   0.49998803582351161
  0.00008225000000000   0.49998798543923988
  0.00008250000000000   0.49998795434248731
  0.00008275000000000   0.49998790351064828
  0.00008300000000000   0.49998787202598465
  0.00008325000000000   0.49998782073943431
  0.00008350000000000   0.49998778885766513
  0.00008375000000000   0.49998773710929562
  0.00008400000000000   0.49998770482122426
  0.00008425000000000   0.49998765260396871
  0.00008450000000000   0.49998761990040049
  0.00008475000000000   0.49998756720723795
  0.00008500000000000   0.49998753407898443
  0.00008525000000000   0.49998748090294510
  0.00008550000000000   0.49998744734082863
  0.00008575000000000   0.49998741357752016
  0.00008600000000000   0.49998735966985788
  0.00008625000000000   0.49998732545840760
  0.00008650000000000   0.49998727105007995
  0.00008675000000000   0.49998723638134770
  0.00008700000000000   0.49998720149836496
  0.00008725000000000   0.49998714633047115
  0.00008750000000000   0.49998711097598031
  0.00008775000000000   0.49998705529002071
  0.00008800000000000   0.49998701945495220
  0.00008825000000000   0.49998698339257886
  0.00008850000000000   0.49998692691969157
  0.00008875000000000   0.49998689036261889
  0.00008900000000000   0.49998685357031147
  0.00008925000000000   0.49998681653993315
  0.00008950000000000   0.49998675899297588
  0.00008975000000000   0.49998672144878603
  0.00009000000000000   0.49998668365861832
  0.00009025000000000   0.49998664561963932
  0.00009050000000000   0.49998658696815267
  0.00009075000000000   0.49998654839641847
  0.00009100000000000   0.49998650956800841
  0.00009125000000000   0.49998647048009832
  0.00009150000000000   0.49998641069432198
  0.00009175000000000   0.49998637105493972
  0.00009200000000000   0.49998633114825701
  0.00009225000000000   0.49998629097146618
  0.00009250000000000   0.49998625052176327
  0.00009275000000000   0.49998620979634850
  0.00009300000000000   0.49998616879242680
  0.00009325000000000   0.49998610694616511
  0.00009350000000000   0.49998606535767326
  0.00009375000000000   0.49998602348303046
  0.00009400000000000   0.49998598131947290
  0.00009425000000000   0.49998593886424429
  0.00009450000000000   0.49998589611459646
  0.00009475000000000   0.49998585306778997
  0.00009500000000000   0.49998580972109479
  0.00009525000000000   0.49998576607179087
  0.00009550000000000   0.49998572211716889
  0.00009575000000000   0.49998567785453091
  0.00009600000000000   0.49998563328119106
  0.00009625000000000   0.49998558839447634
  0.00009650000000000   0.49998554319172729
  0.00009675000000000   0.49998549767029880
  0.00009700000000000   0.49998545182756092
  0.00009725000000000   0.49998540566089963
  0.00009750000000000   0.49998535916771772
  0.00009775000000000   0.49998531234543560
  0.00009800000000000   0.49998528598897484
  0.00009825000000000   0.49998523850528230
  0.00009850000000000   0.49998519068400946
  0.00009875000000000   0.49998514252264782
  0.00009900000000000   0.49998509401871113
  0.00009925000000000   0.49998504516973638
  0.00009950000000000   0.49998501681441353
  0.00009975000000000   0.49998496726731859
  0.00010000000000000   0.49998491736703751
  0.00010025000000000   0.49998486711120183
  0.00010050000000000   0.49998483736023540
  0.00010075000000000   0.49998478638191841
  0.00010100000000000   0.49998473504017215
  0.00010125000000000   0.49998468333274055
  0.00010150000000000   0.49998465212725969
  0.00010175000000000   0.49998459967366332
  0.00010200000000000   0.49998456772980344
  0.00010225000000000   0.49998451451754314
  0.00010250000000000   0.49998446092683863
  0.00010275000000000   0.49998442783590682
  0.00010300000000000   0.49998437346913562
  0.00010325000000000   0.49998433960060913
  0.00010350000000000   0.49998428444580052
  0.00010375000000000   0.49998422890059908
  0.00010400000000000   0.49998419382929880
  0.00010425000000000   0.49998413747960371
  0.00010450000000000   0.49998410159253236
  0.00010475000000000   0.49998406529709561
  0.00010500000000000   0.49998400770888736
  0.00010525000000000   0.49998397057375215
  0.00010550000000000   0.49998391215228505
  0.00010575000000000   0.49998387416247184
  0.00010600000000000   0.49998381489723568
  0.00010625000000000   0.49998377603803575
  0.00010650000000000   0.49998373674025631
  0.00010675000000000   0.49998367617590031
  0.00010700000000000   0.49998363598612159
  0.00010725000000000   0.49998359534494993
  0.00010750000000000   0.49998355424780412
  0.00010775000000000   0.49998349190148319
  0.00010800000000000   0.49998344988253097
  0.00010825000000000   0.49998340739522923
  0.00010850000000000   0.49998336443514319
  0.00010875000000000   0.49998332099787700
  0.00010900000000000   0.49998327707907600
  0.00010925000000000   0.49998321195766673
  0.00010950000000000   0.49998316707394629
  0.00010975000000000   0.49998312169715254
  0.00011000000000000   0.49998307582313312
  0.00011025000000000   0.49998302944778951
  0.00011050000000000   0.49998298256707980
  0.00011075000000000   0.49998293517702156
  0.00011100000000000   0.49998288727369475
  0.00011125000000000   0.49998283885324479
  0.00011150000000000   0.49998278991188569
  0.00011175000000000   0.49998276099420716
  0.00011200000000000   0.49998271097576289
  0.00011225000000000   0.49998266042410184
  0.00011250000000000   0.49998260933573116
  0.00011275000000000   0.49998255770724381
  0.00011300000000000   0.49998252598024581
  0.00011325000000000   0.49998247323036547
  0.00011350000000000   0.49998241992923102
  0.00011375000000000   0.49998236607380242
  0.00011400000000000   0.49998233200373384
  0.00011425000000000   0.49998227699377010
  0.00011450000000000   0.49998224171780850
  0.00011475000000000   0.49998218553633431
  0.00011500000000000   0.49998212878391680
  0.00011525000000000   0.49998209166258129
  0.00011550000000000   0.49998203371626300
  0.00011575000000000   0.49998199533514279
  0.00011600000000000   0.49998195630800115
  0.00011625000000000   0.49998189651835446
  0.00011650000000000   0.49998185619886821
  0.00011675000000000   0.49998179517842578
  0.00011700000000000   0.49998175354710224
  0.00011725000000000   0.49998171124039969
  0.00011750000000000   0.49998166825209976
  0.00011775000000000   0.49998160467443282
  0.00011800000000000   0.49998156033497012
  0.00011825000000000   0.49998151529777700
  0.00011850000000000   0.49998146955715804
  0.00011875000000000   0.49998142310756115
  0.00011900000000000   0.49998137594358498
  0.00011925000000000   0.49998132805998670
  0.00011950000000000   0.49998127945169002
  0.00011975000000000   0.49998123011379348
  0.00012000000000000   0.49998118004157923
  0.00012025000000000   0.49998112923052191
  0.00012050000000000   0.49998107767629802
  0.00012075000000000   0.49998104479056979
  0.00012100000000000   0.49998099168472413
  0.00012125000000000   0.49998093782199997
  0.00012150000000000   0.49998090248039629
  0.00012175000000000   0.49998084703443563
  0.00012200000000000   0.49998079081993810
  0.00012225000000000   0.49998075296229505
  0.00012250000000000   0.49998069513715059
  0.00012275000000000   0.49998065555947329
  0.00012300000000000   0.49998061509270983
  0.00012325000000000   0.49998055478396301
  0.00012350000000000   0.49998051255831029
  0.00012375000000000   0.49998046942189356
  0.00012400000000000   0.49998040659219422
  0.00012425000000000   0.49998036166313660
  0.00012450000000000   0.49998031580427396
  0.00012475000000000   0.49998026900909417
  0.00012500000000000   0.49998022127142609
  0.00012525000000000   0.49998017258545787
  0.00012550000000000   0.49998012294575593
  0.00012575000000000   0.49998007234728495
  0.00012600000000000   0.49998003908251411
  0.00012625000000000   0.49997998648173508
  0.00012650000000000   0.49997993290700566
  0.00012675000000000   0.49997989646028871
  0.00012700000000000   0.49997984084886052
  0.00012725000000000   0.49997980222600077
  0.00012750000000000   0.49997974455788139
  0.00012775000000000   0.49997970372954855
  0.00012800000000000   0.49997966175825245
  0.00012825000000000   0.49997960093009390
  0.00012850000000000   0.49997955671438344
  0.00012875000000000   0.49997951133430726
  0.00012900000000000   0.49997946478292133
  0.00012925000000000   0.49997941705393687
  0.00012950000000000   0.49997936814175773
  0.00012975000000000   0.49997931804151957
  0.00013000000000000   0.49997928391740921
  0.00013025000000000   0.49997923133986014
  0.00013050000000000   0.49997919457549512
  0.00013075000000000   0.49997913949738182
  0.00013100000000000   0.49997910005896235
  0.00013125000000000   0.49997904246405570
  0.00013150000000000   0.49997900032489863
  0.00013175000000000   0.49997895678660133
  0.00013200000000000   0.49997891184176746
  0.00013225000000000   0.49997886548408862
  0.00013250000000000   0.49997881770841110
  0.00013275000000000   0.49997876851080625
  0.00013300000000000   0.49997873402783079
  0.00013325000000000   0.49997868187370923
  0.00013350000000000   0.49997864424018903
  0.00013375000000000   0.49997860497703532
  0.00013400000000000   0.49997854830312818
  0.00013425000000000   0.49997850584958509
  0.00013450000000000   0.49997846174692479
  0.00013475000000000   0.49997841599056138
  0.00013500000000000   0.49997838393726040
  0.00013525000000000   0.49997833475269484
  0.00013550000000000   0.49997829905932849
  0.00013575000000000   0.49997824643305588
  0.00013600000000000   0.49997820707507900
  0.00013625000000000   0.49997816582709012
  0.00013650000000000   0.49997812268496789
  0.00013675000000000   0.49997809225494524
  0.00013700000000000   0.49997804519829416
  0.00013725000000000   0.49997801062408213
  0.00013750000000000   0.49997795964904045
  0.00013775000000000   0.49997792091681664
  0.00013800000000000   0.49997788004745719
  0.00013825000000000   0.49997785093860984
  0.00013850000000000   0.49997780566744716
  0.00013875000000000   0.49997777191216443
  0.00013900000000000   0.49997773577138148
  0.00013925000000000   0.49997769724484173
  0.00013950000000000   0.49997765633748044
  0.00013975000000000   0.49997762618535763
  0.00014000000000000   0.49997759339693979
  0.00014025000000000   0.49997755797333769
  0.00014050000000000   0.49997751992243469
  0.00014075000000000   0.49997749184150942
  0.00014100000000000   0.49997746087157446
  0.00014125000000000   0.49997742702004915
  0.00014150000000000   0.49997739030343763
  0.00014175000000000   0.49997736274371885
  0.00014200000000000   0.49997734391962378
  0.00014225000000000   0.49997730996370900
  0.00014250000000000   0.49997728447648893
  0.00014275000000000   0.49997725561340717
  0.00014300000000000   0.49997723464384871
  0.00014325000000000   0.49997721003660509
  0.00014350000000000   0.49997719274527883
  0.00014375000000000   0.49997717155519236
  0.00014400000000000   0.49997714650834071
  0.00014425000000000   0.49997712807076871
  0.00014450000000000   0.49997711577920203
  0.00014475000000000   0.49997709910421158
  0.00014500000000000   0.49997708799690358
  0.00014525000000000   0.49997708199327149
  0.00014550000000000   0.49997707110267858
  0.00014575000000000   0.49997706475418442
  0.00014600000000000   0.49997706248751800
  0.00014625000000000   0.49997706384642625
  0.00014650000000000   0.49997706837957092
  0.00014675000000000   0.49997707564264639
  0.00014700000000000   0.49997708520204683
  0.00014725000000000   0.49997709664050492
  0.00014750000000000   0.49997711748865126
  0.00014775000000000   0.49997713901640258
  0.00014800000000000   0.49997716088209640
  0.00014825000000000   0.49997719730468876
  0.00014850000000000   0.49997723963655584
  0.00014875000000000   0.49997728697933111
  0.00014900000000000   0.49997733850555290
  0.00014925000000000   0.49997739979267601
  0.00014950000000000   0.49997747553020768
  0.00014975000000000   0.49997756373897011
  0.00015000000000000   0.49997766813947009
  0.00015025000000000   0.49997778640073958
  0.00015050000000000   0.49997792155520870
  0.00015075000000000   0.49997809004502692
  0.00015100000000000   0.49997828706633010
  0.00015125000000000   0.49997852935048534
  0.00015150000000000   0.49997882972849200
  0.00015175000000000   0.49997921572559459
  0.00015200000000000   0.49997974354332501
  0.00015225000000000   0.49998055220352833
  0.00015250000000000   0.49998224563021234
  0.00015275000000000   0.50004249513320225
  0.00015300000000000   0.50004989640695942
  0.00015325000000000   0.50005431823947383
  0.00015350000000000   0.50005764787663630
  0.00015375000000000   0.50006039359776679
  0.00015400000000000   0.50006276383497070
  0.00015425000000000   0.50006483792425158
  0.00015450000000000   0.50006674475224635
  0.00015475000000000   0.50006848094856763
  0.00015500000000000   0.50007009116760337
  0.00015525000000000   0.50007160177278358
  0.00015550000000000   0.50007300501919619
  0.00015575000000000   0.50007434917057773
  0.00015600000000000   0.50007563382103203
  0.00015625000000000   0.50007685359170405
  0.00015650000000000   0.50007802196563352
  0.00015675000000000   0.50007915023544806
  0.00015700000000000   0.50008024797034622
  0.00015725000000000   0.50008130008207200
  0.00015750000000000   0.50008231313317613
  0.00015775000000000   0.50008329283264696
  0.00015800000000000   0.50008426791067133
  0.00015825000000000   0.50008519542381482
  0.00015850000000000   0.50008610286524854
  0.00015875000000000   0.50008699370126546
  0.00015900000000000   0.50008787103409645
  0.00015925000000000   0.50008871330478437
  0.00015950000000000   0.50008954716541335
  0.00015975000000000   0.50009035036911253
  0.00016000000000000   0.50009114934191183
  0.00016025000000000   0.50009194598412772
  0.00016050000000000   0.50009271725015512
  0.00016075000000000   0.50009346450194026
  0.00016100000000000   0.50009421391820602
  0.00016125000000000   0.50009494186679490
  0.00016150000000000   0.50009567445907226
  0.00016175000000000   0.50009636264037599
  0.00016200000000000   0.50009708263249820
  0.00016225000000000   0.50009775996465926
  0.00016250000000000   0.50009844578851540
  0.00016275000000000   0.50009911567172969
  0.00016300000000000   0.50009977029634859
