 -0.00018325000000000   0.49990032113275801
 -0.00018300000000000   0.49990129950779504
 -0.00018275000000000   0.49990229043164545
 -0.00018250000000000   0.49990329780363931
 -0.00018225000000000   0.49990435915043604
 -0.00018200000000000   0.49990541305060722
 -0.00018175000000000   0.49990653126784868
 -0.00018150000000000   0.49990768711299182
 -0.00018125000000000   0.49990885553326897
 -0.00018100000000000   0.49991007803454629
 -0.00018075000000000   0.49991136477042432
 -0.00018050000000000   0.49991269591040556
 -0.00018025000000000   0.49991408658232030
 -0.00018000000000000   0.49991555507919886
 -0.00017975000000000   0.49991709293362563
 -0.00017950000000000   0.49991872925436169
 -0.00017925000000000   0.49992050104427369
 -0.00017900000000000   0.49992236771644227
 -0.00017875000000000   0.49992442801836693
 -0.00017850000000000   0.49992666342783845
 -0.00017825000000000   0.49992919455367380
 -0.00017800000000000   0.49993209552561409
 -0.00017775000000000   0.49993556205832390
 -0.00017750000000000   0.49993996962935006
 -0.00017725000000000   0.49994647324284009
 -0.00017700000000000   0.50001701307923875
 -0.00017675000000000   0.50002147026873876
 -0.00017650000000000   0.50002259474439214
 -0.00017625000000000   0.50002327232710262
 -0.00017600000000000   0.50002374584941810
 -0.00017575000000000   0.50002410261025292
 -0.00017550000000000   0.50002438544374819
 -0.00017525000000000   0.50002460958314637
 -0.00017500000000000   0.50002480281599431
 -0.00017475000000000   0.50002495879392554
 -0.00017450000000000   0.50002508513999413
 -0.00017425000000000   0.50002519994621314
 -0.00017400000000000   0.50002529241696532
 -0.00017375000000000   0.50002537582573616
 -0.00017350000000000   0.50002543921188216
 -0.00017325000000000   0.50002549801855828
 -0.00017300000000000   0.50002555101711384
 -0.00017275000000000   0.50002558689585252
 -0.00017250000000000   0.50002562388832029
 -0.00017225000000000   0.50002564027222485
 -0.00017200000000000   0.50002566643482292
 -0.00017175000000000   0.50002568024869592
 -0.00017150000000000   0.50002569173510656
 -0.00017125000000000   0.50002570026242461
 -0.00017100000000000   0.50002570517869891
 -0.00017075000000000   0.50002569342601690
 -0.00017050000000000   0.50002568884008072
 -0.00017025000000000   0.50002569157386084
 -0.00017000000000000   0.50002567532457246
 -0.00016975000000000   0.50002566555784432
 -0.00016950000000000   0.50002564863976966
 -0.00016925000000000   0.50002562388035359
 -0.00016900000000000   0.50002560485183647
 -0.00016875000000000   0.50002559162453660
 -0.00016850000000000   0.50002556951326373
 -0.00016825000000000   0.50002553784306382
 -0.00016800000000000   0.50002551116356595
 -0.00016775000000000   0.50002548952028428
 -0.00016750000000000   0.50002545726592888
 -0.00016725000000000   0.50002542965454209
 -0.00016700000000000   0.50002539058152047
 -0.00016675000000000   0.50002535576129825
 -0.00016650000000000   0.50002532522248194
 -0.00016625000000000   0.50002529897843856
 -0.00016600000000000   0.50002526004740841
 -0.00016575000000000   0.50002522501647215
 -0.00016550000000000   0.50002517648300704
 -0.00016525000000000   0.50002514908935634
 -0.00016500000000000   0.50002510780509273
 -0.00016475000000000   0.50002507005585129
 -0.00016450000000000   0.50002501763199436
 -0.00016425000000000   0.50002498678079090
 -0.00016400000000000   0.50002494087576877
 -0.00016375000000000   0.50002489813976270
 -0.00016350000000000   0.50002485857568733
 -0.00016325000000000   0.50002480302081654
 -0.00016300000000000   0.50002476962278460
 -0.00016275000000000   0.50002471986883445
 -0.00016250000000000   0.50002467292432682
 -0.00016225000000000   0.50002462879029861
 -0.00016200000000000   0.50002458746324055
 -0.00016175000000000   0.50002452871600423
 -0.00016150000000000   0.50002449282672425
 -0.00016125000000000   0.50002443917091330
 -0.00016100000000000   0.50002438797122674
 -0.00016075000000000   0.50002433922744227
 -0.00016050000000000   0.50002429293610588
 -0.00016025000000000   0.50002424909074623
 -0.00016000000000000   0.50002418631168941
 -0.00015975000000000   0.50002414719062301
 -0.00015950000000000   0.50002408881006621
 -0.00015925000000000   0.50002405438194293
 -0.00015900000000000   0.50002400038420041
 -0.00015875000000000   0.50002394849089104
 -0.00015850000000000   0.50002389869745880
 -0.00015825000000000   0.50002385099735209
 -0.00015800000000000   0.50002380538214708
 -0.00015775000000000   0.50002373914849420
 -0.00015750000000000   0.50002369754856366
 -0.00015725000000000   0.50002363503116449
 -0.00015700000000000   0.50002359741493126
 -0.00015675000000000   0.50002353859728126
 -0.00015650000000000   0.50002348154872323
 -0.00015625000000000   0.50002342626582209
 -0.00015600000000000   0.50002339638503944
 -0.00015575000000000   0.50002334474498844
 -0.00015550000000000   0.50002327095709948
 -0.00015525000000000   0.50002322267684098
 -0.00015500000000000   0.50002317612646169
 -0.00015475000000000   0.50002313129556471
 -0.00015450000000000   0.50002306379722875
 -0.00015425000000000   0.50002302227091359
 -0.00015400000000000   0.50002295781950409
 -0.00015375000000000   0.50002291956317736
 -0.00015350000000000   0.50002285813779391
 -0.00015325000000000   0.50002279815296768
 -0.00015300000000000   0.50002276468330594
 -0.00015275000000000   0.50002270768492617
 -0.00015250000000000   0.50002265210993613
 -0.00015225000000000   0.50002259795248415
 -0.00015200000000000   0.50002254520604584
 -0.00015175000000000   0.50002249386345963
 -0.00015150000000000   0.50002244391696064
 -0.00015125000000000   0.50002239535821314
 -0.00015100000000000   0.50002232227026697
 -0.00015075000000000   0.50002227637279222
 -0.00015050000000000   0.50002223183849567
 -0.00015025000000000   0.50002218865701316
 -0.00015000000000000   0.50002212053823943
 -0.00014975000000000   0.50002207995639554
 -0.00014950000000000   0.50002201423066013
 -0.00014925000000000   0.50002197621557945
 -0.00014900000000000   0.50002191286150539
 -0.00014875000000000   0.50002185063194275
 -0.00014850000000000   0.50002181636991655
 -0.00014825000000000   0.50002175647685467
 -0.00014800000000000   0.50002169769362668
 -0.00014775000000000   0.50002164001559232
 -0.00014750000000000   0.50002158343774690
 -0.00014725000000000   0.50002155521806162
 -0.00014700000000000   0.50002150090766039
 -0.00014675000000000   0.50002144767755629
 -0.00014650000000000   0.50002139552148585
 -0.00014625000000000   0.50002134443290121
 -0.00014600000000000   0.50002126675269614
 -0.00014575000000000   0.50002121770891037
 -0.00014550000000000   0.50002116971410442
 -0.00014525000000000   0.50002112276069922
 -0.00014500000000000   0.50002107684089737
 -0.00014475000000000   0.50002100392859536
 -0.00014450000000000   0.50002095999550899
 -0.00014425000000000   0.50002091707399420
 -0.00014400000000000   0.50002084693082251
 -0.00014375000000000   0.50002080595778217
 -0.00014350000000000   0.50002076597253863
 -0.00014325000000000   0.50002069855712045
 -0.00014300000000000   0.50002066047864392
 -0.00014275000000000   0.50002059482786109
 -0.00014250000000000   0.50002055862824588
 -0.00014225000000000   0.50002049472294526
 -0.00014200000000000   0.50002043164396231
 -0.00014175000000000   0.50002039819268066
 -0.00014150000000000   0.50002033683012769
 -0.00014125000000000   0.50002027628198619
 -0.00014100000000000   0.50002024551644361
 -0.00014075000000000   0.50002018665283609
 -0.00014050000000000   0.50002012859030292
 -0.00014025000000000   0.50002007132481718
 -0.00014000000000000   0.50002001485220514
 -0.00013975000000000   0.50001998840627899
 -0.00013950000000000   0.50001993356248948
 -0.00013925000000000   0.50001987949621318
 -0.00013900000000000   0.50001982620277324
 -0.00013875000000000   0.50001977367737585
 -0.00013850000000000   0.50001972191511575
 -0.00013825000000000   0.50001967091098141
 -0.00013800000000000   0.50001962065986013
 -0.00013775000000000   0.50001957115654295
 -0.00013750000000000   0.50001952239572936
 -0.00013725000000000   0.50001947437203186
 -0.00013700000000000   0.50001942707998039
 -0.00013675000000000   0.50001938051402659
 -0.00013650000000000   0.50001930485201852
 -0.00013625000000000   0.50001925968980459
 -0.00013600000000000   0.50001921523836799
 -0.00013575000000000   0.50001917149186787
 -0.00013550000000000   0.50001912844440449
 -0.00013525000000000   0.50001905608809337
 -0.00013500000000000   0.50001901439786692
 -0.00013475000000000   0.50001897339031995
 -0.00013450000000000   0.50001890294855466
 -0.00013425000000000   0.50001886326999137
 -0.00013400000000000   0.50001882425723115
 -0.00013375000000000   0.50001875569917771
 -0.00013350000000000   0.50001871798603537
 -0.00013325000000000   0.50001865064687361
 -0.00013300000000000   0.50001861421427279
 -0.00013275000000000   0.50001857841892514
 -0.00013250000000000   0.50001851290947103
 -0.00013225000000000   0.50001847836376889
 -0.00013200000000000   0.50001841403824860
 -0.00013175000000000   0.50001838072217619
 -0.00013150000000000   0.50001831756640015
 -0.00013125000000000   0.50001828545962336
 -0.00013100000000000   0.50001822345897652
 -0.00013075000000000   0.50001816200966482
 -0.00013050000000000   0.50001813168035971
 -0.00013025000000000   0.50001807136496777
 -0.00013000000000000   0.50001801159225010
 -0.00012975000000000   0.50001798299731518
 -0.00012950000000000   0.50001792433646721
 -0.00012925000000000   0.50001786620917480
 -0.00012900000000000   0.50001783930466513
 -0.00012875000000000   0.50001778226646489
 -0.00012850000000000   0.50001772575229972
 -0.00012825000000000   0.50001770049357802
 -0.00012800000000000   0.50001764504510316
 -0.00012775000000000   0.50001759011079237
 -0.00012750000000000   0.50001753568772087
 -0.00012725000000000   0.50001748177292292
 -0.00012700000000000   0.50001745917154976
 -0.00012675000000000   0.50001740628394639
 -0.00012650000000000   0.50001735389423744
 -0.00012625000000000   0.50001730199932292
 -0.00012600000000000   0.50001725059606986
 -0.00012575000000000   0.50001719968131385
 -0.00012550000000000   0.50001714925186046
 -0.00012525000000000   0.50001713018173537
 -0.00012500000000000   0.50001708072446127
 -0.00012475000000000   0.50001703174157380
 -0.00012450000000000   0.50001698322978404
 -0.00012425000000000   0.50001693518577964
 -0.00012400000000000   0.50001688760622593
 -0.00012375000000000   0.50001684048776717
 -0.00012350000000000   0.50001679382702771
 -0.00012325000000000   0.50001674762061302
 -0.00012300000000000   0.50001670186511088
 -0.00012275000000000   0.50001665655709236
 -0.00012250000000000   0.50001661169311286
 -0.00012225000000000   0.50001656726971308
 -0.00012200000000000   0.50001652328342003
 -0.00012175000000000   0.50001644879766459
 -0.00012150000000000   0.50001640567914022
 -0.00012125000000000   0.50001636298824185
 -0.00012100000000000   0.50001632072144048
 -0.00012075000000000   0.50001627887519788
 -0.00012050000000000   0.50001623744596740
 -0.00012025000000000   0.50001619643019476
 -0.00012000000000000   0.50001615582431876
 -0.00011975000000000   0.50001608471032352
 -0.00011950000000000   0.50001604492543837
 -0.00011925000000000   0.50001600554066492
 -0.00011900000000000   0.50001596655241218
 -0.00011875000000000   0.50001592795708582
 -0.00011850000000000   0.50001585886450533
 -0.00011825000000000   0.50001582106078020
 -0.00011800000000000   0.50001578364007134
 -0.00011775000000000   0.50001574659876822
 -0.00011750000000000   0.50001567907758395
 -0.00011725000000000   0.50001564280435972
 -0.00011700000000000   0.50001560690056173
 -0.00011675000000000   0.50001557136257274
 -0.00011650000000000   0.50001550537637347
 -0.00011625000000000   0.50001547058267689
 -0.00011600000000000   0.50001543614476893
 -0.00011575000000000   0.50001537128170048
 -0.00011550000000000   0.50001533757053598
 -0.00011525000000000   0.50001530420511967
 -0.00011500000000000   0.50001524044524508
 -0.00011475000000000   0.50001520778892275
 -0.00011450000000000   0.50001514474987379
 -0.00011425000000000   0.50001511279136691
 -0.00011400000000000   0.50001508116211760
 -0.00011375000000000   0.50001501919321398
 -0.00011350000000000   0.50001498824400851
 -0.00011325000000000   0.50001492697508138
 -0.00011300000000000   0.50001489669455764
 -0.00011275000000000   0.50001486672681226
 -0.00011250000000000   0.50001480649422788
 -0.00011225000000000   0.50001477717733933
 -0.00011200000000000   0.50001471762337693
 -0.00011175000000000   0.50001468894594357
 -0.00011150000000000   0.50001463006227183
 -0.00011125000000000   0.50001460201288150
 -0.00011100000000000   0.50001454379110269
 -0.00011075000000000   0.50001451635833870
 -0.00011050000000000   0.50001445878999574
 -0.00011025000000000   0.50001443196244251
 -0.00011000000000000   0.50001437503902563
 -0.00010975000000000   0.50001434880527400
 -0.00010950000000000   0.50001429251822713
 -0.00010925000000000   0.50001423654956286
 -0.00010900000000000   0.50001421120760611
 -0.00010875000000000   0.50001415586313487
 -0.00010850000000000   0.50001413108714995
 -0.00010825000000000   0.50001407635821199
 -0.00010800000000000   0.50001405213683746
 -0.00010775000000000   0.50001399801474674
 -0.00010750000000000   0.50001394419876929
 -0.00010725000000000   0.50001392081269733
 -0.00010700000000000   0.50001386759118389
 -0.00010675000000000   0.50001384473203611
 -0.00010650000000000   0.50001379209624368
 -0.00010625000000000   0.50001373975770536
 -0.00010600000000000   0.50001371769393358
 -0.00010575000000000   0.50001366592863772
 -0.00010550000000000   0.50001361445535827
 -0.00010525000000000   0.50001359316344755
 -0.00010500000000000   0.50001354225088789
 -0.00010475000000000   0.50001349162506074
 -0.00010450000000000   0.50001347108157415
 -0.00010425000000000   0.50001342100391427
 -0.00010400000000000   0.50001337120766447
 -0.00010375000000000   0.50001332169126640
 -0.00010350000000000   0.50001330212860783
 -0.00010325000000000   0.50001325314401241
 -0.00010300000000000   0.50001320443390003
 -0.00010275000000000   0.50001318556588510
 -0.00010250000000000   0.50001313737499187
 -0.00010225000000000   0.50001308945319050
 -0.00010200000000000   0.50001304179888956
 -0.00010175000000000   0.50001299441049222
 -0.00010150000000000   0.50001297669011246
 -0.00010125000000000   0.50001292980072455
 -0.00010100000000000   0.50001288317181377
 -0.00010075000000000   0.50001283680176981
 -0.00010050000000000   0.50001281994333947
 -0.00010025000000000   0.50001277405592822
 -0.00010000000000000   0.50001272842194360
 -0.00009975000000000   0.50001268303976522
 -0.00009950000000000   0.50001263790776933
 -0.00009925000000000   0.50001262208834144
 -0.00009900000000000   0.50001257741882366
 -0.00009875000000000   0.50001253299403962
 -0.00009850000000000   0.50001248881235928
 -0.00009825000000000   0.50001244487215024
 -0.00009800000000000   0.50001240117177785
 -0.00009775000000000   0.50001235770960548
 -0.00009750000000000   0.50001234327285703
 -0.00009725000000000   0.50001230024547170
 -0.00009700000000000   0.50001225745084070
 -0.00009675000000000   0.50001221488732581
 -0.00009650000000000   0.50001217255328760
 -0.00009625000000000   0.50001213044708560
 -0.00009600000000000   0.50001208856707843
 -0.00009575000000000   0.50001204691162400
 -0.00009550000000000   0.50001200547907960
 -0.00009525000000000   0.50001199267625076
 -0.00009500000000000   0.50001195164345284
 -0.00009475000000000   0.50001191082815008
 -0.00009450000000000   0.50001187022870321
 -0.00009425000000000   0.50001182984347304
 -0.00009400000000000   0.50001178967082053
 -0.00009375000000000   0.50001174970910699
 -0.00009350000000000   0.50001170995669414
 -0.00009325000000000   0.50001167041194429
 -0.00009300000000000   0.50001163107322040
 -0.00009275000000000   0.50001159193888621
 -0.00009250000000000   0.50001155300730639
 -0.00009225000000000   0.50001151427684658
 -0.00009200000000000   0.50001147574587357
 -0.00009175000000000   0.50001143741275533
 -0.00009150000000000   0.50001139927586116
 -0.00009125000000000   0.50001136133356178
 -0.00009100000000000   0.50001132358422942
 -0.00009075000000000   0.50001128602623789
 -0.00009050000000000   0.50001124865796269
 -0.00009025000000000   0.50001121147778113
 -0.00009000000000000   0.50001117448407235
 -0.00008975000000000   0.50001113767521745
 -0.00008950000000000   0.50001110104959956
 -0.00008925000000000   0.50001106460560391
 -0.00008900000000000   0.50001102834161791
 -0.00008875000000000   0.50001099225603125
 -0.00008850000000000   0.50001095634723591
 -0.00008825000000000   0.50001092061362631
 -0.00008800000000000   0.50001088505359931
 -0.00008775000000000   0.50001084966555432
 -0.00008750000000000   0.50001081444789336
 -0.00008725000000000   0.50001077939902108
 -0.00008700000000000   0.50001074451734489
 -0.00008675000000000   0.50001068303924129
 -0.00008650000000000   0.50001064854258934
 -0.00008625000000000   0.50001061420872964
 -0.00008600000000000   0.50001058003607791
 -0.00008575000000000   0.50001054602305288
 -0.00008550000000000   0.50001051216807640
 -0.00008525000000000   0.50001047846957342
 -0.00008500000000000   0.50001044492597209
 -0.00008475000000000   0.50001041153570379
 -0.00008450000000000   0.50001037829720317
 -0.00008425000000000   0.50001031898927956
 -0.00008400000000000   0.50001028610854776
 -0.00008375000000000   0.50001025337523388
 -0.00008350000000000   0.50001022078778321
 -0.00008325000000000   0.50001018834464455
 -0.00008300000000000   0.50001015604427024
 -0.00008275000000000   0.50001012388511620
 -0.00008250000000000   0.50001006603860421
 -0.00008225000000000   0.50001003421849500
 -0.00008200000000000   0.50001000253530175
 -0.00008175000000000   0.50000997098749232
 -0.00008150000000000   0.50000993957353836
 -0.00008125000000000   0.50000990829191528
 -0.00008100000000000   0.50000985165995846
 -0.00008075000000000   0.50000982070153617
 -0.00008050000000000   0.50000978987118390
 -0.00008025000000000   0.50000975916738996
 -0.00008000000000000   0.50000972858864658
 -0.00007975000000000   0.50000967294519034
 -0.00007950000000000   0.50000964267663808
 -0.00007925000000000   0.50000961252891388
 -0.00007900000000000   0.50000958250052353
 -0.00007875000000000   0.50000955258997691
 -0.00007850000000000   0.50000949790827011
 -0.00007825000000000   0.50000946829498779
 -0.00007800000000000   0.50000943879536784
 -0.00007775000000000   0.50000940940793425
 -0.00007750000000000   0.50000935548481113
 -0.00007725000000000   0.50000932638448506
 -0.00007700000000000   0.50000929739219721
 -0.00007675000000000   0.50000926850648608
 -0.00007650000000000   0.50000921532540142
 -0.00007625000000000   0.50000918671669772
 -0.00007600000000000   0.50000915821045730
 -0.00007575000000000   0.50000912980523353
 -0.00007550000000000   0.50000907734963300
 -0.00007525000000000   0.50000904921137809
 -0.00007500000000000   0.50000902117006238
 -0.00007475000000000   0.50000899322425435
 -0.00007450000000000   0.50000894147758803
 -0.00007425000000000   0.50000891378877622
 -0.00007400000000000   0.50000888619143176
 -0.00007375000000000   0.50000885868413856
 -0.00007350000000000   0.50000880762987332
 -0.00007325000000000   0.50000878036967345
 -0.00007300000000000   0.50000875319552259
 -0.00007275000000000   0.50000870266196407
 -0.00007250000000000   0.50000867572765110
 -0.00007225000000000   0.50000864887541248
 -0.00007200000000000   0.50000859885377949
 -0.00007175000000000   0.50000857223415916
 -0.00007150000000000   0.50000854569266661
 -0.00007125000000000   0.50000849617417913
 -0.00007100000000000   0.50000846985812254
 -0.00007075000000000   0.50000844361627573
 -0.00007050000000000   0.50000839459215828
 -0.00007025000000000   0.50000836856860373
 -0.00007000000000000   0.50000834261536990
 -0.00006975000000000   0.50000829407685479
 -0.00006950000000000   0.50000826833480939
 -0.00006925000000000   0.50000824265922493
 -0.00006900000000000   0.50000819459755525
 -0.00006875000000000   0.50000816912609636
 -0.00006850000000000   0.50000814371726829
 -0.00006825000000000   0.50000809612370069
 -0.00006800000000000   0.50000807091197732
 -0.00006775000000000   0.50000804575908451
 -0.00006750000000000   0.50000799862489188
 -0.00006725000000000   0.50000797366212585
 -0.00006700000000000   0.50000792684802791
 -0.00006675000000000   0.50000790207089415
 -0.00006650000000000   0.50000787734638118
 -0.00006625000000000   0.50000783097743075
 -0.00006600000000000   0.50000780643164179
 -0.00006575000000000   0.50000778193475247
 -0.00006550000000000   0.50000773600227059
 -0.00006525000000000   0.50000771167724210
 -0.00006500000000000   0.50000766605034948
 -0.00006475000000000   0.50000764189275507
 -0.00006450000000000   0.50000759656797456
 -0.00006425000000000   0.50000757257340320
 -0.00006400000000000   0.50000754861927114
 -0.00006375000000000   0.50000750371131365
 -0.00006350000000000   0.50000747991344215
 -0.00006325000000000   0.50000743529862968
 -0.00006300000000000   0.50000741165265167
 -0.00006275000000000   0.50000738804114291
 -0.00006250000000000   0.50000734382907633
 -0.00006225000000000   0.50000732036277399
 -0.00006200000000000   0.50000727643491050
 -0.00006175000000000   0.50000725310949268
 -0.00006150000000000   0.50000720946236699
 -0.00006125000000000   0.50000718627352877
 -0.00006100000000000   0.50000714290367759
 -0.00006075000000000   0.50000711984713131
 -0.00006050000000000   0.50000709681456645
 -0.00006025000000000   0.50000705382256910
 -0.00006000000000000   0.50000703091574426
 -0.00005975000000000   0.50000698819213132
 -0.00005950000000000   0.50000696540680572
 -0.00005925000000000   0.50000692294812804
 -0.00005900000000000   0.50000690028007859
 -0.00005875000000000   0.50000685808289068
 -0.00005850000000000   0.50000683552791216
 -0.00005825000000000   0.50000679358877252
 -0.00005800000000000   0.50000677114267769
 -0.00005775000000000   0.50000672945814915
 -0.00005750000000000   0.50000670711676887
 -0.00005725000000000   0.50000666568341887
 -0.00005700000000000   0.50000664344260219
 -0.00005675000000000   0.50000660225700312
 -0.00005650000000000   0.50000658011261738
 -0.00005625000000000   0.50000653917134683
 -0.00005600000000000   0.50000651711927778
 -0.00005575000000000   0.50000647641891880
 -0.00005550000000000   0.50000645445507066
 -0.00005525000000000   0.50000641399221205
 -0.00005500000000000   0.50000639211250756
 -0.00005475000000000   0.50000635188374411
 -0.00005450000000000   0.50000633008412463
 -0.00005425000000000   0.50000629008605732
 -0.00005400000000000   0.50000626836248287
 -0.00005375000000000   0.50000622859171915
 -0.00005350000000000   0.50000620694016849
 -0.00005325000000000   0.50000616739332243
 -0.00005300000000000   0.50000614580979306
 -0.00005275000000000   0.50000610648348562
 -0.00005250000000000   0.50000606730110267
 -0.00005225000000000   0.50000604585485303
 -0.00005200000000000   0.50000600688814088
 -0.00005175000000000   0.50000598550009503
 -0.00005150000000000   0.50000594674568939
 -0.00005125000000000   0.50000592541190827
 -0.00005100000000000   0.50000588686645241
 -0.00005075000000000   0.50000586558301589
 -0.00005050000000000   0.50000582724316076
 -0.00005025000000000   0.50000578904062141
 -0.00005000000000000   0.50000576786857203
 -0.00004975000000000   0.50000572986679782
 -0.00004950000000000   0.50000570873547081
 -0.00004925000000000   0.50000567093112956
 -0.00004900000000000   0.50000564983666874
 -0.00004875000000000   0.50000561222643653
 -0.00004850000000000   0.50000557474840613
 -0.00004825000000000   0.50000555374556599
 -0.00004800000000000   0.50000551645683711
 -0.00004775000000000   0.50000549548139265
 -0.00004750000000000   0.50000545837865962
 -0.00004725000000000   0.50000542140450851
 -0.00004700000000000   0.50000540050678464
 -0.00004675000000000   0.50000536371384253
 -0.00004650000000000   0.50000534283415093
 -0.00004625000000000   0.50000530621913126
 -0.00004600000000000   0.50000526972907515
 -0.00004575000000000   0.50000524891335027
 -0.00004550000000000   0.50000521259645186
 -0.00004525000000000   0.50000517640238766
 -0.00004500000000000   0.50000515564249574
 -0.00004475000000000   0.50000511961683672
 -0.00004450000000000   0.50000509886024765
 -0.00004425000000000   0.50000506299973829
 -0.00004400000000000   0.50000502725844901
 -0.00004375000000000   0.50000500654417077
 -0.00004350000000000   0.50000497096330276
 -0.00004325000000000   0.50000493549952666
 -0.00004300000000000   0.50000491481955950
 -0.00004275000000000   0.50000487951148965
 -0.00004250000000000   0.50000485882036380
 -0.00004225000000000   0.50000482366477736
 -0.00004200000000000   0.50000478862267670
 -0.00004175000000000   0.50000476795257240
 -0.00004150000000000   0.50000473305826589
 -0.00004125000000000   0.50000469827532037
 -0.00004100000000000   0.50000467761837237
 -0.00004075000000000   0.50000464297854607
 -0.00004050000000000   0.50000460844795718
 -0.00004025000000000   0.50000458779634953
 -0.00004000000000000   0.50000455340421959
 -0.00003975000000000   0.50000451911920494
 -0.00003950000000000   0.50000449846517100
 -0.00003925000000000   0.50000446431396998
 -0.00003900000000000   0.50000443026776386
 -0.00003875000000000   0.50000440960358632
 -0.00003850000000000   0.50000437568656373
 -0.00003825000000000   0.50000434187241761
 -0.00003800000000000   0.50000432119042842
 -0.00003775000000000   0.50000428750085120
 -0.00003750000000000   0.50000425391203421
 -0.00003725000000000   0.50000422042332383
 -0.00003700000000000   0.50000419973576756
 -0.00003675000000000   0.50000416636556687
 -0.00003650000000000   0.50000413309335841
 -0.00003625000000000   0.50000411237033350
 -0.00003600000000000   0.50000407921205477
 -0.00003575000000000   0.50000404614965654
 -0.00003550000000000   0.50000402538365600
 -0.00003525000000000   0.50000399243062374
 -0.00003500000000000   0.50000395957136305
 -0.00003475000000000   0.50000392680521851
 -0.00003450000000000   0.50000390600048683
 -0.00003425000000000   0.50000387333771032
 -0.00003400000000000   0.50000384076594379
 -0.00003375000000000   0.50000380828453107
 -0.00003350000000000   0.50000378742801885
 -0.00003325000000000   0.50000375504399979
 -0.00003300000000000   0.50000372274823143
 -0.00003275000000000   0.50000370182169765
 -0.00003250000000000   0.50000366961881556
 -0.00003225000000000   0.50000363750208444
 -0.00003200000000000   0.50000360547084747
 -0.00003175000000000   0.50000358446990933
 -0.00003150000000000   0.50000355252562873
 -0.00003125000000000   0.50000352066474607
 -0.00003100000000000   0.50000348888660410
 -0.00003075000000000   0.50000346779849264
 -0.00003050000000000   0.50000343610140182
 -0.00003025000000000   0.50000340448495927
 -0.00003000000000000   0.50000337294850743
 -0.00002975000000000   0.50000335176055395
 -0.00002950000000000   0.50000332029927305
 -0.00002925000000000   0.50000328891589441
 -0.00002900000000000   0.50000325760976030
 -0.00002875000000000   0.50000323630939619
 -0.00002850000000000   0.50000320507257805
 -0.00002825000000000   0.50000317391092018
 -0.00002800000000000   0.50000314282376473
 -0.00002775000000000   0.50000311181045353
 -0.00002750000000000   0.50000309037485227
 -0.00002725000000000   0.50000305942360587
 -0.00002700000000000   0.50000302854412412
 -0.00002675000000000   0.50000299773574886
 -0.00002650000000000   0.50000297615983297
 -0.00002625000000000   0.50000294540772330
 -0.00002600000000000   0.50000291472464509
 -0.00002575000000000   0.50000288410994027
 -0.00002550000000000   0.50000285356295051
 -0.00002525000000000   0.50000283181724858
 -0.00002500000000000   0.50000280131933917
 -0.00002475000000000   0.50000277088707490
 -0.00002450000000000   0.50000274051979763
 -0.00002425000000000   0.50000271021684897
 -0.00002400000000000   0.50000268828242414
 -0.00002375000000000   0.50000265802140668
 -0.00002350000000000   0.50000262782265325
 -0.00002325000000000   0.50000259768550573
 -0.00002300000000000   0.50000256760930581
 -0.00002275000000000   0.50000253759339494
 -0.00002250000000000   0.50000251542601605
 -0.00002225000000000   0.50000248544352312
 -0.00002200000000000   0.50000245551926073
 -0.00002175000000000   0.50000242565257070
 -0.00002150000000000   0.50000239584279467
 -0.00002125000000000   0.50000236608927413
 -0.00002100000000000   0.50000234366221783
 -0.00002075000000000   0.50000231393365042
 -0.00002050000000000   0.50000228425928628
 -0.00002025000000000   0.50000225463846732
 -0.00002000000000000   0.50000222507053528
 -0.00001975000000000   0.50000219555483175
 -0.00001950000000000   0.50000217284165864
 -0.00001925000000000   0.50000214334249235
 -0.00001900000000000   0.50000211389350890
 -0.00001875000000000   0.50000208449405038
 -0.00001850000000000   0.50000205514345874
 -0.00001825000000000   0.50000202584107582
 -0.00001800000000000   0.50000199658624333
 -0.00001775000000000   0.50000197352141706
 -0.00001750000000000   0.50000194427337447
 -0.00001725000000000   0.50000191507084401
 -0.00001700000000000   0.50000188591316794
 -0.00001675000000000   0.50000185679968841
 -0.00001650000000000   0.50000182772974749
 -0.00001625000000000   0.50000179870268712
 -0.00001600000000000   0.50000177525100632
 -0.00001575000000000   0.50000174622105186
 -0.00001550000000000   0.50000171723194725
 -0.00001525000000000   0.50000168828303503
 -0.00001500000000000   0.50000165937365770
 -0.00001475000000000   0.50000163050315763
 -0.00001450000000000   0.50000160167087715
 -0.00001425000000000   0.50000157287615849
 -0.00001400000000000   0.50000154411834378
 -0.00001375000000000   0.50000152014417257
 -0.00001350000000000   0.50000149137111393
 -0.00001325000000000   0.50000146263293776
 -0.00001300000000000   0.50000143392898689
 -0.00001275000000000   0.50000140525860408
 -0.00001250000000000   0.50000137662113202
 -0.00001225000000000   0.50000134801591332
 -0.00001200000000000   0.50000131944229057
 -0.00001175000000000   0.50000129089960626
 -0.00001150000000000   0.50000126238720285
 -0.00001125000000000   0.50000123777600670
 -0.00001100000000000   0.50000120923475217
 -0.00001075000000000   0.50000118072176731
 -0.00001050000000000   0.50000115223639529
 -0.00001025000000000   0.50000112377797923
 -0.00001000000000000   0.50000109534586222
 -0.00000975000000000   0.50000106693938730
 -0.00000950000000000   0.50000103855789744
 -0.00000925000000000   0.50000101020073560
 -0.00000900000000000   0.50000098186724468
 -0.00000875000000000   0.50000095355676757
 -0.00000850000000000   0.50000092526864708
 -0.00000825000000000   0.50000089700222603
 -0.00000800000000000   0.50000086875684716
 -0.00000775000000000   0.50000084317408071
 -0.00000750000000000   0.50000081488099115
 -0.00000725000000000   0.50000078660694626
 -0.00000700000000000   0.50000075835128960
 -0.00000675000000000   0.50000073011336467
 -0.00000650000000000   0.50000070189251496
 -0.00000625000000000   0.50000067368808394
 -0.00000600000000000   0.50000064549941504
 -0.00000575000000000   0.50000061732585167
 -0.00000550000000000   0.50000058916673722
 -0.00000525000000000   0.50000056102141507
 -0.00000500000000000   0.50000053288922855
 -0.00000475000000000   0.50000050476952101
 -0.00000450000000000   0.50000047666163575
 -0.00000425000000000   0.50000044856491606
 -0.00000400000000000   0.50000042047870524
 -0.00000375000000000   0.50000039240234654
 -0.00000350000000000   0.50000036433518322
 -0.00000325000000000   0.50000033627655851
 -0.00000300000000000   0.50000030822581565
 -0.00000275000000000   0.50000028018229784
 -0.00000250000000000   0.50000025214534831
 -0.00000225000000000   0.50000022411431024
 -0.00000200000000000   0.50000019608852682
 -0.00000175000000000   0.50000016806734124
 -0.00000150000000000   0.50000014005009668
 -0.00000125000000000   0.50000011203613631
 -0.00000100000000000   0.50000008402480329
 -0.00000075000000000   0.50000005601544079
 -0.00000050000000000   0.50000002800739197
 -0.00000025000000000   0.50000000000000000
  0.00000000000000000   0.49999997199260802
  0.00000025000000000   0.49999994398455920
  0.00000050000000000   0.49999991597519670
  0.00000075000000000   0.49999988796386369
  0.00000100000000000   0.49999985994990331
  0.00000125000000000   0.49999983193265875
  0.00000150000000000   0.49999980391147317
  0.00000175000000000   0.49999977588568976
  0.00000200000000000   0.49999974785465169
  0.00000225000000000   0.49999971981770215
  0.00000250000000000   0.49999969177418435
  0.00000275000000000   0.49999966372344148
  0.00000300000000000   0.49999963566481678
  0.00000325000000000   0.49999960759765345
  0.00000350000000000   0.49999957952129475
  0.00000375000000000   0.49999955143508393
  0.00000400000000000   0.49999952333836425
  0.00000425000000000   0.49999949523047899
  0.00000450000000000   0.49999946711077144
  0.00000475000000000   0.49999943897858493
  0.00000500000000000   0.49999941083326277
  0.00000525000000000   0.49999938267414833
  0.00000550000000000   0.49999935450058495
  0.00000575000000000   0.49999932631191605
  0.00000600000000000   0.49999929810748503
  0.00000625000000000   0.49999926988663533
  0.00000650000000000   0.49999924164871040
  0.00000675000000000   0.49999921339305374
  0.00000700000000000   0.49999918511900885
  0.00000725000000000   0.49999915682591928
  0.00000750000000000   0.49999913124315283
  0.00000775000000000   0.49999910299777397
  0.00000800000000000   0.49999907473135291
  0.00000825000000000   0.49999904644323243
  0.00000850000000000   0.49999901813275531
  0.00000875000000000   0.49999898979926440
  0.00000900000000000   0.49999896144210256
  0.00000925000000000   0.49999893306061270
  0.00000950000000000   0.49999890465413777
  0.00000975000000000   0.49999887622202076
  0.00001000000000000   0.49999884776360471
  0.00001025000000000   0.49999881927823268
  0.00001050000000000   0.49999879076524782
  0.00001075000000000   0.49999876222399329
  0.00001100000000000   0.49999873761279714
  0.00001125000000000   0.49999870910039373
  0.00001150000000000   0.49999868055770942
  0.00001175000000000   0.49999865198408667
  0.00001200000000000   0.49999862337886798
  0.00001225000000000   0.49999859474139591
  0.00001250000000000   0.49999856607101310
  0.00001275000000000   0.49999853736706223
  0.00001300000000000   0.49999850862888607
  0.00001325000000000   0.49999847985582743
  0.00001350000000000   0.49999845588165621
  0.00001375000000000   0.49999842712384151
  0.00001400000000000   0.49999839832912284
  0.00001425000000000   0.49999836949684236
  0.00001450000000000   0.49999834062634230
  0.00001475000000000   0.49999831171696497
  0.00001500000000000   0.49999828276805275
  0.00001525000000000   0.49999825377894813
  0.00001550000000000   0.49999822474899367
  0.00001575000000000   0.49999820129731287
  0.00001600000000000   0.49999817227025251
  0.00001625000000000   0.49999814320031158
  0.00001650000000000   0.49999811408683206
  0.00001675000000000   0.49999808492915599
  0.00001700000000000   0.49999805572662552
  0.00001725000000000   0.49999802647858293
  0.00001750000000000   0.49999800341375667
  0.00001775000000000   0.49999797415892417
  0.00001800000000000   0.49999794485654125
  0.00001825000000000   0.49999791550594962
  0.00001850000000000   0.49999788610649109
  0.00001875000000000   0.49999785665750764
  0.00001900000000000   0.49999782715834135
  0.00001925000000000   0.49999780444516824
  0.00001950000000000   0.49999777492946472
  0.00001975000000000   0.49999774536153267
  0.00002000000000000   0.49999771574071371
  0.00002025000000000   0.49999768606634958
  0.00002050000000000   0.49999765633778217
  0.00002075000000000   0.49999763391072587
  0.00002100000000000   0.49999760415720532
  0.00002125000000000   0.49999757434742930
  0.00002150000000000   0.49999754448073927
  0.00002175000000000   0.49999751455647688
  0.00002200000000000   0.49999748457398394
  0.00002225000000000   0.49999746240660506
  0.00002250000000000   0.49999743239069419
  0.00002275000000000   0.49999740231449426
  0.00002300000000000   0.49999737217734675
  0.00002325000000000   0.49999734197859332
  0.00002350000000000   0.49999731171757585
  0.00002375000000000   0.49999728978315103
  0.00002400000000000   0.49999725948020237
  0.00002425000000000   0.49999722911292510
  0.00002450000000000   0.49999719868066083
  0.00002475000000000   0.49999716818275142
  0.00002500000000000   0.49999714643704948
  0.00002525000000000   0.49999711589005972
  0.00002550000000000   0.49999708527535490
  0.00002575000000000   0.49999705459227669
  0.00002600000000000   0.49999702384016703
  0.00002625000000000   0.49999700226425114
  0.00002650000000000   0.49999697145587588
  0.00002675000000000   0.49999694057639412
  0.00002700000000000   0.49999690962514772
  0.00002725000000000   0.49999688818954647
  0.00002750000000000   0.49999685717623526
  0.00002775000000000   0.49999682608907981
  0.00002800000000000   0.49999679492742194
  0.00002825000000000   0.49999676369060381
  0.00002850000000000   0.49999674239023970
  0.00002875000000000   0.49999671108410558
  0.00002900000000000   0.49999667970072694
  0.00002925000000000   0.49999664823944604
  0.00002950000000000   0.49999662705149257
  0.00002975000000000   0.49999659551504073
  0.00003000000000000   0.49999656389859817
  0.00003025000000000   0.49999653220150736
  0.00003050000000000   0.49999651111339590
  0.00003075000000000   0.49999647933525393
  0.00003100000000000   0.49999644747437127
  0.00003125000000000   0.49999641553009066
  0.00003150000000000   0.49999639452915253
  0.00003175000000000   0.49999636249791555
  0.00003200000000000   0.49999633038118444
  0.00003225000000000   0.49999629817830235
  0.00003250000000000   0.49999627725176856
  0.00003275000000000   0.49999624495600020
  0.00003300000000000   0.49999621257198114
  0.00003325000000000   0.49999619171546892
  0.00003350000000000   0.49999615923405620
  0.00003375000000000   0.49999612666228967
  0.00003400000000000   0.49999609399951316
  0.00003425000000000   0.49999607319478149
  0.00003450000000000   0.49999604042863695
  0.00003475000000000   0.49999600756937625
  0.00003500000000000   0.49999597461634399
  0.00003525000000000   0.49999595385034345
  0.00003550000000000   0.49999592078794522
  0.00003575000000000   0.49999588762966649
  0.00003600000000000   0.49999586690664159
  0.00003625000000000   0.49999583363443313
  0.00003650000000000   0.49999580026423243
  0.00003675000000000   0.49999577957667617
  0.00003700000000000   0.49999574608796579
  0.00003725000000000   0.49999571249914879
  0.00003750000000000   0.49999567880957158
  0.00003775000000000   0.49999565812758238
  0.00003800000000000   0.49999562431343627
  0.00003825000000000   0.49999559039641368
  0.00003850000000000   0.49999556973223613
  0.00003875000000000   0.49999553568603002
  0.00003900000000000   0.49999550153482899
  0.00003925000000000   0.49999548088079506
  0.00003950000000000   0.49999544659578041
  0.00003975000000000   0.49999541220365046
  0.00004000000000000   0.49999539155204281
  0.00004025000000000   0.49999535702145392
  0.00004050000000000   0.49999532238162762
  0.00004075000000000   0.49999530172467962
  0.00004100000000000   0.49999526694173410
  0.00004125000000000   0.49999523204742760
  0.00004150000000000   0.49999521137732330
  0.00004175000000000   0.49999517633522264
  0.00004200000000000   0.49999514117963619
  0.00004225000000000   0.49999512048851035
  0.00004250000000000   0.49999508518044049
  0.00004275000000000   0.49999506450047334
  0.00004300000000000   0.49999502903669724
  0.00004325000000000   0.49999499345582923
  0.00004350000000000   0.49999497274155098
  0.00004375000000000   0.49999493700026171
  0.00004400000000000   0.49999490113975235
  0.00004425000000000   0.49999488038316328
  0.00004450000000000   0.49999484435750425
  0.00004475000000000   0.49999482359761233
  0.00004500000000000   0.49999478740354813
  0.00004525000000000   0.49999475108664973
  0.00004550000000000   0.49999473027092484
  0.00004575000000000   0.49999469378086873
  0.00004600000000000   0.49999465716584907
  0.00004625000000000   0.49999463628615746
  0.00004650000000000   0.49999459949321535
  0.00004675000000000   0.49999457859549148
  0.00004700000000000   0.49999454162134037
  0.00004725000000000   0.49999450451860734
  0.00004750000000000   0.49999448354316288
  0.00004775000000000   0.49999444625443401
  0.00004800000000000   0.49999442525159386
  0.00004825000000000   0.49999438777356346
  0.00004850000000000   0.49999435016333125
  0.00004875000000000   0.49999432906887043
  0.00004900000000000   0.49999429126452919
  0.00004925000000000   0.49999427013320218
  0.00004950000000000   0.49999423213142796
  0.00004975000000000   0.49999421095937858
  0.00005000000000000   0.49999417275683924
  0.00005025000000000   0.49999413441698410
  0.00005050000000000   0.49999411313354758
  0.00005075000000000   0.49999407458809172
  0.00005100000000000   0.49999405325431060
  0.00005125000000000   0.49999401449990497
  0.00005150000000000   0.49999399311185912
  0.00005175000000000   0.49999395414514697
  0.00005200000000000   0.49999393269889732
  0.00005225000000000   0.49999389351651437
  0.00005250000000000   0.49999385419020693
  0.00005275000000000   0.49999383260667756
  0.00005300000000000   0.49999379305983151
  0.00005325000000000   0.49999377140828084
  0.00005350000000000   0.49999373163751712
  0.00005375000000000   0.49999370991394268
  0.00005400000000000   0.49999366991587537
  0.00005425000000000   0.49999364811625589
  0.00005450000000000   0.49999360788749243
  0.00005475000000000   0.49999358600778794
  0.00005500000000000   0.49999354554492933
  0.00005525000000000   0.49999352358108119
  0.00005550000000000   0.49999348288072221
  0.00005575000000000   0.49999346082865316
  0.00005600000000000   0.49999341988738261
  0.00005625000000000   0.49999339774299687
  0.00005650000000000   0.49999335655739781
  0.00005675000000000   0.49999333431658112
  0.00005700000000000   0.49999329288323113
  0.00005725000000000   0.49999327054185084
  0.00005750000000000   0.49999322885732230
  0.00005775000000000   0.49999320641122747
  0.00005800000000000   0.49999316447208784
  0.00005825000000000   0.49999314191710931
  0.00005850000000000   0.49999309971992141
  0.00005875000000000   0.49999307705187195
  0.00005900000000000   0.49999303459319428
  0.00005925000000000   0.49999301180786867
  0.00005950000000000   0.49999296908425573
  0.00005975000000000   0.49999294617743090
  0.00006000000000000   0.49999290318543355
  0.00006025000000000   0.49999288015286869
  0.00006050000000000   0.49999285709632240
  0.00006075000000000   0.49999281372647122
  0.00006100000000000   0.49999279053763301
  0.00006125000000000   0.49999274689050732
  0.00006150000000000   0.49999272356508949
  0.00006175000000000   0.49999267963722601
  0.00006200000000000   0.49999265617092366
  0.00006225000000000   0.49999261195885708
  0.00006250000000000   0.49999258834734832
  0.00006275000000000   0.49999256470137031
  0.00006300000000000   0.49999252008655784
  0.00006325000000000   0.49999249628868634
  0.00006350000000000   0.49999245138072885
  0.00006375000000000   0.49999242742659679
  0.00006400000000000   0.49999240343202543
  0.00006425000000000   0.49999235810724492
  0.00006450000000000   0.49999233394965051
  0.00006475000000000   0.49999228832275789
  0.00006500000000000   0.49999226399772940
  0.00006525000000000   0.49999221806524752
  0.00006550000000000   0.49999219356835820
  0.00006575000000000   0.49999216902256924
  0.00006600000000000   0.49999212265361881
  0.00006625000000000   0.49999209792910584
  0.00006650000000000   0.49999207315197208
  0.00006675000000000   0.49999202633787414
  0.00006700000000000   0.49999200137510811
  0.00006725000000000   0.49999195424091548
  0.00006750000000000   0.49999192908802267
  0.00006775000000000   0.49999190387629931
  0.00006800000000000   0.49999185628273171
  0.00006825000000000   0.49999183087390363
  0.00006850000000000   0.49999180540244475
  0.00006875000000000   0.49999175734077506
  0.00006900000000000   0.49999173166519061
  0.00006925000000000   0.49999170592314520
  0.00006950000000000   0.49999165738463009
  0.00006975000000000   0.49999163143139626
  0.00007000000000000   0.49999160540784171
  0.00007025000000000   0.49999155638372427
  0.00007050000000000   0.49999153014187745
  0.00007075000000000   0.49999150382582086
  0.00007100000000000   0.49999145430733338
  0.00007125000000000   0.49999142776584084
  0.00007150000000000   0.49999140114622050
  0.00007175000000000   0.49999135112458751
  0.00007200000000000   0.49999132427234890
  0.00007225000000000   0.49999129733803592
  0.00007250000000000   0.49999124680447740
  0.00007275000000000   0.49999121963032655
  0.00007300000000000   0.49999119237012667
  0.00007325000000000   0.49999114131586143
  0.00007350000000000   0.49999111380856823
  0.00007375000000000   0.49999108621122377
  0.00007400000000000   0.49999105852241196
  0.00007425000000000   0.49999100677574564
  0.00007450000000000   0.49999097882993762
  0.00007475000000000   0.49999095078862190
  0.00007500000000000   0.49999092265036699
  0.00007525000000000   0.49999087019476646
  0.00007550000000000   0.49999084178954269
  0.00007575000000000   0.49999081328330227
  0.00007600000000000   0.49999078467459857
  0.00007625000000000   0.49999073149351391
  0.00007650000000000   0.49999070260780278
  0.00007675000000000   0.49999067361551493
  0.00007700000000000   0.49999064451518886
  0.00007725000000000   0.49999059059206575
  0.00007750000000000   0.49999056120463215
  0.00007775000000000   0.49999053170501220
  0.00007800000000000   0.49999050209172988
  0.00007825000000000   0.49999044741002308
  0.00007850000000000   0.49999041749947646
  0.00007875000000000   0.49999038747108611
  0.00007900000000000   0.49999035732336191
  0.00007925000000000   0.49999032705480965
  0.00007950000000000   0.49999027141135341
  0.00007975000000000   0.49999024083261003
  0.00008000000000000   0.49999021012881609
  0.00008025000000000   0.49999017929846382
  0.00008050000000000   0.49999014834004153
  0.00008075000000000   0.49999009170808471
  0.00008100000000000   0.49999006042646163
  0.00008125000000000   0.49999002901250767
  0.00008150000000000   0.49998999746469824
  0.00008175000000000   0.49998996578150499
  0.00008200000000000   0.49998993396139578
  0.00008225000000000   0.49998987611488379
  0.00008250000000000   0.49998984395572975
  0.00008275000000000   0.49998981165535544
  0.00008300000000000   0.49998977921221678
  0.00008325000000000   0.49998974662476611
  0.00008350000000000   0.49998971389145224
  0.00008375000000000   0.49998968101072044
  0.00008400000000000   0.49998962170279682
  0.00008425000000000   0.49998958846429619
  0.00008450000000000   0.49998955507402790
  0.00008475000000000   0.49998952153042657
  0.00008500000000000   0.49998948783192359
  0.00008525000000000   0.49998945397694711
  0.00008550000000000   0.49998941996392208
  0.00008575000000000   0.49998938579127035
  0.00008600000000000   0.49998935145741065
  0.00008625000000000   0.49998931696075870
  0.00008650000000000   0.49998925548265510
  0.00008675000000000   0.49998922060097891
  0.00008700000000000   0.49998918555210663
  0.00008725000000000   0.49998915033444567
  0.00008750000000000   0.49998911494640068
  0.00008775000000000   0.49998907938637368
  0.00008800000000000   0.49998904365276408
  0.00008825000000000   0.49998900774396874
  0.00008850000000000   0.49998897165838208
  0.00008875000000000   0.49998893539439608
  0.00008900000000000   0.49998889895040043
  0.00008925000000000   0.49998886232478254
  0.00008950000000000   0.49998882551592764
  0.00008975000000000   0.49998878852221886
  0.00009000000000000   0.49998875134203729
  0.00009025000000000   0.49998871397376210
  0.00009050000000000   0.49998867641577057
  0.00009075000000000   0.49998863866643820
  0.00009100000000000   0.49998860072413883
  0.00009125000000000   0.49998856258724466
  0.00009150000000000   0.49998852425412642
  0.00009175000000000   0.49998848572315341
  0.00009200000000000   0.49998844699269360
  0.00009225000000000   0.49998840806111378
  0.00009250000000000   0.49998836892677959
  0.00009275000000000   0.49998832958805570
  0.00009300000000000   0.49998829004330585
  0.00009325000000000   0.49998825029089300
  0.00009350000000000   0.49998821032917946
  0.00009375000000000   0.49998817015652695
  0.00009400000000000   0.49998812977129678
  0.00009425000000000   0.49998808917184991
  0.00009450000000000   0.49998804835654715
  0.00009475000000000   0.49998800732374923
  0.00009500000000000   0.49998799452092039
  0.00009525000000000   0.49998795308837599
  0.00009550000000000   0.49998791143292155
  0.00009575000000000   0.49998786955291439
  0.00009600000000000   0.49998782744671239
  0.00009625000000000   0.49998778511267418
  0.00009650000000000   0.49998774254915929
  0.00009675000000000   0.49998769975452829
  0.00009700000000000   0.49998765672714296
  0.00009725000000000   0.49998764229039451
  0.00009750000000000   0.49998759882822214
  0.00009775000000000   0.49998755512784975
  0.00009800000000000   0.49998751118764071
  0.00009825000000000   0.49998746700596037
  0.00009850000000000   0.49998742258117633
  0.00009875000000000   0.49998737791165855
  0.00009900000000000   0.49998736209223066
  0.00009925000000000   0.49998731696023477
  0.00009950000000000   0.49998727157805639
  0.00009975000000000   0.49998722594407177
  0.00010000000000000   0.49998718005666051
  0.00010025000000000   0.49998716319823017
  0.00010050000000000   0.49998711682818622
  0.00010075000000000   0.49998707019927543
  0.00010100000000000   0.49998702330988752
  0.00010125000000000   0.49998700558950777
  0.00010150000000000   0.49998695820111043
  0.00010175000000000   0.49998691054680948
  0.00010200000000000   0.49998686262500812
  0.00010225000000000   0.49998681443411489
  0.00010250000000000   0.49998679556609995
  0.00010275000000000   0.49998674685598758
  0.00010300000000000   0.49998669787139216
  0.00010325000000000   0.49998667830873359
  0.00010350000000000   0.49998662879233551
  0.00010375000000000   0.49998657899608572
  0.00010400000000000   0.49998652891842584
  0.00010425000000000   0.49998650837493924
  0.00010450000000000   0.49998645774911210
  0.00010475000000000   0.49998640683655243
  0.00010500000000000   0.49998638554464172
  0.00010525000000000   0.49998633407136227
  0.00010550000000000   0.49998628230606641
  0.00010575000000000   0.49998626024229463
  0.00010600000000000   0.49998620790375630
  0.00010625000000000   0.49998615526796388
  0.00010650000000000   0.49998613240881609
  0.00010675000000000   0.49998607918730266
  0.00010700000000000   0.49998605580123070
  0.00010725000000000   0.49998600198525324
  0.00010750000000000   0.49998594786316253
  0.00010775000000000   0.49998592364178800
  0.00010800000000000   0.49998586891285003
  0.00010825000000000   0.49998584413686512
  0.00010850000000000   0.49998578879239388
  0.00010875000000000   0.49998576345043712
  0.00010900000000000   0.49998570748177285
  0.00010925000000000   0.49998565119472599
  0.00010950000000000   0.49998562496097436
  0.00010975000000000   0.49998556803755747
  0.00011000000000000   0.49998554121000425
  0.00011025000000000   0.49998548364166128
  0.00011050000000000   0.49998545620889730
  0.00011075000000000   0.49998539798711849
  0.00011100000000000   0.49998536993772816
  0.00011125000000000   0.49998531105405642
  0.00011150000000000   0.49998528237662305
  0.00011175000000000   0.49998522282266065
  0.00011200000000000   0.49998519350577210
  0.00011225000000000   0.49998513327318773
  0.00011250000000000   0.49998510330544234
  0.00011275000000000   0.49998507302491860
  0.00011300000000000   0.49998501175599148
  0.00011325000000000   0.49998498080678600
  0.00011350000000000   0.49998491883788239
  0.00011375000000000   0.49998488720863307
  0.00011400000000000   0.49998485525012619
  0.00011425000000000   0.49998479221107723
  0.00011450000000000   0.49998475955475491
  0.00011475000000000   0.49998469579488031
  0.00011500000000000   0.49998466242946401
  0.00011525000000000   0.49998462871829951
  0.00011550000000000   0.49998456385523106
  0.00011575000000000   0.49998452941732309
  0.00011600000000000   0.49998449462362652
  0.00011625000000000   0.49998442863742725
  0.00011650000000000   0.49998439309943826
  0.00011675000000000   0.49998435719564027
  0.00011700000000000   0.49998432092241604
  0.00011725000000000   0.49998425340123176
  0.00011750000000000   0.49998421635992864
  0.00011775000000000   0.49998417893921979
  0.00011800000000000   0.49998414113549466
  0.00011825000000000   0.49998407204291417
  0.00011850000000000   0.49998403344758781
  0.00011875000000000   0.49998399445933507
  0.00011900000000000   0.49998395507456161
  0.00011925000000000   0.49998391528967646
  0.00011950000000000   0.49998384417568123
  0.00011975000000000   0.49998380356980523
  0.00012000000000000   0.49998376255403259
  0.00012025000000000   0.49998372112480211
  0.00012050000000000   0.49998367927855951
  0.00012075000000000   0.49998363701175813
  0.00012100000000000   0.49998359432085977
  0.00012125000000000   0.49998355120233540
  0.00012150000000000   0.49998347671657995
  0.00012175000000000   0.49998343273028691
  0.00012200000000000   0.49998338830688713
  0.00012225000000000   0.49998334344290762
  0.00012250000000000   0.49998329813488910
  0.00012275000000000   0.49998325237938696
  0.00012300000000000   0.49998320617297228
  0.00012325000000000   0.49998315951223281
  0.00012350000000000   0.49998311239377406
  0.00012375000000000   0.49998306481422035
  0.00012400000000000   0.49998301677021594
  0.00012425000000000   0.49998296825842619
  0.00012450000000000   0.49998291927553871
  0.00012475000000000   0.49998286981826461
  0.00012500000000000   0.49998285074813953
  0.00012525000000000   0.49998280031868614
  0.00012550000000000   0.49998274940393012
  0.00012575000000000   0.49998269800067706
  0.00012600000000000   0.49998264610576254
  0.00012625000000000   0.49998259371605360
  0.00012650000000000   0.49998254082845023
  0.00012675000000000   0.49998251822707707
  0.00012700000000000   0.49998246431227911
  0.00012725000000000   0.49998240988920761
  0.00012750000000000   0.49998235495489682
  0.00012775000000000   0.49998229950642196
  0.00012800000000000   0.49998227424770026
  0.00012825000000000   0.49998221773353509
  0.00012850000000000   0.49998216069533485
  0.00012875000000000   0.49998213379082518
  0.00012900000000000   0.49998207566353278
  0.00012925000000000   0.49998201700268480
  0.00012950000000000   0.49998198840774988
  0.00012975000000000   0.49998192863503222
  0.00013000000000000   0.49998186831964027
  0.00013025000000000   0.49998183799033516
  0.00013050000000000   0.49998177654102346
  0.00013075000000000   0.49998171454037662
  0.00013100000000000   0.49998168243359983
  0.00013125000000000   0.49998161927782380
  0.00013150000000000   0.49998158596175138
  0.00013175000000000   0.49998152163623110
  0.00013200000000000   0.49998148709052895
  0.00013225000000000   0.49998142158107484
  0.00013250000000000   0.49998138578572720
  0.00013275000000000   0.49998134935312638
  0.00013300000000000   0.49998128201396462
  0.00013325000000000   0.49998124430082228
  0.00013350000000000   0.49998117574276883
  0.00013375000000000   0.49998113673000861
  0.00013400000000000   0.49998109705144532
  0.00013425000000000   0.49998102660968003
  0.00013450000000000   0.49998098560213306
  0.00013475000000000   0.49998094391190661
  0.00013500000000000   0.49998087155559549
  0.00013525000000000   0.49998082850813211
  0.00013550000000000   0.49998078476163199
  0.00013575000000000   0.49998074031019539
  0.00013600000000000   0.49998069514798147
  0.00013625000000000   0.49998061948597340
  0.00013650000000000   0.49998057292001959
  0.00013675000000000   0.49998052562796813
  0.00013700000000000   0.49998047760427062
  0.00013725000000000   0.49998042884345703
  0.00013750000000000   0.49998037934013985
  0.00013775000000000   0.49998032908901857
  0.00013800000000000   0.49998027808488423
  0.00013825000000000   0.49998022632262413
  0.00013850000000000   0.49998017379722675
  0.00013875000000000   0.49998012050378680
  0.00013900000000000   0.49998006643751050
  0.00013925000000000   0.49998001159372098
  0.00013950000000000   0.49997998514779484
  0.00013975000000000   0.49997992867518280
  0.00014000000000000   0.49997987140969707
  0.00014025000000000   0.49997981334716390
  0.00014050000000000   0.49997975448355636
  0.00014075000000000   0.49997972371801380
  0.00014100000000000   0.49997966316987229
  0.00014125000000000   0.49997960180731932
  0.00014150000000000   0.49997956835603767
  0.00014175000000000   0.49997950527705472
  0.00014200000000000   0.49997944137175410
  0.00014225000000000   0.49997940517213889
  0.00014250000000000   0.49997933952135606
  0.00014275000000000   0.49997930144287953
  0.00014300000000000   0.49997923402746135
  0.00014325000000000   0.49997919404221781
  0.00014350000000000   0.49997915306917747
  0.00014375000000000   0.49997908292600578
  0.00014400000000000   0.49997904000449099
  0.00014425000000000   0.49997899607140462
  0.00014450000000000   0.49997892315910260
  0.00014475000000000   0.49997887723930075
  0.00014500000000000   0.49997883028589556
  0.00014525000000000   0.49997878229108961
  0.00014550000000000   0.49997873324730384
  0.00014575000000000   0.49997865556709877
  0.00014600000000000   0.49997860447851413
  0.00014625000000000   0.49997855232244370
  0.00014650000000000   0.49997849909233959
  0.00014675000000000   0.49997844478193835
  0.00014700000000000   0.49997841656225308
  0.00014725000000000   0.49997835998440766
  0.00014750000000000   0.49997830230637330
  0.00014775000000000   0.49997824352314531
  0.00014800000000000   0.49997818363008342
  0.00014825000000000   0.49997814936805723
  0.00014850000000000   0.49997808713849459
  0.00014875000000000   0.49997802378442053
  0.00014900000000000   0.49997798576933985
  0.00014925000000000   0.49997792004360444
  0.00014950000000000   0.49997787946176054
  0.00014975000000000   0.49997781134298682
  0.00015000000000000   0.49997776816150431
  0.00015025000000000   0.49997772362720776
  0.00015050000000000   0.49997767772973301
  0.00015075000000000   0.49997760464178683
  0.00015100000000000   0.49997755608303933
  0.00015125000000000   0.49997750613654035
  0.00015150000000000   0.49997745479395414
  0.00015175000000000   0.49997740204751583
  0.00015200000000000   0.49997734789006384
  0.00015225000000000   0.49997729231507381
  0.00015250000000000   0.49997723531669404
  0.00015275000000000   0.49997720184703229
  0.00015300000000000   0.49997714186220607
  0.00015325000000000   0.49997708043682262
  0.00015350000000000   0.49997704218049588
  0.00015375000000000   0.49997697772908639
  0.00015400000000000   0.49997693620277123
  0.00015425000000000   0.49997686870443526
  0.00015450000000000   0.49997682387353828
  0.00015475000000000   0.49997677732315900
  0.00015500000000000   0.49997672904290049
  0.00015525000000000   0.49997665525501154
  0.00015550000000000   0.49997660361496053
  0.00015575000000000   0.49997657373417789
  0.00015600000000000   0.49997651845127674
  0.00015625000000000   0.49997646140271871
  0.00015650000000000   0.49997640258506871
  0.00015675000000000   0.49997636496883549
  0.00015700000000000   0.49997630245143632
  0.00015725000000000   0.49997626085150578
  0.00015750000000000   0.49997619461785290
  0.00015775000000000   0.49997614900264788
  0.00015800000000000   0.49997610130254117
  0.00015825000000000   0.49997605150910894
  0.00015850000000000   0.49997599961579956
  0.00015875000000000   0.49997594561805705
  0.00015900000000000   0.49997591118993376
  0.00015925000000000   0.49997585280937696
  0.00015950000000000   0.49997581368831056
  0.00015975000000000   0.49997575090925374
  0.00016000000000000   0.49997570706389410
  0.00016025000000000   0.49997566077255771
  0.00016050000000000   0.49997561202877324
  0.00016075000000000   0.49997556082908668
  0.00016100000000000   0.49997550717327572
  0.00016125000000000   0.49997547128399574
  0.00016150000000000   0.49997541253675943
  0.00016175000000000   0.49997537120970137
  0.00016200000000000   0.49997532707567315
  0.00016225000000000   0.49997528013116553
  0.00016250000000000   0.49997523037721537
  0.00016275000000000   0.49997519697918343
  0.00016300000000000   0.49997514142431264
  0.00016325000000000   0.49997510186023727
  0.00016350000000000   0.49997505912423119
  0.00016375000000000   0.49997501321920907
  0.00016400000000000   0.49997498236800562
  0.00016425000000000   0.49997492994414868
  0.00016450000000000   0.49997489219490724
  0.00016475000000000   0.49997485091064363
  0.00016500000000000   0.49997482351699294
  0.00016525000000000   0.49997477498352781
  0.00016550000000000   0.49997473995259156
  0.00016575000000000   0.49997470102156141
  0.00016600000000000   0.49997467477751804
  0.00016625000000000   0.49997464423870172
  0.00016650000000000   0.49997460941847950
  0.00016675000000000   0.49997457034545788
  0.00016700000000000   0.49997454273407108
  0.00016725000000000   0.49997451047971569
  0.00016750000000000   0.49997448883643402
  0.00016775000000000   0.49997446215693615
  0.00016800000000000   0.49997443048673624
  0.00016825000000000   0.49997440837546336
  0.00016850000000000   0.49997439514816350
  0.00016875000000000   0.49997437611964637
  0.00016900000000000   0.49997435136023030
  0.00016925000000000   0.49997433444215564
  0.00016950000000000   0.49997432467542751
  0.00016975000000000   0.49997430842613912
  0.00017000000000000   0.49997431115991925
  0.00017025000000000   0.49997430657398306
  0.00017050000000000   0.49997429482130105
  0.00017075000000000   0.49997429973757536
  0.00017100000000000   0.49997430826489340
  0.00017125000000000   0.49997431975130404
  0.00017150000000000   0.49997433356517705
  0.00017175000000000   0.49997435972777512
  0.00017200000000000   0.49997437611167967
  0.00017225000000000   0.49997441310414744
  0.00017250000000000   0.49997444898288614
  0.00017275000000000   0.49997450198144169
  0.00017300000000000   0.49997456078811780
  0.00017325000000000   0.49997462417426379
  0.00017350000000000   0.49997470758303466
  0.00017375000000000   0.49997480005378682
  0.00017400000000000   0.49997491486000584
  0.00017425000000000   0.49997504120607443
  0.00017450000000000   0.49997519718400566
  0.00017475000000000   0.49997539041685360
  0.00017500000000000   0.49997561455625179
  0.00017525000000000   0.49997589738974706
  0.00017550000000000   0.49997625415058188
  0.00017575000000000   0.49997672767289735
  0.00017600000000000   0.49997740525560786
  0.00017625000000000   0.49997852973126124
  0.00017650000000000   0.49998298692076224
  0.00017675000000000   0.50005352675716185
  0.00017700000000000   0.50006003037065105
  0.00017725000000000   0.50006443794167692
  0.00017750000000000   0.50006790447438661
  0.00017775000000000   0.50007080544632675
  0.00017800000000000   0.50007333657216202
  0.00017825000000000   0.50007557198163352
  0.00017850000000000   0.50007763228355811
  0.00017875000000000   0.50007949895572667
  0.00017900000000000   0.50008127074563863
  0.00017925000000000   0.50008290706637468
  0.00017950000000000   0.50008444492080143
  0.00017975000000000   0.50008591341767997
  0.00018000000000000   0.50008730408959468
  0.00018025000000000   0.50008863522957592
  0.00018050000000000   0.50008992196545394
  0.00018075000000000   0.50009114446673126
  0.00018100000000000   0.50009231288700839
  0.00018125000000000   0.50009346873215153
  0.00018150000000000   0.50009458694939298
  0.00018175000000000   0.50009564084956415
  0.00018200000000000   0.50009670219636088
  0.00018225000000000   0.50009770956835472
  0.00018250000000000   0.50009870049220513
  0.00018275000000000   0.50009967886724215
