 -0.01050000000000000   0.49008540130253591
 -0.01037500000000000   0.49021016953752784
 -0.01025000000000000   0.49034012144213407
 -0.01012500000000000   0.49046978559327033
 -0.01000000000000000   0.49059466739630692
 -0.00987500000000000   0.49072130652799849
 -0.00975000000000000   0.49085543701961014
 -0.00962500000000000   0.49098764004921708
 -0.00950000000000000   0.49111305818804522
 -0.00937500000000000   0.49123952056282613
 -0.00925000000000000   0.49137191504714984
 -0.00912500000000000   0.49150245918091560
 -0.00900000000000000   0.49162701105795348
 -0.00887500000000000   0.49175653415804952
 -0.00875000000000000   0.49189404357379084
 -0.00862500000000000   0.49202619508408050
 -0.00850000000000000   0.49215149558822456
 -0.00837500000000000   0.49228148692353452
 -0.00825000000000000   0.49241760922696160
 -0.00812500000000000   0.49254753532718955
 -0.00800000000000000   0.49267330755845073
 -0.00787500000000000   0.49280866042828158
 -0.00775000000000000   0.49294951247006003
 -0.00762500000000000   0.49307994848303731
 -0.00750000000000000   0.49320657346967838
 -0.00737500000000000   0.49334441482097346
 -0.00725000000000000   0.49348363969034312
 -0.00712500000000000   0.49361082209357467
 -0.00700000000000000   0.49374229788633913
 -0.00687500000000000   0.49388873319186272
 -0.00675000000000000   0.49402973836917715
 -0.00662500000000000   0.49415686386514997
 -0.00650000000000000   0.49429416973931322
 -0.00637500000000000   0.49444387098417716
 -0.00625000000000000   0.49457822133815044
 -0.00612500000000000   0.49470901528788080
 -0.00600000000000000   0.49486331508804185
 -0.00587500000000000   0.49501599337013761
 -0.00575000000000000   0.49514723038723917
 -0.00562500000000000   0.49529049873145277
 -0.00550000000000000   0.49545638443560992
 -0.00537500000000000   0.49559651090030103
 -0.00525000000000000   0.49573670703003874
 -0.00512500000000000   0.49591678911266697
 -0.00500000000000000   0.49607606873167221
 -0.00487500000000000   0.49621704980271353
 -0.00475000000000000   0.49641176481437898
 -0.00462500000000000   0.49658521735847973
 -0.00450000000000000   0.49674223782274604
 -0.00437500000000000   0.49698798055104228
 -0.00425000000000000   0.49716032442079180
 -0.00412500000000000   0.49744614315917824
 -0.00400000000000000   0.49768568836631760
 -0.00387500000000000   0.49816493311857379
 -0.00375000000000000   0.50011845490270123
 -0.00362500000000000   0.50005336162180235
 -0.00350000000000000   0.49987140348961336
 -0.00337500000000000   0.49987597566264329
 -0.00325000000000000   0.49995756910594626
 -0.00312500000000000   0.50005079537323939
 -0.00300000000000000   0.50009740855720420
 -0.00287500000000000   0.50010865090091780
 -0.00275000000000000   0.50009723695053961
 -0.00262500000000000   0.50007113544998821
 -0.00250000000000000   0.50003937460549590
 -0.00237500000000000   0.50000929794030126
 -0.00225000000000000   0.49998170013880539
 -0.00212500000000000   0.49996498134270726
 -0.00200000000000000   0.49995240756347317
 -0.00187500000000000   0.49994600762532197
 -0.00175000000000000   0.49994422202061365
 -0.00162500000000000   0.49994565175988979
 -0.00150000000000000   0.49994912353783569
 -0.00137500000000000   0.49995409839516937
 -0.00125000000000000   0.49995953890554731
 -0.00112500000000000   0.49996562426229621
 -0.00100000000000000   0.49997161682969649
 -0.00087500000000000   0.49997650293355930
 -0.00075000000000000   0.49998157932429510
 -0.00062500000000000   0.49998610067342460
 -0.00050000000000000   0.49998965971570801
 -0.00037500000000000   0.49999335399350897
 -0.00025000000000000   0.49999675343526306
 -0.00012500000000000   0.50000000000000000
  0.00000000000000000   0.50000324656473694
  0.00012500000000000   0.50000664600649103
  0.00025000000000000   0.50001034028429199
  0.00037500000000000   0.50001389932657541
  0.00050000000000000   0.50001842067570490
  0.00062500000000000   0.50002349706644071
  0.00075000000000000   0.50002838317030351
  0.00087500000000000   0.50003437573770379
  0.00100000000000000   0.50004046109445269
  0.00112500000000000   0.50004590160483063
  0.00125000000000000   0.50005087646216431
  0.00137500000000000   0.50005434824011021
  0.00150000000000000   0.50005577797938635
  0.00162500000000000   0.50005399237467803
  0.00175000000000000   0.50004759243652683
  0.00187500000000000   0.50003501865729274
  0.00200000000000000   0.50001829986119460
  0.00212500000000000   0.49999070205969873
  0.00225000000000000   0.49996062539450409
  0.00237500000000000   0.49992886455001178
  0.00250000000000000   0.49990276304946039
  0.00262500000000000   0.49989134909908220
  0.00275000000000000   0.49990259144279581
  0.00287500000000000   0.49994920462676063
  0.00300000000000000   0.50004243089405375
  0.00312500000000000   0.50012402433735672
  0.00325000000000000   0.50012859651038663
  0.00337500000000000   0.49994663837819760
  0.00350000000000000   0.49988154509729883
  0.00362500000000000   0.50183506688142627
  0.00375000000000000   0.50231431163368244
  0.00387500000000000   0.50255385684082182
  0.00400000000000000   0.50283967557920822
  0.00412500000000000   0.50301201944895774
  0.00425000000000000   0.50325776217725399
  0.00437500000000000   0.50341478264152029
  0.00450000000000000   0.50358823518562105
  0.00462500000000000   0.50378295019728649
  0.00475000000000000   0.50392393126832781
  0.00487500000000000   0.50408321088733305
  0.00500000000000000   0.50426329296996128
  0.00512500000000000   0.50440348909969898
  0.00525000000000000   0.50454361556439011
  0.00537500000000000   0.50470950126854727
  0.00550000000000000   0.50485276961276085
  0.00562500000000000   0.50498400662986242
  0.00575000000000000   0.50513668491195818
  0.00587500000000000   0.50529098471211921
  0.00600000000000000   0.50542177866184958
  0.00612500000000000   0.50555612901582286
  0.00625000000000000   0.50570583026068680
  0.00637500000000000   0.50584313613485004
  0.00650000000000000   0.50597026163082287
  0.00662500000000000   0.50611126680813730
  0.00675000000000000   0.50625770211366088
  0.00687500000000000   0.50638917790642535
  0.00700000000000000   0.50651636030965690
  0.00712500000000000   0.50665558517902657
  0.00725000000000000   0.50679342653032164
  0.00737500000000000   0.50692005151696271
  0.00750000000000000   0.50705048752993999
  0.00762500000000000   0.50719133957171844
  0.00775000000000000   0.50732669244154928
  0.00787500000000000   0.50745246467281048
  0.00800000000000000   0.50758239077303842
  0.00812500000000000   0.50771851307646550
  0.00825000000000000   0.50784850441177546
  0.00837500000000000   0.50797380491591952
  0.00850000000000000   0.50810595642620919
  0.00862500000000000   0.50824346584195051
  0.00875000000000000   0.50837298894204653
  0.00887500000000000   0.50849754081908442
  0.00900000000000000   0.50862808495285017
  0.00912500000000000   0.50876047943717389
  0.00925000000000000   0.50888694181195480
  0.00937500000000000   0.50901235995078294
  0.00950000000000000   0.50914456298038989
  0.00962500000000000   0.50927869347200153
  0.00975000000000000   0.50940533260369309
  0.00987500000000000   0.50953021440672969
  0.01000000000000000   0.50965987855786595
  0.01012500000000000   0.50978983046247218
  0.01025000000000000   0.50991459869746410
