 -0.49800000000000000   1.73163741459158997
 -0.49737500000000000   1.49753088199841238
 -0.49550000000000000   1.30954549672735926
 -0.49362500000000000   1.33947590819413416
 -0.49200000000000000   1.43191965180380688
 -0.48437500000000000   1.33044499526689450
 -0.48037500000000000   1.62059467812114898
 -0.47050000000000000   1.55166466961999323
 -0.46950000000000000   1.51942444183863690
 -0.46837500000000000   1.45470943087226440
 -0.46512500000000000   1.30172016576378279
 -0.46262500000000000   1.45461533697637706
 -0.45662500000000000   1.26700234404627144
 -0.45137500000000000   1.53824541922822262
 -0.45087500000000000   1.50525019839011809
 -0.45012500000000000   1.38477751361648533
 -0.44850000000000000   1.54713312336699020
 -0.44775000000000000   1.68798720341646354
 -0.44137500000000000   1.60282494605786837
 -0.43887500000000000   1.46120565402474100
 -0.43787500000000000   1.74155099025165149
 -0.43212500000000000   1.27253311512562834
 -0.43175000000000000   1.52177027798560469
 -0.43062500000000000   1.53663367592448830
 -0.42900000000000000   1.28730449930566557
 -0.42362500000000000   1.29925570836332223
 -0.41575000000000000   1.55538872326928065
 -0.40925000000000000   1.81187350526706588
 -0.40312500000000000   1.52672447987812152
 -0.39950000000000000   1.50983925718279111
 -0.39287500000000000   1.25280701830989066
 -0.38562500000000000   1.46299896156728639
 -0.38437500000000000   1.80103149047673334
 -0.37375000000000000   1.32196992258455509
 -0.36637500000000000   1.68782682208698830
 -0.36487500000000000   1.23827097684760714
 -0.36337500000000000   1.68937135301091633
 -0.36137500000000000   1.76063838830117665
 -0.35712500000000000   1.76071061000639847
 -0.35262500000000000   1.30024833206126655
 -0.34637500000000000   1.74721759685176431
 -0.34425000000000000   1.37839668232163036
 -0.34362500000000000   1.30819982415425282
 -0.34312500000000000   1.41895492517650801
 -0.33700000000000000   1.49344768250733814
 -0.33650000000000000   1.53872001720149508
 -0.33375000000000000   1.52626773297469473
 -0.32950000000000000   1.37380873963926709
 -0.32162500000000000   1.71697852701180515
 -0.31250000000000000   1.62382562004836842
 -0.30337500000000000   1.51359547101390005
 -0.29812500000000000   1.70166861023085852
 -0.29800000000000000   1.28830537376125798
 -0.29450000000000000   1.47815534029350805
 -0.29237500000000000   1.50728374721223959
 -0.29137500000000000   1.32898732072341891
 -0.28550000000000000   1.30321728645946061
 -0.28262500000000000   1.24372009327941192
 -0.28225000000000000   1.26031664430486115
 -0.27775000000000000   1.48901870528890132
 -0.27587500000000000   1.26752720322081888
 -0.27412500000000000   1.36841301355966840
 -0.26825000000000000   1.53861586017221448
 -0.26587500000000000   1.62394851947726590
 -0.26462500000000000   1.40246180730640704
 -0.26425000000000000   1.41667411322123153
 -0.25900000000000000   1.56282012407403881
 -0.25512500000000000   1.56591626600551024
 -0.25262500000000000   1.52977993816272542
 -0.24587500000000000   1.76620191000905937
 -0.23787500000000000   1.74084880805386696
 -0.23612500000000000   1.45785855988092955
 -0.23562500000000000   1.60189454200142190
 -0.23462500000000000   1.62531740281702902
 -0.23237500000000000   1.69555957283313844
 -0.23150000000000000   1.64489792501031319
 -0.22862500000000000   1.42236393918093362
 -0.22712500000000000   1.42997104576305847
 -0.22212500000000000   1.67344907707824270
 -0.21100000000000000   1.40737456721303993
 -0.20875000000000000   1.75072464666606000
 -0.20550000000000000   1.38382120932096810
 -0.20537500000000000   1.29979011169333545
 -0.20462500000000000   1.58249858456693047
 -0.20337500000000000   1.50716055109908047
 -0.20075000000000000   1.66813158154779692
 -0.20012500000000000   1.35864254454576294
 -0.19300000000000000   1.25825765092350326
 -0.19112500000000000   1.26885165250171170
 -0.18937500000000000   1.26745867841412447
 -0.18537500000000000   1.67027809166221063
 -0.18312500000000000   1.36165792699698403
 -0.17837500000000000   1.30193048592489267
 -0.17800000000000000   1.53435817786157811
 -0.17787500000000000   1.32436400497468150
 -0.17662500000000000   1.54452084937805304
 -0.17525000000000000   1.24223522011529810
 -0.17462500000000000   1.29211814804028509
 -0.17262500000000000   1.58777324115545673
 -0.17162500000000000   1.63539591577445248
 -0.16637500000000000   1.35505651932319471
 -0.16462500000000000   1.32814773477828449
 -0.16275000000000000   1.68689855217483700
 -0.15475000000000000   1.43039828628869941
 -0.15450000000000000   1.62716196263831378
 -0.14700000000000000   1.36305962059898674
 -0.14375000000000000   1.63897083427675862
 -0.14200000000000000   1.64524549164194595
 -0.13975000000000000   1.62564737318944422
 -0.13775000000000000   1.40892745896501891
 -0.13462500000000000   1.75688388772228007
 -0.13225000000000000   1.35409098621682419
 -0.05175000000000000   1.26984283660643332
 -0.03375000000000000   1.26302590595686207
 -0.03112500000000000   1.27619122018800690
 -0.02962500000000000   1.74577510870915116
 -0.02387500000000000   1.59188970797703901
 -0.02162500000000000   1.55026503070062380
 -0.02150000000000000   1.56158874152469556
 -0.01937500000000000   1.52226809280707935
 -0.01487500000000000   1.42609449453603388
 -0.00825000000000000   1.47575519020071299
 -0.00587500000000000   1.77963361674504489
 -0.00425000000000000   1.54853658006244239
 -0.00375000000000000   1.44768113842199407
  0.00137500000000000   1.83314350233509199
  0.00312500000000000   1.64754260426277113
  0.00487500000000000   1.50325874369449790
  0.00812500000000000   1.73099769888211250
  0.00912500000000000   1.72392121972903497
  0.01162500000000000   1.74001890581732664
  0.01587500000000000   1.25321504335359547
  0.02225000000000000   1.25087836624596213
  0.02312500000000000   1.62891718056272753
  0.02375000000000000   1.78739499467847954
  0.03050000000000000   1.77658113946166298
  0.03200000000000000   1.44435057411703930
  0.03350000000000000   1.44793988948076269
  0.03700000000000000   1.75223124043563752
  0.05175000000000000   1.41591337860288453
  0.12825000000000000   1.82582335328624534
  0.13837500000000000   1.54868990737614899
  0.14050000000000000   1.34186948569673728
  0.14625000000000000   1.66357074512362300
  0.14725000000000000   1.56032629262102513
  0.15450000000000000   1.43444812222907823
  0.16225000000000000   1.72413879766753335
  0.16975000000000000   1.55646590977614950
  0.17362500000000000   1.52784070976241774
  0.17750000000000000   1.60840034562130564
  0.17825000000000000   1.77235784247362789
  0.17887500000000000   1.51601012145137236
  0.18862500000000000   1.45225850367805064
  0.18937500000000000   1.27632078621656135
  0.19162500000000000   1.78840228910289664
  0.19250000000000000   1.57907315949400693
  0.19675000000000000   1.45880892508153391
  0.19750000000000000   1.33013875260370284
  0.20075000000000000   1.56265066915915512
  0.20187500000000000   1.29004355033045938
  0.20237500000000000   1.45474909661571231
  0.20450000000000000   1.32372029822597369
  0.20550000000000000   1.35114281937220278
  0.20887500000000000   1.52617946974216015
  0.21225000000000000   1.31360039338172159
  0.21275000000000000   1.40831158749388016
  0.22175000000000000   1.83710557338530819
  0.22225000000000000   1.72223538628980773
  0.22487500000000000   1.48847582838031214
  0.22662500000000000   1.29407688870955988
  0.22725000000000000   1.72667238629659606
  0.23637500000000000   1.64501620041230103
  0.23950000000000000   1.33645119204718467
  0.23962500000000000   1.70546643644499456
  0.24525000000000000   1.26331151987588041
  0.24787500000000000   1.38685779184338129
  0.24912500000000000   1.30460364856901439
  0.25187500000000000   1.54551241541140021
  0.26187500000000000   1.57602417122813719
  0.26812500000000000   1.73542306384652437
  0.27112500000000000   1.28879079891487287
  0.27187500000000000   1.50204787378772438
  0.27300000000000000   1.82457381612149141
  0.27650000000000000   1.50424006557428825
  0.27975000000000000   1.61743573365797137
  0.28012500000000000   1.76502069923400855
  0.28050000000000000   1.82207976311202908
  0.28087500000000000   1.27036214947619833
  0.28950000000000000   1.46369451819009824
  0.29100000000000000   1.26995046159088997
  0.29587500000000000   1.37379067315080194
  0.30487500000000000   1.36645521708027429
  0.31087500000000000   1.76103739026898218
  0.31675000000000000   1.79700976515268196
  0.31850000000000000   1.49244122564872747
  0.32325000000000000   1.59949920181954090
  0.32500000000000000   1.48506481255126750
  0.32700000000000000   1.78384568142540833
  0.32900000000000000   1.70210242006353381
  0.33162500000000000   1.47960428293057410
  0.33525000000000000   1.80224128660870110
  0.33712500000000000   1.38962094010311882
  0.33750000000000000   1.46148210894826888
  0.34375000000000000   1.28233672329680257
  0.34750000000000000   1.39253046150759561
  0.35237500000000000   1.78026320947071301
  0.35312500000000000   1.43149484854546617
  0.35912500000000000   1.52230291816084558
  0.36037500000000000   1.42185236068535922
  0.37537500000000000   1.70433480575966011
  0.38150000000000000   1.63161685670294100
  0.38337500000000000   1.32298006869286895
  0.38462500000000000   1.57877908051426097
  0.38925000000000000   1.72775709600237333
  0.39287500000000000   1.25987994111898224
  0.39325000000000000   1.24368451783832484
  0.39375000000000000   1.48859134761137418
  0.39412500000000000   1.82910737182334883
  0.39562500000000000   1.59892004257820457
  0.40437500000000000   1.49945607609653215
  0.40662500000000000   1.66190989157193392
  0.41012500000000000   1.80130919509434481
  0.41362500000000000   1.38399929850144404
  0.41425000000000000   1.42247302809366471
  0.41487500000000000   1.82970038111940301
  0.41837500000000000   1.52661602089251375
  0.42487500000000000   1.40356723554270871
  0.42550000000000000   1.57733527330426521
  0.42962500000000000   1.55718362761203106
  0.44450000000000000   1.59599485332735344
  0.44725000000000000   1.60275802389014545
  0.44862500000000000   1.39214716878820876
  0.45162500000000000   1.34855324834281874
  0.45175000000000000   1.26531061922354438
  0.45512500000000000   1.50183328786963699
  0.46162500000000000   1.33930632203752663
  0.46437500000000000   1.60665310926134082
  0.46587500000000000   1.43641215308804345
  0.46987500000000000   1.37022744555680228
  0.47587500000000000   1.60123896068733526
  0.48287500000000000   1.51177781596725750
  0.48362500000000000   1.49435682239818526
  0.49575000000000000   1.33116612908569723
