 -0.49700000000000000 -123456789.00000000000000000
 -0.49387500000000000 -123456789.00000000000000000
 -0.49162500000000000 -123456789.00000000000000000
 -0.48962500000000000 -123456789.00000000000000000
 -0.48837500000000000 -123456789.00000000000000000
 -0.48787500000000000 -123456789.00000000000000000
 -0.48737500000000000 -123456789.00000000000000000
 -0.48250000000000000 -123456789.00000000000000000
 -0.48175000000000000 -123456789.00000000000000000
 -0.48062500000000000 -123456789.00000000000000000
 -0.47987500000000000 -123456789.00000000000000000
 -0.47937500000000000 -123456789.00000000000000000
 -0.47812500000000000 -123456789.00000000000000000
 -0.47575000000000000 -123456789.00000000000000000
 -0.47537500000000000 -123456789.00000000000000000
 -0.47075000000000000 -123456789.00000000000000000
 -0.46825000000000000 -123456789.00000000000000000
 -0.46225000000000000 -123456789.00000000000000000
 -0.46212500000000000 -123456789.00000000000000000
 -0.45887500000000000 -123456789.00000000000000000
 -0.45750000000000000 -123456789.00000000000000000
 -0.45537500000000000 -123456789.00000000000000000
 -0.45400000000000000 -123456789.00000000000000000
 -0.45137500000000000 -123456789.00000000000000000
 -0.44912500000000000 -123456789.00000000000000000
 -0.44562500000000000 -123456789.00000000000000000
 -0.44325000000000000 -123456789.00000000000000000
 -0.44212500000000000 -123456789.00000000000000000
 -0.44137500000000000 -123456789.00000000000000000
 -0.44100000000000000 -123456789.00000000000000000
 -0.44050000000000000 -123456789.00000000000000000
 -0.43312500000000000 -123456789.00000000000000000
 -0.43300000000000000 -123456789.00000000000000000
 -0.43200000000000000 -123456789.00000000000000000
 -0.43112500000000000 -123456789.00000000000000000
 -0.42937500000000000 -123456789.00000000000000000
 -0.42587500000000000 -123456789.00000000000000000
 -0.42337500000000000 -123456789.00000000000000000
 -0.41875000000000000 -123456789.00000000000000000
 -0.41850000000000000 -123456789.00000000000000000
 -0.41537500000000000 -123456789.00000000000000000
 -0.41300000000000000 -123456789.00000000000000000
 -0.41250000000000000 -123456789.00000000000000000
 -0.41037500000000000 -123456789.00000000000000000
 -0.40937500000000000 -123456789.00000000000000000
 -0.40775000000000000 -123456789.00000000000000000
 -0.40650000000000000 -123456789.00000000000000000
 -0.40525000000000000 -123456789.00000000000000000
 -0.40112500000000000 -123456789.00000000000000000
 -0.39650000000000000 -123456789.00000000000000000
 -0.39462500000000000 -123456789.00000000000000000
 -0.38812500000000000 -123456789.00000000000000000
 -0.38512500000000000 -123456789.00000000000000000
 -0.38437500000000000 -123456789.00000000000000000
 -0.37400000000000000 -123456789.00000000000000000
 -0.37262500000000000 -123456789.00000000000000000
 -0.37250000000000000 -123456789.00000000000000000
 -0.36700000000000000 -123456789.00000000000000000
 -0.36487500000000000 -123456789.00000000000000000
 -0.36212500000000000 -123456789.00000000000000000
 -0.36150000000000000 -123456789.00000000000000000
 -0.35787500000000000 -123456789.00000000000000000
 -0.35637500000000000 -123456789.00000000000000000
 -0.35437500000000000 -123456789.00000000000000000
 -0.35375000000000000 -123456789.00000000000000000
 -0.35162500000000000 -123456789.00000000000000000
 -0.35150000000000000 -123456789.00000000000000000
 -0.34912500000000000 -123456789.00000000000000000
 -0.34825000000000000 -123456789.00000000000000000
 -0.34675000000000000 -123456789.00000000000000000
 -0.34350000000000000 -123456789.00000000000000000
 -0.34325000000000000 -123456789.00000000000000000
 -0.33875000000000000 -123456789.00000000000000000
 -0.33787500000000000 -123456789.00000000000000000
 -0.33450000000000000 -123456789.00000000000000000
 -0.33387500000000000 -123456789.00000000000000000
 -0.33362500000000000 -123456789.00000000000000000
 -0.33175000000000000 -123456789.00000000000000000
 -0.32812500000000000 -123456789.00000000000000000
 -0.32700000000000000 -123456789.00000000000000000
 -0.32487500000000000 -123456789.00000000000000000
 -0.32425000000000000 -123456789.00000000000000000
 -0.32012500000000000 -123456789.00000000000000000
 -0.31700000000000000 -123456789.00000000000000000
 -0.31387500000000000 -123456789.00000000000000000
 -0.31312500000000000 -123456789.00000000000000000
 -0.31212500000000000 -123456789.00000000000000000
 -0.30400000000000000 -123456789.00000000000000000
 -0.30250000000000000 -123456789.00000000000000000
 -0.29750000000000000 -123456789.00000000000000000
 -0.29475000000000000 -123456789.00000000000000000
 -0.29425000000000000 -123456789.00000000000000000
 -0.29350000000000000 -123456789.00000000000000000
 -0.29325000000000000 -123456789.00000000000000000
 -0.29162500000000000 -123456789.00000000000000000
 -0.28837500000000000 -123456789.00000000000000000
 -0.28812500000000000 -123456789.00000000000000000
 -0.28725000000000000 -123456789.00000000000000000
 -0.28662500000000000 -123456789.00000000000000000
 -0.28650000000000000 -123456789.00000000000000000
 -0.28450000000000000 -123456789.00000000000000000
 -0.28437500000000000 -123456789.00000000000000000
 -0.28375000000000000 -123456789.00000000000000000
 -0.27962500000000000 -123456789.00000000000000000
 -0.27537500000000000 -123456789.00000000000000000
 -0.27462500000000000 -123456789.00000000000000000
 -0.27425000000000000 -123456789.00000000000000000
 -0.27300000000000000 -123456789.00000000000000000
 -0.27087500000000000 -123456789.00000000000000000
 -0.26800000000000000 -123456789.00000000000000000
 -0.26487500000000000 -123456789.00000000000000000
 -0.26350000000000000 -123456789.00000000000000000
 -0.26125000000000000 -123456789.00000000000000000
 -0.25912500000000000 -123456789.00000000000000000
 -0.25300000000000000 -123456789.00000000000000000
 -0.25100000000000000 -123456789.00000000000000000
 -0.25062500000000000 -123456789.00000000000000000
 -0.24925000000000000 -123456789.00000000000000000
 -0.24887500000000000 -123456789.00000000000000000
 -0.24712500000000000 -123456789.00000000000000000
 -0.24175000000000000 -123456789.00000000000000000
 -0.23862500000000000 -123456789.00000000000000000
 -0.23850000000000000 -123456789.00000000000000000
 -0.23000000000000000 -123456789.00000000000000000
 -0.22775000000000000 -123456789.00000000000000000
 -0.22387500000000000 -123456789.00000000000000000
 -0.22300000000000000 -123456789.00000000000000000
 -0.21925000000000000 -123456789.00000000000000000
 -0.21912500000000000 -123456789.00000000000000000
 -0.21387500000000000 -123456789.00000000000000000
 -0.21312500000000000 -123456789.00000000000000000
 -0.21212500000000000 -123456789.00000000000000000
 -0.21162500000000000 -123456789.00000000000000000
 -0.21112500000000000 -123456789.00000000000000000
 -0.21087500000000000 -123456789.00000000000000000
 -0.20762500000000000 -123456789.00000000000000000
 -0.20675000000000000 -123456789.00000000000000000
 -0.20062500000000000 -123456789.00000000000000000
 -0.20050000000000000 -123456789.00000000000000000
 -0.19862500000000000 -123456789.00000000000000000
 -0.19725000000000000 -123456789.00000000000000000
 -0.19375000000000000 -123456789.00000000000000000
 -0.19175000000000000 -123456789.00000000000000000
 -0.19150000000000000 -123456789.00000000000000000
 -0.18987500000000000 -123456789.00000000000000000
 -0.18962500000000000 -123456789.00000000000000000
 -0.18837500000000000 -123456789.00000000000000000
 -0.18700000000000000 -123456789.00000000000000000
 -0.18537500000000000 -123456789.00000000000000000
 -0.18512500000000000 -123456789.00000000000000000
 -0.18287500000000000 -123456789.00000000000000000
 -0.18175000000000000 -123456789.00000000000000000
 -0.17987500000000000 -123456789.00000000000000000
 -0.17737500000000000 -123456789.00000000000000000
 -0.17687500000000000 -123456789.00000000000000000
 -0.16987500000000000 -123456789.00000000000000000
 -0.16850000000000000 -123456789.00000000000000000
 -0.16750000000000000 -123456789.00000000000000000
 -0.16600000000000000 -123456789.00000000000000000
 -0.16525000000000000 -123456789.00000000000000000
 -0.16437500000000000 -123456789.00000000000000000
 -0.16100000000000000 -123456789.00000000000000000
 -0.15600000000000000 -123456789.00000000000000000
 -0.15550000000000000 -123456789.00000000000000000
 -0.15225000000000000 -123456789.00000000000000000
 -0.15150000000000000 -123456789.00000000000000000
 -0.15100000000000000 -123456789.00000000000000000
 -0.15012500000000000 -123456789.00000000000000000
 -0.14900000000000000 -123456789.00000000000000000
 -0.14712500000000000 -123456789.00000000000000000
 -0.14612500000000000 -123456789.00000000000000000
 -0.14587500000000000 -123456789.00000000000000000
 -0.14562500000000000 -123456789.00000000000000000
 -0.14525000000000000 -123456789.00000000000000000
 -0.14362500000000000 -123456789.00000000000000000
 -0.14225000000000000 -123456789.00000000000000000
 -0.14062500000000000 -123456789.00000000000000000
 -0.14025000000000000 -123456789.00000000000000000
 -0.13612500000000000 -123456789.00000000000000000
 -0.13325000000000000 -123456789.00000000000000000
 -0.13050000000000000 -123456789.00000000000000000
 -0.13037500000000000 -123456789.00000000000000000
 -0.12637500000000000 -123456789.00000000000000000
 -0.12587500000000000 -123456789.00000000000000000
 -0.12562500000000000 -123456789.00000000000000000
 -0.12412500000000000 -123456789.00000000000000000
 -0.12050000000000000 -123456789.00000000000000000
 -0.11987500000000000 -123456789.00000000000000000
 -0.11525000000000000 -123456789.00000000000000000
 -0.11462500000000000 -123456789.00000000000000000
 -0.11287500000000000 -123456789.00000000000000000
 -0.11175000000000000 -123456789.00000000000000000
 -0.11112500000000000 -123456789.00000000000000000
 -0.10850000000000000 -123456789.00000000000000000
 -0.10662500000000000 -123456789.00000000000000000
 -0.10525000000000000 -123456789.00000000000000000
 -0.10375000000000000 -123456789.00000000000000000
 -0.10150000000000000 -123456789.00000000000000000
 -0.09887500000000000 -123456789.00000000000000000
 -0.09600000000000000 -123456789.00000000000000000
 -0.09437500000000000 -123456789.00000000000000000
 -0.09387500000000000 -123456789.00000000000000000
 -0.09237500000000000 -123456789.00000000000000000
 -0.09187500000000000 -123456789.00000000000000000
 -0.08862500000000000 -123456789.00000000000000000
 -0.08787500000000000 -123456789.00000000000000000
 -0.08425000000000000 -123456789.00000000000000000
 -0.07862500000000000 -123456789.00000000000000000
 -0.07762500000000000 -123456789.00000000000000000
 -0.07700000000000000 -123456789.00000000000000000
 -0.07300000000000000 -123456789.00000000000000000
 -0.07287500000000000 -123456789.00000000000000000
 -0.07112500000000000 -123456789.00000000000000000
 -0.07075000000000000 -123456789.00000000000000000
 -0.07025000000000000 -123456789.00000000000000000
 -0.07012500000000000 -123456789.00000000000000000
 -0.06887500000000000 -123456789.00000000000000000
 -0.06850000000000000 -123456789.00000000000000000
 -0.06387500000000000 -123456789.00000000000000000
 -0.06012500000000000 -123456789.00000000000000000
 -0.05787500000000000 -123456789.00000000000000000
 -0.05375000000000000 -123456789.00000000000000000
 -0.05275000000000000 -123456789.00000000000000000
 -0.05012500000000000 -123456789.00000000000000000
 -0.04912500000000000 -123456789.00000000000000000
 -0.04875000000000000 -123456789.00000000000000000
 -0.04800000000000000 -123456789.00000000000000000
 -0.04712500000000000 -123456789.00000000000000000
 -0.04512500000000000 -123456789.00000000000000000
 -0.04350000000000000 -123456789.00000000000000000
 -0.03925000000000000 -123456789.00000000000000000
 -0.03825000000000000 -123456789.00000000000000000
 -0.03775000000000000 -123456789.00000000000000000
 -0.03625000000000000 -123456789.00000000000000000
 -0.03412500000000000 -123456789.00000000000000000
 -0.03200000000000000 -123456789.00000000000000000
 -0.03100000000000000 -123456789.00000000000000000
 -0.03087500000000000 -123456789.00000000000000000
 -0.03050000000000000 -123456789.00000000000000000
 -0.02750000000000000 -123456789.00000000000000000
 -0.02512500000000000 -123456789.00000000000000000
 -0.02462500000000000 -123456789.00000000000000000
 -0.02400000000000000 -123456789.00000000000000000
 -0.02037500000000000 -123456789.00000000000000000
 -0.01962500000000000 -123456789.00000000000000000
 -0.01850000000000000 -123456789.00000000000000000
 -0.01825000000000000 -123456789.00000000000000000
 -0.01687500000000000 -123456789.00000000000000000
 -0.01600000000000000 -123456789.00000000000000000
 -0.01575000000000000 -123456789.00000000000000000
 -0.01487500000000000 -123456789.00000000000000000
 -0.01250000000000000 -123456789.00000000000000000
 -0.00762500000000000 -123456789.00000000000000000
 -0.00687500000000000 -123456789.00000000000000000
 -0.00425000000000000 -123456789.00000000000000000
 -0.00275000000000000 -123456789.00000000000000000
  0.00175000000000000 -123456789.00000000000000000
  0.00575000000000000 -123456789.00000000000000000
  0.00675000000000000 -123456789.00000000000000000
  0.00837500000000000 -123456789.00000000000000000
  0.01137500000000000 -123456789.00000000000000000
  0.01350000000000000 -123456789.00000000000000000
  0.01537500000000000 -123456789.00000000000000000
  0.01637500000000000 -123456789.00000000000000000
  0.01775000000000000 -123456789.00000000000000000
  0.01900000000000000 -123456789.00000000000000000
  0.02012500000000000 -123456789.00000000000000000
  0.02662500000000000 -123456789.00000000000000000
  0.02850000000000000 -123456789.00000000000000000
  0.03050000000000000 -123456789.00000000000000000
  0.03175000000000000 -123456789.00000000000000000
  0.03187500000000000 -123456789.00000000000000000
  0.03275000000000000 -123456789.00000000000000000
  0.03350000000000000 -123456789.00000000000000000
  0.03487500000000000 -123456789.00000000000000000
  0.03700000000000000 -123456789.00000000000000000
  0.03737500000000000 -123456789.00000000000000000
  0.03825000000000000 -123456789.00000000000000000
  0.03937500000000000 -123456789.00000000000000000
  0.03987500000000000 -123456789.00000000000000000
  0.04000000000000000 -123456789.00000000000000000
  0.04050000000000000 -123456789.00000000000000000
  0.04100000000000000 -123456789.00000000000000000
  0.04225000000000000 -123456789.00000000000000000
  0.04737500000000000 -123456789.00000000000000000
  0.04762500000000000 -123456789.00000000000000000
  0.04850000000000000 -123456789.00000000000000000
  0.05375000000000000 -123456789.00000000000000000
  0.05500000000000000 -123456789.00000000000000000
  0.05512500000000000 -123456789.00000000000000000
  0.05550000000000000 -123456789.00000000000000000
  0.05612500000000000 -123456789.00000000000000000
  0.05762500000000000 -123456789.00000000000000000
  0.05812500000000000 -123456789.00000000000000000
  0.06312500000000000 -123456789.00000000000000000
  0.06500000000000000 -123456789.00000000000000000
  0.06800000000000000 -123456789.00000000000000000
  0.06812500000000000 -123456789.00000000000000000
  0.07087500000000000 -123456789.00000000000000000
  0.07200000000000000 -123456789.00000000000000000
  0.07337500000000000 -123456789.00000000000000000
  0.07562500000000000 -123456789.00000000000000000
  0.07662500000000000 -123456789.00000000000000000
  0.07712500000000000 -123456789.00000000000000000
  0.08037500000000000 -123456789.00000000000000000
  0.08075000000000000 -123456789.00000000000000000
  0.08150000000000000 -123456789.00000000000000000
  0.08187500000000000 -123456789.00000000000000000
  0.08950000000000000 -123456789.00000000000000000
  0.09350000000000000 -123456789.00000000000000000
  0.09362500000000000 -123456789.00000000000000000
  0.09550000000000000 -123456789.00000000000000000
  0.09562500000000000 -123456789.00000000000000000
  0.10025000000000000 -123456789.00000000000000000
  0.10537500000000000 -123456789.00000000000000000
  0.10575000000000000 -123456789.00000000000000000
  0.11712500000000000 -123456789.00000000000000000
  0.11750000000000000 -123456789.00000000000000000
  0.11862500000000000 -123456789.00000000000000000
  0.12100000000000000 -123456789.00000000000000000
  0.12412500000000000 -123456789.00000000000000000
  0.12775000000000000 -123456789.00000000000000000
  0.12925000000000000 -123456789.00000000000000000
  0.12962500000000000 -123456789.00000000000000000
  0.12987500000000000 -123456789.00000000000000000
  0.13250000000000000 -123456789.00000000000000000
  0.13287500000000000 -123456789.00000000000000000
  0.13300000000000000 -123456789.00000000000000000
  0.13350000000000000 -123456789.00000000000000000
  0.13600000000000000 -123456789.00000000000000000
  0.13775000000000000 -123456789.00000000000000000
  0.14050000000000000 -123456789.00000000000000000
  0.14062500000000000 -123456789.00000000000000000
  0.14250000000000000 -123456789.00000000000000000
  0.14262500000000000 -123456789.00000000000000000
  0.14512500000000000 -123456789.00000000000000000
  0.14900000000000000 -123456789.00000000000000000
  0.14975000000000000 -123456789.00000000000000000
  0.15137500000000000 -123456789.00000000000000000
  0.15212500000000000 -123456789.00000000000000000
  0.15500000000000000 -123456789.00000000000000000
  0.15675000000000000 -123456789.00000000000000000
  0.15700000000000000 -123456789.00000000000000000
  0.16150000000000000 -123456789.00000000000000000
  0.16187500000000000 -123456789.00000000000000000
  0.16212500000000000 -123456789.00000000000000000
  0.16437500000000000 -123456789.00000000000000000
  0.16725000000000000 -123456789.00000000000000000
  0.17075000000000000 -123456789.00000000000000000
  0.17100000000000000 -123456789.00000000000000000
  0.17137500000000000 -123456789.00000000000000000
  0.17250000000000000 -123456789.00000000000000000
  0.17412500000000000 -123456789.00000000000000000
  0.17475000000000000 -123456789.00000000000000000
  0.17925000000000000 -123456789.00000000000000000
  0.17937500000000000 -123456789.00000000000000000
  0.18075000000000000 -123456789.00000000000000000
  0.18125000000000000 -123456789.00000000000000000
  0.18200000000000000 -123456789.00000000000000000
  0.18312500000000000 -123456789.00000000000000000
  0.18600000000000000 -123456789.00000000000000000
  0.18850000000000000 -123456789.00000000000000000
  0.19612500000000000 -123456789.00000000000000000
  0.19700000000000000 -123456789.00000000000000000
  0.20125000000000000 -123456789.00000000000000000
  0.20612500000000000 -123456789.00000000000000000
  0.21100000000000000 -123456789.00000000000000000
  0.21275000000000000 -123456789.00000000000000000
  0.21587500000000000 -123456789.00000000000000000
  0.21662500000000000 -123456789.00000000000000000
  0.21962500000000000 -123456789.00000000000000000
  0.22050000000000000 -123456789.00000000000000000
  0.22350000000000000 -123456789.00000000000000000
  0.22812500000000000 -123456789.00000000000000000
  0.22937500000000000 -123456789.00000000000000000
  0.23137500000000000 -123456789.00000000000000000
  0.23212500000000000 -123456789.00000000000000000
  0.23300000000000000 -123456789.00000000000000000
  0.23312500000000000 -123456789.00000000000000000
  0.23487500000000000 -123456789.00000000000000000
  0.23537500000000000 -123456789.00000000000000000
  0.23975000000000000 -123456789.00000000000000000
  0.24737500000000000 -123456789.00000000000000000
  0.24850000000000000 -123456789.00000000000000000
  0.24950000000000000 -123456789.00000000000000000
  0.25412500000000000 -123456789.00000000000000000
  0.25512500000000000 -123456789.00000000000000000
  0.26125000000000000 -123456789.00000000000000000
  0.26150000000000000 -123456789.00000000000000000
  0.26412500000000000 -123456789.00000000000000000
  0.26587500000000000 -123456789.00000000000000000
  0.26612500000000000 -123456789.00000000000000000
  0.26812500000000000 -123456789.00000000000000000
  0.26937500000000000 -123456789.00000000000000000
  0.27075000000000000 -123456789.00000000000000000
  0.27375000000000000 -123456789.00000000000000000
  0.27475000000000000 -123456789.00000000000000000
  0.27525000000000000 -123456789.00000000000000000
  0.27587500000000000 -123456789.00000000000000000
  0.27700000000000000 -123456789.00000000000000000
  0.27750000000000000 -123456789.00000000000000000
  0.27850000000000000 -123456789.00000000000000000
  0.28050000000000000 -123456789.00000000000000000
  0.28150000000000000 -123456789.00000000000000000
  0.28375000000000000 -123456789.00000000000000000
  0.28525000000000000 -123456789.00000000000000000
  0.28987500000000000 -123456789.00000000000000000
  0.29025000000000000 -123456789.00000000000000000
  0.29750000000000000 -123456789.00000000000000000
  0.29862500000000000 -123456789.00000000000000000
  0.30975000000000000 -123456789.00000000000000000
  0.31150000000000000 -123456789.00000000000000000
  0.31287500000000000 -123456789.00000000000000000
  0.31650000000000000 -123456789.00000000000000000
  0.32050000000000000 -123456789.00000000000000000
  0.32200000000000000 -123456789.00000000000000000
  0.32225000000000000 -123456789.00000000000000000
  0.32487500000000000 -123456789.00000000000000000
  0.32562500000000000 -123456789.00000000000000000
  0.32600000000000000 -123456789.00000000000000000
  0.32650000000000000 -123456789.00000000000000000
  0.33087500000000000 -123456789.00000000000000000
  0.33112500000000000 -123456789.00000000000000000
  0.33500000000000000 -123456789.00000000000000000
  0.33512500000000000 -123456789.00000000000000000
  0.33650000000000000 -123456789.00000000000000000
  0.33800000000000000 -123456789.00000000000000000
  0.34587500000000000 -123456789.00000000000000000
  0.34662500000000000 -123456789.00000000000000000
  0.34787500000000000 -123456789.00000000000000000
  0.34925000000000000 -123456789.00000000000000000
  0.34975000000000000 -123456789.00000000000000000
  0.35112500000000000 -123456789.00000000000000000
  0.35125000000000000 -123456789.00000000000000000
  0.35950000000000000 -123456789.00000000000000000
  0.36187500000000000 -123456789.00000000000000000
  0.36212500000000000 -123456789.00000000000000000
  0.36275000000000000 -123456789.00000000000000000
  0.36362500000000000 -123456789.00000000000000000
  0.36375000000000000 -123456789.00000000000000000
  0.36487500000000000 -123456789.00000000000000000
  0.36737500000000000 -123456789.00000000000000000
  0.36875000000000000 -123456789.00000000000000000
  0.36912500000000000 -123456789.00000000000000000
  0.37187500000000000 -123456789.00000000000000000
  0.37262500000000000 -123456789.00000000000000000
  0.37287500000000000 -123456789.00000000000000000
  0.37487500000000000 -123456789.00000000000000000
  0.37687500000000000 -123456789.00000000000000000
  0.38037500000000000 -123456789.00000000000000000
  0.38087500000000000 -123456789.00000000000000000
  0.38312500000000000 -123456789.00000000000000000
  0.38662500000000000 -123456789.00000000000000000
  0.38962500000000000 -123456789.00000000000000000
  0.39362500000000000 -123456789.00000000000000000
  0.39687500000000000 -123456789.00000000000000000
  0.39912500000000000 -123456789.00000000000000000
  0.40387500000000000 -123456789.00000000000000000
  0.40825000000000000 -123456789.00000000000000000
  0.41112500000000000 -123456789.00000000000000000
  0.41187500000000000 -123456789.00000000000000000
  0.41737500000000000 -123456789.00000000000000000
  0.41875000000000000 -123456789.00000000000000000
  0.41925000000000000 -123456789.00000000000000000
  0.42112500000000000 -123456789.00000000000000000
  0.42200000000000000 -123456789.00000000000000000
  0.42225000000000000 -123456789.00000000000000000
  0.42287500000000000 -123456789.00000000000000000
  0.42437500000000000 -123456789.00000000000000000
  0.42675000000000000 -123456789.00000000000000000
  0.43062500000000000 -123456789.00000000000000000
  0.43150000000000000 -123456789.00000000000000000
  0.43187500000000000 -123456789.00000000000000000
  0.43450000000000000 -123456789.00000000000000000
  0.43475000000000000 -123456789.00000000000000000
  0.43537500000000000 -123456789.00000000000000000
  0.43550000000000000 -123456789.00000000000000000
  0.43687500000000000 -123456789.00000000000000000
  0.43825000000000000 -123456789.00000000000000000
  0.43925000000000000 -123456789.00000000000000000
  0.43937500000000000 -123456789.00000000000000000
  0.43987500000000000 -123456789.00000000000000000
  0.44537500000000000 -123456789.00000000000000000
  0.44987500000000000 -123456789.00000000000000000
  0.45300000000000000 -123456789.00000000000000000
  0.45350000000000000 -123456789.00000000000000000
  0.45425000000000000 -123456789.00000000000000000
  0.45950000000000000 -123456789.00000000000000000
  0.46100000000000000 -123456789.00000000000000000
  0.46262500000000000 -123456789.00000000000000000
  0.46475000000000000 -123456789.00000000000000000
  0.46550000000000000 -123456789.00000000000000000
  0.47262500000000000 -123456789.00000000000000000
  0.47437500000000000 -123456789.00000000000000000
  0.47787500000000000 -123456789.00000000000000000
  0.47912500000000000 -123456789.00000000000000000
  0.48387500000000000 -123456789.00000000000000000
  0.49937500000000000 -123456789.00000000000000000
  0.49975000000000000 -123456789.00000000000000000
