 -0.48350000000000000 -30.22903119659060698
 -0.47762500000000000 -29.92236144630452800
 -0.33337500000000000 -30.01797599916035559
 -0.28650000000000000 -30.08319884459290524
 -0.16825000000000000 -30.01770274209229759
 -0.16087500000000000 -29.94222776203933840
 -0.13462500000000000 -30.18530036684537617
 -0.08475000000000000 -29.96011374255837916
 -0.03962500000000000 -29.89288146614710242
 -0.03950000000000000 -30.24079093740718085
 -0.03350000000000000 -29.81532817473826489
 -0.01487500000000000 -29.91939989480143383
  0.03037500000000000 -29.88864950842098076
  0.03612500000000000 -30.00399904649592065
  0.04500000000000000 -29.99707380811268411
  0.05850000000000000 -30.03359300942444199
  0.10875000000000000 -30.10587794764240340
  0.18725000000000000 -30.37444003527225896
  0.18775000000000000 -30.31789509325317110
  0.25312500000000000 -30.09804494938120538
  0.26337500000000000 -29.83940118563719027
  0.31812500000000000 -30.37756345655864890
  0.34637500000000000 -29.85482410982488514
  0.39650000000000000 -30.05304773017988345
  0.40600000000000000 -29.82623096126925748
  0.46287500000000000 -30.13308039121291352
  0.49612500000000000 -29.89198389572425147
