 -0.41175000000000000  22.99944608275876566
 -0.41025000000000000  22.88534981590665622
 -0.40137500000000000  22.60577427168568642
 -0.39925000000000000  22.64382005349317806
 -0.38337500000000000  22.61816964239896526
 -0.35962500000000000  22.71509048632304753
 -0.34262500000000000  23.01463402587715505
 -0.22262500000000000  22.90833540474477976
 -0.21425000000000000  22.96263545721155365
 -0.20087500000000000  22.66059350016706548
 -0.14725000000000000  22.70567883993591193
 -0.10712500000000000  22.59018792759629541
 -0.10675000000000000  22.56165266773901178
 -0.07775000000000000  22.66160520793441518
 -0.06287500000000000  23.10709844055763582
 -0.05087500000000000  22.57285357007034190
 -0.04975000000000000  22.96333975637820580
 -0.04675000000000000  22.55633548941596947
 -0.03837500000000000  22.71108333061731431
 -0.02550000000000000  22.56394147248467744
 -0.01125000000000000  22.90020859219528426
 -0.00200000000000000  22.78775183078142046
  0.03100000000000000  23.00025955370992950
  0.03262500000000000  22.76864609073265067
  0.05762500000000000  22.63985476552990407
  0.05875000000000000  23.12933810997350086
  0.08012500000000000  22.75464153061191622
  0.11462500000000000  22.82955649074374184
  0.12287500000000000  22.70497991931521569
  0.15650000000000000  22.82943225870086949
  0.16275000000000000  22.60500637643514838
  0.17562500000000000  22.65189629915470994
  0.17862500000000000  23.12871278272495909
  0.19225000000000000  22.84777090566626444
  0.21762500000000000  22.71724117514875942
  0.21775000000000000  23.06802626437202010
  0.24962500000000000  22.92047241966717837
  0.26212500000000000  23.01408818624771756
  0.30087500000000000  22.65484527541248556
  0.31112500000000000  23.08452630848085734
  0.33887500000000000  22.56948895726706579
  0.35287500000000000  23.12370395618225420
  0.36637500000000000  22.88902161083689650
  0.42362500000000000  22.78472187572062068
  0.43912500000000000  22.77271779163861422
  0.47612500000000000  22.99462369107076045
  0.49150000000000000  22.80641957831473511
  0.49287500000000000  22.84458312951478244
