 -0.49625000000000000  -3.24794430644272897
 -0.47837500000000000  -3.21105221900312418
 -0.43887500000000000  -3.67846506101623123
 -0.42987500000000000  -3.25915256401626690
 -0.41400000000000000  -3.41835144164186788
 -0.41112500000000000  -3.77041880962621718
 -0.40937500000000000  -3.56049679250765260
 -0.40762500000000000  -3.51725860038834962
 -0.40687500000000000  -3.63134680879606061
 -0.38487500000000000  -3.33150808426094054
 -0.37725000000000000  -3.61494581489524915
 -0.36875000000000000  -3.66086461666637310
 -0.36400000000000000  -3.43044724051777953
 -0.36387500000000000  -3.59148768570038521
 -0.35675000000000000  -3.20477132592798674
 -0.35200000000000000  -3.30206157307940777
 -0.31475000000000000  -3.65893795267541921
 -0.29662500000000000  -3.74717980401497435
 -0.28412500000000000  -3.39278466768212034
 -0.20437500000000000  -3.61890619905847645
 -0.19125000000000000  -3.68828028596989913
 -0.16100000000000000  -3.25064081705702385
 -0.13937500000000000  -3.39568220636008937
 -0.13237500000000000  -3.20592083015836636
 -0.11962500000000000  -3.74760321541010856
 -0.10887500000000000  -3.44492180744854998
 -0.08075000000000000  -3.64545223317366072
 -0.07875000000000000  -3.35837083458181750
 -0.06512500000000000  -3.23124975303095277
 -0.05087500000000000  -3.69878264059058562
 -0.04250000000000000  -3.39222460476597003
 -0.03462500000000000  -3.49872217356043941
 -0.03300000000000000  -3.79429042726096484
 -0.02262500000000000  -3.49258322830612112
  0.00375000000000000  -3.26596556182445766
  0.01062500000000000  -3.70985125139452254
  0.05275000000000000  -3.65156132710544292
  0.05287500000000000  -3.37963365802818848
  0.05962500000000000  -3.70059710071460142
  0.07987500000000000  -3.20215414274364005
  0.08062500000000000  -3.45265075495068056
  0.10137500000000000  -3.44176745353852170
  0.10325000000000000  -3.71074088956550491
  0.12162500000000000  -3.53941969027369168
  0.12600000000000000  -3.73011859539522521
  0.13137500000000000  -3.21287561577966294
  0.14350000000000000  -3.58057785511819491
  0.14437500000000000  -3.32826131639319601
  0.15187500000000000  -3.32152255651687333
  0.18237500000000000  -3.56917167109517321
  0.20612500000000000  -3.74679945951197014
  0.21587500000000000  -3.21762184799551388
  0.22325000000000000  -3.68424222131200315
  0.23075000000000000  -3.49023392152264954
  0.23962500000000000  -3.22907317348205294
  0.24350000000000000  -3.29200594855613561
  0.26550000000000000  -3.64272177264057134
  0.26625000000000000  -3.20624673476636648
  0.26662500000000000  -3.66432251601165621
  0.27400000000000000  -3.76884203645683609
  0.27550000000000000  -3.64870659641567389
  0.29087500000000000  -3.24235983615083629
  0.29687500000000000  -3.33450566802761954
  0.29912500000000000  -3.77368069149158990
  0.31837500000000000  -3.51565030751503774
  0.32650000000000000  -3.71716821635674399
  0.37237500000000000  -3.27461664252809479
  0.39062500000000000  -3.73093723139990067
  0.40475000000000000  -3.20763797625605373
  0.43412500000000000  -3.50581205945932693
  0.43637500000000000  -3.59911522943777547
  0.44462500000000000  -3.60882180111532413
  0.45475000000000000  -3.23357946289348250
  0.48075000000000000  -3.77321948399802598
  0.48262500000000000  -3.74133695689979952
  0.49475000000000000  -3.57163811086347772
