 -0.48825000000000000 -43.77010246320746489
 -0.46625000000000000 -44.00344694135933192
 -0.40512500000000000 -43.97310361687208773
 -0.38075000000000000 -44.10736536390387702
 -0.37475000000000000 -43.89088842904101117
 -0.31237500000000000 -43.65237681847924726
 -0.30625000000000000 -44.00641396981226932
 -0.28812500000000000 -44.08809449944106753
 -0.26712500000000000 -43.85170930883655092
 -0.26650000000000000 -44.19620511135653533
 -0.26187500000000000 -43.69459181208579802
 -0.26062500000000000 -44.07551477957456684
 -0.25762500000000000 -44.17424068363252449
 -0.24375000000000000 -43.81634140030978198
 -0.16875000000000000 -44.01629123952227924
 -0.15600000000000000 -44.06375872268221642
 -0.15350000000000000 -44.21888334368059095
 -0.15337500000000000 -44.10550395480476359
 -0.13562500000000000 -43.70673391380019302
  0.06862500000000000 -43.70843931545465761
  0.19037500000000000 -43.99526500358276506
  0.34887500000000000 -43.70854877258808835
  0.36387500000000000 -44.15335221265515163
  0.40250000000000000 -44.15578797255734450
  0.43112500000000000 -43.89212639570941161
  0.44900000000000000 -43.87113738835252461
  0.46000000000000000 -44.13655989434364580
