 -0.49800000000000000 -123456789.00000000000000000
 -0.49662500000000000 -123456789.00000000000000000
 -0.49562500000000000 -123456789.00000000000000000
 -0.49375000000000000 -123456789.00000000000000000
 -0.49312500000000000 -123456789.00000000000000000
 -0.49275000000000000 -123456789.00000000000000000
 -0.49225000000000000 -123456789.00000000000000000
 -0.49150000000000000 -123456789.00000000000000000
 -0.49125000000000000 -123456789.00000000000000000
 -0.48937500000000000 -123456789.00000000000000000
 -0.48662500000000000 -123456789.00000000000000000
 -0.48375000000000000 -123456789.00000000000000000
 -0.48187500000000000 -123456789.00000000000000000
 -0.48150000000000000 -123456789.00000000000000000
 -0.48062500000000000 -123456789.00000000000000000
 -0.47925000000000000 -123456789.00000000000000000
 -0.47850000000000000 -123456789.00000000000000000
 -0.47800000000000000 -123456789.00000000000000000
 -0.47587500000000000 -123456789.00000000000000000
 -0.47325000000000000 -123456789.00000000000000000
 -0.46725000000000000 -123456789.00000000000000000
 -0.46712500000000000 -123456789.00000000000000000
 -0.46675000000000000 -123456789.00000000000000000
 -0.46412500000000000 -123456789.00000000000000000
 -0.46050000000000000 -123456789.00000000000000000
 -0.45875000000000000 -123456789.00000000000000000
 -0.45825000000000000 -123456789.00000000000000000
 -0.45812500000000000 -123456789.00000000000000000
 -0.45575000000000000 -123456789.00000000000000000
 -0.45400000000000000 -123456789.00000000000000000
 -0.45312500000000000 -123456789.00000000000000000
 -0.45212500000000000 -123456789.00000000000000000
 -0.45037500000000000 -123456789.00000000000000000
 -0.44950000000000000 -123456789.00000000000000000
 -0.44712500000000000 -123456789.00000000000000000
 -0.44675000000000000 -123456789.00000000000000000
 -0.44625000000000000 -123456789.00000000000000000
 -0.44612500000000000 -123456789.00000000000000000
 -0.44500000000000000 -123456789.00000000000000000
 -0.44487500000000000 -123456789.00000000000000000
 -0.44412500000000000 -123456789.00000000000000000
 -0.43812500000000000 -123456789.00000000000000000
 -0.43562500000000000 -123456789.00000000000000000
 -0.43375000000000000 -123456789.00000000000000000
 -0.43062500000000000 -123456789.00000000000000000
 -0.42762500000000000 -123456789.00000000000000000
 -0.42387500000000000 -123456789.00000000000000000
 -0.42000000000000000 -123456789.00000000000000000
 -0.41962500000000000 -123456789.00000000000000000
 -0.41825000000000000 -123456789.00000000000000000
 -0.41787500000000000 -123456789.00000000000000000
 -0.41662500000000000 -123456789.00000000000000000
 -0.41650000000000000 -123456789.00000000000000000
 -0.41587500000000000 -123456789.00000000000000000
 -0.40937500000000000 -123456789.00000000000000000
 -0.40687500000000000 -123456789.00000000000000000
 -0.40500000000000000 -123456789.00000000000000000
 -0.40350000000000000 -123456789.00000000000000000
 -0.40300000000000000 -123456789.00000000000000000
 -0.40262500000000000 -123456789.00000000000000000
 -0.39912500000000000 -123456789.00000000000000000
 -0.39812500000000000 -123456789.00000000000000000
 -0.39675000000000000 -123456789.00000000000000000
 -0.39287500000000000 -123456789.00000000000000000
 -0.39225000000000000 -123456789.00000000000000000
 -0.38937500000000000 -123456789.00000000000000000
 -0.38750000000000000 -123456789.00000000000000000
 -0.38625000000000000 -123456789.00000000000000000
 -0.38175000000000000 -123456789.00000000000000000
 -0.37762500000000000 -123456789.00000000000000000
 -0.37512500000000000 -123456789.00000000000000000
 -0.37300000000000000 -123456789.00000000000000000
 -0.37250000000000000 -123456789.00000000000000000
 -0.37212500000000000 -123456789.00000000000000000
 -0.36800000000000000 -123456789.00000000000000000
 -0.36662500000000000 -123456789.00000000000000000
 -0.36512500000000000 -123456789.00000000000000000
 -0.36500000000000000 -123456789.00000000000000000
 -0.36262500000000000 -123456789.00000000000000000
 -0.36075000000000000 -123456789.00000000000000000
 -0.35912500000000000 -123456789.00000000000000000
 -0.35450000000000000 -123456789.00000000000000000
 -0.35212500000000000 -123456789.00000000000000000
 -0.34925000000000000 -123456789.00000000000000000
 -0.34787500000000000 -123456789.00000000000000000
 -0.34775000000000000 -123456789.00000000000000000
 -0.34762500000000000 -123456789.00000000000000000
 -0.34725000000000000 -123456789.00000000000000000
 -0.34600000000000000 -123456789.00000000000000000
 -0.34562500000000000 -123456789.00000000000000000
 -0.34537500000000000 -123456789.00000000000000000
 -0.34500000000000000 -123456789.00000000000000000
 -0.34387500000000000 -123456789.00000000000000000
 -0.34225000000000000 -123456789.00000000000000000
 -0.34100000000000000 -123456789.00000000000000000
 -0.34050000000000000 -123456789.00000000000000000
 -0.34012500000000000 -123456789.00000000000000000
 -0.33900000000000000 -123456789.00000000000000000
 -0.33787500000000000 -123456789.00000000000000000
 -0.33575000000000000 -123456789.00000000000000000
 -0.33362500000000000 -123456789.00000000000000000
 -0.33025000000000000 -123456789.00000000000000000
 -0.32937500000000000 -123456789.00000000000000000
 -0.32675000000000000 -123456789.00000000000000000
 -0.32475000000000000 -123456789.00000000000000000
 -0.32325000000000000 -123456789.00000000000000000
 -0.32237500000000000 -123456789.00000000000000000
 -0.32112500000000000 -123456789.00000000000000000
 -0.31637500000000000 -123456789.00000000000000000
 -0.31550000000000000 -123456789.00000000000000000
 -0.31537500000000000 -123456789.00000000000000000
 -0.31500000000000000 -123456789.00000000000000000
 -0.31375000000000000 -123456789.00000000000000000
 -0.31325000000000000 -123456789.00000000000000000
 -0.31162500000000000 -123456789.00000000000000000
 -0.31100000000000000 -123456789.00000000000000000
 -0.30837500000000000 -123456789.00000000000000000
 -0.30725000000000000 -123456789.00000000000000000
 -0.30700000000000000 -123456789.00000000000000000
 -0.30675000000000000 -123456789.00000000000000000
 -0.30587500000000000 -123456789.00000000000000000
 -0.30550000000000000 -123456789.00000000000000000
 -0.30512500000000000 -123456789.00000000000000000
 -0.30400000000000000 -123456789.00000000000000000
 -0.30375000000000000 -123456789.00000000000000000
 -0.30050000000000000 -123456789.00000000000000000
 -0.29837500000000000 -123456789.00000000000000000
 -0.29762500000000000 -123456789.00000000000000000
 -0.29662500000000000 -123456789.00000000000000000
 -0.29637500000000000 -123456789.00000000000000000
 -0.29525000000000000 -123456789.00000000000000000
 -0.29262500000000000 -123456789.00000000000000000
 -0.29187500000000000 -123456789.00000000000000000
 -0.28912500000000000 -123456789.00000000000000000
 -0.28725000000000000 -123456789.00000000000000000
 -0.28337500000000000 -123456789.00000000000000000
 -0.28312500000000000 -123456789.00000000000000000
 -0.28262500000000000 -123456789.00000000000000000
 -0.28150000000000000 -123456789.00000000000000000
 -0.28075000000000000 -123456789.00000000000000000
 -0.27737500000000000 -123456789.00000000000000000
 -0.27712500000000000 -123456789.00000000000000000
 -0.27575000000000000 -123456789.00000000000000000
 -0.27562500000000000 -123456789.00000000000000000
 -0.27350000000000000 -123456789.00000000000000000
 -0.27225000000000000 -123456789.00000000000000000
 -0.26562500000000000 -123456789.00000000000000000
 -0.26450000000000000 -123456789.00000000000000000
 -0.26387500000000000 -123456789.00000000000000000
 -0.26175000000000000 -123456789.00000000000000000
 -0.26062500000000000 -123456789.00000000000000000
 -0.25887500000000000 -123456789.00000000000000000
 -0.25750000000000000 -123456789.00000000000000000
 -0.25712500000000000 -123456789.00000000000000000
 -0.25362500000000000 -123456789.00000000000000000
 -0.24962500000000000 -123456789.00000000000000000
 -0.24762500000000000 -123456789.00000000000000000
 -0.24462500000000000 -123456789.00000000000000000
 -0.24337500000000000 -123456789.00000000000000000
 -0.24312500000000000 -123456789.00000000000000000
 -0.24000000000000000 -123456789.00000000000000000
 -0.23925000000000000 -123456789.00000000000000000
 -0.23662500000000000 -123456789.00000000000000000
 -0.23337500000000000 -123456789.00000000000000000
 -0.23325000000000000 -123456789.00000000000000000
 -0.23287500000000000 -123456789.00000000000000000
 -0.23062500000000000 -123456789.00000000000000000
 -0.23000000000000000 -123456789.00000000000000000
 -0.22950000000000000 -123456789.00000000000000000
 -0.22412500000000000 -123456789.00000000000000000
 -0.21987500000000000 -123456789.00000000000000000
 -0.21887500000000000 -123456789.00000000000000000
 -0.21850000000000000 -123456789.00000000000000000
 -0.21750000000000000 -123456789.00000000000000000
 -0.21425000000000000 -123456789.00000000000000000
 -0.21212500000000000 -123456789.00000000000000000
 -0.20712500000000000 -123456789.00000000000000000
 -0.20525000000000000 -123456789.00000000000000000
 -0.20437500000000000 -123456789.00000000000000000
 -0.20362500000000000 -123456789.00000000000000000
 -0.20162500000000000 -123456789.00000000000000000
 -0.20100000000000000 -123456789.00000000000000000
 -0.19975000000000000 -123456789.00000000000000000
 -0.19900000000000000 -123456789.00000000000000000
 -0.19475000000000000 -123456789.00000000000000000
 -0.19262500000000000 -123456789.00000000000000000
 -0.19175000000000000 -123456789.00000000000000000
 -0.19150000000000000 -123456789.00000000000000000
 -0.19087500000000000 -123456789.00000000000000000
 -0.19062500000000000 -123456789.00000000000000000
 -0.19012500000000000 -123456789.00000000000000000
 -0.18925000000000000 -123456789.00000000000000000
 -0.18650000000000000 -123456789.00000000000000000
 -0.18637500000000000 -123456789.00000000000000000
 -0.18525000000000000 -123456789.00000000000000000
 -0.18250000000000000 -123456789.00000000000000000
 -0.18062500000000000 -123456789.00000000000000000
 -0.18025000000000000 -123456789.00000000000000000
 -0.17825000000000000 -123456789.00000000000000000
 -0.17812500000000000 -123456789.00000000000000000
 -0.17762500000000000 -123456789.00000000000000000
 -0.17737500000000000 -123456789.00000000000000000
 -0.17725000000000000 -123456789.00000000000000000
 -0.17525000000000000 -123456789.00000000000000000
 -0.17437500000000000 -123456789.00000000000000000
 -0.17225000000000000 -123456789.00000000000000000
 -0.16650000000000000 -123456789.00000000000000000
 -0.16625000000000000 -123456789.00000000000000000
 -0.16562500000000000 -123456789.00000000000000000
 -0.16300000000000000 -123456789.00000000000000000
 -0.16137500000000000 -123456789.00000000000000000
 -0.16100000000000000 -123456789.00000000000000000
 -0.16037500000000000 -123456789.00000000000000000
 -0.15725000000000000 -123456789.00000000000000000
 -0.15612500000000000 -123456789.00000000000000000
 -0.15525000000000000 -123456789.00000000000000000
 -0.15512500000000000 -123456789.00000000000000000
 -0.15412500000000000 -123456789.00000000000000000
 -0.15362500000000000 -123456789.00000000000000000
 -0.15200000000000000 -123456789.00000000000000000
 -0.15012500000000000 -123456789.00000000000000000
 -0.15000000000000000 -123456789.00000000000000000
 -0.14875000000000000 -123456789.00000000000000000
 -0.14775000000000000 -123456789.00000000000000000
 -0.14737500000000000 -123456789.00000000000000000
 -0.14700000000000000 -123456789.00000000000000000
 -0.14137500000000000 -123456789.00000000000000000
 -0.14062500000000000 -123456789.00000000000000000
 -0.13475000000000000 -123456789.00000000000000000
 -0.13425000000000000 -123456789.00000000000000000
 -0.13387500000000000 -123456789.00000000000000000
 -0.12912500000000000 -123456789.00000000000000000
 -0.12862500000000000 -123456789.00000000000000000
 -0.12800000000000000 -123456789.00000000000000000
 -0.12600000000000000 -123456789.00000000000000000
 -0.12550000000000000 -123456789.00000000000000000
 -0.12500000000000000 -123456789.00000000000000000
 -0.12487500000000000 -123456789.00000000000000000
 -0.12225000000000000 -123456789.00000000000000000
 -0.11887500000000000 -123456789.00000000000000000
 -0.11862500000000000 -123456789.00000000000000000
 -0.11600000000000000 -123456789.00000000000000000
 -0.11500000000000000 -123456789.00000000000000000
 -0.11487500000000000 -123456789.00000000000000000
 -0.11450000000000000 -123456789.00000000000000000
 -0.11362500000000000 -123456789.00000000000000000
 -0.11175000000000000 -123456789.00000000000000000
 -0.10762500000000000 -123456789.00000000000000000
 -0.10575000000000000 -123456789.00000000000000000
 -0.10300000000000000 -123456789.00000000000000000
 -0.10137500000000000 -123456789.00000000000000000
 -0.10112500000000000 -123456789.00000000000000000
 -0.10037500000000000 -123456789.00000000000000000
 -0.09862500000000000 -123456789.00000000000000000
 -0.09600000000000000 -123456789.00000000000000000
 -0.09125000000000000 -123456789.00000000000000000
 -0.09000000000000000 -123456789.00000000000000000
 -0.08637500000000000 -123456789.00000000000000000
 -0.08500000000000000 -123456789.00000000000000000
 -0.08475000000000000 -123456789.00000000000000000
 -0.08300000000000000 -123456789.00000000000000000
 -0.08287500000000000 -123456789.00000000000000000
 -0.08200000000000000 -123456789.00000000000000000
 -0.08125000000000000 -123456789.00000000000000000
 -0.07937500000000000 -123456789.00000000000000000
 -0.07862500000000000 -123456789.00000000000000000
 -0.07400000000000000 -123456789.00000000000000000
 -0.07200000000000000 -123456789.00000000000000000
 -0.07162500000000000 -123456789.00000000000000000
 -0.06950000000000000 -123456789.00000000000000000
 -0.06837500000000000 -123456789.00000000000000000
 -0.06800000000000000 -123456789.00000000000000000
 -0.06775000000000000 -123456789.00000000000000000
 -0.06275000000000000 -123456789.00000000000000000
 -0.06112500000000000 -123456789.00000000000000000
 -0.05825000000000000 -123456789.00000000000000000
 -0.05712500000000000 -123456789.00000000000000000
 -0.05662500000000000 -123456789.00000000000000000
 -0.05562500000000000 -123456789.00000000000000000
 -0.05450000000000000 -123456789.00000000000000000
 -0.05012500000000000 -123456789.00000000000000000
 -0.04925000000000000 -123456789.00000000000000000
 -0.04675000000000000 -123456789.00000000000000000
 -0.04600000000000000 -123456789.00000000000000000
 -0.04487500000000000 -123456789.00000000000000000
 -0.04462500000000000 -123456789.00000000000000000
 -0.04262500000000000 -123456789.00000000000000000
 -0.04062500000000000 -123456789.00000000000000000
 -0.03625000000000000 -123456789.00000000000000000
 -0.03487500000000000 -123456789.00000000000000000
 -0.03300000000000000 -123456789.00000000000000000
 -0.03287500000000000 -123456789.00000000000000000
 -0.03262500000000000 -123456789.00000000000000000
 -0.03100000000000000 -123456789.00000000000000000
 -0.03037500000000000 -123456789.00000000000000000
 -0.02750000000000000 -123456789.00000000000000000
 -0.02662500000000000 -123456789.00000000000000000
 -0.02575000000000000 -123456789.00000000000000000
 -0.02525000000000000 -123456789.00000000000000000
 -0.02300000000000000 -123456789.00000000000000000
 -0.02250000000000000 -123456789.00000000000000000
 -0.01937500000000000 -123456789.00000000000000000
 -0.01850000000000000 -123456789.00000000000000000
 -0.01675000000000000 -123456789.00000000000000000
 -0.01537500000000000 -123456789.00000000000000000
 -0.00862500000000000 -123456789.00000000000000000
 -0.00800000000000000 -123456789.00000000000000000
 -0.00550000000000000 -123456789.00000000000000000
  0.00050000000000000 -123456789.00000000000000000
  0.01050000000000000 -123456789.00000000000000000
  0.01125000000000000 -123456789.00000000000000000
  0.01287500000000000 -123456789.00000000000000000
  0.01487500000000000 -123456789.00000000000000000
  0.01562500000000000 -123456789.00000000000000000
  0.01575000000000000 -123456789.00000000000000000
  0.01687500000000000 -123456789.00000000000000000
  0.02237500000000000 -123456789.00000000000000000
  0.02512500000000000 -123456789.00000000000000000
  0.02812500000000000 -123456789.00000000000000000
  0.02937500000000000 -123456789.00000000000000000
  0.03087500000000000 -123456789.00000000000000000
  0.03325000000000000 -123456789.00000000000000000
  0.03400000000000000 -123456789.00000000000000000
  0.03437500000000000 -123456789.00000000000000000
  0.03625000000000000 -123456789.00000000000000000
  0.03687500000000000 -123456789.00000000000000000
  0.03900000000000000 -123456789.00000000000000000
  0.03962500000000000 -123456789.00000000000000000
  0.04075000000000000 -123456789.00000000000000000
  0.04387500000000000 -123456789.00000000000000000
  0.04662500000000000 -123456789.00000000000000000
  0.04687500000000000 -123456789.00000000000000000
  0.05087500000000000 -123456789.00000000000000000
  0.05125000000000000 -123456789.00000000000000000
  0.05187500000000000 -123456789.00000000000000000
  0.05412500000000000 -123456789.00000000000000000
  0.06012500000000000 -123456789.00000000000000000
  0.06050000000000000 -123456789.00000000000000000
  0.06100000000000000 -123456789.00000000000000000
  0.06200000000000000 -123456789.00000000000000000
  0.06337500000000000 -123456789.00000000000000000
  0.06550000000000000 -123456789.00000000000000000
  0.07000000000000000 -123456789.00000000000000000
  0.07025000000000000 -123456789.00000000000000000
  0.07212500000000000 -123456789.00000000000000000
  0.07487500000000000 -123456789.00000000000000000
  0.07575000000000000 -123456789.00000000000000000
  0.07662500000000000 -123456789.00000000000000000
  0.07800000000000000 -123456789.00000000000000000
  0.07825000000000000 -123456789.00000000000000000
  0.07875000000000000 -123456789.00000000000000000
  0.08712500000000000 -123456789.00000000000000000
  0.08737500000000000 -123456789.00000000000000000
  0.08800000000000000 -123456789.00000000000000000
  0.08837500000000000 -123456789.00000000000000000
  0.08912500000000000 -123456789.00000000000000000
  0.09200000000000000 -123456789.00000000000000000
  0.09287500000000000 -123456789.00000000000000000
  0.09487500000000000 -123456789.00000000000000000
  0.09500000000000000 -123456789.00000000000000000
  0.09550000000000000 -123456789.00000000000000000
  0.09575000000000000 -123456789.00000000000000000
  0.10025000000000000 -123456789.00000000000000000
  0.10287500000000000 -123456789.00000000000000000
  0.10425000000000000 -123456789.00000000000000000
  0.10475000000000000 -123456789.00000000000000000
  0.10525000000000000 -123456789.00000000000000000
  0.10575000000000000 -123456789.00000000000000000
  0.10750000000000000 -123456789.00000000000000000
  0.10775000000000000 -123456789.00000000000000000
  0.11112500000000000 -123456789.00000000000000000
  0.11350000000000000 -123456789.00000000000000000
  0.11600000000000000 -123456789.00000000000000000
  0.11800000000000000 -123456789.00000000000000000
  0.11850000000000000 -123456789.00000000000000000
  0.11862500000000000 -123456789.00000000000000000
  0.12525000000000000 -123456789.00000000000000000
  0.13512500000000000 -123456789.00000000000000000
  0.13525000000000000 -123456789.00000000000000000
  0.13587500000000000 -123456789.00000000000000000
  0.13850000000000000 -123456789.00000000000000000
  0.13875000000000000 -123456789.00000000000000000
  0.14087500000000000 -123456789.00000000000000000
  0.14175000000000000 -123456789.00000000000000000
  0.14625000000000000 -123456789.00000000000000000
  0.14975000000000000 -123456789.00000000000000000
  0.15025000000000000 -123456789.00000000000000000
  0.15225000000000000 -123456789.00000000000000000
  0.15262500000000000 -123456789.00000000000000000
  0.15350000000000000 -123456789.00000000000000000
  0.15625000000000000 -123456789.00000000000000000
  0.15812500000000000 -123456789.00000000000000000
  0.15987500000000000 -123456789.00000000000000000
  0.16262500000000000 -123456789.00000000000000000
  0.16537500000000000 -123456789.00000000000000000
  0.16575000000000000 -123456789.00000000000000000
  0.16962500000000000 -123456789.00000000000000000
  0.17037500000000000 -123456789.00000000000000000
  0.17400000000000000 -123456789.00000000000000000
  0.17662500000000000 -123456789.00000000000000000
  0.17887500000000000 -123456789.00000000000000000
  0.18175000000000000 -123456789.00000000000000000
  0.18625000000000000 -123456789.00000000000000000
  0.18837500000000000 -123456789.00000000000000000
  0.18925000000000000 -123456789.00000000000000000
  0.18950000000000000 -123456789.00000000000000000
  0.18962500000000000 -123456789.00000000000000000
  0.19125000000000000 -123456789.00000000000000000
  0.19150000000000000 -123456789.00000000000000000
  0.19637500000000000 -123456789.00000000000000000
  0.19650000000000000 -123456789.00000000000000000
  0.19950000000000000 -123456789.00000000000000000
  0.20125000000000000 -123456789.00000000000000000
  0.20250000000000000 -123456789.00000000000000000
  0.20412500000000000 -123456789.00000000000000000
  0.20575000000000000 -123456789.00000000000000000
  0.20600000000000000 -123456789.00000000000000000
  0.20662500000000000 -123456789.00000000000000000
  0.20687500000000000 -123456789.00000000000000000
  0.20700000000000000 -123456789.00000000000000000
  0.20725000000000000 -123456789.00000000000000000
  0.20925000000000000 -123456789.00000000000000000
  0.20987500000000000 -123456789.00000000000000000
  0.21437500000000000 -123456789.00000000000000000
  0.21487500000000000 -123456789.00000000000000000
  0.21712500000000000 -123456789.00000000000000000
  0.21912500000000000 -123456789.00000000000000000
  0.22150000000000000 -123456789.00000000000000000
  0.22162500000000000 -123456789.00000000000000000
  0.22200000000000000 -123456789.00000000000000000
  0.22225000000000000 -123456789.00000000000000000
  0.22575000000000000 -123456789.00000000000000000
  0.22775000000000000 -123456789.00000000000000000
  0.22950000000000000 -123456789.00000000000000000
  0.23000000000000000 -123456789.00000000000000000
  0.23087500000000000 -123456789.00000000000000000
  0.23100000000000000 -123456789.00000000000000000
  0.23512500000000000 -123456789.00000000000000000
  0.23650000000000000 -123456789.00000000000000000
  0.23675000000000000 -123456789.00000000000000000
  0.24262500000000000 -123456789.00000000000000000
  0.24337500000000000 -123456789.00000000000000000
  0.24712500000000000 -123456789.00000000000000000
  0.24825000000000000 -123456789.00000000000000000
  0.24925000000000000 -123456789.00000000000000000
  0.25112500000000000 -123456789.00000000000000000
  0.25225000000000000 -123456789.00000000000000000
  0.25287500000000000 -123456789.00000000000000000
  0.25300000000000000 -123456789.00000000000000000
  0.25587500000000000 -123456789.00000000000000000
  0.25737500000000000 -123456789.00000000000000000
  0.25762500000000000 -123456789.00000000000000000
  0.25775000000000000 -123456789.00000000000000000
  0.25937500000000000 -123456789.00000000000000000
  0.26000000000000000 -123456789.00000000000000000
  0.26062500000000000 -123456789.00000000000000000
  0.26112500000000000 -123456789.00000000000000000
  0.26225000000000000 -123456789.00000000000000000
  0.26350000000000000 -123456789.00000000000000000
  0.26362500000000000 -123456789.00000000000000000
  0.26675000000000000 -123456789.00000000000000000
  0.26762500000000000 -123456789.00000000000000000
  0.26837500000000000 -123456789.00000000000000000
  0.26887500000000000 -123456789.00000000000000000
  0.26900000000000000 -123456789.00000000000000000
  0.26987500000000000 -123456789.00000000000000000
  0.27025000000000000 -123456789.00000000000000000
  0.27450000000000000 -123456789.00000000000000000
  0.27550000000000000 -123456789.00000000000000000
  0.28125000000000000 -123456789.00000000000000000
  0.28312500000000000 -123456789.00000000000000000
  0.28425000000000000 -123456789.00000000000000000
  0.28450000000000000 -123456789.00000000000000000
  0.28500000000000000 -123456789.00000000000000000
  0.28537500000000000 -123456789.00000000000000000
  0.28700000000000000 -123456789.00000000000000000
  0.29000000000000000 -123456789.00000000000000000
  0.29412500000000000 -123456789.00000000000000000
  0.29537500000000000 -123456789.00000000000000000
  0.29762500000000000 -123456789.00000000000000000
  0.29950000000000000 -123456789.00000000000000000
  0.30775000000000000 -123456789.00000000000000000
  0.31075000000000000 -123456789.00000000000000000
  0.31175000000000000 -123456789.00000000000000000
  0.31212500000000000 -123456789.00000000000000000
  0.31350000000000000 -123456789.00000000000000000
  0.31887500000000000 -123456789.00000000000000000
  0.31900000000000000 -123456789.00000000000000000
  0.32300000000000000 -123456789.00000000000000000
  0.32500000000000000 -123456789.00000000000000000
  0.32525000000000000 -123456789.00000000000000000
  0.32662500000000000 -123456789.00000000000000000
  0.32762500000000000 -123456789.00000000000000000
  0.32887500000000000 -123456789.00000000000000000
  0.33037500000000000 -123456789.00000000000000000
  0.33337500000000000 -123456789.00000000000000000
  0.33487500000000000 -123456789.00000000000000000
  0.33512500000000000 -123456789.00000000000000000
  0.33537500000000000 -123456789.00000000000000000
  0.33600000000000000 -123456789.00000000000000000
  0.33687500000000000 -123456789.00000000000000000
  0.33712500000000000 -123456789.00000000000000000
  0.33837500000000000 -123456789.00000000000000000
  0.34062500000000000 -123456789.00000000000000000
  0.34100000000000000 -123456789.00000000000000000
  0.34325000000000000 -123456789.00000000000000000
  0.34600000000000000 -123456789.00000000000000000
  0.34712500000000000 -123456789.00000000000000000
  0.34837500000000000 -123456789.00000000000000000
  0.35075000000000000 -123456789.00000000000000000
  0.35550000000000000 -123456789.00000000000000000
  0.35837500000000000 -123456789.00000000000000000
  0.36112500000000000 -123456789.00000000000000000
  0.36137500000000000 -123456789.00000000000000000
  0.36650000000000000 -123456789.00000000000000000
  0.36862500000000000 -123456789.00000000000000000
  0.37000000000000000 -123456789.00000000000000000
  0.37175000000000000 -123456789.00000000000000000
  0.37237500000000000 -123456789.00000000000000000
  0.37362500000000000 -123456789.00000000000000000
  0.37412500000000000 -123456789.00000000000000000
  0.37462500000000000 -123456789.00000000000000000
  0.37525000000000000 -123456789.00000000000000000
  0.37575000000000000 -123456789.00000000000000000
  0.37612500000000000 -123456789.00000000000000000
  0.37662500000000000 -123456789.00000000000000000
  0.37675000000000000 -123456789.00000000000000000
  0.37712500000000000 -123456789.00000000000000000
  0.38112500000000000 -123456789.00000000000000000
  0.38412500000000000 -123456789.00000000000000000
  0.38425000000000000 -123456789.00000000000000000
  0.38625000000000000 -123456789.00000000000000000
  0.38787500000000000 -123456789.00000000000000000
  0.38875000000000000 -123456789.00000000000000000
  0.39150000000000000 -123456789.00000000000000000
  0.39500000000000000 -123456789.00000000000000000
  0.39612500000000000 -123456789.00000000000000000
  0.39887500000000000 -123456789.00000000000000000
  0.40162500000000000 -123456789.00000000000000000
  0.40562500000000000 -123456789.00000000000000000
  0.40900000000000000 -123456789.00000000000000000
  0.41062500000000000 -123456789.00000000000000000
  0.41137500000000000 -123456789.00000000000000000
  0.41425000000000000 -123456789.00000000000000000
  0.41462500000000000 -123456789.00000000000000000
  0.41625000000000000 -123456789.00000000000000000
  0.41650000000000000 -123456789.00000000000000000
  0.41837500000000000 -123456789.00000000000000000
  0.42025000000000000 -123456789.00000000000000000
  0.42050000000000000 -123456789.00000000000000000
  0.42062500000000000 -123456789.00000000000000000
  0.42125000000000000 -123456789.00000000000000000
  0.42425000000000000 -123456789.00000000000000000
  0.42487500000000000 -123456789.00000000000000000
  0.42562500000000000 -123456789.00000000000000000
  0.42600000000000000 -123456789.00000000000000000
  0.42762500000000000 -123456789.00000000000000000
  0.42812500000000000 -123456789.00000000000000000
  0.42837500000000000 -123456789.00000000000000000
  0.43062500000000000 -123456789.00000000000000000
  0.43250000000000000 -123456789.00000000000000000
  0.43537500000000000 -123456789.00000000000000000
  0.43625000000000000 -123456789.00000000000000000
  0.43650000000000000 -123456789.00000000000000000
  0.43712500000000000 -123456789.00000000000000000
  0.43887500000000000 -123456789.00000000000000000
  0.43937500000000000 -123456789.00000000000000000
  0.44125000000000000 -123456789.00000000000000000
  0.44275000000000000 -123456789.00000000000000000
  0.44325000000000000 -123456789.00000000000000000
  0.44925000000000000 -123456789.00000000000000000
  0.45325000000000000 -123456789.00000000000000000
  0.45412500000000000 -123456789.00000000000000000
  0.45650000000000000 -123456789.00000000000000000
  0.45662500000000000 -123456789.00000000000000000
  0.45800000000000000 -123456789.00000000000000000
  0.45825000000000000 -123456789.00000000000000000
  0.45837500000000000 -123456789.00000000000000000
  0.46112500000000000 -123456789.00000000000000000
  0.46662500000000000 -123456789.00000000000000000
  0.46712500000000000 -123456789.00000000000000000
  0.46750000000000000 -123456789.00000000000000000
  0.47100000000000000 -123456789.00000000000000000
  0.47275000000000000 -123456789.00000000000000000
  0.47300000000000000 -123456789.00000000000000000
  0.47487500000000000 -123456789.00000000000000000
  0.47925000000000000 -123456789.00000000000000000
  0.48000000000000000 -123456789.00000000000000000
  0.48112500000000000 -123456789.00000000000000000
  0.48137500000000000 -123456789.00000000000000000
  0.48162500000000000 -123456789.00000000000000000
  0.48225000000000000 -123456789.00000000000000000
  0.48237500000000000 -123456789.00000000000000000
  0.48250000000000000 -123456789.00000000000000000
  0.48425000000000000 -123456789.00000000000000000
  0.48562500000000000 -123456789.00000000000000000
  0.49012500000000000 -123456789.00000000000000000
  0.49300000000000000 -123456789.00000000000000000
  0.49425000000000000 -123456789.00000000000000000
  0.49512500000000000 -123456789.00000000000000000
  0.49650000000000000 -123456789.00000000000000000
