 -0.35641691759000000 -1948.00828213792993715
 -0.35541691759000000 -2997.65003798289408943
 -0.35441691759000000 -2379.06417760138625406
 -0.35341691759000000 -2113.85804040312395524
 -0.35241691759000000 -295.57751224862357120
 -0.35141691759000000 -1707.74021869510649962
 -0.35041691759000000 -111.12544056911472605
 -0.34841691759000000 -27950.72801725471495438
 -0.34641691759000000 -156.27156484301205459
 -0.34541691759000000 -11777.51364317211747057
 -0.34441691759000000 -23679.74374302087204747
 -0.34341691759000000 -1144.75353426097184384
 -0.34241691759000000 -392.08679193851037417
 -0.34141691759000000 -229.64366272451443275
 -0.34041691759000000 -2620.87966505565010000
 -0.33941691759000000 -8093.78748343408470767
 -0.33841691759000000 -1079.82796333005858191
 -0.33741691759000000 -37767.96252769361619883
 -0.33641691759000000 -197.56253401760241507
 -0.33541691759000000 -260.55567094138236137
 -0.33441691759000000 -100.63728569642291168
 -0.33341691759000000 -44.44457760574418637
 -0.33241691759000000 -121.13906129590623038
 -0.33141691759000000 -102.22341864965543873
 -0.33041691759000000 -433.22123485671561996
 -0.32941691759000000 -39.05151551779692205
 -0.32841691759000000 -645.04400667870542596
 -0.32741691759000000 -233.22209986432838164
 -0.32641691759000000 -16496.43809932870317070
 -0.32541691759000000 -926.16649790171288392
 -0.32441691759000000 -62.94531387893941434
 -0.32341691759000000 -994.16003724181141310
 -0.32241691759000000 -105.12293897773406821
 -0.32141691759000000 -691.27330323092399161
 -0.32041691759000000 -383.05244961280223667
 -0.31841691759000000 -37459.56803384635213661
 -0.31741691759000000 -3486.69058115966322364
 -0.31641691759000000 -173.49449407441598282
 -0.31541691759000000 -13082.55795471820003328
 -0.31441691759000000 -2053.50055286474458605
 -0.31341691759000000   0.57143033698481844
 -0.31241691759000000   0.57143140023128528
 -0.31141691759000000   0.57143140449563177
 -0.31041691759000000   0.57142932064655753
 -0.30941691759000000   0.57142951516113845
 -0.30841691759000000   0.57142849873196593
 -0.30741691759000000   0.57142804681563983
 -0.30641691759000000 -7692.99959055692843446
 -0.30541691759000000   0.57142952059637463
 -0.30441691759000000 -132.78037474537616068
 -0.30341691759000000 -93.47746460602834415
 -0.30241691759000000 -10185.50584004274539751
 -0.30141691759000000 -111.62907921981755958
 -0.30041691759000000 -635.85437711875551781
 -0.29941691759000000   0.57894090641471758
 -0.29841691759000000 -555.99581876191819241
 -0.29741691759000000   0.58064010467221162
 -0.29641691759000000   0.58240166735831931
 -0.29541691759000000   0.58332951800170399
 -0.29441691759000000   0.58332863370850952
 -0.29341691759000000   0.58332781468162562
 -0.29241691759000000   0.58332984765780233
 -0.29141691759000000   0.58333166881131454
 -0.29041691759000000   0.58536985341173143
 -0.28941691759000000   0.58620786831126330
 -0.28841691759000000   0.58729827775501873
 -0.28741691759000000   0.58823786635530012
 -0.28641691759000000   0.58823819298058030
 -0.28541691759000000   0.58919031280537781
 -0.28441691759000000   0.59007938926615406
 -0.28341691759000000   0.59091311185137088
 -0.28241691759000000   0.59156549646048304
 -0.28141691759000000   0.59258885286644226
 -0.28041691759000000   0.59375187572180782
 -0.27941691759000000   0.59771197451583425
 -0.27841691759000000   0.59877283266808958
 -0.27741691759000000   0.59998973586108084
 -0.27641691759000000   0.59999536672346411
 -0.27541691759000000   0.60000337078262986
 -0.27441691759000000   0.60000664534666692
 -0.27341691759000000   0.60000220044906269
 -0.27241691759000000   0.60000583899747185
 -0.27141691759000000   0.59999600710679468
 -0.27041691759000000   0.60000392832377287
 -0.26941691759000000   0.60000389611068128
 -0.26841691759000000   0.59999595234424041
 -0.26741691759000000   0.59999582174147768
 -0.26641691759000000   0.60000250323492966
 -0.26541691759000000   0.59999681829499031
 -0.26441691759000000   0.59999740024524283
 -0.26341691759000000   0.60000212536852141
 -0.26241691759000000   0.59999801600444118
 -0.26141691759000000   0.59999854008704849
 -0.26041691759000000   0.59999898580115965
 -0.25941691759000000   0.60000079698709236
 -0.25841691759000000   0.59999976721150360
 -0.25741691759000000   0.59999999999999858
 -0.25641691759000000   0.60000023186436772
 -0.25541691759000000   0.59999921533688987
 -0.25441691759000000   0.60000110656703599
 -0.25341691759000000   0.60000085946910568
 -0.25241691759000000   0.60000118532493044
 -0.25141691759000000   0.60000198463370631
 -0.25041691759000000   0.59999736132240265
 -0.24941691759000000   0.60000003403177671
 -0.24841691759000000   0.60000123804283401
 -0.24741691759000000   0.59999714038427163
 -0.24641691759000000   0.60000256156111821
 -0.24541691759000000   0.59999567748879502
 -0.24441691759000000   0.59999591654831239
 -0.24341691759000000   0.60000556746613721
 -0.24241691759000000   0.59999720577531681
 -0.24141691759000000   0.60000589457352545
 -0.24041691759000000   0.59999326990838274
 -0.23941691759000000   0.59999413874025764
 -0.23841691759000000   0.59999475849194236
 -0.23741691759000000   0.60000477088441832
 -0.23641691759000000   0.59999821743051017
 -0.23541691759000000   0.60000487178900349
 -0.23441691759000000   0.60000809806055563
 -0.23341691759000000   0.60000900732136110
 -0.23241691759000000   0.59972723676533829
 -0.23141691759000000   0.60495739866862727
 -0.23041691759000000   0.60578338177908148
 -0.22941691759000000   0.60640286851121550
 -0.22841691759000000   0.60692374850861244
 -0.22741691759000000   0.60737954100594508
 -0.22641691759000000   0.60781091293262551
 -0.22541691759000000   0.60820952998150918
 -0.22441691759000000   0.60858308480264374
 -0.22341691759000000   0.60893764016939278
 -0.22241691759000000   0.60928789156116286
 -0.22141691759000000   0.60961912815081526
 -0.22041691759000000   0.60993898149269413
 -0.21941691759000000   0.61025393718013555
 -0.21841691759000000   0.61056138533918948
 -0.21741691759000000   0.61086022306263877
 -0.21641691759000000   0.61111098565407693
 -0.21541691759000000   0.61142125226401051
 -0.21441691759000000   0.61170096475417492
 -0.21341691759000000   0.61197511694929574
 -0.21241691759000000   0.61223611032551453
 -0.21141691759000000   0.61249980173748162
 -0.21041691759000000   0.61275604425691705
 -0.20941691759000000   0.61300701522376552
 -0.20841691759000000   0.61325394581228972
 -0.20741691759000000   0.61349710023842515
 -0.20641691759000000   0.61373337331587369
 -0.20541691759000000   0.61397332842457565
 -0.20441691759000000   0.61420229993605229
 -0.20341691759000000   0.61442806914932094
 -0.20241691759000000   0.61465606802336828
 -0.20141691759000000   0.61488114414345491
 -0.20041691759000000   0.61510567360998205
 -0.19941691759000000   0.61538548373608122
 -0.19841691759000000   0.61538557704473492
 -0.19741691759000000   0.61569007125038779
 -0.19641691759000000   0.61590182678482857
 -0.19541691759000000   0.61610529639191632
 -0.19441691759000000   0.61630420488968660
 -0.19341691759000000   0.61649939657957303
 -0.19241691759000000   0.61669135632639176
 -0.19141691759000000   0.61688169732278129
 -0.19041691759000000   0.61706813527974097
 -0.18941691759000000   0.61724738337682793
 -0.18841691759000000   0.61742691415076854
 -0.18741691759000000   0.61760604635083491
 -0.18641691759000000   0.61778195716336220
 -0.18541691759000000   0.61795223889727570
 -0.18441691759000000   0.61812071849923777
 -0.18341691759000000   0.61828839238391892
 -0.18241691759000000   0.61845203825870378
 -0.18141691759000000   0.61861372217412685
 -0.18041691759000000   0.61877451796836879
 -0.17941691759000000   0.61892740513573346
 -0.17841691759000000   0.61908369076151362
 -0.17741691759000000   0.61923261829889943
 -0.17641691759000000   0.61938445844923765
 -0.17541691759000000   0.61952883285201035
 -0.17441691759000000   0.61967662692623032
 -0.17341691759000000   0.61981690076672032
 -0.17241691759000000   0.61995809232985578
 -0.17141691759000000   0.62009411421772863
 -0.17041691759000000   0.62022796766504612
 -0.16941691759000000   0.62036440783949168
 -0.16841691759000000   0.62049296698033022
 -0.16741691759000000   0.62062095968269250
 -0.16641691759000000   0.62074709677206070
 -0.16541691759000000   0.62087373529587214
 -0.16441691759000000   0.62099381367997625
 -0.16341691759000000   0.62111406890104877
 -0.16241691759000000   0.62123001325828569
 -0.16141691759000000   0.62134612411132998
 -0.16041691759000000   0.62146228293385236
 -0.15941691759000000   0.62157344807166583
 -0.15841691759000000   0.62168190667622984
 -0.15741691759000000   0.62178833335101121
