 -0.36296823653000000   0.55613155299508963
 -0.36196823653000000   0.55669426861251426
 -0.36096823653000000   0.55725715514552676
 -0.35996823653000000   0.55781235914439570
 -0.35896823653000000   0.55836731801739374
 -0.35796823653000000   0.55891686804835707
 -0.35696823653000000   0.55946445944758314
 -0.35596823653000000   0.56000625959136574
 -0.35496823653000000   0.56054974001467889
 -0.35396823653000000   0.56108525160386388
 -0.35296823653000000   0.56162064434987539
 -0.35196823653000000   0.56215266099424128
 -0.35096823653000000   0.56267994550733523
 -0.34996823653000000   0.56320427694136224
 -0.34896823653000000   0.56373034925559936
 -0.34796823653000000   0.56424980121824578
 -0.34696823653000000   0.56476610726476480
 -0.34596823653000000   0.56528009205230210
 -0.34496823653000000   0.56579104369470100
 -0.34396823653000000   0.56630307333575167
 -0.34296823653000000   0.56680925265039761
 -0.34196823653000000   0.56731318650724704
 -0.34096823653000000   0.56781485249379443
 -0.33996823653000000   0.56831426023560409
 -0.33896823653000000   0.56881153029857370
 -0.33796823653000000   0.56930691913459017
 -0.33696823653000000   0.56980077632872653
 -0.33596823653000000   0.57029391617079803
 -0.33496823653000000   0.57079051129222996
 -0.33396823653000000   0.57142936570842875
 -0.33296823653000000   0.57166810911422131
 -0.33196823653000000   0.57219381544592216
 -0.33096823653000000   0.57267757074623927
 -0.32996823653000000   0.57315309918422461
 -0.32896823653000000   0.57362870068494639
 -0.32796823653000000   0.57410153124691646
 -0.32696823653000000   0.57456912089785509
 -0.32596823653000000   0.57503484506197303
 -0.32496823653000000   0.57550074650933440
 -0.32396823653000000   0.57596030758408340
 -0.32296823653000000   0.57642081187554129
 -0.32196823653000000   0.57687926211450858
 -0.32096823653000000   0.57733252632028351
 -0.31996823653000000   0.57778768250016280
 -0.31896823653000000   0.57823594076797540
 -0.31796823653000000   0.57868707182249431
 -0.31696823653000000   0.57913139843157149
 -0.31596823653000000   0.57957752865567634
 -0.31496823653000000   0.58001880980711546
 -0.31396823653000000   0.58045806872688084
 -0.31296823653000000   0.58089843064834346
 -0.31196823653000000   0.58133269984373213
 -0.31096823653000000   0.58176771242041901
 -0.30996823653000000   0.58220068559708772
 -0.30896823653000000   0.58262927164863384
 -0.30796823653000000   0.58305700620981900
 -0.30696823653000000   0.58348554012721920
 -0.30596823653000000   0.58390863212325293
 -0.30496823653000000   0.58432973792756674
 -0.30396823653000000   0.58474926691089531
 -0.30296823653000000   0.58516930639747499
 -0.30196823653000000   0.58558668557015081
 -0.30096823653000000   0.58600046292578358
 -0.29996823653000000   0.58641227831785550
 -0.29896823653000000   0.58682235660185488
 -0.29796823653000000   0.58723053556072554
 -0.29696823653000000   0.58763692567617051
 -0.29596823653000000   0.58804164492123908
 -0.29496823653000000   0.58844463686696808
 -0.29396823653000000   0.58884580027194029
 -0.29296823653000000   0.58924508884467642
 -0.29196823653000000   0.58964253430925235
 -0.29096823653000000   0.59003823493168684
 -0.28996823653000000   0.59043229977988573
 -0.28896823653000000   0.59082470958427535
 -0.28796823653000000   0.59121534690524136
 -0.28696823653000000   0.59160426941674128
 -0.28596823653000000   0.59199157948936804
 -0.28496823653000000   0.59237642056944436
 -0.28396823653000000   0.59275789470385864
 -0.28296823653000000   0.59313852046580155
 -0.28196823653000000   0.59351918162984163
 -0.28096823653000000   0.59389826555234887
 -0.27996823653000000   0.59427502847646908
 -0.27896823653000000   0.59464763075574401
 -0.27796823653000000   0.59502158923455533
 -0.27696823653000000   0.59539475196959881
 -0.27596823653000000   0.59576462932956743
 -0.27496823653000000   0.59613242475878880
 -0.27396823653000000   0.59650208250161144
 -0.27296823653000000   0.59686971295936170
 -0.27196823653000000   0.59723456221599460
 -0.27096823653000000   0.59760328922572254
 -0.26996823653000000   0.59797228786378553
 -0.26896823653000000   0.59834246902494867
 -0.26796823653000000   0.59872476952219740
 -0.26696823653000000   0.59913537921459782
 -0.26596823653000000   0.59999503383546825
 -0.26496823653000000   0.59999766214331075
 -0.26396823653000000   0.60000045928700980
 -0.26296823653000000   0.60000324791070710
 -0.26196823653000000   0.60000287318798325
 -0.26096823653000000   0.60084970275308545
 -0.25996823653000000   0.60124965755798522
 -0.25896823653000000   0.60161399027755992
 -0.25796823653000000   0.60196788641654746
 -0.25696823653000000   0.60231300904851405
 -0.25596823653000000   0.60265526090132308
 -0.25496823653000000   0.60299088257092156
 -0.25396823653000000   0.60332688342370064
 -0.25296823653000000   0.60365825823136362
 -0.25196823653000000   0.60398612216386474
 -0.25096823653000000   0.60431339258068171
 -0.24996823653000000   0.60463983764612118
 -0.24896823653000000   0.60496181410276365
 -0.24796823653000000   0.60528172820635517
 -0.24696823653000000   0.60560018618358364
 -0.24596823653000000   0.60591837017380634
 -0.24496823653000000   0.60623465305827932
 -0.24396823653000000   0.60654796671429210
 -0.24296823653000000   0.60685910236882519
 -0.24196823653000000   0.60716855916717363
 -0.24096823653000000   0.60747634636232861
 -0.23996823653000000   0.60778246847951595
 -0.23896823653000000   0.60808694563965054
 -0.23796823653000000   0.60838980721464950
 -0.23696823653000000   0.60869103467691785
 -0.23596823653000000   0.60899061088402891
 -0.23496823653000000   0.60928854842500598
 -0.23396823653000000   0.60958488112163480
 -0.23296823653000000   0.60987962658537203
 -0.23196823653000000   0.61017276730028369
 -0.23096823653000000   0.61046430373939049
 -0.22996823653000000   0.61075424917002115
 -0.22896823653000000   0.61104254289708902
 -0.22796823653000000   0.61132857713293473
 -0.22696823653000000   0.61161195714670304
 -0.22596823653000000   0.61189420132976020
 -0.22496823653000000   0.61217607752827671
 -0.22396823653000000   0.61245653028064308
 -0.22296823653000000   0.61273511359629246
 -0.22196823653000000   0.61301003050843628
 -0.22096823653000000   0.61328445417131596
 -0.21996823653000000   0.61355864010722645
 -0.21896823653000000   0.61383072859748534
 -0.21796823653000000   0.61409877022047990
 -0.21696823653000000   0.61436788730816917
 -0.21596823653000000   0.61463559748222267
 -0.21496823653000000   0.61489874330646057
 -0.21396823653000000   0.61516319268067105
 -0.21296823653000000   0.61542561162367763
 -0.21196823653000000   0.61568440457435483
 -0.21096823653000000   0.61594460086381010
 -0.20996823653000000   0.61619996768363835
 -0.20896823653000000   0.61645660258133922
 -0.20796823653000000   0.61670975407715497
 -0.20696823653000000   0.61696247820909888
 -0.20596823653000000   0.61721292410268459
 -0.20496823653000000   0.61746224786857515
 -0.20396823653000000   0.61770929083604073
 -0.20296823653000000   0.61795592246917138
 -0.20196823653000000   0.61819911335325303
 -0.20096823653000000   0.61844350043177858
 -0.19996823653000000   0.61868323380138888
 -0.19896823653000000   0.61892418759682533
 -0.19796823653000000   0.61916173144769337
 -0.19696823653000000   0.61939729864828021
 -0.19596823653000000   0.61963395565387302
 -0.19496823653000000   0.61986637748936283
 -0.19396823653000000   0.62009745371030281
 -0.19296823653000000   0.62032933575591893
 -0.19196823653000000   0.62055746700795102
 -0.19096823653000000   0.62078369912518644
 -0.18996823653000000   0.62100973967948378
 -0.18896823653000000   0.62123489126047348
 -0.18796823653000000   0.62145678684331119
 -0.18696823653000000   0.62167704806241187
 -0.18596823653000000   0.62189613303475131
 -0.18496823653000000   0.62211491123544216
 -0.18396823653000000   0.62233195713139447
 -0.18296823653000000   0.62254651441969057
 -0.18196823653000000   0.62275934162653317
 -0.18096823653000000   0.62297070590905178
 -0.17996823653000000   0.62318057920520389
 -0.17896823653000000   0.62338906159975154
 -0.17796823653000000   0.62359622912284172
 -0.17696823653000000   0.62380202686100117
 -0.17596823653000000   0.62400634553280412
 -0.17496823653000000   0.62420910461159606
 -0.17396823653000000   0.62441027806534484
 -0.17296823653000000   0.62460989052325220
 -0.17196823653000000   0.62480811108956501
 -0.17096823653000000   0.62499870006062794
 -0.16996823653000000   0.62519800061449346
 -0.16896823653000000   0.62539170370011072
 -0.16796823653000000   0.62558387457547362
 -0.16696823653000000   0.62577465399209902
 -0.16596823653000000   0.62596395735492335
 -0.16496823653000000   0.62615177760473538
 -0.16396823653000000   0.62633810929266317
