 -0.34824104898000000 -578.21791632729818744
 -0.34724104898000000 -1012.91328452525278647
 -0.34624104898000000 -868.95351827031991626
 -0.34524104898000000 -12254.30188309867689878
 -0.34424104898000000 -2327.39928415893229841
 -0.34224104898000000 -1202.67466271719292670
 -0.34124104898000000 -1418.99959004752611846
 -0.33824104898000000 -163.45288808554910594
 -0.33724104898000000 -9322.47661584580621508
 -0.33624104898000000 -11559.65851548022344186
 -0.33524104898000000 -1083.59868135372357567
 -0.33424104898000000 -1667.12369768523154578
 -0.33224104898000000 -1432.87514900493576397
 -0.33124104898000000 -234.97972933855708469
 -0.33024104898000000 -4874.56936008178179875
 -0.32924104898000000 -419.37180003995853361
 -0.32824104898000000 -6574.06276941538309799
 -0.32724104898000000 -6001.58529631121062531
 -0.32624104898000000 -1220.34536615511058077
 -0.32524104898000000 -795.82509223792153846
 -0.32424104898000000 -3750.93173451223241899
 -0.32324104898000000 -158.68727566116748053
 -0.32224104898000000 -1503.27700048501870855
 -0.32124104898000000 -337.97688809878899466
 -0.31924104898000000 -208.52241907046012349
 -0.31824104898000000 -122.45197824807761909
 -0.31724104898000000 -3554.03268799330448768
 -0.31624104898000000 -143.30647115476184436
 -0.31524104898000000 -110.37380034830669800
 -0.31424104898000000 -276.84671220408009512
 -0.31324104898000000 -397.12137511540525081
 -0.31224104898000000 -248.54374784676065951
 -0.31124104898000000 -7035.49673865547356666
 -0.31024104898000000 -2641.60897237482275579
 -0.30924104898000000 -356.64852749763798159
 -0.30824104898000000 -576.44281754430419290
 -0.30724104898000000 -2608.74424844423343051
 -0.30624104898000000 -890.77580637252051338
 -0.30424104898000000 -12805.29967537685011081
 -0.30324104898000000   0.57142953931487976
 -0.30224104898000000   0.57143012275824562
 -0.30124104898000000   0.57142936772876832
 -0.29924104898000000 -727.40529653707167773
 -0.29824104898000000 -11195.10443366198954518
 -0.29724104898000000 -1121.07192131956285230
 -0.29624104898000000 -331.83642149989850464
 -0.29524104898000000 -38709.66918752299527640
 -0.29424104898000000 -259.56817051855854880
 -0.29324104898000000 -174.58507235923947366
 -0.29224104898000000 -27181.04276819040452295
 -0.29124104898000000 -4908.86846260016462740
 -0.29024104898000000 -131.04918691042142342
 -0.28924104898000000 -1715.63500251779834915
 -0.28824104898000000   0.59739648876746380
 -0.28724104898000000 -158.33183090501676112
 -0.28624104898000000   0.58332925469018057
 -0.28524104898000000   0.58332729236081547
 -0.28424104898000000 -662.20185132622839946
 -0.28324104898000000 -13658.10836966397558268
 -0.28224104898000000 -1774.62348639904332426
 -0.28124104898000000   0.58823027827290630
 -0.28024104898000000 -2754.16582078678988621
 -0.27924104898000000 -223.73174216093742056
 -0.27824104898000000 -140.12110907239818693
 -0.27724104898000000   0.59643446318158359
 -0.27624104898000000 -170.88485165482810116
 -0.27524104898000000 -8534.12268355210244142
 -0.27424104898000000 -332.12668323711987745
 -0.27324104898000000 -3421.50205018002695145
 -0.27224104898000000   0.60000588654493025
 -0.27124104898000000   0.59999995524899942
 -0.27024104898000000   0.59999561424560474
 -0.26924104898000000   0.60000292065694937
 -0.26824104898000000   0.59999624163230789
 -0.26724104898000000   0.59999917963511896
 -0.26624104898000000   0.60000351919727246
 -0.26524104898000000   0.59999696218052657
 -0.26424104898000000   0.59999718493033270
 -0.26324104898000000   0.60000037974509880
 -0.26224104898000000   0.59999763248103437
 -0.26124104898000000   0.59999774497443012
 -0.26024104898000000   0.60000146945049214
 -0.25924104898000000   0.59999817668295791
 -0.25824104898000000   0.59999833759921005
 -0.25724104898000000   0.59999962644319924
 -0.25624104898000000   0.60000047469060979
 -0.25524104898000000   0.60000093804947825
 -0.25424104898000000   0.60000032786565516
 -0.25324104898000000   0.60000068368632899
 -0.25224104898000000   0.59999982493239825
 -0.25124104898000000   0.60000015573764147
 -0.25024104898000000   0.59999980975658753
 -0.24924104898000000   0.59999997577223662
 -0.24824104898000000   0.60000014176275359
 -0.24724104898000000   0.59999982386995499
 -0.24624104898000000   0.59999999052876808
 -0.24524104898000000   0.59999954334854030
 -0.24424104898000000   0.60000059124644177
 -0.24324104898000000   0.60000094413780284
 -0.24224104898000000   0.60000069945333329
 -0.24124104898000000   0.59999883871394260
 -0.24024104898000000   0.60000076652069099
 -0.23924104898000000   0.59999852354185957
 -0.23824104898000000   0.60000092026702768
 -0.23724104898000000   0.60000181188884789
 -0.23624104898000000   0.60000102094612838
 -0.23524104898000000   0.59999784456658580
 -0.23424104898000000   0.60000196779685311
 -0.23324104898000000   0.59999732037773756
 -0.23224104898000000   0.59999907861521889
 -0.23124104898000000   0.59999926026096460
 -0.23024104898000000   0.59999417050442137
 -0.22924104898000000   0.60000152693044029
 -0.22824104898000000   0.60000649183472829
 -0.22724104898000000   0.59999505673430096
 -0.22624104898000000   0.59999473062517452
 -0.22524104898000000   0.60000768085616915
 -0.22424104898000000   0.59999465049589665
 -0.22324104898000000   0.60000773022235016
 -0.22224104898000000   0.60000825044450626
 -0.22124104898000000   0.60000735617297046
 -0.22024104898000000 -54.52768290041935625
 -0.21924104898000000 -204.36839754120974312
 -0.21824104898000000   0.60000265270677097
 -0.21724104898000000 -160.64339831829690920
 -0.21624104898000000 -2143.88834005309762221
 -0.21524104898000000 -362.83248134457440079
 -0.21424104898000000   0.60519188096074151
 -0.21324104898000000   0.60620953477292611
 -0.21224104898000000   0.60687622892230220
 -0.21124104898000000   0.60739639938152991
 -0.21024104898000000   0.60784677186368244
 -0.20924104898000000   0.60825615840783845
 -0.20824104898000000   0.60863384768305898
 -0.20724104898000000   0.60897209587739654
 -0.20624104898000000   0.60929494662442817
 -0.20524104898000000   0.60960385109494953
 -0.20424104898000000   0.60989715368363601
 -0.20324104898000000   0.61018149961935850
 -0.20224104898000000   0.61044651708169010
 -0.20124104898000000   0.61071087278982733
 -0.20024104898000000   0.61097049269934009
 -0.19924104898000000   0.61119129346740681
 -0.19824104898000000   0.61143560637897266
 -0.19724104898000000   0.61167191547550062
 -0.19624104898000000   0.61189317293797640
 -0.19524104898000000   0.61211163172870039
 -0.19424104898000000   0.61232297840532422
 -0.19324104898000000   0.61252875947320892
 -0.19224104898000000   0.61273082398643659
 -0.19124104898000000   0.61292821570772892
 -0.19024104898000000   0.61312235614761880
 -0.18924104898000000   0.61331172038133891
 -0.18824104898000000   0.61349527263934554
 -0.18724104898000000   0.61367789292822708
 -0.18624104898000000   0.61385072015977785
 -0.18524104898000000   0.61402313120640288
 -0.18424104898000000   0.61419246197562473
 -0.18324104898000000   0.61435945376840027
 -0.18224104898000000   0.61451959439161615
 -0.18124104898000000   0.61467992507117089
 -0.18024104898000000   0.61483117264550407
 -0.17924104898000000   0.61498608537199031
 -0.17824104898000000   0.61513325221916264
 -0.17724104898000000   0.61528753786158983
 -0.17624104898000000   0.61538449004472199
 -0.17524104898000000   0.61555070757326267
 -0.17424104898000000   0.61569031499616270
 -0.17324104898000000   0.61582400395894374
 -0.17224104898000000   0.61595713912317004
 -0.17124104898000000   0.61608499072014759
 -0.17024104898000000   0.61621002004932758
 -0.16924104898000000   0.61633040670079387
 -0.16824104898000000   0.61645142023453880
 -0.16724104898000000   0.61657111835913471
 -0.16624104898000000   0.61668433107483453
 -0.16524104898000000   0.61679514439498542
 -0.16424104898000000   0.61690537056064074
 -0.16324104898000000   0.61701288820154160
 -0.16224104898000000   0.61711722633301819
 -0.16124104898000000   0.61721906869778769
 -0.16024104898000000   0.61731886627567309
 -0.15924104898000000   0.61741660685373263
 -0.15824104898000000   0.61751180790720641
 -0.15724104898000000   0.61760395027655483
 -0.15624104898000000   0.61769360221614850
 -0.15524104898000000   0.61778304633594595
 -0.15424104898000000   0.61787023438962139
 -0.15324104898000000   0.61795202020343620
 -0.15224104898000000   0.61803229200494605
 -0.15124104898000000   0.61811390443726255
 -0.15024104898000000   0.61818964470715785
 -0.14924104898000000   0.61826730065792186
