 -0.36234788394000000 -227.06150482181911662
 -0.36134788394000000 -1340.53085322415230740
 -0.36034788394000000 -229.37731206937007908
 -0.35934788394000000 -524.64813891960198600
 -0.35834788394000000 -261.40007621619330316
 -0.35734788394000000 -5912.08799078960026563
 -0.35634788394000000 -77.24611001947398315
 -0.35534788394000000 -28598.66379879918512330
 -0.35434788394000000 -9132.11425249894749712
 -0.35334788394000000 -139.67936295808301332
 -0.35234788394000000 -258.02661078651275361
 -0.35034788394000000 -112.66710615254950385
 -0.34934788394000000 -79.67298534624233272
 -0.34834788394000000 -359.42703810894343333
 -0.34734788394000000 -297.49321165203222278
 -0.34634788394000000 -8207.90800984856188194
 -0.34534788394000000 -33.75737942065036345
 -0.34434788394000000 -648.27163053839206441
 -0.34334788394000000 -36556.65525564741378872
 -0.34234788394000000   0.54544713608361749
 -0.34034788394000000   0.54999787926076633
 -0.33934788394000000 -225.87363108150011332
 -0.33834788394000000   0.55555843165155199
 -0.33734788394000000   0.55555378144989166
 -0.33634788394000000   0.55555525169788410
 -0.33534788394000000   0.55555268490256625
 -0.33434788394000000 -591.77133605363428603
 -0.33334788394000000 -796.81267802648546206
 -0.33234788394000000   0.55999509859274776
 -0.33134788394000000   0.56155931111548977
 -0.33034788394000000   0.56249559403071098
 -0.32934788394000000   0.56346739167419597
 -0.32834788394000000   0.56486257867964232
 -0.32734788394000000   0.56591833060297413
 -0.32634788394000000   0.56723151736152757
 -0.32534788394000000   0.57144198571520960
 -0.32434788394000000   0.57143068447715542
 -0.32334788394000000   0.57143004077122654
 -0.32234788394000000   0.57143148684949301
 -0.32134788394000000   0.57143111755064331
 -0.32034788394000000   0.57143084010749397
 -0.31934788394000000   0.57142615058094163
 -0.31834788394000000   0.57142618234235671
 -0.31734788394000000   0.57142576271975464
 -0.31634788394000000   0.57142499284967849
 -0.31534788394000000   0.57142466773201265
 -0.31434788394000000   0.57142649014516335
 -0.31334788394000000   0.57142902177279183
 -0.31234788394000000   0.57491846297963308
 -0.31134788394000000   0.57598969210822633
 -0.31034788394000000   0.57692142313801426
 -0.30934788394000000   0.57765705096540390
 -0.30834788394000000   0.57841664455457326
 -0.30734788394000000   0.57894290246019128
 -0.30634788394000000   0.57978186134587068
 -0.30534788394000000   0.58046850366909466
 -0.30434788394000000   0.58112831543379310
 -0.30334788394000000   0.58180514967905031
 -0.30234788394000000   0.58253594191778220
 -0.30134788394000000   0.58333005877593621
 -0.30034788394000000   0.58333698280434441
 -0.29934788394000000   0.58333358756808689
 -0.29834788394000000   0.58459131584997877
 -0.29734788394000000   0.58522908474673856
 -0.29634788394000000   0.58582901377913519
 -0.29534788394000000   0.58641132691198073
 -0.29434788394000000   0.58698518454037932
 -0.29334788394000000   0.58756703746851263
 -0.29234788394000000   0.58823790246246882
 -0.29134788394000000   0.58863998452719056
 -0.29034788394000000   0.58921979794277374
 -0.28934788394000000   0.58977524908590895
 -0.28834788394000000   0.59033958195353762
 -0.28734788394000000   0.59091181047728172
 -0.28634788394000000   0.59145417038952030
 -0.28534788394000000   0.59202953084902273
 -0.28434788394000000   0.59258917432390012
 -0.28334788394000000   0.59320321475466378
 -0.28234788394000000   0.59383079372196048
 -0.28134788394000000   0.59450619501106585
 -0.28034788394000000   0.59527196620500395
 -0.27934788394000000   0.59634560583177973
 -0.27834788394000000   0.59999427376284198
 -0.27734788394000000   0.59999078485011354
 -0.27634788394000000   0.59999209905286966
 -0.27534788394000000   0.59999330427937241
 -0.27434788394000000   0.60000313548835867
 -0.27334788394000000   0.60000458817917030
 -0.27234788394000000   0.60000479537838471
 -0.27134788394000000   0.59999563014911880
 -0.27034788394000000   0.59999649681034861
 -0.26934788394000000   0.60000095066427856
 -0.26834788394000000   0.59999961331454692
 -0.26734788394000000   0.59999993140831000
 -0.26634788394000000   0.59999861189445095
 -0.26534788394000000   0.60000020436441832
 -0.26434788394000000   0.59999982643357445
 -0.26334788394000000   0.59999999999999984
 -0.26234788394000000   0.60000016971380513
 -0.26134788394000000   0.59999987681871546
 -0.26034788394000000   0.60000151759067760
 -0.25934788394000000   0.60000124120570409
 -0.25834788394000000   0.59999764764064193
 -0.25734788394000000   0.59999787251230081
 -0.25634788394000000   0.59999624206460118
 -0.25534788394000000   0.60000359113434963
 -0.25434788394000000   0.60000350541247710
 -0.25334788394000000   0.59999757483705275
 -0.25234788394000000   0.60000475353721172
 -0.25134788394000000   0.60000481905150038
 -0.25034788394000000   0.60000628702914978
 -0.24934788394000000   0.59999233345684115
 -0.24834788394000000   0.59999064240885493
 -0.24734788394000000   0.59999063215381663
 -0.24634788394000000   0.60312876085279139
 -0.24534788394000000   0.60414942689164141
 -0.24434788394000000   0.60479187214175707
 -0.24334788394000000   0.60532819825155583
 -0.24234788394000000   0.60580096761683180
 -0.24134788394000000   0.60623572810245610
 -0.24034788394000000   0.60664885854014762
 -0.23934788394000000   0.60704295996799216
 -0.23834788394000000   0.60742341526225193
 -0.23734788394000000   0.60779199405092477
 -0.23634788394000000   0.60814550067323042
 -0.23534788394000000   0.60849603349713102
 -0.23434788394000000   0.60883252281717731
 -0.23334788394000000   0.60917043486956970
 -0.23234788394000000   0.60949487163929748
 -0.23134788394000000   0.60981462042253350
 -0.23034788394000000   0.61012792308689440
 -0.22934788394000000   0.61043789523907986
 -0.22834788394000000   0.61074355496463564
 -0.22734788394000000   0.61104690224431976
 -0.22634788394000000   0.61133966259010942
 -0.22534788394000000   0.61163247554326939
 -0.22434788394000000   0.61192235239092883
 -0.22334788394000000   0.61220821507845802
 -0.22234788394000000   0.61249035108137875
 -0.22134788394000000   0.61276952387535145
 -0.22034788394000000   0.61303915390177015
 -0.21934788394000000   0.61331210668982172
 -0.21834788394000000   0.61358209581874414
 -0.21734788394000000   0.61384257068893046
 -0.21634788394000000   0.61410613155204530
 -0.21534788394000000   0.61436697462050302
 -0.21434788394000000   0.61461984908304809
 -0.21334788394000000   0.61487655803980324
 -0.21234788394000000   0.61512573583232137
 -0.21134788394000000   0.61538614557190514
 -0.21034788394000000   0.61560183681131343
 -0.20934788394000000   0.61584611398238562
 -0.20834788394000000   0.61608823216337643
 -0.20734788394000000   0.61632252944524502
 -0.20634788394000000   0.61655843834890086
 -0.20534788394000000   0.61678886269501003
 -0.20434788394000000   0.61701586613800740
 -0.20334788394000000   0.61723990385901554
 -0.20234788394000000   0.61746695384304674
 -0.20134788394000000   0.61768634790017533
 -0.20034788394000000   0.61790346003559338
 -0.19934788394000000   0.61811830682732745
 -0.19834788394000000   0.61833026338446408
 -0.19734788394000000   0.61854120975375457
 -0.19634788394000000   0.61875114281808701
 -0.19534788394000000   0.61895863372839715
 -0.19434788394000000   0.61916285294330622
 -0.19334788394000000   0.61936440362592002
 -0.19234788394000000   0.61956345483400185
 -0.19134788394000000   0.61975993224204884
 -0.19034788394000000   0.61995346791343019
 -0.18934788394000000   0.62014424921422310
 -0.18834788394000000   0.62033380610314747
 -0.18734788394000000   0.62052243724987080
 -0.18634788394000000   0.62070937810883850
 -0.18534788394000000   0.62089323394435841
 -0.18434788394000000   0.62107621399779965
 -0.18334788394000000   0.62125450232044432
 -0.18234788394000000   0.62142947858319233
 -0.18134788394000000   0.62160634195414904
 -0.18034788394000000   0.62178061578299243
 -0.17934788394000000   0.62195033482718870
 -0.17834788394000000   0.62211873096972151
 -0.17734788394000000   0.62228690856691133
 -0.17634788394000000   0.62245163362948496
 -0.17534788394000000   0.62261426958214032
 -0.17434788394000000   0.62277706719931648
 -0.17334788394000000   0.62293323806933140
 -0.17234788394000000   0.62309242495004556
 -0.17134788394000000   0.62324740614910863
 -0.17034788394000000   0.62340189886866072
 -0.16934788394000000   0.62355488045689048
 -0.16834788394000000   0.62370499786758172
 -0.16734788394000000   0.62385525990634860
 -0.16634788394000000   0.62400309701960574
 -0.16534788394000000   0.62415137896335981
 -0.16434788394000000   0.62430003035927975
 -0.16334788394000000   0.62445289209163985
