 -0.34052903360000000 -1576.91647440518618417
 -0.33952903360000000 -30597.33738891824727091
 -0.33852903360000000 -535.67897782418003799
 -0.33752903360000000 -195.77975827922401238
 -0.33652903360000000 -28081.42318699720892106
 -0.33552903360000000 -2858.84224482810265133
 -0.33452903360000000 -1166.04180000719428190
 -0.33352903360000000 -3567.29939184947899822
 -0.33252903360000000 -591.78769734507645789
 -0.33052903360000000 -236.54952055660634518
 -0.32952903360000000 -13766.53999500326124483
 -0.32852903360000000 -379.09953471187121063
 -0.32752903360000000 -1175.82699968625973885
 -0.32652903360000000 -18246.17412653819403623
 -0.32552903360000000 -5780.16963733043871398
 -0.32352903360000000 -2981.25908072850034891
 -0.32252903360000000 -13512.20190624847512417
 -0.32152903360000000 -511.15948303107889994
 -0.32052903360000000 -898.35680503369792471
 -0.31852903360000000 -4939.69777022603490080
 -0.31752903360000000 -2797.77595098046784527
 -0.31652903360000000 -1545.70776987936097080
 -0.31552903360000000 -350.26918069197609465
 -0.31452903360000000 -30115.89961542660680927
 -0.31252903360000000 -1323.77602430837645420
 -0.31152903360000000 -342.88229135058337896
 -0.31052903360000000 -517.90741558714852627
 -0.30952903360000000 -7442.97183867908818922
 -0.30752903360000000 -40.65126145171324417
 -0.30652903360000000 -840.98033291879397633
 -0.30552903360000000 -239.75773454346054847
 -0.30452903360000000 -14100.78795820163010877
 -0.30352903360000000 -642.31335422352854220
 -0.30252903360000000 -360.19640047349494175
 -0.30152903360000000 -935.22286616909267309
 -0.30052903360000000 -12777.19498614852821472
 -0.29952903360000000 -163.14242840414269614
 -0.29852903360000000 -7994.19331200520009428
 -0.29752903360000000 -5303.56148019923086778
 -0.29652903360000000 -3660.75651102464165332
 -0.29552903360000000 -325.24666071234022230
 -0.29452903360000000 -8813.52120388199304646
 -0.29352903360000000 -1474.94664133588006283
 -0.29252903360000000 -1110.60562997034456167
 -0.29152903360000000 -5010.33220635908638352
 -0.29052903360000000 -1202.65508423792956705
 -0.28852903360000000 -4840.97265183910701802
 -0.28652903360000000 -380.02113117545117063
 -0.28552903360000000 -131.18261216491594598
 -0.28352903360000000 -456.92907455060641606
 -0.28252903360000000 -10285.06485105066214025
 -0.28152903360000000 -3573.55999872353404756
 -0.28052903360000000 -1170.82051705490242532
 -0.27952903360000000 -830.44822886148420538
 -0.27852903360000000 -93.65587151202447180
 -0.27752903360000000 -49743.47928622143777488
 -0.27652903360000000 -2871.72471449657290865
 -0.27552903360000000 -749.22578746262248106
 -0.27452903360000000 -1730.96576353622972455
 -0.27352903360000000 -1009.43157353961951700
 -0.27252903360000000 -938.42931152332826356
 -0.27152903360000000 -3692.64305333074962712
 -0.27052903360000000 -3438.38174840082360673
 -0.26952903360000000 -1441.13653462646824754
 -0.26852903360000000 -3705.87811404525864267
 -0.26752903360000000 -735.85562376669645851
 -0.26652903360000000 -1036.44451744741173371
 -0.26552903360000000 -54765.04620934978011348
 -0.26452903360000000   0.59999694928132096
 -0.26352903360000000   0.60000249393470220
 -0.26252903360000000   0.60000303889891353
 -0.26152903360000000   0.60000320233144224
 -0.26052903360000000   0.59999938026750836
 -0.25952903360000000   0.59999940155757352
 -0.25852903360000000   0.60000179354264004
 -0.25752903360000000   0.59999718971453264
 -0.25652903360000000   0.59999804562835479
 -0.25552903360000000   0.59999755458103566
 -0.25452903360000000   0.60000134000493975
 -0.25352903360000000   0.59999789369266535
 -0.25252903360000000   0.59999832210579547
 -0.25152903360000000   0.59999825368317022
 -0.25052903360000000   0.60000090983870025
 -0.24952903360000000   0.59999857443280674
 -0.24852903360000000   0.59999988051817066
 -0.24752903360000000   0.60000011041749121
 -0.24652903360000000   0.59999943567760659
 -0.24552903360000000   0.59999929576831003
 -0.24452903360000000   0.60000011262536360
 -0.24352903360000000   0.59999967431190040
 -0.24252903360000000   0.59999958652139776
 -0.24152903360000000   0.59999973376115590
 -0.24052903360000000   0.59999988081692148
 -0.23952903360000000   0.59999980923605533
 -0.23852903360000000   0.59999932548512888
 -0.23752903360000000   0.60000030833332331
 -0.23652903360000000   0.59999927289344368
 -0.23552903360000000   0.59999912750123973
 -0.23452903360000000   0.59999978207380703
 -0.23352903360000000   0.59999987174951541
 -0.23252903360000000   0.59999905300882147
 -0.23152903360000000   0.59999849053777583
 -0.23052903360000000   0.60000126096610057
 -0.22952903360000000   0.59999831051493468
 -0.22852903360000000   0.60000163174701718
 -0.22752903360000000   0.59999989948607434
 -0.22652903360000000   0.59999828110340054
 -0.22552903360000000   0.59999822304769169
 -0.22452903360000000   0.60000030685495001
 -0.22352903360000000   0.60000180999514887
 -0.22252903360000000   0.59999777134687572
 -0.22152903360000000   0.59999710261328167
 -0.22052903360000000   0.60000204934948367
 -0.21952903360000000   0.59999888336105861
 -0.21852903360000000   0.59999910697513473
 -0.21752903360000000   0.59999896952685284
 -0.21652903360000000   0.59999624553863301
 -0.21552903360000000   0.60000539779687063
 -0.21452903360000000   0.60000399977622651
 -0.21352903360000000   0.60000299896796905
 -0.21252903360000000   0.60000324394678739
 -0.21152903360000000   0.59999578712569688
 -0.21052903360000000 -2367.95562290308276521
 -0.20852903360000000 -485.33518366971767680
 -0.20752903360000000 -1802.43380790110184075
 -0.20652903360000000 -195.99360904293341903
 -0.20452903360000000 -257.58474282398802413
 -0.20352903360000000 -138.39991016164334069
 -0.20252903360000000 -7172.55366292824893026
 -0.20152903360000000 -2067.88140688587088700
 -0.20052903360000000 -4234.79633168525565567
 -0.19952903360000000 -3769.42860451298424485
 -0.19852903360000000 -3030.14106850641167190
 -0.19752903360000000   0.60579114090282840
 -0.19652903360000000   0.60657601373100112
 -0.19552903360000000   0.60710395023575093
 -0.19452903360000000   0.60757113889579714
 -0.19352903360000000   0.60794531513834576
 -0.19252903360000000   0.60828953248334707
 -0.19152903360000000   0.60859120868500166
 -0.19052903360000000   0.60889751082935108
 -0.18952903360000000   0.60916684223900272
 -0.18852903360000000   0.60941644298617175
 -0.18752903360000000   0.60965483073886012
 -0.18652903360000000   0.60988551652758419
 -0.18552903360000000   0.61010124572403422
 -0.18452903360000000   0.61030939051458343
 -0.18352903360000000   0.61050923222210153
 -0.18252903360000000   0.61070073559151401
 -0.18152903360000000   0.61088446159270154
 -0.18052903360000000   0.61104098718568670
 -0.17952903360000000   0.61126555780115341
 -0.17852903360000000   0.61142275255251243
 -0.17752903360000000   0.61158500758102567
 -0.17652903360000000   0.61173785716632379
 -0.17552903360000000   0.61189178982443121
 -0.17452903360000000   0.61203834899553362
 -0.17352903360000000   0.61218565544805501
 -0.17252903360000000   0.61232366252265013
 -0.17152903360000000   0.61246237071199211
 -0.17052903360000000   0.61259150027418593
 -0.16952903360000000   0.61272086603259083
 -0.16852903360000000   0.61284274792658445
 -0.16752903360000000   0.61296891765236953
 -0.16652903360000000   0.61308513507144117
 -0.16552903360000000   0.61319819886890323
 -0.16452903360000000   0.61331048890558817
 -0.16352903360000000   0.61341884837020256
 -0.16252903360000000   0.61352281591309751
 -0.16152903360000000   0.61362437642452113
 -0.16052903360000000   0.61372365955536740
 -0.15952903360000000   0.61382071744486757
 -0.15852903360000000   0.61391470605485134
 -0.15752903360000000   0.61400423782097068
 -0.15652903360000000   0.61409111120434647
 -0.15552903360000000   0.61417849294007211
 -0.15452903360000000   0.61426139265737670
 -0.15352903360000000   0.61433758201589759
 -0.15252903360000000   0.61441776794614247
 -0.15152903360000000   0.61449056142067402
 -0.15052903360000000   0.61456593267148776
 -0.14952903360000000   0.61463220790343112
 -0.14852903360000000   0.61470026532969786
 -0.14752903360000000   0.61476763128156290
 -0.14652903360000000   0.61482703944116507
 -0.14552903360000000   0.61488721310842417
 -0.14452903360000000   0.61494306924777866
 -0.14352903360000000   0.61499936731282619
 -0.14252903360000000   0.61505178682798212
 -0.14152903360000000   0.61509988924229405
