 -0.36021563189000000 -105.22966348200945854
 -0.35921563189000000 -373.42133144512013193
 -0.35821563189000000 -493.59018499114780393
 -0.35721563189000000 -914.26290022524500201
 -0.35521563189000000 -134.33906971393151103
 -0.35421563189000000 -8419.21396007438025144
 -0.35321563189000000 -1603.96976686606365292
 -0.35221563189000000 -260.20484532338505265
 -0.35121563189000000 -101.34565114409862851
 -0.35021563189000000 -132.41175243836923549
 -0.34921563189000000 -172.28429723972470433
 -0.34821563189000000 -1027.01896563461469813
 -0.34721563189000000 -1016.55756265744564315
 -0.34621563189000000 -1829.54908346437608491
 -0.34521563189000000 -6499.60597184002228177
 -0.34421563189000000 -2558.48321492875828653
 -0.34321563189000000 -1205.54997298374137071
 -0.34221563189000000 -267.89078683460769609
 -0.34121563189000000 -248.52674932849536961
 -0.34021563189000000 -149.50581837699119493
 -0.33921563189000000 -327.64215691769729510
 -0.33821563189000000 -65.57308343077105944
 -0.33721563189000000 -1705.42010799262566345
 -0.33621563189000000 -411.16273920572084191
 -0.33521563189000000 -298.60026938277810318
 -0.33421563189000000 -2663.65772037808779760
 -0.33321563189000000 -78.14505939875256338
 -0.33221563189000000   0.55555228943007625
 -0.33121563189000000   0.55555599974487681
 -0.33021563189000000   0.55555336894869216
 -0.32921563189000000 -90.82422806225206024
 -0.32821563189000000 -17463.96556560662236635
 -0.32721563189000000 -133.77062593092374028
 -0.32621563189000000   0.56249512989804956
 -0.32521563189000000   0.56249456434740126
 -0.32421563189000000 -17322.76080565517667509
 -0.32321563189000000 -1595.92068740391138448
 -0.32221563189000000 -426.48548575818794298
 -0.32121563189000000   0.57142840833766266
 -0.32021563189000000   0.57143255116099560
 -0.31921563189000000   0.57143162885540904
 -0.31821563189000000   0.57143217036085183
 -0.31721563189000000   0.57143077571988557
 -0.31621563189000000   0.57143104933942271
 -0.31521563189000000   0.57143126730528211
 -0.31421563189000000   0.57143065553669252
 -0.31321563189000000   0.57143025214772570
 -0.31221563189000000   0.57143059774802677
 -0.31121563189000000   0.57143010244897136
 -0.31021563189000000   0.57142940666405885
 -0.30921563189000000   0.57142309697558107
 -0.30821563189000000 -495.12246671943608670
 -0.30721563189000000   0.57592555454770572
 -0.30621563189000000   0.57691995008586336
 -0.30521563189000000   0.57813474821334413
 -0.30421563189000000   0.57894383046987604
 -0.30321563189000000   0.57968918065056291
 -0.30221563189000000   0.58056383597780041
 -0.30121563189000000   0.58132914203057780
 -0.30021563189000000   0.58222600394608589
 -0.29921563189000000   0.58332982910931781
 -0.29821563189000000   0.58332890224480318
 -0.29721563189000000   0.58332887656857756
 -0.29621563189000000   0.58333143007325854
 -0.29521563189000000   0.58490379449519660
 -0.29421563189000000   0.58563971351746109
 -0.29321563189000000   0.58628425124255502
 -0.29221563189000000   0.58695574131570485
 -0.29121563189000000   0.58765065931038156
 -0.29021563189000000   0.58823765253114497
 -0.28921563189000000   0.58872347743598541
 -0.28821563189000000   0.58940071768291063
 -0.28721563189000000   0.59004400270415500
 -0.28621563189000000   0.59072826967355169
 -0.28521563189000000   0.59127781108343651
 -0.28421563189000000   0.59195743827428339
 -0.28321563189000000   0.59258968390688987
 -0.28221563189000000   0.59336691322689494
 -0.28121563189000000   0.59417342465904277
 -0.28021563189000000   0.59523747191412577
 -0.27921563189000000   0.60000172400076983
 -0.27821563189000000   0.59999276165133420
 -0.27721563189000000   0.59999171188569371
 -0.27621563189000000   0.60000104299529602
 -0.27521563189000000   0.60000349948827654
 -0.27421563189000000   0.59999646053944212
 -0.27321563189000000   0.59999934145778635
 -0.27221563189000000   0.59999783549572926
 -0.27121563189000000   0.60000184561150272
 -0.27021563189000000   0.59999560777085495
 -0.26921563189000000   0.59999769678241905
 -0.26821563189000000   0.59999974701750604
 -0.26721563189000000   0.59999980752715951
 -0.26621563189000000   0.59999821056252748
 -0.26521563189000000   0.59999932875451639
 -0.26421563189000000   0.59999947161166570
 -0.26321563189000000   0.59999928333424704
 -0.26221563189000000   0.60000014654333556
 -0.26121563189000000   0.60000000000000227
 -0.26021563189000000   0.59999984881497758
 -0.25921563189000000   0.60000074112360713
 -0.25821563189000000   0.60000020280062064
 -0.25721563189000000   0.59999958731513520
 -0.25621563189000000   0.60000213596678172
 -0.25521563189000000   0.59999748064934762
 -0.25421563189000000   0.60000039800191048
 -0.25321563189000000   0.59999808089304175
 -0.25221563189000000   0.60000078683437812
 -0.25121563189000000   0.59999572825300416
 -0.25021563189000000   0.60000103511989568
 -0.24921563189000000   0.59999487144358719
 -0.24821563189000000   0.59999462365934818
 -0.24721563189000000   0.59999471364272194
 -0.24621563189000000   0.60000721370715026
 -0.24521563189000000   0.59999191508613620
 -0.24421563189000000   0.59999121750121123
 -0.24321563189000000   0.59999454411759704
 -0.24221563189000000   0.59999511555932255
 -0.24121563189000000   0.60001005745594621
 -0.24021563189000000   0.60436486658692583
 -0.23921563189000000   0.60513602300299632
 -0.23821563189000000   0.60572806540784695
 -0.23721563189000000   0.60623350038577846
 -0.23621563189000000   0.60669120537467237
 -0.23521563189000000   0.60712484318192196
 -0.23421563189000000   0.60752589015002157
 -0.23321563189000000   0.60790782131470791
 -0.23221563189000000   0.60828058051040683
 -0.23121563189000000   0.60863354791688894
 -0.23021563189000000   0.60898338635329839
 -0.22921563189000000   0.60931760843049456
 -0.22821563189000000   0.60964417408434696
 -0.22721563189000000   0.60997070445244152
 -0.22621563189000000   0.61028502010028504
 -0.22521563189000000   0.61059189326552441
 -0.22421563189000000   0.61089538478384890
 -0.22321563189000000   0.61118525778529222
 -0.22221563189000000   0.61148290951762960
 -0.22121563189000000   0.61177073014331900
 -0.22021563189000000   0.61204945416029330
 -0.21921563189000000   0.61232703897957665
 -0.21821563189000000   0.61260335884413813
 -0.21721563189000000   0.61287574532781583
 -0.21621563189000000   0.61313691755600601
 -0.21521563189000000   0.61340189705322047
 -0.21421563189000000   0.61366235984342635
 -0.21321563189000000   0.61391558415945018
 -0.21221563189000000   0.61417031583524700
 -0.21121563189000000   0.61441645888907869
 -0.21021563189000000   0.61466514330290737
 -0.20921563189000000   0.61490718373016101
 -0.20821563189000000   0.61515469366892841
 -0.20721563189000000   0.61538587401314876
 -0.20621563189000000   0.61558747186759521
 -0.20521563189000000   0.61582461654260369
 -0.20421563189000000   0.61605633874480555
 -0.20321563189000000   0.61628232431147375
 -0.20221563189000000   0.61650221780470294
 -0.20121563189000000   0.61671979104292278
 -0.20021563189000000   0.61693399276917791
 -0.19921563189000000   0.61714780539750394
 -0.19821563189000000   0.61736048452493358
 -0.19721563189000000   0.61756845979113966
 -0.19621563189000000   0.61777307161532378
 -0.19521563189000000   0.61797503492846559
 -0.19421563189000000   0.61817450979481123
 -0.19321563189000000   0.61837151130723958
 -0.19221563189000000   0.61856585975867580
 -0.19121563189000000   0.61875663001870351
 -0.19021563189000000   0.61894365764695449
 -0.18921563189000000   0.61913026253923106
 -0.18821563189000000   0.61931648301392690
 -0.18721563189000000   0.61949917713452691
 -0.18621563189000000   0.61968050697225354
 -0.18521563189000000   0.61985778053765422
 -0.18421563189000000   0.62003004740117715
 -0.18321563189000000   0.62020489156463737
 -0.18221563189000000   0.62037718404552539
 -0.18121563189000000   0.62054238722485457
 -0.18021563189000000   0.62071017109837138
 -0.17921563189000000   0.62087579531814657
 -0.17821563189000000   0.62103400519689762
 -0.17721563189000000   0.62119545706982093
 -0.17621563189000000   0.62135330427336326
 -0.17521563189000000   0.62150828658321067
 -0.17421563189000000   0.62166310833964107
 -0.17321563189000000   0.62181240178671449
 -0.17221563189000000   0.62196311713194020
 -0.17121563189000000   0.62210839753778949
 -0.17021563189000000   0.62225365850951466
 -0.16921563189000000   0.62239590221092711
 -0.16821563189000000   0.62253503969809596
 -0.16721563189000000   0.62267695137197521
 -0.16621563189000000   0.62281251994227803
 -0.16521563189000000   0.62294675745843677
 -0.16421563189000000   0.62308133618818620
 -0.16321563189000000   0.62321177864101319
 -0.16221563189000000   0.62333963631170351
 -0.16121563189000000   0.62347033850770122
